PING fd00::212:7406:6:606(fd00::212:7406:6:606) 56 data bytes
64 bytes from fd00::212:7406:6:606: icmp_seq=1 ttl=62 time=463 ms
64 bytes from fd00::212:7406:6:606: icmp_seq=2 ttl=62 time=296 ms
64 bytes from fd00::212:7406:6:606: icmp_seq=5 ttl=62 time=360 ms
64 bytes from fd00::212:7406:6:606: icmp_seq=12 ttl=62 time=246 ms
64 bytes from fd00::212:7406:6:606: icmp_seq=13 ttl=62 time=312 ms
64 bytes from fd00::212:7406:6:606: icmp_seq=15 ttl=62 time=257 ms
64 bytes from fd00::212:7406:6:606: icmp_seq=16 ttl=62 time=651 ms
64 bytes from fd00::212:7406:6:606: icmp_seq=17 ttl=62 time=224 ms
64 bytes from fd00::212:7406:6:606: icmp_seq=18 ttl=62 time=296 ms
64 bytes from fd00::212:7406:6:606: icmp_seq=19 ttl=62 time=258 ms
64 bytes from fd00::212:7406:6:606: icmp_seq=20 ttl=62 time=307 ms
64 bytes from fd00::212:7406:6:606: icmp_seq=21 ttl=62 time=270 ms
64 bytes from fd00::212:7406:6:606: icmp_seq=22 ttl=62 time=326 ms
64 bytes from fd00::212:7406:6:606: icmp_seq=23 ttl=62 time=718 ms
64 bytes from fd00::212:7406:6:606: icmp_seq=24 ttl=62 time=331 ms
64 bytes from fd00::212:7406:6:606: icmp_seq=25 ttl=62 time=393 ms
64 bytes from fd00::212:7406:6:606: icmp_seq=26 ttl=62 time=299 ms
64 bytes from fd00::212:7406:6:606: icmp_seq=27 ttl=62 time=224 ms
64 bytes from fd00::212:7406:6:606: icmp_seq=28 ttl=62 time=378 ms
64 bytes from fd00::212:7406:6:606: icmp_seq=29 ttl=62 time=253 ms
64 bytes from fd00::212:7406:6:606: icmp_seq=30 ttl=62 time=351 ms
64 bytes from fd00::212:7406:6:606: icmp_seq=31 ttl=62 time=442 ms
64 bytes from fd00::212:7406:6:606: icmp_seq=32 ttl=62 time=268 ms
64 bytes from fd00::212:7406:6:606: icmp_seq=33 ttl=62 time=295 ms
64 bytes from fd00::212:7406:6:606: icmp_seq=34 ttl=62 time=483 ms
64 bytes from fd00::212:7406:6:606: icmp_seq=35 ttl=62 time=260 ms
64 bytes from fd00::212:7406:6:606: icmp_seq=36 ttl=62 time=434 ms
64 bytes from fd00::212:7406:6:606: icmp_seq=37 ttl=62 time=388 ms
64 bytes from fd00::212:7406:6:606: icmp_seq=38 ttl=62 time=788 ms
64 bytes from fd00::212:7406:6:606: icmp_seq=39 ttl=62 time=366 ms
64 bytes from fd00::212:7406:6:606: icmp_seq=40 ttl=62 time=375 ms
64 bytes from fd00::212:7406:6:606: icmp_seq=41 ttl=62 time=442 ms
64 bytes from fd00::212:7406:6:606: icmp_seq=42 ttl=62 time=790 ms
64 bytes from fd00::212:7406:6:606: icmp_seq=43 ttl=62 time=362 ms
64 bytes from fd00::212:7406:6:606: icmp_seq=44 ttl=62 time=320 ms
64 bytes from fd00::212:7406:6:606: icmp_seq=45 ttl=62 time=330 ms
64 bytes from fd00::212:7406:6:606: icmp_seq=46 ttl=62 time=358 ms
64 bytes from fd00::212:7406:6:606: icmp_seq=47 ttl=62 time=260 ms
64 bytes from fd00::212:7406:6:606: icmp_seq=48 ttl=62 time=338 ms
64 bytes from fd00::212:7406:6:606: icmp_seq=49 ttl=62 time=360 ms
64 bytes from fd00::212:7406:6:606: icmp_seq=50 ttl=62 time=475 ms
64 bytes from fd00::212:7406:6:606: icmp_seq=52 ttl=62 time=262 ms
64 bytes from fd00::212:7406:6:606: icmp_seq=53 ttl=62 time=442 ms
64 bytes from fd00::212:7406:6:606: icmp_seq=54 ttl=62 time=207 ms
64 bytes from fd00::212:7406:6:606: icmp_seq=55 ttl=62 time=402 ms
64 bytes from fd00::212:7406:6:606: icmp_seq=56 ttl=62 time=217 ms
64 bytes from fd00::212:7406:6:606: icmp_seq=57 ttl=62 time=147 ms
64 bytes from fd00::212:7406:6:606: icmp_seq=59 ttl=62 time=414 ms
64 bytes from fd00::212:7406:6:606: icmp_seq=60 ttl=62 time=682 ms
64 bytes from fd00::212:7406:6:606: icmp_seq=61 ttl=62 time=495 ms
64 bytes from fd00::212:7406:6:606: icmp_seq=62 ttl=62 time=798 ms
64 bytes from fd00::212:7406:6:606: icmp_seq=63 ttl=62 time=615 ms
64 bytes from fd00::212:7406:6:606: icmp_seq=64 ttl=62 time=341 ms
64 bytes from fd00::212:7406:6:606: icmp_seq=65 ttl=62 time=725 ms
64 bytes from fd00::212:7406:6:606: icmp_seq=66 ttl=62 time=346 ms
64 bytes from fd00::212:7406:6:606: icmp_seq=67 ttl=62 time=179 ms
64 bytes from fd00::212:7406:6:606: icmp_seq=68 ttl=62 time=362 ms
64 bytes from fd00::212:7406:6:606: icmp_seq=69 ttl=62 time=212 ms
64 bytes from fd00::212:7406:6:606: icmp_seq=70 ttl=62 time=438 ms
64 bytes from fd00::212:7406:6:606: icmp_seq=71 ttl=62 time=325 ms
64 bytes from fd00::212:7406:6:606: icmp_seq=72 ttl=62 time=457 ms
64 bytes from fd00::212:7406:6:606: icmp_seq=73 ttl=62 time=638 ms
64 bytes from fd00::212:7406:6:606: icmp_seq=74 ttl=62 time=608 ms
64 bytes from fd00::212:7406:6:606: icmp_seq=75 ttl=62 time=359 ms
64 bytes from fd00::212:7406:6:606: icmp_seq=76 ttl=62 time=370 ms
64 bytes from fd00::212:7406:6:606: icmp_seq=77 ttl=62 time=403 ms
64 bytes from fd00::212:7406:6:606: icmp_seq=78 ttl=62 time=366 ms
64 bytes from fd00::212:7406:6:606: icmp_seq=79 ttl=62 time=299 ms
64 bytes from fd00::212:7406:6:606: icmp_seq=80 ttl=62 time=377 ms
64 bytes from fd00::212:7406:6:606: icmp_seq=81 ttl=62 time=387 ms
64 bytes from fd00::212:7406:6:606: icmp_seq=82 ttl=62 time=319 ms
64 bytes from fd00::212:7406:6:606: icmp_seq=83 ttl=62 time=724 ms
64 bytes from fd00::212:7406:6:606: icmp_seq=85 ttl=62 time=250 ms
64 bytes from fd00::212:7406:6:606: icmp_seq=86 ttl=62 time=287 ms
64 bytes from fd00::212:7406:6:606: icmp_seq=87 ttl=62 time=112 ms
64 bytes from fd00::212:7406:6:606: icmp_seq=88 ttl=62 time=242 ms
64 bytes from fd00::212:7406:6:606: icmp_seq=89 ttl=62 time=197 ms
64 bytes from fd00::212:7406:6:606: icmp_seq=90 ttl=62 time=244 ms
64 bytes from fd00::212:7406:6:606: icmp_seq=91 ttl=62 time=187 ms
64 bytes from fd00::212:7406:6:606: icmp_seq=92 ttl=62 time=234 ms
64 bytes from fd00::212:7406:6:606: icmp_seq=93 ttl=62 time=153 ms
64 bytes from fd00::212:7406:6:606: icmp_seq=94 ttl=62 time=137 ms
64 bytes from fd00::212:7406:6:606: icmp_seq=95 ttl=62 time=138 ms
64 bytes from fd00::212:7406:6:606: icmp_seq=96 ttl=62 time=159 ms
64 bytes from fd00::212:7406:6:606: icmp_seq=97 ttl=62 time=140 ms
64 bytes from fd00::212:7406:6:606: icmp_seq=98 ttl=62 time=158 ms
64 bytes from fd00::212:7406:6:606: icmp_seq=99 ttl=62 time=155 ms
64 bytes from fd00::212:7406:6:606: icmp_seq=100 ttl=62 time=187 ms

--- fd00::212:7406:6:606 ping statistics ---
100 packets transmitted, 88 received, 12% packet loss, time 496990ms
rtt min/avg/max/mdev = 112.501/355.533/798.025/160.943 ms
