PING fd00::212:7408:8:808(fd00::212:7408:8:808) 56 data bytes
64 bytes from fd00::212:7408:8:808: icmp_seq=1 ttl=60 time=446 ms
64 bytes from fd00::212:7408:8:808: icmp_seq=2 ttl=60 time=340 ms
64 bytes from fd00::212:7408:8:808: icmp_seq=3 ttl=60 time=225 ms
64 bytes from fd00::212:7408:8:808: icmp_seq=7 ttl=60 time=287 ms
64 bytes from fd00::212:7408:8:808: icmp_seq=13 ttl=60 time=284 ms
64 bytes from fd00::212:7408:8:808: icmp_seq=14 ttl=60 time=237 ms
64 bytes from fd00::212:7408:8:808: icmp_seq=20 ttl=60 time=261 ms
64 bytes from fd00::212:7408:8:808: icmp_seq=22 ttl=60 time=972 ms
64 bytes from fd00::212:7408:8:808: icmp_seq=23 ttl=60 time=276 ms
64 bytes from fd00::212:7408:8:808: icmp_seq=24 ttl=60 time=350 ms
64 bytes from fd00::212:7408:8:808: icmp_seq=25 ttl=60 time=299 ms
64 bytes from fd00::212:7408:8:808: icmp_seq=26 ttl=60 time=354 ms
64 bytes from fd00::212:7408:8:808: icmp_seq=27 ttl=60 time=254 ms
64 bytes from fd00::212:7408:8:808: icmp_seq=29 ttl=60 time=272 ms
64 bytes from fd00::212:7408:8:808: icmp_seq=30 ttl=60 time=738 ms
64 bytes from fd00::212:7408:8:808: icmp_seq=31 ttl=60 time=222 ms
64 bytes from fd00::212:7408:8:808: icmp_seq=33 ttl=60 time=504 ms
64 bytes from fd00::212:7408:8:808: icmp_seq=39 ttl=60 time=587 ms
64 bytes from fd00::212:7408:8:808: icmp_seq=41 ttl=60 time=1000 ms
64 bytes from fd00::212:7408:8:808: icmp_seq=42 ttl=60 time=337 ms
64 bytes from fd00::212:7408:8:808: icmp_seq=44 ttl=60 time=706 ms
64 bytes from fd00::212:7408:8:808: icmp_seq=45 ttl=60 time=240 ms
64 bytes from fd00::212:7408:8:808: icmp_seq=46 ttl=60 time=794 ms
64 bytes from fd00::212:7408:8:808: icmp_seq=47 ttl=60 time=672 ms
64 bytes from fd00::212:7408:8:808: icmp_seq=48 ttl=60 time=855 ms
64 bytes from fd00::212:7408:8:808: icmp_seq=49 ttl=60 time=1091 ms
64 bytes from fd00::212:7408:8:808: icmp_seq=57 ttl=60 time=611 ms
64 bytes from fd00::212:7408:8:808: icmp_seq=58 ttl=60 time=479 ms
64 bytes from fd00::212:7408:8:808: icmp_seq=59 ttl=60 time=1056 ms
64 bytes from fd00::212:7408:8:808: icmp_seq=69 ttl=60 time=587 ms
64 bytes from fd00::212:7408:8:808: icmp_seq=71 ttl=60 time=267 ms
64 bytes from fd00::212:7408:8:808: icmp_seq=72 ttl=60 time=613 ms
64 bytes from fd00::212:7408:8:808: icmp_seq=73 ttl=60 time=412 ms
64 bytes from fd00::212:7408:8:808: icmp_seq=74 ttl=60 time=555 ms
64 bytes from fd00::212:7408:8:808: icmp_seq=75 ttl=60 time=323 ms
64 bytes from fd00::212:7408:8:808: icmp_seq=76 ttl=60 time=453 ms
64 bytes from fd00::212:7408:8:808: icmp_seq=77 ttl=60 time=423 ms
64 bytes from fd00::212:7408:8:808: icmp_seq=78 ttl=60 time=403 ms
64 bytes from fd00::212:7408:8:808: icmp_seq=79 ttl=60 time=304 ms
64 bytes from fd00::212:7408:8:808: icmp_seq=80 ttl=60 time=611 ms
64 bytes from fd00::212:7408:8:808: icmp_seq=82 ttl=60 time=606 ms
64 bytes from fd00::212:7408:8:808: icmp_seq=83 ttl=60 time=493 ms
64 bytes from fd00::212:7408:8:808: icmp_seq=84 ttl=60 time=756 ms
64 bytes from fd00::212:7408:8:808: icmp_seq=85 ttl=60 time=415 ms
64 bytes from fd00::212:7408:8:808: icmp_seq=86 ttl=60 time=435 ms
64 bytes from fd00::212:7408:8:808: icmp_seq=87 ttl=60 time=434 ms
64 bytes from fd00::212:7408:8:808: icmp_seq=88 ttl=60 time=342 ms
64 bytes from fd00::212:7408:8:808: icmp_seq=89 ttl=60 time=447 ms
64 bytes from fd00::212:7408:8:808: icmp_seq=90 ttl=60 time=503 ms
64 bytes from fd00::212:7408:8:808: icmp_seq=91 ttl=60 time=756 ms
64 bytes from fd00::212:7408:8:808: icmp_seq=92 ttl=60 time=350 ms
64 bytes from fd00::212:7408:8:808: icmp_seq=93 ttl=60 time=382 ms
64 bytes from fd00::212:7408:8:808: icmp_seq=94 ttl=60 time=544 ms
64 bytes from fd00::212:7408:8:808: icmp_seq=95 ttl=60 time=444 ms
64 bytes from fd00::212:7408:8:808: icmp_seq=96 ttl=60 time=529 ms
64 bytes from fd00::212:7408:8:808: icmp_seq=97 ttl=60 time=788 ms
64 bytes from fd00::212:7408:8:808: icmp_seq=98 ttl=60 time=374 ms
64 bytes from fd00::212:7408:8:808: icmp_seq=99 ttl=60 time=229 ms
64 bytes from fd00::212:7408:8:808: icmp_seq=100 ttl=60 time=275 ms

--- fd00::212:7408:8:808 ping statistics ---
100 packets transmitted, 59 received, 41% packet loss, time 500785ms
rtt min/avg/max/mdev = 222.431/488.611/1091.274/220.207 ms
