PING fd00::212:7402:2:202(fd00::212:7402:2:202) 56 data bytes
64 bytes from fd00::212:7402:2:202: icmp_seq=1 ttl=62 time=127 ms
64 bytes from fd00::212:7402:2:202: icmp_seq=2 ttl=62 time=280 ms
64 bytes from fd00::212:7402:2:202: icmp_seq=3 ttl=62 time=313 ms
64 bytes from fd00::212:7402:2:202: icmp_seq=5 ttl=62 time=148 ms
64 bytes from fd00::212:7402:2:202: icmp_seq=8 ttl=62 time=177 ms
64 bytes from fd00::212:7402:2:202: icmp_seq=11 ttl=62 time=465 ms
64 bytes from fd00::212:7402:2:202: icmp_seq=15 ttl=62 time=185 ms
64 bytes from fd00::212:7402:2:202: icmp_seq=18 ttl=62 time=296 ms
64 bytes from fd00::212:7402:2:202: icmp_seq=20 ttl=62 time=148 ms
64 bytes from fd00::212:7402:2:202: icmp_seq=21 ttl=62 time=110 ms
64 bytes from fd00::212:7402:2:202: icmp_seq=22 ttl=62 time=96.3 ms
64 bytes from fd00::212:7402:2:202: icmp_seq=23 ttl=62 time=146 ms
64 bytes from fd00::212:7402:2:202: icmp_seq=24 ttl=62 time=91.2 ms
64 bytes from fd00::212:7402:2:202: icmp_seq=25 ttl=62 time=108 ms
64 bytes from fd00::212:7402:2:202: icmp_seq=26 ttl=62 time=87.2 ms
64 bytes from fd00::212:7402:2:202: icmp_seq=27 ttl=62 time=73.4 ms
64 bytes from fd00::212:7402:2:202: icmp_seq=28 ttl=62 time=101 ms
64 bytes from fd00::212:7402:2:202: icmp_seq=29 ttl=62 time=103 ms
64 bytes from fd00::212:7402:2:202: icmp_seq=30 ttl=62 time=90.5 ms
64 bytes from fd00::212:7402:2:202: icmp_seq=31 ttl=62 time=98.2 ms
64 bytes from fd00::212:7402:2:202: icmp_seq=32 ttl=62 time=100 ms
64 bytes from fd00::212:7402:2:202: icmp_seq=33 ttl=62 time=98.7 ms
64 bytes from fd00::212:7402:2:202: icmp_seq=34 ttl=62 time=131 ms
64 bytes from fd00::212:7402:2:202: icmp_seq=35 ttl=62 time=108 ms
64 bytes from fd00::212:7402:2:202: icmp_seq=36 ttl=62 time=114 ms
64 bytes from fd00::212:7402:2:202: icmp_seq=37 ttl=62 time=111 ms
64 bytes from fd00::212:7402:2:202: icmp_seq=38 ttl=62 time=98.4 ms
64 bytes from fd00::212:7402:2:202: icmp_seq=39 ttl=62 time=156 ms
64 bytes from fd00::212:7402:2:202: icmp_seq=40 ttl=62 time=114 ms
64 bytes from fd00::212:7402:2:202: icmp_seq=41 ttl=62 time=125 ms
64 bytes from fd00::212:7402:2:202: icmp_seq=42 ttl=62 time=131 ms
64 bytes from fd00::212:7402:2:202: icmp_seq=43 ttl=62 time=101 ms
64 bytes from fd00::212:7402:2:202: icmp_seq=44 ttl=62 time=116 ms
64 bytes from fd00::212:7402:2:202: icmp_seq=45 ttl=62 time=90.3 ms
64 bytes from fd00::212:7402:2:202: icmp_seq=46 ttl=62 time=133 ms
64 bytes from fd00::212:7402:2:202: icmp_seq=47 ttl=62 time=98.6 ms
64 bytes from fd00::212:7402:2:202: icmp_seq=48 ttl=62 time=128 ms
64 bytes from fd00::212:7402:2:202: icmp_seq=49 ttl=62 time=109 ms
64 bytes from fd00::212:7402:2:202: icmp_seq=50 ttl=62 time=143 ms
64 bytes from fd00::212:7402:2:202: icmp_seq=51 ttl=62 time=248 ms
64 bytes from fd00::212:7402:2:202: icmp_seq=52 ttl=62 time=134 ms
64 bytes from fd00::212:7402:2:202: icmp_seq=53 ttl=62 time=318 ms
64 bytes from fd00::212:7402:2:202: icmp_seq=54 ttl=62 time=173 ms
64 bytes from fd00::212:7402:2:202: icmp_seq=55 ttl=62 time=141 ms
64 bytes from fd00::212:7402:2:202: icmp_seq=56 ttl=62 time=164 ms
64 bytes from fd00::212:7402:2:202: icmp_seq=57 ttl=62 time=151 ms
64 bytes from fd00::212:7402:2:202: icmp_seq=58 ttl=62 time=114 ms
64 bytes from fd00::212:7402:2:202: icmp_seq=59 ttl=62 time=163 ms
64 bytes from fd00::212:7402:2:202: icmp_seq=60 ttl=62 time=129 ms
64 bytes from fd00::212:7402:2:202: icmp_seq=61 ttl=62 time=240 ms
64 bytes from fd00::212:7402:2:202: icmp_seq=62 ttl=62 time=95.4 ms
64 bytes from fd00::212:7402:2:202: icmp_seq=63 ttl=62 time=151 ms
64 bytes from fd00::212:7402:2:202: icmp_seq=64 ttl=62 time=152 ms
64 bytes from fd00::212:7402:2:202: icmp_seq=65 ttl=62 time=169 ms
64 bytes from fd00::212:7402:2:202: icmp_seq=66 ttl=62 time=102 ms
64 bytes from fd00::212:7402:2:202: icmp_seq=67 ttl=62 time=140 ms
64 bytes from fd00::212:7402:2:202: icmp_seq=68 ttl=62 time=152 ms
64 bytes from fd00::212:7402:2:202: icmp_seq=69 ttl=62 time=175 ms
64 bytes from fd00::212:7402:2:202: icmp_seq=70 ttl=62 time=103 ms
64 bytes from fd00::212:7402:2:202: icmp_seq=71 ttl=62 time=151 ms
64 bytes from fd00::212:7402:2:202: icmp_seq=72 ttl=62 time=117 ms
64 bytes from fd00::212:7402:2:202: icmp_seq=73 ttl=62 time=160 ms
64 bytes from fd00::212:7402:2:202: icmp_seq=74 ttl=62 time=126 ms
64 bytes from fd00::212:7402:2:202: icmp_seq=75 ttl=62 time=142 ms
64 bytes from fd00::212:7402:2:202: icmp_seq=76 ttl=62 time=336 ms
64 bytes from fd00::212:7402:2:202: icmp_seq=77 ttl=62 time=127 ms
64 bytes from fd00::212:7402:2:202: icmp_seq=78 ttl=62 time=143 ms
64 bytes from fd00::212:7402:2:202: icmp_seq=79 ttl=62 time=149 ms
64 bytes from fd00::212:7402:2:202: icmp_seq=80 ttl=62 time=112 ms
64 bytes from fd00::212:7402:2:202: icmp_seq=81 ttl=62 time=153 ms
64 bytes from fd00::212:7402:2:202: icmp_seq=82 ttl=62 time=187 ms
64 bytes from fd00::212:7402:2:202: icmp_seq=83 ttl=62 time=182 ms
64 bytes from fd00::212:7402:2:202: icmp_seq=84 ttl=62 time=165 ms
64 bytes from fd00::212:7402:2:202: icmp_seq=85 ttl=62 time=188 ms
64 bytes from fd00::212:7402:2:202: icmp_seq=86 ttl=62 time=255 ms
64 bytes from fd00::212:7402:2:202: icmp_seq=87 ttl=62 time=637 ms
64 bytes from fd00::212:7402:2:202: icmp_seq=88 ttl=62 time=300 ms
64 bytes from fd00::212:7402:2:202: icmp_seq=89 ttl=62 time=549 ms
64 bytes from fd00::212:7402:2:202: icmp_seq=90 ttl=62 time=106 ms
64 bytes from fd00::212:7402:2:202: icmp_seq=91 ttl=62 time=159 ms
64 bytes from fd00::212:7402:2:202: icmp_seq=92 ttl=62 time=317 ms
64 bytes from fd00::212:7402:2:202: icmp_seq=93 ttl=62 time=557 ms
64 bytes from fd00::212:7402:2:202: icmp_seq=95 ttl=62 time=95.9 ms
64 bytes from fd00::212:7402:2:202: icmp_seq=96 ttl=62 time=119 ms
64 bytes from fd00::212:7402:2:202: icmp_seq=97 ttl=62 time=305 ms
64 bytes from fd00::212:7402:2:202: icmp_seq=98 ttl=62 time=183 ms
64 bytes from fd00::212:7402:2:202: icmp_seq=99 ttl=62 time=127 ms
64 bytes from fd00::212:7402:2:202: icmp_seq=100 ttl=62 time=144 ms

--- fd00::212:7402:2:202 ping statistics ---
100 packets transmitted, 88 received, 12% packet loss, time 498032ms
rtt min/avg/max/mdev = 73.430/170.383/637.541/103.622 ms
