PING fd00::212:7407:7:707(fd00::212:7407:7:707) 56 data bytes
64 bytes from fd00::212:7407:7:707: icmp_seq=1 ttl=61 time=387 ms
64 bytes from fd00::212:7407:7:707: icmp_seq=2 ttl=61 time=319 ms
64 bytes from fd00::212:7407:7:707: icmp_seq=4 ttl=61 time=289 ms
64 bytes from fd00::212:7407:7:707: icmp_seq=7 ttl=61 time=285 ms
64 bytes from fd00::212:7407:7:707: icmp_seq=10 ttl=61 time=393 ms
64 bytes from fd00::212:7407:7:707: icmp_seq=14 ttl=61 time=334 ms
64 bytes from fd00::212:7407:7:707: icmp_seq=16 ttl=61 time=277 ms
64 bytes from fd00::212:7407:7:707: icmp_seq=17 ttl=61 time=321 ms
64 bytes from fd00::212:7407:7:707: icmp_seq=19 ttl=61 time=167 ms
64 bytes from fd00::212:7407:7:707: icmp_seq=20 ttl=61 time=153 ms
64 bytes from fd00::212:7407:7:707: icmp_seq=21 ttl=61 time=166 ms
64 bytes from fd00::212:7407:7:707: icmp_seq=22 ttl=61 time=152 ms
64 bytes from fd00::212:7407:7:707: icmp_seq=23 ttl=61 time=181 ms
64 bytes from fd00::212:7407:7:707: icmp_seq=24 ttl=61 time=145 ms
64 bytes from fd00::212:7407:7:707: icmp_seq=25 ttl=61 time=148 ms
64 bytes from fd00::212:7407:7:707: icmp_seq=26 ttl=61 time=174 ms
64 bytes from fd00::212:7407:7:707: icmp_seq=27 ttl=61 time=156 ms
64 bytes from fd00::212:7407:7:707: icmp_seq=28 ttl=61 time=160 ms
64 bytes from fd00::212:7407:7:707: icmp_seq=29 ttl=61 time=159 ms
64 bytes from fd00::212:7407:7:707: icmp_seq=30 ttl=61 time=169 ms
64 bytes from fd00::212:7407:7:707: icmp_seq=31 ttl=61 time=207 ms
64 bytes from fd00::212:7407:7:707: icmp_seq=32 ttl=61 time=153 ms
64 bytes from fd00::212:7407:7:707: icmp_seq=33 ttl=61 time=177 ms
64 bytes from fd00::212:7407:7:707: icmp_seq=34 ttl=61 time=175 ms
64 bytes from fd00::212:7407:7:707: icmp_seq=35 ttl=61 time=174 ms
64 bytes from fd00::212:7407:7:707: icmp_seq=36 ttl=61 time=154 ms
64 bytes from fd00::212:7407:7:707: icmp_seq=37 ttl=61 time=184 ms
64 bytes from fd00::212:7407:7:707: icmp_seq=38 ttl=61 time=197 ms
64 bytes from fd00::212:7407:7:707: icmp_seq=39 ttl=61 time=190 ms
64 bytes from fd00::212:7407:7:707: icmp_seq=40 ttl=61 time=181 ms
64 bytes from fd00::212:7407:7:707: icmp_seq=41 ttl=61 time=164 ms
64 bytes from fd00::212:7407:7:707: icmp_seq=42 ttl=61 time=202 ms
64 bytes from fd00::212:7407:7:707: icmp_seq=43 ttl=61 time=203 ms
64 bytes from fd00::212:7407:7:707: icmp_seq=44 ttl=61 time=173 ms
64 bytes from fd00::212:7407:7:707: icmp_seq=45 ttl=61 time=184 ms
64 bytes from fd00::212:7407:7:707: icmp_seq=46 ttl=61 time=215 ms
64 bytes from fd00::212:7407:7:707: icmp_seq=47 ttl=61 time=166 ms
64 bytes from fd00::212:7407:7:707: icmp_seq=48 ttl=61 time=202 ms
64 bytes from fd00::212:7407:7:707: icmp_seq=49 ttl=61 time=201 ms
64 bytes from fd00::212:7407:7:707: icmp_seq=50 ttl=61 time=348 ms
64 bytes from fd00::212:7407:7:707: icmp_seq=51 ttl=61 time=202 ms
64 bytes from fd00::212:7407:7:707: icmp_seq=52 ttl=61 time=441 ms
64 bytes from fd00::212:7407:7:707: icmp_seq=53 ttl=61 time=197 ms
64 bytes from fd00::212:7407:7:707: icmp_seq=54 ttl=61 time=206 ms
64 bytes from fd00::212:7407:7:707: icmp_seq=55 ttl=61 time=239 ms
64 bytes from fd00::212:7407:7:707: icmp_seq=56 ttl=61 time=239 ms
64 bytes from fd00::212:7407:7:707: icmp_seq=57 ttl=61 time=193 ms
64 bytes from fd00::212:7407:7:707: icmp_seq=58 ttl=61 time=241 ms
64 bytes from fd00::212:7407:7:707: icmp_seq=59 ttl=61 time=220 ms
64 bytes from fd00::212:7407:7:707: icmp_seq=60 ttl=61 time=243 ms
64 bytes from fd00::212:7407:7:707: icmp_seq=61 ttl=61 time=185 ms
64 bytes from fd00::212:7407:7:707: icmp_seq=62 ttl=61 time=188 ms
64 bytes from fd00::212:7407:7:707: icmp_seq=63 ttl=61 time=198 ms
64 bytes from fd00::212:7407:7:707: icmp_seq=64 ttl=61 time=209 ms
64 bytes from fd00::212:7407:7:707: icmp_seq=65 ttl=61 time=216 ms
64 bytes from fd00::212:7407:7:707: icmp_seq=66 ttl=61 time=190 ms
64 bytes from fd00::212:7407:7:707: icmp_seq=67 ttl=61 time=214 ms
64 bytes from fd00::212:7407:7:707: icmp_seq=68 ttl=61 time=229 ms
64 bytes from fd00::212:7407:7:707: icmp_seq=69 ttl=61 time=208 ms
64 bytes from fd00::212:7407:7:707: icmp_seq=70 ttl=61 time=196 ms
64 bytes from fd00::212:7407:7:707: icmp_seq=71 ttl=61 time=203 ms
64 bytes from fd00::212:7407:7:707: icmp_seq=72 ttl=61 time=243 ms
64 bytes from fd00::212:7407:7:707: icmp_seq=73 ttl=61 time=199 ms
64 bytes from fd00::212:7407:7:707: icmp_seq=74 ttl=61 time=221 ms
64 bytes from fd00::212:7407:7:707: icmp_seq=75 ttl=61 time=676 ms
64 bytes from fd00::212:7407:7:707: icmp_seq=76 ttl=61 time=196 ms
64 bytes from fd00::212:7407:7:707: icmp_seq=77 ttl=61 time=186 ms
64 bytes from fd00::212:7407:7:707: icmp_seq=78 ttl=61 time=208 ms
64 bytes from fd00::212:7407:7:707: icmp_seq=79 ttl=61 time=185 ms
64 bytes from fd00::212:7407:7:707: icmp_seq=80 ttl=61 time=220 ms
64 bytes from fd00::212:7407:7:707: icmp_seq=81 ttl=61 time=239 ms
64 bytes from fd00::212:7407:7:707: icmp_seq=82 ttl=61 time=222 ms
64 bytes from fd00::212:7407:7:707: icmp_seq=83 ttl=61 time=244 ms
64 bytes from fd00::212:7407:7:707: icmp_seq=84 ttl=61 time=216 ms
64 bytes from fd00::212:7407:7:707: icmp_seq=85 ttl=61 time=249 ms
64 bytes from fd00::212:7407:7:707: icmp_seq=86 ttl=61 time=429 ms
64 bytes from fd00::212:7407:7:707: icmp_seq=87 ttl=61 time=312 ms
64 bytes from fd00::212:7407:7:707: icmp_seq=88 ttl=61 time=688 ms
64 bytes from fd00::212:7407:7:707: icmp_seq=89 ttl=61 time=181 ms
64 bytes from fd00::212:7407:7:707: icmp_seq=90 ttl=61 time=214 ms
64 bytes from fd00::212:7407:7:707: icmp_seq=91 ttl=61 time=368 ms
64 bytes from fd00::212:7407:7:707: icmp_seq=92 ttl=61 time=655 ms
64 bytes from fd00::212:7407:7:707: icmp_seq=94 ttl=61 time=212 ms
64 bytes from fd00::212:7407:7:707: icmp_seq=95 ttl=61 time=205 ms
64 bytes from fd00::212:7407:7:707: icmp_seq=96 ttl=61 time=336 ms
64 bytes from fd00::212:7407:7:707: icmp_seq=97 ttl=61 time=426 ms
64 bytes from fd00::212:7407:7:707: icmp_seq=98 ttl=61 time=191 ms
64 bytes from fd00::212:7407:7:707: icmp_seq=99 ttl=61 time=249 ms
64 bytes from fd00::212:7407:7:707: icmp_seq=100 ttl=61 time=418 ms

--- fd00::212:7407:7:707 ping statistics ---
100 packets transmitted, 89 received, 11% packet loss, time 497774ms
rtt min/avg/max/mdev = 145.344/241.267/688.846/106.327 ms
