PING fd00::212:7403:3:303(fd00::212:7403:3:303) 56 data bytes
64 bytes from fd00::212:7403:3:303: icmp_seq=1 ttl=63 time=61.8 ms
64 bytes from fd00::212:7403:3:303: icmp_seq=2 ttl=63 time=331 ms
64 bytes from fd00::212:7403:3:303: icmp_seq=3 ttl=63 time=152 ms
64 bytes from fd00::212:7403:3:303: icmp_seq=4 ttl=63 time=105 ms
64 bytes from fd00::212:7403:3:303: icmp_seq=8 ttl=63 time=52.2 ms
64 bytes from fd00::212:7403:3:303: icmp_seq=14 ttl=63 time=161 ms
64 bytes from fd00::212:7403:3:303: icmp_seq=15 ttl=63 time=50.8 ms
64 bytes from fd00::212:7403:3:303: icmp_seq=21 ttl=63 time=115 ms
64 bytes from fd00::212:7403:3:303: icmp_seq=23 ttl=63 time=140 ms
64 bytes from fd00::212:7403:3:303: icmp_seq=24 ttl=63 time=53.5 ms
64 bytes from fd00::212:7403:3:303: icmp_seq=25 ttl=63 time=65.7 ms
64 bytes from fd00::212:7403:3:303: icmp_seq=26 ttl=63 time=67.7 ms
64 bytes from fd00::212:7403:3:303: icmp_seq=27 ttl=63 time=64.7 ms
64 bytes from fd00::212:7403:3:303: icmp_seq=28 ttl=63 time=97.3 ms
64 bytes from fd00::212:7403:3:303: icmp_seq=30 ttl=63 time=63.6 ms
64 bytes from fd00::212:7403:3:303: icmp_seq=31 ttl=63 time=150 ms
64 bytes from fd00::212:7403:3:303: icmp_seq=32 ttl=63 time=85.9 ms
64 bytes from fd00::212:7403:3:303: icmp_seq=33 ttl=63 time=60.3 ms
64 bytes from fd00::212:7403:3:303: icmp_seq=34 ttl=63 time=49.9 ms
64 bytes from fd00::212:7403:3:303: icmp_seq=35 ttl=63 time=58.0 ms
64 bytes from fd00::212:7403:3:303: icmp_seq=36 ttl=63 time=39.4 ms
64 bytes from fd00::212:7403:3:303: icmp_seq=37 ttl=63 time=74.0 ms
64 bytes from fd00::212:7403:3:303: icmp_seq=38 ttl=63 time=57.1 ms
64 bytes from fd00::212:7403:3:303: icmp_seq=39 ttl=63 time=61.5 ms
64 bytes from fd00::212:7403:3:303: icmp_seq=40 ttl=63 time=49.0 ms
64 bytes from fd00::212:7403:3:303: icmp_seq=41 ttl=63 time=57.8 ms
64 bytes from fd00::212:7403:3:303: icmp_seq=42 ttl=63 time=122 ms
64 bytes from fd00::212:7403:3:303: icmp_seq=43 ttl=63 time=72.1 ms
64 bytes from fd00::212:7403:3:303: icmp_seq=44 ttl=63 time=38.3 ms
64 bytes from fd00::212:7403:3:303: icmp_seq=45 ttl=63 time=51.4 ms
64 bytes from fd00::212:7403:3:303: icmp_seq=46 ttl=63 time=51.5 ms
64 bytes from fd00::212:7403:3:303: icmp_seq=47 ttl=63 time=37.2 ms
64 bytes from fd00::212:7403:3:303: icmp_seq=48 ttl=63 time=60.4 ms
64 bytes from fd00::212:7403:3:303: icmp_seq=49 ttl=63 time=49.2 ms
64 bytes from fd00::212:7403:3:303: icmp_seq=50 ttl=63 time=54.6 ms
64 bytes from fd00::212:7403:3:303: icmp_seq=51 ttl=63 time=78.2 ms
64 bytes from fd00::212:7403:3:303: icmp_seq=52 ttl=63 time=86.6 ms
64 bytes from fd00::212:7403:3:303: icmp_seq=53 ttl=63 time=71.4 ms
64 bytes from fd00::212:7403:3:303: icmp_seq=54 ttl=63 time=46.9 ms
64 bytes from fd00::212:7403:3:303: icmp_seq=55 ttl=63 time=46.0 ms
64 bytes from fd00::212:7403:3:303: icmp_seq=56 ttl=63 time=59.1 ms
64 bytes from fd00::212:7403:3:303: icmp_seq=57 ttl=63 time=54.0 ms
64 bytes from fd00::212:7403:3:303: icmp_seq=58 ttl=63 time=49.3 ms
64 bytes from fd00::212:7403:3:303: icmp_seq=59 ttl=63 time=67.0 ms
64 bytes from fd00::212:7403:3:303: icmp_seq=60 ttl=63 time=39.6 ms
64 bytes from fd00::212:7403:3:303: icmp_seq=61 ttl=63 time=58.1 ms
64 bytes from fd00::212:7403:3:303: icmp_seq=62 ttl=63 time=37.6 ms
64 bytes from fd00::212:7403:3:303: icmp_seq=63 ttl=63 time=42.4 ms
64 bytes from fd00::212:7403:3:303: icmp_seq=64 ttl=63 time=42.4 ms
64 bytes from fd00::212:7403:3:303: icmp_seq=65 ttl=63 time=62.0 ms
64 bytes from fd00::212:7403:3:303: icmp_seq=66 ttl=63 time=47.3 ms
64 bytes from fd00::212:7403:3:303: icmp_seq=67 ttl=63 time=54.3 ms
64 bytes from fd00::212:7403:3:303: icmp_seq=68 ttl=63 time=50.2 ms
64 bytes from fd00::212:7403:3:303: icmp_seq=69 ttl=63 time=63.5 ms
64 bytes from fd00::212:7403:3:303: icmp_seq=70 ttl=63 time=41.1 ms
64 bytes from fd00::212:7403:3:303: icmp_seq=71 ttl=63 time=45.2 ms
64 bytes from fd00::212:7403:3:303: icmp_seq=72 ttl=63 time=101 ms
64 bytes from fd00::212:7403:3:303: icmp_seq=73 ttl=63 time=54.9 ms
64 bytes from fd00::212:7403:3:303: icmp_seq=74 ttl=63 time=58.6 ms
64 bytes from fd00::212:7403:3:303: icmp_seq=75 ttl=63 time=49.8 ms
64 bytes from fd00::212:7403:3:303: icmp_seq=76 ttl=63 time=58.0 ms
64 bytes from fd00::212:7403:3:303: icmp_seq=77 ttl=63 time=75.9 ms
64 bytes from fd00::212:7403:3:303: icmp_seq=78 ttl=63 time=82.3 ms
64 bytes from fd00::212:7403:3:303: icmp_seq=79 ttl=63 time=56.4 ms
64 bytes from fd00::212:7403:3:303: icmp_seq=80 ttl=63 time=51.8 ms
64 bytes from fd00::212:7403:3:303: icmp_seq=81 ttl=63 time=52.2 ms
64 bytes from fd00::212:7403:3:303: icmp_seq=82 ttl=63 time=99.3 ms
64 bytes from fd00::212:7403:3:303: icmp_seq=83 ttl=63 time=48.7 ms
64 bytes from fd00::212:7403:3:303: icmp_seq=84 ttl=63 time=65.0 ms
64 bytes from fd00::212:7403:3:303: icmp_seq=85 ttl=63 time=68.4 ms
64 bytes from fd00::212:7403:3:303: icmp_seq=86 ttl=63 time=59.8 ms
64 bytes from fd00::212:7403:3:303: icmp_seq=87 ttl=63 time=60.4 ms
64 bytes from fd00::212:7403:3:303: icmp_seq=88 ttl=63 time=57.9 ms
64 bytes from fd00::212:7403:3:303: icmp_seq=89 ttl=63 time=55.8 ms
64 bytes from fd00::212:7403:3:303: icmp_seq=90 ttl=63 time=54.6 ms
64 bytes from fd00::212:7403:3:303: icmp_seq=91 ttl=63 time=42.0 ms
64 bytes from fd00::212:7403:3:303: icmp_seq=92 ttl=63 time=60.9 ms
64 bytes from fd00::212:7403:3:303: icmp_seq=93 ttl=63 time=52.2 ms
64 bytes from fd00::212:7403:3:303: icmp_seq=94 ttl=63 time=43.0 ms
64 bytes from fd00::212:7403:3:303: icmp_seq=95 ttl=63 time=49.3 ms
64 bytes from fd00::212:7403:3:303: icmp_seq=96 ttl=63 time=43.0 ms
64 bytes from fd00::212:7403:3:303: icmp_seq=97 ttl=63 time=63.7 ms
64 bytes from fd00::212:7403:3:303: icmp_seq=98 ttl=63 time=54.2 ms
64 bytes from fd00::212:7403:3:303: icmp_seq=99 ttl=63 time=64.2 ms
64 bytes from fd00::212:7403:3:303: icmp_seq=100 ttl=63 time=65.1 ms

--- fd00::212:7403:3:303 ping statistics ---
100 packets transmitted, 85 received, 15% packet loss, time 497225ms
rtt min/avg/max/mdev = 37.246/67.772/331.614/38.481 ms
