PING fd00::212:7405:5:505(fd00::212:7405:5:505) 56 data bytes
64 bytes from fd00::212:7405:5:505: icmp_seq=1 ttl=61 time=176 ms
64 bytes from fd00::212:7405:5:505: icmp_seq=2 ttl=61 time=162 ms
64 bytes from fd00::212:7405:5:505: icmp_seq=3 ttl=61 time=230 ms
64 bytes from fd00::212:7405:5:505: icmp_seq=4 ttl=61 time=171 ms
64 bytes from fd00::212:7405:5:505: icmp_seq=5 ttl=61 time=127 ms
64 bytes from fd00::212:7405:5:505: icmp_seq=6 ttl=61 time=214 ms
64 bytes from fd00::212:7405:5:505: icmp_seq=7 ttl=61 time=150 ms
64 bytes from fd00::212:7405:5:505: icmp_seq=8 ttl=61 time=180 ms
64 bytes from fd00::212:7405:5:505: icmp_seq=9 ttl=61 time=239 ms
64 bytes from fd00::212:7405:5:505: icmp_seq=10 ttl=61 time=174 ms
64 bytes from fd00::212:7405:5:505: icmp_seq=11 ttl=61 time=151 ms
64 bytes from fd00::212:7405:5:505: icmp_seq=12 ttl=61 time=166 ms
64 bytes from fd00::212:7405:5:505: icmp_seq=13 ttl=61 time=148 ms
64 bytes from fd00::212:7405:5:505: icmp_seq=14 ttl=61 time=150 ms
64 bytes from fd00::212:7405:5:505: icmp_seq=15 ttl=61 time=166 ms
64 bytes from fd00::212:7405:5:505: icmp_seq=16 ttl=61 time=138 ms
64 bytes from fd00::212:7405:5:505: icmp_seq=17 ttl=61 time=183 ms
64 bytes from fd00::212:7405:5:505: icmp_seq=18 ttl=61 time=127 ms
64 bytes from fd00::212:7405:5:505: icmp_seq=21 ttl=61 time=382 ms
64 bytes from fd00::212:7405:5:505: icmp_seq=27 ttl=61 time=370 ms
64 bytes from fd00::212:7405:5:505: icmp_seq=30 ttl=61 time=351 ms
64 bytes from fd00::212:7405:5:505: icmp_seq=33 ttl=61 time=391 ms
64 bytes from fd00::212:7405:5:505: icmp_seq=35 ttl=61 time=353 ms
64 bytes from fd00::212:7405:5:505: icmp_seq=36 ttl=61 time=237 ms
64 bytes from fd00::212:7405:5:505: icmp_seq=37 ttl=61 time=281 ms
64 bytes from fd00::212:7405:5:505: icmp_seq=38 ttl=61 time=192 ms
64 bytes from fd00::212:7405:5:505: icmp_seq=39 ttl=61 time=414 ms
64 bytes from fd00::212:7405:5:505: icmp_seq=41 ttl=61 time=279 ms
64 bytes from fd00::212:7405:5:505: icmp_seq=42 ttl=61 time=543 ms
64 bytes from fd00::212:7405:5:505: icmp_seq=44 ttl=61 time=394 ms
64 bytes from fd00::212:7405:5:505: icmp_seq=45 ttl=61 time=451 ms
64 bytes from fd00::212:7405:5:505: icmp_seq=52 ttl=61 time=418 ms
64 bytes from fd00::212:7405:5:505: icmp_seq=53 ttl=61 time=626 ms
64 bytes from fd00::212:7405:5:505: icmp_seq=54 ttl=61 time=228 ms
64 bytes from fd00::212:7405:5:505: icmp_seq=56 ttl=61 time=305 ms
64 bytes from fd00::212:7405:5:505: icmp_seq=57 ttl=61 time=243 ms
64 bytes from fd00::212:7405:5:505: icmp_seq=58 ttl=61 time=397 ms
64 bytes from fd00::212:7405:5:505: icmp_seq=60 ttl=61 time=212 ms
64 bytes from fd00::212:7405:5:505: icmp_seq=61 ttl=61 time=186 ms
64 bytes from fd00::212:7405:5:505: icmp_seq=62 ttl=61 time=238 ms
64 bytes from fd00::212:7405:5:505: icmp_seq=63 ttl=61 time=216 ms
64 bytes from fd00::212:7405:5:505: icmp_seq=64 ttl=61 time=308 ms
64 bytes from fd00::212:7405:5:505: icmp_seq=65 ttl=61 time=188 ms
64 bytes from fd00::212:7405:5:505: icmp_seq=66 ttl=61 time=212 ms
64 bytes from fd00::212:7405:5:505: icmp_seq=67 ttl=61 time=296 ms
64 bytes from fd00::212:7405:5:505: icmp_seq=68 ttl=61 time=218 ms
64 bytes from fd00::212:7405:5:505: icmp_seq=69 ttl=61 time=259 ms
64 bytes from fd00::212:7405:5:505: icmp_seq=70 ttl=61 time=218 ms
64 bytes from fd00::212:7405:5:505: icmp_seq=71 ttl=61 time=249 ms
64 bytes from fd00::212:7405:5:505: icmp_seq=72 ttl=61 time=228 ms
64 bytes from fd00::212:7405:5:505: icmp_seq=73 ttl=61 time=403 ms
64 bytes from fd00::212:7405:5:505: icmp_seq=74 ttl=61 time=279 ms
64 bytes from fd00::212:7405:5:505: icmp_seq=75 ttl=61 time=289 ms
64 bytes from fd00::212:7405:5:505: icmp_seq=76 ttl=61 time=235 ms
64 bytes from fd00::212:7405:5:505: icmp_seq=77 ttl=61 time=188 ms
64 bytes from fd00::212:7405:5:505: icmp_seq=78 ttl=61 time=216 ms
64 bytes from fd00::212:7405:5:505: icmp_seq=79 ttl=61 time=195 ms
64 bytes from fd00::212:7405:5:505: icmp_seq=80 ttl=61 time=245 ms
64 bytes from fd00::212:7405:5:505: icmp_seq=81 ttl=61 time=208 ms
64 bytes from fd00::212:7405:5:505: icmp_seq=82 ttl=61 time=376 ms
64 bytes from fd00::212:7405:5:505: icmp_seq=83 ttl=61 time=236 ms
64 bytes from fd00::212:7405:5:505: icmp_seq=84 ttl=61 time=241 ms
64 bytes from fd00::212:7405:5:505: icmp_seq=85 ttl=61 time=205 ms
64 bytes from fd00::212:7405:5:505: icmp_seq=86 ttl=61 time=280 ms
64 bytes from fd00::212:7405:5:505: icmp_seq=87 ttl=61 time=393 ms
64 bytes from fd00::212:7405:5:505: icmp_seq=88 ttl=61 time=631 ms
64 bytes from fd00::212:7405:5:505: icmp_seq=89 ttl=61 time=172 ms
64 bytes from fd00::212:7405:5:505: icmp_seq=90 ttl=61 time=285 ms
64 bytes from fd00::212:7405:5:505: icmp_seq=91 ttl=61 time=343 ms
64 bytes from fd00::212:7405:5:505: icmp_seq=92 ttl=61 time=366 ms
64 bytes from fd00::212:7405:5:505: icmp_seq=93 ttl=61 time=403 ms
64 bytes from fd00::212:7405:5:505: icmp_seq=94 ttl=61 time=201 ms
64 bytes from fd00::212:7405:5:505: icmp_seq=95 ttl=61 time=308 ms
64 bytes from fd00::212:7405:5:505: icmp_seq=96 ttl=61 time=577 ms
64 bytes from fd00::212:7405:5:505: icmp_seq=97 ttl=61 time=285 ms
64 bytes from fd00::212:7405:5:505: icmp_seq=98 ttl=61 time=188 ms
64 bytes from fd00::212:7405:5:505: icmp_seq=99 ttl=61 time=250 ms
64 bytes from fd00::212:7405:5:505: icmp_seq=100 ttl=61 time=676 ms

--- fd00::212:7405:5:505 ping statistics ---
100 packets transmitted, 78 received, 22% packet loss, time 499145ms
rtt min/avg/max/mdev = 127.505/277.514/676.238/119.590 ms
