PING aaaa::212:7409:9:909(aaaa::212:7409:9:909) 56 data bytes
64 bytes from aaaa::212:7409:9:909: icmp_seq=2 ttl=61 time=274 ms
64 bytes from aaaa::212:7409:9:909: icmp_seq=3 ttl=61 time=188 ms
64 bytes from aaaa::212:7409:9:909: icmp_seq=4 ttl=61 time=345 ms
64 bytes from aaaa::212:7409:9:909: icmp_seq=5 ttl=61 time=151 ms
64 bytes from aaaa::212:7409:9:909: icmp_seq=10 ttl=61 time=155 ms
64 bytes from aaaa::212:7409:9:909: icmp_seq=11 ttl=61 time=153 ms
64 bytes from aaaa::212:7409:9:909: icmp_seq=12 ttl=61 time=190 ms
64 bytes from aaaa::212:7409:9:909: icmp_seq=13 ttl=61 time=450 ms
64 bytes from aaaa::212:7409:9:909: icmp_seq=16 ttl=61 time=123 ms
64 bytes from aaaa::212:7409:9:909: icmp_seq=17 ttl=61 time=153 ms
64 bytes from aaaa::212:7409:9:909: icmp_seq=20 ttl=61 time=145 ms
64 bytes from aaaa::212:7409:9:909: icmp_seq=22 ttl=61 time=155 ms
64 bytes from aaaa::212:7409:9:909: icmp_seq=23 ttl=61 time=215 ms
64 bytes from aaaa::212:7409:9:909: icmp_seq=25 ttl=61 time=272 ms
64 bytes from aaaa::212:7409:9:909: icmp_seq=28 ttl=61 time=190 ms
64 bytes from aaaa::212:7409:9:909: icmp_seq=29 ttl=61 time=181 ms
64 bytes from aaaa::212:7409:9:909: icmp_seq=33 ttl=61 time=551 ms
64 bytes from aaaa::212:7409:9:909: icmp_seq=40 ttl=61 time=121 ms
64 bytes from aaaa::212:7409:9:909: icmp_seq=41 ttl=61 time=101 ms
64 bytes from aaaa::212:7409:9:909: icmp_seq=42 ttl=61 time=181 ms
64 bytes from aaaa::212:7409:9:909: icmp_seq=43 ttl=61 time=171 ms
64 bytes from aaaa::212:7409:9:909: icmp_seq=45 ttl=61 time=295 ms
64 bytes from aaaa::212:7409:9:909: icmp_seq=46 ttl=61 time=143 ms
64 bytes from aaaa::212:7409:9:909: icmp_seq=47 ttl=61 time=104 ms
64 bytes from aaaa::212:7409:9:909: icmp_seq=51 ttl=61 time=113 ms
64 bytes from aaaa::212:7409:9:909: icmp_seq=53 ttl=61 time=122 ms
64 bytes from aaaa::212:7409:9:909: icmp_seq=55 ttl=61 time=120 ms
64 bytes from aaaa::212:7409:9:909: icmp_seq=57 ttl=61 time=322 ms
64 bytes from aaaa::212:7409:9:909: icmp_seq=69 ttl=61 time=177 ms
64 bytes from aaaa::212:7409:9:909: icmp_seq=70 ttl=61 time=131 ms
64 bytes from aaaa::212:7409:9:909: icmp_seq=71 ttl=61 time=119 ms
64 bytes from aaaa::212:7409:9:909: icmp_seq=72 ttl=61 time=125 ms
64 bytes from aaaa::212:7409:9:909: icmp_seq=73 ttl=61 time=105 ms
64 bytes from aaaa::212:7409:9:909: icmp_seq=74 ttl=61 time=179 ms
64 bytes from aaaa::212:7409:9:909: icmp_seq=75 ttl=61 time=121 ms
64 bytes from aaaa::212:7409:9:909: icmp_seq=76 ttl=61 time=104 ms
64 bytes from aaaa::212:7409:9:909: icmp_seq=77 ttl=61 time=127 ms
64 bytes from aaaa::212:7409:9:909: icmp_seq=78 ttl=61 time=121 ms
64 bytes from aaaa::212:7409:9:909: icmp_seq=79 ttl=61 time=127 ms
64 bytes from aaaa::212:7409:9:909: icmp_seq=81 ttl=61 time=115 ms
64 bytes from aaaa::212:7409:9:909: icmp_seq=82 ttl=61 time=161 ms
64 bytes from aaaa::212:7409:9:909: icmp_seq=83 ttl=61 time=227 ms
64 bytes from aaaa::212:7409:9:909: icmp_seq=85 ttl=61 time=235 ms
64 bytes from aaaa::212:7409:9:909: icmp_seq=94 ttl=61 time=204 ms
64 bytes from aaaa::212:7409:9:909: icmp_seq=95 ttl=61 time=131 ms
64 bytes from aaaa::212:7409:9:909: icmp_seq=96 ttl=61 time=115 ms
64 bytes from aaaa::212:7409:9:909: icmp_seq=99 ttl=61 time=399 ms
64 bytes from aaaa::212:7409:9:909: icmp_seq=100 ttl=61 time=121 ms
64 bytes from aaaa::212:7409:9:909: icmp_seq=101 ttl=61 time=118 ms
64 bytes from aaaa::212:7409:9:909: icmp_seq=102 ttl=61 time=97.3 ms
64 bytes from aaaa::212:7409:9:909: icmp_seq=103 ttl=61 time=113 ms
64 bytes from aaaa::212:7409:9:909: icmp_seq=104 ttl=61 time=125 ms
64 bytes from aaaa::212:7409:9:909: icmp_seq=105 ttl=61 time=99.9 ms
64 bytes from aaaa::212:7409:9:909: icmp_seq=106 ttl=61 time=105 ms
64 bytes from aaaa::212:7409:9:909: icmp_seq=107 ttl=61 time=171 ms
64 bytes from aaaa::212:7409:9:909: icmp_seq=109 ttl=61 time=177 ms
64 bytes from aaaa::212:7409:9:909: icmp_seq=110 ttl=61 time=132 ms
64 bytes from aaaa::212:7409:9:909: icmp_seq=111 ttl=61 time=188 ms
64 bytes from aaaa::212:7409:9:909: icmp_seq=118 ttl=61 time=117 ms
64 bytes from aaaa::212:7409:9:909: icmp_seq=120 ttl=61 time=170 ms
64 bytes from aaaa::212:7409:9:909: icmp_seq=122 ttl=61 time=324 ms
64 bytes from aaaa::212:7409:9:909: icmp_seq=123 ttl=61 time=99.8 ms
64 bytes from aaaa::212:7409:9:909: icmp_seq=124 ttl=61 time=104 ms
64 bytes from aaaa::212:7409:9:909: icmp_seq=125 ttl=61 time=145 ms
64 bytes from aaaa::212:7409:9:909: icmp_seq=126 ttl=61 time=106 ms
64 bytes from aaaa::212:7409:9:909: icmp_seq=128 ttl=61 time=114 ms
64 bytes from aaaa::212:7409:9:909: icmp_seq=129 ttl=61 time=122 ms
64 bytes from aaaa::212:7409:9:909: icmp_seq=130 ttl=61 time=103 ms
64 bytes from aaaa::212:7409:9:909: icmp_seq=131 ttl=61 time=133 ms
64 bytes from aaaa::212:7409:9:909: icmp_seq=132 ttl=61 time=129 ms
64 bytes from aaaa::212:7409:9:909: icmp_seq=133 ttl=61 time=121 ms
64 bytes from aaaa::212:7409:9:909: icmp_seq=134 ttl=61 time=128 ms
64 bytes from aaaa::212:7409:9:909: icmp_seq=135 ttl=61 time=126 ms
64 bytes from aaaa::212:7409:9:909: icmp_seq=136 ttl=61 time=103 ms
64 bytes from aaaa::212:7409:9:909: icmp_seq=137 ttl=61 time=99.7 ms
64 bytes from aaaa::212:7409:9:909: icmp_seq=139 ttl=61 time=107 ms
64 bytes from aaaa::212:7409:9:909: icmp_seq=140 ttl=61 time=129 ms
64 bytes from aaaa::212:7409:9:909: icmp_seq=141 ttl=61 time=121 ms
64 bytes from aaaa::212:7409:9:909: icmp_seq=142 ttl=61 time=119 ms
64 bytes from aaaa::212:7409:9:909: icmp_seq=143 ttl=61 time=145 ms
64 bytes from aaaa::212:7409:9:909: icmp_seq=144 ttl=61 time=124 ms
64 bytes from aaaa::212:7409:9:909: icmp_seq=145 ttl=61 time=120 ms
64 bytes from aaaa::212:7409:9:909: icmp_seq=146 ttl=61 time=344 ms
64 bytes from aaaa::212:7409:9:909: icmp_seq=147 ttl=61 time=133 ms
64 bytes from aaaa::212:7409:9:909: icmp_seq=148 ttl=61 time=118 ms
64 bytes from aaaa::212:7409:9:909: icmp_seq=153 ttl=61 time=122 ms
64 bytes from aaaa::212:7409:9:909: icmp_seq=154 ttl=61 time=115 ms
64 bytes from aaaa::212:7409:9:909: icmp_seq=155 ttl=61 time=164 ms
64 bytes from aaaa::212:7409:9:909: icmp_seq=157 ttl=61 time=106 ms
64 bytes from aaaa::212:7409:9:909: icmp_seq=158 ttl=61 time=123 ms
64 bytes from aaaa::212:7409:9:909: icmp_seq=159 ttl=61 time=117 ms
64 bytes from aaaa::212:7409:9:909: icmp_seq=163 ttl=61 time=103 ms
64 bytes from aaaa::212:7409:9:909: icmp_seq=165 ttl=61 time=116 ms
64 bytes from aaaa::212:7409:9:909: icmp_seq=167 ttl=61 time=103 ms
64 bytes from aaaa::212:7409:9:909: icmp_seq=169 ttl=61 time=110 ms
64 bytes from aaaa::212:7409:9:909: icmp_seq=170 ttl=61 time=101 ms
64 bytes from aaaa::212:7409:9:909: icmp_seq=172 ttl=61 time=120 ms
64 bytes from aaaa::212:7409:9:909: icmp_seq=174 ttl=61 time=103 ms
64 bytes from aaaa::212:7409:9:909: icmp_seq=175 ttl=61 time=115 ms
64 bytes from aaaa::212:7409:9:909: icmp_seq=176 ttl=61 time=131 ms
64 bytes from aaaa::212:7409:9:909: icmp_seq=177 ttl=61 time=122 ms
64 bytes from aaaa::212:7409:9:909: icmp_seq=185 ttl=61 time=188 ms
64 bytes from aaaa::212:7409:9:909: icmp_seq=187 ttl=61 time=135 ms
64 bytes from aaaa::212:7409:9:909: icmp_seq=189 ttl=61 time=109 ms
64 bytes from aaaa::212:7409:9:909: icmp_seq=190 ttl=61 time=112 ms
64 bytes from aaaa::212:7409:9:909: icmp_seq=191 ttl=61 time=127 ms
64 bytes from aaaa::212:7409:9:909: icmp_seq=192 ttl=61 time=155 ms
64 bytes from aaaa::212:7409:9:909: icmp_seq=193 ttl=61 time=104 ms
64 bytes from aaaa::212:7409:9:909: icmp_seq=194 ttl=61 time=109 ms
64 bytes from aaaa::212:7409:9:909: icmp_seq=195 ttl=61 time=100 ms
64 bytes from aaaa::212:7409:9:909: icmp_seq=198 ttl=61 time=98.8 ms
64 bytes from aaaa::212:7409:9:909: icmp_seq=199 ttl=61 time=106 ms

--- aaaa::212:7409:9:909 ping statistics ---
200 packets transmitted, 112 received, 44% packet loss, time 1008421ms
rtt min/avg/max/mdev = 97.370/152.908/551.068/74.810 ms
