PING aaaa::212:7406:6:606(aaaa::212:7406:6:606) 56 data bytes
64 bytes from aaaa::212:7406:6:606: icmp_seq=1 ttl=62 time=162 ms
64 bytes from aaaa::212:7406:6:606: icmp_seq=3 ttl=62 time=116 ms
64 bytes from aaaa::212:7406:6:606: icmp_seq=10 ttl=62 time=920 ms
64 bytes from aaaa::212:7406:6:606: icmp_seq=11 ttl=62 time=164 ms
64 bytes from aaaa::212:7406:6:606: icmp_seq=12 ttl=62 time=105 ms
64 bytes from aaaa::212:7406:6:606: icmp_seq=13 ttl=62 time=110 ms
64 bytes from aaaa::212:7406:6:606: icmp_seq=14 ttl=62 time=330 ms
64 bytes from aaaa::212:7406:6:606: icmp_seq=15 ttl=62 time=389 ms
64 bytes from aaaa::212:7406:6:606: icmp_seq=16 ttl=62 time=115 ms
64 bytes from aaaa::212:7406:6:606: icmp_seq=17 ttl=62 time=160 ms
64 bytes from aaaa::212:7406:6:606: icmp_seq=18 ttl=62 time=88.5 ms
64 bytes from aaaa::212:7406:6:606: icmp_seq=19 ttl=62 time=154 ms
64 bytes from aaaa::212:7406:6:606: icmp_seq=24 ttl=62 time=101 ms
64 bytes from aaaa::212:7406:6:606: icmp_seq=26 ttl=62 time=102 ms
64 bytes from aaaa::212:7406:6:606: icmp_seq=28 ttl=62 time=98.3 ms
64 bytes from aaaa::212:7406:6:606: icmp_seq=29 ttl=62 time=193 ms
64 bytes from aaaa::212:7406:6:606: icmp_seq=37 ttl=62 time=164 ms
64 bytes from aaaa::212:7406:6:606: icmp_seq=38 ttl=62 time=154 ms
64 bytes from aaaa::212:7406:6:606: icmp_seq=39 ttl=62 time=116 ms
64 bytes from aaaa::212:7406:6:606: icmp_seq=40 ttl=62 time=115 ms
64 bytes from aaaa::212:7406:6:606: icmp_seq=46 ttl=62 time=96.2 ms
64 bytes from aaaa::212:7406:6:606: icmp_seq=47 ttl=62 time=122 ms
64 bytes from aaaa::212:7406:6:606: icmp_seq=53 ttl=62 time=80.8 ms
64 bytes from aaaa::212:7406:6:606: icmp_seq=55 ttl=62 time=118 ms
64 bytes from aaaa::212:7406:6:606: icmp_seq=57 ttl=62 time=99.5 ms
64 bytes from aaaa::212:7406:6:606: icmp_seq=58 ttl=62 time=93.0 ms
64 bytes from aaaa::212:7406:6:606: icmp_seq=59 ttl=62 time=94.6 ms
64 bytes from aaaa::212:7406:6:606: icmp_seq=60 ttl=62 time=91.5 ms
64 bytes from aaaa::212:7406:6:606: icmp_seq=61 ttl=62 time=96.8 ms
64 bytes from aaaa::212:7406:6:606: icmp_seq=62 ttl=62 time=93.0 ms
64 bytes from aaaa::212:7406:6:606: icmp_seq=63 ttl=62 time=97.7 ms
64 bytes from aaaa::212:7406:6:606: icmp_seq=64 ttl=62 time=112 ms
64 bytes from aaaa::212:7406:6:606: icmp_seq=65 ttl=62 time=91.9 ms
64 bytes from aaaa::212:7406:6:606: icmp_seq=70 ttl=62 time=96.5 ms
64 bytes from aaaa::212:7406:6:606: icmp_seq=71 ttl=62 time=98.9 ms
64 bytes from aaaa::212:7406:6:606: icmp_seq=73 ttl=62 time=136 ms
64 bytes from aaaa::212:7406:6:606: icmp_seq=74 ttl=62 time=86.5 ms
64 bytes from aaaa::212:7406:6:606: icmp_seq=81 ttl=62 time=97.5 ms
64 bytes from aaaa::212:7406:6:606: icmp_seq=84 ttl=62 time=201 ms
64 bytes from aaaa::212:7406:6:606: icmp_seq=86 ttl=62 time=105 ms
64 bytes from aaaa::212:7406:6:606: icmp_seq=87 ttl=62 time=77.4 ms
64 bytes from aaaa::212:7406:6:606: icmp_seq=88 ttl=62 time=132 ms
64 bytes from aaaa::212:7406:6:606: icmp_seq=89 ttl=62 time=90.9 ms
64 bytes from aaaa::212:7406:6:606: icmp_seq=90 ttl=62 time=109 ms
64 bytes from aaaa::212:7406:6:606: icmp_seq=91 ttl=62 time=106 ms
64 bytes from aaaa::212:7406:6:606: icmp_seq=92 ttl=62 time=75.5 ms
64 bytes from aaaa::212:7406:6:606: icmp_seq=93 ttl=62 time=80.5 ms
64 bytes from aaaa::212:7406:6:606: icmp_seq=94 ttl=62 time=219 ms
64 bytes from aaaa::212:7406:6:606: icmp_seq=95 ttl=62 time=127 ms
64 bytes from aaaa::212:7406:6:606: icmp_seq=96 ttl=62 time=121 ms
64 bytes from aaaa::212:7406:6:606: icmp_seq=97 ttl=62 time=80.2 ms
64 bytes from aaaa::212:7406:6:606: icmp_seq=100 ttl=62 time=118 ms
64 bytes from aaaa::212:7406:6:606: icmp_seq=101 ttl=62 time=91.3 ms
64 bytes from aaaa::212:7406:6:606: icmp_seq=102 ttl=62 time=113 ms
64 bytes from aaaa::212:7406:6:606: icmp_seq=103 ttl=62 time=72.8 ms
64 bytes from aaaa::212:7406:6:606: icmp_seq=104 ttl=62 time=75.3 ms
64 bytes from aaaa::212:7406:6:606: icmp_seq=105 ttl=62 time=88.1 ms
64 bytes from aaaa::212:7406:6:606: icmp_seq=106 ttl=62 time=83.3 ms
64 bytes from aaaa::212:7406:6:606: icmp_seq=107 ttl=62 time=227 ms
64 bytes from aaaa::212:7406:6:606: icmp_seq=111 ttl=62 time=79.4 ms
64 bytes from aaaa::212:7406:6:606: icmp_seq=113 ttl=62 time=76.0 ms
64 bytes from aaaa::212:7406:6:606: icmp_seq=115 ttl=62 time=93.1 ms
64 bytes from aaaa::212:7406:6:606: icmp_seq=117 ttl=62 time=79.9 ms
64 bytes from aaaa::212:7406:6:606: icmp_seq=119 ttl=62 time=90.2 ms
64 bytes from aaaa::212:7406:6:606: icmp_seq=121 ttl=62 time=80.1 ms
64 bytes from aaaa::212:7406:6:606: icmp_seq=123 ttl=62 time=94.6 ms
64 bytes from aaaa::212:7406:6:606: icmp_seq=124 ttl=62 time=92.1 ms
64 bytes from aaaa::212:7406:6:606: icmp_seq=125 ttl=62 time=70.0 ms
64 bytes from aaaa::212:7406:6:606: icmp_seq=126 ttl=62 time=87.0 ms
64 bytes from aaaa::212:7406:6:606: icmp_seq=127 ttl=62 time=104 ms
64 bytes from aaaa::212:7406:6:606: icmp_seq=129 ttl=62 time=88.8 ms
64 bytes from aaaa::212:7406:6:606: icmp_seq=130 ttl=62 time=80.7 ms
64 bytes from aaaa::212:7406:6:606: icmp_seq=132 ttl=62 time=83.2 ms
64 bytes from aaaa::212:7406:6:606: icmp_seq=134 ttl=62 time=91.2 ms
64 bytes from aaaa::212:7406:6:606: icmp_seq=136 ttl=62 time=79.4 ms
64 bytes from aaaa::212:7406:6:606: icmp_seq=138 ttl=62 time=80.5 ms
64 bytes from aaaa::212:7406:6:606: icmp_seq=139 ttl=62 time=84.4 ms
64 bytes from aaaa::212:7406:6:606: icmp_seq=145 ttl=62 time=111 ms
64 bytes from aaaa::212:7406:6:606: icmp_seq=146 ttl=62 time=92.8 ms
64 bytes from aaaa::212:7406:6:606: icmp_seq=148 ttl=62 time=81.3 ms
64 bytes from aaaa::212:7406:6:606: icmp_seq=151 ttl=62 time=80.2 ms
64 bytes from aaaa::212:7406:6:606: icmp_seq=153 ttl=62 time=128 ms
64 bytes from aaaa::212:7406:6:606: icmp_seq=154 ttl=62 time=146 ms
64 bytes from aaaa::212:7406:6:606: icmp_seq=156 ttl=62 time=236 ms
64 bytes from aaaa::212:7406:6:606: icmp_seq=157 ttl=62 time=87.2 ms
64 bytes from aaaa::212:7406:6:606: icmp_seq=158 ttl=62 time=85.6 ms
64 bytes from aaaa::212:7406:6:606: icmp_seq=159 ttl=62 time=72.7 ms
64 bytes from aaaa::212:7406:6:606: icmp_seq=166 ttl=62 time=72.3 ms
64 bytes from aaaa::212:7406:6:606: icmp_seq=167 ttl=62 time=104 ms
64 bytes from aaaa::212:7406:6:606: icmp_seq=168 ttl=62 time=210 ms
64 bytes from aaaa::212:7406:6:606: icmp_seq=170 ttl=62 time=76.9 ms
64 bytes from aaaa::212:7406:6:606: icmp_seq=171 ttl=62 time=114 ms
64 bytes from aaaa::212:7406:6:606: icmp_seq=173 ttl=62 time=140 ms
64 bytes from aaaa::212:7406:6:606: icmp_seq=178 ttl=62 time=94.6 ms
64 bytes from aaaa::212:7406:6:606: icmp_seq=179 ttl=62 time=78.8 ms
64 bytes from aaaa::212:7406:6:606: icmp_seq=180 ttl=62 time=84.7 ms
64 bytes from aaaa::212:7406:6:606: icmp_seq=181 ttl=62 time=103 ms
64 bytes from aaaa::212:7406:6:606: icmp_seq=183 ttl=62 time=200 ms
64 bytes from aaaa::212:7406:6:606: icmp_seq=185 ttl=62 time=117 ms
64 bytes from aaaa::212:7406:6:606: icmp_seq=187 ttl=62 time=88.8 ms
64 bytes from aaaa::212:7406:6:606: icmp_seq=189 ttl=62 time=159 ms
64 bytes from aaaa::212:7406:6:606: icmp_seq=190 ttl=62 time=114 ms
64 bytes from aaaa::212:7406:6:606: icmp_seq=191 ttl=62 time=93.6 ms
64 bytes from aaaa::212:7406:6:606: icmp_seq=192 ttl=62 time=107 ms
64 bytes from aaaa::212:7406:6:606: icmp_seq=193 ttl=62 time=80.2 ms
64 bytes from aaaa::212:7406:6:606: icmp_seq=194 ttl=62 time=98.2 ms
64 bytes from aaaa::212:7406:6:606: icmp_seq=195 ttl=62 time=96.1 ms
64 bytes from aaaa::212:7406:6:606: icmp_seq=198 ttl=62 time=97.4 ms
64 bytes from aaaa::212:7406:6:606: icmp_seq=199 ttl=62 time=78.6 ms

--- aaaa::212:7406:6:606 ping statistics ---
200 packets transmitted, 109 received, 45% packet loss, time 1008866ms
rtt min/avg/max/mdev = 70.009/120.589/920.955/91.250 ms
