PING aaaa::212:7404:4:404(aaaa::212:7404:4:404) 56 data bytes
64 bytes from aaaa::212:7404:4:404: icmp_seq=5 ttl=62 time=128 ms
64 bytes from aaaa::212:7404:4:404: icmp_seq=6 ttl=62 time=97.8 ms
64 bytes from aaaa::212:7404:4:404: icmp_seq=7 ttl=62 time=77.6 ms
64 bytes from aaaa::212:7404:4:404: icmp_seq=8 ttl=62 time=103 ms
64 bytes from aaaa::212:7404:4:404: icmp_seq=9 ttl=62 time=206 ms
64 bytes from aaaa::212:7404:4:404: icmp_seq=10 ttl=62 time=92.0 ms
64 bytes from aaaa::212:7404:4:404: icmp_seq=12 ttl=62 time=85.8 ms
64 bytes from aaaa::212:7404:4:404: icmp_seq=15 ttl=62 time=106 ms
64 bytes from aaaa::212:7404:4:404: icmp_seq=19 ttl=62 time=86.5 ms
64 bytes from aaaa::212:7404:4:404: icmp_seq=20 ttl=62 time=108 ms
64 bytes from aaaa::212:7404:4:404: icmp_seq=22 ttl=62 time=81.5 ms
64 bytes from aaaa::212:7404:4:404: icmp_seq=25 ttl=62 time=112 ms
64 bytes from aaaa::212:7404:4:404: icmp_seq=27 ttl=62 time=73.0 ms
64 bytes from aaaa::212:7404:4:404: icmp_seq=28 ttl=62 time=150 ms
64 bytes from aaaa::212:7404:4:404: icmp_seq=31 ttl=62 time=75.5 ms
64 bytes from aaaa::212:7404:4:404: icmp_seq=32 ttl=62 time=72.0 ms
64 bytes from aaaa::212:7404:4:404: icmp_seq=33 ttl=62 time=82.2 ms
64 bytes from aaaa::212:7404:4:404: icmp_seq=35 ttl=62 time=90.8 ms
64 bytes from aaaa::212:7404:4:404: icmp_seq=36 ttl=62 time=86.1 ms
64 bytes from aaaa::212:7404:4:404: icmp_seq=39 ttl=62 time=270 ms
64 bytes from aaaa::212:7404:4:404: icmp_seq=40 ttl=62 time=71.3 ms
64 bytes from aaaa::212:7404:4:404: icmp_seq=44 ttl=62 time=88.3 ms
64 bytes from aaaa::212:7404:4:404: icmp_seq=45 ttl=62 time=252 ms
64 bytes from aaaa::212:7404:4:404: icmp_seq=46 ttl=62 time=325 ms
64 bytes from aaaa::212:7404:4:404: icmp_seq=52 ttl=62 time=185 ms
64 bytes from aaaa::212:7404:4:404: icmp_seq=54 ttl=62 time=140 ms
64 bytes from aaaa::212:7404:4:404: icmp_seq=65 ttl=62 time=208 ms
64 bytes from aaaa::212:7404:4:404: icmp_seq=66 ttl=62 time=63.4 ms
64 bytes from aaaa::212:7404:4:404: icmp_seq=67 ttl=62 time=131 ms
64 bytes from aaaa::212:7404:4:404: icmp_seq=68 ttl=62 time=69.1 ms
64 bytes from aaaa::212:7404:4:404: icmp_seq=69 ttl=62 time=64.6 ms
64 bytes from aaaa::212:7404:4:404: icmp_seq=70 ttl=62 time=70.7 ms
64 bytes from aaaa::212:7404:4:404: icmp_seq=81 ttl=62 time=70.0 ms
64 bytes from aaaa::212:7404:4:404: icmp_seq=86 ttl=62 time=76.8 ms
64 bytes from aaaa::212:7404:4:404: icmp_seq=87 ttl=62 time=73.3 ms
64 bytes from aaaa::212:7404:4:404: icmp_seq=94 ttl=62 time=250 ms
64 bytes from aaaa::212:7404:4:404: icmp_seq=98 ttl=62 time=82.6 ms
64 bytes from aaaa::212:7404:4:404: icmp_seq=99 ttl=62 time=69.7 ms
64 bytes from aaaa::212:7404:4:404: icmp_seq=100 ttl=62 time=146 ms
64 bytes from aaaa::212:7404:4:404: icmp_seq=101 ttl=62 time=131 ms
64 bytes from aaaa::212:7404:4:404: icmp_seq=102 ttl=62 time=73.6 ms
64 bytes from aaaa::212:7404:4:404: icmp_seq=103 ttl=62 time=82.0 ms
64 bytes from aaaa::212:7404:4:404: icmp_seq=104 ttl=62 time=78.1 ms
64 bytes from aaaa::212:7404:4:404: icmp_seq=105 ttl=62 time=71.0 ms
64 bytes from aaaa::212:7404:4:404: icmp_seq=106 ttl=62 time=96.4 ms
64 bytes from aaaa::212:7404:4:404: icmp_seq=107 ttl=62 time=345 ms
64 bytes from aaaa::212:7404:4:404: icmp_seq=109 ttl=62 time=71.7 ms
64 bytes from aaaa::212:7404:4:404: icmp_seq=111 ttl=62 time=78.2 ms
64 bytes from aaaa::212:7404:4:404: icmp_seq=113 ttl=62 time=85.0 ms
64 bytes from aaaa::212:7404:4:404: icmp_seq=114 ttl=62 time=76.7 ms
64 bytes from aaaa::212:7404:4:404: icmp_seq=116 ttl=62 time=68.6 ms
64 bytes from aaaa::212:7404:4:404: icmp_seq=118 ttl=62 time=98.6 ms
64 bytes from aaaa::212:7404:4:404: icmp_seq=120 ttl=62 time=70.2 ms
64 bytes from aaaa::212:7404:4:404: icmp_seq=122 ttl=62 time=83.0 ms
64 bytes from aaaa::212:7404:4:404: icmp_seq=128 ttl=62 time=76.7 ms
64 bytes from aaaa::212:7404:4:404: icmp_seq=131 ttl=62 time=198 ms
64 bytes from aaaa::212:7404:4:404: icmp_seq=133 ttl=62 time=73.5 ms
64 bytes from aaaa::212:7404:4:404: icmp_seq=135 ttl=62 time=69.6 ms
64 bytes from aaaa::212:7404:4:404: icmp_seq=137 ttl=62 time=70.3 ms
64 bytes from aaaa::212:7404:4:404: icmp_seq=143 ttl=62 time=208 ms
64 bytes from aaaa::212:7404:4:404: icmp_seq=153 ttl=62 time=74.7 ms
64 bytes from aaaa::212:7404:4:404: icmp_seq=155 ttl=62 time=87.1 ms
64 bytes from aaaa::212:7404:4:404: icmp_seq=157 ttl=62 time=108 ms
64 bytes from aaaa::212:7404:4:404: icmp_seq=158 ttl=62 time=78.8 ms
64 bytes from aaaa::212:7404:4:404: icmp_seq=159 ttl=62 time=63.4 ms
64 bytes from aaaa::212:7404:4:404: icmp_seq=163 ttl=62 time=66.8 ms
64 bytes from aaaa::212:7404:4:404: icmp_seq=165 ttl=62 time=96.3 ms
64 bytes from aaaa::212:7404:4:404: icmp_seq=167 ttl=62 time=85.8 ms
64 bytes from aaaa::212:7404:4:404: icmp_seq=169 ttl=62 time=77.1 ms
64 bytes from aaaa::212:7404:4:404: icmp_seq=171 ttl=62 time=79.3 ms
64 bytes from aaaa::212:7404:4:404: icmp_seq=172 ttl=62 time=74.6 ms
64 bytes from aaaa::212:7404:4:404: icmp_seq=174 ttl=62 time=71.8 ms
64 bytes from aaaa::212:7404:4:404: icmp_seq=175 ttl=62 time=61.4 ms
64 bytes from aaaa::212:7404:4:404: icmp_seq=176 ttl=62 time=75.6 ms
64 bytes from aaaa::212:7404:4:404: icmp_seq=177 ttl=62 time=62.5 ms
64 bytes from aaaa::212:7404:4:404: icmp_seq=185 ttl=62 time=281 ms
64 bytes from aaaa::212:7404:4:404: icmp_seq=187 ttl=62 time=68.4 ms
64 bytes from aaaa::212:7404:4:404: icmp_seq=189 ttl=62 time=76.6 ms
64 bytes from aaaa::212:7404:4:404: icmp_seq=190 ttl=62 time=77.4 ms
64 bytes from aaaa::212:7404:4:404: icmp_seq=191 ttl=62 time=72.4 ms
64 bytes from aaaa::212:7404:4:404: icmp_seq=192 ttl=62 time=74.4 ms
64 bytes from aaaa::212:7404:4:404: icmp_seq=193 ttl=62 time=78.0 ms
64 bytes from aaaa::212:7404:4:404: icmp_seq=194 ttl=62 time=78.0 ms
64 bytes from aaaa::212:7404:4:404: icmp_seq=195 ttl=62 time=72.5 ms
64 bytes from aaaa::212:7404:4:404: icmp_seq=198 ttl=62 time=69.2 ms
64 bytes from aaaa::212:7404:4:404: icmp_seq=199 ttl=62 time=79.6 ms

--- aaaa::212:7404:4:404 ping statistics ---
200 packets transmitted, 86 received, 57% packet loss, time 1012149ms
rtt min/avg/max/mdev = 61.418/104.967/345.782/60.666 ms
