PING aaaa::212:7408:8:808(aaaa::212:7408:8:808) 56 data bytes
64 bytes from aaaa::212:7408:8:808: icmp_seq=4 ttl=60 time=262 ms
64 bytes from aaaa::212:7408:8:808: icmp_seq=5 ttl=60 time=366 ms
64 bytes from aaaa::212:7408:8:808: icmp_seq=6 ttl=60 time=401 ms
64 bytes from aaaa::212:7408:8:808: icmp_seq=7 ttl=60 time=253 ms
64 bytes from aaaa::212:7408:8:808: icmp_seq=8 ttl=60 time=281 ms
64 bytes from aaaa::212:7408:8:808: icmp_seq=14 ttl=60 time=311 ms
64 bytes from aaaa::212:7408:8:808: icmp_seq=15 ttl=60 time=404 ms
64 bytes from aaaa::212:7408:8:808: icmp_seq=16 ttl=60 time=214 ms
64 bytes from aaaa::212:7408:8:808: icmp_seq=18 ttl=60 time=180 ms
64 bytes from aaaa::212:7408:8:808: icmp_seq=19 ttl=60 time=185 ms
64 bytes from aaaa::212:7408:8:808: icmp_seq=21 ttl=60 time=187 ms
64 bytes from aaaa::212:7408:8:808: icmp_seq=24 ttl=60 time=211 ms
64 bytes from aaaa::212:7408:8:808: icmp_seq=26 ttl=60 time=157 ms
64 bytes from aaaa::212:7408:8:808: icmp_seq=27 ttl=60 time=334 ms
64 bytes from aaaa::212:7408:8:808: icmp_seq=44 ttl=60 time=345 ms
64 bytes from aaaa::212:7408:8:808: icmp_seq=52 ttl=60 time=159 ms
64 bytes from aaaa::212:7408:8:808: icmp_seq=54 ttl=60 time=269 ms
64 bytes from aaaa::212:7408:8:808: icmp_seq=55 ttl=60 time=358 ms
64 bytes from aaaa::212:7408:8:808: icmp_seq=56 ttl=60 time=375 ms
64 bytes from aaaa::212:7408:8:808: icmp_seq=57 ttl=60 time=367 ms
64 bytes from aaaa::212:7408:8:808: icmp_seq=59 ttl=60 time=153 ms
64 bytes from aaaa::212:7408:8:808: icmp_seq=60 ttl=60 time=152 ms
64 bytes from aaaa::212:7408:8:808: icmp_seq=61 ttl=60 time=154 ms
64 bytes from aaaa::212:7408:8:808: icmp_seq=62 ttl=60 time=170 ms
64 bytes from aaaa::212:7408:8:808: icmp_seq=63 ttl=60 time=137 ms
64 bytes from aaaa::212:7408:8:808: icmp_seq=64 ttl=60 time=174 ms
64 bytes from aaaa::212:7408:8:808: icmp_seq=65 ttl=60 time=142 ms
64 bytes from aaaa::212:7408:8:808: icmp_seq=70 ttl=60 time=189 ms
64 bytes from aaaa::212:7408:8:808: icmp_seq=71 ttl=60 time=159 ms
64 bytes from aaaa::212:7408:8:808: icmp_seq=72 ttl=60 time=145 ms
64 bytes from aaaa::212:7408:8:808: icmp_seq=73 ttl=60 time=170 ms
64 bytes from aaaa::212:7408:8:808: icmp_seq=74 ttl=60 time=183 ms
64 bytes from aaaa::212:7408:8:808: icmp_seq=84 ttl=60 time=167 ms
64 bytes from aaaa::212:7408:8:808: icmp_seq=86 ttl=60 time=174 ms
64 bytes from aaaa::212:7408:8:808: icmp_seq=87 ttl=60 time=142 ms
64 bytes from aaaa::212:7408:8:808: icmp_seq=88 ttl=60 time=150 ms
64 bytes from aaaa::212:7408:8:808: icmp_seq=89 ttl=60 time=158 ms
64 bytes from aaaa::212:7408:8:808: icmp_seq=90 ttl=60 time=151 ms
64 bytes from aaaa::212:7408:8:808: icmp_seq=91 ttl=60 time=167 ms
64 bytes from aaaa::212:7408:8:808: icmp_seq=92 ttl=60 time=140 ms
64 bytes from aaaa::212:7408:8:808: icmp_seq=93 ttl=60 time=189 ms
64 bytes from aaaa::212:7408:8:808: icmp_seq=94 ttl=60 time=165 ms
64 bytes from aaaa::212:7408:8:808: icmp_seq=97 ttl=60 time=201 ms
64 bytes from aaaa::212:7408:8:808: icmp_seq=98 ttl=60 time=145 ms
64 bytes from aaaa::212:7408:8:808: icmp_seq=108 ttl=60 time=217 ms
64 bytes from aaaa::212:7408:8:808: icmp_seq=109 ttl=60 time=287 ms
64 bytes from aaaa::212:7408:8:808: icmp_seq=117 ttl=60 time=223 ms
64 bytes from aaaa::212:7408:8:808: icmp_seq=119 ttl=60 time=167 ms
64 bytes from aaaa::212:7408:8:808: icmp_seq=121 ttl=60 time=158 ms
64 bytes from aaaa::212:7408:8:808: icmp_seq=127 ttl=60 time=144 ms
64 bytes from aaaa::212:7408:8:808: icmp_seq=132 ttl=60 time=251 ms
64 bytes from aaaa::212:7408:8:808: icmp_seq=134 ttl=60 time=146 ms
64 bytes from aaaa::212:7408:8:808: icmp_seq=136 ttl=60 time=173 ms
64 bytes from aaaa::212:7408:8:808: icmp_seq=139 ttl=60 time=160 ms
64 bytes from aaaa::212:7408:8:808: icmp_seq=140 ttl=60 time=155 ms
64 bytes from aaaa::212:7408:8:808: icmp_seq=141 ttl=60 time=187 ms
64 bytes from aaaa::212:7408:8:808: icmp_seq=143 ttl=60 time=155 ms
64 bytes from aaaa::212:7408:8:808: icmp_seq=145 ttl=60 time=266 ms
64 bytes from aaaa::212:7408:8:808: icmp_seq=146 ttl=60 time=184 ms
64 bytes from aaaa::212:7408:8:808: icmp_seq=153 ttl=60 time=152 ms
64 bytes from aaaa::212:7408:8:808: icmp_seq=154 ttl=60 time=139 ms
64 bytes from aaaa::212:7408:8:808: icmp_seq=155 ttl=60 time=143 ms
64 bytes from aaaa::212:7408:8:808: icmp_seq=159 ttl=60 time=153 ms
64 bytes from aaaa::212:7408:8:808: icmp_seq=160 ttl=60 time=178 ms
64 bytes from aaaa::212:7408:8:808: icmp_seq=161 ttl=60 time=160 ms
64 bytes from aaaa::212:7408:8:808: icmp_seq=162 ttl=60 time=166 ms
64 bytes from aaaa::212:7408:8:808: icmp_seq=163 ttl=60 time=186 ms
64 bytes from aaaa::212:7408:8:808: icmp_seq=165 ttl=60 time=163 ms
64 bytes from aaaa::212:7408:8:808: icmp_seq=167 ttl=60 time=168 ms
64 bytes from aaaa::212:7408:8:808: icmp_seq=169 ttl=60 time=145 ms
64 bytes from aaaa::212:7408:8:808: icmp_seq=170 ttl=60 time=337 ms
64 bytes from aaaa::212:7408:8:808: icmp_seq=172 ttl=60 time=275 ms
64 bytes from aaaa::212:7408:8:808: icmp_seq=173 ttl=60 time=271 ms
64 bytes from aaaa::212:7408:8:808: icmp_seq=174 ttl=60 time=150 ms
64 bytes from aaaa::212:7408:8:808: icmp_seq=175 ttl=60 time=156 ms
64 bytes from aaaa::212:7408:8:808: icmp_seq=176 ttl=60 time=163 ms
64 bytes from aaaa::212:7408:8:808: icmp_seq=177 ttl=60 time=143 ms
64 bytes from aaaa::212:7408:8:808: icmp_seq=185 ttl=60 time=208 ms
64 bytes from aaaa::212:7408:8:808: icmp_seq=187 ttl=60 time=157 ms
64 bytes from aaaa::212:7408:8:808: icmp_seq=195 ttl=60 time=146 ms
64 bytes from aaaa::212:7408:8:808: icmp_seq=196 ttl=60 time=144 ms
64 bytes from aaaa::212:7408:8:808: icmp_seq=198 ttl=60 time=258 ms
64 bytes from aaaa::212:7408:8:808: icmp_seq=199 ttl=60 time=273 ms
64 bytes from aaaa::212:7408:8:808: icmp_seq=200 ttl=60 time=154 ms

--- aaaa::212:7408:8:808 ping statistics ---
200 packets transmitted, 84 received, 58% packet loss, time 1011470ms
rtt min/avg/max/mdev = 137.074/202.388/404.282/70.586 ms
