PING aaaa::212:7402:2:202(aaaa::212:7402:2:202) 56 data bytes
64 bytes from aaaa::212:7402:2:202: icmp_seq=1 ttl=62 time=109 ms
64 bytes from aaaa::212:7402:2:202: icmp_seq=4 ttl=62 time=125 ms
64 bytes from aaaa::212:7402:2:202: icmp_seq=5 ttl=62 time=73.7 ms
64 bytes from aaaa::212:7402:2:202: icmp_seq=7 ttl=62 time=82.5 ms
64 bytes from aaaa::212:7402:2:202: icmp_seq=8 ttl=62 time=83.3 ms
64 bytes from aaaa::212:7402:2:202: icmp_seq=9 ttl=62 time=68.4 ms
64 bytes from aaaa::212:7402:2:202: icmp_seq=10 ttl=62 time=104 ms
64 bytes from aaaa::212:7402:2:202: icmp_seq=15 ttl=62 time=186 ms
64 bytes from aaaa::212:7402:2:202: icmp_seq=18 ttl=62 time=146 ms
64 bytes from aaaa::212:7402:2:202: icmp_seq=21 ttl=62 time=132 ms
64 bytes from aaaa::212:7402:2:202: icmp_seq=23 ttl=62 time=66.8 ms
64 bytes from aaaa::212:7402:2:202: icmp_seq=24 ttl=62 time=127 ms
64 bytes from aaaa::212:7402:2:202: icmp_seq=26 ttl=62 time=102 ms
64 bytes from aaaa::212:7402:2:202: icmp_seq=28 ttl=62 time=82.0 ms
64 bytes from aaaa::212:7402:2:202: icmp_seq=29 ttl=62 time=93.0 ms
64 bytes from aaaa::212:7402:2:202: icmp_seq=31 ttl=62 time=64.9 ms
64 bytes from aaaa::212:7402:2:202: icmp_seq=32 ttl=62 time=129 ms
64 bytes from aaaa::212:7402:2:202: icmp_seq=33 ttl=62 time=104 ms
64 bytes from aaaa::212:7402:2:202: icmp_seq=34 ttl=62 time=79.3 ms
64 bytes from aaaa::212:7402:2:202: icmp_seq=35 ttl=62 time=82.3 ms
64 bytes from aaaa::212:7402:2:202: icmp_seq=36 ttl=62 time=95.4 ms
64 bytes from aaaa::212:7402:2:202: icmp_seq=37 ttl=62 time=109 ms
64 bytes from aaaa::212:7402:2:202: icmp_seq=42 ttl=62 time=78.3 ms
64 bytes from aaaa::212:7402:2:202: icmp_seq=43 ttl=62 time=95.3 ms
64 bytes from aaaa::212:7402:2:202: icmp_seq=45 ttl=62 time=80.7 ms
64 bytes from aaaa::212:7402:2:202: icmp_seq=46 ttl=62 time=91.5 ms
64 bytes from aaaa::212:7402:2:202: icmp_seq=49 ttl=62 time=88.5 ms
64 bytes from aaaa::212:7402:2:202: icmp_seq=50 ttl=62 time=74.3 ms
64 bytes from aaaa::212:7402:2:202: icmp_seq=51 ttl=62 time=66.4 ms
64 bytes from aaaa::212:7402:2:202: icmp_seq=52 ttl=62 time=86.7 ms
64 bytes from aaaa::212:7402:2:202: icmp_seq=53 ttl=62 time=91.5 ms
64 bytes from aaaa::212:7402:2:202: icmp_seq=57 ttl=62 time=85.8 ms
64 bytes from aaaa::212:7402:2:202: icmp_seq=67 ttl=62 time=103 ms
64 bytes from aaaa::212:7402:2:202: icmp_seq=68 ttl=62 time=90.3 ms
64 bytes from aaaa::212:7402:2:202: icmp_seq=69 ttl=62 time=63.2 ms
64 bytes from aaaa::212:7402:2:202: icmp_seq=70 ttl=62 time=88.0 ms
64 bytes from aaaa::212:7402:2:202: icmp_seq=76 ttl=62 time=76.5 ms
64 bytes from aaaa::212:7402:2:202: icmp_seq=77 ttl=62 time=68.7 ms
64 bytes from aaaa::212:7402:2:202: icmp_seq=78 ttl=62 time=76.5 ms
64 bytes from aaaa::212:7402:2:202: icmp_seq=79 ttl=62 time=79.1 ms
64 bytes from aaaa::212:7402:2:202: icmp_seq=80 ttl=62 time=58.9 ms
64 bytes from aaaa::212:7402:2:202: icmp_seq=81 ttl=62 time=88.6 ms
64 bytes from aaaa::212:7402:2:202: icmp_seq=83 ttl=62 time=74.1 ms
64 bytes from aaaa::212:7402:2:202: icmp_seq=84 ttl=62 time=62.3 ms
64 bytes from aaaa::212:7402:2:202: icmp_seq=86 ttl=62 time=82.4 ms
64 bytes from aaaa::212:7402:2:202: icmp_seq=97 ttl=62 time=69.7 ms
64 bytes from aaaa::212:7402:2:202: icmp_seq=98 ttl=62 time=67.0 ms
64 bytes from aaaa::212:7402:2:202: icmp_seq=101 ttl=62 time=75.8 ms
64 bytes from aaaa::212:7402:2:202: icmp_seq=102 ttl=62 time=126 ms
64 bytes from aaaa::212:7402:2:202: icmp_seq=103 ttl=62 time=73.9 ms
64 bytes from aaaa::212:7402:2:202: icmp_seq=104 ttl=62 time=81.1 ms
64 bytes from aaaa::212:7402:2:202: icmp_seq=105 ttl=62 time=80.7 ms
64 bytes from aaaa::212:7402:2:202: icmp_seq=106 ttl=62 time=81.3 ms
64 bytes from aaaa::212:7402:2:202: icmp_seq=107 ttl=62 time=74.4 ms
64 bytes from aaaa::212:7402:2:202: icmp_seq=108 ttl=62 time=80.4 ms
64 bytes from aaaa::212:7402:2:202: icmp_seq=111 ttl=62 time=65.5 ms
64 bytes from aaaa::212:7402:2:202: icmp_seq=112 ttl=62 time=74.2 ms
64 bytes from aaaa::212:7402:2:202: icmp_seq=114 ttl=62 time=93.8 ms
64 bytes from aaaa::212:7402:2:202: icmp_seq=117 ttl=62 time=79.3 ms
64 bytes from aaaa::212:7402:2:202: icmp_seq=118 ttl=62 time=204 ms
64 bytes from aaaa::212:7402:2:202: icmp_seq=120 ttl=62 time=110 ms
64 bytes from aaaa::212:7402:2:202: icmp_seq=122 ttl=62 time=92.5 ms
64 bytes from aaaa::212:7402:2:202: icmp_seq=139 ttl=62 time=77.0 ms
64 bytes from aaaa::212:7402:2:202: icmp_seq=151 ttl=62 time=63.1 ms
64 bytes from aaaa::212:7402:2:202: icmp_seq=157 ttl=62 time=90.6 ms
64 bytes from aaaa::212:7402:2:202: icmp_seq=161 ttl=62 time=71.5 ms
64 bytes from aaaa::212:7402:2:202: icmp_seq=162 ttl=62 time=76.1 ms
64 bytes from aaaa::212:7402:2:202: icmp_seq=163 ttl=62 time=174 ms
64 bytes from aaaa::212:7402:2:202: icmp_seq=165 ttl=62 time=69.9 ms
64 bytes from aaaa::212:7402:2:202: icmp_seq=167 ttl=62 time=76.1 ms
64 bytes from aaaa::212:7402:2:202: icmp_seq=169 ttl=62 time=61.3 ms
64 bytes from aaaa::212:7402:2:202: icmp_seq=172 ttl=62 time=70.3 ms
64 bytes from aaaa::212:7402:2:202: icmp_seq=174 ttl=62 time=106 ms
64 bytes from aaaa::212:7402:2:202: icmp_seq=179 ttl=62 time=77.9 ms
64 bytes from aaaa::212:7402:2:202: icmp_seq=180 ttl=62 time=80.0 ms
64 bytes from aaaa::212:7402:2:202: icmp_seq=181 ttl=62 time=58.1 ms
64 bytes from aaaa::212:7402:2:202: icmp_seq=182 ttl=62 time=115 ms
64 bytes from aaaa::212:7402:2:202: icmp_seq=183 ttl=62 time=57.7 ms
64 bytes from aaaa::212:7402:2:202: icmp_seq=184 ttl=62 time=91.6 ms
64 bytes from aaaa::212:7402:2:202: icmp_seq=185 ttl=62 time=94.0 ms
64 bytes from aaaa::212:7402:2:202: icmp_seq=187 ttl=62 time=92.9 ms
64 bytes from aaaa::212:7402:2:202: icmp_seq=189 ttl=62 time=75.5 ms
64 bytes from aaaa::212:7402:2:202: icmp_seq=197 ttl=62 time=65.4 ms
64 bytes from aaaa::212:7402:2:202: icmp_seq=198 ttl=62 time=75.6 ms

--- aaaa::212:7402:2:202 ping statistics ---
200 packets transmitted, 84 received, 58% packet loss, time 1011053ms
rtt min/avg/max/mdev = 57.756/88.775/204.986/26.608 ms
