PING aaaa::212:740f:f:f0f(aaaa::212:740f:f:f0f) 56 data bytes
64 bytes from aaaa::212:740f:f:f0f: icmp_seq=7 ttl=60 time=582 ms
64 bytes from aaaa::212:740f:f:f0f: icmp_seq=8 ttl=60 time=453 ms
64 bytes from aaaa::212:740f:f:f0f: icmp_seq=17 ttl=60 time=325 ms
64 bytes from aaaa::212:740f:f:f0f: icmp_seq=18 ttl=60 time=361 ms
64 bytes from aaaa::212:740f:f:f0f: icmp_seq=19 ttl=60 time=494 ms
64 bytes from aaaa::212:740f:f:f0f: icmp_seq=20 ttl=60 time=266 ms
64 bytes from aaaa::212:740f:f:f0f: icmp_seq=22 ttl=60 time=297 ms
64 bytes from aaaa::212:740f:f:f0f: icmp_seq=25 ttl=60 time=432 ms
64 bytes from aaaa::212:740f:f:f0f: icmp_seq=31 ttl=60 time=269 ms
64 bytes from aaaa::212:740f:f:f0f: icmp_seq=32 ttl=60 time=298 ms
64 bytes from aaaa::212:740f:f:f0f: icmp_seq=33 ttl=60 time=747 ms
64 bytes from aaaa::212:740f:f:f0f: icmp_seq=34 ttl=60 time=787 ms
64 bytes from aaaa::212:740f:f:f0f: icmp_seq=35 ttl=60 time=293 ms
64 bytes from aaaa::212:740f:f:f0f: icmp_seq=36 ttl=60 time=296 ms
64 bytes from aaaa::212:740f:f:f0f: icmp_seq=38 ttl=60 time=396 ms
64 bytes from aaaa::212:740f:f:f0f: icmp_seq=40 ttl=60 time=464 ms
64 bytes from aaaa::212:740f:f:f0f: icmp_seq=41 ttl=60 time=321 ms
64 bytes from aaaa::212:740f:f:f0f: icmp_seq=42 ttl=60 time=670 ms
64 bytes from aaaa::212:740f:f:f0f: icmp_seq=43 ttl=60 time=558 ms
64 bytes from aaaa::212:740f:f:f0f: icmp_seq=44 ttl=60 time=904 ms
64 bytes from aaaa::212:740f:f:f0f: icmp_seq=45 ttl=60 time=426 ms
64 bytes from aaaa::212:740f:f:f0f: icmp_seq=46 ttl=60 time=587 ms
64 bytes from aaaa::212:740f:f:f0f: icmp_seq=48 ttl=60 time=532 ms
64 bytes from aaaa::212:740f:f:f0f: icmp_seq=49 ttl=60 time=480 ms
64 bytes from aaaa::212:740f:f:f0f: icmp_seq=50 ttl=60 time=570 ms
64 bytes from aaaa::212:740f:f:f0f: icmp_seq=51 ttl=60 time=337 ms
64 bytes from aaaa::212:740f:f:f0f: icmp_seq=52 ttl=60 time=578 ms
64 bytes from aaaa::212:740f:f:f0f: icmp_seq=53 ttl=60 time=315 ms
64 bytes from aaaa::212:740f:f:f0f: icmp_seq=54 ttl=60 time=604 ms
64 bytes from aaaa::212:740f:f:f0f: icmp_seq=55 ttl=60 time=454 ms
64 bytes from aaaa::212:740f:f:f0f: icmp_seq=56 ttl=60 time=429 ms
64 bytes from aaaa::212:740f:f:f0f: icmp_seq=57 ttl=60 time=468 ms
64 bytes from aaaa::212:740f:f:f0f: icmp_seq=59 ttl=60 time=975 ms
64 bytes from aaaa::212:740f:f:f0f: icmp_seq=60 ttl=60 time=723 ms
64 bytes from aaaa::212:740f:f:f0f: icmp_seq=77 ttl=60 time=428 ms
64 bytes from aaaa::212:740f:f:f0f: icmp_seq=79 ttl=60 time=427 ms
64 bytes from aaaa::212:740f:f:f0f: icmp_seq=83 ttl=60 time=394 ms
64 bytes from aaaa::212:740f:f:f0f: icmp_seq=84 ttl=60 time=353 ms
64 bytes from aaaa::212:740f:f:f0f: icmp_seq=86 ttl=60 time=334 ms
64 bytes from aaaa::212:740f:f:f0f: icmp_seq=87 ttl=60 time=379 ms
64 bytes from aaaa::212:740f:f:f0f: icmp_seq=89 ttl=60 time=333 ms
64 bytes from aaaa::212:740f:f:f0f: icmp_seq=90 ttl=60 time=431 ms
64 bytes from aaaa::212:740f:f:f0f: icmp_seq=96 ttl=60 time=439 ms
64 bytes from aaaa::212:740f:f:f0f: icmp_seq=98 ttl=60 time=475 ms
64 bytes from aaaa::212:740f:f:f0f: icmp_seq=100 ttl=60 time=420 ms
64 bytes from aaaa::212:740f:f:f0f: icmp_seq=101 ttl=60 time=937 ms
64 bytes from aaaa::212:740f:f:f0f: icmp_seq=105 ttl=60 time=319 ms
64 bytes from aaaa::212:740f:f:f0f: icmp_seq=107 ttl=60 time=321 ms
64 bytes from aaaa::212:740f:f:f0f: icmp_seq=108 ttl=60 time=267 ms
64 bytes from aaaa::212:740f:f:f0f: icmp_seq=109 ttl=60 time=374 ms
64 bytes from aaaa::212:740f:f:f0f: icmp_seq=110 ttl=60 time=328 ms
64 bytes from aaaa::212:740f:f:f0f: icmp_seq=111 ttl=60 time=263 ms
64 bytes from aaaa::212:740f:f:f0f: icmp_seq=112 ttl=60 time=409 ms
64 bytes from aaaa::212:740f:f:f0f: icmp_seq=114 ttl=60 time=256 ms
64 bytes from aaaa::212:740f:f:f0f: icmp_seq=116 ttl=60 time=229 ms
64 bytes from aaaa::212:740f:f:f0f: icmp_seq=117 ttl=60 time=252 ms
64 bytes from aaaa::212:740f:f:f0f: icmp_seq=119 ttl=60 time=321 ms
64 bytes from aaaa::212:740f:f:f0f: icmp_seq=120 ttl=60 time=225 ms
64 bytes from aaaa::212:740f:f:f0f: icmp_seq=121 ttl=60 time=308 ms
64 bytes from aaaa::212:740f:f:f0f: icmp_seq=122 ttl=60 time=246 ms
64 bytes from aaaa::212:740f:f:f0f: icmp_seq=123 ttl=60 time=2097 ms
64 bytes from aaaa::212:740f:f:f0f: icmp_seq=124 ttl=60 time=309 ms
64 bytes from aaaa::212:740f:f:f0f: icmp_seq=125 ttl=60 time=302 ms
64 bytes from aaaa::212:740f:f:f0f: icmp_seq=130 ttl=60 time=248 ms
64 bytes from aaaa::212:740f:f:f0f: icmp_seq=131 ttl=60 time=388 ms
64 bytes from aaaa::212:740f:f:f0f: icmp_seq=132 ttl=60 time=255 ms
64 bytes from aaaa::212:740f:f:f0f: icmp_seq=133 ttl=60 time=541 ms
64 bytes from aaaa::212:740f:f:f0f: icmp_seq=134 ttl=60 time=405 ms
64 bytes from aaaa::212:740f:f:f0f: icmp_seq=136 ttl=60 time=237 ms
64 bytes from aaaa::212:740f:f:f0f: icmp_seq=137 ttl=60 time=289 ms
64 bytes from aaaa::212:740f:f:f0f: icmp_seq=138 ttl=60 time=303 ms
64 bytes from aaaa::212:740f:f:f0f: icmp_seq=140 ttl=60 time=341 ms
64 bytes from aaaa::212:740f:f:f0f: icmp_seq=141 ttl=60 time=316 ms
64 bytes from aaaa::212:740f:f:f0f: icmp_seq=144 ttl=60 time=265 ms
64 bytes from aaaa::212:740f:f:f0f: icmp_seq=146 ttl=60 time=472 ms
64 bytes from aaaa::212:740f:f:f0f: icmp_seq=148 ttl=60 time=1179 ms
64 bytes from aaaa::212:740f:f:f0f: icmp_seq=149 ttl=60 time=634 ms
64 bytes from aaaa::212:740f:f:f0f: icmp_seq=150 ttl=60 time=963 ms
64 bytes from aaaa::212:740f:f:f0f: icmp_seq=153 ttl=60 time=697 ms
64 bytes from aaaa::212:740f:f:f0f: icmp_seq=156 ttl=60 time=515 ms
64 bytes from aaaa::212:740f:f:f0f: icmp_seq=157 ttl=60 time=311 ms
64 bytes from aaaa::212:740f:f:f0f: icmp_seq=158 ttl=60 time=446 ms
64 bytes from aaaa::212:740f:f:f0f: icmp_seq=159 ttl=60 time=946 ms
64 bytes from aaaa::212:740f:f:f0f: icmp_seq=160 ttl=60 time=439 ms
64 bytes from aaaa::212:740f:f:f0f: icmp_seq=161 ttl=60 time=376 ms
64 bytes from aaaa::212:740f:f:f0f: icmp_seq=162 ttl=60 time=235 ms
64 bytes from aaaa::212:740f:f:f0f: icmp_seq=164 ttl=60 time=425 ms
64 bytes from aaaa::212:740f:f:f0f: icmp_seq=165 ttl=60 time=463 ms
64 bytes from aaaa::212:740f:f:f0f: icmp_seq=166 ttl=60 time=433 ms
64 bytes from aaaa::212:740f:f:f0f: icmp_seq=167 ttl=60 time=417 ms
64 bytes from aaaa::212:740f:f:f0f: icmp_seq=169 ttl=60 time=718 ms
64 bytes from aaaa::212:740f:f:f0f: icmp_seq=170 ttl=60 time=326 ms
64 bytes from aaaa::212:740f:f:f0f: icmp_seq=173 ttl=60 time=770 ms
64 bytes from aaaa::212:740f:f:f0f: icmp_seq=176 ttl=60 time=716 ms
64 bytes from aaaa::212:740f:f:f0f: icmp_seq=179 ttl=60 time=643 ms
64 bytes from aaaa::212:740f:f:f0f: icmp_seq=183 ttl=60 time=616 ms
64 bytes from aaaa::212:740f:f:f0f: icmp_seq=185 ttl=60 time=484 ms
64 bytes from aaaa::212:740f:f:f0f: icmp_seq=188 ttl=60 time=545 ms
64 bytes from aaaa::212:740f:f:f0f: icmp_seq=191 ttl=60 time=440 ms
64 bytes from aaaa::212:740f:f:f0f: icmp_seq=197 ttl=60 time=252 ms
64 bytes from aaaa::212:740f:f:f0f: icmp_seq=198 ttl=60 time=250 ms
64 bytes from aaaa::212:740f:f:f0f: icmp_seq=199 ttl=60 time=255 ms

--- aaaa::212:740f:f:f0f ping statistics ---
200 packets transmitted, 102 received, 49% packet loss, time 1009239ms
rtt min/avg/max/mdev = 225.789/465.378/2097.024/251.821 ms
