PING aaaa::212:740e:e:e0e(aaaa::212:740e:e:e0e) 56 data bytes
64 bytes from aaaa::212:740e:e:e0e: icmp_seq=4 ttl=59 time=417 ms
64 bytes from aaaa::212:740e:e:e0e: icmp_seq=5 ttl=59 time=307 ms
64 bytes from aaaa::212:740e:e:e0e: icmp_seq=6 ttl=59 time=322 ms
64 bytes from aaaa::212:740e:e:e0e: icmp_seq=7 ttl=59 time=309 ms
64 bytes from aaaa::212:740e:e:e0e: icmp_seq=8 ttl=59 time=267 ms
64 bytes from aaaa::212:740e:e:e0e: icmp_seq=9 ttl=59 time=675 ms
64 bytes from aaaa::212:740e:e:e0e: icmp_seq=10 ttl=59 time=234 ms
64 bytes from aaaa::212:740e:e:e0e: icmp_seq=11 ttl=59 time=248 ms
64 bytes from aaaa::212:740e:e:e0e: icmp_seq=12 ttl=59 time=344 ms
64 bytes from aaaa::212:740e:e:e0e: icmp_seq=13 ttl=59 time=292 ms
64 bytes from aaaa::212:740e:e:e0e: icmp_seq=14 ttl=59 time=287 ms
64 bytes from aaaa::212:740e:e:e0e: icmp_seq=15 ttl=59 time=243 ms
64 bytes from aaaa::212:740e:e:e0e: icmp_seq=16 ttl=59 time=288 ms
64 bytes from aaaa::212:740e:e:e0e: icmp_seq=17 ttl=59 time=276 ms
64 bytes from aaaa::212:740e:e:e0e: icmp_seq=18 ttl=59 time=357 ms
64 bytes from aaaa::212:740e:e:e0e: icmp_seq=19 ttl=59 time=290 ms
64 bytes from aaaa::212:740e:e:e0e: icmp_seq=20 ttl=59 time=276 ms
64 bytes from aaaa::212:740e:e:e0e: icmp_seq=21 ttl=59 time=880 ms
64 bytes from aaaa::212:740e:e:e0e: icmp_seq=22 ttl=59 time=343 ms
64 bytes from aaaa::212:740e:e:e0e: icmp_seq=23 ttl=59 time=319 ms
64 bytes from aaaa::212:740e:e:e0e: icmp_seq=24 ttl=59 time=296 ms
64 bytes from aaaa::212:740e:e:e0e: icmp_seq=25 ttl=59 time=261 ms
64 bytes from aaaa::212:740e:e:e0e: icmp_seq=26 ttl=59 time=294 ms
64 bytes from aaaa::212:740e:e:e0e: icmp_seq=27 ttl=59 time=297 ms
64 bytes from aaaa::212:740e:e:e0e: icmp_seq=28 ttl=59 time=358 ms
64 bytes from aaaa::212:740e:e:e0e: icmp_seq=29 ttl=59 time=364 ms
64 bytes from aaaa::212:740e:e:e0e: icmp_seq=30 ttl=59 time=385 ms
64 bytes from aaaa::212:740e:e:e0e: icmp_seq=31 ttl=59 time=325 ms
64 bytes from aaaa::212:740e:e:e0e: icmp_seq=32 ttl=59 time=322 ms
64 bytes from aaaa::212:740e:e:e0e: icmp_seq=33 ttl=59 time=331 ms
64 bytes from aaaa::212:740e:e:e0e: icmp_seq=34 ttl=59 time=361 ms
64 bytes from aaaa::212:740e:e:e0e: icmp_seq=35 ttl=59 time=342 ms
64 bytes from aaaa::212:740e:e:e0e: icmp_seq=36 ttl=59 time=343 ms
64 bytes from aaaa::212:740e:e:e0e: icmp_seq=37 ttl=59 time=329 ms
64 bytes from aaaa::212:740e:e:e0e: icmp_seq=38 ttl=59 time=291 ms
64 bytes from aaaa::212:740e:e:e0e: icmp_seq=39 ttl=59 time=440 ms
64 bytes from aaaa::212:740e:e:e0e: icmp_seq=40 ttl=59 time=331 ms
64 bytes from aaaa::212:740e:e:e0e: icmp_seq=41 ttl=59 time=288 ms
64 bytes from aaaa::212:740e:e:e0e: icmp_seq=42 ttl=59 time=642 ms
64 bytes from aaaa::212:740e:e:e0e: icmp_seq=43 ttl=59 time=1047 ms
64 bytes from aaaa::212:740e:e:e0e: icmp_seq=44 ttl=59 time=754 ms
64 bytes from aaaa::212:740e:e:e0e: icmp_seq=45 ttl=59 time=557 ms
64 bytes from aaaa::212:740e:e:e0e: icmp_seq=46 ttl=59 time=480 ms
64 bytes from aaaa::212:740e:e:e0e: icmp_seq=47 ttl=59 time=588 ms
64 bytes from aaaa::212:740e:e:e0e: icmp_seq=48 ttl=59 time=524 ms
64 bytes from aaaa::212:740e:e:e0e: icmp_seq=49 ttl=59 time=488 ms
64 bytes from aaaa::212:740e:e:e0e: icmp_seq=50 ttl=59 time=616 ms
64 bytes from aaaa::212:740e:e:e0e: icmp_seq=51 ttl=59 time=399 ms
64 bytes from aaaa::212:740e:e:e0e: icmp_seq=52 ttl=59 time=575 ms
64 bytes from aaaa::212:740e:e:e0e: icmp_seq=53 ttl=59 time=393 ms
64 bytes from aaaa::212:740e:e:e0e: icmp_seq=54 ttl=59 time=443 ms
64 bytes from aaaa::212:740e:e:e0e: icmp_seq=55 ttl=59 time=335 ms
64 bytes from aaaa::212:740e:e:e0e: icmp_seq=56 ttl=59 time=376 ms
64 bytes from aaaa::212:740e:e:e0e: icmp_seq=57 ttl=59 time=611 ms
64 bytes from aaaa::212:740e:e:e0e: icmp_seq=58 ttl=59 time=433 ms
64 bytes from aaaa::212:740e:e:e0e: icmp_seq=60 ttl=59 time=400 ms
64 bytes from aaaa::212:740e:e:e0e: icmp_seq=61 ttl=59 time=393 ms
64 bytes from aaaa::212:740e:e:e0e: icmp_seq=62 ttl=59 time=713 ms
64 bytes from aaaa::212:740e:e:e0e: icmp_seq=63 ttl=59 time=688 ms
64 bytes from aaaa::212:740e:e:e0e: icmp_seq=64 ttl=59 time=805 ms
64 bytes from aaaa::212:740e:e:e0e: icmp_seq=65 ttl=59 time=431 ms
64 bytes from aaaa::212:740e:e:e0e: icmp_seq=66 ttl=59 time=315 ms
64 bytes from aaaa::212:740e:e:e0e: icmp_seq=67 ttl=59 time=441 ms
64 bytes from aaaa::212:740e:e:e0e: icmp_seq=68 ttl=59 time=367 ms
64 bytes from aaaa::212:740e:e:e0e: icmp_seq=69 ttl=59 time=448 ms
64 bytes from aaaa::212:740e:e:e0e: icmp_seq=70 ttl=59 time=310 ms
64 bytes from aaaa::212:740e:e:e0e: icmp_seq=71 ttl=59 time=489 ms
64 bytes from aaaa::212:740e:e:e0e: icmp_seq=72 ttl=59 time=352 ms
64 bytes from aaaa::212:740e:e:e0e: icmp_seq=73 ttl=59 time=331 ms
64 bytes from aaaa::212:740e:e:e0e: icmp_seq=74 ttl=59 time=334 ms
64 bytes from aaaa::212:740e:e:e0e: icmp_seq=75 ttl=59 time=306 ms
64 bytes from aaaa::212:740e:e:e0e: icmp_seq=76 ttl=59 time=347 ms
64 bytes from aaaa::212:740e:e:e0e: icmp_seq=77 ttl=59 time=362 ms
64 bytes from aaaa::212:740e:e:e0e: icmp_seq=78 ttl=59 time=409 ms
64 bytes from aaaa::212:740e:e:e0e: icmp_seq=79 ttl=59 time=297 ms
64 bytes from aaaa::212:740e:e:e0e: icmp_seq=80 ttl=59 time=327 ms
64 bytes from aaaa::212:740e:e:e0e: icmp_seq=81 ttl=59 time=357 ms
64 bytes from aaaa::212:740e:e:e0e: icmp_seq=82 ttl=59 time=388 ms
64 bytes from aaaa::212:740e:e:e0e: icmp_seq=83 ttl=59 time=333 ms
64 bytes from aaaa::212:740e:e:e0e: icmp_seq=84 ttl=59 time=359 ms
64 bytes from aaaa::212:740e:e:e0e: icmp_seq=85 ttl=59 time=359 ms
64 bytes from aaaa::212:740e:e:e0e: icmp_seq=86 ttl=59 time=356 ms
64 bytes from aaaa::212:740e:e:e0e: icmp_seq=87 ttl=59 time=375 ms
64 bytes from aaaa::212:740e:e:e0e: icmp_seq=88 ttl=59 time=326 ms
64 bytes from aaaa::212:740e:e:e0e: icmp_seq=89 ttl=59 time=365 ms
64 bytes from aaaa::212:740e:e:e0e: icmp_seq=90 ttl=59 time=385 ms
64 bytes from aaaa::212:740e:e:e0e: icmp_seq=91 ttl=59 time=330 ms
64 bytes from aaaa::212:740e:e:e0e: icmp_seq=92 ttl=59 time=383 ms
64 bytes from aaaa::212:740e:e:e0e: icmp_seq=93 ttl=59 time=384 ms
64 bytes from aaaa::212:740e:e:e0e: icmp_seq=94 ttl=59 time=386 ms
64 bytes from aaaa::212:740e:e:e0e: icmp_seq=95 ttl=59 time=415 ms
64 bytes from aaaa::212:740e:e:e0e: icmp_seq=96 ttl=59 time=294 ms
64 bytes from aaaa::212:740e:e:e0e: icmp_seq=97 ttl=59 time=378 ms
64 bytes from aaaa::212:740e:e:e0e: icmp_seq=98 ttl=59 time=355 ms
64 bytes from aaaa::212:740e:e:e0e: icmp_seq=99 ttl=59 time=380 ms
64 bytes from aaaa::212:740e:e:e0e: icmp_seq=100 ttl=59 time=377 ms
64 bytes from aaaa::212:740e:e:e0e: icmp_seq=101 ttl=59 time=346 ms
64 bytes from aaaa::212:740e:e:e0e: icmp_seq=102 ttl=59 time=323 ms
64 bytes from aaaa::212:740e:e:e0e: icmp_seq=103 ttl=59 time=368 ms
64 bytes from aaaa::212:740e:e:e0e: icmp_seq=104 ttl=59 time=436 ms
64 bytes from aaaa::212:740e:e:e0e: icmp_seq=105 ttl=59 time=432 ms
64 bytes from aaaa::212:740e:e:e0e: icmp_seq=107 ttl=59 time=465 ms
64 bytes from aaaa::212:740e:e:e0e: icmp_seq=108 ttl=59 time=583 ms
64 bytes from aaaa::212:740e:e:e0e: icmp_seq=109 ttl=59 time=379 ms
64 bytes from aaaa::212:740e:e:e0e: icmp_seq=110 ttl=59 time=871 ms
64 bytes from aaaa::212:740e:e:e0e: icmp_seq=111 ttl=59 time=384 ms
64 bytes from aaaa::212:740e:e:e0e: icmp_seq=112 ttl=59 time=699 ms
64 bytes from aaaa::212:740e:e:e0e: icmp_seq=113 ttl=59 time=583 ms
64 bytes from aaaa::212:740e:e:e0e: icmp_seq=114 ttl=59 time=536 ms
64 bytes from aaaa::212:740e:e:e0e: icmp_seq=115 ttl=59 time=476 ms
64 bytes from aaaa::212:740e:e:e0e: icmp_seq=116 ttl=59 time=496 ms
64 bytes from aaaa::212:740e:e:e0e: icmp_seq=117 ttl=59 time=660 ms
64 bytes from aaaa::212:740e:e:e0e: icmp_seq=119 ttl=59 time=917 ms
64 bytes from aaaa::212:740e:e:e0e: icmp_seq=120 ttl=59 time=528 ms
64 bytes from aaaa::212:740e:e:e0e: icmp_seq=121 ttl=59 time=558 ms
64 bytes from aaaa::212:740e:e:e0e: icmp_seq=122 ttl=59 time=959 ms
64 bytes from aaaa::212:740e:e:e0e: icmp_seq=123 ttl=59 time=651 ms
64 bytes from aaaa::212:740e:e:e0e: icmp_seq=124 ttl=59 time=474 ms
64 bytes from aaaa::212:740e:e:e0e: icmp_seq=125 ttl=59 time=1399 ms
64 bytes from aaaa::212:740e:e:e0e: icmp_seq=126 ttl=59 time=500 ms
64 bytes from aaaa::212:740e:e:e0e: icmp_seq=127 ttl=59 time=480 ms
64 bytes from aaaa::212:740e:e:e0e: icmp_seq=128 ttl=59 time=684 ms
64 bytes from aaaa::212:740e:e:e0e: icmp_seq=129 ttl=59 time=530 ms
64 bytes from aaaa::212:740e:e:e0e: icmp_seq=130 ttl=59 time=338 ms
64 bytes from aaaa::212:740e:e:e0e: icmp_seq=131 ttl=59 time=467 ms
64 bytes from aaaa::212:740e:e:e0e: icmp_seq=132 ttl=59 time=368 ms
64 bytes from aaaa::212:740e:e:e0e: icmp_seq=133 ttl=59 time=319 ms
64 bytes from aaaa::212:740e:e:e0e: icmp_seq=134 ttl=59 time=612 ms
64 bytes from aaaa::212:740e:e:e0e: icmp_seq=135 ttl=59 time=271 ms
64 bytes from aaaa::212:740e:e:e0e: icmp_seq=136 ttl=59 time=510 ms
64 bytes from aaaa::212:740e:e:e0e: icmp_seq=137 ttl=59 time=342 ms
64 bytes from aaaa::212:740e:e:e0e: icmp_seq=138 ttl=59 time=285 ms
64 bytes from aaaa::212:740e:e:e0e: icmp_seq=140 ttl=59 time=352 ms
64 bytes from aaaa::212:740e:e:e0e: icmp_seq=142 ttl=59 time=426 ms
64 bytes from aaaa::212:740e:e:e0e: icmp_seq=143 ttl=59 time=378 ms
64 bytes from aaaa::212:740e:e:e0e: icmp_seq=144 ttl=59 time=439 ms
64 bytes from aaaa::212:740e:e:e0e: icmp_seq=145 ttl=59 time=956 ms
64 bytes from aaaa::212:740e:e:e0e: icmp_seq=146 ttl=59 time=434 ms
64 bytes from aaaa::212:740e:e:e0e: icmp_seq=147 ttl=59 time=454 ms
64 bytes from aaaa::212:740e:e:e0e: icmp_seq=148 ttl=59 time=492 ms
64 bytes from aaaa::212:740e:e:e0e: icmp_seq=149 ttl=59 time=439 ms
64 bytes from aaaa::212:740e:e:e0e: icmp_seq=151 ttl=59 time=1045 ms
64 bytes from aaaa::212:740e:e:e0e: icmp_seq=152 ttl=59 time=464 ms
64 bytes from aaaa::212:740e:e:e0e: icmp_seq=154 ttl=59 time=844 ms
64 bytes from aaaa::212:740e:e:e0e: icmp_seq=156 ttl=59 time=603 ms
64 bytes from aaaa::212:740e:e:e0e: icmp_seq=157 ttl=59 time=707 ms
64 bytes from aaaa::212:740e:e:e0e: icmp_seq=160 ttl=59 time=653 ms
64 bytes from aaaa::212:740e:e:e0e: icmp_seq=161 ttl=59 time=631 ms
64 bytes from aaaa::212:740e:e:e0e: icmp_seq=162 ttl=59 time=737 ms
64 bytes from aaaa::212:740e:e:e0e: icmp_seq=163 ttl=59 time=625 ms
64 bytes from aaaa::212:740e:e:e0e: icmp_seq=164 ttl=59 time=669 ms
64 bytes from aaaa::212:740e:e:e0e: icmp_seq=165 ttl=59 time=766 ms
64 bytes from aaaa::212:740e:e:e0e: icmp_seq=166 ttl=59 time=418 ms
64 bytes from aaaa::212:740e:e:e0e: icmp_seq=167 ttl=59 time=435 ms
64 bytes from aaaa::212:740e:e:e0e: icmp_seq=168 ttl=59 time=773 ms
64 bytes from aaaa::212:740e:e:e0e: icmp_seq=169 ttl=59 time=352 ms
64 bytes from aaaa::212:740e:e:e0e: icmp_seq=170 ttl=59 time=961 ms
64 bytes from aaaa::212:740e:e:e0e: icmp_seq=172 ttl=59 time=435 ms
64 bytes from aaaa::212:740e:e:e0e: icmp_seq=173 ttl=59 time=502 ms
64 bytes from aaaa::212:740e:e:e0e: icmp_seq=175 ttl=59 time=633 ms
64 bytes from aaaa::212:740e:e:e0e: icmp_seq=178 ttl=59 time=1196 ms
64 bytes from aaaa::212:740e:e:e0e: icmp_seq=181 ttl=59 time=573 ms
64 bytes from aaaa::212:740e:e:e0e: icmp_seq=185 ttl=59 time=695 ms
64 bytes from aaaa::212:740e:e:e0e: icmp_seq=187 ttl=59 time=413 ms
64 bytes from aaaa::212:740e:e:e0e: icmp_seq=188 ttl=59 time=411 ms
64 bytes from aaaa::212:740e:e:e0e: icmp_seq=189 ttl=59 time=474 ms
64 bytes from aaaa::212:740e:e:e0e: icmp_seq=190 ttl=59 time=279 ms
64 bytes from aaaa::212:740e:e:e0e: icmp_seq=191 ttl=59 time=392 ms
64 bytes from aaaa::212:740e:e:e0e: icmp_seq=192 ttl=59 time=466 ms
64 bytes from aaaa::212:740e:e:e0e: icmp_seq=193 ttl=59 time=405 ms
64 bytes from aaaa::212:740e:e:e0e: icmp_seq=194 ttl=59 time=425 ms
64 bytes from aaaa::212:740e:e:e0e: icmp_seq=195 ttl=59 time=398 ms
64 bytes from aaaa::212:740e:e:e0e: icmp_seq=196 ttl=59 time=426 ms
64 bytes from aaaa::212:740e:e:e0e: icmp_seq=197 ttl=59 time=447 ms
64 bytes from aaaa::212:740e:e:e0e: icmp_seq=198 ttl=59 time=435 ms
64 bytes from aaaa::212:740e:e:e0e: icmp_seq=199 ttl=59 time=398 ms
64 bytes from aaaa::212:740e:e:e0e: icmp_seq=200 ttl=59 time=365 ms

--- aaaa::212:740e:e:e0e ping statistics ---
200 packets transmitted, 177 received, 11% packet loss, time 998832ms
rtt min/avg/max/mdev = 234.588/466.001/1399.483/190.553 ms
