PING aaaa::212:7403:3:303(aaaa::212:7403:3:303) 56 data bytes
64 bytes from aaaa::212:7403:3:303: icmp_seq=5 ttl=63 time=92.1 ms
64 bytes from aaaa::212:7403:3:303: icmp_seq=6 ttl=63 time=46.1 ms
64 bytes from aaaa::212:7403:3:303: icmp_seq=7 ttl=63 time=181 ms
64 bytes from aaaa::212:7403:3:303: icmp_seq=8 ttl=63 time=94.1 ms
64 bytes from aaaa::212:7403:3:303: icmp_seq=9 ttl=63 time=57.5 ms
64 bytes from aaaa::212:7403:3:303: icmp_seq=10 ttl=63 time=59.4 ms
64 bytes from aaaa::212:7403:3:303: icmp_seq=11 ttl=63 time=78.9 ms
64 bytes from aaaa::212:7403:3:303: icmp_seq=12 ttl=63 time=77.5 ms
64 bytes from aaaa::212:7403:3:303: icmp_seq=13 ttl=63 time=80.0 ms
64 bytes from aaaa::212:7403:3:303: icmp_seq=14 ttl=63 time=43.6 ms
64 bytes from aaaa::212:7403:3:303: icmp_seq=15 ttl=63 time=102 ms
64 bytes from aaaa::212:7403:3:303: icmp_seq=16 ttl=63 time=80.7 ms
64 bytes from aaaa::212:7403:3:303: icmp_seq=17 ttl=63 time=161 ms
64 bytes from aaaa::212:7403:3:303: icmp_seq=18 ttl=63 time=119 ms
64 bytes from aaaa::212:7403:3:303: icmp_seq=19 ttl=63 time=85.1 ms
64 bytes from aaaa::212:7403:3:303: icmp_seq=21 ttl=63 time=93.4 ms
64 bytes from aaaa::212:7403:3:303: icmp_seq=22 ttl=63 time=55.3 ms
64 bytes from aaaa::212:7403:3:303: icmp_seq=23 ttl=63 time=149 ms
64 bytes from aaaa::212:7403:3:303: icmp_seq=24 ttl=63 time=202 ms
64 bytes from aaaa::212:7403:3:303: icmp_seq=25 ttl=63 time=89.0 ms
64 bytes from aaaa::212:7403:3:303: icmp_seq=26 ttl=63 time=63.5 ms
64 bytes from aaaa::212:7403:3:303: icmp_seq=27 ttl=63 time=116 ms
64 bytes from aaaa::212:7403:3:303: icmp_seq=28 ttl=63 time=68.6 ms
64 bytes from aaaa::212:7403:3:303: icmp_seq=29 ttl=63 time=93.1 ms
64 bytes from aaaa::212:7403:3:303: icmp_seq=31 ttl=63 time=212 ms
64 bytes from aaaa::212:7403:3:303: icmp_seq=32 ttl=63 time=96.0 ms
64 bytes from aaaa::212:7403:3:303: icmp_seq=33 ttl=63 time=71.2 ms
64 bytes from aaaa::212:7403:3:303: icmp_seq=34 ttl=63 time=339 ms
64 bytes from aaaa::212:7403:3:303: icmp_seq=35 ttl=63 time=243 ms
64 bytes from aaaa::212:7403:3:303: icmp_seq=36 ttl=63 time=404 ms
64 bytes from aaaa::212:7403:3:303: icmp_seq=37 ttl=63 time=100 ms
64 bytes from aaaa::212:7403:3:303: icmp_seq=41 ttl=63 time=91.1 ms
64 bytes from aaaa::212:7403:3:303: icmp_seq=46 ttl=63 time=198 ms
64 bytes from aaaa::212:7403:3:303: icmp_seq=49 ttl=63 time=76.0 ms
64 bytes from aaaa::212:7403:3:303: icmp_seq=50 ttl=63 time=127 ms
64 bytes from aaaa::212:7403:3:303: icmp_seq=51 ttl=63 time=425 ms
64 bytes from aaaa::212:7403:3:303: icmp_seq=52 ttl=63 time=288 ms
64 bytes from aaaa::212:7403:3:303: icmp_seq=53 ttl=63 time=85.0 ms
64 bytes from aaaa::212:7403:3:303: icmp_seq=54 ttl=63 time=88.2 ms
64 bytes from aaaa::212:7403:3:303: icmp_seq=55 ttl=63 time=63.8 ms
64 bytes from aaaa::212:7403:3:303: icmp_seq=56 ttl=63 time=87.8 ms
64 bytes from aaaa::212:7403:3:303: icmp_seq=57 ttl=63 time=468 ms
64 bytes from aaaa::212:7403:3:303: icmp_seq=58 ttl=63 time=167 ms
64 bytes from aaaa::212:7403:3:303: icmp_seq=63 ttl=63 time=172 ms
64 bytes from aaaa::212:7403:3:303: icmp_seq=64 ttl=63 time=115 ms
64 bytes from aaaa::212:7403:3:303: icmp_seq=65 ttl=63 time=114 ms
64 bytes from aaaa::212:7403:3:303: icmp_seq=67 ttl=63 time=79.4 ms
64 bytes from aaaa::212:7403:3:303: icmp_seq=68 ttl=63 time=67.7 ms
64 bytes from aaaa::212:7403:3:303: icmp_seq=69 ttl=63 time=79.9 ms
64 bytes from aaaa::212:7403:3:303: icmp_seq=70 ttl=63 time=77.3 ms
64 bytes from aaaa::212:7403:3:303: icmp_seq=71 ttl=63 time=72.4 ms
64 bytes from aaaa::212:7403:3:303: icmp_seq=72 ttl=63 time=55.1 ms
64 bytes from aaaa::212:7403:3:303: icmp_seq=73 ttl=63 time=64.4 ms
64 bytes from aaaa::212:7403:3:303: icmp_seq=74 ttl=63 time=67.2 ms
64 bytes from aaaa::212:7403:3:303: icmp_seq=75 ttl=63 time=150 ms
64 bytes from aaaa::212:7403:3:303: icmp_seq=76 ttl=63 time=98.8 ms
64 bytes from aaaa::212:7403:3:303: icmp_seq=77 ttl=63 time=46.5 ms
64 bytes from aaaa::212:7403:3:303: icmp_seq=78 ttl=63 time=61.1 ms
64 bytes from aaaa::212:7403:3:303: icmp_seq=82 ttl=63 time=217 ms
64 bytes from aaaa::212:7403:3:303: icmp_seq=87 ttl=63 time=49.5 ms
64 bytes from aaaa::212:7403:3:303: icmp_seq=88 ttl=63 time=100 ms
64 bytes from aaaa::212:7403:3:303: icmp_seq=89 ttl=63 time=58.6 ms
64 bytes from aaaa::212:7403:3:303: icmp_seq=90 ttl=63 time=79.5 ms
64 bytes from aaaa::212:7403:3:303: icmp_seq=91 ttl=63 time=121 ms
64 bytes from aaaa::212:7403:3:303: icmp_seq=92 ttl=63 time=130 ms
64 bytes from aaaa::212:7403:3:303: icmp_seq=93 ttl=63 time=54.0 ms
64 bytes from aaaa::212:7403:3:303: icmp_seq=94 ttl=63 time=108 ms
64 bytes from aaaa::212:7403:3:303: icmp_seq=95 ttl=63 time=102 ms
64 bytes from aaaa::212:7403:3:303: icmp_seq=96 ttl=63 time=99.2 ms
64 bytes from aaaa::212:7403:3:303: icmp_seq=97 ttl=63 time=116 ms
64 bytes from aaaa::212:7403:3:303: icmp_seq=98 ttl=63 time=64.5 ms
64 bytes from aaaa::212:7403:3:303: icmp_seq=99 ttl=63 time=135 ms
64 bytes from aaaa::212:7403:3:303: icmp_seq=100 ttl=63 time=91.5 ms
64 bytes from aaaa::212:7403:3:303: icmp_seq=101 ttl=63 time=102 ms
64 bytes from aaaa::212:7403:3:303: icmp_seq=102 ttl=63 time=134 ms
64 bytes from aaaa::212:7403:3:303: icmp_seq=103 ttl=63 time=97.1 ms
64 bytes from aaaa::212:7403:3:303: icmp_seq=104 ttl=63 time=94.3 ms
64 bytes from aaaa::212:7403:3:303: icmp_seq=105 ttl=63 time=67.2 ms
64 bytes from aaaa::212:7403:3:303: icmp_seq=106 ttl=63 time=76.3 ms
64 bytes from aaaa::212:7403:3:303: icmp_seq=107 ttl=63 time=54.7 ms
64 bytes from aaaa::212:7403:3:303: icmp_seq=108 ttl=63 time=111 ms
64 bytes from aaaa::212:7403:3:303: icmp_seq=109 ttl=63 time=627 ms
64 bytes from aaaa::212:7403:3:303: icmp_seq=110 ttl=63 time=134 ms
64 bytes from aaaa::212:7403:3:303: icmp_seq=111 ttl=63 time=57.5 ms
64 bytes from aaaa::212:7403:3:303: icmp_seq=112 ttl=63 time=42.4 ms
64 bytes from aaaa::212:7403:3:303: icmp_seq=113 ttl=63 time=63.0 ms
64 bytes from aaaa::212:7403:3:303: icmp_seq=114 ttl=63 time=42.1 ms
64 bytes from aaaa::212:7403:3:303: icmp_seq=115 ttl=63 time=103 ms
64 bytes from aaaa::212:7403:3:303: icmp_seq=116 ttl=63 time=90.8 ms
64 bytes from aaaa::212:7403:3:303: icmp_seq=117 ttl=63 time=115 ms
64 bytes from aaaa::212:7403:3:303: icmp_seq=118 ttl=63 time=73.5 ms
64 bytes from aaaa::212:7403:3:303: icmp_seq=119 ttl=63 time=80.9 ms
64 bytes from aaaa::212:7403:3:303: icmp_seq=120 ttl=63 time=107 ms
64 bytes from aaaa::212:7403:3:303: icmp_seq=121 ttl=63 time=73.7 ms
64 bytes from aaaa::212:7403:3:303: icmp_seq=122 ttl=63 time=81.0 ms
64 bytes from aaaa::212:7403:3:303: icmp_seq=123 ttl=63 time=64.9 ms
64 bytes from aaaa::212:7403:3:303: icmp_seq=124 ttl=63 time=70.8 ms
64 bytes from aaaa::212:7403:3:303: icmp_seq=125 ttl=63 time=59.8 ms
64 bytes from aaaa::212:7403:3:303: icmp_seq=126 ttl=63 time=59.5 ms
64 bytes from aaaa::212:7403:3:303: icmp_seq=127 ttl=63 time=110 ms
64 bytes from aaaa::212:7403:3:303: icmp_seq=128 ttl=63 time=34.3 ms
64 bytes from aaaa::212:7403:3:303: icmp_seq=129 ttl=63 time=52.4 ms
64 bytes from aaaa::212:7403:3:303: icmp_seq=130 ttl=63 time=66.3 ms
64 bytes from aaaa::212:7403:3:303: icmp_seq=131 ttl=63 time=54.3 ms
64 bytes from aaaa::212:7403:3:303: icmp_seq=132 ttl=63 time=63.8 ms
64 bytes from aaaa::212:7403:3:303: icmp_seq=133 ttl=63 time=43.7 ms
64 bytes from aaaa::212:7403:3:303: icmp_seq=134 ttl=63 time=62.8 ms
64 bytes from aaaa::212:7403:3:303: icmp_seq=135 ttl=63 time=74.8 ms
64 bytes from aaaa::212:7403:3:303: icmp_seq=136 ttl=63 time=70.6 ms
64 bytes from aaaa::212:7403:3:303: icmp_seq=137 ttl=63 time=61.7 ms
64 bytes from aaaa::212:7403:3:303: icmp_seq=138 ttl=63 time=65.2 ms
64 bytes from aaaa::212:7403:3:303: icmp_seq=139 ttl=63 time=52.8 ms
64 bytes from aaaa::212:7403:3:303: icmp_seq=140 ttl=63 time=52.6 ms
64 bytes from aaaa::212:7403:3:303: icmp_seq=141 ttl=63 time=49.1 ms
64 bytes from aaaa::212:7403:3:303: icmp_seq=142 ttl=63 time=64.2 ms
64 bytes from aaaa::212:7403:3:303: icmp_seq=143 ttl=63 time=75.4 ms
64 bytes from aaaa::212:7403:3:303: icmp_seq=144 ttl=63 time=59.2 ms
64 bytes from aaaa::212:7403:3:303: icmp_seq=145 ttl=63 time=87.8 ms
64 bytes from aaaa::212:7403:3:303: icmp_seq=146 ttl=63 time=75.9 ms
64 bytes from aaaa::212:7403:3:303: icmp_seq=147 ttl=63 time=88.8 ms
64 bytes from aaaa::212:7403:3:303: icmp_seq=148 ttl=63 time=53.3 ms
64 bytes from aaaa::212:7403:3:303: icmp_seq=149 ttl=63 time=49.6 ms
64 bytes from aaaa::212:7403:3:303: icmp_seq=150 ttl=63 time=55.7 ms
64 bytes from aaaa::212:7403:3:303: icmp_seq=151 ttl=63 time=54.8 ms
64 bytes from aaaa::212:7403:3:303: icmp_seq=152 ttl=63 time=64.7 ms
64 bytes from aaaa::212:7403:3:303: icmp_seq=153 ttl=63 time=181 ms
64 bytes from aaaa::212:7403:3:303: icmp_seq=154 ttl=63 time=89.4 ms
64 bytes from aaaa::212:7403:3:303: icmp_seq=155 ttl=63 time=96.0 ms
64 bytes from aaaa::212:7403:3:303: icmp_seq=156 ttl=63 time=74.9 ms
64 bytes from aaaa::212:7403:3:303: icmp_seq=157 ttl=63 time=85.9 ms
64 bytes from aaaa::212:7403:3:303: icmp_seq=158 ttl=63 time=92.0 ms
64 bytes from aaaa::212:7403:3:303: icmp_seq=159 ttl=63 time=38.1 ms
64 bytes from aaaa::212:7403:3:303: icmp_seq=160 ttl=63 time=61.0 ms
64 bytes from aaaa::212:7403:3:303: icmp_seq=161 ttl=63 time=79.0 ms
64 bytes from aaaa::212:7403:3:303: icmp_seq=162 ttl=63 time=89.7 ms
64 bytes from aaaa::212:7403:3:303: icmp_seq=163 ttl=63 time=89.3 ms
64 bytes from aaaa::212:7403:3:303: icmp_seq=164 ttl=63 time=46.4 ms
64 bytes from aaaa::212:7403:3:303: icmp_seq=165 ttl=63 time=62.4 ms
64 bytes from aaaa::212:7403:3:303: icmp_seq=166 ttl=63 time=59.5 ms
64 bytes from aaaa::212:7403:3:303: icmp_seq=167 ttl=63 time=39.9 ms
64 bytes from aaaa::212:7403:3:303: icmp_seq=168 ttl=63 time=139 ms
64 bytes from aaaa::212:7403:3:303: icmp_seq=169 ttl=63 time=63.7 ms
64 bytes from aaaa::212:7403:3:303: icmp_seq=170 ttl=63 time=57.9 ms
64 bytes from aaaa::212:7403:3:303: icmp_seq=171 ttl=63 time=156 ms
64 bytes from aaaa::212:7403:3:303: icmp_seq=180 ttl=63 time=57.5 ms
64 bytes from aaaa::212:7403:3:303: icmp_seq=181 ttl=63 time=57.9 ms
64 bytes from aaaa::212:7403:3:303: icmp_seq=182 ttl=63 time=47.2 ms
64 bytes from aaaa::212:7403:3:303: icmp_seq=183 ttl=63 time=80.0 ms
64 bytes from aaaa::212:7403:3:303: icmp_seq=184 ttl=63 time=76.0 ms
64 bytes from aaaa::212:7403:3:303: icmp_seq=185 ttl=63 time=65.2 ms
64 bytes from aaaa::212:7403:3:303: icmp_seq=186 ttl=63 time=85.4 ms
64 bytes from aaaa::212:7403:3:303: icmp_seq=187 ttl=63 time=47.1 ms
64 bytes from aaaa::212:7403:3:303: icmp_seq=188 ttl=63 time=76.0 ms
64 bytes from aaaa::212:7403:3:303: icmp_seq=189 ttl=63 time=170 ms
64 bytes from aaaa::212:7403:3:303: icmp_seq=190 ttl=63 time=116 ms
64 bytes from aaaa::212:7403:3:303: icmp_seq=191 ttl=63 time=77.4 ms
64 bytes from aaaa::212:7403:3:303: icmp_seq=192 ttl=63 time=141 ms
64 bytes from aaaa::212:7403:3:303: icmp_seq=193 ttl=63 time=166 ms
64 bytes from aaaa::212:7403:3:303: icmp_seq=194 ttl=63 time=83.1 ms
64 bytes from aaaa::212:7403:3:303: icmp_seq=195 ttl=63 time=172 ms
64 bytes from aaaa::212:7403:3:303: icmp_seq=196 ttl=63 time=59.9 ms
64 bytes from aaaa::212:7403:3:303: icmp_seq=197 ttl=63 time=69.1 ms
64 bytes from aaaa::212:7403:3:303: icmp_seq=198 ttl=63 time=62.6 ms
64 bytes from aaaa::212:7403:3:303: icmp_seq=199 ttl=63 time=138 ms
64 bytes from aaaa::212:7403:3:303: icmp_seq=200 ttl=63 time=183 ms

--- aaaa::212:7403:3:303 ping statistics ---
200 packets transmitted, 165 received, 17% packet loss, time 1000614ms
rtt min/avg/max/mdev = 34.347/101.507/627.092/77.031 ms
