PING aaaa::212:740a:a:a0a(aaaa::212:740a:a:a0a) 56 data bytes
64 bytes from aaaa::212:740a:a:a0a: icmp_seq=1 ttl=60 time=308 ms
64 bytes from aaaa::212:740a:a:a0a: icmp_seq=8 ttl=60 time=469 ms
64 bytes from aaaa::212:740a:a:a0a: icmp_seq=9 ttl=60 time=307 ms
64 bytes from aaaa::212:740a:a:a0a: icmp_seq=20 ttl=60 time=410 ms
64 bytes from aaaa::212:740a:a:a0a: icmp_seq=21 ttl=60 time=347 ms
64 bytes from aaaa::212:740a:a:a0a: icmp_seq=26 ttl=60 time=598 ms
64 bytes from aaaa::212:740a:a:a0a: icmp_seq=27 ttl=60 time=578 ms
64 bytes from aaaa::212:740a:a:a0a: icmp_seq=28 ttl=60 time=396 ms
64 bytes from aaaa::212:740a:a:a0a: icmp_seq=29 ttl=60 time=312 ms
64 bytes from aaaa::212:740a:a:a0a: icmp_seq=30 ttl=60 time=582 ms
64 bytes from aaaa::212:740a:a:a0a: icmp_seq=31 ttl=60 time=409 ms
64 bytes from aaaa::212:740a:a:a0a: icmp_seq=32 ttl=60 time=431 ms
64 bytes from aaaa::212:740a:a:a0a: icmp_seq=33 ttl=60 time=455 ms
64 bytes from aaaa::212:740a:a:a0a: icmp_seq=34 ttl=60 time=733 ms
64 bytes from aaaa::212:740a:a:a0a: icmp_seq=35 ttl=60 time=639 ms
64 bytes from aaaa::212:740a:a:a0a: icmp_seq=36 ttl=60 time=327 ms
64 bytes from aaaa::212:740a:a:a0a: icmp_seq=37 ttl=60 time=469 ms
64 bytes from aaaa::212:740a:a:a0a: icmp_seq=39 ttl=60 time=249 ms
64 bytes from aaaa::212:740a:a:a0a: icmp_seq=40 ttl=60 time=300 ms
64 bytes from aaaa::212:740a:a:a0a: icmp_seq=41 ttl=60 time=229 ms
64 bytes from aaaa::212:740a:a:a0a: icmp_seq=42 ttl=60 time=262 ms
64 bytes from aaaa::212:740a:a:a0a: icmp_seq=43 ttl=60 time=231 ms
64 bytes from aaaa::212:740a:a:a0a: icmp_seq=44 ttl=60 time=361 ms
64 bytes from aaaa::212:740a:a:a0a: icmp_seq=45 ttl=60 time=220 ms
64 bytes from aaaa::212:740a:a:a0a: icmp_seq=46 ttl=60 time=260 ms
64 bytes from aaaa::212:740a:a:a0a: icmp_seq=47 ttl=60 time=266 ms
64 bytes from aaaa::212:740a:a:a0a: icmp_seq=48 ttl=60 time=239 ms
64 bytes from aaaa::212:740a:a:a0a: icmp_seq=49 ttl=60 time=250 ms
64 bytes from aaaa::212:740a:a:a0a: icmp_seq=50 ttl=60 time=206 ms
64 bytes from aaaa::212:740a:a:a0a: icmp_seq=51 ttl=60 time=239 ms
64 bytes from aaaa::212:740a:a:a0a: icmp_seq=52 ttl=60 time=254 ms
64 bytes from aaaa::212:740a:a:a0a: icmp_seq=53 ttl=60 time=208 ms
64 bytes from aaaa::212:740a:a:a0a: icmp_seq=54 ttl=60 time=1235 ms
64 bytes from aaaa::212:740a:a:a0a: icmp_seq=55 ttl=60 time=391 ms
64 bytes from aaaa::212:740a:a:a0a: icmp_seq=56 ttl=60 time=369 ms
64 bytes from aaaa::212:740a:a:a0a: icmp_seq=57 ttl=60 time=224 ms
64 bytes from aaaa::212:740a:a:a0a: icmp_seq=58 ttl=60 time=501 ms
64 bytes from aaaa::212:740a:a:a0a: icmp_seq=59 ttl=60 time=252 ms
64 bytes from aaaa::212:740a:a:a0a: icmp_seq=60 ttl=60 time=688 ms
64 bytes from aaaa::212:740a:a:a0a: icmp_seq=61 ttl=60 time=218 ms
64 bytes from aaaa::212:740a:a:a0a: icmp_seq=62 ttl=60 time=320 ms
64 bytes from aaaa::212:740a:a:a0a: icmp_seq=63 ttl=60 time=376 ms
64 bytes from aaaa::212:740a:a:a0a: icmp_seq=64 ttl=60 time=452 ms
64 bytes from aaaa::212:740a:a:a0a: icmp_seq=65 ttl=60 time=370 ms
64 bytes from aaaa::212:740a:a:a0a: icmp_seq=66 ttl=60 time=292 ms
64 bytes from aaaa::212:740a:a:a0a: icmp_seq=67 ttl=60 time=255 ms
64 bytes from aaaa::212:740a:a:a0a: icmp_seq=68 ttl=60 time=281 ms
64 bytes from aaaa::212:740a:a:a0a: icmp_seq=69 ttl=60 time=304 ms
64 bytes from aaaa::212:740a:a:a0a: icmp_seq=70 ttl=60 time=237 ms
64 bytes from aaaa::212:740a:a:a0a: icmp_seq=71 ttl=60 time=344 ms
64 bytes from aaaa::212:740a:a:a0a: icmp_seq=72 ttl=60 time=258 ms
64 bytes from aaaa::212:740a:a:a0a: icmp_seq=73 ttl=60 time=434 ms
64 bytes from aaaa::212:740a:a:a0a: icmp_seq=74 ttl=60 time=242 ms
64 bytes from aaaa::212:740a:a:a0a: icmp_seq=75 ttl=60 time=475 ms
64 bytes from aaaa::212:740a:a:a0a: icmp_seq=76 ttl=60 time=242 ms
64 bytes from aaaa::212:740a:a:a0a: icmp_seq=77 ttl=60 time=297 ms
64 bytes from aaaa::212:740a:a:a0a: icmp_seq=78 ttl=60 time=358 ms
64 bytes from aaaa::212:740a:a:a0a: icmp_seq=79 ttl=60 time=383 ms
64 bytes from aaaa::212:740a:a:a0a: icmp_seq=80 ttl=60 time=221 ms
64 bytes from aaaa::212:740a:a:a0a: icmp_seq=81 ttl=60 time=339 ms
64 bytes from aaaa::212:740a:a:a0a: icmp_seq=82 ttl=60 time=495 ms
64 bytes from aaaa::212:740a:a:a0a: icmp_seq=83 ttl=60 time=277 ms
64 bytes from aaaa::212:740a:a:a0a: icmp_seq=84 ttl=60 time=342 ms
64 bytes from aaaa::212:740a:a:a0a: icmp_seq=85 ttl=60 time=614 ms
64 bytes from aaaa::212:740a:a:a0a: icmp_seq=86 ttl=60 time=196 ms
64 bytes from aaaa::212:740a:a:a0a: icmp_seq=87 ttl=60 time=570 ms
64 bytes from aaaa::212:740a:a:a0a: icmp_seq=88 ttl=60 time=446 ms
64 bytes from aaaa::212:740a:a:a0a: icmp_seq=89 ttl=60 time=339 ms
64 bytes from aaaa::212:740a:a:a0a: icmp_seq=90 ttl=60 time=317 ms
64 bytes from aaaa::212:740a:a:a0a: icmp_seq=93 ttl=60 time=369 ms
64 bytes from aaaa::212:740a:a:a0a: icmp_seq=99 ttl=60 time=772 ms
64 bytes from aaaa::212:740a:a:a0a: icmp_seq=103 ttl=60 time=335 ms
64 bytes from aaaa::212:740a:a:a0a: icmp_seq=108 ttl=60 time=714 ms
64 bytes from aaaa::212:740a:a:a0a: icmp_seq=111 ttl=60 time=784 ms
64 bytes from aaaa::212:740a:a:a0a: icmp_seq=112 ttl=60 time=807 ms
64 bytes from aaaa::212:740a:a:a0a: icmp_seq=114 ttl=60 time=366 ms
64 bytes from aaaa::212:740a:a:a0a: icmp_seq=115 ttl=60 time=282 ms
64 bytes from aaaa::212:740a:a:a0a: icmp_seq=116 ttl=60 time=443 ms
64 bytes from aaaa::212:740a:a:a0a: icmp_seq=117 ttl=60 time=439 ms
64 bytes from aaaa::212:740a:a:a0a: icmp_seq=119 ttl=60 time=669 ms
64 bytes from aaaa::212:740a:a:a0a: icmp_seq=120 ttl=60 time=561 ms
64 bytes from aaaa::212:740a:a:a0a: icmp_seq=121 ttl=60 time=663 ms
64 bytes from aaaa::212:740a:a:a0a: icmp_seq=122 ttl=60 time=712 ms
64 bytes from aaaa::212:740a:a:a0a: icmp_seq=124 ttl=60 time=499 ms
64 bytes from aaaa::212:740a:a:a0a: icmp_seq=128 ttl=60 time=298 ms
64 bytes from aaaa::212:740a:a:a0a: icmp_seq=129 ttl=60 time=226 ms
64 bytes from aaaa::212:740a:a:a0a: icmp_seq=130 ttl=60 time=203 ms
64 bytes from aaaa::212:740a:a:a0a: icmp_seq=131 ttl=60 time=196 ms
64 bytes from aaaa::212:740a:a:a0a: icmp_seq=132 ttl=60 time=550 ms
64 bytes from aaaa::212:740a:a:a0a: icmp_seq=133 ttl=60 time=256 ms
64 bytes from aaaa::212:740a:a:a0a: icmp_seq=134 ttl=60 time=456 ms
64 bytes from aaaa::212:740a:a:a0a: icmp_seq=135 ttl=60 time=362 ms
64 bytes from aaaa::212:740a:a:a0a: icmp_seq=136 ttl=60 time=389 ms
64 bytes from aaaa::212:740a:a:a0a: icmp_seq=137 ttl=60 time=248 ms
64 bytes from aaaa::212:740a:a:a0a: icmp_seq=138 ttl=60 time=368 ms
64 bytes from aaaa::212:740a:a:a0a: icmp_seq=139 ttl=60 time=241 ms
64 bytes from aaaa::212:740a:a:a0a: icmp_seq=140 ttl=60 time=371 ms
64 bytes from aaaa::212:740a:a:a0a: icmp_seq=141 ttl=60 time=540 ms
64 bytes from aaaa::212:740a:a:a0a: icmp_seq=142 ttl=60 time=235 ms
64 bytes from aaaa::212:740a:a:a0a: icmp_seq=143 ttl=60 time=236 ms
64 bytes from aaaa::212:740a:a:a0a: icmp_seq=144 ttl=60 time=298 ms
64 bytes from aaaa::212:740a:a:a0a: icmp_seq=145 ttl=60 time=339 ms
64 bytes from aaaa::212:740a:a:a0a: icmp_seq=146 ttl=60 time=208 ms
64 bytes from aaaa::212:740a:a:a0a: icmp_seq=147 ttl=60 time=245 ms
64 bytes from aaaa::212:740a:a:a0a: icmp_seq=148 ttl=60 time=245 ms
64 bytes from aaaa::212:740a:a:a0a: icmp_seq=149 ttl=60 time=288 ms
64 bytes from aaaa::212:740a:a:a0a: icmp_seq=150 ttl=60 time=757 ms
64 bytes from aaaa::212:740a:a:a0a: icmp_seq=151 ttl=60 time=660 ms
64 bytes from aaaa::212:740a:a:a0a: icmp_seq=152 ttl=60 time=656 ms
64 bytes from aaaa::212:740a:a:a0a: icmp_seq=153 ttl=60 time=299 ms
64 bytes from aaaa::212:740a:a:a0a: icmp_seq=155 ttl=60 time=444 ms
64 bytes from aaaa::212:740a:a:a0a: icmp_seq=156 ttl=60 time=473 ms
64 bytes from aaaa::212:740a:a:a0a: icmp_seq=158 ttl=60 time=483 ms
64 bytes from aaaa::212:740a:a:a0a: icmp_seq=159 ttl=60 time=767 ms
64 bytes from aaaa::212:740a:a:a0a: icmp_seq=161 ttl=60 time=522 ms
64 bytes from aaaa::212:740a:a:a0a: icmp_seq=162 ttl=60 time=553 ms
64 bytes from aaaa::212:740a:a:a0a: icmp_seq=164 ttl=60 time=316 ms
64 bytes from aaaa::212:740a:a:a0a: icmp_seq=165 ttl=60 time=571 ms
64 bytes from aaaa::212:740a:a:a0a: icmp_seq=167 ttl=60 time=496 ms
64 bytes from aaaa::212:740a:a:a0a: icmp_seq=168 ttl=60 time=970 ms
64 bytes from aaaa::212:740a:a:a0a: icmp_seq=169 ttl=60 time=402 ms
64 bytes from aaaa::212:740a:a:a0a: icmp_seq=170 ttl=60 time=679 ms
64 bytes from aaaa::212:740a:a:a0a: icmp_seq=172 ttl=60 time=609 ms
64 bytes from aaaa::212:740a:a:a0a: icmp_seq=174 ttl=60 time=646 ms
64 bytes from aaaa::212:740a:a:a0a: icmp_seq=175 ttl=60 time=677 ms
64 bytes from aaaa::212:740a:a:a0a: icmp_seq=176 ttl=60 time=436 ms
64 bytes from aaaa::212:740a:a:a0a: icmp_seq=177 ttl=60 time=381 ms
64 bytes from aaaa::212:740a:a:a0a: icmp_seq=178 ttl=60 time=1139 ms
64 bytes from aaaa::212:740a:a:a0a: icmp_seq=179 ttl=60 time=452 ms
64 bytes from aaaa::212:740a:a:a0a: icmp_seq=180 ttl=60 time=329 ms
64 bytes from aaaa::212:740a:a:a0a: icmp_seq=181 ttl=60 time=277 ms
64 bytes from aaaa::212:740a:a:a0a: icmp_seq=182 ttl=60 time=205 ms
64 bytes from aaaa::212:740a:a:a0a: icmp_seq=183 ttl=60 time=236 ms
64 bytes from aaaa::212:740a:a:a0a: icmp_seq=184 ttl=60 time=306 ms
64 bytes from aaaa::212:740a:a:a0a: icmp_seq=185 ttl=60 time=275 ms
64 bytes from aaaa::212:740a:a:a0a: icmp_seq=186 ttl=60 time=186 ms
64 bytes from aaaa::212:740a:a:a0a: icmp_seq=187 ttl=60 time=291 ms
64 bytes from aaaa::212:740a:a:a0a: icmp_seq=188 ttl=60 time=233 ms
64 bytes from aaaa::212:740a:a:a0a: icmp_seq=189 ttl=60 time=230 ms
64 bytes from aaaa::212:740a:a:a0a: icmp_seq=190 ttl=60 time=269 ms
64 bytes from aaaa::212:740a:a:a0a: icmp_seq=191 ttl=60 time=217 ms
64 bytes from aaaa::212:740a:a:a0a: icmp_seq=192 ttl=60 time=170 ms
64 bytes from aaaa::212:740a:a:a0a: icmp_seq=193 ttl=60 time=225 ms
64 bytes from aaaa::212:740a:a:a0a: icmp_seq=194 ttl=60 time=189 ms
64 bytes from aaaa::212:740a:a:a0a: icmp_seq=195 ttl=60 time=207 ms
64 bytes from aaaa::212:740a:a:a0a: icmp_seq=196 ttl=60 time=174 ms
64 bytes from aaaa::212:740a:a:a0a: icmp_seq=197 ttl=60 time=273 ms
64 bytes from aaaa::212:740a:a:a0a: icmp_seq=198 ttl=60 time=279 ms
64 bytes from aaaa::212:740a:a:a0a: icmp_seq=199 ttl=60 time=204 ms
64 bytes from aaaa::212:740a:a:a0a: icmp_seq=200 ttl=60 time=217 ms

--- aaaa::212:740a:a:a0a ping statistics ---
200 packets transmitted, 150 received, 25% packet loss, time 1001846ms
rtt min/avg/max/mdev = 170.882/394.465/1235.990/189.809 ms
