PING aaaa::212:7411:11:1111(aaaa::212:7411:11:1111) 56 data bytes
64 bytes from aaaa::212:7411:11:1111: icmp_seq=2 ttl=59 time=566 ms
64 bytes from aaaa::212:7411:11:1111: icmp_seq=3 ttl=59 time=846 ms
64 bytes from aaaa::212:7411:11:1111: icmp_seq=4 ttl=59 time=623 ms
64 bytes from aaaa::212:7411:11:1111: icmp_seq=5 ttl=59 time=682 ms
64 bytes from aaaa::212:7411:11:1111: icmp_seq=6 ttl=59 time=676 ms
64 bytes from aaaa::212:7411:11:1111: icmp_seq=7 ttl=59 time=519 ms
64 bytes from aaaa::212:7411:11:1111: icmp_seq=8 ttl=59 time=674 ms
64 bytes from aaaa::212:7411:11:1111: icmp_seq=9 ttl=59 time=723 ms
64 bytes from aaaa::212:7411:11:1111: icmp_seq=10 ttl=59 time=413 ms
64 bytes from aaaa::212:7411:11:1111: icmp_seq=11 ttl=59 time=517 ms
64 bytes from aaaa::212:7411:11:1111: icmp_seq=12 ttl=59 time=491 ms
64 bytes from aaaa::212:7411:11:1111: icmp_seq=13 ttl=59 time=549 ms
64 bytes from aaaa::212:7411:11:1111: icmp_seq=15 ttl=59 time=411 ms
64 bytes from aaaa::212:7411:11:1111: icmp_seq=16 ttl=59 time=309 ms
64 bytes from aaaa::212:7411:11:1111: icmp_seq=17 ttl=59 time=395 ms
64 bytes from aaaa::212:7411:11:1111: icmp_seq=18 ttl=59 time=330 ms
64 bytes from aaaa::212:7411:11:1111: icmp_seq=19 ttl=59 time=406 ms
64 bytes from aaaa::212:7411:11:1111: icmp_seq=20 ttl=59 time=457 ms
64 bytes from aaaa::212:7411:11:1111: icmp_seq=22 ttl=59 time=282 ms
64 bytes from aaaa::212:7411:11:1111: icmp_seq=23 ttl=59 time=437 ms
64 bytes from aaaa::212:7411:11:1111: icmp_seq=24 ttl=59 time=657 ms
64 bytes from aaaa::212:7411:11:1111: icmp_seq=25 ttl=59 time=616 ms
64 bytes from aaaa::212:7411:11:1111: icmp_seq=26 ttl=59 time=783 ms
64 bytes from aaaa::212:7411:11:1111: icmp_seq=28 ttl=59 time=448 ms
64 bytes from aaaa::212:7411:11:1111: icmp_seq=32 ttl=59 time=578 ms
64 bytes from aaaa::212:7411:11:1111: icmp_seq=33 ttl=59 time=747 ms
64 bytes from aaaa::212:7411:11:1111: icmp_seq=34 ttl=59 time=817 ms
64 bytes from aaaa::212:7411:11:1111: icmp_seq=36 ttl=59 time=425 ms
64 bytes from aaaa::212:7411:11:1111: icmp_seq=38 ttl=59 time=1109 ms
64 bytes from aaaa::212:7411:11:1111: icmp_seq=39 ttl=59 time=1111 ms
64 bytes from aaaa::212:7411:11:1111: icmp_seq=40 ttl=59 time=725 ms
64 bytes from aaaa::212:7411:11:1111: icmp_seq=41 ttl=59 time=816 ms
64 bytes from aaaa::212:7411:11:1111: icmp_seq=42 ttl=59 time=1197 ms
64 bytes from aaaa::212:7411:11:1111: icmp_seq=43 ttl=59 time=910 ms
64 bytes from aaaa::212:7411:11:1111: icmp_seq=45 ttl=59 time=693 ms
64 bytes from aaaa::212:7411:11:1111: icmp_seq=46 ttl=59 time=938 ms
64 bytes from aaaa::212:7411:11:1111: icmp_seq=47 ttl=59 time=1069 ms
64 bytes from aaaa::212:7411:11:1111: icmp_seq=48 ttl=59 time=752 ms
64 bytes from aaaa::212:7411:11:1111: icmp_seq=49 ttl=59 time=1422 ms
64 bytes from aaaa::212:7411:11:1111: icmp_seq=51 ttl=59 time=1440 ms
64 bytes from aaaa::212:7411:11:1111: icmp_seq=52 ttl=59 time=961 ms
64 bytes from aaaa::212:7411:11:1111: icmp_seq=53 ttl=59 time=1592 ms
64 bytes from aaaa::212:7411:11:1111: icmp_seq=54 ttl=59 time=717 ms
64 bytes from aaaa::212:7411:11:1111: icmp_seq=55 ttl=59 time=674 ms
64 bytes from aaaa::212:7411:11:1111: icmp_seq=59 ttl=59 time=721 ms
64 bytes from aaaa::212:7411:11:1111: icmp_seq=61 ttl=59 time=545 ms
64 bytes from aaaa::212:7411:11:1111: icmp_seq=62 ttl=59 time=1237 ms
64 bytes from aaaa::212:7411:11:1111: icmp_seq=63 ttl=59 time=370 ms
64 bytes from aaaa::212:7411:11:1111: icmp_seq=64 ttl=59 time=277 ms
64 bytes from aaaa::212:7411:11:1111: icmp_seq=65 ttl=59 time=339 ms
64 bytes from aaaa::212:7411:11:1111: icmp_seq=66 ttl=59 time=242 ms
64 bytes from aaaa::212:7411:11:1111: icmp_seq=67 ttl=59 time=260 ms
64 bytes from aaaa::212:7411:11:1111: icmp_seq=68 ttl=59 time=553 ms
64 bytes from aaaa::212:7411:11:1111: icmp_seq=70 ttl=59 time=313 ms
64 bytes from aaaa::212:7411:11:1111: icmp_seq=71 ttl=59 time=363 ms
64 bytes from aaaa::212:7411:11:1111: icmp_seq=72 ttl=59 time=441 ms
64 bytes from aaaa::212:7411:11:1111: icmp_seq=73 ttl=59 time=367 ms
64 bytes from aaaa::212:7411:11:1111: icmp_seq=74 ttl=59 time=309 ms
64 bytes from aaaa::212:7411:11:1111: icmp_seq=75 ttl=59 time=395 ms
64 bytes from aaaa::212:7411:11:1111: icmp_seq=76 ttl=59 time=294 ms
64 bytes from aaaa::212:7411:11:1111: icmp_seq=77 ttl=59 time=352 ms
64 bytes from aaaa::212:7411:11:1111: icmp_seq=78 ttl=59 time=394 ms
64 bytes from aaaa::212:7411:11:1111: icmp_seq=79 ttl=59 time=274 ms
64 bytes from aaaa::212:7411:11:1111: icmp_seq=80 ttl=59 time=345 ms
64 bytes from aaaa::212:7411:11:1111: icmp_seq=81 ttl=59 time=410 ms
64 bytes from aaaa::212:7411:11:1111: icmp_seq=82 ttl=59 time=319 ms
64 bytes from aaaa::212:7411:11:1111: icmp_seq=83 ttl=59 time=376 ms
64 bytes from aaaa::212:7411:11:1111: icmp_seq=84 ttl=59 time=345 ms
64 bytes from aaaa::212:7411:11:1111: icmp_seq=85 ttl=59 time=359 ms
64 bytes from aaaa::212:7411:11:1111: icmp_seq=86 ttl=59 time=350 ms
64 bytes from aaaa::212:7411:11:1111: icmp_seq=87 ttl=59 time=363 ms
64 bytes from aaaa::212:7411:11:1111: icmp_seq=88 ttl=59 time=351 ms
64 bytes from aaaa::212:7411:11:1111: icmp_seq=89 ttl=59 time=339 ms
64 bytes from aaaa::212:7411:11:1111: icmp_seq=90 ttl=59 time=429 ms
64 bytes from aaaa::212:7411:11:1111: icmp_seq=91 ttl=59 time=362 ms
64 bytes from aaaa::212:7411:11:1111: icmp_seq=92 ttl=59 time=295 ms
64 bytes from aaaa::212:7411:11:1111: icmp_seq=93 ttl=59 time=248 ms
64 bytes from aaaa::212:7411:11:1111: icmp_seq=94 ttl=59 time=323 ms
64 bytes from aaaa::212:7411:11:1111: icmp_seq=95 ttl=59 time=412 ms
64 bytes from aaaa::212:7411:11:1111: icmp_seq=96 ttl=59 time=463 ms
64 bytes from aaaa::212:7411:11:1111: icmp_seq=97 ttl=59 time=288 ms
64 bytes from aaaa::212:7411:11:1111: icmp_seq=98 ttl=59 time=382 ms
64 bytes from aaaa::212:7411:11:1111: icmp_seq=99 ttl=59 time=408 ms
64 bytes from aaaa::212:7411:11:1111: icmp_seq=100 ttl=59 time=335 ms
64 bytes from aaaa::212:7411:11:1111: icmp_seq=101 ttl=59 time=432 ms
64 bytes from aaaa::212:7411:11:1111: icmp_seq=102 ttl=59 time=467 ms
64 bytes from aaaa::212:7411:11:1111: icmp_seq=103 ttl=59 time=327 ms
64 bytes from aaaa::212:7411:11:1111: icmp_seq=104 ttl=59 time=269 ms
64 bytes from aaaa::212:7411:11:1111: icmp_seq=105 ttl=59 time=327 ms
64 bytes from aaaa::212:7411:11:1111: icmp_seq=106 ttl=59 time=469 ms
64 bytes from aaaa::212:7411:11:1111: icmp_seq=107 ttl=59 time=388 ms
64 bytes from aaaa::212:7411:11:1111: icmp_seq=108 ttl=59 time=299 ms
64 bytes from aaaa::212:7411:11:1111: icmp_seq=109 ttl=59 time=284 ms
64 bytes from aaaa::212:7411:11:1111: icmp_seq=110 ttl=59 time=301 ms
64 bytes from aaaa::212:7411:11:1111: icmp_seq=111 ttl=59 time=299 ms
64 bytes from aaaa::212:7411:11:1111: icmp_seq=112 ttl=59 time=276 ms
64 bytes from aaaa::212:7411:11:1111: icmp_seq=113 ttl=59 time=301 ms
64 bytes from aaaa::212:7411:11:1111: icmp_seq=114 ttl=59 time=311 ms
64 bytes from aaaa::212:7411:11:1111: icmp_seq=116 ttl=59 time=432 ms
64 bytes from aaaa::212:7411:11:1111: icmp_seq=117 ttl=59 time=562 ms
64 bytes from aaaa::212:7411:11:1111: icmp_seq=118 ttl=59 time=510 ms
64 bytes from aaaa::212:7411:11:1111: icmp_seq=119 ttl=59 time=477 ms
64 bytes from aaaa::212:7411:11:1111: icmp_seq=120 ttl=59 time=373 ms
64 bytes from aaaa::212:7411:11:1111: icmp_seq=121 ttl=59 time=422 ms
64 bytes from aaaa::212:7411:11:1111: icmp_seq=122 ttl=59 time=489 ms
64 bytes from aaaa::212:7411:11:1111: icmp_seq=123 ttl=59 time=445 ms
64 bytes from aaaa::212:7411:11:1111: icmp_seq=124 ttl=59 time=685 ms
64 bytes from aaaa::212:7411:11:1111: icmp_seq=125 ttl=59 time=381 ms
64 bytes from aaaa::212:7411:11:1111: icmp_seq=126 ttl=59 time=441 ms
64 bytes from aaaa::212:7411:11:1111: icmp_seq=127 ttl=59 time=515 ms
64 bytes from aaaa::212:7411:11:1111: icmp_seq=128 ttl=59 time=312 ms
64 bytes from aaaa::212:7411:11:1111: icmp_seq=129 ttl=59 time=401 ms
64 bytes from aaaa::212:7411:11:1111: icmp_seq=130 ttl=59 time=261 ms
64 bytes from aaaa::212:7411:11:1111: icmp_seq=131 ttl=59 time=255 ms
64 bytes from aaaa::212:7411:11:1111: icmp_seq=132 ttl=59 time=303 ms
64 bytes from aaaa::212:7411:11:1111: icmp_seq=133 ttl=59 time=472 ms
64 bytes from aaaa::212:7411:11:1111: icmp_seq=134 ttl=59 time=341 ms
64 bytes from aaaa::212:7411:11:1111: icmp_seq=135 ttl=59 time=413 ms
64 bytes from aaaa::212:7411:11:1111: icmp_seq=136 ttl=59 time=353 ms
64 bytes from aaaa::212:7411:11:1111: icmp_seq=137 ttl=59 time=316 ms
64 bytes from aaaa::212:7411:11:1111: icmp_seq=138 ttl=59 time=453 ms
64 bytes from aaaa::212:7411:11:1111: icmp_seq=139 ttl=59 time=370 ms
64 bytes from aaaa::212:7411:11:1111: icmp_seq=140 ttl=59 time=320 ms
64 bytes from aaaa::212:7411:11:1111: icmp_seq=141 ttl=59 time=364 ms
64 bytes from aaaa::212:7411:11:1111: icmp_seq=143 ttl=59 time=444 ms
64 bytes from aaaa::212:7411:11:1111: icmp_seq=144 ttl=59 time=735 ms
64 bytes from aaaa::212:7411:11:1111: icmp_seq=145 ttl=59 time=791 ms
64 bytes from aaaa::212:7411:11:1111: icmp_seq=147 ttl=59 time=639 ms
64 bytes from aaaa::212:7411:11:1111: icmp_seq=148 ttl=59 time=494 ms
64 bytes from aaaa::212:7411:11:1111: icmp_seq=149 ttl=59 time=365 ms
64 bytes from aaaa::212:7411:11:1111: icmp_seq=150 ttl=59 time=419 ms
64 bytes from aaaa::212:7411:11:1111: icmp_seq=151 ttl=59 time=353 ms
64 bytes from aaaa::212:7411:11:1111: icmp_seq=152 ttl=59 time=961 ms
64 bytes from aaaa::212:7411:11:1111: icmp_seq=153 ttl=59 time=1080 ms
64 bytes from aaaa::212:7411:11:1111: icmp_seq=154 ttl=59 time=293 ms
64 bytes from aaaa::212:7411:11:1111: icmp_seq=155 ttl=59 time=268 ms
64 bytes from aaaa::212:7411:11:1111: icmp_seq=156 ttl=59 time=248 ms
64 bytes from aaaa::212:7411:11:1111: icmp_seq=157 ttl=59 time=288 ms
64 bytes from aaaa::212:7411:11:1111: icmp_seq=158 ttl=59 time=312 ms
64 bytes from aaaa::212:7411:11:1111: icmp_seq=159 ttl=59 time=266 ms
64 bytes from aaaa::212:7411:11:1111: icmp_seq=160 ttl=59 time=284 ms
64 bytes from aaaa::212:7411:11:1111: icmp_seq=161 ttl=59 time=283 ms
64 bytes from aaaa::212:7411:11:1111: icmp_seq=162 ttl=59 time=268 ms
64 bytes from aaaa::212:7411:11:1111: icmp_seq=163 ttl=59 time=292 ms
64 bytes from aaaa::212:7411:11:1111: icmp_seq=164 ttl=59 time=265 ms
64 bytes from aaaa::212:7411:11:1111: icmp_seq=165 ttl=59 time=513 ms
64 bytes from aaaa::212:7411:11:1111: icmp_seq=166 ttl=59 time=268 ms
64 bytes from aaaa::212:7411:11:1111: icmp_seq=167 ttl=59 time=312 ms
64 bytes from aaaa::212:7411:11:1111: icmp_seq=168 ttl=59 time=308 ms
64 bytes from aaaa::212:7411:11:1111: icmp_seq=169 ttl=59 time=245 ms
64 bytes from aaaa::212:7411:11:1111: icmp_seq=170 ttl=59 time=348 ms
64 bytes from aaaa::212:7411:11:1111: icmp_seq=171 ttl=59 time=275 ms
64 bytes from aaaa::212:7411:11:1111: icmp_seq=172 ttl=59 time=296 ms
64 bytes from aaaa::212:7411:11:1111: icmp_seq=173 ttl=59 time=291 ms
64 bytes from aaaa::212:7411:11:1111: icmp_seq=174 ttl=59 time=347 ms
64 bytes from aaaa::212:7411:11:1111: icmp_seq=175 ttl=59 time=370 ms
64 bytes from aaaa::212:7411:11:1111: icmp_seq=176 ttl=59 time=300 ms
64 bytes from aaaa::212:7411:11:1111: icmp_seq=177 ttl=59 time=342 ms
64 bytes from aaaa::212:7411:11:1111: icmp_seq=178 ttl=59 time=336 ms
64 bytes from aaaa::212:7411:11:1111: icmp_seq=179 ttl=59 time=275 ms
64 bytes from aaaa::212:7411:11:1111: icmp_seq=180 ttl=59 time=298 ms
64 bytes from aaaa::212:7411:11:1111: icmp_seq=181 ttl=59 time=262 ms
64 bytes from aaaa::212:7411:11:1111: icmp_seq=182 ttl=59 time=272 ms
64 bytes from aaaa::212:7411:11:1111: icmp_seq=183 ttl=59 time=251 ms
64 bytes from aaaa::212:7411:11:1111: icmp_seq=184 ttl=59 time=311 ms
64 bytes from aaaa::212:7411:11:1111: icmp_seq=185 ttl=59 time=292 ms
64 bytes from aaaa::212:7411:11:1111: icmp_seq=186 ttl=59 time=280 ms
64 bytes from aaaa::212:7411:11:1111: icmp_seq=187 ttl=59 time=237 ms
64 bytes from aaaa::212:7411:11:1111: icmp_seq=188 ttl=59 time=357 ms
64 bytes from aaaa::212:7411:11:1111: icmp_seq=189 ttl=59 time=272 ms
64 bytes from aaaa::212:7411:11:1111: icmp_seq=190 ttl=59 time=309 ms
64 bytes from aaaa::212:7411:11:1111: icmp_seq=191 ttl=59 time=284 ms
64 bytes from aaaa::212:7411:11:1111: icmp_seq=192 ttl=59 time=512 ms
64 bytes from aaaa::212:7411:11:1111: icmp_seq=194 ttl=59 time=334 ms
64 bytes from aaaa::212:7411:11:1111: icmp_seq=196 ttl=59 time=330 ms
64 bytes from aaaa::212:7411:11:1111: icmp_seq=197 ttl=59 time=265 ms
64 bytes from aaaa::212:7411:11:1111: icmp_seq=198 ttl=59 time=277 ms
64 bytes from aaaa::212:7411:11:1111: icmp_seq=199 ttl=59 time=395 ms
64 bytes from aaaa::212:7411:11:1111: icmp_seq=200 ttl=59 time=252 ms

--- aaaa::212:7411:11:1111 ping statistics ---
200 packets transmitted, 179 received, 10% packet loss, time 998668ms
rtt min/avg/max/mdev = 237.312/460.988/1592.198/246.522 ms
