PING aaaa::212:7409:9:909(aaaa::212:7409:9:909) 56 data bytes
64 bytes from aaaa::212:7409:9:909: icmp_seq=1 ttl=61 time=297 ms
64 bytes from aaaa::212:7409:9:909: icmp_seq=9 ttl=61 time=431 ms
64 bytes from aaaa::212:7409:9:909: icmp_seq=16 ttl=61 time=452 ms
64 bytes from aaaa::212:7409:9:909: icmp_seq=20 ttl=61 time=269 ms
64 bytes from aaaa::212:7409:9:909: icmp_seq=27 ttl=61 time=348 ms
64 bytes from aaaa::212:7409:9:909: icmp_seq=31 ttl=61 time=312 ms
64 bytes from aaaa::212:7409:9:909: icmp_seq=32 ttl=61 time=419 ms
64 bytes from aaaa::212:7409:9:909: icmp_seq=34 ttl=61 time=213 ms
64 bytes from aaaa::212:7409:9:909: icmp_seq=35 ttl=61 time=391 ms
64 bytes from aaaa::212:7409:9:909: icmp_seq=36 ttl=61 time=400 ms
64 bytes from aaaa::212:7409:9:909: icmp_seq=37 ttl=61 time=349 ms
64 bytes from aaaa::212:7409:9:909: icmp_seq=38 ttl=61 time=245 ms
64 bytes from aaaa::212:7409:9:909: icmp_seq=41 ttl=61 time=256 ms
64 bytes from aaaa::212:7409:9:909: icmp_seq=45 ttl=61 time=1161 ms
64 bytes from aaaa::212:7409:9:909: icmp_seq=46 ttl=61 time=801 ms
64 bytes from aaaa::212:7409:9:909: icmp_seq=47 ttl=61 time=1044 ms
64 bytes from aaaa::212:7409:9:909: icmp_seq=48 ttl=61 time=301 ms
64 bytes from aaaa::212:7409:9:909: icmp_seq=51 ttl=61 time=803 ms
64 bytes from aaaa::212:7409:9:909: icmp_seq=52 ttl=61 time=848 ms
64 bytes from aaaa::212:7409:9:909: icmp_seq=53 ttl=61 time=1076 ms
64 bytes from aaaa::212:7409:9:909: icmp_seq=54 ttl=61 time=1696 ms
64 bytes from aaaa::212:7409:9:909: icmp_seq=55 ttl=61 time=825 ms
64 bytes from aaaa::212:7409:9:909: icmp_seq=56 ttl=61 time=691 ms
64 bytes from aaaa::212:7409:9:909: icmp_seq=57 ttl=61 time=456 ms
64 bytes from aaaa::212:7409:9:909: icmp_seq=58 ttl=61 time=1461 ms
64 bytes from aaaa::212:7409:9:909: icmp_seq=59 ttl=61 time=484 ms
64 bytes from aaaa::212:7409:9:909: icmp_seq=60 ttl=61 time=205 ms
64 bytes from aaaa::212:7409:9:909: icmp_seq=70 ttl=61 time=882 ms
64 bytes from aaaa::212:7409:9:909: icmp_seq=77 ttl=61 time=1155 ms
64 bytes from aaaa::212:7409:9:909: icmp_seq=78 ttl=61 time=462 ms
64 bytes from aaaa::212:7409:9:909: icmp_seq=79 ttl=61 time=1530 ms
64 bytes from aaaa::212:7409:9:909: icmp_seq=80 ttl=61 time=555 ms
64 bytes from aaaa::212:7409:9:909: icmp_seq=81 ttl=61 time=914 ms
64 bytes from aaaa::212:7409:9:909: icmp_seq=85 ttl=61 time=1063 ms
64 bytes from aaaa::212:7409:9:909: icmp_seq=86 ttl=61 time=211 ms
64 bytes from aaaa::212:7409:9:909: icmp_seq=87 ttl=61 time=467 ms
64 bytes from aaaa::212:7409:9:909: icmp_seq=88 ttl=61 time=507 ms
64 bytes from aaaa::212:7409:9:909: icmp_seq=92 ttl=61 time=600 ms
64 bytes from aaaa::212:7409:9:909: icmp_seq=101 ttl=61 time=952 ms
64 bytes from aaaa::212:7409:9:909: icmp_seq=103 ttl=61 time=669 ms
64 bytes from aaaa::212:7409:9:909: icmp_seq=104 ttl=61 time=270 ms
64 bytes from aaaa::212:7409:9:909: icmp_seq=106 ttl=61 time=172 ms
64 bytes from aaaa::212:7409:9:909: icmp_seq=108 ttl=61 time=273 ms
64 bytes from aaaa::212:7409:9:909: icmp_seq=109 ttl=61 time=408 ms
64 bytes from aaaa::212:7409:9:909: icmp_seq=110 ttl=61 time=512 ms
64 bytes from aaaa::212:7409:9:909: icmp_seq=111 ttl=61 time=393 ms
64 bytes from aaaa::212:7409:9:909: icmp_seq=112 ttl=61 time=322 ms
64 bytes from aaaa::212:7409:9:909: icmp_seq=113 ttl=61 time=468 ms
64 bytes from aaaa::212:7409:9:909: icmp_seq=114 ttl=61 time=600 ms
64 bytes from aaaa::212:7409:9:909: icmp_seq=115 ttl=61 time=214 ms
64 bytes from aaaa::212:7409:9:909: icmp_seq=116 ttl=61 time=203 ms
64 bytes from aaaa::212:7409:9:909: icmp_seq=117 ttl=61 time=245 ms
64 bytes from aaaa::212:7409:9:909: icmp_seq=119 ttl=61 time=366 ms
64 bytes from aaaa::212:7409:9:909: icmp_seq=121 ttl=61 time=207 ms
64 bytes from aaaa::212:7409:9:909: icmp_seq=122 ttl=61 time=356 ms
64 bytes from aaaa::212:7409:9:909: icmp_seq=123 ttl=61 time=221 ms
64 bytes from aaaa::212:7409:9:909: icmp_seq=124 ttl=61 time=272 ms
64 bytes from aaaa::212:7409:9:909: icmp_seq=128 ttl=61 time=216 ms
64 bytes from aaaa::212:7409:9:909: icmp_seq=129 ttl=61 time=215 ms
64 bytes from aaaa::212:7409:9:909: icmp_seq=132 ttl=61 time=224 ms
64 bytes from aaaa::212:7409:9:909: icmp_seq=133 ttl=61 time=207 ms
64 bytes from aaaa::212:7409:9:909: icmp_seq=143 ttl=61 time=247 ms
64 bytes from aaaa::212:7409:9:909: icmp_seq=144 ttl=61 time=690 ms
64 bytes from aaaa::212:7409:9:909: icmp_seq=146 ttl=61 time=416 ms
64 bytes from aaaa::212:7409:9:909: icmp_seq=152 ttl=61 time=1084 ms
64 bytes from aaaa::212:7409:9:909: icmp_seq=153 ttl=61 time=755 ms
64 bytes from aaaa::212:7409:9:909: icmp_seq=154 ttl=61 time=403 ms
64 bytes from aaaa::212:7409:9:909: icmp_seq=155 ttl=61 time=353 ms
64 bytes from aaaa::212:7409:9:909: icmp_seq=156 ttl=61 time=346 ms
64 bytes from aaaa::212:7409:9:909: icmp_seq=157 ttl=61 time=287 ms
64 bytes from aaaa::212:7409:9:909: icmp_seq=158 ttl=61 time=270 ms
64 bytes from aaaa::212:7409:9:909: icmp_seq=159 ttl=61 time=498 ms
64 bytes from aaaa::212:7409:9:909: icmp_seq=160 ttl=61 time=157 ms
64 bytes from aaaa::212:7409:9:909: icmp_seq=161 ttl=61 time=298 ms
64 bytes from aaaa::212:7409:9:909: icmp_seq=162 ttl=61 time=239 ms
64 bytes from aaaa::212:7409:9:909: icmp_seq=163 ttl=61 time=320 ms
64 bytes from aaaa::212:7409:9:909: icmp_seq=164 ttl=61 time=292 ms
64 bytes from aaaa::212:7409:9:909: icmp_seq=165 ttl=61 time=375 ms
64 bytes from aaaa::212:7409:9:909: icmp_seq=166 ttl=61 time=156 ms
64 bytes from aaaa::212:7409:9:909: icmp_seq=167 ttl=61 time=218 ms
64 bytes from aaaa::212:7409:9:909: icmp_seq=168 ttl=61 time=281 ms
64 bytes from aaaa::212:7409:9:909: icmp_seq=169 ttl=61 time=353 ms
64 bytes from aaaa::212:7409:9:909: icmp_seq=170 ttl=61 time=350 ms
64 bytes from aaaa::212:7409:9:909: icmp_seq=171 ttl=61 time=340 ms
64 bytes from aaaa::212:7409:9:909: icmp_seq=172 ttl=61 time=286 ms
64 bytes from aaaa::212:7409:9:909: icmp_seq=174 ttl=61 time=185 ms
64 bytes from aaaa::212:7409:9:909: icmp_seq=175 ttl=61 time=654 ms
64 bytes from aaaa::212:7409:9:909: icmp_seq=176 ttl=61 time=201 ms
64 bytes from aaaa::212:7409:9:909: icmp_seq=177 ttl=61 time=224 ms
64 bytes from aaaa::212:7409:9:909: icmp_seq=178 ttl=61 time=234 ms
64 bytes from aaaa::212:7409:9:909: icmp_seq=179 ttl=61 time=189 ms
64 bytes from aaaa::212:7409:9:909: icmp_seq=180 ttl=61 time=249 ms
64 bytes from aaaa::212:7409:9:909: icmp_seq=181 ttl=61 time=195 ms
64 bytes from aaaa::212:7409:9:909: icmp_seq=182 ttl=61 time=314 ms
64 bytes from aaaa::212:7409:9:909: icmp_seq=183 ttl=61 time=234 ms
64 bytes from aaaa::212:7409:9:909: icmp_seq=184 ttl=61 time=258 ms
64 bytes from aaaa::212:7409:9:909: icmp_seq=185 ttl=61 time=214 ms
64 bytes from aaaa::212:7409:9:909: icmp_seq=186 ttl=61 time=290 ms
64 bytes from aaaa::212:7409:9:909: icmp_seq=187 ttl=61 time=257 ms
64 bytes from aaaa::212:7409:9:909: icmp_seq=188 ttl=61 time=289 ms
64 bytes from aaaa::212:7409:9:909: icmp_seq=189 ttl=61 time=243 ms
64 bytes from aaaa::212:7409:9:909: icmp_seq=190 ttl=61 time=266 ms
64 bytes from aaaa::212:7409:9:909: icmp_seq=191 ttl=61 time=196 ms
64 bytes from aaaa::212:7409:9:909: icmp_seq=192 ttl=61 time=278 ms
64 bytes from aaaa::212:7409:9:909: icmp_seq=193 ttl=61 time=341 ms
64 bytes from aaaa::212:7409:9:909: icmp_seq=195 ttl=61 time=169 ms
64 bytes from aaaa::212:7409:9:909: icmp_seq=196 ttl=61 time=225 ms
64 bytes from aaaa::212:7409:9:909: icmp_seq=197 ttl=61 time=218 ms
64 bytes from aaaa::212:7409:9:909: icmp_seq=198 ttl=61 time=216 ms
64 bytes from aaaa::212:7409:9:909: icmp_seq=199 ttl=61 time=215 ms
64 bytes from aaaa::212:7409:9:909: icmp_seq=200 ttl=61 time=173 ms

--- aaaa::212:7409:9:909 ping statistics ---
200 packets transmitted, 111 received, 44% packet loss, time 1007076ms
rtt min/avg/max/mdev = 156.709/433.817/1696.208/309.504 ms
