PING aaaa::212:740d:d:d0d(aaaa::212:740d:d:d0d) 56 data bytes
64 bytes from aaaa::212:740d:d:d0d: icmp_seq=1 ttl=60 time=372 ms
64 bytes from aaaa::212:740d:d:d0d: icmp_seq=2 ttl=60 time=652 ms
64 bytes from aaaa::212:740d:d:d0d: icmp_seq=3 ttl=60 time=328 ms
64 bytes from aaaa::212:740d:d:d0d: icmp_seq=5 ttl=60 time=899 ms
64 bytes from aaaa::212:740d:d:d0d: icmp_seq=6 ttl=60 time=421 ms
64 bytes from aaaa::212:740d:d:d0d: icmp_seq=7 ttl=60 time=427 ms
64 bytes from aaaa::212:740d:d:d0d: icmp_seq=8 ttl=60 time=377 ms
64 bytes from aaaa::212:740d:d:d0d: icmp_seq=9 ttl=60 time=431 ms
64 bytes from aaaa::212:740d:d:d0d: icmp_seq=10 ttl=60 time=365 ms
64 bytes from aaaa::212:740d:d:d0d: icmp_seq=11 ttl=60 time=413 ms
64 bytes from aaaa::212:740d:d:d0d: icmp_seq=12 ttl=60 time=439 ms
64 bytes from aaaa::212:740d:d:d0d: icmp_seq=13 ttl=60 time=305 ms
64 bytes from aaaa::212:740d:d:d0d: icmp_seq=15 ttl=60 time=475 ms
64 bytes from aaaa::212:740d:d:d0d: icmp_seq=16 ttl=60 time=354 ms
64 bytes from aaaa::212:740d:d:d0d: icmp_seq=17 ttl=60 time=434 ms
64 bytes from aaaa::212:740d:d:d0d: icmp_seq=18 ttl=60 time=322 ms
64 bytes from aaaa::212:740d:d:d0d: icmp_seq=19 ttl=60 time=406 ms
64 bytes from aaaa::212:740d:d:d0d: icmp_seq=20 ttl=60 time=341 ms
64 bytes from aaaa::212:740d:d:d0d: icmp_seq=21 ttl=60 time=563 ms
64 bytes from aaaa::212:740d:d:d0d: icmp_seq=22 ttl=60 time=540 ms
64 bytes from aaaa::212:740d:d:d0d: icmp_seq=23 ttl=60 time=528 ms
64 bytes from aaaa::212:740d:d:d0d: icmp_seq=24 ttl=60 time=756 ms
64 bytes from aaaa::212:740d:d:d0d: icmp_seq=25 ttl=60 time=362 ms
64 bytes from aaaa::212:740d:d:d0d: icmp_seq=28 ttl=60 time=242 ms
64 bytes from aaaa::212:740d:d:d0d: icmp_seq=30 ttl=60 time=324 ms
64 bytes from aaaa::212:740d:d:d0d: icmp_seq=31 ttl=60 time=289 ms
64 bytes from aaaa::212:740d:d:d0d: icmp_seq=32 ttl=60 time=325 ms
64 bytes from aaaa::212:740d:d:d0d: icmp_seq=33 ttl=60 time=365 ms
64 bytes from aaaa::212:740d:d:d0d: icmp_seq=34 ttl=60 time=373 ms
64 bytes from aaaa::212:740d:d:d0d: icmp_seq=35 ttl=60 time=380 ms
64 bytes from aaaa::212:740d:d:d0d: icmp_seq=37 ttl=60 time=221 ms
64 bytes from aaaa::212:740d:d:d0d: icmp_seq=38 ttl=60 time=283 ms
64 bytes from aaaa::212:740d:d:d0d: icmp_seq=39 ttl=60 time=717 ms
64 bytes from aaaa::212:740d:d:d0d: icmp_seq=40 ttl=60 time=576 ms
64 bytes from aaaa::212:740d:d:d0d: icmp_seq=42 ttl=60 time=438 ms
64 bytes from aaaa::212:740d:d:d0d: icmp_seq=43 ttl=60 time=599 ms
64 bytes from aaaa::212:740d:d:d0d: icmp_seq=45 ttl=60 time=1221 ms
64 bytes from aaaa::212:740d:d:d0d: icmp_seq=46 ttl=60 time=736 ms
64 bytes from aaaa::212:740d:d:d0d: icmp_seq=48 ttl=60 time=605 ms
64 bytes from aaaa::212:740d:d:d0d: icmp_seq=49 ttl=60 time=515 ms
64 bytes from aaaa::212:740d:d:d0d: icmp_seq=50 ttl=60 time=689 ms
64 bytes from aaaa::212:740d:d:d0d: icmp_seq=51 ttl=60 time=546 ms
64 bytes from aaaa::212:740d:d:d0d: icmp_seq=52 ttl=60 time=886 ms
64 bytes from aaaa::212:740d:d:d0d: icmp_seq=55 ttl=60 time=445 ms
64 bytes from aaaa::212:740d:d:d0d: icmp_seq=56 ttl=60 time=925 ms
64 bytes from aaaa::212:740d:d:d0d: icmp_seq=57 ttl=60 time=743 ms
64 bytes from aaaa::212:740d:d:d0d: icmp_seq=61 ttl=60 time=958 ms
64 bytes from aaaa::212:740d:d:d0d: icmp_seq=62 ttl=60 time=484 ms
64 bytes from aaaa::212:740d:d:d0d: icmp_seq=63 ttl=60 time=597 ms
64 bytes from aaaa::212:740d:d:d0d: icmp_seq=64 ttl=60 time=484 ms
64 bytes from aaaa::212:740d:d:d0d: icmp_seq=65 ttl=60 time=263 ms
64 bytes from aaaa::212:740d:d:d0d: icmp_seq=66 ttl=60 time=290 ms
64 bytes from aaaa::212:740d:d:d0d: icmp_seq=67 ttl=60 time=213 ms
64 bytes from aaaa::212:740d:d:d0d: icmp_seq=68 ttl=60 time=683 ms
64 bytes from aaaa::212:740d:d:d0d: icmp_seq=69 ttl=60 time=680 ms
64 bytes from aaaa::212:740d:d:d0d: icmp_seq=70 ttl=60 time=592 ms
64 bytes from aaaa::212:740d:d:d0d: icmp_seq=72 ttl=60 time=560 ms
64 bytes from aaaa::212:740d:d:d0d: icmp_seq=73 ttl=60 time=263 ms
64 bytes from aaaa::212:740d:d:d0d: icmp_seq=74 ttl=60 time=238 ms
64 bytes from aaaa::212:740d:d:d0d: icmp_seq=75 ttl=60 time=388 ms
64 bytes from aaaa::212:740d:d:d0d: icmp_seq=76 ttl=60 time=290 ms
64 bytes from aaaa::212:740d:d:d0d: icmp_seq=77 ttl=60 time=1359 ms
64 bytes from aaaa::212:740d:d:d0d: icmp_seq=78 ttl=60 time=537 ms
64 bytes from aaaa::212:740d:d:d0d: icmp_seq=80 ttl=60 time=464 ms
64 bytes from aaaa::212:740d:d:d0d: icmp_seq=81 ttl=60 time=830 ms
64 bytes from aaaa::212:740d:d:d0d: icmp_seq=86 ttl=60 time=742 ms
64 bytes from aaaa::212:740d:d:d0d: icmp_seq=87 ttl=60 time=351 ms
64 bytes from aaaa::212:740d:d:d0d: icmp_seq=88 ttl=60 time=397 ms
64 bytes from aaaa::212:740d:d:d0d: icmp_seq=89 ttl=60 time=848 ms
64 bytes from aaaa::212:740d:d:d0d: icmp_seq=92 ttl=60 time=606 ms
64 bytes from aaaa::212:740d:d:d0d: icmp_seq=98 ttl=60 time=781 ms
64 bytes from aaaa::212:740d:d:d0d: icmp_seq=99 ttl=60 time=1206 ms
64 bytes from aaaa::212:740d:d:d0d: icmp_seq=100 ttl=60 time=263 ms
64 bytes from aaaa::212:740d:d:d0d: icmp_seq=101 ttl=60 time=1304 ms
64 bytes from aaaa::212:740d:d:d0d: icmp_seq=102 ttl=60 time=368 ms
64 bytes from aaaa::212:740d:d:d0d: icmp_seq=103 ttl=60 time=412 ms
64 bytes from aaaa::212:740d:d:d0d: icmp_seq=104 ttl=60 time=545 ms
64 bytes from aaaa::212:740d:d:d0d: icmp_seq=105 ttl=60 time=899 ms
64 bytes from aaaa::212:740d:d:d0d: icmp_seq=106 ttl=60 time=334 ms
64 bytes from aaaa::212:740d:d:d0d: icmp_seq=107 ttl=60 time=1187 ms
64 bytes from aaaa::212:740d:d:d0d: icmp_seq=108 ttl=60 time=285 ms
64 bytes from aaaa::212:740d:d:d0d: icmp_seq=109 ttl=60 time=854 ms
64 bytes from aaaa::212:740d:d:d0d: icmp_seq=111 ttl=60 time=824 ms
64 bytes from aaaa::212:740d:d:d0d: icmp_seq=112 ttl=60 time=669 ms
64 bytes from aaaa::212:740d:d:d0d: icmp_seq=113 ttl=60 time=715 ms
64 bytes from aaaa::212:740d:d:d0d: icmp_seq=114 ttl=60 time=748 ms
64 bytes from aaaa::212:740d:d:d0d: icmp_seq=115 ttl=60 time=520 ms
64 bytes from aaaa::212:740d:d:d0d: icmp_seq=116 ttl=60 time=698 ms
64 bytes from aaaa::212:740d:d:d0d: icmp_seq=117 ttl=60 time=423 ms
64 bytes from aaaa::212:740d:d:d0d: icmp_seq=118 ttl=60 time=288 ms
64 bytes from aaaa::212:740d:d:d0d: icmp_seq=119 ttl=60 time=666 ms
64 bytes from aaaa::212:740d:d:d0d: icmp_seq=120 ttl=60 time=452 ms
64 bytes from aaaa::212:740d:d:d0d: icmp_seq=122 ttl=60 time=796 ms
64 bytes from aaaa::212:740d:d:d0d: icmp_seq=123 ttl=60 time=646 ms
64 bytes from aaaa::212:740d:d:d0d: icmp_seq=124 ttl=60 time=354 ms
64 bytes from aaaa::212:740d:d:d0d: icmp_seq=125 ttl=60 time=975 ms
64 bytes from aaaa::212:740d:d:d0d: icmp_seq=126 ttl=60 time=633 ms
64 bytes from aaaa::212:740d:d:d0d: icmp_seq=127 ttl=60 time=294 ms
64 bytes from aaaa::212:740d:d:d0d: icmp_seq=129 ttl=60 time=373 ms
64 bytes from aaaa::212:740d:d:d0d: icmp_seq=130 ttl=60 time=581 ms
64 bytes from aaaa::212:740d:d:d0d: icmp_seq=131 ttl=60 time=600 ms
64 bytes from aaaa::212:740d:d:d0d: icmp_seq=132 ttl=60 time=676 ms
64 bytes from aaaa::212:740d:d:d0d: icmp_seq=133 ttl=60 time=385 ms
64 bytes from aaaa::212:740d:d:d0d: icmp_seq=134 ttl=60 time=442 ms
64 bytes from aaaa::212:740d:d:d0d: icmp_seq=138 ttl=60 time=484 ms
64 bytes from aaaa::212:740d:d:d0d: icmp_seq=139 ttl=60 time=784 ms
64 bytes from aaaa::212:740d:d:d0d: icmp_seq=140 ttl=60 time=517 ms
64 bytes from aaaa::212:740d:d:d0d: icmp_seq=142 ttl=60 time=651 ms
64 bytes from aaaa::212:740d:d:d0d: icmp_seq=143 ttl=60 time=324 ms
64 bytes from aaaa::212:740d:d:d0d: icmp_seq=144 ttl=60 time=552 ms
64 bytes from aaaa::212:740d:d:d0d: icmp_seq=145 ttl=60 time=514 ms
64 bytes from aaaa::212:740d:d:d0d: icmp_seq=146 ttl=60 time=677 ms
64 bytes from aaaa::212:740d:d:d0d: icmp_seq=147 ttl=60 time=328 ms
64 bytes from aaaa::212:740d:d:d0d: icmp_seq=148 ttl=60 time=293 ms
64 bytes from aaaa::212:740d:d:d0d: icmp_seq=149 ttl=60 time=420 ms
64 bytes from aaaa::212:740d:d:d0d: icmp_seq=150 ttl=60 time=327 ms
64 bytes from aaaa::212:740d:d:d0d: icmp_seq=151 ttl=60 time=301 ms
64 bytes from aaaa::212:740d:d:d0d: icmp_seq=153 ttl=60 time=257 ms
64 bytes from aaaa::212:740d:d:d0d: icmp_seq=154 ttl=60 time=273 ms
64 bytes from aaaa::212:740d:d:d0d: icmp_seq=155 ttl=60 time=244 ms
64 bytes from aaaa::212:740d:d:d0d: icmp_seq=156 ttl=60 time=287 ms
64 bytes from aaaa::212:740d:d:d0d: icmp_seq=157 ttl=60 time=221 ms
64 bytes from aaaa::212:740d:d:d0d: icmp_seq=158 ttl=60 time=206 ms
64 bytes from aaaa::212:740d:d:d0d: icmp_seq=159 ttl=60 time=296 ms
64 bytes from aaaa::212:740d:d:d0d: icmp_seq=160 ttl=60 time=350 ms
64 bytes from aaaa::212:740d:d:d0d: icmp_seq=161 ttl=60 time=214 ms
64 bytes from aaaa::212:740d:d:d0d: icmp_seq=162 ttl=60 time=229 ms
64 bytes from aaaa::212:740d:d:d0d: icmp_seq=163 ttl=60 time=272 ms
64 bytes from aaaa::212:740d:d:d0d: icmp_seq=164 ttl=60 time=257 ms
64 bytes from aaaa::212:740d:d:d0d: icmp_seq=165 ttl=60 time=271 ms
64 bytes from aaaa::212:740d:d:d0d: icmp_seq=166 ttl=60 time=203 ms
64 bytes from aaaa::212:740d:d:d0d: icmp_seq=167 ttl=60 time=248 ms
64 bytes from aaaa::212:740d:d:d0d: icmp_seq=168 ttl=60 time=253 ms
64 bytes from aaaa::212:740d:d:d0d: icmp_seq=169 ttl=60 time=278 ms
64 bytes from aaaa::212:740d:d:d0d: icmp_seq=170 ttl=60 time=200 ms
64 bytes from aaaa::212:740d:d:d0d: icmp_seq=171 ttl=60 time=265 ms
64 bytes from aaaa::212:740d:d:d0d: icmp_seq=172 ttl=60 time=257 ms
64 bytes from aaaa::212:740d:d:d0d: icmp_seq=173 ttl=60 time=253 ms
64 bytes from aaaa::212:740d:d:d0d: icmp_seq=174 ttl=60 time=242 ms
64 bytes from aaaa::212:740d:d:d0d: icmp_seq=175 ttl=60 time=236 ms
64 bytes from aaaa::212:740d:d:d0d: icmp_seq=176 ttl=60 time=253 ms
64 bytes from aaaa::212:740d:d:d0d: icmp_seq=177 ttl=60 time=389 ms
64 bytes from aaaa::212:740d:d:d0d: icmp_seq=178 ttl=60 time=523 ms
64 bytes from aaaa::212:740d:d:d0d: icmp_seq=180 ttl=60 time=945 ms
64 bytes from aaaa::212:740d:d:d0d: icmp_seq=181 ttl=60 time=784 ms
64 bytes from aaaa::212:740d:d:d0d: icmp_seq=182 ttl=60 time=544 ms
64 bytes from aaaa::212:740d:d:d0d: icmp_seq=183 ttl=60 time=668 ms
64 bytes from aaaa::212:740d:d:d0d: icmp_seq=184 ttl=60 time=708 ms
64 bytes from aaaa::212:740d:d:d0d: icmp_seq=185 ttl=60 time=916 ms
64 bytes from aaaa::212:740d:d:d0d: icmp_seq=186 ttl=60 time=548 ms
64 bytes from aaaa::212:740d:d:d0d: icmp_seq=187 ttl=60 time=492 ms
64 bytes from aaaa::212:740d:d:d0d: icmp_seq=188 ttl=60 time=245 ms
64 bytes from aaaa::212:740d:d:d0d: icmp_seq=189 ttl=60 time=341 ms
64 bytes from aaaa::212:740d:d:d0d: icmp_seq=190 ttl=60 time=312 ms
64 bytes from aaaa::212:740d:d:d0d: icmp_seq=191 ttl=60 time=350 ms
64 bytes from aaaa::212:740d:d:d0d: icmp_seq=192 ttl=60 time=314 ms
64 bytes from aaaa::212:740d:d:d0d: icmp_seq=193 ttl=60 time=499 ms
64 bytes from aaaa::212:740d:d:d0d: icmp_seq=194 ttl=60 time=242 ms
64 bytes from aaaa::212:740d:d:d0d: icmp_seq=195 ttl=60 time=312 ms
64 bytes from aaaa::212:740d:d:d0d: icmp_seq=196 ttl=60 time=242 ms
64 bytes from aaaa::212:740d:d:d0d: icmp_seq=197 ttl=60 time=225 ms
64 bytes from aaaa::212:740d:d:d0d: icmp_seq=198 ttl=60 time=479 ms
64 bytes from aaaa::212:740d:d:d0d: icmp_seq=199 ttl=60 time=291 ms
64 bytes from aaaa::212:740d:d:d0d: icmp_seq=200 ttl=60 time=231 ms

--- aaaa::212:740d:d:d0d ping statistics ---
200 packets transmitted, 164 received, 18% packet loss, time 1000561ms
rtt min/avg/max/mdev = 200.954/488.917/1359.083/241.219 ms
