PING aaaa::212:7408:8:808(aaaa::212:7408:8:808) 56 data bytes
64 bytes from aaaa::212:7408:8:808: icmp_seq=2 ttl=62 time=373 ms
64 bytes from aaaa::212:7408:8:808: icmp_seq=7 ttl=62 time=348 ms
64 bytes from aaaa::212:7408:8:808: icmp_seq=12 ttl=62 time=290 ms
64 bytes from aaaa::212:7408:8:808: icmp_seq=13 ttl=62 time=468 ms
64 bytes from aaaa::212:7408:8:808: icmp_seq=14 ttl=62 time=158 ms
64 bytes from aaaa::212:7408:8:808: icmp_seq=15 ttl=62 time=630 ms
64 bytes from aaaa::212:7408:8:808: icmp_seq=16 ttl=62 time=408 ms
64 bytes from aaaa::212:7408:8:808: icmp_seq=17 ttl=61 time=866 ms
64 bytes from aaaa::212:7408:8:808: icmp_seq=29 ttl=61 time=390 ms
64 bytes from aaaa::212:7408:8:808: icmp_seq=32 ttl=62 time=243 ms
64 bytes from aaaa::212:7408:8:808: icmp_seq=33 ttl=62 time=169 ms
64 bytes from aaaa::212:7408:8:808: icmp_seq=35 ttl=62 time=524 ms
64 bytes from aaaa::212:7408:8:808: icmp_seq=38 ttl=62 time=163 ms
64 bytes from aaaa::212:7408:8:808: icmp_seq=39 ttl=62 time=312 ms
64 bytes from aaaa::212:7408:8:808: icmp_seq=40 ttl=62 time=133 ms
64 bytes from aaaa::212:7408:8:808: icmp_seq=41 ttl=62 time=141 ms
64 bytes from aaaa::212:7408:8:808: icmp_seq=42 ttl=62 time=1492 ms
64 bytes from aaaa::212:7408:8:808: icmp_seq=43 ttl=62 time=933 ms
64 bytes from aaaa::212:7408:8:808: icmp_seq=46 ttl=62 time=494 ms
64 bytes from aaaa::212:7408:8:808: icmp_seq=47 ttl=62 time=1087 ms
64 bytes from aaaa::212:7408:8:808: icmp_seq=67 ttl=62 time=1134 ms
64 bytes from aaaa::212:7408:8:808: icmp_seq=68 ttl=62 time=1425 ms
64 bytes from aaaa::212:7408:8:808: icmp_seq=69 ttl=61 time=1620 ms
64 bytes from aaaa::212:7408:8:808: icmp_seq=70 ttl=61 time=593 ms
64 bytes from aaaa::212:7408:8:808: icmp_seq=72 ttl=61 time=402 ms
64 bytes from aaaa::212:7408:8:808: icmp_seq=73 ttl=61 time=454 ms
64 bytes from aaaa::212:7408:8:808: icmp_seq=74 ttl=62 time=461 ms
64 bytes from aaaa::212:7408:8:808: icmp_seq=75 ttl=62 time=876 ms
64 bytes from aaaa::212:7408:8:808: icmp_seq=76 ttl=62 time=136 ms
64 bytes from aaaa::212:7408:8:808: icmp_seq=77 ttl=62 time=180 ms
64 bytes from aaaa::212:7408:8:808: icmp_seq=78 ttl=62 time=228 ms
64 bytes from aaaa::212:7408:8:808: icmp_seq=79 ttl=62 time=482 ms
64 bytes from aaaa::212:7408:8:808: icmp_seq=81 ttl=62 time=274 ms
64 bytes from aaaa::212:7408:8:808: icmp_seq=82 ttl=62 time=1458 ms
64 bytes from aaaa::212:7408:8:808: icmp_seq=84 ttl=62 time=626 ms
64 bytes from aaaa::212:7408:8:808: icmp_seq=85 ttl=62 time=1063 ms
64 bytes from aaaa::212:7408:8:808: icmp_seq=86 ttl=62 time=2591 ms
64 bytes from aaaa::212:7408:8:808: icmp_seq=89 ttl=62 time=1747 ms
64 bytes from aaaa::212:7408:8:808: icmp_seq=96 ttl=62 time=3309 ms
64 bytes from aaaa::212:7408:8:808: icmp_seq=104 ttl=62 time=3552 ms
64 bytes from aaaa::212:7408:8:808: icmp_seq=105 ttl=62 time=1893 ms
64 bytes from aaaa::212:7408:8:808: icmp_seq=110 ttl=62 time=1078 ms
64 bytes from aaaa::212:7408:8:808: icmp_seq=114 ttl=62 time=1319 ms
64 bytes from aaaa::212:7408:8:808: icmp_seq=115 ttl=62 time=672 ms
64 bytes from aaaa::212:7408:8:808: icmp_seq=118 ttl=62 time=2384 ms
64 bytes from aaaa::212:7408:8:808: icmp_seq=119 ttl=62 time=533 ms
64 bytes from aaaa::212:7408:8:808: icmp_seq=122 ttl=62 time=153 ms
64 bytes from aaaa::212:7408:8:808: icmp_seq=123 ttl=62 time=151 ms
64 bytes from aaaa::212:7408:8:808: icmp_seq=124 ttl=62 time=121 ms
64 bytes from aaaa::212:7408:8:808: icmp_seq=126 ttl=62 time=579 ms
64 bytes from aaaa::212:7408:8:808: icmp_seq=127 ttl=62 time=260 ms
64 bytes from aaaa::212:7408:8:808: icmp_seq=128 ttl=62 time=355 ms
64 bytes from aaaa::212:7408:8:808: icmp_seq=129 ttl=62 time=163 ms
64 bytes from aaaa::212:7408:8:808: icmp_seq=133 ttl=62 time=784 ms
64 bytes from aaaa::212:7408:8:808: icmp_seq=134 ttl=62 time=147 ms
64 bytes from aaaa::212:7408:8:808: icmp_seq=136 ttl=62 time=255 ms
64 bytes from aaaa::212:7408:8:808: icmp_seq=137 ttl=62 time=484 ms
64 bytes from aaaa::212:7408:8:808: icmp_seq=138 ttl=62 time=390 ms
64 bytes from aaaa::212:7408:8:808: icmp_seq=139 ttl=62 time=1279 ms
64 bytes from aaaa::212:7408:8:808: icmp_seq=140 ttl=62 time=500 ms
64 bytes from aaaa::212:7408:8:808: icmp_seq=141 ttl=62 time=266 ms
64 bytes from aaaa::212:7408:8:808: icmp_seq=142 ttl=62 time=202 ms
64 bytes from aaaa::212:7408:8:808: icmp_seq=143 ttl=62 time=396 ms
64 bytes from aaaa::212:7408:8:808: icmp_seq=144 ttl=62 time=1172 ms
64 bytes from aaaa::212:7408:8:808: icmp_seq=146 ttl=62 time=281 ms
64 bytes from aaaa::212:7408:8:808: icmp_seq=147 ttl=62 time=3533 ms
64 bytes from aaaa::212:7408:8:808: icmp_seq=148 ttl=62 time=2371 ms
64 bytes from aaaa::212:7408:8:808: icmp_seq=149 ttl=62 time=1909 ms
64 bytes from aaaa::212:7408:8:808: icmp_seq=152 ttl=62 time=2442 ms
64 bytes from aaaa::212:7408:8:808: icmp_seq=157 ttl=62 time=1342 ms
64 bytes from aaaa::212:7408:8:808: icmp_seq=158 ttl=62 time=996 ms
64 bytes from aaaa::212:7408:8:808: icmp_seq=159 ttl=62 time=2703 ms
64 bytes from aaaa::212:7408:8:808: icmp_seq=167 ttl=62 time=2374 ms
64 bytes from aaaa::212:7408:8:808: icmp_seq=168 ttl=62 time=1975 ms
64 bytes from aaaa::212:7408:8:808: icmp_seq=169 ttl=62 time=1408 ms
64 bytes from aaaa::212:7408:8:808: icmp_seq=172 ttl=62 time=590 ms
64 bytes from aaaa::212:7408:8:808: icmp_seq=173 ttl=62 time=2350 ms
64 bytes from aaaa::212:7408:8:808: icmp_seq=175 ttl=62 time=608 ms
64 bytes from aaaa::212:7408:8:808: icmp_seq=176 ttl=62 time=2419 ms
64 bytes from aaaa::212:7408:8:808: icmp_seq=178 ttl=62 time=291 ms
64 bytes from aaaa::212:7408:8:808: icmp_seq=180 ttl=62 time=987 ms
64 bytes from aaaa::212:7408:8:808: icmp_seq=181 ttl=62 time=1619 ms
64 bytes from aaaa::212:7408:8:808: icmp_seq=182 ttl=62 time=575 ms
64 bytes from aaaa::212:7408:8:808: icmp_seq=183 ttl=62 time=2339 ms
64 bytes from aaaa::212:7408:8:808: icmp_seq=184 ttl=62 time=351 ms
64 bytes from aaaa::212:7408:8:808: icmp_seq=185 ttl=62 time=469 ms
64 bytes from aaaa::212:7408:8:808: icmp_seq=186 ttl=62 time=1187 ms
64 bytes from aaaa::212:7408:8:808: icmp_seq=187 ttl=62 time=1714 ms
64 bytes from aaaa::212:7408:8:808: icmp_seq=199 ttl=62 time=1403 ms
64 bytes from aaaa::212:7408:8:808: icmp_seq=200 ttl=62 time=319 ms

--- aaaa::212:7408:8:808 ping statistics ---
200 packets transmitted, 90 received, 55% packet loss, time 1009101ms
rtt min/avg/max/mdev = 121.367/959.648/3552.843/851.268 ms
