PING aaaa::212:7405:5:505(aaaa::212:7405:5:505) 56 data bytes
64 bytes from aaaa::212:7405:5:505: icmp_seq=1 ttl=62 time=188 ms
64 bytes from aaaa::212:7405:5:505: icmp_seq=2 ttl=62 time=224 ms
64 bytes from aaaa::212:7405:5:505: icmp_seq=3 ttl=62 time=364 ms
64 bytes from aaaa::212:7405:5:505: icmp_seq=7 ttl=62 time=265 ms
64 bytes from aaaa::212:7405:5:505: icmp_seq=8 ttl=62 time=356 ms
64 bytes from aaaa::212:7405:5:505: icmp_seq=10 ttl=62 time=133 ms
64 bytes from aaaa::212:7405:5:505: icmp_seq=11 ttl=62 time=776 ms
64 bytes from aaaa::212:7405:5:505: icmp_seq=12 ttl=62 time=276 ms
64 bytes from aaaa::212:7405:5:505: icmp_seq=13 ttl=62 time=214 ms
64 bytes from aaaa::212:7405:5:505: icmp_seq=14 ttl=62 time=258 ms
64 bytes from aaaa::212:7405:5:505: icmp_seq=15 ttl=62 time=246 ms
64 bytes from aaaa::212:7405:5:505: icmp_seq=16 ttl=62 time=838 ms
64 bytes from aaaa::212:7405:5:505: icmp_seq=18 ttl=62 time=789 ms
64 bytes from aaaa::212:7405:5:505: icmp_seq=19 ttl=62 time=812 ms
64 bytes from aaaa::212:7405:5:505: icmp_seq=20 ttl=62 time=362 ms
64 bytes from aaaa::212:7405:5:505: icmp_seq=21 ttl=62 time=281 ms
64 bytes from aaaa::212:7405:5:505: icmp_seq=22 ttl=62 time=411 ms
64 bytes from aaaa::212:7405:5:505: icmp_seq=23 ttl=62 time=326 ms
64 bytes from aaaa::212:7405:5:505: icmp_seq=26 ttl=62 time=564 ms
64 bytes from aaaa::212:7405:5:505: icmp_seq=27 ttl=62 time=239 ms
64 bytes from aaaa::212:7405:5:505: icmp_seq=28 ttl=62 time=141 ms
64 bytes from aaaa::212:7405:5:505: icmp_seq=29 ttl=62 time=350 ms
64 bytes from aaaa::212:7405:5:505: icmp_seq=30 ttl=62 time=115 ms
64 bytes from aaaa::212:7405:5:505: icmp_seq=33 ttl=62 time=337 ms
64 bytes from aaaa::212:7405:5:505: icmp_seq=34 ttl=62 time=243 ms
64 bytes from aaaa::212:7405:5:505: icmp_seq=35 ttl=62 time=869 ms
64 bytes from aaaa::212:7405:5:505: icmp_seq=37 ttl=62 time=252 ms
64 bytes from aaaa::212:7405:5:505: icmp_seq=38 ttl=62 time=300 ms
64 bytes from aaaa::212:7405:5:505: icmp_seq=39 ttl=62 time=254 ms
64 bytes from aaaa::212:7405:5:505: icmp_seq=41 ttl=62 time=245 ms
64 bytes from aaaa::212:7405:5:505: icmp_seq=42 ttl=62 time=380 ms
64 bytes from aaaa::212:7405:5:505: icmp_seq=45 ttl=62 time=232 ms
64 bytes from aaaa::212:7405:5:505: icmp_seq=46 ttl=62 time=185 ms
64 bytes from aaaa::212:7405:5:505: icmp_seq=47 ttl=62 time=234 ms
64 bytes from aaaa::212:7405:5:505: icmp_seq=48 ttl=62 time=430 ms
64 bytes from aaaa::212:7405:5:505: icmp_seq=49 ttl=62 time=604 ms
64 bytes from aaaa::212:7405:5:505: icmp_seq=50 ttl=62 time=834 ms
64 bytes from aaaa::212:7405:5:505: icmp_seq=51 ttl=62 time=890 ms
64 bytes from aaaa::212:7405:5:505: icmp_seq=52 ttl=62 time=216 ms
64 bytes from aaaa::212:7405:5:505: icmp_seq=53 ttl=62 time=516 ms
64 bytes from aaaa::212:7405:5:505: icmp_seq=54 ttl=62 time=298 ms
64 bytes from aaaa::212:7405:5:505: icmp_seq=58 ttl=62 time=233 ms
64 bytes from aaaa::212:7405:5:505: icmp_seq=60 ttl=62 time=569 ms
64 bytes from aaaa::212:7405:5:505: icmp_seq=63 ttl=62 time=1257 ms
64 bytes from aaaa::212:7405:5:505: icmp_seq=64 ttl=62 time=1578 ms
64 bytes from aaaa::212:7405:5:505: icmp_seq=65 ttl=62 time=342 ms
64 bytes from aaaa::212:7405:5:505: icmp_seq=67 ttl=62 time=569 ms
64 bytes from aaaa::212:7405:5:505: icmp_seq=68 ttl=62 time=225 ms
64 bytes from aaaa::212:7405:5:505: icmp_seq=69 ttl=62 time=1459 ms
64 bytes from aaaa::212:7405:5:505: icmp_seq=71 ttl=61 time=508 ms
64 bytes from aaaa::212:7405:5:505: icmp_seq=81 ttl=62 time=635 ms
64 bytes from aaaa::212:7405:5:505: icmp_seq=93 ttl=62 time=2894 ms
64 bytes from aaaa::212:7405:5:505: icmp_seq=94 ttl=62 time=1858 ms
64 bytes from aaaa::212:7405:5:505: icmp_seq=95 ttl=62 time=2026 ms
64 bytes from aaaa::212:7405:5:505: icmp_seq=112 ttl=62 time=2609 ms
64 bytes from aaaa::212:7405:5:505: icmp_seq=113 ttl=62 time=1157 ms
64 bytes from aaaa::212:7405:5:505: icmp_seq=114 ttl=62 time=821 ms
64 bytes from aaaa::212:7405:5:505: icmp_seq=115 ttl=62 time=835 ms
64 bytes from aaaa::212:7405:5:505: icmp_seq=122 ttl=62 time=421 ms
64 bytes from aaaa::212:7405:5:505: icmp_seq=123 ttl=62 time=564 ms
64 bytes from aaaa::212:7405:5:505: icmp_seq=124 ttl=62 time=349 ms
64 bytes from aaaa::212:7405:5:505: icmp_seq=130 ttl=62 time=511 ms
64 bytes from aaaa::212:7405:5:505: icmp_seq=131 ttl=62 time=363 ms
64 bytes from aaaa::212:7405:5:505: icmp_seq=132 ttl=62 time=274 ms
64 bytes from aaaa::212:7405:5:505: icmp_seq=133 ttl=62 time=327 ms
64 bytes from aaaa::212:7405:5:505: icmp_seq=134 ttl=62 time=132 ms
64 bytes from aaaa::212:7405:5:505: icmp_seq=135 ttl=62 time=204 ms
64 bytes from aaaa::212:7405:5:505: icmp_seq=136 ttl=62 time=160 ms
64 bytes from aaaa::212:7405:5:505: icmp_seq=137 ttl=62 time=175 ms
64 bytes from aaaa::212:7405:5:505: icmp_seq=138 ttl=62 time=140 ms
64 bytes from aaaa::212:7405:5:505: icmp_seq=139 ttl=62 time=2235 ms
64 bytes from aaaa::212:7405:5:505: icmp_seq=140 ttl=62 time=255 ms
64 bytes from aaaa::212:7405:5:505: icmp_seq=141 ttl=62 time=287 ms
64 bytes from aaaa::212:7405:5:505: icmp_seq=142 ttl=62 time=383 ms
64 bytes from aaaa::212:7405:5:505: icmp_seq=143 ttl=62 time=920 ms
64 bytes from aaaa::212:7405:5:505: icmp_seq=144 ttl=62 time=2638 ms
64 bytes from aaaa::212:7405:5:505: icmp_seq=146 ttl=62 time=1424 ms
64 bytes from aaaa::212:7405:5:505: icmp_seq=147 ttl=62 time=345 ms
64 bytes from aaaa::212:7405:5:505: icmp_seq=148 ttl=62 time=1968 ms
64 bytes from aaaa::212:7405:5:505: icmp_seq=150 ttl=62 time=2239 ms
64 bytes from aaaa::212:7405:5:505: icmp_seq=151 ttl=62 time=643 ms
64 bytes from aaaa::212:7405:5:505: icmp_seq=154 ttl=62 time=350 ms
64 bytes from aaaa::212:7405:5:505: icmp_seq=156 ttl=62 time=447 ms
64 bytes from aaaa::212:7405:5:505: icmp_seq=157 ttl=62 time=393 ms
64 bytes from aaaa::212:7405:5:505: icmp_seq=159 ttl=62 time=980 ms
64 bytes from aaaa::212:7405:5:505: icmp_seq=160 ttl=62 time=1045 ms
64 bytes from aaaa::212:7405:5:505: icmp_seq=164 ttl=62 time=875 ms
64 bytes from aaaa::212:7405:5:505: icmp_seq=166 ttl=62 time=2718 ms
64 bytes from aaaa::212:7405:5:505: icmp_seq=168 ttl=62 time=1331 ms
64 bytes from aaaa::212:7405:5:505: icmp_seq=170 ttl=62 time=620 ms
64 bytes from aaaa::212:7405:5:505: icmp_seq=171 ttl=62 time=3487 ms
64 bytes from aaaa::212:7405:5:505: icmp_seq=172 ttl=62 time=1658 ms
64 bytes from aaaa::212:7405:5:505: icmp_seq=173 ttl=62 time=457 ms
64 bytes from aaaa::212:7405:5:505: icmp_seq=176 ttl=62 time=873 ms
64 bytes from aaaa::212:7405:5:505: icmp_seq=177 ttl=62 time=3011 ms
64 bytes from aaaa::212:7405:5:505: icmp_seq=179 ttl=62 time=443 ms
64 bytes from aaaa::212:7405:5:505: icmp_seq=180 ttl=62 time=473 ms
64 bytes from aaaa::212:7405:5:505: icmp_seq=181 ttl=62 time=567 ms
64 bytes from aaaa::212:7405:5:505: icmp_seq=182 ttl=62 time=1162 ms
64 bytes from aaaa::212:7405:5:505: icmp_seq=185 ttl=62 time=2489 ms
64 bytes from aaaa::212:7405:5:505: icmp_seq=186 ttl=62 time=280 ms
64 bytes from aaaa::212:7405:5:505: icmp_seq=187 ttl=62 time=1361 ms
64 bytes from aaaa::212:7405:5:505: icmp_seq=189 ttl=62 time=1065 ms
64 bytes from aaaa::212:7405:5:505: icmp_seq=190 ttl=62 time=518 ms
64 bytes from aaaa::212:7405:5:505: icmp_seq=191 ttl=62 time=366 ms
64 bytes from aaaa::212:7405:5:505: icmp_seq=193 ttl=62 time=635 ms
64 bytes from aaaa::212:7405:5:505: icmp_seq=197 ttl=62 time=749 ms
64 bytes from aaaa::212:7405:5:505: icmp_seq=198 ttl=62 time=669 ms
64 bytes from aaaa::212:7405:5:505: icmp_seq=199 ttl=62 time=747 ms

--- aaaa::212:7405:5:505 ping statistics ---
200 packets transmitted, 109 received, 45% packet loss, time 1007776ms
rtt min/avg/max/mdev = 115.485/754.119/3487.320/722.216 ms
