PING aaaa::212:7410:10:1010(aaaa::212:7410:10:1010) 56 data bytes
64 bytes from aaaa::212:7410:10:1010: icmp_seq=5 ttl=60 time=647 ms
64 bytes from aaaa::212:7410:10:1010: icmp_seq=6 ttl=60 time=852 ms
64 bytes from aaaa::212:7410:10:1010: icmp_seq=7 ttl=60 time=618 ms
64 bytes from aaaa::212:7410:10:1010: icmp_seq=9 ttl=60 time=1234 ms
64 bytes from aaaa::212:7410:10:1010: icmp_seq=10 ttl=60 time=730 ms
64 bytes from aaaa::212:7410:10:1010: icmp_seq=11 ttl=60 time=524 ms
64 bytes from aaaa::212:7410:10:1010: icmp_seq=12 ttl=60 time=473 ms
64 bytes from aaaa::212:7410:10:1010: icmp_seq=13 ttl=60 time=391 ms
64 bytes from aaaa::212:7410:10:1010: icmp_seq=14 ttl=60 time=474 ms
64 bytes from aaaa::212:7410:10:1010: icmp_seq=15 ttl=60 time=1274 ms
64 bytes from aaaa::212:7410:10:1010: icmp_seq=23 ttl=59 time=2058 ms
64 bytes from aaaa::212:7410:10:1010: icmp_seq=27 ttl=59 time=339 ms
64 bytes from aaaa::212:7410:10:1010: icmp_seq=28 ttl=59 time=275 ms
64 bytes from aaaa::212:7410:10:1010: icmp_seq=30 ttl=60 time=682 ms
64 bytes from aaaa::212:7410:10:1010: icmp_seq=31 ttl=60 time=575 ms
64 bytes from aaaa::212:7410:10:1010: icmp_seq=32 ttl=60 time=599 ms
64 bytes from aaaa::212:7410:10:1010: icmp_seq=33 ttl=60 time=753 ms
64 bytes from aaaa::212:7410:10:1010: icmp_seq=34 ttl=60 time=789 ms
64 bytes from aaaa::212:7410:10:1010: icmp_seq=35 ttl=60 time=326 ms
64 bytes from aaaa::212:7410:10:1010: icmp_seq=36 ttl=60 time=453 ms
64 bytes from aaaa::212:7410:10:1010: icmp_seq=37 ttl=60 time=289 ms
64 bytes from aaaa::212:7410:10:1010: icmp_seq=39 ttl=60 time=466 ms
64 bytes from aaaa::212:7410:10:1010: icmp_seq=42 ttl=60 time=489 ms
64 bytes from aaaa::212:7410:10:1010: icmp_seq=43 ttl=60 time=347 ms
64 bytes from aaaa::212:7410:10:1010: icmp_seq=45 ttl=60 time=603 ms
64 bytes from aaaa::212:7410:10:1010: icmp_seq=49 ttl=60 time=388 ms
64 bytes from aaaa::212:7410:10:1010: icmp_seq=50 ttl=60 time=820 ms
64 bytes from aaaa::212:7410:10:1010: icmp_seq=57 ttl=60 time=388 ms
64 bytes from aaaa::212:7410:10:1010: icmp_seq=58 ttl=60 time=466 ms
64 bytes from aaaa::212:7410:10:1010: icmp_seq=60 ttl=60 time=1432 ms
64 bytes from aaaa::212:7410:10:1010: icmp_seq=61 ttl=60 time=1967 ms
64 bytes from aaaa::212:7410:10:1010: icmp_seq=62 ttl=60 time=2059 ms
64 bytes from aaaa::212:7410:10:1010: icmp_seq=64 ttl=60 time=359 ms
64 bytes from aaaa::212:7410:10:1010: icmp_seq=66 ttl=60 time=2559 ms
64 bytes from aaaa::212:7410:10:1010: icmp_seq=67 ttl=60 time=746 ms
64 bytes from aaaa::212:7410:10:1010: icmp_seq=68 ttl=59 time=971 ms
64 bytes from aaaa::212:7410:10:1010: icmp_seq=71 ttl=59 time=1224 ms
64 bytes from aaaa::212:7410:10:1010: icmp_seq=74 ttl=60 time=516 ms
64 bytes from aaaa::212:7410:10:1010: icmp_seq=75 ttl=60 time=308 ms
64 bytes from aaaa::212:7410:10:1010: icmp_seq=77 ttl=60 time=819 ms
64 bytes from aaaa::212:7410:10:1010: icmp_seq=78 ttl=60 time=1899 ms
64 bytes from aaaa::212:7410:10:1010: icmp_seq=79 ttl=60 time=1401 ms
64 bytes from aaaa::212:7410:10:1010: icmp_seq=80 ttl=60 time=880 ms
64 bytes from aaaa::212:7410:10:1010: icmp_seq=81 ttl=60 time=1657 ms
64 bytes from aaaa::212:7410:10:1010: icmp_seq=82 ttl=60 time=942 ms
64 bytes from aaaa::212:7410:10:1010: icmp_seq=83 ttl=60 time=889 ms
64 bytes from aaaa::212:7410:10:1010: icmp_seq=85 ttl=60 time=2267 ms
64 bytes from aaaa::212:7410:10:1010: icmp_seq=87 ttl=60 time=901 ms
64 bytes from aaaa::212:7410:10:1010: icmp_seq=89 ttl=60 time=7869 ms
64 bytes from aaaa::212:7410:10:1010: icmp_seq=97 ttl=60 time=1798 ms
64 bytes from aaaa::212:7410:10:1010: icmp_seq=98 ttl=60 time=2780 ms
64 bytes from aaaa::212:7410:10:1010: icmp_seq=102 ttl=60 time=1120 ms
64 bytes from aaaa::212:7410:10:1010: icmp_seq=111 ttl=60 time=1125 ms
64 bytes from aaaa::212:7410:10:1010: icmp_seq=112 ttl=60 time=1616 ms
64 bytes from aaaa::212:7410:10:1010: icmp_seq=130 ttl=60 time=830 ms
64 bytes from aaaa::212:7410:10:1010: icmp_seq=131 ttl=60 time=654 ms
64 bytes from aaaa::212:7410:10:1010: icmp_seq=132 ttl=60 time=529 ms
64 bytes from aaaa::212:7410:10:1010: icmp_seq=133 ttl=60 time=2467 ms
64 bytes from aaaa::212:7410:10:1010: icmp_seq=135 ttl=60 time=518 ms
64 bytes from aaaa::212:7410:10:1010: icmp_seq=136 ttl=60 time=445 ms
64 bytes from aaaa::212:7410:10:1010: icmp_seq=139 ttl=60 time=553 ms
64 bytes from aaaa::212:7410:10:1010: icmp_seq=140 ttl=60 time=601 ms
64 bytes from aaaa::212:7410:10:1010: icmp_seq=145 ttl=60 time=4672 ms
64 bytes from aaaa::212:7410:10:1010: icmp_seq=146 ttl=60 time=3548 ms
64 bytes from aaaa::212:7410:10:1010: icmp_seq=147 ttl=60 time=746 ms
64 bytes from aaaa::212:7410:10:1010: icmp_seq=149 ttl=60 time=1768 ms
64 bytes from aaaa::212:7410:10:1010: icmp_seq=150 ttl=60 time=1423 ms
64 bytes from aaaa::212:7410:10:1010: icmp_seq=151 ttl=60 time=1644 ms
64 bytes from aaaa::212:7410:10:1010: icmp_seq=152 ttl=60 time=2444 ms
64 bytes from aaaa::212:7410:10:1010: icmp_seq=153 ttl=60 time=1360 ms
64 bytes from aaaa::212:7410:10:1010: icmp_seq=154 ttl=60 time=1656 ms
64 bytes from aaaa::212:7410:10:1010: icmp_seq=155 ttl=60 time=2361 ms
64 bytes from aaaa::212:7410:10:1010: icmp_seq=156 ttl=60 time=1007 ms
64 bytes from aaaa::212:7410:10:1010: icmp_seq=157 ttl=60 time=964 ms
64 bytes from aaaa::212:7410:10:1010: icmp_seq=158 ttl=60 time=2156 ms
64 bytes from aaaa::212:7410:10:1010: icmp_seq=159 ttl=60 time=1219 ms
64 bytes from aaaa::212:7410:10:1010: icmp_seq=166 ttl=60 time=3019 ms
64 bytes from aaaa::212:7410:10:1010: icmp_seq=167 ttl=60 time=1015 ms
64 bytes from aaaa::212:7410:10:1010: icmp_seq=168 ttl=60 time=1151 ms
64 bytes from aaaa::212:7410:10:1010: icmp_seq=169 ttl=60 time=4197 ms
64 bytes from aaaa::212:7410:10:1010: icmp_seq=170 ttl=60 time=1284 ms
64 bytes from aaaa::212:7410:10:1010: icmp_seq=171 ttl=60 time=987 ms
64 bytes from aaaa::212:7410:10:1010: icmp_seq=172 ttl=60 time=1957 ms
64 bytes from aaaa::212:7410:10:1010: icmp_seq=173 ttl=60 time=1393 ms
64 bytes from aaaa::212:7410:10:1010: icmp_seq=174 ttl=60 time=970 ms
64 bytes from aaaa::212:7410:10:1010: icmp_seq=175 ttl=60 time=1930 ms
64 bytes from aaaa::212:7410:10:1010: icmp_seq=176 ttl=60 time=774 ms
64 bytes from aaaa::212:7410:10:1010: icmp_seq=177 ttl=60 time=2957 ms
64 bytes from aaaa::212:7410:10:1010: icmp_seq=179 ttl=60 time=908 ms
64 bytes from aaaa::212:7410:10:1010: icmp_seq=180 ttl=60 time=896 ms
64 bytes from aaaa::212:7410:10:1010: icmp_seq=181 ttl=60 time=1747 ms
64 bytes from aaaa::212:7410:10:1010: icmp_seq=184 ttl=60 time=728 ms
64 bytes from aaaa::212:7410:10:1010: icmp_seq=185 ttl=60 time=719 ms
64 bytes from aaaa::212:7410:10:1010: icmp_seq=186 ttl=60 time=965 ms
64 bytes from aaaa::212:7410:10:1010: icmp_seq=187 ttl=60 time=777 ms
64 bytes from aaaa::212:7410:10:1010: icmp_seq=189 ttl=60 time=831 ms
64 bytes from aaaa::212:7410:10:1010: icmp_seq=190 ttl=60 time=1774 ms
64 bytes from aaaa::212:7410:10:1010: icmp_seq=191 ttl=60 time=1648 ms
64 bytes from aaaa::212:7410:10:1010: icmp_seq=192 ttl=60 time=1036 ms
64 bytes from aaaa::212:7410:10:1010: icmp_seq=193 ttl=60 time=6026 ms
64 bytes from aaaa::212:7410:10:1010: icmp_seq=195 ttl=60 time=1979 ms
64 bytes from aaaa::212:7410:10:1010: icmp_seq=198 ttl=60 time=1390 ms
64 bytes from aaaa::212:7410:10:1010: icmp_seq=199 ttl=60 time=680 ms
64 bytes from aaaa::212:7410:10:1010: icmp_seq=200 ttl=60 time=503 ms

--- aaaa::212:7410:10:1010 ping statistics ---
200 packets transmitted, 104 received, 48% packet loss, time 1007886ms
rtt min/avg/max/mdev = 275.087/1310.398/7869.153/1149.507 ms, pipe 2
