PING aaaa::212:7402:2:202(aaaa::212:7402:2:202) 56 data bytes
64 bytes from aaaa::212:7402:2:202: icmp_seq=1 ttl=62 time=513 ms
64 bytes from aaaa::212:7402:2:202: icmp_seq=3 ttl=62 time=134 ms
64 bytes from aaaa::212:7402:2:202: icmp_seq=5 ttl=62 time=230 ms
64 bytes from aaaa::212:7402:2:202: icmp_seq=7 ttl=62 time=147 ms
64 bytes from aaaa::212:7402:2:202: icmp_seq=8 ttl=62 time=317 ms
64 bytes from aaaa::212:7402:2:202: icmp_seq=9 ttl=62 time=288 ms
64 bytes from aaaa::212:7402:2:202: icmp_seq=10 ttl=62 time=122 ms
64 bytes from aaaa::212:7402:2:202: icmp_seq=11 ttl=62 time=178 ms
64 bytes from aaaa::212:7402:2:202: icmp_seq=12 ttl=62 time=713 ms
64 bytes from aaaa::212:7402:2:202: icmp_seq=13 ttl=62 time=520 ms
64 bytes from aaaa::212:7402:2:202: icmp_seq=14 ttl=62 time=174 ms
64 bytes from aaaa::212:7402:2:202: icmp_seq=15 ttl=62 time=121 ms
64 bytes from aaaa::212:7402:2:202: icmp_seq=16 ttl=62 time=227 ms
64 bytes from aaaa::212:7402:2:202: icmp_seq=17 ttl=62 time=628 ms
64 bytes from aaaa::212:7402:2:202: icmp_seq=18 ttl=62 time=268 ms
64 bytes from aaaa::212:7402:2:202: icmp_seq=19 ttl=62 time=778 ms
64 bytes from aaaa::212:7402:2:202: icmp_seq=20 ttl=62 time=320 ms
64 bytes from aaaa::212:7402:2:202: icmp_seq=21 ttl=62 time=408 ms
64 bytes from aaaa::212:7402:2:202: icmp_seq=22 ttl=62 time=109 ms
64 bytes from aaaa::212:7402:2:202: icmp_seq=23 ttl=62 time=108 ms
64 bytes from aaaa::212:7402:2:202: icmp_seq=24 ttl=62 time=251 ms
64 bytes from aaaa::212:7402:2:202: icmp_seq=25 ttl=62 time=331 ms
64 bytes from aaaa::212:7402:2:202: icmp_seq=26 ttl=62 time=458 ms
64 bytes from aaaa::212:7402:2:202: icmp_seq=27 ttl=62 time=222 ms
64 bytes from aaaa::212:7402:2:202: icmp_seq=28 ttl=62 time=388 ms
64 bytes from aaaa::212:7402:2:202: icmp_seq=30 ttl=62 time=473 ms
64 bytes from aaaa::212:7402:2:202: icmp_seq=31 ttl=62 time=103 ms
64 bytes from aaaa::212:7402:2:202: icmp_seq=32 ttl=62 time=870 ms
64 bytes from aaaa::212:7402:2:202: icmp_seq=33 ttl=62 time=709 ms
64 bytes from aaaa::212:7402:2:202: icmp_seq=34 ttl=62 time=157 ms
64 bytes from aaaa::212:7402:2:202: icmp_seq=35 ttl=62 time=235 ms
64 bytes from aaaa::212:7402:2:202: icmp_seq=36 ttl=62 time=214 ms
64 bytes from aaaa::212:7402:2:202: icmp_seq=37 ttl=62 time=2445 ms
64 bytes from aaaa::212:7402:2:202: icmp_seq=38 ttl=62 time=127 ms
64 bytes from aaaa::212:7402:2:202: icmp_seq=39 ttl=62 time=205 ms
64 bytes from aaaa::212:7402:2:202: icmp_seq=40 ttl=62 time=237 ms
64 bytes from aaaa::212:7402:2:202: icmp_seq=41 ttl=62 time=223 ms
64 bytes from aaaa::212:7402:2:202: icmp_seq=42 ttl=62 time=79.2 ms
64 bytes from aaaa::212:7402:2:202: icmp_seq=43 ttl=62 time=208 ms
64 bytes from aaaa::212:7402:2:202: icmp_seq=45 ttl=62 time=261 ms
64 bytes from aaaa::212:7402:2:202: icmp_seq=46 ttl=62 time=106 ms
64 bytes from aaaa::212:7402:2:202: icmp_seq=47 ttl=62 time=144 ms
64 bytes from aaaa::212:7402:2:202: icmp_seq=48 ttl=62 time=127 ms
64 bytes from aaaa::212:7402:2:202: icmp_seq=49 ttl=62 time=109 ms
64 bytes from aaaa::212:7402:2:202: icmp_seq=50 ttl=62 time=360 ms
64 bytes from aaaa::212:7402:2:202: icmp_seq=51 ttl=62 time=467 ms
64 bytes from aaaa::212:7402:2:202: icmp_seq=52 ttl=62 time=186 ms
64 bytes from aaaa::212:7402:2:202: icmp_seq=53 ttl=62 time=156 ms
64 bytes from aaaa::212:7402:2:202: icmp_seq=54 ttl=62 time=151 ms
64 bytes from aaaa::212:7402:2:202: icmp_seq=55 ttl=61 time=940 ms
64 bytes from aaaa::212:7402:2:202: icmp_seq=56 ttl=62 time=549 ms
64 bytes from aaaa::212:7402:2:202: icmp_seq=58 ttl=62 time=154 ms
64 bytes from aaaa::212:7402:2:202: icmp_seq=59 ttl=62 time=275 ms
64 bytes from aaaa::212:7402:2:202: icmp_seq=60 ttl=62 time=145 ms
64 bytes from aaaa::212:7402:2:202: icmp_seq=61 ttl=62 time=96.3 ms
64 bytes from aaaa::212:7402:2:202: icmp_seq=62 ttl=62 time=371 ms
64 bytes from aaaa::212:7402:2:202: icmp_seq=63 ttl=62 time=344 ms
64 bytes from aaaa::212:7402:2:202: icmp_seq=64 ttl=62 time=486 ms
64 bytes from aaaa::212:7402:2:202: icmp_seq=65 ttl=62 time=502 ms
64 bytes from aaaa::212:7402:2:202: icmp_seq=66 ttl=62 time=113 ms
64 bytes from aaaa::212:7402:2:202: icmp_seq=67 ttl=62 time=340 ms
64 bytes from aaaa::212:7402:2:202: icmp_seq=68 ttl=62 time=553 ms
64 bytes from aaaa::212:7402:2:202: icmp_seq=69 ttl=62 time=182 ms
64 bytes from aaaa::212:7402:2:202: icmp_seq=70 ttl=62 time=1861 ms
64 bytes from aaaa::212:7402:2:202: icmp_seq=71 ttl=62 time=1079 ms
64 bytes from aaaa::212:7402:2:202: icmp_seq=72 ttl=62 time=2182 ms
64 bytes from aaaa::212:7402:2:202: icmp_seq=73 ttl=62 time=881 ms
64 bytes from aaaa::212:7402:2:202: icmp_seq=74 ttl=62 time=525 ms
64 bytes from aaaa::212:7402:2:202: icmp_seq=75 ttl=62 time=358 ms
64 bytes from aaaa::212:7402:2:202: icmp_seq=76 ttl=62 time=232 ms
64 bytes from aaaa::212:7402:2:202: icmp_seq=77 ttl=62 time=104 ms
64 bytes from aaaa::212:7402:2:202: icmp_seq=78 ttl=62 time=241 ms
64 bytes from aaaa::212:7402:2:202: icmp_seq=79 ttl=62 time=324 ms
64 bytes from aaaa::212:7402:2:202: icmp_seq=80 ttl=62 time=263 ms
64 bytes from aaaa::212:7402:2:202: icmp_seq=81 ttl=62 time=212 ms
64 bytes from aaaa::212:7402:2:202: icmp_seq=82 ttl=62 time=202 ms
64 bytes from aaaa::212:7402:2:202: icmp_seq=83 ttl=62 time=197 ms
64 bytes from aaaa::212:7402:2:202: icmp_seq=84 ttl=62 time=275 ms
64 bytes from aaaa::212:7402:2:202: icmp_seq=85 ttl=62 time=385 ms
64 bytes from aaaa::212:7402:2:202: icmp_seq=86 ttl=62 time=620 ms
64 bytes from aaaa::212:7402:2:202: icmp_seq=87 ttl=62 time=1015 ms
64 bytes from aaaa::212:7402:2:202: icmp_seq=88 ttl=62 time=1428 ms
64 bytes from aaaa::212:7402:2:202: icmp_seq=95 ttl=62 time=502 ms
64 bytes from aaaa::212:7402:2:202: icmp_seq=99 ttl=62 time=1819 ms
64 bytes from aaaa::212:7402:2:202: icmp_seq=101 ttl=62 time=859 ms
64 bytes from aaaa::212:7402:2:202: icmp_seq=102 ttl=62 time=2541 ms
64 bytes from aaaa::212:7402:2:202: icmp_seq=103 ttl=62 time=798 ms
64 bytes from aaaa::212:7402:2:202: icmp_seq=105 ttl=62 time=1394 ms
64 bytes from aaaa::212:7402:2:202: icmp_seq=106 ttl=62 time=1725 ms
64 bytes from aaaa::212:7402:2:202: icmp_seq=107 ttl=61 time=2332 ms
64 bytes from aaaa::212:7402:2:202: icmp_seq=110 ttl=61 time=1298 ms
64 bytes from aaaa::212:7402:2:202: icmp_seq=113 ttl=61 time=796 ms
64 bytes from aaaa::212:7402:2:202: icmp_seq=114 ttl=61 time=509 ms
64 bytes from aaaa::212:7402:2:202: icmp_seq=115 ttl=61 time=364 ms
64 bytes from aaaa::212:7402:2:202: icmp_seq=119 ttl=61 time=1960 ms
64 bytes from aaaa::212:7402:2:202: icmp_seq=127 ttl=62 time=971 ms
64 bytes from aaaa::212:7402:2:202: icmp_seq=131 ttl=62 time=280 ms
64 bytes from aaaa::212:7402:2:202: icmp_seq=132 ttl=62 time=1364 ms
64 bytes from aaaa::212:7402:2:202: icmp_seq=133 ttl=62 time=232 ms
64 bytes from aaaa::212:7402:2:202: icmp_seq=134 ttl=62 time=594 ms
64 bytes from aaaa::212:7402:2:202: icmp_seq=135 ttl=62 time=567 ms
64 bytes from aaaa::212:7402:2:202: icmp_seq=136 ttl=62 time=148 ms
64 bytes from aaaa::212:7402:2:202: icmp_seq=137 ttl=62 time=796 ms
64 bytes from aaaa::212:7402:2:202: icmp_seq=138 ttl=62 time=198 ms
64 bytes from aaaa::212:7402:2:202: icmp_seq=139 ttl=62 time=664 ms
64 bytes from aaaa::212:7402:2:202: icmp_seq=140 ttl=62 time=381 ms
64 bytes from aaaa::212:7402:2:202: icmp_seq=141 ttl=62 time=1479 ms
64 bytes from aaaa::212:7402:2:202: icmp_seq=142 ttl=62 time=672 ms
64 bytes from aaaa::212:7402:2:202: icmp_seq=143 ttl=62 time=220 ms
64 bytes from aaaa::212:7402:2:202: icmp_seq=144 ttl=62 time=151 ms
64 bytes from aaaa::212:7402:2:202: icmp_seq=145 ttl=62 time=507 ms
64 bytes from aaaa::212:7402:2:202: icmp_seq=146 ttl=62 time=434 ms
64 bytes from aaaa::212:7402:2:202: icmp_seq=147 ttl=62 time=1208 ms
64 bytes from aaaa::212:7402:2:202: icmp_seq=148 ttl=62 time=251 ms
64 bytes from aaaa::212:7402:2:202: icmp_seq=149 ttl=62 time=430 ms
64 bytes from aaaa::212:7402:2:202: icmp_seq=150 ttl=62 time=491 ms
64 bytes from aaaa::212:7402:2:202: icmp_seq=151 ttl=62 time=949 ms
64 bytes from aaaa::212:7402:2:202: icmp_seq=152 ttl=62 time=2740 ms
64 bytes from aaaa::212:7402:2:202: icmp_seq=153 ttl=62 time=1535 ms
64 bytes from aaaa::212:7402:2:202: icmp_seq=154 ttl=62 time=873 ms
64 bytes from aaaa::212:7402:2:202: icmp_seq=155 ttl=62 time=549 ms
64 bytes from aaaa::212:7402:2:202: icmp_seq=156 ttl=62 time=746 ms
64 bytes from aaaa::212:7402:2:202: icmp_seq=158 ttl=62 time=812 ms
64 bytes from aaaa::212:7402:2:202: icmp_seq=159 ttl=62 time=671 ms
64 bytes from aaaa::212:7402:2:202: icmp_seq=160 ttl=62 time=400 ms
64 bytes from aaaa::212:7402:2:202: icmp_seq=161 ttl=62 time=876 ms
64 bytes from aaaa::212:7402:2:202: icmp_seq=162 ttl=62 time=400 ms
64 bytes from aaaa::212:7402:2:202: icmp_seq=163 ttl=62 time=250 ms
64 bytes from aaaa::212:7402:2:202: icmp_seq=164 ttl=62 time=466 ms
64 bytes from aaaa::212:7402:2:202: icmp_seq=165 ttl=62 time=959 ms
64 bytes from aaaa::212:7402:2:202: icmp_seq=166 ttl=62 time=933 ms
64 bytes from aaaa::212:7402:2:202: icmp_seq=167 ttl=62 time=505 ms
64 bytes from aaaa::212:7402:2:202: icmp_seq=168 ttl=62 time=451 ms
64 bytes from aaaa::212:7402:2:202: icmp_seq=169 ttl=62 time=634 ms
64 bytes from aaaa::212:7402:2:202: icmp_seq=170 ttl=62 time=489 ms
64 bytes from aaaa::212:7402:2:202: icmp_seq=171 ttl=62 time=414 ms
64 bytes from aaaa::212:7402:2:202: icmp_seq=172 ttl=62 time=400 ms
64 bytes from aaaa::212:7402:2:202: icmp_seq=173 ttl=62 time=906 ms
64 bytes from aaaa::212:7402:2:202: icmp_seq=174 ttl=62 time=779 ms
64 bytes from aaaa::212:7402:2:202: icmp_seq=175 ttl=62 time=1033 ms
64 bytes from aaaa::212:7402:2:202: icmp_seq=177 ttl=62 time=471 ms
64 bytes from aaaa::212:7402:2:202: icmp_seq=178 ttl=62 time=367 ms
64 bytes from aaaa::212:7402:2:202: icmp_seq=179 ttl=62 time=601 ms
64 bytes from aaaa::212:7402:2:202: icmp_seq=180 ttl=62 time=251 ms
64 bytes from aaaa::212:7402:2:202: icmp_seq=181 ttl=62 time=231 ms
64 bytes from aaaa::212:7402:2:202: icmp_seq=182 ttl=62 time=573 ms
64 bytes from aaaa::212:7402:2:202: icmp_seq=183 ttl=62 time=472 ms
64 bytes from aaaa::212:7402:2:202: icmp_seq=184 ttl=62 time=513 ms
64 bytes from aaaa::212:7402:2:202: icmp_seq=185 ttl=62 time=735 ms
64 bytes from aaaa::212:7402:2:202: icmp_seq=186 ttl=62 time=564 ms
64 bytes from aaaa::212:7402:2:202: icmp_seq=187 ttl=62 time=309 ms
64 bytes from aaaa::212:7402:2:202: icmp_seq=195 ttl=62 time=724 ms
64 bytes from aaaa::212:7402:2:202: icmp_seq=196 ttl=62 time=2614 ms

--- aaaa::212:7402:2:202 ping statistics ---
200 packets transmitted, 153 received, 23% packet loss, time 1002427ms
rtt min/avg/max/mdev = 79.282/587.885/2740.757/542.411 ms
