PING aaaa::212:740c:c:c0c(aaaa::212:740c:c:c0c) 56 data bytes
64 bytes from aaaa::212:740c:c:c0c: icmp_seq=3 ttl=61 time=563 ms
64 bytes from aaaa::212:740c:c:c0c: icmp_seq=5 ttl=61 time=528 ms
64 bytes from aaaa::212:740c:c:c0c: icmp_seq=6 ttl=61 time=412 ms
64 bytes from aaaa::212:740c:c:c0c: icmp_seq=7 ttl=61 time=529 ms
64 bytes from aaaa::212:740c:c:c0c: icmp_seq=8 ttl=61 time=187 ms
64 bytes from aaaa::212:740c:c:c0c: icmp_seq=9 ttl=61 time=161 ms
64 bytes from aaaa::212:740c:c:c0c: icmp_seq=11 ttl=61 time=588 ms
64 bytes from aaaa::212:740c:c:c0c: icmp_seq=12 ttl=61 time=351 ms
64 bytes from aaaa::212:740c:c:c0c: icmp_seq=13 ttl=61 time=222 ms
64 bytes from aaaa::212:740c:c:c0c: icmp_seq=14 ttl=61 time=329 ms
64 bytes from aaaa::212:740c:c:c0c: icmp_seq=15 ttl=61 time=834 ms
64 bytes from aaaa::212:740c:c:c0c: icmp_seq=16 ttl=61 time=1959 ms
64 bytes from aaaa::212:740c:c:c0c: icmp_seq=25 ttl=60 time=866 ms
64 bytes from aaaa::212:740c:c:c0c: icmp_seq=30 ttl=61 time=2471 ms
64 bytes from aaaa::212:740c:c:c0c: icmp_seq=32 ttl=61 time=300 ms
64 bytes from aaaa::212:740c:c:c0c: icmp_seq=33 ttl=61 time=257 ms
64 bytes from aaaa::212:740c:c:c0c: icmp_seq=37 ttl=61 time=246 ms
64 bytes from aaaa::212:740c:c:c0c: icmp_seq=38 ttl=61 time=591 ms
64 bytes from aaaa::212:740c:c:c0c: icmp_seq=39 ttl=61 time=250 ms
64 bytes from aaaa::212:740c:c:c0c: icmp_seq=40 ttl=61 time=264 ms
64 bytes from aaaa::212:740c:c:c0c: icmp_seq=41 ttl=60 time=628 ms
64 bytes from aaaa::212:740c:c:c0c: icmp_seq=42 ttl=61 time=1432 ms
64 bytes from aaaa::212:740c:c:c0c: icmp_seq=43 ttl=61 time=406 ms
64 bytes from aaaa::212:740c:c:c0c: icmp_seq=44 ttl=61 time=277 ms
64 bytes from aaaa::212:740c:c:c0c: icmp_seq=45 ttl=61 time=241 ms
64 bytes from aaaa::212:740c:c:c0c: icmp_seq=46 ttl=61 time=323 ms
64 bytes from aaaa::212:740c:c:c0c: icmp_seq=48 ttl=59 time=1695 ms
64 bytes from aaaa::212:740c:c:c0c: icmp_seq=50 ttl=61 time=304 ms
64 bytes from aaaa::212:740c:c:c0c: icmp_seq=51 ttl=61 time=731 ms
64 bytes from aaaa::212:740c:c:c0c: icmp_seq=52 ttl=61 time=764 ms
64 bytes from aaaa::212:740c:c:c0c: icmp_seq=54 ttl=59 time=811 ms
64 bytes from aaaa::212:740c:c:c0c: icmp_seq=55 ttl=59 time=982 ms
64 bytes from aaaa::212:740c:c:c0c: icmp_seq=56 ttl=61 time=359 ms
64 bytes from aaaa::212:740c:c:c0c: icmp_seq=57 ttl=61 time=462 ms
64 bytes from aaaa::212:740c:c:c0c: icmp_seq=58 ttl=61 time=450 ms
64 bytes from aaaa::212:740c:c:c0c: icmp_seq=59 ttl=61 time=200 ms
64 bytes from aaaa::212:740c:c:c0c: icmp_seq=60 ttl=61 time=1765 ms
64 bytes from aaaa::212:740c:c:c0c: icmp_seq=62 ttl=61 time=529 ms
64 bytes from aaaa::212:740c:c:c0c: icmp_seq=64 ttl=61 time=466 ms
64 bytes from aaaa::212:740c:c:c0c: icmp_seq=65 ttl=61 time=305 ms
64 bytes from aaaa::212:740c:c:c0c: icmp_seq=66 ttl=61 time=535 ms
64 bytes from aaaa::212:740c:c:c0c: icmp_seq=71 ttl=60 time=1379 ms
64 bytes from aaaa::212:740c:c:c0c: icmp_seq=72 ttl=60 time=584 ms
64 bytes from aaaa::212:740c:c:c0c: icmp_seq=79 ttl=61 time=1798 ms
64 bytes from aaaa::212:740c:c:c0c: icmp_seq=86 ttl=61 time=3895 ms
64 bytes from aaaa::212:740c:c:c0c: icmp_seq=87 ttl=61 time=2015 ms
64 bytes from aaaa::212:740c:c:c0c: icmp_seq=95 ttl=61 time=4652 ms
64 bytes from aaaa::212:740c:c:c0c: icmp_seq=98 ttl=61 time=4210 ms
64 bytes from aaaa::212:740c:c:c0c: icmp_seq=100 ttl=61 time=3348 ms
64 bytes from aaaa::212:740c:c:c0c: icmp_seq=102 ttl=61 time=2806 ms
64 bytes from aaaa::212:740c:c:c0c: icmp_seq=108 ttl=61 time=5216 ms
64 bytes from aaaa::212:740c:c:c0c: icmp_seq=114 ttl=61 time=661 ms
64 bytes from aaaa::212:740c:c:c0c: icmp_seq=115 ttl=61 time=2738 ms
64 bytes from aaaa::212:740c:c:c0c: icmp_seq=116 ttl=61 time=1533 ms
64 bytes from aaaa::212:740c:c:c0c: icmp_seq=120 ttl=61 time=462 ms
64 bytes from aaaa::212:740c:c:c0c: icmp_seq=122 ttl=61 time=207 ms
64 bytes from aaaa::212:740c:c:c0c: icmp_seq=123 ttl=61 time=220 ms
64 bytes from aaaa::212:740c:c:c0c: icmp_seq=126 ttl=61 time=592 ms
64 bytes from aaaa::212:740c:c:c0c: icmp_seq=128 ttl=61 time=194 ms
64 bytes from aaaa::212:740c:c:c0c: icmp_seq=129 ttl=61 time=926 ms
64 bytes from aaaa::212:740c:c:c0c: icmp_seq=130 ttl=61 time=1404 ms
64 bytes from aaaa::212:740c:c:c0c: icmp_seq=131 ttl=61 time=699 ms
64 bytes from aaaa::212:740c:c:c0c: icmp_seq=132 ttl=61 time=690 ms
64 bytes from aaaa::212:740c:c:c0c: icmp_seq=133 ttl=61 time=188 ms
64 bytes from aaaa::212:740c:c:c0c: icmp_seq=134 ttl=61 time=1672 ms
64 bytes from aaaa::212:740c:c:c0c: icmp_seq=135 ttl=61 time=248 ms
64 bytes from aaaa::212:740c:c:c0c: icmp_seq=136 ttl=61 time=187 ms
64 bytes from aaaa::212:740c:c:c0c: icmp_seq=137 ttl=61 time=389 ms
64 bytes from aaaa::212:740c:c:c0c: icmp_seq=138 ttl=61 time=730 ms
64 bytes from aaaa::212:740c:c:c0c: icmp_seq=139 ttl=61 time=1299 ms
64 bytes from aaaa::212:740c:c:c0c: icmp_seq=140 ttl=61 time=272 ms
64 bytes from aaaa::212:740c:c:c0c: icmp_seq=141 ttl=61 time=543 ms
64 bytes from aaaa::212:740c:c:c0c: icmp_seq=142 ttl=61 time=481 ms
64 bytes from aaaa::212:740c:c:c0c: icmp_seq=143 ttl=61 time=2041 ms
64 bytes from aaaa::212:740c:c:c0c: icmp_seq=148 ttl=61 time=2303 ms
64 bytes from aaaa::212:740c:c:c0c: icmp_seq=149 ttl=61 time=3947 ms
64 bytes from aaaa::212:740c:c:c0c: icmp_seq=150 ttl=61 time=2449 ms
64 bytes from aaaa::212:740c:c:c0c: icmp_seq=154 ttl=61 time=1306 ms
64 bytes from aaaa::212:740c:c:c0c: icmp_seq=157 ttl=61 time=447 ms
64 bytes from aaaa::212:740c:c:c0c: icmp_seq=161 ttl=61 time=1352 ms
64 bytes from aaaa::212:740c:c:c0c: icmp_seq=162 ttl=61 time=785 ms
64 bytes from aaaa::212:740c:c:c0c: icmp_seq=163 ttl=61 time=813 ms
64 bytes from aaaa::212:740c:c:c0c: icmp_seq=164 ttl=61 time=974 ms
64 bytes from aaaa::212:740c:c:c0c: icmp_seq=165 ttl=61 time=933 ms
64 bytes from aaaa::212:740c:c:c0c: icmp_seq=166 ttl=61 time=1912 ms
64 bytes from aaaa::212:740c:c:c0c: icmp_seq=167 ttl=61 time=1953 ms
64 bytes from aaaa::212:740c:c:c0c: icmp_seq=168 ttl=61 time=1244 ms
64 bytes from aaaa::212:740c:c:c0c: icmp_seq=169 ttl=61 time=1458 ms
64 bytes from aaaa::212:740c:c:c0c: icmp_seq=171 ttl=61 time=1126 ms
64 bytes from aaaa::212:740c:c:c0c: icmp_seq=172 ttl=61 time=2692 ms
64 bytes from aaaa::212:740c:c:c0c: icmp_seq=173 ttl=61 time=2709 ms
64 bytes from aaaa::212:740c:c:c0c: icmp_seq=174 ttl=61 time=1265 ms
64 bytes from aaaa::212:740c:c:c0c: icmp_seq=175 ttl=61 time=2136 ms
64 bytes from aaaa::212:740c:c:c0c: icmp_seq=176 ttl=61 time=3228 ms
64 bytes from aaaa::212:740c:c:c0c: icmp_seq=177 ttl=61 time=479 ms
64 bytes from aaaa::212:740c:c:c0c: icmp_seq=178 ttl=61 time=2049 ms
64 bytes from aaaa::212:740c:c:c0c: icmp_seq=179 ttl=61 time=709 ms
64 bytes from aaaa::212:740c:c:c0c: icmp_seq=180 ttl=61 time=1781 ms
64 bytes from aaaa::212:740c:c:c0c: icmp_seq=181 ttl=61 time=775 ms
64 bytes from aaaa::212:740c:c:c0c: icmp_seq=182 ttl=61 time=1888 ms
64 bytes from aaaa::212:740c:c:c0c: icmp_seq=183 ttl=61 time=705 ms
64 bytes from aaaa::212:740c:c:c0c: icmp_seq=185 ttl=61 time=498 ms
64 bytes from aaaa::212:740c:c:c0c: icmp_seq=186 ttl=61 time=1193 ms
64 bytes from aaaa::212:740c:c:c0c: icmp_seq=187 ttl=61 time=822 ms
64 bytes from aaaa::212:740c:c:c0c: icmp_seq=188 ttl=61 time=583 ms
64 bytes from aaaa::212:740c:c:c0c: icmp_seq=189 ttl=61 time=2730 ms
64 bytes from aaaa::212:740c:c:c0c: icmp_seq=190 ttl=61 time=1453 ms
64 bytes from aaaa::212:740c:c:c0c: icmp_seq=191 ttl=61 time=2629 ms
64 bytes from aaaa::212:740c:c:c0c: icmp_seq=192 ttl=61 time=2162 ms
64 bytes from aaaa::212:740c:c:c0c: icmp_seq=193 ttl=61 time=3714 ms
64 bytes from aaaa::212:740c:c:c0c: icmp_seq=194 ttl=61 time=3620 ms
64 bytes from aaaa::212:740c:c:c0c: icmp_seq=196 ttl=61 time=1122 ms
64 bytes from aaaa::212:740c:c:c0c: icmp_seq=197 ttl=61 time=868 ms
64 bytes from aaaa::212:740c:c:c0c: icmp_seq=198 ttl=61 time=804 ms
64 bytes from aaaa::212:740c:c:c0c: icmp_seq=200 ttl=61 time=2762 ms

--- aaaa::212:740c:c:c0c ping statistics ---
200 packets transmitted, 115 received, 42% packet loss, time 1007775ms
rtt min/avg/max/mdev = 161.607/1237.246/5216.013/1092.684 ms, pipe 2
