PING aaaa::212:7402:2:202(aaaa::212:7402:2:202) 56 data bytes
64 bytes from aaaa::212:7402:2:202: icmp_seq=1 ttl=62 time=78.9 ms
64 bytes from aaaa::212:7402:2:202: icmp_seq=2 ttl=62 time=344 ms
64 bytes from aaaa::212:7402:2:202: icmp_seq=3 ttl=62 time=197 ms
64 bytes from aaaa::212:7402:2:202: icmp_seq=10 ttl=62 time=232 ms
64 bytes from aaaa::212:7402:2:202: icmp_seq=11 ttl=62 time=300 ms
64 bytes from aaaa::212:7402:2:202: icmp_seq=12 ttl=62 time=236 ms
64 bytes from aaaa::212:7402:2:202: icmp_seq=15 ttl=62 time=223 ms
64 bytes from aaaa::212:7402:2:202: icmp_seq=16 ttl=62 time=80.1 ms
64 bytes from aaaa::212:7402:2:202: icmp_seq=17 ttl=62 time=416 ms
64 bytes from aaaa::212:7402:2:202: icmp_seq=18 ttl=62 time=93.2 ms
64 bytes from aaaa::212:7402:2:202: icmp_seq=19 ttl=62 time=131 ms
64 bytes from aaaa::212:7402:2:202: icmp_seq=20 ttl=62 time=309 ms
64 bytes from aaaa::212:7402:2:202: icmp_seq=21 ttl=62 time=119 ms
64 bytes from aaaa::212:7402:2:202: icmp_seq=22 ttl=62 time=118 ms
64 bytes from aaaa::212:7402:2:202: icmp_seq=23 ttl=62 time=115 ms
64 bytes from aaaa::212:7402:2:202: icmp_seq=24 ttl=62 time=117 ms
64 bytes from aaaa::212:7402:2:202: icmp_seq=25 ttl=62 time=314 ms
64 bytes from aaaa::212:7402:2:202: icmp_seq=26 ttl=62 time=92.6 ms
64 bytes from aaaa::212:7402:2:202: icmp_seq=29 ttl=62 time=90.9 ms
64 bytes from aaaa::212:7402:2:202: icmp_seq=30 ttl=62 time=181 ms
64 bytes from aaaa::212:7402:2:202: icmp_seq=31 ttl=62 time=217 ms
64 bytes from aaaa::212:7402:2:202: icmp_seq=32 ttl=62 time=139 ms
64 bytes from aaaa::212:7402:2:202: icmp_seq=33 ttl=62 time=224 ms
64 bytes from aaaa::212:7402:2:202: icmp_seq=34 ttl=62 time=349 ms
64 bytes from aaaa::212:7402:2:202: icmp_seq=35 ttl=62 time=290 ms
64 bytes from aaaa::212:7402:2:202: icmp_seq=36 ttl=62 time=159 ms
64 bytes from aaaa::212:7402:2:202: icmp_seq=37 ttl=62 time=188 ms
64 bytes from aaaa::212:7402:2:202: icmp_seq=39 ttl=62 time=98.6 ms
64 bytes from aaaa::212:7402:2:202: icmp_seq=40 ttl=62 time=183 ms
64 bytes from aaaa::212:7402:2:202: icmp_seq=52 ttl=62 time=101 ms
64 bytes from aaaa::212:7402:2:202: icmp_seq=58 ttl=62 time=164 ms
64 bytes from aaaa::212:7402:2:202: icmp_seq=59 ttl=62 time=111 ms
64 bytes from aaaa::212:7402:2:202: icmp_seq=60 ttl=62 time=161 ms
64 bytes from aaaa::212:7402:2:202: icmp_seq=61 ttl=62 time=95.8 ms
64 bytes from aaaa::212:7402:2:202: icmp_seq=62 ttl=62 time=77.4 ms
64 bytes from aaaa::212:7402:2:202: icmp_seq=63 ttl=62 time=73.7 ms
64 bytes from aaaa::212:7402:2:202: icmp_seq=64 ttl=62 time=101 ms
64 bytes from aaaa::212:7402:2:202: icmp_seq=65 ttl=62 time=74.2 ms
64 bytes from aaaa::212:7402:2:202: icmp_seq=66 ttl=62 time=112 ms
64 bytes from aaaa::212:7402:2:202: icmp_seq=67 ttl=62 time=74.8 ms
64 bytes from aaaa::212:7402:2:202: icmp_seq=68 ttl=62 time=83.3 ms
64 bytes from aaaa::212:7402:2:202: icmp_seq=69 ttl=62 time=68.4 ms
64 bytes from aaaa::212:7402:2:202: icmp_seq=70 ttl=62 time=96.4 ms
64 bytes from aaaa::212:7402:2:202: icmp_seq=71 ttl=62 time=138 ms
64 bytes from aaaa::212:7402:2:202: icmp_seq=72 ttl=62 time=93.4 ms
64 bytes from aaaa::212:7402:2:202: icmp_seq=73 ttl=62 time=151 ms
64 bytes from aaaa::212:7402:2:202: icmp_seq=74 ttl=62 time=141 ms
64 bytes from aaaa::212:7402:2:202: icmp_seq=75 ttl=62 time=107 ms
64 bytes from aaaa::212:7402:2:202: icmp_seq=76 ttl=62 time=83.7 ms
64 bytes from aaaa::212:7402:2:202: icmp_seq=77 ttl=62 time=156 ms
64 bytes from aaaa::212:7402:2:202: icmp_seq=78 ttl=62 time=156 ms
64 bytes from aaaa::212:7402:2:202: icmp_seq=79 ttl=62 time=121 ms
64 bytes from aaaa::212:7402:2:202: icmp_seq=80 ttl=62 time=92.3 ms
64 bytes from aaaa::212:7402:2:202: icmp_seq=81 ttl=62 time=120 ms
64 bytes from aaaa::212:7402:2:202: icmp_seq=82 ttl=62 time=68.3 ms
64 bytes from aaaa::212:7402:2:202: icmp_seq=83 ttl=62 time=140 ms
64 bytes from aaaa::212:7402:2:202: icmp_seq=84 ttl=62 time=63.6 ms
64 bytes from aaaa::212:7402:2:202: icmp_seq=85 ttl=62 time=79.9 ms
64 bytes from aaaa::212:7402:2:202: icmp_seq=86 ttl=62 time=75.5 ms
64 bytes from aaaa::212:7402:2:202: icmp_seq=87 ttl=62 time=104 ms
64 bytes from aaaa::212:7402:2:202: icmp_seq=88 ttl=62 time=82.7 ms
64 bytes from aaaa::212:7402:2:202: icmp_seq=89 ttl=62 time=78.9 ms
64 bytes from aaaa::212:7402:2:202: icmp_seq=90 ttl=62 time=68.7 ms
64 bytes from aaaa::212:7402:2:202: icmp_seq=91 ttl=62 time=109 ms
64 bytes from aaaa::212:7402:2:202: icmp_seq=92 ttl=62 time=96.7 ms
64 bytes from aaaa::212:7402:2:202: icmp_seq=93 ttl=62 time=123 ms
64 bytes from aaaa::212:7402:2:202: icmp_seq=94 ttl=62 time=67.3 ms
64 bytes from aaaa::212:7402:2:202: icmp_seq=95 ttl=62 time=98.9 ms
64 bytes from aaaa::212:7402:2:202: icmp_seq=97 ttl=62 time=65.2 ms
64 bytes from aaaa::212:7402:2:202: icmp_seq=98 ttl=62 time=81.0 ms
64 bytes from aaaa::212:7402:2:202: icmp_seq=99 ttl=62 time=81.1 ms
64 bytes from aaaa::212:7402:2:202: icmp_seq=100 ttl=62 time=65.6 ms
64 bytes from aaaa::212:7402:2:202: icmp_seq=101 ttl=62 time=115 ms
64 bytes from aaaa::212:7402:2:202: icmp_seq=102 ttl=62 time=97.4 ms
64 bytes from aaaa::212:7402:2:202: icmp_seq=103 ttl=62 time=103 ms
64 bytes from aaaa::212:7402:2:202: icmp_seq=104 ttl=62 time=73.4 ms
64 bytes from aaaa::212:7402:2:202: icmp_seq=105 ttl=62 time=67.2 ms
64 bytes from aaaa::212:7402:2:202: icmp_seq=106 ttl=62 time=185 ms
64 bytes from aaaa::212:7402:2:202: icmp_seq=107 ttl=62 time=76.8 ms
64 bytes from aaaa::212:7402:2:202: icmp_seq=108 ttl=62 time=80.3 ms
64 bytes from aaaa::212:7402:2:202: icmp_seq=109 ttl=62 time=100 ms
64 bytes from aaaa::212:7402:2:202: icmp_seq=110 ttl=62 time=83.4 ms
64 bytes from aaaa::212:7402:2:202: icmp_seq=111 ttl=62 time=81.0 ms
64 bytes from aaaa::212:7402:2:202: icmp_seq=112 ttl=62 time=83.9 ms
64 bytes from aaaa::212:7402:2:202: icmp_seq=113 ttl=62 time=82.8 ms
64 bytes from aaaa::212:7402:2:202: icmp_seq=114 ttl=62 time=76.3 ms
64 bytes from aaaa::212:7402:2:202: icmp_seq=126 ttl=62 time=185 ms
64 bytes from aaaa::212:7402:2:202: icmp_seq=127 ttl=62 time=449 ms
64 bytes from aaaa::212:7402:2:202: icmp_seq=128 ttl=62 time=188 ms
64 bytes from aaaa::212:7402:2:202: icmp_seq=129 ttl=62 time=211 ms
64 bytes from aaaa::212:7402:2:202: icmp_seq=130 ttl=62 time=159 ms
64 bytes from aaaa::212:7402:2:202: icmp_seq=131 ttl=62 time=211 ms
64 bytes from aaaa::212:7402:2:202: icmp_seq=132 ttl=62 time=187 ms
64 bytes from aaaa::212:7402:2:202: icmp_seq=133 ttl=62 time=190 ms
64 bytes from aaaa::212:7402:2:202: icmp_seq=134 ttl=62 time=163 ms
64 bytes from aaaa::212:7402:2:202: icmp_seq=135 ttl=62 time=151 ms
64 bytes from aaaa::212:7402:2:202: icmp_seq=137 ttl=62 time=114 ms
64 bytes from aaaa::212:7402:2:202: icmp_seq=138 ttl=62 time=223 ms
64 bytes from aaaa::212:7402:2:202: icmp_seq=139 ttl=62 time=304 ms
64 bytes from aaaa::212:7402:2:202: icmp_seq=140 ttl=62 time=198 ms
64 bytes from aaaa::212:7402:2:202: icmp_seq=141 ttl=62 time=199 ms
64 bytes from aaaa::212:7402:2:202: icmp_seq=142 ttl=62 time=510 ms
64 bytes from aaaa::212:7402:2:202: icmp_seq=143 ttl=62 time=144 ms
64 bytes from aaaa::212:7402:2:202: icmp_seq=144 ttl=62 time=460 ms
64 bytes from aaaa::212:7402:2:202: icmp_seq=146 ttl=62 time=315 ms
64 bytes from aaaa::212:7402:2:202: icmp_seq=147 ttl=62 time=211 ms
64 bytes from aaaa::212:7402:2:202: icmp_seq=148 ttl=62 time=148 ms
64 bytes from aaaa::212:7402:2:202: icmp_seq=149 ttl=62 time=151 ms
64 bytes from aaaa::212:7402:2:202: icmp_seq=150 ttl=62 time=121 ms
64 bytes from aaaa::212:7402:2:202: icmp_seq=151 ttl=62 time=839 ms
64 bytes from aaaa::212:7402:2:202: icmp_seq=152 ttl=62 time=228 ms
64 bytes from aaaa::212:7402:2:202: icmp_seq=153 ttl=62 time=148 ms
64 bytes from aaaa::212:7402:2:202: icmp_seq=154 ttl=62 time=133 ms
64 bytes from aaaa::212:7402:2:202: icmp_seq=155 ttl=62 time=150 ms
64 bytes from aaaa::212:7402:2:202: icmp_seq=156 ttl=62 time=176 ms
64 bytes from aaaa::212:7402:2:202: icmp_seq=157 ttl=62 time=332 ms
64 bytes from aaaa::212:7402:2:202: icmp_seq=158 ttl=62 time=210 ms
64 bytes from aaaa::212:7402:2:202: icmp_seq=159 ttl=62 time=159 ms
64 bytes from aaaa::212:7402:2:202: icmp_seq=160 ttl=62 time=369 ms
64 bytes from aaaa::212:7402:2:202: icmp_seq=161 ttl=62 time=389 ms
64 bytes from aaaa::212:7402:2:202: icmp_seq=162 ttl=62 time=393 ms
64 bytes from aaaa::212:7402:2:202: icmp_seq=163 ttl=62 time=172 ms
64 bytes from aaaa::212:7402:2:202: icmp_seq=164 ttl=62 time=281 ms
64 bytes from aaaa::212:7402:2:202: icmp_seq=165 ttl=62 time=384 ms
64 bytes from aaaa::212:7402:2:202: icmp_seq=166 ttl=62 time=328 ms
64 bytes from aaaa::212:7402:2:202: icmp_seq=167 ttl=62 time=317 ms
64 bytes from aaaa::212:7402:2:202: icmp_seq=168 ttl=62 time=128 ms
64 bytes from aaaa::212:7402:2:202: icmp_seq=169 ttl=62 time=160 ms
64 bytes from aaaa::212:7402:2:202: icmp_seq=170 ttl=62 time=533 ms
64 bytes from aaaa::212:7402:2:202: icmp_seq=171 ttl=62 time=248 ms
64 bytes from aaaa::212:7402:2:202: icmp_seq=172 ttl=62 time=326 ms
64 bytes from aaaa::212:7402:2:202: icmp_seq=173 ttl=62 time=193 ms
64 bytes from aaaa::212:7402:2:202: icmp_seq=174 ttl=62 time=196 ms
64 bytes from aaaa::212:7402:2:202: icmp_seq=175 ttl=62 time=123 ms
64 bytes from aaaa::212:7402:2:202: icmp_seq=176 ttl=62 time=444 ms
64 bytes from aaaa::212:7402:2:202: icmp_seq=177 ttl=62 time=200 ms
64 bytes from aaaa::212:7402:2:202: icmp_seq=178 ttl=62 time=96.3 ms
64 bytes from aaaa::212:7402:2:202: icmp_seq=179 ttl=62 time=117 ms
64 bytes from aaaa::212:7402:2:202: icmp_seq=180 ttl=62 time=81.4 ms
64 bytes from aaaa::212:7402:2:202: icmp_seq=181 ttl=62 time=115 ms
64 bytes from aaaa::212:7402:2:202: icmp_seq=182 ttl=62 time=90.8 ms
64 bytes from aaaa::212:7402:2:202: icmp_seq=183 ttl=62 time=77.9 ms
64 bytes from aaaa::212:7402:2:202: icmp_seq=184 ttl=62 time=149 ms
64 bytes from aaaa::212:7402:2:202: icmp_seq=185 ttl=62 time=107 ms
64 bytes from aaaa::212:7402:2:202: icmp_seq=186 ttl=62 time=338 ms
64 bytes from aaaa::212:7402:2:202: icmp_seq=187 ttl=62 time=96.7 ms
64 bytes from aaaa::212:7402:2:202: icmp_seq=188 ttl=62 time=102 ms
64 bytes from aaaa::212:7402:2:202: icmp_seq=189 ttl=62 time=69.5 ms
64 bytes from aaaa::212:7402:2:202: icmp_seq=190 ttl=62 time=71.9 ms
64 bytes from aaaa::212:7402:2:202: icmp_seq=191 ttl=62 time=100 ms
64 bytes from aaaa::212:7402:2:202: icmp_seq=192 ttl=62 time=75.3 ms
64 bytes from aaaa::212:7402:2:202: icmp_seq=193 ttl=62 time=205 ms
64 bytes from aaaa::212:7402:2:202: icmp_seq=194 ttl=62 time=91.6 ms
64 bytes from aaaa::212:7402:2:202: icmp_seq=195 ttl=62 time=83.1 ms
64 bytes from aaaa::212:7402:2:202: icmp_seq=196 ttl=62 time=101 ms
64 bytes from aaaa::212:7402:2:202: icmp_seq=197 ttl=62 time=97.0 ms
64 bytes from aaaa::212:7402:2:202: icmp_seq=198 ttl=62 time=88.6 ms
64 bytes from aaaa::212:7402:2:202: icmp_seq=199 ttl=62 time=142 ms
64 bytes from aaaa::212:7402:2:202: icmp_seq=200 ttl=62 time=101 ms

--- aaaa::212:7402:2:202 ping statistics ---
200 packets transmitted, 159 received, 20% packet loss, time 1001139ms
rtt min/avg/max/mdev = 63.633/167.572/839.144/113.704 ms
