PING aaaa::212:7403:3:303(aaaa::212:7403:3:303) 56 data bytes
64 bytes from aaaa::212:7403:3:303: icmp_seq=1 ttl=63 time=46.4 ms
64 bytes from aaaa::212:7403:3:303: icmp_seq=2 ttl=63 time=161 ms
64 bytes from aaaa::212:7403:3:303: icmp_seq=3 ttl=63 time=150 ms
64 bytes from aaaa::212:7403:3:303: icmp_seq=5 ttl=63 time=80.0 ms
64 bytes from aaaa::212:7403:3:303: icmp_seq=6 ttl=63 time=48.5 ms
64 bytes from aaaa::212:7403:3:303: icmp_seq=7 ttl=63 time=112 ms
64 bytes from aaaa::212:7403:3:303: icmp_seq=8 ttl=63 time=46.5 ms
64 bytes from aaaa::212:7403:3:303: icmp_seq=10 ttl=63 time=57.9 ms
64 bytes from aaaa::212:7403:3:303: icmp_seq=15 ttl=63 time=44.0 ms
64 bytes from aaaa::212:7403:3:303: icmp_seq=16 ttl=63 time=114 ms
64 bytes from aaaa::212:7403:3:303: icmp_seq=20 ttl=63 time=105 ms
64 bytes from aaaa::212:7403:3:303: icmp_seq=21 ttl=63 time=62.0 ms
64 bytes from aaaa::212:7403:3:303: icmp_seq=22 ttl=63 time=113 ms
64 bytes from aaaa::212:7403:3:303: icmp_seq=23 ttl=63 time=260 ms
64 bytes from aaaa::212:7403:3:303: icmp_seq=24 ttl=63 time=163 ms
64 bytes from aaaa::212:7403:3:303: icmp_seq=26 ttl=63 time=111 ms
64 bytes from aaaa::212:7403:3:303: icmp_seq=28 ttl=63 time=101 ms
64 bytes from aaaa::212:7403:3:303: icmp_seq=34 ttl=63 time=88.7 ms
64 bytes from aaaa::212:7403:3:303: icmp_seq=35 ttl=63 time=92.3 ms
64 bytes from aaaa::212:7403:3:303: icmp_seq=36 ttl=63 time=75.7 ms
64 bytes from aaaa::212:7403:3:303: icmp_seq=37 ttl=63 time=55.9 ms
64 bytes from aaaa::212:7403:3:303: icmp_seq=38 ttl=63 time=105 ms
64 bytes from aaaa::212:7403:3:303: icmp_seq=39 ttl=63 time=41.8 ms
64 bytes from aaaa::212:7403:3:303: icmp_seq=40 ttl=63 time=57.6 ms
64 bytes from aaaa::212:7403:3:303: icmp_seq=41 ttl=63 time=78.3 ms
64 bytes from aaaa::212:7403:3:303: icmp_seq=42 ttl=63 time=72.2 ms
64 bytes from aaaa::212:7403:3:303: icmp_seq=43 ttl=63 time=44.3 ms
64 bytes from aaaa::212:7403:3:303: icmp_seq=44 ttl=63 time=81.2 ms
64 bytes from aaaa::212:7403:3:303: icmp_seq=45 ttl=63 time=82.9 ms
64 bytes from aaaa::212:7403:3:303: icmp_seq=46 ttl=63 time=86.2 ms
64 bytes from aaaa::212:7403:3:303: icmp_seq=47 ttl=63 time=45.7 ms
64 bytes from aaaa::212:7403:3:303: icmp_seq=48 ttl=63 time=102 ms
64 bytes from aaaa::212:7403:3:303: icmp_seq=49 ttl=63 time=79.1 ms
64 bytes from aaaa::212:7403:3:303: icmp_seq=50 ttl=63 time=91.4 ms
64 bytes from aaaa::212:7403:3:303: icmp_seq=51 ttl=63 time=131 ms
64 bytes from aaaa::212:7403:3:303: icmp_seq=52 ttl=63 time=72.1 ms
64 bytes from aaaa::212:7403:3:303: icmp_seq=53 ttl=63 time=114 ms
64 bytes from aaaa::212:7403:3:303: icmp_seq=54 ttl=63 time=127 ms
64 bytes from aaaa::212:7403:3:303: icmp_seq=55 ttl=63 time=101 ms
64 bytes from aaaa::212:7403:3:303: icmp_seq=56 ttl=63 time=213 ms
64 bytes from aaaa::212:7403:3:303: icmp_seq=57 ttl=63 time=89.9 ms
64 bytes from aaaa::212:7403:3:303: icmp_seq=58 ttl=63 time=111 ms
64 bytes from aaaa::212:7403:3:303: icmp_seq=59 ttl=63 time=59.3 ms
64 bytes from aaaa::212:7403:3:303: icmp_seq=60 ttl=63 time=48.9 ms
64 bytes from aaaa::212:7403:3:303: icmp_seq=61 ttl=63 time=52.7 ms
64 bytes from aaaa::212:7403:3:303: icmp_seq=62 ttl=63 time=50.9 ms
64 bytes from aaaa::212:7403:3:303: icmp_seq=63 ttl=63 time=75.8 ms
64 bytes from aaaa::212:7403:3:303: icmp_seq=64 ttl=63 time=49.0 ms
64 bytes from aaaa::212:7403:3:303: icmp_seq=65 ttl=63 time=63.1 ms
64 bytes from aaaa::212:7403:3:303: icmp_seq=66 ttl=63 time=69.0 ms
64 bytes from aaaa::212:7403:3:303: icmp_seq=67 ttl=63 time=124 ms
64 bytes from aaaa::212:7403:3:303: icmp_seq=68 ttl=63 time=77.7 ms
64 bytes from aaaa::212:7403:3:303: icmp_seq=69 ttl=63 time=111 ms
64 bytes from aaaa::212:7403:3:303: icmp_seq=70 ttl=63 time=54.1 ms
64 bytes from aaaa::212:7403:3:303: icmp_seq=71 ttl=63 time=96.7 ms
64 bytes from aaaa::212:7403:3:303: icmp_seq=72 ttl=63 time=59.7 ms
64 bytes from aaaa::212:7403:3:303: icmp_seq=73 ttl=63 time=354 ms
64 bytes from aaaa::212:7403:3:303: icmp_seq=74 ttl=63 time=68.2 ms
64 bytes from aaaa::212:7403:3:303: icmp_seq=75 ttl=63 time=41.8 ms
64 bytes from aaaa::212:7403:3:303: icmp_seq=76 ttl=63 time=88.5 ms
64 bytes from aaaa::212:7403:3:303: icmp_seq=77 ttl=63 time=119 ms
64 bytes from aaaa::212:7403:3:303: icmp_seq=78 ttl=63 time=65.8 ms
64 bytes from aaaa::212:7403:3:303: icmp_seq=79 ttl=63 time=126 ms
64 bytes from aaaa::212:7403:3:303: icmp_seq=80 ttl=63 time=61.0 ms
64 bytes from aaaa::212:7403:3:303: icmp_seq=87 ttl=63 time=163 ms
64 bytes from aaaa::212:7403:3:303: icmp_seq=88 ttl=63 time=144 ms
64 bytes from aaaa::212:7403:3:303: icmp_seq=90 ttl=63 time=183 ms
64 bytes from aaaa::212:7403:3:303: icmp_seq=92 ttl=63 time=191 ms
64 bytes from aaaa::212:7403:3:303: icmp_seq=95 ttl=63 time=71.9 ms
64 bytes from aaaa::212:7403:3:303: icmp_seq=98 ttl=63 time=216 ms
64 bytes from aaaa::212:7403:3:303: icmp_seq=99 ttl=63 time=140 ms
64 bytes from aaaa::212:7403:3:303: icmp_seq=102 ttl=63 time=144 ms
64 bytes from aaaa::212:7403:3:303: icmp_seq=103 ttl=63 time=60.1 ms
64 bytes from aaaa::212:7403:3:303: icmp_seq=104 ttl=63 time=47.3 ms
64 bytes from aaaa::212:7403:3:303: icmp_seq=105 ttl=63 time=61.2 ms
64 bytes from aaaa::212:7403:3:303: icmp_seq=106 ttl=63 time=78.6 ms
64 bytes from aaaa::212:7403:3:303: icmp_seq=109 ttl=63 time=72.6 ms
64 bytes from aaaa::212:7403:3:303: icmp_seq=110 ttl=63 time=144 ms
64 bytes from aaaa::212:7403:3:303: icmp_seq=111 ttl=63 time=65.3 ms
64 bytes from aaaa::212:7403:3:303: icmp_seq=112 ttl=63 time=193 ms
64 bytes from aaaa::212:7403:3:303: icmp_seq=113 ttl=63 time=174 ms
64 bytes from aaaa::212:7403:3:303: icmp_seq=114 ttl=63 time=118 ms
64 bytes from aaaa::212:7403:3:303: icmp_seq=115 ttl=63 time=118 ms
64 bytes from aaaa::212:7403:3:303: icmp_seq=116 ttl=63 time=153 ms
64 bytes from aaaa::212:7403:3:303: icmp_seq=117 ttl=63 time=166 ms
64 bytes from aaaa::212:7403:3:303: icmp_seq=118 ttl=63 time=148 ms
64 bytes from aaaa::212:7403:3:303: icmp_seq=119 ttl=63 time=72.0 ms
64 bytes from aaaa::212:7403:3:303: icmp_seq=120 ttl=63 time=56.0 ms
64 bytes from aaaa::212:7403:3:303: icmp_seq=121 ttl=63 time=43.0 ms
64 bytes from aaaa::212:7403:3:303: icmp_seq=122 ttl=63 time=104 ms
64 bytes from aaaa::212:7403:3:303: icmp_seq=124 ttl=63 time=161 ms
64 bytes from aaaa::212:7403:3:303: icmp_seq=125 ttl=63 time=82.4 ms
64 bytes from aaaa::212:7403:3:303: icmp_seq=126 ttl=63 time=81.0 ms
64 bytes from aaaa::212:7403:3:303: icmp_seq=127 ttl=63 time=52.2 ms
64 bytes from aaaa::212:7403:3:303: icmp_seq=128 ttl=63 time=54.9 ms
64 bytes from aaaa::212:7403:3:303: icmp_seq=129 ttl=63 time=109 ms
64 bytes from aaaa::212:7403:3:303: icmp_seq=130 ttl=63 time=96.7 ms
64 bytes from aaaa::212:7403:3:303: icmp_seq=131 ttl=63 time=58.9 ms
64 bytes from aaaa::212:7403:3:303: icmp_seq=132 ttl=63 time=76.4 ms
64 bytes from aaaa::212:7403:3:303: icmp_seq=133 ttl=63 time=49.9 ms
64 bytes from aaaa::212:7403:3:303: icmp_seq=134 ttl=63 time=75.4 ms
64 bytes from aaaa::212:7403:3:303: icmp_seq=135 ttl=63 time=89.5 ms
64 bytes from aaaa::212:7403:3:303: icmp_seq=136 ttl=63 time=79.9 ms
64 bytes from aaaa::212:7403:3:303: icmp_seq=137 ttl=63 time=55.9 ms
64 bytes from aaaa::212:7403:3:303: icmp_seq=138 ttl=63 time=82.0 ms
64 bytes from aaaa::212:7403:3:303: icmp_seq=139 ttl=63 time=46.0 ms
64 bytes from aaaa::212:7403:3:303: icmp_seq=140 ttl=63 time=57.6 ms
64 bytes from aaaa::212:7403:3:303: icmp_seq=141 ttl=63 time=58.7 ms
64 bytes from aaaa::212:7403:3:303: icmp_seq=142 ttl=63 time=144 ms
64 bytes from aaaa::212:7403:3:303: icmp_seq=143 ttl=63 time=79.0 ms
64 bytes from aaaa::212:7403:3:303: icmp_seq=144 ttl=63 time=162 ms
64 bytes from aaaa::212:7403:3:303: icmp_seq=145 ttl=63 time=84.4 ms
64 bytes from aaaa::212:7403:3:303: icmp_seq=146 ttl=63 time=148 ms
64 bytes from aaaa::212:7403:3:303: icmp_seq=147 ttl=63 time=68.1 ms
64 bytes from aaaa::212:7403:3:303: icmp_seq=148 ttl=63 time=74.5 ms
64 bytes from aaaa::212:7403:3:303: icmp_seq=149 ttl=63 time=92.9 ms
64 bytes from aaaa::212:7403:3:303: icmp_seq=150 ttl=63 time=257 ms
64 bytes from aaaa::212:7403:3:303: icmp_seq=151 ttl=63 time=202 ms
64 bytes from aaaa::212:7403:3:303: icmp_seq=152 ttl=63 time=49.2 ms
64 bytes from aaaa::212:7403:3:303: icmp_seq=153 ttl=63 time=153 ms
64 bytes from aaaa::212:7403:3:303: icmp_seq=154 ttl=63 time=89.7 ms
64 bytes from aaaa::212:7403:3:303: icmp_seq=155 ttl=63 time=57.0 ms
64 bytes from aaaa::212:7403:3:303: icmp_seq=156 ttl=63 time=127 ms
64 bytes from aaaa::212:7403:3:303: icmp_seq=157 ttl=63 time=58.6 ms
64 bytes from aaaa::212:7403:3:303: icmp_seq=158 ttl=63 time=96.5 ms
64 bytes from aaaa::212:7403:3:303: icmp_seq=159 ttl=63 time=205 ms
64 bytes from aaaa::212:7403:3:303: icmp_seq=160 ttl=63 time=41.1 ms
64 bytes from aaaa::212:7403:3:303: icmp_seq=161 ttl=63 time=47.7 ms
64 bytes from aaaa::212:7403:3:303: icmp_seq=162 ttl=63 time=60.1 ms
64 bytes from aaaa::212:7403:3:303: icmp_seq=163 ttl=63 time=45.5 ms
64 bytes from aaaa::212:7403:3:303: icmp_seq=164 ttl=63 time=65.5 ms
64 bytes from aaaa::212:7403:3:303: icmp_seq=165 ttl=63 time=47.8 ms
64 bytes from aaaa::212:7403:3:303: icmp_seq=166 ttl=63 time=50.2 ms
64 bytes from aaaa::212:7403:3:303: icmp_seq=167 ttl=63 time=64.5 ms
64 bytes from aaaa::212:7403:3:303: icmp_seq=168 ttl=63 time=82.2 ms
64 bytes from aaaa::212:7403:3:303: icmp_seq=169 ttl=63 time=39.4 ms
64 bytes from aaaa::212:7403:3:303: icmp_seq=170 ttl=63 time=96.8 ms
64 bytes from aaaa::212:7403:3:303: icmp_seq=171 ttl=63 time=39.4 ms
64 bytes from aaaa::212:7403:3:303: icmp_seq=172 ttl=63 time=228 ms
64 bytes from aaaa::212:7403:3:303: icmp_seq=173 ttl=63 time=44.1 ms
64 bytes from aaaa::212:7403:3:303: icmp_seq=174 ttl=63 time=94.8 ms
64 bytes from aaaa::212:7403:3:303: icmp_seq=175 ttl=63 time=48.9 ms
64 bytes from aaaa::212:7403:3:303: icmp_seq=176 ttl=63 time=45.2 ms
64 bytes from aaaa::212:7403:3:303: icmp_seq=177 ttl=63 time=68.3 ms
64 bytes from aaaa::212:7403:3:303: icmp_seq=178 ttl=63 time=33.6 ms
64 bytes from aaaa::212:7403:3:303: icmp_seq=179 ttl=63 time=48.4 ms
64 bytes from aaaa::212:7403:3:303: icmp_seq=180 ttl=63 time=59.8 ms
64 bytes from aaaa::212:7403:3:303: icmp_seq=181 ttl=63 time=91.6 ms
64 bytes from aaaa::212:7403:3:303: icmp_seq=182 ttl=63 time=89.9 ms
64 bytes from aaaa::212:7403:3:303: icmp_seq=183 ttl=63 time=37.0 ms
64 bytes from aaaa::212:7403:3:303: icmp_seq=184 ttl=63 time=36.6 ms
64 bytes from aaaa::212:7403:3:303: icmp_seq=185 ttl=63 time=71.9 ms
64 bytes from aaaa::212:7403:3:303: icmp_seq=186 ttl=63 time=39.5 ms
64 bytes from aaaa::212:7403:3:303: icmp_seq=187 ttl=63 time=63.7 ms
64 bytes from aaaa::212:7403:3:303: icmp_seq=188 ttl=63 time=72.6 ms
64 bytes from aaaa::212:7403:3:303: icmp_seq=189 ttl=63 time=38.9 ms
64 bytes from aaaa::212:7403:3:303: icmp_seq=190 ttl=63 time=45.5 ms
64 bytes from aaaa::212:7403:3:303: icmp_seq=191 ttl=63 time=120 ms
64 bytes from aaaa::212:7403:3:303: icmp_seq=192 ttl=63 time=86.8 ms
64 bytes from aaaa::212:7403:3:303: icmp_seq=193 ttl=63 time=51.0 ms
64 bytes from aaaa::212:7403:3:303: icmp_seq=194 ttl=63 time=47.3 ms
64 bytes from aaaa::212:7403:3:303: icmp_seq=195 ttl=63 time=35.4 ms
64 bytes from aaaa::212:7403:3:303: icmp_seq=196 ttl=63 time=47.9 ms
64 bytes from aaaa::212:7403:3:303: icmp_seq=197 ttl=63 time=46.0 ms
64 bytes from aaaa::212:7403:3:303: icmp_seq=198 ttl=63 time=48.1 ms
64 bytes from aaaa::212:7403:3:303: icmp_seq=199 ttl=63 time=74.2 ms
64 bytes from aaaa::212:7403:3:303: icmp_seq=200 ttl=63 time=90.4 ms

--- aaaa::212:7403:3:303 ping statistics ---
200 packets transmitted, 167 received, 16% packet loss, time 1000679ms
rtt min/avg/max/mdev = 33.612/90.947/354.552/51.021 ms
