PING aaaa::212:7407:7:707(aaaa::212:7407:7:707) 56 data bytes
64 bytes from aaaa::212:7407:7:707: icmp_seq=3 ttl=61 time=3156 ms
64 bytes from aaaa::212:7407:7:707: icmp_seq=4 ttl=61 time=785 ms
64 bytes from aaaa::212:7407:7:707: icmp_seq=5 ttl=61 time=275 ms
64 bytes from aaaa::212:7407:7:707: icmp_seq=6 ttl=61 time=443 ms
64 bytes from aaaa::212:7407:7:707: icmp_seq=8 ttl=61 time=706 ms
64 bytes from aaaa::212:7407:7:707: icmp_seq=9 ttl=61 time=456 ms
64 bytes from aaaa::212:7407:7:707: icmp_seq=10 ttl=61 time=814 ms
64 bytes from aaaa::212:7407:7:707: icmp_seq=12 ttl=61 time=248 ms
64 bytes from aaaa::212:7407:7:707: icmp_seq=13 ttl=61 time=1077 ms
64 bytes from aaaa::212:7407:7:707: icmp_seq=15 ttl=61 time=266 ms
64 bytes from aaaa::212:7407:7:707: icmp_seq=16 ttl=61 time=159 ms
64 bytes from aaaa::212:7407:7:707: icmp_seq=18 ttl=61 time=346 ms
64 bytes from aaaa::212:7407:7:707: icmp_seq=19 ttl=61 time=400 ms
64 bytes from aaaa::212:7407:7:707: icmp_seq=20 ttl=61 time=233 ms
64 bytes from aaaa::212:7407:7:707: icmp_seq=21 ttl=61 time=806 ms
64 bytes from aaaa::212:7407:7:707: icmp_seq=22 ttl=61 time=149 ms
64 bytes from aaaa::212:7407:7:707: icmp_seq=23 ttl=61 time=183 ms
64 bytes from aaaa::212:7407:7:707: icmp_seq=24 ttl=61 time=150 ms
64 bytes from aaaa::212:7407:7:707: icmp_seq=25 ttl=61 time=193 ms
64 bytes from aaaa::212:7407:7:707: icmp_seq=26 ttl=61 time=304 ms
64 bytes from aaaa::212:7407:7:707: icmp_seq=27 ttl=61 time=157 ms
64 bytes from aaaa::212:7407:7:707: icmp_seq=28 ttl=61 time=217 ms
64 bytes from aaaa::212:7407:7:707: icmp_seq=29 ttl=61 time=660 ms
64 bytes from aaaa::212:7407:7:707: icmp_seq=30 ttl=61 time=332 ms
64 bytes from aaaa::212:7407:7:707: icmp_seq=31 ttl=61 time=565 ms
64 bytes from aaaa::212:7407:7:707: icmp_seq=32 ttl=61 time=160 ms
64 bytes from aaaa::212:7407:7:707: icmp_seq=35 ttl=61 time=587 ms
64 bytes from aaaa::212:7407:7:707: icmp_seq=39 ttl=61 time=594 ms
64 bytes from aaaa::212:7407:7:707: icmp_seq=41 ttl=61 time=256 ms
64 bytes from aaaa::212:7407:7:707: icmp_seq=42 ttl=61 time=459 ms
64 bytes from aaaa::212:7407:7:707: icmp_seq=43 ttl=61 time=489 ms
64 bytes from aaaa::212:7407:7:707: icmp_seq=44 ttl=61 time=374 ms
64 bytes from aaaa::212:7407:7:707: icmp_seq=45 ttl=61 time=364 ms
64 bytes from aaaa::212:7407:7:707: icmp_seq=46 ttl=61 time=280 ms
64 bytes from aaaa::212:7407:7:707: icmp_seq=48 ttl=61 time=417 ms
64 bytes from aaaa::212:7407:7:707: icmp_seq=58 ttl=61 time=223 ms
64 bytes from aaaa::212:7407:7:707: icmp_seq=60 ttl=61 time=178 ms
64 bytes from aaaa::212:7407:7:707: icmp_seq=62 ttl=61 time=344 ms
64 bytes from aaaa::212:7407:7:707: icmp_seq=63 ttl=61 time=387 ms
64 bytes from aaaa::212:7407:7:707: icmp_seq=64 ttl=61 time=507 ms
64 bytes from aaaa::212:7407:7:707: icmp_seq=65 ttl=61 time=455 ms
64 bytes from aaaa::212:7407:7:707: icmp_seq=66 ttl=61 time=424 ms
64 bytes from aaaa::212:7407:7:707: icmp_seq=67 ttl=61 time=313 ms
64 bytes from aaaa::212:7407:7:707: icmp_seq=68 ttl=61 time=151 ms
64 bytes from aaaa::212:7407:7:707: icmp_seq=69 ttl=61 time=391 ms
64 bytes from aaaa::212:7407:7:707: icmp_seq=70 ttl=61 time=318 ms
64 bytes from aaaa::212:7407:7:707: icmp_seq=71 ttl=61 time=416 ms
64 bytes from aaaa::212:7407:7:707: icmp_seq=72 ttl=61 time=223 ms
64 bytes from aaaa::212:7407:7:707: icmp_seq=73 ttl=61 time=301 ms
64 bytes from aaaa::212:7407:7:707: icmp_seq=74 ttl=61 time=325 ms
64 bytes from aaaa::212:7407:7:707: icmp_seq=75 ttl=61 time=256 ms
64 bytes from aaaa::212:7407:7:707: icmp_seq=76 ttl=61 time=219 ms
64 bytes from aaaa::212:7407:7:707: icmp_seq=77 ttl=61 time=524 ms
64 bytes from aaaa::212:7407:7:707: icmp_seq=78 ttl=61 time=372 ms
64 bytes from aaaa::212:7407:7:707: icmp_seq=79 ttl=61 time=433 ms
64 bytes from aaaa::212:7407:7:707: icmp_seq=80 ttl=61 time=180 ms
64 bytes from aaaa::212:7407:7:707: icmp_seq=81 ttl=61 time=855 ms
64 bytes from aaaa::212:7407:7:707: icmp_seq=82 ttl=61 time=506 ms
64 bytes from aaaa::212:7407:7:707: icmp_seq=83 ttl=61 time=647 ms
64 bytes from aaaa::212:7407:7:707: icmp_seq=84 ttl=61 time=415 ms
64 bytes from aaaa::212:7407:7:707: icmp_seq=85 ttl=61 time=416 ms
64 bytes from aaaa::212:7407:7:707: icmp_seq=86 ttl=61 time=509 ms
64 bytes from aaaa::212:7407:7:707: icmp_seq=87 ttl=61 time=266 ms
64 bytes from aaaa::212:7407:7:707: icmp_seq=88 ttl=61 time=496 ms
64 bytes from aaaa::212:7407:7:707: icmp_seq=89 ttl=61 time=267 ms
64 bytes from aaaa::212:7407:7:707: icmp_seq=90 ttl=61 time=371 ms
64 bytes from aaaa::212:7407:7:707: icmp_seq=92 ttl=61 time=207 ms
64 bytes from aaaa::212:7407:7:707: icmp_seq=93 ttl=61 time=240 ms
64 bytes from aaaa::212:7407:7:707: icmp_seq=94 ttl=61 time=233 ms
64 bytes from aaaa::212:7407:7:707: icmp_seq=95 ttl=61 time=257 ms
64 bytes from aaaa::212:7407:7:707: icmp_seq=96 ttl=61 time=356 ms
64 bytes from aaaa::212:7407:7:707: icmp_seq=97 ttl=61 time=301 ms
64 bytes from aaaa::212:7407:7:707: icmp_seq=98 ttl=61 time=316 ms
64 bytes from aaaa::212:7407:7:707: icmp_seq=99 ttl=61 time=367 ms
64 bytes from aaaa::212:7407:7:707: icmp_seq=100 ttl=61 time=179 ms
64 bytes from aaaa::212:7407:7:707: icmp_seq=101 ttl=61 time=452 ms
64 bytes from aaaa::212:7407:7:707: icmp_seq=102 ttl=61 time=313 ms
64 bytes from aaaa::212:7407:7:707: icmp_seq=103 ttl=61 time=214 ms
64 bytes from aaaa::212:7407:7:707: icmp_seq=104 ttl=61 time=252 ms
64 bytes from aaaa::212:7407:7:707: icmp_seq=106 ttl=61 time=209 ms
64 bytes from aaaa::212:7407:7:707: icmp_seq=107 ttl=61 time=205 ms
64 bytes from aaaa::212:7407:7:707: icmp_seq=108 ttl=61 time=322 ms
64 bytes from aaaa::212:7407:7:707: icmp_seq=109 ttl=61 time=238 ms
64 bytes from aaaa::212:7407:7:707: icmp_seq=110 ttl=61 time=177 ms
64 bytes from aaaa::212:7407:7:707: icmp_seq=111 ttl=61 time=231 ms
64 bytes from aaaa::212:7407:7:707: icmp_seq=112 ttl=61 time=255 ms
64 bytes from aaaa::212:7407:7:707: icmp_seq=113 ttl=61 time=362 ms
64 bytes from aaaa::212:7407:7:707: icmp_seq=115 ttl=61 time=185 ms
64 bytes from aaaa::212:7407:7:707: icmp_seq=116 ttl=61 time=270 ms
64 bytes from aaaa::212:7407:7:707: icmp_seq=117 ttl=61 time=344 ms
64 bytes from aaaa::212:7407:7:707: icmp_seq=118 ttl=61 time=180 ms
64 bytes from aaaa::212:7407:7:707: icmp_seq=119 ttl=61 time=272 ms
64 bytes from aaaa::212:7407:7:707: icmp_seq=120 ttl=61 time=230 ms
64 bytes from aaaa::212:7407:7:707: icmp_seq=123 ttl=61 time=153 ms
64 bytes from aaaa::212:7407:7:707: icmp_seq=124 ttl=61 time=184 ms
64 bytes from aaaa::212:7407:7:707: icmp_seq=125 ttl=61 time=140 ms
64 bytes from aaaa::212:7407:7:707: icmp_seq=126 ttl=61 time=160 ms
64 bytes from aaaa::212:7407:7:707: icmp_seq=127 ttl=61 time=133 ms
64 bytes from aaaa::212:7407:7:707: icmp_seq=128 ttl=61 time=166 ms
64 bytes from aaaa::212:7407:7:707: icmp_seq=129 ttl=61 time=157 ms
64 bytes from aaaa::212:7407:7:707: icmp_seq=130 ttl=61 time=150 ms
64 bytes from aaaa::212:7407:7:707: icmp_seq=131 ttl=61 time=159 ms
64 bytes from aaaa::212:7407:7:707: icmp_seq=132 ttl=61 time=184 ms
64 bytes from aaaa::212:7407:7:707: icmp_seq=133 ttl=61 time=188 ms
64 bytes from aaaa::212:7407:7:707: icmp_seq=134 ttl=61 time=154 ms
64 bytes from aaaa::212:7407:7:707: icmp_seq=135 ttl=61 time=162 ms
64 bytes from aaaa::212:7407:7:707: icmp_seq=136 ttl=61 time=175 ms
64 bytes from aaaa::212:7407:7:707: icmp_seq=137 ttl=61 time=157 ms
64 bytes from aaaa::212:7407:7:707: icmp_seq=138 ttl=61 time=170 ms
64 bytes from aaaa::212:7407:7:707: icmp_seq=139 ttl=61 time=180 ms
64 bytes from aaaa::212:7407:7:707: icmp_seq=140 ttl=61 time=193 ms
64 bytes from aaaa::212:7407:7:707: icmp_seq=141 ttl=61 time=147 ms
64 bytes from aaaa::212:7407:7:707: icmp_seq=142 ttl=61 time=252 ms
64 bytes from aaaa::212:7407:7:707: icmp_seq=143 ttl=61 time=169 ms
64 bytes from aaaa::212:7407:7:707: icmp_seq=144 ttl=61 time=171 ms
64 bytes from aaaa::212:7407:7:707: icmp_seq=145 ttl=61 time=262 ms
64 bytes from aaaa::212:7407:7:707: icmp_seq=146 ttl=61 time=187 ms
64 bytes from aaaa::212:7407:7:707: icmp_seq=147 ttl=61 time=157 ms
64 bytes from aaaa::212:7407:7:707: icmp_seq=148 ttl=61 time=176 ms
64 bytes from aaaa::212:7407:7:707: icmp_seq=149 ttl=61 time=178 ms
64 bytes from aaaa::212:7407:7:707: icmp_seq=150 ttl=61 time=146 ms
64 bytes from aaaa::212:7407:7:707: icmp_seq=151 ttl=61 time=166 ms
64 bytes from aaaa::212:7407:7:707: icmp_seq=152 ttl=61 time=163 ms
64 bytes from aaaa::212:7407:7:707: icmp_seq=153 ttl=61 time=175 ms
64 bytes from aaaa::212:7407:7:707: icmp_seq=154 ttl=61 time=149 ms
64 bytes from aaaa::212:7407:7:707: icmp_seq=155 ttl=61 time=171 ms
64 bytes from aaaa::212:7407:7:707: icmp_seq=156 ttl=61 time=134 ms
64 bytes from aaaa::212:7407:7:707: icmp_seq=157 ttl=61 time=144 ms
64 bytes from aaaa::212:7407:7:707: icmp_seq=158 ttl=61 time=180 ms
64 bytes from aaaa::212:7407:7:707: icmp_seq=159 ttl=61 time=167 ms
64 bytes from aaaa::212:7407:7:707: icmp_seq=160 ttl=61 time=230 ms
64 bytes from aaaa::212:7407:7:707: icmp_seq=161 ttl=61 time=135 ms
64 bytes from aaaa::212:7407:7:707: icmp_seq=162 ttl=61 time=179 ms
64 bytes from aaaa::212:7407:7:707: icmp_seq=163 ttl=61 time=167 ms
64 bytes from aaaa::212:7407:7:707: icmp_seq=164 ttl=61 time=173 ms
64 bytes from aaaa::212:7407:7:707: icmp_seq=165 ttl=61 time=183 ms
64 bytes from aaaa::212:7407:7:707: icmp_seq=166 ttl=61 time=181 ms
64 bytes from aaaa::212:7407:7:707: icmp_seq=167 ttl=61 time=158 ms
64 bytes from aaaa::212:7407:7:707: icmp_seq=168 ttl=61 time=173 ms
64 bytes from aaaa::212:7407:7:707: icmp_seq=169 ttl=61 time=161 ms
64 bytes from aaaa::212:7407:7:707: icmp_seq=170 ttl=61 time=157 ms
64 bytes from aaaa::212:7407:7:707: icmp_seq=171 ttl=61 time=176 ms
64 bytes from aaaa::212:7407:7:707: icmp_seq=172 ttl=61 time=142 ms
64 bytes from aaaa::212:7407:7:707: icmp_seq=173 ttl=61 time=293 ms
64 bytes from aaaa::212:7407:7:707: icmp_seq=174 ttl=61 time=141 ms
64 bytes from aaaa::212:7407:7:707: icmp_seq=175 ttl=61 time=160 ms
64 bytes from aaaa::212:7407:7:707: icmp_seq=176 ttl=61 time=161 ms
64 bytes from aaaa::212:7407:7:707: icmp_seq=177 ttl=61 time=242 ms
64 bytes from aaaa::212:7407:7:707: icmp_seq=178 ttl=61 time=172 ms
64 bytes from aaaa::212:7407:7:707: icmp_seq=179 ttl=61 time=168 ms
64 bytes from aaaa::212:7407:7:707: icmp_seq=180 ttl=61 time=177 ms
64 bytes from aaaa::212:7407:7:707: icmp_seq=181 ttl=61 time=177 ms
64 bytes from aaaa::212:7407:7:707: icmp_seq=182 ttl=61 time=163 ms
64 bytes from aaaa::212:7407:7:707: icmp_seq=183 ttl=61 time=177 ms
64 bytes from aaaa::212:7407:7:707: icmp_seq=184 ttl=61 time=184 ms
64 bytes from aaaa::212:7407:7:707: icmp_seq=185 ttl=61 time=172 ms
64 bytes from aaaa::212:7407:7:707: icmp_seq=186 ttl=61 time=172 ms
64 bytes from aaaa::212:7407:7:707: icmp_seq=187 ttl=61 time=219 ms
64 bytes from aaaa::212:7407:7:707: icmp_seq=188 ttl=61 time=186 ms
64 bytes from aaaa::212:7407:7:707: icmp_seq=189 ttl=61 time=150 ms
64 bytes from aaaa::212:7407:7:707: icmp_seq=190 ttl=61 time=169 ms
64 bytes from aaaa::212:7407:7:707: icmp_seq=191 ttl=61 time=160 ms
64 bytes from aaaa::212:7407:7:707: icmp_seq=192 ttl=61 time=154 ms
64 bytes from aaaa::212:7407:7:707: icmp_seq=193 ttl=61 time=181 ms
64 bytes from aaaa::212:7407:7:707: icmp_seq=194 ttl=61 time=178 ms
64 bytes from aaaa::212:7407:7:707: icmp_seq=195 ttl=61 time=161 ms
64 bytes from aaaa::212:7407:7:707: icmp_seq=196 ttl=61 time=160 ms
64 bytes from aaaa::212:7407:7:707: icmp_seq=197 ttl=61 time=221 ms
64 bytes from aaaa::212:7407:7:707: icmp_seq=198 ttl=61 time=186 ms
64 bytes from aaaa::212:7407:7:707: icmp_seq=199 ttl=61 time=220 ms
64 bytes from aaaa::212:7407:7:707: icmp_seq=200 ttl=61 time=158 ms

--- aaaa::212:7407:7:707 ping statistics ---
200 packets transmitted, 171 received, 14% packet loss, time 999246ms
rtt min/avg/max/mdev = 133.679/289.656/3156.206/271.768 ms
