PING aaaa::212:7403:3:303(aaaa::212:7403:3:303) 56 data bytes
64 bytes from aaaa::212:7403:3:303: icmp_seq=1 ttl=63 time=121 ms
64 bytes from aaaa::212:7403:3:303: icmp_seq=2 ttl=63 time=149 ms
64 bytes from aaaa::212:7403:3:303: icmp_seq=3 ttl=63 time=46.6 ms
64 bytes from aaaa::212:7403:3:303: icmp_seq=4 ttl=63 time=101 ms
64 bytes from aaaa::212:7403:3:303: icmp_seq=5 ttl=63 time=76.0 ms
64 bytes from aaaa::212:7403:3:303: icmp_seq=6 ttl=63 time=64.2 ms
64 bytes from aaaa::212:7403:3:303: icmp_seq=8 ttl=63 time=53.8 ms
64 bytes from aaaa::212:7403:3:303: icmp_seq=9 ttl=63 time=180 ms
64 bytes from aaaa::212:7403:3:303: icmp_seq=10 ttl=63 time=143 ms
64 bytes from aaaa::212:7403:3:303: icmp_seq=12 ttl=63 time=61.0 ms
64 bytes from aaaa::212:7403:3:303: icmp_seq=13 ttl=63 time=152 ms
64 bytes from aaaa::212:7403:3:303: icmp_seq=14 ttl=63 time=101 ms
64 bytes from aaaa::212:7403:3:303: icmp_seq=17 ttl=63 time=74.3 ms
64 bytes from aaaa::212:7403:3:303: icmp_seq=18 ttl=63 time=96.0 ms
64 bytes from aaaa::212:7403:3:303: icmp_seq=26 ttl=63 time=422 ms
64 bytes from aaaa::212:7403:3:303: icmp_seq=30 ttl=63 time=140 ms
64 bytes from aaaa::212:7403:3:303: icmp_seq=39 ttl=63 time=80.2 ms
64 bytes from aaaa::212:7403:3:303: icmp_seq=47 ttl=63 time=101 ms
64 bytes from aaaa::212:7403:3:303: icmp_seq=52 ttl=63 time=80.0 ms
64 bytes from aaaa::212:7403:3:303: icmp_seq=53 ttl=63 time=85.8 ms
64 bytes from aaaa::212:7403:3:303: icmp_seq=54 ttl=63 time=119 ms
64 bytes from aaaa::212:7403:3:303: icmp_seq=55 ttl=63 time=52.5 ms
64 bytes from aaaa::212:7403:3:303: icmp_seq=56 ttl=63 time=53.5 ms
64 bytes from aaaa::212:7403:3:303: icmp_seq=57 ttl=63 time=168 ms
64 bytes from aaaa::212:7403:3:303: icmp_seq=58 ttl=63 time=52.5 ms
64 bytes from aaaa::212:7403:3:303: icmp_seq=59 ttl=63 time=102 ms
64 bytes from aaaa::212:7403:3:303: icmp_seq=60 ttl=63 time=90.7 ms
64 bytes from aaaa::212:7403:3:303: icmp_seq=61 ttl=63 time=158 ms
64 bytes from aaaa::212:7403:3:303: icmp_seq=62 ttl=63 time=178 ms
64 bytes from aaaa::212:7403:3:303: icmp_seq=63 ttl=63 time=148 ms
64 bytes from aaaa::212:7403:3:303: icmp_seq=64 ttl=63 time=236 ms
64 bytes from aaaa::212:7403:3:303: icmp_seq=65 ttl=63 time=57.2 ms
64 bytes from aaaa::212:7403:3:303: icmp_seq=66 ttl=63 time=171 ms
64 bytes from aaaa::212:7403:3:303: icmp_seq=67 ttl=63 time=144 ms
64 bytes from aaaa::212:7403:3:303: icmp_seq=68 ttl=63 time=164 ms
64 bytes from aaaa::212:7403:3:303: icmp_seq=69 ttl=63 time=156 ms
64 bytes from aaaa::212:7403:3:303: icmp_seq=70 ttl=63 time=95.4 ms
64 bytes from aaaa::212:7403:3:303: icmp_seq=71 ttl=63 time=234 ms
64 bytes from aaaa::212:7403:3:303: icmp_seq=72 ttl=63 time=155 ms
64 bytes from aaaa::212:7403:3:303: icmp_seq=73 ttl=63 time=130 ms
64 bytes from aaaa::212:7403:3:303: icmp_seq=74 ttl=63 time=50.5 ms
64 bytes from aaaa::212:7403:3:303: icmp_seq=75 ttl=63 time=88.9 ms
64 bytes from aaaa::212:7403:3:303: icmp_seq=76 ttl=63 time=77.3 ms
64 bytes from aaaa::212:7403:3:303: icmp_seq=77 ttl=63 time=115 ms
64 bytes from aaaa::212:7403:3:303: icmp_seq=78 ttl=63 time=115 ms
64 bytes from aaaa::212:7403:3:303: icmp_seq=79 ttl=63 time=43.5 ms
64 bytes from aaaa::212:7403:3:303: icmp_seq=80 ttl=63 time=121 ms
64 bytes from aaaa::212:7403:3:303: icmp_seq=81 ttl=63 time=134 ms
64 bytes from aaaa::212:7403:3:303: icmp_seq=82 ttl=63 time=181 ms
64 bytes from aaaa::212:7403:3:303: icmp_seq=83 ttl=63 time=117 ms
64 bytes from aaaa::212:7403:3:303: icmp_seq=84 ttl=63 time=97.4 ms
64 bytes from aaaa::212:7403:3:303: icmp_seq=85 ttl=63 time=127 ms
64 bytes from aaaa::212:7403:3:303: icmp_seq=86 ttl=63 time=60.2 ms
64 bytes from aaaa::212:7403:3:303: icmp_seq=87 ttl=63 time=137 ms
64 bytes from aaaa::212:7403:3:303: icmp_seq=88 ttl=63 time=61.0 ms
64 bytes from aaaa::212:7403:3:303: icmp_seq=89 ttl=63 time=110 ms
64 bytes from aaaa::212:7403:3:303: icmp_seq=90 ttl=63 time=76.4 ms
64 bytes from aaaa::212:7403:3:303: icmp_seq=91 ttl=63 time=78.3 ms
64 bytes from aaaa::212:7403:3:303: icmp_seq=92 ttl=63 time=110 ms
64 bytes from aaaa::212:7403:3:303: icmp_seq=93 ttl=63 time=133 ms
64 bytes from aaaa::212:7403:3:303: icmp_seq=94 ttl=63 time=101 ms
64 bytes from aaaa::212:7403:3:303: icmp_seq=95 ttl=63 time=113 ms
64 bytes from aaaa::212:7403:3:303: icmp_seq=96 ttl=63 time=101 ms
64 bytes from aaaa::212:7403:3:303: icmp_seq=97 ttl=63 time=124 ms
64 bytes from aaaa::212:7403:3:303: icmp_seq=98 ttl=63 time=111 ms
64 bytes from aaaa::212:7403:3:303: icmp_seq=99 ttl=63 time=139 ms
64 bytes from aaaa::212:7403:3:303: icmp_seq=101 ttl=63 time=94.4 ms
64 bytes from aaaa::212:7403:3:303: icmp_seq=102 ttl=63 time=194 ms
64 bytes from aaaa::212:7403:3:303: icmp_seq=103 ttl=63 time=118 ms
64 bytes from aaaa::212:7403:3:303: icmp_seq=104 ttl=63 time=103 ms
64 bytes from aaaa::212:7403:3:303: icmp_seq=105 ttl=63 time=86.8 ms
64 bytes from aaaa::212:7403:3:303: icmp_seq=106 ttl=63 time=155 ms
64 bytes from aaaa::212:7403:3:303: icmp_seq=107 ttl=63 time=469 ms
64 bytes from aaaa::212:7403:3:303: icmp_seq=108 ttl=63 time=45.1 ms
64 bytes from aaaa::212:7403:3:303: icmp_seq=109 ttl=63 time=67.2 ms
64 bytes from aaaa::212:7403:3:303: icmp_seq=110 ttl=63 time=109 ms
64 bytes from aaaa::212:7403:3:303: icmp_seq=111 ttl=63 time=51.4 ms
64 bytes from aaaa::212:7403:3:303: icmp_seq=112 ttl=63 time=236 ms
64 bytes from aaaa::212:7403:3:303: icmp_seq=113 ttl=63 time=45.7 ms
64 bytes from aaaa::212:7403:3:303: icmp_seq=114 ttl=63 time=151 ms
64 bytes from aaaa::212:7403:3:303: icmp_seq=115 ttl=63 time=46.8 ms
64 bytes from aaaa::212:7403:3:303: icmp_seq=116 ttl=63 time=30.6 ms
64 bytes from aaaa::212:7403:3:303: icmp_seq=117 ttl=63 time=50.8 ms
64 bytes from aaaa::212:7403:3:303: icmp_seq=118 ttl=63 time=90.3 ms
64 bytes from aaaa::212:7403:3:303: icmp_seq=119 ttl=63 time=57.4 ms
64 bytes from aaaa::212:7403:3:303: icmp_seq=120 ttl=63 time=117 ms
64 bytes from aaaa::212:7403:3:303: icmp_seq=121 ttl=63 time=31.9 ms
64 bytes from aaaa::212:7403:3:303: icmp_seq=122 ttl=63 time=67.6 ms
64 bytes from aaaa::212:7403:3:303: icmp_seq=123 ttl=63 time=38.7 ms
64 bytes from aaaa::212:7403:3:303: icmp_seq=124 ttl=63 time=37.8 ms
64 bytes from aaaa::212:7403:3:303: icmp_seq=125 ttl=63 time=69.7 ms
64 bytes from aaaa::212:7403:3:303: icmp_seq=126 ttl=63 time=185 ms
64 bytes from aaaa::212:7403:3:303: icmp_seq=127 ttl=63 time=99.7 ms
64 bytes from aaaa::212:7403:3:303: icmp_seq=128 ttl=63 time=118 ms
64 bytes from aaaa::212:7403:3:303: icmp_seq=129 ttl=63 time=39.9 ms
64 bytes from aaaa::212:7403:3:303: icmp_seq=130 ttl=63 time=44.6 ms
64 bytes from aaaa::212:7403:3:303: icmp_seq=131 ttl=63 time=117 ms
64 bytes from aaaa::212:7403:3:303: icmp_seq=132 ttl=63 time=43.3 ms
64 bytes from aaaa::212:7403:3:303: icmp_seq=133 ttl=63 time=110 ms
64 bytes from aaaa::212:7403:3:303: icmp_seq=134 ttl=63 time=71.0 ms
64 bytes from aaaa::212:7403:3:303: icmp_seq=135 ttl=63 time=37.3 ms
64 bytes from aaaa::212:7403:3:303: icmp_seq=136 ttl=63 time=36.0 ms
64 bytes from aaaa::212:7403:3:303: icmp_seq=137 ttl=63 time=116 ms
64 bytes from aaaa::212:7403:3:303: icmp_seq=138 ttl=63 time=48.8 ms
64 bytes from aaaa::212:7403:3:303: icmp_seq=139 ttl=63 time=183 ms
64 bytes from aaaa::212:7403:3:303: icmp_seq=140 ttl=63 time=95.6 ms
64 bytes from aaaa::212:7403:3:303: icmp_seq=141 ttl=63 time=91.2 ms
64 bytes from aaaa::212:7403:3:303: icmp_seq=142 ttl=63 time=82.8 ms
64 bytes from aaaa::212:7403:3:303: icmp_seq=143 ttl=63 time=98.1 ms
64 bytes from aaaa::212:7403:3:303: icmp_seq=144 ttl=63 time=58.1 ms
64 bytes from aaaa::212:7403:3:303: icmp_seq=145 ttl=63 time=103 ms
64 bytes from aaaa::212:7403:3:303: icmp_seq=149 ttl=63 time=50.0 ms
64 bytes from aaaa::212:7403:3:303: icmp_seq=151 ttl=63 time=76.9 ms
64 bytes from aaaa::212:7403:3:303: icmp_seq=176 ttl=63 time=90.7 ms
64 bytes from aaaa::212:7403:3:303: icmp_seq=178 ttl=63 time=92.0 ms
64 bytes from aaaa::212:7403:3:303: icmp_seq=180 ttl=63 time=109 ms
64 bytes from aaaa::212:7403:3:303: icmp_seq=184 ttl=63 time=153 ms
64 bytes from aaaa::212:7403:3:303: icmp_seq=185 ttl=63 time=61.4 ms
64 bytes from aaaa::212:7403:3:303: icmp_seq=186 ttl=63 time=53.2 ms
64 bytes from aaaa::212:7403:3:303: icmp_seq=187 ttl=63 time=162 ms
64 bytes from aaaa::212:7403:3:303: icmp_seq=188 ttl=63 time=61.1 ms
64 bytes from aaaa::212:7403:3:303: icmp_seq=189 ttl=63 time=59.9 ms
64 bytes from aaaa::212:7403:3:303: icmp_seq=190 ttl=63 time=69.0 ms
64 bytes from aaaa::212:7403:3:303: icmp_seq=191 ttl=63 time=119 ms
64 bytes from aaaa::212:7403:3:303: icmp_seq=192 ttl=63 time=112 ms
64 bytes from aaaa::212:7403:3:303: icmp_seq=193 ttl=63 time=119 ms
64 bytes from aaaa::212:7403:3:303: icmp_seq=194 ttl=63 time=52.6 ms
64 bytes from aaaa::212:7403:3:303: icmp_seq=197 ttl=63 time=70.6 ms
64 bytes from aaaa::212:7403:3:303: icmp_seq=198 ttl=63 time=81.4 ms
64 bytes from aaaa::212:7403:3:303: icmp_seq=199 ttl=63 time=46.6 ms
64 bytes from aaaa::212:7403:3:303: icmp_seq=200 ttl=63 time=52.7 ms

--- aaaa::212:7403:3:303 ping statistics ---
200 packets transmitted, 131 received, 34% packet loss, time 1005039ms
rtt min/avg/max/mdev = 30.675/105.244/469.965/62.106 ms
