PING aaaa::212:7409:9:909(aaaa::212:7409:9:909) 56 data bytes
64 bytes from aaaa::212:7409:9:909: icmp_seq=2 ttl=61 time=171 ms
64 bytes from aaaa::212:7409:9:909: icmp_seq=3 ttl=61 time=266 ms
64 bytes from aaaa::212:7409:9:909: icmp_seq=4 ttl=61 time=243 ms
64 bytes from aaaa::212:7409:9:909: icmp_seq=5 ttl=61 time=262 ms
64 bytes from aaaa::212:7409:9:909: icmp_seq=6 ttl=61 time=157 ms
64 bytes from aaaa::212:7409:9:909: icmp_seq=7 ttl=61 time=268 ms
64 bytes from aaaa::212:7409:9:909: icmp_seq=8 ttl=61 time=211 ms
64 bytes from aaaa::212:7409:9:909: icmp_seq=9 ttl=61 time=322 ms
64 bytes from aaaa::212:7409:9:909: icmp_seq=10 ttl=61 time=245 ms
64 bytes from aaaa::212:7409:9:909: icmp_seq=11 ttl=61 time=258 ms
64 bytes from aaaa::212:7409:9:909: icmp_seq=12 ttl=61 time=380 ms
64 bytes from aaaa::212:7409:9:909: icmp_seq=13 ttl=61 time=392 ms
64 bytes from aaaa::212:7409:9:909: icmp_seq=14 ttl=61 time=209 ms
64 bytes from aaaa::212:7409:9:909: icmp_seq=15 ttl=61 time=530 ms
64 bytes from aaaa::212:7409:9:909: icmp_seq=16 ttl=61 time=335 ms
64 bytes from aaaa::212:7409:9:909: icmp_seq=17 ttl=61 time=273 ms
64 bytes from aaaa::212:7409:9:909: icmp_seq=18 ttl=61 time=256 ms
64 bytes from aaaa::212:7409:9:909: icmp_seq=19 ttl=61 time=197 ms
64 bytes from aaaa::212:7409:9:909: icmp_seq=20 ttl=61 time=266 ms
64 bytes from aaaa::212:7409:9:909: icmp_seq=21 ttl=61 time=221 ms
64 bytes from aaaa::212:7409:9:909: icmp_seq=22 ttl=61 time=472 ms
64 bytes from aaaa::212:7409:9:909: icmp_seq=23 ttl=61 time=723 ms
64 bytes from aaaa::212:7409:9:909: icmp_seq=24 ttl=61 time=438 ms
64 bytes from aaaa::212:7409:9:909: icmp_seq=26 ttl=61 time=532 ms
64 bytes from aaaa::212:7409:9:909: icmp_seq=28 ttl=61 time=348 ms
64 bytes from aaaa::212:7409:9:909: icmp_seq=29 ttl=61 time=333 ms
64 bytes from aaaa::212:7409:9:909: icmp_seq=30 ttl=61 time=248 ms
64 bytes from aaaa::212:7409:9:909: icmp_seq=31 ttl=61 time=296 ms
64 bytes from aaaa::212:7409:9:909: icmp_seq=32 ttl=61 time=213 ms
64 bytes from aaaa::212:7409:9:909: icmp_seq=33 ttl=61 time=434 ms
64 bytes from aaaa::212:7409:9:909: icmp_seq=34 ttl=61 time=512 ms
64 bytes from aaaa::212:7409:9:909: icmp_seq=35 ttl=61 time=168 ms
64 bytes from aaaa::212:7409:9:909: icmp_seq=36 ttl=61 time=177 ms
64 bytes from aaaa::212:7409:9:909: icmp_seq=37 ttl=61 time=146 ms
64 bytes from aaaa::212:7409:9:909: icmp_seq=38 ttl=61 time=134 ms
64 bytes from aaaa::212:7409:9:909: icmp_seq=39 ttl=61 time=315 ms
64 bytes from aaaa::212:7409:9:909: icmp_seq=40 ttl=61 time=411 ms
64 bytes from aaaa::212:7409:9:909: icmp_seq=41 ttl=61 time=144 ms
64 bytes from aaaa::212:7409:9:909: icmp_seq=42 ttl=61 time=140 ms
64 bytes from aaaa::212:7409:9:909: icmp_seq=43 ttl=61 time=148 ms
64 bytes from aaaa::212:7409:9:909: icmp_seq=44 ttl=61 time=140 ms
64 bytes from aaaa::212:7409:9:909: icmp_seq=45 ttl=61 time=150 ms
64 bytes from aaaa::212:7409:9:909: icmp_seq=46 ttl=61 time=152 ms
64 bytes from aaaa::212:7409:9:909: icmp_seq=47 ttl=61 time=150 ms
64 bytes from aaaa::212:7409:9:909: icmp_seq=48 ttl=61 time=148 ms
64 bytes from aaaa::212:7409:9:909: icmp_seq=49 ttl=61 time=180 ms
64 bytes from aaaa::212:7409:9:909: icmp_seq=50 ttl=61 time=132 ms
64 bytes from aaaa::212:7409:9:909: icmp_seq=51 ttl=61 time=153 ms
64 bytes from aaaa::212:7409:9:909: icmp_seq=52 ttl=61 time=149 ms
64 bytes from aaaa::212:7409:9:909: icmp_seq=53 ttl=61 time=171 ms
64 bytes from aaaa::212:7409:9:909: icmp_seq=54 ttl=61 time=151 ms
64 bytes from aaaa::212:7409:9:909: icmp_seq=55 ttl=61 time=145 ms
64 bytes from aaaa::212:7409:9:909: icmp_seq=56 ttl=61 time=142 ms
64 bytes from aaaa::212:7409:9:909: icmp_seq=57 ttl=61 time=196 ms
64 bytes from aaaa::212:7409:9:909: icmp_seq=58 ttl=61 time=149 ms
64 bytes from aaaa::212:7409:9:909: icmp_seq=59 ttl=61 time=152 ms
64 bytes from aaaa::212:7409:9:909: icmp_seq=60 ttl=61 time=245 ms
64 bytes from aaaa::212:7409:9:909: icmp_seq=61 ttl=61 time=147 ms
64 bytes from aaaa::212:7409:9:909: icmp_seq=62 ttl=61 time=135 ms
64 bytes from aaaa::212:7409:9:909: icmp_seq=63 ttl=61 time=168 ms
64 bytes from aaaa::212:7409:9:909: icmp_seq=64 ttl=61 time=165 ms
64 bytes from aaaa::212:7409:9:909: icmp_seq=65 ttl=61 time=138 ms
64 bytes from aaaa::212:7409:9:909: icmp_seq=66 ttl=61 time=186 ms
64 bytes from aaaa::212:7409:9:909: icmp_seq=67 ttl=61 time=139 ms
64 bytes from aaaa::212:7409:9:909: icmp_seq=68 ttl=61 time=170 ms
64 bytes from aaaa::212:7409:9:909: icmp_seq=69 ttl=61 time=150 ms
64 bytes from aaaa::212:7409:9:909: icmp_seq=70 ttl=61 time=140 ms
64 bytes from aaaa::212:7409:9:909: icmp_seq=71 ttl=61 time=169 ms
64 bytes from aaaa::212:7409:9:909: icmp_seq=72 ttl=61 time=143 ms
64 bytes from aaaa::212:7409:9:909: icmp_seq=73 ttl=61 time=179 ms
64 bytes from aaaa::212:7409:9:909: icmp_seq=74 ttl=61 time=219 ms
64 bytes from aaaa::212:7409:9:909: icmp_seq=75 ttl=61 time=144 ms
64 bytes from aaaa::212:7409:9:909: icmp_seq=76 ttl=61 time=200 ms
64 bytes from aaaa::212:7409:9:909: icmp_seq=77 ttl=61 time=620 ms
64 bytes from aaaa::212:7409:9:909: icmp_seq=78 ttl=61 time=215 ms
64 bytes from aaaa::212:7409:9:909: icmp_seq=79 ttl=61 time=163 ms
64 bytes from aaaa::212:7409:9:909: icmp_seq=80 ttl=61 time=148 ms
64 bytes from aaaa::212:7409:9:909: icmp_seq=81 ttl=61 time=210 ms
64 bytes from aaaa::212:7409:9:909: icmp_seq=82 ttl=61 time=182 ms
64 bytes from aaaa::212:7409:9:909: icmp_seq=83 ttl=61 time=224 ms
64 bytes from aaaa::212:7409:9:909: icmp_seq=84 ttl=61 time=282 ms
64 bytes from aaaa::212:7409:9:909: icmp_seq=85 ttl=61 time=143 ms
64 bytes from aaaa::212:7409:9:909: icmp_seq=86 ttl=61 time=127 ms
64 bytes from aaaa::212:7409:9:909: icmp_seq=87 ttl=61 time=162 ms
64 bytes from aaaa::212:7409:9:909: icmp_seq=88 ttl=61 time=221 ms
64 bytes from aaaa::212:7409:9:909: icmp_seq=89 ttl=61 time=156 ms
64 bytes from aaaa::212:7409:9:909: icmp_seq=90 ttl=61 time=120 ms
64 bytes from aaaa::212:7409:9:909: icmp_seq=91 ttl=61 time=185 ms
64 bytes from aaaa::212:7409:9:909: icmp_seq=92 ttl=61 time=153 ms
64 bytes from aaaa::212:7409:9:909: icmp_seq=93 ttl=61 time=156 ms
64 bytes from aaaa::212:7409:9:909: icmp_seq=94 ttl=61 time=159 ms
64 bytes from aaaa::212:7409:9:909: icmp_seq=95 ttl=61 time=127 ms
64 bytes from aaaa::212:7409:9:909: icmp_seq=96 ttl=61 time=141 ms
64 bytes from aaaa::212:7409:9:909: icmp_seq=97 ttl=61 time=178 ms
64 bytes from aaaa::212:7409:9:909: icmp_seq=98 ttl=61 time=127 ms
64 bytes from aaaa::212:7409:9:909: icmp_seq=99 ttl=61 time=133 ms
64 bytes from aaaa::212:7409:9:909: icmp_seq=100 ttl=61 time=127 ms
64 bytes from aaaa::212:7409:9:909: icmp_seq=101 ttl=61 time=174 ms
64 bytes from aaaa::212:7409:9:909: icmp_seq=102 ttl=61 time=126 ms
64 bytes from aaaa::212:7409:9:909: icmp_seq=103 ttl=61 time=137 ms
64 bytes from aaaa::212:7409:9:909: icmp_seq=104 ttl=61 time=153 ms
64 bytes from aaaa::212:7409:9:909: icmp_seq=105 ttl=61 time=105 ms
64 bytes from aaaa::212:7409:9:909: icmp_seq=106 ttl=61 time=125 ms
64 bytes from aaaa::212:7409:9:909: icmp_seq=107 ttl=61 time=135 ms
64 bytes from aaaa::212:7409:9:909: icmp_seq=108 ttl=61 time=159 ms
64 bytes from aaaa::212:7409:9:909: icmp_seq=109 ttl=61 time=146 ms
64 bytes from aaaa::212:7409:9:909: icmp_seq=110 ttl=61 time=184 ms
64 bytes from aaaa::212:7409:9:909: icmp_seq=111 ttl=61 time=135 ms
64 bytes from aaaa::212:7409:9:909: icmp_seq=112 ttl=61 time=144 ms
64 bytes from aaaa::212:7409:9:909: icmp_seq=113 ttl=61 time=153 ms
64 bytes from aaaa::212:7409:9:909: icmp_seq=114 ttl=61 time=114 ms
64 bytes from aaaa::212:7409:9:909: icmp_seq=115 ttl=61 time=145 ms
64 bytes from aaaa::212:7409:9:909: icmp_seq=116 ttl=61 time=170 ms
64 bytes from aaaa::212:7409:9:909: icmp_seq=117 ttl=61 time=171 ms
64 bytes from aaaa::212:7409:9:909: icmp_seq=118 ttl=61 time=202 ms
64 bytes from aaaa::212:7409:9:909: icmp_seq=119 ttl=61 time=178 ms
64 bytes from aaaa::212:7409:9:909: icmp_seq=120 ttl=61 time=191 ms
64 bytes from aaaa::212:7409:9:909: icmp_seq=121 ttl=61 time=153 ms
64 bytes from aaaa::212:7409:9:909: icmp_seq=122 ttl=61 time=176 ms
64 bytes from aaaa::212:7409:9:909: icmp_seq=123 ttl=61 time=222 ms
64 bytes from aaaa::212:7409:9:909: icmp_seq=124 ttl=61 time=133 ms
64 bytes from aaaa::212:7409:9:909: icmp_seq=125 ttl=61 time=200 ms
64 bytes from aaaa::212:7409:9:909: icmp_seq=126 ttl=61 time=180 ms
64 bytes from aaaa::212:7409:9:909: icmp_seq=127 ttl=61 time=457 ms
64 bytes from aaaa::212:7409:9:909: icmp_seq=128 ttl=61 time=298 ms
64 bytes from aaaa::212:7409:9:909: icmp_seq=129 ttl=61 time=221 ms
64 bytes from aaaa::212:7409:9:909: icmp_seq=130 ttl=61 time=103 ms
64 bytes from aaaa::212:7409:9:909: icmp_seq=131 ttl=61 time=159 ms
64 bytes from aaaa::212:7409:9:909: icmp_seq=132 ttl=61 time=128 ms
64 bytes from aaaa::212:7409:9:909: icmp_seq=133 ttl=61 time=147 ms
64 bytes from aaaa::212:7409:9:909: icmp_seq=134 ttl=61 time=174 ms
64 bytes from aaaa::212:7409:9:909: icmp_seq=135 ttl=61 time=150 ms
64 bytes from aaaa::212:7409:9:909: icmp_seq=136 ttl=61 time=127 ms
64 bytes from aaaa::212:7409:9:909: icmp_seq=137 ttl=61 time=153 ms
64 bytes from aaaa::212:7409:9:909: icmp_seq=138 ttl=61 time=210 ms
64 bytes from aaaa::212:7409:9:909: icmp_seq=139 ttl=61 time=143 ms
64 bytes from aaaa::212:7409:9:909: icmp_seq=140 ttl=61 time=139 ms
64 bytes from aaaa::212:7409:9:909: icmp_seq=141 ttl=61 time=123 ms
64 bytes from aaaa::212:7409:9:909: icmp_seq=142 ttl=61 time=142 ms
64 bytes from aaaa::212:7409:9:909: icmp_seq=143 ttl=61 time=188 ms
64 bytes from aaaa::212:7409:9:909: icmp_seq=144 ttl=61 time=131 ms
64 bytes from aaaa::212:7409:9:909: icmp_seq=145 ttl=61 time=139 ms
64 bytes from aaaa::212:7409:9:909: icmp_seq=146 ttl=61 time=153 ms
64 bytes from aaaa::212:7409:9:909: icmp_seq=147 ttl=61 time=137 ms
64 bytes from aaaa::212:7409:9:909: icmp_seq=148 ttl=61 time=120 ms
64 bytes from aaaa::212:7409:9:909: icmp_seq=149 ttl=61 time=178 ms
64 bytes from aaaa::212:7409:9:909: icmp_seq=150 ttl=61 time=134 ms
64 bytes from aaaa::212:7409:9:909: icmp_seq=151 ttl=61 time=126 ms
64 bytes from aaaa::212:7409:9:909: icmp_seq=152 ttl=61 time=176 ms
64 bytes from aaaa::212:7409:9:909: icmp_seq=153 ttl=61 time=147 ms
64 bytes from aaaa::212:7409:9:909: icmp_seq=154 ttl=61 time=173 ms
64 bytes from aaaa::212:7409:9:909: icmp_seq=155 ttl=61 time=119 ms
64 bytes from aaaa::212:7409:9:909: icmp_seq=156 ttl=61 time=129 ms
64 bytes from aaaa::212:7409:9:909: icmp_seq=157 ttl=61 time=164 ms
64 bytes from aaaa::212:7409:9:909: icmp_seq=158 ttl=61 time=185 ms
64 bytes from aaaa::212:7409:9:909: icmp_seq=159 ttl=61 time=137 ms
64 bytes from aaaa::212:7409:9:909: icmp_seq=160 ttl=61 time=110 ms
64 bytes from aaaa::212:7409:9:909: icmp_seq=161 ttl=61 time=192 ms
64 bytes from aaaa::212:7409:9:909: icmp_seq=162 ttl=61 time=188 ms
64 bytes from aaaa::212:7409:9:909: icmp_seq=163 ttl=61 time=119 ms
64 bytes from aaaa::212:7409:9:909: icmp_seq=164 ttl=61 time=178 ms
64 bytes from aaaa::212:7409:9:909: icmp_seq=165 ttl=61 time=155 ms
64 bytes from aaaa::212:7409:9:909: icmp_seq=166 ttl=61 time=207 ms
64 bytes from aaaa::212:7409:9:909: icmp_seq=167 ttl=61 time=198 ms
64 bytes from aaaa::212:7409:9:909: icmp_seq=168 ttl=61 time=185 ms
64 bytes from aaaa::212:7409:9:909: icmp_seq=169 ttl=61 time=168 ms
64 bytes from aaaa::212:7409:9:909: icmp_seq=170 ttl=61 time=119 ms
64 bytes from aaaa::212:7409:9:909: icmp_seq=172 ttl=61 time=168 ms
64 bytes from aaaa::212:7409:9:909: icmp_seq=173 ttl=61 time=117 ms
64 bytes from aaaa::212:7409:9:909: icmp_seq=174 ttl=61 time=329 ms
64 bytes from aaaa::212:7409:9:909: icmp_seq=175 ttl=61 time=236 ms
64 bytes from aaaa::212:7409:9:909: icmp_seq=176 ttl=61 time=179 ms
64 bytes from aaaa::212:7409:9:909: icmp_seq=177 ttl=61 time=148 ms
64 bytes from aaaa::212:7409:9:909: icmp_seq=178 ttl=61 time=172 ms
64 bytes from aaaa::212:7409:9:909: icmp_seq=179 ttl=61 time=107 ms
64 bytes from aaaa::212:7409:9:909: icmp_seq=180 ttl=61 time=144 ms
64 bytes from aaaa::212:7409:9:909: icmp_seq=181 ttl=61 time=140 ms
64 bytes from aaaa::212:7409:9:909: icmp_seq=182 ttl=61 time=144 ms
64 bytes from aaaa::212:7409:9:909: icmp_seq=183 ttl=61 time=138 ms
64 bytes from aaaa::212:7409:9:909: icmp_seq=184 ttl=61 time=133 ms
64 bytes from aaaa::212:7409:9:909: icmp_seq=185 ttl=61 time=182 ms
64 bytes from aaaa::212:7409:9:909: icmp_seq=186 ttl=61 time=132 ms
64 bytes from aaaa::212:7409:9:909: icmp_seq=187 ttl=61 time=200 ms
64 bytes from aaaa::212:7409:9:909: icmp_seq=188 ttl=61 time=144 ms
64 bytes from aaaa::212:7409:9:909: icmp_seq=189 ttl=61 time=118 ms
64 bytes from aaaa::212:7409:9:909: icmp_seq=190 ttl=61 time=141 ms
64 bytes from aaaa::212:7409:9:909: icmp_seq=191 ttl=61 time=144 ms
64 bytes from aaaa::212:7409:9:909: icmp_seq=192 ttl=61 time=124 ms
64 bytes from aaaa::212:7409:9:909: icmp_seq=193 ttl=61 time=125 ms
64 bytes from aaaa::212:7409:9:909: icmp_seq=194 ttl=61 time=123 ms
64 bytes from aaaa::212:7409:9:909: icmp_seq=195 ttl=61 time=155 ms
64 bytes from aaaa::212:7409:9:909: icmp_seq=196 ttl=61 time=134 ms
64 bytes from aaaa::212:7409:9:909: icmp_seq=197 ttl=61 time=136 ms
64 bytes from aaaa::212:7409:9:909: icmp_seq=198 ttl=61 time=156 ms
64 bytes from aaaa::212:7409:9:909: icmp_seq=199 ttl=61 time=170 ms
64 bytes from aaaa::212:7409:9:909: icmp_seq=200 ttl=61 time=120 ms

--- aaaa::212:7409:9:909 ping statistics ---
200 packets transmitted, 196 received, 2% packet loss, time 996402ms
rtt min/avg/max/mdev = 103.573/191.040/723.569/93.538 ms
