PING aaaa::212:7407:7:707(aaaa::212:7407:7:707) 56 data bytes
64 bytes from aaaa::212:7407:7:707: icmp_seq=5 ttl=61 time=362 ms
64 bytes from aaaa::212:7407:7:707: icmp_seq=11 ttl=61 time=116 ms
64 bytes from aaaa::212:7407:7:707: icmp_seq=12 ttl=61 time=124 ms
64 bytes from aaaa::212:7407:7:707: icmp_seq=13 ttl=61 time=268 ms
64 bytes from aaaa::212:7407:7:707: icmp_seq=48 ttl=61 time=109 ms
64 bytes from aaaa::212:7407:7:707: icmp_seq=49 ttl=61 time=113 ms
64 bytes from aaaa::212:7407:7:707: icmp_seq=50 ttl=61 time=377 ms
64 bytes from aaaa::212:7407:7:707: icmp_seq=52 ttl=61 time=94.3 ms
64 bytes from aaaa::212:7407:7:707: icmp_seq=54 ttl=61 time=419 ms
64 bytes from aaaa::212:7407:7:707: icmp_seq=56 ttl=61 time=396 ms
64 bytes from aaaa::212:7407:7:707: icmp_seq=72 ttl=61 time=93.8 ms
64 bytes from aaaa::212:7407:7:707: icmp_seq=76 ttl=61 time=223 ms
64 bytes from aaaa::212:7407:7:707: icmp_seq=82 ttl=61 time=175 ms
64 bytes from aaaa::212:7407:7:707: icmp_seq=84 ttl=61 time=335 ms
64 bytes from aaaa::212:7407:7:707: icmp_seq=86 ttl=61 time=223 ms
64 bytes from aaaa::212:7407:7:707: icmp_seq=87 ttl=61 time=111 ms
64 bytes from aaaa::212:7407:7:707: icmp_seq=88 ttl=61 time=112 ms
64 bytes from aaaa::212:7407:7:707: icmp_seq=89 ttl=61 time=92.3 ms
64 bytes from aaaa::212:7407:7:707: icmp_seq=90 ttl=61 time=123 ms
64 bytes from aaaa::212:7407:7:707: icmp_seq=91 ttl=61 time=101 ms
64 bytes from aaaa::212:7407:7:707: icmp_seq=92 ttl=61 time=110 ms
64 bytes from aaaa::212:7407:7:707: icmp_seq=94 ttl=61 time=98.2 ms
64 bytes from aaaa::212:7407:7:707: icmp_seq=95 ttl=61 time=110 ms
64 bytes from aaaa::212:7407:7:707: icmp_seq=96 ttl=61 time=117 ms
64 bytes from aaaa::212:7407:7:707: icmp_seq=107 ttl=61 time=108 ms
64 bytes from aaaa::212:7407:7:707: icmp_seq=108 ttl=61 time=99.1 ms
64 bytes from aaaa::212:7407:7:707: icmp_seq=109 ttl=61 time=135 ms
64 bytes from aaaa::212:7407:7:707: icmp_seq=111 ttl=61 time=117 ms
64 bytes from aaaa::212:7407:7:707: icmp_seq=113 ttl=61 time=100 ms
64 bytes from aaaa::212:7407:7:707: icmp_seq=115 ttl=61 time=102 ms
64 bytes from aaaa::212:7407:7:707: icmp_seq=117 ttl=61 time=93.6 ms
64 bytes from aaaa::212:7407:7:707: icmp_seq=119 ttl=61 time=103 ms
64 bytes from aaaa::212:7407:7:707: icmp_seq=121 ttl=61 time=96.9 ms
64 bytes from aaaa::212:7407:7:707: icmp_seq=128 ttl=61 time=102 ms
64 bytes from aaaa::212:7407:7:707: icmp_seq=129 ttl=61 time=153 ms
64 bytes from aaaa::212:7407:7:707: icmp_seq=130 ttl=61 time=275 ms
64 bytes from aaaa::212:7407:7:707: icmp_seq=132 ttl=61 time=93.9 ms
64 bytes from aaaa::212:7407:7:707: icmp_seq=133 ttl=61 time=178 ms
64 bytes from aaaa::212:7407:7:707: icmp_seq=134 ttl=61 time=209 ms
64 bytes from aaaa::212:7407:7:707: icmp_seq=136 ttl=61 time=451 ms
64 bytes from aaaa::212:7407:7:707: icmp_seq=137 ttl=61 time=386 ms
64 bytes from aaaa::212:7407:7:707: icmp_seq=142 ttl=61 time=209 ms
64 bytes from aaaa::212:7407:7:707: icmp_seq=151 ttl=61 time=236 ms
64 bytes from aaaa::212:7407:7:707: icmp_seq=153 ttl=61 time=113 ms
64 bytes from aaaa::212:7407:7:707: icmp_seq=155 ttl=61 time=95.3 ms
64 bytes from aaaa::212:7407:7:707: icmp_seq=159 ttl=61 time=108 ms
64 bytes from aaaa::212:7407:7:707: icmp_seq=160 ttl=61 time=98.8 ms
64 bytes from aaaa::212:7407:7:707: icmp_seq=161 ttl=61 time=276 ms
64 bytes from aaaa::212:7407:7:707: icmp_seq=163 ttl=61 time=83.6 ms
64 bytes from aaaa::212:7407:7:707: icmp_seq=165 ttl=61 time=102 ms
64 bytes from aaaa::212:7407:7:707: icmp_seq=167 ttl=61 time=98.4 ms
64 bytes from aaaa::212:7407:7:707: icmp_seq=169 ttl=61 time=98.7 ms
64 bytes from aaaa::212:7407:7:707: icmp_seq=172 ttl=61 time=94.2 ms
64 bytes from aaaa::212:7407:7:707: icmp_seq=177 ttl=61 time=131 ms
64 bytes from aaaa::212:7407:7:707: icmp_seq=178 ttl=61 time=101 ms
64 bytes from aaaa::212:7407:7:707: icmp_seq=179 ttl=61 time=102 ms
64 bytes from aaaa::212:7407:7:707: icmp_seq=180 ttl=61 time=112 ms
64 bytes from aaaa::212:7407:7:707: icmp_seq=181 ttl=61 time=87.1 ms
64 bytes from aaaa::212:7407:7:707: icmp_seq=182 ttl=61 time=96.4 ms
64 bytes from aaaa::212:7407:7:707: icmp_seq=183 ttl=61 time=121 ms
64 bytes from aaaa::212:7407:7:707: icmp_seq=185 ttl=61 time=101 ms
64 bytes from aaaa::212:7407:7:707: icmp_seq=187 ttl=61 time=110 ms
64 bytes from aaaa::212:7407:7:707: icmp_seq=195 ttl=61 time=102 ms
64 bytes from aaaa::212:7407:7:707: icmp_seq=196 ttl=61 time=106 ms
64 bytes from aaaa::212:7407:7:707: icmp_seq=199 ttl=61 time=122 ms
64 bytes from aaaa::212:7407:7:707: icmp_seq=200 ttl=61 time=108 ms

--- aaaa::212:7407:7:707 ping statistics ---
200 packets transmitted, 66 received, 67% packet loss, time 1014891ms
rtt min/avg/max/mdev = 83.666/155.170/451.603/93.866 ms
