PING aaaa::212:740a:a:a0a(aaaa::212:740a:a:a0a) 56 data bytes
64 bytes from aaaa::212:740a:a:a0a: icmp_seq=3 ttl=60 time=1572 ms
64 bytes from aaaa::212:740a:a:a0a: icmp_seq=5 ttl=60 time=1520 ms
64 bytes from aaaa::212:740a:a:a0a: icmp_seq=6 ttl=60 time=921 ms
64 bytes from aaaa::212:740a:a:a0a: icmp_seq=7 ttl=60 time=527 ms
64 bytes from aaaa::212:740a:a:a0a: icmp_seq=8 ttl=60 time=1544 ms
64 bytes from aaaa::212:740a:a:a0a: icmp_seq=9 ttl=60 time=472 ms
64 bytes from aaaa::212:740a:a:a0a: icmp_seq=10 ttl=60 time=1267 ms
64 bytes from aaaa::212:740a:a:a0a: icmp_seq=12 ttl=60 time=1336 ms
64 bytes from aaaa::212:740a:a:a0a: icmp_seq=14 ttl=60 time=2164 ms
64 bytes from aaaa::212:740a:a:a0a: icmp_seq=17 ttl=60 time=1745 ms
64 bytes from aaaa::212:740a:a:a0a: icmp_seq=18 ttl=60 time=1142 ms
64 bytes from aaaa::212:740a:a:a0a: icmp_seq=19 ttl=60 time=1251 ms
64 bytes from aaaa::212:740a:a:a0a: icmp_seq=20 ttl=60 time=1360 ms
64 bytes from aaaa::212:740a:a:a0a: icmp_seq=21 ttl=60 time=788 ms
64 bytes from aaaa::212:740a:a:a0a: icmp_seq=22 ttl=60 time=601 ms
64 bytes from aaaa::212:740a:a:a0a: icmp_seq=23 ttl=60 time=1131 ms
64 bytes from aaaa::212:740a:a:a0a: icmp_seq=24 ttl=60 time=665 ms
64 bytes from aaaa::212:740a:a:a0a: icmp_seq=25 ttl=60 time=3013 ms
64 bytes from aaaa::212:740a:a:a0a: icmp_seq=28 ttl=60 time=1138 ms
64 bytes from aaaa::212:740a:a:a0a: icmp_seq=29 ttl=60 time=749 ms
64 bytes from aaaa::212:740a:a:a0a: icmp_seq=31 ttl=60 time=1740 ms
64 bytes from aaaa::212:740a:a:a0a: icmp_seq=34 ttl=60 time=324 ms
64 bytes from aaaa::212:740a:a:a0a: icmp_seq=40 ttl=60 time=281 ms
64 bytes from aaaa::212:740a:a:a0a: icmp_seq=41 ttl=60 time=270 ms
64 bytes from aaaa::212:740a:a:a0a: icmp_seq=42 ttl=60 time=312 ms
64 bytes from aaaa::212:740a:a:a0a: icmp_seq=43 ttl=60 time=402 ms
64 bytes from aaaa::212:740a:a:a0a: icmp_seq=44 ttl=60 time=246 ms
64 bytes from aaaa::212:740a:a:a0a: icmp_seq=45 ttl=60 time=317 ms
64 bytes from aaaa::212:740a:a:a0a: icmp_seq=46 ttl=60 time=273 ms
64 bytes from aaaa::212:740a:a:a0a: icmp_seq=47 ttl=60 time=344 ms
64 bytes from aaaa::212:740a:a:a0a: icmp_seq=48 ttl=60 time=325 ms
64 bytes from aaaa::212:740a:a:a0a: icmp_seq=49 ttl=60 time=306 ms
64 bytes from aaaa::212:740a:a:a0a: icmp_seq=50 ttl=60 time=346 ms
64 bytes from aaaa::212:740a:a:a0a: icmp_seq=51 ttl=60 time=380 ms
64 bytes from aaaa::212:740a:a:a0a: icmp_seq=55 ttl=60 time=332 ms
64 bytes from aaaa::212:740a:a:a0a: icmp_seq=56 ttl=60 time=358 ms
64 bytes from aaaa::212:740a:a:a0a: icmp_seq=60 ttl=60 time=272 ms
64 bytes from aaaa::212:740a:a:a0a: icmp_seq=64 ttl=60 time=451 ms
64 bytes from aaaa::212:740a:a:a0a: icmp_seq=65 ttl=60 time=316 ms
64 bytes from aaaa::212:740a:a:a0a: icmp_seq=67 ttl=60 time=291 ms
64 bytes from aaaa::212:740a:a:a0a: icmp_seq=68 ttl=60 time=290 ms
64 bytes from aaaa::212:740a:a:a0a: icmp_seq=70 ttl=60 time=235 ms
64 bytes from aaaa::212:740a:a:a0a: icmp_seq=71 ttl=60 time=261 ms
64 bytes from aaaa::212:740a:a:a0a: icmp_seq=72 ttl=60 time=309 ms
64 bytes from aaaa::212:740a:a:a0a: icmp_seq=73 ttl=60 time=197 ms
64 bytes from aaaa::212:740a:a:a0a: icmp_seq=74 ttl=60 time=227 ms
64 bytes from aaaa::212:740a:a:a0a: icmp_seq=75 ttl=60 time=1239 ms
64 bytes from aaaa::212:740a:a:a0a: icmp_seq=76 ttl=60 time=426 ms
64 bytes from aaaa::212:740a:a:a0a: icmp_seq=77 ttl=60 time=304 ms
64 bytes from aaaa::212:740a:a:a0a: icmp_seq=78 ttl=60 time=368 ms
64 bytes from aaaa::212:740a:a:a0a: icmp_seq=79 ttl=60 time=238 ms
64 bytes from aaaa::212:740a:a:a0a: icmp_seq=80 ttl=60 time=271 ms
64 bytes from aaaa::212:740a:a:a0a: icmp_seq=81 ttl=60 time=217 ms
64 bytes from aaaa::212:740a:a:a0a: icmp_seq=82 ttl=60 time=254 ms
64 bytes from aaaa::212:740a:a:a0a: icmp_seq=83 ttl=60 time=209 ms
64 bytes from aaaa::212:740a:a:a0a: icmp_seq=84 ttl=60 time=233 ms
64 bytes from aaaa::212:740a:a:a0a: icmp_seq=85 ttl=60 time=328 ms
64 bytes from aaaa::212:740a:a:a0a: icmp_seq=86 ttl=60 time=1171 ms
64 bytes from aaaa::212:740a:a:a0a: icmp_seq=87 ttl=60 time=341 ms
64 bytes from aaaa::212:740a:a:a0a: icmp_seq=88 ttl=60 time=342 ms
64 bytes from aaaa::212:740a:a:a0a: icmp_seq=89 ttl=60 time=261 ms
64 bytes from aaaa::212:740a:a:a0a: icmp_seq=90 ttl=60 time=356 ms
64 bytes from aaaa::212:740a:a:a0a: icmp_seq=91 ttl=60 time=505 ms
64 bytes from aaaa::212:740a:a:a0a: icmp_seq=92 ttl=60 time=246 ms
64 bytes from aaaa::212:740a:a:a0a: icmp_seq=93 ttl=60 time=431 ms
64 bytes from aaaa::212:740a:a:a0a: icmp_seq=94 ttl=60 time=565 ms
64 bytes from aaaa::212:740a:a:a0a: icmp_seq=95 ttl=60 time=311 ms
64 bytes from aaaa::212:740a:a:a0a: icmp_seq=96 ttl=60 time=378 ms
64 bytes from aaaa::212:740a:a:a0a: icmp_seq=97 ttl=60 time=353 ms
64 bytes from aaaa::212:740a:a:a0a: icmp_seq=98 ttl=60 time=206 ms
64 bytes from aaaa::212:740a:a:a0a: icmp_seq=99 ttl=60 time=821 ms
64 bytes from aaaa::212:740a:a:a0a: icmp_seq=100 ttl=60 time=250 ms
64 bytes from aaaa::212:740a:a:a0a: icmp_seq=101 ttl=60 time=330 ms
64 bytes from aaaa::212:740a:a:a0a: icmp_seq=102 ttl=60 time=300 ms
64 bytes from aaaa::212:740a:a:a0a: icmp_seq=103 ttl=60 time=419 ms
64 bytes from aaaa::212:740a:a:a0a: icmp_seq=104 ttl=60 time=311 ms
64 bytes from aaaa::212:740a:a:a0a: icmp_seq=105 ttl=60 time=434 ms
64 bytes from aaaa::212:740a:a:a0a: icmp_seq=106 ttl=60 time=329 ms
64 bytes from aaaa::212:740a:a:a0a: icmp_seq=107 ttl=60 time=678 ms
64 bytes from aaaa::212:740a:a:a0a: icmp_seq=108 ttl=60 time=335 ms
64 bytes from aaaa::212:740a:a:a0a: icmp_seq=109 ttl=60 time=1004 ms
64 bytes from aaaa::212:740a:a:a0a: icmp_seq=110 ttl=60 time=997 ms
64 bytes from aaaa::212:740a:a:a0a: icmp_seq=111 ttl=60 time=298 ms
64 bytes from aaaa::212:740a:a:a0a: icmp_seq=112 ttl=60 time=277 ms
64 bytes from aaaa::212:740a:a:a0a: icmp_seq=113 ttl=60 time=276 ms
64 bytes from aaaa::212:740a:a:a0a: icmp_seq=114 ttl=60 time=363 ms
64 bytes from aaaa::212:740a:a:a0a: icmp_seq=115 ttl=60 time=358 ms
64 bytes from aaaa::212:740a:a:a0a: icmp_seq=116 ttl=60 time=1139 ms
64 bytes from aaaa::212:740a:a:a0a: icmp_seq=120 ttl=60 time=481 ms
64 bytes from aaaa::212:740a:a:a0a: icmp_seq=121 ttl=60 time=577 ms
64 bytes from aaaa::212:740a:a:a0a: icmp_seq=122 ttl=60 time=400 ms
64 bytes from aaaa::212:740a:a:a0a: icmp_seq=123 ttl=60 time=622 ms
64 bytes from aaaa::212:740a:a:a0a: icmp_seq=124 ttl=60 time=334 ms
64 bytes from aaaa::212:740a:a:a0a: icmp_seq=125 ttl=60 time=330 ms
64 bytes from aaaa::212:740a:a:a0a: icmp_seq=126 ttl=60 time=376 ms
64 bytes from aaaa::212:740a:a:a0a: icmp_seq=127 ttl=60 time=436 ms
64 bytes from aaaa::212:740a:a:a0a: icmp_seq=128 ttl=60 time=356 ms
64 bytes from aaaa::212:740a:a:a0a: icmp_seq=129 ttl=60 time=332 ms
64 bytes from aaaa::212:740a:a:a0a: icmp_seq=130 ttl=60 time=451 ms
64 bytes from aaaa::212:740a:a:a0a: icmp_seq=131 ttl=60 time=388 ms
64 bytes from aaaa::212:740a:a:a0a: icmp_seq=132 ttl=60 time=536 ms
64 bytes from aaaa::212:740a:a:a0a: icmp_seq=133 ttl=60 time=682 ms
64 bytes from aaaa::212:740a:a:a0a: icmp_seq=134 ttl=60 time=651 ms
64 bytes from aaaa::212:740a:a:a0a: icmp_seq=135 ttl=60 time=535 ms
64 bytes from aaaa::212:740a:a:a0a: icmp_seq=136 ttl=60 time=1020 ms
64 bytes from aaaa::212:740a:a:a0a: icmp_seq=137 ttl=60 time=428 ms
64 bytes from aaaa::212:740a:a:a0a: icmp_seq=138 ttl=60 time=508 ms
64 bytes from aaaa::212:740a:a:a0a: icmp_seq=139 ttl=60 time=221 ms
64 bytes from aaaa::212:740a:a:a0a: icmp_seq=140 ttl=60 time=322 ms
64 bytes from aaaa::212:740a:a:a0a: icmp_seq=141 ttl=60 time=591 ms
64 bytes from aaaa::212:740a:a:a0a: icmp_seq=142 ttl=60 time=421 ms
64 bytes from aaaa::212:740a:a:a0a: icmp_seq=143 ttl=60 time=337 ms
64 bytes from aaaa::212:740a:a:a0a: icmp_seq=144 ttl=60 time=337 ms
64 bytes from aaaa::212:740a:a:a0a: icmp_seq=145 ttl=60 time=256 ms
64 bytes from aaaa::212:740a:a:a0a: icmp_seq=146 ttl=60 time=451 ms
64 bytes from aaaa::212:740a:a:a0a: icmp_seq=147 ttl=60 time=218 ms
64 bytes from aaaa::212:740a:a:a0a: icmp_seq=148 ttl=60 time=281 ms
64 bytes from aaaa::212:740a:a:a0a: icmp_seq=149 ttl=60 time=317 ms
64 bytes from aaaa::212:740a:a:a0a: icmp_seq=150 ttl=60 time=257 ms
64 bytes from aaaa::212:740a:a:a0a: icmp_seq=151 ttl=60 time=348 ms
64 bytes from aaaa::212:740a:a:a0a: icmp_seq=152 ttl=60 time=253 ms
64 bytes from aaaa::212:740a:a:a0a: icmp_seq=153 ttl=60 time=315 ms
64 bytes from aaaa::212:740a:a:a0a: icmp_seq=154 ttl=60 time=409 ms
64 bytes from aaaa::212:740a:a:a0a: icmp_seq=155 ttl=60 time=206 ms
64 bytes from aaaa::212:740a:a:a0a: icmp_seq=156 ttl=60 time=229 ms
64 bytes from aaaa::212:740a:a:a0a: icmp_seq=157 ttl=60 time=528 ms
64 bytes from aaaa::212:740a:a:a0a: icmp_seq=158 ttl=60 time=485 ms
64 bytes from aaaa::212:740a:a:a0a: icmp_seq=159 ttl=60 time=195 ms
64 bytes from aaaa::212:740a:a:a0a: icmp_seq=160 ttl=60 time=276 ms
64 bytes from aaaa::212:740a:a:a0a: icmp_seq=161 ttl=60 time=288 ms
64 bytes from aaaa::212:740a:a:a0a: icmp_seq=162 ttl=60 time=204 ms
64 bytes from aaaa::212:740a:a:a0a: icmp_seq=163 ttl=60 time=185 ms
64 bytes from aaaa::212:740a:a:a0a: icmp_seq=165 ttl=60 time=216 ms
64 bytes from aaaa::212:740a:a:a0a: icmp_seq=166 ttl=60 time=395 ms
64 bytes from aaaa::212:740a:a:a0a: icmp_seq=167 ttl=60 time=268 ms
64 bytes from aaaa::212:740a:a:a0a: icmp_seq=168 ttl=60 time=388 ms
64 bytes from aaaa::212:740a:a:a0a: icmp_seq=169 ttl=60 time=403 ms
64 bytes from aaaa::212:740a:a:a0a: icmp_seq=170 ttl=60 time=3530 ms
64 bytes from aaaa::212:740a:a:a0a: icmp_seq=171 ttl=60 time=2281 ms
64 bytes from aaaa::212:740a:a:a0a: icmp_seq=172 ttl=60 time=1583 ms
64 bytes from aaaa::212:740a:a:a0a: icmp_seq=173 ttl=60 time=1048 ms
64 bytes from aaaa::212:740a:a:a0a: icmp_seq=174 ttl=60 time=1067 ms
64 bytes from aaaa::212:740a:a:a0a: icmp_seq=175 ttl=60 time=808 ms
64 bytes from aaaa::212:740a:a:a0a: icmp_seq=176 ttl=60 time=712 ms
64 bytes from aaaa::212:740a:a:a0a: icmp_seq=177 ttl=60 time=659 ms
64 bytes from aaaa::212:740a:a:a0a: icmp_seq=178 ttl=60 time=1680 ms
64 bytes from aaaa::212:740a:a:a0a: icmp_seq=179 ttl=60 time=1390 ms
64 bytes from aaaa::212:740a:a:a0a: icmp_seq=182 ttl=60 time=303 ms
64 bytes from aaaa::212:740a:a:a0a: icmp_seq=183 ttl=60 time=296 ms
64 bytes from aaaa::212:740a:a:a0a: icmp_seq=184 ttl=60 time=352 ms
64 bytes from aaaa::212:740a:a:a0a: icmp_seq=185 ttl=60 time=401 ms
64 bytes from aaaa::212:740a:a:a0a: icmp_seq=186 ttl=60 time=239 ms
64 bytes from aaaa::212:740a:a:a0a: icmp_seq=187 ttl=60 time=372 ms
64 bytes from aaaa::212:740a:a:a0a: icmp_seq=188 ttl=60 time=406 ms
64 bytes from aaaa::212:740a:a:a0a: icmp_seq=189 ttl=60 time=331 ms
64 bytes from aaaa::212:740a:a:a0a: icmp_seq=190 ttl=60 time=344 ms
64 bytes from aaaa::212:740a:a:a0a: icmp_seq=191 ttl=60 time=383 ms
64 bytes from aaaa::212:740a:a:a0a: icmp_seq=192 ttl=60 time=257 ms
64 bytes from aaaa::212:740a:a:a0a: icmp_seq=193 ttl=60 time=375 ms
64 bytes from aaaa::212:740a:a:a0a: icmp_seq=194 ttl=60 time=321 ms
64 bytes from aaaa::212:740a:a:a0a: icmp_seq=195 ttl=60 time=282 ms
64 bytes from aaaa::212:740a:a:a0a: icmp_seq=196 ttl=60 time=732 ms
64 bytes from aaaa::212:740a:a:a0a: icmp_seq=197 ttl=60 time=388 ms
64 bytes from aaaa::212:740a:a:a0a: icmp_seq=198 ttl=60 time=513 ms
64 bytes from aaaa::212:740a:a:a0a: icmp_seq=199 ttl=60 time=259 ms
64 bytes from aaaa::212:740a:a:a0a: icmp_seq=200 ttl=60 time=291 ms

--- aaaa::212:740a:a:a0a ping statistics ---
200 packets transmitted, 166 received, 17% packet loss, time 1000277ms
rtt min/avg/max/mdev = 185.386/563.288/3530.855/504.150 ms
