PING aaaa::212:740c:c:c0c(aaaa::212:740c:c:c0c) 56 data bytes
64 bytes from aaaa::212:740c:c:c0c: icmp_seq=7 ttl=61 time=1314 ms
64 bytes from aaaa::212:740c:c:c0c: icmp_seq=9 ttl=61 time=1990 ms
64 bytes from aaaa::212:740c:c:c0c: icmp_seq=10 ttl=61 time=882 ms
64 bytes from aaaa::212:740c:c:c0c: icmp_seq=18 ttl=61 time=2718 ms
64 bytes from aaaa::212:740c:c:c0c: icmp_seq=24 ttl=61 time=1509 ms
64 bytes from aaaa::212:740c:c:c0c: icmp_seq=25 ttl=61 time=1227 ms
64 bytes from aaaa::212:740c:c:c0c: icmp_seq=26 ttl=61 time=4361 ms
64 bytes from aaaa::212:740c:c:c0c: icmp_seq=27 ttl=61 time=1494 ms
64 bytes from aaaa::212:740c:c:c0c: icmp_seq=30 ttl=61 time=1653 ms
64 bytes from aaaa::212:740c:c:c0c: icmp_seq=32 ttl=61 time=1142 ms
64 bytes from aaaa::212:740c:c:c0c: icmp_seq=33 ttl=61 time=626 ms
64 bytes from aaaa::212:740c:c:c0c: icmp_seq=34 ttl=61 time=769 ms
64 bytes from aaaa::212:740c:c:c0c: icmp_seq=35 ttl=61 time=385 ms
64 bytes from aaaa::212:740c:c:c0c: icmp_seq=36 ttl=61 time=370 ms
64 bytes from aaaa::212:740c:c:c0c: icmp_seq=38 ttl=61 time=227 ms
64 bytes from aaaa::212:740c:c:c0c: icmp_seq=39 ttl=61 time=190 ms
64 bytes from aaaa::212:740c:c:c0c: icmp_seq=41 ttl=61 time=247 ms
64 bytes from aaaa::212:740c:c:c0c: icmp_seq=44 ttl=61 time=647 ms
64 bytes from aaaa::212:740c:c:c0c: icmp_seq=45 ttl=61 time=585 ms
64 bytes from aaaa::212:740c:c:c0c: icmp_seq=46 ttl=61 time=231 ms
64 bytes from aaaa::212:740c:c:c0c: icmp_seq=47 ttl=61 time=487 ms
64 bytes from aaaa::212:740c:c:c0c: icmp_seq=55 ttl=61 time=252 ms
64 bytes from aaaa::212:740c:c:c0c: icmp_seq=56 ttl=61 time=204 ms
64 bytes from aaaa::212:740c:c:c0c: icmp_seq=57 ttl=61 time=212 ms
64 bytes from aaaa::212:740c:c:c0c: icmp_seq=63 ttl=61 time=385 ms
64 bytes from aaaa::212:740c:c:c0c: icmp_seq=64 ttl=61 time=195 ms
64 bytes from aaaa::212:740c:c:c0c: icmp_seq=65 ttl=61 time=186 ms
64 bytes from aaaa::212:740c:c:c0c: icmp_seq=66 ttl=61 time=189 ms
64 bytes from aaaa::212:740c:c:c0c: icmp_seq=67 ttl=61 time=197 ms
64 bytes from aaaa::212:740c:c:c0c: icmp_seq=69 ttl=61 time=395 ms
64 bytes from aaaa::212:740c:c:c0c: icmp_seq=70 ttl=61 time=301 ms
64 bytes from aaaa::212:740c:c:c0c: icmp_seq=72 ttl=61 time=435 ms
64 bytes from aaaa::212:740c:c:c0c: icmp_seq=73 ttl=61 time=361 ms
64 bytes from aaaa::212:740c:c:c0c: icmp_seq=75 ttl=61 time=855 ms
64 bytes from aaaa::212:740c:c:c0c: icmp_seq=76 ttl=61 time=333 ms
64 bytes from aaaa::212:740c:c:c0c: icmp_seq=77 ttl=61 time=250 ms
64 bytes from aaaa::212:740c:c:c0c: icmp_seq=78 ttl=61 time=276 ms
64 bytes from aaaa::212:740c:c:c0c: icmp_seq=80 ttl=61 time=329 ms
64 bytes from aaaa::212:740c:c:c0c: icmp_seq=81 ttl=61 time=443 ms
64 bytes from aaaa::212:740c:c:c0c: icmp_seq=82 ttl=61 time=207 ms
64 bytes from aaaa::212:740c:c:c0c: icmp_seq=83 ttl=61 time=619 ms
64 bytes from aaaa::212:740c:c:c0c: icmp_seq=84 ttl=61 time=524 ms
64 bytes from aaaa::212:740c:c:c0c: icmp_seq=85 ttl=61 time=466 ms
64 bytes from aaaa::212:740c:c:c0c: icmp_seq=86 ttl=61 time=245 ms
64 bytes from aaaa::212:740c:c:c0c: icmp_seq=87 ttl=61 time=225 ms
64 bytes from aaaa::212:740c:c:c0c: icmp_seq=88 ttl=61 time=266 ms
64 bytes from aaaa::212:740c:c:c0c: icmp_seq=89 ttl=61 time=621 ms
64 bytes from aaaa::212:740c:c:c0c: icmp_seq=90 ttl=61 time=400 ms
64 bytes from aaaa::212:740c:c:c0c: icmp_seq=91 ttl=61 time=673 ms
64 bytes from aaaa::212:740c:c:c0c: icmp_seq=92 ttl=61 time=324 ms
64 bytes from aaaa::212:740c:c:c0c: icmp_seq=93 ttl=61 time=626 ms
64 bytes from aaaa::212:740c:c:c0c: icmp_seq=94 ttl=61 time=303 ms
64 bytes from aaaa::212:740c:c:c0c: icmp_seq=95 ttl=61 time=247 ms
64 bytes from aaaa::212:740c:c:c0c: icmp_seq=96 ttl=61 time=316 ms
64 bytes from aaaa::212:740c:c:c0c: icmp_seq=97 ttl=61 time=421 ms
64 bytes from aaaa::212:740c:c:c0c: icmp_seq=98 ttl=61 time=222 ms
64 bytes from aaaa::212:740c:c:c0c: icmp_seq=99 ttl=61 time=274 ms
64 bytes from aaaa::212:740c:c:c0c: icmp_seq=100 ttl=61 time=315 ms
64 bytes from aaaa::212:740c:c:c0c: icmp_seq=101 ttl=61 time=285 ms
64 bytes from aaaa::212:740c:c:c0c: icmp_seq=102 ttl=61 time=254 ms
64 bytes from aaaa::212:740c:c:c0c: icmp_seq=103 ttl=61 time=483 ms
64 bytes from aaaa::212:740c:c:c0c: icmp_seq=104 ttl=61 time=269 ms
64 bytes from aaaa::212:740c:c:c0c: icmp_seq=105 ttl=61 time=395 ms
64 bytes from aaaa::212:740c:c:c0c: icmp_seq=106 ttl=61 time=247 ms
64 bytes from aaaa::212:740c:c:c0c: icmp_seq=107 ttl=61 time=247 ms
64 bytes from aaaa::212:740c:c:c0c: icmp_seq=108 ttl=61 time=253 ms
64 bytes from aaaa::212:740c:c:c0c: icmp_seq=109 ttl=61 time=257 ms
64 bytes from aaaa::212:740c:c:c0c: icmp_seq=110 ttl=61 time=315 ms
64 bytes from aaaa::212:740c:c:c0c: icmp_seq=111 ttl=61 time=538 ms
64 bytes from aaaa::212:740c:c:c0c: icmp_seq=112 ttl=61 time=503 ms
64 bytes from aaaa::212:740c:c:c0c: icmp_seq=113 ttl=61 time=212 ms
64 bytes from aaaa::212:740c:c:c0c: icmp_seq=114 ttl=61 time=595 ms
64 bytes from aaaa::212:740c:c:c0c: icmp_seq=115 ttl=61 time=221 ms
64 bytes from aaaa::212:740c:c:c0c: icmp_seq=116 ttl=61 time=360 ms
64 bytes from aaaa::212:740c:c:c0c: icmp_seq=117 ttl=61 time=806 ms
64 bytes from aaaa::212:740c:c:c0c: icmp_seq=118 ttl=61 time=389 ms
64 bytes from aaaa::212:740c:c:c0c: icmp_seq=119 ttl=61 time=520 ms
64 bytes from aaaa::212:740c:c:c0c: icmp_seq=120 ttl=61 time=247 ms
64 bytes from aaaa::212:740c:c:c0c: icmp_seq=121 ttl=61 time=376 ms
64 bytes from aaaa::212:740c:c:c0c: icmp_seq=122 ttl=61 time=328 ms
64 bytes from aaaa::212:740c:c:c0c: icmp_seq=123 ttl=61 time=443 ms
64 bytes from aaaa::212:740c:c:c0c: icmp_seq=124 ttl=61 time=422 ms
64 bytes from aaaa::212:740c:c:c0c: icmp_seq=125 ttl=61 time=539 ms
64 bytes from aaaa::212:740c:c:c0c: icmp_seq=126 ttl=61 time=559 ms
64 bytes from aaaa::212:740c:c:c0c: icmp_seq=127 ttl=61 time=642 ms
64 bytes from aaaa::212:740c:c:c0c: icmp_seq=128 ttl=61 time=265 ms
64 bytes from aaaa::212:740c:c:c0c: icmp_seq=129 ttl=61 time=266 ms
64 bytes from aaaa::212:740c:c:c0c: icmp_seq=130 ttl=61 time=393 ms
64 bytes from aaaa::212:740c:c:c0c: icmp_seq=131 ttl=61 time=484 ms
64 bytes from aaaa::212:740c:c:c0c: icmp_seq=132 ttl=61 time=526 ms
64 bytes from aaaa::212:740c:c:c0c: icmp_seq=133 ttl=61 time=782 ms
64 bytes from aaaa::212:740c:c:c0c: icmp_seq=134 ttl=61 time=929 ms
64 bytes from aaaa::212:740c:c:c0c: icmp_seq=135 ttl=61 time=354 ms
64 bytes from aaaa::212:740c:c:c0c: icmp_seq=136 ttl=61 time=421 ms
64 bytes from aaaa::212:740c:c:c0c: icmp_seq=137 ttl=61 time=331 ms
64 bytes from aaaa::212:740c:c:c0c: icmp_seq=138 ttl=61 time=448 ms
64 bytes from aaaa::212:740c:c:c0c: icmp_seq=141 ttl=61 time=557 ms
64 bytes from aaaa::212:740c:c:c0c: icmp_seq=142 ttl=61 time=350 ms
64 bytes from aaaa::212:740c:c:c0c: icmp_seq=145 ttl=61 time=312 ms
64 bytes from aaaa::212:740c:c:c0c: icmp_seq=147 ttl=61 time=316 ms
64 bytes from aaaa::212:740c:c:c0c: icmp_seq=148 ttl=61 time=243 ms
64 bytes from aaaa::212:740c:c:c0c: icmp_seq=149 ttl=61 time=304 ms
64 bytes from aaaa::212:740c:c:c0c: icmp_seq=151 ttl=61 time=384 ms
64 bytes from aaaa::212:740c:c:c0c: icmp_seq=152 ttl=61 time=269 ms
64 bytes from aaaa::212:740c:c:c0c: icmp_seq=153 ttl=61 time=349 ms
64 bytes from aaaa::212:740c:c:c0c: icmp_seq=155 ttl=61 time=362 ms
64 bytes from aaaa::212:740c:c:c0c: icmp_seq=157 ttl=61 time=261 ms
64 bytes from aaaa::212:740c:c:c0c: icmp_seq=158 ttl=61 time=500 ms
64 bytes from aaaa::212:740c:c:c0c: icmp_seq=159 ttl=61 time=413 ms
64 bytes from aaaa::212:740c:c:c0c: icmp_seq=160 ttl=61 time=516 ms
64 bytes from aaaa::212:740c:c:c0c: icmp_seq=161 ttl=61 time=285 ms
64 bytes from aaaa::212:740c:c:c0c: icmp_seq=162 ttl=61 time=503 ms
64 bytes from aaaa::212:740c:c:c0c: icmp_seq=163 ttl=61 time=392 ms
64 bytes from aaaa::212:740c:c:c0c: icmp_seq=164 ttl=61 time=407 ms
64 bytes from aaaa::212:740c:c:c0c: icmp_seq=165 ttl=61 time=669 ms
64 bytes from aaaa::212:740c:c:c0c: icmp_seq=166 ttl=61 time=460 ms
64 bytes from aaaa::212:740c:c:c0c: icmp_seq=167 ttl=61 time=420 ms
64 bytes from aaaa::212:740c:c:c0c: icmp_seq=168 ttl=61 time=442 ms
64 bytes from aaaa::212:740c:c:c0c: icmp_seq=169 ttl=61 time=5306 ms
64 bytes from aaaa::212:740c:c:c0c: icmp_seq=170 ttl=61 time=1661 ms
64 bytes from aaaa::212:740c:c:c0c: icmp_seq=172 ttl=61 time=750 ms
64 bytes from aaaa::212:740c:c:c0c: icmp_seq=173 ttl=61 time=604 ms
64 bytes from aaaa::212:740c:c:c0c: icmp_seq=174 ttl=61 time=2921 ms
64 bytes from aaaa::212:740c:c:c0c: icmp_seq=175 ttl=61 time=924 ms
64 bytes from aaaa::212:740c:c:c0c: icmp_seq=176 ttl=61 time=1646 ms
64 bytes from aaaa::212:740c:c:c0c: icmp_seq=177 ttl=61 time=1073 ms
64 bytes from aaaa::212:740c:c:c0c: icmp_seq=180 ttl=61 time=913 ms
64 bytes from aaaa::212:740c:c:c0c: icmp_seq=181 ttl=61 time=256 ms
64 bytes from aaaa::212:740c:c:c0c: icmp_seq=182 ttl=61 time=261 ms
64 bytes from aaaa::212:740c:c:c0c: icmp_seq=183 ttl=61 time=469 ms
64 bytes from aaaa::212:740c:c:c0c: icmp_seq=184 ttl=61 time=403 ms
64 bytes from aaaa::212:740c:c:c0c: icmp_seq=185 ttl=61 time=359 ms
64 bytes from aaaa::212:740c:c:c0c: icmp_seq=186 ttl=61 time=287 ms
64 bytes from aaaa::212:740c:c:c0c: icmp_seq=187 ttl=61 time=362 ms
64 bytes from aaaa::212:740c:c:c0c: icmp_seq=188 ttl=61 time=568 ms
64 bytes from aaaa::212:740c:c:c0c: icmp_seq=189 ttl=61 time=234 ms
64 bytes from aaaa::212:740c:c:c0c: icmp_seq=190 ttl=61 time=350 ms
64 bytes from aaaa::212:740c:c:c0c: icmp_seq=191 ttl=61 time=278 ms
64 bytes from aaaa::212:740c:c:c0c: icmp_seq=192 ttl=61 time=373 ms
64 bytes from aaaa::212:740c:c:c0c: icmp_seq=193 ttl=61 time=337 ms
64 bytes from aaaa::212:740c:c:c0c: icmp_seq=194 ttl=61 time=412 ms
64 bytes from aaaa::212:740c:c:c0c: icmp_seq=196 ttl=61 time=244 ms
64 bytes from aaaa::212:740c:c:c0c: icmp_seq=197 ttl=61 time=244 ms
64 bytes from aaaa::212:740c:c:c0c: icmp_seq=198 ttl=61 time=431 ms
64 bytes from aaaa::212:740c:c:c0c: icmp_seq=199 ttl=61 time=286 ms
64 bytes from aaaa::212:740c:c:c0c: icmp_seq=200 ttl=61 time=253 ms

--- aaaa::212:740c:c:c0c ping statistics ---
200 packets transmitted, 146 received, 27% packet loss, time 1002959ms
rtt min/avg/max/mdev = 186.717/568.785/5306.020/659.190 ms, pipe 2
