PING aaaa::212:740e:e:e0e(aaaa::212:740e:e:e0e) 56 data bytes
64 bytes from aaaa::212:740e:e:e0e: icmp_seq=7 ttl=59 time=2204 ms
64 bytes from aaaa::212:740e:e:e0e: icmp_seq=9 ttl=59 time=1423 ms
64 bytes from aaaa::212:740e:e:e0e: icmp_seq=10 ttl=59 time=2223 ms
64 bytes from aaaa::212:740e:e:e0e: icmp_seq=11 ttl=59 time=1261 ms
64 bytes from aaaa::212:740e:e:e0e: icmp_seq=12 ttl=59 time=1609 ms
64 bytes from aaaa::212:740e:e:e0e: icmp_seq=13 ttl=59 time=554 ms
64 bytes from aaaa::212:740e:e:e0e: icmp_seq=14 ttl=59 time=2159 ms
64 bytes from aaaa::212:740e:e:e0e: icmp_seq=15 ttl=59 time=2025 ms
64 bytes from aaaa::212:740e:e:e0e: icmp_seq=16 ttl=59 time=2797 ms
64 bytes from aaaa::212:740e:e:e0e: icmp_seq=17 ttl=59 time=1120 ms
64 bytes from aaaa::212:740e:e:e0e: icmp_seq=18 ttl=59 time=1721 ms
64 bytes from aaaa::212:740e:e:e0e: icmp_seq=19 ttl=59 time=778 ms
64 bytes from aaaa::212:740e:e:e0e: icmp_seq=20 ttl=59 time=935 ms
64 bytes from aaaa::212:740e:e:e0e: icmp_seq=21 ttl=59 time=583 ms
64 bytes from aaaa::212:740e:e:e0e: icmp_seq=22 ttl=59 time=1119 ms
64 bytes from aaaa::212:740e:e:e0e: icmp_seq=23 ttl=59 time=1267 ms
64 bytes from aaaa::212:740e:e:e0e: icmp_seq=25 ttl=59 time=1050 ms
64 bytes from aaaa::212:740e:e:e0e: icmp_seq=26 ttl=59 time=3212 ms
64 bytes from aaaa::212:740e:e:e0e: icmp_seq=27 ttl=59 time=1962 ms
64 bytes from aaaa::212:740e:e:e0e: icmp_seq=28 ttl=59 time=1053 ms
64 bytes from aaaa::212:740e:e:e0e: icmp_seq=29 ttl=59 time=1608 ms
64 bytes from aaaa::212:740e:e:e0e: icmp_seq=33 ttl=59 time=904 ms
64 bytes from aaaa::212:740e:e:e0e: icmp_seq=34 ttl=59 time=371 ms
64 bytes from aaaa::212:740e:e:e0e: icmp_seq=35 ttl=59 time=519 ms
64 bytes from aaaa::212:740e:e:e0e: icmp_seq=36 ttl=59 time=261 ms
64 bytes from aaaa::212:740e:e:e0e: icmp_seq=37 ttl=59 time=263 ms
64 bytes from aaaa::212:740e:e:e0e: icmp_seq=38 ttl=59 time=416 ms
64 bytes from aaaa::212:740e:e:e0e: icmp_seq=39 ttl=59 time=517 ms
64 bytes from aaaa::212:740e:e:e0e: icmp_seq=40 ttl=59 time=751 ms
64 bytes from aaaa::212:740e:e:e0e: icmp_seq=41 ttl=59 time=430 ms
64 bytes from aaaa::212:740e:e:e0e: icmp_seq=42 ttl=59 time=555 ms
64 bytes from aaaa::212:740e:e:e0e: icmp_seq=43 ttl=59 time=832 ms
64 bytes from aaaa::212:740e:e:e0e: icmp_seq=44 ttl=59 time=1082 ms
64 bytes from aaaa::212:740e:e:e0e: icmp_seq=45 ttl=59 time=492 ms
64 bytes from aaaa::212:740e:e:e0e: icmp_seq=46 ttl=59 time=433 ms
64 bytes from aaaa::212:740e:e:e0e: icmp_seq=47 ttl=59 time=393 ms
64 bytes from aaaa::212:740e:e:e0e: icmp_seq=60 ttl=59 time=572 ms
64 bytes from aaaa::212:740e:e:e0e: icmp_seq=61 ttl=59 time=715 ms
64 bytes from aaaa::212:740e:e:e0e: icmp_seq=62 ttl=59 time=338 ms
64 bytes from aaaa::212:740e:e:e0e: icmp_seq=65 ttl=59 time=391 ms
64 bytes from aaaa::212:740e:e:e0e: icmp_seq=66 ttl=59 time=388 ms
64 bytes from aaaa::212:740e:e:e0e: icmp_seq=67 ttl=59 time=396 ms
64 bytes from aaaa::212:740e:e:e0e: icmp_seq=68 ttl=59 time=346 ms
64 bytes from aaaa::212:740e:e:e0e: icmp_seq=69 ttl=59 time=602 ms
64 bytes from aaaa::212:740e:e:e0e: icmp_seq=70 ttl=59 time=484 ms
64 bytes from aaaa::212:740e:e:e0e: icmp_seq=71 ttl=59 time=488 ms
64 bytes from aaaa::212:740e:e:e0e: icmp_seq=72 ttl=59 time=453 ms
64 bytes from aaaa::212:740e:e:e0e: icmp_seq=73 ttl=59 time=450 ms
64 bytes from aaaa::212:740e:e:e0e: icmp_seq=74 ttl=59 time=453 ms
64 bytes from aaaa::212:740e:e:e0e: icmp_seq=75 ttl=59 time=446 ms
64 bytes from aaaa::212:740e:e:e0e: icmp_seq=76 ttl=59 time=553 ms
64 bytes from aaaa::212:740e:e:e0e: icmp_seq=77 ttl=59 time=282 ms
64 bytes from aaaa::212:740e:e:e0e: icmp_seq=78 ttl=59 time=342 ms
64 bytes from aaaa::212:740e:e:e0e: icmp_seq=79 ttl=59 time=401 ms
64 bytes from aaaa::212:740e:e:e0e: icmp_seq=80 ttl=59 time=408 ms
64 bytes from aaaa::212:740e:e:e0e: icmp_seq=81 ttl=59 time=567 ms
64 bytes from aaaa::212:740e:e:e0e: icmp_seq=82 ttl=59 time=335 ms
64 bytes from aaaa::212:740e:e:e0e: icmp_seq=83 ttl=59 time=344 ms
64 bytes from aaaa::212:740e:e:e0e: icmp_seq=84 ttl=59 time=461 ms
64 bytes from aaaa::212:740e:e:e0e: icmp_seq=85 ttl=59 time=671 ms
64 bytes from aaaa::212:740e:e:e0e: icmp_seq=86 ttl=59 time=345 ms
64 bytes from aaaa::212:740e:e:e0e: icmp_seq=87 ttl=59 time=374 ms
64 bytes from aaaa::212:740e:e:e0e: icmp_seq=88 ttl=59 time=934 ms
64 bytes from aaaa::212:740e:e:e0e: icmp_seq=89 ttl=59 time=287 ms
64 bytes from aaaa::212:740e:e:e0e: icmp_seq=90 ttl=59 time=473 ms
64 bytes from aaaa::212:740e:e:e0e: icmp_seq=91 ttl=59 time=306 ms
64 bytes from aaaa::212:740e:e:e0e: icmp_seq=92 ttl=59 time=993 ms
64 bytes from aaaa::212:740e:e:e0e: icmp_seq=93 ttl=59 time=407 ms
64 bytes from aaaa::212:740e:e:e0e: icmp_seq=94 ttl=59 time=287 ms
64 bytes from aaaa::212:740e:e:e0e: icmp_seq=95 ttl=59 time=414 ms
64 bytes from aaaa::212:740e:e:e0e: icmp_seq=96 ttl=59 time=324 ms
64 bytes from aaaa::212:740e:e:e0e: icmp_seq=97 ttl=59 time=415 ms
64 bytes from aaaa::212:740e:e:e0e: icmp_seq=98 ttl=59 time=294 ms
64 bytes from aaaa::212:740e:e:e0e: icmp_seq=99 ttl=59 time=427 ms
64 bytes from aaaa::212:740e:e:e0e: icmp_seq=100 ttl=59 time=311 ms
64 bytes from aaaa::212:740e:e:e0e: icmp_seq=101 ttl=59 time=332 ms
64 bytes from aaaa::212:740e:e:e0e: icmp_seq=102 ttl=59 time=419 ms
64 bytes from aaaa::212:740e:e:e0e: icmp_seq=103 ttl=59 time=749 ms
64 bytes from aaaa::212:740e:e:e0e: icmp_seq=104 ttl=59 time=372 ms
64 bytes from aaaa::212:740e:e:e0e: icmp_seq=105 ttl=59 time=628 ms
64 bytes from aaaa::212:740e:e:e0e: icmp_seq=106 ttl=59 time=406 ms
64 bytes from aaaa::212:740e:e:e0e: icmp_seq=107 ttl=59 time=631 ms
64 bytes from aaaa::212:740e:e:e0e: icmp_seq=108 ttl=59 time=406 ms
64 bytes from aaaa::212:740e:e:e0e: icmp_seq=109 ttl=59 time=311 ms
64 bytes from aaaa::212:740e:e:e0e: icmp_seq=110 ttl=59 time=310 ms
64 bytes from aaaa::212:740e:e:e0e: icmp_seq=111 ttl=59 time=503 ms
64 bytes from aaaa::212:740e:e:e0e: icmp_seq=112 ttl=59 time=480 ms
64 bytes from aaaa::212:740e:e:e0e: icmp_seq=113 ttl=59 time=328 ms
64 bytes from aaaa::212:740e:e:e0e: icmp_seq=114 ttl=59 time=626 ms
64 bytes from aaaa::212:740e:e:e0e: icmp_seq=115 ttl=59 time=359 ms
64 bytes from aaaa::212:740e:e:e0e: icmp_seq=117 ttl=59 time=1330 ms
64 bytes from aaaa::212:740e:e:e0e: icmp_seq=118 ttl=59 time=618 ms
64 bytes from aaaa::212:740e:e:e0e: icmp_seq=119 ttl=59 time=916 ms
64 bytes from aaaa::212:740e:e:e0e: icmp_seq=120 ttl=59 time=593 ms
64 bytes from aaaa::212:740e:e:e0e: icmp_seq=121 ttl=59 time=458 ms
64 bytes from aaaa::212:740e:e:e0e: icmp_seq=122 ttl=59 time=472 ms
64 bytes from aaaa::212:740e:e:e0e: icmp_seq=123 ttl=59 time=515 ms
64 bytes from aaaa::212:740e:e:e0e: icmp_seq=124 ttl=59 time=722 ms
64 bytes from aaaa::212:740e:e:e0e: icmp_seq=125 ttl=59 time=578 ms
64 bytes from aaaa::212:740e:e:e0e: icmp_seq=126 ttl=59 time=584 ms
64 bytes from aaaa::212:740e:e:e0e: icmp_seq=127 ttl=59 time=1024 ms
64 bytes from aaaa::212:740e:e:e0e: icmp_seq=128 ttl=59 time=460 ms
64 bytes from aaaa::212:740e:e:e0e: icmp_seq=129 ttl=59 time=553 ms
64 bytes from aaaa::212:740e:e:e0e: icmp_seq=130 ttl=59 time=427 ms
64 bytes from aaaa::212:740e:e:e0e: icmp_seq=131 ttl=59 time=688 ms
64 bytes from aaaa::212:740e:e:e0e: icmp_seq=132 ttl=59 time=1767 ms
64 bytes from aaaa::212:740e:e:e0e: icmp_seq=133 ttl=59 time=854 ms
64 bytes from aaaa::212:740e:e:e0e: icmp_seq=134 ttl=59 time=820 ms
64 bytes from aaaa::212:740e:e:e0e: icmp_seq=136 ttl=59 time=1284 ms
64 bytes from aaaa::212:740e:e:e0e: icmp_seq=137 ttl=59 time=761 ms
64 bytes from aaaa::212:740e:e:e0e: icmp_seq=138 ttl=59 time=903 ms
64 bytes from aaaa::212:740e:e:e0e: icmp_seq=139 ttl=59 time=377 ms
64 bytes from aaaa::212:740e:e:e0e: icmp_seq=140 ttl=59 time=331 ms
64 bytes from aaaa::212:740e:e:e0e: icmp_seq=141 ttl=59 time=659 ms
64 bytes from aaaa::212:740e:e:e0e: icmp_seq=142 ttl=59 time=325 ms
64 bytes from aaaa::212:740e:e:e0e: icmp_seq=143 ttl=59 time=358 ms
64 bytes from aaaa::212:740e:e:e0e: icmp_seq=144 ttl=59 time=503 ms
64 bytes from aaaa::212:740e:e:e0e: icmp_seq=145 ttl=59 time=877 ms
64 bytes from aaaa::212:740e:e:e0e: icmp_seq=146 ttl=59 time=330 ms
64 bytes from aaaa::212:740e:e:e0e: icmp_seq=147 ttl=59 time=323 ms
64 bytes from aaaa::212:740e:e:e0e: icmp_seq=148 ttl=59 time=366 ms
64 bytes from aaaa::212:740e:e:e0e: icmp_seq=149 ttl=59 time=265 ms
64 bytes from aaaa::212:740e:e:e0e: icmp_seq=150 ttl=59 time=382 ms
64 bytes from aaaa::212:740e:e:e0e: icmp_seq=151 ttl=59 time=322 ms
64 bytes from aaaa::212:740e:e:e0e: icmp_seq=152 ttl=59 time=391 ms
64 bytes from aaaa::212:740e:e:e0e: icmp_seq=153 ttl=59 time=324 ms
64 bytes from aaaa::212:740e:e:e0e: icmp_seq=154 ttl=59 time=632 ms
64 bytes from aaaa::212:740e:e:e0e: icmp_seq=155 ttl=59 time=877 ms
64 bytes from aaaa::212:740e:e:e0e: icmp_seq=156 ttl=59 time=463 ms
64 bytes from aaaa::212:740e:e:e0e: icmp_seq=157 ttl=59 time=280 ms
64 bytes from aaaa::212:740e:e:e0e: icmp_seq=158 ttl=59 time=366 ms
64 bytes from aaaa::212:740e:e:e0e: icmp_seq=159 ttl=59 time=991 ms
64 bytes from aaaa::212:740e:e:e0e: icmp_seq=160 ttl=59 time=380 ms
64 bytes from aaaa::212:740e:e:e0e: icmp_seq=161 ttl=59 time=349 ms
64 bytes from aaaa::212:740e:e:e0e: icmp_seq=162 ttl=59 time=508 ms
64 bytes from aaaa::212:740e:e:e0e: icmp_seq=163 ttl=59 time=264 ms
64 bytes from aaaa::212:740e:e:e0e: icmp_seq=164 ttl=59 time=541 ms
64 bytes from aaaa::212:740e:e:e0e: icmp_seq=165 ttl=59 time=526 ms
64 bytes from aaaa::212:740e:e:e0e: icmp_seq=166 ttl=59 time=395 ms
64 bytes from aaaa::212:740e:e:e0e: icmp_seq=167 ttl=59 time=311 ms
64 bytes from aaaa::212:740e:e:e0e: icmp_seq=168 ttl=59 time=369 ms
64 bytes from aaaa::212:740e:e:e0e: icmp_seq=169 ttl=59 time=934 ms
64 bytes from aaaa::212:740e:e:e0e: icmp_seq=170 ttl=59 time=1813 ms
64 bytes from aaaa::212:740e:e:e0e: icmp_seq=171 ttl=59 time=1084 ms
64 bytes from aaaa::212:740e:e:e0e: icmp_seq=172 ttl=59 time=1017 ms
64 bytes from aaaa::212:740e:e:e0e: icmp_seq=173 ttl=59 time=822 ms
64 bytes from aaaa::212:740e:e:e0e: icmp_seq=174 ttl=59 time=771 ms
64 bytes from aaaa::212:740e:e:e0e: icmp_seq=176 ttl=59 time=862 ms
64 bytes from aaaa::212:740e:e:e0e: icmp_seq=177 ttl=59 time=1395 ms
64 bytes from aaaa::212:740e:e:e0e: icmp_seq=178 ttl=59 time=831 ms
64 bytes from aaaa::212:740e:e:e0e: icmp_seq=179 ttl=59 time=885 ms
64 bytes from aaaa::212:740e:e:e0e: icmp_seq=181 ttl=59 time=587 ms
64 bytes from aaaa::212:740e:e:e0e: icmp_seq=182 ttl=59 time=350 ms
64 bytes from aaaa::212:740e:e:e0e: icmp_seq=183 ttl=59 time=537 ms
64 bytes from aaaa::212:740e:e:e0e: icmp_seq=184 ttl=59 time=572 ms
64 bytes from aaaa::212:740e:e:e0e: icmp_seq=185 ttl=59 time=805 ms
64 bytes from aaaa::212:740e:e:e0e: icmp_seq=186 ttl=59 time=396 ms
64 bytes from aaaa::212:740e:e:e0e: icmp_seq=188 ttl=59 time=864 ms
64 bytes from aaaa::212:740e:e:e0e: icmp_seq=189 ttl=59 time=680 ms
64 bytes from aaaa::212:740e:e:e0e: icmp_seq=190 ttl=59 time=478 ms
64 bytes from aaaa::212:740e:e:e0e: icmp_seq=191 ttl=59 time=442 ms
64 bytes from aaaa::212:740e:e:e0e: icmp_seq=192 ttl=59 time=668 ms
64 bytes from aaaa::212:740e:e:e0e: icmp_seq=193 ttl=59 time=563 ms
64 bytes from aaaa::212:740e:e:e0e: icmp_seq=194 ttl=59 time=912 ms
64 bytes from aaaa::212:740e:e:e0e: icmp_seq=195 ttl=59 time=755 ms
64 bytes from aaaa::212:740e:e:e0e: icmp_seq=197 ttl=59 time=768 ms
64 bytes from aaaa::212:740e:e:e0e: icmp_seq=198 ttl=59 time=692 ms
64 bytes from aaaa::212:740e:e:e0e: icmp_seq=200 ttl=59 time=337 ms

--- aaaa::212:740e:e:e0e ping statistics ---
200 packets transmitted, 168 received, 16% packet loss, time 999375ms
rtt min/avg/max/mdev = 261.106/689.481/3212.679/483.110 ms
