PING aaaa::212:7403:3:303(aaaa::212:7403:3:303) 56 data bytes
64 bytes from aaaa::212:7403:3:303: icmp_seq=1 ttl=63 time=699 ms
64 bytes from aaaa::212:7403:3:303: icmp_seq=2 ttl=63 time=226 ms
64 bytes from aaaa::212:7403:3:303: icmp_seq=7 ttl=63 time=815 ms
64 bytes from aaaa::212:7403:3:303: icmp_seq=12 ttl=63 time=180 ms
64 bytes from aaaa::212:7403:3:303: icmp_seq=13 ttl=63 time=107 ms
64 bytes from aaaa::212:7403:3:303: icmp_seq=14 ttl=63 time=364 ms
64 bytes from aaaa::212:7403:3:303: icmp_seq=15 ttl=63 time=497 ms
64 bytes from aaaa::212:7403:3:303: icmp_seq=16 ttl=63 time=195 ms
64 bytes from aaaa::212:7403:3:303: icmp_seq=17 ttl=63 time=353 ms
64 bytes from aaaa::212:7403:3:303: icmp_seq=18 ttl=63 time=665 ms
64 bytes from aaaa::212:7403:3:303: icmp_seq=19 ttl=63 time=195 ms
64 bytes from aaaa::212:7403:3:303: icmp_seq=20 ttl=63 time=209 ms
64 bytes from aaaa::212:7403:3:303: icmp_seq=22 ttl=63 time=1286 ms
64 bytes from aaaa::212:7403:3:303: icmp_seq=23 ttl=63 time=207 ms
64 bytes from aaaa::212:7403:3:303: icmp_seq=24 ttl=63 time=458 ms
64 bytes from aaaa::212:7403:3:303: icmp_seq=35 ttl=63 time=80.0 ms
64 bytes from aaaa::212:7403:3:303: icmp_seq=40 ttl=63 time=93.4 ms
64 bytes from aaaa::212:7403:3:303: icmp_seq=43 ttl=63 time=63.2 ms
64 bytes from aaaa::212:7403:3:303: icmp_seq=44 ttl=63 time=70.0 ms
64 bytes from aaaa::212:7403:3:303: icmp_seq=47 ttl=63 time=85.2 ms
64 bytes from aaaa::212:7403:3:303: icmp_seq=48 ttl=63 time=123 ms
64 bytes from aaaa::212:7403:3:303: icmp_seq=60 ttl=63 time=108 ms
64 bytes from aaaa::212:7403:3:303: icmp_seq=62 ttl=63 time=81.4 ms
64 bytes from aaaa::212:7403:3:303: icmp_seq=66 ttl=63 time=71.0 ms
64 bytes from aaaa::212:7403:3:303: icmp_seq=67 ttl=63 time=70.9 ms
64 bytes from aaaa::212:7403:3:303: icmp_seq=75 ttl=63 time=80.0 ms
64 bytes from aaaa::212:7403:3:303: icmp_seq=76 ttl=63 time=366 ms
64 bytes from aaaa::212:7403:3:303: icmp_seq=77 ttl=63 time=114 ms
64 bytes from aaaa::212:7403:3:303: icmp_seq=78 ttl=63 time=75.1 ms
64 bytes from aaaa::212:7403:3:303: icmp_seq=79 ttl=63 time=80.0 ms
64 bytes from aaaa::212:7403:3:303: icmp_seq=80 ttl=63 time=114 ms
64 bytes from aaaa::212:7403:3:303: icmp_seq=81 ttl=63 time=68.2 ms
64 bytes from aaaa::212:7403:3:303: icmp_seq=82 ttl=63 time=81.5 ms
64 bytes from aaaa::212:7403:3:303: icmp_seq=83 ttl=63 time=51.1 ms
64 bytes from aaaa::212:7403:3:303: icmp_seq=84 ttl=63 time=56.0 ms
64 bytes from aaaa::212:7403:3:303: icmp_seq=85 ttl=63 time=54.7 ms
64 bytes from aaaa::212:7403:3:303: icmp_seq=86 ttl=63 time=60.9 ms
64 bytes from aaaa::212:7403:3:303: icmp_seq=87 ttl=63 time=423 ms
64 bytes from aaaa::212:7403:3:303: icmp_seq=88 ttl=63 time=59.2 ms
64 bytes from aaaa::212:7403:3:303: icmp_seq=89 ttl=63 time=79.4 ms
64 bytes from aaaa::212:7403:3:303: icmp_seq=90 ttl=63 time=78.8 ms
64 bytes from aaaa::212:7403:3:303: icmp_seq=91 ttl=63 time=59.2 ms
64 bytes from aaaa::212:7403:3:303: icmp_seq=92 ttl=63 time=96.3 ms
64 bytes from aaaa::212:7403:3:303: icmp_seq=93 ttl=63 time=50.4 ms
64 bytes from aaaa::212:7403:3:303: icmp_seq=95 ttl=63 time=143 ms
64 bytes from aaaa::212:7403:3:303: icmp_seq=96 ttl=63 time=80.5 ms
64 bytes from aaaa::212:7403:3:303: icmp_seq=97 ttl=63 time=61.9 ms
64 bytes from aaaa::212:7403:3:303: icmp_seq=98 ttl=63 time=46.4 ms
64 bytes from aaaa::212:7403:3:303: icmp_seq=99 ttl=63 time=190 ms
64 bytes from aaaa::212:7403:3:303: icmp_seq=100 ttl=63 time=209 ms
64 bytes from aaaa::212:7403:3:303: icmp_seq=101 ttl=63 time=67.8 ms
64 bytes from aaaa::212:7403:3:303: icmp_seq=102 ttl=63 time=213 ms
64 bytes from aaaa::212:7403:3:303: icmp_seq=103 ttl=63 time=148 ms
64 bytes from aaaa::212:7403:3:303: icmp_seq=104 ttl=63 time=194 ms
64 bytes from aaaa::212:7403:3:303: icmp_seq=105 ttl=63 time=55.8 ms
64 bytes from aaaa::212:7403:3:303: icmp_seq=106 ttl=63 time=468 ms
64 bytes from aaaa::212:7403:3:303: icmp_seq=107 ttl=63 time=370 ms
64 bytes from aaaa::212:7403:3:303: icmp_seq=108 ttl=63 time=384 ms
64 bytes from aaaa::212:7403:3:303: icmp_seq=109 ttl=63 time=88.4 ms
64 bytes from aaaa::212:7403:3:303: icmp_seq=110 ttl=63 time=536 ms
64 bytes from aaaa::212:7403:3:303: icmp_seq=111 ttl=63 time=204 ms
64 bytes from aaaa::212:7403:3:303: icmp_seq=112 ttl=63 time=133 ms
64 bytes from aaaa::212:7403:3:303: icmp_seq=113 ttl=63 time=73.1 ms
64 bytes from aaaa::212:7403:3:303: icmp_seq=114 ttl=63 time=113 ms
64 bytes from aaaa::212:7403:3:303: icmp_seq=115 ttl=63 time=89.7 ms
64 bytes from aaaa::212:7403:3:303: icmp_seq=116 ttl=63 time=90.0 ms
64 bytes from aaaa::212:7403:3:303: icmp_seq=117 ttl=63 time=107 ms
64 bytes from aaaa::212:7403:3:303: icmp_seq=118 ttl=63 time=176 ms
64 bytes from aaaa::212:7403:3:303: icmp_seq=119 ttl=63 time=95.9 ms
64 bytes from aaaa::212:7403:3:303: icmp_seq=120 ttl=63 time=113 ms
64 bytes from aaaa::212:7403:3:303: icmp_seq=121 ttl=63 time=89.8 ms
64 bytes from aaaa::212:7403:3:303: icmp_seq=122 ttl=63 time=197 ms
64 bytes from aaaa::212:7403:3:303: icmp_seq=123 ttl=63 time=88.1 ms
64 bytes from aaaa::212:7403:3:303: icmp_seq=124 ttl=63 time=162 ms
64 bytes from aaaa::212:7403:3:303: icmp_seq=125 ttl=63 time=260 ms
64 bytes from aaaa::212:7403:3:303: icmp_seq=126 ttl=63 time=93.8 ms
64 bytes from aaaa::212:7403:3:303: icmp_seq=127 ttl=63 time=119 ms
64 bytes from aaaa::212:7403:3:303: icmp_seq=128 ttl=63 time=97.7 ms
64 bytes from aaaa::212:7403:3:303: icmp_seq=129 ttl=63 time=92.8 ms
64 bytes from aaaa::212:7403:3:303: icmp_seq=130 ttl=63 time=102 ms
64 bytes from aaaa::212:7403:3:303: icmp_seq=131 ttl=63 time=87.1 ms
64 bytes from aaaa::212:7403:3:303: icmp_seq=132 ttl=63 time=303 ms
64 bytes from aaaa::212:7403:3:303: icmp_seq=133 ttl=63 time=105 ms
64 bytes from aaaa::212:7403:3:303: icmp_seq=134 ttl=63 time=310 ms
64 bytes from aaaa::212:7403:3:303: icmp_seq=135 ttl=63 time=96.2 ms
64 bytes from aaaa::212:7403:3:303: icmp_seq=136 ttl=63 time=89.4 ms
64 bytes from aaaa::212:7403:3:303: icmp_seq=137 ttl=63 time=311 ms
64 bytes from aaaa::212:7403:3:303: icmp_seq=138 ttl=63 time=129 ms
64 bytes from aaaa::212:7403:3:303: icmp_seq=142 ttl=63 time=201 ms
64 bytes from aaaa::212:7403:3:303: icmp_seq=146 ttl=63 time=84.9 ms
64 bytes from aaaa::212:7403:3:303: icmp_seq=147 ttl=63 time=77.7 ms
64 bytes from aaaa::212:7403:3:303: icmp_seq=148 ttl=63 time=67.3 ms
64 bytes from aaaa::212:7403:3:303: icmp_seq=149 ttl=63 time=60.0 ms
64 bytes from aaaa::212:7403:3:303: icmp_seq=150 ttl=63 time=190 ms
64 bytes from aaaa::212:7403:3:303: icmp_seq=155 ttl=63 time=197 ms
64 bytes from aaaa::212:7403:3:303: icmp_seq=156 ttl=63 time=106 ms
64 bytes from aaaa::212:7403:3:303: icmp_seq=157 ttl=63 time=276 ms
64 bytes from aaaa::212:7403:3:303: icmp_seq=158 ttl=63 time=47.3 ms
64 bytes from aaaa::212:7403:3:303: icmp_seq=159 ttl=63 time=96.6 ms
64 bytes from aaaa::212:7403:3:303: icmp_seq=160 ttl=63 time=107 ms
64 bytes from aaaa::212:7403:3:303: icmp_seq=161 ttl=63 time=63.5 ms
64 bytes from aaaa::212:7403:3:303: icmp_seq=162 ttl=63 time=89.4 ms
64 bytes from aaaa::212:7403:3:303: icmp_seq=163 ttl=63 time=351 ms
64 bytes from aaaa::212:7403:3:303: icmp_seq=164 ttl=63 time=67.6 ms
64 bytes from aaaa::212:7403:3:303: icmp_seq=165 ttl=63 time=63.6 ms
64 bytes from aaaa::212:7403:3:303: icmp_seq=166 ttl=63 time=119 ms
64 bytes from aaaa::212:7403:3:303: icmp_seq=167 ttl=63 time=86.3 ms
64 bytes from aaaa::212:7403:3:303: icmp_seq=168 ttl=63 time=101 ms
64 bytes from aaaa::212:7403:3:303: icmp_seq=169 ttl=63 time=554 ms
64 bytes from aaaa::212:7403:3:303: icmp_seq=177 ttl=63 time=285 ms
64 bytes from aaaa::212:7403:3:303: icmp_seq=179 ttl=63 time=459 ms
64 bytes from aaaa::212:7403:3:303: icmp_seq=182 ttl=63 time=110 ms
64 bytes from aaaa::212:7403:3:303: icmp_seq=183 ttl=63 time=78.5 ms
64 bytes from aaaa::212:7403:3:303: icmp_seq=184 ttl=63 time=480 ms
64 bytes from aaaa::212:7403:3:303: icmp_seq=185 ttl=63 time=506 ms
64 bytes from aaaa::212:7403:3:303: icmp_seq=186 ttl=63 time=486 ms
64 bytes from aaaa::212:7403:3:303: icmp_seq=187 ttl=63 time=58.7 ms
64 bytes from aaaa::212:7403:3:303: icmp_seq=188 ttl=63 time=61.1 ms
64 bytes from aaaa::212:7403:3:303: icmp_seq=189 ttl=63 time=87.3 ms
64 bytes from aaaa::212:7403:3:303: icmp_seq=190 ttl=63 time=108 ms
64 bytes from aaaa::212:7403:3:303: icmp_seq=191 ttl=63 time=68.0 ms
64 bytes from aaaa::212:7403:3:303: icmp_seq=192 ttl=63 time=60.3 ms
64 bytes from aaaa::212:7403:3:303: icmp_seq=193 ttl=63 time=79.7 ms
64 bytes from aaaa::212:7403:3:303: icmp_seq=194 ttl=63 time=94.6 ms
64 bytes from aaaa::212:7403:3:303: icmp_seq=195 ttl=63 time=81.4 ms
64 bytes from aaaa::212:7403:3:303: icmp_seq=196 ttl=63 time=61.1 ms
64 bytes from aaaa::212:7403:3:303: icmp_seq=197 ttl=63 time=59.9 ms
64 bytes from aaaa::212:7403:3:303: icmp_seq=198 ttl=63 time=302 ms
64 bytes from aaaa::212:7403:3:303: icmp_seq=199 ttl=63 time=118 ms
64 bytes from aaaa::212:7403:3:303: icmp_seq=200 ttl=63 time=61.5 ms

--- aaaa::212:7403:3:303 ping statistics ---
200 packets transmitted, 130 received, 35% packet loss, time 1004724ms
rtt min/avg/max/mdev = 46.446/179.097/1286.741/179.998 ms
