PING aaaa::212:7411:11:1111(aaaa::212:7411:11:1111) 56 data bytes
64 bytes from aaaa::212:7411:11:1111: icmp_seq=2 ttl=59 time=1600 ms
64 bytes from aaaa::212:7411:11:1111: icmp_seq=4 ttl=59 time=2923 ms
64 bytes from aaaa::212:7411:11:1111: icmp_seq=6 ttl=59 time=1150 ms
64 bytes from aaaa::212:7411:11:1111: icmp_seq=8 ttl=59 time=1849 ms
64 bytes from aaaa::212:7411:11:1111: icmp_seq=11 ttl=59 time=1122 ms
64 bytes from aaaa::212:7411:11:1111: icmp_seq=13 ttl=59 time=1153 ms
64 bytes from aaaa::212:7411:11:1111: icmp_seq=16 ttl=59 time=1445 ms
64 bytes from aaaa::212:7411:11:1111: icmp_seq=17 ttl=59 time=2035 ms
64 bytes from aaaa::212:7411:11:1111: icmp_seq=20 ttl=59 time=619 ms
64 bytes from aaaa::212:7411:11:1111: icmp_seq=21 ttl=59 time=2484 ms
64 bytes from aaaa::212:7411:11:1111: icmp_seq=22 ttl=59 time=2696 ms
64 bytes from aaaa::212:7411:11:1111: icmp_seq=24 ttl=59 time=1882 ms
64 bytes from aaaa::212:7411:11:1111: icmp_seq=25 ttl=59 time=2254 ms
64 bytes from aaaa::212:7411:11:1111: icmp_seq=29 ttl=59 time=4500 ms
64 bytes from aaaa::212:7411:11:1111: icmp_seq=39 ttl=59 time=600 ms
64 bytes from aaaa::212:7411:11:1111: icmp_seq=40 ttl=59 time=614 ms
64 bytes from aaaa::212:7411:11:1111: icmp_seq=41 ttl=59 time=635 ms
64 bytes from aaaa::212:7411:11:1111: icmp_seq=42 ttl=59 time=412 ms
64 bytes from aaaa::212:7411:11:1111: icmp_seq=43 ttl=59 time=424 ms
64 bytes from aaaa::212:7411:11:1111: icmp_seq=47 ttl=59 time=581 ms
64 bytes from aaaa::212:7411:11:1111: icmp_seq=48 ttl=59 time=747 ms
64 bytes from aaaa::212:7411:11:1111: icmp_seq=49 ttl=59 time=350 ms
64 bytes from aaaa::212:7411:11:1111: icmp_seq=50 ttl=59 time=287 ms
64 bytes from aaaa::212:7411:11:1111: icmp_seq=52 ttl=59 time=374 ms
64 bytes from aaaa::212:7411:11:1111: icmp_seq=59 ttl=59 time=540 ms
64 bytes from aaaa::212:7411:11:1111: icmp_seq=60 ttl=59 time=479 ms
64 bytes from aaaa::212:7411:11:1111: icmp_seq=75 ttl=59 time=376 ms
64 bytes from aaaa::212:7411:11:1111: icmp_seq=76 ttl=59 time=381 ms
64 bytes from aaaa::212:7411:11:1111: icmp_seq=77 ttl=59 time=439 ms
64 bytes from aaaa::212:7411:11:1111: icmp_seq=78 ttl=59 time=335 ms
64 bytes from aaaa::212:7411:11:1111: icmp_seq=79 ttl=59 time=324 ms
64 bytes from aaaa::212:7411:11:1111: icmp_seq=80 ttl=59 time=456 ms
64 bytes from aaaa::212:7411:11:1111: icmp_seq=81 ttl=59 time=406 ms
64 bytes from aaaa::212:7411:11:1111: icmp_seq=82 ttl=59 time=377 ms
64 bytes from aaaa::212:7411:11:1111: icmp_seq=83 ttl=59 time=453 ms
64 bytes from aaaa::212:7411:11:1111: icmp_seq=84 ttl=59 time=433 ms
64 bytes from aaaa::212:7411:11:1111: icmp_seq=85 ttl=59 time=408 ms
64 bytes from aaaa::212:7411:11:1111: icmp_seq=87 ttl=59 time=576 ms
64 bytes from aaaa::212:7411:11:1111: icmp_seq=88 ttl=59 time=585 ms
64 bytes from aaaa::212:7411:11:1111: icmp_seq=89 ttl=59 time=402 ms
64 bytes from aaaa::212:7411:11:1111: icmp_seq=90 ttl=59 time=511 ms
64 bytes from aaaa::212:7411:11:1111: icmp_seq=91 ttl=59 time=640 ms
64 bytes from aaaa::212:7411:11:1111: icmp_seq=92 ttl=59 time=546 ms
64 bytes from aaaa::212:7411:11:1111: icmp_seq=93 ttl=59 time=461 ms
64 bytes from aaaa::212:7411:11:1111: icmp_seq=94 ttl=59 time=275 ms
64 bytes from aaaa::212:7411:11:1111: icmp_seq=95 ttl=59 time=286 ms
64 bytes from aaaa::212:7411:11:1111: icmp_seq=96 ttl=59 time=308 ms
64 bytes from aaaa::212:7411:11:1111: icmp_seq=97 ttl=59 time=294 ms
64 bytes from aaaa::212:7411:11:1111: icmp_seq=98 ttl=59 time=318 ms
64 bytes from aaaa::212:7411:11:1111: icmp_seq=101 ttl=59 time=776 ms
64 bytes from aaaa::212:7411:11:1111: icmp_seq=102 ttl=59 time=434 ms
64 bytes from aaaa::212:7411:11:1111: icmp_seq=103 ttl=59 time=577 ms
64 bytes from aaaa::212:7411:11:1111: icmp_seq=104 ttl=59 time=475 ms
64 bytes from aaaa::212:7411:11:1111: icmp_seq=105 ttl=59 time=410 ms
64 bytes from aaaa::212:7411:11:1111: icmp_seq=106 ttl=59 time=327 ms
64 bytes from aaaa::212:7411:11:1111: icmp_seq=107 ttl=59 time=723 ms
64 bytes from aaaa::212:7411:11:1111: icmp_seq=108 ttl=59 time=456 ms
64 bytes from aaaa::212:7411:11:1111: icmp_seq=111 ttl=59 time=393 ms
64 bytes from aaaa::212:7411:11:1111: icmp_seq=112 ttl=59 time=333 ms
64 bytes from aaaa::212:7411:11:1111: icmp_seq=113 ttl=59 time=522 ms
64 bytes from aaaa::212:7411:11:1111: icmp_seq=114 ttl=59 time=1311 ms
64 bytes from aaaa::212:7411:11:1111: icmp_seq=118 ttl=59 time=620 ms
64 bytes from aaaa::212:7411:11:1111: icmp_seq=119 ttl=59 time=615 ms
64 bytes from aaaa::212:7411:11:1111: icmp_seq=121 ttl=59 time=625 ms
64 bytes from aaaa::212:7411:11:1111: icmp_seq=122 ttl=59 time=376 ms
64 bytes from aaaa::212:7411:11:1111: icmp_seq=124 ttl=59 time=550 ms
64 bytes from aaaa::212:7411:11:1111: icmp_seq=125 ttl=59 time=456 ms
64 bytes from aaaa::212:7411:11:1111: icmp_seq=126 ttl=59 time=430 ms
64 bytes from aaaa::212:7411:11:1111: icmp_seq=127 ttl=59 time=325 ms
64 bytes from aaaa::212:7411:11:1111: icmp_seq=128 ttl=59 time=339 ms
64 bytes from aaaa::212:7411:11:1111: icmp_seq=129 ttl=59 time=1560 ms
64 bytes from aaaa::212:7411:11:1111: icmp_seq=130 ttl=59 time=1885 ms
64 bytes from aaaa::212:7411:11:1111: icmp_seq=131 ttl=59 time=1039 ms
64 bytes from aaaa::212:7411:11:1111: icmp_seq=132 ttl=59 time=504 ms
64 bytes from aaaa::212:7411:11:1111: icmp_seq=133 ttl=59 time=733 ms
64 bytes from aaaa::212:7411:11:1111: icmp_seq=134 ttl=59 time=708 ms
64 bytes from aaaa::212:7411:11:1111: icmp_seq=135 ttl=59 time=555 ms
64 bytes from aaaa::212:7411:11:1111: icmp_seq=136 ttl=59 time=843 ms
64 bytes from aaaa::212:7411:11:1111: icmp_seq=137 ttl=59 time=314 ms
64 bytes from aaaa::212:7411:11:1111: icmp_seq=138 ttl=59 time=306 ms
64 bytes from aaaa::212:7411:11:1111: icmp_seq=139 ttl=59 time=617 ms
64 bytes from aaaa::212:7411:11:1111: icmp_seq=140 ttl=59 time=397 ms
64 bytes from aaaa::212:7411:11:1111: icmp_seq=141 ttl=59 time=314 ms
64 bytes from aaaa::212:7411:11:1111: icmp_seq=142 ttl=59 time=367 ms
64 bytes from aaaa::212:7411:11:1111: icmp_seq=143 ttl=59 time=323 ms
64 bytes from aaaa::212:7411:11:1111: icmp_seq=144 ttl=59 time=403 ms
64 bytes from aaaa::212:7411:11:1111: icmp_seq=145 ttl=59 time=318 ms
64 bytes from aaaa::212:7411:11:1111: icmp_seq=146 ttl=59 time=344 ms
64 bytes from aaaa::212:7411:11:1111: icmp_seq=147 ttl=59 time=276 ms
64 bytes from aaaa::212:7411:11:1111: icmp_seq=148 ttl=59 time=306 ms
64 bytes from aaaa::212:7411:11:1111: icmp_seq=149 ttl=59 time=290 ms
64 bytes from aaaa::212:7411:11:1111: icmp_seq=150 ttl=59 time=328 ms
64 bytes from aaaa::212:7411:11:1111: icmp_seq=151 ttl=59 time=415 ms
64 bytes from aaaa::212:7411:11:1111: icmp_seq=152 ttl=59 time=342 ms
64 bytes from aaaa::212:7411:11:1111: icmp_seq=153 ttl=59 time=326 ms
64 bytes from aaaa::212:7411:11:1111: icmp_seq=154 ttl=59 time=539 ms
64 bytes from aaaa::212:7411:11:1111: icmp_seq=155 ttl=59 time=399 ms
64 bytes from aaaa::212:7411:11:1111: icmp_seq=156 ttl=59 time=392 ms
64 bytes from aaaa::212:7411:11:1111: icmp_seq=157 ttl=59 time=390 ms
64 bytes from aaaa::212:7411:11:1111: icmp_seq=158 ttl=59 time=427 ms
64 bytes from aaaa::212:7411:11:1111: icmp_seq=159 ttl=59 time=511 ms
64 bytes from aaaa::212:7411:11:1111: icmp_seq=160 ttl=59 time=323 ms
64 bytes from aaaa::212:7411:11:1111: icmp_seq=161 ttl=59 time=326 ms
64 bytes from aaaa::212:7411:11:1111: icmp_seq=162 ttl=59 time=327 ms
64 bytes from aaaa::212:7411:11:1111: icmp_seq=163 ttl=59 time=434 ms
64 bytes from aaaa::212:7411:11:1111: icmp_seq=164 ttl=59 time=367 ms
64 bytes from aaaa::212:7411:11:1111: icmp_seq=165 ttl=59 time=389 ms
64 bytes from aaaa::212:7411:11:1111: icmp_seq=166 ttl=59 time=433 ms
64 bytes from aaaa::212:7411:11:1111: icmp_seq=167 ttl=59 time=409 ms
64 bytes from aaaa::212:7411:11:1111: icmp_seq=171 ttl=59 time=2300 ms
64 bytes from aaaa::212:7411:11:1111: icmp_seq=172 ttl=59 time=1943 ms
64 bytes from aaaa::212:7411:11:1111: icmp_seq=173 ttl=59 time=2291 ms
64 bytes from aaaa::212:7411:11:1111: icmp_seq=175 ttl=59 time=2038 ms
64 bytes from aaaa::212:7411:11:1111: icmp_seq=176 ttl=59 time=1609 ms
64 bytes from aaaa::212:7411:11:1111: icmp_seq=181 ttl=59 time=682 ms
64 bytes from aaaa::212:7411:11:1111: icmp_seq=184 ttl=59 time=392 ms
64 bytes from aaaa::212:7411:11:1111: icmp_seq=185 ttl=59 time=564 ms
64 bytes from aaaa::212:7411:11:1111: icmp_seq=186 ttl=59 time=413 ms
64 bytes from aaaa::212:7411:11:1111: icmp_seq=187 ttl=59 time=383 ms
64 bytes from aaaa::212:7411:11:1111: icmp_seq=188 ttl=59 time=313 ms
64 bytes from aaaa::212:7411:11:1111: icmp_seq=189 ttl=59 time=305 ms
64 bytes from aaaa::212:7411:11:1111: icmp_seq=190 ttl=59 time=322 ms
64 bytes from aaaa::212:7411:11:1111: icmp_seq=191 ttl=59 time=358 ms
64 bytes from aaaa::212:7411:11:1111: icmp_seq=192 ttl=59 time=314 ms
64 bytes from aaaa::212:7411:11:1111: icmp_seq=193 ttl=59 time=397 ms
64 bytes from aaaa::212:7411:11:1111: icmp_seq=194 ttl=59 time=335 ms
64 bytes from aaaa::212:7411:11:1111: icmp_seq=196 ttl=59 time=343 ms
64 bytes from aaaa::212:7411:11:1111: icmp_seq=197 ttl=59 time=379 ms
64 bytes from aaaa::212:7411:11:1111: icmp_seq=198 ttl=59 time=382 ms
64 bytes from aaaa::212:7411:11:1111: icmp_seq=199 ttl=59 time=567 ms
64 bytes from aaaa::212:7411:11:1111: icmp_seq=200 ttl=59 time=548 ms

--- aaaa::212:7411:11:1111 ping statistics ---
200 packets transmitted, 131 received, 34% packet loss, time 1004605ms
rtt min/avg/max/mdev = 275.998/695.683/4500.625/656.142 ms
