PING aaaa::212:7408:8:808(aaaa::212:7408:8:808) 56 data bytes
64 bytes from aaaa::212:7408:8:808: icmp_seq=6 ttl=62 time=1388 ms
64 bytes from aaaa::212:7408:8:808: icmp_seq=12 ttl=62 time=1232 ms
64 bytes from aaaa::212:7408:8:808: icmp_seq=13 ttl=62 time=313 ms
64 bytes from aaaa::212:7408:8:808: icmp_seq=14 ttl=62 time=551 ms
64 bytes from aaaa::212:7408:8:808: icmp_seq=16 ttl=62 time=1232 ms
64 bytes from aaaa::212:7408:8:808: icmp_seq=17 ttl=62 time=574 ms
64 bytes from aaaa::212:7408:8:808: icmp_seq=18 ttl=62 time=370 ms
64 bytes from aaaa::212:7408:8:808: icmp_seq=19 ttl=62 time=2081 ms
64 bytes from aaaa::212:7408:8:808: icmp_seq=21 ttl=62 time=607 ms
64 bytes from aaaa::212:7408:8:808: icmp_seq=22 ttl=62 time=297 ms
64 bytes from aaaa::212:7408:8:808: icmp_seq=23 ttl=62 time=1186 ms
64 bytes from aaaa::212:7408:8:808: icmp_seq=24 ttl=62 time=1445 ms
64 bytes from aaaa::212:7408:8:808: icmp_seq=25 ttl=62 time=960 ms
64 bytes from aaaa::212:7408:8:808: icmp_seq=27 ttl=62 time=4114 ms
64 bytes from aaaa::212:7408:8:808: icmp_seq=28 ttl=62 time=1286 ms
64 bytes from aaaa::212:7408:8:808: icmp_seq=30 ttl=62 time=1320 ms
64 bytes from aaaa::212:7408:8:808: icmp_seq=31 ttl=62 time=864 ms
64 bytes from aaaa::212:7408:8:808: icmp_seq=32 ttl=62 time=4355 ms
64 bytes from aaaa::212:7408:8:808: icmp_seq=33 ttl=62 time=1114 ms
64 bytes from aaaa::212:7408:8:808: icmp_seq=34 ttl=62 time=129 ms
64 bytes from aaaa::212:7408:8:808: icmp_seq=35 ttl=62 time=125 ms
64 bytes from aaaa::212:7408:8:808: icmp_seq=36 ttl=62 time=257 ms
64 bytes from aaaa::212:7408:8:808: icmp_seq=37 ttl=62 time=142 ms
64 bytes from aaaa::212:7408:8:808: icmp_seq=38 ttl=62 time=255 ms
64 bytes from aaaa::212:7408:8:808: icmp_seq=39 ttl=62 time=184 ms
64 bytes from aaaa::212:7408:8:808: icmp_seq=40 ttl=62 time=179 ms
64 bytes from aaaa::212:7408:8:808: icmp_seq=41 ttl=62 time=156 ms
64 bytes from aaaa::212:7408:8:808: icmp_seq=42 ttl=62 time=145 ms
64 bytes from aaaa::212:7408:8:808: icmp_seq=43 ttl=62 time=208 ms
64 bytes from aaaa::212:7408:8:808: icmp_seq=44 ttl=62 time=188 ms
64 bytes from aaaa::212:7408:8:808: icmp_seq=46 ttl=62 time=135 ms
64 bytes from aaaa::212:7408:8:808: icmp_seq=47 ttl=62 time=190 ms
64 bytes from aaaa::212:7408:8:808: icmp_seq=48 ttl=62 time=182 ms
64 bytes from aaaa::212:7408:8:808: icmp_seq=49 ttl=62 time=155 ms
64 bytes from aaaa::212:7408:8:808: icmp_seq=50 ttl=62 time=367 ms
64 bytes from aaaa::212:7408:8:808: icmp_seq=51 ttl=62 time=241 ms
64 bytes from aaaa::212:7408:8:808: icmp_seq=52 ttl=62 time=166 ms
64 bytes from aaaa::212:7408:8:808: icmp_seq=53 ttl=62 time=109 ms
64 bytes from aaaa::212:7408:8:808: icmp_seq=54 ttl=62 time=179 ms
64 bytes from aaaa::212:7408:8:808: icmp_seq=55 ttl=62 time=258 ms
64 bytes from aaaa::212:7408:8:808: icmp_seq=56 ttl=62 time=184 ms
64 bytes from aaaa::212:7408:8:808: icmp_seq=57 ttl=62 time=173 ms
64 bytes from aaaa::212:7408:8:808: icmp_seq=58 ttl=62 time=191 ms
64 bytes from aaaa::212:7408:8:808: icmp_seq=59 ttl=62 time=194 ms
64 bytes from aaaa::212:7408:8:808: icmp_seq=60 ttl=62 time=134 ms
64 bytes from aaaa::212:7408:8:808: icmp_seq=61 ttl=62 time=211 ms
64 bytes from aaaa::212:7408:8:808: icmp_seq=62 ttl=62 time=129 ms
64 bytes from aaaa::212:7408:8:808: icmp_seq=63 ttl=62 time=172 ms
64 bytes from aaaa::212:7408:8:808: icmp_seq=64 ttl=62 time=223 ms
64 bytes from aaaa::212:7408:8:808: icmp_seq=65 ttl=62 time=185 ms
64 bytes from aaaa::212:7408:8:808: icmp_seq=66 ttl=62 time=156 ms
64 bytes from aaaa::212:7408:8:808: icmp_seq=67 ttl=62 time=128 ms
64 bytes from aaaa::212:7408:8:808: icmp_seq=68 ttl=62 time=149 ms
64 bytes from aaaa::212:7408:8:808: icmp_seq=69 ttl=62 time=112 ms
64 bytes from aaaa::212:7408:8:808: icmp_seq=70 ttl=62 time=127 ms
64 bytes from aaaa::212:7408:8:808: icmp_seq=71 ttl=62 time=168 ms
64 bytes from aaaa::212:7408:8:808: icmp_seq=72 ttl=62 time=145 ms
64 bytes from aaaa::212:7408:8:808: icmp_seq=73 ttl=62 time=225 ms
64 bytes from aaaa::212:7408:8:808: icmp_seq=74 ttl=62 time=165 ms
64 bytes from aaaa::212:7408:8:808: icmp_seq=75 ttl=62 time=365 ms
64 bytes from aaaa::212:7408:8:808: icmp_seq=76 ttl=62 time=262 ms
64 bytes from aaaa::212:7408:8:808: icmp_seq=77 ttl=62 time=164 ms
64 bytes from aaaa::212:7408:8:808: icmp_seq=78 ttl=62 time=267 ms
64 bytes from aaaa::212:7408:8:808: icmp_seq=79 ttl=62 time=212 ms
64 bytes from aaaa::212:7408:8:808: icmp_seq=80 ttl=62 time=167 ms
64 bytes from aaaa::212:7408:8:808: icmp_seq=81 ttl=62 time=132 ms
64 bytes from aaaa::212:7408:8:808: icmp_seq=82 ttl=62 time=133 ms
64 bytes from aaaa::212:7408:8:808: icmp_seq=83 ttl=62 time=231 ms
64 bytes from aaaa::212:7408:8:808: icmp_seq=84 ttl=62 time=341 ms
64 bytes from aaaa::212:7408:8:808: icmp_seq=86 ttl=62 time=390 ms
64 bytes from aaaa::212:7408:8:808: icmp_seq=87 ttl=62 time=212 ms
64 bytes from aaaa::212:7408:8:808: icmp_seq=89 ttl=62 time=186 ms
64 bytes from aaaa::212:7408:8:808: icmp_seq=90 ttl=62 time=131 ms
64 bytes from aaaa::212:7408:8:808: icmp_seq=91 ttl=62 time=104 ms
64 bytes from aaaa::212:7408:8:808: icmp_seq=92 ttl=62 time=137 ms
64 bytes from aaaa::212:7408:8:808: icmp_seq=93 ttl=62 time=128 ms
64 bytes from aaaa::212:7408:8:808: icmp_seq=95 ttl=62 time=385 ms
64 bytes from aaaa::212:7408:8:808: icmp_seq=96 ttl=62 time=112 ms
64 bytes from aaaa::212:7408:8:808: icmp_seq=97 ttl=62 time=122 ms
64 bytes from aaaa::212:7408:8:808: icmp_seq=98 ttl=62 time=151 ms
64 bytes from aaaa::212:7408:8:808: icmp_seq=99 ttl=62 time=155 ms
64 bytes from aaaa::212:7408:8:808: icmp_seq=100 ttl=62 time=157 ms
64 bytes from aaaa::212:7408:8:808: icmp_seq=101 ttl=62 time=124 ms
64 bytes from aaaa::212:7408:8:808: icmp_seq=102 ttl=62 time=162 ms
64 bytes from aaaa::212:7408:8:808: icmp_seq=103 ttl=62 time=148 ms
64 bytes from aaaa::212:7408:8:808: icmp_seq=104 ttl=62 time=145 ms
64 bytes from aaaa::212:7408:8:808: icmp_seq=105 ttl=62 time=210 ms
64 bytes from aaaa::212:7408:8:808: icmp_seq=106 ttl=62 time=264 ms
64 bytes from aaaa::212:7408:8:808: icmp_seq=107 ttl=62 time=241 ms
64 bytes from aaaa::212:7408:8:808: icmp_seq=108 ttl=62 time=137 ms
64 bytes from aaaa::212:7408:8:808: icmp_seq=109 ttl=62 time=134 ms
64 bytes from aaaa::212:7408:8:808: icmp_seq=110 ttl=62 time=226 ms
64 bytes from aaaa::212:7408:8:808: icmp_seq=111 ttl=62 time=157 ms
64 bytes from aaaa::212:7408:8:808: icmp_seq=112 ttl=62 time=178 ms
64 bytes from aaaa::212:7408:8:808: icmp_seq=113 ttl=62 time=171 ms
64 bytes from aaaa::212:7408:8:808: icmp_seq=114 ttl=62 time=194 ms
64 bytes from aaaa::212:7408:8:808: icmp_seq=115 ttl=62 time=114 ms
64 bytes from aaaa::212:7408:8:808: icmp_seq=116 ttl=62 time=234 ms
64 bytes from aaaa::212:7408:8:808: icmp_seq=117 ttl=62 time=499 ms
64 bytes from aaaa::212:7408:8:808: icmp_seq=118 ttl=62 time=229 ms
64 bytes from aaaa::212:7408:8:808: icmp_seq=119 ttl=62 time=336 ms
64 bytes from aaaa::212:7408:8:808: icmp_seq=120 ttl=62 time=659 ms
64 bytes from aaaa::212:7408:8:808: icmp_seq=121 ttl=62 time=299 ms
64 bytes from aaaa::212:7408:8:808: icmp_seq=122 ttl=62 time=138 ms
64 bytes from aaaa::212:7408:8:808: icmp_seq=123 ttl=62 time=304 ms
64 bytes from aaaa::212:7408:8:808: icmp_seq=124 ttl=62 time=247 ms
64 bytes from aaaa::212:7408:8:808: icmp_seq=125 ttl=62 time=288 ms
64 bytes from aaaa::212:7408:8:808: icmp_seq=127 ttl=62 time=226 ms
64 bytes from aaaa::212:7408:8:808: icmp_seq=128 ttl=62 time=237 ms
64 bytes from aaaa::212:7408:8:808: icmp_seq=129 ttl=62 time=172 ms
64 bytes from aaaa::212:7408:8:808: icmp_seq=130 ttl=62 time=224 ms
64 bytes from aaaa::212:7408:8:808: icmp_seq=131 ttl=62 time=199 ms
64 bytes from aaaa::212:7408:8:808: icmp_seq=134 ttl=62 time=222 ms
64 bytes from aaaa::212:7408:8:808: icmp_seq=139 ttl=62 time=192 ms
64 bytes from aaaa::212:7408:8:808: icmp_seq=140 ttl=62 time=118 ms
64 bytes from aaaa::212:7408:8:808: icmp_seq=141 ttl=62 time=132 ms
64 bytes from aaaa::212:7408:8:808: icmp_seq=142 ttl=62 time=176 ms
64 bytes from aaaa::212:7408:8:808: icmp_seq=143 ttl=62 time=172 ms
64 bytes from aaaa::212:7408:8:808: icmp_seq=144 ttl=62 time=115 ms
64 bytes from aaaa::212:7408:8:808: icmp_seq=145 ttl=62 time=150 ms
64 bytes from aaaa::212:7408:8:808: icmp_seq=146 ttl=62 time=139 ms
64 bytes from aaaa::212:7408:8:808: icmp_seq=147 ttl=62 time=145 ms
64 bytes from aaaa::212:7408:8:808: icmp_seq=148 ttl=62 time=164 ms
64 bytes from aaaa::212:7408:8:808: icmp_seq=150 ttl=62 time=138 ms
64 bytes from aaaa::212:7408:8:808: icmp_seq=152 ttl=62 time=421 ms
64 bytes from aaaa::212:7408:8:808: icmp_seq=153 ttl=62 time=694 ms
64 bytes from aaaa::212:7408:8:808: icmp_seq=154 ttl=62 time=341 ms
64 bytes from aaaa::212:7408:8:808: icmp_seq=155 ttl=62 time=449 ms
64 bytes from aaaa::212:7408:8:808: icmp_seq=156 ttl=62 time=903 ms
64 bytes from aaaa::212:7408:8:808: icmp_seq=157 ttl=62 time=227 ms
64 bytes from aaaa::212:7408:8:808: icmp_seq=158 ttl=62 time=136 ms
64 bytes from aaaa::212:7408:8:808: icmp_seq=159 ttl=62 time=297 ms
64 bytes from aaaa::212:7408:8:808: icmp_seq=160 ttl=62 time=437 ms
64 bytes from aaaa::212:7408:8:808: icmp_seq=161 ttl=62 time=363 ms
64 bytes from aaaa::212:7408:8:808: icmp_seq=162 ttl=62 time=220 ms
64 bytes from aaaa::212:7408:8:808: icmp_seq=163 ttl=62 time=293 ms
64 bytes from aaaa::212:7408:8:808: icmp_seq=164 ttl=62 time=256 ms
64 bytes from aaaa::212:7408:8:808: icmp_seq=165 ttl=62 time=155 ms
64 bytes from aaaa::212:7408:8:808: icmp_seq=166 ttl=62 time=288 ms
64 bytes from aaaa::212:7408:8:808: icmp_seq=167 ttl=62 time=414 ms
64 bytes from aaaa::212:7408:8:808: icmp_seq=168 ttl=62 time=152 ms
64 bytes from aaaa::212:7408:8:808: icmp_seq=170 ttl=62 time=230 ms
64 bytes from aaaa::212:7408:8:808: icmp_seq=171 ttl=62 time=2006 ms
64 bytes from aaaa::212:7408:8:808: icmp_seq=172 ttl=62 time=2100 ms
64 bytes from aaaa::212:7408:8:808: icmp_seq=173 ttl=62 time=343 ms
64 bytes from aaaa::212:7408:8:808: icmp_seq=175 ttl=62 time=336 ms
64 bytes from aaaa::212:7408:8:808: icmp_seq=176 ttl=62 time=1145 ms
64 bytes from aaaa::212:7408:8:808: icmp_seq=177 ttl=62 time=368 ms
64 bytes from aaaa::212:7408:8:808: icmp_seq=178 ttl=62 time=1284 ms
64 bytes from aaaa::212:7408:8:808: icmp_seq=179 ttl=62 time=423 ms
64 bytes from aaaa::212:7408:8:808: icmp_seq=180 ttl=62 time=340 ms
64 bytes from aaaa::212:7408:8:808: icmp_seq=181 ttl=62 time=496 ms
64 bytes from aaaa::212:7408:8:808: icmp_seq=182 ttl=62 time=193 ms
64 bytes from aaaa::212:7408:8:808: icmp_seq=183 ttl=62 time=162 ms
64 bytes from aaaa::212:7408:8:808: icmp_seq=184 ttl=62 time=252 ms
64 bytes from aaaa::212:7408:8:808: icmp_seq=185 ttl=62 time=213 ms
64 bytes from aaaa::212:7408:8:808: icmp_seq=186 ttl=62 time=313 ms
64 bytes from aaaa::212:7408:8:808: icmp_seq=188 ttl=62 time=360 ms
64 bytes from aaaa::212:7408:8:808: icmp_seq=189 ttl=62 time=324 ms
64 bytes from aaaa::212:7408:8:808: icmp_seq=190 ttl=62 time=221 ms
64 bytes from aaaa::212:7408:8:808: icmp_seq=191 ttl=62 time=207 ms
64 bytes from aaaa::212:7408:8:808: icmp_seq=192 ttl=62 time=320 ms
64 bytes from aaaa::212:7408:8:808: icmp_seq=193 ttl=62 time=204 ms
64 bytes from aaaa::212:7408:8:808: icmp_seq=194 ttl=62 time=252 ms
64 bytes from aaaa::212:7408:8:808: icmp_seq=196 ttl=62 time=179 ms
64 bytes from aaaa::212:7408:8:808: icmp_seq=198 ttl=62 time=168 ms
64 bytes from aaaa::212:7408:8:808: icmp_seq=199 ttl=62 time=342 ms

--- aaaa::212:7408:8:808 ping statistics ---
200 packets transmitted, 167 received, 16% packet loss, time 1000294ms
rtt min/avg/max/mdev = 104.449/387.583/4355.972/558.719 ms
