PING aaaa::212:740f:f:f0f(aaaa::212:740f:f:f0f) 56 data bytes
64 bytes from aaaa::212:740f:f:f0f: icmp_seq=3 ttl=60 time=1537 ms
64 bytes from aaaa::212:740f:f:f0f: icmp_seq=4 ttl=60 time=3033 ms
64 bytes from aaaa::212:740f:f:f0f: icmp_seq=6 ttl=60 time=765 ms
64 bytes from aaaa::212:740f:f:f0f: icmp_seq=7 ttl=60 time=1298 ms
64 bytes from aaaa::212:740f:f:f0f: icmp_seq=8 ttl=60 time=1262 ms
64 bytes from aaaa::212:740f:f:f0f: icmp_seq=10 ttl=60 time=866 ms
64 bytes from aaaa::212:740f:f:f0f: icmp_seq=12 ttl=60 time=1622 ms
64 bytes from aaaa::212:740f:f:f0f: icmp_seq=18 ttl=60 time=2518 ms
64 bytes from aaaa::212:740f:f:f0f: icmp_seq=20 ttl=60 time=1241 ms
64 bytes from aaaa::212:740f:f:f0f: icmp_seq=21 ttl=60 time=932 ms
64 bytes from aaaa::212:740f:f:f0f: icmp_seq=30 ttl=60 time=1594 ms
64 bytes from aaaa::212:740f:f:f0f: icmp_seq=32 ttl=60 time=299 ms
64 bytes from aaaa::212:740f:f:f0f: icmp_seq=36 ttl=60 time=232 ms
64 bytes from aaaa::212:740f:f:f0f: icmp_seq=38 ttl=60 time=274 ms
64 bytes from aaaa::212:740f:f:f0f: icmp_seq=42 ttl=60 time=278 ms
64 bytes from aaaa::212:740f:f:f0f: icmp_seq=44 ttl=60 time=251 ms
64 bytes from aaaa::212:740f:f:f0f: icmp_seq=45 ttl=60 time=279 ms
64 bytes from aaaa::212:740f:f:f0f: icmp_seq=46 ttl=60 time=262 ms
64 bytes from aaaa::212:740f:f:f0f: icmp_seq=47 ttl=60 time=306 ms
64 bytes from aaaa::212:740f:f:f0f: icmp_seq=48 ttl=60 time=233 ms
64 bytes from aaaa::212:740f:f:f0f: icmp_seq=50 ttl=60 time=311 ms
64 bytes from aaaa::212:740f:f:f0f: icmp_seq=53 ttl=60 time=302 ms
64 bytes from aaaa::212:740f:f:f0f: icmp_seq=55 ttl=60 time=272 ms
64 bytes from aaaa::212:740f:f:f0f: icmp_seq=57 ttl=60 time=288 ms
64 bytes from aaaa::212:740f:f:f0f: icmp_seq=61 ttl=60 time=331 ms
64 bytes from aaaa::212:740f:f:f0f: icmp_seq=67 ttl=60 time=416 ms
64 bytes from aaaa::212:740f:f:f0f: icmp_seq=77 ttl=60 time=405 ms
64 bytes from aaaa::212:740f:f:f0f: icmp_seq=80 ttl=60 time=364 ms
64 bytes from aaaa::212:740f:f:f0f: icmp_seq=83 ttl=60 time=377 ms
64 bytes from aaaa::212:740f:f:f0f: icmp_seq=84 ttl=60 time=392 ms
64 bytes from aaaa::212:740f:f:f0f: icmp_seq=86 ttl=60 time=669 ms
64 bytes from aaaa::212:740f:f:f0f: icmp_seq=87 ttl=60 time=300 ms
64 bytes from aaaa::212:740f:f:f0f: icmp_seq=88 ttl=60 time=302 ms
64 bytes from aaaa::212:740f:f:f0f: icmp_seq=89 ttl=60 time=428 ms
64 bytes from aaaa::212:740f:f:f0f: icmp_seq=90 ttl=60 time=310 ms
64 bytes from aaaa::212:740f:f:f0f: icmp_seq=92 ttl=60 time=540 ms
64 bytes from aaaa::212:740f:f:f0f: icmp_seq=94 ttl=60 time=336 ms
64 bytes from aaaa::212:740f:f:f0f: icmp_seq=96 ttl=60 time=438 ms
64 bytes from aaaa::212:740f:f:f0f: icmp_seq=97 ttl=60 time=522 ms
64 bytes from aaaa::212:740f:f:f0f: icmp_seq=98 ttl=60 time=338 ms
64 bytes from aaaa::212:740f:f:f0f: icmp_seq=99 ttl=60 time=293 ms
64 bytes from aaaa::212:740f:f:f0f: icmp_seq=100 ttl=60 time=390 ms
64 bytes from aaaa::212:740f:f:f0f: icmp_seq=101 ttl=60 time=503 ms
64 bytes from aaaa::212:740f:f:f0f: icmp_seq=103 ttl=60 time=793 ms
64 bytes from aaaa::212:740f:f:f0f: icmp_seq=104 ttl=60 time=632 ms
64 bytes from aaaa::212:740f:f:f0f: icmp_seq=105 ttl=60 time=651 ms
64 bytes from aaaa::212:740f:f:f0f: icmp_seq=106 ttl=60 time=417 ms
64 bytes from aaaa::212:740f:f:f0f: icmp_seq=108 ttl=60 time=658 ms
64 bytes from aaaa::212:740f:f:f0f: icmp_seq=111 ttl=60 time=346 ms
64 bytes from aaaa::212:740f:f:f0f: icmp_seq=113 ttl=60 time=428 ms
64 bytes from aaaa::212:740f:f:f0f: icmp_seq=114 ttl=60 time=827 ms
64 bytes from aaaa::212:740f:f:f0f: icmp_seq=115 ttl=60 time=439 ms
64 bytes from aaaa::212:740f:f:f0f: icmp_seq=118 ttl=60 time=872 ms
64 bytes from aaaa::212:740f:f:f0f: icmp_seq=120 ttl=60 time=452 ms
64 bytes from aaaa::212:740f:f:f0f: icmp_seq=121 ttl=60 time=494 ms
64 bytes from aaaa::212:740f:f:f0f: icmp_seq=122 ttl=60 time=402 ms
64 bytes from aaaa::212:740f:f:f0f: icmp_seq=124 ttl=60 time=398 ms
64 bytes from aaaa::212:740f:f:f0f: icmp_seq=125 ttl=60 time=487 ms
64 bytes from aaaa::212:740f:f:f0f: icmp_seq=126 ttl=60 time=298 ms
64 bytes from aaaa::212:740f:f:f0f: icmp_seq=127 ttl=60 time=376 ms
64 bytes from aaaa::212:740f:f:f0f: icmp_seq=128 ttl=60 time=335 ms
64 bytes from aaaa::212:740f:f:f0f: icmp_seq=131 ttl=60 time=851 ms
64 bytes from aaaa::212:740f:f:f0f: icmp_seq=138 ttl=60 time=313 ms
64 bytes from aaaa::212:740f:f:f0f: icmp_seq=141 ttl=60 time=348 ms
64 bytes from aaaa::212:740f:f:f0f: icmp_seq=143 ttl=60 time=286 ms
64 bytes from aaaa::212:740f:f:f0f: icmp_seq=147 ttl=60 time=668 ms
64 bytes from aaaa::212:740f:f:f0f: icmp_seq=148 ttl=60 time=546 ms
64 bytes from aaaa::212:740f:f:f0f: icmp_seq=149 ttl=60 time=314 ms
64 bytes from aaaa::212:740f:f:f0f: icmp_seq=150 ttl=60 time=309 ms
64 bytes from aaaa::212:740f:f:f0f: icmp_seq=152 ttl=60 time=679 ms
64 bytes from aaaa::212:740f:f:f0f: icmp_seq=153 ttl=60 time=708 ms
64 bytes from aaaa::212:740f:f:f0f: icmp_seq=155 ttl=60 time=399 ms
64 bytes from aaaa::212:740f:f:f0f: icmp_seq=158 ttl=60 time=341 ms
64 bytes from aaaa::212:740f:f:f0f: icmp_seq=160 ttl=60 time=311 ms
64 bytes from aaaa::212:740f:f:f0f: icmp_seq=163 ttl=60 time=333 ms
64 bytes from aaaa::212:740f:f:f0f: icmp_seq=169 ttl=60 time=1596 ms
64 bytes from aaaa::212:740f:f:f0f: icmp_seq=171 ttl=60 time=2736 ms
64 bytes from aaaa::212:740f:f:f0f: icmp_seq=172 ttl=60 time=1166 ms
64 bytes from aaaa::212:740f:f:f0f: icmp_seq=180 ttl=60 time=336 ms
64 bytes from aaaa::212:740f:f:f0f: icmp_seq=186 ttl=60 time=695 ms
64 bytes from aaaa::212:740f:f:f0f: icmp_seq=191 ttl=60 time=1468 ms
64 bytes from aaaa::212:740f:f:f0f: icmp_seq=193 ttl=60 time=512 ms
64 bytes from aaaa::212:740f:f:f0f: icmp_seq=197 ttl=60 time=430 ms
64 bytes from aaaa::212:740f:f:f0f: icmp_seq=199 ttl=60 time=402 ms

--- aaaa::212:740f:f:f0f ping statistics ---
200 packets transmitted, 84 received, 58% packet loss, time 1013360ms
rtt min/avg/max/mdev = 232.325/630.947/3033.186/539.644 ms
