PING aaaa::212:7406:6:606(aaaa::212:7406:6:606) 56 data bytes
64 bytes from aaaa::212:7406:6:606: icmp_seq=1 ttl=61 time=1264 ms
64 bytes from aaaa::212:7406:6:606: icmp_seq=2 ttl=61 time=583 ms
64 bytes from aaaa::212:7406:6:606: icmp_seq=12 ttl=61 time=564 ms
64 bytes from aaaa::212:7406:6:606: icmp_seq=13 ttl=61 time=1252 ms
64 bytes from aaaa::212:7406:6:606: icmp_seq=15 ttl=61 time=386 ms
64 bytes from aaaa::212:7406:6:606: icmp_seq=16 ttl=61 time=804 ms
64 bytes from aaaa::212:7406:6:606: icmp_seq=17 ttl=61 time=2145 ms
64 bytes from aaaa::212:7406:6:606: icmp_seq=19 ttl=61 time=677 ms
64 bytes from aaaa::212:7406:6:606: icmp_seq=20 ttl=61 time=1912 ms
64 bytes from aaaa::212:7406:6:606: icmp_seq=21 ttl=61 time=1115 ms
64 bytes from aaaa::212:7406:6:606: icmp_seq=22 ttl=61 time=590 ms
64 bytes from aaaa::212:7406:6:606: icmp_seq=23 ttl=61 time=426 ms
64 bytes from aaaa::212:7406:6:606: icmp_seq=24 ttl=61 time=595 ms
64 bytes from aaaa::212:7406:6:606: icmp_seq=25 ttl=61 time=1567 ms
64 bytes from aaaa::212:7406:6:606: icmp_seq=27 ttl=61 time=856 ms
64 bytes from aaaa::212:7406:6:606: icmp_seq=29 ttl=61 time=976 ms
64 bytes from aaaa::212:7406:6:606: icmp_seq=30 ttl=61 time=1086 ms
64 bytes from aaaa::212:7406:6:606: icmp_seq=31 ttl=61 time=1148 ms
64 bytes from aaaa::212:7406:6:606: icmp_seq=43 ttl=61 time=318 ms
64 bytes from aaaa::212:7406:6:606: icmp_seq=49 ttl=61 time=318 ms
64 bytes from aaaa::212:7406:6:606: icmp_seq=50 ttl=61 time=438 ms
64 bytes from aaaa::212:7406:6:606: icmp_seq=54 ttl=61 time=279 ms
64 bytes from aaaa::212:7406:6:606: icmp_seq=55 ttl=61 time=290 ms
64 bytes from aaaa::212:7406:6:606: icmp_seq=56 ttl=61 time=328 ms
64 bytes from aaaa::212:7406:6:606: icmp_seq=64 ttl=61 time=321 ms
64 bytes from aaaa::212:7406:6:606: icmp_seq=65 ttl=61 time=549 ms
64 bytes from aaaa::212:7406:6:606: icmp_seq=69 ttl=61 time=174 ms
64 bytes from aaaa::212:7406:6:606: icmp_seq=79 ttl=61 time=335 ms
64 bytes from aaaa::212:7406:6:606: icmp_seq=80 ttl=61 time=513 ms
64 bytes from aaaa::212:7406:6:606: icmp_seq=81 ttl=61 time=239 ms
64 bytes from aaaa::212:7406:6:606: icmp_seq=82 ttl=61 time=266 ms
64 bytes from aaaa::212:7406:6:606: icmp_seq=83 ttl=61 time=177 ms
64 bytes from aaaa::212:7406:6:606: icmp_seq=84 ttl=61 time=291 ms
64 bytes from aaaa::212:7406:6:606: icmp_seq=85 ttl=61 time=343 ms
64 bytes from aaaa::212:7406:6:606: icmp_seq=86 ttl=61 time=202 ms
64 bytes from aaaa::212:7406:6:606: icmp_seq=87 ttl=61 time=326 ms
64 bytes from aaaa::212:7406:6:606: icmp_seq=88 ttl=61 time=154 ms
64 bytes from aaaa::212:7406:6:606: icmp_seq=89 ttl=61 time=454 ms
64 bytes from aaaa::212:7406:6:606: icmp_seq=90 ttl=61 time=285 ms
64 bytes from aaaa::212:7406:6:606: icmp_seq=91 ttl=61 time=253 ms
64 bytes from aaaa::212:7406:6:606: icmp_seq=92 ttl=61 time=309 ms
64 bytes from aaaa::212:7406:6:606: icmp_seq=93 ttl=61 time=890 ms
64 bytes from aaaa::212:7406:6:606: icmp_seq=94 ttl=61 time=270 ms
64 bytes from aaaa::212:7406:6:606: icmp_seq=95 ttl=61 time=150 ms
64 bytes from aaaa::212:7406:6:606: icmp_seq=96 ttl=61 time=289 ms
64 bytes from aaaa::212:7406:6:606: icmp_seq=97 ttl=61 time=193 ms
64 bytes from aaaa::212:7406:6:606: icmp_seq=98 ttl=61 time=188 ms
64 bytes from aaaa::212:7406:6:606: icmp_seq=99 ttl=61 time=170 ms
64 bytes from aaaa::212:7406:6:606: icmp_seq=100 ttl=61 time=253 ms
64 bytes from aaaa::212:7406:6:606: icmp_seq=101 ttl=61 time=212 ms
64 bytes from aaaa::212:7406:6:606: icmp_seq=102 ttl=61 time=178 ms
64 bytes from aaaa::212:7406:6:606: icmp_seq=103 ttl=61 time=246 ms
64 bytes from aaaa::212:7406:6:606: icmp_seq=105 ttl=61 time=173 ms
64 bytes from aaaa::212:7406:6:606: icmp_seq=106 ttl=61 time=305 ms
64 bytes from aaaa::212:7406:6:606: icmp_seq=107 ttl=61 time=176 ms
64 bytes from aaaa::212:7406:6:606: icmp_seq=108 ttl=61 time=504 ms
64 bytes from aaaa::212:7406:6:606: icmp_seq=109 ttl=61 time=258 ms
64 bytes from aaaa::212:7406:6:606: icmp_seq=110 ttl=61 time=197 ms
64 bytes from aaaa::212:7406:6:606: icmp_seq=111 ttl=61 time=175 ms
64 bytes from aaaa::212:7406:6:606: icmp_seq=112 ttl=61 time=248 ms
64 bytes from aaaa::212:7406:6:606: icmp_seq=113 ttl=61 time=428 ms
64 bytes from aaaa::212:7406:6:606: icmp_seq=114 ttl=61 time=207 ms
64 bytes from aaaa::212:7406:6:606: icmp_seq=115 ttl=61 time=342 ms
64 bytes from aaaa::212:7406:6:606: icmp_seq=116 ttl=61 time=221 ms
64 bytes from aaaa::212:7406:6:606: icmp_seq=117 ttl=61 time=1680 ms
64 bytes from aaaa::212:7406:6:606: icmp_seq=118 ttl=61 time=795 ms
64 bytes from aaaa::212:7406:6:606: icmp_seq=119 ttl=61 time=444 ms
64 bytes from aaaa::212:7406:6:606: icmp_seq=120 ttl=61 time=673 ms
64 bytes from aaaa::212:7406:6:606: icmp_seq=121 ttl=61 time=211 ms
64 bytes from aaaa::212:7406:6:606: icmp_seq=122 ttl=61 time=235 ms
64 bytes from aaaa::212:7406:6:606: icmp_seq=123 ttl=61 time=207 ms
64 bytes from aaaa::212:7406:6:606: icmp_seq=124 ttl=61 time=247 ms
64 bytes from aaaa::212:7406:6:606: icmp_seq=125 ttl=61 time=250 ms
64 bytes from aaaa::212:7406:6:606: icmp_seq=126 ttl=61 time=253 ms
64 bytes from aaaa::212:7406:6:606: icmp_seq=127 ttl=61 time=339 ms
64 bytes from aaaa::212:7406:6:606: icmp_seq=128 ttl=61 time=474 ms
64 bytes from aaaa::212:7406:6:606: icmp_seq=129 ttl=61 time=242 ms
64 bytes from aaaa::212:7406:6:606: icmp_seq=130 ttl=61 time=255 ms
64 bytes from aaaa::212:7406:6:606: icmp_seq=131 ttl=61 time=179 ms
64 bytes from aaaa::212:7406:6:606: icmp_seq=132 ttl=61 time=371 ms
64 bytes from aaaa::212:7406:6:606: icmp_seq=133 ttl=61 time=1217 ms
64 bytes from aaaa::212:7406:6:606: icmp_seq=134 ttl=61 time=447 ms
64 bytes from aaaa::212:7406:6:606: icmp_seq=135 ttl=61 time=729 ms
64 bytes from aaaa::212:7406:6:606: icmp_seq=136 ttl=61 time=332 ms
64 bytes from aaaa::212:7406:6:606: icmp_seq=137 ttl=61 time=883 ms
64 bytes from aaaa::212:7406:6:606: icmp_seq=138 ttl=61 time=385 ms
64 bytes from aaaa::212:7406:6:606: icmp_seq=139 ttl=61 time=328 ms
64 bytes from aaaa::212:7406:6:606: icmp_seq=140 ttl=61 time=233 ms
64 bytes from aaaa::212:7406:6:606: icmp_seq=141 ttl=61 time=196 ms
64 bytes from aaaa::212:7406:6:606: icmp_seq=142 ttl=61 time=419 ms
64 bytes from aaaa::212:7406:6:606: icmp_seq=143 ttl=61 time=207 ms
64 bytes from aaaa::212:7406:6:606: icmp_seq=144 ttl=61 time=230 ms
64 bytes from aaaa::212:7406:6:606: icmp_seq=145 ttl=61 time=162 ms
64 bytes from aaaa::212:7406:6:606: icmp_seq=146 ttl=61 time=659 ms
64 bytes from aaaa::212:7406:6:606: icmp_seq=147 ttl=61 time=166 ms
64 bytes from aaaa::212:7406:6:606: icmp_seq=148 ttl=61 time=360 ms
64 bytes from aaaa::212:7406:6:606: icmp_seq=149 ttl=61 time=420 ms
64 bytes from aaaa::212:7406:6:606: icmp_seq=151 ttl=61 time=303 ms
64 bytes from aaaa::212:7406:6:606: icmp_seq=152 ttl=61 time=247 ms
64 bytes from aaaa::212:7406:6:606: icmp_seq=153 ttl=61 time=321 ms
64 bytes from aaaa::212:7406:6:606: icmp_seq=154 ttl=61 time=376 ms
64 bytes from aaaa::212:7406:6:606: icmp_seq=155 ttl=61 time=207 ms
64 bytes from aaaa::212:7406:6:606: icmp_seq=156 ttl=61 time=297 ms
64 bytes from aaaa::212:7406:6:606: icmp_seq=157 ttl=61 time=240 ms
64 bytes from aaaa::212:7406:6:606: icmp_seq=158 ttl=61 time=459 ms
64 bytes from aaaa::212:7406:6:606: icmp_seq=159 ttl=61 time=312 ms
64 bytes from aaaa::212:7406:6:606: icmp_seq=160 ttl=61 time=407 ms
64 bytes from aaaa::212:7406:6:606: icmp_seq=161 ttl=61 time=155 ms
64 bytes from aaaa::212:7406:6:606: icmp_seq=162 ttl=61 time=156 ms
64 bytes from aaaa::212:7406:6:606: icmp_seq=163 ttl=61 time=226 ms
64 bytes from aaaa::212:7406:6:606: icmp_seq=165 ttl=61 time=290 ms
64 bytes from aaaa::212:7406:6:606: icmp_seq=166 ttl=61 time=239 ms
64 bytes from aaaa::212:7406:6:606: icmp_seq=167 ttl=61 time=201 ms
64 bytes from aaaa::212:7406:6:606: icmp_seq=168 ttl=61 time=256 ms
64 bytes from aaaa::212:7406:6:606: icmp_seq=169 ttl=61 time=265 ms
64 bytes from aaaa::212:7406:6:606: icmp_seq=179 ttl=61 time=905 ms
64 bytes from aaaa::212:7406:6:606: icmp_seq=180 ttl=61 time=817 ms
64 bytes from aaaa::212:7406:6:606: icmp_seq=181 ttl=61 time=770 ms
64 bytes from aaaa::212:7406:6:606: icmp_seq=182 ttl=61 time=376 ms
64 bytes from aaaa::212:7406:6:606: icmp_seq=183 ttl=61 time=363 ms
64 bytes from aaaa::212:7406:6:606: icmp_seq=184 ttl=61 time=280 ms
64 bytes from aaaa::212:7406:6:606: icmp_seq=185 ttl=61 time=299 ms
64 bytes from aaaa::212:7406:6:606: icmp_seq=186 ttl=61 time=394 ms
64 bytes from aaaa::212:7406:6:606: icmp_seq=187 ttl=61 time=467 ms
64 bytes from aaaa::212:7406:6:606: icmp_seq=188 ttl=61 time=324 ms
64 bytes from aaaa::212:7406:6:606: icmp_seq=189 ttl=61 time=348 ms
64 bytes from aaaa::212:7406:6:606: icmp_seq=190 ttl=61 time=624 ms
64 bytes from aaaa::212:7406:6:606: icmp_seq=191 ttl=61 time=250 ms
64 bytes from aaaa::212:7406:6:606: icmp_seq=192 ttl=61 time=207 ms
64 bytes from aaaa::212:7406:6:606: icmp_seq=193 ttl=61 time=420 ms
64 bytes from aaaa::212:7406:6:606: icmp_seq=194 ttl=61 time=243 ms
64 bytes from aaaa::212:7406:6:606: icmp_seq=195 ttl=61 time=369 ms
64 bytes from aaaa::212:7406:6:606: icmp_seq=196 ttl=61 time=346 ms
64 bytes from aaaa::212:7406:6:606: icmp_seq=197 ttl=61 time=622 ms
64 bytes from aaaa::212:7406:6:606: icmp_seq=198 ttl=61 time=708 ms
64 bytes from aaaa::212:7406:6:606: icmp_seq=199 ttl=61 time=318 ms
64 bytes from aaaa::212:7406:6:606: icmp_seq=200 ttl=61 time=327 ms

--- aaaa::212:7406:6:606 ping statistics ---
200 packets transmitted, 137 received, 31% packet loss, time 1003934ms
rtt min/avg/max/mdev = 150.850/440.961/2145.701/347.064 ms
