PING aaaa::212:7402:2:202(aaaa::212:7402:2:202) 56 data bytes
64 bytes from aaaa::212:7402:2:202: icmp_seq=1 ttl=62 time=232 ms
64 bytes from aaaa::212:7402:2:202: icmp_seq=2 ttl=62 time=768 ms
64 bytes from aaaa::212:7402:2:202: icmp_seq=3 ttl=62 time=310 ms
64 bytes from aaaa::212:7402:2:202: icmp_seq=4 ttl=62 time=1222 ms
64 bytes from aaaa::212:7402:2:202: icmp_seq=7 ttl=62 time=585 ms
64 bytes from aaaa::212:7402:2:202: icmp_seq=9 ttl=62 time=1203 ms
64 bytes from aaaa::212:7402:2:202: icmp_seq=11 ttl=62 time=1144 ms
64 bytes from aaaa::212:7402:2:202: icmp_seq=13 ttl=62 time=731 ms
64 bytes from aaaa::212:7402:2:202: icmp_seq=14 ttl=62 time=500 ms
64 bytes from aaaa::212:7402:2:202: icmp_seq=15 ttl=62 time=1912 ms
64 bytes from aaaa::212:7402:2:202: icmp_seq=16 ttl=62 time=224 ms
64 bytes from aaaa::212:7402:2:202: icmp_seq=17 ttl=62 time=1183 ms
64 bytes from aaaa::212:7402:2:202: icmp_seq=18 ttl=62 time=1215 ms
64 bytes from aaaa::212:7402:2:202: icmp_seq=19 ttl=62 time=348 ms
64 bytes from aaaa::212:7402:2:202: icmp_seq=20 ttl=62 time=609 ms
64 bytes from aaaa::212:7402:2:202: icmp_seq=21 ttl=62 time=1949 ms
64 bytes from aaaa::212:7402:2:202: icmp_seq=22 ttl=62 time=648 ms
64 bytes from aaaa::212:7402:2:202: icmp_seq=23 ttl=62 time=454 ms
64 bytes from aaaa::212:7402:2:202: icmp_seq=24 ttl=62 time=344 ms
64 bytes from aaaa::212:7402:2:202: icmp_seq=25 ttl=62 time=404 ms
64 bytes from aaaa::212:7402:2:202: icmp_seq=26 ttl=62 time=455 ms
64 bytes from aaaa::212:7402:2:202: icmp_seq=27 ttl=62 time=1191 ms
64 bytes from aaaa::212:7402:2:202: icmp_seq=28 ttl=62 time=390 ms
64 bytes from aaaa::212:7402:2:202: icmp_seq=30 ttl=62 time=433 ms
64 bytes from aaaa::212:7402:2:202: icmp_seq=31 ttl=62 time=805 ms
64 bytes from aaaa::212:7402:2:202: icmp_seq=32 ttl=62 time=608 ms
64 bytes from aaaa::212:7402:2:202: icmp_seq=33 ttl=62 time=1812 ms
64 bytes from aaaa::212:7402:2:202: icmp_seq=44 ttl=62 time=305 ms
64 bytes from aaaa::212:7402:2:202: icmp_seq=50 ttl=62 time=311 ms
64 bytes from aaaa::212:7402:2:202: icmp_seq=51 ttl=62 time=365 ms
64 bytes from aaaa::212:7402:2:202: icmp_seq=55 ttl=62 time=265 ms
64 bytes from aaaa::212:7402:2:202: icmp_seq=56 ttl=62 time=282 ms
64 bytes from aaaa::212:7402:2:202: icmp_seq=57 ttl=62 time=88.2 ms
64 bytes from aaaa::212:7402:2:202: icmp_seq=65 ttl=62 time=186 ms
64 bytes from aaaa::212:7402:2:202: icmp_seq=66 ttl=62 time=539 ms
64 bytes from aaaa::212:7402:2:202: icmp_seq=67 ttl=62 time=205 ms
64 bytes from aaaa::212:7402:2:202: icmp_seq=68 ttl=62 time=105 ms
64 bytes from aaaa::212:7402:2:202: icmp_seq=69 ttl=62 time=131 ms
64 bytes from aaaa::212:7402:2:202: icmp_seq=70 ttl=62 time=139 ms
64 bytes from aaaa::212:7402:2:202: icmp_seq=71 ttl=62 time=159 ms
64 bytes from aaaa::212:7402:2:202: icmp_seq=72 ttl=62 time=83.6 ms
64 bytes from aaaa::212:7402:2:202: icmp_seq=73 ttl=62 time=108 ms
64 bytes from aaaa::212:7402:2:202: icmp_seq=74 ttl=62 time=120 ms
64 bytes from aaaa::212:7402:2:202: icmp_seq=75 ttl=62 time=100 ms
64 bytes from aaaa::212:7402:2:202: icmp_seq=76 ttl=62 time=138 ms
64 bytes from aaaa::212:7402:2:202: icmp_seq=77 ttl=62 time=160 ms
64 bytes from aaaa::212:7402:2:202: icmp_seq=78 ttl=62 time=130 ms
64 bytes from aaaa::212:7402:2:202: icmp_seq=79 ttl=62 time=122 ms
64 bytes from aaaa::212:7402:2:202: icmp_seq=80 ttl=62 time=117 ms
64 bytes from aaaa::212:7402:2:202: icmp_seq=81 ttl=62 time=114 ms
64 bytes from aaaa::212:7402:2:202: icmp_seq=82 ttl=62 time=105 ms
64 bytes from aaaa::212:7402:2:202: icmp_seq=83 ttl=62 time=141 ms
64 bytes from aaaa::212:7402:2:202: icmp_seq=84 ttl=62 time=121 ms
64 bytes from aaaa::212:7402:2:202: icmp_seq=85 ttl=62 time=124 ms
64 bytes from aaaa::212:7402:2:202: icmp_seq=86 ttl=62 time=114 ms
64 bytes from aaaa::212:7402:2:202: icmp_seq=87 ttl=62 time=155 ms
64 bytes from aaaa::212:7402:2:202: icmp_seq=88 ttl=62 time=109 ms
64 bytes from aaaa::212:7402:2:202: icmp_seq=89 ttl=62 time=97.2 ms
64 bytes from aaaa::212:7402:2:202: icmp_seq=90 ttl=62 time=143 ms
64 bytes from aaaa::212:7402:2:202: icmp_seq=91 ttl=62 time=147 ms
64 bytes from aaaa::212:7402:2:202: icmp_seq=92 ttl=62 time=118 ms
64 bytes from aaaa::212:7402:2:202: icmp_seq=93 ttl=62 time=118 ms
64 bytes from aaaa::212:7402:2:202: icmp_seq=94 ttl=62 time=354 ms
64 bytes from aaaa::212:7402:2:202: icmp_seq=95 ttl=62 time=129 ms
64 bytes from aaaa::212:7402:2:202: icmp_seq=96 ttl=62 time=189 ms
64 bytes from aaaa::212:7402:2:202: icmp_seq=97 ttl=62 time=94.2 ms
64 bytes from aaaa::212:7402:2:202: icmp_seq=98 ttl=62 time=181 ms
64 bytes from aaaa::212:7402:2:202: icmp_seq=99 ttl=62 time=325 ms
64 bytes from aaaa::212:7402:2:202: icmp_seq=100 ttl=62 time=173 ms
64 bytes from aaaa::212:7402:2:202: icmp_seq=101 ttl=62 time=133 ms
64 bytes from aaaa::212:7402:2:202: icmp_seq=102 ttl=62 time=109 ms
64 bytes from aaaa::212:7402:2:202: icmp_seq=103 ttl=62 time=158 ms
64 bytes from aaaa::212:7402:2:202: icmp_seq=104 ttl=62 time=146 ms
64 bytes from aaaa::212:7402:2:202: icmp_seq=105 ttl=62 time=161 ms
64 bytes from aaaa::212:7402:2:202: icmp_seq=106 ttl=62 time=130 ms
64 bytes from aaaa::212:7402:2:202: icmp_seq=107 ttl=62 time=122 ms
64 bytes from aaaa::212:7402:2:202: icmp_seq=108 ttl=62 time=155 ms
64 bytes from aaaa::212:7402:2:202: icmp_seq=109 ttl=62 time=118 ms
64 bytes from aaaa::212:7402:2:202: icmp_seq=110 ttl=62 time=198 ms
64 bytes from aaaa::212:7402:2:202: icmp_seq=111 ttl=62 time=129 ms
64 bytes from aaaa::212:7402:2:202: icmp_seq=112 ttl=62 time=122 ms
64 bytes from aaaa::212:7402:2:202: icmp_seq=113 ttl=62 time=227 ms
64 bytes from aaaa::212:7402:2:202: icmp_seq=114 ttl=62 time=177 ms
64 bytes from aaaa::212:7402:2:202: icmp_seq=115 ttl=62 time=397 ms
64 bytes from aaaa::212:7402:2:202: icmp_seq=116 ttl=62 time=822 ms
64 bytes from aaaa::212:7402:2:202: icmp_seq=117 ttl=62 time=238 ms
64 bytes from aaaa::212:7402:2:202: icmp_seq=118 ttl=62 time=171 ms
64 bytes from aaaa::212:7402:2:202: icmp_seq=119 ttl=62 time=298 ms
64 bytes from aaaa::212:7402:2:202: icmp_seq=120 ttl=62 time=118 ms
64 bytes from aaaa::212:7402:2:202: icmp_seq=121 ttl=62 time=236 ms
64 bytes from aaaa::212:7402:2:202: icmp_seq=122 ttl=62 time=245 ms
64 bytes from aaaa::212:7402:2:202: icmp_seq=123 ttl=62 time=220 ms
64 bytes from aaaa::212:7402:2:202: icmp_seq=124 ttl=62 time=94.7 ms
64 bytes from aaaa::212:7402:2:202: icmp_seq=125 ttl=62 time=135 ms
64 bytes from aaaa::212:7402:2:202: icmp_seq=126 ttl=62 time=129 ms
64 bytes from aaaa::212:7402:2:202: icmp_seq=127 ttl=62 time=150 ms
64 bytes from aaaa::212:7402:2:202: icmp_seq=128 ttl=62 time=121 ms
64 bytes from aaaa::212:7402:2:202: icmp_seq=129 ttl=62 time=100 ms
64 bytes from aaaa::212:7402:2:202: icmp_seq=130 ttl=62 time=133 ms
64 bytes from aaaa::212:7402:2:202: icmp_seq=131 ttl=62 time=144 ms
64 bytes from aaaa::212:7402:2:202: icmp_seq=132 ttl=62 time=111 ms
64 bytes from aaaa::212:7402:2:202: icmp_seq=133 ttl=62 time=162 ms
64 bytes from aaaa::212:7402:2:202: icmp_seq=134 ttl=62 time=299 ms
64 bytes from aaaa::212:7402:2:202: icmp_seq=135 ttl=62 time=453 ms
64 bytes from aaaa::212:7402:2:202: icmp_seq=136 ttl=62 time=190 ms
64 bytes from aaaa::212:7402:2:202: icmp_seq=137 ttl=62 time=109 ms
64 bytes from aaaa::212:7402:2:202: icmp_seq=138 ttl=62 time=236 ms
64 bytes from aaaa::212:7402:2:202: icmp_seq=139 ttl=62 time=190 ms
64 bytes from aaaa::212:7402:2:202: icmp_seq=140 ttl=62 time=82.9 ms
64 bytes from aaaa::212:7402:2:202: icmp_seq=141 ttl=62 time=150 ms
64 bytes from aaaa::212:7402:2:202: icmp_seq=142 ttl=62 time=88.3 ms
64 bytes from aaaa::212:7402:2:202: icmp_seq=143 ttl=62 time=139 ms
64 bytes from aaaa::212:7402:2:202: icmp_seq=144 ttl=62 time=101 ms
64 bytes from aaaa::212:7402:2:202: icmp_seq=145 ttl=62 time=121 ms
64 bytes from aaaa::212:7402:2:202: icmp_seq=146 ttl=62 time=153 ms
64 bytes from aaaa::212:7402:2:202: icmp_seq=147 ttl=62 time=147 ms
64 bytes from aaaa::212:7402:2:202: icmp_seq=148 ttl=62 time=160 ms
64 bytes from aaaa::212:7402:2:202: icmp_seq=149 ttl=62 time=141 ms
64 bytes from aaaa::212:7402:2:202: icmp_seq=150 ttl=62 time=241 ms
64 bytes from aaaa::212:7402:2:202: icmp_seq=151 ttl=62 time=168 ms
64 bytes from aaaa::212:7402:2:202: icmp_seq=152 ttl=62 time=139 ms
64 bytes from aaaa::212:7402:2:202: icmp_seq=153 ttl=62 time=123 ms
64 bytes from aaaa::212:7402:2:202: icmp_seq=154 ttl=62 time=98.2 ms
64 bytes from aaaa::212:7402:2:202: icmp_seq=155 ttl=62 time=111 ms
64 bytes from aaaa::212:7402:2:202: icmp_seq=156 ttl=62 time=86.7 ms
64 bytes from aaaa::212:7402:2:202: icmp_seq=157 ttl=62 time=88.5 ms
64 bytes from aaaa::212:7402:2:202: icmp_seq=158 ttl=62 time=133 ms
64 bytes from aaaa::212:7402:2:202: icmp_seq=159 ttl=62 time=118 ms
64 bytes from aaaa::212:7402:2:202: icmp_seq=160 ttl=62 time=136 ms
64 bytes from aaaa::212:7402:2:202: icmp_seq=161 ttl=62 time=127 ms
64 bytes from aaaa::212:7402:2:202: icmp_seq=162 ttl=62 time=115 ms
64 bytes from aaaa::212:7402:2:202: icmp_seq=163 ttl=62 time=146 ms
64 bytes from aaaa::212:7402:2:202: icmp_seq=164 ttl=62 time=171 ms
64 bytes from aaaa::212:7402:2:202: icmp_seq=165 ttl=62 time=98.7 ms
64 bytes from aaaa::212:7402:2:202: icmp_seq=166 ttl=62 time=161 ms
64 bytes from aaaa::212:7402:2:202: icmp_seq=167 ttl=62 time=250 ms
64 bytes from aaaa::212:7402:2:202: icmp_seq=168 ttl=62 time=148 ms
64 bytes from aaaa::212:7402:2:202: icmp_seq=169 ttl=62 time=109 ms
64 bytes from aaaa::212:7402:2:202: icmp_seq=171 ttl=62 time=285 ms
64 bytes from aaaa::212:7402:2:202: icmp_seq=172 ttl=62 time=1758 ms
64 bytes from aaaa::212:7402:2:202: icmp_seq=174 ttl=62 time=271 ms
64 bytes from aaaa::212:7402:2:202: icmp_seq=175 ttl=62 time=592 ms
64 bytes from aaaa::212:7402:2:202: icmp_seq=176 ttl=62 time=953 ms
64 bytes from aaaa::212:7402:2:202: icmp_seq=180 ttl=62 time=474 ms
64 bytes from aaaa::212:7402:2:202: icmp_seq=184 ttl=62 time=176 ms
64 bytes from aaaa::212:7402:2:202: icmp_seq=185 ttl=62 time=371 ms
64 bytes from aaaa::212:7402:2:202: icmp_seq=186 ttl=62 time=440 ms
64 bytes from aaaa::212:7402:2:202: icmp_seq=187 ttl=62 time=651 ms
64 bytes from aaaa::212:7402:2:202: icmp_seq=188 ttl=62 time=134 ms
64 bytes from aaaa::212:7402:2:202: icmp_seq=189 ttl=62 time=976 ms
64 bytes from aaaa::212:7402:2:202: icmp_seq=190 ttl=62 time=535 ms
64 bytes from aaaa::212:7402:2:202: icmp_seq=191 ttl=62 time=216 ms
64 bytes from aaaa::212:7402:2:202: icmp_seq=192 ttl=62 time=175 ms
64 bytes from aaaa::212:7402:2:202: icmp_seq=193 ttl=62 time=246 ms
64 bytes from aaaa::212:7402:2:202: icmp_seq=194 ttl=62 time=256 ms
64 bytes from aaaa::212:7402:2:202: icmp_seq=195 ttl=62 time=324 ms
64 bytes from aaaa::212:7402:2:202: icmp_seq=196 ttl=62 time=607 ms
64 bytes from aaaa::212:7402:2:202: icmp_seq=197 ttl=62 time=152 ms
64 bytes from aaaa::212:7402:2:202: icmp_seq=198 ttl=62 time=186 ms

--- aaaa::212:7402:2:202 ping statistics ---
200 packets transmitted, 159 received, 20% packet loss, time 1000904ms
rtt min/avg/max/mdev = 82.908/316.806/1949.728/355.260 ms
