PING aaaa::212:7410:10:1010(aaaa::212:7410:10:1010) 56 data bytes
64 bytes from aaaa::212:7410:10:1010: icmp_seq=1 ttl=59 time=3177 ms
64 bytes from aaaa::212:7410:10:1010: icmp_seq=22 ttl=59 time=2218 ms
64 bytes from aaaa::212:7410:10:1010: icmp_seq=25 ttl=59 time=4081 ms
64 bytes from aaaa::212:7410:10:1010: icmp_seq=28 ttl=59 time=2069 ms
64 bytes from aaaa::212:7410:10:1010: icmp_seq=39 ttl=59 time=901 ms
64 bytes from aaaa::212:7410:10:1010: icmp_seq=40 ttl=59 time=675 ms
64 bytes from aaaa::212:7410:10:1010: icmp_seq=42 ttl=59 time=660 ms
64 bytes from aaaa::212:7410:10:1010: icmp_seq=43 ttl=59 time=927 ms
64 bytes from aaaa::212:7410:10:1010: icmp_seq=48 ttl=59 time=373 ms
64 bytes from aaaa::212:7410:10:1010: icmp_seq=50 ttl=59 time=367 ms
64 bytes from aaaa::212:7410:10:1010: icmp_seq=53 ttl=59 time=321 ms
64 bytes from aaaa::212:7410:10:1010: icmp_seq=55 ttl=59 time=396 ms
64 bytes from aaaa::212:7410:10:1010: icmp_seq=57 ttl=59 time=363 ms
64 bytes from aaaa::212:7410:10:1010: icmp_seq=58 ttl=59 time=353 ms
64 bytes from aaaa::212:7410:10:1010: icmp_seq=59 ttl=59 time=438 ms
64 bytes from aaaa::212:7410:10:1010: icmp_seq=61 ttl=59 time=319 ms
64 bytes from aaaa::212:7410:10:1010: icmp_seq=64 ttl=59 time=492 ms
64 bytes from aaaa::212:7410:10:1010: icmp_seq=66 ttl=59 time=344 ms
64 bytes from aaaa::212:7410:10:1010: icmp_seq=68 ttl=59 time=457 ms
64 bytes from aaaa::212:7410:10:1010: icmp_seq=70 ttl=59 time=325 ms
64 bytes from aaaa::212:7410:10:1010: icmp_seq=72 ttl=59 time=294 ms
64 bytes from aaaa::212:7410:10:1010: icmp_seq=77 ttl=59 time=522 ms
64 bytes from aaaa::212:7410:10:1010: icmp_seq=81 ttl=59 time=637 ms
64 bytes from aaaa::212:7410:10:1010: icmp_seq=90 ttl=59 time=559 ms
64 bytes from aaaa::212:7410:10:1010: icmp_seq=92 ttl=59 time=677 ms
64 bytes from aaaa::212:7410:10:1010: icmp_seq=94 ttl=59 time=568 ms
64 bytes from aaaa::212:7410:10:1010: icmp_seq=98 ttl=59 time=378 ms
64 bytes from aaaa::212:7410:10:1010: icmp_seq=101 ttl=59 time=941 ms
64 bytes from aaaa::212:7410:10:1010: icmp_seq=105 ttl=59 time=673 ms
64 bytes from aaaa::212:7410:10:1010: icmp_seq=106 ttl=59 time=671 ms
64 bytes from aaaa::212:7410:10:1010: icmp_seq=107 ttl=59 time=672 ms
64 bytes from aaaa::212:7410:10:1010: icmp_seq=108 ttl=59 time=433 ms
64 bytes from aaaa::212:7410:10:1010: icmp_seq=109 ttl=59 time=572 ms
64 bytes from aaaa::212:7410:10:1010: icmp_seq=111 ttl=59 time=444 ms
64 bytes from aaaa::212:7410:10:1010: icmp_seq=113 ttl=59 time=547 ms
64 bytes from aaaa::212:7410:10:1010: icmp_seq=115 ttl=59 time=743 ms
64 bytes from aaaa::212:7410:10:1010: icmp_seq=117 ttl=59 time=968 ms
64 bytes from aaaa::212:7410:10:1010: icmp_seq=118 ttl=59 time=456 ms
64 bytes from aaaa::212:7410:10:1010: icmp_seq=120 ttl=59 time=532 ms
64 bytes from aaaa::212:7410:10:1010: icmp_seq=122 ttl=59 time=400 ms
64 bytes from aaaa::212:7410:10:1010: icmp_seq=134 ttl=59 time=701 ms
64 bytes from aaaa::212:7410:10:1010: icmp_seq=136 ttl=59 time=515 ms
64 bytes from aaaa::212:7410:10:1010: icmp_seq=138 ttl=59 time=406 ms
64 bytes from aaaa::212:7410:10:1010: icmp_seq=141 ttl=59 time=362 ms
64 bytes from aaaa::212:7410:10:1010: icmp_seq=143 ttl=59 time=382 ms
64 bytes from aaaa::212:7410:10:1010: icmp_seq=145 ttl=59 time=476 ms
64 bytes from aaaa::212:7410:10:1010: icmp_seq=150 ttl=59 time=430 ms
64 bytes from aaaa::212:7410:10:1010: icmp_seq=153 ttl=59 time=497 ms
64 bytes from aaaa::212:7410:10:1010: icmp_seq=155 ttl=59 time=699 ms
64 bytes from aaaa::212:7410:10:1010: icmp_seq=156 ttl=59 time=606 ms
64 bytes from aaaa::212:7410:10:1010: icmp_seq=158 ttl=59 time=475 ms
64 bytes from aaaa::212:7410:10:1010: icmp_seq=160 ttl=59 time=712 ms
64 bytes from aaaa::212:7410:10:1010: icmp_seq=163 ttl=59 time=767 ms
64 bytes from aaaa::212:7410:10:1010: icmp_seq=164 ttl=59 time=682 ms
64 bytes from aaaa::212:7410:10:1010: icmp_seq=165 ttl=59 time=429 ms
64 bytes from aaaa::212:7410:10:1010: icmp_seq=176 ttl=59 time=1332 ms
64 bytes from aaaa::212:7410:10:1010: icmp_seq=177 ttl=59 time=1529 ms
64 bytes from aaaa::212:7410:10:1010: icmp_seq=178 ttl=59 time=743 ms
64 bytes from aaaa::212:7410:10:1010: icmp_seq=182 ttl=59 time=468 ms
64 bytes from aaaa::212:7410:10:1010: icmp_seq=184 ttl=59 time=544 ms
64 bytes from aaaa::212:7410:10:1010: icmp_seq=185 ttl=59 time=438 ms
64 bytes from aaaa::212:7410:10:1010: icmp_seq=186 ttl=59 time=416 ms
64 bytes from aaaa::212:7410:10:1010: icmp_seq=187 ttl=59 time=444 ms
64 bytes from aaaa::212:7410:10:1010: icmp_seq=191 ttl=59 time=416 ms
64 bytes from aaaa::212:7410:10:1010: icmp_seq=193 ttl=59 time=402 ms
64 bytes from aaaa::212:7410:10:1010: icmp_seq=194 ttl=59 time=432 ms
64 bytes from aaaa::212:7410:10:1010: icmp_seq=195 ttl=59 time=384 ms
64 bytes from aaaa::212:7410:10:1010: icmp_seq=197 ttl=59 time=664 ms
64 bytes from aaaa::212:7410:10:1010: icmp_seq=199 ttl=59 time=360 ms
64 bytes from aaaa::212:7410:10:1010: icmp_seq=200 ttl=59 time=437 ms

--- aaaa::212:7410:10:1010 ping statistics ---
200 packets transmitted, 70 received, 65% packet loss, time 1015685ms
rtt min/avg/max/mdev = 294.633/687.508/4081.470/615.004 ms
