PING aaaa::212:7409:9:909(aaaa::212:7409:9:909) 56 data bytes
64 bytes from aaaa::212:7409:9:909: icmp_seq=2 ttl=61 time=1790 ms
64 bytes from aaaa::212:7409:9:909: icmp_seq=8 ttl=61 time=781 ms
64 bytes from aaaa::212:7409:9:909: icmp_seq=14 ttl=61 time=1602 ms
64 bytes from aaaa::212:7409:9:909: icmp_seq=17 ttl=61 time=1503 ms
64 bytes from aaaa::212:7409:9:909: icmp_seq=25 ttl=61 time=2527 ms
64 bytes from aaaa::212:7409:9:909: icmp_seq=26 ttl=61 time=1242 ms
64 bytes from aaaa::212:7409:9:909: icmp_seq=29 ttl=61 time=2280 ms
64 bytes from aaaa::212:7409:9:909: icmp_seq=30 ttl=61 time=1086 ms
64 bytes from aaaa::212:7409:9:909: icmp_seq=32 ttl=61 time=1536 ms
64 bytes from aaaa::212:7409:9:909: icmp_seq=33 ttl=61 time=211 ms
64 bytes from aaaa::212:7409:9:909: icmp_seq=34 ttl=61 time=211 ms
64 bytes from aaaa::212:7409:9:909: icmp_seq=35 ttl=61 time=195 ms
64 bytes from aaaa::212:7409:9:909: icmp_seq=39 ttl=61 time=411 ms
64 bytes from aaaa::212:7409:9:909: icmp_seq=40 ttl=61 time=750 ms
64 bytes from aaaa::212:7409:9:909: icmp_seq=41 ttl=61 time=615 ms
64 bytes from aaaa::212:7409:9:909: icmp_seq=42 ttl=61 time=575 ms
64 bytes from aaaa::212:7409:9:909: icmp_seq=43 ttl=61 time=410 ms
64 bytes from aaaa::212:7409:9:909: icmp_seq=44 ttl=61 time=351 ms
64 bytes from aaaa::212:7409:9:909: icmp_seq=45 ttl=61 time=461 ms
64 bytes from aaaa::212:7409:9:909: icmp_seq=46 ttl=61 time=326 ms
64 bytes from aaaa::212:7409:9:909: icmp_seq=47 ttl=61 time=476 ms
64 bytes from aaaa::212:7409:9:909: icmp_seq=48 ttl=61 time=711 ms
64 bytes from aaaa::212:7409:9:909: icmp_seq=49 ttl=61 time=285 ms
64 bytes from aaaa::212:7409:9:909: icmp_seq=51 ttl=61 time=246 ms
64 bytes from aaaa::212:7409:9:909: icmp_seq=55 ttl=61 time=262 ms
64 bytes from aaaa::212:7409:9:909: icmp_seq=56 ttl=61 time=418 ms
64 bytes from aaaa::212:7409:9:909: icmp_seq=60 ttl=61 time=230 ms
64 bytes from aaaa::212:7409:9:909: icmp_seq=64 ttl=61 time=293 ms
64 bytes from aaaa::212:7409:9:909: icmp_seq=65 ttl=61 time=645 ms
64 bytes from aaaa::212:7409:9:909: icmp_seq=67 ttl=61 time=222 ms
64 bytes from aaaa::212:7409:9:909: icmp_seq=68 ttl=61 time=211 ms
64 bytes from aaaa::212:7409:9:909: icmp_seq=75 ttl=61 time=220 ms
64 bytes from aaaa::212:7409:9:909: icmp_seq=76 ttl=61 time=266 ms
64 bytes from aaaa::212:7409:9:909: icmp_seq=77 ttl=61 time=404 ms
64 bytes from aaaa::212:7409:9:909: icmp_seq=78 ttl=61 time=363 ms
64 bytes from aaaa::212:7409:9:909: icmp_seq=79 ttl=61 time=336 ms
64 bytes from aaaa::212:7409:9:909: icmp_seq=80 ttl=61 time=219 ms
64 bytes from aaaa::212:7409:9:909: icmp_seq=81 ttl=61 time=218 ms
64 bytes from aaaa::212:7409:9:909: icmp_seq=82 ttl=61 time=921 ms
64 bytes from aaaa::212:7409:9:909: icmp_seq=83 ttl=61 time=337 ms
64 bytes from aaaa::212:7409:9:909: icmp_seq=84 ttl=61 time=291 ms
64 bytes from aaaa::212:7409:9:909: icmp_seq=85 ttl=61 time=189 ms
64 bytes from aaaa::212:7409:9:909: icmp_seq=86 ttl=61 time=208 ms
64 bytes from aaaa::212:7409:9:909: icmp_seq=87 ttl=61 time=223 ms
64 bytes from aaaa::212:7409:9:909: icmp_seq=88 ttl=61 time=244 ms
64 bytes from aaaa::212:7409:9:909: icmp_seq=89 ttl=61 time=280 ms
64 bytes from aaaa::212:7409:9:909: icmp_seq=90 ttl=61 time=227 ms
64 bytes from aaaa::212:7409:9:909: icmp_seq=91 ttl=61 time=230 ms
64 bytes from aaaa::212:7409:9:909: icmp_seq=92 ttl=61 time=271 ms
64 bytes from aaaa::212:7409:9:909: icmp_seq=93 ttl=61 time=446 ms
64 bytes from aaaa::212:7409:9:909: icmp_seq=96 ttl=61 time=239 ms
64 bytes from aaaa::212:7409:9:909: icmp_seq=97 ttl=61 time=206 ms
64 bytes from aaaa::212:7409:9:909: icmp_seq=98 ttl=61 time=272 ms
64 bytes from aaaa::212:7409:9:909: icmp_seq=99 ttl=61 time=229 ms
64 bytes from aaaa::212:7409:9:909: icmp_seq=100 ttl=61 time=232 ms
64 bytes from aaaa::212:7409:9:909: icmp_seq=101 ttl=61 time=247 ms
64 bytes from aaaa::212:7409:9:909: icmp_seq=102 ttl=61 time=208 ms
64 bytes from aaaa::212:7409:9:909: icmp_seq=103 ttl=61 time=294 ms
64 bytes from aaaa::212:7409:9:909: icmp_seq=105 ttl=61 time=240 ms
64 bytes from aaaa::212:7409:9:909: icmp_seq=106 ttl=61 time=195 ms
64 bytes from aaaa::212:7409:9:909: icmp_seq=107 ttl=61 time=252 ms
64 bytes from aaaa::212:7409:9:909: icmp_seq=108 ttl=61 time=170 ms
64 bytes from aaaa::212:7409:9:909: icmp_seq=109 ttl=61 time=336 ms
64 bytes from aaaa::212:7409:9:909: icmp_seq=111 ttl=61 time=347 ms
64 bytes from aaaa::212:7409:9:909: icmp_seq=112 ttl=61 time=231 ms
64 bytes from aaaa::212:7409:9:909: icmp_seq=113 ttl=61 time=273 ms
64 bytes from aaaa::212:7409:9:909: icmp_seq=114 ttl=61 time=200 ms
64 bytes from aaaa::212:7409:9:909: icmp_seq=115 ttl=61 time=446 ms
64 bytes from aaaa::212:7409:9:909: icmp_seq=116 ttl=61 time=1354 ms
64 bytes from aaaa::212:7409:9:909: icmp_seq=117 ttl=61 time=568 ms
64 bytes from aaaa::212:7409:9:909: icmp_seq=118 ttl=61 time=432 ms
64 bytes from aaaa::212:7409:9:909: icmp_seq=120 ttl=61 time=447 ms
64 bytes from aaaa::212:7409:9:909: icmp_seq=122 ttl=61 time=331 ms
64 bytes from aaaa::212:7409:9:909: icmp_seq=123 ttl=61 time=391 ms
64 bytes from aaaa::212:7409:9:909: icmp_seq=124 ttl=61 time=211 ms
64 bytes from aaaa::212:7409:9:909: icmp_seq=125 ttl=61 time=1096 ms
64 bytes from aaaa::212:7409:9:909: icmp_seq=126 ttl=61 time=293 ms
64 bytes from aaaa::212:7409:9:909: icmp_seq=127 ttl=61 time=378 ms
64 bytes from aaaa::212:7409:9:909: icmp_seq=128 ttl=61 time=179 ms
64 bytes from aaaa::212:7409:9:909: icmp_seq=129 ttl=61 time=278 ms
64 bytes from aaaa::212:7409:9:909: icmp_seq=130 ttl=61 time=183 ms
64 bytes from aaaa::212:7409:9:909: icmp_seq=133 ttl=61 time=373 ms
64 bytes from aaaa::212:7409:9:909: icmp_seq=134 ttl=61 time=350 ms
64 bytes from aaaa::212:7409:9:909: icmp_seq=135 ttl=61 time=348 ms
64 bytes from aaaa::212:7409:9:909: icmp_seq=136 ttl=61 time=390 ms
64 bytes from aaaa::212:7409:9:909: icmp_seq=137 ttl=61 time=365 ms
64 bytes from aaaa::212:7409:9:909: icmp_seq=138 ttl=61 time=591 ms
64 bytes from aaaa::212:7409:9:909: icmp_seq=139 ttl=61 time=222 ms
64 bytes from aaaa::212:7409:9:909: icmp_seq=140 ttl=61 time=317 ms
64 bytes from aaaa::212:7409:9:909: icmp_seq=141 ttl=61 time=351 ms
64 bytes from aaaa::212:7409:9:909: icmp_seq=142 ttl=61 time=422 ms
64 bytes from aaaa::212:7409:9:909: icmp_seq=143 ttl=61 time=277 ms
64 bytes from aaaa::212:7409:9:909: icmp_seq=144 ttl=61 time=265 ms
64 bytes from aaaa::212:7409:9:909: icmp_seq=145 ttl=61 time=243 ms
64 bytes from aaaa::212:7409:9:909: icmp_seq=146 ttl=61 time=275 ms
64 bytes from aaaa::212:7409:9:909: icmp_seq=147 ttl=61 time=294 ms
64 bytes from aaaa::212:7409:9:909: icmp_seq=148 ttl=61 time=268 ms
64 bytes from aaaa::212:7409:9:909: icmp_seq=149 ttl=61 time=347 ms
64 bytes from aaaa::212:7409:9:909: icmp_seq=150 ttl=61 time=216 ms
64 bytes from aaaa::212:7409:9:909: icmp_seq=151 ttl=61 time=427 ms
64 bytes from aaaa::212:7409:9:909: icmp_seq=152 ttl=61 time=189 ms
64 bytes from aaaa::212:7409:9:909: icmp_seq=153 ttl=61 time=163 ms
64 bytes from aaaa::212:7409:9:909: icmp_seq=154 ttl=61 time=209 ms
64 bytes from aaaa::212:7409:9:909: icmp_seq=155 ttl=61 time=402 ms
64 bytes from aaaa::212:7409:9:909: icmp_seq=156 ttl=61 time=298 ms
64 bytes from aaaa::212:7409:9:909: icmp_seq=157 ttl=61 time=221 ms
64 bytes from aaaa::212:7409:9:909: icmp_seq=158 ttl=61 time=280 ms
64 bytes from aaaa::212:7409:9:909: icmp_seq=159 ttl=61 time=184 ms
64 bytes from aaaa::212:7409:9:909: icmp_seq=160 ttl=61 time=208 ms
64 bytes from aaaa::212:7409:9:909: icmp_seq=161 ttl=61 time=198 ms
64 bytes from aaaa::212:7409:9:909: icmp_seq=162 ttl=61 time=191 ms
64 bytes from aaaa::212:7409:9:909: icmp_seq=163 ttl=61 time=209 ms
64 bytes from aaaa::212:7409:9:909: icmp_seq=164 ttl=61 time=220 ms
64 bytes from aaaa::212:7409:9:909: icmp_seq=165 ttl=61 time=233 ms
64 bytes from aaaa::212:7409:9:909: icmp_seq=166 ttl=61 time=210 ms
64 bytes from aaaa::212:7409:9:909: icmp_seq=168 ttl=61 time=255 ms
64 bytes from aaaa::212:7409:9:909: icmp_seq=169 ttl=61 time=1031 ms
64 bytes from aaaa::212:7409:9:909: icmp_seq=170 ttl=61 time=2572 ms
64 bytes from aaaa::212:7409:9:909: icmp_seq=171 ttl=61 time=1800 ms
64 bytes from aaaa::212:7409:9:909: icmp_seq=172 ttl=61 time=692 ms
64 bytes from aaaa::212:7409:9:909: icmp_seq=173 ttl=61 time=1384 ms
64 bytes from aaaa::212:7409:9:909: icmp_seq=174 ttl=61 time=1266 ms
64 bytes from aaaa::212:7409:9:909: icmp_seq=175 ttl=61 time=2829 ms
64 bytes from aaaa::212:7409:9:909: icmp_seq=176 ttl=61 time=900 ms
64 bytes from aaaa::212:7409:9:909: icmp_seq=177 ttl=61 time=964 ms
64 bytes from aaaa::212:7409:9:909: icmp_seq=178 ttl=61 time=1082 ms
64 bytes from aaaa::212:7409:9:909: icmp_seq=179 ttl=61 time=790 ms
64 bytes from aaaa::212:7409:9:909: icmp_seq=180 ttl=61 time=864 ms
64 bytes from aaaa::212:7409:9:909: icmp_seq=182 ttl=61 time=467 ms
64 bytes from aaaa::212:7409:9:909: icmp_seq=183 ttl=61 time=375 ms
64 bytes from aaaa::212:7409:9:909: icmp_seq=184 ttl=61 time=1032 ms
64 bytes from aaaa::212:7409:9:909: icmp_seq=189 ttl=61 time=306 ms
64 bytes from aaaa::212:7409:9:909: icmp_seq=193 ttl=61 time=244 ms
64 bytes from aaaa::212:7409:9:909: icmp_seq=194 ttl=61 time=1618 ms
64 bytes from aaaa::212:7409:9:909: icmp_seq=195 ttl=61 time=320 ms
64 bytes from aaaa::212:7409:9:909: icmp_seq=196 ttl=61 time=1595 ms
64 bytes from aaaa::212:7409:9:909: icmp_seq=197 ttl=61 time=384 ms
64 bytes from aaaa::212:7409:9:909: icmp_seq=198 ttl=61 time=356 ms
64 bytes from aaaa::212:7409:9:909: icmp_seq=199 ttl=61 time=442 ms
64 bytes from aaaa::212:7409:9:909: icmp_seq=200 ttl=61 time=195 ms

--- aaaa::212:7409:9:909 ping statistics ---
200 packets transmitted, 140 received, 30% packet loss, time 1003315ms
rtt min/avg/max/mdev = 163.311/522.135/2829.789/512.921 ms
