PING aaaa::212:740d:d:d0d(aaaa::212:740d:d:d0d) 56 data bytes
64 bytes from aaaa::212:740d:d:d0d: icmp_seq=1 ttl=60 time=2295 ms
64 bytes from aaaa::212:740d:d:d0d: icmp_seq=2 ttl=60 time=2571 ms
64 bytes from aaaa::212:740d:d:d0d: icmp_seq=3 ttl=60 time=860 ms
64 bytes from aaaa::212:740d:d:d0d: icmp_seq=4 ttl=60 time=732 ms
64 bytes from aaaa::212:740d:d:d0d: icmp_seq=5 ttl=60 time=2068 ms
64 bytes from aaaa::212:740d:d:d0d: icmp_seq=6 ttl=60 time=804 ms
64 bytes from aaaa::212:740d:d:d0d: icmp_seq=7 ttl=60 time=659 ms
64 bytes from aaaa::212:740d:d:d0d: icmp_seq=8 ttl=60 time=406 ms
64 bytes from aaaa::212:740d:d:d0d: icmp_seq=9 ttl=60 time=1449 ms
64 bytes from aaaa::212:740d:d:d0d: icmp_seq=10 ttl=60 time=1281 ms
64 bytes from aaaa::212:740d:d:d0d: icmp_seq=12 ttl=60 time=880 ms
64 bytes from aaaa::212:740d:d:d0d: icmp_seq=14 ttl=60 time=923 ms
64 bytes from aaaa::212:740d:d:d0d: icmp_seq=15 ttl=60 time=1607 ms
64 bytes from aaaa::212:740d:d:d0d: icmp_seq=33 ttl=60 time=370 ms
64 bytes from aaaa::212:740d:d:d0d: icmp_seq=38 ttl=60 time=255 ms
64 bytes from aaaa::212:740d:d:d0d: icmp_seq=41 ttl=60 time=267 ms
64 bytes from aaaa::212:740d:d:d0d: icmp_seq=42 ttl=60 time=300 ms
64 bytes from aaaa::212:740d:d:d0d: icmp_seq=45 ttl=60 time=366 ms
64 bytes from aaaa::212:740d:d:d0d: icmp_seq=46 ttl=60 time=297 ms
64 bytes from aaaa::212:740d:d:d0d: icmp_seq=58 ttl=60 time=329 ms
64 bytes from aaaa::212:740d:d:d0d: icmp_seq=60 ttl=60 time=290 ms
64 bytes from aaaa::212:740d:d:d0d: icmp_seq=64 ttl=60 time=672 ms
64 bytes from aaaa::212:740d:d:d0d: icmp_seq=65 ttl=60 time=272 ms
64 bytes from aaaa::212:740d:d:d0d: icmp_seq=71 ttl=60 time=330 ms
64 bytes from aaaa::212:740d:d:d0d: icmp_seq=72 ttl=60 time=365 ms
64 bytes from aaaa::212:740d:d:d0d: icmp_seq=73 ttl=60 time=206 ms
64 bytes from aaaa::212:740d:d:d0d: icmp_seq=74 ttl=60 time=331 ms
64 bytes from aaaa::212:740d:d:d0d: icmp_seq=75 ttl=60 time=605 ms
64 bytes from aaaa::212:740d:d:d0d: icmp_seq=76 ttl=60 time=592 ms
64 bytes from aaaa::212:740d:d:d0d: icmp_seq=78 ttl=60 time=1021 ms
64 bytes from aaaa::212:740d:d:d0d: icmp_seq=81 ttl=60 time=885 ms
64 bytes from aaaa::212:740d:d:d0d: icmp_seq=83 ttl=60 time=530 ms
64 bytes from aaaa::212:740d:d:d0d: icmp_seq=91 ttl=60 time=454 ms
64 bytes from aaaa::212:740d:d:d0d: icmp_seq=93 ttl=60 time=850 ms
64 bytes from aaaa::212:740d:d:d0d: icmp_seq=95 ttl=60 time=291 ms
64 bytes from aaaa::212:740d:d:d0d: icmp_seq=96 ttl=60 time=568 ms
64 bytes from aaaa::212:740d:d:d0d: icmp_seq=97 ttl=60 time=397 ms
64 bytes from aaaa::212:740d:d:d0d: icmp_seq=98 ttl=60 time=288 ms
64 bytes from aaaa::212:740d:d:d0d: icmp_seq=99 ttl=60 time=235 ms
64 bytes from aaaa::212:740d:d:d0d: icmp_seq=100 ttl=60 time=435 ms
64 bytes from aaaa::212:740d:d:d0d: icmp_seq=101 ttl=60 time=290 ms
64 bytes from aaaa::212:740d:d:d0d: icmp_seq=102 ttl=60 time=318 ms
64 bytes from aaaa::212:740d:d:d0d: icmp_seq=103 ttl=60 time=283 ms
64 bytes from aaaa::212:740d:d:d0d: icmp_seq=104 ttl=60 time=357 ms
64 bytes from aaaa::212:740d:d:d0d: icmp_seq=105 ttl=60 time=279 ms
64 bytes from aaaa::212:740d:d:d0d: icmp_seq=106 ttl=60 time=245 ms
64 bytes from aaaa::212:740d:d:d0d: icmp_seq=108 ttl=60 time=351 ms
64 bytes from aaaa::212:740d:d:d0d: icmp_seq=109 ttl=60 time=244 ms
64 bytes from aaaa::212:740d:d:d0d: icmp_seq=110 ttl=60 time=325 ms
64 bytes from aaaa::212:740d:d:d0d: icmp_seq=111 ttl=60 time=312 ms
64 bytes from aaaa::212:740d:d:d0d: icmp_seq=112 ttl=60 time=437 ms
64 bytes from aaaa::212:740d:d:d0d: icmp_seq=113 ttl=60 time=905 ms
64 bytes from aaaa::212:740d:d:d0d: icmp_seq=114 ttl=60 time=322 ms
64 bytes from aaaa::212:740d:d:d0d: icmp_seq=115 ttl=60 time=744 ms
64 bytes from aaaa::212:740d:d:d0d: icmp_seq=116 ttl=60 time=441 ms
64 bytes from aaaa::212:740d:d:d0d: icmp_seq=117 ttl=60 time=410 ms
64 bytes from aaaa::212:740d:d:d0d: icmp_seq=118 ttl=60 time=430 ms
64 bytes from aaaa::212:740d:d:d0d: icmp_seq=119 ttl=60 time=612 ms
64 bytes from aaaa::212:740d:d:d0d: icmp_seq=120 ttl=60 time=511 ms
64 bytes from aaaa::212:740d:d:d0d: icmp_seq=121 ttl=60 time=253 ms
64 bytes from aaaa::212:740d:d:d0d: icmp_seq=122 ttl=60 time=308 ms
64 bytes from aaaa::212:740d:d:d0d: icmp_seq=123 ttl=60 time=388 ms
64 bytes from aaaa::212:740d:d:d0d: icmp_seq=124 ttl=60 time=256 ms
64 bytes from aaaa::212:740d:d:d0d: icmp_seq=125 ttl=60 time=278 ms
64 bytes from aaaa::212:740d:d:d0d: icmp_seq=127 ttl=60 time=219 ms
64 bytes from aaaa::212:740d:d:d0d: icmp_seq=129 ttl=60 time=294 ms
64 bytes from aaaa::212:740d:d:d0d: icmp_seq=130 ttl=60 time=375 ms
64 bytes from aaaa::212:740d:d:d0d: icmp_seq=131 ttl=60 time=434 ms
64 bytes from aaaa::212:740d:d:d0d: icmp_seq=132 ttl=60 time=460 ms
64 bytes from aaaa::212:740d:d:d0d: icmp_seq=133 ttl=60 time=361 ms
64 bytes from aaaa::212:740d:d:d0d: icmp_seq=134 ttl=60 time=290 ms
64 bytes from aaaa::212:740d:d:d0d: icmp_seq=135 ttl=60 time=353 ms
64 bytes from aaaa::212:740d:d:d0d: icmp_seq=136 ttl=60 time=313 ms
64 bytes from aaaa::212:740d:d:d0d: icmp_seq=138 ttl=60 time=266 ms
64 bytes from aaaa::212:740d:d:d0d: icmp_seq=139 ttl=60 time=380 ms
64 bytes from aaaa::212:740d:d:d0d: icmp_seq=140 ttl=60 time=303 ms
64 bytes from aaaa::212:740d:d:d0d: icmp_seq=141 ttl=60 time=284 ms
64 bytes from aaaa::212:740d:d:d0d: icmp_seq=142 ttl=60 time=403 ms
64 bytes from aaaa::212:740d:d:d0d: icmp_seq=143 ttl=60 time=261 ms
64 bytes from aaaa::212:740d:d:d0d: icmp_seq=144 ttl=60 time=206 ms
64 bytes from aaaa::212:740d:d:d0d: icmp_seq=145 ttl=60 time=211 ms
64 bytes from aaaa::212:740d:d:d0d: icmp_seq=146 ttl=60 time=244 ms
64 bytes from aaaa::212:740d:d:d0d: icmp_seq=147 ttl=60 time=432 ms
64 bytes from aaaa::212:740d:d:d0d: icmp_seq=148 ttl=60 time=258 ms
64 bytes from aaaa::212:740d:d:d0d: icmp_seq=149 ttl=60 time=461 ms
64 bytes from aaaa::212:740d:d:d0d: icmp_seq=150 ttl=60 time=468 ms
64 bytes from aaaa::212:740d:d:d0d: icmp_seq=153 ttl=60 time=685 ms
64 bytes from aaaa::212:740d:d:d0d: icmp_seq=154 ttl=60 time=703 ms
64 bytes from aaaa::212:740d:d:d0d: icmp_seq=155 ttl=60 time=296 ms
64 bytes from aaaa::212:740d:d:d0d: icmp_seq=156 ttl=60 time=255 ms
64 bytes from aaaa::212:740d:d:d0d: icmp_seq=157 ttl=60 time=288 ms
64 bytes from aaaa::212:740d:d:d0d: icmp_seq=158 ttl=60 time=316 ms
64 bytes from aaaa::212:740d:d:d0d: icmp_seq=159 ttl=60 time=290 ms
64 bytes from aaaa::212:740d:d:d0d: icmp_seq=160 ttl=60 time=370 ms
64 bytes from aaaa::212:740d:d:d0d: icmp_seq=161 ttl=60 time=283 ms
64 bytes from aaaa::212:740d:d:d0d: icmp_seq=162 ttl=60 time=339 ms
64 bytes from aaaa::212:740d:d:d0d: icmp_seq=163 ttl=60 time=530 ms
64 bytes from aaaa::212:740d:d:d0d: icmp_seq=164 ttl=60 time=489 ms
64 bytes from aaaa::212:740d:d:d0d: icmp_seq=167 ttl=60 time=347 ms
64 bytes from aaaa::212:740d:d:d0d: icmp_seq=168 ttl=60 time=514 ms
64 bytes from aaaa::212:740d:d:d0d: icmp_seq=170 ttl=60 time=3132 ms
64 bytes from aaaa::212:740d:d:d0d: icmp_seq=171 ttl=60 time=702 ms
64 bytes from aaaa::212:740d:d:d0d: icmp_seq=172 ttl=60 time=931 ms
64 bytes from aaaa::212:740d:d:d0d: icmp_seq=174 ttl=60 time=1073 ms
64 bytes from aaaa::212:740d:d:d0d: icmp_seq=175 ttl=60 time=757 ms
64 bytes from aaaa::212:740d:d:d0d: icmp_seq=176 ttl=60 time=838 ms
64 bytes from aaaa::212:740d:d:d0d: icmp_seq=177 ttl=60 time=1027 ms
64 bytes from aaaa::212:740d:d:d0d: icmp_seq=178 ttl=60 time=692 ms
64 bytes from aaaa::212:740d:d:d0d: icmp_seq=179 ttl=60 time=716 ms
64 bytes from aaaa::212:740d:d:d0d: icmp_seq=180 ttl=60 time=413 ms
64 bytes from aaaa::212:740d:d:d0d: icmp_seq=181 ttl=60 time=365 ms
64 bytes from aaaa::212:740d:d:d0d: icmp_seq=182 ttl=60 time=402 ms
64 bytes from aaaa::212:740d:d:d0d: icmp_seq=183 ttl=60 time=523 ms
64 bytes from aaaa::212:740d:d:d0d: icmp_seq=184 ttl=60 time=853 ms
64 bytes from aaaa::212:740d:d:d0d: icmp_seq=185 ttl=60 time=395 ms
64 bytes from aaaa::212:740d:d:d0d: icmp_seq=186 ttl=60 time=518 ms
64 bytes from aaaa::212:740d:d:d0d: icmp_seq=187 ttl=60 time=450 ms
64 bytes from aaaa::212:740d:d:d0d: icmp_seq=188 ttl=60 time=474 ms
64 bytes from aaaa::212:740d:d:d0d: icmp_seq=189 ttl=60 time=368 ms
64 bytes from aaaa::212:740d:d:d0d: icmp_seq=191 ttl=60 time=538 ms
64 bytes from aaaa::212:740d:d:d0d: icmp_seq=192 ttl=60 time=446 ms
64 bytes from aaaa::212:740d:d:d0d: icmp_seq=193 ttl=60 time=729 ms
64 bytes from aaaa::212:740d:d:d0d: icmp_seq=194 ttl=60 time=552 ms
64 bytes from aaaa::212:740d:d:d0d: icmp_seq=195 ttl=60 time=699 ms
64 bytes from aaaa::212:740d:d:d0d: icmp_seq=196 ttl=60 time=408 ms
64 bytes from aaaa::212:740d:d:d0d: icmp_seq=197 ttl=60 time=586 ms
64 bytes from aaaa::212:740d:d:d0d: icmp_seq=198 ttl=60 time=301 ms
64 bytes from aaaa::212:740d:d:d0d: icmp_seq=200 ttl=60 time=360 ms

--- aaaa::212:740d:d:d0d ping statistics ---
200 packets transmitted, 128 received, 36% packet loss, time 1005497ms
rtt min/avg/max/mdev = 206.372/546.267/3132.216/440.788 ms
