PING aaaa::212:7403:3:303(aaaa::212:7403:3:303) 56 data bytes
64 bytes from aaaa::212:7403:3:303: icmp_seq=1 ttl=63 time=90.9 ms
64 bytes from aaaa::212:7403:3:303: icmp_seq=2 ttl=63 time=167 ms
64 bytes from aaaa::212:7403:3:303: icmp_seq=3 ttl=63 time=42.9 ms
64 bytes from aaaa::212:7403:3:303: icmp_seq=4 ttl=63 time=214 ms
64 bytes from aaaa::212:7403:3:303: icmp_seq=5 ttl=63 time=122 ms
64 bytes from aaaa::212:7403:3:303: icmp_seq=6 ttl=63 time=46.6 ms
64 bytes from aaaa::212:7403:3:303: icmp_seq=7 ttl=63 time=69.2 ms
64 bytes from aaaa::212:7403:3:303: icmp_seq=8 ttl=63 time=401 ms
64 bytes from aaaa::212:7403:3:303: icmp_seq=9 ttl=63 time=106 ms
64 bytes from aaaa::212:7403:3:303: icmp_seq=10 ttl=63 time=85.6 ms
64 bytes from aaaa::212:7403:3:303: icmp_seq=11 ttl=63 time=75.9 ms
64 bytes from aaaa::212:7403:3:303: icmp_seq=12 ttl=63 time=66.4 ms
64 bytes from aaaa::212:7403:3:303: icmp_seq=13 ttl=63 time=77.5 ms
64 bytes from aaaa::212:7403:3:303: icmp_seq=14 ttl=63 time=418 ms
64 bytes from aaaa::212:7403:3:303: icmp_seq=15 ttl=63 time=229 ms
64 bytes from aaaa::212:7403:3:303: icmp_seq=16 ttl=63 time=125 ms
64 bytes from aaaa::212:7403:3:303: icmp_seq=17 ttl=63 time=168 ms
64 bytes from aaaa::212:7403:3:303: icmp_seq=18 ttl=63 time=66.0 ms
64 bytes from aaaa::212:7403:3:303: icmp_seq=19 ttl=63 time=285 ms
64 bytes from aaaa::212:7403:3:303: icmp_seq=20 ttl=63 time=90.6 ms
64 bytes from aaaa::212:7403:3:303: icmp_seq=21 ttl=63 time=132 ms
64 bytes from aaaa::212:7403:3:303: icmp_seq=22 ttl=63 time=50.8 ms
64 bytes from aaaa::212:7403:3:303: icmp_seq=23 ttl=63 time=131 ms
64 bytes from aaaa::212:7403:3:303: icmp_seq=24 ttl=63 time=191 ms
64 bytes from aaaa::212:7403:3:303: icmp_seq=25 ttl=63 time=88.0 ms
64 bytes from aaaa::212:7403:3:303: icmp_seq=26 ttl=63 time=127 ms
64 bytes from aaaa::212:7403:3:303: icmp_seq=27 ttl=63 time=58.6 ms
64 bytes from aaaa::212:7403:3:303: icmp_seq=28 ttl=63 time=146 ms
64 bytes from aaaa::212:7403:3:303: icmp_seq=29 ttl=63 time=50.1 ms
64 bytes from aaaa::212:7403:3:303: icmp_seq=30 ttl=63 time=176 ms
64 bytes from aaaa::212:7403:3:303: icmp_seq=31 ttl=63 time=49.0 ms
64 bytes from aaaa::212:7403:3:303: icmp_seq=32 ttl=63 time=54.7 ms
64 bytes from aaaa::212:7403:3:303: icmp_seq=33 ttl=63 time=47.1 ms
64 bytes from aaaa::212:7403:3:303: icmp_seq=34 ttl=63 time=161 ms
64 bytes from aaaa::212:7403:3:303: icmp_seq=35 ttl=63 time=156 ms
64 bytes from aaaa::212:7403:3:303: icmp_seq=36 ttl=63 time=62.4 ms
64 bytes from aaaa::212:7403:3:303: icmp_seq=37 ttl=63 time=149 ms
64 bytes from aaaa::212:7403:3:303: icmp_seq=38 ttl=63 time=231 ms
64 bytes from aaaa::212:7403:3:303: icmp_seq=39 ttl=63 time=66.4 ms
64 bytes from aaaa::212:7403:3:303: icmp_seq=40 ttl=63 time=60.9 ms
64 bytes from aaaa::212:7403:3:303: icmp_seq=41 ttl=63 time=218 ms
64 bytes from aaaa::212:7403:3:303: icmp_seq=42 ttl=63 time=180 ms
64 bytes from aaaa::212:7403:3:303: icmp_seq=43 ttl=63 time=92.0 ms
64 bytes from aaaa::212:7403:3:303: icmp_seq=44 ttl=63 time=151 ms
64 bytes from aaaa::212:7403:3:303: icmp_seq=45 ttl=63 time=51.5 ms
64 bytes from aaaa::212:7403:3:303: icmp_seq=46 ttl=63 time=67.9 ms
64 bytes from aaaa::212:7403:3:303: icmp_seq=47 ttl=63 time=248 ms
64 bytes from aaaa::212:7403:3:303: icmp_seq=48 ttl=63 time=157 ms
64 bytes from aaaa::212:7403:3:303: icmp_seq=49 ttl=63 time=303 ms
64 bytes from aaaa::212:7403:3:303: icmp_seq=50 ttl=63 time=139 ms
64 bytes from aaaa::212:7403:3:303: icmp_seq=51 ttl=63 time=206 ms
64 bytes from aaaa::212:7403:3:303: icmp_seq=52 ttl=63 time=211 ms
64 bytes from aaaa::212:7403:3:303: icmp_seq=53 ttl=63 time=113 ms
64 bytes from aaaa::212:7403:3:303: icmp_seq=54 ttl=63 time=118 ms
64 bytes from aaaa::212:7403:3:303: icmp_seq=55 ttl=63 time=69.9 ms
64 bytes from aaaa::212:7403:3:303: icmp_seq=56 ttl=63 time=159 ms
64 bytes from aaaa::212:7403:3:303: icmp_seq=57 ttl=63 time=260 ms
64 bytes from aaaa::212:7403:3:303: icmp_seq=58 ttl=63 time=57.2 ms
64 bytes from aaaa::212:7403:3:303: icmp_seq=59 ttl=63 time=102 ms
64 bytes from aaaa::212:7403:3:303: icmp_seq=60 ttl=63 time=135 ms
64 bytes from aaaa::212:7403:3:303: icmp_seq=61 ttl=63 time=87.8 ms
64 bytes from aaaa::212:7403:3:303: icmp_seq=62 ttl=63 time=147 ms
64 bytes from aaaa::212:7403:3:303: icmp_seq=63 ttl=63 time=80.5 ms
64 bytes from aaaa::212:7403:3:303: icmp_seq=64 ttl=63 time=102 ms
64 bytes from aaaa::212:7403:3:303: icmp_seq=65 ttl=63 time=150 ms
64 bytes from aaaa::212:7403:3:303: icmp_seq=66 ttl=63 time=70.9 ms
64 bytes from aaaa::212:7403:3:303: icmp_seq=67 ttl=63 time=250 ms
64 bytes from aaaa::212:7403:3:303: icmp_seq=68 ttl=63 time=66.1 ms
64 bytes from aaaa::212:7403:3:303: icmp_seq=69 ttl=63 time=204 ms
64 bytes from aaaa::212:7403:3:303: icmp_seq=70 ttl=63 time=65.0 ms
64 bytes from aaaa::212:7403:3:303: icmp_seq=71 ttl=63 time=237 ms
64 bytes from aaaa::212:7403:3:303: icmp_seq=72 ttl=63 time=46.7 ms
64 bytes from aaaa::212:7403:3:303: icmp_seq=73 ttl=63 time=44.5 ms
64 bytes from aaaa::212:7403:3:303: icmp_seq=74 ttl=63 time=132 ms
64 bytes from aaaa::212:7403:3:303: icmp_seq=75 ttl=63 time=67.4 ms
64 bytes from aaaa::212:7403:3:303: icmp_seq=76 ttl=63 time=163 ms
64 bytes from aaaa::212:7403:3:303: icmp_seq=77 ttl=63 time=52.9 ms
64 bytes from aaaa::212:7403:3:303: icmp_seq=78 ttl=63 time=184 ms
64 bytes from aaaa::212:7403:3:303: icmp_seq=79 ttl=63 time=59.9 ms
64 bytes from aaaa::212:7403:3:303: icmp_seq=80 ttl=63 time=171 ms
64 bytes from aaaa::212:7403:3:303: icmp_seq=81 ttl=63 time=58.3 ms
64 bytes from aaaa::212:7403:3:303: icmp_seq=82 ttl=63 time=143 ms
64 bytes from aaaa::212:7403:3:303: icmp_seq=83 ttl=63 time=57.7 ms
64 bytes from aaaa::212:7403:3:303: icmp_seq=85 ttl=63 time=87.7 ms
64 bytes from aaaa::212:7403:3:303: icmp_seq=86 ttl=63 time=77.0 ms
64 bytes from aaaa::212:7403:3:303: icmp_seq=87 ttl=63 time=42.3 ms
64 bytes from aaaa::212:7403:3:303: icmp_seq=88 ttl=63 time=49.9 ms
64 bytes from aaaa::212:7403:3:303: icmp_seq=89 ttl=63 time=57.1 ms
64 bytes from aaaa::212:7403:3:303: icmp_seq=90 ttl=63 time=82.2 ms
64 bytes from aaaa::212:7403:3:303: icmp_seq=91 ttl=63 time=60.8 ms
64 bytes from aaaa::212:7403:3:303: icmp_seq=92 ttl=63 time=72.5 ms
64 bytes from aaaa::212:7403:3:303: icmp_seq=93 ttl=63 time=67.0 ms
64 bytes from aaaa::212:7403:3:303: icmp_seq=94 ttl=63 time=80.0 ms
64 bytes from aaaa::212:7403:3:303: icmp_seq=95 ttl=63 time=41.9 ms
64 bytes from aaaa::212:7403:3:303: icmp_seq=96 ttl=63 time=65.7 ms
64 bytes from aaaa::212:7403:3:303: icmp_seq=97 ttl=63 time=63.9 ms
64 bytes from aaaa::212:7403:3:303: icmp_seq=98 ttl=63 time=93.0 ms
64 bytes from aaaa::212:7403:3:303: icmp_seq=99 ttl=63 time=92.3 ms
64 bytes from aaaa::212:7403:3:303: icmp_seq=100 ttl=63 time=49.7 ms
64 bytes from aaaa::212:7403:3:303: icmp_seq=101 ttl=63 time=71.6 ms
64 bytes from aaaa::212:7403:3:303: icmp_seq=102 ttl=63 time=178 ms
64 bytes from aaaa::212:7403:3:303: icmp_seq=103 ttl=63 time=138 ms
64 bytes from aaaa::212:7403:3:303: icmp_seq=104 ttl=63 time=52.2 ms
64 bytes from aaaa::212:7403:3:303: icmp_seq=105 ttl=63 time=58.8 ms
64 bytes from aaaa::212:7403:3:303: icmp_seq=106 ttl=63 time=58.2 ms
64 bytes from aaaa::212:7403:3:303: icmp_seq=107 ttl=63 time=40.0 ms
64 bytes from aaaa::212:7403:3:303: icmp_seq=108 ttl=63 time=58.3 ms
64 bytes from aaaa::212:7403:3:303: icmp_seq=109 ttl=63 time=43.5 ms
64 bytes from aaaa::212:7403:3:303: icmp_seq=110 ttl=63 time=48.7 ms
64 bytes from aaaa::212:7403:3:303: icmp_seq=111 ttl=63 time=49.4 ms
64 bytes from aaaa::212:7403:3:303: icmp_seq=112 ttl=63 time=69.2 ms
64 bytes from aaaa::212:7403:3:303: icmp_seq=113 ttl=63 time=63.6 ms
64 bytes from aaaa::212:7403:3:303: icmp_seq=114 ttl=63 time=46.2 ms
64 bytes from aaaa::212:7403:3:303: icmp_seq=115 ttl=63 time=67.7 ms
64 bytes from aaaa::212:7403:3:303: icmp_seq=116 ttl=63 time=86.1 ms
64 bytes from aaaa::212:7403:3:303: icmp_seq=117 ttl=63 time=75.0 ms
64 bytes from aaaa::212:7403:3:303: icmp_seq=118 ttl=63 time=61.8 ms
64 bytes from aaaa::212:7403:3:303: icmp_seq=119 ttl=63 time=72.2 ms
64 bytes from aaaa::212:7403:3:303: icmp_seq=120 ttl=63 time=78.9 ms
64 bytes from aaaa::212:7403:3:303: icmp_seq=121 ttl=63 time=49.8 ms
64 bytes from aaaa::212:7403:3:303: icmp_seq=122 ttl=63 time=46.3 ms
64 bytes from aaaa::212:7403:3:303: icmp_seq=123 ttl=63 time=56.7 ms
64 bytes from aaaa::212:7403:3:303: icmp_seq=124 ttl=63 time=49.5 ms
64 bytes from aaaa::212:7403:3:303: icmp_seq=125 ttl=63 time=73.1 ms
64 bytes from aaaa::212:7403:3:303: icmp_seq=126 ttl=63 time=54.1 ms
64 bytes from aaaa::212:7403:3:303: icmp_seq=127 ttl=63 time=60.1 ms
64 bytes from aaaa::212:7403:3:303: icmp_seq=128 ttl=63 time=68.3 ms
64 bytes from aaaa::212:7403:3:303: icmp_seq=129 ttl=63 time=76.6 ms
64 bytes from aaaa::212:7403:3:303: icmp_seq=130 ttl=63 time=58.1 ms
64 bytes from aaaa::212:7403:3:303: icmp_seq=131 ttl=63 time=60.6 ms
64 bytes from aaaa::212:7403:3:303: icmp_seq=132 ttl=63 time=65.9 ms
64 bytes from aaaa::212:7403:3:303: icmp_seq=133 ttl=63 time=162 ms
64 bytes from aaaa::212:7403:3:303: icmp_seq=134 ttl=63 time=114 ms
64 bytes from aaaa::212:7403:3:303: icmp_seq=135 ttl=63 time=57.9 ms
64 bytes from aaaa::212:7403:3:303: icmp_seq=136 ttl=63 time=51.3 ms
64 bytes from aaaa::212:7403:3:303: icmp_seq=137 ttl=63 time=64.8 ms
64 bytes from aaaa::212:7403:3:303: icmp_seq=138 ttl=63 time=95.2 ms
64 bytes from aaaa::212:7403:3:303: icmp_seq=139 ttl=63 time=84.7 ms
64 bytes from aaaa::212:7403:3:303: icmp_seq=140 ttl=63 time=49.1 ms
64 bytes from aaaa::212:7403:3:303: icmp_seq=141 ttl=63 time=57.0 ms
64 bytes from aaaa::212:7403:3:303: icmp_seq=142 ttl=63 time=60.3 ms
64 bytes from aaaa::212:7403:3:303: icmp_seq=143 ttl=63 time=61.8 ms
64 bytes from aaaa::212:7403:3:303: icmp_seq=144 ttl=63 time=76.6 ms
64 bytes from aaaa::212:7403:3:303: icmp_seq=145 ttl=63 time=64.4 ms
64 bytes from aaaa::212:7403:3:303: icmp_seq=146 ttl=63 time=123 ms
64 bytes from aaaa::212:7403:3:303: icmp_seq=147 ttl=63 time=58.6 ms
64 bytes from aaaa::212:7403:3:303: icmp_seq=148 ttl=63 time=109 ms
64 bytes from aaaa::212:7403:3:303: icmp_seq=149 ttl=63 time=71.5 ms
64 bytes from aaaa::212:7403:3:303: icmp_seq=150 ttl=63 time=74.5 ms
64 bytes from aaaa::212:7403:3:303: icmp_seq=151 ttl=63 time=57.5 ms
64 bytes from aaaa::212:7403:3:303: icmp_seq=152 ttl=63 time=60.0 ms
64 bytes from aaaa::212:7403:3:303: icmp_seq=153 ttl=63 time=47.0 ms
64 bytes from aaaa::212:7403:3:303: icmp_seq=154 ttl=63 time=78.1 ms
64 bytes from aaaa::212:7403:3:303: icmp_seq=155 ttl=63 time=54.7 ms
64 bytes from aaaa::212:7403:3:303: icmp_seq=156 ttl=63 time=81.1 ms
64 bytes from aaaa::212:7403:3:303: icmp_seq=157 ttl=63 time=53.1 ms
64 bytes from aaaa::212:7403:3:303: icmp_seq=158 ttl=63 time=41.3 ms
64 bytes from aaaa::212:7403:3:303: icmp_seq=159 ttl=63 time=69.3 ms
64 bytes from aaaa::212:7403:3:303: icmp_seq=160 ttl=63 time=46.4 ms
64 bytes from aaaa::212:7403:3:303: icmp_seq=161 ttl=63 time=54.6 ms
64 bytes from aaaa::212:7403:3:303: icmp_seq=162 ttl=63 time=51.0 ms
64 bytes from aaaa::212:7403:3:303: icmp_seq=163 ttl=63 time=51.8 ms
64 bytes from aaaa::212:7403:3:303: icmp_seq=164 ttl=63 time=70.1 ms
64 bytes from aaaa::212:7403:3:303: icmp_seq=165 ttl=63 time=59.1 ms
64 bytes from aaaa::212:7403:3:303: icmp_seq=166 ttl=63 time=51.0 ms
64 bytes from aaaa::212:7403:3:303: icmp_seq=167 ttl=63 time=61.2 ms
64 bytes from aaaa::212:7403:3:303: icmp_seq=168 ttl=63 time=64.9 ms
64 bytes from aaaa::212:7403:3:303: icmp_seq=169 ttl=63 time=48.4 ms
64 bytes from aaaa::212:7403:3:303: icmp_seq=170 ttl=63 time=67.3 ms
64 bytes from aaaa::212:7403:3:303: icmp_seq=171 ttl=63 time=59.6 ms
64 bytes from aaaa::212:7403:3:303: icmp_seq=172 ttl=63 time=58.1 ms
64 bytes from aaaa::212:7403:3:303: icmp_seq=173 ttl=63 time=54.6 ms
64 bytes from aaaa::212:7403:3:303: icmp_seq=174 ttl=63 time=52.5 ms
64 bytes from aaaa::212:7403:3:303: icmp_seq=175 ttl=63 time=62.5 ms
64 bytes from aaaa::212:7403:3:303: icmp_seq=176 ttl=63 time=94.7 ms
64 bytes from aaaa::212:7403:3:303: icmp_seq=177 ttl=63 time=82.0 ms
64 bytes from aaaa::212:7403:3:303: icmp_seq=178 ttl=63 time=144 ms
64 bytes from aaaa::212:7403:3:303: icmp_seq=179 ttl=63 time=94.0 ms
64 bytes from aaaa::212:7403:3:303: icmp_seq=180 ttl=63 time=48.9 ms
64 bytes from aaaa::212:7403:3:303: icmp_seq=181 ttl=63 time=147 ms
64 bytes from aaaa::212:7403:3:303: icmp_seq=183 ttl=63 time=41.9 ms
64 bytes from aaaa::212:7403:3:303: icmp_seq=184 ttl=63 time=398 ms
64 bytes from aaaa::212:7403:3:303: icmp_seq=185 ttl=63 time=137 ms
64 bytes from aaaa::212:7403:3:303: icmp_seq=186 ttl=63 time=54.5 ms
64 bytes from aaaa::212:7403:3:303: icmp_seq=187 ttl=63 time=131 ms
64 bytes from aaaa::212:7403:3:303: icmp_seq=188 ttl=63 time=44.0 ms
64 bytes from aaaa::212:7403:3:303: icmp_seq=189 ttl=63 time=56.3 ms
64 bytes from aaaa::212:7403:3:303: icmp_seq=190 ttl=63 time=86.7 ms
64 bytes from aaaa::212:7403:3:303: icmp_seq=191 ttl=63 time=191 ms
64 bytes from aaaa::212:7403:3:303: icmp_seq=192 ttl=63 time=103 ms
64 bytes from aaaa::212:7403:3:303: icmp_seq=193 ttl=63 time=172 ms
64 bytes from aaaa::212:7403:3:303: icmp_seq=194 ttl=63 time=305 ms
64 bytes from aaaa::212:7403:3:303: icmp_seq=195 ttl=63 time=320 ms
64 bytes from aaaa::212:7403:3:303: icmp_seq=196 ttl=63 time=160 ms
64 bytes from aaaa::212:7403:3:303: icmp_seq=197 ttl=63 time=280 ms
64 bytes from aaaa::212:7403:3:303: icmp_seq=198 ttl=63 time=232 ms
64 bytes from aaaa::212:7403:3:303: icmp_seq=199 ttl=63 time=141 ms
64 bytes from aaaa::212:7403:3:303: icmp_seq=200 ttl=63 time=117 ms

--- aaaa::212:7403:3:303 ping statistics ---
200 packets transmitted, 198 received, 1% packet loss, time 996260ms
rtt min/avg/max/mdev = 40.025/103.745/418.087/71.168 ms
