PING aaaa::212:740c:c:c0c(aaaa::212:740c:c:c0c) 56 data bytes
64 bytes from aaaa::212:740c:c:c0c: icmp_seq=1 ttl=61 time=376 ms
64 bytes from aaaa::212:740c:c:c0c: icmp_seq=3 ttl=61 time=812 ms
64 bytes from aaaa::212:740c:c:c0c: icmp_seq=4 ttl=61 time=244 ms
64 bytes from aaaa::212:740c:c:c0c: icmp_seq=5 ttl=61 time=227 ms
64 bytes from aaaa::212:740c:c:c0c: icmp_seq=6 ttl=61 time=468 ms
64 bytes from aaaa::212:740c:c:c0c: icmp_seq=7 ttl=61 time=185 ms
64 bytes from aaaa::212:740c:c:c0c: icmp_seq=8 ttl=61 time=197 ms
64 bytes from aaaa::212:740c:c:c0c: icmp_seq=9 ttl=61 time=326 ms
64 bytes from aaaa::212:740c:c:c0c: icmp_seq=10 ttl=61 time=265 ms
64 bytes from aaaa::212:740c:c:c0c: icmp_seq=11 ttl=61 time=236 ms
64 bytes from aaaa::212:740c:c:c0c: icmp_seq=12 ttl=61 time=187 ms
64 bytes from aaaa::212:740c:c:c0c: icmp_seq=13 ttl=61 time=215 ms
64 bytes from aaaa::212:740c:c:c0c: icmp_seq=14 ttl=61 time=220 ms
64 bytes from aaaa::212:740c:c:c0c: icmp_seq=15 ttl=61 time=208 ms
64 bytes from aaaa::212:740c:c:c0c: icmp_seq=16 ttl=61 time=226 ms
64 bytes from aaaa::212:740c:c:c0c: icmp_seq=17 ttl=61 time=231 ms
64 bytes from aaaa::212:740c:c:c0c: icmp_seq=18 ttl=61 time=263 ms
64 bytes from aaaa::212:740c:c:c0c: icmp_seq=19 ttl=61 time=171 ms
64 bytes from aaaa::212:740c:c:c0c: icmp_seq=20 ttl=61 time=199 ms
64 bytes from aaaa::212:740c:c:c0c: icmp_seq=21 ttl=61 time=162 ms
64 bytes from aaaa::212:740c:c:c0c: icmp_seq=22 ttl=61 time=282 ms
64 bytes from aaaa::212:740c:c:c0c: icmp_seq=23 ttl=61 time=417 ms
64 bytes from aaaa::212:740c:c:c0c: icmp_seq=25 ttl=61 time=194 ms
64 bytes from aaaa::212:740c:c:c0c: icmp_seq=26 ttl=61 time=253 ms
64 bytes from aaaa::212:740c:c:c0c: icmp_seq=27 ttl=61 time=175 ms
64 bytes from aaaa::212:740c:c:c0c: icmp_seq=28 ttl=61 time=376 ms
64 bytes from aaaa::212:740c:c:c0c: icmp_seq=29 ttl=61 time=220 ms
64 bytes from aaaa::212:740c:c:c0c: icmp_seq=30 ttl=61 time=186 ms
64 bytes from aaaa::212:740c:c:c0c: icmp_seq=31 ttl=61 time=227 ms
64 bytes from aaaa::212:740c:c:c0c: icmp_seq=34 ttl=61 time=179 ms
64 bytes from aaaa::212:740c:c:c0c: icmp_seq=35 ttl=61 time=160 ms
64 bytes from aaaa::212:740c:c:c0c: icmp_seq=36 ttl=61 time=227 ms
64 bytes from aaaa::212:740c:c:c0c: icmp_seq=37 ttl=61 time=169 ms
64 bytes from aaaa::212:740c:c:c0c: icmp_seq=38 ttl=61 time=177 ms
64 bytes from aaaa::212:740c:c:c0c: icmp_seq=39 ttl=61 time=282 ms
64 bytes from aaaa::212:740c:c:c0c: icmp_seq=40 ttl=61 time=306 ms
64 bytes from aaaa::212:740c:c:c0c: icmp_seq=41 ttl=61 time=206 ms
64 bytes from aaaa::212:740c:c:c0c: icmp_seq=42 ttl=61 time=440 ms
64 bytes from aaaa::212:740c:c:c0c: icmp_seq=45 ttl=61 time=288 ms
64 bytes from aaaa::212:740c:c:c0c: icmp_seq=46 ttl=61 time=241 ms
64 bytes from aaaa::212:740c:c:c0c: icmp_seq=47 ttl=61 time=292 ms
64 bytes from aaaa::212:740c:c:c0c: icmp_seq=48 ttl=61 time=268 ms
64 bytes from aaaa::212:740c:c:c0c: icmp_seq=49 ttl=61 time=274 ms
64 bytes from aaaa::212:740c:c:c0c: icmp_seq=50 ttl=61 time=394 ms
64 bytes from aaaa::212:740c:c:c0c: icmp_seq=51 ttl=61 time=260 ms
64 bytes from aaaa::212:740c:c:c0c: icmp_seq=53 ttl=61 time=424 ms
64 bytes from aaaa::212:740c:c:c0c: icmp_seq=54 ttl=61 time=391 ms
64 bytes from aaaa::212:740c:c:c0c: icmp_seq=56 ttl=61 time=412 ms
64 bytes from aaaa::212:740c:c:c0c: icmp_seq=57 ttl=61 time=409 ms
64 bytes from aaaa::212:740c:c:c0c: icmp_seq=58 ttl=61 time=534 ms
64 bytes from aaaa::212:740c:c:c0c: icmp_seq=59 ttl=61 time=492 ms
64 bytes from aaaa::212:740c:c:c0c: icmp_seq=60 ttl=61 time=490 ms
64 bytes from aaaa::212:740c:c:c0c: icmp_seq=61 ttl=61 time=197 ms
64 bytes from aaaa::212:740c:c:c0c: icmp_seq=63 ttl=61 time=373 ms
64 bytes from aaaa::212:740c:c:c0c: icmp_seq=64 ttl=61 time=536 ms
64 bytes from aaaa::212:740c:c:c0c: icmp_seq=65 ttl=61 time=897 ms
64 bytes from aaaa::212:740c:c:c0c: icmp_seq=67 ttl=61 time=548 ms
64 bytes from aaaa::212:740c:c:c0c: icmp_seq=68 ttl=61 time=483 ms
64 bytes from aaaa::212:740c:c:c0c: icmp_seq=69 ttl=61 time=447 ms
64 bytes from aaaa::212:740c:c:c0c: icmp_seq=70 ttl=61 time=329 ms
64 bytes from aaaa::212:740c:c:c0c: icmp_seq=71 ttl=61 time=533 ms
64 bytes from aaaa::212:740c:c:c0c: icmp_seq=72 ttl=61 time=393 ms
64 bytes from aaaa::212:740c:c:c0c: icmp_seq=73 ttl=61 time=583 ms
64 bytes from aaaa::212:740c:c:c0c: icmp_seq=74 ttl=61 time=688 ms
64 bytes from aaaa::212:740c:c:c0c: icmp_seq=76 ttl=61 time=413 ms
64 bytes from aaaa::212:740c:c:c0c: icmp_seq=77 ttl=61 time=548 ms
64 bytes from aaaa::212:740c:c:c0c: icmp_seq=78 ttl=61 time=320 ms
64 bytes from aaaa::212:740c:c:c0c: icmp_seq=80 ttl=61 time=362 ms
64 bytes from aaaa::212:740c:c:c0c: icmp_seq=81 ttl=61 time=453 ms
64 bytes from aaaa::212:740c:c:c0c: icmp_seq=82 ttl=61 time=724 ms
64 bytes from aaaa::212:740c:c:c0c: icmp_seq=83 ttl=61 time=197 ms
64 bytes from aaaa::212:740c:c:c0c: icmp_seq=84 ttl=61 time=577 ms
64 bytes from aaaa::212:740c:c:c0c: icmp_seq=85 ttl=61 time=388 ms
64 bytes from aaaa::212:740c:c:c0c: icmp_seq=86 ttl=61 time=451 ms
64 bytes from aaaa::212:740c:c:c0c: icmp_seq=87 ttl=61 time=216 ms
64 bytes from aaaa::212:740c:c:c0c: icmp_seq=88 ttl=61 time=208 ms
64 bytes from aaaa::212:740c:c:c0c: icmp_seq=89 ttl=61 time=188 ms
64 bytes from aaaa::212:740c:c:c0c: icmp_seq=90 ttl=61 time=184 ms
64 bytes from aaaa::212:740c:c:c0c: icmp_seq=91 ttl=61 time=183 ms
64 bytes from aaaa::212:740c:c:c0c: icmp_seq=92 ttl=61 time=199 ms
64 bytes from aaaa::212:740c:c:c0c: icmp_seq=93 ttl=61 time=247 ms
64 bytes from aaaa::212:740c:c:c0c: icmp_seq=94 ttl=61 time=225 ms
64 bytes from aaaa::212:740c:c:c0c: icmp_seq=95 ttl=61 time=268 ms
64 bytes from aaaa::212:740c:c:c0c: icmp_seq=96 ttl=61 time=161 ms
64 bytes from aaaa::212:740c:c:c0c: icmp_seq=97 ttl=61 time=340 ms
64 bytes from aaaa::212:740c:c:c0c: icmp_seq=98 ttl=61 time=224 ms
64 bytes from aaaa::212:740c:c:c0c: icmp_seq=99 ttl=61 time=186 ms
64 bytes from aaaa::212:740c:c:c0c: icmp_seq=100 ttl=61 time=242 ms
64 bytes from aaaa::212:740c:c:c0c: icmp_seq=101 ttl=61 time=196 ms
64 bytes from aaaa::212:740c:c:c0c: icmp_seq=102 ttl=61 time=218 ms
64 bytes from aaaa::212:740c:c:c0c: icmp_seq=103 ttl=61 time=226 ms
64 bytes from aaaa::212:740c:c:c0c: icmp_seq=104 ttl=61 time=257 ms
64 bytes from aaaa::212:740c:c:c0c: icmp_seq=105 ttl=61 time=302 ms
64 bytes from aaaa::212:740c:c:c0c: icmp_seq=106 ttl=61 time=408 ms
64 bytes from aaaa::212:740c:c:c0c: icmp_seq=107 ttl=61 time=389 ms
64 bytes from aaaa::212:740c:c:c0c: icmp_seq=108 ttl=61 time=192 ms
64 bytes from aaaa::212:740c:c:c0c: icmp_seq=109 ttl=61 time=195 ms
64 bytes from aaaa::212:740c:c:c0c: icmp_seq=110 ttl=61 time=241 ms
64 bytes from aaaa::212:740c:c:c0c: icmp_seq=111 ttl=61 time=216 ms
64 bytes from aaaa::212:740c:c:c0c: icmp_seq=112 ttl=61 time=202 ms
64 bytes from aaaa::212:740c:c:c0c: icmp_seq=113 ttl=61 time=159 ms
64 bytes from aaaa::212:740c:c:c0c: icmp_seq=114 ttl=61 time=237 ms
64 bytes from aaaa::212:740c:c:c0c: icmp_seq=115 ttl=61 time=183 ms
64 bytes from aaaa::212:740c:c:c0c: icmp_seq=116 ttl=61 time=191 ms
64 bytes from aaaa::212:740c:c:c0c: icmp_seq=117 ttl=61 time=164 ms
64 bytes from aaaa::212:740c:c:c0c: icmp_seq=118 ttl=61 time=173 ms
64 bytes from aaaa::212:740c:c:c0c: icmp_seq=120 ttl=61 time=209 ms
64 bytes from aaaa::212:740c:c:c0c: icmp_seq=121 ttl=61 time=218 ms
64 bytes from aaaa::212:740c:c:c0c: icmp_seq=122 ttl=61 time=187 ms
64 bytes from aaaa::212:740c:c:c0c: icmp_seq=123 ttl=61 time=202 ms
64 bytes from aaaa::212:740c:c:c0c: icmp_seq=124 ttl=61 time=192 ms
64 bytes from aaaa::212:740c:c:c0c: icmp_seq=125 ttl=61 time=229 ms
64 bytes from aaaa::212:740c:c:c0c: icmp_seq=127 ttl=61 time=229 ms
64 bytes from aaaa::212:740c:c:c0c: icmp_seq=128 ttl=61 time=230 ms
64 bytes from aaaa::212:740c:c:c0c: icmp_seq=129 ttl=61 time=221 ms
64 bytes from aaaa::212:740c:c:c0c: icmp_seq=130 ttl=61 time=198 ms
64 bytes from aaaa::212:740c:c:c0c: icmp_seq=131 ttl=61 time=257 ms
64 bytes from aaaa::212:740c:c:c0c: icmp_seq=132 ttl=61 time=163 ms
64 bytes from aaaa::212:740c:c:c0c: icmp_seq=134 ttl=61 time=177 ms
64 bytes from aaaa::212:740c:c:c0c: icmp_seq=135 ttl=61 time=225 ms
64 bytes from aaaa::212:740c:c:c0c: icmp_seq=136 ttl=61 time=226 ms
64 bytes from aaaa::212:740c:c:c0c: icmp_seq=137 ttl=61 time=163 ms
64 bytes from aaaa::212:740c:c:c0c: icmp_seq=138 ttl=61 time=187 ms
64 bytes from aaaa::212:740c:c:c0c: icmp_seq=139 ttl=61 time=266 ms
64 bytes from aaaa::212:740c:c:c0c: icmp_seq=140 ttl=61 time=223 ms
64 bytes from aaaa::212:740c:c:c0c: icmp_seq=141 ttl=61 time=344 ms
64 bytes from aaaa::212:740c:c:c0c: icmp_seq=142 ttl=61 time=357 ms
64 bytes from aaaa::212:740c:c:c0c: icmp_seq=143 ttl=61 time=467 ms
64 bytes from aaaa::212:740c:c:c0c: icmp_seq=144 ttl=61 time=550 ms
64 bytes from aaaa::212:740c:c:c0c: icmp_seq=145 ttl=61 time=475 ms
64 bytes from aaaa::212:740c:c:c0c: icmp_seq=146 ttl=61 time=248 ms
64 bytes from aaaa::212:740c:c:c0c: icmp_seq=147 ttl=61 time=273 ms
64 bytes from aaaa::212:740c:c:c0c: icmp_seq=148 ttl=61 time=421 ms
64 bytes from aaaa::212:740c:c:c0c: icmp_seq=149 ttl=61 time=576 ms
64 bytes from aaaa::212:740c:c:c0c: icmp_seq=150 ttl=61 time=711 ms
64 bytes from aaaa::212:740c:c:c0c: icmp_seq=151 ttl=61 time=840 ms
64 bytes from aaaa::212:740c:c:c0c: icmp_seq=154 ttl=61 time=171 ms
64 bytes from aaaa::212:740c:c:c0c: icmp_seq=155 ttl=61 time=249 ms
64 bytes from aaaa::212:740c:c:c0c: icmp_seq=156 ttl=61 time=209 ms
64 bytes from aaaa::212:740c:c:c0c: icmp_seq=157 ttl=61 time=216 ms
64 bytes from aaaa::212:740c:c:c0c: icmp_seq=158 ttl=61 time=222 ms
64 bytes from aaaa::212:740c:c:c0c: icmp_seq=159 ttl=61 time=263 ms
64 bytes from aaaa::212:740c:c:c0c: icmp_seq=160 ttl=61 time=178 ms
64 bytes from aaaa::212:740c:c:c0c: icmp_seq=161 ttl=61 time=197 ms
64 bytes from aaaa::212:740c:c:c0c: icmp_seq=162 ttl=61 time=165 ms
64 bytes from aaaa::212:740c:c:c0c: icmp_seq=163 ttl=61 time=203 ms
64 bytes from aaaa::212:740c:c:c0c: icmp_seq=164 ttl=61 time=194 ms
64 bytes from aaaa::212:740c:c:c0c: icmp_seq=165 ttl=61 time=203 ms
64 bytes from aaaa::212:740c:c:c0c: icmp_seq=166 ttl=61 time=173 ms
64 bytes from aaaa::212:740c:c:c0c: icmp_seq=167 ttl=61 time=261 ms
64 bytes from aaaa::212:740c:c:c0c: icmp_seq=168 ttl=61 time=215 ms
64 bytes from aaaa::212:740c:c:c0c: icmp_seq=169 ttl=61 time=196 ms
64 bytes from aaaa::212:740c:c:c0c: icmp_seq=170 ttl=61 time=233 ms
64 bytes from aaaa::212:740c:c:c0c: icmp_seq=171 ttl=61 time=249 ms
64 bytes from aaaa::212:740c:c:c0c: icmp_seq=172 ttl=61 time=222 ms
64 bytes from aaaa::212:740c:c:c0c: icmp_seq=173 ttl=61 time=209 ms
64 bytes from aaaa::212:740c:c:c0c: icmp_seq=174 ttl=61 time=357 ms
64 bytes from aaaa::212:740c:c:c0c: icmp_seq=175 ttl=61 time=219 ms
64 bytes from aaaa::212:740c:c:c0c: icmp_seq=176 ttl=61 time=311 ms
64 bytes from aaaa::212:740c:c:c0c: icmp_seq=177 ttl=61 time=220 ms
64 bytes from aaaa::212:740c:c:c0c: icmp_seq=178 ttl=61 time=239 ms
64 bytes from aaaa::212:740c:c:c0c: icmp_seq=179 ttl=61 time=204 ms
64 bytes from aaaa::212:740c:c:c0c: icmp_seq=181 ttl=61 time=236 ms
64 bytes from aaaa::212:740c:c:c0c: icmp_seq=182 ttl=61 time=242 ms
64 bytes from aaaa::212:740c:c:c0c: icmp_seq=183 ttl=61 time=320 ms
64 bytes from aaaa::212:740c:c:c0c: icmp_seq=184 ttl=61 time=263 ms
64 bytes from aaaa::212:740c:c:c0c: icmp_seq=186 ttl=61 time=272 ms
64 bytes from aaaa::212:740c:c:c0c: icmp_seq=187 ttl=61 time=431 ms
64 bytes from aaaa::212:740c:c:c0c: icmp_seq=188 ttl=61 time=405 ms
64 bytes from aaaa::212:740c:c:c0c: icmp_seq=189 ttl=61 time=225 ms
64 bytes from aaaa::212:740c:c:c0c: icmp_seq=190 ttl=61 time=550 ms
64 bytes from aaaa::212:740c:c:c0c: icmp_seq=191 ttl=61 time=217 ms
64 bytes from aaaa::212:740c:c:c0c: icmp_seq=192 ttl=61 time=1016 ms
64 bytes from aaaa::212:740c:c:c0c: icmp_seq=193 ttl=61 time=318 ms
64 bytes from aaaa::212:740c:c:c0c: icmp_seq=194 ttl=61 time=295 ms
64 bytes from aaaa::212:740c:c:c0c: icmp_seq=195 ttl=61 time=210 ms
64 bytes from aaaa::212:740c:c:c0c: icmp_seq=196 ttl=61 time=305 ms
64 bytes from aaaa::212:740c:c:c0c: icmp_seq=197 ttl=61 time=302 ms
64 bytes from aaaa::212:740c:c:c0c: icmp_seq=199 ttl=61 time=726 ms
64 bytes from aaaa::212:740c:c:c0c: icmp_seq=200 ttl=61 time=455 ms

--- aaaa::212:740c:c:c0c ping statistics ---
200 packets transmitted, 180 received, 10% packet loss, time 998294ms
rtt min/avg/max/mdev = 159.845/303.560/1016.681/152.887 ms
