PING aaaa::212:740f:f:f0f(aaaa::212:740f:f:f0f) 56 data bytes
64 bytes from aaaa::212:740f:f:f0f: icmp_seq=2 ttl=60 time=837 ms
64 bytes from aaaa::212:740f:f:f0f: icmp_seq=4 ttl=60 time=570 ms
64 bytes from aaaa::212:740f:f:f0f: icmp_seq=5 ttl=60 time=1124 ms
64 bytes from aaaa::212:740f:f:f0f: icmp_seq=6 ttl=60 time=392 ms
64 bytes from aaaa::212:740f:f:f0f: icmp_seq=7 ttl=60 time=400 ms
64 bytes from aaaa::212:740f:f:f0f: icmp_seq=8 ttl=60 time=503 ms
64 bytes from aaaa::212:740f:f:f0f: icmp_seq=9 ttl=60 time=437 ms
64 bytes from aaaa::212:740f:f:f0f: icmp_seq=10 ttl=60 time=653 ms
64 bytes from aaaa::212:740f:f:f0f: icmp_seq=11 ttl=60 time=341 ms
64 bytes from aaaa::212:740f:f:f0f: icmp_seq=12 ttl=60 time=438 ms
64 bytes from aaaa::212:740f:f:f0f: icmp_seq=13 ttl=60 time=354 ms
64 bytes from aaaa::212:740f:f:f0f: icmp_seq=14 ttl=60 time=441 ms
64 bytes from aaaa::212:740f:f:f0f: icmp_seq=15 ttl=60 time=333 ms
64 bytes from aaaa::212:740f:f:f0f: icmp_seq=16 ttl=60 time=274 ms
64 bytes from aaaa::212:740f:f:f0f: icmp_seq=17 ttl=60 time=352 ms
64 bytes from aaaa::212:740f:f:f0f: icmp_seq=18 ttl=60 time=664 ms
64 bytes from aaaa::212:740f:f:f0f: icmp_seq=19 ttl=60 time=401 ms
64 bytes from aaaa::212:740f:f:f0f: icmp_seq=21 ttl=60 time=357 ms
64 bytes from aaaa::212:740f:f:f0f: icmp_seq=22 ttl=60 time=499 ms
64 bytes from aaaa::212:740f:f:f0f: icmp_seq=30 ttl=60 time=676 ms
64 bytes from aaaa::212:740f:f:f0f: icmp_seq=31 ttl=60 time=357 ms
64 bytes from aaaa::212:740f:f:f0f: icmp_seq=32 ttl=60 time=397 ms
64 bytes from aaaa::212:740f:f:f0f: icmp_seq=33 ttl=60 time=716 ms
64 bytes from aaaa::212:740f:f:f0f: icmp_seq=34 ttl=60 time=1068 ms
64 bytes from aaaa::212:740f:f:f0f: icmp_seq=35 ttl=60 time=347 ms
64 bytes from aaaa::212:740f:f:f0f: icmp_seq=36 ttl=60 time=358 ms
64 bytes from aaaa::212:740f:f:f0f: icmp_seq=37 ttl=60 time=400 ms
64 bytes from aaaa::212:740f:f:f0f: icmp_seq=38 ttl=60 time=396 ms
64 bytes from aaaa::212:740f:f:f0f: icmp_seq=39 ttl=60 time=630 ms
64 bytes from aaaa::212:740f:f:f0f: icmp_seq=40 ttl=60 time=566 ms
64 bytes from aaaa::212:740f:f:f0f: icmp_seq=41 ttl=60 time=563 ms
64 bytes from aaaa::212:740f:f:f0f: icmp_seq=42 ttl=60 time=321 ms
64 bytes from aaaa::212:740f:f:f0f: icmp_seq=43 ttl=60 time=471 ms
64 bytes from aaaa::212:740f:f:f0f: icmp_seq=44 ttl=60 time=440 ms
64 bytes from aaaa::212:740f:f:f0f: icmp_seq=45 ttl=60 time=254 ms
64 bytes from aaaa::212:740f:f:f0f: icmp_seq=46 ttl=60 time=371 ms
64 bytes from aaaa::212:740f:f:f0f: icmp_seq=47 ttl=60 time=566 ms
64 bytes from aaaa::212:740f:f:f0f: icmp_seq=48 ttl=60 time=380 ms
64 bytes from aaaa::212:740f:f:f0f: icmp_seq=49 ttl=60 time=309 ms
64 bytes from aaaa::212:740f:f:f0f: icmp_seq=50 ttl=60 time=244 ms
64 bytes from aaaa::212:740f:f:f0f: icmp_seq=51 ttl=60 time=469 ms
64 bytes from aaaa::212:740f:f:f0f: icmp_seq=52 ttl=60 time=334 ms
64 bytes from aaaa::212:740f:f:f0f: icmp_seq=53 ttl=60 time=336 ms
64 bytes from aaaa::212:740f:f:f0f: icmp_seq=54 ttl=60 time=397 ms
64 bytes from aaaa::212:740f:f:f0f: icmp_seq=55 ttl=60 time=272 ms
64 bytes from aaaa::212:740f:f:f0f: icmp_seq=56 ttl=60 time=398 ms
64 bytes from aaaa::212:740f:f:f0f: icmp_seq=57 ttl=60 time=335 ms
64 bytes from aaaa::212:740f:f:f0f: icmp_seq=58 ttl=60 time=421 ms
64 bytes from aaaa::212:740f:f:f0f: icmp_seq=59 ttl=60 time=456 ms
64 bytes from aaaa::212:740f:f:f0f: icmp_seq=60 ttl=60 time=389 ms
64 bytes from aaaa::212:740f:f:f0f: icmp_seq=61 ttl=60 time=255 ms
64 bytes from aaaa::212:740f:f:f0f: icmp_seq=62 ttl=60 time=254 ms
64 bytes from aaaa::212:740f:f:f0f: icmp_seq=63 ttl=60 time=360 ms
64 bytes from aaaa::212:740f:f:f0f: icmp_seq=64 ttl=60 time=347 ms
64 bytes from aaaa::212:740f:f:f0f: icmp_seq=65 ttl=60 time=409 ms
64 bytes from aaaa::212:740f:f:f0f: icmp_seq=66 ttl=60 time=461 ms
64 bytes from aaaa::212:740f:f:f0f: icmp_seq=67 ttl=60 time=459 ms
64 bytes from aaaa::212:740f:f:f0f: icmp_seq=68 ttl=60 time=466 ms
64 bytes from aaaa::212:740f:f:f0f: icmp_seq=69 ttl=60 time=306 ms
64 bytes from aaaa::212:740f:f:f0f: icmp_seq=70 ttl=60 time=351 ms
64 bytes from aaaa::212:740f:f:f0f: icmp_seq=71 ttl=60 time=249 ms
64 bytes from aaaa::212:740f:f:f0f: icmp_seq=72 ttl=60 time=636 ms
64 bytes from aaaa::212:740f:f:f0f: icmp_seq=73 ttl=60 time=411 ms
64 bytes from aaaa::212:740f:f:f0f: icmp_seq=74 ttl=60 time=481 ms
64 bytes from aaaa::212:740f:f:f0f: icmp_seq=75 ttl=60 time=253 ms
64 bytes from aaaa::212:740f:f:f0f: icmp_seq=76 ttl=60 time=213 ms
64 bytes from aaaa::212:740f:f:f0f: icmp_seq=77 ttl=60 time=227 ms
64 bytes from aaaa::212:740f:f:f0f: icmp_seq=78 ttl=60 time=249 ms
64 bytes from aaaa::212:740f:f:f0f: icmp_seq=79 ttl=60 time=238 ms
64 bytes from aaaa::212:740f:f:f0f: icmp_seq=80 ttl=60 time=232 ms
64 bytes from aaaa::212:740f:f:f0f: icmp_seq=81 ttl=60 time=232 ms
64 bytes from aaaa::212:740f:f:f0f: icmp_seq=82 ttl=60 time=295 ms
64 bytes from aaaa::212:740f:f:f0f: icmp_seq=83 ttl=60 time=278 ms
64 bytes from aaaa::212:740f:f:f0f: icmp_seq=84 ttl=60 time=249 ms
64 bytes from aaaa::212:740f:f:f0f: icmp_seq=85 ttl=60 time=214 ms
64 bytes from aaaa::212:740f:f:f0f: icmp_seq=86 ttl=60 time=307 ms
64 bytes from aaaa::212:740f:f:f0f: icmp_seq=87 ttl=60 time=235 ms
64 bytes from aaaa::212:740f:f:f0f: icmp_seq=88 ttl=60 time=236 ms
64 bytes from aaaa::212:740f:f:f0f: icmp_seq=89 ttl=60 time=237 ms
64 bytes from aaaa::212:740f:f:f0f: icmp_seq=90 ttl=60 time=227 ms
64 bytes from aaaa::212:740f:f:f0f: icmp_seq=91 ttl=60 time=223 ms
64 bytes from aaaa::212:740f:f:f0f: icmp_seq=92 ttl=60 time=228 ms
64 bytes from aaaa::212:740f:f:f0f: icmp_seq=93 ttl=60 time=214 ms
64 bytes from aaaa::212:740f:f:f0f: icmp_seq=94 ttl=60 time=219 ms
64 bytes from aaaa::212:740f:f:f0f: icmp_seq=95 ttl=60 time=243 ms
64 bytes from aaaa::212:740f:f:f0f: icmp_seq=96 ttl=60 time=276 ms
64 bytes from aaaa::212:740f:f:f0f: icmp_seq=97 ttl=60 time=251 ms
64 bytes from aaaa::212:740f:f:f0f: icmp_seq=98 ttl=60 time=330 ms
64 bytes from aaaa::212:740f:f:f0f: icmp_seq=99 ttl=60 time=215 ms
64 bytes from aaaa::212:740f:f:f0f: icmp_seq=100 ttl=60 time=232 ms
64 bytes from aaaa::212:740f:f:f0f: icmp_seq=101 ttl=60 time=225 ms
64 bytes from aaaa::212:740f:f:f0f: icmp_seq=102 ttl=60 time=245 ms
64 bytes from aaaa::212:740f:f:f0f: icmp_seq=103 ttl=60 time=239 ms
64 bytes from aaaa::212:740f:f:f0f: icmp_seq=104 ttl=60 time=243 ms
64 bytes from aaaa::212:740f:f:f0f: icmp_seq=105 ttl=60 time=215 ms
64 bytes from aaaa::212:740f:f:f0f: icmp_seq=106 ttl=60 time=241 ms
64 bytes from aaaa::212:740f:f:f0f: icmp_seq=107 ttl=60 time=227 ms
64 bytes from aaaa::212:740f:f:f0f: icmp_seq=108 ttl=60 time=244 ms
64 bytes from aaaa::212:740f:f:f0f: icmp_seq=109 ttl=60 time=236 ms
64 bytes from aaaa::212:740f:f:f0f: icmp_seq=110 ttl=60 time=326 ms
64 bytes from aaaa::212:740f:f:f0f: icmp_seq=111 ttl=60 time=219 ms
64 bytes from aaaa::212:740f:f:f0f: icmp_seq=112 ttl=60 time=314 ms
64 bytes from aaaa::212:740f:f:f0f: icmp_seq=113 ttl=60 time=282 ms
64 bytes from aaaa::212:740f:f:f0f: icmp_seq=114 ttl=60 time=505 ms
64 bytes from aaaa::212:740f:f:f0f: icmp_seq=115 ttl=60 time=599 ms
64 bytes from aaaa::212:740f:f:f0f: icmp_seq=116 ttl=60 time=475 ms
64 bytes from aaaa::212:740f:f:f0f: icmp_seq=117 ttl=60 time=805 ms
64 bytes from aaaa::212:740f:f:f0f: icmp_seq=119 ttl=60 time=389 ms
64 bytes from aaaa::212:740f:f:f0f: icmp_seq=120 ttl=60 time=459 ms
64 bytes from aaaa::212:740f:f:f0f: icmp_seq=121 ttl=60 time=479 ms
64 bytes from aaaa::212:740f:f:f0f: icmp_seq=122 ttl=60 time=347 ms
64 bytes from aaaa::212:740f:f:f0f: icmp_seq=123 ttl=60 time=288 ms
64 bytes from aaaa::212:740f:f:f0f: icmp_seq=124 ttl=60 time=312 ms
64 bytes from aaaa::212:740f:f:f0f: icmp_seq=125 ttl=60 time=635 ms
64 bytes from aaaa::212:740f:f:f0f: icmp_seq=126 ttl=60 time=354 ms
64 bytes from aaaa::212:740f:f:f0f: icmp_seq=127 ttl=60 time=461 ms
64 bytes from aaaa::212:740f:f:f0f: icmp_seq=128 ttl=60 time=380 ms
64 bytes from aaaa::212:740f:f:f0f: icmp_seq=129 ttl=60 time=261 ms
64 bytes from aaaa::212:740f:f:f0f: icmp_seq=130 ttl=60 time=231 ms
64 bytes from aaaa::212:740f:f:f0f: icmp_seq=131 ttl=60 time=286 ms
64 bytes from aaaa::212:740f:f:f0f: icmp_seq=132 ttl=60 time=279 ms
64 bytes from aaaa::212:740f:f:f0f: icmp_seq=133 ttl=60 time=208 ms
64 bytes from aaaa::212:740f:f:f0f: icmp_seq=134 ttl=60 time=227 ms
64 bytes from aaaa::212:740f:f:f0f: icmp_seq=135 ttl=60 time=209 ms
64 bytes from aaaa::212:740f:f:f0f: icmp_seq=136 ttl=60 time=394 ms
64 bytes from aaaa::212:740f:f:f0f: icmp_seq=137 ttl=60 time=336 ms
64 bytes from aaaa::212:740f:f:f0f: icmp_seq=138 ttl=60 time=321 ms
64 bytes from aaaa::212:740f:f:f0f: icmp_seq=139 ttl=60 time=268 ms
64 bytes from aaaa::212:740f:f:f0f: icmp_seq=140 ttl=60 time=283 ms
64 bytes from aaaa::212:740f:f:f0f: icmp_seq=141 ttl=60 time=266 ms
64 bytes from aaaa::212:740f:f:f0f: icmp_seq=142 ttl=60 time=304 ms
64 bytes from aaaa::212:740f:f:f0f: icmp_seq=143 ttl=60 time=286 ms
64 bytes from aaaa::212:740f:f:f0f: icmp_seq=144 ttl=60 time=277 ms
64 bytes from aaaa::212:740f:f:f0f: icmp_seq=145 ttl=60 time=303 ms
64 bytes from aaaa::212:740f:f:f0f: icmp_seq=146 ttl=60 time=241 ms
64 bytes from aaaa::212:740f:f:f0f: icmp_seq=147 ttl=60 time=235 ms
64 bytes from aaaa::212:740f:f:f0f: icmp_seq=148 ttl=60 time=242 ms
64 bytes from aaaa::212:740f:f:f0f: icmp_seq=149 ttl=60 time=238 ms
64 bytes from aaaa::212:740f:f:f0f: icmp_seq=150 ttl=60 time=298 ms
64 bytes from aaaa::212:740f:f:f0f: icmp_seq=151 ttl=60 time=306 ms
64 bytes from aaaa::212:740f:f:f0f: icmp_seq=152 ttl=60 time=258 ms
64 bytes from aaaa::212:740f:f:f0f: icmp_seq=153 ttl=60 time=325 ms
64 bytes from aaaa::212:740f:f:f0f: icmp_seq=154 ttl=60 time=297 ms
64 bytes from aaaa::212:740f:f:f0f: icmp_seq=155 ttl=60 time=220 ms
64 bytes from aaaa::212:740f:f:f0f: icmp_seq=156 ttl=60 time=256 ms
64 bytes from aaaa::212:740f:f:f0f: icmp_seq=157 ttl=60 time=269 ms
64 bytes from aaaa::212:740f:f:f0f: icmp_seq=158 ttl=60 time=290 ms
64 bytes from aaaa::212:740f:f:f0f: icmp_seq=159 ttl=60 time=213 ms
64 bytes from aaaa::212:740f:f:f0f: icmp_seq=160 ttl=60 time=274 ms
64 bytes from aaaa::212:740f:f:f0f: icmp_seq=162 ttl=60 time=290 ms
64 bytes from aaaa::212:740f:f:f0f: icmp_seq=164 ttl=60 time=239 ms
64 bytes from aaaa::212:740f:f:f0f: icmp_seq=166 ttl=60 time=272 ms
64 bytes from aaaa::212:740f:f:f0f: icmp_seq=174 ttl=60 time=587 ms
64 bytes from aaaa::212:740f:f:f0f: icmp_seq=175 ttl=60 time=392 ms
64 bytes from aaaa::212:740f:f:f0f: icmp_seq=176 ttl=60 time=444 ms
64 bytes from aaaa::212:740f:f:f0f: icmp_seq=181 ttl=60 time=260 ms
64 bytes from aaaa::212:740f:f:f0f: icmp_seq=182 ttl=60 time=501 ms
64 bytes from aaaa::212:740f:f:f0f: icmp_seq=183 ttl=60 time=415 ms
64 bytes from aaaa::212:740f:f:f0f: icmp_seq=184 ttl=60 time=355 ms
64 bytes from aaaa::212:740f:f:f0f: icmp_seq=185 ttl=60 time=346 ms
64 bytes from aaaa::212:740f:f:f0f: icmp_seq=186 ttl=60 time=295 ms
64 bytes from aaaa::212:740f:f:f0f: icmp_seq=187 ttl=60 time=510 ms
64 bytes from aaaa::212:740f:f:f0f: icmp_seq=188 ttl=60 time=277 ms
64 bytes from aaaa::212:740f:f:f0f: icmp_seq=189 ttl=60 time=404 ms
64 bytes from aaaa::212:740f:f:f0f: icmp_seq=190 ttl=60 time=460 ms
64 bytes from aaaa::212:740f:f:f0f: icmp_seq=191 ttl=60 time=472 ms
64 bytes from aaaa::212:740f:f:f0f: icmp_seq=192 ttl=60 time=587 ms
64 bytes from aaaa::212:740f:f:f0f: icmp_seq=193 ttl=60 time=326 ms
64 bytes from aaaa::212:740f:f:f0f: icmp_seq=194 ttl=60 time=356 ms
64 bytes from aaaa::212:740f:f:f0f: icmp_seq=195 ttl=60 time=399 ms
64 bytes from aaaa::212:740f:f:f0f: icmp_seq=196 ttl=60 time=268 ms
64 bytes from aaaa::212:740f:f:f0f: icmp_seq=197 ttl=60 time=366 ms
64 bytes from aaaa::212:740f:f:f0f: icmp_seq=198 ttl=60 time=209 ms
64 bytes from aaaa::212:740f:f:f0f: icmp_seq=199 ttl=60 time=276 ms
64 bytes from aaaa::212:740f:f:f0f: icmp_seq=200 ttl=60 time=240 ms

--- aaaa::212:740f:f:f0f ping statistics ---
200 packets transmitted, 175 received, 12% packet loss, time 999091ms
rtt min/avg/max/mdev = 208.652/359.316/1124.258/147.815 ms
