PING aaaa::212:7404:4:404(aaaa::212:7404:4:404) 56 data bytes
64 bytes from aaaa::212:7404:4:404: icmp_seq=1 ttl=63 time=101 ms
64 bytes from aaaa::212:7404:4:404: icmp_seq=2 ttl=63 time=104 ms
64 bytes from aaaa::212:7404:4:404: icmp_seq=3 ttl=63 time=97.2 ms
64 bytes from aaaa::212:7404:4:404: icmp_seq=5 ttl=63 time=104 ms
64 bytes from aaaa::212:7404:4:404: icmp_seq=6 ttl=63 time=47.8 ms
64 bytes from aaaa::212:7404:4:404: icmp_seq=7 ttl=63 time=78.1 ms
64 bytes from aaaa::212:7404:4:404: icmp_seq=8 ttl=63 time=100 ms
64 bytes from aaaa::212:7404:4:404: icmp_seq=9 ttl=63 time=116 ms
64 bytes from aaaa::212:7404:4:404: icmp_seq=10 ttl=63 time=64.2 ms
64 bytes from aaaa::212:7404:4:404: icmp_seq=11 ttl=63 time=173 ms
64 bytes from aaaa::212:7404:4:404: icmp_seq=12 ttl=63 time=84.4 ms
64 bytes from aaaa::212:7404:4:404: icmp_seq=14 ttl=63 time=105 ms
64 bytes from aaaa::212:7404:4:404: icmp_seq=15 ttl=63 time=84.7 ms
64 bytes from aaaa::212:7404:4:404: icmp_seq=16 ttl=63 time=181 ms
64 bytes from aaaa::212:7404:4:404: icmp_seq=17 ttl=63 time=78.1 ms
64 bytes from aaaa::212:7404:4:404: icmp_seq=18 ttl=63 time=102 ms
64 bytes from aaaa::212:7404:4:404: icmp_seq=19 ttl=63 time=94.7 ms
64 bytes from aaaa::212:7404:4:404: icmp_seq=20 ttl=63 time=77.3 ms
64 bytes from aaaa::212:7404:4:404: icmp_seq=21 ttl=63 time=46.6 ms
64 bytes from aaaa::212:7404:4:404: icmp_seq=22 ttl=63 time=82.3 ms
64 bytes from aaaa::212:7404:4:404: icmp_seq=23 ttl=63 time=105 ms
64 bytes from aaaa::212:7404:4:404: icmp_seq=24 ttl=63 time=93.9 ms
64 bytes from aaaa::212:7404:4:404: icmp_seq=25 ttl=63 time=63.3 ms
64 bytes from aaaa::212:7404:4:404: icmp_seq=26 ttl=63 time=107 ms
64 bytes from aaaa::212:7404:4:404: icmp_seq=27 ttl=63 time=81.1 ms
64 bytes from aaaa::212:7404:4:404: icmp_seq=28 ttl=63 time=65.3 ms
64 bytes from aaaa::212:7404:4:404: icmp_seq=30 ttl=63 time=67.3 ms
64 bytes from aaaa::212:7404:4:404: icmp_seq=31 ttl=63 time=52.6 ms
64 bytes from aaaa::212:7404:4:404: icmp_seq=32 ttl=63 time=80.9 ms
64 bytes from aaaa::212:7404:4:404: icmp_seq=33 ttl=63 time=94.4 ms
64 bytes from aaaa::212:7404:4:404: icmp_seq=34 ttl=63 time=80.7 ms
64 bytes from aaaa::212:7404:4:404: icmp_seq=35 ttl=63 time=97.5 ms
64 bytes from aaaa::212:7404:4:404: icmp_seq=36 ttl=63 time=67.7 ms
64 bytes from aaaa::212:7404:4:404: icmp_seq=38 ttl=63 time=119 ms
64 bytes from aaaa::212:7404:4:404: icmp_seq=39 ttl=63 time=86.4 ms
64 bytes from aaaa::212:7404:4:404: icmp_seq=40 ttl=63 time=75.9 ms
64 bytes from aaaa::212:7404:4:404: icmp_seq=41 ttl=63 time=107 ms
64 bytes from aaaa::212:7404:4:404: icmp_seq=42 ttl=63 time=72.8 ms
64 bytes from aaaa::212:7404:4:404: icmp_seq=43 ttl=63 time=52.9 ms
64 bytes from aaaa::212:7404:4:404: icmp_seq=44 ttl=63 time=199 ms
64 bytes from aaaa::212:7404:4:404: icmp_seq=45 ttl=63 time=270 ms
64 bytes from aaaa::212:7404:4:404: icmp_seq=46 ttl=63 time=93.1 ms
64 bytes from aaaa::212:7404:4:404: icmp_seq=47 ttl=63 time=104 ms
64 bytes from aaaa::212:7404:4:404: icmp_seq=48 ttl=63 time=159 ms
64 bytes from aaaa::212:7404:4:404: icmp_seq=49 ttl=63 time=93.2 ms
64 bytes from aaaa::212:7404:4:404: icmp_seq=50 ttl=63 time=96.1 ms
64 bytes from aaaa::212:7404:4:404: icmp_seq=51 ttl=63 time=70.9 ms
64 bytes from aaaa::212:7404:4:404: icmp_seq=52 ttl=63 time=108 ms
64 bytes from aaaa::212:7404:4:404: icmp_seq=53 ttl=63 time=94.9 ms
64 bytes from aaaa::212:7404:4:404: icmp_seq=54 ttl=63 time=118 ms
64 bytes from aaaa::212:7404:4:404: icmp_seq=55 ttl=63 time=104 ms
64 bytes from aaaa::212:7404:4:404: icmp_seq=56 ttl=63 time=122 ms
64 bytes from aaaa::212:7404:4:404: icmp_seq=57 ttl=63 time=85.8 ms
64 bytes from aaaa::212:7404:4:404: icmp_seq=58 ttl=63 time=72.1 ms
64 bytes from aaaa::212:7404:4:404: icmp_seq=59 ttl=63 time=227 ms
64 bytes from aaaa::212:7404:4:404: icmp_seq=60 ttl=63 time=141 ms
64 bytes from aaaa::212:7404:4:404: icmp_seq=61 ttl=63 time=97.5 ms
64 bytes from aaaa::212:7404:4:404: icmp_seq=62 ttl=63 time=78.6 ms
64 bytes from aaaa::212:7404:4:404: icmp_seq=63 ttl=63 time=80.2 ms
64 bytes from aaaa::212:7404:4:404: icmp_seq=64 ttl=63 time=131 ms
64 bytes from aaaa::212:7404:4:404: icmp_seq=65 ttl=63 time=114 ms
64 bytes from aaaa::212:7404:4:404: icmp_seq=66 ttl=63 time=108 ms
64 bytes from aaaa::212:7404:4:404: icmp_seq=67 ttl=63 time=98.7 ms
64 bytes from aaaa::212:7404:4:404: icmp_seq=68 ttl=63 time=161 ms
64 bytes from aaaa::212:7404:4:404: icmp_seq=69 ttl=63 time=165 ms
64 bytes from aaaa::212:7404:4:404: icmp_seq=70 ttl=63 time=88.1 ms
64 bytes from aaaa::212:7404:4:404: icmp_seq=71 ttl=63 time=53.8 ms
64 bytes from aaaa::212:7404:4:404: icmp_seq=72 ttl=63 time=111 ms
64 bytes from aaaa::212:7404:4:404: icmp_seq=73 ttl=63 time=113 ms
64 bytes from aaaa::212:7404:4:404: icmp_seq=74 ttl=63 time=101 ms
64 bytes from aaaa::212:7404:4:404: icmp_seq=75 ttl=63 time=63.9 ms
64 bytes from aaaa::212:7404:4:404: icmp_seq=76 ttl=63 time=49.8 ms
64 bytes from aaaa::212:7404:4:404: icmp_seq=77 ttl=63 time=93.1 ms
64 bytes from aaaa::212:7404:4:404: icmp_seq=78 ttl=63 time=175 ms
64 bytes from aaaa::212:7404:4:404: icmp_seq=79 ttl=63 time=142 ms
64 bytes from aaaa::212:7404:4:404: icmp_seq=80 ttl=63 time=117 ms
64 bytes from aaaa::212:7404:4:404: icmp_seq=81 ttl=63 time=334 ms
64 bytes from aaaa::212:7404:4:404: icmp_seq=82 ttl=63 time=79.2 ms
64 bytes from aaaa::212:7404:4:404: icmp_seq=83 ttl=63 time=63.9 ms
64 bytes from aaaa::212:7404:4:404: icmp_seq=84 ttl=63 time=80.1 ms
64 bytes from aaaa::212:7404:4:404: icmp_seq=85 ttl=63 time=71.4 ms
64 bytes from aaaa::212:7404:4:404: icmp_seq=86 ttl=63 time=144 ms
64 bytes from aaaa::212:7404:4:404: icmp_seq=93 ttl=63 time=137 ms
64 bytes from aaaa::212:7404:4:404: icmp_seq=94 ttl=63 time=107 ms
64 bytes from aaaa::212:7404:4:404: icmp_seq=95 ttl=63 time=111 ms
64 bytes from aaaa::212:7404:4:404: icmp_seq=100 ttl=63 time=144 ms
64 bytes from aaaa::212:7404:4:404: icmp_seq=101 ttl=63 time=65.9 ms
64 bytes from aaaa::212:7404:4:404: icmp_seq=102 ttl=63 time=57.5 ms
64 bytes from aaaa::212:7404:4:404: icmp_seq=103 ttl=63 time=69.4 ms
64 bytes from aaaa::212:7404:4:404: icmp_seq=104 ttl=63 time=110 ms
64 bytes from aaaa::212:7404:4:404: icmp_seq=105 ttl=63 time=134 ms
64 bytes from aaaa::212:7404:4:404: icmp_seq=106 ttl=63 time=499 ms
64 bytes from aaaa::212:7404:4:404: icmp_seq=107 ttl=63 time=151 ms
64 bytes from aaaa::212:7404:4:404: icmp_seq=109 ttl=63 time=466 ms
64 bytes from aaaa::212:7404:4:404: icmp_seq=110 ttl=63 time=107 ms
64 bytes from aaaa::212:7404:4:404: icmp_seq=111 ttl=63 time=490 ms
64 bytes from aaaa::212:7404:4:404: icmp_seq=113 ttl=63 time=343 ms
64 bytes from aaaa::212:7404:4:404: icmp_seq=114 ttl=63 time=387 ms
64 bytes from aaaa::212:7404:4:404: icmp_seq=115 ttl=63 time=70.7 ms
64 bytes from aaaa::212:7404:4:404: icmp_seq=116 ttl=63 time=203 ms
64 bytes from aaaa::212:7404:4:404: icmp_seq=117 ttl=63 time=107 ms
64 bytes from aaaa::212:7404:4:404: icmp_seq=118 ttl=63 time=190 ms
64 bytes from aaaa::212:7404:4:404: icmp_seq=119 ttl=63 time=596 ms
64 bytes from aaaa::212:7404:4:404: icmp_seq=120 ttl=63 time=103 ms
64 bytes from aaaa::212:7404:4:404: icmp_seq=121 ttl=63 time=87.9 ms
64 bytes from aaaa::212:7404:4:404: icmp_seq=122 ttl=63 time=68.1 ms
64 bytes from aaaa::212:7404:4:404: icmp_seq=123 ttl=63 time=79.5 ms
64 bytes from aaaa::212:7404:4:404: icmp_seq=124 ttl=63 time=72.4 ms
64 bytes from aaaa::212:7404:4:404: icmp_seq=125 ttl=63 time=323 ms
64 bytes from aaaa::212:7404:4:404: icmp_seq=127 ttl=63 time=280 ms
64 bytes from aaaa::212:7404:4:404: icmp_seq=128 ttl=63 time=47.6 ms
64 bytes from aaaa::212:7404:4:404: icmp_seq=129 ttl=63 time=88.0 ms
64 bytes from aaaa::212:7404:4:404: icmp_seq=130 ttl=63 time=89.9 ms
64 bytes from aaaa::212:7404:4:404: icmp_seq=131 ttl=63 time=84.9 ms
64 bytes from aaaa::212:7404:4:404: icmp_seq=132 ttl=63 time=70.3 ms
64 bytes from aaaa::212:7404:4:404: icmp_seq=133 ttl=63 time=86.7 ms
64 bytes from aaaa::212:7404:4:404: icmp_seq=134 ttl=63 time=80.4 ms
64 bytes from aaaa::212:7404:4:404: icmp_seq=135 ttl=63 time=95.5 ms
64 bytes from aaaa::212:7404:4:404: icmp_seq=136 ttl=63 time=127 ms
64 bytes from aaaa::212:7404:4:404: icmp_seq=137 ttl=63 time=43.8 ms
64 bytes from aaaa::212:7404:4:404: icmp_seq=138 ttl=63 time=113 ms
64 bytes from aaaa::212:7404:4:404: icmp_seq=140 ttl=63 time=103 ms
64 bytes from aaaa::212:7404:4:404: icmp_seq=141 ttl=63 time=94.9 ms
64 bytes from aaaa::212:7404:4:404: icmp_seq=142 ttl=63 time=101 ms
64 bytes from aaaa::212:7404:4:404: icmp_seq=143 ttl=63 time=135 ms
64 bytes from aaaa::212:7404:4:404: icmp_seq=144 ttl=63 time=43.7 ms
64 bytes from aaaa::212:7404:4:404: icmp_seq=145 ttl=63 time=105 ms
64 bytes from aaaa::212:7404:4:404: icmp_seq=146 ttl=63 time=49.2 ms
64 bytes from aaaa::212:7404:4:404: icmp_seq=147 ttl=63 time=78.9 ms
64 bytes from aaaa::212:7404:4:404: icmp_seq=148 ttl=63 time=61.2 ms
64 bytes from aaaa::212:7404:4:404: icmp_seq=149 ttl=63 time=70.2 ms
64 bytes from aaaa::212:7404:4:404: icmp_seq=150 ttl=63 time=77.7 ms
64 bytes from aaaa::212:7404:4:404: icmp_seq=151 ttl=63 time=110 ms
64 bytes from aaaa::212:7404:4:404: icmp_seq=152 ttl=63 time=206 ms
64 bytes from aaaa::212:7404:4:404: icmp_seq=153 ttl=63 time=105 ms
64 bytes from aaaa::212:7404:4:404: icmp_seq=154 ttl=63 time=63.5 ms
64 bytes from aaaa::212:7404:4:404: icmp_seq=155 ttl=63 time=79.2 ms
64 bytes from aaaa::212:7404:4:404: icmp_seq=156 ttl=63 time=87.1 ms
64 bytes from aaaa::212:7404:4:404: icmp_seq=157 ttl=63 time=108 ms
64 bytes from aaaa::212:7404:4:404: icmp_seq=158 ttl=63 time=100 ms
64 bytes from aaaa::212:7404:4:404: icmp_seq=159 ttl=63 time=69.7 ms
64 bytes from aaaa::212:7404:4:404: icmp_seq=160 ttl=63 time=139 ms
64 bytes from aaaa::212:7404:4:404: icmp_seq=161 ttl=63 time=104 ms
64 bytes from aaaa::212:7404:4:404: icmp_seq=162 ttl=63 time=800 ms
64 bytes from aaaa::212:7404:4:404: icmp_seq=164 ttl=63 time=57.9 ms
64 bytes from aaaa::212:7404:4:404: icmp_seq=166 ttl=63 time=98.6 ms
64 bytes from aaaa::212:7404:4:404: icmp_seq=168 ttl=63 time=67.7 ms
64 bytes from aaaa::212:7404:4:404: icmp_seq=174 ttl=63 time=97.1 ms
64 bytes from aaaa::212:7404:4:404: icmp_seq=175 ttl=63 time=60.5 ms
64 bytes from aaaa::212:7404:4:404: icmp_seq=176 ttl=63 time=93.2 ms
64 bytes from aaaa::212:7404:4:404: icmp_seq=177 ttl=63 time=51.2 ms
64 bytes from aaaa::212:7404:4:404: icmp_seq=178 ttl=63 time=194 ms
64 bytes from aaaa::212:7404:4:404: icmp_seq=179 ttl=63 time=123 ms
64 bytes from aaaa::212:7404:4:404: icmp_seq=180 ttl=63 time=235 ms
64 bytes from aaaa::212:7404:4:404: icmp_seq=181 ttl=63 time=78.2 ms
64 bytes from aaaa::212:7404:4:404: icmp_seq=182 ttl=63 time=132 ms
64 bytes from aaaa::212:7404:4:404: icmp_seq=183 ttl=63 time=156 ms
64 bytes from aaaa::212:7404:4:404: icmp_seq=184 ttl=63 time=213 ms
64 bytes from aaaa::212:7404:4:404: icmp_seq=185 ttl=63 time=81.4 ms
64 bytes from aaaa::212:7404:4:404: icmp_seq=186 ttl=63 time=513 ms
64 bytes from aaaa::212:7404:4:404: icmp_seq=187 ttl=63 time=121 ms
64 bytes from aaaa::212:7404:4:404: icmp_seq=188 ttl=63 time=555 ms
64 bytes from aaaa::212:7404:4:404: icmp_seq=189 ttl=63 time=252 ms
64 bytes from aaaa::212:7404:4:404: icmp_seq=190 ttl=63 time=123 ms
64 bytes from aaaa::212:7404:4:404: icmp_seq=191 ttl=63 time=172 ms
64 bytes from aaaa::212:7404:4:404: icmp_seq=192 ttl=63 time=178 ms
64 bytes from aaaa::212:7404:4:404: icmp_seq=193 ttl=63 time=89.2 ms
64 bytes from aaaa::212:7404:4:404: icmp_seq=194 ttl=63 time=68.8 ms
64 bytes from aaaa::212:7404:4:404: icmp_seq=195 ttl=63 time=188 ms
64 bytes from aaaa::212:7404:4:404: icmp_seq=196 ttl=63 time=451 ms
64 bytes from aaaa::212:7404:4:404: icmp_seq=197 ttl=63 time=82.8 ms
64 bytes from aaaa::212:7404:4:404: icmp_seq=198 ttl=63 time=194 ms
64 bytes from aaaa::212:7404:4:404: icmp_seq=199 ttl=63 time=499 ms
64 bytes from aaaa::212:7404:4:404: icmp_seq=200 ttl=63 time=412 ms

--- aaaa::212:7404:4:404 ping statistics ---
200 packets transmitted, 174 received, 13% packet loss, time 999346ms
rtt min/avg/max/mdev = 43.763/135.800/800.863/115.010 ms
