PING aaaa::212:7404:4:404(aaaa::212:7404:4:404) 56 data bytes
64 bytes from aaaa::212:7404:4:404: icmp_seq=1 ttl=63 time=114 ms
64 bytes from aaaa::212:7404:4:404: icmp_seq=2 ttl=63 time=416 ms
64 bytes from aaaa::212:7404:4:404: icmp_seq=7 ttl=63 time=189 ms
64 bytes from aaaa::212:7404:4:404: icmp_seq=13 ttl=63 time=670 ms
64 bytes from aaaa::212:7404:4:404: icmp_seq=14 ttl=63 time=142 ms
64 bytes from aaaa::212:7404:4:404: icmp_seq=15 ttl=63 time=105 ms
64 bytes from aaaa::212:7404:4:404: icmp_seq=16 ttl=63 time=573 ms
64 bytes from aaaa::212:7404:4:404: icmp_seq=17 ttl=63 time=226 ms
64 bytes from aaaa::212:7404:4:404: icmp_seq=18 ttl=63 time=241 ms
64 bytes from aaaa::212:7404:4:404: icmp_seq=19 ttl=63 time=154 ms
64 bytes from aaaa::212:7404:4:404: icmp_seq=20 ttl=63 time=686 ms
64 bytes from aaaa::212:7404:4:404: icmp_seq=21 ttl=63 time=310 ms
64 bytes from aaaa::212:7404:4:404: icmp_seq=22 ttl=63 time=201 ms
64 bytes from aaaa::212:7404:4:404: icmp_seq=24 ttl=63 time=579 ms
64 bytes from aaaa::212:7404:4:404: icmp_seq=25 ttl=63 time=163 ms
64 bytes from aaaa::212:7404:4:404: icmp_seq=26 ttl=63 time=656 ms
64 bytes from aaaa::212:7404:4:404: icmp_seq=27 ttl=63 time=294 ms
64 bytes from aaaa::212:7404:4:404: icmp_seq=28 ttl=63 time=66.2 ms
64 bytes from aaaa::212:7404:4:404: icmp_seq=30 ttl=63 time=148 ms
64 bytes from aaaa::212:7404:4:404: icmp_seq=31 ttl=63 time=109 ms
64 bytes from aaaa::212:7404:4:404: icmp_seq=32 ttl=63 time=66.7 ms
64 bytes from aaaa::212:7404:4:404: icmp_seq=34 ttl=63 time=259 ms
64 bytes from aaaa::212:7404:4:404: icmp_seq=35 ttl=63 time=723 ms
64 bytes from aaaa::212:7404:4:404: icmp_seq=44 ttl=63 time=70.7 ms
64 bytes from aaaa::212:7404:4:404: icmp_seq=48 ttl=63 time=120 ms
64 bytes from aaaa::212:7404:4:404: icmp_seq=53 ttl=63 time=101 ms
64 bytes from aaaa::212:7404:4:404: icmp_seq=54 ttl=63 time=64.2 ms
64 bytes from aaaa::212:7404:4:404: icmp_seq=55 ttl=63 time=101 ms
64 bytes from aaaa::212:7404:4:404: icmp_seq=56 ttl=63 time=52.6 ms
64 bytes from aaaa::212:7404:4:404: icmp_seq=57 ttl=63 time=92.0 ms
64 bytes from aaaa::212:7404:4:404: icmp_seq=58 ttl=63 time=57.2 ms
64 bytes from aaaa::212:7404:4:404: icmp_seq=59 ttl=63 time=165 ms
64 bytes from aaaa::212:7404:4:404: icmp_seq=60 ttl=63 time=116 ms
64 bytes from aaaa::212:7404:4:404: icmp_seq=61 ttl=63 time=55.7 ms
64 bytes from aaaa::212:7404:4:404: icmp_seq=62 ttl=63 time=63.3 ms
64 bytes from aaaa::212:7404:4:404: icmp_seq=63 ttl=63 time=57.0 ms
64 bytes from aaaa::212:7404:4:404: icmp_seq=65 ttl=63 time=66.8 ms
64 bytes from aaaa::212:7404:4:404: icmp_seq=66 ttl=63 time=82.0 ms
64 bytes from aaaa::212:7404:4:404: icmp_seq=67 ttl=63 time=100 ms
64 bytes from aaaa::212:7404:4:404: icmp_seq=68 ttl=63 time=48.0 ms
64 bytes from aaaa::212:7404:4:404: icmp_seq=69 ttl=63 time=75.3 ms
64 bytes from aaaa::212:7404:4:404: icmp_seq=70 ttl=63 time=265 ms
64 bytes from aaaa::212:7404:4:404: icmp_seq=71 ttl=63 time=131 ms
64 bytes from aaaa::212:7404:4:404: icmp_seq=72 ttl=63 time=72.6 ms
64 bytes from aaaa::212:7404:4:404: icmp_seq=73 ttl=63 time=74.8 ms
64 bytes from aaaa::212:7404:4:404: icmp_seq=74 ttl=63 time=53.9 ms
64 bytes from aaaa::212:7404:4:404: icmp_seq=75 ttl=63 time=86.9 ms
64 bytes from aaaa::212:7404:4:404: icmp_seq=76 ttl=63 time=61.1 ms
64 bytes from aaaa::212:7404:4:404: icmp_seq=77 ttl=63 time=81.4 ms
64 bytes from aaaa::212:7404:4:404: icmp_seq=79 ttl=63 time=105 ms
64 bytes from aaaa::212:7404:4:404: icmp_seq=80 ttl=63 time=99.1 ms
64 bytes from aaaa::212:7404:4:404: icmp_seq=81 ttl=63 time=87.3 ms
64 bytes from aaaa::212:7404:4:404: icmp_seq=82 ttl=63 time=48.9 ms
64 bytes from aaaa::212:7404:4:404: icmp_seq=83 ttl=63 time=58.1 ms
64 bytes from aaaa::212:7404:4:404: icmp_seq=84 ttl=63 time=76.4 ms
64 bytes from aaaa::212:7404:4:404: icmp_seq=85 ttl=63 time=73.4 ms
64 bytes from aaaa::212:7404:4:404: icmp_seq=86 ttl=63 time=113 ms
64 bytes from aaaa::212:7404:4:404: icmp_seq=87 ttl=63 time=59.7 ms
64 bytes from aaaa::212:7404:4:404: icmp_seq=88 ttl=63 time=131 ms
64 bytes from aaaa::212:7404:4:404: icmp_seq=89 ttl=63 time=68.3 ms
64 bytes from aaaa::212:7404:4:404: icmp_seq=90 ttl=63 time=66.1 ms
64 bytes from aaaa::212:7404:4:404: icmp_seq=92 ttl=63 time=159 ms
64 bytes from aaaa::212:7404:4:404: icmp_seq=93 ttl=63 time=40.7 ms
64 bytes from aaaa::212:7404:4:404: icmp_seq=94 ttl=63 time=58.9 ms
64 bytes from aaaa::212:7404:4:404: icmp_seq=95 ttl=63 time=45.7 ms
64 bytes from aaaa::212:7404:4:404: icmp_seq=96 ttl=63 time=60.4 ms
64 bytes from aaaa::212:7404:4:404: icmp_seq=97 ttl=63 time=78.7 ms
64 bytes from aaaa::212:7404:4:404: icmp_seq=99 ttl=63 time=59.3 ms
64 bytes from aaaa::212:7404:4:404: icmp_seq=100 ttl=63 time=53.2 ms
64 bytes from aaaa::212:7404:4:404: icmp_seq=102 ttl=63 time=70.4 ms
64 bytes from aaaa::212:7404:4:404: icmp_seq=103 ttl=63 time=167 ms
64 bytes from aaaa::212:7404:4:404: icmp_seq=104 ttl=63 time=67.8 ms
64 bytes from aaaa::212:7404:4:404: icmp_seq=105 ttl=63 time=140 ms
64 bytes from aaaa::212:7404:4:404: icmp_seq=106 ttl=63 time=56.0 ms
64 bytes from aaaa::212:7404:4:404: icmp_seq=107 ttl=63 time=52.8 ms
64 bytes from aaaa::212:7404:4:404: icmp_seq=108 ttl=63 time=76.5 ms
64 bytes from aaaa::212:7404:4:404: icmp_seq=109 ttl=63 time=53.6 ms
64 bytes from aaaa::212:7404:4:404: icmp_seq=110 ttl=63 time=57.8 ms
64 bytes from aaaa::212:7404:4:404: icmp_seq=120 ttl=63 time=49.4 ms
64 bytes from aaaa::212:7404:4:404: icmp_seq=124 ttl=63 time=92.5 ms
64 bytes from aaaa::212:7404:4:404: icmp_seq=125 ttl=63 time=203 ms
64 bytes from aaaa::212:7404:4:404: icmp_seq=126 ttl=63 time=73.2 ms
64 bytes from aaaa::212:7404:4:404: icmp_seq=127 ttl=63 time=48.6 ms
64 bytes from aaaa::212:7404:4:404: icmp_seq=128 ttl=63 time=63.5 ms
64 bytes from aaaa::212:7404:4:404: icmp_seq=129 ttl=63 time=112 ms
64 bytes from aaaa::212:7404:4:404: icmp_seq=130 ttl=63 time=133 ms
64 bytes from aaaa::212:7404:4:404: icmp_seq=131 ttl=63 time=205 ms
64 bytes from aaaa::212:7404:4:404: icmp_seq=132 ttl=63 time=79.3 ms
64 bytes from aaaa::212:7404:4:404: icmp_seq=133 ttl=63 time=95.4 ms
64 bytes from aaaa::212:7404:4:404: icmp_seq=134 ttl=63 time=274 ms
64 bytes from aaaa::212:7404:4:404: icmp_seq=135 ttl=63 time=72.1 ms
64 bytes from aaaa::212:7404:4:404: icmp_seq=136 ttl=63 time=83.5 ms
64 bytes from aaaa::212:7404:4:404: icmp_seq=137 ttl=63 time=113 ms
64 bytes from aaaa::212:7404:4:404: icmp_seq=138 ttl=63 time=90.8 ms
64 bytes from aaaa::212:7404:4:404: icmp_seq=139 ttl=63 time=135 ms
64 bytes from aaaa::212:7404:4:404: icmp_seq=140 ttl=63 time=87.5 ms
64 bytes from aaaa::212:7404:4:404: icmp_seq=141 ttl=63 time=84.1 ms
64 bytes from aaaa::212:7404:4:404: icmp_seq=142 ttl=63 time=77.7 ms
64 bytes from aaaa::212:7404:4:404: icmp_seq=144 ttl=63 time=113 ms
64 bytes from aaaa::212:7404:4:404: icmp_seq=147 ttl=63 time=92.0 ms
64 bytes from aaaa::212:7404:4:404: icmp_seq=148 ttl=63 time=156 ms
64 bytes from aaaa::212:7404:4:404: icmp_seq=149 ttl=63 time=60.7 ms
64 bytes from aaaa::212:7404:4:404: icmp_seq=150 ttl=63 time=91.0 ms
64 bytes from aaaa::212:7404:4:404: icmp_seq=151 ttl=63 time=172 ms
64 bytes from aaaa::212:7404:4:404: icmp_seq=152 ttl=63 time=112 ms
64 bytes from aaaa::212:7404:4:404: icmp_seq=153 ttl=63 time=48.3 ms
64 bytes from aaaa::212:7404:4:404: icmp_seq=155 ttl=63 time=79.2 ms
64 bytes from aaaa::212:7404:4:404: icmp_seq=156 ttl=63 time=47.2 ms
64 bytes from aaaa::212:7404:4:404: icmp_seq=157 ttl=63 time=69.1 ms
64 bytes from aaaa::212:7404:4:404: icmp_seq=158 ttl=63 time=103 ms
64 bytes from aaaa::212:7404:4:404: icmp_seq=159 ttl=63 time=63.8 ms
64 bytes from aaaa::212:7404:4:404: icmp_seq=160 ttl=63 time=59.9 ms
64 bytes from aaaa::212:7404:4:404: icmp_seq=161 ttl=63 time=70.6 ms
64 bytes from aaaa::212:7404:4:404: icmp_seq=163 ttl=63 time=86.7 ms
64 bytes from aaaa::212:7404:4:404: icmp_seq=164 ttl=63 time=75.2 ms
64 bytes from aaaa::212:7404:4:404: icmp_seq=165 ttl=63 time=90.3 ms
64 bytes from aaaa::212:7404:4:404: icmp_seq=166 ttl=63 time=168 ms
64 bytes from aaaa::212:7404:4:404: icmp_seq=167 ttl=63 time=56.5 ms
64 bytes from aaaa::212:7404:4:404: icmp_seq=168 ttl=63 time=109 ms
64 bytes from aaaa::212:7404:4:404: icmp_seq=169 ttl=63 time=405 ms
64 bytes from aaaa::212:7404:4:404: icmp_seq=170 ttl=63 time=73.0 ms
64 bytes from aaaa::212:7404:4:404: icmp_seq=171 ttl=63 time=82.8 ms
64 bytes from aaaa::212:7404:4:404: icmp_seq=172 ttl=63 time=61.0 ms
64 bytes from aaaa::212:7404:4:404: icmp_seq=173 ttl=63 time=66.2 ms
64 bytes from aaaa::212:7404:4:404: icmp_seq=174 ttl=63 time=110 ms
64 bytes from aaaa::212:7404:4:404: icmp_seq=175 ttl=63 time=71.3 ms
64 bytes from aaaa::212:7404:4:404: icmp_seq=176 ttl=63 time=117 ms
64 bytes from aaaa::212:7404:4:404: icmp_seq=177 ttl=63 time=105 ms
64 bytes from aaaa::212:7404:4:404: icmp_seq=178 ttl=63 time=71.0 ms
64 bytes from aaaa::212:7404:4:404: icmp_seq=179 ttl=63 time=101 ms
64 bytes from aaaa::212:7404:4:404: icmp_seq=180 ttl=63 time=65.0 ms
64 bytes from aaaa::212:7404:4:404: icmp_seq=181 ttl=63 time=62.5 ms
64 bytes from aaaa::212:7404:4:404: icmp_seq=183 ttl=63 time=124 ms
64 bytes from aaaa::212:7404:4:404: icmp_seq=184 ttl=63 time=216 ms
64 bytes from aaaa::212:7404:4:404: icmp_seq=185 ttl=63 time=129 ms
64 bytes from aaaa::212:7404:4:404: icmp_seq=186 ttl=63 time=362 ms
64 bytes from aaaa::212:7404:4:404: icmp_seq=188 ttl=63 time=78.5 ms
64 bytes from aaaa::212:7404:4:404: icmp_seq=189 ttl=63 time=116 ms
64 bytes from aaaa::212:7404:4:404: icmp_seq=190 ttl=63 time=136 ms
64 bytes from aaaa::212:7404:4:404: icmp_seq=191 ttl=63 time=158 ms
64 bytes from aaaa::212:7404:4:404: icmp_seq=192 ttl=63 time=88.6 ms
64 bytes from aaaa::212:7404:4:404: icmp_seq=193 ttl=63 time=184 ms
64 bytes from aaaa::212:7404:4:404: icmp_seq=194 ttl=63 time=187 ms
64 bytes from aaaa::212:7404:4:404: icmp_seq=195 ttl=63 time=209 ms
64 bytes from aaaa::212:7404:4:404: icmp_seq=196 ttl=63 time=708 ms
64 bytes from aaaa::212:7404:4:404: icmp_seq=197 ttl=63 time=114 ms
64 bytes from aaaa::212:7404:4:404: icmp_seq=198 ttl=63 time=245 ms
64 bytes from aaaa::212:7404:4:404: icmp_seq=199 ttl=63 time=67.6 ms
64 bytes from aaaa::212:7404:4:404: icmp_seq=200 ttl=63 time=388 ms

--- aaaa::212:7404:4:404 ping statistics ---
200 packets transmitted, 149 received, 25% packet loss, time 1002658ms
rtt min/avg/max/mdev = 40.763/139.047/723.052/136.011 ms
