PING aaaa::212:7408:8:808(aaaa::212:7408:8:808) 56 data bytes
64 bytes from aaaa::212:7408:8:808: icmp_seq=2 ttl=62 time=144 ms
64 bytes from aaaa::212:7408:8:808: icmp_seq=8 ttl=62 time=438 ms
64 bytes from aaaa::212:7408:8:808: icmp_seq=19 ttl=62 time=518 ms
64 bytes from aaaa::212:7408:8:808: icmp_seq=20 ttl=62 time=109 ms
64 bytes from aaaa::212:7408:8:808: icmp_seq=21 ttl=62 time=136 ms
64 bytes from aaaa::212:7408:8:808: icmp_seq=22 ttl=62 time=203 ms
64 bytes from aaaa::212:7408:8:808: icmp_seq=23 ttl=62 time=155 ms
64 bytes from aaaa::212:7408:8:808: icmp_seq=24 ttl=62 time=335 ms
64 bytes from aaaa::212:7408:8:808: icmp_seq=26 ttl=62 time=149 ms
64 bytes from aaaa::212:7408:8:808: icmp_seq=27 ttl=62 time=158 ms
64 bytes from aaaa::212:7408:8:808: icmp_seq=28 ttl=62 time=156 ms
64 bytes from aaaa::212:7408:8:808: icmp_seq=29 ttl=62 time=239 ms
64 bytes from aaaa::212:7408:8:808: icmp_seq=30 ttl=62 time=161 ms
64 bytes from aaaa::212:7408:8:808: icmp_seq=31 ttl=62 time=288 ms
64 bytes from aaaa::212:7408:8:808: icmp_seq=32 ttl=62 time=155 ms
64 bytes from aaaa::212:7408:8:808: icmp_seq=34 ttl=62 time=343 ms
64 bytes from aaaa::212:7408:8:808: icmp_seq=35 ttl=62 time=153 ms
64 bytes from aaaa::212:7408:8:808: icmp_seq=36 ttl=62 time=383 ms
64 bytes from aaaa::212:7408:8:808: icmp_seq=37 ttl=62 time=294 ms
64 bytes from aaaa::212:7408:8:808: icmp_seq=38 ttl=62 time=314 ms
64 bytes from aaaa::212:7408:8:808: icmp_seq=39 ttl=62 time=200 ms
64 bytes from aaaa::212:7408:8:808: icmp_seq=40 ttl=62 time=419 ms
64 bytes from aaaa::212:7408:8:808: icmp_seq=41 ttl=62 time=595 ms
64 bytes from aaaa::212:7408:8:808: icmp_seq=43 ttl=62 time=126 ms
64 bytes from aaaa::212:7408:8:808: icmp_seq=44 ttl=62 time=142 ms
64 bytes from aaaa::212:7408:8:808: icmp_seq=46 ttl=62 time=514 ms
64 bytes from aaaa::212:7408:8:808: icmp_seq=47 ttl=62 time=216 ms
64 bytes from aaaa::212:7408:8:808: icmp_seq=48 ttl=62 time=261 ms
64 bytes from aaaa::212:7408:8:808: icmp_seq=49 ttl=62 time=162 ms
64 bytes from aaaa::212:7408:8:808: icmp_seq=51 ttl=62 time=617 ms
64 bytes from aaaa::212:7408:8:808: icmp_seq=52 ttl=62 time=233 ms
64 bytes from aaaa::212:7408:8:808: icmp_seq=53 ttl=62 time=200 ms
64 bytes from aaaa::212:7408:8:808: icmp_seq=54 ttl=62 time=250 ms
64 bytes from aaaa::212:7408:8:808: icmp_seq=55 ttl=62 time=187 ms
64 bytes from aaaa::212:7408:8:808: icmp_seq=56 ttl=62 time=199 ms
64 bytes from aaaa::212:7408:8:808: icmp_seq=57 ttl=62 time=160 ms
64 bytes from aaaa::212:7408:8:808: icmp_seq=58 ttl=62 time=259 ms
64 bytes from aaaa::212:7408:8:808: icmp_seq=59 ttl=62 time=201 ms
64 bytes from aaaa::212:7408:8:808: icmp_seq=60 ttl=62 time=135 ms
64 bytes from aaaa::212:7408:8:808: icmp_seq=61 ttl=62 time=140 ms
64 bytes from aaaa::212:7408:8:808: icmp_seq=62 ttl=62 time=176 ms
64 bytes from aaaa::212:7408:8:808: icmp_seq=63 ttl=62 time=342 ms
64 bytes from aaaa::212:7408:8:808: icmp_seq=64 ttl=62 time=239 ms
64 bytes from aaaa::212:7408:8:808: icmp_seq=65 ttl=62 time=184 ms
64 bytes from aaaa::212:7408:8:808: icmp_seq=66 ttl=62 time=204 ms
64 bytes from aaaa::212:7408:8:808: icmp_seq=67 ttl=62 time=205 ms
64 bytes from aaaa::212:7408:8:808: icmp_seq=68 ttl=62 time=98.0 ms
64 bytes from aaaa::212:7408:8:808: icmp_seq=70 ttl=62 time=365 ms
64 bytes from aaaa::212:7408:8:808: icmp_seq=71 ttl=62 time=320 ms
64 bytes from aaaa::212:7408:8:808: icmp_seq=72 ttl=62 time=162 ms
64 bytes from aaaa::212:7408:8:808: icmp_seq=73 ttl=62 time=227 ms
64 bytes from aaaa::212:7408:8:808: icmp_seq=74 ttl=62 time=186 ms
64 bytes from aaaa::212:7408:8:808: icmp_seq=75 ttl=62 time=210 ms
64 bytes from aaaa::212:7408:8:808: icmp_seq=76 ttl=62 time=259 ms
64 bytes from aaaa::212:7408:8:808: icmp_seq=77 ttl=62 time=278 ms
64 bytes from aaaa::212:7408:8:808: icmp_seq=78 ttl=62 time=518 ms
64 bytes from aaaa::212:7408:8:808: icmp_seq=79 ttl=62 time=196 ms
64 bytes from aaaa::212:7408:8:808: icmp_seq=80 ttl=62 time=184 ms
64 bytes from aaaa::212:7408:8:808: icmp_seq=82 ttl=62 time=258 ms
64 bytes from aaaa::212:7408:8:808: icmp_seq=83 ttl=62 time=231 ms
64 bytes from aaaa::212:7408:8:808: icmp_seq=85 ttl=62 time=387 ms
64 bytes from aaaa::212:7408:8:808: icmp_seq=87 ttl=62 time=244 ms
64 bytes from aaaa::212:7408:8:808: icmp_seq=88 ttl=62 time=175 ms
64 bytes from aaaa::212:7408:8:808: icmp_seq=89 ttl=62 time=349 ms
64 bytes from aaaa::212:7408:8:808: icmp_seq=90 ttl=62 time=683 ms
64 bytes from aaaa::212:7408:8:808: icmp_seq=91 ttl=62 time=586 ms
64 bytes from aaaa::212:7408:8:808: icmp_seq=92 ttl=62 time=642 ms
64 bytes from aaaa::212:7408:8:808: icmp_seq=94 ttl=62 time=147 ms
64 bytes from aaaa::212:7408:8:808: icmp_seq=95 ttl=62 time=604 ms
64 bytes from aaaa::212:7408:8:808: icmp_seq=96 ttl=62 time=1421 ms
64 bytes from aaaa::212:7408:8:808: icmp_seq=97 ttl=62 time=697 ms
64 bytes from aaaa::212:7408:8:808: icmp_seq=98 ttl=62 time=188 ms
64 bytes from aaaa::212:7408:8:808: icmp_seq=99 ttl=62 time=201 ms
64 bytes from aaaa::212:7408:8:808: icmp_seq=100 ttl=62 time=216 ms
64 bytes from aaaa::212:7408:8:808: icmp_seq=102 ttl=62 time=1127 ms
64 bytes from aaaa::212:7408:8:808: icmp_seq=103 ttl=62 time=1855 ms
64 bytes from aaaa::212:7408:8:808: icmp_seq=104 ttl=62 time=734 ms
64 bytes from aaaa::212:7408:8:808: icmp_seq=105 ttl=62 time=184 ms
64 bytes from aaaa::212:7408:8:808: icmp_seq=106 ttl=62 time=211 ms
64 bytes from aaaa::212:7408:8:808: icmp_seq=107 ttl=62 time=156 ms
64 bytes from aaaa::212:7408:8:808: icmp_seq=108 ttl=62 time=257 ms
64 bytes from aaaa::212:7408:8:808: icmp_seq=109 ttl=62 time=170 ms
64 bytes from aaaa::212:7408:8:808: icmp_seq=110 ttl=62 time=137 ms
64 bytes from aaaa::212:7408:8:808: icmp_seq=112 ttl=62 time=146 ms
64 bytes from aaaa::212:7408:8:808: icmp_seq=113 ttl=62 time=104 ms
64 bytes from aaaa::212:7408:8:808: icmp_seq=114 ttl=62 time=177 ms
64 bytes from aaaa::212:7408:8:808: icmp_seq=116 ttl=62 time=131 ms
64 bytes from aaaa::212:7408:8:808: icmp_seq=117 ttl=62 time=158 ms
64 bytes from aaaa::212:7408:8:808: icmp_seq=118 ttl=62 time=127 ms
64 bytes from aaaa::212:7408:8:808: icmp_seq=119 ttl=62 time=176 ms
64 bytes from aaaa::212:7408:8:808: icmp_seq=120 ttl=62 time=124 ms
64 bytes from aaaa::212:7408:8:808: icmp_seq=121 ttl=62 time=130 ms
64 bytes from aaaa::212:7408:8:808: icmp_seq=122 ttl=62 time=172 ms
64 bytes from aaaa::212:7408:8:808: icmp_seq=123 ttl=62 time=127 ms
64 bytes from aaaa::212:7408:8:808: icmp_seq=124 ttl=62 time=576 ms
64 bytes from aaaa::212:7408:8:808: icmp_seq=125 ttl=62 time=303 ms
64 bytes from aaaa::212:7408:8:808: icmp_seq=126 ttl=62 time=369 ms
64 bytes from aaaa::212:7408:8:808: icmp_seq=127 ttl=62 time=172 ms
64 bytes from aaaa::212:7408:8:808: icmp_seq=128 ttl=62 time=155 ms
64 bytes from aaaa::212:7408:8:808: icmp_seq=129 ttl=62 time=326 ms
64 bytes from aaaa::212:7408:8:808: icmp_seq=131 ttl=62 time=186 ms
64 bytes from aaaa::212:7408:8:808: icmp_seq=132 ttl=62 time=718 ms
64 bytes from aaaa::212:7408:8:808: icmp_seq=134 ttl=62 time=865 ms
64 bytes from aaaa::212:7408:8:808: icmp_seq=135 ttl=62 time=341 ms
64 bytes from aaaa::212:7408:8:808: icmp_seq=136 ttl=62 time=273 ms
64 bytes from aaaa::212:7408:8:808: icmp_seq=137 ttl=62 time=228 ms
64 bytes from aaaa::212:7408:8:808: icmp_seq=138 ttl=62 time=692 ms
64 bytes from aaaa::212:7408:8:808: icmp_seq=141 ttl=62 time=758 ms
64 bytes from aaaa::212:7408:8:808: icmp_seq=142 ttl=62 time=458 ms
64 bytes from aaaa::212:7408:8:808: icmp_seq=146 ttl=62 time=256 ms
64 bytes from aaaa::212:7408:8:808: icmp_seq=147 ttl=62 time=230 ms
64 bytes from aaaa::212:7408:8:808: icmp_seq=148 ttl=62 time=441 ms
64 bytes from aaaa::212:7408:8:808: icmp_seq=149 ttl=62 time=173 ms
64 bytes from aaaa::212:7408:8:808: icmp_seq=150 ttl=62 time=953 ms
64 bytes from aaaa::212:7408:8:808: icmp_seq=151 ttl=62 time=418 ms
64 bytes from aaaa::212:7408:8:808: icmp_seq=152 ttl=62 time=255 ms
64 bytes from aaaa::212:7408:8:808: icmp_seq=153 ttl=62 time=565 ms
64 bytes from aaaa::212:7408:8:808: icmp_seq=154 ttl=62 time=921 ms
64 bytes from aaaa::212:7408:8:808: icmp_seq=155 ttl=62 time=449 ms
64 bytes from aaaa::212:7408:8:808: icmp_seq=156 ttl=62 time=327 ms
64 bytes from aaaa::212:7408:8:808: icmp_seq=157 ttl=62 time=518 ms
64 bytes from aaaa::212:7408:8:808: icmp_seq=158 ttl=62 time=547 ms
64 bytes from aaaa::212:7408:8:808: icmp_seq=160 ttl=62 time=675 ms
64 bytes from aaaa::212:7408:8:808: icmp_seq=161 ttl=62 time=377 ms
64 bytes from aaaa::212:7408:8:808: icmp_seq=162 ttl=62 time=274 ms
64 bytes from aaaa::212:7408:8:808: icmp_seq=163 ttl=62 time=305 ms
64 bytes from aaaa::212:7408:8:808: icmp_seq=164 ttl=62 time=481 ms
64 bytes from aaaa::212:7408:8:808: icmp_seq=165 ttl=62 time=297 ms
64 bytes from aaaa::212:7408:8:808: icmp_seq=166 ttl=62 time=531 ms
64 bytes from aaaa::212:7408:8:808: icmp_seq=167 ttl=62 time=232 ms
64 bytes from aaaa::212:7408:8:808: icmp_seq=168 ttl=62 time=342 ms
64 bytes from aaaa::212:7408:8:808: icmp_seq=169 ttl=62 time=359 ms
64 bytes from aaaa::212:7408:8:808: icmp_seq=170 ttl=62 time=181 ms
64 bytes from aaaa::212:7408:8:808: icmp_seq=171 ttl=62 time=244 ms
64 bytes from aaaa::212:7408:8:808: icmp_seq=172 ttl=62 time=123 ms
64 bytes from aaaa::212:7408:8:808: icmp_seq=173 ttl=62 time=266 ms
64 bytes from aaaa::212:7408:8:808: icmp_seq=174 ttl=62 time=204 ms
64 bytes from aaaa::212:7408:8:808: icmp_seq=175 ttl=62 time=166 ms
64 bytes from aaaa::212:7408:8:808: icmp_seq=176 ttl=62 time=199 ms
64 bytes from aaaa::212:7408:8:808: icmp_seq=177 ttl=62 time=191 ms
64 bytes from aaaa::212:7408:8:808: icmp_seq=178 ttl=62 time=241 ms
64 bytes from aaaa::212:7408:8:808: icmp_seq=179 ttl=62 time=156 ms
64 bytes from aaaa::212:7408:8:808: icmp_seq=180 ttl=62 time=138 ms
64 bytes from aaaa::212:7408:8:808: icmp_seq=181 ttl=62 time=243 ms
64 bytes from aaaa::212:7408:8:808: icmp_seq=182 ttl=62 time=378 ms
64 bytes from aaaa::212:7408:8:808: icmp_seq=183 ttl=62 time=219 ms
64 bytes from aaaa::212:7408:8:808: icmp_seq=184 ttl=62 time=213 ms
64 bytes from aaaa::212:7408:8:808: icmp_seq=186 ttl=62 time=139 ms
64 bytes from aaaa::212:7408:8:808: icmp_seq=187 ttl=62 time=189 ms
64 bytes from aaaa::212:7408:8:808: icmp_seq=188 ttl=62 time=192 ms
64 bytes from aaaa::212:7408:8:808: icmp_seq=189 ttl=62 time=182 ms
64 bytes from aaaa::212:7408:8:808: icmp_seq=190 ttl=62 time=266 ms
64 bytes from aaaa::212:7408:8:808: icmp_seq=191 ttl=62 time=501 ms
64 bytes from aaaa::212:7408:8:808: icmp_seq=192 ttl=62 time=285 ms
64 bytes from aaaa::212:7408:8:808: icmp_seq=193 ttl=62 time=324 ms
64 bytes from aaaa::212:7408:8:808: icmp_seq=194 ttl=62 time=183 ms
64 bytes from aaaa::212:7408:8:808: icmp_seq=195 ttl=62 time=161 ms
64 bytes from aaaa::212:7408:8:808: icmp_seq=196 ttl=62 time=174 ms
64 bytes from aaaa::212:7408:8:808: icmp_seq=197 ttl=62 time=135 ms
64 bytes from aaaa::212:7408:8:808: icmp_seq=198 ttl=62 time=155 ms
64 bytes from aaaa::212:7408:8:808: icmp_seq=199 ttl=62 time=111 ms
64 bytes from aaaa::212:7408:8:808: icmp_seq=200 ttl=62 time=267 ms

--- aaaa::212:7408:8:808 ping statistics ---
200 packets transmitted, 162 received, 19% packet loss, time 1000489ms
rtt min/avg/max/mdev = 98.063/312.841/1855.761/240.010 ms
