PING aaaa::212:7409:9:909(aaaa::212:7409:9:909) 56 data bytes
64 bytes from aaaa::212:7409:9:909: icmp_seq=1 ttl=61 time=461 ms
64 bytes from aaaa::212:7409:9:909: icmp_seq=6 ttl=61 time=320 ms
64 bytes from aaaa::212:7409:9:909: icmp_seq=13 ttl=61 time=294 ms
64 bytes from aaaa::212:7409:9:909: icmp_seq=14 ttl=61 time=353 ms
64 bytes from aaaa::212:7409:9:909: icmp_seq=15 ttl=61 time=548 ms
64 bytes from aaaa::212:7409:9:909: icmp_seq=17 ttl=61 time=208 ms
64 bytes from aaaa::212:7409:9:909: icmp_seq=18 ttl=61 time=252 ms
64 bytes from aaaa::212:7409:9:909: icmp_seq=21 ttl=61 time=401 ms
64 bytes from aaaa::212:7409:9:909: icmp_seq=22 ttl=61 time=331 ms
64 bytes from aaaa::212:7409:9:909: icmp_seq=23 ttl=61 time=745 ms
64 bytes from aaaa::212:7409:9:909: icmp_seq=24 ttl=61 time=330 ms
64 bytes from aaaa::212:7409:9:909: icmp_seq=26 ttl=61 time=307 ms
64 bytes from aaaa::212:7409:9:909: icmp_seq=27 ttl=61 time=214 ms
64 bytes from aaaa::212:7409:9:909: icmp_seq=28 ttl=61 time=503 ms
64 bytes from aaaa::212:7409:9:909: icmp_seq=29 ttl=61 time=219 ms
64 bytes from aaaa::212:7409:9:909: icmp_seq=31 ttl=61 time=249 ms
64 bytes from aaaa::212:7409:9:909: icmp_seq=32 ttl=61 time=449 ms
64 bytes from aaaa::212:7409:9:909: icmp_seq=34 ttl=61 time=646 ms
64 bytes from aaaa::212:7409:9:909: icmp_seq=35 ttl=61 time=225 ms
64 bytes from aaaa::212:7409:9:909: icmp_seq=36 ttl=61 time=185 ms
64 bytes from aaaa::212:7409:9:909: icmp_seq=37 ttl=61 time=171 ms
64 bytes from aaaa::212:7409:9:909: icmp_seq=38 ttl=61 time=231 ms
64 bytes from aaaa::212:7409:9:909: icmp_seq=39 ttl=61 time=180 ms
64 bytes from aaaa::212:7409:9:909: icmp_seq=41 ttl=61 time=189 ms
64 bytes from aaaa::212:7409:9:909: icmp_seq=42 ttl=61 time=709 ms
64 bytes from aaaa::212:7409:9:909: icmp_seq=43 ttl=61 time=230 ms
64 bytes from aaaa::212:7409:9:909: icmp_seq=44 ttl=61 time=216 ms
64 bytes from aaaa::212:7409:9:909: icmp_seq=45 ttl=61 time=503 ms
64 bytes from aaaa::212:7409:9:909: icmp_seq=46 ttl=61 time=254 ms
64 bytes from aaaa::212:7409:9:909: icmp_seq=47 ttl=61 time=515 ms
64 bytes from aaaa::212:7409:9:909: icmp_seq=48 ttl=61 time=553 ms
64 bytes from aaaa::212:7409:9:909: icmp_seq=49 ttl=61 time=233 ms
64 bytes from aaaa::212:7409:9:909: icmp_seq=50 ttl=61 time=269 ms
64 bytes from aaaa::212:7409:9:909: icmp_seq=51 ttl=61 time=308 ms
64 bytes from aaaa::212:7409:9:909: icmp_seq=52 ttl=61 time=612 ms
64 bytes from aaaa::212:7409:9:909: icmp_seq=53 ttl=61 time=465 ms
64 bytes from aaaa::212:7409:9:909: icmp_seq=54 ttl=61 time=422 ms
64 bytes from aaaa::212:7409:9:909: icmp_seq=55 ttl=61 time=289 ms
64 bytes from aaaa::212:7409:9:909: icmp_seq=56 ttl=61 time=637 ms
64 bytes from aaaa::212:7409:9:909: icmp_seq=57 ttl=61 time=477 ms
64 bytes from aaaa::212:7409:9:909: icmp_seq=58 ttl=61 time=289 ms
64 bytes from aaaa::212:7409:9:909: icmp_seq=59 ttl=61 time=244 ms
64 bytes from aaaa::212:7409:9:909: icmp_seq=60 ttl=61 time=296 ms
64 bytes from aaaa::212:7409:9:909: icmp_seq=61 ttl=61 time=486 ms
64 bytes from aaaa::212:7409:9:909: icmp_seq=62 ttl=61 time=549 ms
64 bytes from aaaa::212:7409:9:909: icmp_seq=63 ttl=61 time=506 ms
64 bytes from aaaa::212:7409:9:909: icmp_seq=64 ttl=61 time=572 ms
64 bytes from aaaa::212:7409:9:909: icmp_seq=65 ttl=61 time=467 ms
64 bytes from aaaa::212:7409:9:909: icmp_seq=66 ttl=61 time=277 ms
64 bytes from aaaa::212:7409:9:909: icmp_seq=67 ttl=61 time=399 ms
64 bytes from aaaa::212:7409:9:909: icmp_seq=68 ttl=61 time=297 ms
64 bytes from aaaa::212:7409:9:909: icmp_seq=69 ttl=61 time=379 ms
64 bytes from aaaa::212:7409:9:909: icmp_seq=70 ttl=61 time=411 ms
64 bytes from aaaa::212:7409:9:909: icmp_seq=71 ttl=61 time=588 ms
64 bytes from aaaa::212:7409:9:909: icmp_seq=72 ttl=61 time=832 ms
64 bytes from aaaa::212:7409:9:909: icmp_seq=73 ttl=61 time=252 ms
64 bytes from aaaa::212:7409:9:909: icmp_seq=74 ttl=61 time=225 ms
64 bytes from aaaa::212:7409:9:909: icmp_seq=75 ttl=61 time=257 ms
64 bytes from aaaa::212:7409:9:909: icmp_seq=76 ttl=61 time=241 ms
64 bytes from aaaa::212:7409:9:909: icmp_seq=77 ttl=61 time=173 ms
64 bytes from aaaa::212:7409:9:909: icmp_seq=78 ttl=61 time=484 ms
64 bytes from aaaa::212:7409:9:909: icmp_seq=79 ttl=61 time=204 ms
64 bytes from aaaa::212:7409:9:909: icmp_seq=80 ttl=61 time=309 ms
64 bytes from aaaa::212:7409:9:909: icmp_seq=81 ttl=61 time=223 ms
64 bytes from aaaa::212:7409:9:909: icmp_seq=82 ttl=61 time=239 ms
64 bytes from aaaa::212:7409:9:909: icmp_seq=83 ttl=61 time=429 ms
64 bytes from aaaa::212:7409:9:909: icmp_seq=84 ttl=61 time=248 ms
64 bytes from aaaa::212:7409:9:909: icmp_seq=85 ttl=61 time=607 ms
64 bytes from aaaa::212:7409:9:909: icmp_seq=86 ttl=61 time=478 ms
64 bytes from aaaa::212:7409:9:909: icmp_seq=87 ttl=61 time=445 ms
64 bytes from aaaa::212:7409:9:909: icmp_seq=88 ttl=61 time=534 ms
64 bytes from aaaa::212:7409:9:909: icmp_seq=89 ttl=61 time=381 ms
64 bytes from aaaa::212:7409:9:909: icmp_seq=90 ttl=61 time=908 ms
64 bytes from aaaa::212:7409:9:909: icmp_seq=91 ttl=61 time=531 ms
64 bytes from aaaa::212:7409:9:909: icmp_seq=93 ttl=61 time=1323 ms
64 bytes from aaaa::212:7409:9:909: icmp_seq=94 ttl=61 time=192 ms
64 bytes from aaaa::212:7409:9:909: icmp_seq=95 ttl=61 time=486 ms
64 bytes from aaaa::212:7409:9:909: icmp_seq=96 ttl=61 time=1295 ms
64 bytes from aaaa::212:7409:9:909: icmp_seq=98 ttl=61 time=277 ms
64 bytes from aaaa::212:7409:9:909: icmp_seq=99 ttl=61 time=523 ms
64 bytes from aaaa::212:7409:9:909: icmp_seq=100 ttl=61 time=327 ms
64 bytes from aaaa::212:7409:9:909: icmp_seq=101 ttl=61 time=633 ms
64 bytes from aaaa::212:7409:9:909: icmp_seq=104 ttl=61 time=533 ms
64 bytes from aaaa::212:7409:9:909: icmp_seq=106 ttl=61 time=442 ms
64 bytes from aaaa::212:7409:9:909: icmp_seq=107 ttl=61 time=208 ms
64 bytes from aaaa::212:7409:9:909: icmp_seq=108 ttl=61 time=204 ms
64 bytes from aaaa::212:7409:9:909: icmp_seq=109 ttl=61 time=263 ms
64 bytes from aaaa::212:7409:9:909: icmp_seq=110 ttl=61 time=183 ms
64 bytes from aaaa::212:7409:9:909: icmp_seq=111 ttl=61 time=253 ms
64 bytes from aaaa::212:7409:9:909: icmp_seq=112 ttl=61 time=180 ms
64 bytes from aaaa::212:7409:9:909: icmp_seq=113 ttl=61 time=196 ms
64 bytes from aaaa::212:7409:9:909: icmp_seq=114 ttl=61 time=204 ms
64 bytes from aaaa::212:7409:9:909: icmp_seq=115 ttl=61 time=290 ms
64 bytes from aaaa::212:7409:9:909: icmp_seq=116 ttl=61 time=264 ms
64 bytes from aaaa::212:7409:9:909: icmp_seq=117 ttl=61 time=200 ms
64 bytes from aaaa::212:7409:9:909: icmp_seq=118 ttl=61 time=261 ms
64 bytes from aaaa::212:7409:9:909: icmp_seq=119 ttl=61 time=193 ms
64 bytes from aaaa::212:7409:9:909: icmp_seq=120 ttl=61 time=282 ms
64 bytes from aaaa::212:7409:9:909: icmp_seq=121 ttl=61 time=234 ms
64 bytes from aaaa::212:7409:9:909: icmp_seq=122 ttl=61 time=199 ms
64 bytes from aaaa::212:7409:9:909: icmp_seq=124 ttl=61 time=654 ms
64 bytes from aaaa::212:7409:9:909: icmp_seq=126 ttl=61 time=236 ms
64 bytes from aaaa::212:7409:9:909: icmp_seq=127 ttl=61 time=192 ms
64 bytes from aaaa::212:7409:9:909: icmp_seq=129 ttl=61 time=248 ms
64 bytes from aaaa::212:7409:9:909: icmp_seq=130 ttl=61 time=875 ms
64 bytes from aaaa::212:7409:9:909: icmp_seq=135 ttl=61 time=261 ms
64 bytes from aaaa::212:7409:9:909: icmp_seq=136 ttl=61 time=254 ms
64 bytes from aaaa::212:7409:9:909: icmp_seq=137 ttl=61 time=1991 ms
64 bytes from aaaa::212:7409:9:909: icmp_seq=138 ttl=61 time=520 ms
64 bytes from aaaa::212:7409:9:909: icmp_seq=139 ttl=61 time=692 ms
64 bytes from aaaa::212:7409:9:909: icmp_seq=140 ttl=61 time=435 ms
64 bytes from aaaa::212:7409:9:909: icmp_seq=141 ttl=61 time=769 ms
64 bytes from aaaa::212:7409:9:909: icmp_seq=144 ttl=61 time=520 ms
64 bytes from aaaa::212:7409:9:909: icmp_seq=146 ttl=61 time=472 ms
64 bytes from aaaa::212:7409:9:909: icmp_seq=147 ttl=61 time=737 ms
64 bytes from aaaa::212:7409:9:909: icmp_seq=149 ttl=61 time=486 ms
64 bytes from aaaa::212:7409:9:909: icmp_seq=151 ttl=61 time=1239 ms
64 bytes from aaaa::212:7409:9:909: icmp_seq=152 ttl=61 time=655 ms
64 bytes from aaaa::212:7409:9:909: icmp_seq=156 ttl=61 time=798 ms
64 bytes from aaaa::212:7409:9:909: icmp_seq=157 ttl=61 time=604 ms
64 bytes from aaaa::212:7409:9:909: icmp_seq=158 ttl=61 time=1035 ms
64 bytes from aaaa::212:7409:9:909: icmp_seq=160 ttl=61 time=779 ms
64 bytes from aaaa::212:7409:9:909: icmp_seq=162 ttl=61 time=835 ms
64 bytes from aaaa::212:7409:9:909: icmp_seq=163 ttl=61 time=1262 ms
64 bytes from aaaa::212:7409:9:909: icmp_seq=164 ttl=61 time=880 ms
64 bytes from aaaa::212:7409:9:909: icmp_seq=165 ttl=61 time=296 ms
64 bytes from aaaa::212:7409:9:909: icmp_seq=166 ttl=61 time=1064 ms
64 bytes from aaaa::212:7409:9:909: icmp_seq=167 ttl=61 time=603 ms
64 bytes from aaaa::212:7409:9:909: icmp_seq=174 ttl=61 time=231 ms
64 bytes from aaaa::212:7409:9:909: icmp_seq=175 ttl=61 time=394 ms
64 bytes from aaaa::212:7409:9:909: icmp_seq=176 ttl=61 time=310 ms
64 bytes from aaaa::212:7409:9:909: icmp_seq=177 ttl=61 time=305 ms
64 bytes from aaaa::212:7409:9:909: icmp_seq=178 ttl=61 time=294 ms
64 bytes from aaaa::212:7409:9:909: icmp_seq=179 ttl=61 time=288 ms
64 bytes from aaaa::212:7409:9:909: icmp_seq=180 ttl=61 time=637 ms
64 bytes from aaaa::212:7409:9:909: icmp_seq=181 ttl=61 time=480 ms
64 bytes from aaaa::212:7409:9:909: icmp_seq=182 ttl=61 time=267 ms
64 bytes from aaaa::212:7409:9:909: icmp_seq=184 ttl=61 time=213 ms
64 bytes from aaaa::212:7409:9:909: icmp_seq=185 ttl=61 time=300 ms
64 bytes from aaaa::212:7409:9:909: icmp_seq=186 ttl=61 time=771 ms
64 bytes from aaaa::212:7409:9:909: icmp_seq=187 ttl=61 time=215 ms
64 bytes from aaaa::212:7409:9:909: icmp_seq=188 ttl=61 time=212 ms
64 bytes from aaaa::212:7409:9:909: icmp_seq=189 ttl=61 time=324 ms
64 bytes from aaaa::212:7409:9:909: icmp_seq=190 ttl=61 time=280 ms
64 bytes from aaaa::212:7409:9:909: icmp_seq=191 ttl=61 time=269 ms
64 bytes from aaaa::212:7409:9:909: icmp_seq=193 ttl=61 time=434 ms
64 bytes from aaaa::212:7409:9:909: icmp_seq=194 ttl=61 time=268 ms
64 bytes from aaaa::212:7409:9:909: icmp_seq=195 ttl=61 time=212 ms
64 bytes from aaaa::212:7409:9:909: icmp_seq=197 ttl=61 time=415 ms
64 bytes from aaaa::212:7409:9:909: icmp_seq=198 ttl=61 time=261 ms
64 bytes from aaaa::212:7409:9:909: icmp_seq=199 ttl=61 time=248 ms
64 bytes from aaaa::212:7409:9:909: icmp_seq=200 ttl=61 time=225 ms

--- aaaa::212:7409:9:909 ping statistics ---
200 packets transmitted, 152 received, 24% packet loss, time 1001772ms
rtt min/avg/max/mdev = 171.783/430.422/1991.294/272.805 ms
