PING aaaa::212:740a:a:a0a(aaaa::212:740a:a:a0a) 56 data bytes
64 bytes from aaaa::212:740a:a:a0a: icmp_seq=1 ttl=60 time=439 ms
64 bytes from aaaa::212:740a:a:a0a: icmp_seq=3 ttl=60 time=375 ms
64 bytes from aaaa::212:740a:a:a0a: icmp_seq=4 ttl=60 time=232 ms
64 bytes from aaaa::212:740a:a:a0a: icmp_seq=5 ttl=60 time=266 ms
64 bytes from aaaa::212:740a:a:a0a: icmp_seq=6 ttl=60 time=249 ms
64 bytes from aaaa::212:740a:a:a0a: icmp_seq=7 ttl=60 time=467 ms
64 bytes from aaaa::212:740a:a:a0a: icmp_seq=8 ttl=60 time=289 ms
64 bytes from aaaa::212:740a:a:a0a: icmp_seq=9 ttl=60 time=304 ms
64 bytes from aaaa::212:740a:a:a0a: icmp_seq=10 ttl=60 time=214 ms
64 bytes from aaaa::212:740a:a:a0a: icmp_seq=11 ttl=60 time=386 ms
64 bytes from aaaa::212:740a:a:a0a: icmp_seq=12 ttl=60 time=337 ms
64 bytes from aaaa::212:740a:a:a0a: icmp_seq=13 ttl=60 time=505 ms
64 bytes from aaaa::212:740a:a:a0a: icmp_seq=14 ttl=60 time=473 ms
64 bytes from aaaa::212:740a:a:a0a: icmp_seq=15 ttl=60 time=243 ms
64 bytes from aaaa::212:740a:a:a0a: icmp_seq=16 ttl=60 time=431 ms
64 bytes from aaaa::212:740a:a:a0a: icmp_seq=17 ttl=60 time=388 ms
64 bytes from aaaa::212:740a:a:a0a: icmp_seq=18 ttl=60 time=760 ms
64 bytes from aaaa::212:740a:a:a0a: icmp_seq=19 ttl=60 time=437 ms
64 bytes from aaaa::212:740a:a:a0a: icmp_seq=20 ttl=60 time=502 ms
64 bytes from aaaa::212:740a:a:a0a: icmp_seq=21 ttl=60 time=627 ms
64 bytes from aaaa::212:740a:a:a0a: icmp_seq=22 ttl=60 time=681 ms
64 bytes from aaaa::212:740a:a:a0a: icmp_seq=23 ttl=60 time=412 ms
64 bytes from aaaa::212:740a:a:a0a: icmp_seq=24 ttl=60 time=793 ms
64 bytes from aaaa::212:740a:a:a0a: icmp_seq=25 ttl=60 time=273 ms
64 bytes from aaaa::212:740a:a:a0a: icmp_seq=26 ttl=60 time=300 ms
64 bytes from aaaa::212:740a:a:a0a: icmp_seq=27 ttl=60 time=288 ms
64 bytes from aaaa::212:740a:a:a0a: icmp_seq=28 ttl=60 time=414 ms
64 bytes from aaaa::212:740a:a:a0a: icmp_seq=29 ttl=60 time=283 ms
64 bytes from aaaa::212:740a:a:a0a: icmp_seq=30 ttl=60 time=261 ms
64 bytes from aaaa::212:740a:a:a0a: icmp_seq=31 ttl=60 time=268 ms
64 bytes from aaaa::212:740a:a:a0a: icmp_seq=32 ttl=60 time=196 ms
64 bytes from aaaa::212:740a:a:a0a: icmp_seq=33 ttl=60 time=257 ms
64 bytes from aaaa::212:740a:a:a0a: icmp_seq=34 ttl=60 time=533 ms
64 bytes from aaaa::212:740a:a:a0a: icmp_seq=35 ttl=60 time=707 ms
64 bytes from aaaa::212:740a:a:a0a: icmp_seq=36 ttl=60 time=327 ms
64 bytes from aaaa::212:740a:a:a0a: icmp_seq=37 ttl=60 time=492 ms
64 bytes from aaaa::212:740a:a:a0a: icmp_seq=38 ttl=60 time=431 ms
64 bytes from aaaa::212:740a:a:a0a: icmp_seq=39 ttl=60 time=309 ms
64 bytes from aaaa::212:740a:a:a0a: icmp_seq=40 ttl=60 time=402 ms
64 bytes from aaaa::212:740a:a:a0a: icmp_seq=41 ttl=60 time=294 ms
64 bytes from aaaa::212:740a:a:a0a: icmp_seq=43 ttl=60 time=249 ms
64 bytes from aaaa::212:740a:a:a0a: icmp_seq=44 ttl=60 time=355 ms
64 bytes from aaaa::212:740a:a:a0a: icmp_seq=47 ttl=60 time=663 ms
64 bytes from aaaa::212:740a:a:a0a: icmp_seq=48 ttl=60 time=363 ms
64 bytes from aaaa::212:740a:a:a0a: icmp_seq=49 ttl=60 time=268 ms
64 bytes from aaaa::212:740a:a:a0a: icmp_seq=50 ttl=60 time=226 ms
64 bytes from aaaa::212:740a:a:a0a: icmp_seq=51 ttl=60 time=440 ms
64 bytes from aaaa::212:740a:a:a0a: icmp_seq=52 ttl=60 time=302 ms
64 bytes from aaaa::212:740a:a:a0a: icmp_seq=53 ttl=60 time=291 ms
64 bytes from aaaa::212:740a:a:a0a: icmp_seq=54 ttl=60 time=235 ms
64 bytes from aaaa::212:740a:a:a0a: icmp_seq=55 ttl=60 time=275 ms
64 bytes from aaaa::212:740a:a:a0a: icmp_seq=56 ttl=60 time=273 ms
64 bytes from aaaa::212:740a:a:a0a: icmp_seq=57 ttl=60 time=369 ms
64 bytes from aaaa::212:740a:a:a0a: icmp_seq=58 ttl=60 time=254 ms
64 bytes from aaaa::212:740a:a:a0a: icmp_seq=59 ttl=60 time=304 ms
64 bytes from aaaa::212:740a:a:a0a: icmp_seq=60 ttl=60 time=316 ms
64 bytes from aaaa::212:740a:a:a0a: icmp_seq=61 ttl=60 time=376 ms
64 bytes from aaaa::212:740a:a:a0a: icmp_seq=63 ttl=60 time=431 ms
64 bytes from aaaa::212:740a:a:a0a: icmp_seq=64 ttl=60 time=283 ms
64 bytes from aaaa::212:740a:a:a0a: icmp_seq=65 ttl=60 time=311 ms
64 bytes from aaaa::212:740a:a:a0a: icmp_seq=66 ttl=60 time=338 ms
64 bytes from aaaa::212:740a:a:a0a: icmp_seq=67 ttl=60 time=310 ms
64 bytes from aaaa::212:740a:a:a0a: icmp_seq=68 ttl=60 time=255 ms
64 bytes from aaaa::212:740a:a:a0a: icmp_seq=69 ttl=60 time=360 ms
64 bytes from aaaa::212:740a:a:a0a: icmp_seq=70 ttl=60 time=426 ms
64 bytes from aaaa::212:740a:a:a0a: icmp_seq=71 ttl=60 time=488 ms
64 bytes from aaaa::212:740a:a:a0a: icmp_seq=72 ttl=60 time=324 ms
64 bytes from aaaa::212:740a:a:a0a: icmp_seq=73 ttl=60 time=631 ms
64 bytes from aaaa::212:740a:a:a0a: icmp_seq=74 ttl=60 time=393 ms
64 bytes from aaaa::212:740a:a:a0a: icmp_seq=75 ttl=60 time=330 ms
64 bytes from aaaa::212:740a:a:a0a: icmp_seq=76 ttl=60 time=341 ms
64 bytes from aaaa::212:740a:a:a0a: icmp_seq=77 ttl=60 time=320 ms
64 bytes from aaaa::212:740a:a:a0a: icmp_seq=78 ttl=60 time=684 ms
64 bytes from aaaa::212:740a:a:a0a: icmp_seq=79 ttl=60 time=445 ms
64 bytes from aaaa::212:740a:a:a0a: icmp_seq=80 ttl=60 time=687 ms
64 bytes from aaaa::212:740a:a:a0a: icmp_seq=81 ttl=60 time=308 ms
64 bytes from aaaa::212:740a:a:a0a: icmp_seq=82 ttl=60 time=405 ms
64 bytes from aaaa::212:740a:a:a0a: icmp_seq=83 ttl=60 time=362 ms
64 bytes from aaaa::212:740a:a:a0a: icmp_seq=86 ttl=60 time=425 ms
64 bytes from aaaa::212:740a:a:a0a: icmp_seq=87 ttl=60 time=350 ms
64 bytes from aaaa::212:740a:a:a0a: icmp_seq=88 ttl=60 time=595 ms
64 bytes from aaaa::212:740a:a:a0a: icmp_seq=89 ttl=60 time=349 ms
64 bytes from aaaa::212:740a:a:a0a: icmp_seq=90 ttl=60 time=552 ms
64 bytes from aaaa::212:740a:a:a0a: icmp_seq=91 ttl=60 time=393 ms
64 bytes from aaaa::212:740a:a:a0a: icmp_seq=92 ttl=60 time=997 ms
64 bytes from aaaa::212:740a:a:a0a: icmp_seq=94 ttl=60 time=316 ms
64 bytes from aaaa::212:740a:a:a0a: icmp_seq=95 ttl=60 time=467 ms
64 bytes from aaaa::212:740a:a:a0a: icmp_seq=96 ttl=60 time=1090 ms
64 bytes from aaaa::212:740a:a:a0a: icmp_seq=98 ttl=60 time=524 ms
64 bytes from aaaa::212:740a:a:a0a: icmp_seq=99 ttl=60 time=643 ms
64 bytes from aaaa::212:740a:a:a0a: icmp_seq=100 ttl=60 time=471 ms
64 bytes from aaaa::212:740a:a:a0a: icmp_seq=101 ttl=60 time=254 ms
64 bytes from aaaa::212:740a:a:a0a: icmp_seq=102 ttl=60 time=3187 ms
64 bytes from aaaa::212:740a:a:a0a: icmp_seq=103 ttl=60 time=775 ms
64 bytes from aaaa::212:740a:a:a0a: icmp_seq=104 ttl=60 time=454 ms
64 bytes from aaaa::212:740a:a:a0a: icmp_seq=105 ttl=60 time=785 ms
64 bytes from aaaa::212:740a:a:a0a: icmp_seq=106 ttl=60 time=1074 ms
64 bytes from aaaa::212:740a:a:a0a: icmp_seq=107 ttl=60 time=286 ms
64 bytes from aaaa::212:740a:a:a0a: icmp_seq=108 ttl=60 time=377 ms
64 bytes from aaaa::212:740a:a:a0a: icmp_seq=109 ttl=60 time=312 ms
64 bytes from aaaa::212:740a:a:a0a: icmp_seq=110 ttl=60 time=354 ms
64 bytes from aaaa::212:740a:a:a0a: icmp_seq=111 ttl=60 time=222 ms
64 bytes from aaaa::212:740a:a:a0a: icmp_seq=112 ttl=60 time=266 ms
64 bytes from aaaa::212:740a:a:a0a: icmp_seq=113 ttl=60 time=268 ms
64 bytes from aaaa::212:740a:a:a0a: icmp_seq=114 ttl=60 time=250 ms
64 bytes from aaaa::212:740a:a:a0a: icmp_seq=115 ttl=60 time=305 ms
64 bytes from aaaa::212:740a:a:a0a: icmp_seq=116 ttl=60 time=373 ms
64 bytes from aaaa::212:740a:a:a0a: icmp_seq=117 ttl=60 time=626 ms
64 bytes from aaaa::212:740a:a:a0a: icmp_seq=118 ttl=60 time=230 ms
64 bytes from aaaa::212:740a:a:a0a: icmp_seq=119 ttl=60 time=396 ms
64 bytes from aaaa::212:740a:a:a0a: icmp_seq=120 ttl=60 time=290 ms
64 bytes from aaaa::212:740a:a:a0a: icmp_seq=121 ttl=60 time=201 ms
64 bytes from aaaa::212:740a:a:a0a: icmp_seq=122 ttl=60 time=296 ms
64 bytes from aaaa::212:740a:a:a0a: icmp_seq=123 ttl=60 time=333 ms
64 bytes from aaaa::212:740a:a:a0a: icmp_seq=124 ttl=60 time=346 ms
64 bytes from aaaa::212:740a:a:a0a: icmp_seq=125 ttl=60 time=330 ms
64 bytes from aaaa::212:740a:a:a0a: icmp_seq=127 ttl=60 time=500 ms
64 bytes from aaaa::212:740a:a:a0a: icmp_seq=128 ttl=60 time=620 ms
64 bytes from aaaa::212:740a:a:a0a: icmp_seq=129 ttl=60 time=818 ms
64 bytes from aaaa::212:740a:a:a0a: icmp_seq=130 ttl=60 time=1168 ms
64 bytes from aaaa::212:740a:a:a0a: icmp_seq=131 ttl=60 time=671 ms
64 bytes from aaaa::212:740a:a:a0a: icmp_seq=132 ttl=60 time=1190 ms
64 bytes from aaaa::212:740a:a:a0a: icmp_seq=150 ttl=60 time=848 ms
64 bytes from aaaa::212:740a:a:a0a: icmp_seq=151 ttl=60 time=627 ms
64 bytes from aaaa::212:740a:a:a0a: icmp_seq=152 ttl=60 time=554 ms
64 bytes from aaaa::212:740a:a:a0a: icmp_seq=153 ttl=60 time=341 ms
64 bytes from aaaa::212:740a:a:a0a: icmp_seq=154 ttl=60 time=395 ms
64 bytes from aaaa::212:740a:a:a0a: icmp_seq=155 ttl=60 time=326 ms
64 bytes from aaaa::212:740a:a:a0a: icmp_seq=156 ttl=60 time=477 ms
64 bytes from aaaa::212:740a:a:a0a: icmp_seq=157 ttl=60 time=426 ms
64 bytes from aaaa::212:740a:a:a0a: icmp_seq=158 ttl=60 time=844 ms
64 bytes from aaaa::212:740a:a:a0a: icmp_seq=159 ttl=60 time=366 ms
64 bytes from aaaa::212:740a:a:a0a: icmp_seq=160 ttl=60 time=473 ms
64 bytes from aaaa::212:740a:a:a0a: icmp_seq=161 ttl=60 time=446 ms
64 bytes from aaaa::212:740a:a:a0a: icmp_seq=162 ttl=60 time=287 ms
64 bytes from aaaa::212:740a:a:a0a: icmp_seq=163 ttl=60 time=321 ms
64 bytes from aaaa::212:740a:a:a0a: icmp_seq=164 ttl=60 time=429 ms
64 bytes from aaaa::212:740a:a:a0a: icmp_seq=165 ttl=60 time=315 ms
64 bytes from aaaa::212:740a:a:a0a: icmp_seq=166 ttl=60 time=326 ms
64 bytes from aaaa::212:740a:a:a0a: icmp_seq=167 ttl=60 time=379 ms
64 bytes from aaaa::212:740a:a:a0a: icmp_seq=168 ttl=60 time=318 ms
64 bytes from aaaa::212:740a:a:a0a: icmp_seq=169 ttl=60 time=285 ms
64 bytes from aaaa::212:740a:a:a0a: icmp_seq=170 ttl=60 time=281 ms
64 bytes from aaaa::212:740a:a:a0a: icmp_seq=171 ttl=60 time=292 ms
64 bytes from aaaa::212:740a:a:a0a: icmp_seq=172 ttl=60 time=227 ms
64 bytes from aaaa::212:740a:a:a0a: icmp_seq=173 ttl=60 time=282 ms
64 bytes from aaaa::212:740a:a:a0a: icmp_seq=174 ttl=60 time=221 ms
64 bytes from aaaa::212:740a:a:a0a: icmp_seq=175 ttl=60 time=368 ms
64 bytes from aaaa::212:740a:a:a0a: icmp_seq=177 ttl=60 time=262 ms
64 bytes from aaaa::212:740a:a:a0a: icmp_seq=178 ttl=60 time=453 ms
64 bytes from aaaa::212:740a:a:a0a: icmp_seq=179 ttl=60 time=322 ms
64 bytes from aaaa::212:740a:a:a0a: icmp_seq=180 ttl=60 time=303 ms
64 bytes from aaaa::212:740a:a:a0a: icmp_seq=181 ttl=60 time=620 ms
64 bytes from aaaa::212:740a:a:a0a: icmp_seq=182 ttl=60 time=300 ms
64 bytes from aaaa::212:740a:a:a0a: icmp_seq=183 ttl=60 time=303 ms
64 bytes from aaaa::212:740a:a:a0a: icmp_seq=184 ttl=60 time=469 ms
64 bytes from aaaa::212:740a:a:a0a: icmp_seq=185 ttl=60 time=552 ms
64 bytes from aaaa::212:740a:a:a0a: icmp_seq=186 ttl=60 time=333 ms
64 bytes from aaaa::212:740a:a:a0a: icmp_seq=187 ttl=60 time=470 ms
64 bytes from aaaa::212:740a:a:a0a: icmp_seq=188 ttl=60 time=250 ms
64 bytes from aaaa::212:740a:a:a0a: icmp_seq=189 ttl=60 time=488 ms
64 bytes from aaaa::212:740a:a:a0a: icmp_seq=190 ttl=60 time=254 ms
64 bytes from aaaa::212:740a:a:a0a: icmp_seq=191 ttl=60 time=325 ms
64 bytes from aaaa::212:740a:a:a0a: icmp_seq=192 ttl=60 time=349 ms
64 bytes from aaaa::212:740a:a:a0a: icmp_seq=194 ttl=60 time=411 ms
64 bytes from aaaa::212:740a:a:a0a: icmp_seq=195 ttl=60 time=400 ms

--- aaaa::212:740a:a:a0a ping statistics ---
200 packets transmitted, 166 received, 17% packet loss, time 999328ms
rtt min/avg/max/mdev = 196.678/433.493/3187.415/284.945 ms
