PING aaaa::212:7406:6:606(aaaa::212:7406:6:606) 56 data bytes
64 bytes from aaaa::212:7406:6:606: icmp_seq=3 ttl=61 time=545 ms
64 bytes from aaaa::212:7406:6:606: icmp_seq=4 ttl=61 time=278 ms
64 bytes from aaaa::212:7406:6:606: icmp_seq=5 ttl=61 time=261 ms
64 bytes from aaaa::212:7406:6:606: icmp_seq=6 ttl=61 time=872 ms
64 bytes from aaaa::212:7406:6:606: icmp_seq=7 ttl=61 time=211 ms
64 bytes from aaaa::212:7406:6:606: icmp_seq=8 ttl=61 time=719 ms
64 bytes from aaaa::212:7406:6:606: icmp_seq=9 ttl=61 time=155 ms
64 bytes from aaaa::212:7406:6:606: icmp_seq=10 ttl=61 time=371 ms
64 bytes from aaaa::212:7406:6:606: icmp_seq=11 ttl=61 time=654 ms
64 bytes from aaaa::212:7406:6:606: icmp_seq=12 ttl=61 time=589 ms
64 bytes from aaaa::212:7406:6:606: icmp_seq=13 ttl=61 time=708 ms
64 bytes from aaaa::212:7406:6:606: icmp_seq=14 ttl=61 time=583 ms
64 bytes from aaaa::212:7406:6:606: icmp_seq=15 ttl=61 time=200 ms
64 bytes from aaaa::212:7406:6:606: icmp_seq=16 ttl=61 time=374 ms
64 bytes from aaaa::212:7406:6:606: icmp_seq=17 ttl=61 time=298 ms
64 bytes from aaaa::212:7406:6:606: icmp_seq=18 ttl=61 time=291 ms
64 bytes from aaaa::212:7406:6:606: icmp_seq=19 ttl=61 time=309 ms
64 bytes from aaaa::212:7406:6:606: icmp_seq=20 ttl=61 time=172 ms
64 bytes from aaaa::212:7406:6:606: icmp_seq=21 ttl=61 time=177 ms
64 bytes from aaaa::212:7406:6:606: icmp_seq=22 ttl=61 time=218 ms
64 bytes from aaaa::212:7406:6:606: icmp_seq=23 ttl=61 time=272 ms
64 bytes from aaaa::212:7406:6:606: icmp_seq=24 ttl=61 time=423 ms
64 bytes from aaaa::212:7406:6:606: icmp_seq=25 ttl=61 time=215 ms
64 bytes from aaaa::212:7406:6:606: icmp_seq=38 ttl=61 time=262 ms
64 bytes from aaaa::212:7406:6:606: icmp_seq=39 ttl=61 time=339 ms
64 bytes from aaaa::212:7406:6:606: icmp_seq=40 ttl=61 time=381 ms
64 bytes from aaaa::212:7406:6:606: icmp_seq=41 ttl=61 time=350 ms
64 bytes from aaaa::212:7406:6:606: icmp_seq=42 ttl=61 time=235 ms
64 bytes from aaaa::212:7406:6:606: icmp_seq=43 ttl=61 time=212 ms
64 bytes from aaaa::212:7406:6:606: icmp_seq=44 ttl=61 time=172 ms
64 bytes from aaaa::212:7406:6:606: icmp_seq=45 ttl=61 time=205 ms
64 bytes from aaaa::212:7406:6:606: icmp_seq=46 ttl=61 time=168 ms
64 bytes from aaaa::212:7406:6:606: icmp_seq=47 ttl=61 time=339 ms
64 bytes from aaaa::212:7406:6:606: icmp_seq=48 ttl=61 time=204 ms
64 bytes from aaaa::212:7406:6:606: icmp_seq=49 ttl=61 time=227 ms
64 bytes from aaaa::212:7406:6:606: icmp_seq=50 ttl=61 time=197 ms
64 bytes from aaaa::212:7406:6:606: icmp_seq=51 ttl=61 time=217 ms
64 bytes from aaaa::212:7406:6:606: icmp_seq=52 ttl=61 time=216 ms
64 bytes from aaaa::212:7406:6:606: icmp_seq=53 ttl=61 time=137 ms
64 bytes from aaaa::212:7406:6:606: icmp_seq=54 ttl=61 time=257 ms
64 bytes from aaaa::212:7406:6:606: icmp_seq=55 ttl=61 time=190 ms
64 bytes from aaaa::212:7406:6:606: icmp_seq=56 ttl=61 time=227 ms
64 bytes from aaaa::212:7406:6:606: icmp_seq=57 ttl=61 time=204 ms
64 bytes from aaaa::212:7406:6:606: icmp_seq=58 ttl=61 time=347 ms
64 bytes from aaaa::212:7406:6:606: icmp_seq=59 ttl=61 time=717 ms
64 bytes from aaaa::212:7406:6:606: icmp_seq=70 ttl=61 time=880 ms
64 bytes from aaaa::212:7406:6:606: icmp_seq=71 ttl=61 time=241 ms
64 bytes from aaaa::212:7406:6:606: icmp_seq=72 ttl=61 time=335 ms
64 bytes from aaaa::212:7406:6:606: icmp_seq=73 ttl=61 time=294 ms
64 bytes from aaaa::212:7406:6:606: icmp_seq=74 ttl=61 time=380 ms
64 bytes from aaaa::212:7406:6:606: icmp_seq=75 ttl=61 time=383 ms
64 bytes from aaaa::212:7406:6:606: icmp_seq=76 ttl=61 time=245 ms
64 bytes from aaaa::212:7406:6:606: icmp_seq=77 ttl=61 time=517 ms
64 bytes from aaaa::212:7406:6:606: icmp_seq=78 ttl=61 time=638 ms
64 bytes from aaaa::212:7406:6:606: icmp_seq=79 ttl=61 time=609 ms
64 bytes from aaaa::212:7406:6:606: icmp_seq=80 ttl=61 time=518 ms
64 bytes from aaaa::212:7406:6:606: icmp_seq=81 ttl=61 time=220 ms
64 bytes from aaaa::212:7406:6:606: icmp_seq=82 ttl=61 time=998 ms
64 bytes from aaaa::212:7406:6:606: icmp_seq=83 ttl=61 time=374 ms
64 bytes from aaaa::212:7406:6:606: icmp_seq=84 ttl=61 time=303 ms
64 bytes from aaaa::212:7406:6:606: icmp_seq=85 ttl=61 time=259 ms
64 bytes from aaaa::212:7406:6:606: icmp_seq=86 ttl=61 time=307 ms
64 bytes from aaaa::212:7406:6:606: icmp_seq=87 ttl=61 time=289 ms
64 bytes from aaaa::212:7406:6:606: icmp_seq=88 ttl=61 time=486 ms
64 bytes from aaaa::212:7406:6:606: icmp_seq=89 ttl=61 time=347 ms
64 bytes from aaaa::212:7406:6:606: icmp_seq=90 ttl=61 time=222 ms
64 bytes from aaaa::212:7406:6:606: icmp_seq=91 ttl=61 time=215 ms
64 bytes from aaaa::212:7406:6:606: icmp_seq=92 ttl=61 time=2237 ms
64 bytes from aaaa::212:7406:6:606: icmp_seq=93 ttl=61 time=179 ms
64 bytes from aaaa::212:7406:6:606: icmp_seq=94 ttl=61 time=288 ms
64 bytes from aaaa::212:7406:6:606: icmp_seq=95 ttl=61 time=264 ms
64 bytes from aaaa::212:7406:6:606: icmp_seq=96 ttl=61 time=287 ms
64 bytes from aaaa::212:7406:6:606: icmp_seq=97 ttl=61 time=296 ms
64 bytes from aaaa::212:7406:6:606: icmp_seq=98 ttl=61 time=195 ms
64 bytes from aaaa::212:7406:6:606: icmp_seq=99 ttl=61 time=152 ms
64 bytes from aaaa::212:7406:6:606: icmp_seq=100 ttl=61 time=196 ms
64 bytes from aaaa::212:7406:6:606: icmp_seq=101 ttl=61 time=203 ms
64 bytes from aaaa::212:7406:6:606: icmp_seq=102 ttl=61 time=679 ms
64 bytes from aaaa::212:7406:6:606: icmp_seq=103 ttl=61 time=508 ms
64 bytes from aaaa::212:7406:6:606: icmp_seq=104 ttl=61 time=413 ms
64 bytes from aaaa::212:7406:6:606: icmp_seq=105 ttl=61 time=521 ms
64 bytes from aaaa::212:7406:6:606: icmp_seq=106 ttl=61 time=174 ms
64 bytes from aaaa::212:7406:6:606: icmp_seq=107 ttl=61 time=156 ms
64 bytes from aaaa::212:7406:6:606: icmp_seq=108 ttl=61 time=191 ms
64 bytes from aaaa::212:7406:6:606: icmp_seq=109 ttl=61 time=153 ms
64 bytes from aaaa::212:7406:6:606: icmp_seq=110 ttl=61 time=165 ms
64 bytes from aaaa::212:7406:6:606: icmp_seq=111 ttl=61 time=198 ms
64 bytes from aaaa::212:7406:6:606: icmp_seq=112 ttl=61 time=245 ms
64 bytes from aaaa::212:7406:6:606: icmp_seq=113 ttl=61 time=168 ms
64 bytes from aaaa::212:7406:6:606: icmp_seq=114 ttl=61 time=251 ms
64 bytes from aaaa::212:7406:6:606: icmp_seq=115 ttl=61 time=188 ms
64 bytes from aaaa::212:7406:6:606: icmp_seq=116 ttl=61 time=181 ms
64 bytes from aaaa::212:7406:6:606: icmp_seq=117 ttl=61 time=190 ms
64 bytes from aaaa::212:7406:6:606: icmp_seq=118 ttl=61 time=208 ms
64 bytes from aaaa::212:7406:6:606: icmp_seq=119 ttl=61 time=151 ms
64 bytes from aaaa::212:7406:6:606: icmp_seq=120 ttl=61 time=162 ms
64 bytes from aaaa::212:7406:6:606: icmp_seq=121 ttl=61 time=164 ms
64 bytes from aaaa::212:7406:6:606: icmp_seq=122 ttl=61 time=226 ms
64 bytes from aaaa::212:7406:6:606: icmp_seq=123 ttl=61 time=253 ms
64 bytes from aaaa::212:7406:6:606: icmp_seq=124 ttl=61 time=342 ms
64 bytes from aaaa::212:7406:6:606: icmp_seq=125 ttl=61 time=218 ms
64 bytes from aaaa::212:7406:6:606: icmp_seq=126 ttl=61 time=275 ms
64 bytes from aaaa::212:7406:6:606: icmp_seq=127 ttl=61 time=196 ms
64 bytes from aaaa::212:7406:6:606: icmp_seq=128 ttl=61 time=238 ms
64 bytes from aaaa::212:7406:6:606: icmp_seq=129 ttl=61 time=251 ms
64 bytes from aaaa::212:7406:6:606: icmp_seq=130 ttl=61 time=204 ms
64 bytes from aaaa::212:7406:6:606: icmp_seq=131 ttl=61 time=212 ms
64 bytes from aaaa::212:7406:6:606: icmp_seq=132 ttl=61 time=195 ms
64 bytes from aaaa::212:7406:6:606: icmp_seq=133 ttl=61 time=346 ms
64 bytes from aaaa::212:7406:6:606: icmp_seq=134 ttl=61 time=502 ms
64 bytes from aaaa::212:7406:6:606: icmp_seq=135 ttl=61 time=278 ms
64 bytes from aaaa::212:7406:6:606: icmp_seq=136 ttl=61 time=221 ms
64 bytes from aaaa::212:7406:6:606: icmp_seq=137 ttl=61 time=215 ms
64 bytes from aaaa::212:7406:6:606: icmp_seq=138 ttl=61 time=441 ms
64 bytes from aaaa::212:7406:6:606: icmp_seq=139 ttl=61 time=347 ms
64 bytes from aaaa::212:7406:6:606: icmp_seq=141 ttl=61 time=296 ms
64 bytes from aaaa::212:7406:6:606: icmp_seq=142 ttl=61 time=257 ms
64 bytes from aaaa::212:7406:6:606: icmp_seq=143 ttl=61 time=364 ms
64 bytes from aaaa::212:7406:6:606: icmp_seq=144 ttl=61 time=509 ms
64 bytes from aaaa::212:7406:6:606: icmp_seq=145 ttl=61 time=193 ms
64 bytes from aaaa::212:7406:6:606: icmp_seq=146 ttl=61 time=220 ms
64 bytes from aaaa::212:7406:6:606: icmp_seq=147 ttl=61 time=347 ms
64 bytes from aaaa::212:7406:6:606: icmp_seq=148 ttl=61 time=440 ms
64 bytes from aaaa::212:7406:6:606: icmp_seq=149 ttl=61 time=188 ms
64 bytes from aaaa::212:7406:6:606: icmp_seq=150 ttl=61 time=245 ms
64 bytes from aaaa::212:7406:6:606: icmp_seq=151 ttl=61 time=245 ms
64 bytes from aaaa::212:7406:6:606: icmp_seq=153 ttl=61 time=326 ms
64 bytes from aaaa::212:7406:6:606: icmp_seq=154 ttl=61 time=236 ms
64 bytes from aaaa::212:7406:6:606: icmp_seq=155 ttl=61 time=199 ms
64 bytes from aaaa::212:7406:6:606: icmp_seq=156 ttl=61 time=696 ms
64 bytes from aaaa::212:7406:6:606: icmp_seq=157 ttl=61 time=348 ms
64 bytes from aaaa::212:7406:6:606: icmp_seq=158 ttl=61 time=434 ms
64 bytes from aaaa::212:7406:6:606: icmp_seq=159 ttl=61 time=599 ms
64 bytes from aaaa::212:7406:6:606: icmp_seq=160 ttl=61 time=465 ms
64 bytes from aaaa::212:7406:6:606: icmp_seq=161 ttl=61 time=463 ms
64 bytes from aaaa::212:7406:6:606: icmp_seq=162 ttl=61 time=444 ms
64 bytes from aaaa::212:7406:6:606: icmp_seq=163 ttl=61 time=366 ms
64 bytes from aaaa::212:7406:6:606: icmp_seq=164 ttl=61 time=230 ms
64 bytes from aaaa::212:7406:6:606: icmp_seq=165 ttl=61 time=912 ms
64 bytes from aaaa::212:7406:6:606: icmp_seq=166 ttl=61 time=580 ms
64 bytes from aaaa::212:7406:6:606: icmp_seq=167 ttl=61 time=690 ms
64 bytes from aaaa::212:7406:6:606: icmp_seq=168 ttl=61 time=343 ms
64 bytes from aaaa::212:7406:6:606: icmp_seq=169 ttl=61 time=593 ms
64 bytes from aaaa::212:7406:6:606: icmp_seq=170 ttl=61 time=171 ms
64 bytes from aaaa::212:7406:6:606: icmp_seq=171 ttl=61 time=598 ms
64 bytes from aaaa::212:7406:6:606: icmp_seq=172 ttl=61 time=351 ms
64 bytes from aaaa::212:7406:6:606: icmp_seq=173 ttl=61 time=242 ms
64 bytes from aaaa::212:7406:6:606: icmp_seq=174 ttl=61 time=347 ms
64 bytes from aaaa::212:7406:6:606: icmp_seq=176 ttl=61 time=452 ms
64 bytes from aaaa::212:7406:6:606: icmp_seq=181 ttl=61 time=483 ms
64 bytes from aaaa::212:7406:6:606: icmp_seq=185 ttl=61 time=304 ms
64 bytes from aaaa::212:7406:6:606: icmp_seq=186 ttl=61 time=200 ms
64 bytes from aaaa::212:7406:6:606: icmp_seq=187 ttl=61 time=1867 ms
64 bytes from aaaa::212:7406:6:606: icmp_seq=188 ttl=61 time=197 ms
64 bytes from aaaa::212:7406:6:606: icmp_seq=189 ttl=61 time=189 ms
64 bytes from aaaa::212:7406:6:606: icmp_seq=190 ttl=61 time=234 ms
64 bytes from aaaa::212:7406:6:606: icmp_seq=191 ttl=61 time=191 ms
64 bytes from aaaa::212:7406:6:606: icmp_seq=192 ttl=61 time=190 ms
64 bytes from aaaa::212:7406:6:606: icmp_seq=193 ttl=61 time=216 ms
64 bytes from aaaa::212:7406:6:606: icmp_seq=194 ttl=61 time=359 ms
64 bytes from aaaa::212:7406:6:606: icmp_seq=195 ttl=61 time=229 ms
64 bytes from aaaa::212:7406:6:606: icmp_seq=196 ttl=61 time=222 ms
64 bytes from aaaa::212:7406:6:606: icmp_seq=197 ttl=61 time=176 ms
64 bytes from aaaa::212:7406:6:606: icmp_seq=198 ttl=61 time=183 ms
64 bytes from aaaa::212:7406:6:606: icmp_seq=199 ttl=61 time=235 ms
64 bytes from aaaa::212:7406:6:606: icmp_seq=200 ttl=61 time=513 ms

--- aaaa::212:7406:6:606 ping statistics ---
200 packets transmitted, 166 received, 17% packet loss, time 999788ms
rtt min/avg/max/mdev = 137.798/346.643/2237.256/254.117 ms
