PING aaaa::212:7411:11:1111(aaaa::212:7411:11:1111) 56 data bytes
64 bytes from aaaa::212:7411:11:1111: icmp_seq=2 ttl=59 time=418 ms
64 bytes from aaaa::212:7411:11:1111: icmp_seq=3 ttl=59 time=533 ms
64 bytes from aaaa::212:7411:11:1111: icmp_seq=4 ttl=59 time=792 ms
64 bytes from aaaa::212:7411:11:1111: icmp_seq=5 ttl=59 time=358 ms
64 bytes from aaaa::212:7411:11:1111: icmp_seq=9 ttl=59 time=1267 ms
64 bytes from aaaa::212:7411:11:1111: icmp_seq=12 ttl=59 time=487 ms
64 bytes from aaaa::212:7411:11:1111: icmp_seq=13 ttl=59 time=476 ms
64 bytes from aaaa::212:7411:11:1111: icmp_seq=18 ttl=59 time=428 ms
64 bytes from aaaa::212:7411:11:1111: icmp_seq=19 ttl=59 time=516 ms
64 bytes from aaaa::212:7411:11:1111: icmp_seq=26 ttl=59 time=443 ms
64 bytes from aaaa::212:7411:11:1111: icmp_seq=27 ttl=59 time=306 ms
64 bytes from aaaa::212:7411:11:1111: icmp_seq=28 ttl=59 time=474 ms
64 bytes from aaaa::212:7411:11:1111: icmp_seq=29 ttl=59 time=329 ms
64 bytes from aaaa::212:7411:11:1111: icmp_seq=30 ttl=59 time=459 ms
64 bytes from aaaa::212:7411:11:1111: icmp_seq=31 ttl=59 time=309 ms
64 bytes from aaaa::212:7411:11:1111: icmp_seq=32 ttl=59 time=307 ms
64 bytes from aaaa::212:7411:11:1111: icmp_seq=33 ttl=59 time=290 ms
64 bytes from aaaa::212:7411:11:1111: icmp_seq=34 ttl=59 time=307 ms
64 bytes from aaaa::212:7411:11:1111: icmp_seq=35 ttl=59 time=375 ms
64 bytes from aaaa::212:7411:11:1111: icmp_seq=36 ttl=59 time=406 ms
64 bytes from aaaa::212:7411:11:1111: icmp_seq=37 ttl=59 time=331 ms
64 bytes from aaaa::212:7411:11:1111: icmp_seq=38 ttl=59 time=376 ms
64 bytes from aaaa::212:7411:11:1111: icmp_seq=39 ttl=59 time=397 ms
64 bytes from aaaa::212:7411:11:1111: icmp_seq=40 ttl=59 time=298 ms
64 bytes from aaaa::212:7411:11:1111: icmp_seq=41 ttl=59 time=328 ms
64 bytes from aaaa::212:7411:11:1111: icmp_seq=42 ttl=59 time=487 ms
64 bytes from aaaa::212:7411:11:1111: icmp_seq=43 ttl=59 time=337 ms
64 bytes from aaaa::212:7411:11:1111: icmp_seq=44 ttl=59 time=377 ms
64 bytes from aaaa::212:7411:11:1111: icmp_seq=45 ttl=59 time=374 ms
64 bytes from aaaa::212:7411:11:1111: icmp_seq=46 ttl=59 time=511 ms
64 bytes from aaaa::212:7411:11:1111: icmp_seq=47 ttl=59 time=313 ms
64 bytes from aaaa::212:7411:11:1111: icmp_seq=48 ttl=59 time=371 ms
64 bytes from aaaa::212:7411:11:1111: icmp_seq=49 ttl=59 time=311 ms
64 bytes from aaaa::212:7411:11:1111: icmp_seq=50 ttl=59 time=273 ms
64 bytes from aaaa::212:7411:11:1111: icmp_seq=51 ttl=59 time=340 ms
64 bytes from aaaa::212:7411:11:1111: icmp_seq=52 ttl=59 time=360 ms
64 bytes from aaaa::212:7411:11:1111: icmp_seq=53 ttl=59 time=308 ms
64 bytes from aaaa::212:7411:11:1111: icmp_seq=54 ttl=59 time=346 ms
64 bytes from aaaa::212:7411:11:1111: icmp_seq=55 ttl=59 time=262 ms
64 bytes from aaaa::212:7411:11:1111: icmp_seq=56 ttl=59 time=323 ms
64 bytes from aaaa::212:7411:11:1111: icmp_seq=58 ttl=59 time=334 ms
64 bytes from aaaa::212:7411:11:1111: icmp_seq=59 ttl=59 time=319 ms
64 bytes from aaaa::212:7411:11:1111: icmp_seq=60 ttl=59 time=307 ms
64 bytes from aaaa::212:7411:11:1111: icmp_seq=61 ttl=59 time=328 ms
64 bytes from aaaa::212:7411:11:1111: icmp_seq=62 ttl=59 time=407 ms
64 bytes from aaaa::212:7411:11:1111: icmp_seq=63 ttl=59 time=889 ms
64 bytes from aaaa::212:7411:11:1111: icmp_seq=64 ttl=59 time=339 ms
64 bytes from aaaa::212:7411:11:1111: icmp_seq=65 ttl=59 time=342 ms
64 bytes from aaaa::212:7411:11:1111: icmp_seq=66 ttl=59 time=318 ms
64 bytes from aaaa::212:7411:11:1111: icmp_seq=67 ttl=59 time=379 ms
64 bytes from aaaa::212:7411:11:1111: icmp_seq=68 ttl=59 time=797 ms
64 bytes from aaaa::212:7411:11:1111: icmp_seq=69 ttl=59 time=424 ms
64 bytes from aaaa::212:7411:11:1111: icmp_seq=71 ttl=59 time=555 ms
64 bytes from aaaa::212:7411:11:1111: icmp_seq=72 ttl=59 time=866 ms
64 bytes from aaaa::212:7411:11:1111: icmp_seq=73 ttl=59 time=471 ms
64 bytes from aaaa::212:7411:11:1111: icmp_seq=74 ttl=59 time=716 ms
64 bytes from aaaa::212:7411:11:1111: icmp_seq=75 ttl=59 time=470 ms
64 bytes from aaaa::212:7411:11:1111: icmp_seq=77 ttl=59 time=909 ms
64 bytes from aaaa::212:7411:11:1111: icmp_seq=78 ttl=59 time=321 ms
64 bytes from aaaa::212:7411:11:1111: icmp_seq=80 ttl=59 time=829 ms
64 bytes from aaaa::212:7411:11:1111: icmp_seq=81 ttl=59 time=642 ms
64 bytes from aaaa::212:7411:11:1111: icmp_seq=82 ttl=59 time=886 ms
64 bytes from aaaa::212:7411:11:1111: icmp_seq=83 ttl=59 time=795 ms
64 bytes from aaaa::212:7411:11:1111: icmp_seq=84 ttl=59 time=1412 ms
64 bytes from aaaa::212:7411:11:1111: icmp_seq=85 ttl=59 time=662 ms
64 bytes from aaaa::212:7411:11:1111: icmp_seq=86 ttl=59 time=695 ms
64 bytes from aaaa::212:7411:11:1111: icmp_seq=87 ttl=59 time=518 ms
64 bytes from aaaa::212:7411:11:1111: icmp_seq=90 ttl=59 time=999 ms
64 bytes from aaaa::212:7411:11:1111: icmp_seq=91 ttl=59 time=520 ms
64 bytes from aaaa::212:7411:11:1111: icmp_seq=92 ttl=59 time=408 ms
64 bytes from aaaa::212:7411:11:1111: icmp_seq=93 ttl=59 time=632 ms
64 bytes from aaaa::212:7411:11:1111: icmp_seq=94 ttl=59 time=395 ms
64 bytes from aaaa::212:7411:11:1111: icmp_seq=95 ttl=59 time=977 ms
64 bytes from aaaa::212:7411:11:1111: icmp_seq=96 ttl=59 time=577 ms
64 bytes from aaaa::212:7411:11:1111: icmp_seq=98 ttl=59 time=808 ms
64 bytes from aaaa::212:7411:11:1111: icmp_seq=99 ttl=59 time=635 ms
64 bytes from aaaa::212:7411:11:1111: icmp_seq=101 ttl=59 time=2998 ms
64 bytes from aaaa::212:7411:11:1111: icmp_seq=102 ttl=59 time=899 ms
64 bytes from aaaa::212:7411:11:1111: icmp_seq=103 ttl=59 time=508 ms
64 bytes from aaaa::212:7411:11:1111: icmp_seq=104 ttl=59 time=1082 ms
64 bytes from aaaa::212:7411:11:1111: icmp_seq=105 ttl=59 time=653 ms
64 bytes from aaaa::212:7411:11:1111: icmp_seq=107 ttl=59 time=691 ms
64 bytes from aaaa::212:7411:11:1111: icmp_seq=108 ttl=59 time=704 ms
64 bytes from aaaa::212:7411:11:1111: icmp_seq=109 ttl=59 time=803 ms
64 bytes from aaaa::212:7411:11:1111: icmp_seq=110 ttl=59 time=984 ms
64 bytes from aaaa::212:7411:11:1111: icmp_seq=111 ttl=59 time=764 ms
64 bytes from aaaa::212:7411:11:1111: icmp_seq=112 ttl=59 time=879 ms
64 bytes from aaaa::212:7411:11:1111: icmp_seq=113 ttl=59 time=536 ms
64 bytes from aaaa::212:7411:11:1111: icmp_seq=114 ttl=59 time=741 ms
64 bytes from aaaa::212:7411:11:1111: icmp_seq=115 ttl=59 time=1293 ms
64 bytes from aaaa::212:7411:11:1111: icmp_seq=116 ttl=59 time=647 ms
64 bytes from aaaa::212:7411:11:1111: icmp_seq=117 ttl=59 time=1108 ms
64 bytes from aaaa::212:7411:11:1111: icmp_seq=118 ttl=59 time=1191 ms
64 bytes from aaaa::212:7411:11:1111: icmp_seq=120 ttl=59 time=954 ms
64 bytes from aaaa::212:7411:11:1111: icmp_seq=121 ttl=59 time=648 ms
64 bytes from aaaa::212:7411:11:1111: icmp_seq=122 ttl=59 time=783 ms
64 bytes from aaaa::212:7411:11:1111: icmp_seq=124 ttl=59 time=865 ms
64 bytes from aaaa::212:7411:11:1111: icmp_seq=132 ttl=59 time=1134 ms
64 bytes from aaaa::212:7411:11:1111: icmp_seq=133 ttl=59 time=439 ms
64 bytes from aaaa::212:7411:11:1111: icmp_seq=136 ttl=59 time=717 ms
64 bytes from aaaa::212:7411:11:1111: icmp_seq=141 ttl=59 time=1406 ms
64 bytes from aaaa::212:7411:11:1111: icmp_seq=145 ttl=59 time=1039 ms
64 bytes from aaaa::212:7411:11:1111: icmp_seq=146 ttl=59 time=732 ms
64 bytes from aaaa::212:7411:11:1111: icmp_seq=147 ttl=59 time=882 ms
64 bytes from aaaa::212:7411:11:1111: icmp_seq=149 ttl=59 time=1362 ms
64 bytes from aaaa::212:7411:11:1111: icmp_seq=152 ttl=59 time=535 ms
64 bytes from aaaa::212:7411:11:1111: icmp_seq=153 ttl=59 time=1069 ms
64 bytes from aaaa::212:7411:11:1111: icmp_seq=154 ttl=59 time=1016 ms
64 bytes from aaaa::212:7411:11:1111: icmp_seq=155 ttl=59 time=1027 ms
64 bytes from aaaa::212:7411:11:1111: icmp_seq=157 ttl=59 time=896 ms
64 bytes from aaaa::212:7411:11:1111: icmp_seq=158 ttl=59 time=1386 ms
64 bytes from aaaa::212:7411:11:1111: icmp_seq=159 ttl=59 time=1478 ms
64 bytes from aaaa::212:7411:11:1111: icmp_seq=160 ttl=59 time=722 ms
64 bytes from aaaa::212:7411:11:1111: icmp_seq=164 ttl=59 time=1539 ms
64 bytes from aaaa::212:7411:11:1111: icmp_seq=165 ttl=59 time=1217 ms
64 bytes from aaaa::212:7411:11:1111: icmp_seq=166 ttl=59 time=3312 ms
64 bytes from aaaa::212:7411:11:1111: icmp_seq=167 ttl=59 time=760 ms
64 bytes from aaaa::212:7411:11:1111: icmp_seq=168 ttl=59 time=1067 ms
64 bytes from aaaa::212:7411:11:1111: icmp_seq=169 ttl=59 time=966 ms
64 bytes from aaaa::212:7411:11:1111: icmp_seq=170 ttl=59 time=556 ms
64 bytes from aaaa::212:7411:11:1111: icmp_seq=173 ttl=59 time=631 ms
64 bytes from aaaa::212:7411:11:1111: icmp_seq=178 ttl=59 time=513 ms
64 bytes from aaaa::212:7411:11:1111: icmp_seq=184 ttl=59 time=516 ms
64 bytes from aaaa::212:7411:11:1111: icmp_seq=185 ttl=59 time=370 ms
64 bytes from aaaa::212:7411:11:1111: icmp_seq=186 ttl=59 time=624 ms
64 bytes from aaaa::212:7411:11:1111: icmp_seq=187 ttl=59 time=591 ms
64 bytes from aaaa::212:7411:11:1111: icmp_seq=188 ttl=59 time=419 ms
64 bytes from aaaa::212:7411:11:1111: icmp_seq=189 ttl=59 time=345 ms
64 bytes from aaaa::212:7411:11:1111: icmp_seq=190 ttl=59 time=640 ms
64 bytes from aaaa::212:7411:11:1111: icmp_seq=191 ttl=59 time=573 ms
64 bytes from aaaa::212:7411:11:1111: icmp_seq=192 ttl=59 time=318 ms
64 bytes from aaaa::212:7411:11:1111: icmp_seq=193 ttl=59 time=364 ms
64 bytes from aaaa::212:7411:11:1111: icmp_seq=194 ttl=59 time=614 ms
64 bytes from aaaa::212:7411:11:1111: icmp_seq=195 ttl=59 time=637 ms
64 bytes from aaaa::212:7411:11:1111: icmp_seq=196 ttl=59 time=343 ms
64 bytes from aaaa::212:7411:11:1111: icmp_seq=197 ttl=59 time=934 ms
64 bytes from aaaa::212:7411:11:1111: icmp_seq=198 ttl=59 time=371 ms
64 bytes from aaaa::212:7411:11:1111: icmp_seq=199 ttl=59 time=375 ms
64 bytes from aaaa::212:7411:11:1111: icmp_seq=200 ttl=59 time=339 ms

--- aaaa::212:7411:11:1111 ping statistics ---
200 packets transmitted, 139 received, 30% packet loss, time 1004042ms
rtt min/avg/max/mdev = 262.939/667.303/3312.028/429.509 ms
