PING aaaa::212:7402:2:202(aaaa::212:7402:2:202) 56 data bytes
64 bytes from aaaa::212:7402:2:202: icmp_seq=1 ttl=62 time=172 ms
64 bytes from aaaa::212:7402:2:202: icmp_seq=2 ttl=62 time=395 ms
64 bytes from aaaa::212:7402:2:202: icmp_seq=3 ttl=62 time=522 ms
64 bytes from aaaa::212:7402:2:202: icmp_seq=4 ttl=62 time=370 ms
64 bytes from aaaa::212:7402:2:202: icmp_seq=5 ttl=62 time=440 ms
64 bytes from aaaa::212:7402:2:202: icmp_seq=6 ttl=62 time=398 ms
64 bytes from aaaa::212:7402:2:202: icmp_seq=7 ttl=62 time=479 ms
64 bytes from aaaa::212:7402:2:202: icmp_seq=8 ttl=62 time=170 ms
64 bytes from aaaa::212:7402:2:202: icmp_seq=9 ttl=62 time=139 ms
64 bytes from aaaa::212:7402:2:202: icmp_seq=10 ttl=62 time=225 ms
64 bytes from aaaa::212:7402:2:202: icmp_seq=11 ttl=62 time=141 ms
64 bytes from aaaa::212:7402:2:202: icmp_seq=12 ttl=62 time=138 ms
64 bytes from aaaa::212:7402:2:202: icmp_seq=13 ttl=62 time=222 ms
64 bytes from aaaa::212:7402:2:202: icmp_seq=14 ttl=62 time=156 ms
64 bytes from aaaa::212:7402:2:202: icmp_seq=15 ttl=62 time=150 ms
64 bytes from aaaa::212:7402:2:202: icmp_seq=16 ttl=62 time=591 ms
64 bytes from aaaa::212:7402:2:202: icmp_seq=17 ttl=62 time=232 ms
64 bytes from aaaa::212:7402:2:202: icmp_seq=18 ttl=62 time=155 ms
64 bytes from aaaa::212:7402:2:202: icmp_seq=21 ttl=62 time=840 ms
64 bytes from aaaa::212:7402:2:202: icmp_seq=23 ttl=62 time=384 ms
64 bytes from aaaa::212:7402:2:202: icmp_seq=32 ttl=62 time=775 ms
64 bytes from aaaa::212:7402:2:202: icmp_seq=33 ttl=62 time=529 ms
64 bytes from aaaa::212:7402:2:202: icmp_seq=34 ttl=62 time=140 ms
64 bytes from aaaa::212:7402:2:202: icmp_seq=35 ttl=62 time=369 ms
64 bytes from aaaa::212:7402:2:202: icmp_seq=36 ttl=62 time=372 ms
64 bytes from aaaa::212:7402:2:202: icmp_seq=37 ttl=62 time=461 ms
64 bytes from aaaa::212:7402:2:202: icmp_seq=38 ttl=62 time=518 ms
64 bytes from aaaa::212:7402:2:202: icmp_seq=39 ttl=62 time=309 ms
64 bytes from aaaa::212:7402:2:202: icmp_seq=40 ttl=62 time=327 ms
64 bytes from aaaa::212:7402:2:202: icmp_seq=41 ttl=62 time=791 ms
64 bytes from aaaa::212:7402:2:202: icmp_seq=42 ttl=62 time=433 ms
64 bytes from aaaa::212:7402:2:202: icmp_seq=43 ttl=62 time=237 ms
64 bytes from aaaa::212:7402:2:202: icmp_seq=44 ttl=62 time=238 ms
64 bytes from aaaa::212:7402:2:202: icmp_seq=45 ttl=62 time=385 ms
64 bytes from aaaa::212:7402:2:202: icmp_seq=46 ttl=62 time=775 ms
64 bytes from aaaa::212:7402:2:202: icmp_seq=47 ttl=62 time=642 ms
64 bytes from aaaa::212:7402:2:202: icmp_seq=48 ttl=62 time=1059 ms
64 bytes from aaaa::212:7402:2:202: icmp_seq=49 ttl=62 time=327 ms
64 bytes from aaaa::212:7402:2:202: icmp_seq=50 ttl=62 time=250 ms
64 bytes from aaaa::212:7402:2:202: icmp_seq=51 ttl=62 time=330 ms
64 bytes from aaaa::212:7402:2:202: icmp_seq=52 ttl=62 time=396 ms
64 bytes from aaaa::212:7402:2:202: icmp_seq=53 ttl=62 time=451 ms
64 bytes from aaaa::212:7402:2:202: icmp_seq=55 ttl=62 time=324 ms
64 bytes from aaaa::212:7402:2:202: icmp_seq=56 ttl=62 time=301 ms
64 bytes from aaaa::212:7402:2:202: icmp_seq=57 ttl=62 time=624 ms
64 bytes from aaaa::212:7402:2:202: icmp_seq=58 ttl=62 time=421 ms
64 bytes from aaaa::212:7402:2:202: icmp_seq=59 ttl=62 time=371 ms
64 bytes from aaaa::212:7402:2:202: icmp_seq=60 ttl=62 time=319 ms
64 bytes from aaaa::212:7402:2:202: icmp_seq=61 ttl=62 time=337 ms
64 bytes from aaaa::212:7402:2:202: icmp_seq=62 ttl=62 time=338 ms
64 bytes from aaaa::212:7402:2:202: icmp_seq=63 ttl=62 time=507 ms
64 bytes from aaaa::212:7402:2:202: icmp_seq=64 ttl=62 time=434 ms
64 bytes from aaaa::212:7402:2:202: icmp_seq=65 ttl=62 time=393 ms
64 bytes from aaaa::212:7402:2:202: icmp_seq=66 ttl=62 time=277 ms
64 bytes from aaaa::212:7402:2:202: icmp_seq=67 ttl=62 time=279 ms
64 bytes from aaaa::212:7402:2:202: icmp_seq=68 ttl=62 time=645 ms
64 bytes from aaaa::212:7402:2:202: icmp_seq=69 ttl=62 time=647 ms
64 bytes from aaaa::212:7402:2:202: icmp_seq=70 ttl=62 time=354 ms
64 bytes from aaaa::212:7402:2:202: icmp_seq=71 ttl=62 time=461 ms
64 bytes from aaaa::212:7402:2:202: icmp_seq=72 ttl=62 time=303 ms
64 bytes from aaaa::212:7402:2:202: icmp_seq=73 ttl=62 time=435 ms
64 bytes from aaaa::212:7402:2:202: icmp_seq=75 ttl=62 time=588 ms
64 bytes from aaaa::212:7402:2:202: icmp_seq=77 ttl=62 time=166 ms
64 bytes from aaaa::212:7402:2:202: icmp_seq=80 ttl=62 time=187 ms
64 bytes from aaaa::212:7402:2:202: icmp_seq=81 ttl=62 time=139 ms
64 bytes from aaaa::212:7402:2:202: icmp_seq=82 ttl=62 time=148 ms
64 bytes from aaaa::212:7402:2:202: icmp_seq=83 ttl=62 time=152 ms
64 bytes from aaaa::212:7402:2:202: icmp_seq=84 ttl=62 time=206 ms
64 bytes from aaaa::212:7402:2:202: icmp_seq=85 ttl=62 time=175 ms
64 bytes from aaaa::212:7402:2:202: icmp_seq=86 ttl=62 time=151 ms
64 bytes from aaaa::212:7402:2:202: icmp_seq=87 ttl=62 time=424 ms
64 bytes from aaaa::212:7402:2:202: icmp_seq=88 ttl=62 time=275 ms
64 bytes from aaaa::212:7402:2:202: icmp_seq=89 ttl=62 time=238 ms
64 bytes from aaaa::212:7402:2:202: icmp_seq=90 ttl=62 time=587 ms
64 bytes from aaaa::212:7402:2:202: icmp_seq=91 ttl=62 time=167 ms
64 bytes from aaaa::212:7402:2:202: icmp_seq=92 ttl=62 time=169 ms
64 bytes from aaaa::212:7402:2:202: icmp_seq=93 ttl=62 time=158 ms
64 bytes from aaaa::212:7402:2:202: icmp_seq=94 ttl=62 time=139 ms
64 bytes from aaaa::212:7402:2:202: icmp_seq=95 ttl=62 time=184 ms
64 bytes from aaaa::212:7402:2:202: icmp_seq=96 ttl=62 time=236 ms
64 bytes from aaaa::212:7402:2:202: icmp_seq=97 ttl=62 time=204 ms
64 bytes from aaaa::212:7402:2:202: icmp_seq=98 ttl=62 time=382 ms
64 bytes from aaaa::212:7402:2:202: icmp_seq=99 ttl=62 time=729 ms
64 bytes from aaaa::212:7402:2:202: icmp_seq=100 ttl=62 time=319 ms
64 bytes from aaaa::212:7402:2:202: icmp_seq=101 ttl=62 time=283 ms
64 bytes from aaaa::212:7402:2:202: icmp_seq=102 ttl=62 time=234 ms
64 bytes from aaaa::212:7402:2:202: icmp_seq=103 ttl=62 time=319 ms
64 bytes from aaaa::212:7402:2:202: icmp_seq=104 ttl=62 time=420 ms
64 bytes from aaaa::212:7402:2:202: icmp_seq=105 ttl=62 time=235 ms
64 bytes from aaaa::212:7402:2:202: icmp_seq=106 ttl=62 time=290 ms
64 bytes from aaaa::212:7402:2:202: icmp_seq=107 ttl=62 time=239 ms
64 bytes from aaaa::212:7402:2:202: icmp_seq=108 ttl=62 time=354 ms
64 bytes from aaaa::212:7402:2:202: icmp_seq=109 ttl=62 time=169 ms
64 bytes from aaaa::212:7402:2:202: icmp_seq=110 ttl=62 time=159 ms
64 bytes from aaaa::212:7402:2:202: icmp_seq=111 ttl=62 time=205 ms
64 bytes from aaaa::212:7402:2:202: icmp_seq=112 ttl=62 time=236 ms
64 bytes from aaaa::212:7402:2:202: icmp_seq=113 ttl=62 time=173 ms
64 bytes from aaaa::212:7402:2:202: icmp_seq=114 ttl=62 time=216 ms
64 bytes from aaaa::212:7402:2:202: icmp_seq=115 ttl=62 time=237 ms
64 bytes from aaaa::212:7402:2:202: icmp_seq=116 ttl=62 time=213 ms
64 bytes from aaaa::212:7402:2:202: icmp_seq=117 ttl=62 time=182 ms
64 bytes from aaaa::212:7402:2:202: icmp_seq=118 ttl=62 time=148 ms
64 bytes from aaaa::212:7402:2:202: icmp_seq=119 ttl=62 time=164 ms
64 bytes from aaaa::212:7402:2:202: icmp_seq=120 ttl=62 time=140 ms
64 bytes from aaaa::212:7402:2:202: icmp_seq=121 ttl=62 time=169 ms
64 bytes from aaaa::212:7402:2:202: icmp_seq=122 ttl=62 time=146 ms
64 bytes from aaaa::212:7402:2:202: icmp_seq=123 ttl=62 time=264 ms
64 bytes from aaaa::212:7402:2:202: icmp_seq=124 ttl=62 time=308 ms
64 bytes from aaaa::212:7402:2:202: icmp_seq=125 ttl=62 time=717 ms
64 bytes from aaaa::212:7402:2:202: icmp_seq=126 ttl=62 time=584 ms
64 bytes from aaaa::212:7402:2:202: icmp_seq=127 ttl=62 time=694 ms
64 bytes from aaaa::212:7402:2:202: icmp_seq=128 ttl=62 time=413 ms
64 bytes from aaaa::212:7402:2:202: icmp_seq=129 ttl=62 time=345 ms
64 bytes from aaaa::212:7402:2:202: icmp_seq=130 ttl=62 time=196 ms
64 bytes from aaaa::212:7402:2:202: icmp_seq=131 ttl=62 time=395 ms
64 bytes from aaaa::212:7402:2:202: icmp_seq=132 ttl=62 time=295 ms
64 bytes from aaaa::212:7402:2:202: icmp_seq=133 ttl=62 time=1169 ms
64 bytes from aaaa::212:7402:2:202: icmp_seq=136 ttl=62 time=420 ms
64 bytes from aaaa::212:7402:2:202: icmp_seq=140 ttl=62 time=467 ms
64 bytes from aaaa::212:7402:2:202: icmp_seq=143 ttl=62 time=319 ms
64 bytes from aaaa::212:7402:2:202: icmp_seq=144 ttl=62 time=197 ms
64 bytes from aaaa::212:7402:2:202: icmp_seq=145 ttl=62 time=187 ms
64 bytes from aaaa::212:7402:2:202: icmp_seq=146 ttl=62 time=635 ms
64 bytes from aaaa::212:7402:2:202: icmp_seq=147 ttl=62 time=452 ms
64 bytes from aaaa::212:7402:2:202: icmp_seq=148 ttl=62 time=153 ms
64 bytes from aaaa::212:7402:2:202: icmp_seq=149 ttl=62 time=196 ms
64 bytes from aaaa::212:7402:2:202: icmp_seq=150 ttl=62 time=172 ms
64 bytes from aaaa::212:7402:2:202: icmp_seq=151 ttl=62 time=157 ms
64 bytes from aaaa::212:7402:2:202: icmp_seq=152 ttl=62 time=113 ms
64 bytes from aaaa::212:7402:2:202: icmp_seq=153 ttl=62 time=180 ms
64 bytes from aaaa::212:7402:2:202: icmp_seq=154 ttl=62 time=130 ms
64 bytes from aaaa::212:7402:2:202: icmp_seq=155 ttl=62 time=151 ms
64 bytes from aaaa::212:7402:2:202: icmp_seq=156 ttl=62 time=173 ms
64 bytes from aaaa::212:7402:2:202: icmp_seq=157 ttl=62 time=153 ms
64 bytes from aaaa::212:7402:2:202: icmp_seq=158 ttl=62 time=153 ms
64 bytes from aaaa::212:7402:2:202: icmp_seq=159 ttl=62 time=149 ms
64 bytes from aaaa::212:7402:2:202: icmp_seq=160 ttl=62 time=156 ms
64 bytes from aaaa::212:7402:2:202: icmp_seq=161 ttl=62 time=121 ms
64 bytes from aaaa::212:7402:2:202: icmp_seq=162 ttl=62 time=113 ms
64 bytes from aaaa::212:7402:2:202: icmp_seq=163 ttl=62 time=153 ms
64 bytes from aaaa::212:7402:2:202: icmp_seq=164 ttl=62 time=301 ms
64 bytes from aaaa::212:7402:2:202: icmp_seq=165 ttl=62 time=159 ms
64 bytes from aaaa::212:7402:2:202: icmp_seq=166 ttl=62 time=133 ms
64 bytes from aaaa::212:7402:2:202: icmp_seq=167 ttl=62 time=300 ms
64 bytes from aaaa::212:7402:2:202: icmp_seq=168 ttl=62 time=101 ms
64 bytes from aaaa::212:7402:2:202: icmp_seq=169 ttl=62 time=359 ms
64 bytes from aaaa::212:7402:2:202: icmp_seq=172 ttl=62 time=405 ms
64 bytes from aaaa::212:7402:2:202: icmp_seq=173 ttl=62 time=114 ms
64 bytes from aaaa::212:7402:2:202: icmp_seq=174 ttl=62 time=243 ms
64 bytes from aaaa::212:7402:2:202: icmp_seq=175 ttl=62 time=666 ms
64 bytes from aaaa::212:7402:2:202: icmp_seq=177 ttl=62 time=263 ms
64 bytes from aaaa::212:7402:2:202: icmp_seq=179 ttl=62 time=193 ms
64 bytes from aaaa::212:7402:2:202: icmp_seq=180 ttl=62 time=245 ms
64 bytes from aaaa::212:7402:2:202: icmp_seq=181 ttl=62 time=131 ms
64 bytes from aaaa::212:7402:2:202: icmp_seq=182 ttl=62 time=145 ms
64 bytes from aaaa::212:7402:2:202: icmp_seq=183 ttl=62 time=244 ms
64 bytes from aaaa::212:7402:2:202: icmp_seq=184 ttl=62 time=126 ms
64 bytes from aaaa::212:7402:2:202: icmp_seq=185 ttl=62 time=165 ms
64 bytes from aaaa::212:7402:2:202: icmp_seq=186 ttl=62 time=126 ms
64 bytes from aaaa::212:7402:2:202: icmp_seq=187 ttl=62 time=130 ms
64 bytes from aaaa::212:7402:2:202: icmp_seq=188 ttl=62 time=189 ms
64 bytes from aaaa::212:7402:2:202: icmp_seq=189 ttl=62 time=140 ms
64 bytes from aaaa::212:7402:2:202: icmp_seq=190 ttl=62 time=126 ms
64 bytes from aaaa::212:7402:2:202: icmp_seq=191 ttl=62 time=143 ms
64 bytes from aaaa::212:7402:2:202: icmp_seq=192 ttl=62 time=150 ms
64 bytes from aaaa::212:7402:2:202: icmp_seq=193 ttl=62 time=110 ms
64 bytes from aaaa::212:7402:2:202: icmp_seq=194 ttl=62 time=140 ms
64 bytes from aaaa::212:7402:2:202: icmp_seq=195 ttl=62 time=122 ms
64 bytes from aaaa::212:7402:2:202: icmp_seq=196 ttl=62 time=157 ms
64 bytes from aaaa::212:7402:2:202: icmp_seq=197 ttl=62 time=143 ms
64 bytes from aaaa::212:7402:2:202: icmp_seq=198 ttl=62 time=206 ms
64 bytes from aaaa::212:7402:2:202: icmp_seq=199 ttl=62 time=169 ms
64 bytes from aaaa::212:7402:2:202: icmp_seq=200 ttl=62 time=186 ms

--- aaaa::212:7402:2:202 ping statistics ---
200 packets transmitted, 173 received, 13% packet loss, time 999491ms
rtt min/avg/max/mdev = 101.286/302.603/1169.090/188.961 ms
