PING aaaa::212:7403:3:303(aaaa::212:7403:3:303) 56 data bytes
64 bytes from aaaa::212:7403:3:303: icmp_seq=1 ttl=63 time=88.8 ms
64 bytes from aaaa::212:7403:3:303: icmp_seq=2 ttl=63 time=377 ms
64 bytes from aaaa::212:7403:3:303: icmp_seq=3 ttl=63 time=75.4 ms
64 bytes from aaaa::212:7403:3:303: icmp_seq=4 ttl=63 time=225 ms
64 bytes from aaaa::212:7403:3:303: icmp_seq=5 ttl=63 time=166 ms
64 bytes from aaaa::212:7403:3:303: icmp_seq=6 ttl=63 time=224 ms
64 bytes from aaaa::212:7403:3:303: icmp_seq=7 ttl=63 time=713 ms
64 bytes from aaaa::212:7403:3:303: icmp_seq=8 ttl=63 time=152 ms
64 bytes from aaaa::212:7403:3:303: icmp_seq=9 ttl=63 time=187 ms
64 bytes from aaaa::212:7403:3:303: icmp_seq=12 ttl=63 time=245 ms
64 bytes from aaaa::212:7403:3:303: icmp_seq=15 ttl=63 time=484 ms
64 bytes from aaaa::212:7403:3:303: icmp_seq=16 ttl=63 time=163 ms
64 bytes from aaaa::212:7403:3:303: icmp_seq=17 ttl=63 time=170 ms
64 bytes from aaaa::212:7403:3:303: icmp_seq=18 ttl=63 time=65.7 ms
64 bytes from aaaa::212:7403:3:303: icmp_seq=19 ttl=63 time=252 ms
64 bytes from aaaa::212:7403:3:303: icmp_seq=20 ttl=63 time=428 ms
64 bytes from aaaa::212:7403:3:303: icmp_seq=21 ttl=63 time=246 ms
64 bytes from aaaa::212:7403:3:303: icmp_seq=22 ttl=63 time=69.3 ms
64 bytes from aaaa::212:7403:3:303: icmp_seq=23 ttl=63 time=89.0 ms
64 bytes from aaaa::212:7403:3:303: icmp_seq=24 ttl=63 time=111 ms
64 bytes from aaaa::212:7403:3:303: icmp_seq=25 ttl=63 time=82.6 ms
64 bytes from aaaa::212:7403:3:303: icmp_seq=26 ttl=63 time=77.1 ms
64 bytes from aaaa::212:7403:3:303: icmp_seq=27 ttl=63 time=101 ms
64 bytes from aaaa::212:7403:3:303: icmp_seq=28 ttl=63 time=74.9 ms
64 bytes from aaaa::212:7403:3:303: icmp_seq=29 ttl=63 time=65.9 ms
64 bytes from aaaa::212:7403:3:303: icmp_seq=30 ttl=63 time=122 ms
64 bytes from aaaa::212:7403:3:303: icmp_seq=31 ttl=63 time=144 ms
64 bytes from aaaa::212:7403:3:303: icmp_seq=32 ttl=63 time=445 ms
64 bytes from aaaa::212:7403:3:303: icmp_seq=33 ttl=63 time=882 ms
64 bytes from aaaa::212:7403:3:303: icmp_seq=34 ttl=63 time=155 ms
64 bytes from aaaa::212:7403:3:303: icmp_seq=35 ttl=63 time=121 ms
64 bytes from aaaa::212:7403:3:303: icmp_seq=36 ttl=63 time=220 ms
64 bytes from aaaa::212:7403:3:303: icmp_seq=39 ttl=63 time=134 ms
64 bytes from aaaa::212:7403:3:303: icmp_seq=40 ttl=63 time=159 ms
64 bytes from aaaa::212:7403:3:303: icmp_seq=41 ttl=63 time=97.0 ms
64 bytes from aaaa::212:7403:3:303: icmp_seq=42 ttl=63 time=592 ms
64 bytes from aaaa::212:7403:3:303: icmp_seq=43 ttl=63 time=409 ms
64 bytes from aaaa::212:7403:3:303: icmp_seq=44 ttl=63 time=267 ms
64 bytes from aaaa::212:7403:3:303: icmp_seq=45 ttl=63 time=260 ms
64 bytes from aaaa::212:7403:3:303: icmp_seq=46 ttl=63 time=168 ms
64 bytes from aaaa::212:7403:3:303: icmp_seq=47 ttl=63 time=105 ms
64 bytes from aaaa::212:7403:3:303: icmp_seq=48 ttl=63 time=123 ms
64 bytes from aaaa::212:7403:3:303: icmp_seq=49 ttl=63 time=411 ms
64 bytes from aaaa::212:7403:3:303: icmp_seq=50 ttl=63 time=164 ms
64 bytes from aaaa::212:7403:3:303: icmp_seq=51 ttl=63 time=141 ms
64 bytes from aaaa::212:7403:3:303: icmp_seq=53 ttl=63 time=166 ms
64 bytes from aaaa::212:7403:3:303: icmp_seq=54 ttl=63 time=505 ms
64 bytes from aaaa::212:7403:3:303: icmp_seq=55 ttl=63 time=78.2 ms
64 bytes from aaaa::212:7403:3:303: icmp_seq=56 ttl=63 time=144 ms
64 bytes from aaaa::212:7403:3:303: icmp_seq=57 ttl=63 time=233 ms
64 bytes from aaaa::212:7403:3:303: icmp_seq=59 ttl=63 time=76.5 ms
64 bytes from aaaa::212:7403:3:303: icmp_seq=60 ttl=63 time=87.4 ms
64 bytes from aaaa::212:7403:3:303: icmp_seq=61 ttl=63 time=86.1 ms
64 bytes from aaaa::212:7403:3:303: icmp_seq=62 ttl=63 time=106 ms
64 bytes from aaaa::212:7403:3:303: icmp_seq=63 ttl=63 time=91.1 ms
64 bytes from aaaa::212:7403:3:303: icmp_seq=64 ttl=63 time=173 ms
64 bytes from aaaa::212:7403:3:303: icmp_seq=65 ttl=63 time=103 ms
64 bytes from aaaa::212:7403:3:303: icmp_seq=66 ttl=63 time=90.6 ms
64 bytes from aaaa::212:7403:3:303: icmp_seq=67 ttl=63 time=80.2 ms
64 bytes from aaaa::212:7403:3:303: icmp_seq=68 ttl=63 time=82.8 ms
64 bytes from aaaa::212:7403:3:303: icmp_seq=70 ttl=63 time=94.8 ms
64 bytes from aaaa::212:7403:3:303: icmp_seq=71 ttl=63 time=112 ms
64 bytes from aaaa::212:7403:3:303: icmp_seq=72 ttl=63 time=122 ms
64 bytes from aaaa::212:7403:3:303: icmp_seq=73 ttl=63 time=111 ms
64 bytes from aaaa::212:7403:3:303: icmp_seq=74 ttl=63 time=308 ms
64 bytes from aaaa::212:7403:3:303: icmp_seq=76 ttl=63 time=273 ms
64 bytes from aaaa::212:7403:3:303: icmp_seq=77 ttl=63 time=224 ms
64 bytes from aaaa::212:7403:3:303: icmp_seq=78 ttl=63 time=178 ms
64 bytes from aaaa::212:7403:3:303: icmp_seq=80 ttl=63 time=90.8 ms
64 bytes from aaaa::212:7403:3:303: icmp_seq=87 ttl=63 time=144 ms
64 bytes from aaaa::212:7403:3:303: icmp_seq=90 ttl=63 time=410 ms
64 bytes from aaaa::212:7403:3:303: icmp_seq=91 ttl=63 time=208 ms
64 bytes from aaaa::212:7403:3:303: icmp_seq=92 ttl=63 time=136 ms
64 bytes from aaaa::212:7403:3:303: icmp_seq=95 ttl=63 time=250 ms
64 bytes from aaaa::212:7403:3:303: icmp_seq=96 ttl=63 time=97.6 ms
64 bytes from aaaa::212:7403:3:303: icmp_seq=97 ttl=63 time=145 ms
64 bytes from aaaa::212:7403:3:303: icmp_seq=98 ttl=63 time=379 ms
64 bytes from aaaa::212:7403:3:303: icmp_seq=99 ttl=63 time=106 ms
64 bytes from aaaa::212:7403:3:303: icmp_seq=100 ttl=63 time=82.5 ms
64 bytes from aaaa::212:7403:3:303: icmp_seq=101 ttl=63 time=65.1 ms
64 bytes from aaaa::212:7403:3:303: icmp_seq=102 ttl=63 time=64.8 ms
64 bytes from aaaa::212:7403:3:303: icmp_seq=103 ttl=63 time=91.9 ms
64 bytes from aaaa::212:7403:3:303: icmp_seq=104 ttl=63 time=96.4 ms
64 bytes from aaaa::212:7403:3:303: icmp_seq=105 ttl=63 time=77.9 ms
64 bytes from aaaa::212:7403:3:303: icmp_seq=106 ttl=63 time=134 ms
64 bytes from aaaa::212:7403:3:303: icmp_seq=107 ttl=63 time=65.1 ms
64 bytes from aaaa::212:7403:3:303: icmp_seq=108 ttl=63 time=53.8 ms
64 bytes from aaaa::212:7403:3:303: icmp_seq=109 ttl=63 time=74.6 ms
64 bytes from aaaa::212:7403:3:303: icmp_seq=110 ttl=63 time=97.6 ms
64 bytes from aaaa::212:7403:3:303: icmp_seq=111 ttl=63 time=95.7 ms
64 bytes from aaaa::212:7403:3:303: icmp_seq=112 ttl=63 time=145 ms
64 bytes from aaaa::212:7403:3:303: icmp_seq=113 ttl=63 time=98.7 ms
64 bytes from aaaa::212:7403:3:303: icmp_seq=114 ttl=63 time=65.9 ms
64 bytes from aaaa::212:7403:3:303: icmp_seq=115 ttl=63 time=77.8 ms
64 bytes from aaaa::212:7403:3:303: icmp_seq=116 ttl=63 time=90.3 ms
64 bytes from aaaa::212:7403:3:303: icmp_seq=117 ttl=63 time=57.8 ms
64 bytes from aaaa::212:7403:3:303: icmp_seq=118 ttl=63 time=79.2 ms
64 bytes from aaaa::212:7403:3:303: icmp_seq=119 ttl=63 time=74.4 ms
64 bytes from aaaa::212:7403:3:303: icmp_seq=120 ttl=63 time=113 ms
64 bytes from aaaa::212:7403:3:303: icmp_seq=121 ttl=63 time=66.4 ms
64 bytes from aaaa::212:7403:3:303: icmp_seq=122 ttl=63 time=62.0 ms
64 bytes from aaaa::212:7403:3:303: icmp_seq=123 ttl=63 time=58.4 ms
64 bytes from aaaa::212:7403:3:303: icmp_seq=124 ttl=63 time=100 ms
64 bytes from aaaa::212:7403:3:303: icmp_seq=125 ttl=63 time=99.3 ms
64 bytes from aaaa::212:7403:3:303: icmp_seq=126 ttl=63 time=81.6 ms
64 bytes from aaaa::212:7403:3:303: icmp_seq=127 ttl=63 time=116 ms
64 bytes from aaaa::212:7403:3:303: icmp_seq=128 ttl=63 time=89.7 ms
64 bytes from aaaa::212:7403:3:303: icmp_seq=129 ttl=63 time=113 ms
64 bytes from aaaa::212:7403:3:303: icmp_seq=130 ttl=63 time=86.9 ms
64 bytes from aaaa::212:7403:3:303: icmp_seq=131 ttl=63 time=95.8 ms
64 bytes from aaaa::212:7403:3:303: icmp_seq=132 ttl=63 time=50.1 ms
64 bytes from aaaa::212:7403:3:303: icmp_seq=133 ttl=63 time=99.3 ms
64 bytes from aaaa::212:7403:3:303: icmp_seq=134 ttl=63 time=113 ms
64 bytes from aaaa::212:7403:3:303: icmp_seq=135 ttl=63 time=131 ms
64 bytes from aaaa::212:7403:3:303: icmp_seq=136 ttl=63 time=152 ms
64 bytes from aaaa::212:7403:3:303: icmp_seq=137 ttl=63 time=89.6 ms
64 bytes from aaaa::212:7403:3:303: icmp_seq=138 ttl=63 time=121 ms
64 bytes from aaaa::212:7403:3:303: icmp_seq=139 ttl=63 time=90.0 ms
64 bytes from aaaa::212:7403:3:303: icmp_seq=140 ttl=63 time=111 ms
64 bytes from aaaa::212:7403:3:303: icmp_seq=141 ttl=63 time=91.3 ms
64 bytes from aaaa::212:7403:3:303: icmp_seq=142 ttl=63 time=124 ms
64 bytes from aaaa::212:7403:3:303: icmp_seq=143 ttl=63 time=76.3 ms
64 bytes from aaaa::212:7403:3:303: icmp_seq=144 ttl=63 time=191 ms
64 bytes from aaaa::212:7403:3:303: icmp_seq=145 ttl=63 time=203 ms
64 bytes from aaaa::212:7403:3:303: icmp_seq=146 ttl=63 time=128 ms
64 bytes from aaaa::212:7403:3:303: icmp_seq=147 ttl=63 time=105 ms
64 bytes from aaaa::212:7403:3:303: icmp_seq=148 ttl=63 time=99.4 ms
64 bytes from aaaa::212:7403:3:303: icmp_seq=149 ttl=63 time=95.4 ms
64 bytes from aaaa::212:7403:3:303: icmp_seq=150 ttl=63 time=62.4 ms
64 bytes from aaaa::212:7403:3:303: icmp_seq=151 ttl=63 time=78.7 ms
64 bytes from aaaa::212:7403:3:303: icmp_seq=152 ttl=63 time=203 ms
64 bytes from aaaa::212:7403:3:303: icmp_seq=153 ttl=63 time=107 ms
64 bytes from aaaa::212:7403:3:303: icmp_seq=154 ttl=63 time=84.3 ms
64 bytes from aaaa::212:7403:3:303: icmp_seq=155 ttl=63 time=78.2 ms
64 bytes from aaaa::212:7403:3:303: icmp_seq=156 ttl=63 time=239 ms
64 bytes from aaaa::212:7403:3:303: icmp_seq=157 ttl=63 time=81.4 ms
64 bytes from aaaa::212:7403:3:303: icmp_seq=158 ttl=63 time=74.1 ms
64 bytes from aaaa::212:7403:3:303: icmp_seq=159 ttl=63 time=92.0 ms
64 bytes from aaaa::212:7403:3:303: icmp_seq=160 ttl=63 time=81.3 ms
64 bytes from aaaa::212:7403:3:303: icmp_seq=161 ttl=63 time=46.3 ms
64 bytes from aaaa::212:7403:3:303: icmp_seq=162 ttl=63 time=91.1 ms
64 bytes from aaaa::212:7403:3:303: icmp_seq=163 ttl=63 time=109 ms
64 bytes from aaaa::212:7403:3:303: icmp_seq=164 ttl=63 time=97.9 ms
64 bytes from aaaa::212:7403:3:303: icmp_seq=165 ttl=63 time=110 ms
64 bytes from aaaa::212:7403:3:303: icmp_seq=166 ttl=63 time=59.6 ms
64 bytes from aaaa::212:7403:3:303: icmp_seq=167 ttl=63 time=94.1 ms
64 bytes from aaaa::212:7403:3:303: icmp_seq=168 ttl=63 time=135 ms
64 bytes from aaaa::212:7403:3:303: icmp_seq=170 ttl=63 time=86.6 ms
64 bytes from aaaa::212:7403:3:303: icmp_seq=171 ttl=63 time=125 ms
64 bytes from aaaa::212:7403:3:303: icmp_seq=172 ttl=63 time=119 ms
64 bytes from aaaa::212:7403:3:303: icmp_seq=173 ttl=63 time=111 ms
64 bytes from aaaa::212:7403:3:303: icmp_seq=174 ttl=63 time=68.1 ms
64 bytes from aaaa::212:7403:3:303: icmp_seq=175 ttl=63 time=165 ms
64 bytes from aaaa::212:7403:3:303: icmp_seq=176 ttl=63 time=153 ms
64 bytes from aaaa::212:7403:3:303: icmp_seq=177 ttl=63 time=340 ms
64 bytes from aaaa::212:7403:3:303: icmp_seq=178 ttl=63 time=82.8 ms
64 bytes from aaaa::212:7403:3:303: icmp_seq=179 ttl=63 time=150 ms
64 bytes from aaaa::212:7403:3:303: icmp_seq=180 ttl=63 time=121 ms
64 bytes from aaaa::212:7403:3:303: icmp_seq=185 ttl=63 time=103 ms
64 bytes from aaaa::212:7403:3:303: icmp_seq=186 ttl=63 time=179 ms
64 bytes from aaaa::212:7403:3:303: icmp_seq=193 ttl=63 time=108 ms
64 bytes from aaaa::212:7403:3:303: icmp_seq=200 ttl=63 time=111 ms

--- aaaa::212:7403:3:303 ping statistics ---
200 packets transmitted, 162 received, 19% packet loss, time 1001185ms
rtt min/avg/max/mdev = 46.305/150.491/882.068/120.479 ms
