PING aaaa::212:7405:5:505(aaaa::212:7405:5:505) 56 data bytes
64 bytes from aaaa::212:7405:5:505: icmp_seq=1 ttl=61 time=274 ms
64 bytes from aaaa::212:7405:5:505: icmp_seq=2 ttl=61 time=548 ms
64 bytes from aaaa::212:7405:5:505: icmp_seq=3 ttl=61 time=422 ms
64 bytes from aaaa::212:7405:5:505: icmp_seq=4 ttl=61 time=511 ms
64 bytes from aaaa::212:7405:5:505: icmp_seq=15 ttl=61 time=527 ms
64 bytes from aaaa::212:7405:5:505: icmp_seq=20 ttl=61 time=367 ms
64 bytes from aaaa::212:7405:5:505: icmp_seq=21 ttl=61 time=764 ms
64 bytes from aaaa::212:7405:5:505: icmp_seq=22 ttl=61 time=750 ms
64 bytes from aaaa::212:7405:5:505: icmp_seq=23 ttl=61 time=421 ms
64 bytes from aaaa::212:7405:5:505: icmp_seq=24 ttl=61 time=440 ms
64 bytes from aaaa::212:7405:5:505: icmp_seq=25 ttl=61 time=500 ms
64 bytes from aaaa::212:7405:5:505: icmp_seq=26 ttl=61 time=559 ms
64 bytes from aaaa::212:7405:5:505: icmp_seq=27 ttl=61 time=566 ms
64 bytes from aaaa::212:7405:5:505: icmp_seq=28 ttl=61 time=229 ms
64 bytes from aaaa::212:7405:5:505: icmp_seq=30 ttl=61 time=251 ms
64 bytes from aaaa::212:7405:5:505: icmp_seq=31 ttl=61 time=330 ms
64 bytes from aaaa::212:7405:5:505: icmp_seq=32 ttl=61 time=266 ms
64 bytes from aaaa::212:7405:5:505: icmp_seq=33 ttl=61 time=237 ms
64 bytes from aaaa::212:7405:5:505: icmp_seq=34 ttl=61 time=320 ms
64 bytes from aaaa::212:7405:5:505: icmp_seq=35 ttl=61 time=311 ms
64 bytes from aaaa::212:7405:5:505: icmp_seq=36 ttl=61 time=287 ms
64 bytes from aaaa::212:7405:5:505: icmp_seq=37 ttl=61 time=218 ms
64 bytes from aaaa::212:7405:5:505: icmp_seq=38 ttl=61 time=256 ms
64 bytes from aaaa::212:7405:5:505: icmp_seq=39 ttl=61 time=275 ms
64 bytes from aaaa::212:7405:5:505: icmp_seq=40 ttl=61 time=259 ms
64 bytes from aaaa::212:7405:5:505: icmp_seq=41 ttl=61 time=309 ms
64 bytes from aaaa::212:7405:5:505: icmp_seq=42 ttl=61 time=571 ms
64 bytes from aaaa::212:7405:5:505: icmp_seq=43 ttl=61 time=260 ms
64 bytes from aaaa::212:7405:5:505: icmp_seq=44 ttl=61 time=400 ms
64 bytes from aaaa::212:7405:5:505: icmp_seq=45 ttl=61 time=388 ms
64 bytes from aaaa::212:7405:5:505: icmp_seq=46 ttl=61 time=308 ms
64 bytes from aaaa::212:7405:5:505: icmp_seq=47 ttl=61 time=280 ms
64 bytes from aaaa::212:7405:5:505: icmp_seq=48 ttl=61 time=363 ms
64 bytes from aaaa::212:7405:5:505: icmp_seq=49 ttl=61 time=387 ms
64 bytes from aaaa::212:7405:5:505: icmp_seq=50 ttl=61 time=287 ms
64 bytes from aaaa::212:7405:5:505: icmp_seq=51 ttl=61 time=297 ms
64 bytes from aaaa::212:7405:5:505: icmp_seq=53 ttl=61 time=394 ms
64 bytes from aaaa::212:7405:5:505: icmp_seq=54 ttl=61 time=343 ms
64 bytes from aaaa::212:7405:5:505: icmp_seq=55 ttl=61 time=468 ms
64 bytes from aaaa::212:7405:5:505: icmp_seq=56 ttl=61 time=536 ms
64 bytes from aaaa::212:7405:5:505: icmp_seq=57 ttl=61 time=235 ms
64 bytes from aaaa::212:7405:5:505: icmp_seq=58 ttl=61 time=252 ms
64 bytes from aaaa::212:7405:5:505: icmp_seq=59 ttl=61 time=275 ms
64 bytes from aaaa::212:7405:5:505: icmp_seq=60 ttl=61 time=327 ms
64 bytes from aaaa::212:7405:5:505: icmp_seq=61 ttl=61 time=690 ms
64 bytes from aaaa::212:7405:5:505: icmp_seq=62 ttl=61 time=320 ms
64 bytes from aaaa::212:7405:5:505: icmp_seq=63 ttl=61 time=557 ms
64 bytes from aaaa::212:7405:5:505: icmp_seq=64 ttl=61 time=322 ms
64 bytes from aaaa::212:7405:5:505: icmp_seq=65 ttl=61 time=255 ms
64 bytes from aaaa::212:7405:5:505: icmp_seq=66 ttl=61 time=218 ms
64 bytes from aaaa::212:7405:5:505: icmp_seq=67 ttl=61 time=345 ms
64 bytes from aaaa::212:7405:5:505: icmp_seq=68 ttl=61 time=348 ms
64 bytes from aaaa::212:7405:5:505: icmp_seq=69 ttl=61 time=381 ms
64 bytes from aaaa::212:7405:5:505: icmp_seq=70 ttl=61 time=444 ms
64 bytes from aaaa::212:7405:5:505: icmp_seq=71 ttl=61 time=209 ms
64 bytes from aaaa::212:7405:5:505: icmp_seq=72 ttl=61 time=371 ms
64 bytes from aaaa::212:7405:5:505: icmp_seq=73 ttl=61 time=395 ms
64 bytes from aaaa::212:7405:5:505: icmp_seq=74 ttl=61 time=412 ms
64 bytes from aaaa::212:7405:5:505: icmp_seq=75 ttl=61 time=413 ms
64 bytes from aaaa::212:7405:5:505: icmp_seq=76 ttl=61 time=367 ms
64 bytes from aaaa::212:7405:5:505: icmp_seq=77 ttl=61 time=433 ms
64 bytes from aaaa::212:7405:5:505: icmp_seq=78 ttl=61 time=197 ms
64 bytes from aaaa::212:7405:5:505: icmp_seq=79 ttl=61 time=352 ms
64 bytes from aaaa::212:7405:5:505: icmp_seq=80 ttl=61 time=267 ms
64 bytes from aaaa::212:7405:5:505: icmp_seq=81 ttl=61 time=275 ms
64 bytes from aaaa::212:7405:5:505: icmp_seq=82 ttl=61 time=389 ms
64 bytes from aaaa::212:7405:5:505: icmp_seq=83 ttl=61 time=310 ms
64 bytes from aaaa::212:7405:5:505: icmp_seq=84 ttl=61 time=298 ms
64 bytes from aaaa::212:7405:5:505: icmp_seq=85 ttl=61 time=258 ms
64 bytes from aaaa::212:7405:5:505: icmp_seq=86 ttl=61 time=337 ms
64 bytes from aaaa::212:7405:5:505: icmp_seq=87 ttl=61 time=291 ms
64 bytes from aaaa::212:7405:5:505: icmp_seq=88 ttl=61 time=249 ms
64 bytes from aaaa::212:7405:5:505: icmp_seq=89 ttl=61 time=291 ms
64 bytes from aaaa::212:7405:5:505: icmp_seq=90 ttl=61 time=239 ms
64 bytes from aaaa::212:7405:5:505: icmp_seq=91 ttl=61 time=772 ms
64 bytes from aaaa::212:7405:5:505: icmp_seq=92 ttl=61 time=316 ms
64 bytes from aaaa::212:7405:5:505: icmp_seq=93 ttl=61 time=335 ms
64 bytes from aaaa::212:7405:5:505: icmp_seq=94 ttl=61 time=457 ms
64 bytes from aaaa::212:7405:5:505: icmp_seq=95 ttl=61 time=336 ms
64 bytes from aaaa::212:7405:5:505: icmp_seq=96 ttl=61 time=265 ms
64 bytes from aaaa::212:7405:5:505: icmp_seq=97 ttl=61 time=590 ms
64 bytes from aaaa::212:7405:5:505: icmp_seq=98 ttl=61 time=967 ms
64 bytes from aaaa::212:7405:5:505: icmp_seq=99 ttl=61 time=764 ms
64 bytes from aaaa::212:7405:5:505: icmp_seq=101 ttl=61 time=698 ms
64 bytes from aaaa::212:7405:5:505: icmp_seq=102 ttl=61 time=552 ms
64 bytes from aaaa::212:7405:5:505: icmp_seq=104 ttl=61 time=688 ms
64 bytes from aaaa::212:7405:5:505: icmp_seq=105 ttl=61 time=424 ms
64 bytes from aaaa::212:7405:5:505: icmp_seq=106 ttl=61 time=497 ms
64 bytes from aaaa::212:7405:5:505: icmp_seq=107 ttl=61 time=238 ms
64 bytes from aaaa::212:7405:5:505: icmp_seq=109 ttl=61 time=298 ms
64 bytes from aaaa::212:7405:5:505: icmp_seq=110 ttl=61 time=752 ms
64 bytes from aaaa::212:7405:5:505: icmp_seq=111 ttl=61 time=379 ms
64 bytes from aaaa::212:7405:5:505: icmp_seq=112 ttl=61 time=460 ms
64 bytes from aaaa::212:7405:5:505: icmp_seq=113 ttl=61 time=433 ms
64 bytes from aaaa::212:7405:5:505: icmp_seq=114 ttl=61 time=316 ms
64 bytes from aaaa::212:7405:5:505: icmp_seq=115 ttl=61 time=432 ms
64 bytes from aaaa::212:7405:5:505: icmp_seq=116 ttl=61 time=399 ms
64 bytes from aaaa::212:7405:5:505: icmp_seq=117 ttl=61 time=520 ms
64 bytes from aaaa::212:7405:5:505: icmp_seq=118 ttl=61 time=518 ms
64 bytes from aaaa::212:7405:5:505: icmp_seq=119 ttl=61 time=696 ms
64 bytes from aaaa::212:7405:5:505: icmp_seq=120 ttl=61 time=546 ms
64 bytes from aaaa::212:7405:5:505: icmp_seq=121 ttl=61 time=546 ms
64 bytes from aaaa::212:7405:5:505: icmp_seq=122 ttl=61 time=544 ms
64 bytes from aaaa::212:7405:5:505: icmp_seq=123 ttl=61 time=270 ms
64 bytes from aaaa::212:7405:5:505: icmp_seq=124 ttl=61 time=244 ms
64 bytes from aaaa::212:7405:5:505: icmp_seq=125 ttl=61 time=419 ms
64 bytes from aaaa::212:7405:5:505: icmp_seq=126 ttl=61 time=781 ms
64 bytes from aaaa::212:7405:5:505: icmp_seq=127 ttl=61 time=530 ms
64 bytes from aaaa::212:7405:5:505: icmp_seq=128 ttl=61 time=271 ms
64 bytes from aaaa::212:7405:5:505: icmp_seq=129 ttl=61 time=423 ms
64 bytes from aaaa::212:7405:5:505: icmp_seq=130 ttl=61 time=281 ms
64 bytes from aaaa::212:7405:5:505: icmp_seq=131 ttl=61 time=311 ms
64 bytes from aaaa::212:7405:5:505: icmp_seq=132 ttl=61 time=321 ms
64 bytes from aaaa::212:7405:5:505: icmp_seq=133 ttl=61 time=400 ms
64 bytes from aaaa::212:7405:5:505: icmp_seq=134 ttl=61 time=636 ms
64 bytes from aaaa::212:7405:5:505: icmp_seq=135 ttl=61 time=643 ms
64 bytes from aaaa::212:7405:5:505: icmp_seq=136 ttl=61 time=824 ms
64 bytes from aaaa::212:7405:5:505: icmp_seq=138 ttl=61 time=293 ms
64 bytes from aaaa::212:7405:5:505: icmp_seq=139 ttl=61 time=394 ms
64 bytes from aaaa::212:7405:5:505: icmp_seq=140 ttl=61 time=577 ms
64 bytes from aaaa::212:7405:5:505: icmp_seq=141 ttl=61 time=402 ms
64 bytes from aaaa::212:7405:5:505: icmp_seq=142 ttl=61 time=502 ms
64 bytes from aaaa::212:7405:5:505: icmp_seq=143 ttl=61 time=306 ms
64 bytes from aaaa::212:7405:5:505: icmp_seq=144 ttl=61 time=370 ms
64 bytes from aaaa::212:7405:5:505: icmp_seq=145 ttl=61 time=1557 ms
64 bytes from aaaa::212:7405:5:505: icmp_seq=146 ttl=61 time=336 ms
64 bytes from aaaa::212:7405:5:505: icmp_seq=147 ttl=61 time=383 ms
64 bytes from aaaa::212:7405:5:505: icmp_seq=148 ttl=61 time=325 ms
64 bytes from aaaa::212:7405:5:505: icmp_seq=149 ttl=61 time=393 ms
64 bytes from aaaa::212:7405:5:505: icmp_seq=150 ttl=61 time=254 ms
64 bytes from aaaa::212:7405:5:505: icmp_seq=151 ttl=61 time=446 ms
64 bytes from aaaa::212:7405:5:505: icmp_seq=152 ttl=61 time=282 ms
64 bytes from aaaa::212:7405:5:505: icmp_seq=153 ttl=61 time=228 ms
64 bytes from aaaa::212:7405:5:505: icmp_seq=154 ttl=61 time=229 ms
64 bytes from aaaa::212:7405:5:505: icmp_seq=155 ttl=61 time=330 ms
64 bytes from aaaa::212:7405:5:505: icmp_seq=156 ttl=61 time=397 ms
64 bytes from aaaa::212:7405:5:505: icmp_seq=157 ttl=61 time=261 ms
64 bytes from aaaa::212:7405:5:505: icmp_seq=158 ttl=61 time=214 ms
64 bytes from aaaa::212:7405:5:505: icmp_seq=159 ttl=61 time=340 ms
64 bytes from aaaa::212:7405:5:505: icmp_seq=160 ttl=61 time=264 ms
64 bytes from aaaa::212:7405:5:505: icmp_seq=161 ttl=61 time=275 ms
64 bytes from aaaa::212:7405:5:505: icmp_seq=162 ttl=61 time=458 ms
64 bytes from aaaa::212:7405:5:505: icmp_seq=163 ttl=61 time=247 ms
64 bytes from aaaa::212:7405:5:505: icmp_seq=164 ttl=61 time=393 ms
64 bytes from aaaa::212:7405:5:505: icmp_seq=165 ttl=61 time=295 ms
64 bytes from aaaa::212:7405:5:505: icmp_seq=166 ttl=61 time=267 ms
64 bytes from aaaa::212:7405:5:505: icmp_seq=167 ttl=61 time=297 ms
64 bytes from aaaa::212:7405:5:505: icmp_seq=168 ttl=61 time=308 ms
64 bytes from aaaa::212:7405:5:505: icmp_seq=169 ttl=61 time=280 ms
64 bytes from aaaa::212:7405:5:505: icmp_seq=170 ttl=61 time=379 ms
64 bytes from aaaa::212:7405:5:505: icmp_seq=171 ttl=61 time=522 ms
64 bytes from aaaa::212:7405:5:505: icmp_seq=172 ttl=61 time=306 ms
64 bytes from aaaa::212:7405:5:505: icmp_seq=173 ttl=61 time=307 ms
64 bytes from aaaa::212:7405:5:505: icmp_seq=174 ttl=61 time=372 ms
64 bytes from aaaa::212:7405:5:505: icmp_seq=175 ttl=61 time=339 ms
64 bytes from aaaa::212:7405:5:505: icmp_seq=176 ttl=61 time=379 ms
64 bytes from aaaa::212:7405:5:505: icmp_seq=177 ttl=61 time=385 ms
64 bytes from aaaa::212:7405:5:505: icmp_seq=178 ttl=61 time=389 ms
64 bytes from aaaa::212:7405:5:505: icmp_seq=179 ttl=61 time=381 ms
64 bytes from aaaa::212:7405:5:505: icmp_seq=180 ttl=61 time=515 ms
64 bytes from aaaa::212:7405:5:505: icmp_seq=181 ttl=61 time=534 ms
64 bytes from aaaa::212:7405:5:505: icmp_seq=182 ttl=61 time=352 ms
64 bytes from aaaa::212:7405:5:505: icmp_seq=183 ttl=61 time=446 ms
64 bytes from aaaa::212:7405:5:505: icmp_seq=184 ttl=61 time=359 ms
64 bytes from aaaa::212:7405:5:505: icmp_seq=187 ttl=61 time=219 ms
64 bytes from aaaa::212:7405:5:505: icmp_seq=188 ttl=61 time=234 ms
64 bytes from aaaa::212:7405:5:505: icmp_seq=189 ttl=61 time=266 ms
64 bytes from aaaa::212:7405:5:505: icmp_seq=190 ttl=61 time=284 ms
64 bytes from aaaa::212:7405:5:505: icmp_seq=191 ttl=61 time=234 ms
64 bytes from aaaa::212:7405:5:505: icmp_seq=192 ttl=61 time=309 ms
64 bytes from aaaa::212:7405:5:505: icmp_seq=193 ttl=61 time=409 ms
64 bytes from aaaa::212:7405:5:505: icmp_seq=194 ttl=61 time=289 ms
64 bytes from aaaa::212:7405:5:505: icmp_seq=195 ttl=61 time=283 ms
64 bytes from aaaa::212:7405:5:505: icmp_seq=196 ttl=61 time=209 ms
64 bytes from aaaa::212:7405:5:505: icmp_seq=197 ttl=61 time=298 ms
64 bytes from aaaa::212:7405:5:505: icmp_seq=198 ttl=61 time=307 ms
64 bytes from aaaa::212:7405:5:505: icmp_seq=199 ttl=61 time=416 ms
64 bytes from aaaa::212:7405:5:505: icmp_seq=200 ttl=61 time=280 ms

--- aaaa::212:7405:5:505 ping statistics ---
200 packets transmitted, 178 received, 11% packet loss, time 998450ms
rtt min/avg/max/mdev = 197.495/392.611/1557.851/167.140 ms
