PING aaaa::212:740a:a:a0a(aaaa::212:740a:a:a0a) 56 data bytes
64 bytes from aaaa::212:740a:a:a0a: icmp_seq=1 ttl=60 time=361 ms
64 bytes from aaaa::212:740a:a:a0a: icmp_seq=2 ttl=60 time=516 ms
64 bytes from aaaa::212:740a:a:a0a: icmp_seq=3 ttl=60 time=644 ms
64 bytes from aaaa::212:740a:a:a0a: icmp_seq=15 ttl=60 time=697 ms
64 bytes from aaaa::212:740a:a:a0a: icmp_seq=16 ttl=60 time=413 ms
64 bytes from aaaa::212:740a:a:a0a: icmp_seq=19 ttl=60 time=612 ms
64 bytes from aaaa::212:740a:a:a0a: icmp_seq=20 ttl=60 time=1002 ms
64 bytes from aaaa::212:740a:a:a0a: icmp_seq=21 ttl=60 time=885 ms
64 bytes from aaaa::212:740a:a:a0a: icmp_seq=22 ttl=60 time=425 ms
64 bytes from aaaa::212:740a:a:a0a: icmp_seq=23 ttl=60 time=401 ms
64 bytes from aaaa::212:740a:a:a0a: icmp_seq=24 ttl=60 time=389 ms
64 bytes from aaaa::212:740a:a:a0a: icmp_seq=25 ttl=60 time=795 ms
64 bytes from aaaa::212:740a:a:a0a: icmp_seq=26 ttl=60 time=804 ms
64 bytes from aaaa::212:740a:a:a0a: icmp_seq=27 ttl=60 time=293 ms
64 bytes from aaaa::212:740a:a:a0a: icmp_seq=28 ttl=60 time=414 ms
64 bytes from aaaa::212:740a:a:a0a: icmp_seq=29 ttl=60 time=358 ms
64 bytes from aaaa::212:740a:a:a0a: icmp_seq=30 ttl=60 time=334 ms
64 bytes from aaaa::212:740a:a:a0a: icmp_seq=31 ttl=60 time=341 ms
64 bytes from aaaa::212:740a:a:a0a: icmp_seq=32 ttl=60 time=266 ms
64 bytes from aaaa::212:740a:a:a0a: icmp_seq=33 ttl=60 time=361 ms
64 bytes from aaaa::212:740a:a:a0a: icmp_seq=34 ttl=60 time=321 ms
64 bytes from aaaa::212:740a:a:a0a: icmp_seq=35 ttl=60 time=279 ms
64 bytes from aaaa::212:740a:a:a0a: icmp_seq=36 ttl=60 time=317 ms
64 bytes from aaaa::212:740a:a:a0a: icmp_seq=37 ttl=60 time=342 ms
64 bytes from aaaa::212:740a:a:a0a: icmp_seq=38 ttl=60 time=315 ms
64 bytes from aaaa::212:740a:a:a0a: icmp_seq=39 ttl=60 time=313 ms
64 bytes from aaaa::212:740a:a:a0a: icmp_seq=40 ttl=60 time=320 ms
64 bytes from aaaa::212:740a:a:a0a: icmp_seq=41 ttl=60 time=952 ms
64 bytes from aaaa::212:740a:a:a0a: icmp_seq=42 ttl=60 time=340 ms
64 bytes from aaaa::212:740a:a:a0a: icmp_seq=43 ttl=60 time=431 ms
64 bytes from aaaa::212:740a:a:a0a: icmp_seq=44 ttl=60 time=373 ms
64 bytes from aaaa::212:740a:a:a0a: icmp_seq=45 ttl=60 time=434 ms
64 bytes from aaaa::212:740a:a:a0a: icmp_seq=46 ttl=60 time=303 ms
64 bytes from aaaa::212:740a:a:a0a: icmp_seq=47 ttl=60 time=439 ms
64 bytes from aaaa::212:740a:a:a0a: icmp_seq=48 ttl=60 time=310 ms
64 bytes from aaaa::212:740a:a:a0a: icmp_seq=49 ttl=60 time=313 ms
64 bytes from aaaa::212:740a:a:a0a: icmp_seq=50 ttl=60 time=346 ms
64 bytes from aaaa::212:740a:a:a0a: icmp_seq=51 ttl=60 time=559 ms
64 bytes from aaaa::212:740a:a:a0a: icmp_seq=52 ttl=60 time=683 ms
64 bytes from aaaa::212:740a:a:a0a: icmp_seq=53 ttl=60 time=352 ms
64 bytes from aaaa::212:740a:a:a0a: icmp_seq=54 ttl=60 time=970 ms
64 bytes from aaaa::212:740a:a:a0a: icmp_seq=55 ttl=60 time=843 ms
64 bytes from aaaa::212:740a:a:a0a: icmp_seq=56 ttl=60 time=263 ms
64 bytes from aaaa::212:740a:a:a0a: icmp_seq=57 ttl=60 time=296 ms
64 bytes from aaaa::212:740a:a:a0a: icmp_seq=58 ttl=60 time=346 ms
64 bytes from aaaa::212:740a:a:a0a: icmp_seq=59 ttl=60 time=361 ms
64 bytes from aaaa::212:740a:a:a0a: icmp_seq=60 ttl=60 time=342 ms
64 bytes from aaaa::212:740a:a:a0a: icmp_seq=61 ttl=60 time=377 ms
64 bytes from aaaa::212:740a:a:a0a: icmp_seq=62 ttl=60 time=355 ms
64 bytes from aaaa::212:740a:a:a0a: icmp_seq=63 ttl=60 time=396 ms
64 bytes from aaaa::212:740a:a:a0a: icmp_seq=64 ttl=60 time=348 ms
64 bytes from aaaa::212:740a:a:a0a: icmp_seq=65 ttl=60 time=318 ms
64 bytes from aaaa::212:740a:a:a0a: icmp_seq=66 ttl=60 time=397 ms
64 bytes from aaaa::212:740a:a:a0a: icmp_seq=67 ttl=60 time=276 ms
64 bytes from aaaa::212:740a:a:a0a: icmp_seq=68 ttl=60 time=735 ms
64 bytes from aaaa::212:740a:a:a0a: icmp_seq=69 ttl=60 time=424 ms
64 bytes from aaaa::212:740a:a:a0a: icmp_seq=70 ttl=60 time=278 ms
64 bytes from aaaa::212:740a:a:a0a: icmp_seq=71 ttl=60 time=309 ms
64 bytes from aaaa::212:740a:a:a0a: icmp_seq=72 ttl=60 time=411 ms
64 bytes from aaaa::212:740a:a:a0a: icmp_seq=73 ttl=60 time=523 ms
64 bytes from aaaa::212:740a:a:a0a: icmp_seq=74 ttl=60 time=451 ms
64 bytes from aaaa::212:740a:a:a0a: icmp_seq=75 ttl=60 time=497 ms
64 bytes from aaaa::212:740a:a:a0a: icmp_seq=76 ttl=60 time=462 ms
64 bytes from aaaa::212:740a:a:a0a: icmp_seq=77 ttl=60 time=370 ms
64 bytes from aaaa::212:740a:a:a0a: icmp_seq=78 ttl=60 time=499 ms
64 bytes from aaaa::212:740a:a:a0a: icmp_seq=79 ttl=60 time=321 ms
64 bytes from aaaa::212:740a:a:a0a: icmp_seq=80 ttl=60 time=336 ms
64 bytes from aaaa::212:740a:a:a0a: icmp_seq=81 ttl=60 time=436 ms
64 bytes from aaaa::212:740a:a:a0a: icmp_seq=82 ttl=60 time=372 ms
64 bytes from aaaa::212:740a:a:a0a: icmp_seq=83 ttl=60 time=278 ms
64 bytes from aaaa::212:740a:a:a0a: icmp_seq=84 ttl=60 time=441 ms
64 bytes from aaaa::212:740a:a:a0a: icmp_seq=85 ttl=60 time=416 ms
64 bytes from aaaa::212:740a:a:a0a: icmp_seq=86 ttl=60 time=469 ms
64 bytes from aaaa::212:740a:a:a0a: icmp_seq=87 ttl=60 time=384 ms
64 bytes from aaaa::212:740a:a:a0a: icmp_seq=88 ttl=60 time=504 ms
64 bytes from aaaa::212:740a:a:a0a: icmp_seq=89 ttl=60 time=266 ms
64 bytes from aaaa::212:740a:a:a0a: icmp_seq=91 ttl=60 time=327 ms
64 bytes from aaaa::212:740a:a:a0a: icmp_seq=92 ttl=60 time=287 ms
64 bytes from aaaa::212:740a:a:a0a: icmp_seq=93 ttl=60 time=327 ms
64 bytes from aaaa::212:740a:a:a0a: icmp_seq=94 ttl=60 time=336 ms
64 bytes from aaaa::212:740a:a:a0a: icmp_seq=96 ttl=60 time=976 ms
64 bytes from aaaa::212:740a:a:a0a: icmp_seq=97 ttl=60 time=1228 ms
64 bytes from aaaa::212:740a:a:a0a: icmp_seq=98 ttl=60 time=1017 ms
64 bytes from aaaa::212:740a:a:a0a: icmp_seq=100 ttl=60 time=968 ms
64 bytes from aaaa::212:740a:a:a0a: icmp_seq=101 ttl=60 time=1139 ms
64 bytes from aaaa::212:740a:a:a0a: icmp_seq=102 ttl=60 time=643 ms
64 bytes from aaaa::212:740a:a:a0a: icmp_seq=103 ttl=60 time=1051 ms
64 bytes from aaaa::212:740a:a:a0a: icmp_seq=104 ttl=60 time=397 ms
64 bytes from aaaa::212:740a:a:a0a: icmp_seq=105 ttl=60 time=854 ms
64 bytes from aaaa::212:740a:a:a0a: icmp_seq=106 ttl=60 time=354 ms
64 bytes from aaaa::212:740a:a:a0a: icmp_seq=107 ttl=60 time=1200 ms
64 bytes from aaaa::212:740a:a:a0a: icmp_seq=109 ttl=60 time=1132 ms
64 bytes from aaaa::212:740a:a:a0a: icmp_seq=110 ttl=60 time=757 ms
64 bytes from aaaa::212:740a:a:a0a: icmp_seq=111 ttl=60 time=650 ms
64 bytes from aaaa::212:740a:a:a0a: icmp_seq=112 ttl=60 time=452 ms
64 bytes from aaaa::212:740a:a:a0a: icmp_seq=113 ttl=60 time=296 ms
64 bytes from aaaa::212:740a:a:a0a: icmp_seq=114 ttl=60 time=380 ms
64 bytes from aaaa::212:740a:a:a0a: icmp_seq=116 ttl=60 time=474 ms
64 bytes from aaaa::212:740a:a:a0a: icmp_seq=117 ttl=60 time=494 ms
64 bytes from aaaa::212:740a:a:a0a: icmp_seq=118 ttl=60 time=377 ms
64 bytes from aaaa::212:740a:a:a0a: icmp_seq=119 ttl=60 time=310 ms
64 bytes from aaaa::212:740a:a:a0a: icmp_seq=120 ttl=60 time=371 ms
64 bytes from aaaa::212:740a:a:a0a: icmp_seq=121 ttl=60 time=852 ms
64 bytes from aaaa::212:740a:a:a0a: icmp_seq=122 ttl=60 time=347 ms
64 bytes from aaaa::212:740a:a:a0a: icmp_seq=123 ttl=60 time=307 ms
64 bytes from aaaa::212:740a:a:a0a: icmp_seq=124 ttl=60 time=724 ms
64 bytes from aaaa::212:740a:a:a0a: icmp_seq=125 ttl=60 time=1081 ms
64 bytes from aaaa::212:740a:a:a0a: icmp_seq=126 ttl=60 time=838 ms
64 bytes from aaaa::212:740a:a:a0a: icmp_seq=127 ttl=60 time=368 ms
64 bytes from aaaa::212:740a:a:a0a: icmp_seq=128 ttl=60 time=730 ms
64 bytes from aaaa::212:740a:a:a0a: icmp_seq=129 ttl=60 time=353 ms
64 bytes from aaaa::212:740a:a:a0a: icmp_seq=130 ttl=60 time=348 ms
64 bytes from aaaa::212:740a:a:a0a: icmp_seq=131 ttl=60 time=370 ms
64 bytes from aaaa::212:740a:a:a0a: icmp_seq=132 ttl=60 time=703 ms
64 bytes from aaaa::212:740a:a:a0a: icmp_seq=133 ttl=60 time=902 ms
64 bytes from aaaa::212:740a:a:a0a: icmp_seq=134 ttl=60 time=912 ms
64 bytes from aaaa::212:740a:a:a0a: icmp_seq=135 ttl=60 time=695 ms
64 bytes from aaaa::212:740a:a:a0a: icmp_seq=136 ttl=60 time=1311 ms
64 bytes from aaaa::212:740a:a:a0a: icmp_seq=137 ttl=60 time=352 ms
64 bytes from aaaa::212:740a:a:a0a: icmp_seq=138 ttl=60 time=467 ms
64 bytes from aaaa::212:740a:a:a0a: icmp_seq=139 ttl=60 time=599 ms
64 bytes from aaaa::212:740a:a:a0a: icmp_seq=140 ttl=60 time=712 ms
64 bytes from aaaa::212:740a:a:a0a: icmp_seq=141 ttl=60 time=476 ms
64 bytes from aaaa::212:740a:a:a0a: icmp_seq=142 ttl=60 time=341 ms
64 bytes from aaaa::212:740a:a:a0a: icmp_seq=143 ttl=60 time=764 ms
64 bytes from aaaa::212:740a:a:a0a: icmp_seq=144 ttl=60 time=1945 ms
64 bytes from aaaa::212:740a:a:a0a: icmp_seq=145 ttl=60 time=380 ms
64 bytes from aaaa::212:740a:a:a0a: icmp_seq=146 ttl=60 time=449 ms
64 bytes from aaaa::212:740a:a:a0a: icmp_seq=147 ttl=60 time=392 ms
64 bytes from aaaa::212:740a:a:a0a: icmp_seq=148 ttl=60 time=536 ms
64 bytes from aaaa::212:740a:a:a0a: icmp_seq=149 ttl=60 time=355 ms
64 bytes from aaaa::212:740a:a:a0a: icmp_seq=150 ttl=60 time=844 ms
64 bytes from aaaa::212:740a:a:a0a: icmp_seq=151 ttl=60 time=325 ms
64 bytes from aaaa::212:740a:a:a0a: icmp_seq=152 ttl=60 time=340 ms
64 bytes from aaaa::212:740a:a:a0a: icmp_seq=153 ttl=60 time=345 ms
64 bytes from aaaa::212:740a:a:a0a: icmp_seq=154 ttl=60 time=352 ms
64 bytes from aaaa::212:740a:a:a0a: icmp_seq=155 ttl=60 time=573 ms
64 bytes from aaaa::212:740a:a:a0a: icmp_seq=156 ttl=60 time=334 ms
64 bytes from aaaa::212:740a:a:a0a: icmp_seq=157 ttl=60 time=362 ms
64 bytes from aaaa::212:740a:a:a0a: icmp_seq=158 ttl=60 time=380 ms
64 bytes from aaaa::212:740a:a:a0a: icmp_seq=159 ttl=60 time=372 ms
64 bytes from aaaa::212:740a:a:a0a: icmp_seq=160 ttl=60 time=326 ms
64 bytes from aaaa::212:740a:a:a0a: icmp_seq=161 ttl=60 time=832 ms
64 bytes from aaaa::212:740a:a:a0a: icmp_seq=162 ttl=60 time=317 ms
64 bytes from aaaa::212:740a:a:a0a: icmp_seq=163 ttl=60 time=524 ms
64 bytes from aaaa::212:740a:a:a0a: icmp_seq=164 ttl=60 time=322 ms
64 bytes from aaaa::212:740a:a:a0a: icmp_seq=165 ttl=60 time=260 ms
64 bytes from aaaa::212:740a:a:a0a: icmp_seq=166 ttl=60 time=312 ms
64 bytes from aaaa::212:740a:a:a0a: icmp_seq=167 ttl=60 time=403 ms
64 bytes from aaaa::212:740a:a:a0a: icmp_seq=168 ttl=60 time=294 ms
64 bytes from aaaa::212:740a:a:a0a: icmp_seq=169 ttl=60 time=375 ms
64 bytes from aaaa::212:740a:a:a0a: icmp_seq=170 ttl=60 time=887 ms
64 bytes from aaaa::212:740a:a:a0a: icmp_seq=171 ttl=60 time=526 ms
64 bytes from aaaa::212:740a:a:a0a: icmp_seq=172 ttl=60 time=354 ms
64 bytes from aaaa::212:740a:a:a0a: icmp_seq=173 ttl=60 time=370 ms
64 bytes from aaaa::212:740a:a:a0a: icmp_seq=174 ttl=60 time=403 ms
64 bytes from aaaa::212:740a:a:a0a: icmp_seq=175 ttl=60 time=400 ms
64 bytes from aaaa::212:740a:a:a0a: icmp_seq=177 ttl=60 time=564 ms
64 bytes from aaaa::212:740a:a:a0a: icmp_seq=178 ttl=60 time=792 ms
64 bytes from aaaa::212:740a:a:a0a: icmp_seq=179 ttl=60 time=720 ms
64 bytes from aaaa::212:740a:a:a0a: icmp_seq=180 ttl=60 time=712 ms
64 bytes from aaaa::212:740a:a:a0a: icmp_seq=181 ttl=60 time=535 ms
64 bytes from aaaa::212:740a:a:a0a: icmp_seq=182 ttl=60 time=348 ms
64 bytes from aaaa::212:740a:a:a0a: icmp_seq=183 ttl=60 time=403 ms
64 bytes from aaaa::212:740a:a:a0a: icmp_seq=184 ttl=60 time=746 ms
64 bytes from aaaa::212:740a:a:a0a: icmp_seq=185 ttl=60 time=349 ms
64 bytes from aaaa::212:740a:a:a0a: icmp_seq=186 ttl=60 time=270 ms
64 bytes from aaaa::212:740a:a:a0a: icmp_seq=187 ttl=60 time=276 ms
64 bytes from aaaa::212:740a:a:a0a: icmp_seq=188 ttl=60 time=302 ms
64 bytes from aaaa::212:740a:a:a0a: icmp_seq=189 ttl=60 time=308 ms
64 bytes from aaaa::212:740a:a:a0a: icmp_seq=190 ttl=60 time=269 ms
64 bytes from aaaa::212:740a:a:a0a: icmp_seq=191 ttl=60 time=292 ms
64 bytes from aaaa::212:740a:a:a0a: icmp_seq=192 ttl=60 time=314 ms
64 bytes from aaaa::212:740a:a:a0a: icmp_seq=193 ttl=60 time=354 ms
64 bytes from aaaa::212:740a:a:a0a: icmp_seq=194 ttl=60 time=295 ms
64 bytes from aaaa::212:740a:a:a0a: icmp_seq=195 ttl=60 time=274 ms
64 bytes from aaaa::212:740a:a:a0a: icmp_seq=196 ttl=60 time=329 ms
64 bytes from aaaa::212:740a:a:a0a: icmp_seq=197 ttl=60 time=363 ms
64 bytes from aaaa::212:740a:a:a0a: icmp_seq=198 ttl=60 time=349 ms
64 bytes from aaaa::212:740a:a:a0a: icmp_seq=199 ttl=60 time=492 ms
64 bytes from aaaa::212:740a:a:a0a: icmp_seq=200 ttl=60 time=457 ms

--- aaaa::212:740a:a:a0a ping statistics ---
200 packets transmitted, 181 received, 9% packet loss, time 997874ms
rtt min/avg/max/mdev = 260.544/498.159/1945.579/256.314 ms
