PING aaaa::212:740f:f:f0f(aaaa::212:740f:f:f0f) 56 data bytes
64 bytes from aaaa::212:740f:f:f0f: icmp_seq=3 ttl=60 time=420 ms
64 bytes from aaaa::212:740f:f:f0f: icmp_seq=4 ttl=60 time=963 ms
64 bytes from aaaa::212:740f:f:f0f: icmp_seq=5 ttl=60 time=349 ms
64 bytes from aaaa::212:740f:f:f0f: icmp_seq=6 ttl=60 time=318 ms
64 bytes from aaaa::212:740f:f:f0f: icmp_seq=7 ttl=60 time=532 ms
64 bytes from aaaa::212:740f:f:f0f: icmp_seq=8 ttl=60 time=370 ms
64 bytes from aaaa::212:740f:f:f0f: icmp_seq=9 ttl=60 time=483 ms
64 bytes from aaaa::212:740f:f:f0f: icmp_seq=10 ttl=60 time=643 ms
64 bytes from aaaa::212:740f:f:f0f: icmp_seq=11 ttl=60 time=520 ms
64 bytes from aaaa::212:740f:f:f0f: icmp_seq=12 ttl=60 time=970 ms
64 bytes from aaaa::212:740f:f:f0f: icmp_seq=15 ttl=60 time=460 ms
64 bytes from aaaa::212:740f:f:f0f: icmp_seq=16 ttl=60 time=653 ms
64 bytes from aaaa::212:740f:f:f0f: icmp_seq=17 ttl=60 time=765 ms
64 bytes from aaaa::212:740f:f:f0f: icmp_seq=18 ttl=60 time=769 ms
64 bytes from aaaa::212:740f:f:f0f: icmp_seq=19 ttl=60 time=363 ms
64 bytes from aaaa::212:740f:f:f0f: icmp_seq=21 ttl=60 time=526 ms
64 bytes from aaaa::212:740f:f:f0f: icmp_seq=23 ttl=60 time=346 ms
64 bytes from aaaa::212:740f:f:f0f: icmp_seq=24 ttl=60 time=274 ms
64 bytes from aaaa::212:740f:f:f0f: icmp_seq=25 ttl=60 time=247 ms
64 bytes from aaaa::212:740f:f:f0f: icmp_seq=26 ttl=60 time=334 ms
64 bytes from aaaa::212:740f:f:f0f: icmp_seq=27 ttl=60 time=278 ms
64 bytes from aaaa::212:740f:f:f0f: icmp_seq=28 ttl=60 time=345 ms
64 bytes from aaaa::212:740f:f:f0f: icmp_seq=29 ttl=60 time=327 ms
64 bytes from aaaa::212:740f:f:f0f: icmp_seq=30 ttl=60 time=240 ms
64 bytes from aaaa::212:740f:f:f0f: icmp_seq=31 ttl=60 time=275 ms
64 bytes from aaaa::212:740f:f:f0f: icmp_seq=32 ttl=60 time=264 ms
64 bytes from aaaa::212:740f:f:f0f: icmp_seq=33 ttl=60 time=374 ms
64 bytes from aaaa::212:740f:f:f0f: icmp_seq=34 ttl=60 time=362 ms
64 bytes from aaaa::212:740f:f:f0f: icmp_seq=35 ttl=60 time=304 ms
64 bytes from aaaa::212:740f:f:f0f: icmp_seq=36 ttl=60 time=385 ms
64 bytes from aaaa::212:740f:f:f0f: icmp_seq=37 ttl=60 time=539 ms
64 bytes from aaaa::212:740f:f:f0f: icmp_seq=39 ttl=60 time=254 ms
64 bytes from aaaa::212:740f:f:f0f: icmp_seq=40 ttl=60 time=209 ms
64 bytes from aaaa::212:740f:f:f0f: icmp_seq=41 ttl=60 time=198 ms
64 bytes from aaaa::212:740f:f:f0f: icmp_seq=42 ttl=60 time=260 ms
64 bytes from aaaa::212:740f:f:f0f: icmp_seq=43 ttl=60 time=251 ms
64 bytes from aaaa::212:740f:f:f0f: icmp_seq=44 ttl=60 time=240 ms
64 bytes from aaaa::212:740f:f:f0f: icmp_seq=45 ttl=60 time=244 ms
64 bytes from aaaa::212:740f:f:f0f: icmp_seq=46 ttl=60 time=255 ms
64 bytes from aaaa::212:740f:f:f0f: icmp_seq=47 ttl=60 time=256 ms
64 bytes from aaaa::212:740f:f:f0f: icmp_seq=48 ttl=60 time=218 ms
64 bytes from aaaa::212:740f:f:f0f: icmp_seq=49 ttl=60 time=253 ms
64 bytes from aaaa::212:740f:f:f0f: icmp_seq=50 ttl=60 time=252 ms
64 bytes from aaaa::212:740f:f:f0f: icmp_seq=51 ttl=60 time=245 ms
64 bytes from aaaa::212:740f:f:f0f: icmp_seq=52 ttl=60 time=285 ms
64 bytes from aaaa::212:740f:f:f0f: icmp_seq=53 ttl=60 time=201 ms
64 bytes from aaaa::212:740f:f:f0f: icmp_seq=54 ttl=60 time=279 ms
64 bytes from aaaa::212:740f:f:f0f: icmp_seq=55 ttl=60 time=250 ms
64 bytes from aaaa::212:740f:f:f0f: icmp_seq=56 ttl=60 time=232 ms
64 bytes from aaaa::212:740f:f:f0f: icmp_seq=57 ttl=60 time=212 ms
64 bytes from aaaa::212:740f:f:f0f: icmp_seq=58 ttl=60 time=290 ms
64 bytes from aaaa::212:740f:f:f0f: icmp_seq=59 ttl=60 time=213 ms
64 bytes from aaaa::212:740f:f:f0f: icmp_seq=60 ttl=60 time=224 ms
64 bytes from aaaa::212:740f:f:f0f: icmp_seq=61 ttl=60 time=200 ms
64 bytes from aaaa::212:740f:f:f0f: icmp_seq=62 ttl=60 time=286 ms
64 bytes from aaaa::212:740f:f:f0f: icmp_seq=63 ttl=60 time=245 ms
64 bytes from aaaa::212:740f:f:f0f: icmp_seq=64 ttl=60 time=198 ms
64 bytes from aaaa::212:740f:f:f0f: icmp_seq=65 ttl=60 time=249 ms
64 bytes from aaaa::212:740f:f:f0f: icmp_seq=66 ttl=60 time=268 ms
64 bytes from aaaa::212:740f:f:f0f: icmp_seq=67 ttl=60 time=234 ms
64 bytes from aaaa::212:740f:f:f0f: icmp_seq=68 ttl=60 time=249 ms
64 bytes from aaaa::212:740f:f:f0f: icmp_seq=69 ttl=60 time=250 ms
64 bytes from aaaa::212:740f:f:f0f: icmp_seq=70 ttl=60 time=257 ms
64 bytes from aaaa::212:740f:f:f0f: icmp_seq=71 ttl=60 time=227 ms
64 bytes from aaaa::212:740f:f:f0f: icmp_seq=72 ttl=60 time=237 ms
64 bytes from aaaa::212:740f:f:f0f: icmp_seq=73 ttl=60 time=350 ms
64 bytes from aaaa::212:740f:f:f0f: icmp_seq=74 ttl=60 time=267 ms
64 bytes from aaaa::212:740f:f:f0f: icmp_seq=75 ttl=60 time=262 ms
64 bytes from aaaa::212:740f:f:f0f: icmp_seq=76 ttl=60 time=351 ms
64 bytes from aaaa::212:740f:f:f0f: icmp_seq=77 ttl=60 time=279 ms
64 bytes from aaaa::212:740f:f:f0f: icmp_seq=78 ttl=60 time=279 ms
64 bytes from aaaa::212:740f:f:f0f: icmp_seq=79 ttl=60 time=239 ms
64 bytes from aaaa::212:740f:f:f0f: icmp_seq=80 ttl=60 time=211 ms
64 bytes from aaaa::212:740f:f:f0f: icmp_seq=81 ttl=60 time=347 ms
64 bytes from aaaa::212:740f:f:f0f: icmp_seq=82 ttl=60 time=453 ms
64 bytes from aaaa::212:740f:f:f0f: icmp_seq=83 ttl=60 time=349 ms
64 bytes from aaaa::212:740f:f:f0f: icmp_seq=84 ttl=60 time=235 ms
64 bytes from aaaa::212:740f:f:f0f: icmp_seq=85 ttl=60 time=240 ms
64 bytes from aaaa::212:740f:f:f0f: icmp_seq=86 ttl=60 time=306 ms
64 bytes from aaaa::212:740f:f:f0f: icmp_seq=87 ttl=60 time=401 ms
64 bytes from aaaa::212:740f:f:f0f: icmp_seq=88 ttl=60 time=297 ms
64 bytes from aaaa::212:740f:f:f0f: icmp_seq=89 ttl=60 time=258 ms
64 bytes from aaaa::212:740f:f:f0f: icmp_seq=90 ttl=60 time=224 ms
64 bytes from aaaa::212:740f:f:f0f: icmp_seq=91 ttl=60 time=221 ms
64 bytes from aaaa::212:740f:f:f0f: icmp_seq=92 ttl=60 time=246 ms
64 bytes from aaaa::212:740f:f:f0f: icmp_seq=93 ttl=60 time=215 ms
64 bytes from aaaa::212:740f:f:f0f: icmp_seq=94 ttl=60 time=224 ms
64 bytes from aaaa::212:740f:f:f0f: icmp_seq=95 ttl=60 time=245 ms
64 bytes from aaaa::212:740f:f:f0f: icmp_seq=96 ttl=60 time=263 ms
64 bytes from aaaa::212:740f:f:f0f: icmp_seq=97 ttl=60 time=196 ms
64 bytes from aaaa::212:740f:f:f0f: icmp_seq=98 ttl=60 time=328 ms
64 bytes from aaaa::212:740f:f:f0f: icmp_seq=99 ttl=60 time=212 ms
64 bytes from aaaa::212:740f:f:f0f: icmp_seq=100 ttl=60 time=220 ms
64 bytes from aaaa::212:740f:f:f0f: icmp_seq=101 ttl=60 time=300 ms
64 bytes from aaaa::212:740f:f:f0f: icmp_seq=102 ttl=60 time=210 ms
64 bytes from aaaa::212:740f:f:f0f: icmp_seq=103 ttl=60 time=254 ms
64 bytes from aaaa::212:740f:f:f0f: icmp_seq=104 ttl=60 time=260 ms
64 bytes from aaaa::212:740f:f:f0f: icmp_seq=105 ttl=60 time=265 ms
64 bytes from aaaa::212:740f:f:f0f: icmp_seq=106 ttl=60 time=246 ms
64 bytes from aaaa::212:740f:f:f0f: icmp_seq=107 ttl=60 time=317 ms
64 bytes from aaaa::212:740f:f:f0f: icmp_seq=108 ttl=60 time=237 ms
64 bytes from aaaa::212:740f:f:f0f: icmp_seq=109 ttl=60 time=429 ms
64 bytes from aaaa::212:740f:f:f0f: icmp_seq=110 ttl=60 time=260 ms
64 bytes from aaaa::212:740f:f:f0f: icmp_seq=111 ttl=60 time=273 ms
64 bytes from aaaa::212:740f:f:f0f: icmp_seq=112 ttl=60 time=266 ms
64 bytes from aaaa::212:740f:f:f0f: icmp_seq=113 ttl=60 time=378 ms
64 bytes from aaaa::212:740f:f:f0f: icmp_seq=114 ttl=60 time=221 ms
64 bytes from aaaa::212:740f:f:f0f: icmp_seq=115 ttl=60 time=328 ms
64 bytes from aaaa::212:740f:f:f0f: icmp_seq=116 ttl=60 time=341 ms
64 bytes from aaaa::212:740f:f:f0f: icmp_seq=117 ttl=60 time=285 ms
64 bytes from aaaa::212:740f:f:f0f: icmp_seq=118 ttl=60 time=324 ms
64 bytes from aaaa::212:740f:f:f0f: icmp_seq=119 ttl=60 time=256 ms
64 bytes from aaaa::212:740f:f:f0f: icmp_seq=120 ttl=60 time=318 ms
64 bytes from aaaa::212:740f:f:f0f: icmp_seq=121 ttl=60 time=231 ms
64 bytes from aaaa::212:740f:f:f0f: icmp_seq=122 ttl=60 time=346 ms
64 bytes from aaaa::212:740f:f:f0f: icmp_seq=123 ttl=60 time=272 ms
64 bytes from aaaa::212:740f:f:f0f: icmp_seq=124 ttl=60 time=369 ms
64 bytes from aaaa::212:740f:f:f0f: icmp_seq=125 ttl=60 time=251 ms
64 bytes from aaaa::212:740f:f:f0f: icmp_seq=126 ttl=60 time=387 ms
64 bytes from aaaa::212:740f:f:f0f: icmp_seq=127 ttl=60 time=507 ms
64 bytes from aaaa::212:740f:f:f0f: icmp_seq=128 ttl=60 time=262 ms
64 bytes from aaaa::212:740f:f:f0f: icmp_seq=129 ttl=60 time=255 ms
64 bytes from aaaa::212:740f:f:f0f: icmp_seq=130 ttl=60 time=316 ms
64 bytes from aaaa::212:740f:f:f0f: icmp_seq=131 ttl=60 time=327 ms
64 bytes from aaaa::212:740f:f:f0f: icmp_seq=132 ttl=60 time=266 ms
64 bytes from aaaa::212:740f:f:f0f: icmp_seq=134 ttl=60 time=338 ms
64 bytes from aaaa::212:740f:f:f0f: icmp_seq=135 ttl=60 time=305 ms
64 bytes from aaaa::212:740f:f:f0f: icmp_seq=136 ttl=60 time=337 ms
64 bytes from aaaa::212:740f:f:f0f: icmp_seq=137 ttl=60 time=251 ms
64 bytes from aaaa::212:740f:f:f0f: icmp_seq=138 ttl=60 time=337 ms
64 bytes from aaaa::212:740f:f:f0f: icmp_seq=139 ttl=60 time=367 ms
64 bytes from aaaa::212:740f:f:f0f: icmp_seq=140 ttl=60 time=271 ms
64 bytes from aaaa::212:740f:f:f0f: icmp_seq=141 ttl=60 time=356 ms
64 bytes from aaaa::212:740f:f:f0f: icmp_seq=142 ttl=60 time=707 ms
64 bytes from aaaa::212:740f:f:f0f: icmp_seq=143 ttl=60 time=726 ms
64 bytes from aaaa::212:740f:f:f0f: icmp_seq=144 ttl=60 time=345 ms
64 bytes from aaaa::212:740f:f:f0f: icmp_seq=145 ttl=60 time=289 ms
64 bytes from aaaa::212:740f:f:f0f: icmp_seq=147 ttl=60 time=617 ms
64 bytes from aaaa::212:740f:f:f0f: icmp_seq=148 ttl=60 time=353 ms
64 bytes from aaaa::212:740f:f:f0f: icmp_seq=149 ttl=60 time=433 ms
64 bytes from aaaa::212:740f:f:f0f: icmp_seq=150 ttl=60 time=820 ms
64 bytes from aaaa::212:740f:f:f0f: icmp_seq=151 ttl=60 time=224 ms
64 bytes from aaaa::212:740f:f:f0f: icmp_seq=152 ttl=60 time=654 ms
64 bytes from aaaa::212:740f:f:f0f: icmp_seq=153 ttl=60 time=332 ms
64 bytes from aaaa::212:740f:f:f0f: icmp_seq=154 ttl=60 time=365 ms
64 bytes from aaaa::212:740f:f:f0f: icmp_seq=155 ttl=60 time=267 ms
64 bytes from aaaa::212:740f:f:f0f: icmp_seq=156 ttl=60 time=480 ms
64 bytes from aaaa::212:740f:f:f0f: icmp_seq=157 ttl=60 time=791 ms
64 bytes from aaaa::212:740f:f:f0f: icmp_seq=158 ttl=60 time=313 ms
64 bytes from aaaa::212:740f:f:f0f: icmp_seq=160 ttl=60 time=557 ms
64 bytes from aaaa::212:740f:f:f0f: icmp_seq=161 ttl=60 time=586 ms
64 bytes from aaaa::212:740f:f:f0f: icmp_seq=162 ttl=60 time=548 ms
64 bytes from aaaa::212:740f:f:f0f: icmp_seq=163 ttl=60 time=359 ms
64 bytes from aaaa::212:740f:f:f0f: icmp_seq=164 ttl=60 time=468 ms
64 bytes from aaaa::212:740f:f:f0f: icmp_seq=165 ttl=60 time=600 ms
64 bytes from aaaa::212:740f:f:f0f: icmp_seq=170 ttl=60 time=288 ms
64 bytes from aaaa::212:740f:f:f0f: icmp_seq=171 ttl=60 time=272 ms
64 bytes from aaaa::212:740f:f:f0f: icmp_seq=172 ttl=60 time=238 ms
64 bytes from aaaa::212:740f:f:f0f: icmp_seq=173 ttl=60 time=301 ms
64 bytes from aaaa::212:740f:f:f0f: icmp_seq=174 ttl=60 time=231 ms
64 bytes from aaaa::212:740f:f:f0f: icmp_seq=175 ttl=60 time=245 ms
64 bytes from aaaa::212:740f:f:f0f: icmp_seq=176 ttl=60 time=259 ms
64 bytes from aaaa::212:740f:f:f0f: icmp_seq=177 ttl=60 time=288 ms
64 bytes from aaaa::212:740f:f:f0f: icmp_seq=178 ttl=60 time=236 ms
64 bytes from aaaa::212:740f:f:f0f: icmp_seq=179 ttl=60 time=436 ms
64 bytes from aaaa::212:740f:f:f0f: icmp_seq=180 ttl=60 time=239 ms
64 bytes from aaaa::212:740f:f:f0f: icmp_seq=181 ttl=60 time=323 ms
64 bytes from aaaa::212:740f:f:f0f: icmp_seq=182 ttl=60 time=291 ms
64 bytes from aaaa::212:740f:f:f0f: icmp_seq=183 ttl=60 time=230 ms
64 bytes from aaaa::212:740f:f:f0f: icmp_seq=184 ttl=60 time=415 ms
64 bytes from aaaa::212:740f:f:f0f: icmp_seq=185 ttl=60 time=494 ms
64 bytes from aaaa::212:740f:f:f0f: icmp_seq=186 ttl=60 time=494 ms
64 bytes from aaaa::212:740f:f:f0f: icmp_seq=187 ttl=60 time=379 ms
64 bytes from aaaa::212:740f:f:f0f: icmp_seq=188 ttl=60 time=258 ms
64 bytes from aaaa::212:740f:f:f0f: icmp_seq=189 ttl=60 time=251 ms
64 bytes from aaaa::212:740f:f:f0f: icmp_seq=190 ttl=60 time=253 ms
64 bytes from aaaa::212:740f:f:f0f: icmp_seq=191 ttl=60 time=451 ms
64 bytes from aaaa::212:740f:f:f0f: icmp_seq=192 ttl=60 time=246 ms
64 bytes from aaaa::212:740f:f:f0f: icmp_seq=193 ttl=60 time=462 ms
64 bytes from aaaa::212:740f:f:f0f: icmp_seq=194 ttl=60 time=222 ms
64 bytes from aaaa::212:740f:f:f0f: icmp_seq=195 ttl=60 time=314 ms
64 bytes from aaaa::212:740f:f:f0f: icmp_seq=196 ttl=60 time=372 ms
64 bytes from aaaa::212:740f:f:f0f: icmp_seq=197 ttl=60 time=296 ms
64 bytes from aaaa::212:740f:f:f0f: icmp_seq=198 ttl=60 time=330 ms
64 bytes from aaaa::212:740f:f:f0f: icmp_seq=199 ttl=60 time=445 ms
64 bytes from aaaa::212:740f:f:f0f: icmp_seq=200 ttl=60 time=233 ms

--- aaaa::212:740f:f:f0f ping statistics ---
200 packets transmitted, 186 received, 7% packet loss, time 997841ms
rtt min/avg/max/mdev = 196.070/337.479/970.555/142.286 ms
