PING aaaa::212:7410:10:1010(aaaa::212:7410:10:1010) 56 data bytes
64 bytes from aaaa::212:7410:10:1010: icmp_seq=13 ttl=60 time=348 ms
64 bytes from aaaa::212:7410:10:1010: icmp_seq=14 ttl=60 time=299 ms
64 bytes from aaaa::212:7410:10:1010: icmp_seq=15 ttl=60 time=229 ms
64 bytes from aaaa::212:7410:10:1010: icmp_seq=16 ttl=60 time=342 ms
64 bytes from aaaa::212:7410:10:1010: icmp_seq=17 ttl=60 time=299 ms
64 bytes from aaaa::212:7410:10:1010: icmp_seq=18 ttl=60 time=358 ms
64 bytes from aaaa::212:7410:10:1010: icmp_seq=19 ttl=60 time=323 ms
64 bytes from aaaa::212:7410:10:1010: icmp_seq=20 ttl=60 time=320 ms
64 bytes from aaaa::212:7410:10:1010: icmp_seq=21 ttl=60 time=353 ms
64 bytes from aaaa::212:7410:10:1010: icmp_seq=22 ttl=60 time=395 ms
64 bytes from aaaa::212:7410:10:1010: icmp_seq=23 ttl=60 time=290 ms
64 bytes from aaaa::212:7410:10:1010: icmp_seq=25 ttl=60 time=307 ms
64 bytes from aaaa::212:7410:10:1010: icmp_seq=27 ttl=60 time=388 ms
64 bytes from aaaa::212:7410:10:1010: icmp_seq=28 ttl=60 time=299 ms
64 bytes from aaaa::212:7410:10:1010: icmp_seq=29 ttl=60 time=273 ms
64 bytes from aaaa::212:7410:10:1010: icmp_seq=30 ttl=60 time=282 ms
64 bytes from aaaa::212:7410:10:1010: icmp_seq=31 ttl=60 time=309 ms
64 bytes from aaaa::212:7410:10:1010: icmp_seq=32 ttl=60 time=341 ms
64 bytes from aaaa::212:7410:10:1010: icmp_seq=33 ttl=60 time=256 ms
64 bytes from aaaa::212:7410:10:1010: icmp_seq=34 ttl=60 time=343 ms
64 bytes from aaaa::212:7410:10:1010: icmp_seq=35 ttl=60 time=322 ms
64 bytes from aaaa::212:7410:10:1010: icmp_seq=36 ttl=60 time=306 ms
64 bytes from aaaa::212:7410:10:1010: icmp_seq=37 ttl=60 time=294 ms
64 bytes from aaaa::212:7410:10:1010: icmp_seq=38 ttl=60 time=275 ms
64 bytes from aaaa::212:7410:10:1010: icmp_seq=39 ttl=60 time=336 ms
64 bytes from aaaa::212:7410:10:1010: icmp_seq=40 ttl=60 time=273 ms
64 bytes from aaaa::212:7410:10:1010: icmp_seq=41 ttl=60 time=297 ms
64 bytes from aaaa::212:7410:10:1010: icmp_seq=43 ttl=60 time=372 ms
64 bytes from aaaa::212:7410:10:1010: icmp_seq=44 ttl=60 time=318 ms
64 bytes from aaaa::212:7410:10:1010: icmp_seq=45 ttl=60 time=329 ms
64 bytes from aaaa::212:7410:10:1010: icmp_seq=47 ttl=60 time=445 ms
64 bytes from aaaa::212:7410:10:1010: icmp_seq=48 ttl=60 time=449 ms
64 bytes from aaaa::212:7410:10:1010: icmp_seq=49 ttl=60 time=349 ms
64 bytes from aaaa::212:7410:10:1010: icmp_seq=50 ttl=60 time=425 ms
64 bytes from aaaa::212:7410:10:1010: icmp_seq=51 ttl=60 time=321 ms
64 bytes from aaaa::212:7410:10:1010: icmp_seq=53 ttl=60 time=280 ms
64 bytes from aaaa::212:7410:10:1010: icmp_seq=54 ttl=60 time=240 ms
64 bytes from aaaa::212:7410:10:1010: icmp_seq=55 ttl=60 time=594 ms
64 bytes from aaaa::212:7410:10:1010: icmp_seq=57 ttl=60 time=676 ms
64 bytes from aaaa::212:7410:10:1010: icmp_seq=59 ttl=60 time=607 ms
64 bytes from aaaa::212:7410:10:1010: icmp_seq=60 ttl=60 time=452 ms
64 bytes from aaaa::212:7410:10:1010: icmp_seq=61 ttl=60 time=549 ms
64 bytes from aaaa::212:7410:10:1010: icmp_seq=62 ttl=60 time=260 ms
64 bytes from aaaa::212:7410:10:1010: icmp_seq=63 ttl=60 time=416 ms
64 bytes from aaaa::212:7410:10:1010: icmp_seq=64 ttl=60 time=365 ms
64 bytes from aaaa::212:7410:10:1010: icmp_seq=65 ttl=60 time=382 ms
64 bytes from aaaa::212:7410:10:1010: icmp_seq=66 ttl=60 time=468 ms
64 bytes from aaaa::212:7410:10:1010: icmp_seq=67 ttl=60 time=399 ms
64 bytes from aaaa::212:7410:10:1010: icmp_seq=68 ttl=60 time=439 ms
64 bytes from aaaa::212:7410:10:1010: icmp_seq=69 ttl=60 time=505 ms
64 bytes from aaaa::212:7410:10:1010: icmp_seq=70 ttl=60 time=286 ms
64 bytes from aaaa::212:7410:10:1010: icmp_seq=71 ttl=60 time=305 ms
64 bytes from aaaa::212:7410:10:1010: icmp_seq=72 ttl=60 time=402 ms
64 bytes from aaaa::212:7410:10:1010: icmp_seq=73 ttl=60 time=280 ms
64 bytes from aaaa::212:7410:10:1010: icmp_seq=74 ttl=60 time=275 ms
64 bytes from aaaa::212:7410:10:1010: icmp_seq=76 ttl=60 time=317 ms
64 bytes from aaaa::212:7410:10:1010: icmp_seq=77 ttl=60 time=305 ms
64 bytes from aaaa::212:7410:10:1010: icmp_seq=78 ttl=60 time=309 ms
64 bytes from aaaa::212:7410:10:1010: icmp_seq=79 ttl=60 time=272 ms
64 bytes from aaaa::212:7410:10:1010: icmp_seq=80 ttl=60 time=294 ms
64 bytes from aaaa::212:7410:10:1010: icmp_seq=81 ttl=60 time=217 ms
64 bytes from aaaa::212:7410:10:1010: icmp_seq=82 ttl=60 time=266 ms
64 bytes from aaaa::212:7410:10:1010: icmp_seq=83 ttl=60 time=225 ms
64 bytes from aaaa::212:7410:10:1010: icmp_seq=84 ttl=60 time=283 ms
64 bytes from aaaa::212:7410:10:1010: icmp_seq=85 ttl=60 time=329 ms
64 bytes from aaaa::212:7410:10:1010: icmp_seq=86 ttl=60 time=303 ms
64 bytes from aaaa::212:7410:10:1010: icmp_seq=87 ttl=60 time=266 ms
64 bytes from aaaa::212:7410:10:1010: icmp_seq=88 ttl=60 time=257 ms
64 bytes from aaaa::212:7410:10:1010: icmp_seq=89 ttl=60 time=290 ms
64 bytes from aaaa::212:7410:10:1010: icmp_seq=90 ttl=60 time=357 ms
64 bytes from aaaa::212:7410:10:1010: icmp_seq=91 ttl=60 time=230 ms
64 bytes from aaaa::212:7410:10:1010: icmp_seq=92 ttl=60 time=276 ms
64 bytes from aaaa::212:7410:10:1010: icmp_seq=93 ttl=60 time=250 ms
64 bytes from aaaa::212:7410:10:1010: icmp_seq=94 ttl=60 time=335 ms
64 bytes from aaaa::212:7410:10:1010: icmp_seq=95 ttl=60 time=450 ms
64 bytes from aaaa::212:7410:10:1010: icmp_seq=96 ttl=60 time=259 ms
64 bytes from aaaa::212:7410:10:1010: icmp_seq=97 ttl=60 time=280 ms
64 bytes from aaaa::212:7410:10:1010: icmp_seq=98 ttl=60 time=277 ms
64 bytes from aaaa::212:7410:10:1010: icmp_seq=99 ttl=60 time=225 ms
64 bytes from aaaa::212:7410:10:1010: icmp_seq=100 ttl=60 time=312 ms
64 bytes from aaaa::212:7410:10:1010: icmp_seq=101 ttl=60 time=294 ms
64 bytes from aaaa::212:7410:10:1010: icmp_seq=102 ttl=60 time=363 ms
64 bytes from aaaa::212:7410:10:1010: icmp_seq=103 ttl=60 time=268 ms
64 bytes from aaaa::212:7410:10:1010: icmp_seq=104 ttl=60 time=442 ms
64 bytes from aaaa::212:7410:10:1010: icmp_seq=105 ttl=60 time=527 ms
64 bytes from aaaa::212:7410:10:1010: icmp_seq=107 ttl=60 time=588 ms
64 bytes from aaaa::212:7410:10:1010: icmp_seq=108 ttl=60 time=514 ms
64 bytes from aaaa::212:7410:10:1010: icmp_seq=110 ttl=60 time=303 ms
64 bytes from aaaa::212:7410:10:1010: icmp_seq=111 ttl=60 time=610 ms
64 bytes from aaaa::212:7410:10:1010: icmp_seq=112 ttl=60 time=358 ms
64 bytes from aaaa::212:7410:10:1010: icmp_seq=113 ttl=60 time=214 ms
64 bytes from aaaa::212:7410:10:1010: icmp_seq=114 ttl=60 time=298 ms
64 bytes from aaaa::212:7410:10:1010: icmp_seq=116 ttl=60 time=438 ms
64 bytes from aaaa::212:7410:10:1010: icmp_seq=117 ttl=60 time=408 ms
64 bytes from aaaa::212:7410:10:1010: icmp_seq=119 ttl=60 time=305 ms
64 bytes from aaaa::212:7410:10:1010: icmp_seq=120 ttl=60 time=235 ms
64 bytes from aaaa::212:7410:10:1010: icmp_seq=122 ttl=60 time=280 ms
64 bytes from aaaa::212:7410:10:1010: icmp_seq=123 ttl=60 time=523 ms
64 bytes from aaaa::212:7410:10:1010: icmp_seq=124 ttl=60 time=515 ms
64 bytes from aaaa::212:7410:10:1010: icmp_seq=125 ttl=60 time=450 ms
64 bytes from aaaa::212:7410:10:1010: icmp_seq=126 ttl=60 time=329 ms
64 bytes from aaaa::212:7410:10:1010: icmp_seq=127 ttl=60 time=367 ms
64 bytes from aaaa::212:7410:10:1010: icmp_seq=128 ttl=60 time=281 ms
64 bytes from aaaa::212:7410:10:1010: icmp_seq=129 ttl=60 time=322 ms
64 bytes from aaaa::212:7410:10:1010: icmp_seq=130 ttl=60 time=279 ms
64 bytes from aaaa::212:7410:10:1010: icmp_seq=131 ttl=60 time=314 ms
64 bytes from aaaa::212:7410:10:1010: icmp_seq=132 ttl=60 time=288 ms
64 bytes from aaaa::212:7410:10:1010: icmp_seq=133 ttl=60 time=319 ms
64 bytes from aaaa::212:7410:10:1010: icmp_seq=134 ttl=60 time=469 ms
64 bytes from aaaa::212:7410:10:1010: icmp_seq=135 ttl=60 time=321 ms
64 bytes from aaaa::212:7410:10:1010: icmp_seq=136 ttl=60 time=311 ms
64 bytes from aaaa::212:7410:10:1010: icmp_seq=137 ttl=60 time=293 ms
64 bytes from aaaa::212:7410:10:1010: icmp_seq=138 ttl=60 time=289 ms
64 bytes from aaaa::212:7410:10:1010: icmp_seq=139 ttl=60 time=325 ms
64 bytes from aaaa::212:7410:10:1010: icmp_seq=140 ttl=60 time=298 ms
64 bytes from aaaa::212:7410:10:1010: icmp_seq=141 ttl=60 time=313 ms
64 bytes from aaaa::212:7410:10:1010: icmp_seq=142 ttl=60 time=314 ms
64 bytes from aaaa::212:7410:10:1010: icmp_seq=143 ttl=60 time=282 ms
64 bytes from aaaa::212:7410:10:1010: icmp_seq=144 ttl=60 time=268 ms
64 bytes from aaaa::212:7410:10:1010: icmp_seq=145 ttl=60 time=320 ms
64 bytes from aaaa::212:7410:10:1010: icmp_seq=146 ttl=60 time=278 ms
64 bytes from aaaa::212:7410:10:1010: icmp_seq=147 ttl=60 time=275 ms
64 bytes from aaaa::212:7410:10:1010: icmp_seq=148 ttl=60 time=256 ms
64 bytes from aaaa::212:7410:10:1010: icmp_seq=149 ttl=60 time=331 ms
64 bytes from aaaa::212:7410:10:1010: icmp_seq=150 ttl=60 time=284 ms
64 bytes from aaaa::212:7410:10:1010: icmp_seq=151 ttl=60 time=315 ms
64 bytes from aaaa::212:7410:10:1010: icmp_seq=153 ttl=60 time=271 ms
64 bytes from aaaa::212:7410:10:1010: icmp_seq=154 ttl=60 time=257 ms
64 bytes from aaaa::212:7410:10:1010: icmp_seq=155 ttl=60 time=257 ms
64 bytes from aaaa::212:7410:10:1010: icmp_seq=156 ttl=60 time=273 ms
64 bytes from aaaa::212:7410:10:1010: icmp_seq=157 ttl=60 time=273 ms
64 bytes from aaaa::212:7410:10:1010: icmp_seq=159 ttl=60 time=290 ms
64 bytes from aaaa::212:7410:10:1010: icmp_seq=160 ttl=60 time=269 ms
64 bytes from aaaa::212:7410:10:1010: icmp_seq=161 ttl=60 time=286 ms
64 bytes from aaaa::212:7410:10:1010: icmp_seq=162 ttl=60 time=556 ms
64 bytes from aaaa::212:7410:10:1010: icmp_seq=163 ttl=60 time=279 ms
64 bytes from aaaa::212:7410:10:1010: icmp_seq=164 ttl=60 time=233 ms
64 bytes from aaaa::212:7410:10:1010: icmp_seq=165 ttl=60 time=324 ms
64 bytes from aaaa::212:7410:10:1010: icmp_seq=166 ttl=60 time=414 ms
64 bytes from aaaa::212:7410:10:1010: icmp_seq=167 ttl=60 time=299 ms
64 bytes from aaaa::212:7410:10:1010: icmp_seq=168 ttl=60 time=347 ms
64 bytes from aaaa::212:7410:10:1010: icmp_seq=170 ttl=60 time=252 ms
64 bytes from aaaa::212:7410:10:1010: icmp_seq=171 ttl=60 time=274 ms
64 bytes from aaaa::212:7410:10:1010: icmp_seq=172 ttl=60 time=259 ms
64 bytes from aaaa::212:7410:10:1010: icmp_seq=173 ttl=60 time=259 ms
64 bytes from aaaa::212:7410:10:1010: icmp_seq=174 ttl=60 time=308 ms
64 bytes from aaaa::212:7410:10:1010: icmp_seq=175 ttl=60 time=239 ms
64 bytes from aaaa::212:7410:10:1010: icmp_seq=176 ttl=60 time=226 ms
64 bytes from aaaa::212:7410:10:1010: icmp_seq=177 ttl=60 time=307 ms
64 bytes from aaaa::212:7410:10:1010: icmp_seq=178 ttl=60 time=226 ms
64 bytes from aaaa::212:7410:10:1010: icmp_seq=179 ttl=60 time=298 ms
64 bytes from aaaa::212:7410:10:1010: icmp_seq=181 ttl=60 time=229 ms
64 bytes from aaaa::212:7410:10:1010: icmp_seq=182 ttl=60 time=283 ms
64 bytes from aaaa::212:7410:10:1010: icmp_seq=183 ttl=60 time=544 ms
64 bytes from aaaa::212:7410:10:1010: icmp_seq=184 ttl=60 time=269 ms
64 bytes from aaaa::212:7410:10:1010: icmp_seq=185 ttl=60 time=296 ms
64 bytes from aaaa::212:7410:10:1010: icmp_seq=186 ttl=60 time=366 ms
64 bytes from aaaa::212:7410:10:1010: icmp_seq=187 ttl=60 time=217 ms
64 bytes from aaaa::212:7410:10:1010: icmp_seq=188 ttl=60 time=302 ms
64 bytes from aaaa::212:7410:10:1010: icmp_seq=189 ttl=60 time=261 ms
64 bytes from aaaa::212:7410:10:1010: icmp_seq=190 ttl=60 time=260 ms
64 bytes from aaaa::212:7410:10:1010: icmp_seq=191 ttl=60 time=257 ms
64 bytes from aaaa::212:7410:10:1010: icmp_seq=192 ttl=60 time=234 ms
64 bytes from aaaa::212:7410:10:1010: icmp_seq=193 ttl=60 time=278 ms
64 bytes from aaaa::212:7410:10:1010: icmp_seq=194 ttl=60 time=249 ms
64 bytes from aaaa::212:7410:10:1010: icmp_seq=197 ttl=60 time=294 ms
64 bytes from aaaa::212:7410:10:1010: icmp_seq=198 ttl=60 time=835 ms
64 bytes from aaaa::212:7410:10:1010: icmp_seq=199 ttl=60 time=437 ms
64 bytes from aaaa::212:7410:10:1010: icmp_seq=200 ttl=60 time=432 ms

--- aaaa::212:7410:10:1010 ping statistics ---
200 packets transmitted, 169 received, 15% packet loss, time 1000237ms
rtt min/avg/max/mdev = 214.439/332.570/835.586/96.846 ms
