PING aaaa::212:7405:5:505(aaaa::212:7405:5:505) 56 data bytes
64 bytes from aaaa::212:7405:5:505: icmp_seq=1 ttl=62 time=155 ms
64 bytes from aaaa::212:7405:5:505: icmp_seq=2 ttl=62 time=198 ms
64 bytes from aaaa::212:7405:5:505: icmp_seq=14 ttl=62 time=327 ms
64 bytes from aaaa::212:7405:5:505: icmp_seq=15 ttl=62 time=140 ms
64 bytes from aaaa::212:7405:5:505: icmp_seq=16 ttl=62 time=220 ms
64 bytes from aaaa::212:7405:5:505: icmp_seq=17 ttl=62 time=468 ms
64 bytes from aaaa::212:7405:5:505: icmp_seq=18 ttl=62 time=1281 ms
64 bytes from aaaa::212:7405:5:505: icmp_seq=19 ttl=62 time=829 ms
64 bytes from aaaa::212:7405:5:505: icmp_seq=20 ttl=62 time=404 ms
64 bytes from aaaa::212:7405:5:505: icmp_seq=21 ttl=62 time=284 ms
64 bytes from aaaa::212:7405:5:505: icmp_seq=22 ttl=62 time=166 ms
64 bytes from aaaa::212:7405:5:505: icmp_seq=23 ttl=62 time=249 ms
64 bytes from aaaa::212:7405:5:505: icmp_seq=25 ttl=62 time=491 ms
64 bytes from aaaa::212:7405:5:505: icmp_seq=26 ttl=62 time=285 ms
64 bytes from aaaa::212:7405:5:505: icmp_seq=27 ttl=62 time=721 ms
64 bytes from aaaa::212:7405:5:505: icmp_seq=29 ttl=62 time=872 ms
64 bytes from aaaa::212:7405:5:505: icmp_seq=30 ttl=62 time=187 ms
64 bytes from aaaa::212:7405:5:505: icmp_seq=31 ttl=62 time=153 ms
64 bytes from aaaa::212:7405:5:505: icmp_seq=32 ttl=62 time=337 ms
64 bytes from aaaa::212:7405:5:505: icmp_seq=33 ttl=62 time=148 ms
64 bytes from aaaa::212:7405:5:505: icmp_seq=34 ttl=62 time=140 ms
64 bytes from aaaa::212:7405:5:505: icmp_seq=35 ttl=62 time=878 ms
64 bytes from aaaa::212:7405:5:505: icmp_seq=37 ttl=62 time=431 ms
64 bytes from aaaa::212:7405:5:505: icmp_seq=39 ttl=62 time=235 ms
64 bytes from aaaa::212:7405:5:505: icmp_seq=41 ttl=62 time=161 ms
64 bytes from aaaa::212:7405:5:505: icmp_seq=42 ttl=62 time=152 ms
64 bytes from aaaa::212:7405:5:505: icmp_seq=43 ttl=62 time=267 ms
64 bytes from aaaa::212:7405:5:505: icmp_seq=44 ttl=62 time=479 ms
64 bytes from aaaa::212:7405:5:505: icmp_seq=45 ttl=62 time=290 ms
64 bytes from aaaa::212:7405:5:505: icmp_seq=46 ttl=62 time=241 ms
64 bytes from aaaa::212:7405:5:505: icmp_seq=47 ttl=62 time=171 ms
64 bytes from aaaa::212:7405:5:505: icmp_seq=48 ttl=62 time=135 ms
64 bytes from aaaa::212:7405:5:505: icmp_seq=49 ttl=62 time=148 ms
64 bytes from aaaa::212:7405:5:505: icmp_seq=50 ttl=62 time=149 ms
64 bytes from aaaa::212:7405:5:505: icmp_seq=51 ttl=62 time=188 ms
64 bytes from aaaa::212:7405:5:505: icmp_seq=52 ttl=62 time=153 ms
64 bytes from aaaa::212:7405:5:505: icmp_seq=53 ttl=62 time=124 ms
64 bytes from aaaa::212:7405:5:505: icmp_seq=54 ttl=62 time=174 ms
64 bytes from aaaa::212:7405:5:505: icmp_seq=55 ttl=62 time=150 ms
64 bytes from aaaa::212:7405:5:505: icmp_seq=56 ttl=62 time=144 ms
64 bytes from aaaa::212:7405:5:505: icmp_seq=57 ttl=62 time=339 ms
64 bytes from aaaa::212:7405:5:505: icmp_seq=58 ttl=62 time=177 ms
64 bytes from aaaa::212:7405:5:505: icmp_seq=59 ttl=62 time=160 ms
64 bytes from aaaa::212:7405:5:505: icmp_seq=60 ttl=62 time=111 ms
64 bytes from aaaa::212:7405:5:505: icmp_seq=61 ttl=62 time=169 ms
64 bytes from aaaa::212:7405:5:505: icmp_seq=62 ttl=62 time=130 ms
64 bytes from aaaa::212:7405:5:505: icmp_seq=63 ttl=62 time=157 ms
64 bytes from aaaa::212:7405:5:505: icmp_seq=64 ttl=62 time=115 ms
64 bytes from aaaa::212:7405:5:505: icmp_seq=65 ttl=62 time=168 ms
64 bytes from aaaa::212:7405:5:505: icmp_seq=66 ttl=62 time=136 ms
64 bytes from aaaa::212:7405:5:505: icmp_seq=67 ttl=62 time=198 ms
64 bytes from aaaa::212:7405:5:505: icmp_seq=69 ttl=62 time=164 ms
64 bytes from aaaa::212:7405:5:505: icmp_seq=70 ttl=62 time=159 ms
64 bytes from aaaa::212:7405:5:505: icmp_seq=71 ttl=62 time=134 ms
64 bytes from aaaa::212:7405:5:505: icmp_seq=72 ttl=62 time=107 ms
64 bytes from aaaa::212:7405:5:505: icmp_seq=73 ttl=62 time=116 ms
64 bytes from aaaa::212:7405:5:505: icmp_seq=74 ttl=62 time=139 ms
64 bytes from aaaa::212:7405:5:505: icmp_seq=75 ttl=62 time=113 ms
64 bytes from aaaa::212:7405:5:505: icmp_seq=76 ttl=62 time=125 ms
64 bytes from aaaa::212:7405:5:505: icmp_seq=77 ttl=62 time=152 ms
64 bytes from aaaa::212:7405:5:505: icmp_seq=78 ttl=62 time=141 ms
64 bytes from aaaa::212:7405:5:505: icmp_seq=79 ttl=62 time=140 ms
64 bytes from aaaa::212:7405:5:505: icmp_seq=80 ttl=62 time=151 ms
64 bytes from aaaa::212:7405:5:505: icmp_seq=81 ttl=62 time=555 ms
64 bytes from aaaa::212:7405:5:505: icmp_seq=82 ttl=62 time=316 ms
64 bytes from aaaa::212:7405:5:505: icmp_seq=83 ttl=62 time=363 ms
64 bytes from aaaa::212:7405:5:505: icmp_seq=85 ttl=62 time=604 ms
64 bytes from aaaa::212:7405:5:505: icmp_seq=86 ttl=62 time=179 ms
64 bytes from aaaa::212:7405:5:505: icmp_seq=87 ttl=62 time=170 ms
64 bytes from aaaa::212:7405:5:505: icmp_seq=88 ttl=62 time=157 ms
64 bytes from aaaa::212:7405:5:505: icmp_seq=89 ttl=62 time=184 ms
64 bytes from aaaa::212:7405:5:505: icmp_seq=90 ttl=62 time=187 ms
64 bytes from aaaa::212:7405:5:505: icmp_seq=91 ttl=62 time=119 ms
64 bytes from aaaa::212:7405:5:505: icmp_seq=92 ttl=62 time=192 ms
64 bytes from aaaa::212:7405:5:505: icmp_seq=93 ttl=62 time=176 ms
64 bytes from aaaa::212:7405:5:505: icmp_seq=94 ttl=62 time=163 ms
64 bytes from aaaa::212:7405:5:505: icmp_seq=95 ttl=62 time=166 ms
64 bytes from aaaa::212:7405:5:505: icmp_seq=96 ttl=62 time=443 ms
64 bytes from aaaa::212:7405:5:505: icmp_seq=97 ttl=62 time=135 ms
64 bytes from aaaa::212:7405:5:505: icmp_seq=98 ttl=62 time=282 ms
64 bytes from aaaa::212:7405:5:505: icmp_seq=99 ttl=62 time=231 ms
64 bytes from aaaa::212:7405:5:505: icmp_seq=100 ttl=62 time=134 ms
64 bytes from aaaa::212:7405:5:505: icmp_seq=101 ttl=62 time=133 ms
64 bytes from aaaa::212:7405:5:505: icmp_seq=102 ttl=62 time=138 ms
64 bytes from aaaa::212:7405:5:505: icmp_seq=103 ttl=62 time=111 ms
64 bytes from aaaa::212:7405:5:505: icmp_seq=105 ttl=62 time=140 ms
64 bytes from aaaa::212:7405:5:505: icmp_seq=106 ttl=62 time=133 ms
64 bytes from aaaa::212:7405:5:505: icmp_seq=107 ttl=62 time=150 ms
64 bytes from aaaa::212:7405:5:505: icmp_seq=108 ttl=62 time=197 ms
64 bytes from aaaa::212:7405:5:505: icmp_seq=109 ttl=62 time=107 ms
64 bytes from aaaa::212:7405:5:505: icmp_seq=117 ttl=62 time=312 ms
64 bytes from aaaa::212:7405:5:505: icmp_seq=128 ttl=62 time=144 ms
64 bytes from aaaa::212:7405:5:505: icmp_seq=129 ttl=62 time=130 ms
64 bytes from aaaa::212:7405:5:505: icmp_seq=130 ttl=62 time=132 ms
64 bytes from aaaa::212:7405:5:505: icmp_seq=131 ttl=62 time=124 ms
64 bytes from aaaa::212:7405:5:505: icmp_seq=132 ttl=62 time=159 ms
64 bytes from aaaa::212:7405:5:505: icmp_seq=133 ttl=62 time=155 ms
64 bytes from aaaa::212:7405:5:505: icmp_seq=134 ttl=62 time=139 ms
64 bytes from aaaa::212:7405:5:505: icmp_seq=135 ttl=62 time=149 ms
64 bytes from aaaa::212:7405:5:505: icmp_seq=136 ttl=62 time=167 ms
64 bytes from aaaa::212:7405:5:505: icmp_seq=137 ttl=62 time=146 ms
64 bytes from aaaa::212:7405:5:505: icmp_seq=138 ttl=62 time=161 ms
64 bytes from aaaa::212:7405:5:505: icmp_seq=139 ttl=62 time=362 ms
64 bytes from aaaa::212:7405:5:505: icmp_seq=140 ttl=62 time=291 ms
64 bytes from aaaa::212:7405:5:505: icmp_seq=141 ttl=62 time=259 ms
64 bytes from aaaa::212:7405:5:505: icmp_seq=142 ttl=62 time=569 ms
64 bytes from aaaa::212:7405:5:505: icmp_seq=144 ttl=62 time=245 ms
64 bytes from aaaa::212:7405:5:505: icmp_seq=145 ttl=62 time=513 ms
64 bytes from aaaa::212:7405:5:505: icmp_seq=146 ttl=62 time=286 ms
64 bytes from aaaa::212:7405:5:505: icmp_seq=147 ttl=62 time=352 ms
64 bytes from aaaa::212:7405:5:505: icmp_seq=148 ttl=62 time=306 ms
64 bytes from aaaa::212:7405:5:505: icmp_seq=149 ttl=62 time=438 ms
64 bytes from aaaa::212:7405:5:505: icmp_seq=150 ttl=62 time=396 ms
64 bytes from aaaa::212:7405:5:505: icmp_seq=151 ttl=62 time=629 ms
64 bytes from aaaa::212:7405:5:505: icmp_seq=152 ttl=62 time=302 ms
64 bytes from aaaa::212:7405:5:505: icmp_seq=153 ttl=62 time=553 ms
64 bytes from aaaa::212:7405:5:505: icmp_seq=154 ttl=62 time=172 ms
64 bytes from aaaa::212:7405:5:505: icmp_seq=156 ttl=62 time=207 ms
64 bytes from aaaa::212:7405:5:505: icmp_seq=157 ttl=62 time=228 ms
64 bytes from aaaa::212:7405:5:505: icmp_seq=158 ttl=62 time=555 ms
64 bytes from aaaa::212:7405:5:505: icmp_seq=159 ttl=62 time=147 ms
64 bytes from aaaa::212:7405:5:505: icmp_seq=160 ttl=62 time=554 ms
64 bytes from aaaa::212:7405:5:505: icmp_seq=161 ttl=62 time=129 ms
64 bytes from aaaa::212:7405:5:505: icmp_seq=162 ttl=62 time=250 ms
64 bytes from aaaa::212:7405:5:505: icmp_seq=164 ttl=62 time=269 ms
64 bytes from aaaa::212:7405:5:505: icmp_seq=165 ttl=62 time=118 ms
64 bytes from aaaa::212:7405:5:505: icmp_seq=166 ttl=62 time=115 ms
64 bytes from aaaa::212:7405:5:505: icmp_seq=167 ttl=62 time=125 ms
64 bytes from aaaa::212:7405:5:505: icmp_seq=168 ttl=62 time=150 ms
64 bytes from aaaa::212:7405:5:505: icmp_seq=169 ttl=62 time=159 ms
64 bytes from aaaa::212:7405:5:505: icmp_seq=170 ttl=62 time=176 ms
64 bytes from aaaa::212:7405:5:505: icmp_seq=171 ttl=62 time=145 ms
64 bytes from aaaa::212:7405:5:505: icmp_seq=172 ttl=62 time=167 ms
64 bytes from aaaa::212:7405:5:505: icmp_seq=174 ttl=62 time=158 ms
64 bytes from aaaa::212:7405:5:505: icmp_seq=175 ttl=62 time=190 ms
64 bytes from aaaa::212:7405:5:505: icmp_seq=176 ttl=62 time=126 ms
64 bytes from aaaa::212:7405:5:505: icmp_seq=177 ttl=62 time=159 ms
64 bytes from aaaa::212:7405:5:505: icmp_seq=178 ttl=62 time=152 ms
64 bytes from aaaa::212:7405:5:505: icmp_seq=179 ttl=62 time=147 ms
64 bytes from aaaa::212:7405:5:505: icmp_seq=180 ttl=62 time=133 ms
64 bytes from aaaa::212:7405:5:505: icmp_seq=181 ttl=62 time=109 ms
64 bytes from aaaa::212:7405:5:505: icmp_seq=182 ttl=62 time=135 ms
64 bytes from aaaa::212:7405:5:505: icmp_seq=183 ttl=62 time=124 ms
64 bytes from aaaa::212:7405:5:505: icmp_seq=184 ttl=62 time=139 ms
64 bytes from aaaa::212:7405:5:505: icmp_seq=185 ttl=62 time=129 ms
64 bytes from aaaa::212:7405:5:505: icmp_seq=186 ttl=62 time=99.0 ms
64 bytes from aaaa::212:7405:5:505: icmp_seq=188 ttl=62 time=130 ms
64 bytes from aaaa::212:7405:5:505: icmp_seq=189 ttl=62 time=140 ms
64 bytes from aaaa::212:7405:5:505: icmp_seq=190 ttl=62 time=158 ms
64 bytes from aaaa::212:7405:5:505: icmp_seq=191 ttl=62 time=148 ms
64 bytes from aaaa::212:7405:5:505: icmp_seq=192 ttl=62 time=125 ms
64 bytes from aaaa::212:7405:5:505: icmp_seq=193 ttl=62 time=147 ms
64 bytes from aaaa::212:7405:5:505: icmp_seq=194 ttl=62 time=117 ms
64 bytes from aaaa::212:7405:5:505: icmp_seq=195 ttl=62 time=103 ms
64 bytes from aaaa::212:7405:5:505: icmp_seq=196 ttl=62 time=165 ms
64 bytes from aaaa::212:7405:5:505: icmp_seq=197 ttl=62 time=122 ms
64 bytes from aaaa::212:7405:5:505: icmp_seq=198 ttl=62 time=120 ms
64 bytes from aaaa::212:7405:5:505: icmp_seq=199 ttl=62 time=145 ms
64 bytes from aaaa::212:7405:5:505: icmp_seq=200 ttl=62 time=143 ms

--- aaaa::212:7405:5:505 ping statistics ---
200 packets transmitted, 159 received, 20% packet loss, time 1001095ms
rtt min/avg/max/mdev = 99.056/231.533/1281.176/173.296 ms
