PING aaaa::212:7403:3:303(aaaa::212:7403:3:303) 56 data bytes
64 bytes from aaaa::212:7403:3:303: icmp_seq=1 ttl=63 time=70.3 ms
64 bytes from aaaa::212:7403:3:303: icmp_seq=3 ttl=63 time=80.8 ms
64 bytes from aaaa::212:7403:3:303: icmp_seq=5 ttl=63 time=89.5 ms
64 bytes from aaaa::212:7403:3:303: icmp_seq=6 ttl=63 time=242 ms
64 bytes from aaaa::212:7403:3:303: icmp_seq=7 ttl=63 time=236 ms
64 bytes from aaaa::212:7403:3:303: icmp_seq=8 ttl=63 time=84.4 ms
64 bytes from aaaa::212:7403:3:303: icmp_seq=9 ttl=63 time=102 ms
64 bytes from aaaa::212:7403:3:303: icmp_seq=10 ttl=63 time=62.0 ms
64 bytes from aaaa::212:7403:3:303: icmp_seq=11 ttl=63 time=64.3 ms
64 bytes from aaaa::212:7403:3:303: icmp_seq=12 ttl=63 time=86.9 ms
64 bytes from aaaa::212:7403:3:303: icmp_seq=13 ttl=63 time=147 ms
64 bytes from aaaa::212:7403:3:303: icmp_seq=14 ttl=63 time=62.1 ms
64 bytes from aaaa::212:7403:3:303: icmp_seq=15 ttl=63 time=158 ms
64 bytes from aaaa::212:7403:3:303: icmp_seq=16 ttl=63 time=69.2 ms
64 bytes from aaaa::212:7403:3:303: icmp_seq=17 ttl=63 time=64.2 ms
64 bytes from aaaa::212:7403:3:303: icmp_seq=18 ttl=63 time=64.4 ms
64 bytes from aaaa::212:7403:3:303: icmp_seq=19 ttl=63 time=560 ms
64 bytes from aaaa::212:7403:3:303: icmp_seq=20 ttl=63 time=72.3 ms
64 bytes from aaaa::212:7403:3:303: icmp_seq=21 ttl=63 time=74.0 ms
64 bytes from aaaa::212:7403:3:303: icmp_seq=22 ttl=63 time=94.7 ms
64 bytes from aaaa::212:7403:3:303: icmp_seq=23 ttl=63 time=71.8 ms
64 bytes from aaaa::212:7403:3:303: icmp_seq=24 ttl=63 time=131 ms
64 bytes from aaaa::212:7403:3:303: icmp_seq=32 ttl=63 time=383 ms
64 bytes from aaaa::212:7403:3:303: icmp_seq=41 ttl=63 time=120 ms
64 bytes from aaaa::212:7403:3:303: icmp_seq=48 ttl=63 time=101 ms
64 bytes from aaaa::212:7403:3:303: icmp_seq=49 ttl=63 time=87.9 ms
64 bytes from aaaa::212:7403:3:303: icmp_seq=57 ttl=63 time=309 ms
64 bytes from aaaa::212:7403:3:303: icmp_seq=68 ttl=63 time=550 ms
64 bytes from aaaa::212:7403:3:303: icmp_seq=71 ttl=63 time=144 ms
64 bytes from aaaa::212:7403:3:303: icmp_seq=75 ttl=63 time=154 ms
64 bytes from aaaa::212:7403:3:303: icmp_seq=78 ttl=63 time=64.7 ms
64 bytes from aaaa::212:7403:3:303: icmp_seq=84 ttl=63 time=421 ms
64 bytes from aaaa::212:7403:3:303: icmp_seq=86 ttl=63 time=198 ms
64 bytes from aaaa::212:7403:3:303: icmp_seq=88 ttl=63 time=184 ms
64 bytes from aaaa::212:7403:3:303: icmp_seq=91 ttl=63 time=70.2 ms
64 bytes from aaaa::212:7403:3:303: icmp_seq=92 ttl=63 time=116 ms
64 bytes from aaaa::212:7403:3:303: icmp_seq=93 ttl=63 time=80.0 ms
64 bytes from aaaa::212:7403:3:303: icmp_seq=94 ttl=63 time=70.5 ms
64 bytes from aaaa::212:7403:3:303: icmp_seq=95 ttl=63 time=101 ms
64 bytes from aaaa::212:7403:3:303: icmp_seq=96 ttl=63 time=45.7 ms
64 bytes from aaaa::212:7403:3:303: icmp_seq=97 ttl=63 time=219 ms
64 bytes from aaaa::212:7403:3:303: icmp_seq=98 ttl=63 time=84.5 ms
64 bytes from aaaa::212:7403:3:303: icmp_seq=99 ttl=63 time=148 ms
64 bytes from aaaa::212:7403:3:303: icmp_seq=100 ttl=63 time=117 ms
64 bytes from aaaa::212:7403:3:303: icmp_seq=101 ttl=63 time=81.4 ms
64 bytes from aaaa::212:7403:3:303: icmp_seq=102 ttl=63 time=94.7 ms
64 bytes from aaaa::212:7403:3:303: icmp_seq=103 ttl=63 time=112 ms
64 bytes from aaaa::212:7403:3:303: icmp_seq=104 ttl=63 time=68.9 ms
64 bytes from aaaa::212:7403:3:303: icmp_seq=105 ttl=63 time=100 ms
64 bytes from aaaa::212:7403:3:303: icmp_seq=106 ttl=63 time=71.1 ms
64 bytes from aaaa::212:7403:3:303: icmp_seq=107 ttl=63 time=242 ms
64 bytes from aaaa::212:7403:3:303: icmp_seq=108 ttl=63 time=65.5 ms
64 bytes from aaaa::212:7403:3:303: icmp_seq=109 ttl=63 time=85.5 ms
64 bytes from aaaa::212:7403:3:303: icmp_seq=110 ttl=63 time=81.2 ms
64 bytes from aaaa::212:7403:3:303: icmp_seq=113 ttl=63 time=66.2 ms
64 bytes from aaaa::212:7403:3:303: icmp_seq=114 ttl=63 time=60.0 ms
64 bytes from aaaa::212:7403:3:303: icmp_seq=115 ttl=63 time=90.6 ms
64 bytes from aaaa::212:7403:3:303: icmp_seq=116 ttl=63 time=49.6 ms
64 bytes from aaaa::212:7403:3:303: icmp_seq=117 ttl=63 time=90.0 ms
64 bytes from aaaa::212:7403:3:303: icmp_seq=118 ttl=63 time=68.1 ms
64 bytes from aaaa::212:7403:3:303: icmp_seq=119 ttl=63 time=107 ms
64 bytes from aaaa::212:7403:3:303: icmp_seq=120 ttl=63 time=70.7 ms
64 bytes from aaaa::212:7403:3:303: icmp_seq=121 ttl=63 time=86.3 ms
64 bytes from aaaa::212:7403:3:303: icmp_seq=122 ttl=63 time=126 ms
64 bytes from aaaa::212:7403:3:303: icmp_seq=123 ttl=63 time=67.7 ms
64 bytes from aaaa::212:7403:3:303: icmp_seq=124 ttl=63 time=94.7 ms
64 bytes from aaaa::212:7403:3:303: icmp_seq=125 ttl=63 time=39.3 ms
64 bytes from aaaa::212:7403:3:303: icmp_seq=126 ttl=63 time=49.9 ms
64 bytes from aaaa::212:7403:3:303: icmp_seq=127 ttl=63 time=63.2 ms
64 bytes from aaaa::212:7403:3:303: icmp_seq=128 ttl=63 time=58.2 ms
64 bytes from aaaa::212:7403:3:303: icmp_seq=129 ttl=63 time=66.7 ms
64 bytes from aaaa::212:7403:3:303: icmp_seq=130 ttl=63 time=55.5 ms
64 bytes from aaaa::212:7403:3:303: icmp_seq=131 ttl=63 time=47.9 ms
64 bytes from aaaa::212:7403:3:303: icmp_seq=132 ttl=63 time=39.3 ms
64 bytes from aaaa::212:7403:3:303: icmp_seq=133 ttl=63 time=51.0 ms
64 bytes from aaaa::212:7403:3:303: icmp_seq=134 ttl=63 time=49.6 ms
64 bytes from aaaa::212:7403:3:303: icmp_seq=135 ttl=63 time=58.4 ms
64 bytes from aaaa::212:7403:3:303: icmp_seq=136 ttl=63 time=58.3 ms
64 bytes from aaaa::212:7403:3:303: icmp_seq=137 ttl=63 time=62.7 ms
64 bytes from aaaa::212:7403:3:303: icmp_seq=139 ttl=63 time=150 ms
64 bytes from aaaa::212:7403:3:303: icmp_seq=140 ttl=63 time=93.6 ms
64 bytes from aaaa::212:7403:3:303: icmp_seq=141 ttl=63 time=199 ms
64 bytes from aaaa::212:7403:3:303: icmp_seq=142 ttl=63 time=56.2 ms
64 bytes from aaaa::212:7403:3:303: icmp_seq=143 ttl=63 time=55.0 ms
64 bytes from aaaa::212:7403:3:303: icmp_seq=144 ttl=63 time=66.9 ms
64 bytes from aaaa::212:7403:3:303: icmp_seq=145 ttl=63 time=54.5 ms
64 bytes from aaaa::212:7403:3:303: icmp_seq=146 ttl=63 time=41.1 ms
64 bytes from aaaa::212:7403:3:303: icmp_seq=147 ttl=63 time=76.1 ms
64 bytes from aaaa::212:7403:3:303: icmp_seq=148 ttl=63 time=72.6 ms
64 bytes from aaaa::212:7403:3:303: icmp_seq=149 ttl=63 time=67.0 ms
64 bytes from aaaa::212:7403:3:303: icmp_seq=150 ttl=63 time=50.3 ms
64 bytes from aaaa::212:7403:3:303: icmp_seq=151 ttl=63 time=91.1 ms
64 bytes from aaaa::212:7403:3:303: icmp_seq=152 ttl=63 time=45.3 ms
64 bytes from aaaa::212:7403:3:303: icmp_seq=153 ttl=63 time=80.5 ms
64 bytes from aaaa::212:7403:3:303: icmp_seq=154 ttl=63 time=71.7 ms
64 bytes from aaaa::212:7403:3:303: icmp_seq=155 ttl=63 time=61.2 ms
64 bytes from aaaa::212:7403:3:303: icmp_seq=156 ttl=63 time=43.2 ms
64 bytes from aaaa::212:7403:3:303: icmp_seq=157 ttl=63 time=107 ms
64 bytes from aaaa::212:7403:3:303: icmp_seq=158 ttl=63 time=53.7 ms
64 bytes from aaaa::212:7403:3:303: icmp_seq=159 ttl=63 time=61.3 ms
64 bytes from aaaa::212:7403:3:303: icmp_seq=160 ttl=63 time=50.7 ms
64 bytes from aaaa::212:7403:3:303: icmp_seq=161 ttl=63 time=74.6 ms
64 bytes from aaaa::212:7403:3:303: icmp_seq=162 ttl=63 time=64.8 ms
64 bytes from aaaa::212:7403:3:303: icmp_seq=163 ttl=63 time=70.8 ms
64 bytes from aaaa::212:7403:3:303: icmp_seq=164 ttl=63 time=53.1 ms
64 bytes from aaaa::212:7403:3:303: icmp_seq=165 ttl=63 time=93.5 ms
64 bytes from aaaa::212:7403:3:303: icmp_seq=166 ttl=63 time=88.1 ms
64 bytes from aaaa::212:7403:3:303: icmp_seq=167 ttl=63 time=95.0 ms
64 bytes from aaaa::212:7403:3:303: icmp_seq=168 ttl=63 time=63.4 ms
64 bytes from aaaa::212:7403:3:303: icmp_seq=169 ttl=63 time=52.9 ms
64 bytes from aaaa::212:7403:3:303: icmp_seq=170 ttl=63 time=280 ms
64 bytes from aaaa::212:7403:3:303: icmp_seq=171 ttl=63 time=89.5 ms
64 bytes from aaaa::212:7403:3:303: icmp_seq=172 ttl=63 time=107 ms
64 bytes from aaaa::212:7403:3:303: icmp_seq=173 ttl=63 time=416 ms
64 bytes from aaaa::212:7403:3:303: icmp_seq=174 ttl=63 time=120 ms
64 bytes from aaaa::212:7403:3:303: icmp_seq=175 ttl=63 time=165 ms
64 bytes from aaaa::212:7403:3:303: icmp_seq=176 ttl=63 time=124 ms
64 bytes from aaaa::212:7403:3:303: icmp_seq=177 ttl=63 time=52.3 ms
64 bytes from aaaa::212:7403:3:303: icmp_seq=178 ttl=63 time=120 ms
64 bytes from aaaa::212:7403:3:303: icmp_seq=179 ttl=63 time=159 ms
64 bytes from aaaa::212:7403:3:303: icmp_seq=180 ttl=63 time=110 ms
64 bytes from aaaa::212:7403:3:303: icmp_seq=181 ttl=63 time=65.2 ms
64 bytes from aaaa::212:7403:3:303: icmp_seq=182 ttl=63 time=106 ms
64 bytes from aaaa::212:7403:3:303: icmp_seq=183 ttl=63 time=52.0 ms
64 bytes from aaaa::212:7403:3:303: icmp_seq=184 ttl=63 time=68.8 ms
64 bytes from aaaa::212:7403:3:303: icmp_seq=185 ttl=63 time=55.2 ms
64 bytes from aaaa::212:7403:3:303: icmp_seq=186 ttl=63 time=126 ms
64 bytes from aaaa::212:7403:3:303: icmp_seq=187 ttl=63 time=116 ms
64 bytes from aaaa::212:7403:3:303: icmp_seq=188 ttl=63 time=127 ms
64 bytes from aaaa::212:7403:3:303: icmp_seq=189 ttl=63 time=109 ms
64 bytes from aaaa::212:7403:3:303: icmp_seq=190 ttl=63 time=120 ms
64 bytes from aaaa::212:7403:3:303: icmp_seq=191 ttl=63 time=73.7 ms
64 bytes from aaaa::212:7403:3:303: icmp_seq=192 ttl=63 time=102 ms
64 bytes from aaaa::212:7403:3:303: icmp_seq=193 ttl=63 time=93.6 ms
64 bytes from aaaa::212:7403:3:303: icmp_seq=194 ttl=63 time=53.9 ms
64 bytes from aaaa::212:7403:3:303: icmp_seq=196 ttl=63 time=119 ms
64 bytes from aaaa::212:7403:3:303: icmp_seq=197 ttl=63 time=50.2 ms
64 bytes from aaaa::212:7403:3:303: icmp_seq=198 ttl=63 time=110 ms
64 bytes from aaaa::212:7403:3:303: icmp_seq=199 ttl=63 time=245 ms
64 bytes from aaaa::212:7403:3:303: icmp_seq=200 ttl=63 time=192 ms

--- aaaa::212:7403:3:303 ping statistics ---
200 packets transmitted, 140 received, 30% packet loss, time 1004265ms
rtt min/avg/max/mdev = 39.372/108.534/560.182/86.127 ms
