PING aaaa::212:740a:a:a0a(aaaa::212:740a:a:a0a) 56 data bytes
64 bytes from aaaa::212:740a:a:a0a: icmp_seq=1 ttl=60 time=553 ms
64 bytes from aaaa::212:740a:a:a0a: icmp_seq=4 ttl=60 time=801 ms
64 bytes from aaaa::212:740a:a:a0a: icmp_seq=5 ttl=60 time=264 ms
64 bytes from aaaa::212:740a:a:a0a: icmp_seq=7 ttl=60 time=1599 ms
64 bytes from aaaa::212:740a:a:a0a: icmp_seq=8 ttl=60 time=574 ms
64 bytes from aaaa::212:740a:a:a0a: icmp_seq=9 ttl=60 time=244 ms
64 bytes from aaaa::212:740a:a:a0a: icmp_seq=10 ttl=60 time=650 ms
64 bytes from aaaa::212:740a:a:a0a: icmp_seq=11 ttl=60 time=636 ms
64 bytes from aaaa::212:740a:a:a0a: icmp_seq=12 ttl=60 time=245 ms
64 bytes from aaaa::212:740a:a:a0a: icmp_seq=13 ttl=60 time=359 ms
64 bytes from aaaa::212:740a:a:a0a: icmp_seq=14 ttl=60 time=275 ms
64 bytes from aaaa::212:740a:a:a0a: icmp_seq=15 ttl=60 time=245 ms
64 bytes from aaaa::212:740a:a:a0a: icmp_seq=16 ttl=60 time=300 ms
64 bytes from aaaa::212:740a:a:a0a: icmp_seq=17 ttl=60 time=623 ms
64 bytes from aaaa::212:740a:a:a0a: icmp_seq=18 ttl=60 time=2476 ms
64 bytes from aaaa::212:740a:a:a0a: icmp_seq=19 ttl=60 time=1005 ms
64 bytes from aaaa::212:740a:a:a0a: icmp_seq=20 ttl=60 time=494 ms
64 bytes from aaaa::212:740a:a:a0a: icmp_seq=21 ttl=60 time=535 ms
64 bytes from aaaa::212:740a:a:a0a: icmp_seq=22 ttl=60 time=465 ms
64 bytes from aaaa::212:740a:a:a0a: icmp_seq=35 ttl=60 time=275 ms
64 bytes from aaaa::212:740a:a:a0a: icmp_seq=36 ttl=60 time=255 ms
64 bytes from aaaa::212:740a:a:a0a: icmp_seq=37 ttl=60 time=243 ms
64 bytes from aaaa::212:740a:a:a0a: icmp_seq=38 ttl=60 time=408 ms
64 bytes from aaaa::212:740a:a:a0a: icmp_seq=39 ttl=60 time=246 ms
64 bytes from aaaa::212:740a:a:a0a: icmp_seq=40 ttl=60 time=355 ms
64 bytes from aaaa::212:740a:a:a0a: icmp_seq=41 ttl=60 time=273 ms
64 bytes from aaaa::212:740a:a:a0a: icmp_seq=42 ttl=60 time=266 ms
64 bytes from aaaa::212:740a:a:a0a: icmp_seq=43 ttl=60 time=269 ms
64 bytes from aaaa::212:740a:a:a0a: icmp_seq=44 ttl=60 time=220 ms
64 bytes from aaaa::212:740a:a:a0a: icmp_seq=45 ttl=60 time=259 ms
64 bytes from aaaa::212:740a:a:a0a: icmp_seq=46 ttl=60 time=253 ms
64 bytes from aaaa::212:740a:a:a0a: icmp_seq=47 ttl=60 time=249 ms
64 bytes from aaaa::212:740a:a:a0a: icmp_seq=48 ttl=60 time=247 ms
64 bytes from aaaa::212:740a:a:a0a: icmp_seq=49 ttl=60 time=263 ms
64 bytes from aaaa::212:740a:a:a0a: icmp_seq=50 ttl=60 time=349 ms
64 bytes from aaaa::212:740a:a:a0a: icmp_seq=51 ttl=60 time=208 ms
64 bytes from aaaa::212:740a:a:a0a: icmp_seq=52 ttl=60 time=214 ms
64 bytes from aaaa::212:740a:a:a0a: icmp_seq=53 ttl=60 time=321 ms
64 bytes from aaaa::212:740a:a:a0a: icmp_seq=54 ttl=60 time=214 ms
64 bytes from aaaa::212:740a:a:a0a: icmp_seq=55 ttl=60 time=241 ms
64 bytes from aaaa::212:740a:a:a0a: icmp_seq=56 ttl=60 time=423 ms
64 bytes from aaaa::212:740a:a:a0a: icmp_seq=57 ttl=60 time=235 ms
64 bytes from aaaa::212:740a:a:a0a: icmp_seq=58 ttl=60 time=238 ms
64 bytes from aaaa::212:740a:a:a0a: icmp_seq=59 ttl=60 time=227 ms
64 bytes from aaaa::212:740a:a:a0a: icmp_seq=60 ttl=60 time=255 ms
64 bytes from aaaa::212:740a:a:a0a: icmp_seq=61 ttl=60 time=242 ms
64 bytes from aaaa::212:740a:a:a0a: icmp_seq=62 ttl=60 time=261 ms
64 bytes from aaaa::212:740a:a:a0a: icmp_seq=63 ttl=60 time=247 ms
64 bytes from aaaa::212:740a:a:a0a: icmp_seq=64 ttl=60 time=222 ms
64 bytes from aaaa::212:740a:a:a0a: icmp_seq=65 ttl=60 time=228 ms
64 bytes from aaaa::212:740a:a:a0a: icmp_seq=66 ttl=60 time=270 ms
64 bytes from aaaa::212:740a:a:a0a: icmp_seq=67 ttl=60 time=270 ms
64 bytes from aaaa::212:740a:a:a0a: icmp_seq=68 ttl=60 time=280 ms
64 bytes from aaaa::212:740a:a:a0a: icmp_seq=69 ttl=60 time=302 ms
64 bytes from aaaa::212:740a:a:a0a: icmp_seq=70 ttl=60 time=190 ms
64 bytes from aaaa::212:740a:a:a0a: icmp_seq=71 ttl=60 time=248 ms
64 bytes from aaaa::212:740a:a:a0a: icmp_seq=72 ttl=60 time=170 ms
64 bytes from aaaa::212:740a:a:a0a: icmp_seq=73 ttl=60 time=217 ms
64 bytes from aaaa::212:740a:a:a0a: icmp_seq=74 ttl=60 time=187 ms
64 bytes from aaaa::212:740a:a:a0a: icmp_seq=75 ttl=60 time=199 ms
64 bytes from aaaa::212:740a:a:a0a: icmp_seq=76 ttl=60 time=355 ms
64 bytes from aaaa::212:740a:a:a0a: icmp_seq=77 ttl=60 time=334 ms
64 bytes from aaaa::212:740a:a:a0a: icmp_seq=78 ttl=60 time=387 ms
64 bytes from aaaa::212:740a:a:a0a: icmp_seq=79 ttl=60 time=280 ms
64 bytes from aaaa::212:740a:a:a0a: icmp_seq=80 ttl=60 time=202 ms
64 bytes from aaaa::212:740a:a:a0a: icmp_seq=81 ttl=60 time=234 ms
64 bytes from aaaa::212:740a:a:a0a: icmp_seq=82 ttl=60 time=223 ms
64 bytes from aaaa::212:740a:a:a0a: icmp_seq=83 ttl=60 time=204 ms
64 bytes from aaaa::212:740a:a:a0a: icmp_seq=84 ttl=60 time=247 ms
64 bytes from aaaa::212:740a:a:a0a: icmp_seq=85 ttl=60 time=284 ms
64 bytes from aaaa::212:740a:a:a0a: icmp_seq=86 ttl=60 time=234 ms
64 bytes from aaaa::212:740a:a:a0a: icmp_seq=87 ttl=60 time=193 ms
64 bytes from aaaa::212:740a:a:a0a: icmp_seq=88 ttl=60 time=184 ms
64 bytes from aaaa::212:740a:a:a0a: icmp_seq=89 ttl=60 time=215 ms
64 bytes from aaaa::212:740a:a:a0a: icmp_seq=90 ttl=60 time=246 ms
64 bytes from aaaa::212:740a:a:a0a: icmp_seq=91 ttl=60 time=236 ms
64 bytes from aaaa::212:740a:a:a0a: icmp_seq=92 ttl=60 time=288 ms
64 bytes from aaaa::212:740a:a:a0a: icmp_seq=93 ttl=60 time=216 ms
64 bytes from aaaa::212:740a:a:a0a: icmp_seq=94 ttl=60 time=238 ms
64 bytes from aaaa::212:740a:a:a0a: icmp_seq=95 ttl=60 time=257 ms
64 bytes from aaaa::212:740a:a:a0a: icmp_seq=96 ttl=60 time=178 ms
64 bytes from aaaa::212:740a:a:a0a: icmp_seq=97 ttl=60 time=281 ms
64 bytes from aaaa::212:740a:a:a0a: icmp_seq=98 ttl=60 time=258 ms
64 bytes from aaaa::212:740a:a:a0a: icmp_seq=99 ttl=60 time=246 ms
64 bytes from aaaa::212:740a:a:a0a: icmp_seq=100 ttl=60 time=307 ms
64 bytes from aaaa::212:740a:a:a0a: icmp_seq=101 ttl=60 time=239 ms
64 bytes from aaaa::212:740a:a:a0a: icmp_seq=102 ttl=60 time=260 ms
64 bytes from aaaa::212:740a:a:a0a: icmp_seq=103 ttl=60 time=309 ms
64 bytes from aaaa::212:740a:a:a0a: icmp_seq=104 ttl=60 time=220 ms
64 bytes from aaaa::212:740a:a:a0a: icmp_seq=105 ttl=60 time=260 ms
64 bytes from aaaa::212:740a:a:a0a: icmp_seq=106 ttl=60 time=298 ms
64 bytes from aaaa::212:740a:a:a0a: icmp_seq=107 ttl=60 time=332 ms
64 bytes from aaaa::212:740a:a:a0a: icmp_seq=108 ttl=60 time=289 ms
64 bytes from aaaa::212:740a:a:a0a: icmp_seq=109 ttl=60 time=233 ms
64 bytes from aaaa::212:740a:a:a0a: icmp_seq=110 ttl=60 time=334 ms
64 bytes from aaaa::212:740a:a:a0a: icmp_seq=111 ttl=60 time=385 ms
64 bytes from aaaa::212:740a:a:a0a: icmp_seq=112 ttl=60 time=242 ms
64 bytes from aaaa::212:740a:a:a0a: icmp_seq=113 ttl=60 time=537 ms
64 bytes from aaaa::212:740a:a:a0a: icmp_seq=114 ttl=60 time=577 ms
64 bytes from aaaa::212:740a:a:a0a: icmp_seq=115 ttl=60 time=309 ms
64 bytes from aaaa::212:740a:a:a0a: icmp_seq=116 ttl=60 time=534 ms
64 bytes from aaaa::212:740a:a:a0a: icmp_seq=117 ttl=60 time=409 ms
64 bytes from aaaa::212:740a:a:a0a: icmp_seq=118 ttl=60 time=408 ms
64 bytes from aaaa::212:740a:a:a0a: icmp_seq=119 ttl=60 time=221 ms
64 bytes from aaaa::212:740a:a:a0a: icmp_seq=120 ttl=60 time=704 ms
64 bytes from aaaa::212:740a:a:a0a: icmp_seq=121 ttl=60 time=275 ms
64 bytes from aaaa::212:740a:a:a0a: icmp_seq=122 ttl=60 time=505 ms
64 bytes from aaaa::212:740a:a:a0a: icmp_seq=123 ttl=60 time=747 ms
64 bytes from aaaa::212:740a:a:a0a: icmp_seq=124 ttl=60 time=524 ms
64 bytes from aaaa::212:740a:a:a0a: icmp_seq=125 ttl=60 time=649 ms
64 bytes from aaaa::212:740a:a:a0a: icmp_seq=126 ttl=60 time=657 ms
64 bytes from aaaa::212:740a:a:a0a: icmp_seq=127 ttl=60 time=561 ms
64 bytes from aaaa::212:740a:a:a0a: icmp_seq=128 ttl=60 time=549 ms
64 bytes from aaaa::212:740a:a:a0a: icmp_seq=129 ttl=60 time=347 ms
64 bytes from aaaa::212:740a:a:a0a: icmp_seq=130 ttl=60 time=253 ms
64 bytes from aaaa::212:740a:a:a0a: icmp_seq=131 ttl=60 time=530 ms
64 bytes from aaaa::212:740a:a:a0a: icmp_seq=132 ttl=60 time=443 ms
64 bytes from aaaa::212:740a:a:a0a: icmp_seq=133 ttl=60 time=478 ms
64 bytes from aaaa::212:740a:a:a0a: icmp_seq=134 ttl=60 time=418 ms
64 bytes from aaaa::212:740a:a:a0a: icmp_seq=135 ttl=60 time=440 ms
64 bytes from aaaa::212:740a:a:a0a: icmp_seq=136 ttl=60 time=700 ms
64 bytes from aaaa::212:740a:a:a0a: icmp_seq=137 ttl=60 time=262 ms
64 bytes from aaaa::212:740a:a:a0a: icmp_seq=138 ttl=60 time=283 ms
64 bytes from aaaa::212:740a:a:a0a: icmp_seq=139 ttl=60 time=261 ms
64 bytes from aaaa::212:740a:a:a0a: icmp_seq=140 ttl=60 time=265 ms
64 bytes from aaaa::212:740a:a:a0a: icmp_seq=141 ttl=60 time=272 ms
64 bytes from aaaa::212:740a:a:a0a: icmp_seq=142 ttl=60 time=369 ms
64 bytes from aaaa::212:740a:a:a0a: icmp_seq=143 ttl=60 time=265 ms
64 bytes from aaaa::212:740a:a:a0a: icmp_seq=144 ttl=60 time=262 ms
64 bytes from aaaa::212:740a:a:a0a: icmp_seq=145 ttl=60 time=261 ms
64 bytes from aaaa::212:740a:a:a0a: icmp_seq=146 ttl=60 time=283 ms
64 bytes from aaaa::212:740a:a:a0a: icmp_seq=147 ttl=60 time=571 ms
64 bytes from aaaa::212:740a:a:a0a: icmp_seq=148 ttl=60 time=334 ms
64 bytes from aaaa::212:740a:a:a0a: icmp_seq=149 ttl=60 time=313 ms
64 bytes from aaaa::212:740a:a:a0a: icmp_seq=150 ttl=60 time=318 ms
64 bytes from aaaa::212:740a:a:a0a: icmp_seq=151 ttl=60 time=325 ms
64 bytes from aaaa::212:740a:a:a0a: icmp_seq=152 ttl=60 time=703 ms
64 bytes from aaaa::212:740a:a:a0a: icmp_seq=153 ttl=60 time=389 ms
64 bytes from aaaa::212:740a:a:a0a: icmp_seq=154 ttl=60 time=601 ms
64 bytes from aaaa::212:740a:a:a0a: icmp_seq=155 ttl=60 time=423 ms
64 bytes from aaaa::212:740a:a:a0a: icmp_seq=156 ttl=60 time=495 ms
64 bytes from aaaa::212:740a:a:a0a: icmp_seq=157 ttl=60 time=449 ms
64 bytes from aaaa::212:740a:a:a0a: icmp_seq=158 ttl=60 time=449 ms
64 bytes from aaaa::212:740a:a:a0a: icmp_seq=160 ttl=60 time=552 ms
64 bytes from aaaa::212:740a:a:a0a: icmp_seq=161 ttl=60 time=450 ms
64 bytes from aaaa::212:740a:a:a0a: icmp_seq=163 ttl=60 time=346 ms
64 bytes from aaaa::212:740a:a:a0a: icmp_seq=164 ttl=60 time=570 ms
64 bytes from aaaa::212:740a:a:a0a: icmp_seq=165 ttl=60 time=432 ms
64 bytes from aaaa::212:740a:a:a0a: icmp_seq=166 ttl=60 time=460 ms
64 bytes from aaaa::212:740a:a:a0a: icmp_seq=167 ttl=60 time=622 ms
64 bytes from aaaa::212:740a:a:a0a: icmp_seq=168 ttl=60 time=532 ms
64 bytes from aaaa::212:740a:a:a0a: icmp_seq=169 ttl=60 time=446 ms
64 bytes from aaaa::212:740a:a:a0a: icmp_seq=170 ttl=60 time=613 ms
64 bytes from aaaa::212:740a:a:a0a: icmp_seq=171 ttl=60 time=785 ms
64 bytes from aaaa::212:740a:a:a0a: icmp_seq=172 ttl=60 time=211 ms
64 bytes from aaaa::212:740a:a:a0a: icmp_seq=173 ttl=60 time=412 ms
64 bytes from aaaa::212:740a:a:a0a: icmp_seq=174 ttl=60 time=846 ms
64 bytes from aaaa::212:740a:a:a0a: icmp_seq=175 ttl=60 time=816 ms
64 bytes from aaaa::212:740a:a:a0a: icmp_seq=182 ttl=60 time=289 ms
64 bytes from aaaa::212:740a:a:a0a: icmp_seq=186 ttl=60 time=407 ms
64 bytes from aaaa::212:740a:a:a0a: icmp_seq=188 ttl=60 time=349 ms
64 bytes from aaaa::212:740a:a:a0a: icmp_seq=191 ttl=60 time=443 ms
64 bytes from aaaa::212:740a:a:a0a: icmp_seq=192 ttl=60 time=284 ms
64 bytes from aaaa::212:740a:a:a0a: icmp_seq=194 ttl=60 time=368 ms
64 bytes from aaaa::212:740a:a:a0a: icmp_seq=198 ttl=60 time=712 ms
64 bytes from aaaa::212:740a:a:a0a: icmp_seq=199 ttl=60 time=350 ms

--- aaaa::212:740a:a:a0a ping statistics ---
200 packets transmitted, 166 received, 17% packet loss, time 1000046ms
rtt min/avg/max/mdev = 170.136/385.035/2476.837/248.526 ms
