PING aaaa::212:7409:9:909(aaaa::212:7409:9:909) 56 data bytes
64 bytes from aaaa::212:7409:9:909: icmp_seq=1 ttl=61 time=280 ms
64 bytes from aaaa::212:7409:9:909: icmp_seq=3 ttl=61 time=211 ms
64 bytes from aaaa::212:7409:9:909: icmp_seq=4 ttl=61 time=792 ms
64 bytes from aaaa::212:7409:9:909: icmp_seq=7 ttl=61 time=296 ms
64 bytes from aaaa::212:7409:9:909: icmp_seq=8 ttl=61 time=666 ms
64 bytes from aaaa::212:7409:9:909: icmp_seq=9 ttl=61 time=502 ms
64 bytes from aaaa::212:7409:9:909: icmp_seq=11 ttl=61 time=768 ms
64 bytes from aaaa::212:7409:9:909: icmp_seq=12 ttl=61 time=355 ms
64 bytes from aaaa::212:7409:9:909: icmp_seq=13 ttl=61 time=274 ms
64 bytes from aaaa::212:7409:9:909: icmp_seq=14 ttl=61 time=902 ms
64 bytes from aaaa::212:7409:9:909: icmp_seq=18 ttl=61 time=462 ms
64 bytes from aaaa::212:7409:9:909: icmp_seq=19 ttl=61 time=802 ms
64 bytes from aaaa::212:7409:9:909: icmp_seq=20 ttl=61 time=831 ms
64 bytes from aaaa::212:7409:9:909: icmp_seq=21 ttl=61 time=1270 ms
64 bytes from aaaa::212:7409:9:909: icmp_seq=25 ttl=61 time=262 ms
64 bytes from aaaa::212:7409:9:909: icmp_seq=26 ttl=61 time=615 ms
64 bytes from aaaa::212:7409:9:909: icmp_seq=28 ttl=61 time=582 ms
64 bytes from aaaa::212:7409:9:909: icmp_seq=29 ttl=61 time=544 ms
64 bytes from aaaa::212:7409:9:909: icmp_seq=30 ttl=61 time=467 ms
64 bytes from aaaa::212:7409:9:909: icmp_seq=31 ttl=61 time=611 ms
64 bytes from aaaa::212:7409:9:909: icmp_seq=34 ttl=61 time=282 ms
64 bytes from aaaa::212:7409:9:909: icmp_seq=35 ttl=61 time=232 ms
64 bytes from aaaa::212:7409:9:909: icmp_seq=36 ttl=61 time=204 ms
64 bytes from aaaa::212:7409:9:909: icmp_seq=37 ttl=61 time=223 ms
64 bytes from aaaa::212:7409:9:909: icmp_seq=38 ttl=61 time=211 ms
64 bytes from aaaa::212:7409:9:909: icmp_seq=39 ttl=61 time=178 ms
64 bytes from aaaa::212:7409:9:909: icmp_seq=40 ttl=61 time=238 ms
64 bytes from aaaa::212:7409:9:909: icmp_seq=47 ttl=61 time=372 ms
64 bytes from aaaa::212:7409:9:909: icmp_seq=48 ttl=61 time=258 ms
64 bytes from aaaa::212:7409:9:909: icmp_seq=56 ttl=61 time=525 ms
64 bytes from aaaa::212:7409:9:909: icmp_seq=64 ttl=61 time=474 ms
64 bytes from aaaa::212:7409:9:909: icmp_seq=65 ttl=61 time=872 ms
64 bytes from aaaa::212:7409:9:909: icmp_seq=66 ttl=61 time=466 ms
64 bytes from aaaa::212:7409:9:909: icmp_seq=67 ttl=61 time=304 ms
64 bytes from aaaa::212:7409:9:909: icmp_seq=68 ttl=61 time=230 ms
64 bytes from aaaa::212:7409:9:909: icmp_seq=69 ttl=61 time=591 ms
64 bytes from aaaa::212:7409:9:909: icmp_seq=70 ttl=61 time=185 ms
64 bytes from aaaa::212:7409:9:909: icmp_seq=71 ttl=61 time=284 ms
64 bytes from aaaa::212:7409:9:909: icmp_seq=72 ttl=61 time=235 ms
64 bytes from aaaa::212:7409:9:909: icmp_seq=73 ttl=61 time=216 ms
64 bytes from aaaa::212:7409:9:909: icmp_seq=74 ttl=61 time=233 ms
64 bytes from aaaa::212:7409:9:909: icmp_seq=76 ttl=61 time=217 ms
64 bytes from aaaa::212:7409:9:909: icmp_seq=77 ttl=61 time=184 ms
64 bytes from aaaa::212:7409:9:909: icmp_seq=78 ttl=61 time=165 ms
64 bytes from aaaa::212:7409:9:909: icmp_seq=79 ttl=61 time=269 ms
64 bytes from aaaa::212:7409:9:909: icmp_seq=80 ttl=61 time=237 ms
64 bytes from aaaa::212:7409:9:909: icmp_seq=81 ttl=61 time=245 ms
64 bytes from aaaa::212:7409:9:909: icmp_seq=82 ttl=61 time=211 ms
64 bytes from aaaa::212:7409:9:909: icmp_seq=83 ttl=61 time=412 ms
64 bytes from aaaa::212:7409:9:909: icmp_seq=84 ttl=61 time=212 ms
64 bytes from aaaa::212:7409:9:909: icmp_seq=85 ttl=61 time=210 ms
64 bytes from aaaa::212:7409:9:909: icmp_seq=86 ttl=61 time=241 ms
64 bytes from aaaa::212:7409:9:909: icmp_seq=88 ttl=61 time=538 ms
64 bytes from aaaa::212:7409:9:909: icmp_seq=89 ttl=61 time=296 ms
64 bytes from aaaa::212:7409:9:909: icmp_seq=90 ttl=61 time=206 ms
64 bytes from aaaa::212:7409:9:909: icmp_seq=91 ttl=61 time=237 ms
64 bytes from aaaa::212:7409:9:909: icmp_seq=92 ttl=61 time=161 ms
64 bytes from aaaa::212:7409:9:909: icmp_seq=94 ttl=61 time=180 ms
64 bytes from aaaa::212:7409:9:909: icmp_seq=95 ttl=61 time=251 ms
64 bytes from aaaa::212:7409:9:909: icmp_seq=96 ttl=61 time=340 ms
64 bytes from aaaa::212:7409:9:909: icmp_seq=98 ttl=61 time=228 ms
64 bytes from aaaa::212:7409:9:909: icmp_seq=99 ttl=61 time=214 ms
64 bytes from aaaa::212:7409:9:909: icmp_seq=100 ttl=61 time=275 ms
64 bytes from aaaa::212:7409:9:909: icmp_seq=101 ttl=61 time=231 ms
64 bytes from aaaa::212:7409:9:909: icmp_seq=102 ttl=61 time=243 ms
64 bytes from aaaa::212:7409:9:909: icmp_seq=103 ttl=61 time=255 ms
64 bytes from aaaa::212:7409:9:909: icmp_seq=104 ttl=61 time=344 ms
64 bytes from aaaa::212:7409:9:909: icmp_seq=105 ttl=61 time=211 ms
64 bytes from aaaa::212:7409:9:909: icmp_seq=106 ttl=61 time=259 ms
64 bytes from aaaa::212:7409:9:909: icmp_seq=107 ttl=61 time=365 ms
64 bytes from aaaa::212:7409:9:909: icmp_seq=109 ttl=61 time=403 ms
64 bytes from aaaa::212:7409:9:909: icmp_seq=110 ttl=61 time=307 ms
64 bytes from aaaa::212:7409:9:909: icmp_seq=111 ttl=61 time=284 ms
64 bytes from aaaa::212:7409:9:909: icmp_seq=112 ttl=61 time=332 ms
64 bytes from aaaa::212:7409:9:909: icmp_seq=113 ttl=61 time=212 ms
64 bytes from aaaa::212:7409:9:909: icmp_seq=114 ttl=61 time=328 ms
64 bytes from aaaa::212:7409:9:909: icmp_seq=115 ttl=61 time=334 ms
64 bytes from aaaa::212:7409:9:909: icmp_seq=117 ttl=61 time=241 ms
64 bytes from aaaa::212:7409:9:909: icmp_seq=118 ttl=61 time=220 ms
64 bytes from aaaa::212:7409:9:909: icmp_seq=119 ttl=61 time=374 ms
64 bytes from aaaa::212:7409:9:909: icmp_seq=125 ttl=61 time=224 ms
64 bytes from aaaa::212:7409:9:909: icmp_seq=126 ttl=61 time=563 ms
64 bytes from aaaa::212:7409:9:909: icmp_seq=127 ttl=61 time=281 ms
64 bytes from aaaa::212:7409:9:909: icmp_seq=131 ttl=61 time=330 ms
64 bytes from aaaa::212:7409:9:909: icmp_seq=137 ttl=61 time=895 ms
64 bytes from aaaa::212:7409:9:909: icmp_seq=138 ttl=61 time=336 ms
64 bytes from aaaa::212:7409:9:909: icmp_seq=139 ttl=61 time=315 ms
64 bytes from aaaa::212:7409:9:909: icmp_seq=140 ttl=61 time=335 ms
64 bytes from aaaa::212:7409:9:909: icmp_seq=141 ttl=61 time=457 ms
64 bytes from aaaa::212:7409:9:909: icmp_seq=142 ttl=61 time=243 ms
64 bytes from aaaa::212:7409:9:909: icmp_seq=143 ttl=61 time=232 ms
64 bytes from aaaa::212:7409:9:909: icmp_seq=144 ttl=61 time=228 ms
64 bytes from aaaa::212:7409:9:909: icmp_seq=145 ttl=61 time=536 ms
64 bytes from aaaa::212:7409:9:909: icmp_seq=146 ttl=61 time=224 ms
64 bytes from aaaa::212:7409:9:909: icmp_seq=148 ttl=61 time=221 ms
64 bytes from aaaa::212:7409:9:909: icmp_seq=149 ttl=61 time=228 ms
64 bytes from aaaa::212:7409:9:909: icmp_seq=150 ttl=61 time=226 ms
64 bytes from aaaa::212:7409:9:909: icmp_seq=152 ttl=61 time=492 ms
64 bytes from aaaa::212:7409:9:909: icmp_seq=153 ttl=61 time=323 ms
64 bytes from aaaa::212:7409:9:909: icmp_seq=159 ttl=61 time=328 ms
64 bytes from aaaa::212:7409:9:909: icmp_seq=162 ttl=61 time=972 ms
64 bytes from aaaa::212:7409:9:909: icmp_seq=163 ttl=61 time=354 ms
64 bytes from aaaa::212:7409:9:909: icmp_seq=164 ttl=61 time=536 ms
64 bytes from aaaa::212:7409:9:909: icmp_seq=165 ttl=61 time=603 ms
64 bytes from aaaa::212:7409:9:909: icmp_seq=166 ttl=61 time=1240 ms
64 bytes from aaaa::212:7409:9:909: icmp_seq=167 ttl=61 time=448 ms
64 bytes from aaaa::212:7409:9:909: icmp_seq=168 ttl=61 time=418 ms
64 bytes from aaaa::212:7409:9:909: icmp_seq=169 ttl=61 time=434 ms
64 bytes from aaaa::212:7409:9:909: icmp_seq=170 ttl=61 time=539 ms
64 bytes from aaaa::212:7409:9:909: icmp_seq=171 ttl=61 time=703 ms
64 bytes from aaaa::212:7409:9:909: icmp_seq=173 ttl=61 time=436 ms
64 bytes from aaaa::212:7409:9:909: icmp_seq=174 ttl=61 time=520 ms
64 bytes from aaaa::212:7409:9:909: icmp_seq=177 ttl=61 time=588 ms
64 bytes from aaaa::212:7409:9:909: icmp_seq=178 ttl=61 time=408 ms
64 bytes from aaaa::212:7409:9:909: icmp_seq=179 ttl=61 time=753 ms
64 bytes from aaaa::212:7409:9:909: icmp_seq=180 ttl=61 time=661 ms
64 bytes from aaaa::212:7409:9:909: icmp_seq=181 ttl=61 time=555 ms
64 bytes from aaaa::212:7409:9:909: icmp_seq=182 ttl=61 time=321 ms
64 bytes from aaaa::212:7409:9:909: icmp_seq=183 ttl=61 time=278 ms
64 bytes from aaaa::212:7409:9:909: icmp_seq=184 ttl=61 time=367 ms
64 bytes from aaaa::212:7409:9:909: icmp_seq=186 ttl=61 time=324 ms
64 bytes from aaaa::212:7409:9:909: icmp_seq=187 ttl=61 time=464 ms
64 bytes from aaaa::212:7409:9:909: icmp_seq=188 ttl=61 time=721 ms
64 bytes from aaaa::212:7409:9:909: icmp_seq=191 ttl=61 time=806 ms
64 bytes from aaaa::212:7409:9:909: icmp_seq=196 ttl=61 time=368 ms
64 bytes from aaaa::212:7409:9:909: icmp_seq=197 ttl=61 time=460 ms
64 bytes from aaaa::212:7409:9:909: icmp_seq=198 ttl=61 time=192 ms
64 bytes from aaaa::212:7409:9:909: icmp_seq=200 ttl=61 time=163 ms

--- aaaa::212:7409:9:909 ping statistics ---
200 packets transmitted, 128 received, 36% packet loss, time 1005119ms
rtt min/avg/max/mdev = 161.346/394.417/1270.106/217.587 ms
