PING aaaa::212:740b:b:b0b(aaaa::212:740b:b:b0b) 56 data bytes
64 bytes from aaaa::212:740b:b:b0b: icmp_seq=1 ttl=61 time=229 ms
64 bytes from aaaa::212:740b:b:b0b: icmp_seq=3 ttl=61 time=808 ms
64 bytes from aaaa::212:740b:b:b0b: icmp_seq=4 ttl=61 time=1400 ms
64 bytes from aaaa::212:740b:b:b0b: icmp_seq=5 ttl=61 time=1069 ms
64 bytes from aaaa::212:740b:b:b0b: icmp_seq=6 ttl=61 time=849 ms
64 bytes from aaaa::212:740b:b:b0b: icmp_seq=7 ttl=61 time=775 ms
64 bytes from aaaa::212:740b:b:b0b: icmp_seq=8 ttl=61 time=1211 ms
64 bytes from aaaa::212:740b:b:b0b: icmp_seq=9 ttl=61 time=757 ms
64 bytes from aaaa::212:740b:b:b0b: icmp_seq=10 ttl=61 time=188 ms
64 bytes from aaaa::212:740b:b:b0b: icmp_seq=11 ttl=61 time=268 ms
64 bytes from aaaa::212:740b:b:b0b: icmp_seq=12 ttl=61 time=1723 ms
64 bytes from aaaa::212:740b:b:b0b: icmp_seq=13 ttl=61 time=432 ms
64 bytes from aaaa::212:740b:b:b0b: icmp_seq=14 ttl=61 time=439 ms
64 bytes from aaaa::212:740b:b:b0b: icmp_seq=15 ttl=61 time=423 ms
64 bytes from aaaa::212:740b:b:b0b: icmp_seq=16 ttl=61 time=170 ms
64 bytes from aaaa::212:740b:b:b0b: icmp_seq=17 ttl=61 time=1396 ms
64 bytes from aaaa::212:740b:b:b0b: icmp_seq=19 ttl=61 time=582 ms
64 bytes from aaaa::212:740b:b:b0b: icmp_seq=20 ttl=61 time=223 ms
64 bytes from aaaa::212:740b:b:b0b: icmp_seq=21 ttl=61 time=306 ms
64 bytes from aaaa::212:740b:b:b0b: icmp_seq=22 ttl=61 time=350 ms
64 bytes from aaaa::212:740b:b:b0b: icmp_seq=23 ttl=61 time=2140 ms
64 bytes from aaaa::212:740b:b:b0b: icmp_seq=24 ttl=61 time=606 ms
64 bytes from aaaa::212:740b:b:b0b: icmp_seq=25 ttl=61 time=470 ms
64 bytes from aaaa::212:740b:b:b0b: icmp_seq=27 ttl=60 time=1691 ms
64 bytes from aaaa::212:740b:b:b0b: icmp_seq=28 ttl=60 time=1914 ms
64 bytes from aaaa::212:740b:b:b0b: icmp_seq=29 ttl=61 time=340 ms
64 bytes from aaaa::212:740b:b:b0b: icmp_seq=30 ttl=61 time=280 ms
64 bytes from aaaa::212:740b:b:b0b: icmp_seq=31 ttl=61 time=252 ms
64 bytes from aaaa::212:740b:b:b0b: icmp_seq=32 ttl=61 time=243 ms
64 bytes from aaaa::212:740b:b:b0b: icmp_seq=33 ttl=61 time=385 ms
64 bytes from aaaa::212:740b:b:b0b: icmp_seq=35 ttl=61 time=216 ms
64 bytes from aaaa::212:740b:b:b0b: icmp_seq=36 ttl=61 time=352 ms
64 bytes from aaaa::212:740b:b:b0b: icmp_seq=37 ttl=61 time=186 ms
64 bytes from aaaa::212:740b:b:b0b: icmp_seq=38 ttl=61 time=191 ms
64 bytes from aaaa::212:740b:b:b0b: icmp_seq=39 ttl=61 time=154 ms
64 bytes from aaaa::212:740b:b:b0b: icmp_seq=40 ttl=61 time=207 ms
64 bytes from aaaa::212:740b:b:b0b: icmp_seq=41 ttl=61 time=226 ms
64 bytes from aaaa::212:740b:b:b0b: icmp_seq=42 ttl=61 time=153 ms
64 bytes from aaaa::212:740b:b:b0b: icmp_seq=43 ttl=61 time=205 ms
64 bytes from aaaa::212:740b:b:b0b: icmp_seq=44 ttl=61 time=152 ms
64 bytes from aaaa::212:740b:b:b0b: icmp_seq=45 ttl=61 time=192 ms
64 bytes from aaaa::212:740b:b:b0b: icmp_seq=46 ttl=61 time=191 ms
64 bytes from aaaa::212:740b:b:b0b: icmp_seq=47 ttl=61 time=255 ms
64 bytes from aaaa::212:740b:b:b0b: icmp_seq=48 ttl=61 time=153 ms
64 bytes from aaaa::212:740b:b:b0b: icmp_seq=49 ttl=61 time=217 ms
64 bytes from aaaa::212:740b:b:b0b: icmp_seq=50 ttl=61 time=468 ms
64 bytes from aaaa::212:740b:b:b0b: icmp_seq=51 ttl=61 time=196 ms
64 bytes from aaaa::212:740b:b:b0b: icmp_seq=52 ttl=61 time=173 ms
64 bytes from aaaa::212:740b:b:b0b: icmp_seq=53 ttl=61 time=220 ms
64 bytes from aaaa::212:740b:b:b0b: icmp_seq=54 ttl=61 time=227 ms
64 bytes from aaaa::212:740b:b:b0b: icmp_seq=55 ttl=61 time=232 ms
64 bytes from aaaa::212:740b:b:b0b: icmp_seq=56 ttl=61 time=144 ms
64 bytes from aaaa::212:740b:b:b0b: icmp_seq=57 ttl=61 time=240 ms
64 bytes from aaaa::212:740b:b:b0b: icmp_seq=58 ttl=61 time=155 ms
64 bytes from aaaa::212:740b:b:b0b: icmp_seq=59 ttl=61 time=216 ms
64 bytes from aaaa::212:740b:b:b0b: icmp_seq=60 ttl=61 time=233 ms
64 bytes from aaaa::212:740b:b:b0b: icmp_seq=61 ttl=61 time=252 ms
64 bytes from aaaa::212:740b:b:b0b: icmp_seq=62 ttl=61 time=193 ms
64 bytes from aaaa::212:740b:b:b0b: icmp_seq=63 ttl=61 time=166 ms
64 bytes from aaaa::212:740b:b:b0b: icmp_seq=64 ttl=61 time=158 ms
64 bytes from aaaa::212:740b:b:b0b: icmp_seq=65 ttl=61 time=186 ms
64 bytes from aaaa::212:740b:b:b0b: icmp_seq=66 ttl=61 time=237 ms
64 bytes from aaaa::212:740b:b:b0b: icmp_seq=67 ttl=61 time=253 ms
64 bytes from aaaa::212:740b:b:b0b: icmp_seq=68 ttl=61 time=196 ms
64 bytes from aaaa::212:740b:b:b0b: icmp_seq=69 ttl=61 time=144 ms
64 bytes from aaaa::212:740b:b:b0b: icmp_seq=70 ttl=61 time=206 ms
64 bytes from aaaa::212:740b:b:b0b: icmp_seq=71 ttl=61 time=223 ms
64 bytes from aaaa::212:740b:b:b0b: icmp_seq=72 ttl=61 time=199 ms
64 bytes from aaaa::212:740b:b:b0b: icmp_seq=73 ttl=61 time=310 ms
64 bytes from aaaa::212:740b:b:b0b: icmp_seq=74 ttl=61 time=185 ms
64 bytes from aaaa::212:740b:b:b0b: icmp_seq=75 ttl=61 time=179 ms
64 bytes from aaaa::212:740b:b:b0b: icmp_seq=76 ttl=61 time=553 ms
64 bytes from aaaa::212:740b:b:b0b: icmp_seq=77 ttl=61 time=167 ms
64 bytes from aaaa::212:740b:b:b0b: icmp_seq=78 ttl=61 time=185 ms
64 bytes from aaaa::212:740b:b:b0b: icmp_seq=79 ttl=61 time=160 ms
64 bytes from aaaa::212:740b:b:b0b: icmp_seq=80 ttl=61 time=211 ms
64 bytes from aaaa::212:740b:b:b0b: icmp_seq=81 ttl=61 time=160 ms
64 bytes from aaaa::212:740b:b:b0b: icmp_seq=82 ttl=61 time=183 ms
64 bytes from aaaa::212:740b:b:b0b: icmp_seq=83 ttl=61 time=216 ms
64 bytes from aaaa::212:740b:b:b0b: icmp_seq=84 ttl=61 time=161 ms
64 bytes from aaaa::212:740b:b:b0b: icmp_seq=85 ttl=61 time=170 ms
64 bytes from aaaa::212:740b:b:b0b: icmp_seq=86 ttl=61 time=210 ms
64 bytes from aaaa::212:740b:b:b0b: icmp_seq=87 ttl=61 time=211 ms
64 bytes from aaaa::212:740b:b:b0b: icmp_seq=88 ttl=61 time=213 ms
64 bytes from aaaa::212:740b:b:b0b: icmp_seq=89 ttl=61 time=216 ms
64 bytes from aaaa::212:740b:b:b0b: icmp_seq=90 ttl=61 time=191 ms
64 bytes from aaaa::212:740b:b:b0b: icmp_seq=91 ttl=61 time=165 ms
64 bytes from aaaa::212:740b:b:b0b: icmp_seq=92 ttl=61 time=196 ms
64 bytes from aaaa::212:740b:b:b0b: icmp_seq=93 ttl=61 time=177 ms
64 bytes from aaaa::212:740b:b:b0b: icmp_seq=94 ttl=61 time=191 ms
64 bytes from aaaa::212:740b:b:b0b: icmp_seq=95 ttl=61 time=178 ms
64 bytes from aaaa::212:740b:b:b0b: icmp_seq=96 ttl=61 time=205 ms
64 bytes from aaaa::212:740b:b:b0b: icmp_seq=97 ttl=61 time=225 ms
64 bytes from aaaa::212:740b:b:b0b: icmp_seq=98 ttl=61 time=205 ms
64 bytes from aaaa::212:740b:b:b0b: icmp_seq=99 ttl=61 time=191 ms
64 bytes from aaaa::212:740b:b:b0b: icmp_seq=100 ttl=61 time=163 ms
64 bytes from aaaa::212:740b:b:b0b: icmp_seq=101 ttl=61 time=217 ms
64 bytes from aaaa::212:740b:b:b0b: icmp_seq=102 ttl=61 time=216 ms
64 bytes from aaaa::212:740b:b:b0b: icmp_seq=103 ttl=61 time=175 ms
64 bytes from aaaa::212:740b:b:b0b: icmp_seq=104 ttl=61 time=202 ms
64 bytes from aaaa::212:740b:b:b0b: icmp_seq=105 ttl=61 time=237 ms
64 bytes from aaaa::212:740b:b:b0b: icmp_seq=106 ttl=61 time=350 ms
64 bytes from aaaa::212:740b:b:b0b: icmp_seq=107 ttl=61 time=509 ms
64 bytes from aaaa::212:740b:b:b0b: icmp_seq=108 ttl=61 time=163 ms
64 bytes from aaaa::212:740b:b:b0b: icmp_seq=109 ttl=61 time=175 ms
64 bytes from aaaa::212:740b:b:b0b: icmp_seq=110 ttl=61 time=235 ms
64 bytes from aaaa::212:740b:b:b0b: icmp_seq=112 ttl=61 time=281 ms
64 bytes from aaaa::212:740b:b:b0b: icmp_seq=113 ttl=61 time=270 ms
64 bytes from aaaa::212:740b:b:b0b: icmp_seq=114 ttl=61 time=324 ms
64 bytes from aaaa::212:740b:b:b0b: icmp_seq=115 ttl=61 time=290 ms
64 bytes from aaaa::212:740b:b:b0b: icmp_seq=116 ttl=61 time=191 ms
64 bytes from aaaa::212:740b:b:b0b: icmp_seq=117 ttl=61 time=381 ms
64 bytes from aaaa::212:740b:b:b0b: icmp_seq=118 ttl=61 time=485 ms
64 bytes from aaaa::212:740b:b:b0b: icmp_seq=119 ttl=61 time=397 ms
64 bytes from aaaa::212:740b:b:b0b: icmp_seq=120 ttl=61 time=503 ms
64 bytes from aaaa::212:740b:b:b0b: icmp_seq=121 ttl=61 time=230 ms
64 bytes from aaaa::212:740b:b:b0b: icmp_seq=122 ttl=61 time=341 ms
64 bytes from aaaa::212:740b:b:b0b: icmp_seq=123 ttl=61 time=413 ms
64 bytes from aaaa::212:740b:b:b0b: icmp_seq=124 ttl=61 time=607 ms
64 bytes from aaaa::212:740b:b:b0b: icmp_seq=125 ttl=61 time=348 ms
64 bytes from aaaa::212:740b:b:b0b: icmp_seq=126 ttl=61 time=558 ms
64 bytes from aaaa::212:740b:b:b0b: icmp_seq=127 ttl=61 time=413 ms
64 bytes from aaaa::212:740b:b:b0b: icmp_seq=128 ttl=61 time=293 ms
64 bytes from aaaa::212:740b:b:b0b: icmp_seq=129 ttl=61 time=159 ms
64 bytes from aaaa::212:740b:b:b0b: icmp_seq=130 ttl=61 time=253 ms
64 bytes from aaaa::212:740b:b:b0b: icmp_seq=131 ttl=61 time=645 ms
64 bytes from aaaa::212:740b:b:b0b: icmp_seq=132 ttl=61 time=643 ms
64 bytes from aaaa::212:740b:b:b0b: icmp_seq=133 ttl=61 time=850 ms
64 bytes from aaaa::212:740b:b:b0b: icmp_seq=134 ttl=61 time=487 ms
64 bytes from aaaa::212:740b:b:b0b: icmp_seq=136 ttl=61 time=787 ms
64 bytes from aaaa::212:740b:b:b0b: icmp_seq=137 ttl=61 time=240 ms
64 bytes from aaaa::212:740b:b:b0b: icmp_seq=138 ttl=61 time=338 ms
64 bytes from aaaa::212:740b:b:b0b: icmp_seq=139 ttl=61 time=254 ms
64 bytes from aaaa::212:740b:b:b0b: icmp_seq=140 ttl=61 time=260 ms
64 bytes from aaaa::212:740b:b:b0b: icmp_seq=141 ttl=61 time=275 ms
64 bytes from aaaa::212:740b:b:b0b: icmp_seq=142 ttl=61 time=284 ms
64 bytes from aaaa::212:740b:b:b0b: icmp_seq=143 ttl=61 time=270 ms
64 bytes from aaaa::212:740b:b:b0b: icmp_seq=144 ttl=61 time=287 ms
64 bytes from aaaa::212:740b:b:b0b: icmp_seq=145 ttl=61 time=267 ms
64 bytes from aaaa::212:740b:b:b0b: icmp_seq=146 ttl=61 time=281 ms
64 bytes from aaaa::212:740b:b:b0b: icmp_seq=147 ttl=61 time=293 ms
64 bytes from aaaa::212:740b:b:b0b: icmp_seq=148 ttl=61 time=300 ms
64 bytes from aaaa::212:740b:b:b0b: icmp_seq=149 ttl=61 time=302 ms
64 bytes from aaaa::212:740b:b:b0b: icmp_seq=150 ttl=61 time=233 ms
64 bytes from aaaa::212:740b:b:b0b: icmp_seq=151 ttl=61 time=235 ms
64 bytes from aaaa::212:740b:b:b0b: icmp_seq=152 ttl=61 time=540 ms
64 bytes from aaaa::212:740b:b:b0b: icmp_seq=153 ttl=61 time=301 ms
64 bytes from aaaa::212:740b:b:b0b: icmp_seq=154 ttl=61 time=517 ms
64 bytes from aaaa::212:740b:b:b0b: icmp_seq=155 ttl=61 time=447 ms
64 bytes from aaaa::212:740b:b:b0b: icmp_seq=156 ttl=61 time=591 ms
64 bytes from aaaa::212:740b:b:b0b: icmp_seq=157 ttl=61 time=356 ms
64 bytes from aaaa::212:740b:b:b0b: icmp_seq=158 ttl=61 time=320 ms
64 bytes from aaaa::212:740b:b:b0b: icmp_seq=159 ttl=61 time=219 ms
64 bytes from aaaa::212:740b:b:b0b: icmp_seq=160 ttl=61 time=223 ms
64 bytes from aaaa::212:740b:b:b0b: icmp_seq=161 ttl=61 time=292 ms
64 bytes from aaaa::212:740b:b:b0b: icmp_seq=162 ttl=61 time=465 ms
64 bytes from aaaa::212:740b:b:b0b: icmp_seq=163 ttl=61 time=345 ms
64 bytes from aaaa::212:740b:b:b0b: icmp_seq=164 ttl=61 time=408 ms
64 bytes from aaaa::212:740b:b:b0b: icmp_seq=165 ttl=61 time=557 ms
64 bytes from aaaa::212:740b:b:b0b: icmp_seq=166 ttl=61 time=298 ms
64 bytes from aaaa::212:740b:b:b0b: icmp_seq=167 ttl=61 time=453 ms
64 bytes from aaaa::212:740b:b:b0b: icmp_seq=169 ttl=61 time=489 ms
64 bytes from aaaa::212:740b:b:b0b: icmp_seq=170 ttl=61 time=430 ms
64 bytes from aaaa::212:740b:b:b0b: icmp_seq=172 ttl=61 time=237 ms
64 bytes from aaaa::212:740b:b:b0b: icmp_seq=173 ttl=61 time=443 ms
64 bytes from aaaa::212:740b:b:b0b: icmp_seq=174 ttl=61 time=649 ms
64 bytes from aaaa::212:740b:b:b0b: icmp_seq=175 ttl=61 time=198 ms
64 bytes from aaaa::212:740b:b:b0b: icmp_seq=176 ttl=61 time=264 ms
64 bytes from aaaa::212:740b:b:b0b: icmp_seq=177 ttl=61 time=222 ms
64 bytes from aaaa::212:740b:b:b0b: icmp_seq=182 ttl=61 time=362 ms
64 bytes from aaaa::212:740b:b:b0b: icmp_seq=186 ttl=61 time=167 ms
64 bytes from aaaa::212:740b:b:b0b: icmp_seq=188 ttl=61 time=415 ms
64 bytes from aaaa::212:740b:b:b0b: icmp_seq=191 ttl=61 time=295 ms
64 bytes from aaaa::212:740b:b:b0b: icmp_seq=192 ttl=61 time=217 ms
64 bytes from aaaa::212:740b:b:b0b: icmp_seq=194 ttl=61 time=251 ms
64 bytes from aaaa::212:740b:b:b0b: icmp_seq=198 ttl=61 time=424 ms
64 bytes from aaaa::212:740b:b:b0b: icmp_seq=199 ttl=61 time=201 ms

--- aaaa::212:740b:b:b0b ping statistics ---
200 packets transmitted, 177 received, 11% packet loss, time 999046ms
rtt min/avg/max/mdev = 144.335/362.100/2140.862/311.518 ms
