PING aaaa::212:7409:9:909(aaaa::212:7409:9:909) 56 data bytes
64 bytes from aaaa::212:7409:9:909: icmp_seq=1 ttl=61 time=304 ms
64 bytes from aaaa::212:7409:9:909: icmp_seq=3 ttl=61 time=520 ms
64 bytes from aaaa::212:7409:9:909: icmp_seq=4 ttl=61 time=295 ms
64 bytes from aaaa::212:7409:9:909: icmp_seq=5 ttl=61 time=325 ms
64 bytes from aaaa::212:7409:9:909: icmp_seq=7 ttl=61 time=260 ms
64 bytes from aaaa::212:7409:9:909: icmp_seq=9 ttl=61 time=197 ms
64 bytes from aaaa::212:7409:9:909: icmp_seq=10 ttl=61 time=249 ms
64 bytes from aaaa::212:7409:9:909: icmp_seq=11 ttl=61 time=215 ms
64 bytes from aaaa::212:7409:9:909: icmp_seq=12 ttl=61 time=312 ms
64 bytes from aaaa::212:7409:9:909: icmp_seq=13 ttl=61 time=177 ms
64 bytes from aaaa::212:7409:9:909: icmp_seq=14 ttl=61 time=198 ms
64 bytes from aaaa::212:7409:9:909: icmp_seq=15 ttl=61 time=259 ms
64 bytes from aaaa::212:7409:9:909: icmp_seq=16 ttl=61 time=197 ms
64 bytes from aaaa::212:7409:9:909: icmp_seq=17 ttl=61 time=309 ms
64 bytes from aaaa::212:7409:9:909: icmp_seq=18 ttl=61 time=496 ms
64 bytes from aaaa::212:7409:9:909: icmp_seq=20 ttl=61 time=966 ms
64 bytes from aaaa::212:7409:9:909: icmp_seq=33 ttl=61 time=738 ms
64 bytes from aaaa::212:7409:9:909: icmp_seq=34 ttl=61 time=1038 ms
64 bytes from aaaa::212:7409:9:909: icmp_seq=35 ttl=61 time=314 ms
64 bytes from aaaa::212:7409:9:909: icmp_seq=37 ttl=61 time=303 ms
64 bytes from aaaa::212:7409:9:909: icmp_seq=39 ttl=61 time=721 ms
64 bytes from aaaa::212:7409:9:909: icmp_seq=40 ttl=61 time=780 ms
64 bytes from aaaa::212:7409:9:909: icmp_seq=41 ttl=61 time=376 ms
64 bytes from aaaa::212:7409:9:909: icmp_seq=42 ttl=61 time=414 ms
64 bytes from aaaa::212:7409:9:909: icmp_seq=44 ttl=61 time=408 ms
64 bytes from aaaa::212:7409:9:909: icmp_seq=45 ttl=61 time=769 ms
64 bytes from aaaa::212:7409:9:909: icmp_seq=47 ttl=61 time=477 ms
64 bytes from aaaa::212:7409:9:909: icmp_seq=48 ttl=61 time=219 ms
64 bytes from aaaa::212:7409:9:909: icmp_seq=49 ttl=61 time=165 ms
64 bytes from aaaa::212:7409:9:909: icmp_seq=50 ttl=61 time=244 ms
64 bytes from aaaa::212:7409:9:909: icmp_seq=51 ttl=61 time=224 ms
64 bytes from aaaa::212:7409:9:909: icmp_seq=52 ttl=61 time=206 ms
64 bytes from aaaa::212:7409:9:909: icmp_seq=53 ttl=61 time=236 ms
64 bytes from aaaa::212:7409:9:909: icmp_seq=54 ttl=61 time=246 ms
64 bytes from aaaa::212:7409:9:909: icmp_seq=55 ttl=61 time=214 ms
64 bytes from aaaa::212:7409:9:909: icmp_seq=56 ttl=61 time=247 ms
64 bytes from aaaa::212:7409:9:909: icmp_seq=57 ttl=61 time=191 ms
64 bytes from aaaa::212:7409:9:909: icmp_seq=58 ttl=61 time=258 ms
64 bytes from aaaa::212:7409:9:909: icmp_seq=59 ttl=61 time=310 ms
64 bytes from aaaa::212:7409:9:909: icmp_seq=60 ttl=61 time=291 ms
64 bytes from aaaa::212:7409:9:909: icmp_seq=61 ttl=61 time=203 ms
64 bytes from aaaa::212:7409:9:909: icmp_seq=62 ttl=61 time=173 ms
64 bytes from aaaa::212:7409:9:909: icmp_seq=63 ttl=61 time=280 ms
64 bytes from aaaa::212:7409:9:909: icmp_seq=64 ttl=61 time=244 ms
64 bytes from aaaa::212:7409:9:909: icmp_seq=65 ttl=61 time=192 ms
64 bytes from aaaa::212:7409:9:909: icmp_seq=66 ttl=61 time=188 ms
64 bytes from aaaa::212:7409:9:909: icmp_seq=67 ttl=61 time=299 ms
64 bytes from aaaa::212:7409:9:909: icmp_seq=69 ttl=61 time=251 ms
64 bytes from aaaa::212:7409:9:909: icmp_seq=70 ttl=61 time=278 ms
64 bytes from aaaa::212:7409:9:909: icmp_seq=71 ttl=61 time=236 ms
64 bytes from aaaa::212:7409:9:909: icmp_seq=72 ttl=61 time=189 ms
64 bytes from aaaa::212:7409:9:909: icmp_seq=73 ttl=61 time=264 ms
64 bytes from aaaa::212:7409:9:909: icmp_seq=74 ttl=61 time=261 ms
64 bytes from aaaa::212:7409:9:909: icmp_seq=76 ttl=61 time=183 ms
64 bytes from aaaa::212:7409:9:909: icmp_seq=77 ttl=61 time=240 ms
64 bytes from aaaa::212:7409:9:909: icmp_seq=78 ttl=61 time=260 ms
64 bytes from aaaa::212:7409:9:909: icmp_seq=79 ttl=61 time=211 ms
64 bytes from aaaa::212:7409:9:909: icmp_seq=80 ttl=61 time=223 ms
64 bytes from aaaa::212:7409:9:909: icmp_seq=81 ttl=61 time=208 ms
64 bytes from aaaa::212:7409:9:909: icmp_seq=82 ttl=61 time=394 ms
64 bytes from aaaa::212:7409:9:909: icmp_seq=83 ttl=61 time=356 ms
64 bytes from aaaa::212:7409:9:909: icmp_seq=84 ttl=61 time=279 ms
64 bytes from aaaa::212:7409:9:909: icmp_seq=85 ttl=61 time=446 ms
64 bytes from aaaa::212:7409:9:909: icmp_seq=86 ttl=61 time=405 ms
64 bytes from aaaa::212:7409:9:909: icmp_seq=87 ttl=61 time=195 ms
64 bytes from aaaa::212:7409:9:909: icmp_seq=88 ttl=61 time=258 ms
64 bytes from aaaa::212:7409:9:909: icmp_seq=89 ttl=61 time=190 ms
64 bytes from aaaa::212:7409:9:909: icmp_seq=90 ttl=61 time=272 ms
64 bytes from aaaa::212:7409:9:909: icmp_seq=91 ttl=61 time=324 ms
64 bytes from aaaa::212:7409:9:909: icmp_seq=92 ttl=61 time=268 ms
64 bytes from aaaa::212:7409:9:909: icmp_seq=93 ttl=61 time=319 ms
64 bytes from aaaa::212:7409:9:909: icmp_seq=94 ttl=61 time=566 ms
64 bytes from aaaa::212:7409:9:909: icmp_seq=95 ttl=61 time=467 ms
64 bytes from aaaa::212:7409:9:909: icmp_seq=97 ttl=61 time=251 ms
64 bytes from aaaa::212:7409:9:909: icmp_seq=98 ttl=61 time=225 ms
64 bytes from aaaa::212:7409:9:909: icmp_seq=99 ttl=61 time=281 ms
64 bytes from aaaa::212:7409:9:909: icmp_seq=100 ttl=61 time=270 ms
64 bytes from aaaa::212:7409:9:909: icmp_seq=101 ttl=61 time=176 ms
64 bytes from aaaa::212:7409:9:909: icmp_seq=102 ttl=61 time=243 ms
64 bytes from aaaa::212:7409:9:909: icmp_seq=103 ttl=61 time=180 ms
64 bytes from aaaa::212:7409:9:909: icmp_seq=104 ttl=61 time=231 ms
64 bytes from aaaa::212:7409:9:909: icmp_seq=105 ttl=61 time=259 ms
64 bytes from aaaa::212:7409:9:909: icmp_seq=106 ttl=61 time=248 ms
64 bytes from aaaa::212:7409:9:909: icmp_seq=107 ttl=61 time=312 ms
64 bytes from aaaa::212:7409:9:909: icmp_seq=108 ttl=61 time=260 ms
64 bytes from aaaa::212:7409:9:909: icmp_seq=109 ttl=61 time=223 ms
64 bytes from aaaa::212:7409:9:909: icmp_seq=110 ttl=61 time=323 ms
64 bytes from aaaa::212:7409:9:909: icmp_seq=111 ttl=61 time=314 ms
64 bytes from aaaa::212:7409:9:909: icmp_seq=112 ttl=61 time=213 ms
64 bytes from aaaa::212:7409:9:909: icmp_seq=113 ttl=61 time=195 ms
64 bytes from aaaa::212:7409:9:909: icmp_seq=114 ttl=61 time=183 ms
64 bytes from aaaa::212:7409:9:909: icmp_seq=115 ttl=61 time=252 ms
64 bytes from aaaa::212:7409:9:909: icmp_seq=116 ttl=61 time=232 ms
64 bytes from aaaa::212:7409:9:909: icmp_seq=117 ttl=61 time=215 ms
64 bytes from aaaa::212:7409:9:909: icmp_seq=118 ttl=61 time=289 ms
64 bytes from aaaa::212:7409:9:909: icmp_seq=119 ttl=61 time=359 ms
64 bytes from aaaa::212:7409:9:909: icmp_seq=120 ttl=61 time=225 ms
64 bytes from aaaa::212:7409:9:909: icmp_seq=121 ttl=61 time=238 ms
64 bytes from aaaa::212:7409:9:909: icmp_seq=122 ttl=61 time=286 ms
64 bytes from aaaa::212:7409:9:909: icmp_seq=123 ttl=61 time=217 ms
64 bytes from aaaa::212:7409:9:909: icmp_seq=124 ttl=61 time=360 ms
64 bytes from aaaa::212:7409:9:909: icmp_seq=125 ttl=61 time=236 ms
64 bytes from aaaa::212:7409:9:909: icmp_seq=126 ttl=61 time=163 ms
64 bytes from aaaa::212:7409:9:909: icmp_seq=127 ttl=61 time=440 ms
64 bytes from aaaa::212:7409:9:909: icmp_seq=128 ttl=61 time=215 ms
64 bytes from aaaa::212:7409:9:909: icmp_seq=130 ttl=61 time=217 ms
64 bytes from aaaa::212:7409:9:909: icmp_seq=131 ttl=61 time=252 ms
64 bytes from aaaa::212:7409:9:909: icmp_seq=139 ttl=61 time=487 ms
64 bytes from aaaa::212:7409:9:909: icmp_seq=140 ttl=61 time=448 ms
64 bytes from aaaa::212:7409:9:909: icmp_seq=142 ttl=61 time=347 ms
64 bytes from aaaa::212:7409:9:909: icmp_seq=144 ttl=61 time=239 ms
64 bytes from aaaa::212:7409:9:909: icmp_seq=145 ttl=61 time=329 ms
64 bytes from aaaa::212:7409:9:909: icmp_seq=146 ttl=61 time=179 ms
64 bytes from aaaa::212:7409:9:909: icmp_seq=147 ttl=61 time=246 ms
64 bytes from aaaa::212:7409:9:909: icmp_seq=148 ttl=61 time=987 ms
64 bytes from aaaa::212:7409:9:909: icmp_seq=149 ttl=61 time=585 ms
64 bytes from aaaa::212:7409:9:909: icmp_seq=150 ttl=61 time=852 ms
64 bytes from aaaa::212:7409:9:909: icmp_seq=158 ttl=61 time=563 ms
64 bytes from aaaa::212:7409:9:909: icmp_seq=159 ttl=61 time=530 ms
64 bytes from aaaa::212:7409:9:909: icmp_seq=160 ttl=61 time=192 ms
64 bytes from aaaa::212:7409:9:909: icmp_seq=161 ttl=61 time=220 ms
64 bytes from aaaa::212:7409:9:909: icmp_seq=162 ttl=61 time=203 ms
64 bytes from aaaa::212:7409:9:909: icmp_seq=163 ttl=61 time=243 ms
64 bytes from aaaa::212:7409:9:909: icmp_seq=164 ttl=61 time=221 ms
64 bytes from aaaa::212:7409:9:909: icmp_seq=165 ttl=61 time=206 ms
64 bytes from aaaa::212:7409:9:909: icmp_seq=166 ttl=61 time=244 ms
64 bytes from aaaa::212:7409:9:909: icmp_seq=167 ttl=61 time=230 ms
64 bytes from aaaa::212:7409:9:909: icmp_seq=168 ttl=61 time=302 ms
64 bytes from aaaa::212:7409:9:909: icmp_seq=169 ttl=61 time=241 ms
64 bytes from aaaa::212:7409:9:909: icmp_seq=170 ttl=61 time=260 ms
64 bytes from aaaa::212:7409:9:909: icmp_seq=171 ttl=61 time=238 ms
64 bytes from aaaa::212:7409:9:909: icmp_seq=172 ttl=61 time=265 ms
64 bytes from aaaa::212:7409:9:909: icmp_seq=173 ttl=61 time=226 ms
64 bytes from aaaa::212:7409:9:909: icmp_seq=174 ttl=61 time=255 ms
64 bytes from aaaa::212:7409:9:909: icmp_seq=175 ttl=61 time=197 ms
64 bytes from aaaa::212:7409:9:909: icmp_seq=177 ttl=61 time=248 ms
64 bytes from aaaa::212:7409:9:909: icmp_seq=178 ttl=61 time=249 ms
64 bytes from aaaa::212:7409:9:909: icmp_seq=179 ttl=61 time=241 ms
64 bytes from aaaa::212:7409:9:909: icmp_seq=180 ttl=61 time=200 ms
64 bytes from aaaa::212:7409:9:909: icmp_seq=181 ttl=61 time=233 ms
64 bytes from aaaa::212:7409:9:909: icmp_seq=182 ttl=61 time=177 ms
64 bytes from aaaa::212:7409:9:909: icmp_seq=183 ttl=61 time=178 ms
64 bytes from aaaa::212:7409:9:909: icmp_seq=184 ttl=61 time=208 ms
64 bytes from aaaa::212:7409:9:909: icmp_seq=185 ttl=61 time=234 ms
64 bytes from aaaa::212:7409:9:909: icmp_seq=186 ttl=61 time=218 ms
64 bytes from aaaa::212:7409:9:909: icmp_seq=187 ttl=61 time=320 ms
64 bytes from aaaa::212:7409:9:909: icmp_seq=188 ttl=61 time=225 ms
64 bytes from aaaa::212:7409:9:909: icmp_seq=189 ttl=61 time=268 ms
64 bytes from aaaa::212:7409:9:909: icmp_seq=190 ttl=61 time=346 ms
64 bytes from aaaa::212:7409:9:909: icmp_seq=191 ttl=61 time=260 ms
64 bytes from aaaa::212:7409:9:909: icmp_seq=192 ttl=61 time=720 ms
64 bytes from aaaa::212:7409:9:909: icmp_seq=193 ttl=61 time=360 ms
64 bytes from aaaa::212:7409:9:909: icmp_seq=194 ttl=61 time=264 ms
64 bytes from aaaa::212:7409:9:909: icmp_seq=195 ttl=61 time=389 ms
64 bytes from aaaa::212:7409:9:909: icmp_seq=196 ttl=61 time=435 ms
64 bytes from aaaa::212:7409:9:909: icmp_seq=197 ttl=61 time=240 ms
64 bytes from aaaa::212:7409:9:909: icmp_seq=198 ttl=61 time=229 ms
64 bytes from aaaa::212:7409:9:909: icmp_seq=199 ttl=61 time=242 ms

--- aaaa::212:7409:9:909 ping statistics ---
200 packets transmitted, 158 received, 21% packet loss, time 1001588ms
rtt min/avg/max/mdev = 163.626/306.788/1038.173/159.213 ms
