PING aaaa::212:740e:e:e0e(aaaa::212:740e:e:e0e) 56 data bytes
64 bytes from aaaa::212:740e:e:e0e: icmp_seq=2 ttl=59 time=760 ms
64 bytes from aaaa::212:740e:e:e0e: icmp_seq=3 ttl=59 time=468 ms
64 bytes from aaaa::212:740e:e:e0e: icmp_seq=4 ttl=59 time=364 ms
64 bytes from aaaa::212:740e:e:e0e: icmp_seq=5 ttl=59 time=375 ms
64 bytes from aaaa::212:740e:e:e0e: icmp_seq=6 ttl=59 time=353 ms
64 bytes from aaaa::212:740e:e:e0e: icmp_seq=7 ttl=59 time=732 ms
64 bytes from aaaa::212:740e:e:e0e: icmp_seq=8 ttl=59 time=630 ms
64 bytes from aaaa::212:740e:e:e0e: icmp_seq=9 ttl=59 time=420 ms
64 bytes from aaaa::212:740e:e:e0e: icmp_seq=10 ttl=59 time=363 ms
64 bytes from aaaa::212:740e:e:e0e: icmp_seq=11 ttl=59 time=450 ms
64 bytes from aaaa::212:740e:e:e0e: icmp_seq=12 ttl=59 time=450 ms
64 bytes from aaaa::212:740e:e:e0e: icmp_seq=13 ttl=59 time=483 ms
64 bytes from aaaa::212:740e:e:e0e: icmp_seq=14 ttl=59 time=439 ms
64 bytes from aaaa::212:740e:e:e0e: icmp_seq=15 ttl=59 time=366 ms
64 bytes from aaaa::212:740e:e:e0e: icmp_seq=16 ttl=59 time=320 ms
64 bytes from aaaa::212:740e:e:e0e: icmp_seq=17 ttl=59 time=351 ms
64 bytes from aaaa::212:740e:e:e0e: icmp_seq=18 ttl=59 time=322 ms
64 bytes from aaaa::212:740e:e:e0e: icmp_seq=19 ttl=59 time=471 ms
64 bytes from aaaa::212:740e:e:e0e: icmp_seq=20 ttl=59 time=459 ms
64 bytes from aaaa::212:740e:e:e0e: icmp_seq=21 ttl=59 time=423 ms
64 bytes from aaaa::212:740e:e:e0e: icmp_seq=22 ttl=59 time=449 ms
64 bytes from aaaa::212:740e:e:e0e: icmp_seq=23 ttl=59 time=295 ms
64 bytes from aaaa::212:740e:e:e0e: icmp_seq=24 ttl=59 time=333 ms
64 bytes from aaaa::212:740e:e:e0e: icmp_seq=25 ttl=59 time=326 ms
64 bytes from aaaa::212:740e:e:e0e: icmp_seq=26 ttl=59 time=292 ms
64 bytes from aaaa::212:740e:e:e0e: icmp_seq=27 ttl=59 time=357 ms
64 bytes from aaaa::212:740e:e:e0e: icmp_seq=28 ttl=59 time=278 ms
64 bytes from aaaa::212:740e:e:e0e: icmp_seq=29 ttl=59 time=308 ms
64 bytes from aaaa::212:740e:e:e0e: icmp_seq=30 ttl=59 time=302 ms
64 bytes from aaaa::212:740e:e:e0e: icmp_seq=31 ttl=59 time=340 ms
64 bytes from aaaa::212:740e:e:e0e: icmp_seq=32 ttl=59 time=321 ms
64 bytes from aaaa::212:740e:e:e0e: icmp_seq=33 ttl=59 time=377 ms
64 bytes from aaaa::212:740e:e:e0e: icmp_seq=34 ttl=59 time=343 ms
64 bytes from aaaa::212:740e:e:e0e: icmp_seq=35 ttl=59 time=295 ms
64 bytes from aaaa::212:740e:e:e0e: icmp_seq=36 ttl=59 time=312 ms
64 bytes from aaaa::212:740e:e:e0e: icmp_seq=37 ttl=59 time=279 ms
64 bytes from aaaa::212:740e:e:e0e: icmp_seq=38 ttl=59 time=392 ms
64 bytes from aaaa::212:740e:e:e0e: icmp_seq=39 ttl=59 time=277 ms
64 bytes from aaaa::212:740e:e:e0e: icmp_seq=40 ttl=59 time=388 ms
64 bytes from aaaa::212:740e:e:e0e: icmp_seq=41 ttl=59 time=518 ms
64 bytes from aaaa::212:740e:e:e0e: icmp_seq=42 ttl=59 time=264 ms
64 bytes from aaaa::212:740e:e:e0e: icmp_seq=43 ttl=59 time=267 ms
64 bytes from aaaa::212:740e:e:e0e: icmp_seq=44 ttl=59 time=277 ms
64 bytes from aaaa::212:740e:e:e0e: icmp_seq=45 ttl=59 time=259 ms
64 bytes from aaaa::212:740e:e:e0e: icmp_seq=46 ttl=59 time=325 ms
64 bytes from aaaa::212:740e:e:e0e: icmp_seq=47 ttl=59 time=306 ms
64 bytes from aaaa::212:740e:e:e0e: icmp_seq=48 ttl=59 time=278 ms
64 bytes from aaaa::212:740e:e:e0e: icmp_seq=49 ttl=59 time=335 ms
64 bytes from aaaa::212:740e:e:e0e: icmp_seq=50 ttl=59 time=269 ms
64 bytes from aaaa::212:740e:e:e0e: icmp_seq=51 ttl=59 time=263 ms
64 bytes from aaaa::212:740e:e:e0e: icmp_seq=52 ttl=59 time=303 ms
64 bytes from aaaa::212:740e:e:e0e: icmp_seq=53 ttl=59 time=263 ms
64 bytes from aaaa::212:740e:e:e0e: icmp_seq=54 ttl=59 time=266 ms
64 bytes from aaaa::212:740e:e:e0e: icmp_seq=55 ttl=59 time=312 ms
64 bytes from aaaa::212:740e:e:e0e: icmp_seq=56 ttl=59 time=484 ms
64 bytes from aaaa::212:740e:e:e0e: icmp_seq=57 ttl=59 time=676 ms
64 bytes from aaaa::212:740e:e:e0e: icmp_seq=58 ttl=59 time=302 ms
64 bytes from aaaa::212:740e:e:e0e: icmp_seq=59 ttl=59 time=495 ms
64 bytes from aaaa::212:740e:e:e0e: icmp_seq=60 ttl=59 time=381 ms
64 bytes from aaaa::212:740e:e:e0e: icmp_seq=61 ttl=59 time=320 ms
64 bytes from aaaa::212:740e:e:e0e: icmp_seq=62 ttl=59 time=422 ms
64 bytes from aaaa::212:740e:e:e0e: icmp_seq=63 ttl=59 time=280 ms
64 bytes from aaaa::212:740e:e:e0e: icmp_seq=64 ttl=59 time=327 ms
64 bytes from aaaa::212:740e:e:e0e: icmp_seq=65 ttl=59 time=358 ms
64 bytes from aaaa::212:740e:e:e0e: icmp_seq=66 ttl=59 time=360 ms
64 bytes from aaaa::212:740e:e:e0e: icmp_seq=67 ttl=59 time=249 ms
64 bytes from aaaa::212:740e:e:e0e: icmp_seq=68 ttl=59 time=379 ms
64 bytes from aaaa::212:740e:e:e0e: icmp_seq=69 ttl=59 time=386 ms
64 bytes from aaaa::212:740e:e:e0e: icmp_seq=71 ttl=59 time=300 ms
64 bytes from aaaa::212:740e:e:e0e: icmp_seq=72 ttl=59 time=370 ms
64 bytes from aaaa::212:740e:e:e0e: icmp_seq=73 ttl=59 time=332 ms
64 bytes from aaaa::212:740e:e:e0e: icmp_seq=74 ttl=59 time=305 ms
64 bytes from aaaa::212:740e:e:e0e: icmp_seq=75 ttl=59 time=337 ms
64 bytes from aaaa::212:740e:e:e0e: icmp_seq=76 ttl=59 time=339 ms
64 bytes from aaaa::212:740e:e:e0e: icmp_seq=77 ttl=59 time=387 ms
64 bytes from aaaa::212:740e:e:e0e: icmp_seq=78 ttl=59 time=290 ms
64 bytes from aaaa::212:740e:e:e0e: icmp_seq=79 ttl=59 time=468 ms
64 bytes from aaaa::212:740e:e:e0e: icmp_seq=80 ttl=59 time=293 ms
64 bytes from aaaa::212:740e:e:e0e: icmp_seq=81 ttl=59 time=356 ms
64 bytes from aaaa::212:740e:e:e0e: icmp_seq=82 ttl=59 time=416 ms
64 bytes from aaaa::212:740e:e:e0e: icmp_seq=83 ttl=59 time=390 ms
64 bytes from aaaa::212:740e:e:e0e: icmp_seq=84 ttl=59 time=348 ms
64 bytes from aaaa::212:740e:e:e0e: icmp_seq=85 ttl=59 time=585 ms
64 bytes from aaaa::212:740e:e:e0e: icmp_seq=87 ttl=59 time=404 ms
64 bytes from aaaa::212:740e:e:e0e: icmp_seq=88 ttl=59 time=424 ms
64 bytes from aaaa::212:740e:e:e0e: icmp_seq=89 ttl=59 time=368 ms
64 bytes from aaaa::212:740e:e:e0e: icmp_seq=90 ttl=59 time=447 ms
64 bytes from aaaa::212:740e:e:e0e: icmp_seq=91 ttl=59 time=510 ms
64 bytes from aaaa::212:740e:e:e0e: icmp_seq=92 ttl=59 time=465 ms
64 bytes from aaaa::212:740e:e:e0e: icmp_seq=93 ttl=59 time=383 ms
64 bytes from aaaa::212:740e:e:e0e: icmp_seq=94 ttl=59 time=495 ms
64 bytes from aaaa::212:740e:e:e0e: icmp_seq=95 ttl=59 time=487 ms
64 bytes from aaaa::212:740e:e:e0e: icmp_seq=96 ttl=59 time=563 ms
64 bytes from aaaa::212:740e:e:e0e: icmp_seq=97 ttl=59 time=576 ms
64 bytes from aaaa::212:740e:e:e0e: icmp_seq=98 ttl=59 time=592 ms
64 bytes from aaaa::212:740e:e:e0e: icmp_seq=99 ttl=59 time=382 ms
64 bytes from aaaa::212:740e:e:e0e: icmp_seq=100 ttl=59 time=271 ms
64 bytes from aaaa::212:740e:e:e0e: icmp_seq=101 ttl=59 time=277 ms
64 bytes from aaaa::212:740e:e:e0e: icmp_seq=102 ttl=59 time=299 ms
64 bytes from aaaa::212:740e:e:e0e: icmp_seq=103 ttl=59 time=364 ms
64 bytes from aaaa::212:740e:e:e0e: icmp_seq=104 ttl=59 time=389 ms
64 bytes from aaaa::212:740e:e:e0e: icmp_seq=105 ttl=59 time=272 ms
64 bytes from aaaa::212:740e:e:e0e: icmp_seq=106 ttl=59 time=274 ms
64 bytes from aaaa::212:740e:e:e0e: icmp_seq=107 ttl=59 time=297 ms
64 bytes from aaaa::212:740e:e:e0e: icmp_seq=108 ttl=59 time=322 ms
64 bytes from aaaa::212:740e:e:e0e: icmp_seq=109 ttl=59 time=266 ms
64 bytes from aaaa::212:740e:e:e0e: icmp_seq=110 ttl=59 time=298 ms
64 bytes from aaaa::212:740e:e:e0e: icmp_seq=111 ttl=59 time=358 ms
64 bytes from aaaa::212:740e:e:e0e: icmp_seq=112 ttl=59 time=390 ms
64 bytes from aaaa::212:740e:e:e0e: icmp_seq=113 ttl=59 time=466 ms
64 bytes from aaaa::212:740e:e:e0e: icmp_seq=114 ttl=59 time=304 ms
64 bytes from aaaa::212:740e:e:e0e: icmp_seq=115 ttl=59 time=306 ms
64 bytes from aaaa::212:740e:e:e0e: icmp_seq=116 ttl=59 time=310 ms
64 bytes from aaaa::212:740e:e:e0e: icmp_seq=117 ttl=59 time=317 ms
64 bytes from aaaa::212:740e:e:e0e: icmp_seq=118 ttl=59 time=307 ms
64 bytes from aaaa::212:740e:e:e0e: icmp_seq=119 ttl=59 time=323 ms
64 bytes from aaaa::212:740e:e:e0e: icmp_seq=120 ttl=59 time=237 ms
64 bytes from aaaa::212:740e:e:e0e: icmp_seq=121 ttl=59 time=242 ms
64 bytes from aaaa::212:740e:e:e0e: icmp_seq=122 ttl=59 time=293 ms
64 bytes from aaaa::212:740e:e:e0e: icmp_seq=123 ttl=59 time=307 ms
64 bytes from aaaa::212:740e:e:e0e: icmp_seq=124 ttl=59 time=293 ms
64 bytes from aaaa::212:740e:e:e0e: icmp_seq=125 ttl=59 time=295 ms
64 bytes from aaaa::212:740e:e:e0e: icmp_seq=126 ttl=59 time=312 ms
64 bytes from aaaa::212:740e:e:e0e: icmp_seq=127 ttl=59 time=293 ms
64 bytes from aaaa::212:740e:e:e0e: icmp_seq=128 ttl=59 time=260 ms
64 bytes from aaaa::212:740e:e:e0e: icmp_seq=129 ttl=59 time=302 ms
64 bytes from aaaa::212:740e:e:e0e: icmp_seq=130 ttl=59 time=274 ms
64 bytes from aaaa::212:740e:e:e0e: icmp_seq=131 ttl=59 time=337 ms
64 bytes from aaaa::212:740e:e:e0e: icmp_seq=132 ttl=59 time=279 ms
64 bytes from aaaa::212:740e:e:e0e: icmp_seq=133 ttl=59 time=331 ms
64 bytes from aaaa::212:740e:e:e0e: icmp_seq=134 ttl=59 time=238 ms
64 bytes from aaaa::212:740e:e:e0e: icmp_seq=135 ttl=59 time=284 ms
64 bytes from aaaa::212:740e:e:e0e: icmp_seq=136 ttl=59 time=289 ms
64 bytes from aaaa::212:740e:e:e0e: icmp_seq=137 ttl=59 time=334 ms
64 bytes from aaaa::212:740e:e:e0e: icmp_seq=138 ttl=59 time=280 ms
64 bytes from aaaa::212:740e:e:e0e: icmp_seq=139 ttl=59 time=284 ms
64 bytes from aaaa::212:740e:e:e0e: icmp_seq=140 ttl=59 time=256 ms
64 bytes from aaaa::212:740e:e:e0e: icmp_seq=141 ttl=59 time=275 ms
64 bytes from aaaa::212:740e:e:e0e: icmp_seq=142 ttl=59 time=279 ms
64 bytes from aaaa::212:740e:e:e0e: icmp_seq=143 ttl=59 time=298 ms
64 bytes from aaaa::212:740e:e:e0e: icmp_seq=144 ttl=59 time=317 ms
64 bytes from aaaa::212:740e:e:e0e: icmp_seq=145 ttl=59 time=337 ms
64 bytes from aaaa::212:740e:e:e0e: icmp_seq=146 ttl=59 time=283 ms
64 bytes from aaaa::212:740e:e:e0e: icmp_seq=147 ttl=59 time=371 ms
64 bytes from aaaa::212:740e:e:e0e: icmp_seq=148 ttl=59 time=335 ms
64 bytes from aaaa::212:740e:e:e0e: icmp_seq=149 ttl=59 time=371 ms
64 bytes from aaaa::212:740e:e:e0e: icmp_seq=150 ttl=59 time=379 ms
64 bytes from aaaa::212:740e:e:e0e: icmp_seq=151 ttl=59 time=475 ms
64 bytes from aaaa::212:740e:e:e0e: icmp_seq=152 ttl=59 time=285 ms
64 bytes from aaaa::212:740e:e:e0e: icmp_seq=153 ttl=59 time=265 ms
64 bytes from aaaa::212:740e:e:e0e: icmp_seq=154 ttl=59 time=378 ms
64 bytes from aaaa::212:740e:e:e0e: icmp_seq=155 ttl=59 time=387 ms
64 bytes from aaaa::212:740e:e:e0e: icmp_seq=156 ttl=59 time=466 ms
64 bytes from aaaa::212:740e:e:e0e: icmp_seq=157 ttl=59 time=360 ms
64 bytes from aaaa::212:740e:e:e0e: icmp_seq=158 ttl=59 time=481 ms
64 bytes from aaaa::212:740e:e:e0e: icmp_seq=159 ttl=59 time=601 ms
64 bytes from aaaa::212:740e:e:e0e: icmp_seq=160 ttl=59 time=268 ms
64 bytes from aaaa::212:740e:e:e0e: icmp_seq=161 ttl=59 time=324 ms
64 bytes from aaaa::212:740e:e:e0e: icmp_seq=162 ttl=59 time=369 ms
64 bytes from aaaa::212:740e:e:e0e: icmp_seq=163 ttl=59 time=358 ms
64 bytes from aaaa::212:740e:e:e0e: icmp_seq=164 ttl=59 time=287 ms
64 bytes from aaaa::212:740e:e:e0e: icmp_seq=165 ttl=59 time=304 ms
64 bytes from aaaa::212:740e:e:e0e: icmp_seq=166 ttl=59 time=375 ms
64 bytes from aaaa::212:740e:e:e0e: icmp_seq=167 ttl=59 time=283 ms
64 bytes from aaaa::212:740e:e:e0e: icmp_seq=168 ttl=59 time=247 ms
64 bytes from aaaa::212:740e:e:e0e: icmp_seq=169 ttl=59 time=349 ms
64 bytes from aaaa::212:740e:e:e0e: icmp_seq=170 ttl=59 time=251 ms
64 bytes from aaaa::212:740e:e:e0e: icmp_seq=171 ttl=59 time=283 ms
64 bytes from aaaa::212:740e:e:e0e: icmp_seq=172 ttl=59 time=305 ms
64 bytes from aaaa::212:740e:e:e0e: icmp_seq=173 ttl=59 time=294 ms
64 bytes from aaaa::212:740e:e:e0e: icmp_seq=174 ttl=59 time=318 ms
64 bytes from aaaa::212:740e:e:e0e: icmp_seq=175 ttl=59 time=293 ms
64 bytes from aaaa::212:740e:e:e0e: icmp_seq=176 ttl=59 time=308 ms
64 bytes from aaaa::212:740e:e:e0e: icmp_seq=177 ttl=59 time=275 ms
64 bytes from aaaa::212:740e:e:e0e: icmp_seq=178 ttl=59 time=301 ms
64 bytes from aaaa::212:740e:e:e0e: icmp_seq=179 ttl=59 time=353 ms
64 bytes from aaaa::212:740e:e:e0e: icmp_seq=180 ttl=59 time=318 ms
64 bytes from aaaa::212:740e:e:e0e: icmp_seq=181 ttl=59 time=380 ms
64 bytes from aaaa::212:740e:e:e0e: icmp_seq=182 ttl=59 time=331 ms
64 bytes from aaaa::212:740e:e:e0e: icmp_seq=183 ttl=59 time=363 ms
64 bytes from aaaa::212:740e:e:e0e: icmp_seq=184 ttl=59 time=289 ms
64 bytes from aaaa::212:740e:e:e0e: icmp_seq=185 ttl=59 time=278 ms
64 bytes from aaaa::212:740e:e:e0e: icmp_seq=186 ttl=59 time=323 ms
64 bytes from aaaa::212:740e:e:e0e: icmp_seq=187 ttl=59 time=631 ms
64 bytes from aaaa::212:740e:e:e0e: icmp_seq=188 ttl=59 time=457 ms
64 bytes from aaaa::212:740e:e:e0e: icmp_seq=189 ttl=59 time=446 ms
64 bytes from aaaa::212:740e:e:e0e: icmp_seq=190 ttl=59 time=512 ms
64 bytes from aaaa::212:740e:e:e0e: icmp_seq=191 ttl=59 time=417 ms
64 bytes from aaaa::212:740e:e:e0e: icmp_seq=192 ttl=59 time=398 ms
64 bytes from aaaa::212:740e:e:e0e: icmp_seq=193 ttl=59 time=426 ms
64 bytes from aaaa::212:740e:e:e0e: icmp_seq=194 ttl=59 time=342 ms
64 bytes from aaaa::212:740e:e:e0e: icmp_seq=195 ttl=59 time=313 ms
64 bytes from aaaa::212:740e:e:e0e: icmp_seq=196 ttl=59 time=393 ms
64 bytes from aaaa::212:740e:e:e0e: icmp_seq=197 ttl=59 time=425 ms
64 bytes from aaaa::212:740e:e:e0e: icmp_seq=198 ttl=59 time=326 ms
64 bytes from aaaa::212:740e:e:e0e: icmp_seq=199 ttl=59 time=477 ms
64 bytes from aaaa::212:740e:e:e0e: icmp_seq=200 ttl=59 time=389 ms

--- aaaa::212:740e:e:e0e ping statistics ---
200 packets transmitted, 197 received, 1% packet loss, time 996136ms
rtt min/avg/max/mdev = 237.436/358.599/760.380/92.611 ms
