PING aaaa::212:7410:10:1010(aaaa::212:7410:10:1010) 56 data bytes
64 bytes from aaaa::212:7410:10:1010: icmp_seq=2 ttl=60 time=2051 ms
64 bytes from aaaa::212:7410:10:1010: icmp_seq=3 ttl=60 time=324 ms
64 bytes from aaaa::212:7410:10:1010: icmp_seq=4 ttl=60 time=335 ms
64 bytes from aaaa::212:7410:10:1010: icmp_seq=5 ttl=60 time=1032 ms
64 bytes from aaaa::212:7410:10:1010: icmp_seq=6 ttl=60 time=334 ms
64 bytes from aaaa::212:7410:10:1010: icmp_seq=7 ttl=60 time=430 ms
64 bytes from aaaa::212:7410:10:1010: icmp_seq=8 ttl=60 time=356 ms
64 bytes from aaaa::212:7410:10:1010: icmp_seq=9 ttl=60 time=322 ms
64 bytes from aaaa::212:7410:10:1010: icmp_seq=10 ttl=60 time=444 ms
64 bytes from aaaa::212:7410:10:1010: icmp_seq=11 ttl=60 time=332 ms
64 bytes from aaaa::212:7410:10:1010: icmp_seq=12 ttl=60 time=401 ms
64 bytes from aaaa::212:7410:10:1010: icmp_seq=13 ttl=60 time=502 ms
64 bytes from aaaa::212:7410:10:1010: icmp_seq=15 ttl=60 time=464 ms
64 bytes from aaaa::212:7410:10:1010: icmp_seq=16 ttl=60 time=402 ms
64 bytes from aaaa::212:7410:10:1010: icmp_seq=17 ttl=60 time=712 ms
64 bytes from aaaa::212:7410:10:1010: icmp_seq=18 ttl=60 time=345 ms
64 bytes from aaaa::212:7410:10:1010: icmp_seq=19 ttl=60 time=476 ms
64 bytes from aaaa::212:7410:10:1010: icmp_seq=20 ttl=60 time=464 ms
64 bytes from aaaa::212:7410:10:1010: icmp_seq=22 ttl=60 time=391 ms
64 bytes from aaaa::212:7410:10:1010: icmp_seq=23 ttl=60 time=258 ms
64 bytes from aaaa::212:7410:10:1010: icmp_seq=24 ttl=60 time=349 ms
64 bytes from aaaa::212:7410:10:1010: icmp_seq=26 ttl=60 time=393 ms
64 bytes from aaaa::212:7410:10:1010: icmp_seq=27 ttl=60 time=335 ms
64 bytes from aaaa::212:7410:10:1010: icmp_seq=29 ttl=60 time=251 ms
64 bytes from aaaa::212:7410:10:1010: icmp_seq=30 ttl=60 time=431 ms
64 bytes from aaaa::212:7410:10:1010: icmp_seq=31 ttl=60 time=299 ms
64 bytes from aaaa::212:7410:10:1010: icmp_seq=33 ttl=60 time=566 ms
64 bytes from aaaa::212:7410:10:1010: icmp_seq=34 ttl=60 time=805 ms
64 bytes from aaaa::212:7410:10:1010: icmp_seq=35 ttl=60 time=383 ms
64 bytes from aaaa::212:7410:10:1010: icmp_seq=36 ttl=60 time=455 ms
64 bytes from aaaa::212:7410:10:1010: icmp_seq=37 ttl=60 time=744 ms
64 bytes from aaaa::212:7410:10:1010: icmp_seq=38 ttl=60 time=568 ms
64 bytes from aaaa::212:7410:10:1010: icmp_seq=40 ttl=60 time=548 ms
64 bytes from aaaa::212:7410:10:1010: icmp_seq=41 ttl=60 time=687 ms
64 bytes from aaaa::212:7410:10:1010: icmp_seq=42 ttl=60 time=1556 ms
64 bytes from aaaa::212:7410:10:1010: icmp_seq=44 ttl=60 time=662 ms
64 bytes from aaaa::212:7410:10:1010: icmp_seq=45 ttl=60 time=768 ms
64 bytes from aaaa::212:7410:10:1010: icmp_seq=53 ttl=60 time=286 ms
64 bytes from aaaa::212:7410:10:1010: icmp_seq=54 ttl=60 time=487 ms
64 bytes from aaaa::212:7410:10:1010: icmp_seq=55 ttl=60 time=333 ms
64 bytes from aaaa::212:7410:10:1010: icmp_seq=56 ttl=60 time=230 ms
64 bytes from aaaa::212:7410:10:1010: icmp_seq=57 ttl=60 time=440 ms
64 bytes from aaaa::212:7410:10:1010: icmp_seq=58 ttl=60 time=231 ms
64 bytes from aaaa::212:7410:10:1010: icmp_seq=59 ttl=60 time=433 ms
64 bytes from aaaa::212:7410:10:1010: icmp_seq=60 ttl=60 time=236 ms
64 bytes from aaaa::212:7410:10:1010: icmp_seq=61 ttl=60 time=238 ms
64 bytes from aaaa::212:7410:10:1010: icmp_seq=62 ttl=60 time=314 ms
64 bytes from aaaa::212:7410:10:1010: icmp_seq=65 ttl=60 time=512 ms
64 bytes from aaaa::212:7410:10:1010: icmp_seq=66 ttl=60 time=290 ms
64 bytes from aaaa::212:7410:10:1010: icmp_seq=67 ttl=60 time=454 ms
64 bytes from aaaa::212:7410:10:1010: icmp_seq=68 ttl=60 time=362 ms
64 bytes from aaaa::212:7410:10:1010: icmp_seq=69 ttl=60 time=329 ms
64 bytes from aaaa::212:7410:10:1010: icmp_seq=70 ttl=60 time=301 ms
64 bytes from aaaa::212:7410:10:1010: icmp_seq=71 ttl=60 time=310 ms
64 bytes from aaaa::212:7410:10:1010: icmp_seq=73 ttl=60 time=656 ms
64 bytes from aaaa::212:7410:10:1010: icmp_seq=74 ttl=60 time=385 ms
64 bytes from aaaa::212:7410:10:1010: icmp_seq=75 ttl=60 time=292 ms
64 bytes from aaaa::212:7410:10:1010: icmp_seq=77 ttl=60 time=706 ms
64 bytes from aaaa::212:7410:10:1010: icmp_seq=78 ttl=60 time=1051 ms
64 bytes from aaaa::212:7410:10:1010: icmp_seq=79 ttl=60 time=344 ms
64 bytes from aaaa::212:7410:10:1010: icmp_seq=80 ttl=60 time=275 ms
64 bytes from aaaa::212:7410:10:1010: icmp_seq=82 ttl=60 time=475 ms
64 bytes from aaaa::212:7410:10:1010: icmp_seq=84 ttl=60 time=327 ms
64 bytes from aaaa::212:7410:10:1010: icmp_seq=86 ttl=60 time=242 ms
64 bytes from aaaa::212:7410:10:1010: icmp_seq=87 ttl=60 time=212 ms
64 bytes from aaaa::212:7410:10:1010: icmp_seq=88 ttl=60 time=695 ms
64 bytes from aaaa::212:7410:10:1010: icmp_seq=89 ttl=60 time=267 ms
64 bytes from aaaa::212:7410:10:1010: icmp_seq=90 ttl=60 time=317 ms
64 bytes from aaaa::212:7410:10:1010: icmp_seq=92 ttl=60 time=357 ms
64 bytes from aaaa::212:7410:10:1010: icmp_seq=93 ttl=60 time=473 ms
64 bytes from aaaa::212:7410:10:1010: icmp_seq=95 ttl=60 time=458 ms
64 bytes from aaaa::212:7410:10:1010: icmp_seq=96 ttl=60 time=501 ms
64 bytes from aaaa::212:7410:10:1010: icmp_seq=97 ttl=60 time=364 ms
64 bytes from aaaa::212:7410:10:1010: icmp_seq=105 ttl=60 time=671 ms
64 bytes from aaaa::212:7410:10:1010: icmp_seq=109 ttl=60 time=958 ms
64 bytes from aaaa::212:7410:10:1010: icmp_seq=113 ttl=60 time=536 ms
64 bytes from aaaa::212:7410:10:1010: icmp_seq=114 ttl=60 time=623 ms
64 bytes from aaaa::212:7410:10:1010: icmp_seq=115 ttl=60 time=584 ms
64 bytes from aaaa::212:7410:10:1010: icmp_seq=116 ttl=60 time=667 ms
64 bytes from aaaa::212:7410:10:1010: icmp_seq=117 ttl=60 time=613 ms
64 bytes from aaaa::212:7410:10:1010: icmp_seq=118 ttl=60 time=506 ms
64 bytes from aaaa::212:7410:10:1010: icmp_seq=119 ttl=60 time=729 ms
64 bytes from aaaa::212:7410:10:1010: icmp_seq=120 ttl=60 time=767 ms
64 bytes from aaaa::212:7410:10:1010: icmp_seq=122 ttl=60 time=493 ms
64 bytes from aaaa::212:7410:10:1010: icmp_seq=123 ttl=60 time=1153 ms
64 bytes from aaaa::212:7410:10:1010: icmp_seq=124 ttl=60 time=649 ms
64 bytes from aaaa::212:7410:10:1010: icmp_seq=125 ttl=60 time=636 ms
64 bytes from aaaa::212:7410:10:1010: icmp_seq=126 ttl=60 time=677 ms
64 bytes from aaaa::212:7410:10:1010: icmp_seq=135 ttl=60 time=588 ms
64 bytes from aaaa::212:7410:10:1010: icmp_seq=136 ttl=60 time=589 ms
64 bytes from aaaa::212:7410:10:1010: icmp_seq=137 ttl=60 time=491 ms
64 bytes from aaaa::212:7410:10:1010: icmp_seq=138 ttl=60 time=455 ms
64 bytes from aaaa::212:7410:10:1010: icmp_seq=139 ttl=60 time=340 ms
64 bytes from aaaa::212:7410:10:1010: icmp_seq=140 ttl=60 time=322 ms
64 bytes from aaaa::212:7410:10:1010: icmp_seq=141 ttl=60 time=378 ms
64 bytes from aaaa::212:7410:10:1010: icmp_seq=142 ttl=60 time=317 ms
64 bytes from aaaa::212:7410:10:1010: icmp_seq=143 ttl=60 time=417 ms
64 bytes from aaaa::212:7410:10:1010: icmp_seq=144 ttl=60 time=352 ms
64 bytes from aaaa::212:7410:10:1010: icmp_seq=145 ttl=60 time=349 ms
64 bytes from aaaa::212:7410:10:1010: icmp_seq=146 ttl=60 time=663 ms
64 bytes from aaaa::212:7410:10:1010: icmp_seq=147 ttl=60 time=343 ms
64 bytes from aaaa::212:7410:10:1010: icmp_seq=148 ttl=60 time=303 ms
64 bytes from aaaa::212:7410:10:1010: icmp_seq=149 ttl=60 time=555 ms
64 bytes from aaaa::212:7410:10:1010: icmp_seq=150 ttl=60 time=293 ms
64 bytes from aaaa::212:7410:10:1010: icmp_seq=151 ttl=60 time=437 ms
64 bytes from aaaa::212:7410:10:1010: icmp_seq=152 ttl=60 time=333 ms
64 bytes from aaaa::212:7410:10:1010: icmp_seq=153 ttl=60 time=323 ms
64 bytes from aaaa::212:7410:10:1010: icmp_seq=154 ttl=60 time=317 ms
64 bytes from aaaa::212:7410:10:1010: icmp_seq=155 ttl=60 time=289 ms
64 bytes from aaaa::212:7410:10:1010: icmp_seq=157 ttl=60 time=318 ms
64 bytes from aaaa::212:7410:10:1010: icmp_seq=158 ttl=60 time=298 ms
64 bytes from aaaa::212:7410:10:1010: icmp_seq=159 ttl=60 time=327 ms
64 bytes from aaaa::212:7410:10:1010: icmp_seq=160 ttl=60 time=344 ms
64 bytes from aaaa::212:7410:10:1010: icmp_seq=161 ttl=60 time=282 ms
64 bytes from aaaa::212:7410:10:1010: icmp_seq=162 ttl=60 time=291 ms
64 bytes from aaaa::212:7410:10:1010: icmp_seq=163 ttl=60 time=261 ms
64 bytes from aaaa::212:7410:10:1010: icmp_seq=164 ttl=60 time=378 ms
64 bytes from aaaa::212:7410:10:1010: icmp_seq=165 ttl=60 time=309 ms
64 bytes from aaaa::212:7410:10:1010: icmp_seq=167 ttl=60 time=235 ms
64 bytes from aaaa::212:7410:10:1010: icmp_seq=168 ttl=60 time=331 ms
64 bytes from aaaa::212:7410:10:1010: icmp_seq=169 ttl=60 time=261 ms
64 bytes from aaaa::212:7410:10:1010: icmp_seq=170 ttl=60 time=312 ms
64 bytes from aaaa::212:7410:10:1010: icmp_seq=171 ttl=60 time=380 ms
64 bytes from aaaa::212:7410:10:1010: icmp_seq=172 ttl=60 time=682 ms
64 bytes from aaaa::212:7410:10:1010: icmp_seq=173 ttl=60 time=533 ms
64 bytes from aaaa::212:7410:10:1010: icmp_seq=174 ttl=60 time=480 ms
64 bytes from aaaa::212:7410:10:1010: icmp_seq=175 ttl=60 time=663 ms
64 bytes from aaaa::212:7410:10:1010: icmp_seq=176 ttl=60 time=330 ms
64 bytes from aaaa::212:7410:10:1010: icmp_seq=177 ttl=60 time=264 ms
64 bytes from aaaa::212:7410:10:1010: icmp_seq=179 ttl=60 time=303 ms
64 bytes from aaaa::212:7410:10:1010: icmp_seq=180 ttl=60 time=269 ms
64 bytes from aaaa::212:7410:10:1010: icmp_seq=181 ttl=60 time=541 ms
64 bytes from aaaa::212:7410:10:1010: icmp_seq=182 ttl=60 time=391 ms
64 bytes from aaaa::212:7410:10:1010: icmp_seq=184 ttl=60 time=369 ms
64 bytes from aaaa::212:7410:10:1010: icmp_seq=185 ttl=60 time=598 ms
64 bytes from aaaa::212:7410:10:1010: icmp_seq=186 ttl=60 time=1014 ms
64 bytes from aaaa::212:7410:10:1010: icmp_seq=187 ttl=60 time=396 ms
64 bytes from aaaa::212:7410:10:1010: icmp_seq=188 ttl=60 time=273 ms
64 bytes from aaaa::212:7410:10:1010: icmp_seq=189 ttl=60 time=293 ms
64 bytes from aaaa::212:7410:10:1010: icmp_seq=190 ttl=60 time=276 ms
64 bytes from aaaa::212:7410:10:1010: icmp_seq=191 ttl=60 time=268 ms
64 bytes from aaaa::212:7410:10:1010: icmp_seq=192 ttl=60 time=301 ms
64 bytes from aaaa::212:7410:10:1010: icmp_seq=193 ttl=60 time=452 ms
64 bytes from aaaa::212:7410:10:1010: icmp_seq=194 ttl=60 time=277 ms
64 bytes from aaaa::212:7410:10:1010: icmp_seq=195 ttl=60 time=481 ms
64 bytes from aaaa::212:7410:10:1010: icmp_seq=196 ttl=60 time=418 ms
64 bytes from aaaa::212:7410:10:1010: icmp_seq=197 ttl=60 time=325 ms
64 bytes from aaaa::212:7410:10:1010: icmp_seq=198 ttl=60 time=251 ms
64 bytes from aaaa::212:7410:10:1010: icmp_seq=199 ttl=60 time=299 ms
64 bytes from aaaa::212:7410:10:1010: icmp_seq=200 ttl=60 time=292 ms

--- aaaa::212:7410:10:1010 ping statistics ---
200 packets transmitted, 150 received, 25% packet loss, time 1002548ms
rtt min/avg/max/mdev = 212.514/456.798/2051.975/240.744 ms
