PING aaaa::212:7405:5:505(aaaa::212:7405:5:505) 56 data bytes
64 bytes from aaaa::212:7405:5:505: icmp_seq=1 ttl=62 time=140 ms
64 bytes from aaaa::212:7405:5:505: icmp_seq=2 ttl=62 time=215 ms
64 bytes from aaaa::212:7405:5:505: icmp_seq=3 ttl=62 time=303 ms
64 bytes from aaaa::212:7405:5:505: icmp_seq=5 ttl=62 time=186 ms
64 bytes from aaaa::212:7405:5:505: icmp_seq=6 ttl=62 time=146 ms
64 bytes from aaaa::212:7405:5:505: icmp_seq=7 ttl=62 time=618 ms
64 bytes from aaaa::212:7405:5:505: icmp_seq=8 ttl=62 time=138 ms
64 bytes from aaaa::212:7405:5:505: icmp_seq=9 ttl=62 time=117 ms
64 bytes from aaaa::212:7405:5:505: icmp_seq=10 ttl=62 time=235 ms
64 bytes from aaaa::212:7405:5:505: icmp_seq=11 ttl=62 time=219 ms
64 bytes from aaaa::212:7405:5:505: icmp_seq=12 ttl=62 time=119 ms
64 bytes from aaaa::212:7405:5:505: icmp_seq=13 ttl=62 time=170 ms
64 bytes from aaaa::212:7405:5:505: icmp_seq=14 ttl=62 time=225 ms
64 bytes from aaaa::212:7405:5:505: icmp_seq=15 ttl=62 time=149 ms
64 bytes from aaaa::212:7405:5:505: icmp_seq=16 ttl=62 time=101 ms
64 bytes from aaaa::212:7405:5:505: icmp_seq=17 ttl=62 time=162 ms
64 bytes from aaaa::212:7405:5:505: icmp_seq=19 ttl=62 time=220 ms
64 bytes from aaaa::212:7405:5:505: icmp_seq=20 ttl=62 time=395 ms
64 bytes from aaaa::212:7405:5:505: icmp_seq=21 ttl=62 time=676 ms
64 bytes from aaaa::212:7405:5:505: icmp_seq=22 ttl=62 time=534 ms
64 bytes from aaaa::212:7405:5:505: icmp_seq=23 ttl=62 time=152 ms
64 bytes from aaaa::212:7405:5:505: icmp_seq=24 ttl=62 time=181 ms
64 bytes from aaaa::212:7405:5:505: icmp_seq=25 ttl=62 time=173 ms
64 bytes from aaaa::212:7405:5:505: icmp_seq=26 ttl=62 time=162 ms
64 bytes from aaaa::212:7405:5:505: icmp_seq=27 ttl=62 time=109 ms
64 bytes from aaaa::212:7405:5:505: icmp_seq=28 ttl=62 time=138 ms
64 bytes from aaaa::212:7405:5:505: icmp_seq=29 ttl=62 time=124 ms
64 bytes from aaaa::212:7405:5:505: icmp_seq=30 ttl=62 time=166 ms
64 bytes from aaaa::212:7405:5:505: icmp_seq=31 ttl=62 time=208 ms
64 bytes from aaaa::212:7405:5:505: icmp_seq=32 ttl=62 time=376 ms
64 bytes from aaaa::212:7405:5:505: icmp_seq=33 ttl=62 time=143 ms
64 bytes from aaaa::212:7405:5:505: icmp_seq=34 ttl=62 time=104 ms
64 bytes from aaaa::212:7405:5:505: icmp_seq=35 ttl=62 time=188 ms
64 bytes from aaaa::212:7405:5:505: icmp_seq=36 ttl=62 time=142 ms
64 bytes from aaaa::212:7405:5:505: icmp_seq=37 ttl=62 time=165 ms
64 bytes from aaaa::212:7405:5:505: icmp_seq=38 ttl=62 time=138 ms
64 bytes from aaaa::212:7405:5:505: icmp_seq=39 ttl=62 time=147 ms
64 bytes from aaaa::212:7405:5:505: icmp_seq=40 ttl=62 time=157 ms
64 bytes from aaaa::212:7405:5:505: icmp_seq=41 ttl=62 time=116 ms
64 bytes from aaaa::212:7405:5:505: icmp_seq=42 ttl=62 time=153 ms
64 bytes from aaaa::212:7405:5:505: icmp_seq=43 ttl=62 time=482 ms
64 bytes from aaaa::212:7405:5:505: icmp_seq=44 ttl=62 time=114 ms
64 bytes from aaaa::212:7405:5:505: icmp_seq=45 ttl=62 time=177 ms
64 bytes from aaaa::212:7405:5:505: icmp_seq=46 ttl=62 time=128 ms
64 bytes from aaaa::212:7405:5:505: icmp_seq=47 ttl=62 time=153 ms
64 bytes from aaaa::212:7405:5:505: icmp_seq=48 ttl=62 time=121 ms
64 bytes from aaaa::212:7405:5:505: icmp_seq=49 ttl=62 time=155 ms
64 bytes from aaaa::212:7405:5:505: icmp_seq=50 ttl=62 time=123 ms
64 bytes from aaaa::212:7405:5:505: icmp_seq=51 ttl=62 time=146 ms
64 bytes from aaaa::212:7405:5:505: icmp_seq=52 ttl=62 time=170 ms
64 bytes from aaaa::212:7405:5:505: icmp_seq=53 ttl=62 time=110 ms
64 bytes from aaaa::212:7405:5:505: icmp_seq=54 ttl=62 time=202 ms
64 bytes from aaaa::212:7405:5:505: icmp_seq=55 ttl=62 time=129 ms
64 bytes from aaaa::212:7405:5:505: icmp_seq=56 ttl=62 time=122 ms
64 bytes from aaaa::212:7405:5:505: icmp_seq=57 ttl=62 time=170 ms
64 bytes from aaaa::212:7405:5:505: icmp_seq=58 ttl=62 time=124 ms
64 bytes from aaaa::212:7405:5:505: icmp_seq=59 ttl=62 time=118 ms
64 bytes from aaaa::212:7405:5:505: icmp_seq=60 ttl=62 time=113 ms
64 bytes from aaaa::212:7405:5:505: icmp_seq=61 ttl=62 time=201 ms
64 bytes from aaaa::212:7405:5:505: icmp_seq=62 ttl=62 time=169 ms
64 bytes from aaaa::212:7405:5:505: icmp_seq=63 ttl=62 time=119 ms
64 bytes from aaaa::212:7405:5:505: icmp_seq=64 ttl=62 time=156 ms
64 bytes from aaaa::212:7405:5:505: icmp_seq=65 ttl=62 time=152 ms
64 bytes from aaaa::212:7405:5:505: icmp_seq=66 ttl=62 time=121 ms
64 bytes from aaaa::212:7405:5:505: icmp_seq=67 ttl=62 time=143 ms
64 bytes from aaaa::212:7405:5:505: icmp_seq=68 ttl=62 time=159 ms
64 bytes from aaaa::212:7405:5:505: icmp_seq=69 ttl=62 time=166 ms
64 bytes from aaaa::212:7405:5:505: icmp_seq=70 ttl=62 time=135 ms
64 bytes from aaaa::212:7405:5:505: icmp_seq=71 ttl=62 time=104 ms
64 bytes from aaaa::212:7405:5:505: icmp_seq=72 ttl=62 time=141 ms
64 bytes from aaaa::212:7405:5:505: icmp_seq=73 ttl=62 time=207 ms
64 bytes from aaaa::212:7405:5:505: icmp_seq=74 ttl=62 time=160 ms
64 bytes from aaaa::212:7405:5:505: icmp_seq=75 ttl=62 time=111 ms
64 bytes from aaaa::212:7405:5:505: icmp_seq=76 ttl=62 time=388 ms
64 bytes from aaaa::212:7405:5:505: icmp_seq=77 ttl=62 time=336 ms
64 bytes from aaaa::212:7405:5:505: icmp_seq=78 ttl=62 time=161 ms
64 bytes from aaaa::212:7405:5:505: icmp_seq=79 ttl=62 time=125 ms
64 bytes from aaaa::212:7405:5:505: icmp_seq=80 ttl=62 time=125 ms
64 bytes from aaaa::212:7405:5:505: icmp_seq=81 ttl=62 time=133 ms
64 bytes from aaaa::212:7405:5:505: icmp_seq=82 ttl=62 time=155 ms
64 bytes from aaaa::212:7405:5:505: icmp_seq=83 ttl=62 time=166 ms
64 bytes from aaaa::212:7405:5:505: icmp_seq=84 ttl=62 time=177 ms
64 bytes from aaaa::212:7405:5:505: icmp_seq=85 ttl=62 time=171 ms
64 bytes from aaaa::212:7405:5:505: icmp_seq=86 ttl=62 time=159 ms
64 bytes from aaaa::212:7405:5:505: icmp_seq=87 ttl=62 time=159 ms
64 bytes from aaaa::212:7405:5:505: icmp_seq=89 ttl=62 time=138 ms
64 bytes from aaaa::212:7405:5:505: icmp_seq=90 ttl=62 time=160 ms
64 bytes from aaaa::212:7405:5:505: icmp_seq=91 ttl=62 time=124 ms
64 bytes from aaaa::212:7405:5:505: icmp_seq=92 ttl=62 time=168 ms
64 bytes from aaaa::212:7405:5:505: icmp_seq=93 ttl=62 time=131 ms
64 bytes from aaaa::212:7405:5:505: icmp_seq=94 ttl=62 time=144 ms
64 bytes from aaaa::212:7405:5:505: icmp_seq=95 ttl=62 time=114 ms
64 bytes from aaaa::212:7405:5:505: icmp_seq=96 ttl=62 time=108 ms
64 bytes from aaaa::212:7405:5:505: icmp_seq=97 ttl=62 time=523 ms
64 bytes from aaaa::212:7405:5:505: icmp_seq=98 ttl=62 time=237 ms
64 bytes from aaaa::212:7405:5:505: icmp_seq=99 ttl=62 time=407 ms
64 bytes from aaaa::212:7405:5:505: icmp_seq=100 ttl=62 time=440 ms
64 bytes from aaaa::212:7405:5:505: icmp_seq=101 ttl=62 time=169 ms
64 bytes from aaaa::212:7405:5:505: icmp_seq=102 ttl=62 time=143 ms
64 bytes from aaaa::212:7405:5:505: icmp_seq=103 ttl=62 time=133 ms
64 bytes from aaaa::212:7405:5:505: icmp_seq=104 ttl=62 time=159 ms
64 bytes from aaaa::212:7405:5:505: icmp_seq=105 ttl=62 time=205 ms
64 bytes from aaaa::212:7405:5:505: icmp_seq=106 ttl=62 time=806 ms
64 bytes from aaaa::212:7405:5:505: icmp_seq=107 ttl=62 time=338 ms
64 bytes from aaaa::212:7405:5:505: icmp_seq=108 ttl=62 time=450 ms
64 bytes from aaaa::212:7405:5:505: icmp_seq=110 ttl=62 time=203 ms
64 bytes from aaaa::212:7405:5:505: icmp_seq=116 ttl=62 time=784 ms
64 bytes from aaaa::212:7405:5:505: icmp_seq=118 ttl=62 time=196 ms
64 bytes from aaaa::212:7405:5:505: icmp_seq=119 ttl=62 time=185 ms
64 bytes from aaaa::212:7405:5:505: icmp_seq=120 ttl=62 time=310 ms
64 bytes from aaaa::212:7405:5:505: icmp_seq=121 ttl=62 time=386 ms
64 bytes from aaaa::212:7405:5:505: icmp_seq=122 ttl=62 time=372 ms
64 bytes from aaaa::212:7405:5:505: icmp_seq=123 ttl=62 time=485 ms
64 bytes from aaaa::212:7405:5:505: icmp_seq=124 ttl=62 time=477 ms
64 bytes from aaaa::212:7405:5:505: icmp_seq=125 ttl=62 time=471 ms
64 bytes from aaaa::212:7405:5:505: icmp_seq=126 ttl=62 time=665 ms
64 bytes from aaaa::212:7405:5:505: icmp_seq=127 ttl=62 time=264 ms
64 bytes from aaaa::212:7405:5:505: icmp_seq=128 ttl=62 time=170 ms
64 bytes from aaaa::212:7405:5:505: icmp_seq=129 ttl=62 time=331 ms
64 bytes from aaaa::212:7405:5:505: icmp_seq=130 ttl=62 time=293 ms
64 bytes from aaaa::212:7405:5:505: icmp_seq=133 ttl=62 time=253 ms
64 bytes from aaaa::212:7405:5:505: icmp_seq=134 ttl=62 time=120 ms
64 bytes from aaaa::212:7405:5:505: icmp_seq=135 ttl=62 time=241 ms
64 bytes from aaaa::212:7405:5:505: icmp_seq=136 ttl=62 time=120 ms
64 bytes from aaaa::212:7405:5:505: icmp_seq=137 ttl=62 time=119 ms
64 bytes from aaaa::212:7405:5:505: icmp_seq=138 ttl=62 time=122 ms
64 bytes from aaaa::212:7405:5:505: icmp_seq=139 ttl=62 time=146 ms
64 bytes from aaaa::212:7405:5:505: icmp_seq=140 ttl=62 time=174 ms
64 bytes from aaaa::212:7405:5:505: icmp_seq=141 ttl=62 time=154 ms
64 bytes from aaaa::212:7405:5:505: icmp_seq=142 ttl=62 time=116 ms
64 bytes from aaaa::212:7405:5:505: icmp_seq=143 ttl=62 time=121 ms
64 bytes from aaaa::212:7405:5:505: icmp_seq=144 ttl=62 time=122 ms
64 bytes from aaaa::212:7405:5:505: icmp_seq=145 ttl=62 time=133 ms
64 bytes from aaaa::212:7405:5:505: icmp_seq=146 ttl=62 time=97.0 ms
64 bytes from aaaa::212:7405:5:505: icmp_seq=147 ttl=62 time=198 ms
64 bytes from aaaa::212:7405:5:505: icmp_seq=148 ttl=62 time=111 ms
64 bytes from aaaa::212:7405:5:505: icmp_seq=149 ttl=62 time=142 ms
64 bytes from aaaa::212:7405:5:505: icmp_seq=150 ttl=62 time=164 ms
64 bytes from aaaa::212:7405:5:505: icmp_seq=151 ttl=62 time=162 ms
64 bytes from aaaa::212:7405:5:505: icmp_seq=152 ttl=62 time=184 ms
64 bytes from aaaa::212:7405:5:505: icmp_seq=153 ttl=62 time=210 ms
64 bytes from aaaa::212:7405:5:505: icmp_seq=154 ttl=62 time=135 ms
64 bytes from aaaa::212:7405:5:505: icmp_seq=155 ttl=62 time=203 ms
64 bytes from aaaa::212:7405:5:505: icmp_seq=156 ttl=62 time=121 ms
64 bytes from aaaa::212:7405:5:505: icmp_seq=157 ttl=62 time=184 ms
64 bytes from aaaa::212:7405:5:505: icmp_seq=158 ttl=62 time=166 ms
64 bytes from aaaa::212:7405:5:505: icmp_seq=159 ttl=62 time=156 ms
64 bytes from aaaa::212:7405:5:505: icmp_seq=160 ttl=62 time=159 ms
64 bytes from aaaa::212:7405:5:505: icmp_seq=162 ttl=62 time=393 ms
64 bytes from aaaa::212:7405:5:505: icmp_seq=163 ttl=62 time=124 ms
64 bytes from aaaa::212:7405:5:505: icmp_seq=164 ttl=62 time=129 ms
64 bytes from aaaa::212:7405:5:505: icmp_seq=165 ttl=62 time=138 ms
64 bytes from aaaa::212:7405:5:505: icmp_seq=166 ttl=62 time=299 ms
64 bytes from aaaa::212:7405:5:505: icmp_seq=167 ttl=62 time=108 ms
64 bytes from aaaa::212:7405:5:505: icmp_seq=168 ttl=62 time=220 ms
64 bytes from aaaa::212:7405:5:505: icmp_seq=169 ttl=62 time=169 ms
64 bytes from aaaa::212:7405:5:505: icmp_seq=170 ttl=62 time=120 ms
64 bytes from aaaa::212:7405:5:505: icmp_seq=171 ttl=62 time=668 ms
64 bytes from aaaa::212:7405:5:505: icmp_seq=172 ttl=62 time=132 ms
64 bytes from aaaa::212:7405:5:505: icmp_seq=173 ttl=62 time=230 ms
64 bytes from aaaa::212:7405:5:505: icmp_seq=174 ttl=62 time=145 ms
64 bytes from aaaa::212:7405:5:505: icmp_seq=175 ttl=62 time=159 ms
64 bytes from aaaa::212:7405:5:505: icmp_seq=176 ttl=62 time=810 ms
64 bytes from aaaa::212:7405:5:505: icmp_seq=179 ttl=62 time=269 ms
64 bytes from aaaa::212:7405:5:505: icmp_seq=180 ttl=62 time=234 ms
64 bytes from aaaa::212:7405:5:505: icmp_seq=181 ttl=62 time=137 ms
64 bytes from aaaa::212:7405:5:505: icmp_seq=182 ttl=62 time=139 ms
64 bytes from aaaa::212:7405:5:505: icmp_seq=183 ttl=62 time=176 ms
64 bytes from aaaa::212:7405:5:505: icmp_seq=184 ttl=62 time=172 ms
64 bytes from aaaa::212:7405:5:505: icmp_seq=185 ttl=62 time=119 ms
64 bytes from aaaa::212:7405:5:505: icmp_seq=186 ttl=62 time=193 ms
64 bytes from aaaa::212:7405:5:505: icmp_seq=187 ttl=62 time=150 ms
64 bytes from aaaa::212:7405:5:505: icmp_seq=188 ttl=62 time=146 ms
64 bytes from aaaa::212:7405:5:505: icmp_seq=189 ttl=62 time=188 ms
64 bytes from aaaa::212:7405:5:505: icmp_seq=190 ttl=62 time=105 ms
64 bytes from aaaa::212:7405:5:505: icmp_seq=191 ttl=62 time=129 ms
64 bytes from aaaa::212:7405:5:505: icmp_seq=192 ttl=62 time=110 ms
64 bytes from aaaa::212:7405:5:505: icmp_seq=193 ttl=62 time=166 ms
64 bytes from aaaa::212:7405:5:505: icmp_seq=194 ttl=62 time=111 ms
64 bytes from aaaa::212:7405:5:505: icmp_seq=195 ttl=62 time=135 ms
64 bytes from aaaa::212:7405:5:505: icmp_seq=196 ttl=62 time=159 ms
64 bytes from aaaa::212:7405:5:505: icmp_seq=197 ttl=62 time=126 ms
64 bytes from aaaa::212:7405:5:505: icmp_seq=198 ttl=62 time=156 ms
64 bytes from aaaa::212:7405:5:505: icmp_seq=199 ttl=62 time=188 ms
64 bytes from aaaa::212:7405:5:505: icmp_seq=200 ttl=62 time=153 ms

--- aaaa::212:7405:5:505 ping statistics ---
200 packets transmitted, 185 received, 7% packet loss, time 997633ms
rtt min/avg/max/mdev = 97.067/205.848/810.381/135.938 ms
