PING aaaa::212:7406:6:606(aaaa::212:7406:6:606) 56 data bytes
64 bytes from aaaa::212:7406:6:606: icmp_seq=1 ttl=62 time=154 ms
64 bytes from aaaa::212:7406:6:606: icmp_seq=3 ttl=62 time=140 ms
64 bytes from aaaa::212:7406:6:606: icmp_seq=4 ttl=62 time=127 ms
64 bytes from aaaa::212:7406:6:606: icmp_seq=12 ttl=62 time=140 ms
64 bytes from aaaa::212:7406:6:606: icmp_seq=13 ttl=62 time=90.7 ms
64 bytes from aaaa::212:7406:6:606: icmp_seq=14 ttl=62 time=155 ms
64 bytes from aaaa::212:7406:6:606: icmp_seq=15 ttl=62 time=357 ms
64 bytes from aaaa::212:7406:6:606: icmp_seq=16 ttl=62 time=99.0 ms
64 bytes from aaaa::212:7406:6:606: icmp_seq=17 ttl=62 time=124 ms
64 bytes from aaaa::212:7406:6:606: icmp_seq=18 ttl=62 time=140 ms
64 bytes from aaaa::212:7406:6:606: icmp_seq=19 ttl=62 time=140 ms
64 bytes from aaaa::212:7406:6:606: icmp_seq=21 ttl=62 time=126 ms
64 bytes from aaaa::212:7406:6:606: icmp_seq=25 ttl=62 time=176 ms
64 bytes from aaaa::212:7406:6:606: icmp_seq=28 ttl=62 time=144 ms
64 bytes from aaaa::212:7406:6:606: icmp_seq=30 ttl=62 time=105 ms
64 bytes from aaaa::212:7406:6:606: icmp_seq=31 ttl=62 time=499 ms
64 bytes from aaaa::212:7406:6:606: icmp_seq=32 ttl=62 time=264 ms
64 bytes from aaaa::212:7406:6:606: icmp_seq=34 ttl=62 time=135 ms
64 bytes from aaaa::212:7406:6:606: icmp_seq=35 ttl=62 time=116 ms
64 bytes from aaaa::212:7406:6:606: icmp_seq=37 ttl=62 time=136 ms
64 bytes from aaaa::212:7406:6:606: icmp_seq=38 ttl=62 time=160 ms
64 bytes from aaaa::212:7406:6:606: icmp_seq=40 ttl=62 time=104 ms
64 bytes from aaaa::212:7406:6:606: icmp_seq=42 ttl=62 time=128 ms
64 bytes from aaaa::212:7406:6:606: icmp_seq=43 ttl=62 time=121 ms
64 bytes from aaaa::212:7406:6:606: icmp_seq=46 ttl=62 time=150 ms
64 bytes from aaaa::212:7406:6:606: icmp_seq=49 ttl=62 time=151 ms
64 bytes from aaaa::212:7406:6:606: icmp_seq=51 ttl=62 time=113 ms
64 bytes from aaaa::212:7406:6:606: icmp_seq=55 ttl=62 time=144 ms
64 bytes from aaaa::212:7406:6:606: icmp_seq=56 ttl=62 time=107 ms
64 bytes from aaaa::212:7406:6:606: icmp_seq=59 ttl=62 time=246 ms
64 bytes from aaaa::212:7406:6:606: icmp_seq=60 ttl=62 time=114 ms
64 bytes from aaaa::212:7406:6:606: icmp_seq=61 ttl=62 time=111 ms
64 bytes from aaaa::212:7406:6:606: icmp_seq=63 ttl=62 time=104 ms
64 bytes from aaaa::212:7406:6:606: icmp_seq=65 ttl=62 time=123 ms
64 bytes from aaaa::212:7406:6:606: icmp_seq=66 ttl=62 time=126 ms
64 bytes from aaaa::212:7406:6:606: icmp_seq=67 ttl=62 time=298 ms
64 bytes from aaaa::212:7406:6:606: icmp_seq=69 ttl=62 time=96.3 ms
64 bytes from aaaa::212:7406:6:606: icmp_seq=70 ttl=62 time=132 ms
64 bytes from aaaa::212:7406:6:606: icmp_seq=80 ttl=62 time=121 ms
64 bytes from aaaa::212:7406:6:606: icmp_seq=81 ttl=62 time=135 ms
64 bytes from aaaa::212:7406:6:606: icmp_seq=82 ttl=62 time=102 ms
64 bytes from aaaa::212:7406:6:606: icmp_seq=83 ttl=62 time=111 ms
64 bytes from aaaa::212:7406:6:606: icmp_seq=84 ttl=62 time=178 ms
64 bytes from aaaa::212:7406:6:606: icmp_seq=86 ttl=62 time=137 ms
64 bytes from aaaa::212:7406:6:606: icmp_seq=87 ttl=62 time=109 ms
64 bytes from aaaa::212:7406:6:606: icmp_seq=88 ttl=62 time=108 ms
64 bytes from aaaa::212:7406:6:606: icmp_seq=92 ttl=62 time=229 ms
64 bytes from aaaa::212:7406:6:606: icmp_seq=93 ttl=62 time=96.0 ms
64 bytes from aaaa::212:7406:6:606: icmp_seq=96 ttl=62 time=172 ms
64 bytes from aaaa::212:7406:6:606: icmp_seq=97 ttl=62 time=170 ms
64 bytes from aaaa::212:7406:6:606: icmp_seq=99 ttl=62 time=106 ms
64 bytes from aaaa::212:7406:6:606: icmp_seq=100 ttl=62 time=100 ms
64 bytes from aaaa::212:7406:6:606: icmp_seq=102 ttl=62 time=85.9 ms
64 bytes from aaaa::212:7406:6:606: icmp_seq=104 ttl=62 time=120 ms
64 bytes from aaaa::212:7406:6:606: icmp_seq=105 ttl=62 time=182 ms
64 bytes from aaaa::212:7406:6:606: icmp_seq=106 ttl=62 time=117 ms
64 bytes from aaaa::212:7406:6:606: icmp_seq=108 ttl=62 time=110 ms
64 bytes from aaaa::212:7406:6:606: icmp_seq=110 ttl=62 time=146 ms
64 bytes from aaaa::212:7406:6:606: icmp_seq=112 ttl=62 time=122 ms
64 bytes from aaaa::212:7406:6:606: icmp_seq=116 ttl=62 time=105 ms
64 bytes from aaaa::212:7406:6:606: icmp_seq=117 ttl=62 time=117 ms
64 bytes from aaaa::212:7406:6:606: icmp_seq=119 ttl=62 time=127 ms
64 bytes from aaaa::212:7406:6:606: icmp_seq=121 ttl=62 time=146 ms
64 bytes from aaaa::212:7406:6:606: icmp_seq=123 ttl=62 time=112 ms
64 bytes from aaaa::212:7406:6:606: icmp_seq=127 ttl=62 time=103 ms
64 bytes from aaaa::212:7406:6:606: icmp_seq=129 ttl=62 time=156 ms
64 bytes from aaaa::212:7406:6:606: icmp_seq=131 ttl=62 time=82.8 ms
64 bytes from aaaa::212:7406:6:606: icmp_seq=133 ttl=62 time=119 ms
64 bytes from aaaa::212:7406:6:606: icmp_seq=135 ttl=62 time=143 ms
64 bytes from aaaa::212:7406:6:606: icmp_seq=136 ttl=62 time=118 ms
64 bytes from aaaa::212:7406:6:606: icmp_seq=138 ttl=62 time=107 ms
64 bytes from aaaa::212:7406:6:606: icmp_seq=139 ttl=62 time=127 ms
64 bytes from aaaa::212:7406:6:606: icmp_seq=140 ttl=62 time=120 ms
64 bytes from aaaa::212:7406:6:606: icmp_seq=142 ttl=62 time=124 ms
64 bytes from aaaa::212:7406:6:606: icmp_seq=144 ttl=62 time=116 ms
64 bytes from aaaa::212:7406:6:606: icmp_seq=145 ttl=62 time=134 ms
64 bytes from aaaa::212:7406:6:606: icmp_seq=148 ttl=62 time=93.0 ms
64 bytes from aaaa::212:7406:6:606: icmp_seq=150 ttl=62 time=135 ms
64 bytes from aaaa::212:7406:6:606: icmp_seq=152 ttl=62 time=136 ms
64 bytes from aaaa::212:7406:6:606: icmp_seq=154 ttl=62 time=127 ms
64 bytes from aaaa::212:7406:6:606: icmp_seq=156 ttl=62 time=139 ms
64 bytes from aaaa::212:7406:6:606: icmp_seq=158 ttl=62 time=135 ms
64 bytes from aaaa::212:7406:6:606: icmp_seq=160 ttl=62 time=129 ms
64 bytes from aaaa::212:7406:6:606: icmp_seq=162 ttl=62 time=131 ms
64 bytes from aaaa::212:7406:6:606: icmp_seq=164 ttl=62 time=176 ms
64 bytes from aaaa::212:7406:6:606: icmp_seq=165 ttl=62 time=119 ms
64 bytes from aaaa::212:7406:6:606: icmp_seq=166 ttl=62 time=155 ms
64 bytes from aaaa::212:7406:6:606: icmp_seq=169 ttl=62 time=155 ms
64 bytes from aaaa::212:7406:6:606: icmp_seq=170 ttl=62 time=128 ms
64 bytes from aaaa::212:7406:6:606: icmp_seq=171 ttl=62 time=122 ms
64 bytes from aaaa::212:7406:6:606: icmp_seq=174 ttl=62 time=124 ms
64 bytes from aaaa::212:7406:6:606: icmp_seq=176 ttl=62 time=132 ms
64 bytes from aaaa::212:7406:6:606: icmp_seq=177 ttl=62 time=122 ms
64 bytes from aaaa::212:7406:6:606: icmp_seq=179 ttl=62 time=129 ms
64 bytes from aaaa::212:7406:6:606: icmp_seq=181 ttl=62 time=119 ms
64 bytes from aaaa::212:7406:6:606: icmp_seq=184 ttl=62 time=104 ms
64 bytes from aaaa::212:7406:6:606: icmp_seq=186 ttl=62 time=99.8 ms
64 bytes from aaaa::212:7406:6:606: icmp_seq=188 ttl=62 time=113 ms
64 bytes from aaaa::212:7406:6:606: icmp_seq=191 ttl=62 time=139 ms
64 bytes from aaaa::212:7406:6:606: icmp_seq=193 ttl=62 time=144 ms
64 bytes from aaaa::212:7406:6:606: icmp_seq=195 ttl=62 time=171 ms
64 bytes from aaaa::212:7406:6:606: icmp_seq=198 ttl=62 time=108 ms
64 bytes from aaaa::212:7406:6:606: icmp_seq=199 ttl=62 time=148 ms

--- aaaa::212:7406:6:606 ping statistics ---
200 packets transmitted, 103 received, 48% packet loss, time 1011555ms
rtt min/avg/max/mdev = 82.877/138.728/499.504/53.649 ms
