PING aaaa::212:7405:5:505(aaaa::212:7405:5:505) 56 data bytes
64 bytes from aaaa::212:7405:5:505: icmp_seq=2 ttl=62 time=271 ms
64 bytes from aaaa::212:7405:5:505: icmp_seq=5 ttl=62 time=116 ms
64 bytes from aaaa::212:7405:5:505: icmp_seq=6 ttl=62 time=95.0 ms
64 bytes from aaaa::212:7405:5:505: icmp_seq=7 ttl=62 time=158 ms
64 bytes from aaaa::212:7405:5:505: icmp_seq=9 ttl=62 time=110 ms
64 bytes from aaaa::212:7405:5:505: icmp_seq=11 ttl=62 time=123 ms
64 bytes from aaaa::212:7405:5:505: icmp_seq=12 ttl=62 time=111 ms
64 bytes from aaaa::212:7405:5:505: icmp_seq=13 ttl=62 time=129 ms
64 bytes from aaaa::212:7405:5:505: icmp_seq=14 ttl=62 time=130 ms
64 bytes from aaaa::212:7405:5:505: icmp_seq=15 ttl=62 time=381 ms
64 bytes from aaaa::212:7405:5:505: icmp_seq=16 ttl=62 time=96.2 ms
64 bytes from aaaa::212:7405:5:505: icmp_seq=17 ttl=62 time=97.3 ms
64 bytes from aaaa::212:7405:5:505: icmp_seq=18 ttl=62 time=124 ms
64 bytes from aaaa::212:7405:5:505: icmp_seq=19 ttl=62 time=106 ms
64 bytes from aaaa::212:7405:5:505: icmp_seq=20 ttl=62 time=94.6 ms
64 bytes from aaaa::212:7405:5:505: icmp_seq=22 ttl=62 time=141 ms
64 bytes from aaaa::212:7405:5:505: icmp_seq=23 ttl=62 time=124 ms
64 bytes from aaaa::212:7405:5:505: icmp_seq=24 ttl=62 time=281 ms
64 bytes from aaaa::212:7405:5:505: icmp_seq=25 ttl=62 time=311 ms
64 bytes from aaaa::212:7405:5:505: icmp_seq=26 ttl=62 time=144 ms
64 bytes from aaaa::212:7405:5:505: icmp_seq=29 ttl=62 time=118 ms
64 bytes from aaaa::212:7405:5:505: icmp_seq=31 ttl=62 time=115 ms
64 bytes from aaaa::212:7405:5:505: icmp_seq=32 ttl=62 time=116 ms
64 bytes from aaaa::212:7405:5:505: icmp_seq=33 ttl=62 time=98.4 ms
64 bytes from aaaa::212:7405:5:505: icmp_seq=36 ttl=62 time=113 ms
64 bytes from aaaa::212:7405:5:505: icmp_seq=38 ttl=62 time=113 ms
64 bytes from aaaa::212:7405:5:505: icmp_seq=40 ttl=62 time=94.9 ms
64 bytes from aaaa::212:7405:5:505: icmp_seq=42 ttl=62 time=125 ms
64 bytes from aaaa::212:7405:5:505: icmp_seq=43 ttl=62 time=207 ms
64 bytes from aaaa::212:7405:5:505: icmp_seq=45 ttl=62 time=191 ms
64 bytes from aaaa::212:7405:5:505: icmp_seq=46 ttl=62 time=143 ms
64 bytes from aaaa::212:7405:5:505: icmp_seq=49 ttl=62 time=144 ms
64 bytes from aaaa::212:7405:5:505: icmp_seq=51 ttl=62 time=93.6 ms
64 bytes from aaaa::212:7405:5:505: icmp_seq=54 ttl=62 time=134 ms
64 bytes from aaaa::212:7405:5:505: icmp_seq=56 ttl=62 time=115 ms
64 bytes from aaaa::212:7405:5:505: icmp_seq=59 ttl=62 time=87.6 ms
64 bytes from aaaa::212:7405:5:505: icmp_seq=60 ttl=62 time=105 ms
64 bytes from aaaa::212:7405:5:505: icmp_seq=61 ttl=62 time=119 ms
64 bytes from aaaa::212:7405:5:505: icmp_seq=63 ttl=62 time=100 ms
64 bytes from aaaa::212:7405:5:505: icmp_seq=65 ttl=62 time=134 ms
64 bytes from aaaa::212:7405:5:505: icmp_seq=67 ttl=62 time=119 ms
64 bytes from aaaa::212:7405:5:505: icmp_seq=70 ttl=62 time=107 ms
64 bytes from aaaa::212:7405:5:505: icmp_seq=71 ttl=62 time=98.8 ms
64 bytes from aaaa::212:7405:5:505: icmp_seq=72 ttl=62 time=90.8 ms
64 bytes from aaaa::212:7405:5:505: icmp_seq=73 ttl=62 time=120 ms
64 bytes from aaaa::212:7405:5:505: icmp_seq=74 ttl=62 time=111 ms
64 bytes from aaaa::212:7405:5:505: icmp_seq=75 ttl=62 time=115 ms
64 bytes from aaaa::212:7405:5:505: icmp_seq=81 ttl=62 time=104 ms
64 bytes from aaaa::212:7405:5:505: icmp_seq=82 ttl=62 time=111 ms
64 bytes from aaaa::212:7405:5:505: icmp_seq=83 ttl=62 time=135 ms
64 bytes from aaaa::212:7405:5:505: icmp_seq=84 ttl=62 time=125 ms
64 bytes from aaaa::212:7405:5:505: icmp_seq=86 ttl=62 time=116 ms
64 bytes from aaaa::212:7405:5:505: icmp_seq=87 ttl=62 time=118 ms
64 bytes from aaaa::212:7405:5:505: icmp_seq=89 ttl=62 time=154 ms
64 bytes from aaaa::212:7405:5:505: icmp_seq=90 ttl=62 time=116 ms
64 bytes from aaaa::212:7405:5:505: icmp_seq=92 ttl=62 time=127 ms
64 bytes from aaaa::212:7405:5:505: icmp_seq=94 ttl=62 time=120 ms
64 bytes from aaaa::212:7405:5:505: icmp_seq=96 ttl=62 time=210 ms
64 bytes from aaaa::212:7405:5:505: icmp_seq=98 ttl=62 time=100 ms
64 bytes from aaaa::212:7405:5:505: icmp_seq=101 ttl=62 time=122 ms
64 bytes from aaaa::212:7405:5:505: icmp_seq=103 ttl=62 time=111 ms
64 bytes from aaaa::212:7405:5:505: icmp_seq=107 ttl=62 time=98.5 ms
64 bytes from aaaa::212:7405:5:505: icmp_seq=109 ttl=62 time=110 ms
64 bytes from aaaa::212:7405:5:505: icmp_seq=111 ttl=62 time=124 ms
64 bytes from aaaa::212:7405:5:505: icmp_seq=113 ttl=62 time=104 ms
64 bytes from aaaa::212:7405:5:505: icmp_seq=114 ttl=62 time=345 ms
64 bytes from aaaa::212:7405:5:505: icmp_seq=115 ttl=62 time=159 ms
64 bytes from aaaa::212:7405:5:505: icmp_seq=118 ttl=62 time=166 ms
64 bytes from aaaa::212:7405:5:505: icmp_seq=120 ttl=62 time=101 ms
64 bytes from aaaa::212:7405:5:505: icmp_seq=122 ttl=62 time=144 ms
64 bytes from aaaa::212:7405:5:505: icmp_seq=124 ttl=62 time=116 ms
64 bytes from aaaa::212:7405:5:505: icmp_seq=125 ttl=62 time=116 ms
64 bytes from aaaa::212:7405:5:505: icmp_seq=126 ttl=62 time=107 ms
64 bytes from aaaa::212:7405:5:505: icmp_seq=128 ttl=62 time=106 ms
64 bytes from aaaa::212:7405:5:505: icmp_seq=130 ttl=62 time=126 ms
64 bytes from aaaa::212:7405:5:505: icmp_seq=132 ttl=62 time=117 ms
64 bytes from aaaa::212:7405:5:505: icmp_seq=134 ttl=62 time=106 ms
64 bytes from aaaa::212:7405:5:505: icmp_seq=137 ttl=62 time=120 ms
64 bytes from aaaa::212:7405:5:505: icmp_seq=143 ttl=62 time=99.6 ms
64 bytes from aaaa::212:7405:5:505: icmp_seq=146 ttl=62 time=188 ms
64 bytes from aaaa::212:7405:5:505: icmp_seq=147 ttl=62 time=185 ms
64 bytes from aaaa::212:7405:5:505: icmp_seq=149 ttl=62 time=94.9 ms
64 bytes from aaaa::212:7405:5:505: icmp_seq=151 ttl=62 time=111 ms
64 bytes from aaaa::212:7405:5:505: icmp_seq=153 ttl=62 time=169 ms
64 bytes from aaaa::212:7405:5:505: icmp_seq=155 ttl=62 time=135 ms
64 bytes from aaaa::212:7405:5:505: icmp_seq=157 ttl=62 time=103 ms
64 bytes from aaaa::212:7405:5:505: icmp_seq=159 ttl=62 time=111 ms
64 bytes from aaaa::212:7405:5:505: icmp_seq=161 ttl=62 time=103 ms
64 bytes from aaaa::212:7405:5:505: icmp_seq=167 ttl=62 time=161 ms
64 bytes from aaaa::212:7405:5:505: icmp_seq=168 ttl=62 time=147 ms
64 bytes from aaaa::212:7405:5:505: icmp_seq=172 ttl=62 time=183 ms
64 bytes from aaaa::212:7405:5:505: icmp_seq=173 ttl=62 time=138 ms
64 bytes from aaaa::212:7405:5:505: icmp_seq=175 ttl=62 time=117 ms
64 bytes from aaaa::212:7405:5:505: icmp_seq=178 ttl=62 time=190 ms
64 bytes from aaaa::212:7405:5:505: icmp_seq=180 ttl=62 time=134 ms
64 bytes from aaaa::212:7405:5:505: icmp_seq=182 ttl=62 time=116 ms
64 bytes from aaaa::212:7405:5:505: icmp_seq=183 ttl=62 time=110 ms
64 bytes from aaaa::212:7405:5:505: icmp_seq=185 ttl=62 time=132 ms
64 bytes from aaaa::212:7405:5:505: icmp_seq=187 ttl=62 time=91.0 ms
64 bytes from aaaa::212:7405:5:505: icmp_seq=189 ttl=62 time=125 ms
64 bytes from aaaa::212:7405:5:505: icmp_seq=190 ttl=62 time=107 ms
64 bytes from aaaa::212:7405:5:505: icmp_seq=192 ttl=62 time=94.2 ms
64 bytes from aaaa::212:7405:5:505: icmp_seq=194 ttl=62 time=103 ms
64 bytes from aaaa::212:7405:5:505: icmp_seq=196 ttl=62 time=103 ms
64 bytes from aaaa::212:7405:5:505: icmp_seq=200 ttl=62 time=155 ms

--- aaaa::212:7405:5:505 ping statistics ---
200 packets transmitted, 105 received, 47% packet loss, time 1012276ms
rtt min/avg/max/mdev = 87.694/132.922/381.285/49.534 ms
