PING aaaa::212:7403:3:303(aaaa::212:7403:3:303) 56 data bytes
64 bytes from aaaa::212:7403:3:303: icmp_seq=3 ttl=61 time=422 ms
64 bytes from aaaa::212:7403:3:303: icmp_seq=5 ttl=61 time=121 ms
64 bytes from aaaa::212:7403:3:303: icmp_seq=7 ttl=61 time=220 ms
64 bytes from aaaa::212:7403:3:303: icmp_seq=9 ttl=61 time=143 ms
64 bytes from aaaa::212:7403:3:303: icmp_seq=11 ttl=61 time=466 ms
64 bytes from aaaa::212:7403:3:303: icmp_seq=13 ttl=61 time=200 ms
64 bytes from aaaa::212:7403:3:303: icmp_seq=15 ttl=61 time=239 ms
64 bytes from aaaa::212:7403:3:303: icmp_seq=16 ttl=61 time=146 ms
64 bytes from aaaa::212:7403:3:303: icmp_seq=19 ttl=61 time=249 ms
64 bytes from aaaa::212:7403:3:303: icmp_seq=22 ttl=61 time=149 ms
64 bytes from aaaa::212:7403:3:303: icmp_seq=24 ttl=61 time=231 ms
64 bytes from aaaa::212:7403:3:303: icmp_seq=26 ttl=61 time=222 ms
64 bytes from aaaa::212:7403:3:303: icmp_seq=28 ttl=61 time=145 ms
64 bytes from aaaa::212:7403:3:303: icmp_seq=30 ttl=61 time=134 ms
64 bytes from aaaa::212:7403:3:303: icmp_seq=32 ttl=61 time=352 ms
64 bytes from aaaa::212:7403:3:303: icmp_seq=33 ttl=61 time=170 ms
64 bytes from aaaa::212:7403:3:303: icmp_seq=34 ttl=61 time=253 ms
64 bytes from aaaa::212:7403:3:303: icmp_seq=35 ttl=61 time=128 ms
64 bytes from aaaa::212:7403:3:303: icmp_seq=37 ttl=61 time=513 ms
64 bytes from aaaa::212:7403:3:303: icmp_seq=39 ttl=61 time=171 ms
64 bytes from aaaa::212:7403:3:303: icmp_seq=44 ttl=61 time=240 ms
64 bytes from aaaa::212:7403:3:303: icmp_seq=46 ttl=61 time=228 ms
64 bytes from aaaa::212:7403:3:303: icmp_seq=49 ttl=61 time=184 ms
64 bytes from aaaa::212:7403:3:303: icmp_seq=51 ttl=61 time=232 ms
64 bytes from aaaa::212:7403:3:303: icmp_seq=53 ttl=61 time=242 ms
64 bytes from aaaa::212:7403:3:303: icmp_seq=55 ttl=61 time=191 ms
64 bytes from aaaa::212:7403:3:303: icmp_seq=57 ttl=61 time=196 ms
64 bytes from aaaa::212:7403:3:303: icmp_seq=59 ttl=61 time=190 ms
64 bytes from aaaa::212:7403:3:303: icmp_seq=61 ttl=61 time=183 ms
64 bytes from aaaa::212:7403:3:303: icmp_seq=63 ttl=61 time=288 ms
64 bytes from aaaa::212:7403:3:303: icmp_seq=65 ttl=61 time=232 ms
64 bytes from aaaa::212:7403:3:303: icmp_seq=67 ttl=61 time=136 ms
64 bytes from aaaa::212:7403:3:303: icmp_seq=69 ttl=61 time=140 ms
64 bytes from aaaa::212:7403:3:303: icmp_seq=71 ttl=61 time=151 ms
64 bytes from aaaa::212:7403:3:303: icmp_seq=73 ttl=61 time=130 ms
64 bytes from aaaa::212:7403:3:303: icmp_seq=75 ttl=61 time=144 ms
64 bytes from aaaa::212:7403:3:303: icmp_seq=77 ttl=61 time=140 ms
64 bytes from aaaa::212:7403:3:303: icmp_seq=78 ttl=61 time=142 ms
64 bytes from aaaa::212:7403:3:303: icmp_seq=80 ttl=61 time=148 ms
64 bytes from aaaa::212:7403:3:303: icmp_seq=82 ttl=61 time=121 ms
64 bytes from aaaa::212:7403:3:303: icmp_seq=84 ttl=61 time=172 ms
64 bytes from aaaa::212:7403:3:303: icmp_seq=86 ttl=61 time=141 ms
64 bytes from aaaa::212:7403:3:303: icmp_seq=88 ttl=61 time=188 ms
64 bytes from aaaa::212:7403:3:303: icmp_seq=90 ttl=61 time=218 ms
64 bytes from aaaa::212:7403:3:303: icmp_seq=95 ttl=61 time=166 ms
64 bytes from aaaa::212:7403:3:303: icmp_seq=97 ttl=61 time=154 ms
64 bytes from aaaa::212:7403:3:303: icmp_seq=99 ttl=61 time=375 ms
64 bytes from aaaa::212:7403:3:303: icmp_seq=102 ttl=61 time=128 ms
64 bytes from aaaa::212:7403:3:303: icmp_seq=104 ttl=61 time=148 ms
64 bytes from aaaa::212:7403:3:303: icmp_seq=106 ttl=61 time=131 ms
64 bytes from aaaa::212:7403:3:303: icmp_seq=108 ttl=61 time=155 ms
64 bytes from aaaa::212:7403:3:303: icmp_seq=110 ttl=61 time=183 ms
64 bytes from aaaa::212:7403:3:303: icmp_seq=112 ttl=61 time=146 ms
64 bytes from aaaa::212:7403:3:303: icmp_seq=114 ttl=61 time=181 ms
64 bytes from aaaa::212:7403:3:303: icmp_seq=116 ttl=61 time=126 ms
64 bytes from aaaa::212:7403:3:303: icmp_seq=118 ttl=61 time=134 ms
64 bytes from aaaa::212:7403:3:303: icmp_seq=120 ttl=61 time=140 ms
64 bytes from aaaa::212:7403:3:303: icmp_seq=122 ttl=61 time=153 ms
64 bytes from aaaa::212:7403:3:303: icmp_seq=123 ttl=61 time=116 ms
64 bytes from aaaa::212:7403:3:303: icmp_seq=125 ttl=61 time=131 ms
64 bytes from aaaa::212:7403:3:303: icmp_seq=127 ttl=61 time=130 ms
64 bytes from aaaa::212:7403:3:303: icmp_seq=129 ttl=61 time=131 ms
64 bytes from aaaa::212:7403:3:303: icmp_seq=131 ttl=61 time=196 ms
64 bytes from aaaa::212:7403:3:303: icmp_seq=132 ttl=61 time=210 ms
64 bytes from aaaa::212:7403:3:303: icmp_seq=134 ttl=61 time=133 ms
64 bytes from aaaa::212:7403:3:303: icmp_seq=136 ttl=61 time=147 ms
64 bytes from aaaa::212:7403:3:303: icmp_seq=137 ttl=61 time=154 ms
64 bytes from aaaa::212:7403:3:303: icmp_seq=140 ttl=61 time=216 ms
64 bytes from aaaa::212:7403:3:303: icmp_seq=142 ttl=61 time=327 ms
64 bytes from aaaa::212:7403:3:303: icmp_seq=144 ttl=61 time=124 ms
64 bytes from aaaa::212:7403:3:303: icmp_seq=146 ttl=61 time=118 ms
64 bytes from aaaa::212:7403:3:303: icmp_seq=147 ttl=61 time=267 ms
64 bytes from aaaa::212:7403:3:303: icmp_seq=149 ttl=61 time=135 ms
64 bytes from aaaa::212:7403:3:303: icmp_seq=151 ttl=61 time=320 ms
64 bytes from aaaa::212:7403:3:303: icmp_seq=159 ttl=61 time=200 ms
64 bytes from aaaa::212:7403:3:303: icmp_seq=160 ttl=61 time=183 ms
64 bytes from aaaa::212:7403:3:303: icmp_seq=162 ttl=61 time=143 ms
64 bytes from aaaa::212:7403:3:303: icmp_seq=164 ttl=61 time=437 ms
64 bytes from aaaa::212:7403:3:303: icmp_seq=167 ttl=61 time=161 ms
64 bytes from aaaa::212:7403:3:303: icmp_seq=169 ttl=61 time=142 ms
64 bytes from aaaa::212:7403:3:303: icmp_seq=170 ttl=61 time=128 ms
64 bytes from aaaa::212:7403:3:303: icmp_seq=172 ttl=61 time=120 ms
64 bytes from aaaa::212:7403:3:303: icmp_seq=174 ttl=61 time=138 ms
64 bytes from aaaa::212:7403:3:303: icmp_seq=176 ttl=61 time=108 ms
64 bytes from aaaa::212:7403:3:303: icmp_seq=178 ttl=61 time=176 ms
64 bytes from aaaa::212:7403:3:303: icmp_seq=181 ttl=61 time=122 ms
64 bytes from aaaa::212:7403:3:303: icmp_seq=183 ttl=61 time=102 ms
64 bytes from aaaa::212:7403:3:303: icmp_seq=184 ttl=61 time=135 ms
64 bytes from aaaa::212:7403:3:303: icmp_seq=186 ttl=61 time=151 ms
64 bytes from aaaa::212:7403:3:303: icmp_seq=188 ttl=61 time=152 ms
64 bytes from aaaa::212:7403:3:303: icmp_seq=190 ttl=61 time=137 ms
64 bytes from aaaa::212:7403:3:303: icmp_seq=192 ttl=61 time=152 ms
64 bytes from aaaa::212:7403:3:303: icmp_seq=193 ttl=61 time=193 ms
64 bytes from aaaa::212:7403:3:303: icmp_seq=194 ttl=61 time=172 ms
64 bytes from aaaa::212:7403:3:303: icmp_seq=197 ttl=61 time=145 ms
64 bytes from aaaa::212:7403:3:303: icmp_seq=200 ttl=61 time=118 ms

--- aaaa::212:7403:3:303 ping statistics ---
200 packets transmitted, 96 received, 52% packet loss, time 1015602ms
rtt min/avg/max/mdev = 102.411/185.241/513.759/78.502 ms
