PING aaaa::212:7403:3:303(aaaa::212:7403:3:303) 56 data bytes
64 bytes from aaaa::212:7403:3:303: icmp_seq=1 ttl=61 time=188 ms
64 bytes from aaaa::212:7403:3:303: icmp_seq=3 ttl=61 time=354 ms
64 bytes from aaaa::212:7403:3:303: icmp_seq=4 ttl=61 time=244 ms
64 bytes from aaaa::212:7403:3:303: icmp_seq=5 ttl=61 time=315 ms
64 bytes from aaaa::212:7403:3:303: icmp_seq=6 ttl=61 time=241 ms
64 bytes from aaaa::212:7403:3:303: icmp_seq=7 ttl=61 time=267 ms
64 bytes from aaaa::212:7403:3:303: icmp_seq=8 ttl=61 time=261 ms
64 bytes from aaaa::212:7403:3:303: icmp_seq=9 ttl=61 time=619 ms
64 bytes from aaaa::212:7403:3:303: icmp_seq=11 ttl=61 time=391 ms
64 bytes from aaaa::212:7403:3:303: icmp_seq=12 ttl=61 time=554 ms
64 bytes from aaaa::212:7403:3:303: icmp_seq=13 ttl=61 time=251 ms
64 bytes from aaaa::212:7403:3:303: icmp_seq=14 ttl=61 time=250 ms
64 bytes from aaaa::212:7403:3:303: icmp_seq=15 ttl=61 time=248 ms
64 bytes from aaaa::212:7403:3:303: icmp_seq=16 ttl=61 time=449 ms
64 bytes from aaaa::212:7403:3:303: icmp_seq=17 ttl=61 time=276 ms
64 bytes from aaaa::212:7403:3:303: icmp_seq=18 ttl=61 time=306 ms
64 bytes from aaaa::212:7403:3:303: icmp_seq=19 ttl=61 time=191 ms
64 bytes from aaaa::212:7403:3:303: icmp_seq=20 ttl=61 time=453 ms
64 bytes from aaaa::212:7403:3:303: icmp_seq=21 ttl=61 time=352 ms
64 bytes from aaaa::212:7403:3:303: icmp_seq=23 ttl=61 time=228 ms
64 bytes from aaaa::212:7403:3:303: icmp_seq=24 ttl=61 time=186 ms
64 bytes from aaaa::212:7403:3:303: icmp_seq=25 ttl=61 time=331 ms
64 bytes from aaaa::212:7403:3:303: icmp_seq=26 ttl=61 time=201 ms
64 bytes from aaaa::212:7403:3:303: icmp_seq=27 ttl=61 time=189 ms
64 bytes from aaaa::212:7403:3:303: icmp_seq=28 ttl=61 time=202 ms
64 bytes from aaaa::212:7403:3:303: icmp_seq=29 ttl=61 time=170 ms
64 bytes from aaaa::212:7403:3:303: icmp_seq=30 ttl=61 time=328 ms
64 bytes from aaaa::212:7403:3:303: icmp_seq=31 ttl=61 time=205 ms
64 bytes from aaaa::212:7403:3:303: icmp_seq=32 ttl=61 time=211 ms
64 bytes from aaaa::212:7403:3:303: icmp_seq=33 ttl=61 time=232 ms
64 bytes from aaaa::212:7403:3:303: icmp_seq=34 ttl=61 time=258 ms
64 bytes from aaaa::212:7403:3:303: icmp_seq=35 ttl=61 time=226 ms
64 bytes from aaaa::212:7403:3:303: icmp_seq=36 ttl=61 time=233 ms
64 bytes from aaaa::212:7403:3:303: icmp_seq=37 ttl=61 time=305 ms
64 bytes from aaaa::212:7403:3:303: icmp_seq=38 ttl=61 time=212 ms
64 bytes from aaaa::212:7403:3:303: icmp_seq=39 ttl=61 time=355 ms
64 bytes from aaaa::212:7403:3:303: icmp_seq=40 ttl=61 time=191 ms
64 bytes from aaaa::212:7403:3:303: icmp_seq=41 ttl=61 time=960 ms
64 bytes from aaaa::212:7403:3:303: icmp_seq=42 ttl=61 time=344 ms
64 bytes from aaaa::212:7403:3:303: icmp_seq=43 ttl=61 time=235 ms
64 bytes from aaaa::212:7403:3:303: icmp_seq=44 ttl=61 time=199 ms
64 bytes from aaaa::212:7403:3:303: icmp_seq=45 ttl=61 time=304 ms
64 bytes from aaaa::212:7403:3:303: icmp_seq=46 ttl=61 time=356 ms
64 bytes from aaaa::212:7403:3:303: icmp_seq=47 ttl=61 time=208 ms
64 bytes from aaaa::212:7403:3:303: icmp_seq=48 ttl=61 time=254 ms
64 bytes from aaaa::212:7403:3:303: icmp_seq=49 ttl=61 time=393 ms
64 bytes from aaaa::212:7403:3:303: icmp_seq=50 ttl=61 time=233 ms
64 bytes from aaaa::212:7403:3:303: icmp_seq=51 ttl=61 time=230 ms
64 bytes from aaaa::212:7403:3:303: icmp_seq=52 ttl=61 time=265 ms
64 bytes from aaaa::212:7403:3:303: icmp_seq=53 ttl=61 time=332 ms
64 bytes from aaaa::212:7403:3:303: icmp_seq=54 ttl=61 time=387 ms
64 bytes from aaaa::212:7403:3:303: icmp_seq=55 ttl=61 time=445 ms
64 bytes from aaaa::212:7403:3:303: icmp_seq=56 ttl=61 time=266 ms
64 bytes from aaaa::212:7403:3:303: icmp_seq=57 ttl=61 time=319 ms
64 bytes from aaaa::212:7403:3:303: icmp_seq=58 ttl=61 time=407 ms
64 bytes from aaaa::212:7403:3:303: icmp_seq=59 ttl=61 time=225 ms
64 bytes from aaaa::212:7403:3:303: icmp_seq=60 ttl=61 time=388 ms
64 bytes from aaaa::212:7403:3:303: icmp_seq=61 ttl=61 time=291 ms
64 bytes from aaaa::212:7403:3:303: icmp_seq=62 ttl=61 time=265 ms
64 bytes from aaaa::212:7403:3:303: icmp_seq=63 ttl=61 time=365 ms
64 bytes from aaaa::212:7403:3:303: icmp_seq=65 ttl=61 time=397 ms
64 bytes from aaaa::212:7403:3:303: icmp_seq=66 ttl=61 time=323 ms
64 bytes from aaaa::212:7403:3:303: icmp_seq=67 ttl=61 time=444 ms
64 bytes from aaaa::212:7403:3:303: icmp_seq=68 ttl=61 time=727 ms
64 bytes from aaaa::212:7403:3:303: icmp_seq=69 ttl=61 time=445 ms
64 bytes from aaaa::212:7403:3:303: icmp_seq=70 ttl=61 time=409 ms
64 bytes from aaaa::212:7403:3:303: icmp_seq=71 ttl=61 time=748 ms
64 bytes from aaaa::212:7403:3:303: icmp_seq=72 ttl=61 time=372 ms
64 bytes from aaaa::212:7403:3:303: icmp_seq=73 ttl=61 time=259 ms
64 bytes from aaaa::212:7403:3:303: icmp_seq=74 ttl=61 time=477 ms
64 bytes from aaaa::212:7403:3:303: icmp_seq=75 ttl=61 time=476 ms
64 bytes from aaaa::212:7403:3:303: icmp_seq=76 ttl=61 time=608 ms
64 bytes from aaaa::212:7403:3:303: icmp_seq=77 ttl=61 time=600 ms
64 bytes from aaaa::212:7403:3:303: icmp_seq=78 ttl=61 time=319 ms
64 bytes from aaaa::212:7403:3:303: icmp_seq=79 ttl=61 time=283 ms
64 bytes from aaaa::212:7403:3:303: icmp_seq=80 ttl=61 time=375 ms
64 bytes from aaaa::212:7403:3:303: icmp_seq=81 ttl=61 time=467 ms
64 bytes from aaaa::212:7403:3:303: icmp_seq=83 ttl=61 time=484 ms
64 bytes from aaaa::212:7403:3:303: icmp_seq=84 ttl=61 time=497 ms
64 bytes from aaaa::212:7403:3:303: icmp_seq=85 ttl=61 time=366 ms
64 bytes from aaaa::212:7403:3:303: icmp_seq=86 ttl=61 time=469 ms
64 bytes from aaaa::212:7403:3:303: icmp_seq=87 ttl=61 time=345 ms
64 bytes from aaaa::212:7403:3:303: icmp_seq=88 ttl=61 time=393 ms
64 bytes from aaaa::212:7403:3:303: icmp_seq=89 ttl=61 time=256 ms
64 bytes from aaaa::212:7403:3:303: icmp_seq=90 ttl=61 time=313 ms
64 bytes from aaaa::212:7403:3:303: icmp_seq=91 ttl=61 time=789 ms
64 bytes from aaaa::212:7403:3:303: icmp_seq=92 ttl=61 time=848 ms
64 bytes from aaaa::212:7403:3:303: icmp_seq=93 ttl=61 time=368 ms
64 bytes from aaaa::212:7403:3:303: icmp_seq=94 ttl=61 time=259 ms
64 bytes from aaaa::212:7403:3:303: icmp_seq=95 ttl=61 time=513 ms
64 bytes from aaaa::212:7403:3:303: icmp_seq=96 ttl=61 time=576 ms
64 bytes from aaaa::212:7403:3:303: icmp_seq=98 ttl=61 time=333 ms
64 bytes from aaaa::212:7403:3:303: icmp_seq=99 ttl=61 time=290 ms
64 bytes from aaaa::212:7403:3:303: icmp_seq=100 ttl=61 time=254 ms
64 bytes from aaaa::212:7403:3:303: icmp_seq=101 ttl=61 time=267 ms
64 bytes from aaaa::212:7403:3:303: icmp_seq=102 ttl=61 time=205 ms
64 bytes from aaaa::212:7403:3:303: icmp_seq=103 ttl=61 time=435 ms
64 bytes from aaaa::212:7403:3:303: icmp_seq=104 ttl=61 time=243 ms
64 bytes from aaaa::212:7403:3:303: icmp_seq=105 ttl=61 time=931 ms
64 bytes from aaaa::212:7403:3:303: icmp_seq=106 ttl=61 time=774 ms
64 bytes from aaaa::212:7403:3:303: icmp_seq=107 ttl=61 time=911 ms
64 bytes from aaaa::212:7403:3:303: icmp_seq=108 ttl=61 time=214 ms
64 bytes from aaaa::212:7403:3:303: icmp_seq=109 ttl=61 time=436 ms
64 bytes from aaaa::212:7403:3:303: icmp_seq=110 ttl=61 time=165 ms
64 bytes from aaaa::212:7403:3:303: icmp_seq=111 ttl=61 time=244 ms
64 bytes from aaaa::212:7403:3:303: icmp_seq=112 ttl=61 time=244 ms
64 bytes from aaaa::212:7403:3:303: icmp_seq=113 ttl=61 time=163 ms
64 bytes from aaaa::212:7403:3:303: icmp_seq=114 ttl=61 time=695 ms
64 bytes from aaaa::212:7403:3:303: icmp_seq=115 ttl=61 time=215 ms
64 bytes from aaaa::212:7403:3:303: icmp_seq=116 ttl=61 time=397 ms
64 bytes from aaaa::212:7403:3:303: icmp_seq=117 ttl=61 time=478 ms
64 bytes from aaaa::212:7403:3:303: icmp_seq=118 ttl=61 time=248 ms
64 bytes from aaaa::212:7403:3:303: icmp_seq=119 ttl=61 time=585 ms
64 bytes from aaaa::212:7403:3:303: icmp_seq=120 ttl=61 time=204 ms
64 bytes from aaaa::212:7403:3:303: icmp_seq=121 ttl=61 time=387 ms
64 bytes from aaaa::212:7403:3:303: icmp_seq=122 ttl=61 time=235 ms
64 bytes from aaaa::212:7403:3:303: icmp_seq=123 ttl=61 time=516 ms
64 bytes from aaaa::212:7403:3:303: icmp_seq=124 ttl=61 time=280 ms
64 bytes from aaaa::212:7403:3:303: icmp_seq=125 ttl=61 time=191 ms
64 bytes from aaaa::212:7403:3:303: icmp_seq=126 ttl=61 time=524 ms
64 bytes from aaaa::212:7403:3:303: icmp_seq=127 ttl=61 time=211 ms
64 bytes from aaaa::212:7403:3:303: icmp_seq=128 ttl=61 time=956 ms
64 bytes from aaaa::212:7403:3:303: icmp_seq=129 ttl=61 time=228 ms
64 bytes from aaaa::212:7403:3:303: icmp_seq=130 ttl=61 time=259 ms
64 bytes from aaaa::212:7403:3:303: icmp_seq=131 ttl=61 time=224 ms
64 bytes from aaaa::212:7403:3:303: icmp_seq=132 ttl=61 time=210 ms
64 bytes from aaaa::212:7403:3:303: icmp_seq=133 ttl=61 time=240 ms
64 bytes from aaaa::212:7403:3:303: icmp_seq=134 ttl=61 time=232 ms
64 bytes from aaaa::212:7403:3:303: icmp_seq=135 ttl=61 time=209 ms
64 bytes from aaaa::212:7403:3:303: icmp_seq=136 ttl=61 time=239 ms
64 bytes from aaaa::212:7403:3:303: icmp_seq=137 ttl=61 time=202 ms
64 bytes from aaaa::212:7403:3:303: icmp_seq=138 ttl=61 time=218 ms
64 bytes from aaaa::212:7403:3:303: icmp_seq=139 ttl=61 time=492 ms
64 bytes from aaaa::212:7403:3:303: icmp_seq=140 ttl=61 time=542 ms
64 bytes from aaaa::212:7403:3:303: icmp_seq=141 ttl=61 time=589 ms
64 bytes from aaaa::212:7403:3:303: icmp_seq=142 ttl=61 time=222 ms
64 bytes from aaaa::212:7403:3:303: icmp_seq=143 ttl=61 time=292 ms
64 bytes from aaaa::212:7403:3:303: icmp_seq=144 ttl=61 time=215 ms
64 bytes from aaaa::212:7403:3:303: icmp_seq=145 ttl=61 time=293 ms
64 bytes from aaaa::212:7403:3:303: icmp_seq=146 ttl=61 time=235 ms
64 bytes from aaaa::212:7403:3:303: icmp_seq=147 ttl=61 time=288 ms
64 bytes from aaaa::212:7403:3:303: icmp_seq=149 ttl=61 time=214 ms
64 bytes from aaaa::212:7403:3:303: icmp_seq=150 ttl=61 time=421 ms
64 bytes from aaaa::212:7403:3:303: icmp_seq=151 ttl=61 time=259 ms
64 bytes from aaaa::212:7403:3:303: icmp_seq=152 ttl=61 time=239 ms
64 bytes from aaaa::212:7403:3:303: icmp_seq=153 ttl=61 time=272 ms
64 bytes from aaaa::212:7403:3:303: icmp_seq=154 ttl=61 time=268 ms
64 bytes from aaaa::212:7403:3:303: icmp_seq=155 ttl=61 time=306 ms
64 bytes from aaaa::212:7403:3:303: icmp_seq=156 ttl=61 time=230 ms
64 bytes from aaaa::212:7403:3:303: icmp_seq=157 ttl=61 time=204 ms
64 bytes from aaaa::212:7403:3:303: icmp_seq=160 ttl=61 time=223 ms
64 bytes from aaaa::212:7403:3:303: icmp_seq=161 ttl=61 time=199 ms
64 bytes from aaaa::212:7403:3:303: icmp_seq=162 ttl=61 time=215 ms
64 bytes from aaaa::212:7403:3:303: icmp_seq=163 ttl=61 time=244 ms
64 bytes from aaaa::212:7403:3:303: icmp_seq=164 ttl=61 time=243 ms
64 bytes from aaaa::212:7403:3:303: icmp_seq=165 ttl=61 time=228 ms
64 bytes from aaaa::212:7403:3:303: icmp_seq=166 ttl=61 time=211 ms
64 bytes from aaaa::212:7403:3:303: icmp_seq=167 ttl=61 time=390 ms
64 bytes from aaaa::212:7403:3:303: icmp_seq=168 ttl=61 time=389 ms
64 bytes from aaaa::212:7403:3:303: icmp_seq=169 ttl=61 time=930 ms
64 bytes from aaaa::212:7403:3:303: icmp_seq=170 ttl=61 time=183 ms
64 bytes from aaaa::212:7403:3:303: icmp_seq=171 ttl=61 time=190 ms
64 bytes from aaaa::212:7403:3:303: icmp_seq=172 ttl=61 time=382 ms
64 bytes from aaaa::212:7403:3:303: icmp_seq=173 ttl=61 time=297 ms
64 bytes from aaaa::212:7403:3:303: icmp_seq=174 ttl=61 time=250 ms
64 bytes from aaaa::212:7403:3:303: icmp_seq=175 ttl=61 time=278 ms
64 bytes from aaaa::212:7403:3:303: icmp_seq=176 ttl=61 time=199 ms
64 bytes from aaaa::212:7403:3:303: icmp_seq=177 ttl=61 time=191 ms
64 bytes from aaaa::212:7403:3:303: icmp_seq=178 ttl=61 time=200 ms
64 bytes from aaaa::212:7403:3:303: icmp_seq=179 ttl=61 time=231 ms
64 bytes from aaaa::212:7403:3:303: icmp_seq=180 ttl=61 time=364 ms
64 bytes from aaaa::212:7403:3:303: icmp_seq=181 ttl=61 time=237 ms
64 bytes from aaaa::212:7403:3:303: icmp_seq=182 ttl=61 time=181 ms
64 bytes from aaaa::212:7403:3:303: icmp_seq=183 ttl=61 time=225 ms
64 bytes from aaaa::212:7403:3:303: icmp_seq=184 ttl=61 time=218 ms
64 bytes from aaaa::212:7403:3:303: icmp_seq=185 ttl=61 time=390 ms
64 bytes from aaaa::212:7403:3:303: icmp_seq=186 ttl=61 time=243 ms
64 bytes from aaaa::212:7403:3:303: icmp_seq=187 ttl=61 time=243 ms
64 bytes from aaaa::212:7403:3:303: icmp_seq=188 ttl=61 time=191 ms
64 bytes from aaaa::212:7403:3:303: icmp_seq=189 ttl=61 time=194 ms
64 bytes from aaaa::212:7403:3:303: icmp_seq=190 ttl=61 time=214 ms
64 bytes from aaaa::212:7403:3:303: icmp_seq=191 ttl=61 time=168 ms
64 bytes from aaaa::212:7403:3:303: icmp_seq=192 ttl=61 time=429 ms
64 bytes from aaaa::212:7403:3:303: icmp_seq=193 ttl=61 time=157 ms
64 bytes from aaaa::212:7403:3:303: icmp_seq=194 ttl=61 time=192 ms
64 bytes from aaaa::212:7403:3:303: icmp_seq=195 ttl=61 time=187 ms
64 bytes from aaaa::212:7403:3:303: icmp_seq=196 ttl=61 time=252 ms
64 bytes from aaaa::212:7403:3:303: icmp_seq=197 ttl=61 time=190 ms
64 bytes from aaaa::212:7403:3:303: icmp_seq=198 ttl=61 time=419 ms
64 bytes from aaaa::212:7403:3:303: icmp_seq=199 ttl=61 time=188 ms
64 bytes from aaaa::212:7403:3:303: icmp_seq=200 ttl=61 time=323 ms

--- aaaa::212:7403:3:303 ping statistics ---
200 packets transmitted, 191 received, 4% packet loss, time 996686ms
rtt min/avg/max/mdev = 157.308/331.902/960.291/165.832 ms
