PING aaaa::212:7403:3:303(aaaa::212:7403:3:303) 56 data bytes
64 bytes from aaaa::212:7403:3:303: icmp_seq=2 ttl=61 time=291 ms
64 bytes from aaaa::212:7403:3:303: icmp_seq=5 ttl=61 time=219 ms
64 bytes from aaaa::212:7403:3:303: icmp_seq=6 ttl=61 time=345 ms
64 bytes from aaaa::212:7403:3:303: icmp_seq=9 ttl=61 time=214 ms
64 bytes from aaaa::212:7403:3:303: icmp_seq=11 ttl=61 time=238 ms
64 bytes from aaaa::212:7403:3:303: icmp_seq=12 ttl=61 time=290 ms
64 bytes from aaaa::212:7403:3:303: icmp_seq=13 ttl=61 time=172 ms
64 bytes from aaaa::212:7403:3:303: icmp_seq=14 ttl=61 time=133 ms
64 bytes from aaaa::212:7403:3:303: icmp_seq=15 ttl=61 time=185 ms
64 bytes from aaaa::212:7403:3:303: icmp_seq=16 ttl=61 time=156 ms
64 bytes from aaaa::212:7403:3:303: icmp_seq=17 ttl=61 time=159 ms
64 bytes from aaaa::212:7403:3:303: icmp_seq=18 ttl=61 time=196 ms
64 bytes from aaaa::212:7403:3:303: icmp_seq=19 ttl=61 time=175 ms
64 bytes from aaaa::212:7403:3:303: icmp_seq=20 ttl=61 time=170 ms
64 bytes from aaaa::212:7403:3:303: icmp_seq=22 ttl=61 time=171 ms
64 bytes from aaaa::212:7403:3:303: icmp_seq=23 ttl=61 time=194 ms
64 bytes from aaaa::212:7403:3:303: icmp_seq=26 ttl=61 time=165 ms
64 bytes from aaaa::212:7403:3:303: icmp_seq=29 ttl=61 time=152 ms
64 bytes from aaaa::212:7403:3:303: icmp_seq=31 ttl=61 time=159 ms
64 bytes from aaaa::212:7403:3:303: icmp_seq=32 ttl=61 time=156 ms
64 bytes from aaaa::212:7403:3:303: icmp_seq=33 ttl=61 time=156 ms
64 bytes from aaaa::212:7403:3:303: icmp_seq=35 ttl=61 time=422 ms
64 bytes from aaaa::212:7403:3:303: icmp_seq=36 ttl=61 time=175 ms
64 bytes from aaaa::212:7403:3:303: icmp_seq=38 ttl=61 time=163 ms
64 bytes from aaaa::212:7403:3:303: icmp_seq=40 ttl=61 time=171 ms
64 bytes from aaaa::212:7403:3:303: icmp_seq=42 ttl=61 time=165 ms
64 bytes from aaaa::212:7403:3:303: icmp_seq=45 ttl=61 time=265 ms
64 bytes from aaaa::212:7403:3:303: icmp_seq=46 ttl=61 time=283 ms
64 bytes from aaaa::212:7403:3:303: icmp_seq=49 ttl=61 time=213 ms
64 bytes from aaaa::212:7403:3:303: icmp_seq=51 ttl=61 time=169 ms
64 bytes from aaaa::212:7403:3:303: icmp_seq=53 ttl=61 time=220 ms
64 bytes from aaaa::212:7403:3:303: icmp_seq=54 ttl=61 time=159 ms
64 bytes from aaaa::212:7403:3:303: icmp_seq=56 ttl=61 time=195 ms
64 bytes from aaaa::212:7403:3:303: icmp_seq=58 ttl=61 time=179 ms
64 bytes from aaaa::212:7403:3:303: icmp_seq=59 ttl=61 time=191 ms
64 bytes from aaaa::212:7403:3:303: icmp_seq=60 ttl=61 time=275 ms
64 bytes from aaaa::212:7403:3:303: icmp_seq=63 ttl=61 time=153 ms
64 bytes from aaaa::212:7403:3:303: icmp_seq=65 ttl=61 time=282 ms
64 bytes from aaaa::212:7403:3:303: icmp_seq=67 ttl=61 time=196 ms
64 bytes from aaaa::212:7403:3:303: icmp_seq=70 ttl=61 time=196 ms
64 bytes from aaaa::212:7403:3:303: icmp_seq=71 ttl=61 time=165 ms
64 bytes from aaaa::212:7403:3:303: icmp_seq=72 ttl=61 time=367 ms
64 bytes from aaaa::212:7403:3:303: icmp_seq=73 ttl=61 time=161 ms
64 bytes from aaaa::212:7403:3:303: icmp_seq=74 ttl=61 time=251 ms
64 bytes from aaaa::212:7403:3:303: icmp_seq=81 ttl=61 time=206 ms
64 bytes from aaaa::212:7403:3:303: icmp_seq=82 ttl=61 time=180 ms
64 bytes from aaaa::212:7403:3:303: icmp_seq=83 ttl=61 time=245 ms
64 bytes from aaaa::212:7403:3:303: icmp_seq=84 ttl=61 time=184 ms
64 bytes from aaaa::212:7403:3:303: icmp_seq=85 ttl=61 time=167 ms
64 bytes from aaaa::212:7403:3:303: icmp_seq=86 ttl=61 time=180 ms
64 bytes from aaaa::212:7403:3:303: icmp_seq=87 ttl=61 time=164 ms
64 bytes from aaaa::212:7403:3:303: icmp_seq=88 ttl=61 time=261 ms
64 bytes from aaaa::212:7403:3:303: icmp_seq=90 ttl=61 time=278 ms
64 bytes from aaaa::212:7403:3:303: icmp_seq=91 ttl=61 time=199 ms
64 bytes from aaaa::212:7403:3:303: icmp_seq=93 ttl=61 time=166 ms
64 bytes from aaaa::212:7403:3:303: icmp_seq=94 ttl=61 time=344 ms
64 bytes from aaaa::212:7403:3:303: icmp_seq=96 ttl=61 time=166 ms
64 bytes from aaaa::212:7403:3:303: icmp_seq=98 ttl=61 time=210 ms
64 bytes from aaaa::212:7403:3:303: icmp_seq=100 ttl=61 time=155 ms
64 bytes from aaaa::212:7403:3:303: icmp_seq=101 ttl=61 time=157 ms
64 bytes from aaaa::212:7403:3:303: icmp_seq=102 ttl=61 time=162 ms
64 bytes from aaaa::212:7403:3:303: icmp_seq=103 ttl=61 time=149 ms
64 bytes from aaaa::212:7403:3:303: icmp_seq=105 ttl=61 time=224 ms
64 bytes from aaaa::212:7403:3:303: icmp_seq=107 ttl=61 time=164 ms
64 bytes from aaaa::212:7403:3:303: icmp_seq=109 ttl=61 time=210 ms
64 bytes from aaaa::212:7403:3:303: icmp_seq=111 ttl=61 time=156 ms
64 bytes from aaaa::212:7403:3:303: icmp_seq=113 ttl=61 time=152 ms
64 bytes from aaaa::212:7403:3:303: icmp_seq=115 ttl=61 time=184 ms
64 bytes from aaaa::212:7403:3:303: icmp_seq=118 ttl=61 time=160 ms
64 bytes from aaaa::212:7403:3:303: icmp_seq=120 ttl=61 time=170 ms
64 bytes from aaaa::212:7403:3:303: icmp_seq=122 ttl=61 time=167 ms
64 bytes from aaaa::212:7403:3:303: icmp_seq=124 ttl=61 time=132 ms
64 bytes from aaaa::212:7403:3:303: icmp_seq=125 ttl=61 time=146 ms
64 bytes from aaaa::212:7403:3:303: icmp_seq=128 ttl=61 time=147 ms
64 bytes from aaaa::212:7403:3:303: icmp_seq=130 ttl=61 time=149 ms
64 bytes from aaaa::212:7403:3:303: icmp_seq=132 ttl=61 time=150 ms
64 bytes from aaaa::212:7403:3:303: icmp_seq=134 ttl=61 time=164 ms
64 bytes from aaaa::212:7403:3:303: icmp_seq=136 ttl=61 time=168 ms
64 bytes from aaaa::212:7403:3:303: icmp_seq=137 ttl=61 time=168 ms
64 bytes from aaaa::212:7403:3:303: icmp_seq=139 ttl=61 time=249 ms
64 bytes from aaaa::212:7403:3:303: icmp_seq=141 ttl=61 time=240 ms
64 bytes from aaaa::212:7403:3:303: icmp_seq=143 ttl=61 time=196 ms
64 bytes from aaaa::212:7403:3:303: icmp_seq=147 ttl=61 time=203 ms
64 bytes from aaaa::212:7403:3:303: icmp_seq=149 ttl=61 time=169 ms
64 bytes from aaaa::212:7403:3:303: icmp_seq=151 ttl=61 time=283 ms
64 bytes from aaaa::212:7403:3:303: icmp_seq=154 ttl=61 time=267 ms
64 bytes from aaaa::212:7403:3:303: icmp_seq=156 ttl=61 time=340 ms
64 bytes from aaaa::212:7403:3:303: icmp_seq=157 ttl=61 time=163 ms
64 bytes from aaaa::212:7403:3:303: icmp_seq=159 ttl=61 time=225 ms
64 bytes from aaaa::212:7403:3:303: icmp_seq=161 ttl=61 time=120 ms
64 bytes from aaaa::212:7403:3:303: icmp_seq=163 ttl=61 time=158 ms
64 bytes from aaaa::212:7403:3:303: icmp_seq=165 ttl=61 time=239 ms
64 bytes from aaaa::212:7403:3:303: icmp_seq=166 ttl=61 time=172 ms
64 bytes from aaaa::212:7403:3:303: icmp_seq=168 ttl=61 time=189 ms
64 bytes from aaaa::212:7403:3:303: icmp_seq=172 ttl=61 time=179 ms
64 bytes from aaaa::212:7403:3:303: icmp_seq=174 ttl=61 time=183 ms
64 bytes from aaaa::212:7403:3:303: icmp_seq=175 ttl=61 time=300 ms
64 bytes from aaaa::212:7403:3:303: icmp_seq=177 ttl=61 time=217 ms
64 bytes from aaaa::212:7403:3:303: icmp_seq=178 ttl=61 time=178 ms
64 bytes from aaaa::212:7403:3:303: icmp_seq=179 ttl=61 time=162 ms
64 bytes from aaaa::212:7403:3:303: icmp_seq=180 ttl=61 time=215 ms
64 bytes from aaaa::212:7403:3:303: icmp_seq=181 ttl=61 time=179 ms
64 bytes from aaaa::212:7403:3:303: icmp_seq=182 ttl=61 time=138 ms
64 bytes from aaaa::212:7403:3:303: icmp_seq=183 ttl=61 time=182 ms
64 bytes from aaaa::212:7403:3:303: icmp_seq=185 ttl=61 time=213 ms
64 bytes from aaaa::212:7403:3:303: icmp_seq=186 ttl=61 time=414 ms
64 bytes from aaaa::212:7403:3:303: icmp_seq=188 ttl=61 time=211 ms
64 bytes from aaaa::212:7403:3:303: icmp_seq=192 ttl=61 time=181 ms
64 bytes from aaaa::212:7403:3:303: icmp_seq=193 ttl=61 time=156 ms
64 bytes from aaaa::212:7403:3:303: icmp_seq=195 ttl=61 time=199 ms
64 bytes from aaaa::212:7403:3:303: icmp_seq=197 ttl=61 time=290 ms
64 bytes from aaaa::212:7403:3:303: icmp_seq=198 ttl=61 time=121 ms
64 bytes from aaaa::212:7403:3:303: icmp_seq=199 ttl=61 time=214 ms

--- aaaa::212:7403:3:303 ping statistics ---
200 packets transmitted, 113 received, 43% packet loss, time 1010342ms
rtt min/avg/max/mdev = 120.092/200.858/422.384/58.063 ms
