PING aaaa::212:7409:9:909(aaaa::212:7409:9:909) 56 data bytes
64 bytes from aaaa::212:7409:9:909: icmp_seq=1 ttl=61 time=264 ms
64 bytes from aaaa::212:7409:9:909: icmp_seq=3 ttl=61 time=236 ms
64 bytes from aaaa::212:7409:9:909: icmp_seq=4 ttl=61 time=718 ms
64 bytes from aaaa::212:7409:9:909: icmp_seq=5 ttl=61 time=792 ms
64 bytes from aaaa::212:7409:9:909: icmp_seq=6 ttl=61 time=343 ms
64 bytes from aaaa::212:7409:9:909: icmp_seq=7 ttl=61 time=394 ms
64 bytes from aaaa::212:7409:9:909: icmp_seq=8 ttl=61 time=435 ms
64 bytes from aaaa::212:7409:9:909: icmp_seq=9 ttl=61 time=377 ms
64 bytes from aaaa::212:7409:9:909: icmp_seq=10 ttl=61 time=1744 ms
64 bytes from aaaa::212:7409:9:909: icmp_seq=13 ttl=61 time=431 ms
64 bytes from aaaa::212:7409:9:909: icmp_seq=20 ttl=61 time=946 ms
64 bytes from aaaa::212:7409:9:909: icmp_seq=21 ttl=61 time=618 ms
64 bytes from aaaa::212:7409:9:909: icmp_seq=22 ttl=61 time=693 ms
64 bytes from aaaa::212:7409:9:909: icmp_seq=23 ttl=61 time=281 ms
64 bytes from aaaa::212:7409:9:909: icmp_seq=24 ttl=60 time=2019 ms
64 bytes from aaaa::212:7409:9:909: icmp_seq=25 ttl=61 time=373 ms
64 bytes from aaaa::212:7409:9:909: icmp_seq=26 ttl=61 time=761 ms
64 bytes from aaaa::212:7409:9:909: icmp_seq=27 ttl=61 time=459 ms
64 bytes from aaaa::212:7409:9:909: icmp_seq=29 ttl=61 time=573 ms
64 bytes from aaaa::212:7409:9:909: icmp_seq=30 ttl=61 time=290 ms
64 bytes from aaaa::212:7409:9:909: icmp_seq=31 ttl=61 time=1432 ms
64 bytes from aaaa::212:7409:9:909: icmp_seq=32 ttl=61 time=837 ms
64 bytes from aaaa::212:7409:9:909: icmp_seq=33 ttl=61 time=350 ms
64 bytes from aaaa::212:7409:9:909: icmp_seq=35 ttl=61 time=918 ms
64 bytes from aaaa::212:7409:9:909: icmp_seq=37 ttl=61 time=704 ms
64 bytes from aaaa::212:7409:9:909: icmp_seq=38 ttl=61 time=304 ms
64 bytes from aaaa::212:7409:9:909: icmp_seq=39 ttl=61 time=711 ms
64 bytes from aaaa::212:7409:9:909: icmp_seq=40 ttl=61 time=205 ms
64 bytes from aaaa::212:7409:9:909: icmp_seq=42 ttl=61 time=2043 ms
64 bytes from aaaa::212:7409:9:909: icmp_seq=43 ttl=61 time=1610 ms
64 bytes from aaaa::212:7409:9:909: icmp_seq=44 ttl=61 time=338 ms
64 bytes from aaaa::212:7409:9:909: icmp_seq=46 ttl=61 time=173 ms
64 bytes from aaaa::212:7409:9:909: icmp_seq=50 ttl=61 time=247 ms
64 bytes from aaaa::212:7409:9:909: icmp_seq=51 ttl=61 time=199 ms
64 bytes from aaaa::212:7409:9:909: icmp_seq=54 ttl=61 time=1032 ms
64 bytes from aaaa::212:7409:9:909: icmp_seq=55 ttl=61 time=777 ms
64 bytes from aaaa::212:7409:9:909: icmp_seq=56 ttl=61 time=307 ms
64 bytes from aaaa::212:7409:9:909: icmp_seq=57 ttl=61 time=193 ms
64 bytes from aaaa::212:7409:9:909: icmp_seq=58 ttl=61 time=476 ms
64 bytes from aaaa::212:7409:9:909: icmp_seq=59 ttl=61 time=379 ms
64 bytes from aaaa::212:7409:9:909: icmp_seq=60 ttl=61 time=597 ms
64 bytes from aaaa::212:7409:9:909: icmp_seq=62 ttl=61 time=330 ms
64 bytes from aaaa::212:7409:9:909: icmp_seq=64 ttl=61 time=714 ms
64 bytes from aaaa::212:7409:9:909: icmp_seq=65 ttl=61 time=362 ms
64 bytes from aaaa::212:7409:9:909: icmp_seq=68 ttl=61 time=792 ms
64 bytes from aaaa::212:7409:9:909: icmp_seq=72 ttl=60 time=373 ms
64 bytes from aaaa::212:7409:9:909: icmp_seq=73 ttl=60 time=283 ms
64 bytes from aaaa::212:7409:9:909: icmp_seq=76 ttl=61 time=372 ms
64 bytes from aaaa::212:7409:9:909: icmp_seq=77 ttl=61 time=338 ms
64 bytes from aaaa::212:7409:9:909: icmp_seq=78 ttl=61 time=841 ms
64 bytes from aaaa::212:7409:9:909: icmp_seq=79 ttl=61 time=333 ms
64 bytes from aaaa::212:7409:9:909: icmp_seq=82 ttl=61 time=958 ms
64 bytes from aaaa::212:7409:9:909: icmp_seq=83 ttl=61 time=827 ms
64 bytes from aaaa::212:7409:9:909: icmp_seq=84 ttl=61 time=810 ms
64 bytes from aaaa::212:7409:9:909: icmp_seq=85 ttl=61 time=1767 ms
64 bytes from aaaa::212:7409:9:909: icmp_seq=98 ttl=61 time=2260 ms
64 bytes from aaaa::212:7409:9:909: icmp_seq=99 ttl=61 time=3781 ms
64 bytes from aaaa::212:7409:9:909: icmp_seq=100 ttl=61 time=3890 ms
64 bytes from aaaa::212:7409:9:909: icmp_seq=101 ttl=61 time=1008 ms
64 bytes from aaaa::212:7409:9:909: icmp_seq=117 ttl=61 time=982 ms
64 bytes from aaaa::212:7409:9:909: icmp_seq=125 ttl=61 time=1241 ms
64 bytes from aaaa::212:7409:9:909: icmp_seq=132 ttl=61 time=463 ms
64 bytes from aaaa::212:7409:9:909: icmp_seq=134 ttl=61 time=630 ms
64 bytes from aaaa::212:7409:9:909: icmp_seq=136 ttl=61 time=388 ms
64 bytes from aaaa::212:7409:9:909: icmp_seq=137 ttl=61 time=303 ms
64 bytes from aaaa::212:7409:9:909: icmp_seq=138 ttl=61 time=914 ms
64 bytes from aaaa::212:7409:9:909: icmp_seq=142 ttl=61 time=1204 ms
64 bytes from aaaa::212:7409:9:909: icmp_seq=144 ttl=61 time=2590 ms
64 bytes from aaaa::212:7409:9:909: icmp_seq=145 ttl=61 time=628 ms
64 bytes from aaaa::212:7409:9:909: icmp_seq=146 ttl=61 time=3584 ms
64 bytes from aaaa::212:7409:9:909: icmp_seq=147 ttl=61 time=2115 ms
64 bytes from aaaa::212:7409:9:909: icmp_seq=148 ttl=61 time=2527 ms
64 bytes from aaaa::212:7409:9:909: icmp_seq=149 ttl=61 time=1026 ms
64 bytes from aaaa::212:7409:9:909: icmp_seq=150 ttl=61 time=2112 ms
64 bytes from aaaa::212:7409:9:909: icmp_seq=151 ttl=61 time=963 ms
64 bytes from aaaa::212:7409:9:909: icmp_seq=153 ttl=61 time=572 ms
64 bytes from aaaa::212:7409:9:909: icmp_seq=155 ttl=61 time=1077 ms
64 bytes from aaaa::212:7409:9:909: icmp_seq=156 ttl=61 time=1283 ms
64 bytes from aaaa::212:7409:9:909: icmp_seq=157 ttl=61 time=1725 ms
64 bytes from aaaa::212:7409:9:909: icmp_seq=158 ttl=61 time=2509 ms
64 bytes from aaaa::212:7409:9:909: icmp_seq=160 ttl=61 time=1783 ms
64 bytes from aaaa::212:7409:9:909: icmp_seq=162 ttl=61 time=951 ms
64 bytes from aaaa::212:7409:9:909: icmp_seq=163 ttl=61 time=1483 ms
64 bytes from aaaa::212:7409:9:909: icmp_seq=164 ttl=61 time=814 ms
64 bytes from aaaa::212:7409:9:909: icmp_seq=166 ttl=61 time=580 ms
64 bytes from aaaa::212:7409:9:909: icmp_seq=169 ttl=61 time=1071 ms
64 bytes from aaaa::212:7409:9:909: icmp_seq=170 ttl=61 time=3836 ms
64 bytes from aaaa::212:7409:9:909: icmp_seq=172 ttl=61 time=2403 ms
64 bytes from aaaa::212:7409:9:909: icmp_seq=173 ttl=61 time=2447 ms
64 bytes from aaaa::212:7409:9:909: icmp_seq=175 ttl=61 time=1432 ms
64 bytes from aaaa::212:7409:9:909: icmp_seq=177 ttl=61 time=1512 ms
64 bytes from aaaa::212:7409:9:909: icmp_seq=178 ttl=61 time=678 ms
64 bytes from aaaa::212:7409:9:909: icmp_seq=180 ttl=61 time=595 ms
64 bytes from aaaa::212:7409:9:909: icmp_seq=181 ttl=61 time=1643 ms
64 bytes from aaaa::212:7409:9:909: icmp_seq=182 ttl=61 time=1950 ms
64 bytes from aaaa::212:7409:9:909: icmp_seq=183 ttl=61 time=3101 ms
64 bytes from aaaa::212:7409:9:909: icmp_seq=184 ttl=61 time=3203 ms
64 bytes from aaaa::212:7409:9:909: icmp_seq=185 ttl=61 time=666 ms
64 bytes from aaaa::212:7409:9:909: icmp_seq=186 ttl=61 time=2465 ms
64 bytes from aaaa::212:7409:9:909: icmp_seq=189 ttl=61 time=770 ms
64 bytes from aaaa::212:7409:9:909: icmp_seq=190 ttl=61 time=1827 ms
64 bytes from aaaa::212:7409:9:909: icmp_seq=191 ttl=61 time=935 ms
64 bytes from aaaa::212:7409:9:909: icmp_seq=193 ttl=61 time=1820 ms
64 bytes from aaaa::212:7409:9:909: icmp_seq=195 ttl=61 time=5319 ms
64 bytes from aaaa::212:7409:9:909: icmp_seq=200 ttl=61 time=444 ms

--- aaaa::212:7409:9:909 ping statistics ---
200 packets transmitted, 105 received, 47% packet loss, time 1008475ms
rtt min/avg/max/mdev = 173.799/1135.560/5319.577/975.490 ms, pipe 2
