PING aaaa::212:7407:7:707(aaaa::212:7407:7:707) 56 data bytes
64 bytes from aaaa::212:7407:7:707: icmp_seq=2 ttl=62 time=288 ms
64 bytes from aaaa::212:7407:7:707: icmp_seq=3 ttl=62 time=471 ms
64 bytes from aaaa::212:7407:7:707: icmp_seq=4 ttl=62 time=184 ms
64 bytes from aaaa::212:7407:7:707: icmp_seq=7 ttl=62 time=297 ms
64 bytes from aaaa::212:7407:7:707: icmp_seq=19 ttl=62 time=987 ms
64 bytes from aaaa::212:7407:7:707: icmp_seq=20 ttl=62 time=350 ms
64 bytes from aaaa::212:7407:7:707: icmp_seq=21 ttl=62 time=177 ms
64 bytes from aaaa::212:7407:7:707: icmp_seq=22 ttl=62 time=108 ms
64 bytes from aaaa::212:7407:7:707: icmp_seq=24 ttl=62 time=1873 ms
64 bytes from aaaa::212:7407:7:707: icmp_seq=26 ttl=62 time=268 ms
64 bytes from aaaa::212:7407:7:707: icmp_seq=27 ttl=62 time=178 ms
64 bytes from aaaa::212:7407:7:707: icmp_seq=28 ttl=62 time=187 ms
64 bytes from aaaa::212:7407:7:707: icmp_seq=29 ttl=62 time=172 ms
64 bytes from aaaa::212:7407:7:707: icmp_seq=30 ttl=62 time=149 ms
64 bytes from aaaa::212:7407:7:707: icmp_seq=31 ttl=61 time=582 ms
64 bytes from aaaa::212:7407:7:707: icmp_seq=32 ttl=62 time=269 ms
64 bytes from aaaa::212:7407:7:707: icmp_seq=33 ttl=62 time=485 ms
64 bytes from aaaa::212:7407:7:707: icmp_seq=34 ttl=62 time=202 ms
64 bytes from aaaa::212:7407:7:707: icmp_seq=35 ttl=62 time=492 ms
64 bytes from aaaa::212:7407:7:707: icmp_seq=37 ttl=62 time=600 ms
64 bytes from aaaa::212:7407:7:707: icmp_seq=38 ttl=62 time=184 ms
64 bytes from aaaa::212:7407:7:707: icmp_seq=39 ttl=62 time=523 ms
64 bytes from aaaa::212:7407:7:707: icmp_seq=40 ttl=62 time=196 ms
64 bytes from aaaa::212:7407:7:707: icmp_seq=41 ttl=62 time=410 ms
64 bytes from aaaa::212:7407:7:707: icmp_seq=42 ttl=62 time=567 ms
64 bytes from aaaa::212:7407:7:707: icmp_seq=44 ttl=62 time=256 ms
64 bytes from aaaa::212:7407:7:707: icmp_seq=45 ttl=62 time=104 ms
64 bytes from aaaa::212:7407:7:707: icmp_seq=46 ttl=62 time=295 ms
64 bytes from aaaa::212:7407:7:707: icmp_seq=47 ttl=62 time=203 ms
64 bytes from aaaa::212:7407:7:707: icmp_seq=48 ttl=62 time=441 ms
64 bytes from aaaa::212:7407:7:707: icmp_seq=49 ttl=62 time=443 ms
64 bytes from aaaa::212:7407:7:707: icmp_seq=50 ttl=62 time=1138 ms
64 bytes from aaaa::212:7407:7:707: icmp_seq=51 ttl=62 time=293 ms
64 bytes from aaaa::212:7407:7:707: icmp_seq=52 ttl=62 time=490 ms
64 bytes from aaaa::212:7407:7:707: icmp_seq=53 ttl=61 time=326 ms
64 bytes from aaaa::212:7407:7:707: icmp_seq=54 ttl=61 time=370 ms
64 bytes from aaaa::212:7407:7:707: icmp_seq=55 ttl=62 time=196 ms
64 bytes from aaaa::212:7407:7:707: icmp_seq=56 ttl=62 time=816 ms
64 bytes from aaaa::212:7407:7:707: icmp_seq=57 ttl=62 time=362 ms
64 bytes from aaaa::212:7407:7:707: icmp_seq=58 ttl=62 time=374 ms
64 bytes from aaaa::212:7407:7:707: icmp_seq=59 ttl=62 time=154 ms
64 bytes from aaaa::212:7407:7:707: icmp_seq=60 ttl=62 time=130 ms
64 bytes from aaaa::212:7407:7:707: icmp_seq=61 ttl=62 time=1585 ms
64 bytes from aaaa::212:7407:7:707: icmp_seq=62 ttl=62 time=432 ms
64 bytes from aaaa::212:7407:7:707: icmp_seq=63 ttl=62 time=190 ms
64 bytes from aaaa::212:7407:7:707: icmp_seq=65 ttl=62 time=554 ms
64 bytes from aaaa::212:7407:7:707: icmp_seq=66 ttl=62 time=139 ms
64 bytes from aaaa::212:7407:7:707: icmp_seq=67 ttl=62 time=392 ms
64 bytes from aaaa::212:7407:7:707: icmp_seq=68 ttl=62 time=1077 ms
64 bytes from aaaa::212:7407:7:707: icmp_seq=69 ttl=62 time=762 ms
64 bytes from aaaa::212:7407:7:707: icmp_seq=70 ttl=62 time=820 ms
64 bytes from aaaa::212:7407:7:707: icmp_seq=71 ttl=62 time=329 ms
64 bytes from aaaa::212:7407:7:707: icmp_seq=73 ttl=62 time=355 ms
64 bytes from aaaa::212:7407:7:707: icmp_seq=74 ttl=62 time=518 ms
64 bytes from aaaa::212:7407:7:707: icmp_seq=75 ttl=62 time=1631 ms
64 bytes from aaaa::212:7407:7:707: icmp_seq=76 ttl=62 time=436 ms
64 bytes from aaaa::212:7407:7:707: icmp_seq=77 ttl=62 time=603 ms
64 bytes from aaaa::212:7407:7:707: icmp_seq=78 ttl=62 time=688 ms
64 bytes from aaaa::212:7407:7:707: icmp_seq=79 ttl=62 time=484 ms
64 bytes from aaaa::212:7407:7:707: icmp_seq=80 ttl=62 time=1119 ms
64 bytes from aaaa::212:7407:7:707: icmp_seq=81 ttl=62 time=258 ms
64 bytes from aaaa::212:7407:7:707: icmp_seq=82 ttl=62 time=357 ms
64 bytes from aaaa::212:7407:7:707: icmp_seq=83 ttl=62 time=454 ms
64 bytes from aaaa::212:7407:7:707: icmp_seq=84 ttl=62 time=361 ms
64 bytes from aaaa::212:7407:7:707: icmp_seq=85 ttl=62 time=903 ms
64 bytes from aaaa::212:7407:7:707: icmp_seq=86 ttl=62 time=492 ms
64 bytes from aaaa::212:7407:7:707: icmp_seq=87 ttl=62 time=1416 ms
64 bytes from aaaa::212:7407:7:707: icmp_seq=88 ttl=62 time=1661 ms
64 bytes from aaaa::212:7407:7:707: icmp_seq=89 ttl=62 time=378 ms
64 bytes from aaaa::212:7407:7:707: icmp_seq=90 ttl=62 time=1044 ms
64 bytes from aaaa::212:7407:7:707: icmp_seq=98 ttl=62 time=1442 ms
64 bytes from aaaa::212:7407:7:707: icmp_seq=99 ttl=62 time=501 ms
64 bytes from aaaa::212:7407:7:707: icmp_seq=100 ttl=62 time=836 ms
64 bytes from aaaa::212:7407:7:707: icmp_seq=101 ttl=62 time=1104 ms
64 bytes from aaaa::212:7407:7:707: icmp_seq=102 ttl=62 time=1366 ms
64 bytes from aaaa::212:7407:7:707: icmp_seq=104 ttl=62 time=867 ms
64 bytes from aaaa::212:7407:7:707: icmp_seq=105 ttl=62 time=1095 ms
64 bytes from aaaa::212:7407:7:707: icmp_seq=111 ttl=61 time=1682 ms
64 bytes from aaaa::212:7407:7:707: icmp_seq=114 ttl=61 time=548 ms
64 bytes from aaaa::212:7407:7:707: icmp_seq=115 ttl=61 time=2510 ms
64 bytes from aaaa::212:7407:7:707: icmp_seq=116 ttl=61 time=452 ms
64 bytes from aaaa::212:7407:7:707: icmp_seq=120 ttl=61 time=391 ms
64 bytes from aaaa::212:7407:7:707: icmp_seq=121 ttl=61 time=431 ms
64 bytes from aaaa::212:7407:7:707: icmp_seq=122 ttl=62 time=443 ms
64 bytes from aaaa::212:7407:7:707: icmp_seq=124 ttl=62 time=277 ms
64 bytes from aaaa::212:7407:7:707: icmp_seq=126 ttl=62 time=2874 ms
64 bytes from aaaa::212:7407:7:707: icmp_seq=127 ttl=62 time=821 ms
64 bytes from aaaa::212:7407:7:707: icmp_seq=128 ttl=62 time=862 ms
64 bytes from aaaa::212:7407:7:707: icmp_seq=129 ttl=62 time=905 ms
64 bytes from aaaa::212:7407:7:707: icmp_seq=130 ttl=62 time=146 ms
64 bytes from aaaa::212:7407:7:707: icmp_seq=135 ttl=62 time=420 ms
64 bytes from aaaa::212:7407:7:707: icmp_seq=136 ttl=62 time=1130 ms
64 bytes from aaaa::212:7407:7:707: icmp_seq=137 ttl=62 time=348 ms
64 bytes from aaaa::212:7407:7:707: icmp_seq=139 ttl=62 time=2301 ms
64 bytes from aaaa::212:7407:7:707: icmp_seq=141 ttl=62 time=300 ms
64 bytes from aaaa::212:7407:7:707: icmp_seq=142 ttl=62 time=301 ms
64 bytes from aaaa::212:7407:7:707: icmp_seq=144 ttl=62 time=1046 ms
64 bytes from aaaa::212:7407:7:707: icmp_seq=145 ttl=62 time=1512 ms
64 bytes from aaaa::212:7407:7:707: icmp_seq=146 ttl=62 time=1214 ms
64 bytes from aaaa::212:7407:7:707: icmp_seq=147 ttl=62 time=1077 ms
64 bytes from aaaa::212:7407:7:707: icmp_seq=148 ttl=62 time=1392 ms
64 bytes from aaaa::212:7407:7:707: icmp_seq=149 ttl=62 time=1044 ms
64 bytes from aaaa::212:7407:7:707: icmp_seq=150 ttl=62 time=579 ms
64 bytes from aaaa::212:7407:7:707: icmp_seq=151 ttl=62 time=442 ms
64 bytes from aaaa::212:7407:7:707: icmp_seq=152 ttl=62 time=1360 ms
64 bytes from aaaa::212:7407:7:707: icmp_seq=153 ttl=62 time=1949 ms
64 bytes from aaaa::212:7407:7:707: icmp_seq=160 ttl=62 time=1892 ms
64 bytes from aaaa::212:7407:7:707: icmp_seq=162 ttl=62 time=1709 ms
64 bytes from aaaa::212:7407:7:707: icmp_seq=163 ttl=62 time=859 ms
64 bytes from aaaa::212:7407:7:707: icmp_seq=164 ttl=62 time=587 ms
64 bytes from aaaa::212:7407:7:707: icmp_seq=165 ttl=62 time=1165 ms
64 bytes from aaaa::212:7407:7:707: icmp_seq=166 ttl=62 time=738 ms
64 bytes from aaaa::212:7407:7:707: icmp_seq=167 ttl=62 time=959 ms
64 bytes from aaaa::212:7407:7:707: icmp_seq=168 ttl=62 time=975 ms
64 bytes from aaaa::212:7407:7:707: icmp_seq=169 ttl=62 time=2544 ms
64 bytes from aaaa::212:7407:7:707: icmp_seq=170 ttl=62 time=1599 ms
64 bytes from aaaa::212:7407:7:707: icmp_seq=171 ttl=62 time=1703 ms
64 bytes from aaaa::212:7407:7:707: icmp_seq=173 ttl=62 time=1645 ms
64 bytes from aaaa::212:7407:7:707: icmp_seq=174 ttl=62 time=1448 ms
64 bytes from aaaa::212:7407:7:707: icmp_seq=175 ttl=62 time=2211 ms
64 bytes from aaaa::212:7407:7:707: icmp_seq=176 ttl=62 time=618 ms
64 bytes from aaaa::212:7407:7:707: icmp_seq=177 ttl=62 time=1062 ms
64 bytes from aaaa::212:7407:7:707: icmp_seq=178 ttl=62 time=2060 ms
64 bytes from aaaa::212:7407:7:707: icmp_seq=179 ttl=62 time=538 ms
64 bytes from aaaa::212:7407:7:707: icmp_seq=180 ttl=62 time=3200 ms
64 bytes from aaaa::212:7407:7:707: icmp_seq=181 ttl=62 time=1642 ms
64 bytes from aaaa::212:7407:7:707: icmp_seq=187 ttl=62 time=1804 ms
64 bytes from aaaa::212:7407:7:707: icmp_seq=196 ttl=62 time=2095 ms
64 bytes from aaaa::212:7407:7:707: icmp_seq=198 ttl=62 time=2476 ms
64 bytes from aaaa::212:7407:7:707: icmp_seq=199 ttl=62 time=2350 ms

--- aaaa::212:7407:7:707 ping statistics ---
200 packets transmitted, 130 received, 35% packet loss, time 1004609ms
rtt min/avg/max/mdev = 104.936/845.675/3200.119/675.014 ms
