PING aaaa::212:7404:4:404(aaaa::212:7404:4:404) 56 data bytes
64 bytes from aaaa::212:7404:4:404: icmp_seq=1 ttl=63 time=76.0 ms
64 bytes from aaaa::212:7404:4:404: icmp_seq=2 ttl=63 time=208 ms
64 bytes from aaaa::212:7404:4:404: icmp_seq=3 ttl=63 time=94.5 ms
64 bytes from aaaa::212:7404:4:404: icmp_seq=5 ttl=63 time=300 ms
64 bytes from aaaa::212:7404:4:404: icmp_seq=6 ttl=63 time=179 ms
64 bytes from aaaa::212:7404:4:404: icmp_seq=7 ttl=63 time=98.9 ms
64 bytes from aaaa::212:7404:4:404: icmp_seq=8 ttl=63 time=152 ms
64 bytes from aaaa::212:7404:4:404: icmp_seq=10 ttl=63 time=177 ms
64 bytes from aaaa::212:7404:4:404: icmp_seq=11 ttl=63 time=668 ms
64 bytes from aaaa::212:7404:4:404: icmp_seq=13 ttl=63 time=83.6 ms
64 bytes from aaaa::212:7404:4:404: icmp_seq=14 ttl=63 time=78.3 ms
64 bytes from aaaa::212:7404:4:404: icmp_seq=15 ttl=63 time=764 ms
64 bytes from aaaa::212:7404:4:404: icmp_seq=18 ttl=63 time=150 ms
64 bytes from aaaa::212:7404:4:404: icmp_seq=19 ttl=63 time=1735 ms
64 bytes from aaaa::212:7404:4:404: icmp_seq=21 ttl=63 time=185 ms
64 bytes from aaaa::212:7404:4:404: icmp_seq=22 ttl=63 time=707 ms
64 bytes from aaaa::212:7404:4:404: icmp_seq=23 ttl=63 time=39.6 ms
64 bytes from aaaa::212:7404:4:404: icmp_seq=24 ttl=63 time=92.0 ms
64 bytes from aaaa::212:7404:4:404: icmp_seq=25 ttl=62 time=811 ms
64 bytes from aaaa::212:7404:4:404: icmp_seq=26 ttl=63 time=74.7 ms
64 bytes from aaaa::212:7404:4:404: icmp_seq=27 ttl=63 time=277 ms
64 bytes from aaaa::212:7404:4:404: icmp_seq=28 ttl=63 time=74.3 ms
64 bytes from aaaa::212:7404:4:404: icmp_seq=29 ttl=63 time=125 ms
64 bytes from aaaa::212:7404:4:404: icmp_seq=30 ttl=63 time=52.2 ms
64 bytes from aaaa::212:7404:4:404: icmp_seq=31 ttl=63 time=60.0 ms
64 bytes from aaaa::212:7404:4:404: icmp_seq=32 ttl=63 time=993 ms
64 bytes from aaaa::212:7404:4:404: icmp_seq=33 ttl=63 time=99.6 ms
64 bytes from aaaa::212:7404:4:404: icmp_seq=34 ttl=63 time=224 ms
64 bytes from aaaa::212:7404:4:404: icmp_seq=35 ttl=63 time=156 ms
64 bytes from aaaa::212:7404:4:404: icmp_seq=36 ttl=63 time=480 ms
64 bytes from aaaa::212:7404:4:404: icmp_seq=37 ttl=63 time=284 ms
64 bytes from aaaa::212:7404:4:404: icmp_seq=45 ttl=63 time=194 ms
64 bytes from aaaa::212:7404:4:404: icmp_seq=46 ttl=63 time=809 ms
64 bytes from aaaa::212:7404:4:404: icmp_seq=47 ttl=63 time=88.9 ms
64 bytes from aaaa::212:7404:4:404: icmp_seq=48 ttl=63 time=505 ms
64 bytes from aaaa::212:7404:4:404: icmp_seq=49 ttl=63 time=181 ms
64 bytes from aaaa::212:7404:4:404: icmp_seq=50 ttl=63 time=634 ms
64 bytes from aaaa::212:7404:4:404: icmp_seq=51 ttl=63 time=336 ms
64 bytes from aaaa::212:7404:4:404: icmp_seq=52 ttl=63 time=93.5 ms
64 bytes from aaaa::212:7404:4:404: icmp_seq=53 ttl=63 time=90.1 ms
64 bytes from aaaa::212:7404:4:404: icmp_seq=56 ttl=63 time=291 ms
64 bytes from aaaa::212:7404:4:404: icmp_seq=57 ttl=63 time=84.2 ms
64 bytes from aaaa::212:7404:4:404: icmp_seq=59 ttl=63 time=131 ms
64 bytes from aaaa::212:7404:4:404: icmp_seq=61 ttl=63 time=328 ms
64 bytes from aaaa::212:7404:4:404: icmp_seq=62 ttl=63 time=313 ms
64 bytes from aaaa::212:7404:4:404: icmp_seq=66 ttl=63 time=71.9 ms
64 bytes from aaaa::212:7404:4:404: icmp_seq=67 ttl=63 time=64.5 ms
64 bytes from aaaa::212:7404:4:404: icmp_seq=68 ttl=63 time=166 ms
64 bytes from aaaa::212:7404:4:404: icmp_seq=70 ttl=62 time=226 ms
64 bytes from aaaa::212:7404:4:404: icmp_seq=71 ttl=62 time=1189 ms
64 bytes from aaaa::212:7404:4:404: icmp_seq=76 ttl=63 time=51.9 ms
64 bytes from aaaa::212:7404:4:404: icmp_seq=77 ttl=63 time=422 ms
64 bytes from aaaa::212:7404:4:404: icmp_seq=78 ttl=63 time=82.2 ms
64 bytes from aaaa::212:7404:4:404: icmp_seq=79 ttl=63 time=193 ms
64 bytes from aaaa::212:7404:4:404: icmp_seq=80 ttl=63 time=59.4 ms
64 bytes from aaaa::212:7404:4:404: icmp_seq=81 ttl=63 time=1595 ms
64 bytes from aaaa::212:7404:4:404: icmp_seq=82 ttl=63 time=511 ms
64 bytes from aaaa::212:7404:4:404: icmp_seq=83 ttl=63 time=179 ms
64 bytes from aaaa::212:7404:4:404: icmp_seq=85 ttl=63 time=164 ms
64 bytes from aaaa::212:7404:4:404: icmp_seq=86 ttl=63 time=161 ms
64 bytes from aaaa::212:7404:4:404: icmp_seq=88 ttl=63 time=161 ms
64 bytes from aaaa::212:7404:4:404: icmp_seq=90 ttl=63 time=157 ms
64 bytes from aaaa::212:7404:4:404: icmp_seq=92 ttl=63 time=2083 ms
64 bytes from aaaa::212:7404:4:404: icmp_seq=94 ttl=63 time=1864 ms
64 bytes from aaaa::212:7404:4:404: icmp_seq=95 ttl=63 time=257 ms
64 bytes from aaaa::212:7404:4:404: icmp_seq=96 ttl=63 time=4899 ms
64 bytes from aaaa::212:7404:4:404: icmp_seq=99 ttl=63 time=2250 ms
64 bytes from aaaa::212:7404:4:404: icmp_seq=100 ttl=63 time=931 ms
64 bytes from aaaa::212:7404:4:404: icmp_seq=101 ttl=63 time=1037 ms
64 bytes from aaaa::212:7404:4:404: icmp_seq=102 ttl=63 time=156 ms
64 bytes from aaaa::212:7404:4:404: icmp_seq=103 ttl=63 time=1915 ms
64 bytes from aaaa::212:7404:4:404: icmp_seq=104 ttl=63 time=510 ms
64 bytes from aaaa::212:7404:4:404: icmp_seq=105 ttl=63 time=1252 ms
64 bytes from aaaa::212:7404:4:404: icmp_seq=106 ttl=63 time=1996 ms
64 bytes from aaaa::212:7404:4:404: icmp_seq=107 ttl=63 time=2720 ms
64 bytes from aaaa::212:7404:4:404: icmp_seq=110 ttl=63 time=434 ms
64 bytes from aaaa::212:7404:4:404: icmp_seq=114 ttl=63 time=309 ms
64 bytes from aaaa::212:7404:4:404: icmp_seq=115 ttl=63 time=541 ms
64 bytes from aaaa::212:7404:4:404: icmp_seq=133 ttl=63 time=249 ms
64 bytes from aaaa::212:7404:4:404: icmp_seq=134 ttl=63 time=112 ms
64 bytes from aaaa::212:7404:4:404: icmp_seq=135 ttl=63 time=162 ms
64 bytes from aaaa::212:7404:4:404: icmp_seq=136 ttl=63 time=500 ms
64 bytes from aaaa::212:7404:4:404: icmp_seq=137 ttl=63 time=1088 ms
64 bytes from aaaa::212:7404:4:404: icmp_seq=138 ttl=63 time=153 ms
64 bytes from aaaa::212:7404:4:404: icmp_seq=139 ttl=63 time=380 ms
64 bytes from aaaa::212:7404:4:404: icmp_seq=142 ttl=63 time=470 ms
64 bytes from aaaa::212:7404:4:404: icmp_seq=143 ttl=63 time=146 ms
64 bytes from aaaa::212:7404:4:404: icmp_seq=147 ttl=63 time=238 ms
64 bytes from aaaa::212:7404:4:404: icmp_seq=148 ttl=63 time=590 ms
64 bytes from aaaa::212:7404:4:404: icmp_seq=150 ttl=63 time=415 ms
64 bytes from aaaa::212:7404:4:404: icmp_seq=151 ttl=63 time=510 ms
64 bytes from aaaa::212:7404:4:404: icmp_seq=152 ttl=63 time=199 ms
64 bytes from aaaa::212:7404:4:404: icmp_seq=153 ttl=63 time=318 ms
64 bytes from aaaa::212:7404:4:404: icmp_seq=154 ttl=63 time=214 ms
64 bytes from aaaa::212:7404:4:404: icmp_seq=155 ttl=63 time=273 ms
64 bytes from aaaa::212:7404:4:404: icmp_seq=156 ttl=63 time=205 ms
64 bytes from aaaa::212:7404:4:404: icmp_seq=157 ttl=63 time=293 ms
64 bytes from aaaa::212:7404:4:404: icmp_seq=158 ttl=63 time=298 ms
64 bytes from aaaa::212:7404:4:404: icmp_seq=159 ttl=63 time=203 ms
64 bytes from aaaa::212:7404:4:404: icmp_seq=160 ttl=63 time=138 ms
64 bytes from aaaa::212:7404:4:404: icmp_seq=161 ttl=63 time=241 ms
64 bytes from aaaa::212:7404:4:404: icmp_seq=162 ttl=63 time=130 ms
64 bytes from aaaa::212:7404:4:404: icmp_seq=163 ttl=63 time=739 ms
64 bytes from aaaa::212:7404:4:404: icmp_seq=164 ttl=63 time=172 ms
64 bytes from aaaa::212:7404:4:404: icmp_seq=165 ttl=63 time=262 ms
64 bytes from aaaa::212:7404:4:404: icmp_seq=166 ttl=63 time=160 ms
64 bytes from aaaa::212:7404:4:404: icmp_seq=168 ttl=63 time=406 ms
64 bytes from aaaa::212:7404:4:404: icmp_seq=169 ttl=63 time=330 ms
64 bytes from aaaa::212:7404:4:404: icmp_seq=170 ttl=63 time=248 ms
64 bytes from aaaa::212:7404:4:404: icmp_seq=171 ttl=63 time=422 ms
64 bytes from aaaa::212:7404:4:404: icmp_seq=172 ttl=63 time=1124 ms
64 bytes from aaaa::212:7404:4:404: icmp_seq=174 ttl=63 time=222 ms
64 bytes from aaaa::212:7404:4:404: icmp_seq=175 ttl=63 time=322 ms
64 bytes from aaaa::212:7404:4:404: icmp_seq=176 ttl=63 time=139 ms
64 bytes from aaaa::212:7404:4:404: icmp_seq=177 ttl=63 time=194 ms
64 bytes from aaaa::212:7404:4:404: icmp_seq=178 ttl=63 time=841 ms
64 bytes from aaaa::212:7404:4:404: icmp_seq=179 ttl=63 time=270 ms
64 bytes from aaaa::212:7404:4:404: icmp_seq=183 ttl=63 time=303 ms
64 bytes from aaaa::212:7404:4:404: icmp_seq=192 ttl=63 time=563 ms
64 bytes from aaaa::212:7404:4:404: icmp_seq=193 ttl=63 time=249 ms
64 bytes from aaaa::212:7404:4:404: icmp_seq=194 ttl=63 time=211 ms
64 bytes from aaaa::212:7404:4:404: icmp_seq=198 ttl=63 time=898 ms
64 bytes from aaaa::212:7404:4:404: icmp_seq=199 ttl=63 time=332 ms
64 bytes from aaaa::212:7404:4:404: icmp_seq=200 ttl=63 time=226 ms

--- aaaa::212:7404:4:404 ping statistics ---
200 packets transmitted, 124 received, 38% packet loss, time 1005314ms
rtt min/avg/max/mdev = 39.630/470.951/4899.072/639.757 ms
