PING fd00::212:7406:6:606(fd00::212:7406:6:606) 56 data bytes
64 bytes from fd00::212:7406:6:606: icmp_seq=1 ttl=62 time=165 ms
64 bytes from fd00::212:7406:6:606: icmp_seq=2 ttl=62 time=181 ms
64 bytes from fd00::212:7406:6:606: icmp_seq=3 ttl=62 time=617 ms
64 bytes from fd00::212:7406:6:606: icmp_seq=4 ttl=62 time=142 ms
64 bytes from fd00::212:7406:6:606: icmp_seq=5 ttl=62 time=101 ms
64 bytes from fd00::212:7406:6:606: icmp_seq=6 ttl=62 time=745 ms
64 bytes from fd00::212:7406:6:606: icmp_seq=7 ttl=62 time=128 ms
64 bytes from fd00::212:7406:6:606: icmp_seq=8 ttl=62 time=98.5 ms
64 bytes from fd00::212:7406:6:606: icmp_seq=9 ttl=62 time=104 ms
64 bytes from fd00::212:7406:6:606: icmp_seq=10 ttl=62 time=137 ms
64 bytes from fd00::212:7406:6:606: icmp_seq=11 ttl=62 time=105 ms
64 bytes from fd00::212:7406:6:606: icmp_seq=12 ttl=62 time=91.3 ms
64 bytes from fd00::212:7406:6:606: icmp_seq=13 ttl=62 time=92.4 ms
64 bytes from fd00::212:7406:6:606: icmp_seq=14 ttl=62 time=91.7 ms
64 bytes from fd00::212:7406:6:606: icmp_seq=15 ttl=62 time=91.2 ms
64 bytes from fd00::212:7406:6:606: icmp_seq=16 ttl=62 time=117 ms
64 bytes from fd00::212:7406:6:606: icmp_seq=17 ttl=62 time=108 ms
64 bytes from fd00::212:7406:6:606: icmp_seq=18 ttl=62 time=92.1 ms
64 bytes from fd00::212:7406:6:606: icmp_seq=19 ttl=62 time=124 ms
64 bytes from fd00::212:7406:6:606: icmp_seq=20 ttl=62 time=106 ms
64 bytes from fd00::212:7406:6:606: icmp_seq=21 ttl=62 time=117 ms
64 bytes from fd00::212:7406:6:606: icmp_seq=22 ttl=62 time=118 ms
64 bytes from fd00::212:7406:6:606: icmp_seq=23 ttl=62 time=138 ms
64 bytes from fd00::212:7406:6:606: icmp_seq=24 ttl=62 time=120 ms
64 bytes from fd00::212:7406:6:606: icmp_seq=25 ttl=62 time=106 ms
64 bytes from fd00::212:7406:6:606: icmp_seq=26 ttl=62 time=127 ms
64 bytes from fd00::212:7406:6:606: icmp_seq=27 ttl=62 time=96.8 ms
64 bytes from fd00::212:7406:6:606: icmp_seq=28 ttl=62 time=125 ms
64 bytes from fd00::212:7406:6:606: icmp_seq=29 ttl=62 time=182 ms
64 bytes from fd00::212:7406:6:606: icmp_seq=30 ttl=62 time=182 ms
64 bytes from fd00::212:7406:6:606: icmp_seq=31 ttl=62 time=135 ms
64 bytes from fd00::212:7406:6:606: icmp_seq=32 ttl=62 time=291 ms
64 bytes from fd00::212:7406:6:606: icmp_seq=33 ttl=62 time=151 ms
64 bytes from fd00::212:7406:6:606: icmp_seq=34 ttl=62 time=164 ms
64 bytes from fd00::212:7406:6:606: icmp_seq=35 ttl=62 time=144 ms
64 bytes from fd00::212:7406:6:606: icmp_seq=36 ttl=62 time=112 ms
64 bytes from fd00::212:7406:6:606: icmp_seq=37 ttl=62 time=115 ms
64 bytes from fd00::212:7406:6:606: icmp_seq=38 ttl=62 time=124 ms
64 bytes from fd00::212:7406:6:606: icmp_seq=39 ttl=62 time=124 ms
64 bytes from fd00::212:7406:6:606: icmp_seq=40 ttl=62 time=110 ms
64 bytes from fd00::212:7406:6:606: icmp_seq=41 ttl=62 time=114 ms
64 bytes from fd00::212:7406:6:606: icmp_seq=42 ttl=62 time=136 ms
64 bytes from fd00::212:7406:6:606: icmp_seq=43 ttl=62 time=141 ms
64 bytes from fd00::212:7406:6:606: icmp_seq=44 ttl=62 time=126 ms
64 bytes from fd00::212:7406:6:606: icmp_seq=45 ttl=62 time=129 ms
64 bytes from fd00::212:7406:6:606: icmp_seq=46 ttl=62 time=140 ms
64 bytes from fd00::212:7406:6:606: icmp_seq=47 ttl=62 time=132 ms
64 bytes from fd00::212:7406:6:606: icmp_seq=48 ttl=62 time=160 ms
64 bytes from fd00::212:7406:6:606: icmp_seq=49 ttl=62 time=115 ms
64 bytes from fd00::212:7406:6:606: icmp_seq=50 ttl=62 time=108 ms
64 bytes from fd00::212:7406:6:606: icmp_seq=51 ttl=62 time=163 ms
64 bytes from fd00::212:7406:6:606: icmp_seq=52 ttl=62 time=111 ms
64 bytes from fd00::212:7406:6:606: icmp_seq=53 ttl=62 time=138 ms
64 bytes from fd00::212:7406:6:606: icmp_seq=54 ttl=62 time=123 ms
64 bytes from fd00::212:7406:6:606: icmp_seq=55 ttl=62 time=116 ms
64 bytes from fd00::212:7406:6:606: icmp_seq=56 ttl=62 time=127 ms
64 bytes from fd00::212:7406:6:606: icmp_seq=57 ttl=62 time=121 ms
64 bytes from fd00::212:7406:6:606: icmp_seq=58 ttl=62 time=152 ms
64 bytes from fd00::212:7406:6:606: icmp_seq=59 ttl=62 time=135 ms
64 bytes from fd00::212:7406:6:606: icmp_seq=60 ttl=62 time=121 ms
64 bytes from fd00::212:7406:6:606: icmp_seq=61 ttl=62 time=94.8 ms
64 bytes from fd00::212:7406:6:606: icmp_seq=62 ttl=62 time=142 ms
64 bytes from fd00::212:7406:6:606: icmp_seq=63 ttl=62 time=131 ms
64 bytes from fd00::212:7406:6:606: icmp_seq=64 ttl=62 time=155 ms
64 bytes from fd00::212:7406:6:606: icmp_seq=65 ttl=62 time=144 ms
64 bytes from fd00::212:7406:6:606: icmp_seq=66 ttl=62 time=109 ms
64 bytes from fd00::212:7406:6:606: icmp_seq=67 ttl=62 time=142 ms
64 bytes from fd00::212:7406:6:606: icmp_seq=68 ttl=62 time=657 ms
64 bytes from fd00::212:7406:6:606: icmp_seq=69 ttl=62 time=124 ms
64 bytes from fd00::212:7406:6:606: icmp_seq=70 ttl=62 time=313 ms
64 bytes from fd00::212:7406:6:606: icmp_seq=71 ttl=62 time=118 ms
64 bytes from fd00::212:7406:6:606: icmp_seq=72 ttl=62 time=142 ms
64 bytes from fd00::212:7406:6:606: icmp_seq=73 ttl=62 time=268 ms
64 bytes from fd00::212:7406:6:606: icmp_seq=74 ttl=62 time=200 ms
64 bytes from fd00::212:7406:6:606: icmp_seq=75 ttl=62 time=210 ms
64 bytes from fd00::212:7406:6:606: icmp_seq=76 ttl=62 time=345 ms
64 bytes from fd00::212:7406:6:606: icmp_seq=77 ttl=62 time=270 ms
64 bytes from fd00::212:7406:6:606: icmp_seq=78 ttl=62 time=564 ms
64 bytes from fd00::212:7406:6:606: icmp_seq=79 ttl=62 time=190 ms
64 bytes from fd00::212:7406:6:606: icmp_seq=80 ttl=62 time=261 ms
64 bytes from fd00::212:7406:6:606: icmp_seq=81 ttl=62 time=423 ms
64 bytes from fd00::212:7406:6:606: icmp_seq=82 ttl=62 time=1338 ms
64 bytes from fd00::212:7406:6:606: icmp_seq=83 ttl=62 time=415 ms
64 bytes from fd00::212:7406:6:606: icmp_seq=85 ttl=62 time=301 ms
64 bytes from fd00::212:7406:6:606: icmp_seq=86 ttl=62 time=314 ms
64 bytes from fd00::212:7406:6:606: icmp_seq=87 ttl=62 time=321 ms
64 bytes from fd00::212:7406:6:606: icmp_seq=88 ttl=62 time=207 ms
64 bytes from fd00::212:7406:6:606: icmp_seq=89 ttl=62 time=496 ms
64 bytes from fd00::212:7406:6:606: icmp_seq=90 ttl=62 time=322 ms
64 bytes from fd00::212:7406:6:606: icmp_seq=91 ttl=62 time=327 ms
64 bytes from fd00::212:7406:6:606: icmp_seq=92 ttl=62 time=291 ms
64 bytes from fd00::212:7406:6:606: icmp_seq=93 ttl=62 time=406 ms
64 bytes from fd00::212:7406:6:606: icmp_seq=94 ttl=62 time=339 ms
64 bytes from fd00::212:7406:6:606: icmp_seq=95 ttl=62 time=425 ms
64 bytes from fd00::212:7406:6:606: icmp_seq=96 ttl=62 time=425 ms
64 bytes from fd00::212:7406:6:606: icmp_seq=98 ttl=62 time=118 ms
64 bytes from fd00::212:7406:6:606: icmp_seq=99 ttl=62 time=244 ms
64 bytes from fd00::212:7406:6:606: icmp_seq=100 ttl=62 time=169 ms
64 bytes from fd00::212:7406:6:606: icmp_seq=101 ttl=62 time=105 ms
64 bytes from fd00::212:7406:6:606: icmp_seq=102 ttl=62 time=278 ms
64 bytes from fd00::212:7406:6:606: icmp_seq=103 ttl=62 time=172 ms
64 bytes from fd00::212:7406:6:606: icmp_seq=104 ttl=62 time=145 ms
64 bytes from fd00::212:7406:6:606: icmp_seq=105 ttl=62 time=147 ms
64 bytes from fd00::212:7406:6:606: icmp_seq=106 ttl=62 time=189 ms
64 bytes from fd00::212:7406:6:606: icmp_seq=107 ttl=62 time=161 ms
64 bytes from fd00::212:7406:6:606: icmp_seq=108 ttl=62 time=388 ms
64 bytes from fd00::212:7406:6:606: icmp_seq=109 ttl=62 time=175 ms
64 bytes from fd00::212:7406:6:606: icmp_seq=110 ttl=62 time=141 ms
64 bytes from fd00::212:7406:6:606: icmp_seq=111 ttl=62 time=123 ms
64 bytes from fd00::212:7406:6:606: icmp_seq=112 ttl=62 time=143 ms
64 bytes from fd00::212:7406:6:606: icmp_seq=113 ttl=62 time=114 ms
64 bytes from fd00::212:7406:6:606: icmp_seq=114 ttl=62 time=115 ms
64 bytes from fd00::212:7406:6:606: icmp_seq=115 ttl=62 time=110 ms
64 bytes from fd00::212:7406:6:606: icmp_seq=116 ttl=62 time=161 ms
64 bytes from fd00::212:7406:6:606: icmp_seq=117 ttl=62 time=228 ms
64 bytes from fd00::212:7406:6:606: icmp_seq=118 ttl=62 time=170 ms
64 bytes from fd00::212:7406:6:606: icmp_seq=119 ttl=62 time=170 ms
64 bytes from fd00::212:7406:6:606: icmp_seq=120 ttl=62 time=111 ms
64 bytes from fd00::212:7406:6:606: icmp_seq=121 ttl=62 time=124 ms
64 bytes from fd00::212:7406:6:606: icmp_seq=122 ttl=62 time=181 ms
64 bytes from fd00::212:7406:6:606: icmp_seq=123 ttl=62 time=118 ms
64 bytes from fd00::212:7406:6:606: icmp_seq=124 ttl=62 time=131 ms
64 bytes from fd00::212:7406:6:606: icmp_seq=125 ttl=62 time=124 ms
64 bytes from fd00::212:7406:6:606: icmp_seq=126 ttl=62 time=153 ms
64 bytes from fd00::212:7406:6:606: icmp_seq=127 ttl=62 time=120 ms
64 bytes from fd00::212:7406:6:606: icmp_seq=128 ttl=62 time=106 ms
64 bytes from fd00::212:7406:6:606: icmp_seq=129 ttl=62 time=271 ms
64 bytes from fd00::212:7406:6:606: icmp_seq=130 ttl=62 time=129 ms
64 bytes from fd00::212:7406:6:606: icmp_seq=131 ttl=62 time=123 ms
64 bytes from fd00::212:7406:6:606: icmp_seq=132 ttl=62 time=169 ms
64 bytes from fd00::212:7406:6:606: icmp_seq=133 ttl=62 time=139 ms
64 bytes from fd00::212:7406:6:606: icmp_seq=134 ttl=62 time=181 ms
64 bytes from fd00::212:7406:6:606: icmp_seq=135 ttl=62 time=305 ms
64 bytes from fd00::212:7406:6:606: icmp_seq=136 ttl=62 time=163 ms
64 bytes from fd00::212:7406:6:606: icmp_seq=137 ttl=62 time=129 ms
64 bytes from fd00::212:7406:6:606: icmp_seq=139 ttl=62 time=136 ms
64 bytes from fd00::212:7406:6:606: icmp_seq=140 ttl=62 time=163 ms
64 bytes from fd00::212:7406:6:606: icmp_seq=141 ttl=62 time=128 ms
64 bytes from fd00::212:7406:6:606: icmp_seq=143 ttl=62 time=500 ms
64 bytes from fd00::212:7406:6:606: icmp_seq=146 ttl=62 time=650 ms
64 bytes from fd00::212:7406:6:606: icmp_seq=163 ttl=62 time=251 ms
64 bytes from fd00::212:7406:6:606: icmp_seq=164 ttl=62 time=348 ms
64 bytes from fd00::212:7406:6:606: icmp_seq=171 ttl=62 time=305 ms
64 bytes from fd00::212:7406:6:606: icmp_seq=172 ttl=62 time=104 ms
64 bytes from fd00::212:7406:6:606: icmp_seq=173 ttl=62 time=121 ms
64 bytes from fd00::212:7406:6:606: icmp_seq=174 ttl=62 time=294 ms
64 bytes from fd00::212:7406:6:606: icmp_seq=175 ttl=62 time=80.8 ms
64 bytes from fd00::212:7406:6:606: icmp_seq=176 ttl=62 time=384 ms
64 bytes from fd00::212:7406:6:606: icmp_seq=177 ttl=62 time=146 ms
64 bytes from fd00::212:7406:6:606: icmp_seq=180 ttl=62 time=426 ms
64 bytes from fd00::212:7406:6:606: icmp_seq=185 ttl=62 time=440 ms
64 bytes from fd00::212:7406:6:606: icmp_seq=191 ttl=62 time=340 ms
64 bytes from fd00::212:7406:6:606: icmp_seq=192 ttl=62 time=618 ms
64 bytes from fd00::212:7406:6:606: icmp_seq=193 ttl=62 time=348 ms
64 bytes from fd00::212:7406:6:606: icmp_seq=196 ttl=62 time=358 ms
64 bytes from fd00::212:7406:6:606: icmp_seq=197 ttl=62 time=242 ms
64 bytes from fd00::212:7406:6:606: icmp_seq=198 ttl=62 time=637 ms
64 bytes from fd00::212:7406:6:606: icmp_seq=199 ttl=62 time=195 ms
64 bytes from fd00::212:7406:6:606: icmp_seq=200 ttl=62 time=159 ms

--- fd00::212:7406:6:606 ping statistics ---
200 packets transmitted, 159 received, 20% packet loss, time 1001263ms
rtt min/avg/max/mdev = 80.828/212.243/1338.058/160.840 ms
