PING fd00::212:7408:8:808(fd00::212:7408:8:808) 56 data bytes
64 bytes from fd00::212:7408:8:808: icmp_seq=1 ttl=60 time=353 ms
64 bytes from fd00::212:7408:8:808: icmp_seq=2 ttl=60 time=313 ms
64 bytes from fd00::212:7408:8:808: icmp_seq=3 ttl=60 time=999 ms
64 bytes from fd00::212:7408:8:808: icmp_seq=9 ttl=60 time=845 ms
64 bytes from fd00::212:7408:8:808: icmp_seq=11 ttl=60 time=635 ms
64 bytes from fd00::212:7408:8:808: icmp_seq=14 ttl=60 time=1551 ms
64 bytes from fd00::212:7408:8:808: icmp_seq=16 ttl=60 time=781 ms
64 bytes from fd00::212:7408:8:808: icmp_seq=19 ttl=60 time=1330 ms
64 bytes from fd00::212:7408:8:808: icmp_seq=20 ttl=60 time=323 ms
64 bytes from fd00::212:7408:8:808: icmp_seq=23 ttl=60 time=1701 ms
64 bytes from fd00::212:7408:8:808: icmp_seq=24 ttl=60 time=576 ms
64 bytes from fd00::212:7408:8:808: icmp_seq=25 ttl=60 time=448 ms
64 bytes from fd00::212:7408:8:808: icmp_seq=26 ttl=60 time=301 ms
64 bytes from fd00::212:7408:8:808: icmp_seq=28 ttl=60 time=1652 ms
64 bytes from fd00::212:7408:8:808: icmp_seq=30 ttl=60 time=283 ms
64 bytes from fd00::212:7408:8:808: icmp_seq=31 ttl=60 time=396 ms
64 bytes from fd00::212:7408:8:808: icmp_seq=34 ttl=60 time=237 ms
64 bytes from fd00::212:7408:8:808: icmp_seq=35 ttl=60 time=363 ms
64 bytes from fd00::212:7408:8:808: icmp_seq=36 ttl=60 time=306 ms
64 bytes from fd00::212:7408:8:808: icmp_seq=37 ttl=60 time=394 ms
64 bytes from fd00::212:7408:8:808: icmp_seq=40 ttl=60 time=830 ms
64 bytes from fd00::212:7408:8:808: icmp_seq=41 ttl=60 time=656 ms
64 bytes from fd00::212:7408:8:808: icmp_seq=42 ttl=60 time=446 ms
64 bytes from fd00::212:7408:8:808: icmp_seq=44 ttl=60 time=404 ms
64 bytes from fd00::212:7408:8:808: icmp_seq=45 ttl=60 time=226 ms
64 bytes from fd00::212:7408:8:808: icmp_seq=46 ttl=60 time=570 ms
64 bytes from fd00::212:7408:8:808: icmp_seq=47 ttl=60 time=316 ms
64 bytes from fd00::212:7408:8:808: icmp_seq=50 ttl=60 time=1077 ms
64 bytes from fd00::212:7408:8:808: icmp_seq=51 ttl=60 time=1038 ms
64 bytes from fd00::212:7408:8:808: icmp_seq=52 ttl=60 time=225 ms
64 bytes from fd00::212:7408:8:808: icmp_seq=53 ttl=60 time=525 ms
64 bytes from fd00::212:7408:8:808: icmp_seq=54 ttl=60 time=257 ms
64 bytes from fd00::212:7408:8:808: icmp_seq=55 ttl=60 time=215 ms
64 bytes from fd00::212:7408:8:808: icmp_seq=56 ttl=60 time=198 ms
64 bytes from fd00::212:7408:8:808: icmp_seq=57 ttl=60 time=262 ms
64 bytes from fd00::212:7408:8:808: icmp_seq=58 ttl=60 time=192 ms
64 bytes from fd00::212:7408:8:808: icmp_seq=59 ttl=60 time=223 ms
64 bytes from fd00::212:7408:8:808: icmp_seq=60 ttl=60 time=318 ms
64 bytes from fd00::212:7408:8:808: icmp_seq=61 ttl=60 time=235 ms
64 bytes from fd00::212:7408:8:808: icmp_seq=62 ttl=60 time=239 ms
64 bytes from fd00::212:7408:8:808: icmp_seq=63 ttl=60 time=249 ms
64 bytes from fd00::212:7408:8:808: icmp_seq=64 ttl=60 time=239 ms
64 bytes from fd00::212:7408:8:808: icmp_seq=65 ttl=60 time=225 ms
64 bytes from fd00::212:7408:8:808: icmp_seq=66 ttl=60 time=212 ms
64 bytes from fd00::212:7408:8:808: icmp_seq=67 ttl=60 time=207 ms
64 bytes from fd00::212:7408:8:808: icmp_seq=68 ttl=60 time=209 ms
64 bytes from fd00::212:7408:8:808: icmp_seq=69 ttl=60 time=232 ms
64 bytes from fd00::212:7408:8:808: icmp_seq=70 ttl=60 time=250 ms
64 bytes from fd00::212:7408:8:808: icmp_seq=71 ttl=60 time=189 ms
64 bytes from fd00::212:7408:8:808: icmp_seq=72 ttl=60 time=221 ms
64 bytes from fd00::212:7408:8:808: icmp_seq=73 ttl=60 time=232 ms
64 bytes from fd00::212:7408:8:808: icmp_seq=74 ttl=60 time=309 ms
64 bytes from fd00::212:7408:8:808: icmp_seq=75 ttl=60 time=196 ms
64 bytes from fd00::212:7408:8:808: icmp_seq=76 ttl=60 time=236 ms
64 bytes from fd00::212:7408:8:808: icmp_seq=77 ttl=60 time=238 ms
64 bytes from fd00::212:7408:8:808: icmp_seq=78 ttl=60 time=207 ms
64 bytes from fd00::212:7408:8:808: icmp_seq=79 ttl=60 time=245 ms
64 bytes from fd00::212:7408:8:808: icmp_seq=80 ttl=60 time=206 ms
64 bytes from fd00::212:7408:8:808: icmp_seq=81 ttl=60 time=222 ms
64 bytes from fd00::212:7408:8:808: icmp_seq=82 ttl=60 time=222 ms
64 bytes from fd00::212:7408:8:808: icmp_seq=83 ttl=60 time=213 ms
64 bytes from fd00::212:7408:8:808: icmp_seq=84 ttl=60 time=204 ms
64 bytes from fd00::212:7408:8:808: icmp_seq=85 ttl=60 time=196 ms
64 bytes from fd00::212:7408:8:808: icmp_seq=86 ttl=60 time=239 ms
64 bytes from fd00::212:7408:8:808: icmp_seq=87 ttl=60 time=231 ms
64 bytes from fd00::212:7408:8:808: icmp_seq=88 ttl=60 time=179 ms
64 bytes from fd00::212:7408:8:808: icmp_seq=89 ttl=60 time=247 ms
64 bytes from fd00::212:7408:8:808: icmp_seq=90 ttl=60 time=216 ms
64 bytes from fd00::212:7408:8:808: icmp_seq=91 ttl=60 time=212 ms
64 bytes from fd00::212:7408:8:808: icmp_seq=92 ttl=60 time=231 ms
64 bytes from fd00::212:7408:8:808: icmp_seq=93 ttl=60 time=197 ms
64 bytes from fd00::212:7408:8:808: icmp_seq=94 ttl=60 time=213 ms
64 bytes from fd00::212:7408:8:808: icmp_seq=95 ttl=60 time=219 ms
64 bytes from fd00::212:7408:8:808: icmp_seq=96 ttl=60 time=238 ms
64 bytes from fd00::212:7408:8:808: icmp_seq=97 ttl=60 time=253 ms
64 bytes from fd00::212:7408:8:808: icmp_seq=98 ttl=60 time=219 ms
64 bytes from fd00::212:7408:8:808: icmp_seq=99 ttl=60 time=375 ms
64 bytes from fd00::212:7408:8:808: icmp_seq=100 ttl=60 time=221 ms
64 bytes from fd00::212:7408:8:808: icmp_seq=101 ttl=60 time=224 ms
64 bytes from fd00::212:7408:8:808: icmp_seq=102 ttl=60 time=187 ms
64 bytes from fd00::212:7408:8:808: icmp_seq=103 ttl=60 time=211 ms
64 bytes from fd00::212:7408:8:808: icmp_seq=104 ttl=60 time=230 ms
64 bytes from fd00::212:7408:8:808: icmp_seq=105 ttl=60 time=262 ms
64 bytes from fd00::212:7408:8:808: icmp_seq=106 ttl=60 time=220 ms
64 bytes from fd00::212:7408:8:808: icmp_seq=107 ttl=60 time=198 ms
64 bytes from fd00::212:7408:8:808: icmp_seq=108 ttl=60 time=255 ms
64 bytes from fd00::212:7408:8:808: icmp_seq=109 ttl=60 time=329 ms
64 bytes from fd00::212:7408:8:808: icmp_seq=110 ttl=60 time=220 ms
64 bytes from fd00::212:7408:8:808: icmp_seq=111 ttl=60 time=252 ms
64 bytes from fd00::212:7408:8:808: icmp_seq=112 ttl=60 time=793 ms
64 bytes from fd00::212:7408:8:808: icmp_seq=113 ttl=60 time=640 ms
64 bytes from fd00::212:7408:8:808: icmp_seq=115 ttl=60 time=394 ms
64 bytes from fd00::212:7408:8:808: icmp_seq=116 ttl=60 time=448 ms
64 bytes from fd00::212:7408:8:808: icmp_seq=117 ttl=60 time=639 ms
64 bytes from fd00::212:7408:8:808: icmp_seq=118 ttl=60 time=437 ms
64 bytes from fd00::212:7408:8:808: icmp_seq=120 ttl=60 time=600 ms
64 bytes from fd00::212:7408:8:808: icmp_seq=121 ttl=60 time=576 ms
64 bytes from fd00::212:7408:8:808: icmp_seq=122 ttl=60 time=516 ms
64 bytes from fd00::212:7408:8:808: icmp_seq=123 ttl=60 time=544 ms
64 bytes from fd00::212:7408:8:808: icmp_seq=124 ttl=60 time=527 ms
64 bytes from fd00::212:7408:8:808: icmp_seq=125 ttl=60 time=570 ms
64 bytes from fd00::212:7408:8:808: icmp_seq=126 ttl=60 time=523 ms
64 bytes from fd00::212:7408:8:808: icmp_seq=127 ttl=60 time=524 ms
64 bytes from fd00::212:7408:8:808: icmp_seq=128 ttl=60 time=545 ms
64 bytes from fd00::212:7408:8:808: icmp_seq=129 ttl=60 time=483 ms
64 bytes from fd00::212:7408:8:808: icmp_seq=130 ttl=60 time=705 ms
64 bytes from fd00::212:7408:8:808: icmp_seq=131 ttl=60 time=1229 ms
64 bytes from fd00::212:7408:8:808: icmp_seq=132 ttl=60 time=644 ms
64 bytes from fd00::212:7408:8:808: icmp_seq=133 ttl=60 time=423 ms
64 bytes from fd00::212:7408:8:808: icmp_seq=134 ttl=60 time=597 ms
64 bytes from fd00::212:7408:8:808: icmp_seq=135 ttl=60 time=406 ms
64 bytes from fd00::212:7408:8:808: icmp_seq=136 ttl=60 time=664 ms
64 bytes from fd00::212:7408:8:808: icmp_seq=137 ttl=60 time=569 ms
64 bytes from fd00::212:7408:8:808: icmp_seq=138 ttl=60 time=643 ms
64 bytes from fd00::212:7408:8:808: icmp_seq=139 ttl=60 time=468 ms
64 bytes from fd00::212:7408:8:808: icmp_seq=140 ttl=60 time=353 ms
64 bytes from fd00::212:7408:8:808: icmp_seq=141 ttl=60 time=694 ms
64 bytes from fd00::212:7408:8:808: icmp_seq=142 ttl=60 time=407 ms
64 bytes from fd00::212:7408:8:808: icmp_seq=143 ttl=60 time=716 ms
64 bytes from fd00::212:7408:8:808: icmp_seq=144 ttl=60 time=429 ms
64 bytes from fd00::212:7408:8:808: icmp_seq=146 ttl=60 time=510 ms
64 bytes from fd00::212:7408:8:808: icmp_seq=147 ttl=60 time=441 ms
64 bytes from fd00::212:7408:8:808: icmp_seq=148 ttl=60 time=368 ms
64 bytes from fd00::212:7408:8:808: icmp_seq=151 ttl=60 time=568 ms
64 bytes from fd00::212:7408:8:808: icmp_seq=159 ttl=60 time=621 ms
64 bytes from fd00::212:7408:8:808: icmp_seq=166 ttl=60 time=238 ms
64 bytes from fd00::212:7408:8:808: icmp_seq=172 ttl=60 time=454 ms
64 bytes from fd00::212:7408:8:808: icmp_seq=173 ttl=60 time=363 ms
64 bytes from fd00::212:7408:8:808: icmp_seq=174 ttl=60 time=334 ms
64 bytes from fd00::212:7408:8:808: icmp_seq=175 ttl=60 time=459 ms
64 bytes from fd00::212:7408:8:808: icmp_seq=176 ttl=60 time=503 ms
64 bytes from fd00::212:7408:8:808: icmp_seq=177 ttl=60 time=529 ms
64 bytes from fd00::212:7408:8:808: icmp_seq=178 ttl=60 time=446 ms
64 bytes from fd00::212:7408:8:808: icmp_seq=179 ttl=60 time=468 ms
64 bytes from fd00::212:7408:8:808: icmp_seq=180 ttl=60 time=450 ms
64 bytes from fd00::212:7408:8:808: icmp_seq=181 ttl=60 time=471 ms
64 bytes from fd00::212:7408:8:808: icmp_seq=182 ttl=60 time=367 ms
64 bytes from fd00::212:7408:8:808: icmp_seq=183 ttl=60 time=489 ms
64 bytes from fd00::212:7408:8:808: icmp_seq=184 ttl=60 time=523 ms
64 bytes from fd00::212:7408:8:808: icmp_seq=185 ttl=60 time=579 ms
64 bytes from fd00::212:7408:8:808: icmp_seq=186 ttl=60 time=321 ms
64 bytes from fd00::212:7408:8:808: icmp_seq=187 ttl=60 time=435 ms
64 bytes from fd00::212:7408:8:808: icmp_seq=188 ttl=60 time=380 ms
64 bytes from fd00::212:7408:8:808: icmp_seq=189 ttl=60 time=320 ms
64 bytes from fd00::212:7408:8:808: icmp_seq=190 ttl=60 time=376 ms
64 bytes from fd00::212:7408:8:808: icmp_seq=191 ttl=60 time=437 ms
64 bytes from fd00::212:7408:8:808: icmp_seq=192 ttl=60 time=336 ms
64 bytes from fd00::212:7408:8:808: icmp_seq=193 ttl=60 time=558 ms
64 bytes from fd00::212:7408:8:808: icmp_seq=194 ttl=60 time=320 ms
64 bytes from fd00::212:7408:8:808: icmp_seq=195 ttl=60 time=380 ms
64 bytes from fd00::212:7408:8:808: icmp_seq=196 ttl=60 time=408 ms
64 bytes from fd00::212:7408:8:808: icmp_seq=197 ttl=60 time=321 ms
64 bytes from fd00::212:7408:8:808: icmp_seq=198 ttl=60 time=349 ms
64 bytes from fd00::212:7408:8:808: icmp_seq=199 ttl=60 time=351 ms
64 bytes from fd00::212:7408:8:808: icmp_seq=200 ttl=60 time=219 ms

--- fd00::212:7408:8:808 ping statistics ---
200 packets transmitted, 155 received, 22% packet loss, time 1001896ms
rtt min/avg/max/mdev = 179.672/425.464/1701.041/269.019 ms
