PING fd00::212:7405:5:505(fd00::212:7405:5:505) 56 data bytes
64 bytes from fd00::212:7405:5:505: icmp_seq=1 ttl=61 time=253 ms
64 bytes from fd00::212:7405:5:505: icmp_seq=2 ttl=61 time=159 ms
64 bytes from fd00::212:7405:5:505: icmp_seq=3 ttl=61 time=193 ms
64 bytes from fd00::212:7405:5:505: icmp_seq=4 ttl=61 time=814 ms
64 bytes from fd00::212:7405:5:505: icmp_seq=5 ttl=61 time=200 ms
64 bytes from fd00::212:7405:5:505: icmp_seq=6 ttl=61 time=137 ms
64 bytes from fd00::212:7405:5:505: icmp_seq=7 ttl=61 time=155 ms
64 bytes from fd00::212:7405:5:505: icmp_seq=8 ttl=61 time=212 ms
64 bytes from fd00::212:7405:5:505: icmp_seq=9 ttl=61 time=1383 ms
64 bytes from fd00::212:7405:5:505: icmp_seq=11 ttl=61 time=311 ms
64 bytes from fd00::212:7405:5:505: icmp_seq=12 ttl=61 time=219 ms
64 bytes from fd00::212:7405:5:505: icmp_seq=15 ttl=61 time=375 ms
64 bytes from fd00::212:7405:5:505: icmp_seq=16 ttl=61 time=226 ms
64 bytes from fd00::212:7405:5:505: icmp_seq=17 ttl=61 time=326 ms
64 bytes from fd00::212:7405:5:505: icmp_seq=18 ttl=61 time=278 ms
64 bytes from fd00::212:7405:5:505: icmp_seq=20 ttl=61 time=960 ms
64 bytes from fd00::212:7405:5:505: icmp_seq=21 ttl=61 time=231 ms
64 bytes from fd00::212:7405:5:505: icmp_seq=22 ttl=61 time=153 ms
64 bytes from fd00::212:7405:5:505: icmp_seq=23 ttl=61 time=1633 ms
64 bytes from fd00::212:7405:5:505: icmp_seq=30 ttl=61 time=754 ms
64 bytes from fd00::212:7405:5:505: icmp_seq=31 ttl=61 time=459 ms
64 bytes from fd00::212:7405:5:505: icmp_seq=36 ttl=61 time=370 ms
64 bytes from fd00::212:7405:5:505: icmp_seq=37 ttl=61 time=344 ms
64 bytes from fd00::212:7405:5:505: icmp_seq=38 ttl=61 time=415 ms
64 bytes from fd00::212:7405:5:505: icmp_seq=39 ttl=61 time=761 ms
64 bytes from fd00::212:7405:5:505: icmp_seq=43 ttl=61 time=506 ms
64 bytes from fd00::212:7405:5:505: icmp_seq=44 ttl=61 time=437 ms
64 bytes from fd00::212:7405:5:505: icmp_seq=46 ttl=61 time=228 ms
64 bytes from fd00::212:7405:5:505: icmp_seq=47 ttl=61 time=459 ms
64 bytes from fd00::212:7405:5:505: icmp_seq=50 ttl=61 time=543 ms
64 bytes from fd00::212:7405:5:505: icmp_seq=51 ttl=61 time=339 ms
64 bytes from fd00::212:7405:5:505: icmp_seq=60 ttl=61 time=310 ms
64 bytes from fd00::212:7405:5:505: icmp_seq=61 ttl=61 time=245 ms
64 bytes from fd00::212:7405:5:505: icmp_seq=62 ttl=61 time=251 ms
64 bytes from fd00::212:7405:5:505: icmp_seq=67 ttl=61 time=248 ms
64 bytes from fd00::212:7405:5:505: icmp_seq=71 ttl=61 time=287 ms
64 bytes from fd00::212:7405:5:505: icmp_seq=72 ttl=61 time=276 ms
64 bytes from fd00::212:7405:5:505: icmp_seq=73 ttl=61 time=267 ms
64 bytes from fd00::212:7405:5:505: icmp_seq=74 ttl=61 time=480 ms
64 bytes from fd00::212:7405:5:505: icmp_seq=75 ttl=61 time=579 ms
64 bytes from fd00::212:7405:5:505: icmp_seq=76 ttl=61 time=273 ms
64 bytes from fd00::212:7405:5:505: icmp_seq=77 ttl=61 time=336 ms
64 bytes from fd00::212:7405:5:505: icmp_seq=78 ttl=61 time=486 ms
64 bytes from fd00::212:7405:5:505: icmp_seq=79 ttl=61 time=194 ms
64 bytes from fd00::212:7405:5:505: icmp_seq=80 ttl=61 time=406 ms
64 bytes from fd00::212:7405:5:505: icmp_seq=81 ttl=61 time=157 ms
64 bytes from fd00::212:7405:5:505: icmp_seq=82 ttl=61 time=380 ms
64 bytes from fd00::212:7405:5:505: icmp_seq=83 ttl=61 time=212 ms
64 bytes from fd00::212:7405:5:505: icmp_seq=84 ttl=61 time=316 ms
64 bytes from fd00::212:7405:5:505: icmp_seq=85 ttl=61 time=854 ms
64 bytes from fd00::212:7405:5:505: icmp_seq=86 ttl=61 time=275 ms
64 bytes from fd00::212:7405:5:505: icmp_seq=87 ttl=61 time=243 ms
64 bytes from fd00::212:7405:5:505: icmp_seq=88 ttl=61 time=233 ms
64 bytes from fd00::212:7405:5:505: icmp_seq=89 ttl=61 time=238 ms
64 bytes from fd00::212:7405:5:505: icmp_seq=90 ttl=61 time=368 ms
64 bytes from fd00::212:7405:5:505: icmp_seq=91 ttl=61 time=413 ms
64 bytes from fd00::212:7405:5:505: icmp_seq=92 ttl=61 time=747 ms
64 bytes from fd00::212:7405:5:505: icmp_seq=93 ttl=61 time=560 ms
64 bytes from fd00::212:7405:5:505: icmp_seq=94 ttl=61 time=560 ms
64 bytes from fd00::212:7405:5:505: icmp_seq=95 ttl=61 time=382 ms
64 bytes from fd00::212:7405:5:505: icmp_seq=96 ttl=61 time=596 ms
64 bytes from fd00::212:7405:5:505: icmp_seq=97 ttl=61 time=173 ms
64 bytes from fd00::212:7405:5:505: icmp_seq=98 ttl=61 time=379 ms
64 bytes from fd00::212:7405:5:505: icmp_seq=99 ttl=61 time=110 ms
64 bytes from fd00::212:7405:5:505: icmp_seq=100 ttl=61 time=138 ms
64 bytes from fd00::212:7405:5:505: icmp_seq=101 ttl=61 time=226 ms
64 bytes from fd00::212:7405:5:505: icmp_seq=102 ttl=61 time=173 ms
64 bytes from fd00::212:7405:5:505: icmp_seq=103 ttl=61 time=127 ms
64 bytes from fd00::212:7405:5:505: icmp_seq=104 ttl=61 time=124 ms
64 bytes from fd00::212:7405:5:505: icmp_seq=105 ttl=61 time=112 ms
64 bytes from fd00::212:7405:5:505: icmp_seq=106 ttl=61 time=134 ms
64 bytes from fd00::212:7405:5:505: icmp_seq=107 ttl=61 time=134 ms
64 bytes from fd00::212:7405:5:505: icmp_seq=108 ttl=61 time=141 ms
64 bytes from fd00::212:7405:5:505: icmp_seq=109 ttl=61 time=192 ms
64 bytes from fd00::212:7405:5:505: icmp_seq=110 ttl=61 time=139 ms
64 bytes from fd00::212:7405:5:505: icmp_seq=111 ttl=61 time=163 ms
64 bytes from fd00::212:7405:5:505: icmp_seq=112 ttl=61 time=120 ms
64 bytes from fd00::212:7405:5:505: icmp_seq=113 ttl=61 time=152 ms
64 bytes from fd00::212:7405:5:505: icmp_seq=114 ttl=61 time=155 ms
64 bytes from fd00::212:7405:5:505: icmp_seq=115 ttl=61 time=123 ms
64 bytes from fd00::212:7405:5:505: icmp_seq=116 ttl=61 time=143 ms
64 bytes from fd00::212:7405:5:505: icmp_seq=117 ttl=61 time=118 ms
64 bytes from fd00::212:7405:5:505: icmp_seq=118 ttl=61 time=129 ms
64 bytes from fd00::212:7405:5:505: icmp_seq=119 ttl=61 time=138 ms
64 bytes from fd00::212:7405:5:505: icmp_seq=120 ttl=61 time=148 ms
64 bytes from fd00::212:7405:5:505: icmp_seq=121 ttl=61 time=131 ms
64 bytes from fd00::212:7405:5:505: icmp_seq=122 ttl=61 time=141 ms
64 bytes from fd00::212:7405:5:505: icmp_seq=123 ttl=61 time=147 ms
64 bytes from fd00::212:7405:5:505: icmp_seq=124 ttl=61 time=180 ms
64 bytes from fd00::212:7405:5:505: icmp_seq=125 ttl=61 time=145 ms
64 bytes from fd00::212:7405:5:505: icmp_seq=126 ttl=61 time=176 ms
64 bytes from fd00::212:7405:5:505: icmp_seq=127 ttl=61 time=130 ms
64 bytes from fd00::212:7405:5:505: icmp_seq=128 ttl=61 time=168 ms
64 bytes from fd00::212:7405:5:505: icmp_seq=129 ttl=61 time=138 ms
64 bytes from fd00::212:7405:5:505: icmp_seq=130 ttl=61 time=142 ms
64 bytes from fd00::212:7405:5:505: icmp_seq=131 ttl=61 time=162 ms
64 bytes from fd00::212:7405:5:505: icmp_seq=132 ttl=61 time=132 ms
64 bytes from fd00::212:7405:5:505: icmp_seq=133 ttl=61 time=170 ms
64 bytes from fd00::212:7405:5:505: icmp_seq=134 ttl=61 time=170 ms
64 bytes from fd00::212:7405:5:505: icmp_seq=135 ttl=61 time=160 ms
64 bytes from fd00::212:7405:5:505: icmp_seq=136 ttl=61 time=932 ms
64 bytes from fd00::212:7405:5:505: icmp_seq=137 ttl=61 time=146 ms
64 bytes from fd00::212:7405:5:505: icmp_seq=138 ttl=61 time=155 ms
64 bytes from fd00::212:7405:5:505: icmp_seq=139 ttl=61 time=171 ms
64 bytes from fd00::212:7405:5:505: icmp_seq=140 ttl=61 time=139 ms
64 bytes from fd00::212:7405:5:505: icmp_seq=141 ttl=61 time=163 ms
64 bytes from fd00::212:7405:5:505: icmp_seq=142 ttl=61 time=159 ms
64 bytes from fd00::212:7405:5:505: icmp_seq=143 ttl=61 time=139 ms
64 bytes from fd00::212:7405:5:505: icmp_seq=144 ttl=61 time=150 ms
64 bytes from fd00::212:7405:5:505: icmp_seq=145 ttl=61 time=133 ms
64 bytes from fd00::212:7405:5:505: icmp_seq=146 ttl=61 time=178 ms
64 bytes from fd00::212:7405:5:505: icmp_seq=147 ttl=61 time=163 ms
64 bytes from fd00::212:7405:5:505: icmp_seq=148 ttl=61 time=197 ms
64 bytes from fd00::212:7405:5:505: icmp_seq=149 ttl=61 time=150 ms
64 bytes from fd00::212:7405:5:505: icmp_seq=150 ttl=61 time=134 ms
64 bytes from fd00::212:7405:5:505: icmp_seq=151 ttl=61 time=152 ms
64 bytes from fd00::212:7405:5:505: icmp_seq=152 ttl=61 time=162 ms
64 bytes from fd00::212:7405:5:505: icmp_seq=153 ttl=61 time=144 ms
64 bytes from fd00::212:7405:5:505: icmp_seq=154 ttl=61 time=147 ms
64 bytes from fd00::212:7405:5:505: icmp_seq=155 ttl=61 time=170 ms
64 bytes from fd00::212:7405:5:505: icmp_seq=156 ttl=61 time=151 ms
64 bytes from fd00::212:7405:5:505: icmp_seq=157 ttl=61 time=169 ms
64 bytes from fd00::212:7405:5:505: icmp_seq=158 ttl=61 time=166 ms
64 bytes from fd00::212:7405:5:505: icmp_seq=159 ttl=61 time=117 ms
64 bytes from fd00::212:7405:5:505: icmp_seq=160 ttl=61 time=175 ms
64 bytes from fd00::212:7405:5:505: icmp_seq=161 ttl=61 time=132 ms
64 bytes from fd00::212:7405:5:505: icmp_seq=162 ttl=61 time=153 ms
64 bytes from fd00::212:7405:5:505: icmp_seq=163 ttl=61 time=237 ms
64 bytes from fd00::212:7405:5:505: icmp_seq=164 ttl=61 time=166 ms
64 bytes from fd00::212:7405:5:505: icmp_seq=165 ttl=61 time=159 ms
64 bytes from fd00::212:7405:5:505: icmp_seq=166 ttl=61 time=164 ms
64 bytes from fd00::212:7405:5:505: icmp_seq=167 ttl=61 time=163 ms
64 bytes from fd00::212:7405:5:505: icmp_seq=168 ttl=61 time=134 ms
64 bytes from fd00::212:7405:5:505: icmp_seq=169 ttl=61 time=177 ms
64 bytes from fd00::212:7405:5:505: icmp_seq=170 ttl=61 time=136 ms
64 bytes from fd00::212:7405:5:505: icmp_seq=171 ttl=61 time=140 ms
64 bytes from fd00::212:7405:5:505: icmp_seq=172 ttl=61 time=148 ms
64 bytes from fd00::212:7405:5:505: icmp_seq=173 ttl=61 time=448 ms
64 bytes from fd00::212:7405:5:505: icmp_seq=174 ttl=61 time=463 ms
64 bytes from fd00::212:7405:5:505: icmp_seq=175 ttl=61 time=480 ms
64 bytes from fd00::212:7405:5:505: icmp_seq=176 ttl=61 time=437 ms
64 bytes from fd00::212:7405:5:505: icmp_seq=177 ttl=61 time=485 ms
64 bytes from fd00::212:7405:5:505: icmp_seq=178 ttl=61 time=497 ms
64 bytes from fd00::212:7405:5:505: icmp_seq=179 ttl=61 time=428 ms
64 bytes from fd00::212:7405:5:505: icmp_seq=180 ttl=61 time=527 ms
64 bytes from fd00::212:7405:5:505: icmp_seq=181 ttl=61 time=433 ms
64 bytes from fd00::212:7405:5:505: icmp_seq=182 ttl=61 time=452 ms
64 bytes from fd00::212:7405:5:505: icmp_seq=183 ttl=61 time=480 ms
64 bytes from fd00::212:7405:5:505: icmp_seq=184 ttl=61 time=337 ms
64 bytes from fd00::212:7405:5:505: icmp_seq=185 ttl=61 time=492 ms
64 bytes from fd00::212:7405:5:505: icmp_seq=186 ttl=61 time=404 ms
64 bytes from fd00::212:7405:5:505: icmp_seq=187 ttl=61 time=304 ms
64 bytes from fd00::212:7405:5:505: icmp_seq=188 ttl=61 time=509 ms
64 bytes from fd00::212:7405:5:505: icmp_seq=189 ttl=61 time=357 ms
64 bytes from fd00::212:7405:5:505: icmp_seq=190 ttl=61 time=285 ms
64 bytes from fd00::212:7405:5:505: icmp_seq=191 ttl=61 time=353 ms
64 bytes from fd00::212:7405:5:505: icmp_seq=192 ttl=61 time=415 ms
64 bytes from fd00::212:7405:5:505: icmp_seq=193 ttl=61 time=316 ms
64 bytes from fd00::212:7405:5:505: icmp_seq=194 ttl=61 time=521 ms
64 bytes from fd00::212:7405:5:505: icmp_seq=195 ttl=61 time=293 ms
64 bytes from fd00::212:7405:5:505: icmp_seq=196 ttl=61 time=341 ms
64 bytes from fd00::212:7405:5:505: icmp_seq=197 ttl=61 time=370 ms
64 bytes from fd00::212:7405:5:505: icmp_seq=198 ttl=61 time=285 ms
64 bytes from fd00::212:7405:5:505: icmp_seq=199 ttl=61 time=324 ms
64 bytes from fd00::212:7405:5:505: icmp_seq=200 ttl=61 time=330 ms

--- fd00::212:7405:5:505 ping statistics ---
200 packets transmitted, 165 received, 17% packet loss, time 999922ms
rtt min/avg/max/mdev = 110.974/297.000/1633.328/219.312 ms
