PING fd00::212:740a:a:a0a(fd00::212:740a:a:a0a) 56 data bytes
64 bytes from fd00::212:740a:a:a0a: icmp_seq=1 ttl=60 time=533 ms
64 bytes from fd00::212:740a:a:a0a: icmp_seq=2 ttl=60 time=492 ms
64 bytes from fd00::212:740a:a:a0a: icmp_seq=3 ttl=60 time=405 ms
64 bytes from fd00::212:740a:a:a0a: icmp_seq=4 ttl=60 time=451 ms
64 bytes from fd00::212:740a:a:a0a: icmp_seq=6 ttl=60 time=460 ms
64 bytes from fd00::212:740a:a:a0a: icmp_seq=8 ttl=60 time=271 ms
64 bytes from fd00::212:740a:a:a0a: icmp_seq=9 ttl=60 time=228 ms
64 bytes from fd00::212:740a:a:a0a: icmp_seq=10 ttl=60 time=1458 ms
64 bytes from fd00::212:740a:a:a0a: icmp_seq=11 ttl=60 time=591 ms
64 bytes from fd00::212:740a:a:a0a: icmp_seq=12 ttl=60 time=262 ms
64 bytes from fd00::212:740a:a:a0a: icmp_seq=13 ttl=60 time=1041 ms
64 bytes from fd00::212:740a:a:a0a: icmp_seq=16 ttl=60 time=314 ms
64 bytes from fd00::212:740a:a:a0a: icmp_seq=17 ttl=60 time=231 ms
64 bytes from fd00::212:740a:a:a0a: icmp_seq=18 ttl=60 time=458 ms
64 bytes from fd00::212:740a:a:a0a: icmp_seq=19 ttl=60 time=1789 ms
64 bytes from fd00::212:740a:a:a0a: icmp_seq=20 ttl=60 time=550 ms
64 bytes from fd00::212:740a:a:a0a: icmp_seq=21 ttl=60 time=244 ms
64 bytes from fd00::212:740a:a:a0a: icmp_seq=22 ttl=60 time=294 ms
64 bytes from fd00::212:740a:a:a0a: icmp_seq=25 ttl=60 time=795 ms
64 bytes from fd00::212:740a:a:a0a: icmp_seq=26 ttl=60 time=823 ms
64 bytes from fd00::212:740a:a:a0a: icmp_seq=27 ttl=60 time=204 ms
64 bytes from fd00::212:740a:a:a0a: icmp_seq=30 ttl=60 time=494 ms
64 bytes from fd00::212:740a:a:a0a: icmp_seq=31 ttl=60 time=924 ms
64 bytes from fd00::212:740a:a:a0a: icmp_seq=32 ttl=60 time=700 ms
64 bytes from fd00::212:740a:a:a0a: icmp_seq=33 ttl=60 time=815 ms
64 bytes from fd00::212:740a:a:a0a: icmp_seq=35 ttl=60 time=1334 ms
64 bytes from fd00::212:740a:a:a0a: icmp_seq=37 ttl=60 time=613 ms
64 bytes from fd00::212:740a:a:a0a: icmp_seq=38 ttl=60 time=595 ms
64 bytes from fd00::212:740a:a:a0a: icmp_seq=39 ttl=60 time=414 ms
64 bytes from fd00::212:740a:a:a0a: icmp_seq=53 ttl=60 time=306 ms
64 bytes from fd00::212:740a:a:a0a: icmp_seq=61 ttl=60 time=375 ms
64 bytes from fd00::212:740a:a:a0a: icmp_seq=85 ttl=60 time=286 ms
64 bytes from fd00::212:740a:a:a0a: icmp_seq=93 ttl=60 time=449 ms
64 bytes from fd00::212:740a:a:a0a: icmp_seq=94 ttl=60 time=624 ms
64 bytes from fd00::212:740a:a:a0a: icmp_seq=108 ttl=60 time=593 ms
64 bytes from fd00::212:740a:a:a0a: icmp_seq=112 ttl=60 time=541 ms
64 bytes from fd00::212:740a:a:a0a: icmp_seq=114 ttl=60 time=676 ms
64 bytes from fd00::212:740a:a:a0a: icmp_seq=115 ttl=60 time=471 ms
64 bytes from fd00::212:740a:a:a0a: icmp_seq=116 ttl=60 time=286 ms
64 bytes from fd00::212:740a:a:a0a: icmp_seq=117 ttl=60 time=745 ms
64 bytes from fd00::212:740a:a:a0a: icmp_seq=118 ttl=60 time=409 ms
64 bytes from fd00::212:740a:a:a0a: icmp_seq=119 ttl=60 time=661 ms
64 bytes from fd00::212:740a:a:a0a: icmp_seq=120 ttl=60 time=418 ms
64 bytes from fd00::212:740a:a:a0a: icmp_seq=121 ttl=60 time=428 ms
64 bytes from fd00::212:740a:a:a0a: icmp_seq=122 ttl=60 time=357 ms
64 bytes from fd00::212:740a:a:a0a: icmp_seq=123 ttl=60 time=338 ms
64 bytes from fd00::212:740a:a:a0a: icmp_seq=124 ttl=60 time=415 ms
64 bytes from fd00::212:740a:a:a0a: icmp_seq=125 ttl=60 time=343 ms
64 bytes from fd00::212:740a:a:a0a: icmp_seq=126 ttl=60 time=445 ms
64 bytes from fd00::212:740a:a:a0a: icmp_seq=127 ttl=60 time=400 ms
64 bytes from fd00::212:740a:a:a0a: icmp_seq=128 ttl=60 time=359 ms
64 bytes from fd00::212:740a:a:a0a: icmp_seq=129 ttl=60 time=738 ms
64 bytes from fd00::212:740a:a:a0a: icmp_seq=130 ttl=60 time=548 ms
64 bytes from fd00::212:740a:a:a0a: icmp_seq=131 ttl=60 time=687 ms
64 bytes from fd00::212:740a:a:a0a: icmp_seq=132 ttl=60 time=682 ms
64 bytes from fd00::212:740a:a:a0a: icmp_seq=133 ttl=60 time=261 ms
64 bytes from fd00::212:740a:a:a0a: icmp_seq=134 ttl=60 time=627 ms
64 bytes from fd00::212:740a:a:a0a: icmp_seq=135 ttl=60 time=475 ms
64 bytes from fd00::212:740a:a:a0a: icmp_seq=136 ttl=60 time=631 ms
64 bytes from fd00::212:740a:a:a0a: icmp_seq=137 ttl=60 time=322 ms
64 bytes from fd00::212:740a:a:a0a: icmp_seq=138 ttl=60 time=802 ms
64 bytes from fd00::212:740a:a:a0a: icmp_seq=139 ttl=60 time=176 ms
64 bytes from fd00::212:740a:a:a0a: icmp_seq=140 ttl=60 time=194 ms
64 bytes from fd00::212:740a:a:a0a: icmp_seq=141 ttl=60 time=427 ms
64 bytes from fd00::212:740a:a:a0a: icmp_seq=142 ttl=60 time=245 ms
64 bytes from fd00::212:740a:a:a0a: icmp_seq=143 ttl=60 time=871 ms
64 bytes from fd00::212:740a:a:a0a: icmp_seq=144 ttl=60 time=210 ms
64 bytes from fd00::212:740a:a:a0a: icmp_seq=145 ttl=60 time=553 ms
64 bytes from fd00::212:740a:a:a0a: icmp_seq=146 ttl=60 time=260 ms
64 bytes from fd00::212:740a:a:a0a: icmp_seq=147 ttl=60 time=222 ms
64 bytes from fd00::212:740a:a:a0a: icmp_seq=148 ttl=60 time=268 ms
64 bytes from fd00::212:740a:a:a0a: icmp_seq=149 ttl=60 time=231 ms
64 bytes from fd00::212:740a:a:a0a: icmp_seq=150 ttl=60 time=243 ms
64 bytes from fd00::212:740a:a:a0a: icmp_seq=151 ttl=60 time=278 ms
64 bytes from fd00::212:740a:a:a0a: icmp_seq=152 ttl=60 time=222 ms
64 bytes from fd00::212:740a:a:a0a: icmp_seq=153 ttl=60 time=243 ms
64 bytes from fd00::212:740a:a:a0a: icmp_seq=154 ttl=60 time=335 ms
64 bytes from fd00::212:740a:a:a0a: icmp_seq=155 ttl=60 time=218 ms
64 bytes from fd00::212:740a:a:a0a: icmp_seq=156 ttl=60 time=229 ms
64 bytes from fd00::212:740a:a:a0a: icmp_seq=157 ttl=60 time=201 ms
64 bytes from fd00::212:740a:a:a0a: icmp_seq=158 ttl=60 time=237 ms
64 bytes from fd00::212:740a:a:a0a: icmp_seq=159 ttl=60 time=220 ms
64 bytes from fd00::212:740a:a:a0a: icmp_seq=160 ttl=60 time=216 ms
64 bytes from fd00::212:740a:a:a0a: icmp_seq=161 ttl=60 time=266 ms
64 bytes from fd00::212:740a:a:a0a: icmp_seq=162 ttl=60 time=224 ms
64 bytes from fd00::212:740a:a:a0a: icmp_seq=163 ttl=60 time=229 ms
64 bytes from fd00::212:740a:a:a0a: icmp_seq=164 ttl=60 time=225 ms
64 bytes from fd00::212:740a:a:a0a: icmp_seq=165 ttl=60 time=322 ms
64 bytes from fd00::212:740a:a:a0a: icmp_seq=166 ttl=60 time=208 ms
64 bytes from fd00::212:740a:a:a0a: icmp_seq=167 ttl=60 time=228 ms
64 bytes from fd00::212:740a:a:a0a: icmp_seq=168 ttl=60 time=248 ms
64 bytes from fd00::212:740a:a:a0a: icmp_seq=169 ttl=60 time=226 ms
64 bytes from fd00::212:740a:a:a0a: icmp_seq=170 ttl=60 time=257 ms
64 bytes from fd00::212:740a:a:a0a: icmp_seq=171 ttl=60 time=364 ms
64 bytes from fd00::212:740a:a:a0a: icmp_seq=172 ttl=60 time=242 ms
64 bytes from fd00::212:740a:a:a0a: icmp_seq=173 ttl=60 time=241 ms
64 bytes from fd00::212:740a:a:a0a: icmp_seq=174 ttl=60 time=371 ms
64 bytes from fd00::212:740a:a:a0a: icmp_seq=175 ttl=60 time=226 ms
64 bytes from fd00::212:740a:a:a0a: icmp_seq=176 ttl=60 time=254 ms
64 bytes from fd00::212:740a:a:a0a: icmp_seq=177 ttl=60 time=235 ms
64 bytes from fd00::212:740a:a:a0a: icmp_seq=178 ttl=60 time=247 ms
64 bytes from fd00::212:740a:a:a0a: icmp_seq=179 ttl=60 time=252 ms
64 bytes from fd00::212:740a:a:a0a: icmp_seq=180 ttl=60 time=217 ms
64 bytes from fd00::212:740a:a:a0a: icmp_seq=181 ttl=60 time=431 ms
64 bytes from fd00::212:740a:a:a0a: icmp_seq=182 ttl=60 time=231 ms
64 bytes from fd00::212:740a:a:a0a: icmp_seq=183 ttl=60 time=263 ms
64 bytes from fd00::212:740a:a:a0a: icmp_seq=184 ttl=60 time=268 ms
64 bytes from fd00::212:740a:a:a0a: icmp_seq=185 ttl=60 time=353 ms
64 bytes from fd00::212:740a:a:a0a: icmp_seq=186 ttl=60 time=241 ms
64 bytes from fd00::212:740a:a:a0a: icmp_seq=187 ttl=60 time=416 ms
64 bytes from fd00::212:740a:a:a0a: icmp_seq=188 ttl=60 time=261 ms
64 bytes from fd00::212:740a:a:a0a: icmp_seq=189 ttl=60 time=202 ms
64 bytes from fd00::212:740a:a:a0a: icmp_seq=190 ttl=60 time=223 ms
64 bytes from fd00::212:740a:a:a0a: icmp_seq=191 ttl=60 time=259 ms
64 bytes from fd00::212:740a:a:a0a: icmp_seq=192 ttl=60 time=261 ms
64 bytes from fd00::212:740a:a:a0a: icmp_seq=193 ttl=60 time=266 ms
64 bytes from fd00::212:740a:a:a0a: icmp_seq=194 ttl=60 time=226 ms
64 bytes from fd00::212:740a:a:a0a: icmp_seq=195 ttl=60 time=272 ms
64 bytes from fd00::212:740a:a:a0a: icmp_seq=196 ttl=60 time=452 ms
64 bytes from fd00::212:740a:a:a0a: icmp_seq=197 ttl=60 time=288 ms
64 bytes from fd00::212:740a:a:a0a: icmp_seq=198 ttl=60 time=240 ms
64 bytes from fd00::212:740a:a:a0a: icmp_seq=199 ttl=60 time=326 ms
64 bytes from fd00::212:740a:a:a0a: icmp_seq=200 ttl=60 time=242 ms

--- fd00::212:740a:a:a0a ping statistics ---
200 packets transmitted, 123 received, 38% packet loss, time 1005827ms
rtt min/avg/max/mdev = 176.480/411.764/1789.175/257.991 ms
