PING fd00::212:7403:3:303(fd00::212:7403:3:303) 56 data bytes
64 bytes from fd00::212:7403:3:303: icmp_seq=1 ttl=63 time=71.3 ms
64 bytes from fd00::212:7403:3:303: icmp_seq=2 ttl=63 time=192 ms
64 bytes from fd00::212:7403:3:303: icmp_seq=3 ttl=63 time=231 ms
64 bytes from fd00::212:7403:3:303: icmp_seq=4 ttl=63 time=211 ms
64 bytes from fd00::212:7403:3:303: icmp_seq=5 ttl=63 time=221 ms
64 bytes from fd00::212:7403:3:303: icmp_seq=6 ttl=63 time=136 ms
64 bytes from fd00::212:7403:3:303: icmp_seq=12 ttl=63 time=185 ms
64 bytes from fd00::212:7403:3:303: icmp_seq=22 ttl=63 time=49.1 ms
64 bytes from fd00::212:7403:3:303: icmp_seq=23 ttl=63 time=119 ms
64 bytes from fd00::212:7403:3:303: icmp_seq=39 ttl=63 time=263 ms
64 bytes from fd00::212:7403:3:303: icmp_seq=48 ttl=63 time=176 ms
64 bytes from fd00::212:7403:3:303: icmp_seq=50 ttl=63 time=238 ms
64 bytes from fd00::212:7403:3:303: icmp_seq=59 ttl=63 time=123 ms
64 bytes from fd00::212:7403:3:303: icmp_seq=67 ttl=63 time=50.8 ms
64 bytes from fd00::212:7403:3:303: icmp_seq=69 ttl=63 time=130 ms
64 bytes from fd00::212:7403:3:303: icmp_seq=72 ttl=63 time=80.0 ms
64 bytes from fd00::212:7403:3:303: icmp_seq=73 ttl=63 time=49.5 ms
64 bytes from fd00::212:7403:3:303: icmp_seq=74 ttl=63 time=52.0 ms
64 bytes from fd00::212:7403:3:303: icmp_seq=75 ttl=63 time=43.6 ms
64 bytes from fd00::212:7403:3:303: icmp_seq=76 ttl=63 time=42.8 ms
64 bytes from fd00::212:7403:3:303: icmp_seq=77 ttl=63 time=70.5 ms
64 bytes from fd00::212:7403:3:303: icmp_seq=78 ttl=63 time=52.5 ms
64 bytes from fd00::212:7403:3:303: icmp_seq=79 ttl=63 time=67.7 ms
64 bytes from fd00::212:7403:3:303: icmp_seq=80 ttl=63 time=36.4 ms
64 bytes from fd00::212:7403:3:303: icmp_seq=81 ttl=63 time=51.2 ms
64 bytes from fd00::212:7403:3:303: icmp_seq=82 ttl=63 time=63.3 ms
64 bytes from fd00::212:7403:3:303: icmp_seq=83 ttl=63 time=41.3 ms
64 bytes from fd00::212:7403:3:303: icmp_seq=84 ttl=63 time=60.8 ms
64 bytes from fd00::212:7403:3:303: icmp_seq=85 ttl=63 time=52.4 ms
64 bytes from fd00::212:7403:3:303: icmp_seq=86 ttl=63 time=45.8 ms
64 bytes from fd00::212:7403:3:303: icmp_seq=87 ttl=63 time=62.1 ms
64 bytes from fd00::212:7403:3:303: icmp_seq=88 ttl=63 time=71.2 ms
64 bytes from fd00::212:7403:3:303: icmp_seq=89 ttl=63 time=35.1 ms
64 bytes from fd00::212:7403:3:303: icmp_seq=90 ttl=63 time=70.4 ms
64 bytes from fd00::212:7403:3:303: icmp_seq=91 ttl=63 time=64.0 ms
64 bytes from fd00::212:7403:3:303: icmp_seq=92 ttl=63 time=74.2 ms
64 bytes from fd00::212:7403:3:303: icmp_seq=93 ttl=63 time=78.9 ms
64 bytes from fd00::212:7403:3:303: icmp_seq=94 ttl=63 time=140 ms
64 bytes from fd00::212:7403:3:303: icmp_seq=95 ttl=63 time=54.9 ms
64 bytes from fd00::212:7403:3:303: icmp_seq=96 ttl=63 time=37.1 ms
64 bytes from fd00::212:7403:3:303: icmp_seq=97 ttl=63 time=51.1 ms
64 bytes from fd00::212:7403:3:303: icmp_seq=98 ttl=63 time=53.6 ms
64 bytes from fd00::212:7403:3:303: icmp_seq=99 ttl=63 time=50.4 ms
64 bytes from fd00::212:7403:3:303: icmp_seq=100 ttl=63 time=49.2 ms
64 bytes from fd00::212:7403:3:303: icmp_seq=101 ttl=63 time=57.3 ms
64 bytes from fd00::212:7403:3:303: icmp_seq=102 ttl=63 time=74.7 ms
64 bytes from fd00::212:7403:3:303: icmp_seq=103 ttl=63 time=47.1 ms
64 bytes from fd00::212:7403:3:303: icmp_seq=104 ttl=63 time=47.9 ms
64 bytes from fd00::212:7403:3:303: icmp_seq=105 ttl=63 time=56.9 ms
64 bytes from fd00::212:7403:3:303: icmp_seq=106 ttl=63 time=51.1 ms
64 bytes from fd00::212:7403:3:303: icmp_seq=107 ttl=63 time=59.7 ms
64 bytes from fd00::212:7403:3:303: icmp_seq=108 ttl=63 time=50.3 ms
64 bytes from fd00::212:7403:3:303: icmp_seq=109 ttl=63 time=44.7 ms
64 bytes from fd00::212:7403:3:303: icmp_seq=110 ttl=63 time=48.0 ms
64 bytes from fd00::212:7403:3:303: icmp_seq=111 ttl=63 time=79.6 ms
64 bytes from fd00::212:7403:3:303: icmp_seq=112 ttl=63 time=38.3 ms
64 bytes from fd00::212:7403:3:303: icmp_seq=113 ttl=63 time=51.4 ms
64 bytes from fd00::212:7403:3:303: icmp_seq=114 ttl=63 time=47.3 ms
64 bytes from fd00::212:7403:3:303: icmp_seq=115 ttl=63 time=57.4 ms
64 bytes from fd00::212:7403:3:303: icmp_seq=116 ttl=63 time=44.0 ms
64 bytes from fd00::212:7403:3:303: icmp_seq=117 ttl=63 time=50.9 ms
64 bytes from fd00::212:7403:3:303: icmp_seq=118 ttl=63 time=56.1 ms
64 bytes from fd00::212:7403:3:303: icmp_seq=119 ttl=63 time=47.8 ms
64 bytes from fd00::212:7403:3:303: icmp_seq=120 ttl=63 time=56.8 ms
64 bytes from fd00::212:7403:3:303: icmp_seq=121 ttl=63 time=47.3 ms
64 bytes from fd00::212:7403:3:303: icmp_seq=122 ttl=63 time=39.7 ms
64 bytes from fd00::212:7403:3:303: icmp_seq=123 ttl=63 time=49.9 ms
64 bytes from fd00::212:7403:3:303: icmp_seq=124 ttl=63 time=52.2 ms
64 bytes from fd00::212:7403:3:303: icmp_seq=125 ttl=63 time=60.2 ms
64 bytes from fd00::212:7403:3:303: icmp_seq=126 ttl=63 time=40.3 ms
64 bytes from fd00::212:7403:3:303: icmp_seq=127 ttl=63 time=64.3 ms
64 bytes from fd00::212:7403:3:303: icmp_seq=128 ttl=63 time=51.4 ms
64 bytes from fd00::212:7403:3:303: icmp_seq=129 ttl=63 time=54.6 ms
64 bytes from fd00::212:7403:3:303: icmp_seq=130 ttl=63 time=41.2 ms
64 bytes from fd00::212:7403:3:303: icmp_seq=131 ttl=63 time=46.3 ms
64 bytes from fd00::212:7403:3:303: icmp_seq=132 ttl=63 time=92.0 ms
64 bytes from fd00::212:7403:3:303: icmp_seq=133 ttl=63 time=47.6 ms
64 bytes from fd00::212:7403:3:303: icmp_seq=134 ttl=63 time=58.0 ms
64 bytes from fd00::212:7403:3:303: icmp_seq=135 ttl=63 time=55.4 ms
64 bytes from fd00::212:7403:3:303: icmp_seq=136 ttl=63 time=44.1 ms
64 bytes from fd00::212:7403:3:303: icmp_seq=137 ttl=63 time=45.8 ms
64 bytes from fd00::212:7403:3:303: icmp_seq=138 ttl=63 time=47.8 ms
64 bytes from fd00::212:7403:3:303: icmp_seq=139 ttl=63 time=45.6 ms
64 bytes from fd00::212:7403:3:303: icmp_seq=140 ttl=63 time=69.8 ms
64 bytes from fd00::212:7403:3:303: icmp_seq=141 ttl=63 time=68.4 ms
64 bytes from fd00::212:7403:3:303: icmp_seq=142 ttl=63 time=58.6 ms
64 bytes from fd00::212:7403:3:303: icmp_seq=143 ttl=63 time=51.6 ms
64 bytes from fd00::212:7403:3:303: icmp_seq=144 ttl=63 time=47.4 ms
64 bytes from fd00::212:7403:3:303: icmp_seq=145 ttl=63 time=45.3 ms
64 bytes from fd00::212:7403:3:303: icmp_seq=146 ttl=63 time=42.6 ms
64 bytes from fd00::212:7403:3:303: icmp_seq=147 ttl=63 time=57.4 ms
64 bytes from fd00::212:7403:3:303: icmp_seq=148 ttl=63 time=52.2 ms
64 bytes from fd00::212:7403:3:303: icmp_seq=149 ttl=63 time=45.5 ms
64 bytes from fd00::212:7403:3:303: icmp_seq=150 ttl=63 time=100 ms
64 bytes from fd00::212:7403:3:303: icmp_seq=151 ttl=63 time=48.9 ms
64 bytes from fd00::212:7403:3:303: icmp_seq=152 ttl=63 time=58.9 ms
64 bytes from fd00::212:7403:3:303: icmp_seq=153 ttl=63 time=65.3 ms
64 bytes from fd00::212:7403:3:303: icmp_seq=154 ttl=63 time=78.9 ms
64 bytes from fd00::212:7403:3:303: icmp_seq=155 ttl=63 time=60.2 ms
64 bytes from fd00::212:7403:3:303: icmp_seq=156 ttl=63 time=65.0 ms
64 bytes from fd00::212:7403:3:303: icmp_seq=157 ttl=63 time=59.2 ms
64 bytes from fd00::212:7403:3:303: icmp_seq=158 ttl=63 time=46.9 ms
64 bytes from fd00::212:7403:3:303: icmp_seq=159 ttl=63 time=54.6 ms
64 bytes from fd00::212:7403:3:303: icmp_seq=160 ttl=63 time=57.2 ms
64 bytes from fd00::212:7403:3:303: icmp_seq=161 ttl=63 time=43.3 ms
64 bytes from fd00::212:7403:3:303: icmp_seq=162 ttl=63 time=66.0 ms
64 bytes from fd00::212:7403:3:303: icmp_seq=163 ttl=63 time=44.0 ms
64 bytes from fd00::212:7403:3:303: icmp_seq=164 ttl=63 time=53.3 ms
64 bytes from fd00::212:7403:3:303: icmp_seq=165 ttl=63 time=53.4 ms
64 bytes from fd00::212:7403:3:303: icmp_seq=166 ttl=63 time=39.4 ms
64 bytes from fd00::212:7403:3:303: icmp_seq=167 ttl=63 time=45.4 ms
64 bytes from fd00::212:7403:3:303: icmp_seq=168 ttl=63 time=55.3 ms
64 bytes from fd00::212:7403:3:303: icmp_seq=169 ttl=63 time=42.7 ms
64 bytes from fd00::212:7403:3:303: icmp_seq=170 ttl=63 time=42.3 ms
64 bytes from fd00::212:7403:3:303: icmp_seq=171 ttl=63 time=172 ms
64 bytes from fd00::212:7403:3:303: icmp_seq=172 ttl=63 time=78.9 ms
64 bytes from fd00::212:7403:3:303: icmp_seq=173 ttl=63 time=89.6 ms
64 bytes from fd00::212:7403:3:303: icmp_seq=174 ttl=63 time=46.8 ms
64 bytes from fd00::212:7403:3:303: icmp_seq=175 ttl=63 time=67.1 ms
64 bytes from fd00::212:7403:3:303: icmp_seq=176 ttl=63 time=45.7 ms
64 bytes from fd00::212:7403:3:303: icmp_seq=177 ttl=63 time=47.0 ms
64 bytes from fd00::212:7403:3:303: icmp_seq=178 ttl=63 time=59.2 ms
64 bytes from fd00::212:7403:3:303: icmp_seq=179 ttl=63 time=43.6 ms
64 bytes from fd00::212:7403:3:303: icmp_seq=180 ttl=63 time=55.1 ms
64 bytes from fd00::212:7403:3:303: icmp_seq=181 ttl=63 time=57.6 ms
64 bytes from fd00::212:7403:3:303: icmp_seq=182 ttl=63 time=51.4 ms
64 bytes from fd00::212:7403:3:303: icmp_seq=183 ttl=63 time=67.3 ms
64 bytes from fd00::212:7403:3:303: icmp_seq=184 ttl=63 time=48.4 ms
64 bytes from fd00::212:7403:3:303: icmp_seq=185 ttl=63 time=112 ms
64 bytes from fd00::212:7403:3:303: icmp_seq=186 ttl=63 time=34.9 ms
64 bytes from fd00::212:7403:3:303: icmp_seq=187 ttl=63 time=56.1 ms
64 bytes from fd00::212:7403:3:303: icmp_seq=188 ttl=63 time=50.9 ms
64 bytes from fd00::212:7403:3:303: icmp_seq=189 ttl=63 time=59.5 ms
64 bytes from fd00::212:7403:3:303: icmp_seq=190 ttl=63 time=47.8 ms
64 bytes from fd00::212:7403:3:303: icmp_seq=191 ttl=63 time=45.5 ms
64 bytes from fd00::212:7403:3:303: icmp_seq=192 ttl=63 time=54.7 ms
64 bytes from fd00::212:7403:3:303: icmp_seq=193 ttl=63 time=85.9 ms
64 bytes from fd00::212:7403:3:303: icmp_seq=194 ttl=63 time=63.4 ms
64 bytes from fd00::212:7403:3:303: icmp_seq=195 ttl=63 time=54.6 ms
64 bytes from fd00::212:7403:3:303: icmp_seq=196 ttl=63 time=48.1 ms
64 bytes from fd00::212:7403:3:303: icmp_seq=197 ttl=63 time=66.2 ms
64 bytes from fd00::212:7403:3:303: icmp_seq=198 ttl=63 time=41.8 ms
64 bytes from fd00::212:7403:3:303: icmp_seq=199 ttl=63 time=47.3 ms
64 bytes from fd00::212:7403:3:303: icmp_seq=200 ttl=63 time=41.2 ms

--- fd00::212:7403:3:303 ping statistics ---
200 packets transmitted, 144 received, 28% packet loss, time 1003288ms
rtt min/avg/max/mdev = 34.960/67.515/263.381/41.934 ms
