PING aaaa::212:7407:7:707(aaaa::212:7407:7:707) 56 data bytes
64 bytes from aaaa::212:7407:7:707: icmp_seq=3 ttl=61 time=134 ms
64 bytes from aaaa::212:7407:7:707: icmp_seq=4 ttl=61 time=175 ms
64 bytes from aaaa::212:7407:7:707: icmp_seq=5 ttl=61 time=110 ms
64 bytes from aaaa::212:7407:7:707: icmp_seq=6 ttl=61 time=93.4 ms
64 bytes from aaaa::212:7407:7:707: icmp_seq=7 ttl=61 time=108 ms
64 bytes from aaaa::212:7407:7:707: icmp_seq=8 ttl=61 time=113 ms
64 bytes from aaaa::212:7407:7:707: icmp_seq=9 ttl=61 time=119 ms
64 bytes from aaaa::212:7407:7:707: icmp_seq=10 ttl=61 time=124 ms
64 bytes from aaaa::212:7407:7:707: icmp_seq=11 ttl=61 time=87.8 ms
64 bytes from aaaa::212:7407:7:707: icmp_seq=12 ttl=61 time=108 ms
64 bytes from aaaa::212:7407:7:707: icmp_seq=13 ttl=61 time=115 ms
64 bytes from aaaa::212:7407:7:707: icmp_seq=14 ttl=61 time=102 ms
64 bytes from aaaa::212:7407:7:707: icmp_seq=15 ttl=61 time=108 ms
64 bytes from aaaa::212:7407:7:707: icmp_seq=16 ttl=61 time=89.6 ms
64 bytes from aaaa::212:7407:7:707: icmp_seq=17 ttl=61 time=86.5 ms
64 bytes from aaaa::212:7407:7:707: icmp_seq=18 ttl=61 time=124 ms
64 bytes from aaaa::212:7407:7:707: icmp_seq=19 ttl=61 time=180 ms
64 bytes from aaaa::212:7407:7:707: icmp_seq=20 ttl=61 time=113 ms
64 bytes from aaaa::212:7407:7:707: icmp_seq=21 ttl=61 time=107 ms
64 bytes from aaaa::212:7407:7:707: icmp_seq=22 ttl=61 time=93.9 ms
64 bytes from aaaa::212:7407:7:707: icmp_seq=23 ttl=61 time=123 ms
64 bytes from aaaa::212:7407:7:707: icmp_seq=24 ttl=61 time=87.3 ms
64 bytes from aaaa::212:7407:7:707: icmp_seq=25 ttl=61 time=124 ms
64 bytes from aaaa::212:7407:7:707: icmp_seq=26 ttl=61 time=85.9 ms
64 bytes from aaaa::212:7407:7:707: icmp_seq=27 ttl=61 time=109 ms
64 bytes from aaaa::212:7407:7:707: icmp_seq=28 ttl=61 time=92.4 ms
64 bytes from aaaa::212:7407:7:707: icmp_seq=29 ttl=61 time=88.4 ms
64 bytes from aaaa::212:7407:7:707: icmp_seq=30 ttl=61 time=109 ms
64 bytes from aaaa::212:7407:7:707: icmp_seq=31 ttl=61 time=80.7 ms
64 bytes from aaaa::212:7407:7:707: icmp_seq=32 ttl=61 time=116 ms
64 bytes from aaaa::212:7407:7:707: icmp_seq=33 ttl=61 time=95.8 ms
64 bytes from aaaa::212:7407:7:707: icmp_seq=34 ttl=61 time=104 ms
64 bytes from aaaa::212:7407:7:707: icmp_seq=35 ttl=61 time=327 ms
64 bytes from aaaa::212:7407:7:707: icmp_seq=36 ttl=61 time=323 ms
64 bytes from aaaa::212:7407:7:707: icmp_seq=37 ttl=61 time=516 ms
64 bytes from aaaa::212:7407:7:707: icmp_seq=38 ttl=61 time=83.8 ms
64 bytes from aaaa::212:7407:7:707: icmp_seq=39 ttl=61 time=131 ms
64 bytes from aaaa::212:7407:7:707: icmp_seq=40 ttl=61 time=108 ms
64 bytes from aaaa::212:7407:7:707: icmp_seq=41 ttl=61 time=100 ms
64 bytes from aaaa::212:7407:7:707: icmp_seq=42 ttl=61 time=106 ms
64 bytes from aaaa::212:7407:7:707: icmp_seq=43 ttl=61 time=98.1 ms
64 bytes from aaaa::212:7407:7:707: icmp_seq=44 ttl=61 time=103 ms
64 bytes from aaaa::212:7407:7:707: icmp_seq=45 ttl=61 time=84.1 ms
64 bytes from aaaa::212:7407:7:707: icmp_seq=46 ttl=61 time=91.3 ms
64 bytes from aaaa::212:7407:7:707: icmp_seq=47 ttl=61 time=93.5 ms
64 bytes from aaaa::212:7407:7:707: icmp_seq=48 ttl=61 time=123 ms
64 bytes from aaaa::212:7407:7:707: icmp_seq=49 ttl=61 time=114 ms
64 bytes from aaaa::212:7407:7:707: icmp_seq=50 ttl=61 time=108 ms
64 bytes from aaaa::212:7407:7:707: icmp_seq=51 ttl=61 time=86.3 ms
64 bytes from aaaa::212:7407:7:707: icmp_seq=52 ttl=61 time=98.6 ms
64 bytes from aaaa::212:7407:7:707: icmp_seq=53 ttl=61 time=156 ms
64 bytes from aaaa::212:7407:7:707: icmp_seq=54 ttl=61 time=80.3 ms
64 bytes from aaaa::212:7407:7:707: icmp_seq=55 ttl=61 time=157 ms
64 bytes from aaaa::212:7407:7:707: icmp_seq=56 ttl=61 time=375 ms
64 bytes from aaaa::212:7407:7:707: icmp_seq=57 ttl=61 time=85.3 ms
64 bytes from aaaa::212:7407:7:707: icmp_seq=58 ttl=61 time=93.4 ms
64 bytes from aaaa::212:7407:7:707: icmp_seq=59 ttl=61 time=105 ms
64 bytes from aaaa::212:7407:7:707: icmp_seq=60 ttl=61 time=95.1 ms
64 bytes from aaaa::212:7407:7:707: icmp_seq=61 ttl=61 time=101 ms
64 bytes from aaaa::212:7407:7:707: icmp_seq=62 ttl=61 time=106 ms
64 bytes from aaaa::212:7407:7:707: icmp_seq=63 ttl=61 time=318 ms
64 bytes from aaaa::212:7407:7:707: icmp_seq=64 ttl=61 time=100 ms
64 bytes from aaaa::212:7407:7:707: icmp_seq=65 ttl=61 time=95.2 ms
64 bytes from aaaa::212:7407:7:707: icmp_seq=66 ttl=61 time=104 ms
64 bytes from aaaa::212:7407:7:707: icmp_seq=67 ttl=61 time=101 ms
64 bytes from aaaa::212:7407:7:707: icmp_seq=68 ttl=61 time=87.4 ms
64 bytes from aaaa::212:7407:7:707: icmp_seq=69 ttl=61 time=86.1 ms
64 bytes from aaaa::212:7407:7:707: icmp_seq=70 ttl=61 time=84.9 ms
64 bytes from aaaa::212:7407:7:707: icmp_seq=71 ttl=61 time=88.7 ms
64 bytes from aaaa::212:7407:7:707: icmp_seq=72 ttl=61 time=90.5 ms
64 bytes from aaaa::212:7407:7:707: icmp_seq=73 ttl=61 time=92.0 ms
64 bytes from aaaa::212:7407:7:707: icmp_seq=74 ttl=61 time=89.2 ms
64 bytes from aaaa::212:7407:7:707: icmp_seq=75 ttl=61 time=100 ms
64 bytes from aaaa::212:7407:7:707: icmp_seq=76 ttl=61 time=94.7 ms
64 bytes from aaaa::212:7407:7:707: icmp_seq=77 ttl=61 time=178 ms
64 bytes from aaaa::212:7407:7:707: icmp_seq=78 ttl=61 time=77.2 ms
64 bytes from aaaa::212:7407:7:707: icmp_seq=79 ttl=61 time=84.0 ms
64 bytes from aaaa::212:7407:7:707: icmp_seq=80 ttl=61 time=329 ms
64 bytes from aaaa::212:7407:7:707: icmp_seq=81 ttl=61 time=87.5 ms
64 bytes from aaaa::212:7407:7:707: icmp_seq=82 ttl=61 time=110 ms
64 bytes from aaaa::212:7407:7:707: icmp_seq=83 ttl=61 time=104 ms
64 bytes from aaaa::212:7407:7:707: icmp_seq=84 ttl=61 time=98.0 ms
64 bytes from aaaa::212:7407:7:707: icmp_seq=85 ttl=61 time=102 ms
64 bytes from aaaa::212:7407:7:707: icmp_seq=86 ttl=61 time=147 ms
64 bytes from aaaa::212:7407:7:707: icmp_seq=87 ttl=61 time=94.7 ms
64 bytes from aaaa::212:7407:7:707: icmp_seq=88 ttl=61 time=90.5 ms
64 bytes from aaaa::212:7407:7:707: icmp_seq=89 ttl=61 time=87.1 ms
64 bytes from aaaa::212:7407:7:707: icmp_seq=90 ttl=61 time=94.9 ms
64 bytes from aaaa::212:7407:7:707: icmp_seq=91 ttl=61 time=96.9 ms
64 bytes from aaaa::212:7407:7:707: icmp_seq=92 ttl=61 time=121 ms
64 bytes from aaaa::212:7407:7:707: icmp_seq=93 ttl=61 time=288 ms
64 bytes from aaaa::212:7407:7:707: icmp_seq=94 ttl=61 time=314 ms
64 bytes from aaaa::212:7407:7:707: icmp_seq=95 ttl=61 time=241 ms
64 bytes from aaaa::212:7407:7:707: icmp_seq=96 ttl=61 time=399 ms
64 bytes from aaaa::212:7407:7:707: icmp_seq=97 ttl=61 time=153 ms
64 bytes from aaaa::212:7407:7:707: icmp_seq=98 ttl=61 time=112 ms
64 bytes from aaaa::212:7407:7:707: icmp_seq=99 ttl=61 time=99.3 ms
64 bytes from aaaa::212:7407:7:707: icmp_seq=100 ttl=61 time=114 ms
64 bytes from aaaa::212:7407:7:707: icmp_seq=101 ttl=61 time=110 ms
64 bytes from aaaa::212:7407:7:707: icmp_seq=102 ttl=61 time=97.1 ms
64 bytes from aaaa::212:7407:7:707: icmp_seq=103 ttl=61 time=89.6 ms
64 bytes from aaaa::212:7407:7:707: icmp_seq=105 ttl=61 time=232 ms
64 bytes from aaaa::212:7407:7:707: icmp_seq=106 ttl=61 time=257 ms
64 bytes from aaaa::212:7407:7:707: icmp_seq=107 ttl=61 time=106 ms
64 bytes from aaaa::212:7407:7:707: icmp_seq=108 ttl=61 time=253 ms
64 bytes from aaaa::212:7407:7:707: icmp_seq=110 ttl=61 time=139 ms
64 bytes from aaaa::212:7407:7:707: icmp_seq=112 ttl=61 time=103 ms
64 bytes from aaaa::212:7407:7:707: icmp_seq=113 ttl=61 time=91.7 ms
64 bytes from aaaa::212:7407:7:707: icmp_seq=114 ttl=61 time=102 ms
64 bytes from aaaa::212:7407:7:707: icmp_seq=115 ttl=61 time=84.4 ms
64 bytes from aaaa::212:7407:7:707: icmp_seq=116 ttl=61 time=88.1 ms
64 bytes from aaaa::212:7407:7:707: icmp_seq=117 ttl=61 time=102 ms
64 bytes from aaaa::212:7407:7:707: icmp_seq=118 ttl=61 time=121 ms
64 bytes from aaaa::212:7407:7:707: icmp_seq=119 ttl=61 time=95.1 ms
64 bytes from aaaa::212:7407:7:707: icmp_seq=120 ttl=61 time=120 ms
64 bytes from aaaa::212:7407:7:707: icmp_seq=121 ttl=61 time=130 ms
64 bytes from aaaa::212:7407:7:707: icmp_seq=122 ttl=61 time=168 ms
64 bytes from aaaa::212:7407:7:707: icmp_seq=123 ttl=61 time=106 ms
64 bytes from aaaa::212:7407:7:707: icmp_seq=124 ttl=61 time=88.1 ms
64 bytes from aaaa::212:7407:7:707: icmp_seq=125 ttl=61 time=93.0 ms
64 bytes from aaaa::212:7407:7:707: icmp_seq=126 ttl=61 time=103 ms
64 bytes from aaaa::212:7407:7:707: icmp_seq=127 ttl=61 time=107 ms
64 bytes from aaaa::212:7407:7:707: icmp_seq=128 ttl=61 time=121 ms
64 bytes from aaaa::212:7407:7:707: icmp_seq=129 ttl=61 time=122 ms
64 bytes from aaaa::212:7407:7:707: icmp_seq=130 ttl=61 time=115 ms
64 bytes from aaaa::212:7407:7:707: icmp_seq=131 ttl=61 time=105 ms
64 bytes from aaaa::212:7407:7:707: icmp_seq=132 ttl=61 time=87.6 ms
64 bytes from aaaa::212:7407:7:707: icmp_seq=133 ttl=61 time=82.0 ms
64 bytes from aaaa::212:7407:7:707: icmp_seq=134 ttl=61 time=108 ms
64 bytes from aaaa::212:7407:7:707: icmp_seq=135 ttl=61 time=76.5 ms
64 bytes from aaaa::212:7407:7:707: icmp_seq=136 ttl=61 time=81.3 ms
64 bytes from aaaa::212:7407:7:707: icmp_seq=137 ttl=61 time=110 ms
64 bytes from aaaa::212:7407:7:707: icmp_seq=138 ttl=61 time=88.7 ms
64 bytes from aaaa::212:7407:7:707: icmp_seq=139 ttl=61 time=92.9 ms
64 bytes from aaaa::212:7407:7:707: icmp_seq=140 ttl=61 time=108 ms
64 bytes from aaaa::212:7407:7:707: icmp_seq=141 ttl=61 time=88.8 ms
64 bytes from aaaa::212:7407:7:707: icmp_seq=142 ttl=61 time=94.3 ms
64 bytes from aaaa::212:7407:7:707: icmp_seq=143 ttl=61 time=92.7 ms
64 bytes from aaaa::212:7407:7:707: icmp_seq=144 ttl=61 time=101 ms
64 bytes from aaaa::212:7407:7:707: icmp_seq=145 ttl=61 time=92.1 ms
64 bytes from aaaa::212:7407:7:707: icmp_seq=146 ttl=61 time=128 ms
64 bytes from aaaa::212:7407:7:707: icmp_seq=147 ttl=61 time=100 ms
64 bytes from aaaa::212:7407:7:707: icmp_seq=148 ttl=61 time=107 ms
64 bytes from aaaa::212:7407:7:707: icmp_seq=149 ttl=61 time=100 ms
64 bytes from aaaa::212:7407:7:707: icmp_seq=150 ttl=61 time=91.8 ms
64 bytes from aaaa::212:7407:7:707: icmp_seq=151 ttl=61 time=132 ms
64 bytes from aaaa::212:7407:7:707: icmp_seq=152 ttl=61 time=152 ms
64 bytes from aaaa::212:7407:7:707: icmp_seq=153 ttl=61 time=112 ms
64 bytes from aaaa::212:7407:7:707: icmp_seq=154 ttl=61 time=85.7 ms
64 bytes from aaaa::212:7407:7:707: icmp_seq=155 ttl=61 time=118 ms
64 bytes from aaaa::212:7407:7:707: icmp_seq=156 ttl=61 time=88.0 ms
64 bytes from aaaa::212:7407:7:707: icmp_seq=157 ttl=61 time=97.7 ms
64 bytes from aaaa::212:7407:7:707: icmp_seq=158 ttl=61 time=118 ms
64 bytes from aaaa::212:7407:7:707: icmp_seq=159 ttl=61 time=96.6 ms
64 bytes from aaaa::212:7407:7:707: icmp_seq=160 ttl=61 time=87.3 ms
64 bytes from aaaa::212:7407:7:707: icmp_seq=161 ttl=61 time=105 ms
64 bytes from aaaa::212:7407:7:707: icmp_seq=162 ttl=61 time=94.8 ms
64 bytes from aaaa::212:7407:7:707: icmp_seq=163 ttl=61 time=92.7 ms
64 bytes from aaaa::212:7407:7:707: icmp_seq=164 ttl=61 time=102 ms
64 bytes from aaaa::212:7407:7:707: icmp_seq=165 ttl=61 time=79.4 ms
64 bytes from aaaa::212:7407:7:707: icmp_seq=166 ttl=61 time=107 ms
64 bytes from aaaa::212:7407:7:707: icmp_seq=167 ttl=61 time=87.3 ms
64 bytes from aaaa::212:7407:7:707: icmp_seq=168 ttl=61 time=130 ms
64 bytes from aaaa::212:7407:7:707: icmp_seq=169 ttl=61 time=111 ms
64 bytes from aaaa::212:7407:7:707: icmp_seq=170 ttl=61 time=102 ms
64 bytes from aaaa::212:7407:7:707: icmp_seq=171 ttl=61 time=108 ms
64 bytes from aaaa::212:7407:7:707: icmp_seq=172 ttl=61 time=92.2 ms
64 bytes from aaaa::212:7407:7:707: icmp_seq=173 ttl=61 time=108 ms
64 bytes from aaaa::212:7407:7:707: icmp_seq=174 ttl=61 time=91.5 ms
64 bytes from aaaa::212:7407:7:707: icmp_seq=175 ttl=61 time=95.4 ms
64 bytes from aaaa::212:7407:7:707: icmp_seq=176 ttl=61 time=106 ms
64 bytes from aaaa::212:7407:7:707: icmp_seq=177 ttl=61 time=87.8 ms
64 bytes from aaaa::212:7407:7:707: icmp_seq=178 ttl=61 time=120 ms
64 bytes from aaaa::212:7407:7:707: icmp_seq=179 ttl=61 time=93.6 ms
64 bytes from aaaa::212:7407:7:707: icmp_seq=180 ttl=61 time=89.3 ms
64 bytes from aaaa::212:7407:7:707: icmp_seq=181 ttl=61 time=108 ms
64 bytes from aaaa::212:7407:7:707: icmp_seq=182 ttl=61 time=84.7 ms
64 bytes from aaaa::212:7407:7:707: icmp_seq=183 ttl=61 time=89.8 ms
64 bytes from aaaa::212:7407:7:707: icmp_seq=184 ttl=61 time=107 ms
64 bytes from aaaa::212:7407:7:707: icmp_seq=185 ttl=61 time=94.2 ms
64 bytes from aaaa::212:7407:7:707: icmp_seq=186 ttl=61 time=87.2 ms
64 bytes from aaaa::212:7407:7:707: icmp_seq=187 ttl=61 time=90.2 ms
64 bytes from aaaa::212:7407:7:707: icmp_seq=188 ttl=61 time=77.9 ms
64 bytes from aaaa::212:7407:7:707: icmp_seq=189 ttl=61 time=82.5 ms
64 bytes from aaaa::212:7407:7:707: icmp_seq=190 ttl=61 time=107 ms
64 bytes from aaaa::212:7407:7:707: icmp_seq=191 ttl=61 time=108 ms
64 bytes from aaaa::212:7407:7:707: icmp_seq=192 ttl=61 time=79.1 ms
64 bytes from aaaa::212:7407:7:707: icmp_seq=193 ttl=61 time=111 ms
64 bytes from aaaa::212:7407:7:707: icmp_seq=194 ttl=61 time=119 ms
64 bytes from aaaa::212:7407:7:707: icmp_seq=195 ttl=61 time=86.9 ms
64 bytes from aaaa::212:7407:7:707: icmp_seq=196 ttl=61 time=91.9 ms
64 bytes from aaaa::212:7407:7:707: icmp_seq=197 ttl=61 time=99.5 ms
64 bytes from aaaa::212:7407:7:707: icmp_seq=198 ttl=61 time=133 ms
64 bytes from aaaa::212:7407:7:707: icmp_seq=199 ttl=61 time=101 ms
64 bytes from aaaa::212:7407:7:707: icmp_seq=200 ttl=61 time=98.8 ms

--- aaaa::212:7407:7:707 ping statistics ---
200 packets transmitted, 195 received, 2% packet loss, time 996597ms
rtt min/avg/max/mdev = 76.540/118.433/516.926/60.416 ms
