PING aaaa::212:7408:8:808(aaaa::212:7408:8:808) 56 data bytes
64 bytes from aaaa::212:7408:8:808: icmp_seq=1 ttl=60 time=383 ms
64 bytes from aaaa::212:7408:8:808: icmp_seq=2 ttl=60 time=212 ms
64 bytes from aaaa::212:7408:8:808: icmp_seq=3 ttl=60 time=237 ms
64 bytes from aaaa::212:7408:8:808: icmp_seq=4 ttl=60 time=242 ms
64 bytes from aaaa::212:7408:8:808: icmp_seq=5 ttl=60 time=298 ms
64 bytes from aaaa::212:7408:8:808: icmp_seq=7 ttl=60 time=207 ms
64 bytes from aaaa::212:7408:8:808: icmp_seq=8 ttl=60 time=260 ms
64 bytes from aaaa::212:7408:8:808: icmp_seq=9 ttl=60 time=292 ms
64 bytes from aaaa::212:7408:8:808: icmp_seq=11 ttl=60 time=318 ms
64 bytes from aaaa::212:7408:8:808: icmp_seq=12 ttl=60 time=262 ms
64 bytes from aaaa::212:7408:8:808: icmp_seq=13 ttl=60 time=229 ms
64 bytes from aaaa::212:7408:8:808: icmp_seq=16 ttl=60 time=396 ms
64 bytes from aaaa::212:7408:8:808: icmp_seq=17 ttl=60 time=340 ms
64 bytes from aaaa::212:7408:8:808: icmp_seq=25 ttl=60 time=618 ms
64 bytes from aaaa::212:7408:8:808: icmp_seq=29 ttl=60 time=306 ms
64 bytes from aaaa::212:7408:8:808: icmp_seq=38 ttl=60 time=196 ms
64 bytes from aaaa::212:7408:8:808: icmp_seq=46 ttl=60 time=175 ms
64 bytes from aaaa::212:7408:8:808: icmp_seq=51 ttl=60 time=249 ms
64 bytes from aaaa::212:7408:8:808: icmp_seq=52 ttl=60 time=279 ms
64 bytes from aaaa::212:7408:8:808: icmp_seq=53 ttl=60 time=203 ms
64 bytes from aaaa::212:7408:8:808: icmp_seq=54 ttl=60 time=230 ms
64 bytes from aaaa::212:7408:8:808: icmp_seq=55 ttl=60 time=244 ms
64 bytes from aaaa::212:7408:8:808: icmp_seq=56 ttl=60 time=247 ms
64 bytes from aaaa::212:7408:8:808: icmp_seq=57 ttl=60 time=254 ms
64 bytes from aaaa::212:7408:8:808: icmp_seq=58 ttl=60 time=191 ms
64 bytes from aaaa::212:7408:8:808: icmp_seq=59 ttl=60 time=243 ms
64 bytes from aaaa::212:7408:8:808: icmp_seq=60 ttl=60 time=264 ms
64 bytes from aaaa::212:7408:8:808: icmp_seq=61 ttl=60 time=213 ms
64 bytes from aaaa::212:7408:8:808: icmp_seq=62 ttl=60 time=223 ms
64 bytes from aaaa::212:7408:8:808: icmp_seq=63 ttl=60 time=260 ms
64 bytes from aaaa::212:7408:8:808: icmp_seq=64 ttl=60 time=243 ms
64 bytes from aaaa::212:7408:8:808: icmp_seq=65 ttl=60 time=231 ms
64 bytes from aaaa::212:7408:8:808: icmp_seq=66 ttl=60 time=218 ms
64 bytes from aaaa::212:7408:8:808: icmp_seq=67 ttl=60 time=435 ms
64 bytes from aaaa::212:7408:8:808: icmp_seq=68 ttl=60 time=258 ms
64 bytes from aaaa::212:7408:8:808: icmp_seq=69 ttl=60 time=224 ms
64 bytes from aaaa::212:7408:8:808: icmp_seq=70 ttl=60 time=259 ms
64 bytes from aaaa::212:7408:8:808: icmp_seq=71 ttl=60 time=258 ms
64 bytes from aaaa::212:7408:8:808: icmp_seq=72 ttl=60 time=197 ms
64 bytes from aaaa::212:7408:8:808: icmp_seq=73 ttl=60 time=236 ms
64 bytes from aaaa::212:7408:8:808: icmp_seq=74 ttl=60 time=187 ms
64 bytes from aaaa::212:7408:8:808: icmp_seq=75 ttl=60 time=224 ms
64 bytes from aaaa::212:7408:8:808: icmp_seq=76 ttl=60 time=197 ms
64 bytes from aaaa::212:7408:8:808: icmp_seq=77 ttl=60 time=224 ms
64 bytes from aaaa::212:7408:8:808: icmp_seq=78 ttl=60 time=194 ms
64 bytes from aaaa::212:7408:8:808: icmp_seq=79 ttl=60 time=185 ms
64 bytes from aaaa::212:7408:8:808: icmp_seq=80 ttl=60 time=201 ms
64 bytes from aaaa::212:7408:8:808: icmp_seq=81 ttl=60 time=294 ms
64 bytes from aaaa::212:7408:8:808: icmp_seq=82 ttl=60 time=206 ms
64 bytes from aaaa::212:7408:8:808: icmp_seq=83 ttl=60 time=213 ms
64 bytes from aaaa::212:7408:8:808: icmp_seq=84 ttl=60 time=192 ms
64 bytes from aaaa::212:7408:8:808: icmp_seq=85 ttl=60 time=261 ms
64 bytes from aaaa::212:7408:8:808: icmp_seq=86 ttl=60 time=213 ms
64 bytes from aaaa::212:7408:8:808: icmp_seq=87 ttl=60 time=258 ms
64 bytes from aaaa::212:7408:8:808: icmp_seq=88 ttl=60 time=218 ms
64 bytes from aaaa::212:7408:8:808: icmp_seq=89 ttl=60 time=265 ms
64 bytes from aaaa::212:7408:8:808: icmp_seq=90 ttl=60 time=240 ms
64 bytes from aaaa::212:7408:8:808: icmp_seq=91 ttl=60 time=226 ms
64 bytes from aaaa::212:7408:8:808: icmp_seq=92 ttl=60 time=234 ms
64 bytes from aaaa::212:7408:8:808: icmp_seq=93 ttl=60 time=189 ms
64 bytes from aaaa::212:7408:8:808: icmp_seq=94 ttl=60 time=182 ms
64 bytes from aaaa::212:7408:8:808: icmp_seq=95 ttl=60 time=206 ms
64 bytes from aaaa::212:7408:8:808: icmp_seq=96 ttl=60 time=232 ms
64 bytes from aaaa::212:7408:8:808: icmp_seq=97 ttl=60 time=226 ms
64 bytes from aaaa::212:7408:8:808: icmp_seq=98 ttl=60 time=226 ms
64 bytes from aaaa::212:7408:8:808: icmp_seq=99 ttl=60 time=291 ms
64 bytes from aaaa::212:7408:8:808: icmp_seq=100 ttl=60 time=381 ms
64 bytes from aaaa::212:7408:8:808: icmp_seq=101 ttl=60 time=220 ms
64 bytes from aaaa::212:7408:8:808: icmp_seq=102 ttl=60 time=232 ms
64 bytes from aaaa::212:7408:8:808: icmp_seq=103 ttl=60 time=265 ms
64 bytes from aaaa::212:7408:8:808: icmp_seq=104 ttl=60 time=314 ms
64 bytes from aaaa::212:7408:8:808: icmp_seq=105 ttl=60 time=263 ms
64 bytes from aaaa::212:7408:8:808: icmp_seq=107 ttl=60 time=222 ms
64 bytes from aaaa::212:7408:8:808: icmp_seq=108 ttl=60 time=297 ms
64 bytes from aaaa::212:7408:8:808: icmp_seq=109 ttl=60 time=266 ms
64 bytes from aaaa::212:7408:8:808: icmp_seq=110 ttl=60 time=261 ms
64 bytes from aaaa::212:7408:8:808: icmp_seq=111 ttl=60 time=327 ms
64 bytes from aaaa::212:7408:8:808: icmp_seq=112 ttl=60 time=299 ms
64 bytes from aaaa::212:7408:8:808: icmp_seq=113 ttl=60 time=213 ms
64 bytes from aaaa::212:7408:8:808: icmp_seq=114 ttl=60 time=270 ms
64 bytes from aaaa::212:7408:8:808: icmp_seq=115 ttl=60 time=234 ms
64 bytes from aaaa::212:7408:8:808: icmp_seq=116 ttl=60 time=222 ms
64 bytes from aaaa::212:7408:8:808: icmp_seq=117 ttl=60 time=203 ms
64 bytes from aaaa::212:7408:8:808: icmp_seq=118 ttl=60 time=198 ms
64 bytes from aaaa::212:7408:8:808: icmp_seq=119 ttl=60 time=221 ms
64 bytes from aaaa::212:7408:8:808: icmp_seq=120 ttl=60 time=209 ms
64 bytes from aaaa::212:7408:8:808: icmp_seq=121 ttl=60 time=353 ms
64 bytes from aaaa::212:7408:8:808: icmp_seq=122 ttl=60 time=242 ms
64 bytes from aaaa::212:7408:8:808: icmp_seq=123 ttl=60 time=239 ms
64 bytes from aaaa::212:7408:8:808: icmp_seq=124 ttl=60 time=251 ms
64 bytes from aaaa::212:7408:8:808: icmp_seq=125 ttl=60 time=281 ms
64 bytes from aaaa::212:7408:8:808: icmp_seq=126 ttl=60 time=188 ms
64 bytes from aaaa::212:7408:8:808: icmp_seq=127 ttl=60 time=220 ms
64 bytes from aaaa::212:7408:8:808: icmp_seq=128 ttl=60 time=199 ms
64 bytes from aaaa::212:7408:8:808: icmp_seq=129 ttl=60 time=185 ms
64 bytes from aaaa::212:7408:8:808: icmp_seq=130 ttl=60 time=217 ms
64 bytes from aaaa::212:7408:8:808: icmp_seq=131 ttl=60 time=194 ms
64 bytes from aaaa::212:7408:8:808: icmp_seq=132 ttl=60 time=229 ms
64 bytes from aaaa::212:7408:8:808: icmp_seq=133 ttl=60 time=176 ms
64 bytes from aaaa::212:7408:8:808: icmp_seq=134 ttl=60 time=237 ms
64 bytes from aaaa::212:7408:8:808: icmp_seq=135 ttl=60 time=183 ms
64 bytes from aaaa::212:7408:8:808: icmp_seq=136 ttl=60 time=221 ms
64 bytes from aaaa::212:7408:8:808: icmp_seq=137 ttl=60 time=242 ms
64 bytes from aaaa::212:7408:8:808: icmp_seq=138 ttl=60 time=248 ms
64 bytes from aaaa::212:7408:8:808: icmp_seq=139 ttl=60 time=189 ms
64 bytes from aaaa::212:7408:8:808: icmp_seq=140 ttl=60 time=195 ms
64 bytes from aaaa::212:7408:8:808: icmp_seq=141 ttl=60 time=226 ms
64 bytes from aaaa::212:7408:8:808: icmp_seq=142 ttl=60 time=186 ms
64 bytes from aaaa::212:7408:8:808: icmp_seq=143 ttl=60 time=209 ms
64 bytes from aaaa::212:7408:8:808: icmp_seq=144 ttl=60 time=179 ms
64 bytes from aaaa::212:7408:8:808: icmp_seq=148 ttl=60 time=220 ms
64 bytes from aaaa::212:7408:8:808: icmp_seq=150 ttl=60 time=245 ms
64 bytes from aaaa::212:7408:8:808: icmp_seq=175 ttl=60 time=376 ms
64 bytes from aaaa::212:7408:8:808: icmp_seq=177 ttl=60 time=352 ms
64 bytes from aaaa::212:7408:8:808: icmp_seq=179 ttl=60 time=257 ms
64 bytes from aaaa::212:7408:8:808: icmp_seq=183 ttl=60 time=258 ms
64 bytes from aaaa::212:7408:8:808: icmp_seq=184 ttl=60 time=272 ms
64 bytes from aaaa::212:7408:8:808: icmp_seq=185 ttl=60 time=265 ms
64 bytes from aaaa::212:7408:8:808: icmp_seq=186 ttl=60 time=227 ms
64 bytes from aaaa::212:7408:8:808: icmp_seq=187 ttl=60 time=280 ms
64 bytes from aaaa::212:7408:8:808: icmp_seq=188 ttl=60 time=283 ms
64 bytes from aaaa::212:7408:8:808: icmp_seq=189 ttl=60 time=232 ms
64 bytes from aaaa::212:7408:8:808: icmp_seq=190 ttl=60 time=219 ms
64 bytes from aaaa::212:7408:8:808: icmp_seq=191 ttl=60 time=389 ms
64 bytes from aaaa::212:7408:8:808: icmp_seq=192 ttl=60 time=315 ms
64 bytes from aaaa::212:7408:8:808: icmp_seq=193 ttl=60 time=216 ms
64 bytes from aaaa::212:7408:8:808: icmp_seq=194 ttl=60 time=310 ms
64 bytes from aaaa::212:7408:8:808: icmp_seq=195 ttl=60 time=405 ms
64 bytes from aaaa::212:7408:8:808: icmp_seq=196 ttl=60 time=329 ms
64 bytes from aaaa::212:7408:8:808: icmp_seq=197 ttl=60 time=282 ms
64 bytes from aaaa::212:7408:8:808: icmp_seq=198 ttl=60 time=360 ms
64 bytes from aaaa::212:7408:8:808: icmp_seq=199 ttl=60 time=178 ms
64 bytes from aaaa::212:7408:8:808: icmp_seq=200 ttl=60 time=202 ms

--- aaaa::212:7408:8:808 ping statistics ---
200 packets transmitted, 133 received, 33% packet loss, time 1004815ms
rtt min/avg/max/mdev = 175.074/250.802/618.313/62.077 ms
