PING aaaa::212:7402:2:202(aaaa::212:7402:2:202) 56 data bytes
64 bytes from aaaa::212:7402:2:202: icmp_seq=1 ttl=63 time=75.8 ms
64 bytes from aaaa::212:7402:2:202: icmp_seq=2 ttl=63 time=61.0 ms
64 bytes from aaaa::212:7402:2:202: icmp_seq=15 ttl=63 time=72.0 ms
64 bytes from aaaa::212:7402:2:202: icmp_seq=18 ttl=63 time=145 ms
64 bytes from aaaa::212:7402:2:202: icmp_seq=19 ttl=63 time=65.9 ms
64 bytes from aaaa::212:7402:2:202: icmp_seq=20 ttl=63 time=48.2 ms
64 bytes from aaaa::212:7402:2:202: icmp_seq=21 ttl=63 time=106 ms
64 bytes from aaaa::212:7402:2:202: icmp_seq=22 ttl=63 time=57.5 ms
64 bytes from aaaa::212:7402:2:202: icmp_seq=23 ttl=63 time=54.1 ms
64 bytes from aaaa::212:7402:2:202: icmp_seq=24 ttl=63 time=33.5 ms
64 bytes from aaaa::212:7402:2:202: icmp_seq=26 ttl=63 time=49.4 ms
64 bytes from aaaa::212:7402:2:202: icmp_seq=35 ttl=63 time=53.2 ms
64 bytes from aaaa::212:7402:2:202: icmp_seq=38 ttl=63 time=45.8 ms
64 bytes from aaaa::212:7402:2:202: icmp_seq=39 ttl=63 time=36.4 ms
64 bytes from aaaa::212:7402:2:202: icmp_seq=40 ttl=63 time=44.3 ms
64 bytes from aaaa::212:7402:2:202: icmp_seq=41 ttl=63 time=38.8 ms
64 bytes from aaaa::212:7402:2:202: icmp_seq=42 ttl=63 time=33.9 ms
64 bytes from aaaa::212:7402:2:202: icmp_seq=43 ttl=63 time=33.8 ms
64 bytes from aaaa::212:7402:2:202: icmp_seq=44 ttl=63 time=33.2 ms
64 bytes from aaaa::212:7402:2:202: icmp_seq=45 ttl=63 time=46.5 ms
64 bytes from aaaa::212:7402:2:202: icmp_seq=46 ttl=63 time=38.7 ms
64 bytes from aaaa::212:7402:2:202: icmp_seq=47 ttl=63 time=44.8 ms
64 bytes from aaaa::212:7402:2:202: icmp_seq=48 ttl=63 time=48.3 ms
64 bytes from aaaa::212:7402:2:202: icmp_seq=49 ttl=63 time=36.6 ms
64 bytes from aaaa::212:7402:2:202: icmp_seq=50 ttl=63 time=54.1 ms
64 bytes from aaaa::212:7402:2:202: icmp_seq=51 ttl=63 time=39.4 ms
64 bytes from aaaa::212:7402:2:202: icmp_seq=52 ttl=63 time=35.0 ms
64 bytes from aaaa::212:7402:2:202: icmp_seq=53 ttl=63 time=34.9 ms
64 bytes from aaaa::212:7402:2:202: icmp_seq=54 ttl=63 time=39.6 ms
64 bytes from aaaa::212:7402:2:202: icmp_seq=55 ttl=63 time=38.1 ms
64 bytes from aaaa::212:7402:2:202: icmp_seq=56 ttl=63 time=45.9 ms
64 bytes from aaaa::212:7402:2:202: icmp_seq=57 ttl=63 time=88.8 ms
64 bytes from aaaa::212:7402:2:202: icmp_seq=58 ttl=63 time=89.2 ms
64 bytes from aaaa::212:7402:2:202: icmp_seq=59 ttl=63 time=58.7 ms
64 bytes from aaaa::212:7402:2:202: icmp_seq=60 ttl=63 time=35.4 ms
64 bytes from aaaa::212:7402:2:202: icmp_seq=61 ttl=63 time=34.8 ms
64 bytes from aaaa::212:7402:2:202: icmp_seq=62 ttl=63 time=39.6 ms
64 bytes from aaaa::212:7402:2:202: icmp_seq=63 ttl=63 time=40.7 ms
64 bytes from aaaa::212:7402:2:202: icmp_seq=64 ttl=63 time=35.5 ms
64 bytes from aaaa::212:7402:2:202: icmp_seq=65 ttl=63 time=36.2 ms
64 bytes from aaaa::212:7402:2:202: icmp_seq=66 ttl=63 time=28.9 ms
64 bytes from aaaa::212:7402:2:202: icmp_seq=67 ttl=63 time=50.2 ms
64 bytes from aaaa::212:7402:2:202: icmp_seq=68 ttl=63 time=40.6 ms
64 bytes from aaaa::212:7402:2:202: icmp_seq=69 ttl=63 time=42.6 ms
64 bytes from aaaa::212:7402:2:202: icmp_seq=70 ttl=63 time=46.1 ms
64 bytes from aaaa::212:7402:2:202: icmp_seq=72 ttl=63 time=42.7 ms
64 bytes from aaaa::212:7402:2:202: icmp_seq=73 ttl=63 time=31.6 ms
64 bytes from aaaa::212:7402:2:202: icmp_seq=74 ttl=63 time=31.4 ms
64 bytes from aaaa::212:7402:2:202: icmp_seq=75 ttl=63 time=46.0 ms
64 bytes from aaaa::212:7402:2:202: icmp_seq=76 ttl=63 time=28.3 ms
64 bytes from aaaa::212:7402:2:202: icmp_seq=77 ttl=63 time=45.7 ms
64 bytes from aaaa::212:7402:2:202: icmp_seq=78 ttl=63 time=55.4 ms
64 bytes from aaaa::212:7402:2:202: icmp_seq=79 ttl=63 time=43.6 ms
64 bytes from aaaa::212:7402:2:202: icmp_seq=80 ttl=63 time=40.2 ms
64 bytes from aaaa::212:7402:2:202: icmp_seq=81 ttl=63 time=39.6 ms
64 bytes from aaaa::212:7402:2:202: icmp_seq=82 ttl=63 time=37.3 ms
64 bytes from aaaa::212:7402:2:202: icmp_seq=83 ttl=63 time=38.4 ms
64 bytes from aaaa::212:7402:2:202: icmp_seq=84 ttl=63 time=47.7 ms
64 bytes from aaaa::212:7402:2:202: icmp_seq=85 ttl=63 time=29.7 ms
64 bytes from aaaa::212:7402:2:202: icmp_seq=86 ttl=63 time=26.8 ms
64 bytes from aaaa::212:7402:2:202: icmp_seq=87 ttl=63 time=31.6 ms
64 bytes from aaaa::212:7402:2:202: icmp_seq=88 ttl=63 time=48.5 ms
64 bytes from aaaa::212:7402:2:202: icmp_seq=89 ttl=63 time=55.3 ms
64 bytes from aaaa::212:7402:2:202: icmp_seq=90 ttl=63 time=65.1 ms
64 bytes from aaaa::212:7402:2:202: icmp_seq=91 ttl=63 time=39.0 ms
64 bytes from aaaa::212:7402:2:202: icmp_seq=92 ttl=63 time=50.5 ms
64 bytes from aaaa::212:7402:2:202: icmp_seq=93 ttl=63 time=55.7 ms
64 bytes from aaaa::212:7402:2:202: icmp_seq=94 ttl=63 time=33.8 ms
64 bytes from aaaa::212:7402:2:202: icmp_seq=96 ttl=63 time=79.9 ms
64 bytes from aaaa::212:7402:2:202: icmp_seq=97 ttl=63 time=49.2 ms
64 bytes from aaaa::212:7402:2:202: icmp_seq=98 ttl=63 time=43.1 ms
64 bytes from aaaa::212:7402:2:202: icmp_seq=99 ttl=63 time=45.9 ms
64 bytes from aaaa::212:7402:2:202: icmp_seq=100 ttl=63 time=46.2 ms
64 bytes from aaaa::212:7402:2:202: icmp_seq=101 ttl=63 time=44.8 ms
64 bytes from aaaa::212:7402:2:202: icmp_seq=102 ttl=63 time=38.7 ms
64 bytes from aaaa::212:7402:2:202: icmp_seq=104 ttl=63 time=83.2 ms
64 bytes from aaaa::212:7402:2:202: icmp_seq=105 ttl=63 time=31.7 ms
64 bytes from aaaa::212:7402:2:202: icmp_seq=106 ttl=63 time=36.3 ms
64 bytes from aaaa::212:7402:2:202: icmp_seq=107 ttl=63 time=40.5 ms
64 bytes from aaaa::212:7402:2:202: icmp_seq=108 ttl=63 time=29.9 ms
64 bytes from aaaa::212:7402:2:202: icmp_seq=109 ttl=63 time=47.4 ms
64 bytes from aaaa::212:7402:2:202: icmp_seq=110 ttl=63 time=45.5 ms
64 bytes from aaaa::212:7402:2:202: icmp_seq=111 ttl=63 time=38.7 ms
64 bytes from aaaa::212:7402:2:202: icmp_seq=112 ttl=63 time=32.8 ms
64 bytes from aaaa::212:7402:2:202: icmp_seq=113 ttl=63 time=50.3 ms
64 bytes from aaaa::212:7402:2:202: icmp_seq=114 ttl=63 time=52.4 ms
64 bytes from aaaa::212:7402:2:202: icmp_seq=115 ttl=63 time=46.7 ms
64 bytes from aaaa::212:7402:2:202: icmp_seq=116 ttl=63 time=38.6 ms
64 bytes from aaaa::212:7402:2:202: icmp_seq=117 ttl=63 time=47.7 ms
64 bytes from aaaa::212:7402:2:202: icmp_seq=118 ttl=63 time=40.5 ms
64 bytes from aaaa::212:7402:2:202: icmp_seq=119 ttl=63 time=29.4 ms
64 bytes from aaaa::212:7402:2:202: icmp_seq=120 ttl=63 time=25.2 ms
64 bytes from aaaa::212:7402:2:202: icmp_seq=121 ttl=63 time=44.4 ms
64 bytes from aaaa::212:7402:2:202: icmp_seq=122 ttl=63 time=58.4 ms
64 bytes from aaaa::212:7402:2:202: icmp_seq=123 ttl=63 time=59.7 ms
64 bytes from aaaa::212:7402:2:202: icmp_seq=124 ttl=63 time=49.7 ms
64 bytes from aaaa::212:7402:2:202: icmp_seq=125 ttl=63 time=43.4 ms
64 bytes from aaaa::212:7402:2:202: icmp_seq=126 ttl=63 time=55.0 ms
64 bytes from aaaa::212:7402:2:202: icmp_seq=127 ttl=63 time=31.2 ms
64 bytes from aaaa::212:7402:2:202: icmp_seq=128 ttl=63 time=42.7 ms
64 bytes from aaaa::212:7402:2:202: icmp_seq=129 ttl=63 time=39.1 ms
64 bytes from aaaa::212:7402:2:202: icmp_seq=130 ttl=63 time=40.6 ms
64 bytes from aaaa::212:7402:2:202: icmp_seq=131 ttl=63 time=37.4 ms
64 bytes from aaaa::212:7402:2:202: icmp_seq=132 ttl=63 time=41.3 ms
64 bytes from aaaa::212:7402:2:202: icmp_seq=133 ttl=63 time=35.1 ms
64 bytes from aaaa::212:7402:2:202: icmp_seq=134 ttl=63 time=53.1 ms
64 bytes from aaaa::212:7402:2:202: icmp_seq=135 ttl=63 time=38.9 ms
64 bytes from aaaa::212:7402:2:202: icmp_seq=136 ttl=63 time=46.7 ms
64 bytes from aaaa::212:7402:2:202: icmp_seq=137 ttl=63 time=40.7 ms
64 bytes from aaaa::212:7402:2:202: icmp_seq=138 ttl=63 time=53.0 ms
64 bytes from aaaa::212:7402:2:202: icmp_seq=139 ttl=63 time=68.0 ms
64 bytes from aaaa::212:7402:2:202: icmp_seq=140 ttl=63 time=45.5 ms
64 bytes from aaaa::212:7402:2:202: icmp_seq=141 ttl=63 time=54.9 ms
64 bytes from aaaa::212:7402:2:202: icmp_seq=142 ttl=63 time=42.7 ms
64 bytes from aaaa::212:7402:2:202: icmp_seq=144 ttl=63 time=40.0 ms
64 bytes from aaaa::212:7402:2:202: icmp_seq=145 ttl=63 time=55.7 ms
64 bytes from aaaa::212:7402:2:202: icmp_seq=146 ttl=63 time=35.5 ms
64 bytes from aaaa::212:7402:2:202: icmp_seq=147 ttl=63 time=82.9 ms
64 bytes from aaaa::212:7402:2:202: icmp_seq=148 ttl=63 time=56.8 ms
64 bytes from aaaa::212:7402:2:202: icmp_seq=149 ttl=63 time=34.6 ms
64 bytes from aaaa::212:7402:2:202: icmp_seq=150 ttl=63 time=33.7 ms
64 bytes from aaaa::212:7402:2:202: icmp_seq=151 ttl=63 time=64.4 ms
64 bytes from aaaa::212:7402:2:202: icmp_seq=152 ttl=63 time=55.1 ms
64 bytes from aaaa::212:7402:2:202: icmp_seq=153 ttl=63 time=55.9 ms
64 bytes from aaaa::212:7402:2:202: icmp_seq=154 ttl=63 time=43.0 ms
64 bytes from aaaa::212:7402:2:202: icmp_seq=155 ttl=63 time=35.0 ms
64 bytes from aaaa::212:7402:2:202: icmp_seq=156 ttl=63 time=55.0 ms
64 bytes from aaaa::212:7402:2:202: icmp_seq=157 ttl=63 time=35.1 ms
64 bytes from aaaa::212:7402:2:202: icmp_seq=158 ttl=63 time=52.6 ms
64 bytes from aaaa::212:7402:2:202: icmp_seq=159 ttl=63 time=42.4 ms
64 bytes from aaaa::212:7402:2:202: icmp_seq=160 ttl=63 time=44.7 ms
64 bytes from aaaa::212:7402:2:202: icmp_seq=161 ttl=63 time=27.2 ms
64 bytes from aaaa::212:7402:2:202: icmp_seq=162 ttl=63 time=47.9 ms
64 bytes from aaaa::212:7402:2:202: icmp_seq=163 ttl=63 time=53.0 ms
64 bytes from aaaa::212:7402:2:202: icmp_seq=164 ttl=63 time=57.4 ms
64 bytes from aaaa::212:7402:2:202: icmp_seq=165 ttl=63 time=36.7 ms
64 bytes from aaaa::212:7402:2:202: icmp_seq=166 ttl=63 time=38.5 ms
64 bytes from aaaa::212:7402:2:202: icmp_seq=167 ttl=63 time=57.1 ms
64 bytes from aaaa::212:7402:2:202: icmp_seq=168 ttl=63 time=31.2 ms
64 bytes from aaaa::212:7402:2:202: icmp_seq=169 ttl=63 time=41.0 ms
64 bytes from aaaa::212:7402:2:202: icmp_seq=170 ttl=63 time=41.4 ms
64 bytes from aaaa::212:7402:2:202: icmp_seq=171 ttl=63 time=32.2 ms
64 bytes from aaaa::212:7402:2:202: icmp_seq=172 ttl=63 time=40.0 ms
64 bytes from aaaa::212:7402:2:202: icmp_seq=173 ttl=63 time=52.2 ms
64 bytes from aaaa::212:7402:2:202: icmp_seq=174 ttl=63 time=47.9 ms
64 bytes from aaaa::212:7402:2:202: icmp_seq=175 ttl=63 time=54.0 ms
64 bytes from aaaa::212:7402:2:202: icmp_seq=176 ttl=63 time=40.2 ms
64 bytes from aaaa::212:7402:2:202: icmp_seq=177 ttl=63 time=34.4 ms
64 bytes from aaaa::212:7402:2:202: icmp_seq=178 ttl=63 time=49.9 ms
64 bytes from aaaa::212:7402:2:202: icmp_seq=179 ttl=63 time=49.3 ms
64 bytes from aaaa::212:7402:2:202: icmp_seq=180 ttl=63 time=32.3 ms
64 bytes from aaaa::212:7402:2:202: icmp_seq=181 ttl=63 time=33.5 ms
64 bytes from aaaa::212:7402:2:202: icmp_seq=182 ttl=63 time=51.8 ms
64 bytes from aaaa::212:7402:2:202: icmp_seq=183 ttl=63 time=46.6 ms
64 bytes from aaaa::212:7402:2:202: icmp_seq=184 ttl=63 time=36.3 ms
64 bytes from aaaa::212:7402:2:202: icmp_seq=185 ttl=63 time=50.1 ms
64 bytes from aaaa::212:7402:2:202: icmp_seq=186 ttl=63 time=36.3 ms
64 bytes from aaaa::212:7402:2:202: icmp_seq=187 ttl=63 time=33.9 ms
64 bytes from aaaa::212:7402:2:202: icmp_seq=188 ttl=63 time=57.0 ms
64 bytes from aaaa::212:7402:2:202: icmp_seq=189 ttl=63 time=34.7 ms
64 bytes from aaaa::212:7402:2:202: icmp_seq=190 ttl=63 time=33.0 ms
64 bytes from aaaa::212:7402:2:202: icmp_seq=191 ttl=63 time=32.5 ms
64 bytes from aaaa::212:7402:2:202: icmp_seq=192 ttl=63 time=26.9 ms
64 bytes from aaaa::212:7402:2:202: icmp_seq=193 ttl=63 time=50.8 ms
64 bytes from aaaa::212:7402:2:202: icmp_seq=194 ttl=63 time=54.5 ms
64 bytes from aaaa::212:7402:2:202: icmp_seq=195 ttl=63 time=37.0 ms
64 bytes from aaaa::212:7402:2:202: icmp_seq=196 ttl=63 time=38.3 ms
64 bytes from aaaa::212:7402:2:202: icmp_seq=197 ttl=63 time=34.8 ms
64 bytes from aaaa::212:7402:2:202: icmp_seq=198 ttl=63 time=32.6 ms
64 bytes from aaaa::212:7402:2:202: icmp_seq=199 ttl=63 time=55.3 ms
64 bytes from aaaa::212:7402:2:202: icmp_seq=200 ttl=63 time=58.1 ms

--- aaaa::212:7402:2:202 ping statistics ---
200 packets transmitted, 171 received, 14% packet loss, time 999752ms
rtt min/avg/max/mdev = 25.245/45.826/145.611/14.850 ms
