PING aaaa::212:7405:5:505(aaaa::212:7405:5:505) 56 data bytes
64 bytes from aaaa::212:7405:5:505: icmp_seq=1 ttl=62 time=203 ms
64 bytes from aaaa::212:7405:5:505: icmp_seq=2 ttl=62 time=287 ms
64 bytes from aaaa::212:7405:5:505: icmp_seq=3 ttl=62 time=308 ms
64 bytes from aaaa::212:7405:5:505: icmp_seq=4 ttl=62 time=289 ms
64 bytes from aaaa::212:7405:5:505: icmp_seq=5 ttl=62 time=275 ms
64 bytes from aaaa::212:7405:5:505: icmp_seq=6 ttl=62 time=192 ms
64 bytes from aaaa::212:7405:5:505: icmp_seq=7 ttl=62 time=161 ms
64 bytes from aaaa::212:7405:5:505: icmp_seq=8 ttl=62 time=368 ms
64 bytes from aaaa::212:7405:5:505: icmp_seq=9 ttl=62 time=151 ms
64 bytes from aaaa::212:7405:5:505: icmp_seq=12 ttl=62 time=77.5 ms
64 bytes from aaaa::212:7405:5:505: icmp_seq=13 ttl=62 time=63.6 ms
64 bytes from aaaa::212:7405:5:505: icmp_seq=14 ttl=62 time=63.7 ms
64 bytes from aaaa::212:7405:5:505: icmp_seq=15 ttl=62 time=63.7 ms
64 bytes from aaaa::212:7405:5:505: icmp_seq=16 ttl=62 time=68.9 ms
64 bytes from aaaa::212:7405:5:505: icmp_seq=17 ttl=62 time=83.4 ms
64 bytes from aaaa::212:7405:5:505: icmp_seq=18 ttl=62 time=85.9 ms
64 bytes from aaaa::212:7405:5:505: icmp_seq=19 ttl=62 time=76.4 ms
64 bytes from aaaa::212:7405:5:505: icmp_seq=20 ttl=62 time=118 ms
64 bytes from aaaa::212:7405:5:505: icmp_seq=21 ttl=62 time=68.0 ms
64 bytes from aaaa::212:7405:5:505: icmp_seq=22 ttl=62 time=71.8 ms
64 bytes from aaaa::212:7405:5:505: icmp_seq=23 ttl=62 time=86.3 ms
64 bytes from aaaa::212:7405:5:505: icmp_seq=24 ttl=62 time=73.9 ms
64 bytes from aaaa::212:7405:5:505: icmp_seq=25 ttl=62 time=72.5 ms
64 bytes from aaaa::212:7405:5:505: icmp_seq=26 ttl=62 time=107 ms
64 bytes from aaaa::212:7405:5:505: icmp_seq=27 ttl=62 time=71.2 ms
64 bytes from aaaa::212:7405:5:505: icmp_seq=28 ttl=62 time=107 ms
64 bytes from aaaa::212:7405:5:505: icmp_seq=29 ttl=62 time=79.1 ms
64 bytes from aaaa::212:7405:5:505: icmp_seq=30 ttl=62 time=89.1 ms
64 bytes from aaaa::212:7405:5:505: icmp_seq=31 ttl=62 time=93.6 ms
64 bytes from aaaa::212:7405:5:505: icmp_seq=32 ttl=62 time=98.2 ms
64 bytes from aaaa::212:7405:5:505: icmp_seq=33 ttl=62 time=91.6 ms
64 bytes from aaaa::212:7405:5:505: icmp_seq=34 ttl=62 time=106 ms
64 bytes from aaaa::212:7405:5:505: icmp_seq=35 ttl=62 time=71.4 ms
64 bytes from aaaa::212:7405:5:505: icmp_seq=36 ttl=62 time=61.7 ms
64 bytes from aaaa::212:7405:5:505: icmp_seq=37 ttl=62 time=77.1 ms
64 bytes from aaaa::212:7405:5:505: icmp_seq=38 ttl=62 time=58.9 ms
64 bytes from aaaa::212:7405:5:505: icmp_seq=39 ttl=62 time=85.9 ms
64 bytes from aaaa::212:7405:5:505: icmp_seq=40 ttl=62 time=84.0 ms
64 bytes from aaaa::212:7405:5:505: icmp_seq=41 ttl=62 time=60.9 ms
64 bytes from aaaa::212:7405:5:505: icmp_seq=42 ttl=62 time=71.6 ms
64 bytes from aaaa::212:7405:5:505: icmp_seq=43 ttl=62 time=81.3 ms
64 bytes from aaaa::212:7405:5:505: icmp_seq=44 ttl=62 time=68.6 ms
64 bytes from aaaa::212:7405:5:505: icmp_seq=45 ttl=62 time=68.7 ms
64 bytes from aaaa::212:7405:5:505: icmp_seq=46 ttl=62 time=83.8 ms
64 bytes from aaaa::212:7405:5:505: icmp_seq=47 ttl=62 time=85.0 ms
64 bytes from aaaa::212:7405:5:505: icmp_seq=48 ttl=62 time=67.4 ms
64 bytes from aaaa::212:7405:5:505: icmp_seq=49 ttl=62 time=81.4 ms
64 bytes from aaaa::212:7405:5:505: icmp_seq=50 ttl=62 time=88.9 ms
64 bytes from aaaa::212:7405:5:505: icmp_seq=51 ttl=62 time=69.8 ms
64 bytes from aaaa::212:7405:5:505: icmp_seq=52 ttl=62 time=70.3 ms
64 bytes from aaaa::212:7405:5:505: icmp_seq=53 ttl=62 time=77.9 ms
64 bytes from aaaa::212:7405:5:505: icmp_seq=54 ttl=62 time=71.0 ms
64 bytes from aaaa::212:7405:5:505: icmp_seq=55 ttl=62 time=120 ms
64 bytes from aaaa::212:7405:5:505: icmp_seq=56 ttl=62 time=137 ms
64 bytes from aaaa::212:7405:5:505: icmp_seq=57 ttl=62 time=64.1 ms
64 bytes from aaaa::212:7405:5:505: icmp_seq=58 ttl=62 time=93.6 ms
64 bytes from aaaa::212:7405:5:505: icmp_seq=59 ttl=62 time=65.0 ms
64 bytes from aaaa::212:7405:5:505: icmp_seq=64 ttl=62 time=119 ms
64 bytes from aaaa::212:7405:5:505: icmp_seq=65 ttl=62 time=174 ms
64 bytes from aaaa::212:7405:5:505: icmp_seq=66 ttl=62 time=79.6 ms
64 bytes from aaaa::212:7405:5:505: icmp_seq=68 ttl=62 time=128 ms
64 bytes from aaaa::212:7405:5:505: icmp_seq=69 ttl=62 time=115 ms
64 bytes from aaaa::212:7405:5:505: icmp_seq=70 ttl=62 time=109 ms
64 bytes from aaaa::212:7405:5:505: icmp_seq=71 ttl=62 time=115 ms
64 bytes from aaaa::212:7405:5:505: icmp_seq=72 ttl=62 time=115 ms
64 bytes from aaaa::212:7405:5:505: icmp_seq=73 ttl=62 time=114 ms
64 bytes from aaaa::212:7405:5:505: icmp_seq=74 ttl=62 time=115 ms
64 bytes from aaaa::212:7405:5:505: icmp_seq=75 ttl=62 time=120 ms
64 bytes from aaaa::212:7405:5:505: icmp_seq=76 ttl=62 time=107 ms
64 bytes from aaaa::212:7405:5:505: icmp_seq=77 ttl=62 time=68.0 ms
64 bytes from aaaa::212:7405:5:505: icmp_seq=78 ttl=62 time=70.6 ms
64 bytes from aaaa::212:7405:5:505: icmp_seq=79 ttl=62 time=71.0 ms
64 bytes from aaaa::212:7405:5:505: icmp_seq=80 ttl=62 time=97.2 ms
64 bytes from aaaa::212:7405:5:505: icmp_seq=81 ttl=62 time=86.1 ms
64 bytes from aaaa::212:7405:5:505: icmp_seq=82 ttl=62 time=90.7 ms
64 bytes from aaaa::212:7405:5:505: icmp_seq=83 ttl=62 time=69.3 ms
64 bytes from aaaa::212:7405:5:505: icmp_seq=84 ttl=62 time=70.8 ms
64 bytes from aaaa::212:7405:5:505: icmp_seq=85 ttl=62 time=76.4 ms
64 bytes from aaaa::212:7405:5:505: icmp_seq=86 ttl=62 time=95.9 ms
64 bytes from aaaa::212:7405:5:505: icmp_seq=87 ttl=62 time=85.5 ms
64 bytes from aaaa::212:7405:5:505: icmp_seq=88 ttl=62 time=86.8 ms
64 bytes from aaaa::212:7405:5:505: icmp_seq=89 ttl=62 time=69.4 ms
64 bytes from aaaa::212:7405:5:505: icmp_seq=90 ttl=62 time=89.7 ms
64 bytes from aaaa::212:7405:5:505: icmp_seq=91 ttl=62 time=79.8 ms
64 bytes from aaaa::212:7405:5:505: icmp_seq=92 ttl=62 time=86.2 ms
64 bytes from aaaa::212:7405:5:505: icmp_seq=93 ttl=62 time=58.2 ms
64 bytes from aaaa::212:7405:5:505: icmp_seq=94 ttl=62 time=66.6 ms
64 bytes from aaaa::212:7405:5:505: icmp_seq=95 ttl=62 time=80.3 ms
64 bytes from aaaa::212:7405:5:505: icmp_seq=96 ttl=62 time=117 ms
64 bytes from aaaa::212:7405:5:505: icmp_seq=97 ttl=62 time=61.1 ms
64 bytes from aaaa::212:7405:5:505: icmp_seq=98 ttl=62 time=57.9 ms
64 bytes from aaaa::212:7405:5:505: icmp_seq=99 ttl=62 time=63.2 ms
64 bytes from aaaa::212:7405:5:505: icmp_seq=100 ttl=62 time=69.0 ms
64 bytes from aaaa::212:7405:5:505: icmp_seq=101 ttl=62 time=105 ms
64 bytes from aaaa::212:7405:5:505: icmp_seq=102 ttl=62 time=74.6 ms
64 bytes from aaaa::212:7405:5:505: icmp_seq=103 ttl=62 time=89.6 ms
64 bytes from aaaa::212:7405:5:505: icmp_seq=104 ttl=62 time=70.2 ms
64 bytes from aaaa::212:7405:5:505: icmp_seq=107 ttl=62 time=159 ms
64 bytes from aaaa::212:7405:5:505: icmp_seq=108 ttl=62 time=67.3 ms
64 bytes from aaaa::212:7405:5:505: icmp_seq=109 ttl=62 time=104 ms
64 bytes from aaaa::212:7405:5:505: icmp_seq=110 ttl=62 time=104 ms
64 bytes from aaaa::212:7405:5:505: icmp_seq=111 ttl=62 time=96.8 ms
64 bytes from aaaa::212:7405:5:505: icmp_seq=112 ttl=62 time=71.3 ms
64 bytes from aaaa::212:7405:5:505: icmp_seq=113 ttl=62 time=147 ms
64 bytes from aaaa::212:7405:5:505: icmp_seq=114 ttl=62 time=188 ms
64 bytes from aaaa::212:7405:5:505: icmp_seq=115 ttl=62 time=91.1 ms
64 bytes from aaaa::212:7405:5:505: icmp_seq=116 ttl=62 time=69.3 ms
64 bytes from aaaa::212:7405:5:505: icmp_seq=117 ttl=62 time=108 ms
64 bytes from aaaa::212:7405:5:505: icmp_seq=118 ttl=62 time=62.0 ms
64 bytes from aaaa::212:7405:5:505: icmp_seq=119 ttl=62 time=67.0 ms
64 bytes from aaaa::212:7405:5:505: icmp_seq=120 ttl=62 time=96.8 ms
64 bytes from aaaa::212:7405:5:505: icmp_seq=122 ttl=62 time=126 ms
64 bytes from aaaa::212:7405:5:505: icmp_seq=123 ttl=62 time=97.7 ms
64 bytes from aaaa::212:7405:5:505: icmp_seq=124 ttl=62 time=76.2 ms
64 bytes from aaaa::212:7405:5:505: icmp_seq=125 ttl=62 time=87.5 ms
64 bytes from aaaa::212:7405:5:505: icmp_seq=126 ttl=62 time=67.2 ms
64 bytes from aaaa::212:7405:5:505: icmp_seq=127 ttl=62 time=79.8 ms
64 bytes from aaaa::212:7405:5:505: icmp_seq=128 ttl=62 time=81.8 ms
64 bytes from aaaa::212:7405:5:505: icmp_seq=129 ttl=62 time=72.3 ms
64 bytes from aaaa::212:7405:5:505: icmp_seq=130 ttl=62 time=72.9 ms
64 bytes from aaaa::212:7405:5:505: icmp_seq=131 ttl=62 time=86.9 ms
64 bytes from aaaa::212:7405:5:505: icmp_seq=132 ttl=62 time=73.8 ms
64 bytes from aaaa::212:7405:5:505: icmp_seq=133 ttl=62 time=89.6 ms
64 bytes from aaaa::212:7405:5:505: icmp_seq=134 ttl=62 time=65.4 ms
64 bytes from aaaa::212:7405:5:505: icmp_seq=135 ttl=62 time=86.8 ms
64 bytes from aaaa::212:7405:5:505: icmp_seq=136 ttl=62 time=96.8 ms
64 bytes from aaaa::212:7405:5:505: icmp_seq=137 ttl=62 time=97.1 ms
64 bytes from aaaa::212:7405:5:505: icmp_seq=138 ttl=62 time=61.3 ms
64 bytes from aaaa::212:7405:5:505: icmp_seq=139 ttl=62 time=75.9 ms
64 bytes from aaaa::212:7405:5:505: icmp_seq=140 ttl=62 time=67.2 ms
64 bytes from aaaa::212:7405:5:505: icmp_seq=141 ttl=62 time=123 ms
64 bytes from aaaa::212:7405:5:505: icmp_seq=142 ttl=62 time=90.2 ms
64 bytes from aaaa::212:7405:5:505: icmp_seq=143 ttl=62 time=91.9 ms
64 bytes from aaaa::212:7405:5:505: icmp_seq=144 ttl=62 time=83.6 ms
64 bytes from aaaa::212:7405:5:505: icmp_seq=145 ttl=62 time=82.4 ms
64 bytes from aaaa::212:7405:5:505: icmp_seq=146 ttl=62 time=74.2 ms
64 bytes from aaaa::212:7405:5:505: icmp_seq=147 ttl=62 time=89.8 ms
64 bytes from aaaa::212:7405:5:505: icmp_seq=148 ttl=62 time=97.2 ms
64 bytes from aaaa::212:7405:5:505: icmp_seq=149 ttl=62 time=75.2 ms
64 bytes from aaaa::212:7405:5:505: icmp_seq=150 ttl=62 time=60.9 ms
64 bytes from aaaa::212:7405:5:505: icmp_seq=151 ttl=62 time=86.4 ms
64 bytes from aaaa::212:7405:5:505: icmp_seq=152 ttl=62 time=93.7 ms
64 bytes from aaaa::212:7405:5:505: icmp_seq=153 ttl=62 time=131 ms
64 bytes from aaaa::212:7405:5:505: icmp_seq=154 ttl=62 time=81.9 ms
64 bytes from aaaa::212:7405:5:505: icmp_seq=155 ttl=62 time=76.6 ms
64 bytes from aaaa::212:7405:5:505: icmp_seq=156 ttl=62 time=103 ms
64 bytes from aaaa::212:7405:5:505: icmp_seq=157 ttl=62 time=75.2 ms
64 bytes from aaaa::212:7405:5:505: icmp_seq=158 ttl=62 time=99.6 ms
64 bytes from aaaa::212:7405:5:505: icmp_seq=159 ttl=62 time=79.5 ms
64 bytes from aaaa::212:7405:5:505: icmp_seq=160 ttl=62 time=77.8 ms
64 bytes from aaaa::212:7405:5:505: icmp_seq=161 ttl=62 time=76.9 ms
64 bytes from aaaa::212:7405:5:505: icmp_seq=162 ttl=62 time=81.4 ms
64 bytes from aaaa::212:7405:5:505: icmp_seq=163 ttl=62 time=92.4 ms
64 bytes from aaaa::212:7405:5:505: icmp_seq=164 ttl=62 time=76.8 ms
64 bytes from aaaa::212:7405:5:505: icmp_seq=165 ttl=62 time=83.1 ms
64 bytes from aaaa::212:7405:5:505: icmp_seq=166 ttl=62 time=59.7 ms
64 bytes from aaaa::212:7405:5:505: icmp_seq=167 ttl=62 time=66.4 ms
64 bytes from aaaa::212:7405:5:505: icmp_seq=168 ttl=62 time=86.4 ms
64 bytes from aaaa::212:7405:5:505: icmp_seq=169 ttl=62 time=95.3 ms
64 bytes from aaaa::212:7405:5:505: icmp_seq=171 ttl=62 time=71.8 ms
64 bytes from aaaa::212:7405:5:505: icmp_seq=172 ttl=62 time=81.5 ms
64 bytes from aaaa::212:7405:5:505: icmp_seq=173 ttl=62 time=81.0 ms
64 bytes from aaaa::212:7405:5:505: icmp_seq=174 ttl=62 time=64.8 ms
64 bytes from aaaa::212:7405:5:505: icmp_seq=175 ttl=62 time=72.9 ms
64 bytes from aaaa::212:7405:5:505: icmp_seq=176 ttl=62 time=65.7 ms
64 bytes from aaaa::212:7405:5:505: icmp_seq=177 ttl=62 time=95.3 ms
64 bytes from aaaa::212:7405:5:505: icmp_seq=178 ttl=62 time=69.8 ms
64 bytes from aaaa::212:7405:5:505: icmp_seq=179 ttl=62 time=66.0 ms
64 bytes from aaaa::212:7405:5:505: icmp_seq=180 ttl=62 time=72.2 ms
64 bytes from aaaa::212:7405:5:505: icmp_seq=181 ttl=62 time=79.1 ms
64 bytes from aaaa::212:7405:5:505: icmp_seq=182 ttl=62 time=78.1 ms
64 bytes from aaaa::212:7405:5:505: icmp_seq=183 ttl=62 time=70.0 ms
64 bytes from aaaa::212:7405:5:505: icmp_seq=184 ttl=62 time=71.6 ms
64 bytes from aaaa::212:7405:5:505: icmp_seq=185 ttl=62 time=57.9 ms
64 bytes from aaaa::212:7405:5:505: icmp_seq=186 ttl=62 time=66.7 ms
64 bytes from aaaa::212:7405:5:505: icmp_seq=187 ttl=62 time=84.1 ms
64 bytes from aaaa::212:7405:5:505: icmp_seq=188 ttl=62 time=76.8 ms
64 bytes from aaaa::212:7405:5:505: icmp_seq=189 ttl=62 time=69.5 ms
64 bytes from aaaa::212:7405:5:505: icmp_seq=190 ttl=62 time=56.9 ms
64 bytes from aaaa::212:7405:5:505: icmp_seq=191 ttl=62 time=73.4 ms
64 bytes from aaaa::212:7405:5:505: icmp_seq=192 ttl=62 time=60.1 ms
64 bytes from aaaa::212:7405:5:505: icmp_seq=193 ttl=62 time=66.2 ms
64 bytes from aaaa::212:7405:5:505: icmp_seq=194 ttl=62 time=73.7 ms
64 bytes from aaaa::212:7405:5:505: icmp_seq=195 ttl=62 time=79.3 ms
64 bytes from aaaa::212:7405:5:505: icmp_seq=196 ttl=62 time=65.9 ms
64 bytes from aaaa::212:7405:5:505: icmp_seq=197 ttl=62 time=62.7 ms
64 bytes from aaaa::212:7405:5:505: icmp_seq=198 ttl=62 time=95.8 ms
64 bytes from aaaa::212:7405:5:505: icmp_seq=199 ttl=62 time=74.1 ms
64 bytes from aaaa::212:7405:5:505: icmp_seq=200 ttl=62 time=99.6 ms

--- aaaa::212:7405:5:505 ping statistics ---
200 packets transmitted, 189 received, 5% packet loss, time 997057ms
rtt min/avg/max/mdev = 56.922/92.294/368.113/43.381 ms
