PING aaaa::212:7402:2:202(aaaa::212:7402:2:202) 56 data bytes
64 bytes from aaaa::212:7402:2:202: icmp_seq=1 ttl=63 time=43.6 ms
64 bytes from aaaa::212:7402:2:202: icmp_seq=2 ttl=63 time=141 ms
64 bytes from aaaa::212:7402:2:202: icmp_seq=4 ttl=63 time=57.1 ms
64 bytes from aaaa::212:7402:2:202: icmp_seq=5 ttl=63 time=78.1 ms
64 bytes from aaaa::212:7402:2:202: icmp_seq=6 ttl=63 time=71.9 ms
64 bytes from aaaa::212:7402:2:202: icmp_seq=8 ttl=63 time=57.2 ms
64 bytes from aaaa::212:7402:2:202: icmp_seq=9 ttl=63 time=55.4 ms
64 bytes from aaaa::212:7402:2:202: icmp_seq=10 ttl=63 time=47.7 ms
64 bytes from aaaa::212:7402:2:202: icmp_seq=12 ttl=63 time=59.8 ms
64 bytes from aaaa::212:7402:2:202: icmp_seq=13 ttl=63 time=57.4 ms
64 bytes from aaaa::212:7402:2:202: icmp_seq=14 ttl=63 time=70.9 ms
64 bytes from aaaa::212:7402:2:202: icmp_seq=15 ttl=63 time=44.1 ms
64 bytes from aaaa::212:7402:2:202: icmp_seq=16 ttl=63 time=39.8 ms
64 bytes from aaaa::212:7402:2:202: icmp_seq=17 ttl=63 time=33.4 ms
64 bytes from aaaa::212:7402:2:202: icmp_seq=19 ttl=63 time=40.2 ms
64 bytes from aaaa::212:7402:2:202: icmp_seq=20 ttl=63 time=45.1 ms
64 bytes from aaaa::212:7402:2:202: icmp_seq=21 ttl=63 time=54.4 ms
64 bytes from aaaa::212:7402:2:202: icmp_seq=22 ttl=63 time=46.4 ms
64 bytes from aaaa::212:7402:2:202: icmp_seq=23 ttl=63 time=45.5 ms
64 bytes from aaaa::212:7402:2:202: icmp_seq=24 ttl=63 time=40.7 ms
64 bytes from aaaa::212:7402:2:202: icmp_seq=25 ttl=63 time=60.7 ms
64 bytes from aaaa::212:7402:2:202: icmp_seq=26 ttl=63 time=139 ms
64 bytes from aaaa::212:7402:2:202: icmp_seq=27 ttl=63 time=38.3 ms
64 bytes from aaaa::212:7402:2:202: icmp_seq=28 ttl=63 time=47.6 ms
64 bytes from aaaa::212:7402:2:202: icmp_seq=29 ttl=63 time=63.9 ms
64 bytes from aaaa::212:7402:2:202: icmp_seq=30 ttl=63 time=71.7 ms
64 bytes from aaaa::212:7402:2:202: icmp_seq=31 ttl=63 time=83.8 ms
64 bytes from aaaa::212:7402:2:202: icmp_seq=32 ttl=63 time=103 ms
64 bytes from aaaa::212:7402:2:202: icmp_seq=33 ttl=63 time=59.2 ms
64 bytes from aaaa::212:7402:2:202: icmp_seq=34 ttl=63 time=44.2 ms
64 bytes from aaaa::212:7402:2:202: icmp_seq=35 ttl=63 time=71.6 ms
64 bytes from aaaa::212:7402:2:202: icmp_seq=36 ttl=63 time=40.3 ms
64 bytes from aaaa::212:7402:2:202: icmp_seq=37 ttl=63 time=77.4 ms
64 bytes from aaaa::212:7402:2:202: icmp_seq=38 ttl=63 time=48.1 ms
64 bytes from aaaa::212:7402:2:202: icmp_seq=39 ttl=63 time=64.2 ms
64 bytes from aaaa::212:7402:2:202: icmp_seq=40 ttl=63 time=68.9 ms
64 bytes from aaaa::212:7402:2:202: icmp_seq=41 ttl=63 time=91.3 ms
64 bytes from aaaa::212:7402:2:202: icmp_seq=42 ttl=63 time=59.1 ms
64 bytes from aaaa::212:7402:2:202: icmp_seq=43 ttl=63 time=86.6 ms
64 bytes from aaaa::212:7402:2:202: icmp_seq=44 ttl=63 time=100 ms
64 bytes from aaaa::212:7402:2:202: icmp_seq=45 ttl=63 time=52.4 ms
64 bytes from aaaa::212:7402:2:202: icmp_seq=46 ttl=63 time=35.9 ms
64 bytes from aaaa::212:7402:2:202: icmp_seq=47 ttl=63 time=27.0 ms
64 bytes from aaaa::212:7402:2:202: icmp_seq=48 ttl=63 time=40.0 ms
64 bytes from aaaa::212:7402:2:202: icmp_seq=49 ttl=63 time=42.5 ms
64 bytes from aaaa::212:7402:2:202: icmp_seq=50 ttl=63 time=56.2 ms
64 bytes from aaaa::212:7402:2:202: icmp_seq=51 ttl=63 time=54.3 ms
64 bytes from aaaa::212:7402:2:202: icmp_seq=53 ttl=63 time=55.9 ms
64 bytes from aaaa::212:7402:2:202: icmp_seq=54 ttl=63 time=50.0 ms
64 bytes from aaaa::212:7402:2:202: icmp_seq=55 ttl=63 time=41.9 ms
64 bytes from aaaa::212:7402:2:202: icmp_seq=56 ttl=63 time=82.7 ms
64 bytes from aaaa::212:7402:2:202: icmp_seq=57 ttl=63 time=44.6 ms
64 bytes from aaaa::212:7402:2:202: icmp_seq=58 ttl=63 time=41.1 ms
64 bytes from aaaa::212:7402:2:202: icmp_seq=59 ttl=63 time=51.7 ms
64 bytes from aaaa::212:7402:2:202: icmp_seq=60 ttl=63 time=45.5 ms
64 bytes from aaaa::212:7402:2:202: icmp_seq=61 ttl=63 time=31.4 ms
64 bytes from aaaa::212:7402:2:202: icmp_seq=62 ttl=63 time=59.5 ms
64 bytes from aaaa::212:7402:2:202: icmp_seq=63 ttl=63 time=61.6 ms
64 bytes from aaaa::212:7402:2:202: icmp_seq=64 ttl=63 time=56.5 ms
64 bytes from aaaa::212:7402:2:202: icmp_seq=65 ttl=63 time=49.4 ms
64 bytes from aaaa::212:7402:2:202: icmp_seq=66 ttl=63 time=52.0 ms
64 bytes from aaaa::212:7402:2:202: icmp_seq=67 ttl=63 time=43.7 ms
64 bytes from aaaa::212:7402:2:202: icmp_seq=68 ttl=63 time=39.0 ms
64 bytes from aaaa::212:7402:2:202: icmp_seq=69 ttl=63 time=45.8 ms
64 bytes from aaaa::212:7402:2:202: icmp_seq=70 ttl=63 time=34.9 ms
64 bytes from aaaa::212:7402:2:202: icmp_seq=71 ttl=63 time=85.6 ms
64 bytes from aaaa::212:7402:2:202: icmp_seq=72 ttl=63 time=67.7 ms
64 bytes from aaaa::212:7402:2:202: icmp_seq=73 ttl=63 time=41.1 ms
64 bytes from aaaa::212:7402:2:202: icmp_seq=74 ttl=63 time=68.6 ms
64 bytes from aaaa::212:7402:2:202: icmp_seq=75 ttl=63 time=55.7 ms
64 bytes from aaaa::212:7402:2:202: icmp_seq=76 ttl=63 time=43.7 ms
64 bytes from aaaa::212:7402:2:202: icmp_seq=77 ttl=63 time=43.3 ms
64 bytes from aaaa::212:7402:2:202: icmp_seq=78 ttl=63 time=42.3 ms
64 bytes from aaaa::212:7402:2:202: icmp_seq=79 ttl=63 time=35.6 ms
64 bytes from aaaa::212:7402:2:202: icmp_seq=80 ttl=63 time=58.6 ms
64 bytes from aaaa::212:7402:2:202: icmp_seq=81 ttl=63 time=27.7 ms
64 bytes from aaaa::212:7402:2:202: icmp_seq=82 ttl=63 time=90.9 ms
64 bytes from aaaa::212:7402:2:202: icmp_seq=83 ttl=63 time=57.6 ms
64 bytes from aaaa::212:7402:2:202: icmp_seq=84 ttl=63 time=42.9 ms
64 bytes from aaaa::212:7402:2:202: icmp_seq=85 ttl=63 time=43.8 ms
64 bytes from aaaa::212:7402:2:202: icmp_seq=86 ttl=63 time=90.1 ms
64 bytes from aaaa::212:7402:2:202: icmp_seq=87 ttl=63 time=47.6 ms
64 bytes from aaaa::212:7402:2:202: icmp_seq=88 ttl=63 time=40.9 ms
64 bytes from aaaa::212:7402:2:202: icmp_seq=89 ttl=63 time=37.7 ms
64 bytes from aaaa::212:7402:2:202: icmp_seq=90 ttl=63 time=43.4 ms
64 bytes from aaaa::212:7402:2:202: icmp_seq=91 ttl=63 time=46.6 ms
64 bytes from aaaa::212:7402:2:202: icmp_seq=92 ttl=63 time=34.6 ms
64 bytes from aaaa::212:7402:2:202: icmp_seq=93 ttl=63 time=51.6 ms
64 bytes from aaaa::212:7402:2:202: icmp_seq=94 ttl=63 time=44.6 ms
64 bytes from aaaa::212:7402:2:202: icmp_seq=95 ttl=63 time=62.4 ms
64 bytes from aaaa::212:7402:2:202: icmp_seq=96 ttl=63 time=65.7 ms
64 bytes from aaaa::212:7402:2:202: icmp_seq=97 ttl=63 time=53.7 ms
64 bytes from aaaa::212:7402:2:202: icmp_seq=99 ttl=63 time=123 ms
64 bytes from aaaa::212:7402:2:202: icmp_seq=100 ttl=63 time=53.1 ms
64 bytes from aaaa::212:7402:2:202: icmp_seq=101 ttl=63 time=47.1 ms
64 bytes from aaaa::212:7402:2:202: icmp_seq=102 ttl=63 time=51.2 ms
64 bytes from aaaa::212:7402:2:202: icmp_seq=103 ttl=63 time=58.0 ms
64 bytes from aaaa::212:7402:2:202: icmp_seq=104 ttl=63 time=45.0 ms
64 bytes from aaaa::212:7402:2:202: icmp_seq=106 ttl=63 time=38.1 ms
64 bytes from aaaa::212:7402:2:202: icmp_seq=107 ttl=63 time=66.1 ms
64 bytes from aaaa::212:7402:2:202: icmp_seq=108 ttl=63 time=69.5 ms
64 bytes from aaaa::212:7402:2:202: icmp_seq=110 ttl=63 time=56.1 ms
64 bytes from aaaa::212:7402:2:202: icmp_seq=111 ttl=63 time=65.2 ms
64 bytes from aaaa::212:7402:2:202: icmp_seq=112 ttl=63 time=88.8 ms
64 bytes from aaaa::212:7402:2:202: icmp_seq=113 ttl=63 time=73.7 ms
64 bytes from aaaa::212:7402:2:202: icmp_seq=114 ttl=63 time=81.8 ms
64 bytes from aaaa::212:7402:2:202: icmp_seq=115 ttl=63 time=57.6 ms
64 bytes from aaaa::212:7402:2:202: icmp_seq=119 ttl=63 time=55.4 ms
64 bytes from aaaa::212:7402:2:202: icmp_seq=120 ttl=63 time=108 ms
64 bytes from aaaa::212:7402:2:202: icmp_seq=121 ttl=63 time=77.7 ms
64 bytes from aaaa::212:7402:2:202: icmp_seq=122 ttl=63 time=80.8 ms
64 bytes from aaaa::212:7402:2:202: icmp_seq=123 ttl=63 time=45.1 ms
64 bytes from aaaa::212:7402:2:202: icmp_seq=124 ttl=63 time=66.2 ms
64 bytes from aaaa::212:7402:2:202: icmp_seq=125 ttl=63 time=56.8 ms
64 bytes from aaaa::212:7402:2:202: icmp_seq=126 ttl=63 time=57.6 ms
64 bytes from aaaa::212:7402:2:202: icmp_seq=127 ttl=63 time=40.9 ms
64 bytes from aaaa::212:7402:2:202: icmp_seq=128 ttl=63 time=38.0 ms
64 bytes from aaaa::212:7402:2:202: icmp_seq=129 ttl=63 time=39.3 ms
64 bytes from aaaa::212:7402:2:202: icmp_seq=130 ttl=63 time=41.6 ms
64 bytes from aaaa::212:7402:2:202: icmp_seq=131 ttl=63 time=49.7 ms
64 bytes from aaaa::212:7402:2:202: icmp_seq=132 ttl=63 time=109 ms
64 bytes from aaaa::212:7402:2:202: icmp_seq=133 ttl=63 time=111 ms
64 bytes from aaaa::212:7402:2:202: icmp_seq=134 ttl=63 time=66.7 ms
64 bytes from aaaa::212:7402:2:202: icmp_seq=135 ttl=63 time=51.7 ms
64 bytes from aaaa::212:7402:2:202: icmp_seq=136 ttl=63 time=52.2 ms
64 bytes from aaaa::212:7402:2:202: icmp_seq=137 ttl=63 time=40.7 ms
64 bytes from aaaa::212:7402:2:202: icmp_seq=138 ttl=63 time=37.1 ms
64 bytes from aaaa::212:7402:2:202: icmp_seq=139 ttl=63 time=36.2 ms
64 bytes from aaaa::212:7402:2:202: icmp_seq=140 ttl=63 time=42.5 ms
64 bytes from aaaa::212:7402:2:202: icmp_seq=141 ttl=63 time=30.7 ms
64 bytes from aaaa::212:7402:2:202: icmp_seq=142 ttl=63 time=49.3 ms
64 bytes from aaaa::212:7402:2:202: icmp_seq=143 ttl=63 time=48.9 ms
64 bytes from aaaa::212:7402:2:202: icmp_seq=144 ttl=63 time=63.7 ms
64 bytes from aaaa::212:7402:2:202: icmp_seq=145 ttl=63 time=46.2 ms
64 bytes from aaaa::212:7402:2:202: icmp_seq=146 ttl=63 time=49.1 ms
64 bytes from aaaa::212:7402:2:202: icmp_seq=147 ttl=63 time=38.3 ms
64 bytes from aaaa::212:7402:2:202: icmp_seq=148 ttl=63 time=57.4 ms
64 bytes from aaaa::212:7402:2:202: icmp_seq=149 ttl=63 time=43.3 ms
64 bytes from aaaa::212:7402:2:202: icmp_seq=150 ttl=63 time=44.5 ms
64 bytes from aaaa::212:7402:2:202: icmp_seq=151 ttl=63 time=51.7 ms
64 bytes from aaaa::212:7402:2:202: icmp_seq=152 ttl=63 time=41.8 ms
64 bytes from aaaa::212:7402:2:202: icmp_seq=153 ttl=63 time=64.5 ms
64 bytes from aaaa::212:7402:2:202: icmp_seq=154 ttl=63 time=48.5 ms
64 bytes from aaaa::212:7402:2:202: icmp_seq=155 ttl=63 time=50.6 ms
64 bytes from aaaa::212:7402:2:202: icmp_seq=158 ttl=63 time=76.0 ms
64 bytes from aaaa::212:7402:2:202: icmp_seq=159 ttl=63 time=138 ms
64 bytes from aaaa::212:7402:2:202: icmp_seq=160 ttl=63 time=49.1 ms
64 bytes from aaaa::212:7402:2:202: icmp_seq=161 ttl=63 time=35.8 ms
64 bytes from aaaa::212:7402:2:202: icmp_seq=162 ttl=63 time=55.3 ms
64 bytes from aaaa::212:7402:2:202: icmp_seq=163 ttl=63 time=36.8 ms
64 bytes from aaaa::212:7402:2:202: icmp_seq=165 ttl=63 time=115 ms
64 bytes from aaaa::212:7402:2:202: icmp_seq=166 ttl=63 time=47.0 ms
64 bytes from aaaa::212:7402:2:202: icmp_seq=167 ttl=63 time=310 ms
64 bytes from aaaa::212:7402:2:202: icmp_seq=168 ttl=63 time=135 ms
64 bytes from aaaa::212:7402:2:202: icmp_seq=169 ttl=63 time=67.3 ms
64 bytes from aaaa::212:7402:2:202: icmp_seq=170 ttl=63 time=67.0 ms
64 bytes from aaaa::212:7402:2:202: icmp_seq=171 ttl=63 time=111 ms
64 bytes from aaaa::212:7402:2:202: icmp_seq=172 ttl=63 time=114 ms
64 bytes from aaaa::212:7402:2:202: icmp_seq=173 ttl=63 time=48.5 ms
64 bytes from aaaa::212:7402:2:202: icmp_seq=174 ttl=63 time=58.5 ms
64 bytes from aaaa::212:7402:2:202: icmp_seq=175 ttl=63 time=50.2 ms
64 bytes from aaaa::212:7402:2:202: icmp_seq=176 ttl=63 time=36.5 ms
64 bytes from aaaa::212:7402:2:202: icmp_seq=177 ttl=63 time=73.4 ms
64 bytes from aaaa::212:7402:2:202: icmp_seq=179 ttl=63 time=166 ms
64 bytes from aaaa::212:7402:2:202: icmp_seq=180 ttl=63 time=59.9 ms
64 bytes from aaaa::212:7402:2:202: icmp_seq=181 ttl=63 time=53.3 ms
64 bytes from aaaa::212:7402:2:202: icmp_seq=182 ttl=63 time=115 ms
64 bytes from aaaa::212:7402:2:202: icmp_seq=183 ttl=63 time=88.7 ms
64 bytes from aaaa::212:7402:2:202: icmp_seq=185 ttl=63 time=34.8 ms
64 bytes from aaaa::212:7402:2:202: icmp_seq=186 ttl=63 time=75.7 ms
64 bytes from aaaa::212:7402:2:202: icmp_seq=187 ttl=63 time=41.8 ms
64 bytes from aaaa::212:7402:2:202: icmp_seq=188 ttl=63 time=44.9 ms
64 bytes from aaaa::212:7402:2:202: icmp_seq=189 ttl=63 time=89.4 ms
64 bytes from aaaa::212:7402:2:202: icmp_seq=190 ttl=63 time=53.3 ms
64 bytes from aaaa::212:7402:2:202: icmp_seq=191 ttl=63 time=49.2 ms
64 bytes from aaaa::212:7402:2:202: icmp_seq=192 ttl=63 time=52.4 ms
64 bytes from aaaa::212:7402:2:202: icmp_seq=193 ttl=63 time=41.6 ms
64 bytes from aaaa::212:7402:2:202: icmp_seq=194 ttl=63 time=40.1 ms
64 bytes from aaaa::212:7402:2:202: icmp_seq=195 ttl=63 time=40.6 ms
64 bytes from aaaa::212:7402:2:202: icmp_seq=196 ttl=63 time=36.5 ms
64 bytes from aaaa::212:7402:2:202: icmp_seq=197 ttl=63 time=39.0 ms
64 bytes from aaaa::212:7402:2:202: icmp_seq=198 ttl=63 time=25.6 ms
64 bytes from aaaa::212:7402:2:202: icmp_seq=199 ttl=63 time=53.6 ms
64 bytes from aaaa::212:7402:2:202: icmp_seq=200 ttl=63 time=75.5 ms

--- aaaa::212:7402:2:202 ping statistics ---
200 packets transmitted, 184 received, 8% packet loss, time 997847ms
rtt min/avg/max/mdev = 25.653/60.292/310.596/30.358 ms
