PING fd00::212:7408:8:808(fd00::212:7408:8:808) 56 data bytes
64 bytes from fd00::212:7408:8:808: icmp_seq=3 ttl=60 time=467 ms
64 bytes from fd00::212:7408:8:808: icmp_seq=4 ttl=60 time=415 ms
64 bytes from fd00::212:7408:8:808: icmp_seq=6 ttl=60 time=2773 ms
64 bytes from fd00::212:7408:8:808: icmp_seq=8 ttl=60 time=1595 ms
64 bytes from fd00::212:7408:8:808: icmp_seq=9 ttl=60 time=329 ms
64 bytes from fd00::212:7408:8:808: icmp_seq=10 ttl=60 time=336 ms
64 bytes from fd00::212:7408:8:808: icmp_seq=13 ttl=60 time=1792 ms
64 bytes from fd00::212:7408:8:808: icmp_seq=14 ttl=60 time=321 ms
64 bytes from fd00::212:7408:8:808: icmp_seq=15 ttl=60 time=265 ms
64 bytes from fd00::212:7408:8:808: icmp_seq=16 ttl=60 time=260 ms
64 bytes from fd00::212:7408:8:808: icmp_seq=19 ttl=60 time=276 ms
64 bytes from fd00::212:7408:8:808: icmp_seq=20 ttl=60 time=244 ms
64 bytes from fd00::212:7408:8:808: icmp_seq=21 ttl=60 time=425 ms
64 bytes from fd00::212:7408:8:808: icmp_seq=24 ttl=60 time=383 ms
64 bytes from fd00::212:7408:8:808: icmp_seq=25 ttl=60 time=439 ms
64 bytes from fd00::212:7408:8:808: icmp_seq=26 ttl=60 time=357 ms
64 bytes from fd00::212:7408:8:808: icmp_seq=27 ttl=60 time=390 ms
64 bytes from fd00::212:7408:8:808: icmp_seq=29 ttl=60 time=348 ms
64 bytes from fd00::212:7408:8:808: icmp_seq=30 ttl=60 time=918 ms
64 bytes from fd00::212:7408:8:808: icmp_seq=32 ttl=60 time=4936 ms
64 bytes from fd00::212:7408:8:808: icmp_seq=33 ttl=60 time=837 ms
64 bytes from fd00::212:7408:8:808: icmp_seq=34 ttl=60 time=752 ms
64 bytes from fd00::212:7408:8:808: icmp_seq=35 ttl=60 time=204 ms
64 bytes from fd00::212:7408:8:808: icmp_seq=36 ttl=60 time=511 ms
64 bytes from fd00::212:7408:8:808: icmp_seq=38 ttl=60 time=264 ms
64 bytes from fd00::212:7408:8:808: icmp_seq=39 ttl=60 time=434 ms
64 bytes from fd00::212:7408:8:808: icmp_seq=40 ttl=60 time=219 ms
64 bytes from fd00::212:7408:8:808: icmp_seq=41 ttl=60 time=315 ms
64 bytes from fd00::212:7408:8:808: icmp_seq=42 ttl=60 time=1279 ms
64 bytes from fd00::212:7408:8:808: icmp_seq=43 ttl=60 time=763 ms
64 bytes from fd00::212:7408:8:808: icmp_seq=44 ttl=60 time=801 ms
64 bytes from fd00::212:7408:8:808: icmp_seq=45 ttl=60 time=312 ms
64 bytes from fd00::212:7408:8:808: icmp_seq=46 ttl=60 time=214 ms
64 bytes from fd00::212:7408:8:808: icmp_seq=47 ttl=60 time=303 ms
64 bytes from fd00::212:7408:8:808: icmp_seq=49 ttl=60 time=329 ms
64 bytes from fd00::212:7408:8:808: icmp_seq=52 ttl=60 time=1151 ms
64 bytes from fd00::212:7408:8:808: icmp_seq=53 ttl=60 time=424 ms
64 bytes from fd00::212:7408:8:808: icmp_seq=54 ttl=60 time=447 ms
64 bytes from fd00::212:7408:8:808: icmp_seq=55 ttl=60 time=338 ms
64 bytes from fd00::212:7408:8:808: icmp_seq=56 ttl=60 time=476 ms
64 bytes from fd00::212:7408:8:808: icmp_seq=57 ttl=60 time=577 ms
64 bytes from fd00::212:7408:8:808: icmp_seq=58 ttl=60 time=321 ms
64 bytes from fd00::212:7408:8:808: icmp_seq=59 ttl=60 time=457 ms
64 bytes from fd00::212:7408:8:808: icmp_seq=60 ttl=60 time=540 ms
64 bytes from fd00::212:7408:8:808: icmp_seq=61 ttl=60 time=584 ms
64 bytes from fd00::212:7408:8:808: icmp_seq=62 ttl=60 time=567 ms
64 bytes from fd00::212:7408:8:808: icmp_seq=63 ttl=60 time=393 ms
64 bytes from fd00::212:7408:8:808: icmp_seq=64 ttl=60 time=354 ms
64 bytes from fd00::212:7408:8:808: icmp_seq=65 ttl=60 time=384 ms
64 bytes from fd00::212:7408:8:808: icmp_seq=66 ttl=60 time=424 ms
64 bytes from fd00::212:7408:8:808: icmp_seq=67 ttl=60 time=774 ms
64 bytes from fd00::212:7408:8:808: icmp_seq=68 ttl=60 time=426 ms
64 bytes from fd00::212:7408:8:808: icmp_seq=69 ttl=60 time=347 ms
64 bytes from fd00::212:7408:8:808: icmp_seq=70 ttl=60 time=341 ms
64 bytes from fd00::212:7408:8:808: icmp_seq=71 ttl=60 time=358 ms
64 bytes from fd00::212:7408:8:808: icmp_seq=72 ttl=60 time=771 ms
64 bytes from fd00::212:7408:8:808: icmp_seq=73 ttl=60 time=324 ms
64 bytes from fd00::212:7408:8:808: icmp_seq=74 ttl=60 time=436 ms
64 bytes from fd00::212:7408:8:808: icmp_seq=75 ttl=60 time=448 ms
64 bytes from fd00::212:7408:8:808: icmp_seq=76 ttl=60 time=577 ms
64 bytes from fd00::212:7408:8:808: icmp_seq=77 ttl=60 time=355 ms
64 bytes from fd00::212:7408:8:808: icmp_seq=78 ttl=60 time=534 ms
64 bytes from fd00::212:7408:8:808: icmp_seq=79 ttl=60 time=1075 ms
64 bytes from fd00::212:7408:8:808: icmp_seq=80 ttl=60 time=386 ms
64 bytes from fd00::212:7408:8:808: icmp_seq=81 ttl=60 time=608 ms
64 bytes from fd00::212:7408:8:808: icmp_seq=82 ttl=60 time=541 ms
64 bytes from fd00::212:7408:8:808: icmp_seq=83 ttl=60 time=468 ms
64 bytes from fd00::212:7408:8:808: icmp_seq=84 ttl=60 time=431 ms
64 bytes from fd00::212:7408:8:808: icmp_seq=85 ttl=60 time=587 ms
64 bytes from fd00::212:7408:8:808: icmp_seq=86 ttl=60 time=390 ms
64 bytes from fd00::212:7408:8:808: icmp_seq=87 ttl=60 time=386 ms
64 bytes from fd00::212:7408:8:808: icmp_seq=88 ttl=60 time=511 ms
64 bytes from fd00::212:7408:8:808: icmp_seq=89 ttl=60 time=478 ms
64 bytes from fd00::212:7408:8:808: icmp_seq=90 ttl=60 time=392 ms
64 bytes from fd00::212:7408:8:808: icmp_seq=91 ttl=60 time=632 ms
64 bytes from fd00::212:7408:8:808: icmp_seq=92 ttl=60 time=460 ms
64 bytes from fd00::212:7408:8:808: icmp_seq=93 ttl=60 time=499 ms
64 bytes from fd00::212:7408:8:808: icmp_seq=94 ttl=60 time=332 ms
64 bytes from fd00::212:7408:8:808: icmp_seq=95 ttl=60 time=471 ms
64 bytes from fd00::212:7408:8:808: icmp_seq=96 ttl=60 time=592 ms
64 bytes from fd00::212:7408:8:808: icmp_seq=97 ttl=60 time=524 ms
64 bytes from fd00::212:7408:8:808: icmp_seq=98 ttl=60 time=749 ms
64 bytes from fd00::212:7408:8:808: icmp_seq=99 ttl=60 time=678 ms
64 bytes from fd00::212:7408:8:808: icmp_seq=100 ttl=60 time=267 ms

--- fd00::212:7408:8:808 ping statistics ---
100 packets transmitted, 84 received, 16% packet loss, time 497403ms
rtt min/avg/max/mdev = 204.477/588.487/4936.082/602.485 ms
