PING fd00::212:7407:7:707(fd00::212:7407:7:707) 56 data bytes
64 bytes from fd00::212:7407:7:707: icmp_seq=2 ttl=61 time=675 ms
64 bytes from fd00::212:7407:7:707: icmp_seq=4 ttl=61 time=232 ms
64 bytes from fd00::212:7407:7:707: icmp_seq=5 ttl=61 time=161 ms
64 bytes from fd00::212:7407:7:707: icmp_seq=8 ttl=61 time=174 ms
64 bytes from fd00::212:7407:7:707: icmp_seq=10 ttl=61 time=676 ms
64 bytes from fd00::212:7407:7:707: icmp_seq=11 ttl=61 time=200 ms
64 bytes from fd00::212:7407:7:707: icmp_seq=12 ttl=61 time=835 ms
64 bytes from fd00::212:7407:7:707: icmp_seq=13 ttl=61 time=1139 ms
64 bytes from fd00::212:7407:7:707: icmp_seq=14 ttl=61 time=318 ms
64 bytes from fd00::212:7407:7:707: icmp_seq=15 ttl=61 time=166 ms
64 bytes from fd00::212:7407:7:707: icmp_seq=17 ttl=61 time=2168 ms
64 bytes from fd00::212:7407:7:707: icmp_seq=18 ttl=61 time=314 ms
64 bytes from fd00::212:7407:7:707: icmp_seq=19 ttl=61 time=314 ms
64 bytes from fd00::212:7407:7:707: icmp_seq=20 ttl=61 time=194 ms
64 bytes from fd00::212:7407:7:707: icmp_seq=24 ttl=61 time=612 ms
64 bytes from fd00::212:7407:7:707: icmp_seq=25 ttl=61 time=188 ms
64 bytes from fd00::212:7407:7:707: icmp_seq=27 ttl=61 time=1385 ms
64 bytes from fd00::212:7407:7:707: icmp_seq=41 ttl=61 time=462 ms
64 bytes from fd00::212:7407:7:707: icmp_seq=47 ttl=61 time=485 ms
64 bytes from fd00::212:7407:7:707: icmp_seq=48 ttl=61 time=348 ms
64 bytes from fd00::212:7407:7:707: icmp_seq=49 ttl=61 time=931 ms
64 bytes from fd00::212:7407:7:707: icmp_seq=50 ttl=61 time=157 ms
64 bytes from fd00::212:7407:7:707: icmp_seq=52 ttl=61 time=546 ms
64 bytes from fd00::212:7407:7:707: icmp_seq=56 ttl=61 time=928 ms
64 bytes from fd00::212:7407:7:707: icmp_seq=66 ttl=61 time=268 ms
64 bytes from fd00::212:7407:7:707: icmp_seq=67 ttl=61 time=187 ms
64 bytes from fd00::212:7407:7:707: icmp_seq=68 ttl=61 time=199 ms
64 bytes from fd00::212:7407:7:707: icmp_seq=72 ttl=61 time=469 ms
64 bytes from fd00::212:7407:7:707: icmp_seq=73 ttl=61 time=431 ms
64 bytes from fd00::212:7407:7:707: icmp_seq=74 ttl=61 time=425 ms
64 bytes from fd00::212:7407:7:707: icmp_seq=75 ttl=61 time=506 ms
64 bytes from fd00::212:7407:7:707: icmp_seq=76 ttl=61 time=566 ms
64 bytes from fd00::212:7407:7:707: icmp_seq=77 ttl=61 time=529 ms
64 bytes from fd00::212:7407:7:707: icmp_seq=78 ttl=61 time=205 ms
64 bytes from fd00::212:7407:7:707: icmp_seq=79 ttl=61 time=458 ms
64 bytes from fd00::212:7407:7:707: icmp_seq=80 ttl=61 time=302 ms
64 bytes from fd00::212:7407:7:707: icmp_seq=81 ttl=61 time=118 ms
64 bytes from fd00::212:7407:7:707: icmp_seq=82 ttl=61 time=276 ms
64 bytes from fd00::212:7407:7:707: icmp_seq=83 ttl=61 time=161 ms
64 bytes from fd00::212:7407:7:707: icmp_seq=84 ttl=61 time=131 ms
64 bytes from fd00::212:7407:7:707: icmp_seq=85 ttl=61 time=182 ms
64 bytes from fd00::212:7407:7:707: icmp_seq=86 ttl=61 time=119 ms
64 bytes from fd00::212:7407:7:707: icmp_seq=87 ttl=61 time=142 ms
64 bytes from fd00::212:7407:7:707: icmp_seq=88 ttl=61 time=141 ms
64 bytes from fd00::212:7407:7:707: icmp_seq=89 ttl=61 time=126 ms
64 bytes from fd00::212:7407:7:707: icmp_seq=90 ttl=61 time=139 ms
64 bytes from fd00::212:7407:7:707: icmp_seq=91 ttl=61 time=120 ms
64 bytes from fd00::212:7407:7:707: icmp_seq=92 ttl=61 time=129 ms
64 bytes from fd00::212:7407:7:707: icmp_seq=93 ttl=61 time=119 ms
64 bytes from fd00::212:7407:7:707: icmp_seq=94 ttl=61 time=124 ms
64 bytes from fd00::212:7407:7:707: icmp_seq=95 ttl=61 time=151 ms
64 bytes from fd00::212:7407:7:707: icmp_seq=96 ttl=61 time=184 ms
64 bytes from fd00::212:7407:7:707: icmp_seq=97 ttl=61 time=148 ms
64 bytes from fd00::212:7407:7:707: icmp_seq=98 ttl=61 time=136 ms
64 bytes from fd00::212:7407:7:707: icmp_seq=99 ttl=61 time=192 ms
64 bytes from fd00::212:7407:7:707: icmp_seq=100 ttl=61 time=558 ms
64 bytes from fd00::212:7407:7:707: icmp_seq=101 ttl=61 time=147 ms
64 bytes from fd00::212:7407:7:707: icmp_seq=102 ttl=61 time=134 ms
64 bytes from fd00::212:7407:7:707: icmp_seq=103 ttl=61 time=127 ms
64 bytes from fd00::212:7407:7:707: icmp_seq=104 ttl=61 time=133 ms
64 bytes from fd00::212:7407:7:707: icmp_seq=105 ttl=61 time=192 ms
64 bytes from fd00::212:7407:7:707: icmp_seq=106 ttl=61 time=149 ms
64 bytes from fd00::212:7407:7:707: icmp_seq=107 ttl=61 time=121 ms
64 bytes from fd00::212:7407:7:707: icmp_seq=108 ttl=61 time=137 ms
64 bytes from fd00::212:7407:7:707: icmp_seq=109 ttl=61 time=141 ms
64 bytes from fd00::212:7407:7:707: icmp_seq=110 ttl=61 time=115 ms
64 bytes from fd00::212:7407:7:707: icmp_seq=111 ttl=61 time=130 ms
64 bytes from fd00::212:7407:7:707: icmp_seq=112 ttl=61 time=125 ms
64 bytes from fd00::212:7407:7:707: icmp_seq=113 ttl=61 time=130 ms
64 bytes from fd00::212:7407:7:707: icmp_seq=114 ttl=61 time=119 ms
64 bytes from fd00::212:7407:7:707: icmp_seq=115 ttl=61 time=286 ms
64 bytes from fd00::212:7407:7:707: icmp_seq=116 ttl=61 time=127 ms
64 bytes from fd00::212:7407:7:707: icmp_seq=117 ttl=61 time=200 ms
64 bytes from fd00::212:7407:7:707: icmp_seq=118 ttl=61 time=144 ms
64 bytes from fd00::212:7407:7:707: icmp_seq=119 ttl=61 time=125 ms
64 bytes from fd00::212:7407:7:707: icmp_seq=120 ttl=61 time=135 ms
64 bytes from fd00::212:7407:7:707: icmp_seq=121 ttl=61 time=114 ms
64 bytes from fd00::212:7407:7:707: icmp_seq=122 ttl=61 time=140 ms
64 bytes from fd00::212:7407:7:707: icmp_seq=123 ttl=61 time=116 ms
64 bytes from fd00::212:7407:7:707: icmp_seq=124 ttl=61 time=156 ms
64 bytes from fd00::212:7407:7:707: icmp_seq=125 ttl=61 time=142 ms
64 bytes from fd00::212:7407:7:707: icmp_seq=126 ttl=61 time=112 ms
64 bytes from fd00::212:7407:7:707: icmp_seq=127 ttl=61 time=180 ms
64 bytes from fd00::212:7407:7:707: icmp_seq=128 ttl=61 time=157 ms
64 bytes from fd00::212:7407:7:707: icmp_seq=129 ttl=61 time=174 ms
64 bytes from fd00::212:7407:7:707: icmp_seq=130 ttl=61 time=162 ms
64 bytes from fd00::212:7407:7:707: icmp_seq=131 ttl=61 time=177 ms
64 bytes from fd00::212:7407:7:707: icmp_seq=132 ttl=61 time=135 ms
64 bytes from fd00::212:7407:7:707: icmp_seq=133 ttl=61 time=158 ms
64 bytes from fd00::212:7407:7:707: icmp_seq=134 ttl=61 time=139 ms
64 bytes from fd00::212:7407:7:707: icmp_seq=135 ttl=61 time=201 ms
64 bytes from fd00::212:7407:7:707: icmp_seq=136 ttl=61 time=137 ms
64 bytes from fd00::212:7407:7:707: icmp_seq=137 ttl=61 time=125 ms
64 bytes from fd00::212:7407:7:707: icmp_seq=138 ttl=61 time=200 ms
64 bytes from fd00::212:7407:7:707: icmp_seq=139 ttl=61 time=114 ms
64 bytes from fd00::212:7407:7:707: icmp_seq=140 ttl=61 time=183 ms
64 bytes from fd00::212:7407:7:707: icmp_seq=141 ttl=61 time=141 ms
64 bytes from fd00::212:7407:7:707: icmp_seq=142 ttl=61 time=130 ms
64 bytes from fd00::212:7407:7:707: icmp_seq=143 ttl=61 time=145 ms
64 bytes from fd00::212:7407:7:707: icmp_seq=144 ttl=61 time=136 ms
64 bytes from fd00::212:7407:7:707: icmp_seq=145 ttl=61 time=129 ms
64 bytes from fd00::212:7407:7:707: icmp_seq=146 ttl=61 time=122 ms
64 bytes from fd00::212:7407:7:707: icmp_seq=147 ttl=61 time=115 ms
64 bytes from fd00::212:7407:7:707: icmp_seq=148 ttl=61 time=131 ms
64 bytes from fd00::212:7407:7:707: icmp_seq=149 ttl=61 time=95.5 ms
64 bytes from fd00::212:7407:7:707: icmp_seq=150 ttl=61 time=152 ms
64 bytes from fd00::212:7407:7:707: icmp_seq=151 ttl=61 time=146 ms
64 bytes from fd00::212:7407:7:707: icmp_seq=152 ttl=61 time=134 ms
64 bytes from fd00::212:7407:7:707: icmp_seq=153 ttl=61 time=134 ms
64 bytes from fd00::212:7407:7:707: icmp_seq=154 ttl=61 time=174 ms
64 bytes from fd00::212:7407:7:707: icmp_seq=155 ttl=61 time=136 ms
64 bytes from fd00::212:7407:7:707: icmp_seq=156 ttl=61 time=103 ms
64 bytes from fd00::212:7407:7:707: icmp_seq=157 ttl=61 time=180 ms
64 bytes from fd00::212:7407:7:707: icmp_seq=158 ttl=61 time=132 ms
64 bytes from fd00::212:7407:7:707: icmp_seq=159 ttl=61 time=105 ms
64 bytes from fd00::212:7407:7:707: icmp_seq=160 ttl=61 time=144 ms
64 bytes from fd00::212:7407:7:707: icmp_seq=161 ttl=61 time=137 ms
64 bytes from fd00::212:7407:7:707: icmp_seq=162 ttl=61 time=176 ms
64 bytes from fd00::212:7407:7:707: icmp_seq=163 ttl=61 time=122 ms
64 bytes from fd00::212:7407:7:707: icmp_seq=164 ttl=61 time=148 ms
64 bytes from fd00::212:7407:7:707: icmp_seq=165 ttl=61 time=150 ms
64 bytes from fd00::212:7407:7:707: icmp_seq=166 ttl=61 time=115 ms
64 bytes from fd00::212:7407:7:707: icmp_seq=167 ttl=61 time=139 ms
64 bytes from fd00::212:7407:7:707: icmp_seq=168 ttl=61 time=118 ms
64 bytes from fd00::212:7407:7:707: icmp_seq=169 ttl=61 time=142 ms
64 bytes from fd00::212:7407:7:707: icmp_seq=170 ttl=61 time=136 ms
64 bytes from fd00::212:7407:7:707: icmp_seq=171 ttl=61 time=134 ms
64 bytes from fd00::212:7407:7:707: icmp_seq=172 ttl=61 time=114 ms
64 bytes from fd00::212:7407:7:707: icmp_seq=173 ttl=61 time=179 ms
64 bytes from fd00::212:7407:7:707: icmp_seq=174 ttl=61 time=162 ms
64 bytes from fd00::212:7407:7:707: icmp_seq=175 ttl=61 time=137 ms
64 bytes from fd00::212:7407:7:707: icmp_seq=176 ttl=61 time=121 ms
64 bytes from fd00::212:7407:7:707: icmp_seq=177 ttl=61 time=129 ms
64 bytes from fd00::212:7407:7:707: icmp_seq=178 ttl=61 time=114 ms
64 bytes from fd00::212:7407:7:707: icmp_seq=179 ttl=61 time=141 ms
64 bytes from fd00::212:7407:7:707: icmp_seq=180 ttl=61 time=125 ms
64 bytes from fd00::212:7407:7:707: icmp_seq=181 ttl=61 time=136 ms
64 bytes from fd00::212:7407:7:707: icmp_seq=182 ttl=61 time=103 ms
64 bytes from fd00::212:7407:7:707: icmp_seq=183 ttl=61 time=162 ms
64 bytes from fd00::212:7407:7:707: icmp_seq=184 ttl=61 time=135 ms
64 bytes from fd00::212:7407:7:707: icmp_seq=185 ttl=61 time=133 ms
64 bytes from fd00::212:7407:7:707: icmp_seq=186 ttl=61 time=106 ms
64 bytes from fd00::212:7407:7:707: icmp_seq=187 ttl=61 time=157 ms
64 bytes from fd00::212:7407:7:707: icmp_seq=188 ttl=61 time=131 ms
64 bytes from fd00::212:7407:7:707: icmp_seq=189 ttl=61 time=156 ms
64 bytes from fd00::212:7407:7:707: icmp_seq=190 ttl=61 time=127 ms
64 bytes from fd00::212:7407:7:707: icmp_seq=191 ttl=61 time=115 ms
64 bytes from fd00::212:7407:7:707: icmp_seq=192 ttl=61 time=166 ms
64 bytes from fd00::212:7407:7:707: icmp_seq=193 ttl=61 time=111 ms
64 bytes from fd00::212:7407:7:707: icmp_seq=194 ttl=61 time=148 ms
64 bytes from fd00::212:7407:7:707: icmp_seq=195 ttl=61 time=175 ms
64 bytes from fd00::212:7407:7:707: icmp_seq=196 ttl=61 time=128 ms
64 bytes from fd00::212:7407:7:707: icmp_seq=197 ttl=61 time=122 ms
64 bytes from fd00::212:7407:7:707: icmp_seq=198 ttl=61 time=126 ms
64 bytes from fd00::212:7407:7:707: icmp_seq=199 ttl=61 time=137 ms
64 bytes from fd00::212:7407:7:707: icmp_seq=200 ttl=61 time=126 ms

--- fd00::212:7407:7:707 ping statistics ---
200 packets transmitted, 156 received, 22% packet loss, time 1001281ms
rtt min/avg/max/mdev = 95.576/228.756/2168.266/249.082 ms
