PING fd00::212:7407:7:707(fd00::212:7407:7:707) 56 data bytes
64 bytes from fd00::212:7407:7:707: icmp_seq=3 ttl=61 time=417 ms
64 bytes from fd00::212:7407:7:707: icmp_seq=4 ttl=61 time=196 ms
64 bytes from fd00::212:7407:7:707: icmp_seq=5 ttl=61 time=231 ms
64 bytes from fd00::212:7407:7:707: icmp_seq=9 ttl=61 time=446 ms
64 bytes from fd00::212:7407:7:707: icmp_seq=10 ttl=61 time=197 ms
64 bytes from fd00::212:7407:7:707: icmp_seq=11 ttl=61 time=230 ms
64 bytes from fd00::212:7407:7:707: icmp_seq=14 ttl=61 time=183 ms
64 bytes from fd00::212:7407:7:707: icmp_seq=15 ttl=61 time=500 ms
64 bytes from fd00::212:7407:7:707: icmp_seq=16 ttl=61 time=235 ms
64 bytes from fd00::212:7407:7:707: icmp_seq=17 ttl=61 time=162 ms
64 bytes from fd00::212:7407:7:707: icmp_seq=18 ttl=61 time=660 ms
64 bytes from fd00::212:7407:7:707: icmp_seq=19 ttl=61 time=195 ms
64 bytes from fd00::212:7407:7:707: icmp_seq=20 ttl=61 time=246 ms
64 bytes from fd00::212:7407:7:707: icmp_seq=21 ttl=61 time=242 ms
64 bytes from fd00::212:7407:7:707: icmp_seq=22 ttl=61 time=206 ms
64 bytes from fd00::212:7407:7:707: icmp_seq=23 ttl=61 time=750 ms
64 bytes from fd00::212:7407:7:707: icmp_seq=24 ttl=61 time=556 ms
64 bytes from fd00::212:7407:7:707: icmp_seq=25 ttl=61 time=182 ms
64 bytes from fd00::212:7407:7:707: icmp_seq=26 ttl=61 time=250 ms
64 bytes from fd00::212:7407:7:707: icmp_seq=27 ttl=61 time=526 ms
64 bytes from fd00::212:7407:7:707: icmp_seq=28 ttl=61 time=381 ms
64 bytes from fd00::212:7407:7:707: icmp_seq=29 ttl=61 time=187 ms
64 bytes from fd00::212:7407:7:707: icmp_seq=30 ttl=61 time=533 ms
64 bytes from fd00::212:7407:7:707: icmp_seq=34 ttl=61 time=523 ms
64 bytes from fd00::212:7407:7:707: icmp_seq=35 ttl=61 time=158 ms
64 bytes from fd00::212:7407:7:707: icmp_seq=38 ttl=61 time=563 ms
64 bytes from fd00::212:7407:7:707: icmp_seq=39 ttl=61 time=186 ms
64 bytes from fd00::212:7407:7:707: icmp_seq=40 ttl=61 time=281 ms
64 bytes from fd00::212:7407:7:707: icmp_seq=41 ttl=61 time=286 ms
64 bytes from fd00::212:7407:7:707: icmp_seq=42 ttl=61 time=389 ms
64 bytes from fd00::212:7407:7:707: icmp_seq=43 ttl=61 time=654 ms
64 bytes from fd00::212:7407:7:707: icmp_seq=44 ttl=61 time=520 ms
64 bytes from fd00::212:7407:7:707: icmp_seq=45 ttl=61 time=176 ms
64 bytes from fd00::212:7407:7:707: icmp_seq=47 ttl=61 time=212 ms
64 bytes from fd00::212:7407:7:707: icmp_seq=48 ttl=61 time=263 ms
64 bytes from fd00::212:7407:7:707: icmp_seq=49 ttl=61 time=510 ms
64 bytes from fd00::212:7407:7:707: icmp_seq=50 ttl=61 time=1304 ms
64 bytes from fd00::212:7407:7:707: icmp_seq=51 ttl=61 time=195 ms
64 bytes from fd00::212:7407:7:707: icmp_seq=52 ttl=61 time=688 ms
64 bytes from fd00::212:7407:7:707: icmp_seq=53 ttl=61 time=178 ms
64 bytes from fd00::212:7407:7:707: icmp_seq=54 ttl=61 time=432 ms
64 bytes from fd00::212:7407:7:707: icmp_seq=55 ttl=61 time=155 ms
64 bytes from fd00::212:7407:7:707: icmp_seq=56 ttl=61 time=167 ms
64 bytes from fd00::212:7407:7:707: icmp_seq=57 ttl=61 time=214 ms
64 bytes from fd00::212:7407:7:707: icmp_seq=58 ttl=61 time=221 ms
64 bytes from fd00::212:7407:7:707: icmp_seq=59 ttl=61 time=321 ms
64 bytes from fd00::212:7407:7:707: icmp_seq=60 ttl=61 time=215 ms
64 bytes from fd00::212:7407:7:707: icmp_seq=61 ttl=61 time=191 ms
64 bytes from fd00::212:7407:7:707: icmp_seq=62 ttl=61 time=205 ms
64 bytes from fd00::212:7407:7:707: icmp_seq=63 ttl=61 time=307 ms
64 bytes from fd00::212:7407:7:707: icmp_seq=64 ttl=61 time=207 ms
64 bytes from fd00::212:7407:7:707: icmp_seq=65 ttl=61 time=163 ms
64 bytes from fd00::212:7407:7:707: icmp_seq=66 ttl=61 time=205 ms
64 bytes from fd00::212:7407:7:707: icmp_seq=67 ttl=61 time=290 ms
64 bytes from fd00::212:7407:7:707: icmp_seq=68 ttl=61 time=202 ms
64 bytes from fd00::212:7407:7:707: icmp_seq=69 ttl=61 time=151 ms
64 bytes from fd00::212:7407:7:707: icmp_seq=70 ttl=61 time=167 ms
64 bytes from fd00::212:7407:7:707: icmp_seq=71 ttl=61 time=173 ms
64 bytes from fd00::212:7407:7:707: icmp_seq=72 ttl=61 time=157 ms
64 bytes from fd00::212:7407:7:707: icmp_seq=73 ttl=61 time=242 ms
64 bytes from fd00::212:7407:7:707: icmp_seq=74 ttl=61 time=264 ms
64 bytes from fd00::212:7407:7:707: icmp_seq=75 ttl=61 time=214 ms
64 bytes from fd00::212:7407:7:707: icmp_seq=76 ttl=61 time=134 ms
64 bytes from fd00::212:7407:7:707: icmp_seq=77 ttl=61 time=163 ms
64 bytes from fd00::212:7407:7:707: icmp_seq=78 ttl=61 time=174 ms
64 bytes from fd00::212:7407:7:707: icmp_seq=79 ttl=61 time=173 ms
64 bytes from fd00::212:7407:7:707: icmp_seq=80 ttl=61 time=146 ms
64 bytes from fd00::212:7407:7:707: icmp_seq=81 ttl=61 time=166 ms
64 bytes from fd00::212:7407:7:707: icmp_seq=82 ttl=61 time=209 ms
64 bytes from fd00::212:7407:7:707: icmp_seq=83 ttl=61 time=162 ms
64 bytes from fd00::212:7407:7:707: icmp_seq=84 ttl=61 time=202 ms
64 bytes from fd00::212:7407:7:707: icmp_seq=85 ttl=61 time=245 ms
64 bytes from fd00::212:7407:7:707: icmp_seq=86 ttl=61 time=328 ms
64 bytes from fd00::212:7407:7:707: icmp_seq=87 ttl=61 time=149 ms
64 bytes from fd00::212:7407:7:707: icmp_seq=88 ttl=61 time=176 ms
64 bytes from fd00::212:7407:7:707: icmp_seq=89 ttl=61 time=160 ms
64 bytes from fd00::212:7407:7:707: icmp_seq=90 ttl=61 time=150 ms
64 bytes from fd00::212:7407:7:707: icmp_seq=91 ttl=61 time=159 ms
64 bytes from fd00::212:7407:7:707: icmp_seq=92 ttl=61 time=171 ms
64 bytes from fd00::212:7407:7:707: icmp_seq=93 ttl=61 time=145 ms
64 bytes from fd00::212:7407:7:707: icmp_seq=94 ttl=61 time=188 ms
64 bytes from fd00::212:7407:7:707: icmp_seq=95 ttl=61 time=166 ms
64 bytes from fd00::212:7407:7:707: icmp_seq=96 ttl=61 time=188 ms
64 bytes from fd00::212:7407:7:707: icmp_seq=97 ttl=61 time=400 ms
64 bytes from fd00::212:7407:7:707: icmp_seq=98 ttl=61 time=151 ms
64 bytes from fd00::212:7407:7:707: icmp_seq=99 ttl=61 time=156 ms
64 bytes from fd00::212:7407:7:707: icmp_seq=100 ttl=61 time=140 ms

--- fd00::212:7407:7:707 ping statistics ---
100 packets transmitted, 87 received, 13% packet loss, time 496867ms
rtt min/avg/max/mdev = 134.042/279.331/1304.038/182.921 ms
