PING fd00::212:740a:a:a0a(fd00::212:740a:a:a0a) 56 data bytes
64 bytes from fd00::212:740a:a:a0a: icmp_seq=12 ttl=60 time=1084 ms
64 bytes from fd00::212:740a:a:a0a: icmp_seq=19 ttl=60 time=308 ms
64 bytes from fd00::212:740a:a:a0a: icmp_seq=20 ttl=60 time=273 ms
64 bytes from fd00::212:740a:a:a0a: icmp_seq=21 ttl=60 time=324 ms
64 bytes from fd00::212:740a:a:a0a: icmp_seq=22 ttl=60 time=429 ms
64 bytes from fd00::212:740a:a:a0a: icmp_seq=23 ttl=60 time=549 ms
64 bytes from fd00::212:740a:a:a0a: icmp_seq=24 ttl=60 time=538 ms
64 bytes from fd00::212:740a:a:a0a: icmp_seq=25 ttl=60 time=670 ms
64 bytes from fd00::212:740a:a:a0a: icmp_seq=26 ttl=60 time=469 ms
64 bytes from fd00::212:740a:a:a0a: icmp_seq=27 ttl=60 time=750 ms
64 bytes from fd00::212:740a:a:a0a: icmp_seq=28 ttl=60 time=448 ms
64 bytes from fd00::212:740a:a:a0a: icmp_seq=29 ttl=60 time=372 ms
64 bytes from fd00::212:740a:a:a0a: icmp_seq=30 ttl=60 time=302 ms
64 bytes from fd00::212:740a:a:a0a: icmp_seq=31 ttl=60 time=265 ms
64 bytes from fd00::212:740a:a:a0a: icmp_seq=32 ttl=60 time=333 ms
64 bytes from fd00::212:740a:a:a0a: icmp_seq=33 ttl=60 time=407 ms
64 bytes from fd00::212:740a:a:a0a: icmp_seq=34 ttl=60 time=275 ms
64 bytes from fd00::212:740a:a:a0a: icmp_seq=35 ttl=60 time=288 ms
64 bytes from fd00::212:740a:a:a0a: icmp_seq=36 ttl=60 time=357 ms
64 bytes from fd00::212:740a:a:a0a: icmp_seq=37 ttl=60 time=249 ms
64 bytes from fd00::212:740a:a:a0a: icmp_seq=39 ttl=60 time=349 ms
64 bytes from fd00::212:740a:a:a0a: icmp_seq=40 ttl=60 time=296 ms
64 bytes from fd00::212:740a:a:a0a: icmp_seq=41 ttl=60 time=376 ms
64 bytes from fd00::212:740a:a:a0a: icmp_seq=42 ttl=60 time=349 ms
64 bytes from fd00::212:740a:a:a0a: icmp_seq=43 ttl=60 time=294 ms
64 bytes from fd00::212:740a:a:a0a: icmp_seq=44 ttl=60 time=684 ms
64 bytes from fd00::212:740a:a:a0a: icmp_seq=45 ttl=60 time=272 ms
64 bytes from fd00::212:740a:a:a0a: icmp_seq=46 ttl=60 time=340 ms
64 bytes from fd00::212:740a:a:a0a: icmp_seq=47 ttl=60 time=329 ms
64 bytes from fd00::212:740a:a:a0a: icmp_seq=48 ttl=60 time=312 ms
64 bytes from fd00::212:740a:a:a0a: icmp_seq=49 ttl=60 time=476 ms
64 bytes from fd00::212:740a:a:a0a: icmp_seq=50 ttl=60 time=312 ms
64 bytes from fd00::212:740a:a:a0a: icmp_seq=51 ttl=60 time=296 ms
64 bytes from fd00::212:740a:a:a0a: icmp_seq=52 ttl=60 time=343 ms
64 bytes from fd00::212:740a:a:a0a: icmp_seq=53 ttl=60 time=245 ms
64 bytes from fd00::212:740a:a:a0a: icmp_seq=54 ttl=60 time=336 ms
64 bytes from fd00::212:740a:a:a0a: icmp_seq=55 ttl=60 time=262 ms
64 bytes from fd00::212:740a:a:a0a: icmp_seq=56 ttl=60 time=290 ms
64 bytes from fd00::212:740a:a:a0a: icmp_seq=57 ttl=60 time=249 ms
64 bytes from fd00::212:740a:a:a0a: icmp_seq=58 ttl=60 time=319 ms
64 bytes from fd00::212:740a:a:a0a: icmp_seq=59 ttl=60 time=327 ms
64 bytes from fd00::212:740a:a:a0a: icmp_seq=60 ttl=60 time=310 ms
64 bytes from fd00::212:740a:a:a0a: icmp_seq=61 ttl=60 time=290 ms
64 bytes from fd00::212:740a:a:a0a: icmp_seq=62 ttl=60 time=286 ms
64 bytes from fd00::212:740a:a:a0a: icmp_seq=63 ttl=60 time=318 ms
64 bytes from fd00::212:740a:a:a0a: icmp_seq=64 ttl=60 time=318 ms
64 bytes from fd00::212:740a:a:a0a: icmp_seq=65 ttl=60 time=357 ms
64 bytes from fd00::212:740a:a:a0a: icmp_seq=66 ttl=60 time=1022 ms
64 bytes from fd00::212:740a:a:a0a: icmp_seq=67 ttl=60 time=397 ms
64 bytes from fd00::212:740a:a:a0a: icmp_seq=68 ttl=60 time=837 ms
64 bytes from fd00::212:740a:a:a0a: icmp_seq=69 ttl=60 time=267 ms
64 bytes from fd00::212:740a:a:a0a: icmp_seq=70 ttl=60 time=302 ms
64 bytes from fd00::212:740a:a:a0a: icmp_seq=71 ttl=60 time=399 ms
64 bytes from fd00::212:740a:a:a0a: icmp_seq=72 ttl=60 time=284 ms
64 bytes from fd00::212:740a:a:a0a: icmp_seq=73 ttl=60 time=418 ms
64 bytes from fd00::212:740a:a:a0a: icmp_seq=74 ttl=60 time=331 ms
64 bytes from fd00::212:740a:a:a0a: icmp_seq=75 ttl=60 time=367 ms
64 bytes from fd00::212:740a:a:a0a: icmp_seq=76 ttl=60 time=328 ms
64 bytes from fd00::212:740a:a:a0a: icmp_seq=77 ttl=60 time=760 ms
64 bytes from fd00::212:740a:a:a0a: icmp_seq=78 ttl=60 time=667 ms
64 bytes from fd00::212:740a:a:a0a: icmp_seq=79 ttl=60 time=435 ms
64 bytes from fd00::212:740a:a:a0a: icmp_seq=80 ttl=60 time=586 ms
64 bytes from fd00::212:740a:a:a0a: icmp_seq=81 ttl=60 time=527 ms
64 bytes from fd00::212:740a:a:a0a: icmp_seq=82 ttl=60 time=462 ms
64 bytes from fd00::212:740a:a:a0a: icmp_seq=83 ttl=60 time=426 ms
64 bytes from fd00::212:740a:a:a0a: icmp_seq=84 ttl=60 time=642 ms
64 bytes from fd00::212:740a:a:a0a: icmp_seq=85 ttl=60 time=786 ms
64 bytes from fd00::212:740a:a:a0a: icmp_seq=86 ttl=60 time=569 ms
64 bytes from fd00::212:740a:a:a0a: icmp_seq=87 ttl=60 time=766 ms
64 bytes from fd00::212:740a:a:a0a: icmp_seq=88 ttl=60 time=324 ms
64 bytes from fd00::212:740a:a:a0a: icmp_seq=89 ttl=60 time=418 ms
64 bytes from fd00::212:740a:a:a0a: icmp_seq=90 ttl=60 time=409 ms
64 bytes from fd00::212:740a:a:a0a: icmp_seq=91 ttl=60 time=438 ms
64 bytes from fd00::212:740a:a:a0a: icmp_seq=92 ttl=60 time=394 ms
64 bytes from fd00::212:740a:a:a0a: icmp_seq=93 ttl=60 time=423 ms
64 bytes from fd00::212:740a:a:a0a: icmp_seq=94 ttl=60 time=478 ms
64 bytes from fd00::212:740a:a:a0a: icmp_seq=95 ttl=60 time=358 ms
64 bytes from fd00::212:740a:a:a0a: icmp_seq=96 ttl=60 time=546 ms
64 bytes from fd00::212:740a:a:a0a: icmp_seq=97 ttl=60 time=425 ms
64 bytes from fd00::212:740a:a:a0a: icmp_seq=98 ttl=60 time=390 ms
64 bytes from fd00::212:740a:a:a0a: icmp_seq=99 ttl=60 time=291 ms
64 bytes from fd00::212:740a:a:a0a: icmp_seq=100 ttl=60 time=455 ms

--- fd00::212:740a:a:a0a ping statistics ---
100 packets transmitted, 82 received, 18% packet loss, time 497275ms
rtt min/avg/max/mdev = 245.107/421.803/1084.362/171.595 ms
