PING fd00::212:7404:4:404(fd00::212:7404:4:404) 56 data bytes
64 bytes from fd00::212:7404:4:404: icmp_seq=1 ttl=62 time=800 ms
64 bytes from fd00::212:7404:4:404: icmp_seq=4 ttl=62 time=284 ms
64 bytes from fd00::212:7404:4:404: icmp_seq=5 ttl=62 time=155 ms
64 bytes from fd00::212:7404:4:404: icmp_seq=6 ttl=62 time=269 ms
64 bytes from fd00::212:7404:4:404: icmp_seq=7 ttl=62 time=534 ms
64 bytes from fd00::212:7404:4:404: icmp_seq=10 ttl=62 time=433 ms
64 bytes from fd00::212:7404:4:404: icmp_seq=11 ttl=62 time=533 ms
64 bytes from fd00::212:7404:4:404: icmp_seq=13 ttl=62 time=885 ms
64 bytes from fd00::212:7404:4:404: icmp_seq=15 ttl=62 time=122 ms
64 bytes from fd00::212:7404:4:404: icmp_seq=16 ttl=62 time=108 ms
64 bytes from fd00::212:7404:4:404: icmp_seq=17 ttl=62 time=140 ms
64 bytes from fd00::212:7404:4:404: icmp_seq=18 ttl=62 time=119 ms
64 bytes from fd00::212:7404:4:404: icmp_seq=19 ttl=62 time=321 ms
64 bytes from fd00::212:7404:4:404: icmp_seq=20 ttl=62 time=280 ms
64 bytes from fd00::212:7404:4:404: icmp_seq=21 ttl=62 time=136 ms
64 bytes from fd00::212:7404:4:404: icmp_seq=22 ttl=62 time=113 ms
64 bytes from fd00::212:7404:4:404: icmp_seq=23 ttl=62 time=303 ms
64 bytes from fd00::212:7404:4:404: icmp_seq=25 ttl=62 time=669 ms
64 bytes from fd00::212:7404:4:404: icmp_seq=26 ttl=62 time=127 ms
64 bytes from fd00::212:7404:4:404: icmp_seq=27 ttl=62 time=142 ms
64 bytes from fd00::212:7404:4:404: icmp_seq=28 ttl=62 time=253 ms
64 bytes from fd00::212:7404:4:404: icmp_seq=29 ttl=62 time=1518 ms
64 bytes from fd00::212:7404:4:404: icmp_seq=30 ttl=62 time=118 ms
64 bytes from fd00::212:7404:4:404: icmp_seq=31 ttl=62 time=205 ms
64 bytes from fd00::212:7404:4:404: icmp_seq=32 ttl=62 time=1330 ms
64 bytes from fd00::212:7404:4:404: icmp_seq=33 ttl=62 time=693 ms
64 bytes from fd00::212:7404:4:404: icmp_seq=34 ttl=62 time=361 ms
64 bytes from fd00::212:7404:4:404: icmp_seq=36 ttl=62 time=145 ms
64 bytes from fd00::212:7404:4:404: icmp_seq=37 ttl=62 time=526 ms
64 bytes from fd00::212:7404:4:404: icmp_seq=38 ttl=62 time=758 ms
64 bytes from fd00::212:7404:4:404: icmp_seq=39 ttl=62 time=114 ms
64 bytes from fd00::212:7404:4:404: icmp_seq=40 ttl=62 time=326 ms
64 bytes from fd00::212:7404:4:404: icmp_seq=41 ttl=62 time=115 ms
64 bytes from fd00::212:7404:4:404: icmp_seq=42 ttl=62 time=132 ms
64 bytes from fd00::212:7404:4:404: icmp_seq=43 ttl=62 time=589 ms
64 bytes from fd00::212:7404:4:404: icmp_seq=44 ttl=62 time=291 ms
64 bytes from fd00::212:7404:4:404: icmp_seq=45 ttl=62 time=264 ms
64 bytes from fd00::212:7404:4:404: icmp_seq=46 ttl=62 time=151 ms
64 bytes from fd00::212:7404:4:404: icmp_seq=47 ttl=62 time=424 ms
64 bytes from fd00::212:7404:4:404: icmp_seq=48 ttl=62 time=281 ms
64 bytes from fd00::212:7404:4:404: icmp_seq=50 ttl=62 time=335 ms
64 bytes from fd00::212:7404:4:404: icmp_seq=51 ttl=62 time=99.2 ms
64 bytes from fd00::212:7404:4:404: icmp_seq=52 ttl=62 time=244 ms
64 bytes from fd00::212:7404:4:404: icmp_seq=53 ttl=62 time=1238 ms
64 bytes from fd00::212:7404:4:404: icmp_seq=54 ttl=62 time=128 ms
64 bytes from fd00::212:7404:4:404: icmp_seq=55 ttl=62 time=130 ms
64 bytes from fd00::212:7404:4:404: icmp_seq=56 ttl=62 time=140 ms
64 bytes from fd00::212:7404:4:404: icmp_seq=57 ttl=62 time=141 ms
64 bytes from fd00::212:7404:4:404: icmp_seq=58 ttl=62 time=342 ms
64 bytes from fd00::212:7404:4:404: icmp_seq=59 ttl=62 time=104 ms
64 bytes from fd00::212:7404:4:404: icmp_seq=60 ttl=62 time=371 ms
64 bytes from fd00::212:7404:4:404: icmp_seq=61 ttl=62 time=489 ms
64 bytes from fd00::212:7404:4:404: icmp_seq=62 ttl=62 time=233 ms
64 bytes from fd00::212:7404:4:404: icmp_seq=63 ttl=62 time=465 ms
64 bytes from fd00::212:7404:4:404: icmp_seq=64 ttl=62 time=158 ms
64 bytes from fd00::212:7404:4:404: icmp_seq=65 ttl=62 time=189 ms
64 bytes from fd00::212:7404:4:404: icmp_seq=66 ttl=62 time=318 ms
64 bytes from fd00::212:7404:4:404: icmp_seq=67 ttl=62 time=133 ms
64 bytes from fd00::212:7404:4:404: icmp_seq=68 ttl=62 time=495 ms
64 bytes from fd00::212:7404:4:404: icmp_seq=69 ttl=62 time=168 ms
64 bytes from fd00::212:7404:4:404: icmp_seq=70 ttl=62 time=120 ms
64 bytes from fd00::212:7404:4:404: icmp_seq=71 ttl=62 time=228 ms
64 bytes from fd00::212:7404:4:404: icmp_seq=72 ttl=62 time=136 ms
64 bytes from fd00::212:7404:4:404: icmp_seq=73 ttl=62 time=405 ms
64 bytes from fd00::212:7404:4:404: icmp_seq=74 ttl=62 time=110 ms
64 bytes from fd00::212:7404:4:404: icmp_seq=75 ttl=62 time=369 ms
64 bytes from fd00::212:7404:4:404: icmp_seq=76 ttl=62 time=155 ms
64 bytes from fd00::212:7404:4:404: icmp_seq=77 ttl=62 time=327 ms
64 bytes from fd00::212:7404:4:404: icmp_seq=78 ttl=62 time=187 ms
64 bytes from fd00::212:7404:4:404: icmp_seq=79 ttl=62 time=526 ms
64 bytes from fd00::212:7404:4:404: icmp_seq=80 ttl=62 time=845 ms
64 bytes from fd00::212:7404:4:404: icmp_seq=81 ttl=62 time=189 ms
64 bytes from fd00::212:7404:4:404: icmp_seq=82 ttl=62 time=373 ms
64 bytes from fd00::212:7404:4:404: icmp_seq=83 ttl=62 time=324 ms
64 bytes from fd00::212:7404:4:404: icmp_seq=84 ttl=62 time=149 ms
64 bytes from fd00::212:7404:4:404: icmp_seq=85 ttl=62 time=258 ms
64 bytes from fd00::212:7404:4:404: icmp_seq=86 ttl=62 time=199 ms
64 bytes from fd00::212:7404:4:404: icmp_seq=87 ttl=62 time=218 ms
64 bytes from fd00::212:7404:4:404: icmp_seq=88 ttl=62 time=105 ms
64 bytes from fd00::212:7404:4:404: icmp_seq=89 ttl=62 time=187 ms
64 bytes from fd00::212:7404:4:404: icmp_seq=90 ttl=62 time=165 ms
64 bytes from fd00::212:7404:4:404: icmp_seq=91 ttl=62 time=195 ms
64 bytes from fd00::212:7404:4:404: icmp_seq=92 ttl=62 time=213 ms
64 bytes from fd00::212:7404:4:404: icmp_seq=93 ttl=62 time=213 ms
64 bytes from fd00::212:7404:4:404: icmp_seq=94 ttl=62 time=334 ms
64 bytes from fd00::212:7404:4:404: icmp_seq=95 ttl=62 time=165 ms
64 bytes from fd00::212:7404:4:404: icmp_seq=96 ttl=62 time=194 ms
64 bytes from fd00::212:7404:4:404: icmp_seq=97 ttl=62 time=235 ms
64 bytes from fd00::212:7404:4:404: icmp_seq=98 ttl=62 time=253 ms
64 bytes from fd00::212:7404:4:404: icmp_seq=99 ttl=62 time=409 ms
64 bytes from fd00::212:7404:4:404: icmp_seq=100 ttl=62 time=211 ms

--- fd00::212:7404:4:404 ping statistics ---
100 packets transmitted, 91 received, 9% packet loss, time 496573ms
rtt min/avg/max/mdev = 99.203/318.995/1518.707/263.491 ms
