PING fd00::212:7408:8:808(fd00::212:7408:8:808) 56 data bytes
64 bytes from fd00::212:7408:8:808: icmp_seq=1 ttl=60 time=1833 ms
64 bytes from fd00::212:7408:8:808: icmp_seq=3 ttl=60 time=933 ms
64 bytes from fd00::212:7408:8:808: icmp_seq=4 ttl=60 time=476 ms
64 bytes from fd00::212:7408:8:808: icmp_seq=5 ttl=60 time=405 ms
64 bytes from fd00::212:7408:8:808: icmp_seq=6 ttl=60 time=302 ms
64 bytes from fd00::212:7408:8:808: icmp_seq=9 ttl=60 time=892 ms
64 bytes from fd00::212:7408:8:808: icmp_seq=10 ttl=60 time=244 ms
64 bytes from fd00::212:7408:8:808: icmp_seq=11 ttl=60 time=253 ms
64 bytes from fd00::212:7408:8:808: icmp_seq=12 ttl=60 time=236 ms
64 bytes from fd00::212:7408:8:808: icmp_seq=15 ttl=60 time=471 ms
64 bytes from fd00::212:7408:8:808: icmp_seq=16 ttl=60 time=261 ms
64 bytes from fd00::212:7408:8:808: icmp_seq=17 ttl=60 time=504 ms
64 bytes from fd00::212:7408:8:808: icmp_seq=18 ttl=60 time=1123 ms
64 bytes from fd00::212:7408:8:808: icmp_seq=20 ttl=60 time=252 ms
64 bytes from fd00::212:7408:8:808: icmp_seq=21 ttl=60 time=781 ms
64 bytes from fd00::212:7408:8:808: icmp_seq=25 ttl=60 time=267 ms
64 bytes from fd00::212:7408:8:808: icmp_seq=26 ttl=60 time=297 ms
64 bytes from fd00::212:7408:8:808: icmp_seq=27 ttl=60 time=1347 ms
64 bytes from fd00::212:7408:8:808: icmp_seq=28 ttl=60 time=497 ms
64 bytes from fd00::212:7408:8:808: icmp_seq=29 ttl=60 time=339 ms
64 bytes from fd00::212:7408:8:808: icmp_seq=30 ttl=60 time=241 ms
64 bytes from fd00::212:7408:8:808: icmp_seq=33 ttl=60 time=488 ms
64 bytes from fd00::212:7408:8:808: icmp_seq=34 ttl=60 time=1343 ms
64 bytes from fd00::212:7408:8:808: icmp_seq=35 ttl=60 time=234 ms
64 bytes from fd00::212:7408:8:808: icmp_seq=36 ttl=60 time=434 ms
64 bytes from fd00::212:7408:8:808: icmp_seq=37 ttl=60 time=299 ms
64 bytes from fd00::212:7408:8:808: icmp_seq=38 ttl=60 time=1031 ms
64 bytes from fd00::212:7408:8:808: icmp_seq=39 ttl=60 time=1019 ms
64 bytes from fd00::212:7408:8:808: icmp_seq=40 ttl=60 time=276 ms
64 bytes from fd00::212:7408:8:808: icmp_seq=43 ttl=60 time=1168 ms
64 bytes from fd00::212:7408:8:808: icmp_seq=44 ttl=60 time=688 ms
64 bytes from fd00::212:7408:8:808: icmp_seq=45 ttl=60 time=423 ms
64 bytes from fd00::212:7408:8:808: icmp_seq=46 ttl=60 time=295 ms
64 bytes from fd00::212:7408:8:808: icmp_seq=47 ttl=60 time=1458 ms
64 bytes from fd00::212:7408:8:808: icmp_seq=48 ttl=60 time=676 ms
64 bytes from fd00::212:7408:8:808: icmp_seq=49 ttl=60 time=382 ms
64 bytes from fd00::212:7408:8:808: icmp_seq=51 ttl=60 time=234 ms
64 bytes from fd00::212:7408:8:808: icmp_seq=52 ttl=60 time=365 ms
64 bytes from fd00::212:7408:8:808: icmp_seq=53 ttl=60 time=257 ms
64 bytes from fd00::212:7408:8:808: icmp_seq=54 ttl=60 time=240 ms
64 bytes from fd00::212:7408:8:808: icmp_seq=55 ttl=60 time=271 ms
64 bytes from fd00::212:7408:8:808: icmp_seq=56 ttl=60 time=284 ms
64 bytes from fd00::212:7408:8:808: icmp_seq=58 ttl=60 time=541 ms
64 bytes from fd00::212:7408:8:808: icmp_seq=59 ttl=60 time=702 ms
64 bytes from fd00::212:7408:8:808: icmp_seq=60 ttl=60 time=1018 ms
64 bytes from fd00::212:7408:8:808: icmp_seq=61 ttl=60 time=717 ms
64 bytes from fd00::212:7408:8:808: icmp_seq=62 ttl=60 time=690 ms
64 bytes from fd00::212:7408:8:808: icmp_seq=63 ttl=60 time=549 ms
64 bytes from fd00::212:7408:8:808: icmp_seq=64 ttl=60 time=593 ms
64 bytes from fd00::212:7408:8:808: icmp_seq=66 ttl=60 time=817 ms
64 bytes from fd00::212:7408:8:808: icmp_seq=67 ttl=60 time=2534 ms
64 bytes from fd00::212:7408:8:808: icmp_seq=68 ttl=60 time=829 ms
64 bytes from fd00::212:7408:8:808: icmp_seq=69 ttl=60 time=436 ms
64 bytes from fd00::212:7408:8:808: icmp_seq=70 ttl=60 time=834 ms
64 bytes from fd00::212:7408:8:808: icmp_seq=71 ttl=60 time=887 ms
64 bytes from fd00::212:7408:8:808: icmp_seq=72 ttl=60 time=529 ms
64 bytes from fd00::212:7408:8:808: icmp_seq=73 ttl=60 time=537 ms
64 bytes from fd00::212:7408:8:808: icmp_seq=74 ttl=60 time=880 ms
64 bytes from fd00::212:7408:8:808: icmp_seq=82 ttl=60 time=455 ms
64 bytes from fd00::212:7408:8:808: icmp_seq=83 ttl=60 time=1246 ms
64 bytes from fd00::212:7408:8:808: icmp_seq=94 ttl=60 time=1049 ms
64 bytes from fd00::212:7408:8:808: icmp_seq=97 ttl=60 time=630 ms
64 bytes from fd00::212:7408:8:808: icmp_seq=102 ttl=60 time=530 ms
64 bytes from fd00::212:7408:8:808: icmp_seq=106 ttl=60 time=374 ms
64 bytes from fd00::212:7408:8:808: icmp_seq=107 ttl=60 time=374 ms
64 bytes from fd00::212:7408:8:808: icmp_seq=108 ttl=60 time=420 ms
64 bytes from fd00::212:7408:8:808: icmp_seq=109 ttl=60 time=295 ms
64 bytes from fd00::212:7408:8:808: icmp_seq=110 ttl=60 time=395 ms
64 bytes from fd00::212:7408:8:808: icmp_seq=111 ttl=60 time=360 ms
64 bytes from fd00::212:7408:8:808: icmp_seq=112 ttl=60 time=512 ms
64 bytes from fd00::212:7408:8:808: icmp_seq=113 ttl=60 time=645 ms
64 bytes from fd00::212:7408:8:808: icmp_seq=114 ttl=60 time=409 ms
64 bytes from fd00::212:7408:8:808: icmp_seq=115 ttl=60 time=540 ms
64 bytes from fd00::212:7408:8:808: icmp_seq=116 ttl=60 time=436 ms
64 bytes from fd00::212:7408:8:808: icmp_seq=117 ttl=60 time=487 ms
64 bytes from fd00::212:7408:8:808: icmp_seq=118 ttl=60 time=321 ms
64 bytes from fd00::212:7408:8:808: icmp_seq=119 ttl=60 time=444 ms
64 bytes from fd00::212:7408:8:808: icmp_seq=120 ttl=60 time=661 ms
64 bytes from fd00::212:7408:8:808: icmp_seq=122 ttl=60 time=579 ms
64 bytes from fd00::212:7408:8:808: icmp_seq=123 ttl=60 time=394 ms
64 bytes from fd00::212:7408:8:808: icmp_seq=124 ttl=60 time=234 ms
64 bytes from fd00::212:7408:8:808: icmp_seq=125 ttl=60 time=233 ms
64 bytes from fd00::212:7408:8:808: icmp_seq=126 ttl=60 time=272 ms
64 bytes from fd00::212:7408:8:808: icmp_seq=127 ttl=60 time=258 ms
64 bytes from fd00::212:7408:8:808: icmp_seq=128 ttl=60 time=222 ms
64 bytes from fd00::212:7408:8:808: icmp_seq=129 ttl=60 time=219 ms
64 bytes from fd00::212:7408:8:808: icmp_seq=130 ttl=60 time=243 ms
64 bytes from fd00::212:7408:8:808: icmp_seq=131 ttl=60 time=228 ms
64 bytes from fd00::212:7408:8:808: icmp_seq=132 ttl=60 time=205 ms
64 bytes from fd00::212:7408:8:808: icmp_seq=133 ttl=60 time=240 ms
64 bytes from fd00::212:7408:8:808: icmp_seq=134 ttl=60 time=212 ms
64 bytes from fd00::212:7408:8:808: icmp_seq=135 ttl=60 time=221 ms
64 bytes from fd00::212:7408:8:808: icmp_seq=136 ttl=60 time=229 ms
64 bytes from fd00::212:7408:8:808: icmp_seq=137 ttl=60 time=244 ms
64 bytes from fd00::212:7408:8:808: icmp_seq=138 ttl=60 time=210 ms
64 bytes from fd00::212:7408:8:808: icmp_seq=139 ttl=60 time=245 ms
64 bytes from fd00::212:7408:8:808: icmp_seq=140 ttl=60 time=230 ms
64 bytes from fd00::212:7408:8:808: icmp_seq=141 ttl=60 time=239 ms
64 bytes from fd00::212:7408:8:808: icmp_seq=142 ttl=60 time=223 ms
64 bytes from fd00::212:7408:8:808: icmp_seq=143 ttl=60 time=326 ms
64 bytes from fd00::212:7408:8:808: icmp_seq=144 ttl=60 time=192 ms
64 bytes from fd00::212:7408:8:808: icmp_seq=145 ttl=60 time=217 ms
64 bytes from fd00::212:7408:8:808: icmp_seq=146 ttl=60 time=236 ms
64 bytes from fd00::212:7408:8:808: icmp_seq=147 ttl=60 time=237 ms
64 bytes from fd00::212:7408:8:808: icmp_seq=148 ttl=60 time=299 ms
64 bytes from fd00::212:7408:8:808: icmp_seq=149 ttl=60 time=228 ms
64 bytes from fd00::212:7408:8:808: icmp_seq=150 ttl=60 time=331 ms
64 bytes from fd00::212:7408:8:808: icmp_seq=151 ttl=60 time=195 ms
64 bytes from fd00::212:7408:8:808: icmp_seq=152 ttl=60 time=396 ms
64 bytes from fd00::212:7408:8:808: icmp_seq=153 ttl=60 time=220 ms
64 bytes from fd00::212:7408:8:808: icmp_seq=154 ttl=60 time=226 ms
64 bytes from fd00::212:7408:8:808: icmp_seq=155 ttl=60 time=227 ms
64 bytes from fd00::212:7408:8:808: icmp_seq=156 ttl=60 time=274 ms
64 bytes from fd00::212:7408:8:808: icmp_seq=157 ttl=60 time=235 ms
64 bytes from fd00::212:7408:8:808: icmp_seq=158 ttl=60 time=229 ms
64 bytes from fd00::212:7408:8:808: icmp_seq=159 ttl=60 time=219 ms
64 bytes from fd00::212:7408:8:808: icmp_seq=160 ttl=60 time=336 ms
64 bytes from fd00::212:7408:8:808: icmp_seq=161 ttl=60 time=257 ms
64 bytes from fd00::212:7408:8:808: icmp_seq=162 ttl=60 time=229 ms
64 bytes from fd00::212:7408:8:808: icmp_seq=163 ttl=60 time=510 ms
64 bytes from fd00::212:7408:8:808: icmp_seq=164 ttl=60 time=211 ms
64 bytes from fd00::212:7408:8:808: icmp_seq=165 ttl=60 time=257 ms
64 bytes from fd00::212:7408:8:808: icmp_seq=166 ttl=60 time=273 ms
64 bytes from fd00::212:7408:8:808: icmp_seq=167 ttl=60 time=241 ms
64 bytes from fd00::212:7408:8:808: icmp_seq=168 ttl=60 time=358 ms
64 bytes from fd00::212:7408:8:808: icmp_seq=170 ttl=60 time=505 ms
64 bytes from fd00::212:7408:8:808: icmp_seq=171 ttl=60 time=445 ms
64 bytes from fd00::212:7408:8:808: icmp_seq=172 ttl=60 time=336 ms
64 bytes from fd00::212:7408:8:808: icmp_seq=173 ttl=60 time=349 ms
64 bytes from fd00::212:7408:8:808: icmp_seq=174 ttl=60 time=404 ms
64 bytes from fd00::212:7408:8:808: icmp_seq=175 ttl=60 time=451 ms
64 bytes from fd00::212:7408:8:808: icmp_seq=176 ttl=60 time=331 ms
64 bytes from fd00::212:7408:8:808: icmp_seq=177 ttl=60 time=349 ms
64 bytes from fd00::212:7408:8:808: icmp_seq=178 ttl=60 time=374 ms
64 bytes from fd00::212:7408:8:808: icmp_seq=179 ttl=60 time=362 ms
64 bytes from fd00::212:7408:8:808: icmp_seq=180 ttl=60 time=410 ms
64 bytes from fd00::212:7408:8:808: icmp_seq=181 ttl=60 time=402 ms
64 bytes from fd00::212:7408:8:808: icmp_seq=182 ttl=60 time=606 ms
64 bytes from fd00::212:7408:8:808: icmp_seq=183 ttl=60 time=540 ms
64 bytes from fd00::212:7408:8:808: icmp_seq=184 ttl=60 time=420 ms
64 bytes from fd00::212:7408:8:808: icmp_seq=185 ttl=60 time=625 ms
64 bytes from fd00::212:7408:8:808: icmp_seq=186 ttl=60 time=418 ms
64 bytes from fd00::212:7408:8:808: icmp_seq=187 ttl=60 time=513 ms
64 bytes from fd00::212:7408:8:808: icmp_seq=188 ttl=60 time=328 ms
64 bytes from fd00::212:7408:8:808: icmp_seq=189 ttl=60 time=512 ms
64 bytes from fd00::212:7408:8:808: icmp_seq=190 ttl=60 time=450 ms
64 bytes from fd00::212:7408:8:808: icmp_seq=191 ttl=60 time=457 ms
64 bytes from fd00::212:7408:8:808: icmp_seq=192 ttl=60 time=337 ms
64 bytes from fd00::212:7408:8:808: icmp_seq=193 ttl=60 time=339 ms
64 bytes from fd00::212:7408:8:808: icmp_seq=194 ttl=60 time=472 ms
64 bytes from fd00::212:7408:8:808: icmp_seq=195 ttl=60 time=419 ms
64 bytes from fd00::212:7408:8:808: icmp_seq=196 ttl=60 time=555 ms
64 bytes from fd00::212:7408:8:808: icmp_seq=197 ttl=60 time=331 ms
64 bytes from fd00::212:7408:8:808: icmp_seq=198 ttl=60 time=432 ms
64 bytes from fd00::212:7408:8:808: icmp_seq=199 ttl=60 time=480 ms
64 bytes from fd00::212:7408:8:808: icmp_seq=200 ttl=60 time=341 ms

--- fd00::212:7408:8:808 ping statistics ---
200 packets transmitted, 156 received, 22% packet loss, time 1000974ms
rtt min/avg/max/mdev = 192.491/469.252/2534.026/324.939 ms
