PING fd00::212:7406:6:606(fd00::212:7406:6:606) 56 data bytes
64 bytes from fd00::212:7406:6:606: icmp_seq=2 ttl=62 time=854 ms
64 bytes from fd00::212:7406:6:606: icmp_seq=3 ttl=62 time=616 ms
64 bytes from fd00::212:7406:6:606: icmp_seq=4 ttl=62 time=138 ms
64 bytes from fd00::212:7406:6:606: icmp_seq=5 ttl=62 time=458 ms
64 bytes from fd00::212:7406:6:606: icmp_seq=6 ttl=62 time=152 ms
64 bytes from fd00::212:7406:6:606: icmp_seq=7 ttl=62 time=395 ms
64 bytes from fd00::212:7406:6:606: icmp_seq=8 ttl=62 time=194 ms
64 bytes from fd00::212:7406:6:606: icmp_seq=9 ttl=62 time=168 ms
64 bytes from fd00::212:7406:6:606: icmp_seq=10 ttl=62 time=96.3 ms
64 bytes from fd00::212:7406:6:606: icmp_seq=11 ttl=62 time=139 ms
64 bytes from fd00::212:7406:6:606: icmp_seq=12 ttl=62 time=1234 ms
64 bytes from fd00::212:7406:6:606: icmp_seq=13 ttl=62 time=2262 ms
64 bytes from fd00::212:7406:6:606: icmp_seq=14 ttl=62 time=877 ms
64 bytes from fd00::212:7406:6:606: icmp_seq=15 ttl=62 time=295 ms
64 bytes from fd00::212:7406:6:606: icmp_seq=16 ttl=62 time=119 ms
64 bytes from fd00::212:7406:6:606: icmp_seq=17 ttl=62 time=146 ms
64 bytes from fd00::212:7406:6:606: icmp_seq=18 ttl=62 time=171 ms
64 bytes from fd00::212:7406:6:606: icmp_seq=19 ttl=62 time=109 ms
64 bytes from fd00::212:7406:6:606: icmp_seq=20 ttl=62 time=151 ms
64 bytes from fd00::212:7406:6:606: icmp_seq=21 ttl=62 time=141 ms
64 bytes from fd00::212:7406:6:606: icmp_seq=22 ttl=62 time=122 ms
64 bytes from fd00::212:7406:6:606: icmp_seq=23 ttl=62 time=1704 ms
64 bytes from fd00::212:7406:6:606: icmp_seq=25 ttl=62 time=152 ms
64 bytes from fd00::212:7406:6:606: icmp_seq=26 ttl=62 time=103 ms
64 bytes from fd00::212:7406:6:606: icmp_seq=27 ttl=62 time=206 ms
64 bytes from fd00::212:7406:6:606: icmp_seq=28 ttl=62 time=849 ms
64 bytes from fd00::212:7406:6:606: icmp_seq=29 ttl=62 time=839 ms
64 bytes from fd00::212:7406:6:606: icmp_seq=30 ttl=62 time=257 ms
64 bytes from fd00::212:7406:6:606: icmp_seq=31 ttl=62 time=234 ms
64 bytes from fd00::212:7406:6:606: icmp_seq=32 ttl=62 time=363 ms
64 bytes from fd00::212:7406:6:606: icmp_seq=40 ttl=62 time=847 ms
64 bytes from fd00::212:7406:6:606: icmp_seq=41 ttl=62 time=98.1 ms
64 bytes from fd00::212:7406:6:606: icmp_seq=42 ttl=62 time=81.3 ms
64 bytes from fd00::212:7406:6:606: icmp_seq=43 ttl=62 time=679 ms
64 bytes from fd00::212:7406:6:606: icmp_seq=44 ttl=62 time=1301 ms
64 bytes from fd00::212:7406:6:606: icmp_seq=45 ttl=62 time=116 ms
64 bytes from fd00::212:7406:6:606: icmp_seq=46 ttl=62 time=431 ms
64 bytes from fd00::212:7406:6:606: icmp_seq=47 ttl=62 time=420 ms
64 bytes from fd00::212:7406:6:606: icmp_seq=48 ttl=62 time=532 ms
64 bytes from fd00::212:7406:6:606: icmp_seq=49 ttl=62 time=112 ms
64 bytes from fd00::212:7406:6:606: icmp_seq=50 ttl=62 time=420 ms
64 bytes from fd00::212:7406:6:606: icmp_seq=51 ttl=62 time=104 ms
64 bytes from fd00::212:7406:6:606: icmp_seq=52 ttl=62 time=173 ms
64 bytes from fd00::212:7406:6:606: icmp_seq=53 ttl=62 time=625 ms
64 bytes from fd00::212:7406:6:606: icmp_seq=54 ttl=62 time=97.7 ms
64 bytes from fd00::212:7406:6:606: icmp_seq=55 ttl=62 time=135 ms
64 bytes from fd00::212:7406:6:606: icmp_seq=56 ttl=62 time=96.7 ms
64 bytes from fd00::212:7406:6:606: icmp_seq=57 ttl=62 time=310 ms
64 bytes from fd00::212:7406:6:606: icmp_seq=58 ttl=62 time=89.5 ms
64 bytes from fd00::212:7406:6:606: icmp_seq=59 ttl=62 time=97.1 ms
64 bytes from fd00::212:7406:6:606: icmp_seq=60 ttl=62 time=289 ms
64 bytes from fd00::212:7406:6:606: icmp_seq=61 ttl=62 time=114 ms
64 bytes from fd00::212:7406:6:606: icmp_seq=62 ttl=62 time=114 ms
64 bytes from fd00::212:7406:6:606: icmp_seq=63 ttl=62 time=92.6 ms
64 bytes from fd00::212:7406:6:606: icmp_seq=64 ttl=62 time=104 ms
64 bytes from fd00::212:7406:6:606: icmp_seq=65 ttl=62 time=102 ms
64 bytes from fd00::212:7406:6:606: icmp_seq=66 ttl=62 time=92.9 ms
64 bytes from fd00::212:7406:6:606: icmp_seq=67 ttl=62 time=79.1 ms
64 bytes from fd00::212:7406:6:606: icmp_seq=68 ttl=62 time=132 ms
64 bytes from fd00::212:7406:6:606: icmp_seq=69 ttl=62 time=104 ms
64 bytes from fd00::212:7406:6:606: icmp_seq=70 ttl=62 time=98.4 ms
64 bytes from fd00::212:7406:6:606: icmp_seq=71 ttl=62 time=114 ms
64 bytes from fd00::212:7406:6:606: icmp_seq=72 ttl=62 time=80.8 ms
64 bytes from fd00::212:7406:6:606: icmp_seq=73 ttl=62 time=89.6 ms
64 bytes from fd00::212:7406:6:606: icmp_seq=74 ttl=62 time=90.4 ms
64 bytes from fd00::212:7406:6:606: icmp_seq=75 ttl=62 time=105 ms
64 bytes from fd00::212:7406:6:606: icmp_seq=76 ttl=62 time=98.5 ms
64 bytes from fd00::212:7406:6:606: icmp_seq=77 ttl=62 time=108 ms
64 bytes from fd00::212:7406:6:606: icmp_seq=78 ttl=62 time=151 ms
64 bytes from fd00::212:7406:6:606: icmp_seq=79 ttl=62 time=104 ms
64 bytes from fd00::212:7406:6:606: icmp_seq=80 ttl=62 time=108 ms
64 bytes from fd00::212:7406:6:606: icmp_seq=81 ttl=62 time=121 ms
64 bytes from fd00::212:7406:6:606: icmp_seq=82 ttl=62 time=97.5 ms
64 bytes from fd00::212:7406:6:606: icmp_seq=83 ttl=62 time=89.7 ms
64 bytes from fd00::212:7406:6:606: icmp_seq=84 ttl=62 time=96.3 ms
64 bytes from fd00::212:7406:6:606: icmp_seq=85 ttl=62 time=128 ms
64 bytes from fd00::212:7406:6:606: icmp_seq=86 ttl=62 time=129 ms
64 bytes from fd00::212:7406:6:606: icmp_seq=87 ttl=62 time=88.9 ms
64 bytes from fd00::212:7406:6:606: icmp_seq=88 ttl=62 time=109 ms
64 bytes from fd00::212:7406:6:606: icmp_seq=89 ttl=62 time=95.2 ms
64 bytes from fd00::212:7406:6:606: icmp_seq=90 ttl=62 time=95.6 ms
64 bytes from fd00::212:7406:6:606: icmp_seq=91 ttl=62 time=91.1 ms
64 bytes from fd00::212:7406:6:606: icmp_seq=92 ttl=62 time=104 ms
64 bytes from fd00::212:7406:6:606: icmp_seq=93 ttl=62 time=112 ms
64 bytes from fd00::212:7406:6:606: icmp_seq=94 ttl=62 time=101 ms
64 bytes from fd00::212:7406:6:606: icmp_seq=95 ttl=62 time=75.0 ms
64 bytes from fd00::212:7406:6:606: icmp_seq=96 ttl=62 time=99.1 ms
64 bytes from fd00::212:7406:6:606: icmp_seq=97 ttl=62 time=99.2 ms
64 bytes from fd00::212:7406:6:606: icmp_seq=98 ttl=62 time=76.9 ms
64 bytes from fd00::212:7406:6:606: icmp_seq=99 ttl=62 time=94.1 ms
64 bytes from fd00::212:7406:6:606: icmp_seq=100 ttl=62 time=88.7 ms

--- fd00::212:7406:6:606 ping statistics ---
100 packets transmitted, 91 received, 9% packet loss, time 496279ms
rtt min/avg/max/mdev = 75.046/271.469/2262.247/363.672 ms
