PING fd00::212:7408:8:808(fd00::212:7408:8:808) 56 data bytes
64 bytes from fd00::212:7408:8:808: icmp_seq=5 ttl=60 time=365 ms
64 bytes from fd00::212:7408:8:808: icmp_seq=10 ttl=60 time=428 ms
64 bytes from fd00::212:7408:8:808: icmp_seq=11 ttl=60 time=929 ms
64 bytes from fd00::212:7408:8:808: icmp_seq=12 ttl=60 time=257 ms
64 bytes from fd00::212:7408:8:808: icmp_seq=13 ttl=60 time=257 ms
64 bytes from fd00::212:7408:8:808: icmp_seq=14 ttl=60 time=306 ms
64 bytes from fd00::212:7408:8:808: icmp_seq=15 ttl=60 time=251 ms
64 bytes from fd00::212:7408:8:808: icmp_seq=16 ttl=60 time=238 ms
64 bytes from fd00::212:7408:8:808: icmp_seq=17 ttl=60 time=260 ms
64 bytes from fd00::212:7408:8:808: icmp_seq=18 ttl=60 time=400 ms
64 bytes from fd00::212:7408:8:808: icmp_seq=19 ttl=60 time=228 ms
64 bytes from fd00::212:7408:8:808: icmp_seq=21 ttl=60 time=268 ms
64 bytes from fd00::212:7408:8:808: icmp_seq=22 ttl=60 time=201 ms
64 bytes from fd00::212:7408:8:808: icmp_seq=23 ttl=60 time=242 ms
64 bytes from fd00::212:7408:8:808: icmp_seq=25 ttl=60 time=174 ms
64 bytes from fd00::212:7408:8:808: icmp_seq=26 ttl=60 time=210 ms
64 bytes from fd00::212:7408:8:808: icmp_seq=27 ttl=60 time=205 ms
64 bytes from fd00::212:7408:8:808: icmp_seq=28 ttl=60 time=221 ms
64 bytes from fd00::212:7408:8:808: icmp_seq=29 ttl=60 time=261 ms
64 bytes from fd00::212:7408:8:808: icmp_seq=30 ttl=60 time=211 ms
64 bytes from fd00::212:7408:8:808: icmp_seq=31 ttl=60 time=224 ms
64 bytes from fd00::212:7408:8:808: icmp_seq=32 ttl=60 time=217 ms
64 bytes from fd00::212:7408:8:808: icmp_seq=33 ttl=60 time=213 ms
64 bytes from fd00::212:7408:8:808: icmp_seq=34 ttl=60 time=290 ms
64 bytes from fd00::212:7408:8:808: icmp_seq=35 ttl=60 time=202 ms
64 bytes from fd00::212:7408:8:808: icmp_seq=36 ttl=60 time=225 ms
64 bytes from fd00::212:7408:8:808: icmp_seq=37 ttl=60 time=190 ms
64 bytes from fd00::212:7408:8:808: icmp_seq=38 ttl=60 time=225 ms
64 bytes from fd00::212:7408:8:808: icmp_seq=39 ttl=60 time=242 ms
64 bytes from fd00::212:7408:8:808: icmp_seq=40 ttl=60 time=175 ms
64 bytes from fd00::212:7408:8:808: icmp_seq=41 ttl=60 time=229 ms
64 bytes from fd00::212:7408:8:808: icmp_seq=42 ttl=60 time=211 ms
64 bytes from fd00::212:7408:8:808: icmp_seq=43 ttl=60 time=227 ms
64 bytes from fd00::212:7408:8:808: icmp_seq=44 ttl=60 time=200 ms
64 bytes from fd00::212:7408:8:808: icmp_seq=45 ttl=60 time=214 ms
64 bytes from fd00::212:7408:8:808: icmp_seq=46 ttl=60 time=215 ms
64 bytes from fd00::212:7408:8:808: icmp_seq=47 ttl=60 time=253 ms
64 bytes from fd00::212:7408:8:808: icmp_seq=48 ttl=60 time=225 ms
64 bytes from fd00::212:7408:8:808: icmp_seq=49 ttl=60 time=240 ms
64 bytes from fd00::212:7408:8:808: icmp_seq=50 ttl=60 time=173 ms
64 bytes from fd00::212:7408:8:808: icmp_seq=51 ttl=60 time=214 ms
64 bytes from fd00::212:7408:8:808: icmp_seq=52 ttl=60 time=205 ms
64 bytes from fd00::212:7408:8:808: icmp_seq=53 ttl=60 time=230 ms
64 bytes from fd00::212:7408:8:808: icmp_seq=54 ttl=60 time=230 ms
64 bytes from fd00::212:7408:8:808: icmp_seq=55 ttl=60 time=234 ms
64 bytes from fd00::212:7408:8:808: icmp_seq=56 ttl=60 time=211 ms
64 bytes from fd00::212:7408:8:808: icmp_seq=57 ttl=60 time=246 ms
64 bytes from fd00::212:7408:8:808: icmp_seq=58 ttl=60 time=200 ms
64 bytes from fd00::212:7408:8:808: icmp_seq=59 ttl=60 time=256 ms
64 bytes from fd00::212:7408:8:808: icmp_seq=60 ttl=60 time=197 ms
64 bytes from fd00::212:7408:8:808: icmp_seq=61 ttl=60 time=219 ms
64 bytes from fd00::212:7408:8:808: icmp_seq=62 ttl=60 time=250 ms
64 bytes from fd00::212:7408:8:808: icmp_seq=63 ttl=60 time=241 ms
64 bytes from fd00::212:7408:8:808: icmp_seq=64 ttl=60 time=169 ms
64 bytes from fd00::212:7408:8:808: icmp_seq=65 ttl=60 time=215 ms
64 bytes from fd00::212:7408:8:808: icmp_seq=66 ttl=60 time=197 ms
64 bytes from fd00::212:7408:8:808: icmp_seq=67 ttl=60 time=223 ms
64 bytes from fd00::212:7408:8:808: icmp_seq=68 ttl=60 time=213 ms
64 bytes from fd00::212:7408:8:808: icmp_seq=69 ttl=60 time=205 ms
64 bytes from fd00::212:7408:8:808: icmp_seq=70 ttl=60 time=208 ms
64 bytes from fd00::212:7408:8:808: icmp_seq=71 ttl=60 time=236 ms
64 bytes from fd00::212:7408:8:808: icmp_seq=72 ttl=60 time=203 ms
64 bytes from fd00::212:7408:8:808: icmp_seq=73 ttl=60 time=252 ms
64 bytes from fd00::212:7408:8:808: icmp_seq=74 ttl=60 time=216 ms
64 bytes from fd00::212:7408:8:808: icmp_seq=75 ttl=60 time=231 ms
64 bytes from fd00::212:7408:8:808: icmp_seq=76 ttl=60 time=204 ms
64 bytes from fd00::212:7408:8:808: icmp_seq=77 ttl=60 time=210 ms
64 bytes from fd00::212:7408:8:808: icmp_seq=78 ttl=60 time=232 ms
64 bytes from fd00::212:7408:8:808: icmp_seq=79 ttl=60 time=218 ms
64 bytes from fd00::212:7408:8:808: icmp_seq=80 ttl=60 time=171 ms
64 bytes from fd00::212:7408:8:808: icmp_seq=81 ttl=60 time=192 ms
64 bytes from fd00::212:7408:8:808: icmp_seq=82 ttl=60 time=231 ms
64 bytes from fd00::212:7408:8:808: icmp_seq=83 ttl=60 time=236 ms
64 bytes from fd00::212:7408:8:808: icmp_seq=84 ttl=60 time=197 ms
64 bytes from fd00::212:7408:8:808: icmp_seq=85 ttl=60 time=196 ms
64 bytes from fd00::212:7408:8:808: icmp_seq=86 ttl=60 time=193 ms
64 bytes from fd00::212:7408:8:808: icmp_seq=87 ttl=60 time=210 ms
64 bytes from fd00::212:7408:8:808: icmp_seq=88 ttl=60 time=230 ms
64 bytes from fd00::212:7408:8:808: icmp_seq=89 ttl=60 time=171 ms
64 bytes from fd00::212:7408:8:808: icmp_seq=90 ttl=60 time=207 ms
64 bytes from fd00::212:7408:8:808: icmp_seq=91 ttl=60 time=255 ms
64 bytes from fd00::212:7408:8:808: icmp_seq=92 ttl=60 time=212 ms
64 bytes from fd00::212:7408:8:808: icmp_seq=93 ttl=60 time=178 ms
64 bytes from fd00::212:7408:8:808: icmp_seq=94 ttl=60 time=193 ms
64 bytes from fd00::212:7408:8:808: icmp_seq=95 ttl=60 time=203 ms
64 bytes from fd00::212:7408:8:808: icmp_seq=96 ttl=60 time=209 ms
64 bytes from fd00::212:7408:8:808: icmp_seq=97 ttl=60 time=215 ms
64 bytes from fd00::212:7408:8:808: icmp_seq=98 ttl=60 time=221 ms
64 bytes from fd00::212:7408:8:808: icmp_seq=99 ttl=60 time=212 ms
64 bytes from fd00::212:7408:8:808: icmp_seq=100 ttl=60 time=185 ms

--- fd00::212:7408:8:808 ping statistics ---
100 packets transmitted, 90 received, 10% packet loss, time 496895ms
rtt min/avg/max/mdev = 169.242/233.619/929.023/84.391 ms
