PING aaaa::212:7405:5:505(aaaa::212:7405:5:505) 56 data bytes
64 bytes from aaaa::212:7405:5:505: icmp_seq=1 ttl=62 time=111 ms
64 bytes from aaaa::212:7405:5:505: icmp_seq=2 ttl=62 time=192 ms
64 bytes from aaaa::212:7405:5:505: icmp_seq=3 ttl=62 time=181 ms
64 bytes from aaaa::212:7405:5:505: icmp_seq=4 ttl=62 time=105 ms
64 bytes from aaaa::212:7405:5:505: icmp_seq=5 ttl=62 time=91.1 ms
64 bytes from aaaa::212:7405:5:505: icmp_seq=9 ttl=62 time=94.6 ms
64 bytes from aaaa::212:7405:5:505: icmp_seq=13 ttl=62 time=108 ms
64 bytes from aaaa::212:7405:5:505: icmp_seq=14 ttl=62 time=102 ms
64 bytes from aaaa::212:7405:5:505: icmp_seq=16 ttl=62 time=97.7 ms
64 bytes from aaaa::212:7405:5:505: icmp_seq=18 ttl=62 time=115 ms
64 bytes from aaaa::212:7405:5:505: icmp_seq=20 ttl=62 time=110 ms
64 bytes from aaaa::212:7405:5:505: icmp_seq=22 ttl=62 time=90.3 ms
64 bytes from aaaa::212:7405:5:505: icmp_seq=24 ttl=62 time=101 ms
64 bytes from aaaa::212:7405:5:505: icmp_seq=25 ttl=62 time=86.1 ms
64 bytes from aaaa::212:7405:5:505: icmp_seq=26 ttl=62 time=90.2 ms
64 bytes from aaaa::212:7405:5:505: icmp_seq=27 ttl=62 time=71.7 ms
64 bytes from aaaa::212:7405:5:505: icmp_seq=28 ttl=62 time=71.2 ms
64 bytes from aaaa::212:7405:5:505: icmp_seq=29 ttl=62 time=87.6 ms
64 bytes from aaaa::212:7405:5:505: icmp_seq=30 ttl=62 time=84.2 ms
64 bytes from aaaa::212:7405:5:505: icmp_seq=31 ttl=62 time=101 ms
64 bytes from aaaa::212:7405:5:505: icmp_seq=32 ttl=62 time=96.1 ms
64 bytes from aaaa::212:7405:5:505: icmp_seq=33 ttl=62 time=97.2 ms
64 bytes from aaaa::212:7405:5:505: icmp_seq=34 ttl=62 time=72.5 ms
64 bytes from aaaa::212:7405:5:505: icmp_seq=35 ttl=62 time=74.9 ms
64 bytes from aaaa::212:7405:5:505: icmp_seq=36 ttl=62 time=98.4 ms
64 bytes from aaaa::212:7405:5:505: icmp_seq=37 ttl=62 time=71.9 ms
64 bytes from aaaa::212:7405:5:505: icmp_seq=38 ttl=62 time=88.4 ms
64 bytes from aaaa::212:7405:5:505: icmp_seq=39 ttl=62 time=94.7 ms
64 bytes from aaaa::212:7405:5:505: icmp_seq=57 ttl=62 time=84.2 ms
64 bytes from aaaa::212:7405:5:505: icmp_seq=58 ttl=62 time=89.0 ms
64 bytes from aaaa::212:7405:5:505: icmp_seq=59 ttl=62 time=70.8 ms
64 bytes from aaaa::212:7405:5:505: icmp_seq=60 ttl=62 time=131 ms
64 bytes from aaaa::212:7405:5:505: icmp_seq=61 ttl=62 time=81.8 ms
64 bytes from aaaa::212:7405:5:505: icmp_seq=62 ttl=62 time=91.1 ms
64 bytes from aaaa::212:7405:5:505: icmp_seq=63 ttl=62 time=68.1 ms
64 bytes from aaaa::212:7405:5:505: icmp_seq=66 ttl=62 time=130 ms
64 bytes from aaaa::212:7405:5:505: icmp_seq=82 ttl=62 time=106 ms
64 bytes from aaaa::212:7405:5:505: icmp_seq=84 ttl=62 time=91.4 ms
64 bytes from aaaa::212:7405:5:505: icmp_seq=90 ttl=62 time=129 ms
64 bytes from aaaa::212:7405:5:505: icmp_seq=97 ttl=62 time=112 ms
64 bytes from aaaa::212:7405:5:505: icmp_seq=98 ttl=62 time=91.1 ms
64 bytes from aaaa::212:7405:5:505: icmp_seq=99 ttl=62 time=87.8 ms
64 bytes from aaaa::212:7405:5:505: icmp_seq=100 ttl=62 time=157 ms
64 bytes from aaaa::212:7405:5:505: icmp_seq=101 ttl=62 time=128 ms
64 bytes from aaaa::212:7405:5:505: icmp_seq=102 ttl=62 time=81.0 ms
64 bytes from aaaa::212:7405:5:505: icmp_seq=103 ttl=62 time=105 ms
64 bytes from aaaa::212:7405:5:505: icmp_seq=104 ttl=62 time=131 ms
64 bytes from aaaa::212:7405:5:505: icmp_seq=105 ttl=62 time=151 ms
64 bytes from aaaa::212:7405:5:505: icmp_seq=107 ttl=62 time=116 ms
64 bytes from aaaa::212:7405:5:505: icmp_seq=110 ttl=62 time=97.5 ms
64 bytes from aaaa::212:7405:5:505: icmp_seq=111 ttl=62 time=92.4 ms
64 bytes from aaaa::212:7405:5:505: icmp_seq=112 ttl=62 time=76.4 ms
64 bytes from aaaa::212:7405:5:505: icmp_seq=113 ttl=62 time=69.0 ms
64 bytes from aaaa::212:7405:5:505: icmp_seq=114 ttl=62 time=81.9 ms
64 bytes from aaaa::212:7405:5:505: icmp_seq=115 ttl=62 time=87.8 ms
64 bytes from aaaa::212:7405:5:505: icmp_seq=116 ttl=62 time=105 ms
64 bytes from aaaa::212:7405:5:505: icmp_seq=117 ttl=62 time=68.6 ms
64 bytes from aaaa::212:7405:5:505: icmp_seq=118 ttl=62 time=82.8 ms
64 bytes from aaaa::212:7405:5:505: icmp_seq=119 ttl=62 time=69.1 ms
64 bytes from aaaa::212:7405:5:505: icmp_seq=127 ttl=62 time=173 ms
64 bytes from aaaa::212:7405:5:505: icmp_seq=129 ttl=62 time=85.9 ms
64 bytes from aaaa::212:7405:5:505: icmp_seq=131 ttl=62 time=207 ms
64 bytes from aaaa::212:7405:5:505: icmp_seq=148 ttl=62 time=80.4 ms
64 bytes from aaaa::212:7405:5:505: icmp_seq=165 ttl=62 time=85.6 ms
64 bytes from aaaa::212:7405:5:505: icmp_seq=186 ttl=62 time=77.1 ms
64 bytes from aaaa::212:7405:5:505: icmp_seq=187 ttl=62 time=77.0 ms
64 bytes from aaaa::212:7405:5:505: icmp_seq=188 ttl=62 time=96.4 ms
64 bytes from aaaa::212:7405:5:505: icmp_seq=190 ttl=62 time=75.1 ms
64 bytes from aaaa::212:7405:5:505: icmp_seq=191 ttl=62 time=71.7 ms
64 bytes from aaaa::212:7405:5:505: icmp_seq=192 ttl=62 time=74.0 ms
64 bytes from aaaa::212:7405:5:505: icmp_seq=193 ttl=62 time=88.8 ms

--- aaaa::212:7405:5:505 ping statistics ---
200 packets transmitted, 71 received, 64% packet loss, time 1012782ms
rtt min/avg/max/mdev = 68.156/99.339/207.271/29.070 ms
