PING aaaa::212:7408:8:808(aaaa::212:7408:8:808) 56 data bytes
64 bytes from aaaa::212:7408:8:808: icmp_seq=2 ttl=63 time=80.1 ms
64 bytes from aaaa::212:7408:8:808: icmp_seq=3 ttl=63 time=54.3 ms
64 bytes from aaaa::212:7408:8:808: icmp_seq=4 ttl=63 time=125 ms
64 bytes from aaaa::212:7408:8:808: icmp_seq=5 ttl=63 time=106 ms
64 bytes from aaaa::212:7408:8:808: icmp_seq=8 ttl=63 time=82.5 ms
64 bytes from aaaa::212:7408:8:808: icmp_seq=10 ttl=63 time=57.7 ms
64 bytes from aaaa::212:7408:8:808: icmp_seq=11 ttl=63 time=72.3 ms
64 bytes from aaaa::212:7408:8:808: icmp_seq=20 ttl=63 time=86.9 ms
64 bytes from aaaa::212:7408:8:808: icmp_seq=22 ttl=63 time=91.6 ms
64 bytes from aaaa::212:7408:8:808: icmp_seq=26 ttl=63 time=47.5 ms
64 bytes from aaaa::212:7408:8:808: icmp_seq=27 ttl=63 time=89.9 ms
64 bytes from aaaa::212:7408:8:808: icmp_seq=35 ttl=63 time=38.0 ms
64 bytes from aaaa::212:7408:8:808: icmp_seq=36 ttl=63 time=37.9 ms
64 bytes from aaaa::212:7408:8:808: icmp_seq=37 ttl=63 time=53.9 ms
64 bytes from aaaa::212:7408:8:808: icmp_seq=38 ttl=63 time=31.7 ms
64 bytes from aaaa::212:7408:8:808: icmp_seq=39 ttl=63 time=51.1 ms
64 bytes from aaaa::212:7408:8:808: icmp_seq=40 ttl=63 time=42.0 ms
64 bytes from aaaa::212:7408:8:808: icmp_seq=41 ttl=63 time=36.0 ms
64 bytes from aaaa::212:7408:8:808: icmp_seq=42 ttl=63 time=27.7 ms
64 bytes from aaaa::212:7408:8:808: icmp_seq=43 ttl=63 time=36.6 ms
64 bytes from aaaa::212:7408:8:808: icmp_seq=44 ttl=63 time=87.5 ms
64 bytes from aaaa::212:7408:8:808: icmp_seq=45 ttl=63 time=38.3 ms
64 bytes from aaaa::212:7408:8:808: icmp_seq=46 ttl=63 time=30.1 ms
64 bytes from aaaa::212:7408:8:808: icmp_seq=47 ttl=63 time=40.1 ms
64 bytes from aaaa::212:7408:8:808: icmp_seq=48 ttl=63 time=54.3 ms
64 bytes from aaaa::212:7408:8:808: icmp_seq=49 ttl=63 time=38.7 ms
64 bytes from aaaa::212:7408:8:808: icmp_seq=50 ttl=63 time=28.5 ms
64 bytes from aaaa::212:7408:8:808: icmp_seq=51 ttl=63 time=45.2 ms
64 bytes from aaaa::212:7408:8:808: icmp_seq=52 ttl=63 time=38.6 ms
64 bytes from aaaa::212:7408:8:808: icmp_seq=53 ttl=63 time=32.8 ms
64 bytes from aaaa::212:7408:8:808: icmp_seq=54 ttl=63 time=42.1 ms
64 bytes from aaaa::212:7408:8:808: icmp_seq=55 ttl=63 time=34.1 ms
64 bytes from aaaa::212:7408:8:808: icmp_seq=57 ttl=63 time=27.4 ms
64 bytes from aaaa::212:7408:8:808: icmp_seq=58 ttl=63 time=30.7 ms
64 bytes from aaaa::212:7408:8:808: icmp_seq=59 ttl=63 time=42.9 ms
64 bytes from aaaa::212:7408:8:808: icmp_seq=60 ttl=63 time=41.2 ms
64 bytes from aaaa::212:7408:8:808: icmp_seq=61 ttl=63 time=45.3 ms
64 bytes from aaaa::212:7408:8:808: icmp_seq=62 ttl=63 time=33.5 ms
64 bytes from aaaa::212:7408:8:808: icmp_seq=63 ttl=63 time=36.3 ms
64 bytes from aaaa::212:7408:8:808: icmp_seq=64 ttl=63 time=37.5 ms
64 bytes from aaaa::212:7408:8:808: icmp_seq=65 ttl=63 time=46.1 ms
64 bytes from aaaa::212:7408:8:808: icmp_seq=66 ttl=63 time=46.8 ms
64 bytes from aaaa::212:7408:8:808: icmp_seq=67 ttl=63 time=36.5 ms
64 bytes from aaaa::212:7408:8:808: icmp_seq=68 ttl=63 time=52.4 ms
64 bytes from aaaa::212:7408:8:808: icmp_seq=69 ttl=63 time=125 ms
64 bytes from aaaa::212:7408:8:808: icmp_seq=70 ttl=63 time=79.2 ms
64 bytes from aaaa::212:7408:8:808: icmp_seq=71 ttl=63 time=28.2 ms
64 bytes from aaaa::212:7408:8:808: icmp_seq=72 ttl=63 time=43.3 ms
64 bytes from aaaa::212:7408:8:808: icmp_seq=73 ttl=63 time=41.9 ms
64 bytes from aaaa::212:7408:8:808: icmp_seq=74 ttl=63 time=32.2 ms
64 bytes from aaaa::212:7408:8:808: icmp_seq=75 ttl=63 time=31.5 ms
64 bytes from aaaa::212:7408:8:808: icmp_seq=76 ttl=63 time=41.3 ms
64 bytes from aaaa::212:7408:8:808: icmp_seq=78 ttl=63 time=38.5 ms
64 bytes from aaaa::212:7408:8:808: icmp_seq=79 ttl=63 time=40.6 ms
64 bytes from aaaa::212:7408:8:808: icmp_seq=80 ttl=63 time=45.1 ms
64 bytes from aaaa::212:7408:8:808: icmp_seq=81 ttl=63 time=37.5 ms
64 bytes from aaaa::212:7408:8:808: icmp_seq=82 ttl=63 time=64.2 ms
64 bytes from aaaa::212:7408:8:808: icmp_seq=83 ttl=63 time=44.5 ms
64 bytes from aaaa::212:7408:8:808: icmp_seq=84 ttl=63 time=45.6 ms
64 bytes from aaaa::212:7408:8:808: icmp_seq=85 ttl=63 time=36.1 ms
64 bytes from aaaa::212:7408:8:808: icmp_seq=86 ttl=63 time=40.0 ms
64 bytes from aaaa::212:7408:8:808: icmp_seq=87 ttl=63 time=31.3 ms
64 bytes from aaaa::212:7408:8:808: icmp_seq=88 ttl=63 time=64.3 ms
64 bytes from aaaa::212:7408:8:808: icmp_seq=89 ttl=63 time=41.6 ms
64 bytes from aaaa::212:7408:8:808: icmp_seq=90 ttl=63 time=30.0 ms
64 bytes from aaaa::212:7408:8:808: icmp_seq=91 ttl=63 time=33.9 ms
64 bytes from aaaa::212:7408:8:808: icmp_seq=92 ttl=63 time=44.6 ms
64 bytes from aaaa::212:7408:8:808: icmp_seq=93 ttl=63 time=32.8 ms
64 bytes from aaaa::212:7408:8:808: icmp_seq=94 ttl=63 time=38.6 ms
64 bytes from aaaa::212:7408:8:808: icmp_seq=95 ttl=63 time=44.0 ms
64 bytes from aaaa::212:7408:8:808: icmp_seq=96 ttl=63 time=55.6 ms
64 bytes from aaaa::212:7408:8:808: icmp_seq=97 ttl=63 time=41.1 ms
64 bytes from aaaa::212:7408:8:808: icmp_seq=98 ttl=63 time=38.4 ms
64 bytes from aaaa::212:7408:8:808: icmp_seq=99 ttl=63 time=39.1 ms
64 bytes from aaaa::212:7408:8:808: icmp_seq=101 ttl=63 time=46.6 ms
64 bytes from aaaa::212:7408:8:808: icmp_seq=102 ttl=63 time=37.0 ms
64 bytes from aaaa::212:7408:8:808: icmp_seq=103 ttl=63 time=31.0 ms
64 bytes from aaaa::212:7408:8:808: icmp_seq=104 ttl=63 time=47.5 ms
64 bytes from aaaa::212:7408:8:808: icmp_seq=105 ttl=63 time=39.4 ms
64 bytes from aaaa::212:7408:8:808: icmp_seq=106 ttl=63 time=39.9 ms
64 bytes from aaaa::212:7408:8:808: icmp_seq=107 ttl=63 time=42.5 ms
64 bytes from aaaa::212:7408:8:808: icmp_seq=108 ttl=63 time=36.3 ms
64 bytes from aaaa::212:7408:8:808: icmp_seq=109 ttl=63 time=37.1 ms
64 bytes from aaaa::212:7408:8:808: icmp_seq=110 ttl=63 time=47.6 ms
64 bytes from aaaa::212:7408:8:808: icmp_seq=111 ttl=63 time=40.2 ms
64 bytes from aaaa::212:7408:8:808: icmp_seq=112 ttl=63 time=45.1 ms
64 bytes from aaaa::212:7408:8:808: icmp_seq=113 ttl=63 time=36.0 ms
64 bytes from aaaa::212:7408:8:808: icmp_seq=114 ttl=63 time=37.6 ms
64 bytes from aaaa::212:7408:8:808: icmp_seq=115 ttl=63 time=36.7 ms
64 bytes from aaaa::212:7408:8:808: icmp_seq=116 ttl=63 time=49.9 ms
64 bytes from aaaa::212:7408:8:808: icmp_seq=117 ttl=63 time=32.0 ms
64 bytes from aaaa::212:7408:8:808: icmp_seq=118 ttl=63 time=38.0 ms
64 bytes from aaaa::212:7408:8:808: icmp_seq=120 ttl=63 time=41.5 ms
64 bytes from aaaa::212:7408:8:808: icmp_seq=121 ttl=63 time=40.0 ms
64 bytes from aaaa::212:7408:8:808: icmp_seq=122 ttl=63 time=49.2 ms
64 bytes from aaaa::212:7408:8:808: icmp_seq=123 ttl=63 time=30.7 ms
64 bytes from aaaa::212:7408:8:808: icmp_seq=124 ttl=63 time=40.4 ms
64 bytes from aaaa::212:7408:8:808: icmp_seq=125 ttl=63 time=61.9 ms
64 bytes from aaaa::212:7408:8:808: icmp_seq=126 ttl=63 time=40.5 ms
64 bytes from aaaa::212:7408:8:808: icmp_seq=127 ttl=63 time=43.3 ms
64 bytes from aaaa::212:7408:8:808: icmp_seq=128 ttl=63 time=38.4 ms
64 bytes from aaaa::212:7408:8:808: icmp_seq=129 ttl=63 time=44.6 ms
64 bytes from aaaa::212:7408:8:808: icmp_seq=130 ttl=63 time=44.2 ms
64 bytes from aaaa::212:7408:8:808: icmp_seq=131 ttl=63 time=30.8 ms
64 bytes from aaaa::212:7408:8:808: icmp_seq=132 ttl=63 time=42.8 ms
64 bytes from aaaa::212:7408:8:808: icmp_seq=133 ttl=63 time=44.8 ms
64 bytes from aaaa::212:7408:8:808: icmp_seq=134 ttl=63 time=46.7 ms
64 bytes from aaaa::212:7408:8:808: icmp_seq=135 ttl=63 time=39.4 ms
64 bytes from aaaa::212:7408:8:808: icmp_seq=136 ttl=63 time=46.5 ms
64 bytes from aaaa::212:7408:8:808: icmp_seq=137 ttl=63 time=40.0 ms
64 bytes from aaaa::212:7408:8:808: icmp_seq=139 ttl=63 time=39.5 ms
64 bytes from aaaa::212:7408:8:808: icmp_seq=140 ttl=63 time=48.0 ms
64 bytes from aaaa::212:7408:8:808: icmp_seq=141 ttl=63 time=38.1 ms
64 bytes from aaaa::212:7408:8:808: icmp_seq=142 ttl=63 time=47.7 ms
64 bytes from aaaa::212:7408:8:808: icmp_seq=143 ttl=63 time=45.9 ms
64 bytes from aaaa::212:7408:8:808: icmp_seq=144 ttl=63 time=36.3 ms
64 bytes from aaaa::212:7408:8:808: icmp_seq=145 ttl=63 time=39.7 ms
64 bytes from aaaa::212:7408:8:808: icmp_seq=146 ttl=63 time=34.7 ms
64 bytes from aaaa::212:7408:8:808: icmp_seq=147 ttl=63 time=71.2 ms
64 bytes from aaaa::212:7408:8:808: icmp_seq=148 ttl=63 time=35.6 ms
64 bytes from aaaa::212:7408:8:808: icmp_seq=149 ttl=63 time=50.4 ms
64 bytes from aaaa::212:7408:8:808: icmp_seq=150 ttl=63 time=38.6 ms
64 bytes from aaaa::212:7408:8:808: icmp_seq=151 ttl=63 time=57.0 ms
64 bytes from aaaa::212:7408:8:808: icmp_seq=152 ttl=63 time=35.6 ms
64 bytes from aaaa::212:7408:8:808: icmp_seq=153 ttl=63 time=53.7 ms
64 bytes from aaaa::212:7408:8:808: icmp_seq=154 ttl=63 time=43.0 ms
64 bytes from aaaa::212:7408:8:808: icmp_seq=155 ttl=63 time=52.2 ms
64 bytes from aaaa::212:7408:8:808: icmp_seq=156 ttl=63 time=36.0 ms
64 bytes from aaaa::212:7408:8:808: icmp_seq=157 ttl=63 time=43.8 ms
64 bytes from aaaa::212:7408:8:808: icmp_seq=158 ttl=63 time=43.5 ms
64 bytes from aaaa::212:7408:8:808: icmp_seq=159 ttl=63 time=33.1 ms
64 bytes from aaaa::212:7408:8:808: icmp_seq=160 ttl=63 time=37.0 ms
64 bytes from aaaa::212:7408:8:808: icmp_seq=161 ttl=63 time=42.2 ms
64 bytes from aaaa::212:7408:8:808: icmp_seq=162 ttl=63 time=36.9 ms
64 bytes from aaaa::212:7408:8:808: icmp_seq=163 ttl=63 time=28.8 ms
64 bytes from aaaa::212:7408:8:808: icmp_seq=164 ttl=63 time=48.8 ms
64 bytes from aaaa::212:7408:8:808: icmp_seq=165 ttl=63 time=41.1 ms
64 bytes from aaaa::212:7408:8:808: icmp_seq=166 ttl=63 time=37.5 ms
64 bytes from aaaa::212:7408:8:808: icmp_seq=167 ttl=63 time=37.1 ms
64 bytes from aaaa::212:7408:8:808: icmp_seq=168 ttl=63 time=42.4 ms
64 bytes from aaaa::212:7408:8:808: icmp_seq=169 ttl=63 time=44.6 ms
64 bytes from aaaa::212:7408:8:808: icmp_seq=170 ttl=63 time=42.2 ms
64 bytes from aaaa::212:7408:8:808: icmp_seq=171 ttl=63 time=30.7 ms
64 bytes from aaaa::212:7408:8:808: icmp_seq=172 ttl=63 time=63.0 ms
64 bytes from aaaa::212:7408:8:808: icmp_seq=173 ttl=63 time=41.2 ms
64 bytes from aaaa::212:7408:8:808: icmp_seq=174 ttl=63 time=38.4 ms
64 bytes from aaaa::212:7408:8:808: icmp_seq=175 ttl=63 time=28.3 ms
64 bytes from aaaa::212:7408:8:808: icmp_seq=176 ttl=63 time=36.5 ms
64 bytes from aaaa::212:7408:8:808: icmp_seq=177 ttl=63 time=41.0 ms
64 bytes from aaaa::212:7408:8:808: icmp_seq=178 ttl=63 time=42.0 ms
64 bytes from aaaa::212:7408:8:808: icmp_seq=179 ttl=63 time=38.3 ms
64 bytes from aaaa::212:7408:8:808: icmp_seq=180 ttl=63 time=43.9 ms
64 bytes from aaaa::212:7408:8:808: icmp_seq=181 ttl=63 time=47.8 ms
64 bytes from aaaa::212:7408:8:808: icmp_seq=182 ttl=63 time=29.7 ms
64 bytes from aaaa::212:7408:8:808: icmp_seq=183 ttl=63 time=39.9 ms
64 bytes from aaaa::212:7408:8:808: icmp_seq=184 ttl=63 time=43.9 ms
64 bytes from aaaa::212:7408:8:808: icmp_seq=185 ttl=63 time=45.6 ms
64 bytes from aaaa::212:7408:8:808: icmp_seq=186 ttl=63 time=33.8 ms
64 bytes from aaaa::212:7408:8:808: icmp_seq=188 ttl=63 time=42.8 ms
64 bytes from aaaa::212:7408:8:808: icmp_seq=189 ttl=63 time=40.6 ms
64 bytes from aaaa::212:7408:8:808: icmp_seq=190 ttl=63 time=32.8 ms
64 bytes from aaaa::212:7408:8:808: icmp_seq=191 ttl=63 time=33.0 ms
64 bytes from aaaa::212:7408:8:808: icmp_seq=192 ttl=63 time=45.9 ms
64 bytes from aaaa::212:7408:8:808: icmp_seq=193 ttl=63 time=35.3 ms
64 bytes from aaaa::212:7408:8:808: icmp_seq=194 ttl=63 time=62.7 ms
64 bytes from aaaa::212:7408:8:808: icmp_seq=195 ttl=63 time=40.7 ms
64 bytes from aaaa::212:7408:8:808: icmp_seq=196 ttl=63 time=44.3 ms
64 bytes from aaaa::212:7408:8:808: icmp_seq=197 ttl=63 time=39.9 ms
64 bytes from aaaa::212:7408:8:808: icmp_seq=198 ttl=63 time=45.9 ms
64 bytes from aaaa::212:7408:8:808: icmp_seq=199 ttl=63 time=66.1 ms
64 bytes from aaaa::212:7408:8:808: icmp_seq=200 ttl=63 time=36.1 ms

--- aaaa::212:7408:8:808 ping statistics ---
200 packets transmitted, 171 received, 14% packet loss, time 999442ms
rtt min/avg/max/mdev = 27.439/44.764/125.781/15.595 ms
