PING aaaa::212:740a:a:a0a(aaaa::212:740a:a:a0a) 56 data bytes
64 bytes from aaaa::212:740a:a:a0a: icmp_seq=5 ttl=62 time=239 ms
64 bytes from aaaa::212:740a:a:a0a: icmp_seq=6 ttl=62 time=99.6 ms
64 bytes from aaaa::212:740a:a:a0a: icmp_seq=7 ttl=62 time=152 ms
64 bytes from aaaa::212:740a:a:a0a: icmp_seq=9 ttl=62 time=210 ms
64 bytes from aaaa::212:740a:a:a0a: icmp_seq=10 ttl=62 time=111 ms
64 bytes from aaaa::212:740a:a:a0a: icmp_seq=11 ttl=62 time=103 ms
64 bytes from aaaa::212:740a:a:a0a: icmp_seq=14 ttl=62 time=169 ms
64 bytes from aaaa::212:740a:a:a0a: icmp_seq=16 ttl=62 time=107 ms
64 bytes from aaaa::212:740a:a:a0a: icmp_seq=18 ttl=62 time=144 ms
64 bytes from aaaa::212:740a:a:a0a: icmp_seq=20 ttl=62 time=96.2 ms
64 bytes from aaaa::212:740a:a:a0a: icmp_seq=22 ttl=62 time=101 ms
64 bytes from aaaa::212:740a:a:a0a: icmp_seq=38 ttl=62 time=90.8 ms
64 bytes from aaaa::212:740a:a:a0a: icmp_seq=39 ttl=62 time=102 ms
64 bytes from aaaa::212:740a:a:a0a: icmp_seq=40 ttl=62 time=104 ms
64 bytes from aaaa::212:740a:a:a0a: icmp_seq=41 ttl=62 time=90.5 ms
64 bytes from aaaa::212:740a:a:a0a: icmp_seq=42 ttl=62 time=78.9 ms
64 bytes from aaaa::212:740a:a:a0a: icmp_seq=43 ttl=62 time=110 ms
64 bytes from aaaa::212:740a:a:a0a: icmp_seq=44 ttl=62 time=114 ms
64 bytes from aaaa::212:740a:a:a0a: icmp_seq=45 ttl=62 time=92.5 ms
64 bytes from aaaa::212:740a:a:a0a: icmp_seq=46 ttl=62 time=88.2 ms
64 bytes from aaaa::212:740a:a:a0a: icmp_seq=48 ttl=62 time=117 ms
64 bytes from aaaa::212:740a:a:a0a: icmp_seq=49 ttl=62 time=114 ms
64 bytes from aaaa::212:740a:a:a0a: icmp_seq=50 ttl=62 time=86.4 ms
64 bytes from aaaa::212:740a:a:a0a: icmp_seq=51 ttl=62 time=85.3 ms
64 bytes from aaaa::212:740a:a:a0a: icmp_seq=52 ttl=62 time=100 ms
64 bytes from aaaa::212:740a:a:a0a: icmp_seq=53 ttl=62 time=95.3 ms
64 bytes from aaaa::212:740a:a:a0a: icmp_seq=54 ttl=62 time=88.2 ms
64 bytes from aaaa::212:740a:a:a0a: icmp_seq=55 ttl=62 time=174 ms
64 bytes from aaaa::212:740a:a:a0a: icmp_seq=63 ttl=62 time=137 ms
64 bytes from aaaa::212:740a:a:a0a: icmp_seq=64 ttl=62 time=148 ms
64 bytes from aaaa::212:740a:a:a0a: icmp_seq=66 ttl=62 time=159 ms
64 bytes from aaaa::212:740a:a:a0a: icmp_seq=67 ttl=62 time=103 ms
64 bytes from aaaa::212:740a:a:a0a: icmp_seq=69 ttl=62 time=114 ms
64 bytes from aaaa::212:740a:a:a0a: icmp_seq=80 ttl=62 time=169 ms
64 bytes from aaaa::212:740a:a:a0a: icmp_seq=86 ttl=62 time=158 ms
64 bytes from aaaa::212:740a:a:a0a: icmp_seq=87 ttl=62 time=93.1 ms
64 bytes from aaaa::212:740a:a:a0a: icmp_seq=89 ttl=62 time=83.1 ms
64 bytes from aaaa::212:740a:a:a0a: icmp_seq=90 ttl=62 time=96.8 ms
64 bytes from aaaa::212:740a:a:a0a: icmp_seq=91 ttl=62 time=82.1 ms
64 bytes from aaaa::212:740a:a:a0a: icmp_seq=92 ttl=62 time=75.3 ms
64 bytes from aaaa::212:740a:a:a0a: icmp_seq=93 ttl=62 time=92.7 ms
64 bytes from aaaa::212:740a:a:a0a: icmp_seq=94 ttl=62 time=88.8 ms
64 bytes from aaaa::212:740a:a:a0a: icmp_seq=95 ttl=62 time=81.8 ms
64 bytes from aaaa::212:740a:a:a0a: icmp_seq=105 ttl=62 time=176 ms
64 bytes from aaaa::212:740a:a:a0a: icmp_seq=107 ttl=62 time=122 ms
64 bytes from aaaa::212:740a:a:a0a: icmp_seq=108 ttl=62 time=118 ms
64 bytes from aaaa::212:740a:a:a0a: icmp_seq=119 ttl=62 time=116 ms
64 bytes from aaaa::212:740a:a:a0a: icmp_seq=120 ttl=62 time=98.1 ms
64 bytes from aaaa::212:740a:a:a0a: icmp_seq=121 ttl=62 time=181 ms
64 bytes from aaaa::212:740a:a:a0a: icmp_seq=122 ttl=62 time=97.2 ms
64 bytes from aaaa::212:740a:a:a0a: icmp_seq=123 ttl=62 time=89.1 ms
64 bytes from aaaa::212:740a:a:a0a: icmp_seq=124 ttl=62 time=91.5 ms
64 bytes from aaaa::212:740a:a:a0a: icmp_seq=125 ttl=62 time=103 ms
64 bytes from aaaa::212:740a:a:a0a: icmp_seq=127 ttl=62 time=86.3 ms
64 bytes from aaaa::212:740a:a:a0a: icmp_seq=129 ttl=62 time=322 ms
64 bytes from aaaa::212:740a:a:a0a: icmp_seq=145 ttl=62 time=98.7 ms
64 bytes from aaaa::212:740a:a:a0a: icmp_seq=150 ttl=62 time=111 ms
64 bytes from aaaa::212:740a:a:a0a: icmp_seq=153 ttl=62 time=105 ms
64 bytes from aaaa::212:740a:a:a0a: icmp_seq=160 ttl=62 time=195 ms
64 bytes from aaaa::212:740a:a:a0a: icmp_seq=161 ttl=62 time=87.9 ms
64 bytes from aaaa::212:740a:a:a0a: icmp_seq=162 ttl=62 time=97.8 ms
64 bytes from aaaa::212:740a:a:a0a: icmp_seq=163 ttl=62 time=77.2 ms
64 bytes from aaaa::212:740a:a:a0a: icmp_seq=165 ttl=62 time=90.3 ms
64 bytes from aaaa::212:740a:a:a0a: icmp_seq=166 ttl=62 time=99.6 ms
64 bytes from aaaa::212:740a:a:a0a: icmp_seq=167 ttl=62 time=80.2 ms
64 bytes from aaaa::212:740a:a:a0a: icmp_seq=168 ttl=62 time=97.0 ms
64 bytes from aaaa::212:740a:a:a0a: icmp_seq=169 ttl=62 time=100 ms
64 bytes from aaaa::212:740a:a:a0a: icmp_seq=170 ttl=62 time=94.2 ms
64 bytes from aaaa::212:740a:a:a0a: icmp_seq=171 ttl=62 time=85.3 ms
64 bytes from aaaa::212:740a:a:a0a: icmp_seq=172 ttl=62 time=100 ms
64 bytes from aaaa::212:740a:a:a0a: icmp_seq=173 ttl=62 time=102 ms
64 bytes from aaaa::212:740a:a:a0a: icmp_seq=174 ttl=62 time=96.1 ms
64 bytes from aaaa::212:740a:a:a0a: icmp_seq=175 ttl=62 time=94.6 ms
64 bytes from aaaa::212:740a:a:a0a: icmp_seq=176 ttl=62 time=100 ms
64 bytes from aaaa::212:740a:a:a0a: icmp_seq=177 ttl=62 time=115 ms
64 bytes from aaaa::212:740a:a:a0a: icmp_seq=178 ttl=62 time=100 ms
64 bytes from aaaa::212:740a:a:a0a: icmp_seq=179 ttl=62 time=96.8 ms
64 bytes from aaaa::212:740a:a:a0a: icmp_seq=180 ttl=62 time=102 ms
64 bytes from aaaa::212:740a:a:a0a: icmp_seq=181 ttl=62 time=94.4 ms
64 bytes from aaaa::212:740a:a:a0a: icmp_seq=182 ttl=62 time=88.4 ms
64 bytes from aaaa::212:740a:a:a0a: icmp_seq=183 ttl=62 time=101 ms
64 bytes from aaaa::212:740a:a:a0a: icmp_seq=184 ttl=62 time=79.5 ms
64 bytes from aaaa::212:740a:a:a0a: icmp_seq=185 ttl=62 time=105 ms
64 bytes from aaaa::212:740a:a:a0a: icmp_seq=194 ttl=62 time=105 ms
64 bytes from aaaa::212:740a:a:a0a: icmp_seq=195 ttl=62 time=95.4 ms
64 bytes from aaaa::212:740a:a:a0a: icmp_seq=196 ttl=62 time=92.6 ms
64 bytes from aaaa::212:740a:a:a0a: icmp_seq=197 ttl=62 time=116 ms
64 bytes from aaaa::212:740a:a:a0a: icmp_seq=198 ttl=62 time=117 ms
64 bytes from aaaa::212:740a:a:a0a: icmp_seq=199 ttl=62 time=89.8 ms
64 bytes from aaaa::212:740a:a:a0a: icmp_seq=200 ttl=62 time=91.8 ms

--- aaaa::212:740a:a:a0a ping statistics ---
200 packets transmitted, 90 received, 55% packet loss, time 1010158ms
rtt min/avg/max/mdev = 75.310/111.884/322.082/37.976 ms
