PING aaaa::212:7403:3:303(aaaa::212:7403:3:303) 56 data bytes
64 bytes from aaaa::212:7403:3:303: icmp_seq=1 ttl=63 time=45.0 ms
64 bytes from aaaa::212:7403:3:303: icmp_seq=2 ttl=63 time=63.4 ms
64 bytes from aaaa::212:7403:3:303: icmp_seq=3 ttl=63 time=127 ms
64 bytes from aaaa::212:7403:3:303: icmp_seq=5 ttl=63 time=69.8 ms
64 bytes from aaaa::212:7403:3:303: icmp_seq=6 ttl=63 time=97.1 ms
64 bytes from aaaa::212:7403:3:303: icmp_seq=9 ttl=63 time=66.0 ms
64 bytes from aaaa::212:7403:3:303: icmp_seq=13 ttl=63 time=87.5 ms
64 bytes from aaaa::212:7403:3:303: icmp_seq=15 ttl=63 time=84.0 ms
64 bytes from aaaa::212:7403:3:303: icmp_seq=16 ttl=63 time=78.9 ms
64 bytes from aaaa::212:7403:3:303: icmp_seq=23 ttl=63 time=78.5 ms
64 bytes from aaaa::212:7403:3:303: icmp_seq=24 ttl=63 time=67.2 ms
64 bytes from aaaa::212:7403:3:303: icmp_seq=25 ttl=63 time=51.2 ms
64 bytes from aaaa::212:7403:3:303: icmp_seq=26 ttl=63 time=74.0 ms
64 bytes from aaaa::212:7403:3:303: icmp_seq=27 ttl=63 time=62.1 ms
64 bytes from aaaa::212:7403:3:303: icmp_seq=28 ttl=63 time=67.4 ms
64 bytes from aaaa::212:7403:3:303: icmp_seq=29 ttl=63 time=70.9 ms
64 bytes from aaaa::212:7403:3:303: icmp_seq=30 ttl=63 time=168 ms
64 bytes from aaaa::212:7403:3:303: icmp_seq=31 ttl=63 time=93.9 ms
64 bytes from aaaa::212:7403:3:303: icmp_seq=32 ttl=63 time=140 ms
64 bytes from aaaa::212:7403:3:303: icmp_seq=33 ttl=63 time=87.2 ms
64 bytes from aaaa::212:7403:3:303: icmp_seq=34 ttl=63 time=43.7 ms
64 bytes from aaaa::212:7403:3:303: icmp_seq=35 ttl=63 time=95.1 ms
64 bytes from aaaa::212:7403:3:303: icmp_seq=36 ttl=63 time=57.5 ms
64 bytes from aaaa::212:7403:3:303: icmp_seq=37 ttl=63 time=52.1 ms
64 bytes from aaaa::212:7403:3:303: icmp_seq=38 ttl=63 time=71.1 ms
64 bytes from aaaa::212:7403:3:303: icmp_seq=39 ttl=63 time=76.2 ms
64 bytes from aaaa::212:7403:3:303: icmp_seq=40 ttl=63 time=69.8 ms
64 bytes from aaaa::212:7403:3:303: icmp_seq=41 ttl=63 time=82.0 ms
64 bytes from aaaa::212:7403:3:303: icmp_seq=42 ttl=63 time=58.0 ms
64 bytes from aaaa::212:7403:3:303: icmp_seq=43 ttl=63 time=59.4 ms
64 bytes from aaaa::212:7403:3:303: icmp_seq=44 ttl=63 time=46.5 ms
64 bytes from aaaa::212:7403:3:303: icmp_seq=45 ttl=63 time=109 ms
64 bytes from aaaa::212:7403:3:303: icmp_seq=46 ttl=63 time=29.9 ms
64 bytes from aaaa::212:7403:3:303: icmp_seq=47 ttl=63 time=69.7 ms
64 bytes from aaaa::212:7403:3:303: icmp_seq=48 ttl=63 time=74.4 ms
64 bytes from aaaa::212:7403:3:303: icmp_seq=49 ttl=63 time=38.6 ms
64 bytes from aaaa::212:7403:3:303: icmp_seq=50 ttl=63 time=119 ms
64 bytes from aaaa::212:7403:3:303: icmp_seq=51 ttl=63 time=48.7 ms
64 bytes from aaaa::212:7403:3:303: icmp_seq=52 ttl=63 time=63.3 ms
64 bytes from aaaa::212:7403:3:303: icmp_seq=53 ttl=63 time=98.3 ms
64 bytes from aaaa::212:7403:3:303: icmp_seq=54 ttl=63 time=75.5 ms
64 bytes from aaaa::212:7403:3:303: icmp_seq=55 ttl=63 time=45.3 ms
64 bytes from aaaa::212:7403:3:303: icmp_seq=56 ttl=63 time=58.2 ms
64 bytes from aaaa::212:7403:3:303: icmp_seq=64 ttl=63 time=144 ms
64 bytes from aaaa::212:7403:3:303: icmp_seq=65 ttl=63 time=82.7 ms
64 bytes from aaaa::212:7403:3:303: icmp_seq=66 ttl=63 time=200 ms
64 bytes from aaaa::212:7403:3:303: icmp_seq=69 ttl=63 time=160 ms
64 bytes from aaaa::212:7403:3:303: icmp_seq=71 ttl=63 time=80.0 ms
64 bytes from aaaa::212:7403:3:303: icmp_seq=72 ttl=63 time=64.2 ms
64 bytes from aaaa::212:7403:3:303: icmp_seq=74 ttl=63 time=92.0 ms
64 bytes from aaaa::212:7403:3:303: icmp_seq=75 ttl=63 time=52.3 ms
64 bytes from aaaa::212:7403:3:303: icmp_seq=80 ttl=63 time=52.9 ms
64 bytes from aaaa::212:7403:3:303: icmp_seq=81 ttl=63 time=88.0 ms
64 bytes from aaaa::212:7403:3:303: icmp_seq=83 ttl=63 time=62.7 ms
64 bytes from aaaa::212:7403:3:303: icmp_seq=84 ttl=63 time=94.6 ms
64 bytes from aaaa::212:7403:3:303: icmp_seq=85 ttl=63 time=71.4 ms
64 bytes from aaaa::212:7403:3:303: icmp_seq=86 ttl=63 time=50.5 ms
64 bytes from aaaa::212:7403:3:303: icmp_seq=87 ttl=63 time=41.7 ms
64 bytes from aaaa::212:7403:3:303: icmp_seq=88 ttl=63 time=103 ms
64 bytes from aaaa::212:7403:3:303: icmp_seq=89 ttl=63 time=56.4 ms
64 bytes from aaaa::212:7403:3:303: icmp_seq=90 ttl=63 time=76.5 ms
64 bytes from aaaa::212:7403:3:303: icmp_seq=91 ttl=63 time=65.2 ms
64 bytes from aaaa::212:7403:3:303: icmp_seq=92 ttl=63 time=50.5 ms
64 bytes from aaaa::212:7403:3:303: icmp_seq=93 ttl=63 time=36.9 ms
64 bytes from aaaa::212:7403:3:303: icmp_seq=96 ttl=63 time=83.9 ms
64 bytes from aaaa::212:7403:3:303: icmp_seq=100 ttl=63 time=50.9 ms
64 bytes from aaaa::212:7403:3:303: icmp_seq=101 ttl=63 time=36.8 ms
64 bytes from aaaa::212:7403:3:303: icmp_seq=102 ttl=63 time=41.4 ms
64 bytes from aaaa::212:7403:3:303: icmp_seq=103 ttl=63 time=46.7 ms
64 bytes from aaaa::212:7403:3:303: icmp_seq=104 ttl=63 time=31.8 ms
64 bytes from aaaa::212:7403:3:303: icmp_seq=105 ttl=63 time=43.1 ms
64 bytes from aaaa::212:7403:3:303: icmp_seq=106 ttl=63 time=51.4 ms
64 bytes from aaaa::212:7403:3:303: icmp_seq=107 ttl=63 time=54.0 ms
64 bytes from aaaa::212:7403:3:303: icmp_seq=108 ttl=63 time=46.3 ms
64 bytes from aaaa::212:7403:3:303: icmp_seq=109 ttl=63 time=38.9 ms
64 bytes from aaaa::212:7403:3:303: icmp_seq=110 ttl=63 time=28.7 ms
64 bytes from aaaa::212:7403:3:303: icmp_seq=111 ttl=63 time=47.8 ms
64 bytes from aaaa::212:7403:3:303: icmp_seq=112 ttl=63 time=44.6 ms
64 bytes from aaaa::212:7403:3:303: icmp_seq=113 ttl=63 time=49.8 ms
64 bytes from aaaa::212:7403:3:303: icmp_seq=114 ttl=63 time=53.4 ms
64 bytes from aaaa::212:7403:3:303: icmp_seq=115 ttl=63 time=55.8 ms
64 bytes from aaaa::212:7403:3:303: icmp_seq=116 ttl=63 time=50.6 ms
64 bytes from aaaa::212:7403:3:303: icmp_seq=117 ttl=63 time=37.5 ms
64 bytes from aaaa::212:7403:3:303: icmp_seq=118 ttl=63 time=33.3 ms
64 bytes from aaaa::212:7403:3:303: icmp_seq=119 ttl=63 time=54.4 ms
64 bytes from aaaa::212:7403:3:303: icmp_seq=120 ttl=63 time=89.6 ms
64 bytes from aaaa::212:7403:3:303: icmp_seq=121 ttl=63 time=49.1 ms
64 bytes from aaaa::212:7403:3:303: icmp_seq=122 ttl=63 time=44.2 ms
64 bytes from aaaa::212:7403:3:303: icmp_seq=123 ttl=63 time=56.5 ms
64 bytes from aaaa::212:7403:3:303: icmp_seq=124 ttl=63 time=43.2 ms
64 bytes from aaaa::212:7403:3:303: icmp_seq=125 ttl=63 time=44.4 ms
64 bytes from aaaa::212:7403:3:303: icmp_seq=126 ttl=63 time=35.3 ms
64 bytes from aaaa::212:7403:3:303: icmp_seq=127 ttl=63 time=45.2 ms
64 bytes from aaaa::212:7403:3:303: icmp_seq=128 ttl=63 time=43.2 ms
64 bytes from aaaa::212:7403:3:303: icmp_seq=129 ttl=63 time=44.1 ms
64 bytes from aaaa::212:7403:3:303: icmp_seq=130 ttl=63 time=39.1 ms
64 bytes from aaaa::212:7403:3:303: icmp_seq=131 ttl=63 time=45.5 ms
64 bytes from aaaa::212:7403:3:303: icmp_seq=132 ttl=63 time=40.6 ms
64 bytes from aaaa::212:7403:3:303: icmp_seq=133 ttl=63 time=35.9 ms
64 bytes from aaaa::212:7403:3:303: icmp_seq=134 ttl=63 time=34.3 ms
64 bytes from aaaa::212:7403:3:303: icmp_seq=135 ttl=63 time=28.7 ms
64 bytes from aaaa::212:7403:3:303: icmp_seq=136 ttl=63 time=50.2 ms
64 bytes from aaaa::212:7403:3:303: icmp_seq=137 ttl=63 time=43.6 ms
64 bytes from aaaa::212:7403:3:303: icmp_seq=138 ttl=63 time=41.2 ms
64 bytes from aaaa::212:7403:3:303: icmp_seq=139 ttl=63 time=52.8 ms
64 bytes from aaaa::212:7403:3:303: icmp_seq=140 ttl=63 time=38.0 ms
64 bytes from aaaa::212:7403:3:303: icmp_seq=141 ttl=63 time=31.4 ms
64 bytes from aaaa::212:7403:3:303: icmp_seq=142 ttl=63 time=40.0 ms
64 bytes from aaaa::212:7403:3:303: icmp_seq=143 ttl=63 time=50.3 ms
64 bytes from aaaa::212:7403:3:303: icmp_seq=144 ttl=63 time=39.2 ms
64 bytes from aaaa::212:7403:3:303: icmp_seq=145 ttl=63 time=39.1 ms
64 bytes from aaaa::212:7403:3:303: icmp_seq=146 ttl=63 time=50.1 ms
64 bytes from aaaa::212:7403:3:303: icmp_seq=147 ttl=63 time=45.5 ms
64 bytes from aaaa::212:7403:3:303: icmp_seq=148 ttl=63 time=49.3 ms
64 bytes from aaaa::212:7403:3:303: icmp_seq=149 ttl=63 time=44.3 ms
64 bytes from aaaa::212:7403:3:303: icmp_seq=150 ttl=63 time=33.8 ms
64 bytes from aaaa::212:7403:3:303: icmp_seq=151 ttl=63 time=46.5 ms
64 bytes from aaaa::212:7403:3:303: icmp_seq=152 ttl=63 time=55.6 ms
64 bytes from aaaa::212:7403:3:303: icmp_seq=153 ttl=63 time=44.8 ms
64 bytes from aaaa::212:7403:3:303: icmp_seq=154 ttl=63 time=82.7 ms
64 bytes from aaaa::212:7403:3:303: icmp_seq=155 ttl=63 time=50.4 ms
64 bytes from aaaa::212:7403:3:303: icmp_seq=156 ttl=63 time=40.6 ms
64 bytes from aaaa::212:7403:3:303: icmp_seq=157 ttl=63 time=59.0 ms
64 bytes from aaaa::212:7403:3:303: icmp_seq=158 ttl=63 time=33.7 ms
64 bytes from aaaa::212:7403:3:303: icmp_seq=159 ttl=63 time=48.6 ms
64 bytes from aaaa::212:7403:3:303: icmp_seq=160 ttl=63 time=65.8 ms
64 bytes from aaaa::212:7403:3:303: icmp_seq=161 ttl=63 time=49.7 ms
64 bytes from aaaa::212:7403:3:303: icmp_seq=162 ttl=63 time=43.7 ms
64 bytes from aaaa::212:7403:3:303: icmp_seq=163 ttl=63 time=38.8 ms
64 bytes from aaaa::212:7403:3:303: icmp_seq=164 ttl=63 time=88.1 ms
64 bytes from aaaa::212:7403:3:303: icmp_seq=165 ttl=63 time=36.7 ms
64 bytes from aaaa::212:7403:3:303: icmp_seq=166 ttl=63 time=30.2 ms
64 bytes from aaaa::212:7403:3:303: icmp_seq=167 ttl=63 time=49.1 ms
64 bytes from aaaa::212:7403:3:303: icmp_seq=168 ttl=63 time=38.3 ms
64 bytes from aaaa::212:7403:3:303: icmp_seq=169 ttl=63 time=46.6 ms
64 bytes from aaaa::212:7403:3:303: icmp_seq=170 ttl=63 time=43.1 ms
64 bytes from aaaa::212:7403:3:303: icmp_seq=171 ttl=63 time=41.0 ms
64 bytes from aaaa::212:7403:3:303: icmp_seq=172 ttl=63 time=38.0 ms
64 bytes from aaaa::212:7403:3:303: icmp_seq=173 ttl=63 time=40.0 ms
64 bytes from aaaa::212:7403:3:303: icmp_seq=174 ttl=63 time=31.8 ms
64 bytes from aaaa::212:7403:3:303: icmp_seq=175 ttl=63 time=40.3 ms
64 bytes from aaaa::212:7403:3:303: icmp_seq=176 ttl=63 time=50.8 ms
64 bytes from aaaa::212:7403:3:303: icmp_seq=177 ttl=63 time=38.9 ms
64 bytes from aaaa::212:7403:3:303: icmp_seq=178 ttl=63 time=52.7 ms
64 bytes from aaaa::212:7403:3:303: icmp_seq=179 ttl=63 time=32.7 ms
64 bytes from aaaa::212:7403:3:303: icmp_seq=180 ttl=63 time=39.1 ms
64 bytes from aaaa::212:7403:3:303: icmp_seq=181 ttl=63 time=49.7 ms
64 bytes from aaaa::212:7403:3:303: icmp_seq=182 ttl=63 time=35.2 ms
64 bytes from aaaa::212:7403:3:303: icmp_seq=183 ttl=63 time=51.6 ms
64 bytes from aaaa::212:7403:3:303: icmp_seq=184 ttl=63 time=40.0 ms
64 bytes from aaaa::212:7403:3:303: icmp_seq=185 ttl=63 time=32.1 ms
64 bytes from aaaa::212:7403:3:303: icmp_seq=186 ttl=63 time=58.0 ms
64 bytes from aaaa::212:7403:3:303: icmp_seq=187 ttl=63 time=47.8 ms
64 bytes from aaaa::212:7403:3:303: icmp_seq=188 ttl=63 time=43.0 ms
64 bytes from aaaa::212:7403:3:303: icmp_seq=189 ttl=63 time=33.9 ms
64 bytes from aaaa::212:7403:3:303: icmp_seq=190 ttl=63 time=47.5 ms
64 bytes from aaaa::212:7403:3:303: icmp_seq=191 ttl=63 time=41.1 ms
64 bytes from aaaa::212:7403:3:303: icmp_seq=192 ttl=63 time=29.8 ms
64 bytes from aaaa::212:7403:3:303: icmp_seq=193 ttl=63 time=28.8 ms
64 bytes from aaaa::212:7403:3:303: icmp_seq=194 ttl=63 time=39.8 ms
64 bytes from aaaa::212:7403:3:303: icmp_seq=195 ttl=63 time=35.0 ms
64 bytes from aaaa::212:7403:3:303: icmp_seq=196 ttl=63 time=31.3 ms
64 bytes from aaaa::212:7403:3:303: icmp_seq=197 ttl=63 time=31.4 ms
64 bytes from aaaa::212:7403:3:303: icmp_seq=198 ttl=63 time=36.4 ms
64 bytes from aaaa::212:7403:3:303: icmp_seq=199 ttl=63 time=44.9 ms
64 bytes from aaaa::212:7403:3:303: icmp_seq=200 ttl=63 time=41.3 ms

--- aaaa::212:7403:3:303 ping statistics ---
200 packets transmitted, 166 received, 17% packet loss, time 1000359ms
rtt min/avg/max/mdev = 28.725/57.251/200.945/27.118 ms
