PING aaaa::212:7406:6:606(aaaa::212:7406:6:606) 56 data bytes
64 bytes from aaaa::212:7406:6:606: icmp_seq=1 ttl=62 time=151 ms
64 bytes from aaaa::212:7406:6:606: icmp_seq=2 ttl=62 time=143 ms
64 bytes from aaaa::212:7406:6:606: icmp_seq=3 ttl=62 time=340 ms
64 bytes from aaaa::212:7406:6:606: icmp_seq=4 ttl=62 time=267 ms
64 bytes from aaaa::212:7406:6:606: icmp_seq=5 ttl=62 time=215 ms
64 bytes from aaaa::212:7406:6:606: icmp_seq=6 ttl=62 time=143 ms
64 bytes from aaaa::212:7406:6:606: icmp_seq=7 ttl=62 time=238 ms
64 bytes from aaaa::212:7406:6:606: icmp_seq=8 ttl=62 time=470 ms
64 bytes from aaaa::212:7406:6:606: icmp_seq=9 ttl=62 time=357 ms
64 bytes from aaaa::212:7406:6:606: icmp_seq=10 ttl=62 time=448 ms
64 bytes from aaaa::212:7406:6:606: icmp_seq=12 ttl=62 time=336 ms
64 bytes from aaaa::212:7406:6:606: icmp_seq=13 ttl=62 time=148 ms
64 bytes from aaaa::212:7406:6:606: icmp_seq=14 ttl=62 time=268 ms
64 bytes from aaaa::212:7406:6:606: icmp_seq=15 ttl=62 time=119 ms
64 bytes from aaaa::212:7406:6:606: icmp_seq=16 ttl=62 time=262 ms
64 bytes from aaaa::212:7406:6:606: icmp_seq=17 ttl=62 time=627 ms
64 bytes from aaaa::212:7406:6:606: icmp_seq=18 ttl=62 time=233 ms
64 bytes from aaaa::212:7406:6:606: icmp_seq=37 ttl=62 time=249 ms
64 bytes from aaaa::212:7406:6:606: icmp_seq=38 ttl=62 time=248 ms
64 bytes from aaaa::212:7406:6:606: icmp_seq=39 ttl=62 time=127 ms
64 bytes from aaaa::212:7406:6:606: icmp_seq=40 ttl=62 time=109 ms
64 bytes from aaaa::212:7406:6:606: icmp_seq=41 ttl=62 time=175 ms
64 bytes from aaaa::212:7406:6:606: icmp_seq=42 ttl=62 time=132 ms
64 bytes from aaaa::212:7406:6:606: icmp_seq=43 ttl=62 time=144 ms
64 bytes from aaaa::212:7406:6:606: icmp_seq=44 ttl=62 time=173 ms
64 bytes from aaaa::212:7406:6:606: icmp_seq=45 ttl=62 time=117 ms
64 bytes from aaaa::212:7406:6:606: icmp_seq=46 ttl=62 time=115 ms
64 bytes from aaaa::212:7406:6:606: icmp_seq=47 ttl=62 time=102 ms
64 bytes from aaaa::212:7406:6:606: icmp_seq=48 ttl=62 time=125 ms
64 bytes from aaaa::212:7406:6:606: icmp_seq=49 ttl=62 time=190 ms
64 bytes from aaaa::212:7406:6:606: icmp_seq=50 ttl=62 time=102 ms
64 bytes from aaaa::212:7406:6:606: icmp_seq=51 ttl=62 time=114 ms
64 bytes from aaaa::212:7406:6:606: icmp_seq=52 ttl=62 time=112 ms
64 bytes from aaaa::212:7406:6:606: icmp_seq=53 ttl=62 time=122 ms
64 bytes from aaaa::212:7406:6:606: icmp_seq=54 ttl=62 time=103 ms
64 bytes from aaaa::212:7406:6:606: icmp_seq=55 ttl=62 time=113 ms
64 bytes from aaaa::212:7406:6:606: icmp_seq=56 ttl=62 time=135 ms
64 bytes from aaaa::212:7406:6:606: icmp_seq=57 ttl=62 time=89.5 ms
64 bytes from aaaa::212:7406:6:606: icmp_seq=58 ttl=62 time=109 ms
64 bytes from aaaa::212:7406:6:606: icmp_seq=59 ttl=62 time=123 ms
64 bytes from aaaa::212:7406:6:606: icmp_seq=60 ttl=62 time=88.2 ms
64 bytes from aaaa::212:7406:6:606: icmp_seq=61 ttl=62 time=159 ms
64 bytes from aaaa::212:7406:6:606: icmp_seq=62 ttl=62 time=122 ms
64 bytes from aaaa::212:7406:6:606: icmp_seq=63 ttl=62 time=331 ms
64 bytes from aaaa::212:7406:6:606: icmp_seq=64 ttl=62 time=98.6 ms
64 bytes from aaaa::212:7406:6:606: icmp_seq=65 ttl=62 time=126 ms
64 bytes from aaaa::212:7406:6:606: icmp_seq=66 ttl=62 time=95.2 ms
64 bytes from aaaa::212:7406:6:606: icmp_seq=67 ttl=62 time=127 ms
64 bytes from aaaa::212:7406:6:606: icmp_seq=68 ttl=62 time=86.3 ms
64 bytes from aaaa::212:7406:6:606: icmp_seq=69 ttl=62 time=116 ms
64 bytes from aaaa::212:7406:6:606: icmp_seq=70 ttl=62 time=127 ms
64 bytes from aaaa::212:7406:6:606: icmp_seq=71 ttl=62 time=111 ms
64 bytes from aaaa::212:7406:6:606: icmp_seq=72 ttl=62 time=104 ms
64 bytes from aaaa::212:7406:6:606: icmp_seq=73 ttl=62 time=115 ms
64 bytes from aaaa::212:7406:6:606: icmp_seq=74 ttl=62 time=102 ms
64 bytes from aaaa::212:7406:6:606: icmp_seq=75 ttl=62 time=100 ms
64 bytes from aaaa::212:7406:6:606: icmp_seq=76 ttl=62 time=122 ms
64 bytes from aaaa::212:7406:6:606: icmp_seq=77 ttl=62 time=134 ms
64 bytes from aaaa::212:7406:6:606: icmp_seq=78 ttl=62 time=165 ms
64 bytes from aaaa::212:7406:6:606: icmp_seq=79 ttl=62 time=123 ms
64 bytes from aaaa::212:7406:6:606: icmp_seq=80 ttl=62 time=118 ms
64 bytes from aaaa::212:7406:6:606: icmp_seq=81 ttl=62 time=203 ms
64 bytes from aaaa::212:7406:6:606: icmp_seq=82 ttl=62 time=258 ms
64 bytes from aaaa::212:7406:6:606: icmp_seq=83 ttl=62 time=213 ms
64 bytes from aaaa::212:7406:6:606: icmp_seq=84 ttl=62 time=113 ms
64 bytes from aaaa::212:7406:6:606: icmp_seq=85 ttl=62 time=115 ms
64 bytes from aaaa::212:7406:6:606: icmp_seq=86 ttl=62 time=131 ms
64 bytes from aaaa::212:7406:6:606: icmp_seq=87 ttl=62 time=107 ms
64 bytes from aaaa::212:7406:6:606: icmp_seq=88 ttl=62 time=85.5 ms
64 bytes from aaaa::212:7406:6:606: icmp_seq=89 ttl=62 time=88.4 ms
64 bytes from aaaa::212:7406:6:606: icmp_seq=90 ttl=62 time=113 ms
64 bytes from aaaa::212:7406:6:606: icmp_seq=91 ttl=62 time=160 ms
64 bytes from aaaa::212:7406:6:606: icmp_seq=92 ttl=62 time=150 ms
64 bytes from aaaa::212:7406:6:606: icmp_seq=93 ttl=62 time=94.9 ms
64 bytes from aaaa::212:7406:6:606: icmp_seq=94 ttl=62 time=104 ms
64 bytes from aaaa::212:7406:6:606: icmp_seq=95 ttl=62 time=108 ms
64 bytes from aaaa::212:7406:6:606: icmp_seq=96 ttl=62 time=112 ms
64 bytes from aaaa::212:7406:6:606: icmp_seq=97 ttl=62 time=104 ms
64 bytes from aaaa::212:7406:6:606: icmp_seq=98 ttl=62 time=118 ms
64 bytes from aaaa::212:7406:6:606: icmp_seq=99 ttl=62 time=106 ms
64 bytes from aaaa::212:7406:6:606: icmp_seq=100 ttl=62 time=116 ms
64 bytes from aaaa::212:7406:6:606: icmp_seq=101 ttl=62 time=253 ms
64 bytes from aaaa::212:7406:6:606: icmp_seq=102 ttl=62 time=116 ms
64 bytes from aaaa::212:7406:6:606: icmp_seq=103 ttl=62 time=186 ms
64 bytes from aaaa::212:7406:6:606: icmp_seq=104 ttl=62 time=185 ms
64 bytes from aaaa::212:7406:6:606: icmp_seq=105 ttl=62 time=109 ms
64 bytes from aaaa::212:7406:6:606: icmp_seq=106 ttl=62 time=122 ms
64 bytes from aaaa::212:7406:6:606: icmp_seq=107 ttl=62 time=111 ms
64 bytes from aaaa::212:7406:6:606: icmp_seq=108 ttl=62 time=101 ms
64 bytes from aaaa::212:7406:6:606: icmp_seq=109 ttl=62 time=89.8 ms
64 bytes from aaaa::212:7406:6:606: icmp_seq=110 ttl=62 time=96.0 ms
64 bytes from aaaa::212:7406:6:606: icmp_seq=111 ttl=62 time=108 ms
64 bytes from aaaa::212:7406:6:606: icmp_seq=112 ttl=62 time=104 ms
64 bytes from aaaa::212:7406:6:606: icmp_seq=113 ttl=62 time=161 ms
64 bytes from aaaa::212:7406:6:606: icmp_seq=114 ttl=62 time=92.8 ms
64 bytes from aaaa::212:7406:6:606: icmp_seq=115 ttl=62 time=113 ms
64 bytes from aaaa::212:7406:6:606: icmp_seq=116 ttl=62 time=93.6 ms
64 bytes from aaaa::212:7406:6:606: icmp_seq=117 ttl=62 time=114 ms
64 bytes from aaaa::212:7406:6:606: icmp_seq=118 ttl=62 time=96.8 ms
64 bytes from aaaa::212:7406:6:606: icmp_seq=119 ttl=62 time=129 ms
64 bytes from aaaa::212:7406:6:606: icmp_seq=120 ttl=62 time=121 ms
64 bytes from aaaa::212:7406:6:606: icmp_seq=121 ttl=62 time=128 ms
64 bytes from aaaa::212:7406:6:606: icmp_seq=122 ttl=62 time=118 ms
64 bytes from aaaa::212:7406:6:606: icmp_seq=123 ttl=62 time=152 ms
64 bytes from aaaa::212:7406:6:606: icmp_seq=124 ttl=62 time=97.2 ms
64 bytes from aaaa::212:7406:6:606: icmp_seq=125 ttl=62 time=95.8 ms
64 bytes from aaaa::212:7406:6:606: icmp_seq=126 ttl=62 time=119 ms
64 bytes from aaaa::212:7406:6:606: icmp_seq=127 ttl=62 time=120 ms
64 bytes from aaaa::212:7406:6:606: icmp_seq=128 ttl=62 time=104 ms
64 bytes from aaaa::212:7406:6:606: icmp_seq=129 ttl=62 time=107 ms
64 bytes from aaaa::212:7406:6:606: icmp_seq=130 ttl=62 time=125 ms
64 bytes from aaaa::212:7406:6:606: icmp_seq=131 ttl=62 time=132 ms
64 bytes from aaaa::212:7406:6:606: icmp_seq=132 ttl=62 time=115 ms
64 bytes from aaaa::212:7406:6:606: icmp_seq=133 ttl=62 time=89.6 ms
64 bytes from aaaa::212:7406:6:606: icmp_seq=134 ttl=62 time=99.2 ms
64 bytes from aaaa::212:7406:6:606: icmp_seq=135 ttl=62 time=211 ms
64 bytes from aaaa::212:7406:6:606: icmp_seq=136 ttl=62 time=154 ms
64 bytes from aaaa::212:7406:6:606: icmp_seq=137 ttl=62 time=119 ms
64 bytes from aaaa::212:7406:6:606: icmp_seq=138 ttl=62 time=106 ms
64 bytes from aaaa::212:7406:6:606: icmp_seq=139 ttl=62 time=122 ms
64 bytes from aaaa::212:7406:6:606: icmp_seq=140 ttl=62 time=94.4 ms
64 bytes from aaaa::212:7406:6:606: icmp_seq=141 ttl=62 time=120 ms
64 bytes from aaaa::212:7406:6:606: icmp_seq=142 ttl=62 time=115 ms
64 bytes from aaaa::212:7406:6:606: icmp_seq=143 ttl=62 time=110 ms
64 bytes from aaaa::212:7406:6:606: icmp_seq=144 ttl=62 time=113 ms
64 bytes from aaaa::212:7406:6:606: icmp_seq=145 ttl=62 time=220 ms
64 bytes from aaaa::212:7406:6:606: icmp_seq=146 ttl=62 time=114 ms
64 bytes from aaaa::212:7406:6:606: icmp_seq=147 ttl=62 time=108 ms
64 bytes from aaaa::212:7406:6:606: icmp_seq=148 ttl=62 time=120 ms
64 bytes from aaaa::212:7406:6:606: icmp_seq=149 ttl=62 time=138 ms
64 bytes from aaaa::212:7406:6:606: icmp_seq=150 ttl=62 time=149 ms
64 bytes from aaaa::212:7406:6:606: icmp_seq=151 ttl=62 time=112 ms
64 bytes from aaaa::212:7406:6:606: icmp_seq=152 ttl=62 time=115 ms
64 bytes from aaaa::212:7406:6:606: icmp_seq=153 ttl=62 time=88.6 ms
64 bytes from aaaa::212:7406:6:606: icmp_seq=154 ttl=62 time=97.4 ms
64 bytes from aaaa::212:7406:6:606: icmp_seq=155 ttl=62 time=115 ms
64 bytes from aaaa::212:7406:6:606: icmp_seq=156 ttl=62 time=90.2 ms
64 bytes from aaaa::212:7406:6:606: icmp_seq=157 ttl=62 time=125 ms
64 bytes from aaaa::212:7406:6:606: icmp_seq=158 ttl=62 time=95.2 ms
64 bytes from aaaa::212:7406:6:606: icmp_seq=159 ttl=62 time=119 ms
64 bytes from aaaa::212:7406:6:606: icmp_seq=160 ttl=62 time=115 ms
64 bytes from aaaa::212:7406:6:606: icmp_seq=161 ttl=62 time=92.3 ms
64 bytes from aaaa::212:7406:6:606: icmp_seq=162 ttl=62 time=93.7 ms
64 bytes from aaaa::212:7406:6:606: icmp_seq=163 ttl=62 time=96.8 ms
64 bytes from aaaa::212:7406:6:606: icmp_seq=164 ttl=62 time=119 ms
64 bytes from aaaa::212:7406:6:606: icmp_seq=165 ttl=62 time=88.7 ms
64 bytes from aaaa::212:7406:6:606: icmp_seq=166 ttl=62 time=105 ms
64 bytes from aaaa::212:7406:6:606: icmp_seq=167 ttl=62 time=103 ms
64 bytes from aaaa::212:7406:6:606: icmp_seq=168 ttl=62 time=129 ms
64 bytes from aaaa::212:7406:6:606: icmp_seq=169 ttl=62 time=91.4 ms
64 bytes from aaaa::212:7406:6:606: icmp_seq=170 ttl=62 time=186 ms
64 bytes from aaaa::212:7406:6:606: icmp_seq=171 ttl=62 time=106 ms
64 bytes from aaaa::212:7406:6:606: icmp_seq=172 ttl=62 time=112 ms
64 bytes from aaaa::212:7406:6:606: icmp_seq=173 ttl=62 time=102 ms
64 bytes from aaaa::212:7406:6:606: icmp_seq=174 ttl=62 time=120 ms
64 bytes from aaaa::212:7406:6:606: icmp_seq=175 ttl=62 time=124 ms
64 bytes from aaaa::212:7406:6:606: icmp_seq=176 ttl=62 time=88.1 ms
64 bytes from aaaa::212:7406:6:606: icmp_seq=177 ttl=62 time=97.5 ms
64 bytes from aaaa::212:7406:6:606: icmp_seq=178 ttl=62 time=121 ms
64 bytes from aaaa::212:7406:6:606: icmp_seq=179 ttl=62 time=96.1 ms
64 bytes from aaaa::212:7406:6:606: icmp_seq=180 ttl=62 time=119 ms
64 bytes from aaaa::212:7406:6:606: icmp_seq=181 ttl=62 time=94.3 ms
64 bytes from aaaa::212:7406:6:606: icmp_seq=182 ttl=62 time=96.2 ms
64 bytes from aaaa::212:7406:6:606: icmp_seq=183 ttl=62 time=140 ms
64 bytes from aaaa::212:7406:6:606: icmp_seq=184 ttl=62 time=115 ms
64 bytes from aaaa::212:7406:6:606: icmp_seq=185 ttl=62 time=111 ms
64 bytes from aaaa::212:7406:6:606: icmp_seq=186 ttl=62 time=128 ms
64 bytes from aaaa::212:7406:6:606: icmp_seq=187 ttl=62 time=112 ms
64 bytes from aaaa::212:7406:6:606: icmp_seq=188 ttl=62 time=109 ms
64 bytes from aaaa::212:7406:6:606: icmp_seq=189 ttl=62 time=97.5 ms
64 bytes from aaaa::212:7406:6:606: icmp_seq=190 ttl=62 time=98.5 ms
64 bytes from aaaa::212:7406:6:606: icmp_seq=191 ttl=62 time=117 ms
64 bytes from aaaa::212:7406:6:606: icmp_seq=192 ttl=62 time=118 ms
64 bytes from aaaa::212:7406:6:606: icmp_seq=193 ttl=62 time=99.8 ms
64 bytes from aaaa::212:7406:6:606: icmp_seq=194 ttl=62 time=98.4 ms
64 bytes from aaaa::212:7406:6:606: icmp_seq=195 ttl=62 time=117 ms
64 bytes from aaaa::212:7406:6:606: icmp_seq=196 ttl=62 time=85.8 ms
64 bytes from aaaa::212:7406:6:606: icmp_seq=197 ttl=62 time=116 ms
64 bytes from aaaa::212:7406:6:606: icmp_seq=198 ttl=62 time=119 ms
64 bytes from aaaa::212:7406:6:606: icmp_seq=199 ttl=62 time=135 ms
64 bytes from aaaa::212:7406:6:606: icmp_seq=200 ttl=62 time=116 ms

--- aaaa::212:7406:6:606 ping statistics ---
200 packets transmitted, 181 received, 9% packet loss, time 998311ms
rtt min/avg/max/mdev = 85.536/137.786/627.674/70.796 ms
