PING aaaa::212:7408:8:808(aaaa::212:7408:8:808) 56 data bytes
64 bytes from aaaa::212:7408:8:808: icmp_seq=1 ttl=60 time=488 ms
64 bytes from aaaa::212:7408:8:808: icmp_seq=2 ttl=60 time=604 ms
64 bytes from aaaa::212:7408:8:808: icmp_seq=3 ttl=60 time=434 ms
64 bytes from aaaa::212:7408:8:808: icmp_seq=4 ttl=60 time=604 ms
64 bytes from aaaa::212:7408:8:808: icmp_seq=5 ttl=60 time=352 ms
64 bytes from aaaa::212:7408:8:808: icmp_seq=6 ttl=60 time=1286 ms
64 bytes from aaaa::212:7408:8:808: icmp_seq=7 ttl=60 time=485 ms
64 bytes from aaaa::212:7408:8:808: icmp_seq=8 ttl=60 time=572 ms
64 bytes from aaaa::212:7408:8:808: icmp_seq=11 ttl=60 time=331 ms
64 bytes from aaaa::212:7408:8:808: icmp_seq=14 ttl=60 time=1117 ms
64 bytes from aaaa::212:7408:8:808: icmp_seq=15 ttl=60 time=348 ms
64 bytes from aaaa::212:7408:8:808: icmp_seq=18 ttl=60 time=1695 ms
64 bytes from aaaa::212:7408:8:808: icmp_seq=21 ttl=60 time=918 ms
64 bytes from aaaa::212:7408:8:808: icmp_seq=22 ttl=60 time=885 ms
64 bytes from aaaa::212:7408:8:808: icmp_seq=23 ttl=60 time=634 ms
64 bytes from aaaa::212:7408:8:808: icmp_seq=24 ttl=60 time=784 ms
64 bytes from aaaa::212:7408:8:808: icmp_seq=25 ttl=60 time=749 ms
64 bytes from aaaa::212:7408:8:808: icmp_seq=26 ttl=60 time=732 ms
64 bytes from aaaa::212:7408:8:808: icmp_seq=27 ttl=60 time=507 ms
64 bytes from aaaa::212:7408:8:808: icmp_seq=28 ttl=60 time=634 ms
64 bytes from aaaa::212:7408:8:808: icmp_seq=29 ttl=60 time=676 ms
64 bytes from aaaa::212:7408:8:808: icmp_seq=30 ttl=60 time=797 ms
64 bytes from aaaa::212:7408:8:808: icmp_seq=31 ttl=60 time=1134 ms
64 bytes from aaaa::212:7408:8:808: icmp_seq=33 ttl=60 time=622 ms
64 bytes from aaaa::212:7408:8:808: icmp_seq=34 ttl=60 time=598 ms
64 bytes from aaaa::212:7408:8:808: icmp_seq=35 ttl=60 time=447 ms
64 bytes from aaaa::212:7408:8:808: icmp_seq=36 ttl=60 time=310 ms
64 bytes from aaaa::212:7408:8:808: icmp_seq=37 ttl=60 time=345 ms
64 bytes from aaaa::212:7408:8:808: icmp_seq=38 ttl=60 time=308 ms
64 bytes from aaaa::212:7408:8:808: icmp_seq=39 ttl=60 time=322 ms
64 bytes from aaaa::212:7408:8:808: icmp_seq=40 ttl=60 time=316 ms
64 bytes from aaaa::212:7408:8:808: icmp_seq=42 ttl=60 time=309 ms
64 bytes from aaaa::212:7408:8:808: icmp_seq=43 ttl=60 time=338 ms
64 bytes from aaaa::212:7408:8:808: icmp_seq=44 ttl=60 time=497 ms
64 bytes from aaaa::212:7408:8:808: icmp_seq=45 ttl=60 time=396 ms
64 bytes from aaaa::212:7408:8:808: icmp_seq=46 ttl=60 time=323 ms
64 bytes from aaaa::212:7408:8:808: icmp_seq=47 ttl=60 time=403 ms
64 bytes from aaaa::212:7408:8:808: icmp_seq=48 ttl=60 time=497 ms
64 bytes from aaaa::212:7408:8:808: icmp_seq=49 ttl=60 time=273 ms
64 bytes from aaaa::212:7408:8:808: icmp_seq=50 ttl=60 time=343 ms
64 bytes from aaaa::212:7408:8:808: icmp_seq=51 ttl=60 time=394 ms
64 bytes from aaaa::212:7408:8:808: icmp_seq=52 ttl=60 time=413 ms
64 bytes from aaaa::212:7408:8:808: icmp_seq=54 ttl=60 time=310 ms
64 bytes from aaaa::212:7408:8:808: icmp_seq=55 ttl=60 time=325 ms
64 bytes from aaaa::212:7408:8:808: icmp_seq=56 ttl=60 time=311 ms
64 bytes from aaaa::212:7408:8:808: icmp_seq=57 ttl=60 time=268 ms
64 bytes from aaaa::212:7408:8:808: icmp_seq=58 ttl=60 time=382 ms
64 bytes from aaaa::212:7408:8:808: icmp_seq=59 ttl=60 time=437 ms
64 bytes from aaaa::212:7408:8:808: icmp_seq=60 ttl=60 time=306 ms
64 bytes from aaaa::212:7408:8:808: icmp_seq=61 ttl=60 time=361 ms
64 bytes from aaaa::212:7408:8:808: icmp_seq=62 ttl=60 time=357 ms
64 bytes from aaaa::212:7408:8:808: icmp_seq=63 ttl=60 time=317 ms
64 bytes from aaaa::212:7408:8:808: icmp_seq=64 ttl=60 time=497 ms
64 bytes from aaaa::212:7408:8:808: icmp_seq=65 ttl=60 time=363 ms
64 bytes from aaaa::212:7408:8:808: icmp_seq=66 ttl=60 time=363 ms
64 bytes from aaaa::212:7408:8:808: icmp_seq=67 ttl=60 time=507 ms
64 bytes from aaaa::212:7408:8:808: icmp_seq=68 ttl=60 time=313 ms
64 bytes from aaaa::212:7408:8:808: icmp_seq=69 ttl=60 time=312 ms
64 bytes from aaaa::212:7408:8:808: icmp_seq=70 ttl=60 time=864 ms
64 bytes from aaaa::212:7408:8:808: icmp_seq=71 ttl=60 time=402 ms
64 bytes from aaaa::212:7408:8:808: icmp_seq=72 ttl=60 time=579 ms
64 bytes from aaaa::212:7408:8:808: icmp_seq=73 ttl=60 time=504 ms
64 bytes from aaaa::212:7408:8:808: icmp_seq=75 ttl=60 time=564 ms
64 bytes from aaaa::212:7408:8:808: icmp_seq=76 ttl=60 time=524 ms
64 bytes from aaaa::212:7408:8:808: icmp_seq=77 ttl=60 time=340 ms
64 bytes from aaaa::212:7408:8:808: icmp_seq=79 ttl=60 time=371 ms
64 bytes from aaaa::212:7408:8:808: icmp_seq=86 ttl=60 time=788 ms
64 bytes from aaaa::212:7408:8:808: icmp_seq=89 ttl=60 time=568 ms
64 bytes from aaaa::212:7408:8:808: icmp_seq=90 ttl=60 time=557 ms
64 bytes from aaaa::212:7408:8:808: icmp_seq=91 ttl=60 time=581 ms
64 bytes from aaaa::212:7408:8:808: icmp_seq=94 ttl=60 time=449 ms
64 bytes from aaaa::212:7408:8:808: icmp_seq=95 ttl=60 time=612 ms
64 bytes from aaaa::212:7408:8:808: icmp_seq=97 ttl=60 time=1011 ms
64 bytes from aaaa::212:7408:8:808: icmp_seq=99 ttl=60 time=624 ms
64 bytes from aaaa::212:7408:8:808: icmp_seq=100 ttl=60 time=419 ms
64 bytes from aaaa::212:7408:8:808: icmp_seq=101 ttl=60 time=1293 ms
64 bytes from aaaa::212:7408:8:808: icmp_seq=102 ttl=60 time=1282 ms
64 bytes from aaaa::212:7408:8:808: icmp_seq=103 ttl=60 time=1034 ms
64 bytes from aaaa::212:7408:8:808: icmp_seq=104 ttl=60 time=381 ms
64 bytes from aaaa::212:7408:8:808: icmp_seq=105 ttl=60 time=1373 ms
64 bytes from aaaa::212:7408:8:808: icmp_seq=106 ttl=60 time=314 ms
64 bytes from aaaa::212:7408:8:808: icmp_seq=107 ttl=60 time=1588 ms
64 bytes from aaaa::212:7408:8:808: icmp_seq=108 ttl=60 time=628 ms
64 bytes from aaaa::212:7408:8:808: icmp_seq=109 ttl=60 time=659 ms
64 bytes from aaaa::212:7408:8:808: icmp_seq=121 ttl=60 time=807 ms
64 bytes from aaaa::212:7408:8:808: icmp_seq=122 ttl=60 time=1364 ms
64 bytes from aaaa::212:7408:8:808: icmp_seq=123 ttl=60 time=1636 ms
64 bytes from aaaa::212:7408:8:808: icmp_seq=124 ttl=60 time=936 ms
64 bytes from aaaa::212:7408:8:808: icmp_seq=127 ttl=60 time=811 ms
64 bytes from aaaa::212:7408:8:808: icmp_seq=128 ttl=60 time=935 ms
64 bytes from aaaa::212:7408:8:808: icmp_seq=129 ttl=60 time=754 ms
64 bytes from aaaa::212:7408:8:808: icmp_seq=130 ttl=60 time=575 ms
64 bytes from aaaa::212:7408:8:808: icmp_seq=131 ttl=60 time=625 ms
64 bytes from aaaa::212:7408:8:808: icmp_seq=132 ttl=60 time=2006 ms
64 bytes from aaaa::212:7408:8:808: icmp_seq=133 ttl=60 time=1327 ms
64 bytes from aaaa::212:7408:8:808: icmp_seq=134 ttl=60 time=1052 ms
64 bytes from aaaa::212:7408:8:808: icmp_seq=136 ttl=60 time=807 ms
64 bytes from aaaa::212:7408:8:808: icmp_seq=137 ttl=60 time=1212 ms
64 bytes from aaaa::212:7408:8:808: icmp_seq=138 ttl=60 time=1411 ms
64 bytes from aaaa::212:7408:8:808: icmp_seq=139 ttl=60 time=546 ms
64 bytes from aaaa::212:7408:8:808: icmp_seq=140 ttl=60 time=537 ms
64 bytes from aaaa::212:7408:8:808: icmp_seq=141 ttl=60 time=583 ms
64 bytes from aaaa::212:7408:8:808: icmp_seq=142 ttl=60 time=502 ms
64 bytes from aaaa::212:7408:8:808: icmp_seq=143 ttl=60 time=312 ms
64 bytes from aaaa::212:7408:8:808: icmp_seq=146 ttl=60 time=618 ms
64 bytes from aaaa::212:7408:8:808: icmp_seq=147 ttl=60 time=650 ms
64 bytes from aaaa::212:7408:8:808: icmp_seq=155 ttl=60 time=748 ms
64 bytes from aaaa::212:7408:8:808: icmp_seq=156 ttl=60 time=775 ms
64 bytes from aaaa::212:7408:8:808: icmp_seq=160 ttl=60 time=692 ms
64 bytes from aaaa::212:7408:8:808: icmp_seq=162 ttl=60 time=697 ms
64 bytes from aaaa::212:7408:8:808: icmp_seq=165 ttl=60 time=1104 ms
64 bytes from aaaa::212:7408:8:808: icmp_seq=167 ttl=60 time=1326 ms
64 bytes from aaaa::212:7408:8:808: icmp_seq=168 ttl=60 time=426 ms
64 bytes from aaaa::212:7408:8:808: icmp_seq=169 ttl=60 time=888 ms
64 bytes from aaaa::212:7408:8:808: icmp_seq=170 ttl=60 time=1084 ms
64 bytes from aaaa::212:7408:8:808: icmp_seq=171 ttl=60 time=338 ms
64 bytes from aaaa::212:7408:8:808: icmp_seq=172 ttl=60 time=420 ms
64 bytes from aaaa::212:7408:8:808: icmp_seq=173 ttl=60 time=799 ms
64 bytes from aaaa::212:7408:8:808: icmp_seq=174 ttl=60 time=310 ms
64 bytes from aaaa::212:7408:8:808: icmp_seq=175 ttl=60 time=447 ms
64 bytes from aaaa::212:7408:8:808: icmp_seq=176 ttl=60 time=319 ms
64 bytes from aaaa::212:7408:8:808: icmp_seq=177 ttl=60 time=333 ms
64 bytes from aaaa::212:7408:8:808: icmp_seq=178 ttl=60 time=470 ms
64 bytes from aaaa::212:7408:8:808: icmp_seq=179 ttl=60 time=268 ms
64 bytes from aaaa::212:7408:8:808: icmp_seq=180 ttl=60 time=314 ms
64 bytes from aaaa::212:7408:8:808: icmp_seq=181 ttl=60 time=281 ms
64 bytes from aaaa::212:7408:8:808: icmp_seq=182 ttl=60 time=270 ms
64 bytes from aaaa::212:7408:8:808: icmp_seq=183 ttl=60 time=284 ms
64 bytes from aaaa::212:7408:8:808: icmp_seq=184 ttl=60 time=242 ms
64 bytes from aaaa::212:7408:8:808: icmp_seq=185 ttl=60 time=301 ms
64 bytes from aaaa::212:7408:8:808: icmp_seq=186 ttl=60 time=292 ms
64 bytes from aaaa::212:7408:8:808: icmp_seq=187 ttl=60 time=339 ms
64 bytes from aaaa::212:7408:8:808: icmp_seq=188 ttl=60 time=317 ms
64 bytes from aaaa::212:7408:8:808: icmp_seq=189 ttl=60 time=284 ms
64 bytes from aaaa::212:7408:8:808: icmp_seq=190 ttl=60 time=315 ms
64 bytes from aaaa::212:7408:8:808: icmp_seq=191 ttl=60 time=267 ms
64 bytes from aaaa::212:7408:8:808: icmp_seq=192 ttl=60 time=547 ms
64 bytes from aaaa::212:7408:8:808: icmp_seq=193 ttl=60 time=245 ms
64 bytes from aaaa::212:7408:8:808: icmp_seq=194 ttl=60 time=339 ms
64 bytes from aaaa::212:7408:8:808: icmp_seq=195 ttl=60 time=279 ms
64 bytes from aaaa::212:7408:8:808: icmp_seq=196 ttl=60 time=286 ms
64 bytes from aaaa::212:7408:8:808: icmp_seq=197 ttl=60 time=304 ms
64 bytes from aaaa::212:7408:8:808: icmp_seq=198 ttl=60 time=529 ms
64 bytes from aaaa::212:7408:8:808: icmp_seq=199 ttl=60 time=446 ms
64 bytes from aaaa::212:7408:8:808: icmp_seq=200 ttl=60 time=553 ms

--- aaaa::212:7408:8:808 ping statistics ---
200 packets transmitted, 145 received, 27% packet loss, time 1002810ms
rtt min/avg/max/mdev = 242.737/598.708/2006.407/346.497 ms
