PING fd00::212:7406:6:606(fd00::212:7406:6:606) 56 data bytes
64 bytes from fd00::212:7406:6:606: icmp_seq=1 ttl=62 time=558 ms
64 bytes from fd00::212:7406:6:606: icmp_seq=6 ttl=62 time=990 ms
64 bytes from fd00::212:7406:6:606: icmp_seq=11 ttl=62 time=419 ms
64 bytes from fd00::212:7406:6:606: icmp_seq=17 ttl=62 time=284 ms
64 bytes from fd00::212:7406:6:606: icmp_seq=17 ttl=62 time=284 ms (DUP!)
64 bytes from fd00::212:7406:6:606: icmp_seq=18 ttl=62 time=263 ms
64 bytes from fd00::212:7406:6:606: icmp_seq=19 ttl=62 time=137 ms
64 bytes from fd00::212:7406:6:606: icmp_seq=20 ttl=62 time=156 ms
64 bytes from fd00::212:7406:6:606: icmp_seq=21 ttl=62 time=133 ms
64 bytes from fd00::212:7406:6:606: icmp_seq=22 ttl=62 time=130 ms
64 bytes from fd00::212:7406:6:606: icmp_seq=23 ttl=62 time=503 ms
64 bytes from fd00::212:7406:6:606: icmp_seq=24 ttl=62 time=647 ms
64 bytes from fd00::212:7406:6:606: icmp_seq=25 ttl=62 time=479 ms
64 bytes from fd00::212:7406:6:606: icmp_seq=26 ttl=62 time=391 ms
64 bytes from fd00::212:7406:6:606: icmp_seq=27 ttl=62 time=308 ms
64 bytes from fd00::212:7406:6:606: icmp_seq=28 ttl=62 time=200 ms
64 bytes from fd00::212:7406:6:606: icmp_seq=29 ttl=62 time=213 ms
64 bytes from fd00::212:7406:6:606: icmp_seq=30 ttl=62 time=147 ms
64 bytes from fd00::212:7406:6:606: icmp_seq=31 ttl=62 time=118 ms
64 bytes from fd00::212:7406:6:606: icmp_seq=32 ttl=62 time=510 ms
64 bytes from fd00::212:7406:6:606: icmp_seq=33 ttl=62 time=170 ms
64 bytes from fd00::212:7406:6:606: icmp_seq=34 ttl=62 time=145 ms
64 bytes from fd00::212:7406:6:606: icmp_seq=35 ttl=62 time=278 ms
64 bytes from fd00::212:7406:6:606: icmp_seq=36 ttl=62 time=112 ms
64 bytes from fd00::212:7406:6:606: icmp_seq=37 ttl=62 time=396 ms
64 bytes from fd00::212:7406:6:606: icmp_seq=38 ttl=62 time=244 ms
64 bytes from fd00::212:7406:6:606: icmp_seq=39 ttl=62 time=127 ms
64 bytes from fd00::212:7406:6:606: icmp_seq=40 ttl=62 time=195 ms
64 bytes from fd00::212:7406:6:606: icmp_seq=41 ttl=62 time=287 ms
64 bytes from fd00::212:7406:6:606: icmp_seq=42 ttl=62 time=141 ms
64 bytes from fd00::212:7406:6:606: icmp_seq=43 ttl=62 time=459 ms
64 bytes from fd00::212:7406:6:606: icmp_seq=44 ttl=62 time=151 ms
64 bytes from fd00::212:7406:6:606: icmp_seq=45 ttl=62 time=120 ms
64 bytes from fd00::212:7406:6:606: icmp_seq=46 ttl=62 time=263 ms
64 bytes from fd00::212:7406:6:606: icmp_seq=47 ttl=62 time=100 ms
64 bytes from fd00::212:7406:6:606: icmp_seq=48 ttl=62 time=476 ms
64 bytes from fd00::212:7406:6:606: icmp_seq=49 ttl=62 time=246 ms
64 bytes from fd00::212:7406:6:606: icmp_seq=50 ttl=62 time=107 ms
64 bytes from fd00::212:7406:6:606: icmp_seq=51 ttl=62 time=116 ms
64 bytes from fd00::212:7406:6:606: icmp_seq=52 ttl=62 time=133 ms
64 bytes from fd00::212:7406:6:606: icmp_seq=53 ttl=62 time=117 ms
64 bytes from fd00::212:7406:6:606: icmp_seq=54 ttl=62 time=129 ms
64 bytes from fd00::212:7406:6:606: icmp_seq=55 ttl=62 time=109 ms
64 bytes from fd00::212:7406:6:606: icmp_seq=56 ttl=62 time=205 ms
64 bytes from fd00::212:7406:6:606: icmp_seq=57 ttl=62 time=119 ms
64 bytes from fd00::212:7406:6:606: icmp_seq=58 ttl=62 time=116 ms
64 bytes from fd00::212:7406:6:606: icmp_seq=59 ttl=62 time=119 ms
64 bytes from fd00::212:7406:6:606: icmp_seq=60 ttl=62 time=154 ms
64 bytes from fd00::212:7406:6:606: icmp_seq=61 ttl=62 time=142 ms
64 bytes from fd00::212:7406:6:606: icmp_seq=62 ttl=62 time=174 ms
64 bytes from fd00::212:7406:6:606: icmp_seq=63 ttl=62 time=108 ms
64 bytes from fd00::212:7406:6:606: icmp_seq=64 ttl=62 time=121 ms
64 bytes from fd00::212:7406:6:606: icmp_seq=65 ttl=62 time=1018 ms
64 bytes from fd00::212:7406:6:606: icmp_seq=66 ttl=62 time=280 ms
64 bytes from fd00::212:7406:6:606: icmp_seq=67 ttl=62 time=439 ms
64 bytes from fd00::212:7406:6:606: icmp_seq=68 ttl=62 time=138 ms
64 bytes from fd00::212:7406:6:606: icmp_seq=69 ttl=62 time=229 ms
64 bytes from fd00::212:7406:6:606: icmp_seq=70 ttl=62 time=452 ms
64 bytes from fd00::212:7406:6:606: icmp_seq=71 ttl=62 time=118 ms
64 bytes from fd00::212:7406:6:606: icmp_seq=72 ttl=62 time=423 ms
64 bytes from fd00::212:7406:6:606: icmp_seq=73 ttl=62 time=233 ms
64 bytes from fd00::212:7406:6:606: icmp_seq=74 ttl=62 time=123 ms
64 bytes from fd00::212:7406:6:606: icmp_seq=77 ttl=62 time=508 ms
64 bytes from fd00::212:7406:6:606: icmp_seq=78 ttl=62 time=278 ms
64 bytes from fd00::212:7406:6:606: icmp_seq=79 ttl=62 time=1212 ms
64 bytes from fd00::212:7406:6:606: icmp_seq=80 ttl=62 time=694 ms
64 bytes from fd00::212:7406:6:606: icmp_seq=81 ttl=62 time=300 ms
64 bytes from fd00::212:7406:6:606: icmp_seq=82 ttl=62 time=368 ms
64 bytes from fd00::212:7406:6:606: icmp_seq=83 ttl=62 time=482 ms
64 bytes from fd00::212:7406:6:606: icmp_seq=84 ttl=62 time=512 ms
64 bytes from fd00::212:7406:6:606: icmp_seq=85 ttl=62 time=413 ms
64 bytes from fd00::212:7406:6:606: icmp_seq=86 ttl=62 time=613 ms
64 bytes from fd00::212:7406:6:606: icmp_seq=87 ttl=62 time=362 ms
64 bytes from fd00::212:7406:6:606: icmp_seq=88 ttl=62 time=266 ms
64 bytes from fd00::212:7406:6:606: icmp_seq=89 ttl=62 time=419 ms
64 bytes from fd00::212:7406:6:606: icmp_seq=90 ttl=62 time=449 ms
64 bytes from fd00::212:7406:6:606: icmp_seq=91 ttl=62 time=252 ms
64 bytes from fd00::212:7406:6:606: icmp_seq=92 ttl=62 time=283 ms
64 bytes from fd00::212:7406:6:606: icmp_seq=93 ttl=62 time=338 ms
64 bytes from fd00::212:7406:6:606: icmp_seq=94 ttl=62 time=218 ms
64 bytes from fd00::212:7406:6:606: icmp_seq=95 ttl=62 time=404 ms
64 bytes from fd00::212:7406:6:606: icmp_seq=96 ttl=62 time=289 ms
64 bytes from fd00::212:7406:6:606: icmp_seq=97 ttl=62 time=254 ms
64 bytes from fd00::212:7406:6:606: icmp_seq=98 ttl=62 time=202 ms
64 bytes from fd00::212:7406:6:606: icmp_seq=99 ttl=62 time=322 ms
64 bytes from fd00::212:7406:6:606: icmp_seq=100 ttl=62 time=105 ms

--- fd00::212:7406:6:606 ping statistics ---
100 packets transmitted, 85 received, +1 duplicates, 15% packet loss, time 497414ms
rtt min/avg/max/mdev = 100.066/299.866/1212.743/208.652 ms
