PING fd00::212:7408:8:808(fd00::212:7408:8:808) 56 data bytes
64 bytes from fd00::212:7408:8:808: icmp_seq=1 ttl=60 time=1111 ms
64 bytes from fd00::212:7408:8:808: icmp_seq=2 ttl=60 time=746 ms
64 bytes from fd00::212:7408:8:808: icmp_seq=6 ttl=60 time=732 ms
64 bytes from fd00::212:7408:8:808: icmp_seq=10 ttl=60 time=1026 ms
64 bytes from fd00::212:7408:8:808: icmp_seq=10 ttl=60 time=1051 ms (DUP!)
64 bytes from fd00::212:7408:8:808: icmp_seq=11 ttl=60 time=254 ms
64 bytes from fd00::212:7408:8:808: icmp_seq=12 ttl=60 time=738 ms
64 bytes from fd00::212:7408:8:808: icmp_seq=13 ttl=60 time=285 ms
64 bytes from fd00::212:7408:8:808: icmp_seq=14 ttl=60 time=239 ms
64 bytes from fd00::212:7408:8:808: icmp_seq=15 ttl=60 time=315 ms
64 bytes from fd00::212:7408:8:808: icmp_seq=16 ttl=60 time=341 ms
64 bytes from fd00::212:7408:8:808: icmp_seq=17 ttl=60 time=896 ms
64 bytes from fd00::212:7408:8:808: icmp_seq=18 ttl=60 time=360 ms
64 bytes from fd00::212:7408:8:808: icmp_seq=19 ttl=60 time=572 ms
64 bytes from fd00::212:7408:8:808: icmp_seq=20 ttl=60 time=612 ms
64 bytes from fd00::212:7408:8:808: icmp_seq=21 ttl=60 time=378 ms
64 bytes from fd00::212:7408:8:808: icmp_seq=22 ttl=60 time=335 ms
64 bytes from fd00::212:7408:8:808: icmp_seq=23 ttl=60 time=352 ms
64 bytes from fd00::212:7408:8:808: icmp_seq=24 ttl=60 time=1020 ms
64 bytes from fd00::212:7408:8:808: icmp_seq=25 ttl=60 time=327 ms
64 bytes from fd00::212:7408:8:808: icmp_seq=26 ttl=60 time=341 ms
64 bytes from fd00::212:7408:8:808: icmp_seq=27 ttl=60 time=353 ms
64 bytes from fd00::212:7408:8:808: icmp_seq=28 ttl=60 time=471 ms
64 bytes from fd00::212:7408:8:808: icmp_seq=29 ttl=60 time=327 ms
64 bytes from fd00::212:7408:8:808: icmp_seq=30 ttl=60 time=388 ms
64 bytes from fd00::212:7408:8:808: icmp_seq=31 ttl=60 time=338 ms
64 bytes from fd00::212:7408:8:808: icmp_seq=32 ttl=60 time=290 ms
64 bytes from fd00::212:7408:8:808: icmp_seq=33 ttl=60 time=282 ms
64 bytes from fd00::212:7408:8:808: icmp_seq=34 ttl=60 time=421 ms
64 bytes from fd00::212:7408:8:808: icmp_seq=35 ttl=60 time=336 ms
64 bytes from fd00::212:7408:8:808: icmp_seq=36 ttl=60 time=1051 ms
64 bytes from fd00::212:7408:8:808: icmp_seq=37 ttl=60 time=256 ms
64 bytes from fd00::212:7408:8:808: icmp_seq=38 ttl=60 time=296 ms
64 bytes from fd00::212:7408:8:808: icmp_seq=39 ttl=60 time=697 ms
64 bytes from fd00::212:7408:8:808: icmp_seq=40 ttl=60 time=436 ms
64 bytes from fd00::212:7408:8:808: icmp_seq=41 ttl=60 time=445 ms
64 bytes from fd00::212:7408:8:808: icmp_seq=42 ttl=60 time=343 ms
64 bytes from fd00::212:7408:8:808: icmp_seq=43 ttl=60 time=314 ms
64 bytes from fd00::212:7408:8:808: icmp_seq=44 ttl=60 time=414 ms
64 bytes from fd00::212:7408:8:808: icmp_seq=45 ttl=60 time=285 ms
64 bytes from fd00::212:7408:8:808: icmp_seq=46 ttl=60 time=379 ms
64 bytes from fd00::212:7408:8:808: icmp_seq=47 ttl=60 time=374 ms
64 bytes from fd00::212:7408:8:808: icmp_seq=48 ttl=60 time=320 ms
64 bytes from fd00::212:7408:8:808: icmp_seq=49 ttl=60 time=379 ms
64 bytes from fd00::212:7408:8:808: icmp_seq=50 ttl=60 time=288 ms
64 bytes from fd00::212:7408:8:808: icmp_seq=51 ttl=60 time=421 ms
64 bytes from fd00::212:7408:8:808: icmp_seq=52 ttl=60 time=287 ms
64 bytes from fd00::212:7408:8:808: icmp_seq=53 ttl=60 time=275 ms
64 bytes from fd00::212:7408:8:808: icmp_seq=54 ttl=60 time=227 ms
64 bytes from fd00::212:7408:8:808: icmp_seq=55 ttl=60 time=298 ms
64 bytes from fd00::212:7408:8:808: icmp_seq=56 ttl=60 time=387 ms
64 bytes from fd00::212:7408:8:808: icmp_seq=57 ttl=60 time=264 ms
64 bytes from fd00::212:7408:8:808: icmp_seq=58 ttl=60 time=273 ms
64 bytes from fd00::212:7408:8:808: icmp_seq=59 ttl=60 time=901 ms
64 bytes from fd00::212:7408:8:808: icmp_seq=60 ttl=60 time=318 ms
64 bytes from fd00::212:7408:8:808: icmp_seq=61 ttl=60 time=292 ms
64 bytes from fd00::212:7408:8:808: icmp_seq=62 ttl=60 time=241 ms
64 bytes from fd00::212:7408:8:808: icmp_seq=63 ttl=60 time=237 ms
64 bytes from fd00::212:7408:8:808: icmp_seq=64 ttl=60 time=252 ms
64 bytes from fd00::212:7408:8:808: icmp_seq=65 ttl=60 time=1314 ms
64 bytes from fd00::212:7408:8:808: icmp_seq=66 ttl=60 time=302 ms
64 bytes from fd00::212:7408:8:808: icmp_seq=67 ttl=60 time=542 ms
64 bytes from fd00::212:7408:8:808: icmp_seq=68 ttl=60 time=251 ms
64 bytes from fd00::212:7408:8:808: icmp_seq=69 ttl=60 time=415 ms
64 bytes from fd00::212:7408:8:808: icmp_seq=70 ttl=60 time=257 ms
64 bytes from fd00::212:7408:8:808: icmp_seq=71 ttl=60 time=302 ms
64 bytes from fd00::212:7408:8:808: icmp_seq=72 ttl=60 time=1303 ms
64 bytes from fd00::212:7408:8:808: icmp_seq=73 ttl=60 time=398 ms
64 bytes from fd00::212:7408:8:808: icmp_seq=74 ttl=60 time=220 ms
64 bytes from fd00::212:7408:8:808: icmp_seq=75 ttl=60 time=680 ms
64 bytes from fd00::212:7408:8:808: icmp_seq=76 ttl=60 time=558 ms
64 bytes from fd00::212:7408:8:808: icmp_seq=77 ttl=60 time=300 ms
64 bytes from fd00::212:7408:8:808: icmp_seq=78 ttl=60 time=394 ms
64 bytes from fd00::212:7408:8:808: icmp_seq=79 ttl=60 time=681 ms
64 bytes from fd00::212:7408:8:808: icmp_seq=80 ttl=60 time=262 ms
64 bytes from fd00::212:7408:8:808: icmp_seq=81 ttl=60 time=323 ms
64 bytes from fd00::212:7408:8:808: icmp_seq=82 ttl=60 time=298 ms
64 bytes from fd00::212:7408:8:808: icmp_seq=83 ttl=60 time=290 ms
64 bytes from fd00::212:7408:8:808: icmp_seq=84 ttl=60 time=321 ms
64 bytes from fd00::212:7408:8:808: icmp_seq=85 ttl=60 time=299 ms
64 bytes from fd00::212:7408:8:808: icmp_seq=86 ttl=60 time=364 ms
64 bytes from fd00::212:7408:8:808: icmp_seq=87 ttl=60 time=253 ms
64 bytes from fd00::212:7408:8:808: icmp_seq=88 ttl=60 time=271 ms
64 bytes from fd00::212:7408:8:808: icmp_seq=89 ttl=60 time=251 ms
64 bytes from fd00::212:7408:8:808: icmp_seq=90 ttl=60 time=291 ms
64 bytes from fd00::212:7408:8:808: icmp_seq=91 ttl=60 time=317 ms
64 bytes from fd00::212:7408:8:808: icmp_seq=92 ttl=60 time=248 ms
64 bytes from fd00::212:7408:8:808: icmp_seq=93 ttl=60 time=256 ms
64 bytes from fd00::212:7408:8:808: icmp_seq=94 ttl=60 time=257 ms
64 bytes from fd00::212:7408:8:808: icmp_seq=95 ttl=60 time=256 ms
64 bytes from fd00::212:7408:8:808: icmp_seq=96 ttl=60 time=270 ms
64 bytes from fd00::212:7408:8:808: icmp_seq=97 ttl=60 time=288 ms
64 bytes from fd00::212:7408:8:808: icmp_seq=98 ttl=60 time=269 ms
64 bytes from fd00::212:7408:8:808: icmp_seq=99 ttl=60 time=576 ms
64 bytes from fd00::212:7408:8:808: icmp_seq=100 ttl=60 time=269 ms

--- fd00::212:7408:8:808 ping statistics ---
100 packets transmitted, 94 received, +1 duplicates, 6% packet loss, time 496130ms
rtt min/avg/max/mdev = 220.851/425.013/1314.533/246.474 ms
