PING fd00::212:7409:9:909(fd00::212:7409:9:909) 56 data bytes
64 bytes from fd00::212:7409:9:909: icmp_seq=2 ttl=61 time=1284 ms
64 bytes from fd00::212:7409:9:909: icmp_seq=3 ttl=61 time=749 ms
64 bytes from fd00::212:7409:9:909: icmp_seq=4 ttl=61 time=591 ms
64 bytes from fd00::212:7409:9:909: icmp_seq=5 ttl=61 time=516 ms
64 bytes from fd00::212:7409:9:909: icmp_seq=6 ttl=61 time=505 ms
64 bytes from fd00::212:7409:9:909: icmp_seq=7 ttl=61 time=507 ms
64 bytes from fd00::212:7409:9:909: icmp_seq=8 ttl=61 time=514 ms
64 bytes from fd00::212:7409:9:909: icmp_seq=9 ttl=61 time=511 ms
64 bytes from fd00::212:7409:9:909: icmp_seq=10 ttl=61 time=602 ms
64 bytes from fd00::212:7409:9:909: icmp_seq=11 ttl=61 time=424 ms
64 bytes from fd00::212:7409:9:909: icmp_seq=13 ttl=61 time=237 ms
64 bytes from fd00::212:7409:9:909: icmp_seq=14 ttl=61 time=418 ms
64 bytes from fd00::212:7409:9:909: icmp_seq=15 ttl=61 time=390 ms
64 bytes from fd00::212:7409:9:909: icmp_seq=16 ttl=61 time=324 ms
64 bytes from fd00::212:7409:9:909: icmp_seq=17 ttl=61 time=539 ms
64 bytes from fd00::212:7409:9:909: icmp_seq=18 ttl=61 time=344 ms
64 bytes from fd00::212:7409:9:909: icmp_seq=19 ttl=61 time=388 ms
64 bytes from fd00::212:7409:9:909: icmp_seq=20 ttl=61 time=527 ms
64 bytes from fd00::212:7409:9:909: icmp_seq=21 ttl=61 time=648 ms
64 bytes from fd00::212:7409:9:909: icmp_seq=22 ttl=61 time=390 ms
64 bytes from fd00::212:7409:9:909: icmp_seq=23 ttl=61 time=622 ms
64 bytes from fd00::212:7409:9:909: icmp_seq=24 ttl=61 time=686 ms
64 bytes from fd00::212:7409:9:909: icmp_seq=25 ttl=61 time=485 ms
64 bytes from fd00::212:7409:9:909: icmp_seq=27 ttl=61 time=396 ms
64 bytes from fd00::212:7409:9:909: icmp_seq=28 ttl=61 time=743 ms
64 bytes from fd00::212:7409:9:909: icmp_seq=29 ttl=61 time=536 ms
64 bytes from fd00::212:7409:9:909: icmp_seq=30 ttl=61 time=439 ms
64 bytes from fd00::212:7409:9:909: icmp_seq=31 ttl=61 time=396 ms
64 bytes from fd00::212:7409:9:909: icmp_seq=32 ttl=61 time=381 ms
64 bytes from fd00::212:7409:9:909: icmp_seq=34 ttl=61 time=603 ms
64 bytes from fd00::212:7409:9:909: icmp_seq=35 ttl=61 time=352 ms
64 bytes from fd00::212:7409:9:909: icmp_seq=36 ttl=61 time=587 ms
64 bytes from fd00::212:7409:9:909: icmp_seq=37 ttl=61 time=199 ms
64 bytes from fd00::212:7409:9:909: icmp_seq=38 ttl=61 time=237 ms
64 bytes from fd00::212:7409:9:909: icmp_seq=40 ttl=61 time=227 ms
64 bytes from fd00::212:7409:9:909: icmp_seq=41 ttl=61 time=277 ms
64 bytes from fd00::212:7409:9:909: icmp_seq=42 ttl=61 time=181 ms
64 bytes from fd00::212:7409:9:909: icmp_seq=43 ttl=61 time=210 ms
64 bytes from fd00::212:7409:9:909: icmp_seq=44 ttl=61 time=210 ms
64 bytes from fd00::212:7409:9:909: icmp_seq=45 ttl=61 time=219 ms
64 bytes from fd00::212:7409:9:909: icmp_seq=46 ttl=61 time=214 ms
64 bytes from fd00::212:7409:9:909: icmp_seq=47 ttl=61 time=481 ms
64 bytes from fd00::212:7409:9:909: icmp_seq=48 ttl=61 time=213 ms
64 bytes from fd00::212:7409:9:909: icmp_seq=49 ttl=61 time=190 ms
64 bytes from fd00::212:7409:9:909: icmp_seq=50 ttl=61 time=216 ms
64 bytes from fd00::212:7409:9:909: icmp_seq=51 ttl=61 time=161 ms
64 bytes from fd00::212:7409:9:909: icmp_seq=52 ttl=61 time=166 ms
64 bytes from fd00::212:7409:9:909: icmp_seq=53 ttl=61 time=151 ms
64 bytes from fd00::212:7409:9:909: icmp_seq=54 ttl=61 time=201 ms
64 bytes from fd00::212:7409:9:909: icmp_seq=55 ttl=61 time=151 ms
64 bytes from fd00::212:7409:9:909: icmp_seq=56 ttl=61 time=166 ms
64 bytes from fd00::212:7409:9:909: icmp_seq=57 ttl=61 time=177 ms
64 bytes from fd00::212:7409:9:909: icmp_seq=58 ttl=61 time=183 ms
64 bytes from fd00::212:7409:9:909: icmp_seq=59 ttl=61 time=445 ms
64 bytes from fd00::212:7409:9:909: icmp_seq=60 ttl=61 time=203 ms
64 bytes from fd00::212:7409:9:909: icmp_seq=61 ttl=61 time=204 ms
64 bytes from fd00::212:7409:9:909: icmp_seq=62 ttl=61 time=148 ms
64 bytes from fd00::212:7409:9:909: icmp_seq=63 ttl=61 time=156 ms
64 bytes from fd00::212:7409:9:909: icmp_seq=64 ttl=61 time=171 ms
64 bytes from fd00::212:7409:9:909: icmp_seq=65 ttl=61 time=1427 ms
64 bytes from fd00::212:7409:9:909: icmp_seq=66 ttl=61 time=165 ms
64 bytes from fd00::212:7409:9:909: icmp_seq=67 ttl=61 time=195 ms
64 bytes from fd00::212:7409:9:909: icmp_seq=68 ttl=61 time=211 ms
64 bytes from fd00::212:7409:9:909: icmp_seq=69 ttl=61 time=409 ms
64 bytes from fd00::212:7409:9:909: icmp_seq=70 ttl=61 time=277 ms
64 bytes from fd00::212:7409:9:909: icmp_seq=71 ttl=61 time=190 ms
64 bytes from fd00::212:7409:9:909: icmp_seq=72 ttl=61 time=671 ms
64 bytes from fd00::212:7409:9:909: icmp_seq=73 ttl=61 time=353 ms
64 bytes from fd00::212:7409:9:909: icmp_seq=74 ttl=61 time=210 ms
64 bytes from fd00::212:7409:9:909: icmp_seq=75 ttl=61 time=342 ms
64 bytes from fd00::212:7409:9:909: icmp_seq=76 ttl=61 time=269 ms
64 bytes from fd00::212:7409:9:909: icmp_seq=84 ttl=61 time=531 ms
64 bytes from fd00::212:7409:9:909: icmp_seq=85 ttl=61 time=232 ms
64 bytes from fd00::212:7409:9:909: icmp_seq=87 ttl=61 time=494 ms
64 bytes from fd00::212:7409:9:909: icmp_seq=88 ttl=61 time=465 ms
64 bytes from fd00::212:7409:9:909: icmp_seq=90 ttl=61 time=452 ms
64 bytes from fd00::212:7409:9:909: icmp_seq=91 ttl=61 time=236 ms
64 bytes from fd00::212:7409:9:909: icmp_seq=92 ttl=61 time=172 ms
64 bytes from fd00::212:7409:9:909: icmp_seq=93 ttl=61 time=234 ms
64 bytes from fd00::212:7409:9:909: icmp_seq=94 ttl=61 time=207 ms
64 bytes from fd00::212:7409:9:909: icmp_seq=95 ttl=61 time=157 ms
64 bytes from fd00::212:7409:9:909: icmp_seq=96 ttl=61 time=218 ms
64 bytes from fd00::212:7409:9:909: icmp_seq=97 ttl=61 time=163 ms
64 bytes from fd00::212:7409:9:909: icmp_seq=98 ttl=61 time=223 ms
64 bytes from fd00::212:7409:9:909: icmp_seq=99 ttl=61 time=204 ms
64 bytes from fd00::212:7409:9:909: icmp_seq=100 ttl=61 time=145 ms

--- fd00::212:7409:9:909 ping statistics ---
100 packets transmitted, 86 received, 14% packet loss, time 496706ms
rtt min/avg/max/mdev = 145.908/363.787/1427.883/225.753 ms
