PING fd00::212:7407:7:707(fd00::212:7407:7:707) 56 data bytes
64 bytes from fd00::212:7407:7:707: icmp_seq=3 ttl=61 time=909 ms
64 bytes from fd00::212:7407:7:707: icmp_seq=5 ttl=61 time=238 ms
64 bytes from fd00::212:7407:7:707: icmp_seq=6 ttl=61 time=653 ms
64 bytes from fd00::212:7407:7:707: icmp_seq=8 ttl=61 time=200 ms
64 bytes from fd00::212:7407:7:707: icmp_seq=9 ttl=61 time=393 ms
64 bytes from fd00::212:7407:7:707: icmp_seq=10 ttl=61 time=324 ms
64 bytes from fd00::212:7407:7:707: icmp_seq=11 ttl=61 time=672 ms
64 bytes from fd00::212:7407:7:707: icmp_seq=12 ttl=61 time=394 ms
64 bytes from fd00::212:7407:7:707: icmp_seq=13 ttl=61 time=177 ms
64 bytes from fd00::212:7407:7:707: icmp_seq=14 ttl=61 time=209 ms
64 bytes from fd00::212:7407:7:707: icmp_seq=15 ttl=61 time=201 ms
64 bytes from fd00::212:7407:7:707: icmp_seq=16 ttl=61 time=281 ms
64 bytes from fd00::212:7407:7:707: icmp_seq=17 ttl=61 time=246 ms
64 bytes from fd00::212:7407:7:707: icmp_seq=18 ttl=61 time=183 ms
64 bytes from fd00::212:7407:7:707: icmp_seq=19 ttl=61 time=152 ms
64 bytes from fd00::212:7407:7:707: icmp_seq=20 ttl=61 time=201 ms
64 bytes from fd00::212:7407:7:707: icmp_seq=21 ttl=61 time=227 ms
64 bytes from fd00::212:7407:7:707: icmp_seq=22 ttl=61 time=202 ms
64 bytes from fd00::212:7407:7:707: icmp_seq=23 ttl=61 time=269 ms
64 bytes from fd00::212:7407:7:707: icmp_seq=24 ttl=61 time=321 ms
64 bytes from fd00::212:7407:7:707: icmp_seq=25 ttl=61 time=157 ms
64 bytes from fd00::212:7407:7:707: icmp_seq=26 ttl=61 time=337 ms
64 bytes from fd00::212:7407:7:707: icmp_seq=27 ttl=61 time=255 ms
64 bytes from fd00::212:7407:7:707: icmp_seq=28 ttl=61 time=251 ms
64 bytes from fd00::212:7407:7:707: icmp_seq=29 ttl=61 time=205 ms
64 bytes from fd00::212:7407:7:707: icmp_seq=30 ttl=61 time=157 ms
64 bytes from fd00::212:7407:7:707: icmp_seq=31 ttl=61 time=205 ms
64 bytes from fd00::212:7407:7:707: icmp_seq=32 ttl=61 time=204 ms
64 bytes from fd00::212:7407:7:707: icmp_seq=33 ttl=61 time=165 ms
64 bytes from fd00::212:7407:7:707: icmp_seq=34 ttl=61 time=157 ms
64 bytes from fd00::212:7407:7:707: icmp_seq=35 ttl=61 time=214 ms
64 bytes from fd00::212:7407:7:707: icmp_seq=36 ttl=61 time=168 ms
64 bytes from fd00::212:7407:7:707: icmp_seq=37 ttl=61 time=264 ms
64 bytes from fd00::212:7407:7:707: icmp_seq=38 ttl=61 time=247 ms
64 bytes from fd00::212:7407:7:707: icmp_seq=39 ttl=61 time=219 ms
64 bytes from fd00::212:7407:7:707: icmp_seq=40 ttl=61 time=191 ms
64 bytes from fd00::212:7407:7:707: icmp_seq=41 ttl=61 time=233 ms
64 bytes from fd00::212:7407:7:707: icmp_seq=42 ttl=61 time=227 ms
64 bytes from fd00::212:7407:7:707: icmp_seq=43 ttl=61 time=374 ms
64 bytes from fd00::212:7407:7:707: icmp_seq=44 ttl=61 time=195 ms
64 bytes from fd00::212:7407:7:707: icmp_seq=45 ttl=61 time=211 ms
64 bytes from fd00::212:7407:7:707: icmp_seq=46 ttl=61 time=179 ms
64 bytes from fd00::212:7407:7:707: icmp_seq=47 ttl=61 time=173 ms
64 bytes from fd00::212:7407:7:707: icmp_seq=48 ttl=61 time=190 ms
64 bytes from fd00::212:7407:7:707: icmp_seq=49 ttl=61 time=189 ms
64 bytes from fd00::212:7407:7:707: icmp_seq=50 ttl=61 time=162 ms
64 bytes from fd00::212:7407:7:707: icmp_seq=51 ttl=61 time=196 ms
64 bytes from fd00::212:7407:7:707: icmp_seq=52 ttl=61 time=175 ms
64 bytes from fd00::212:7407:7:707: icmp_seq=53 ttl=61 time=142 ms
64 bytes from fd00::212:7407:7:707: icmp_seq=54 ttl=61 time=181 ms
64 bytes from fd00::212:7407:7:707: icmp_seq=55 ttl=61 time=155 ms
64 bytes from fd00::212:7407:7:707: icmp_seq=56 ttl=61 time=167 ms
64 bytes from fd00::212:7407:7:707: icmp_seq=57 ttl=61 time=188 ms
64 bytes from fd00::212:7407:7:707: icmp_seq=58 ttl=61 time=196 ms
64 bytes from fd00::212:7407:7:707: icmp_seq=59 ttl=61 time=166 ms
64 bytes from fd00::212:7407:7:707: icmp_seq=60 ttl=61 time=180 ms
64 bytes from fd00::212:7407:7:707: icmp_seq=61 ttl=61 time=181 ms
64 bytes from fd00::212:7407:7:707: icmp_seq=62 ttl=61 time=157 ms
64 bytes from fd00::212:7407:7:707: icmp_seq=63 ttl=61 time=199 ms
64 bytes from fd00::212:7407:7:707: icmp_seq=64 ttl=61 time=189 ms
64 bytes from fd00::212:7407:7:707: icmp_seq=65 ttl=61 time=723 ms
64 bytes from fd00::212:7407:7:707: icmp_seq=66 ttl=61 time=312 ms
64 bytes from fd00::212:7407:7:707: icmp_seq=67 ttl=61 time=223 ms
64 bytes from fd00::212:7407:7:707: icmp_seq=68 ttl=61 time=168 ms
64 bytes from fd00::212:7407:7:707: icmp_seq=69 ttl=61 time=227 ms
64 bytes from fd00::212:7407:7:707: icmp_seq=70 ttl=61 time=211 ms
64 bytes from fd00::212:7407:7:707: icmp_seq=71 ttl=61 time=186 ms
64 bytes from fd00::212:7407:7:707: icmp_seq=72 ttl=61 time=241 ms
64 bytes from fd00::212:7407:7:707: icmp_seq=73 ttl=61 time=198 ms
64 bytes from fd00::212:7407:7:707: icmp_seq=74 ttl=61 time=238 ms
64 bytes from fd00::212:7407:7:707: icmp_seq=75 ttl=61 time=439 ms
64 bytes from fd00::212:7407:7:707: icmp_seq=76 ttl=61 time=343 ms
64 bytes from fd00::212:7407:7:707: icmp_seq=77 ttl=61 time=205 ms
64 bytes from fd00::212:7407:7:707: icmp_seq=78 ttl=61 time=156 ms
64 bytes from fd00::212:7407:7:707: icmp_seq=79 ttl=61 time=1433 ms
64 bytes from fd00::212:7407:7:707: icmp_seq=80 ttl=61 time=186 ms
64 bytes from fd00::212:7407:7:707: icmp_seq=81 ttl=61 time=204 ms
64 bytes from fd00::212:7407:7:707: icmp_seq=82 ttl=61 time=236 ms
64 bytes from fd00::212:7407:7:707: icmp_seq=83 ttl=61 time=192 ms
64 bytes from fd00::212:7407:7:707: icmp_seq=85 ttl=61 time=176 ms
64 bytes from fd00::212:7407:7:707: icmp_seq=86 ttl=61 time=155 ms
64 bytes from fd00::212:7407:7:707: icmp_seq=87 ttl=61 time=186 ms
64 bytes from fd00::212:7407:7:707: icmp_seq=88 ttl=61 time=141 ms
64 bytes from fd00::212:7407:7:707: icmp_seq=89 ttl=61 time=164 ms
64 bytes from fd00::212:7407:7:707: icmp_seq=90 ttl=61 time=172 ms
64 bytes from fd00::212:7407:7:707: icmp_seq=91 ttl=61 time=180 ms
64 bytes from fd00::212:7407:7:707: icmp_seq=92 ttl=61 time=154 ms
64 bytes from fd00::212:7407:7:707: icmp_seq=93 ttl=61 time=168 ms
64 bytes from fd00::212:7407:7:707: icmp_seq=94 ttl=61 time=154 ms
64 bytes from fd00::212:7407:7:707: icmp_seq=95 ttl=61 time=205 ms
64 bytes from fd00::212:7407:7:707: icmp_seq=96 ttl=61 time=159 ms
64 bytes from fd00::212:7407:7:707: icmp_seq=97 ttl=61 time=201 ms
64 bytes from fd00::212:7407:7:707: icmp_seq=98 ttl=61 time=192 ms
64 bytes from fd00::212:7407:7:707: icmp_seq=99 ttl=61 time=188 ms
64 bytes from fd00::212:7407:7:707: icmp_seq=100 ttl=61 time=177 ms

--- fd00::212:7407:7:707 ping statistics ---
100 packets transmitted, 95 received, 5% packet loss, time 495843ms
rtt min/avg/max/mdev = 141.047/246.236/1433.540/173.265 ms
