PING fd00::212:7403:3:303(fd00::212:7403:3:303) 56 data bytes
64 bytes from fd00::212:7403:3:303: icmp_seq=1 ttl=63 time=1684 ms
64 bytes from fd00::212:7403:3:303: icmp_seq=2 ttl=63 time=823 ms
64 bytes from fd00::212:7403:3:303: icmp_seq=3 ttl=63 time=155 ms
64 bytes from fd00::212:7403:3:303: icmp_seq=7 ttl=63 time=377 ms
64 bytes from fd00::212:7403:3:303: icmp_seq=12 ttl=63 time=81.1 ms
64 bytes from fd00::212:7403:3:303: icmp_seq=13 ttl=63 time=108 ms
64 bytes from fd00::212:7403:3:303: icmp_seq=14 ttl=63 time=87.9 ms
64 bytes from fd00::212:7403:3:303: icmp_seq=15 ttl=63 time=77.5 ms
64 bytes from fd00::212:7403:3:303: icmp_seq=16 ttl=63 time=125 ms
64 bytes from fd00::212:7403:3:303: icmp_seq=17 ttl=63 time=66.9 ms
64 bytes from fd00::212:7403:3:303: icmp_seq=18 ttl=63 time=73.8 ms
64 bytes from fd00::212:7403:3:303: icmp_seq=19 ttl=63 time=69.5 ms
64 bytes from fd00::212:7403:3:303: icmp_seq=20 ttl=63 time=131 ms
64 bytes from fd00::212:7403:3:303: icmp_seq=21 ttl=63 time=149 ms
64 bytes from fd00::212:7403:3:303: icmp_seq=22 ttl=63 time=89.1 ms
64 bytes from fd00::212:7403:3:303: icmp_seq=23 ttl=63 time=68.9 ms
64 bytes from fd00::212:7403:3:303: icmp_seq=24 ttl=63 time=73.9 ms
64 bytes from fd00::212:7403:3:303: icmp_seq=25 ttl=63 time=106 ms
64 bytes from fd00::212:7403:3:303: icmp_seq=26 ttl=63 time=64.6 ms
64 bytes from fd00::212:7403:3:303: icmp_seq=27 ttl=63 time=82.7 ms
64 bytes from fd00::212:7403:3:303: icmp_seq=28 ttl=63 time=167 ms
64 bytes from fd00::212:7403:3:303: icmp_seq=29 ttl=63 time=84.3 ms
64 bytes from fd00::212:7403:3:303: icmp_seq=30 ttl=63 time=136 ms
64 bytes from fd00::212:7403:3:303: icmp_seq=31 ttl=63 time=81.3 ms
64 bytes from fd00::212:7403:3:303: icmp_seq=32 ttl=63 time=162 ms
64 bytes from fd00::212:7403:3:303: icmp_seq=33 ttl=63 time=70.2 ms
64 bytes from fd00::212:7403:3:303: icmp_seq=34 ttl=63 time=61.2 ms
64 bytes from fd00::212:7403:3:303: icmp_seq=35 ttl=63 time=82.7 ms
64 bytes from fd00::212:7403:3:303: icmp_seq=36 ttl=63 time=121 ms
64 bytes from fd00::212:7403:3:303: icmp_seq=37 ttl=63 time=117 ms
64 bytes from fd00::212:7403:3:303: icmp_seq=38 ttl=63 time=48.2 ms
64 bytes from fd00::212:7403:3:303: icmp_seq=39 ttl=63 time=76.6 ms
64 bytes from fd00::212:7403:3:303: icmp_seq=40 ttl=63 time=120 ms
64 bytes from fd00::212:7403:3:303: icmp_seq=41 ttl=63 time=125 ms
64 bytes from fd00::212:7403:3:303: icmp_seq=42 ttl=63 time=91.2 ms
64 bytes from fd00::212:7403:3:303: icmp_seq=43 ttl=63 time=79.6 ms
64 bytes from fd00::212:7403:3:303: icmp_seq=44 ttl=63 time=69.6 ms
64 bytes from fd00::212:7403:3:303: icmp_seq=45 ttl=63 time=97.0 ms
64 bytes from fd00::212:7403:3:303: icmp_seq=46 ttl=63 time=70.8 ms
64 bytes from fd00::212:7403:3:303: icmp_seq=47 ttl=63 time=134 ms
64 bytes from fd00::212:7403:3:303: icmp_seq=48 ttl=63 time=100 ms
64 bytes from fd00::212:7403:3:303: icmp_seq=49 ttl=63 time=77.3 ms
64 bytes from fd00::212:7403:3:303: icmp_seq=50 ttl=63 time=136 ms
64 bytes from fd00::212:7403:3:303: icmp_seq=51 ttl=63 time=84.0 ms
64 bytes from fd00::212:7403:3:303: icmp_seq=53 ttl=63 time=129 ms
64 bytes from fd00::212:7403:3:303: icmp_seq=54 ttl=63 time=107 ms
64 bytes from fd00::212:7403:3:303: icmp_seq=55 ttl=63 time=140 ms
64 bytes from fd00::212:7403:3:303: icmp_seq=56 ttl=63 time=84.1 ms
64 bytes from fd00::212:7403:3:303: icmp_seq=57 ttl=63 time=324 ms
64 bytes from fd00::212:7403:3:303: icmp_seq=58 ttl=63 time=97.8 ms
64 bytes from fd00::212:7403:3:303: icmp_seq=59 ttl=63 time=91.3 ms
64 bytes from fd00::212:7403:3:303: icmp_seq=60 ttl=63 time=102 ms
64 bytes from fd00::212:7403:3:303: icmp_seq=61 ttl=63 time=79.2 ms
64 bytes from fd00::212:7403:3:303: icmp_seq=62 ttl=63 time=103 ms
64 bytes from fd00::212:7403:3:303: icmp_seq=63 ttl=63 time=127 ms
64 bytes from fd00::212:7403:3:303: icmp_seq=64 ttl=63 time=100 ms
64 bytes from fd00::212:7403:3:303: icmp_seq=65 ttl=63 time=130 ms
64 bytes from fd00::212:7403:3:303: icmp_seq=66 ttl=63 time=203 ms
64 bytes from fd00::212:7403:3:303: icmp_seq=67 ttl=63 time=93.2 ms
64 bytes from fd00::212:7403:3:303: icmp_seq=68 ttl=63 time=281 ms
64 bytes from fd00::212:7403:3:303: icmp_seq=69 ttl=63 time=116 ms
64 bytes from fd00::212:7403:3:303: icmp_seq=70 ttl=63 time=79.2 ms
64 bytes from fd00::212:7403:3:303: icmp_seq=71 ttl=63 time=117 ms
64 bytes from fd00::212:7403:3:303: icmp_seq=72 ttl=63 time=61.4 ms
64 bytes from fd00::212:7403:3:303: icmp_seq=73 ttl=63 time=428 ms
64 bytes from fd00::212:7403:3:303: icmp_seq=74 ttl=63 time=237 ms
64 bytes from fd00::212:7403:3:303: icmp_seq=75 ttl=63 time=96.0 ms
64 bytes from fd00::212:7403:3:303: icmp_seq=76 ttl=63 time=336 ms
64 bytes from fd00::212:7403:3:303: icmp_seq=77 ttl=63 time=228 ms
64 bytes from fd00::212:7403:3:303: icmp_seq=78 ttl=63 time=225 ms
64 bytes from fd00::212:7403:3:303: icmp_seq=79 ttl=63 time=146 ms
64 bytes from fd00::212:7403:3:303: icmp_seq=81 ttl=63 time=54.8 ms
64 bytes from fd00::212:7403:3:303: icmp_seq=82 ttl=63 time=57.5 ms
64 bytes from fd00::212:7403:3:303: icmp_seq=83 ttl=63 time=49.2 ms
64 bytes from fd00::212:7403:3:303: icmp_seq=84 ttl=63 time=66.2 ms
64 bytes from fd00::212:7403:3:303: icmp_seq=85 ttl=63 time=36.3 ms
64 bytes from fd00::212:7403:3:303: icmp_seq=86 ttl=63 time=99.0 ms
64 bytes from fd00::212:7403:3:303: icmp_seq=87 ttl=63 time=84.5 ms
64 bytes from fd00::212:7403:3:303: icmp_seq=88 ttl=63 time=68.8 ms
64 bytes from fd00::212:7403:3:303: icmp_seq=89 ttl=63 time=78.0 ms
64 bytes from fd00::212:7403:3:303: icmp_seq=90 ttl=63 time=71.7 ms
64 bytes from fd00::212:7403:3:303: icmp_seq=91 ttl=63 time=67.1 ms
64 bytes from fd00::212:7403:3:303: icmp_seq=92 ttl=63 time=68.3 ms
64 bytes from fd00::212:7403:3:303: icmp_seq=93 ttl=63 time=49.9 ms
64 bytes from fd00::212:7403:3:303: icmp_seq=94 ttl=63 time=52.7 ms
64 bytes from fd00::212:7403:3:303: icmp_seq=95 ttl=63 time=68.2 ms
64 bytes from fd00::212:7403:3:303: icmp_seq=96 ttl=63 time=65.0 ms
64 bytes from fd00::212:7403:3:303: icmp_seq=97 ttl=63 time=65.4 ms
64 bytes from fd00::212:7403:3:303: icmp_seq=98 ttl=63 time=60.9 ms
64 bytes from fd00::212:7403:3:303: icmp_seq=99 ttl=63 time=99.4 ms
64 bytes from fd00::212:7403:3:303: icmp_seq=100 ttl=63 time=82.3 ms

--- fd00::212:7403:3:303 ping statistics ---
100 packets transmitted, 91 received, 9% packet loss, time 496565ms
rtt min/avg/max/mdev = 36.356/137.535/1684.694/192.319 ms
