PING fd00::212:7404:4:404(fd00::212:7404:4:404) 56 data bytes
64 bytes from fd00::212:7404:4:404: icmp_seq=1 ttl=62 time=833 ms
64 bytes from fd00::212:7404:4:404: icmp_seq=3 ttl=62 time=1107 ms
64 bytes from fd00::212:7404:4:404: icmp_seq=4 ttl=62 time=560 ms
64 bytes from fd00::212:7404:4:404: icmp_seq=5 ttl=62 time=319 ms
64 bytes from fd00::212:7404:4:404: icmp_seq=6 ttl=62 time=241 ms
64 bytes from fd00::212:7404:4:404: icmp_seq=7 ttl=62 time=441 ms
64 bytes from fd00::212:7404:4:404: icmp_seq=8 ttl=62 time=255 ms
64 bytes from fd00::212:7404:4:404: icmp_seq=9 ttl=62 time=411 ms
64 bytes from fd00::212:7404:4:404: icmp_seq=10 ttl=62 time=327 ms
64 bytes from fd00::212:7404:4:404: icmp_seq=11 ttl=62 time=541 ms
64 bytes from fd00::212:7404:4:404: icmp_seq=12 ttl=62 time=356 ms
64 bytes from fd00::212:7404:4:404: icmp_seq=13 ttl=62 time=303 ms
64 bytes from fd00::212:7404:4:404: icmp_seq=14 ttl=62 time=175 ms
64 bytes from fd00::212:7404:4:404: icmp_seq=15 ttl=62 time=349 ms
64 bytes from fd00::212:7404:4:404: icmp_seq=16 ttl=62 time=247 ms
64 bytes from fd00::212:7404:4:404: icmp_seq=17 ttl=62 time=385 ms
64 bytes from fd00::212:7404:4:404: icmp_seq=18 ttl=62 time=241 ms
64 bytes from fd00::212:7404:4:404: icmp_seq=19 ttl=62 time=194 ms
64 bytes from fd00::212:7404:4:404: icmp_seq=21 ttl=62 time=176 ms
64 bytes from fd00::212:7404:4:404: icmp_seq=22 ttl=62 time=727 ms
64 bytes from fd00::212:7404:4:404: icmp_seq=23 ttl=62 time=329 ms
64 bytes from fd00::212:7404:4:404: icmp_seq=24 ttl=62 time=580 ms
64 bytes from fd00::212:7404:4:404: icmp_seq=25 ttl=62 time=433 ms
64 bytes from fd00::212:7404:4:404: icmp_seq=26 ttl=62 time=439 ms
64 bytes from fd00::212:7404:4:404: icmp_seq=27 ttl=62 time=735 ms
64 bytes from fd00::212:7404:4:404: icmp_seq=28 ttl=62 time=260 ms
64 bytes from fd00::212:7404:4:404: icmp_seq=29 ttl=62 time=744 ms
64 bytes from fd00::212:7404:4:404: icmp_seq=30 ttl=62 time=312 ms
64 bytes from fd00::212:7404:4:404: icmp_seq=31 ttl=62 time=530 ms
64 bytes from fd00::212:7404:4:404: icmp_seq=32 ttl=62 time=402 ms
64 bytes from fd00::212:7404:4:404: icmp_seq=33 ttl=62 time=216 ms
64 bytes from fd00::212:7404:4:404: icmp_seq=34 ttl=62 time=301 ms
64 bytes from fd00::212:7404:4:404: icmp_seq=35 ttl=62 time=364 ms
64 bytes from fd00::212:7404:4:404: icmp_seq=36 ttl=62 time=305 ms
64 bytes from fd00::212:7404:4:404: icmp_seq=37 ttl=62 time=544 ms
64 bytes from fd00::212:7404:4:404: icmp_seq=38 ttl=62 time=109 ms
64 bytes from fd00::212:7404:4:404: icmp_seq=39 ttl=62 time=270 ms
64 bytes from fd00::212:7404:4:404: icmp_seq=40 ttl=62 time=317 ms
64 bytes from fd00::212:7404:4:404: icmp_seq=41 ttl=62 time=191 ms
64 bytes from fd00::212:7404:4:404: icmp_seq=42 ttl=62 time=260 ms
64 bytes from fd00::212:7404:4:404: icmp_seq=43 ttl=62 time=123 ms
64 bytes from fd00::212:7404:4:404: icmp_seq=44 ttl=62 time=121 ms
64 bytes from fd00::212:7404:4:404: icmp_seq=45 ttl=62 time=124 ms
64 bytes from fd00::212:7404:4:404: icmp_seq=46 ttl=62 time=168 ms
64 bytes from fd00::212:7404:4:404: icmp_seq=47 ttl=62 time=232 ms
64 bytes from fd00::212:7404:4:404: icmp_seq=48 ttl=62 time=242 ms
64 bytes from fd00::212:7404:4:404: icmp_seq=49 ttl=62 time=127 ms
64 bytes from fd00::212:7404:4:404: icmp_seq=50 ttl=62 time=160 ms
64 bytes from fd00::212:7404:4:404: icmp_seq=51 ttl=62 time=126 ms
64 bytes from fd00::212:7404:4:404: icmp_seq=52 ttl=62 time=126 ms
64 bytes from fd00::212:7404:4:404: icmp_seq=53 ttl=62 time=136 ms
64 bytes from fd00::212:7404:4:404: icmp_seq=54 ttl=62 time=175 ms
64 bytes from fd00::212:7404:4:404: icmp_seq=55 ttl=62 time=158 ms
64 bytes from fd00::212:7404:4:404: icmp_seq=56 ttl=62 time=119 ms
64 bytes from fd00::212:7404:4:404: icmp_seq=57 ttl=62 time=175 ms
64 bytes from fd00::212:7404:4:404: icmp_seq=58 ttl=62 time=120 ms
64 bytes from fd00::212:7404:4:404: icmp_seq=59 ttl=62 time=99.4 ms
64 bytes from fd00::212:7404:4:404: icmp_seq=60 ttl=62 time=162 ms
64 bytes from fd00::212:7404:4:404: icmp_seq=61 ttl=62 time=142 ms
64 bytes from fd00::212:7404:4:404: icmp_seq=62 ttl=62 time=107 ms
64 bytes from fd00::212:7404:4:404: icmp_seq=63 ttl=62 time=142 ms
64 bytes from fd00::212:7404:4:404: icmp_seq=64 ttl=62 time=136 ms
64 bytes from fd00::212:7404:4:404: icmp_seq=65 ttl=62 time=139 ms
64 bytes from fd00::212:7404:4:404: icmp_seq=66 ttl=62 time=1501 ms
64 bytes from fd00::212:7404:4:404: icmp_seq=67 ttl=62 time=120 ms
64 bytes from fd00::212:7404:4:404: icmp_seq=69 ttl=62 time=108 ms
64 bytes from fd00::212:7404:4:404: icmp_seq=70 ttl=62 time=297 ms
64 bytes from fd00::212:7404:4:404: icmp_seq=71 ttl=62 time=97.7 ms
64 bytes from fd00::212:7404:4:404: icmp_seq=72 ttl=62 time=195 ms
64 bytes from fd00::212:7404:4:404: icmp_seq=73 ttl=62 time=255 ms
64 bytes from fd00::212:7404:4:404: icmp_seq=74 ttl=62 time=554 ms
64 bytes from fd00::212:7404:4:404: icmp_seq=76 ttl=62 time=362 ms
64 bytes from fd00::212:7404:4:404: icmp_seq=77 ttl=62 time=388 ms
64 bytes from fd00::212:7404:4:404: icmp_seq=85 ttl=62 time=341 ms
64 bytes from fd00::212:7404:4:404: icmp_seq=86 ttl=62 time=523 ms
64 bytes from fd00::212:7404:4:404: icmp_seq=88 ttl=62 time=182 ms
64 bytes from fd00::212:7404:4:404: icmp_seq=89 ttl=62 time=476 ms
64 bytes from fd00::212:7404:4:404: icmp_seq=90 ttl=62 time=603 ms
64 bytes from fd00::212:7404:4:404: icmp_seq=91 ttl=62 time=97.1 ms
64 bytes from fd00::212:7404:4:404: icmp_seq=92 ttl=62 time=71.8 ms
64 bytes from fd00::212:7404:4:404: icmp_seq=93 ttl=62 time=76.9 ms
64 bytes from fd00::212:7404:4:404: icmp_seq=94 ttl=62 time=129 ms
64 bytes from fd00::212:7404:4:404: icmp_seq=95 ttl=62 time=98.6 ms
64 bytes from fd00::212:7404:4:404: icmp_seq=96 ttl=62 time=131 ms
64 bytes from fd00::212:7404:4:404: icmp_seq=97 ttl=62 time=100 ms
64 bytes from fd00::212:7404:4:404: icmp_seq=98 ttl=62 time=89.9 ms
64 bytes from fd00::212:7404:4:404: icmp_seq=99 ttl=62 time=86.3 ms
64 bytes from fd00::212:7404:4:404: icmp_seq=100 ttl=62 time=100 ms

--- fd00::212:7404:4:404 ping statistics ---
100 packets transmitted, 88 received, 12% packet loss, time 496624ms
rtt min/avg/max/mdev = 71.800/297.841/1501.959/234.746 ms
