PING fd00::212:740a:a:a0a(fd00::212:740a:a:a0a) 56 data bytes
64 bytes from fd00::212:740a:a:a0a: icmp_seq=1 ttl=60 time=327 ms
64 bytes from fd00::212:740a:a:a0a: icmp_seq=2 ttl=60 time=410 ms
64 bytes from fd00::212:740a:a:a0a: icmp_seq=3 ttl=60 time=365 ms
64 bytes from fd00::212:740a:a:a0a: icmp_seq=4 ttl=60 time=397 ms
64 bytes from fd00::212:740a:a:a0a: icmp_seq=5 ttl=60 time=413 ms
64 bytes from fd00::212:740a:a:a0a: icmp_seq=7 ttl=60 time=334 ms
64 bytes from fd00::212:740a:a:a0a: icmp_seq=8 ttl=60 time=294 ms
64 bytes from fd00::212:740a:a:a0a: icmp_seq=9 ttl=60 time=327 ms
64 bytes from fd00::212:740a:a:a0a: icmp_seq=11 ttl=60 time=210 ms
64 bytes from fd00::212:740a:a:a0a: icmp_seq=12 ttl=60 time=233 ms
64 bytes from fd00::212:740a:a:a0a: icmp_seq=13 ttl=60 time=296 ms
64 bytes from fd00::212:740a:a:a0a: icmp_seq=14 ttl=60 time=242 ms
64 bytes from fd00::212:740a:a:a0a: icmp_seq=15 ttl=60 time=229 ms
64 bytes from fd00::212:740a:a:a0a: icmp_seq=16 ttl=60 time=268 ms
64 bytes from fd00::212:740a:a:a0a: icmp_seq=17 ttl=60 time=267 ms
64 bytes from fd00::212:740a:a:a0a: icmp_seq=18 ttl=60 time=290 ms
64 bytes from fd00::212:740a:a:a0a: icmp_seq=19 ttl=60 time=244 ms
64 bytes from fd00::212:740a:a:a0a: icmp_seq=21 ttl=60 time=210 ms
64 bytes from fd00::212:740a:a:a0a: icmp_seq=22 ttl=60 time=267 ms
64 bytes from fd00::212:740a:a:a0a: icmp_seq=23 ttl=60 time=331 ms
64 bytes from fd00::212:740a:a:a0a: icmp_seq=24 ttl=60 time=254 ms
64 bytes from fd00::212:740a:a:a0a: icmp_seq=25 ttl=60 time=252 ms
64 bytes from fd00::212:740a:a:a0a: icmp_seq=26 ttl=60 time=252 ms
64 bytes from fd00::212:740a:a:a0a: icmp_seq=27 ttl=60 time=259 ms
64 bytes from fd00::212:740a:a:a0a: icmp_seq=28 ttl=60 time=306 ms
64 bytes from fd00::212:740a:a:a0a: icmp_seq=29 ttl=60 time=241 ms
64 bytes from fd00::212:740a:a:a0a: icmp_seq=30 ttl=60 time=328 ms
64 bytes from fd00::212:740a:a:a0a: icmp_seq=31 ttl=60 time=653 ms
64 bytes from fd00::212:740a:a:a0a: icmp_seq=32 ttl=60 time=260 ms
64 bytes from fd00::212:740a:a:a0a: icmp_seq=33 ttl=60 time=293 ms
64 bytes from fd00::212:740a:a:a0a: icmp_seq=34 ttl=60 time=277 ms
64 bytes from fd00::212:740a:a:a0a: icmp_seq=35 ttl=60 time=278 ms
64 bytes from fd00::212:740a:a:a0a: icmp_seq=36 ttl=60 time=258 ms
64 bytes from fd00::212:740a:a:a0a: icmp_seq=37 ttl=60 time=215 ms
64 bytes from fd00::212:740a:a:a0a: icmp_seq=38 ttl=60 time=316 ms
64 bytes from fd00::212:740a:a:a0a: icmp_seq=39 ttl=60 time=255 ms
64 bytes from fd00::212:740a:a:a0a: icmp_seq=40 ttl=60 time=260 ms
64 bytes from fd00::212:740a:a:a0a: icmp_seq=41 ttl=60 time=259 ms
64 bytes from fd00::212:740a:a:a0a: icmp_seq=42 ttl=60 time=308 ms
64 bytes from fd00::212:740a:a:a0a: icmp_seq=43 ttl=60 time=265 ms
64 bytes from fd00::212:740a:a:a0a: icmp_seq=44 ttl=60 time=267 ms
64 bytes from fd00::212:740a:a:a0a: icmp_seq=45 ttl=60 time=201 ms
64 bytes from fd00::212:740a:a:a0a: icmp_seq=46 ttl=60 time=210 ms
64 bytes from fd00::212:740a:a:a0a: icmp_seq=47 ttl=60 time=248 ms
64 bytes from fd00::212:740a:a:a0a: icmp_seq=48 ttl=60 time=251 ms
64 bytes from fd00::212:740a:a:a0a: icmp_seq=49 ttl=60 time=252 ms
64 bytes from fd00::212:740a:a:a0a: icmp_seq=50 ttl=60 time=280 ms
64 bytes from fd00::212:740a:a:a0a: icmp_seq=51 ttl=60 time=249 ms
64 bytes from fd00::212:740a:a:a0a: icmp_seq=52 ttl=60 time=330 ms
64 bytes from fd00::212:740a:a:a0a: icmp_seq=53 ttl=60 time=436 ms
64 bytes from fd00::212:740a:a:a0a: icmp_seq=54 ttl=60 time=313 ms
64 bytes from fd00::212:740a:a:a0a: icmp_seq=55 ttl=60 time=227 ms
64 bytes from fd00::212:740a:a:a0a: icmp_seq=56 ttl=60 time=336 ms
64 bytes from fd00::212:740a:a:a0a: icmp_seq=57 ttl=60 time=209 ms
64 bytes from fd00::212:740a:a:a0a: icmp_seq=58 ttl=60 time=257 ms
64 bytes from fd00::212:740a:a:a0a: icmp_seq=59 ttl=60 time=466 ms
64 bytes from fd00::212:740a:a:a0a: icmp_seq=60 ttl=60 time=309 ms
64 bytes from fd00::212:740a:a:a0a: icmp_seq=61 ttl=60 time=339 ms
64 bytes from fd00::212:740a:a:a0a: icmp_seq=62 ttl=60 time=249 ms
64 bytes from fd00::212:740a:a:a0a: icmp_seq=63 ttl=60 time=240 ms
64 bytes from fd00::212:740a:a:a0a: icmp_seq=64 ttl=60 time=262 ms
64 bytes from fd00::212:740a:a:a0a: icmp_seq=65 ttl=60 time=235 ms
64 bytes from fd00::212:740a:a:a0a: icmp_seq=66 ttl=60 time=279 ms
64 bytes from fd00::212:740a:a:a0a: icmp_seq=67 ttl=60 time=280 ms
64 bytes from fd00::212:740a:a:a0a: icmp_seq=68 ttl=60 time=231 ms
64 bytes from fd00::212:740a:a:a0a: icmp_seq=69 ttl=60 time=228 ms
64 bytes from fd00::212:740a:a:a0a: icmp_seq=70 ttl=60 time=292 ms
64 bytes from fd00::212:740a:a:a0a: icmp_seq=71 ttl=60 time=210 ms
64 bytes from fd00::212:740a:a:a0a: icmp_seq=72 ttl=60 time=281 ms
64 bytes from fd00::212:740a:a:a0a: icmp_seq=73 ttl=60 time=232 ms
64 bytes from fd00::212:740a:a:a0a: icmp_seq=74 ttl=60 time=230 ms
64 bytes from fd00::212:740a:a:a0a: icmp_seq=75 ttl=60 time=245 ms
64 bytes from fd00::212:740a:a:a0a: icmp_seq=76 ttl=60 time=271 ms
64 bytes from fd00::212:740a:a:a0a: icmp_seq=77 ttl=60 time=244 ms
64 bytes from fd00::212:740a:a:a0a: icmp_seq=78 ttl=60 time=220 ms
64 bytes from fd00::212:740a:a:a0a: icmp_seq=79 ttl=60 time=392 ms
64 bytes from fd00::212:740a:a:a0a: icmp_seq=80 ttl=60 time=260 ms
64 bytes from fd00::212:740a:a:a0a: icmp_seq=81 ttl=60 time=250 ms
64 bytes from fd00::212:740a:a:a0a: icmp_seq=82 ttl=60 time=202 ms
64 bytes from fd00::212:740a:a:a0a: icmp_seq=83 ttl=60 time=231 ms
64 bytes from fd00::212:740a:a:a0a: icmp_seq=84 ttl=60 time=294 ms
64 bytes from fd00::212:740a:a:a0a: icmp_seq=85 ttl=60 time=319 ms
64 bytes from fd00::212:740a:a:a0a: icmp_seq=86 ttl=60 time=262 ms
64 bytes from fd00::212:740a:a:a0a: icmp_seq=87 ttl=60 time=304 ms
64 bytes from fd00::212:740a:a:a0a: icmp_seq=88 ttl=60 time=302 ms
64 bytes from fd00::212:740a:a:a0a: icmp_seq=89 ttl=60 time=373 ms
64 bytes from fd00::212:740a:a:a0a: icmp_seq=90 ttl=60 time=245 ms
64 bytes from fd00::212:740a:a:a0a: icmp_seq=91 ttl=60 time=256 ms
64 bytes from fd00::212:740a:a:a0a: icmp_seq=92 ttl=60 time=274 ms
64 bytes from fd00::212:740a:a:a0a: icmp_seq=93 ttl=60 time=383 ms
64 bytes from fd00::212:740a:a:a0a: icmp_seq=94 ttl=60 time=242 ms
64 bytes from fd00::212:740a:a:a0a: icmp_seq=95 ttl=60 time=243 ms
64 bytes from fd00::212:740a:a:a0a: icmp_seq=96 ttl=60 time=303 ms
64 bytes from fd00::212:740a:a:a0a: icmp_seq=97 ttl=60 time=326 ms
64 bytes from fd00::212:740a:a:a0a: icmp_seq=98 ttl=60 time=309 ms
64 bytes from fd00::212:740a:a:a0a: icmp_seq=99 ttl=60 time=279 ms
64 bytes from fd00::212:740a:a:a0a: icmp_seq=100 ttl=60 time=228 ms

--- fd00::212:740a:a:a0a ping statistics ---
100 packets transmitted, 97 received, 3% packet loss, time 496322ms
rtt min/avg/max/mdev = 201.879/283.181/653.062/65.276 ms
