PING aaaa::212:7410:10:1010(aaaa::212:7410:10:1010) 56 data bytes
64 bytes from aaaa::212:7410:10:1010: icmp_seq=4 ttl=60 time=363 ms
64 bytes from aaaa::212:7410:10:1010: icmp_seq=5 ttl=60 time=352 ms
64 bytes from aaaa::212:7410:10:1010: icmp_seq=6 ttl=60 time=738 ms
64 bytes from aaaa::212:7410:10:1010: icmp_seq=7 ttl=60 time=395 ms
64 bytes from aaaa::212:7410:10:1010: icmp_seq=8 ttl=60 time=394 ms
64 bytes from aaaa::212:7410:10:1010: icmp_seq=9 ttl=60 time=1068 ms
64 bytes from aaaa::212:7410:10:1010: icmp_seq=10 ttl=60 time=571 ms
64 bytes from aaaa::212:7410:10:1010: icmp_seq=11 ttl=60 time=333 ms
64 bytes from aaaa::212:7410:10:1010: icmp_seq=12 ttl=60 time=312 ms
64 bytes from aaaa::212:7410:10:1010: icmp_seq=13 ttl=60 time=487 ms
64 bytes from aaaa::212:7410:10:1010: icmp_seq=14 ttl=60 time=375 ms
64 bytes from aaaa::212:7410:10:1010: icmp_seq=15 ttl=60 time=379 ms
64 bytes from aaaa::212:7410:10:1010: icmp_seq=16 ttl=60 time=382 ms
64 bytes from aaaa::212:7410:10:1010: icmp_seq=17 ttl=60 time=425 ms
64 bytes from aaaa::212:7410:10:1010: icmp_seq=18 ttl=60 time=374 ms
64 bytes from aaaa::212:7410:10:1010: icmp_seq=19 ttl=60 time=555 ms
64 bytes from aaaa::212:7410:10:1010: icmp_seq=20 ttl=60 time=264 ms
64 bytes from aaaa::212:7410:10:1010: icmp_seq=21 ttl=60 time=341 ms
64 bytes from aaaa::212:7410:10:1010: icmp_seq=22 ttl=60 time=635 ms
64 bytes from aaaa::212:7410:10:1010: icmp_seq=23 ttl=60 time=395 ms
64 bytes from aaaa::212:7410:10:1010: icmp_seq=36 ttl=60 time=315 ms
64 bytes from aaaa::212:7410:10:1010: icmp_seq=37 ttl=60 time=425 ms
64 bytes from aaaa::212:7410:10:1010: icmp_seq=38 ttl=60 time=306 ms
64 bytes from aaaa::212:7410:10:1010: icmp_seq=39 ttl=60 time=329 ms
64 bytes from aaaa::212:7410:10:1010: icmp_seq=40 ttl=60 time=360 ms
64 bytes from aaaa::212:7410:10:1010: icmp_seq=42 ttl=60 time=352 ms
64 bytes from aaaa::212:7410:10:1010: icmp_seq=44 ttl=60 time=948 ms
64 bytes from aaaa::212:7410:10:1010: icmp_seq=45 ttl=60 time=310 ms
64 bytes from aaaa::212:7410:10:1010: icmp_seq=47 ttl=60 time=261 ms
64 bytes from aaaa::212:7410:10:1010: icmp_seq=49 ttl=60 time=473 ms
64 bytes from aaaa::212:7410:10:1010: icmp_seq=50 ttl=60 time=295 ms
64 bytes from aaaa::212:7410:10:1010: icmp_seq=51 ttl=60 time=334 ms
64 bytes from aaaa::212:7410:10:1010: icmp_seq=53 ttl=60 time=376 ms
64 bytes from aaaa::212:7410:10:1010: icmp_seq=54 ttl=60 time=294 ms
64 bytes from aaaa::212:7410:10:1010: icmp_seq=55 ttl=60 time=298 ms
64 bytes from aaaa::212:7410:10:1010: icmp_seq=56 ttl=60 time=318 ms
64 bytes from aaaa::212:7410:10:1010: icmp_seq=57 ttl=60 time=410 ms
64 bytes from aaaa::212:7410:10:1010: icmp_seq=58 ttl=60 time=356 ms
64 bytes from aaaa::212:7410:10:1010: icmp_seq=59 ttl=60 time=400 ms
64 bytes from aaaa::212:7410:10:1010: icmp_seq=60 ttl=60 time=323 ms
64 bytes from aaaa::212:7410:10:1010: icmp_seq=61 ttl=60 time=292 ms
64 bytes from aaaa::212:7410:10:1010: icmp_seq=62 ttl=60 time=449 ms
64 bytes from aaaa::212:7410:10:1010: icmp_seq=63 ttl=60 time=354 ms
64 bytes from aaaa::212:7410:10:1010: icmp_seq=64 ttl=60 time=377 ms
64 bytes from aaaa::212:7410:10:1010: icmp_seq=65 ttl=60 time=298 ms
64 bytes from aaaa::212:7410:10:1010: icmp_seq=66 ttl=60 time=325 ms
64 bytes from aaaa::212:7410:10:1010: icmp_seq=67 ttl=60 time=268 ms
64 bytes from aaaa::212:7410:10:1010: icmp_seq=68 ttl=60 time=350 ms
64 bytes from aaaa::212:7410:10:1010: icmp_seq=69 ttl=60 time=557 ms
64 bytes from aaaa::212:7410:10:1010: icmp_seq=70 ttl=60 time=1747 ms
64 bytes from aaaa::212:7410:10:1010: icmp_seq=72 ttl=60 time=344 ms
64 bytes from aaaa::212:7410:10:1010: icmp_seq=73 ttl=60 time=331 ms
64 bytes from aaaa::212:7410:10:1010: icmp_seq=75 ttl=60 time=407 ms
64 bytes from aaaa::212:7410:10:1010: icmp_seq=76 ttl=60 time=916 ms
64 bytes from aaaa::212:7410:10:1010: icmp_seq=77 ttl=60 time=472 ms
64 bytes from aaaa::212:7410:10:1010: icmp_seq=78 ttl=60 time=527 ms
64 bytes from aaaa::212:7410:10:1010: icmp_seq=79 ttl=60 time=474 ms
64 bytes from aaaa::212:7410:10:1010: icmp_seq=80 ttl=60 time=428 ms
64 bytes from aaaa::212:7410:10:1010: icmp_seq=81 ttl=60 time=312 ms
64 bytes from aaaa::212:7410:10:1010: icmp_seq=82 ttl=60 time=462 ms
64 bytes from aaaa::212:7410:10:1010: icmp_seq=83 ttl=60 time=366 ms
64 bytes from aaaa::212:7410:10:1010: icmp_seq=84 ttl=60 time=473 ms
64 bytes from aaaa::212:7410:10:1010: icmp_seq=85 ttl=60 time=386 ms
64 bytes from aaaa::212:7410:10:1010: icmp_seq=86 ttl=60 time=501 ms
64 bytes from aaaa::212:7410:10:1010: icmp_seq=88 ttl=60 time=310 ms
64 bytes from aaaa::212:7410:10:1010: icmp_seq=89 ttl=60 time=252 ms
64 bytes from aaaa::212:7410:10:1010: icmp_seq=90 ttl=60 time=1168 ms
64 bytes from aaaa::212:7410:10:1010: icmp_seq=91 ttl=60 time=276 ms
64 bytes from aaaa::212:7410:10:1010: icmp_seq=92 ttl=60 time=373 ms
64 bytes from aaaa::212:7410:10:1010: icmp_seq=93 ttl=60 time=387 ms
64 bytes from aaaa::212:7410:10:1010: icmp_seq=94 ttl=60 time=350 ms
64 bytes from aaaa::212:7410:10:1010: icmp_seq=95 ttl=60 time=547 ms
64 bytes from aaaa::212:7410:10:1010: icmp_seq=96 ttl=60 time=331 ms
64 bytes from aaaa::212:7410:10:1010: icmp_seq=97 ttl=60 time=249 ms
64 bytes from aaaa::212:7410:10:1010: icmp_seq=99 ttl=60 time=252 ms
64 bytes from aaaa::212:7410:10:1010: icmp_seq=100 ttl=60 time=561 ms
64 bytes from aaaa::212:7410:10:1010: icmp_seq=101 ttl=60 time=603 ms
64 bytes from aaaa::212:7410:10:1010: icmp_seq=102 ttl=60 time=505 ms
64 bytes from aaaa::212:7410:10:1010: icmp_seq=103 ttl=60 time=572 ms
64 bytes from aaaa::212:7410:10:1010: icmp_seq=105 ttl=60 time=284 ms
64 bytes from aaaa::212:7410:10:1010: icmp_seq=106 ttl=60 time=417 ms
64 bytes from aaaa::212:7410:10:1010: icmp_seq=107 ttl=60 time=436 ms
64 bytes from aaaa::212:7410:10:1010: icmp_seq=109 ttl=60 time=348 ms
64 bytes from aaaa::212:7410:10:1010: icmp_seq=110 ttl=60 time=475 ms
64 bytes from aaaa::212:7410:10:1010: icmp_seq=111 ttl=60 time=471 ms
64 bytes from aaaa::212:7410:10:1010: icmp_seq=112 ttl=60 time=345 ms
64 bytes from aaaa::212:7410:10:1010: icmp_seq=113 ttl=60 time=395 ms
64 bytes from aaaa::212:7410:10:1010: icmp_seq=114 ttl=60 time=331 ms
64 bytes from aaaa::212:7410:10:1010: icmp_seq=116 ttl=60 time=340 ms
64 bytes from aaaa::212:7410:10:1010: icmp_seq=118 ttl=60 time=1439 ms
64 bytes from aaaa::212:7410:10:1010: icmp_seq=119 ttl=60 time=1015 ms
64 bytes from aaaa::212:7410:10:1010: icmp_seq=120 ttl=60 time=703 ms
64 bytes from aaaa::212:7410:10:1010: icmp_seq=121 ttl=60 time=801 ms
64 bytes from aaaa::212:7410:10:1010: icmp_seq=122 ttl=60 time=1087 ms
64 bytes from aaaa::212:7410:10:1010: icmp_seq=127 ttl=60 time=360 ms
64 bytes from aaaa::212:7410:10:1010: icmp_seq=137 ttl=60 time=2361 ms
64 bytes from aaaa::212:7410:10:1010: icmp_seq=138 ttl=60 time=640 ms
64 bytes from aaaa::212:7410:10:1010: icmp_seq=140 ttl=60 time=598 ms
64 bytes from aaaa::212:7410:10:1010: icmp_seq=142 ttl=60 time=346 ms
64 bytes from aaaa::212:7410:10:1010: icmp_seq=143 ttl=60 time=436 ms
64 bytes from aaaa::212:7410:10:1010: icmp_seq=144 ttl=60 time=349 ms
64 bytes from aaaa::212:7410:10:1010: icmp_seq=145 ttl=60 time=448 ms
64 bytes from aaaa::212:7410:10:1010: icmp_seq=146 ttl=60 time=364 ms
64 bytes from aaaa::212:7410:10:1010: icmp_seq=147 ttl=60 time=608 ms
64 bytes from aaaa::212:7410:10:1010: icmp_seq=151 ttl=60 time=786 ms
64 bytes from aaaa::212:7410:10:1010: icmp_seq=152 ttl=60 time=1124 ms
64 bytes from aaaa::212:7410:10:1010: icmp_seq=153 ttl=60 time=500 ms
64 bytes from aaaa::212:7410:10:1010: icmp_seq=154 ttl=60 time=540 ms
64 bytes from aaaa::212:7410:10:1010: icmp_seq=155 ttl=60 time=553 ms
64 bytes from aaaa::212:7410:10:1010: icmp_seq=156 ttl=60 time=772 ms
64 bytes from aaaa::212:7410:10:1010: icmp_seq=157 ttl=60 time=342 ms
64 bytes from aaaa::212:7410:10:1010: icmp_seq=158 ttl=60 time=640 ms
64 bytes from aaaa::212:7410:10:1010: icmp_seq=159 ttl=60 time=357 ms
64 bytes from aaaa::212:7410:10:1010: icmp_seq=160 ttl=60 time=308 ms
64 bytes from aaaa::212:7410:10:1010: icmp_seq=161 ttl=60 time=412 ms
64 bytes from aaaa::212:7410:10:1010: icmp_seq=162 ttl=60 time=695 ms
64 bytes from aaaa::212:7410:10:1010: icmp_seq=163 ttl=60 time=593 ms
64 bytes from aaaa::212:7410:10:1010: icmp_seq=165 ttl=60 time=440 ms
64 bytes from aaaa::212:7410:10:1010: icmp_seq=166 ttl=60 time=493 ms
64 bytes from aaaa::212:7410:10:1010: icmp_seq=169 ttl=60 time=526 ms
64 bytes from aaaa::212:7410:10:1010: icmp_seq=174 ttl=60 time=268 ms
64 bytes from aaaa::212:7410:10:1010: icmp_seq=175 ttl=60 time=487 ms
64 bytes from aaaa::212:7410:10:1010: icmp_seq=176 ttl=60 time=463 ms
64 bytes from aaaa::212:7410:10:1010: icmp_seq=177 ttl=60 time=353 ms
64 bytes from aaaa::212:7410:10:1010: icmp_seq=179 ttl=60 time=345 ms
64 bytes from aaaa::212:7410:10:1010: icmp_seq=180 ttl=60 time=333 ms
64 bytes from aaaa::212:7410:10:1010: icmp_seq=181 ttl=60 time=353 ms
64 bytes from aaaa::212:7410:10:1010: icmp_seq=182 ttl=60 time=445 ms
64 bytes from aaaa::212:7410:10:1010: icmp_seq=183 ttl=60 time=544 ms
64 bytes from aaaa::212:7410:10:1010: icmp_seq=184 ttl=60 time=327 ms
64 bytes from aaaa::212:7410:10:1010: icmp_seq=185 ttl=60 time=328 ms
64 bytes from aaaa::212:7410:10:1010: icmp_seq=187 ttl=60 time=327 ms
64 bytes from aaaa::212:7410:10:1010: icmp_seq=188 ttl=60 time=255 ms
64 bytes from aaaa::212:7410:10:1010: icmp_seq=189 ttl=60 time=270 ms
64 bytes from aaaa::212:7410:10:1010: icmp_seq=190 ttl=60 time=337 ms
64 bytes from aaaa::212:7410:10:1010: icmp_seq=191 ttl=60 time=812 ms
64 bytes from aaaa::212:7410:10:1010: icmp_seq=192 ttl=60 time=393 ms
64 bytes from aaaa::212:7410:10:1010: icmp_seq=193 ttl=60 time=365 ms
64 bytes from aaaa::212:7410:10:1010: icmp_seq=194 ttl=60 time=293 ms
64 bytes from aaaa::212:7410:10:1010: icmp_seq=195 ttl=60 time=273 ms
64 bytes from aaaa::212:7410:10:1010: icmp_seq=196 ttl=60 time=307 ms
64 bytes from aaaa::212:7410:10:1010: icmp_seq=197 ttl=60 time=290 ms
64 bytes from aaaa::212:7410:10:1010: icmp_seq=198 ttl=60 time=296 ms
64 bytes from aaaa::212:7410:10:1010: icmp_seq=199 ttl=60 time=283 ms
64 bytes from aaaa::212:7410:10:1010: icmp_seq=200 ttl=60 time=296 ms

--- aaaa::212:7410:10:1010 ping statistics ---
200 packets transmitted, 145 received, 27% packet loss, time 1003078ms
rtt min/avg/max/mdev = 249.057/471.479/2361.574/276.926 ms
