PING aaaa::212:7403:3:303(aaaa::212:7403:3:303) 56 data bytes
64 bytes from aaaa::212:7403:3:303: icmp_seq=3 ttl=63 time=169 ms
64 bytes from aaaa::212:7403:3:303: icmp_seq=4 ttl=63 time=122 ms
64 bytes from aaaa::212:7403:3:303: icmp_seq=5 ttl=63 time=135 ms
64 bytes from aaaa::212:7403:3:303: icmp_seq=6 ttl=63 time=76.3 ms
64 bytes from aaaa::212:7403:3:303: icmp_seq=7 ttl=63 time=51.6 ms
64 bytes from aaaa::212:7403:3:303: icmp_seq=8 ttl=63 time=56.6 ms
64 bytes from aaaa::212:7403:3:303: icmp_seq=9 ttl=63 time=166 ms
64 bytes from aaaa::212:7403:3:303: icmp_seq=10 ttl=63 time=73.4 ms
64 bytes from aaaa::212:7403:3:303: icmp_seq=11 ttl=63 time=86.4 ms
64 bytes from aaaa::212:7403:3:303: icmp_seq=12 ttl=63 time=207 ms
64 bytes from aaaa::212:7403:3:303: icmp_seq=13 ttl=63 time=76.8 ms
64 bytes from aaaa::212:7403:3:303: icmp_seq=14 ttl=63 time=154 ms
64 bytes from aaaa::212:7403:3:303: icmp_seq=15 ttl=63 time=114 ms
64 bytes from aaaa::212:7403:3:303: icmp_seq=16 ttl=63 time=79.2 ms
64 bytes from aaaa::212:7403:3:303: icmp_seq=17 ttl=63 time=64.9 ms
64 bytes from aaaa::212:7403:3:303: icmp_seq=18 ttl=63 time=88.5 ms
64 bytes from aaaa::212:7403:3:303: icmp_seq=19 ttl=63 time=87.4 ms
64 bytes from aaaa::212:7403:3:303: icmp_seq=20 ttl=63 time=52.2 ms
64 bytes from aaaa::212:7403:3:303: icmp_seq=21 ttl=63 time=167 ms
64 bytes from aaaa::212:7403:3:303: icmp_seq=22 ttl=63 time=145 ms
64 bytes from aaaa::212:7403:3:303: icmp_seq=23 ttl=63 time=77.2 ms
64 bytes from aaaa::212:7403:3:303: icmp_seq=24 ttl=63 time=54.5 ms
64 bytes from aaaa::212:7403:3:303: icmp_seq=25 ttl=63 time=77.9 ms
64 bytes from aaaa::212:7403:3:303: icmp_seq=26 ttl=63 time=82.8 ms
64 bytes from aaaa::212:7403:3:303: icmp_seq=27 ttl=63 time=92.9 ms
64 bytes from aaaa::212:7403:3:303: icmp_seq=28 ttl=63 time=86.7 ms
64 bytes from aaaa::212:7403:3:303: icmp_seq=29 ttl=63 time=45.3 ms
64 bytes from aaaa::212:7403:3:303: icmp_seq=30 ttl=63 time=55.3 ms
64 bytes from aaaa::212:7403:3:303: icmp_seq=31 ttl=63 time=84.6 ms
64 bytes from aaaa::212:7403:3:303: icmp_seq=46 ttl=63 time=413 ms
64 bytes from aaaa::212:7403:3:303: icmp_seq=47 ttl=63 time=457 ms
64 bytes from aaaa::212:7403:3:303: icmp_seq=49 ttl=63 time=172 ms
64 bytes from aaaa::212:7403:3:303: icmp_seq=50 ttl=63 time=103 ms
64 bytes from aaaa::212:7403:3:303: icmp_seq=51 ttl=63 time=78.3 ms
64 bytes from aaaa::212:7403:3:303: icmp_seq=52 ttl=63 time=112 ms
64 bytes from aaaa::212:7403:3:303: icmp_seq=54 ttl=63 time=103 ms
64 bytes from aaaa::212:7403:3:303: icmp_seq=55 ttl=63 time=82.0 ms
64 bytes from aaaa::212:7403:3:303: icmp_seq=56 ttl=63 time=97.1 ms
64 bytes from aaaa::212:7403:3:303: icmp_seq=57 ttl=63 time=183 ms
64 bytes from aaaa::212:7403:3:303: icmp_seq=58 ttl=63 time=88.2 ms
64 bytes from aaaa::212:7403:3:303: icmp_seq=59 ttl=63 time=103 ms
64 bytes from aaaa::212:7403:3:303: icmp_seq=60 ttl=63 time=94.8 ms
64 bytes from aaaa::212:7403:3:303: icmp_seq=61 ttl=63 time=124 ms
64 bytes from aaaa::212:7403:3:303: icmp_seq=62 ttl=63 time=157 ms
64 bytes from aaaa::212:7403:3:303: icmp_seq=63 ttl=63 time=129 ms
64 bytes from aaaa::212:7403:3:303: icmp_seq=64 ttl=63 time=93.5 ms
64 bytes from aaaa::212:7403:3:303: icmp_seq=65 ttl=63 time=338 ms
64 bytes from aaaa::212:7403:3:303: icmp_seq=66 ttl=63 time=117 ms
64 bytes from aaaa::212:7403:3:303: icmp_seq=67 ttl=63 time=136 ms
64 bytes from aaaa::212:7403:3:303: icmp_seq=68 ttl=63 time=67.2 ms
64 bytes from aaaa::212:7403:3:303: icmp_seq=69 ttl=63 time=99.1 ms
64 bytes from aaaa::212:7403:3:303: icmp_seq=70 ttl=63 time=104 ms
64 bytes from aaaa::212:7403:3:303: icmp_seq=71 ttl=63 time=118 ms
64 bytes from aaaa::212:7403:3:303: icmp_seq=72 ttl=63 time=338 ms
64 bytes from aaaa::212:7403:3:303: icmp_seq=73 ttl=63 time=206 ms
64 bytes from aaaa::212:7403:3:303: icmp_seq=74 ttl=63 time=91.6 ms
64 bytes from aaaa::212:7403:3:303: icmp_seq=75 ttl=63 time=65.6 ms
64 bytes from aaaa::212:7403:3:303: icmp_seq=76 ttl=63 time=103 ms
64 bytes from aaaa::212:7403:3:303: icmp_seq=77 ttl=63 time=104 ms
64 bytes from aaaa::212:7403:3:303: icmp_seq=78 ttl=63 time=94.1 ms
64 bytes from aaaa::212:7403:3:303: icmp_seq=79 ttl=63 time=180 ms
64 bytes from aaaa::212:7403:3:303: icmp_seq=80 ttl=63 time=301 ms
64 bytes from aaaa::212:7403:3:303: icmp_seq=81 ttl=63 time=748 ms
64 bytes from aaaa::212:7403:3:303: icmp_seq=82 ttl=63 time=58.8 ms
64 bytes from aaaa::212:7403:3:303: icmp_seq=83 ttl=63 time=108 ms
64 bytes from aaaa::212:7403:3:303: icmp_seq=84 ttl=63 time=193 ms
64 bytes from aaaa::212:7403:3:303: icmp_seq=85 ttl=63 time=101 ms
64 bytes from aaaa::212:7403:3:303: icmp_seq=86 ttl=63 time=129 ms
64 bytes from aaaa::212:7403:3:303: icmp_seq=87 ttl=63 time=125 ms
64 bytes from aaaa::212:7403:3:303: icmp_seq=88 ttl=63 time=144 ms
64 bytes from aaaa::212:7403:3:303: icmp_seq=89 ttl=63 time=284 ms
64 bytes from aaaa::212:7403:3:303: icmp_seq=90 ttl=63 time=125 ms
64 bytes from aaaa::212:7403:3:303: icmp_seq=91 ttl=63 time=122 ms
64 bytes from aaaa::212:7403:3:303: icmp_seq=92 ttl=63 time=162 ms
64 bytes from aaaa::212:7403:3:303: icmp_seq=93 ttl=63 time=206 ms
64 bytes from aaaa::212:7403:3:303: icmp_seq=94 ttl=63 time=133 ms
64 bytes from aaaa::212:7403:3:303: icmp_seq=95 ttl=63 time=156 ms
64 bytes from aaaa::212:7403:3:303: icmp_seq=96 ttl=63 time=81.5 ms
64 bytes from aaaa::212:7403:3:303: icmp_seq=97 ttl=63 time=133 ms
64 bytes from aaaa::212:7403:3:303: icmp_seq=98 ttl=63 time=167 ms
64 bytes from aaaa::212:7403:3:303: icmp_seq=99 ttl=63 time=270 ms
64 bytes from aaaa::212:7403:3:303: icmp_seq=100 ttl=63 time=103 ms
64 bytes from aaaa::212:7403:3:303: icmp_seq=101 ttl=63 time=112 ms
64 bytes from aaaa::212:7403:3:303: icmp_seq=102 ttl=63 time=199 ms
64 bytes from aaaa::212:7403:3:303: icmp_seq=103 ttl=63 time=233 ms
64 bytes from aaaa::212:7403:3:303: icmp_seq=104 ttl=63 time=222 ms
64 bytes from aaaa::212:7403:3:303: icmp_seq=105 ttl=63 time=129 ms
64 bytes from aaaa::212:7403:3:303: icmp_seq=106 ttl=63 time=87.5 ms
64 bytes from aaaa::212:7403:3:303: icmp_seq=107 ttl=63 time=101 ms
64 bytes from aaaa::212:7403:3:303: icmp_seq=108 ttl=63 time=146 ms
64 bytes from aaaa::212:7403:3:303: icmp_seq=109 ttl=63 time=96.5 ms
64 bytes from aaaa::212:7403:3:303: icmp_seq=110 ttl=63 time=96.4 ms
64 bytes from aaaa::212:7403:3:303: icmp_seq=111 ttl=63 time=107 ms
64 bytes from aaaa::212:7403:3:303: icmp_seq=112 ttl=63 time=70.7 ms
64 bytes from aaaa::212:7403:3:303: icmp_seq=113 ttl=63 time=69.8 ms
64 bytes from aaaa::212:7403:3:303: icmp_seq=114 ttl=63 time=71.9 ms
64 bytes from aaaa::212:7403:3:303: icmp_seq=115 ttl=63 time=229 ms
64 bytes from aaaa::212:7403:3:303: icmp_seq=116 ttl=63 time=65.0 ms
64 bytes from aaaa::212:7403:3:303: icmp_seq=117 ttl=63 time=117 ms
64 bytes from aaaa::212:7403:3:303: icmp_seq=118 ttl=63 time=76.6 ms
64 bytes from aaaa::212:7403:3:303: icmp_seq=119 ttl=63 time=187 ms
64 bytes from aaaa::212:7403:3:303: icmp_seq=120 ttl=63 time=404 ms
64 bytes from aaaa::212:7403:3:303: icmp_seq=121 ttl=63 time=115 ms
64 bytes from aaaa::212:7403:3:303: icmp_seq=127 ttl=63 time=726 ms
64 bytes from aaaa::212:7403:3:303: icmp_seq=135 ttl=63 time=649 ms
64 bytes from aaaa::212:7403:3:303: icmp_seq=136 ttl=63 time=175 ms
64 bytes from aaaa::212:7403:3:303: icmp_seq=140 ttl=63 time=317 ms
64 bytes from aaaa::212:7403:3:303: icmp_seq=141 ttl=63 time=169 ms
64 bytes from aaaa::212:7403:3:303: icmp_seq=146 ttl=63 time=118 ms
64 bytes from aaaa::212:7403:3:303: icmp_seq=147 ttl=63 time=115 ms
64 bytes from aaaa::212:7403:3:303: icmp_seq=148 ttl=63 time=122 ms
64 bytes from aaaa::212:7403:3:303: icmp_seq=149 ttl=63 time=118 ms
64 bytes from aaaa::212:7403:3:303: icmp_seq=150 ttl=63 time=99.2 ms
64 bytes from aaaa::212:7403:3:303: icmp_seq=151 ttl=63 time=158 ms
64 bytes from aaaa::212:7403:3:303: icmp_seq=152 ttl=63 time=623 ms
64 bytes from aaaa::212:7403:3:303: icmp_seq=153 ttl=63 time=119 ms
64 bytes from aaaa::212:7403:3:303: icmp_seq=154 ttl=63 time=146 ms
64 bytes from aaaa::212:7403:3:303: icmp_seq=155 ttl=63 time=64.9 ms
64 bytes from aaaa::212:7403:3:303: icmp_seq=156 ttl=63 time=115 ms
64 bytes from aaaa::212:7403:3:303: icmp_seq=157 ttl=63 time=87.2 ms
64 bytes from aaaa::212:7403:3:303: icmp_seq=158 ttl=63 time=142 ms
64 bytes from aaaa::212:7403:3:303: icmp_seq=159 ttl=63 time=130 ms
64 bytes from aaaa::212:7403:3:303: icmp_seq=160 ttl=63 time=105 ms
64 bytes from aaaa::212:7403:3:303: icmp_seq=161 ttl=63 time=113 ms
64 bytes from aaaa::212:7403:3:303: icmp_seq=162 ttl=63 time=73.2 ms
64 bytes from aaaa::212:7403:3:303: icmp_seq=163 ttl=63 time=74.2 ms
64 bytes from aaaa::212:7403:3:303: icmp_seq=164 ttl=63 time=100 ms
64 bytes from aaaa::212:7403:3:303: icmp_seq=165 ttl=63 time=85.8 ms
64 bytes from aaaa::212:7403:3:303: icmp_seq=166 ttl=63 time=173 ms
64 bytes from aaaa::212:7403:3:303: icmp_seq=167 ttl=63 time=54.8 ms
64 bytes from aaaa::212:7403:3:303: icmp_seq=168 ttl=63 time=78.7 ms
64 bytes from aaaa::212:7403:3:303: icmp_seq=169 ttl=63 time=150 ms
64 bytes from aaaa::212:7403:3:303: icmp_seq=172 ttl=63 time=82.5 ms
64 bytes from aaaa::212:7403:3:303: icmp_seq=177 ttl=63 time=112 ms
64 bytes from aaaa::212:7403:3:303: icmp_seq=178 ttl=63 time=111 ms
64 bytes from aaaa::212:7403:3:303: icmp_seq=179 ttl=63 time=168 ms
64 bytes from aaaa::212:7403:3:303: icmp_seq=180 ttl=63 time=109 ms
64 bytes from aaaa::212:7403:3:303: icmp_seq=181 ttl=63 time=198 ms
64 bytes from aaaa::212:7403:3:303: icmp_seq=182 ttl=63 time=115 ms
64 bytes from aaaa::212:7403:3:303: icmp_seq=183 ttl=63 time=149 ms
64 bytes from aaaa::212:7403:3:303: icmp_seq=184 ttl=63 time=68.3 ms
64 bytes from aaaa::212:7403:3:303: icmp_seq=185 ttl=63 time=198 ms
64 bytes from aaaa::212:7403:3:303: icmp_seq=186 ttl=63 time=118 ms
64 bytes from aaaa::212:7403:3:303: icmp_seq=187 ttl=63 time=181 ms
64 bytes from aaaa::212:7403:3:303: icmp_seq=188 ttl=63 time=440 ms
64 bytes from aaaa::212:7403:3:303: icmp_seq=189 ttl=63 time=64.0 ms
64 bytes from aaaa::212:7403:3:303: icmp_seq=190 ttl=63 time=203 ms
64 bytes from aaaa::212:7403:3:303: icmp_seq=191 ttl=63 time=65.8 ms
64 bytes from aaaa::212:7403:3:303: icmp_seq=192 ttl=63 time=170 ms
64 bytes from aaaa::212:7403:3:303: icmp_seq=193 ttl=63 time=99.7 ms
64 bytes from aaaa::212:7403:3:303: icmp_seq=194 ttl=63 time=136 ms
64 bytes from aaaa::212:7403:3:303: icmp_seq=195 ttl=63 time=157 ms
64 bytes from aaaa::212:7403:3:303: icmp_seq=196 ttl=63 time=212 ms
64 bytes from aaaa::212:7403:3:303: icmp_seq=197 ttl=63 time=120 ms
64 bytes from aaaa::212:7403:3:303: icmp_seq=198 ttl=63 time=70.2 ms
64 bytes from aaaa::212:7403:3:303: icmp_seq=199 ttl=63 time=35.9 ms
64 bytes from aaaa::212:7403:3:303: icmp_seq=200 ttl=63 time=93.8 ms

--- aaaa::212:7403:3:303 ping statistics ---
200 packets transmitted, 157 received, 21% packet loss, time 1000853ms
rtt min/avg/max/mdev = 35.950/147.114/748.221/114.509 ms
