PING aaaa::212:740e:e:e0e(aaaa::212:740e:e:e0e) 56 data bytes
64 bytes from aaaa::212:740e:e:e0e: icmp_seq=1 ttl=59 time=385 ms
64 bytes from aaaa::212:740e:e:e0e: icmp_seq=3 ttl=59 time=442 ms
64 bytes from aaaa::212:740e:e:e0e: icmp_seq=4 ttl=59 time=477 ms
64 bytes from aaaa::212:740e:e:e0e: icmp_seq=5 ttl=59 time=475 ms
64 bytes from aaaa::212:740e:e:e0e: icmp_seq=6 ttl=59 time=304 ms
64 bytes from aaaa::212:740e:e:e0e: icmp_seq=7 ttl=59 time=346 ms
64 bytes from aaaa::212:740e:e:e0e: icmp_seq=8 ttl=59 time=302 ms
64 bytes from aaaa::212:740e:e:e0e: icmp_seq=9 ttl=59 time=333 ms
64 bytes from aaaa::212:740e:e:e0e: icmp_seq=10 ttl=59 time=918 ms
64 bytes from aaaa::212:740e:e:e0e: icmp_seq=11 ttl=59 time=246 ms
64 bytes from aaaa::212:740e:e:e0e: icmp_seq=12 ttl=59 time=269 ms
64 bytes from aaaa::212:740e:e:e0e: icmp_seq=13 ttl=59 time=380 ms
64 bytes from aaaa::212:740e:e:e0e: icmp_seq=14 ttl=59 time=496 ms
64 bytes from aaaa::212:740e:e:e0e: icmp_seq=15 ttl=59 time=351 ms
64 bytes from aaaa::212:740e:e:e0e: icmp_seq=16 ttl=59 time=375 ms
64 bytes from aaaa::212:740e:e:e0e: icmp_seq=17 ttl=59 time=311 ms
64 bytes from aaaa::212:740e:e:e0e: icmp_seq=18 ttl=59 time=386 ms
64 bytes from aaaa::212:740e:e:e0e: icmp_seq=19 ttl=59 time=289 ms
64 bytes from aaaa::212:740e:e:e0e: icmp_seq=20 ttl=59 time=311 ms
64 bytes from aaaa::212:740e:e:e0e: icmp_seq=21 ttl=59 time=259 ms
64 bytes from aaaa::212:740e:e:e0e: icmp_seq=22 ttl=59 time=352 ms
64 bytes from aaaa::212:740e:e:e0e: icmp_seq=23 ttl=59 time=324 ms
64 bytes from aaaa::212:740e:e:e0e: icmp_seq=24 ttl=59 time=251 ms
64 bytes from aaaa::212:740e:e:e0e: icmp_seq=25 ttl=59 time=312 ms
64 bytes from aaaa::212:740e:e:e0e: icmp_seq=26 ttl=59 time=278 ms
64 bytes from aaaa::212:740e:e:e0e: icmp_seq=27 ttl=59 time=320 ms
64 bytes from aaaa::212:740e:e:e0e: icmp_seq=28 ttl=59 time=504 ms
64 bytes from aaaa::212:740e:e:e0e: icmp_seq=29 ttl=59 time=946 ms
64 bytes from aaaa::212:740e:e:e0e: icmp_seq=30 ttl=59 time=795 ms
64 bytes from aaaa::212:740e:e:e0e: icmp_seq=31 ttl=59 time=507 ms
64 bytes from aaaa::212:740e:e:e0e: icmp_seq=33 ttl=59 time=605 ms
64 bytes from aaaa::212:740e:e:e0e: icmp_seq=34 ttl=59 time=620 ms
64 bytes from aaaa::212:740e:e:e0e: icmp_seq=36 ttl=59 time=562 ms
64 bytes from aaaa::212:740e:e:e0e: icmp_seq=37 ttl=59 time=623 ms
64 bytes from aaaa::212:740e:e:e0e: icmp_seq=38 ttl=59 time=472 ms
64 bytes from aaaa::212:740e:e:e0e: icmp_seq=39 ttl=59 time=581 ms
64 bytes from aaaa::212:740e:e:e0e: icmp_seq=40 ttl=59 time=514 ms
64 bytes from aaaa::212:740e:e:e0e: icmp_seq=41 ttl=59 time=628 ms
64 bytes from aaaa::212:740e:e:e0e: icmp_seq=42 ttl=59 time=556 ms
64 bytes from aaaa::212:740e:e:e0e: icmp_seq=43 ttl=59 time=443 ms
64 bytes from aaaa::212:740e:e:e0e: icmp_seq=44 ttl=59 time=921 ms
64 bytes from aaaa::212:740e:e:e0e: icmp_seq=45 ttl=59 time=590 ms
64 bytes from aaaa::212:740e:e:e0e: icmp_seq=46 ttl=59 time=568 ms
64 bytes from aaaa::212:740e:e:e0e: icmp_seq=47 ttl=59 time=696 ms
64 bytes from aaaa::212:740e:e:e0e: icmp_seq=48 ttl=59 time=651 ms
64 bytes from aaaa::212:740e:e:e0e: icmp_seq=49 ttl=59 time=508 ms
64 bytes from aaaa::212:740e:e:e0e: icmp_seq=50 ttl=59 time=524 ms
64 bytes from aaaa::212:740e:e:e0e: icmp_seq=51 ttl=59 time=636 ms
64 bytes from aaaa::212:740e:e:e0e: icmp_seq=52 ttl=59 time=557 ms
64 bytes from aaaa::212:740e:e:e0e: icmp_seq=53 ttl=59 time=330 ms
64 bytes from aaaa::212:740e:e:e0e: icmp_seq=54 ttl=59 time=571 ms
64 bytes from aaaa::212:740e:e:e0e: icmp_seq=55 ttl=59 time=738 ms
64 bytes from aaaa::212:740e:e:e0e: icmp_seq=56 ttl=59 time=627 ms
64 bytes from aaaa::212:740e:e:e0e: icmp_seq=57 ttl=59 time=418 ms
64 bytes from aaaa::212:740e:e:e0e: icmp_seq=58 ttl=59 time=543 ms
64 bytes from aaaa::212:740e:e:e0e: icmp_seq=59 ttl=59 time=816 ms
64 bytes from aaaa::212:740e:e:e0e: icmp_seq=60 ttl=59 time=654 ms
64 bytes from aaaa::212:740e:e:e0e: icmp_seq=61 ttl=59 time=1261 ms
64 bytes from aaaa::212:740e:e:e0e: icmp_seq=62 ttl=59 time=600 ms
64 bytes from aaaa::212:740e:e:e0e: icmp_seq=63 ttl=59 time=1088 ms
64 bytes from aaaa::212:740e:e:e0e: icmp_seq=64 ttl=59 time=566 ms
64 bytes from aaaa::212:740e:e:e0e: icmp_seq=65 ttl=59 time=509 ms
64 bytes from aaaa::212:740e:e:e0e: icmp_seq=66 ttl=59 time=749 ms
64 bytes from aaaa::212:740e:e:e0e: icmp_seq=67 ttl=59 time=573 ms
64 bytes from aaaa::212:740e:e:e0e: icmp_seq=68 ttl=59 time=642 ms
64 bytes from aaaa::212:740e:e:e0e: icmp_seq=69 ttl=59 time=528 ms
64 bytes from aaaa::212:740e:e:e0e: icmp_seq=70 ttl=59 time=562 ms
64 bytes from aaaa::212:740e:e:e0e: icmp_seq=71 ttl=59 time=647 ms
64 bytes from aaaa::212:740e:e:e0e: icmp_seq=72 ttl=59 time=404 ms
64 bytes from aaaa::212:740e:e:e0e: icmp_seq=73 ttl=59 time=795 ms
64 bytes from aaaa::212:740e:e:e0e: icmp_seq=74 ttl=59 time=479 ms
64 bytes from aaaa::212:740e:e:e0e: icmp_seq=75 ttl=59 time=510 ms
64 bytes from aaaa::212:740e:e:e0e: icmp_seq=76 ttl=59 time=549 ms
64 bytes from aaaa::212:740e:e:e0e: icmp_seq=77 ttl=59 time=1476 ms
64 bytes from aaaa::212:740e:e:e0e: icmp_seq=78 ttl=59 time=875 ms
64 bytes from aaaa::212:740e:e:e0e: icmp_seq=79 ttl=59 time=992 ms
64 bytes from aaaa::212:740e:e:e0e: icmp_seq=80 ttl=59 time=415 ms
64 bytes from aaaa::212:740e:e:e0e: icmp_seq=81 ttl=59 time=524 ms
64 bytes from aaaa::212:740e:e:e0e: icmp_seq=82 ttl=59 time=351 ms
64 bytes from aaaa::212:740e:e:e0e: icmp_seq=83 ttl=59 time=468 ms
64 bytes from aaaa::212:740e:e:e0e: icmp_seq=84 ttl=59 time=423 ms
64 bytes from aaaa::212:740e:e:e0e: icmp_seq=85 ttl=59 time=920 ms
64 bytes from aaaa::212:740e:e:e0e: icmp_seq=86 ttl=59 time=358 ms
64 bytes from aaaa::212:740e:e:e0e: icmp_seq=87 ttl=59 time=483 ms
64 bytes from aaaa::212:740e:e:e0e: icmp_seq=88 ttl=59 time=572 ms
64 bytes from aaaa::212:740e:e:e0e: icmp_seq=91 ttl=59 time=1233 ms
64 bytes from aaaa::212:740e:e:e0e: icmp_seq=93 ttl=59 time=400 ms
64 bytes from aaaa::212:740e:e:e0e: icmp_seq=94 ttl=59 time=830 ms
64 bytes from aaaa::212:740e:e:e0e: icmp_seq=95 ttl=59 time=511 ms
64 bytes from aaaa::212:740e:e:e0e: icmp_seq=96 ttl=59 time=1529 ms
64 bytes from aaaa::212:740e:e:e0e: icmp_seq=97 ttl=59 time=522 ms
64 bytes from aaaa::212:740e:e:e0e: icmp_seq=98 ttl=59 time=301 ms
64 bytes from aaaa::212:740e:e:e0e: icmp_seq=99 ttl=59 time=370 ms
64 bytes from aaaa::212:740e:e:e0e: icmp_seq=100 ttl=59 time=958 ms
64 bytes from aaaa::212:740e:e:e0e: icmp_seq=101 ttl=59 time=992 ms
64 bytes from aaaa::212:740e:e:e0e: icmp_seq=102 ttl=59 time=2148 ms
64 bytes from aaaa::212:740e:e:e0e: icmp_seq=105 ttl=59 time=951 ms
64 bytes from aaaa::212:740e:e:e0e: icmp_seq=106 ttl=59 time=548 ms
64 bytes from aaaa::212:740e:e:e0e: icmp_seq=107 ttl=59 time=365 ms
64 bytes from aaaa::212:740e:e:e0e: icmp_seq=108 ttl=59 time=350 ms
64 bytes from aaaa::212:740e:e:e0e: icmp_seq=109 ttl=59 time=580 ms
64 bytes from aaaa::212:740e:e:e0e: icmp_seq=110 ttl=59 time=381 ms
64 bytes from aaaa::212:740e:e:e0e: icmp_seq=111 ttl=59 time=606 ms
64 bytes from aaaa::212:740e:e:e0e: icmp_seq=112 ttl=59 time=410 ms
64 bytes from aaaa::212:740e:e:e0e: icmp_seq=113 ttl=59 time=376 ms
64 bytes from aaaa::212:740e:e:e0e: icmp_seq=114 ttl=59 time=356 ms
64 bytes from aaaa::212:740e:e:e0e: icmp_seq=115 ttl=59 time=511 ms
64 bytes from aaaa::212:740e:e:e0e: icmp_seq=116 ttl=59 time=324 ms
64 bytes from aaaa::212:740e:e:e0e: icmp_seq=117 ttl=59 time=451 ms
64 bytes from aaaa::212:740e:e:e0e: icmp_seq=118 ttl=59 time=489 ms
64 bytes from aaaa::212:740e:e:e0e: icmp_seq=119 ttl=59 time=354 ms
64 bytes from aaaa::212:740e:e:e0e: icmp_seq=126 ttl=59 time=748 ms
64 bytes from aaaa::212:740e:e:e0e: icmp_seq=127 ttl=59 time=871 ms
64 bytes from aaaa::212:740e:e:e0e: icmp_seq=128 ttl=59 time=853 ms
64 bytes from aaaa::212:740e:e:e0e: icmp_seq=129 ttl=59 time=1190 ms
64 bytes from aaaa::212:740e:e:e0e: icmp_seq=130 ttl=59 time=853 ms
64 bytes from aaaa::212:740e:e:e0e: icmp_seq=131 ttl=59 time=1899 ms
64 bytes from aaaa::212:740e:e:e0e: icmp_seq=133 ttl=59 time=1963 ms
64 bytes from aaaa::212:740e:e:e0e: icmp_seq=134 ttl=59 time=527 ms
64 bytes from aaaa::212:740e:e:e0e: icmp_seq=135 ttl=59 time=488 ms
64 bytes from aaaa::212:740e:e:e0e: icmp_seq=136 ttl=59 time=1067 ms
64 bytes from aaaa::212:740e:e:e0e: icmp_seq=137 ttl=59 time=789 ms
64 bytes from aaaa::212:740e:e:e0e: icmp_seq=138 ttl=59 time=3156 ms
64 bytes from aaaa::212:740e:e:e0e: icmp_seq=139 ttl=59 time=933 ms
64 bytes from aaaa::212:740e:e:e0e: icmp_seq=140 ttl=59 time=1050 ms
64 bytes from aaaa::212:740e:e:e0e: icmp_seq=141 ttl=59 time=886 ms
64 bytes from aaaa::212:740e:e:e0e: icmp_seq=143 ttl=59 time=759 ms
64 bytes from aaaa::212:740e:e:e0e: icmp_seq=144 ttl=59 time=971 ms
64 bytes from aaaa::212:740e:e:e0e: icmp_seq=145 ttl=59 time=923 ms
64 bytes from aaaa::212:740e:e:e0e: icmp_seq=146 ttl=59 time=638 ms
64 bytes from aaaa::212:740e:e:e0e: icmp_seq=147 ttl=59 time=750 ms
64 bytes from aaaa::212:740e:e:e0e: icmp_seq=148 ttl=59 time=676 ms
64 bytes from aaaa::212:740e:e:e0e: icmp_seq=149 ttl=59 time=494 ms
64 bytes from aaaa::212:740e:e:e0e: icmp_seq=150 ttl=59 time=508 ms
64 bytes from aaaa::212:740e:e:e0e: icmp_seq=151 ttl=59 time=1179 ms
64 bytes from aaaa::212:740e:e:e0e: icmp_seq=152 ttl=59 time=635 ms
64 bytes from aaaa::212:740e:e:e0e: icmp_seq=153 ttl=59 time=453 ms
64 bytes from aaaa::212:740e:e:e0e: icmp_seq=154 ttl=59 time=503 ms
64 bytes from aaaa::212:740e:e:e0e: icmp_seq=155 ttl=59 time=589 ms
64 bytes from aaaa::212:740e:e:e0e: icmp_seq=156 ttl=59 time=556 ms
64 bytes from aaaa::212:740e:e:e0e: icmp_seq=157 ttl=59 time=778 ms
64 bytes from aaaa::212:740e:e:e0e: icmp_seq=158 ttl=59 time=546 ms
64 bytes from aaaa::212:740e:e:e0e: icmp_seq=159 ttl=59 time=630 ms
64 bytes from aaaa::212:740e:e:e0e: icmp_seq=160 ttl=59 time=597 ms
64 bytes from aaaa::212:740e:e:e0e: icmp_seq=161 ttl=59 time=305 ms
64 bytes from aaaa::212:740e:e:e0e: icmp_seq=162 ttl=59 time=663 ms
64 bytes from aaaa::212:740e:e:e0e: icmp_seq=163 ttl=59 time=655 ms
64 bytes from aaaa::212:740e:e:e0e: icmp_seq=164 ttl=59 time=640 ms
64 bytes from aaaa::212:740e:e:e0e: icmp_seq=165 ttl=59 time=805 ms
64 bytes from aaaa::212:740e:e:e0e: icmp_seq=166 ttl=59 time=823 ms
64 bytes from aaaa::212:740e:e:e0e: icmp_seq=167 ttl=59 time=617 ms
64 bytes from aaaa::212:740e:e:e0e: icmp_seq=168 ttl=59 time=690 ms
64 bytes from aaaa::212:740e:e:e0e: icmp_seq=169 ttl=59 time=439 ms
64 bytes from aaaa::212:740e:e:e0e: icmp_seq=170 ttl=59 time=418 ms
64 bytes from aaaa::212:740e:e:e0e: icmp_seq=171 ttl=59 time=379 ms
64 bytes from aaaa::212:740e:e:e0e: icmp_seq=172 ttl=59 time=483 ms
64 bytes from aaaa::212:740e:e:e0e: icmp_seq=173 ttl=59 time=491 ms
64 bytes from aaaa::212:740e:e:e0e: icmp_seq=174 ttl=59 time=520 ms
64 bytes from aaaa::212:740e:e:e0e: icmp_seq=175 ttl=59 time=423 ms
64 bytes from aaaa::212:740e:e:e0e: icmp_seq=176 ttl=59 time=500 ms
64 bytes from aaaa::212:740e:e:e0e: icmp_seq=177 ttl=59 time=310 ms
64 bytes from aaaa::212:740e:e:e0e: icmp_seq=178 ttl=59 time=503 ms
64 bytes from aaaa::212:740e:e:e0e: icmp_seq=179 ttl=59 time=344 ms
64 bytes from aaaa::212:740e:e:e0e: icmp_seq=180 ttl=59 time=332 ms
64 bytes from aaaa::212:740e:e:e0e: icmp_seq=181 ttl=59 time=345 ms
64 bytes from aaaa::212:740e:e:e0e: icmp_seq=182 ttl=59 time=432 ms
64 bytes from aaaa::212:740e:e:e0e: icmp_seq=183 ttl=59 time=564 ms
64 bytes from aaaa::212:740e:e:e0e: icmp_seq=184 ttl=59 time=480 ms
64 bytes from aaaa::212:740e:e:e0e: icmp_seq=185 ttl=59 time=456 ms
64 bytes from aaaa::212:740e:e:e0e: icmp_seq=186 ttl=59 time=1050 ms
64 bytes from aaaa::212:740e:e:e0e: icmp_seq=187 ttl=59 time=402 ms
64 bytes from aaaa::212:740e:e:e0e: icmp_seq=188 ttl=59 time=513 ms
64 bytes from aaaa::212:740e:e:e0e: icmp_seq=189 ttl=59 time=832 ms
64 bytes from aaaa::212:740e:e:e0e: icmp_seq=190 ttl=59 time=474 ms
64 bytes from aaaa::212:740e:e:e0e: icmp_seq=191 ttl=59 time=482 ms
64 bytes from aaaa::212:740e:e:e0e: icmp_seq=192 ttl=59 time=360 ms
64 bytes from aaaa::212:740e:e:e0e: icmp_seq=193 ttl=59 time=646 ms
64 bytes from aaaa::212:740e:e:e0e: icmp_seq=194 ttl=59 time=342 ms
64 bytes from aaaa::212:740e:e:e0e: icmp_seq=195 ttl=59 time=391 ms
64 bytes from aaaa::212:740e:e:e0e: icmp_seq=196 ttl=59 time=288 ms
64 bytes from aaaa::212:740e:e:e0e: icmp_seq=197 ttl=59 time=425 ms
64 bytes from aaaa::212:740e:e:e0e: icmp_seq=198 ttl=59 time=340 ms
64 bytes from aaaa::212:740e:e:e0e: icmp_seq=199 ttl=59 time=414 ms
64 bytes from aaaa::212:740e:e:e0e: icmp_seq=200 ttl=59 time=343 ms

--- aaaa::212:740e:e:e0e ping statistics ---
200 packets transmitted, 184 received, 8% packet loss, time 997635ms
rtt min/avg/max/mdev = 246.892/613.212/3156.549/352.874 ms
