PING aaaa::212:740d:d:d0d(aaaa::212:740d:d:d0d) 56 data bytes
64 bytes from aaaa::212:740d:d:d0d: icmp_seq=1 ttl=60 time=569 ms
64 bytes from aaaa::212:740d:d:d0d: icmp_seq=7 ttl=60 time=634 ms
64 bytes from aaaa::212:740d:d:d0d: icmp_seq=19 ttl=60 time=435 ms
64 bytes from aaaa::212:740d:d:d0d: icmp_seq=20 ttl=60 time=904 ms
64 bytes from aaaa::212:740d:d:d0d: icmp_seq=21 ttl=60 time=608 ms
64 bytes from aaaa::212:740d:d:d0d: icmp_seq=22 ttl=60 time=698 ms
64 bytes from aaaa::212:740d:d:d0d: icmp_seq=23 ttl=60 time=376 ms
64 bytes from aaaa::212:740d:d:d0d: icmp_seq=25 ttl=60 time=500 ms
64 bytes from aaaa::212:740d:d:d0d: icmp_seq=26 ttl=60 time=330 ms
64 bytes from aaaa::212:740d:d:d0d: icmp_seq=27 ttl=60 time=785 ms
64 bytes from aaaa::212:740d:d:d0d: icmp_seq=28 ttl=60 time=345 ms
64 bytes from aaaa::212:740d:d:d0d: icmp_seq=29 ttl=60 time=888 ms
64 bytes from aaaa::212:740d:d:d0d: icmp_seq=30 ttl=60 time=376 ms
64 bytes from aaaa::212:740d:d:d0d: icmp_seq=31 ttl=60 time=380 ms
64 bytes from aaaa::212:740d:d:d0d: icmp_seq=32 ttl=60 time=690 ms
64 bytes from aaaa::212:740d:d:d0d: icmp_seq=33 ttl=60 time=400 ms
64 bytes from aaaa::212:740d:d:d0d: icmp_seq=34 ttl=60 time=367 ms
64 bytes from aaaa::212:740d:d:d0d: icmp_seq=35 ttl=60 time=490 ms
64 bytes from aaaa::212:740d:d:d0d: icmp_seq=36 ttl=60 time=326 ms
64 bytes from aaaa::212:740d:d:d0d: icmp_seq=38 ttl=60 time=316 ms
64 bytes from aaaa::212:740d:d:d0d: icmp_seq=39 ttl=60 time=299 ms
64 bytes from aaaa::212:740d:d:d0d: icmp_seq=40 ttl=60 time=370 ms
64 bytes from aaaa::212:740d:d:d0d: icmp_seq=41 ttl=60 time=1012 ms
64 bytes from aaaa::212:740d:d:d0d: icmp_seq=42 ttl=60 time=321 ms
64 bytes from aaaa::212:740d:d:d0d: icmp_seq=43 ttl=60 time=344 ms
64 bytes from aaaa::212:740d:d:d0d: icmp_seq=44 ttl=60 time=306 ms
64 bytes from aaaa::212:740d:d:d0d: icmp_seq=47 ttl=60 time=512 ms
64 bytes from aaaa::212:740d:d:d0d: icmp_seq=48 ttl=60 time=257 ms
64 bytes from aaaa::212:740d:d:d0d: icmp_seq=49 ttl=60 time=479 ms
64 bytes from aaaa::212:740d:d:d0d: icmp_seq=50 ttl=60 time=421 ms
64 bytes from aaaa::212:740d:d:d0d: icmp_seq=52 ttl=60 time=387 ms
64 bytes from aaaa::212:740d:d:d0d: icmp_seq=53 ttl=60 time=437 ms
64 bytes from aaaa::212:740d:d:d0d: icmp_seq=54 ttl=60 time=437 ms
64 bytes from aaaa::212:740d:d:d0d: icmp_seq=56 ttl=60 time=563 ms
64 bytes from aaaa::212:740d:d:d0d: icmp_seq=57 ttl=60 time=348 ms
64 bytes from aaaa::212:740d:d:d0d: icmp_seq=58 ttl=60 time=454 ms
64 bytes from aaaa::212:740d:d:d0d: icmp_seq=59 ttl=60 time=378 ms
64 bytes from aaaa::212:740d:d:d0d: icmp_seq=60 ttl=60 time=530 ms
64 bytes from aaaa::212:740d:d:d0d: icmp_seq=61 ttl=60 time=495 ms
64 bytes from aaaa::212:740d:d:d0d: icmp_seq=62 ttl=60 time=542 ms
64 bytes from aaaa::212:740d:d:d0d: icmp_seq=63 ttl=60 time=531 ms
64 bytes from aaaa::212:740d:d:d0d: icmp_seq=65 ttl=60 time=359 ms
64 bytes from aaaa::212:740d:d:d0d: icmp_seq=66 ttl=60 time=439 ms
64 bytes from aaaa::212:740d:d:d0d: icmp_seq=68 ttl=60 time=478 ms
64 bytes from aaaa::212:740d:d:d0d: icmp_seq=69 ttl=60 time=426 ms
64 bytes from aaaa::212:740d:d:d0d: icmp_seq=70 ttl=60 time=677 ms
64 bytes from aaaa::212:740d:d:d0d: icmp_seq=71 ttl=60 time=690 ms
64 bytes from aaaa::212:740d:d:d0d: icmp_seq=73 ttl=60 time=364 ms
64 bytes from aaaa::212:740d:d:d0d: icmp_seq=74 ttl=60 time=322 ms
64 bytes from aaaa::212:740d:d:d0d: icmp_seq=75 ttl=60 time=312 ms
64 bytes from aaaa::212:740d:d:d0d: icmp_seq=76 ttl=60 time=260 ms
64 bytes from aaaa::212:740d:d:d0d: icmp_seq=78 ttl=60 time=289 ms
64 bytes from aaaa::212:740d:d:d0d: icmp_seq=79 ttl=60 time=483 ms
64 bytes from aaaa::212:740d:d:d0d: icmp_seq=80 ttl=60 time=246 ms
64 bytes from aaaa::212:740d:d:d0d: icmp_seq=81 ttl=60 time=324 ms
64 bytes from aaaa::212:740d:d:d0d: icmp_seq=82 ttl=60 time=514 ms
64 bytes from aaaa::212:740d:d:d0d: icmp_seq=85 ttl=60 time=370 ms
64 bytes from aaaa::212:740d:d:d0d: icmp_seq=86 ttl=60 time=536 ms
64 bytes from aaaa::212:740d:d:d0d: icmp_seq=87 ttl=60 time=257 ms
64 bytes from aaaa::212:740d:d:d0d: icmp_seq=88 ttl=60 time=284 ms
64 bytes from aaaa::212:740d:d:d0d: icmp_seq=89 ttl=60 time=870 ms
64 bytes from aaaa::212:740d:d:d0d: icmp_seq=90 ttl=60 time=481 ms
64 bytes from aaaa::212:740d:d:d0d: icmp_seq=91 ttl=60 time=510 ms
64 bytes from aaaa::212:740d:d:d0d: icmp_seq=92 ttl=60 time=863 ms
64 bytes from aaaa::212:740d:d:d0d: icmp_seq=93 ttl=60 time=538 ms
64 bytes from aaaa::212:740d:d:d0d: icmp_seq=94 ttl=60 time=809 ms
64 bytes from aaaa::212:740d:d:d0d: icmp_seq=99 ttl=60 time=409 ms
64 bytes from aaaa::212:740d:d:d0d: icmp_seq=100 ttl=60 time=247 ms
64 bytes from aaaa::212:740d:d:d0d: icmp_seq=101 ttl=60 time=839 ms
64 bytes from aaaa::212:740d:d:d0d: icmp_seq=103 ttl=60 time=377 ms
64 bytes from aaaa::212:740d:d:d0d: icmp_seq=104 ttl=60 time=371 ms
64 bytes from aaaa::212:740d:d:d0d: icmp_seq=105 ttl=60 time=297 ms
64 bytes from aaaa::212:740d:d:d0d: icmp_seq=106 ttl=60 time=236 ms
64 bytes from aaaa::212:740d:d:d0d: icmp_seq=107 ttl=60 time=246 ms
64 bytes from aaaa::212:740d:d:d0d: icmp_seq=108 ttl=60 time=324 ms
64 bytes from aaaa::212:740d:d:d0d: icmp_seq=109 ttl=60 time=277 ms
64 bytes from aaaa::212:740d:d:d0d: icmp_seq=110 ttl=60 time=411 ms
64 bytes from aaaa::212:740d:d:d0d: icmp_seq=111 ttl=60 time=247 ms
64 bytes from aaaa::212:740d:d:d0d: icmp_seq=112 ttl=60 time=346 ms
64 bytes from aaaa::212:740d:d:d0d: icmp_seq=113 ttl=60 time=251 ms
64 bytes from aaaa::212:740d:d:d0d: icmp_seq=114 ttl=60 time=248 ms
64 bytes from aaaa::212:740d:d:d0d: icmp_seq=115 ttl=60 time=273 ms
64 bytes from aaaa::212:740d:d:d0d: icmp_seq=116 ttl=60 time=320 ms
64 bytes from aaaa::212:740d:d:d0d: icmp_seq=117 ttl=60 time=394 ms
64 bytes from aaaa::212:740d:d:d0d: icmp_seq=118 ttl=60 time=270 ms
64 bytes from aaaa::212:740d:d:d0d: icmp_seq=119 ttl=60 time=263 ms
64 bytes from aaaa::212:740d:d:d0d: icmp_seq=120 ttl=60 time=246 ms
64 bytes from aaaa::212:740d:d:d0d: icmp_seq=121 ttl=60 time=294 ms
64 bytes from aaaa::212:740d:d:d0d: icmp_seq=122 ttl=60 time=299 ms
64 bytes from aaaa::212:740d:d:d0d: icmp_seq=123 ttl=60 time=279 ms
64 bytes from aaaa::212:740d:d:d0d: icmp_seq=124 ttl=60 time=365 ms
64 bytes from aaaa::212:740d:d:d0d: icmp_seq=125 ttl=60 time=353 ms
64 bytes from aaaa::212:740d:d:d0d: icmp_seq=126 ttl=60 time=311 ms
64 bytes from aaaa::212:740d:d:d0d: icmp_seq=127 ttl=60 time=238 ms
64 bytes from aaaa::212:740d:d:d0d: icmp_seq=128 ttl=60 time=307 ms
64 bytes from aaaa::212:740d:d:d0d: icmp_seq=130 ttl=60 time=439 ms
64 bytes from aaaa::212:740d:d:d0d: icmp_seq=131 ttl=60 time=878 ms
64 bytes from aaaa::212:740d:d:d0d: icmp_seq=132 ttl=60 time=533 ms
64 bytes from aaaa::212:740d:d:d0d: icmp_seq=134 ttl=60 time=353 ms
64 bytes from aaaa::212:740d:d:d0d: icmp_seq=135 ttl=60 time=378 ms
64 bytes from aaaa::212:740d:d:d0d: icmp_seq=136 ttl=60 time=1746 ms
64 bytes from aaaa::212:740d:d:d0d: icmp_seq=137 ttl=60 time=459 ms
64 bytes from aaaa::212:740d:d:d0d: icmp_seq=138 ttl=60 time=1507 ms
64 bytes from aaaa::212:740d:d:d0d: icmp_seq=139 ttl=60 time=774 ms
64 bytes from aaaa::212:740d:d:d0d: icmp_seq=140 ttl=60 time=737 ms
64 bytes from aaaa::212:740d:d:d0d: icmp_seq=141 ttl=60 time=408 ms
64 bytes from aaaa::212:740d:d:d0d: icmp_seq=143 ttl=60 time=634 ms
64 bytes from aaaa::212:740d:d:d0d: icmp_seq=144 ttl=60 time=978 ms
64 bytes from aaaa::212:740d:d:d0d: icmp_seq=145 ttl=60 time=852 ms
64 bytes from aaaa::212:740d:d:d0d: icmp_seq=146 ttl=60 time=721 ms
64 bytes from aaaa::212:740d:d:d0d: icmp_seq=147 ttl=60 time=817 ms
64 bytes from aaaa::212:740d:d:d0d: icmp_seq=151 ttl=60 time=581 ms
64 bytes from aaaa::212:740d:d:d0d: icmp_seq=152 ttl=60 time=623 ms
64 bytes from aaaa::212:740d:d:d0d: icmp_seq=154 ttl=60 time=324 ms
64 bytes from aaaa::212:740d:d:d0d: icmp_seq=156 ttl=60 time=491 ms
64 bytes from aaaa::212:740d:d:d0d: icmp_seq=157 ttl=60 time=1182 ms
64 bytes from aaaa::212:740d:d:d0d: icmp_seq=158 ttl=60 time=432 ms
64 bytes from aaaa::212:740d:d:d0d: icmp_seq=159 ttl=60 time=1113 ms
64 bytes from aaaa::212:740d:d:d0d: icmp_seq=162 ttl=60 time=1342 ms
64 bytes from aaaa::212:740d:d:d0d: icmp_seq=163 ttl=60 time=1082 ms
64 bytes from aaaa::212:740d:d:d0d: icmp_seq=164 ttl=60 time=435 ms
64 bytes from aaaa::212:740d:d:d0d: icmp_seq=165 ttl=60 time=978 ms
64 bytes from aaaa::212:740d:d:d0d: icmp_seq=166 ttl=60 time=616 ms
64 bytes from aaaa::212:740d:d:d0d: icmp_seq=167 ttl=60 time=1069 ms
64 bytes from aaaa::212:740d:d:d0d: icmp_seq=171 ttl=60 time=515 ms
64 bytes from aaaa::212:740d:d:d0d: icmp_seq=172 ttl=60 time=578 ms
64 bytes from aaaa::212:740d:d:d0d: icmp_seq=173 ttl=60 time=289 ms
64 bytes from aaaa::212:740d:d:d0d: icmp_seq=174 ttl=60 time=484 ms
64 bytes from aaaa::212:740d:d:d0d: icmp_seq=175 ttl=60 time=261 ms
64 bytes from aaaa::212:740d:d:d0d: icmp_seq=176 ttl=60 time=234 ms
64 bytes from aaaa::212:740d:d:d0d: icmp_seq=177 ttl=60 time=245 ms
64 bytes from aaaa::212:740d:d:d0d: icmp_seq=178 ttl=60 time=259 ms
64 bytes from aaaa::212:740d:d:d0d: icmp_seq=179 ttl=60 time=280 ms
64 bytes from aaaa::212:740d:d:d0d: icmp_seq=180 ttl=60 time=299 ms
64 bytes from aaaa::212:740d:d:d0d: icmp_seq=181 ttl=60 time=265 ms
64 bytes from aaaa::212:740d:d:d0d: icmp_seq=182 ttl=60 time=344 ms
64 bytes from aaaa::212:740d:d:d0d: icmp_seq=184 ttl=60 time=282 ms
64 bytes from aaaa::212:740d:d:d0d: icmp_seq=185 ttl=60 time=488 ms
64 bytes from aaaa::212:740d:d:d0d: icmp_seq=186 ttl=60 time=306 ms
64 bytes from aaaa::212:740d:d:d0d: icmp_seq=187 ttl=60 time=278 ms
64 bytes from aaaa::212:740d:d:d0d: icmp_seq=188 ttl=60 time=275 ms
64 bytes from aaaa::212:740d:d:d0d: icmp_seq=189 ttl=60 time=336 ms
64 bytes from aaaa::212:740d:d:d0d: icmp_seq=190 ttl=60 time=266 ms
64 bytes from aaaa::212:740d:d:d0d: icmp_seq=191 ttl=60 time=252 ms
64 bytes from aaaa::212:740d:d:d0d: icmp_seq=192 ttl=60 time=362 ms
64 bytes from aaaa::212:740d:d:d0d: icmp_seq=193 ttl=60 time=253 ms
64 bytes from aaaa::212:740d:d:d0d: icmp_seq=194 ttl=60 time=299 ms
64 bytes from aaaa::212:740d:d:d0d: icmp_seq=195 ttl=60 time=338 ms
64 bytes from aaaa::212:740d:d:d0d: icmp_seq=197 ttl=60 time=244 ms
64 bytes from aaaa::212:740d:d:d0d: icmp_seq=198 ttl=60 time=310 ms
64 bytes from aaaa::212:740d:d:d0d: icmp_seq=199 ttl=60 time=242 ms
64 bytes from aaaa::212:740d:d:d0d: icmp_seq=200 ttl=60 time=246 ms

--- aaaa::212:740d:d:d0d ping statistics ---
200 packets transmitted, 152 received, 24% packet loss, time 1002124ms
rtt min/avg/max/mdev = 234.060/475.439/1746.672/261.628 ms
