PING aaaa::212:740c:c:c0c(aaaa::212:740c:c:c0c) 56 data bytes
64 bytes from aaaa::212:740c:c:c0c: icmp_seq=4 ttl=61 time=415 ms
64 bytes from aaaa::212:740c:c:c0c: icmp_seq=9 ttl=61 time=326 ms
64 bytes from aaaa::212:740c:c:c0c: icmp_seq=10 ttl=61 time=1708 ms
64 bytes from aaaa::212:740c:c:c0c: icmp_seq=16 ttl=61 time=319 ms
64 bytes from aaaa::212:740c:c:c0c: icmp_seq=17 ttl=61 time=264 ms
64 bytes from aaaa::212:740c:c:c0c: icmp_seq=18 ttl=61 time=277 ms
64 bytes from aaaa::212:740c:c:c0c: icmp_seq=19 ttl=61 time=467 ms
64 bytes from aaaa::212:740c:c:c0c: icmp_seq=28 ttl=61 time=363 ms
64 bytes from aaaa::212:740c:c:c0c: icmp_seq=29 ttl=61 time=540 ms
64 bytes from aaaa::212:740c:c:c0c: icmp_seq=31 ttl=61 time=348 ms
64 bytes from aaaa::212:740c:c:c0c: icmp_seq=32 ttl=61 time=352 ms
64 bytes from aaaa::212:740c:c:c0c: icmp_seq=33 ttl=61 time=362 ms
64 bytes from aaaa::212:740c:c:c0c: icmp_seq=34 ttl=61 time=206 ms
64 bytes from aaaa::212:740c:c:c0c: icmp_seq=35 ttl=61 time=254 ms
64 bytes from aaaa::212:740c:c:c0c: icmp_seq=36 ttl=61 time=226 ms
64 bytes from aaaa::212:740c:c:c0c: icmp_seq=37 ttl=61 time=271 ms
64 bytes from aaaa::212:740c:c:c0c: icmp_seq=38 ttl=61 time=337 ms
64 bytes from aaaa::212:740c:c:c0c: icmp_seq=39 ttl=61 time=277 ms
64 bytes from aaaa::212:740c:c:c0c: icmp_seq=40 ttl=61 time=357 ms
64 bytes from aaaa::212:740c:c:c0c: icmp_seq=41 ttl=61 time=303 ms
64 bytes from aaaa::212:740c:c:c0c: icmp_seq=42 ttl=61 time=243 ms
64 bytes from aaaa::212:740c:c:c0c: icmp_seq=43 ttl=61 time=424 ms
64 bytes from aaaa::212:740c:c:c0c: icmp_seq=44 ttl=61 time=314 ms
64 bytes from aaaa::212:740c:c:c0c: icmp_seq=45 ttl=61 time=517 ms
64 bytes from aaaa::212:740c:c:c0c: icmp_seq=46 ttl=61 time=738 ms
64 bytes from aaaa::212:740c:c:c0c: icmp_seq=47 ttl=61 time=470 ms
64 bytes from aaaa::212:740c:c:c0c: icmp_seq=48 ttl=61 time=316 ms
64 bytes from aaaa::212:740c:c:c0c: icmp_seq=49 ttl=61 time=278 ms
64 bytes from aaaa::212:740c:c:c0c: icmp_seq=50 ttl=61 time=328 ms
64 bytes from aaaa::212:740c:c:c0c: icmp_seq=51 ttl=61 time=322 ms
64 bytes from aaaa::212:740c:c:c0c: icmp_seq=52 ttl=61 time=206 ms
64 bytes from aaaa::212:740c:c:c0c: icmp_seq=53 ttl=61 time=576 ms
64 bytes from aaaa::212:740c:c:c0c: icmp_seq=54 ttl=61 time=314 ms
64 bytes from aaaa::212:740c:c:c0c: icmp_seq=55 ttl=61 time=546 ms
64 bytes from aaaa::212:740c:c:c0c: icmp_seq=56 ttl=61 time=775 ms
64 bytes from aaaa::212:740c:c:c0c: icmp_seq=57 ttl=61 time=289 ms
64 bytes from aaaa::212:740c:c:c0c: icmp_seq=58 ttl=61 time=734 ms
64 bytes from aaaa::212:740c:c:c0c: icmp_seq=59 ttl=61 time=584 ms
64 bytes from aaaa::212:740c:c:c0c: icmp_seq=60 ttl=61 time=590 ms
64 bytes from aaaa::212:740c:c:c0c: icmp_seq=62 ttl=61 time=328 ms
64 bytes from aaaa::212:740c:c:c0c: icmp_seq=63 ttl=61 time=281 ms
64 bytes from aaaa::212:740c:c:c0c: icmp_seq=65 ttl=61 time=606 ms
64 bytes from aaaa::212:740c:c:c0c: icmp_seq=66 ttl=61 time=462 ms
64 bytes from aaaa::212:740c:c:c0c: icmp_seq=67 ttl=61 time=395 ms
64 bytes from aaaa::212:740c:c:c0c: icmp_seq=68 ttl=61 time=295 ms
64 bytes from aaaa::212:740c:c:c0c: icmp_seq=70 ttl=61 time=460 ms
64 bytes from aaaa::212:740c:c:c0c: icmp_seq=72 ttl=61 time=304 ms
64 bytes from aaaa::212:740c:c:c0c: icmp_seq=73 ttl=61 time=365 ms
64 bytes from aaaa::212:740c:c:c0c: icmp_seq=75 ttl=61 time=267 ms
64 bytes from aaaa::212:740c:c:c0c: icmp_seq=76 ttl=61 time=471 ms
64 bytes from aaaa::212:740c:c:c0c: icmp_seq=77 ttl=61 time=1554 ms
64 bytes from aaaa::212:740c:c:c0c: icmp_seq=78 ttl=61 time=498 ms
64 bytes from aaaa::212:740c:c:c0c: icmp_seq=79 ttl=61 time=444 ms
64 bytes from aaaa::212:740c:c:c0c: icmp_seq=80 ttl=61 time=443 ms
64 bytes from aaaa::212:740c:c:c0c: icmp_seq=81 ttl=61 time=883 ms
64 bytes from aaaa::212:740c:c:c0c: icmp_seq=82 ttl=61 time=417 ms
64 bytes from aaaa::212:740c:c:c0c: icmp_seq=84 ttl=61 time=1666 ms
64 bytes from aaaa::212:740c:c:c0c: icmp_seq=86 ttl=61 time=197 ms
64 bytes from aaaa::212:740c:c:c0c: icmp_seq=87 ttl=61 time=329 ms
64 bytes from aaaa::212:740c:c:c0c: icmp_seq=88 ttl=61 time=246 ms
64 bytes from aaaa::212:740c:c:c0c: icmp_seq=89 ttl=61 time=519 ms
64 bytes from aaaa::212:740c:c:c0c: icmp_seq=90 ttl=61 time=231 ms
64 bytes from aaaa::212:740c:c:c0c: icmp_seq=91 ttl=61 time=722 ms
64 bytes from aaaa::212:740c:c:c0c: icmp_seq=92 ttl=61 time=411 ms
64 bytes from aaaa::212:740c:c:c0c: icmp_seq=93 ttl=61 time=286 ms
64 bytes from aaaa::212:740c:c:c0c: icmp_seq=95 ttl=61 time=502 ms
64 bytes from aaaa::212:740c:c:c0c: icmp_seq=96 ttl=61 time=736 ms
64 bytes from aaaa::212:740c:c:c0c: icmp_seq=98 ttl=61 time=545 ms
64 bytes from aaaa::212:740c:c:c0c: icmp_seq=99 ttl=61 time=523 ms
64 bytes from aaaa::212:740c:c:c0c: icmp_seq=100 ttl=61 time=449 ms
64 bytes from aaaa::212:740c:c:c0c: icmp_seq=101 ttl=61 time=2029 ms
64 bytes from aaaa::212:740c:c:c0c: icmp_seq=102 ttl=61 time=1280 ms
64 bytes from aaaa::212:740c:c:c0c: icmp_seq=103 ttl=61 time=784 ms
64 bytes from aaaa::212:740c:c:c0c: icmp_seq=104 ttl=61 time=452 ms
64 bytes from aaaa::212:740c:c:c0c: icmp_seq=105 ttl=61 time=806 ms
64 bytes from aaaa::212:740c:c:c0c: icmp_seq=107 ttl=61 time=1086 ms
64 bytes from aaaa::212:740c:c:c0c: icmp_seq=108 ttl=61 time=625 ms
64 bytes from aaaa::212:740c:c:c0c: icmp_seq=109 ttl=61 time=571 ms
64 bytes from aaaa::212:740c:c:c0c: icmp_seq=111 ttl=61 time=636 ms
64 bytes from aaaa::212:740c:c:c0c: icmp_seq=112 ttl=61 time=415 ms
64 bytes from aaaa::212:740c:c:c0c: icmp_seq=113 ttl=61 time=613 ms
64 bytes from aaaa::212:740c:c:c0c: icmp_seq=114 ttl=61 time=369 ms
64 bytes from aaaa::212:740c:c:c0c: icmp_seq=115 ttl=61 time=396 ms
64 bytes from aaaa::212:740c:c:c0c: icmp_seq=116 ttl=61 time=922 ms
64 bytes from aaaa::212:740c:c:c0c: icmp_seq=117 ttl=61 time=421 ms
64 bytes from aaaa::212:740c:c:c0c: icmp_seq=118 ttl=61 time=458 ms
64 bytes from aaaa::212:740c:c:c0c: icmp_seq=120 ttl=61 time=911 ms
64 bytes from aaaa::212:740c:c:c0c: icmp_seq=121 ttl=61 time=821 ms
64 bytes from aaaa::212:740c:c:c0c: icmp_seq=122 ttl=61 time=811 ms
64 bytes from aaaa::212:740c:c:c0c: icmp_seq=124 ttl=61 time=1049 ms
64 bytes from aaaa::212:740c:c:c0c: icmp_seq=125 ttl=61 time=1123 ms
64 bytes from aaaa::212:740c:c:c0c: icmp_seq=127 ttl=61 time=454 ms
64 bytes from aaaa::212:740c:c:c0c: icmp_seq=128 ttl=61 time=402 ms
64 bytes from aaaa::212:740c:c:c0c: icmp_seq=129 ttl=61 time=1439 ms
64 bytes from aaaa::212:740c:c:c0c: icmp_seq=130 ttl=61 time=529 ms
64 bytes from aaaa::212:740c:c:c0c: icmp_seq=131 ttl=61 time=1558 ms
64 bytes from aaaa::212:740c:c:c0c: icmp_seq=132 ttl=61 time=659 ms
64 bytes from aaaa::212:740c:c:c0c: icmp_seq=133 ttl=61 time=1112 ms
64 bytes from aaaa::212:740c:c:c0c: icmp_seq=134 ttl=61 time=388 ms
64 bytes from aaaa::212:740c:c:c0c: icmp_seq=135 ttl=61 time=420 ms
64 bytes from aaaa::212:740c:c:c0c: icmp_seq=136 ttl=61 time=695 ms
64 bytes from aaaa::212:740c:c:c0c: icmp_seq=137 ttl=61 time=570 ms
64 bytes from aaaa::212:740c:c:c0c: icmp_seq=139 ttl=61 time=496 ms
64 bytes from aaaa::212:740c:c:c0c: icmp_seq=140 ttl=61 time=565 ms
64 bytes from aaaa::212:740c:c:c0c: icmp_seq=141 ttl=61 time=925 ms
64 bytes from aaaa::212:740c:c:c0c: icmp_seq=142 ttl=61 time=836 ms
64 bytes from aaaa::212:740c:c:c0c: icmp_seq=143 ttl=61 time=483 ms
64 bytes from aaaa::212:740c:c:c0c: icmp_seq=144 ttl=61 time=481 ms
64 bytes from aaaa::212:740c:c:c0c: icmp_seq=145 ttl=61 time=548 ms
64 bytes from aaaa::212:740c:c:c0c: icmp_seq=146 ttl=61 time=278 ms
64 bytes from aaaa::212:740c:c:c0c: icmp_seq=147 ttl=61 time=501 ms
64 bytes from aaaa::212:740c:c:c0c: icmp_seq=148 ttl=61 time=445 ms
64 bytes from aaaa::212:740c:c:c0c: icmp_seq=149 ttl=61 time=457 ms
64 bytes from aaaa::212:740c:c:c0c: icmp_seq=150 ttl=61 time=563 ms
64 bytes from aaaa::212:740c:c:c0c: icmp_seq=151 ttl=61 time=687 ms
64 bytes from aaaa::212:740c:c:c0c: icmp_seq=152 ttl=61 time=398 ms
64 bytes from aaaa::212:740c:c:c0c: icmp_seq=153 ttl=61 time=594 ms
64 bytes from aaaa::212:740c:c:c0c: icmp_seq=154 ttl=61 time=285 ms
64 bytes from aaaa::212:740c:c:c0c: icmp_seq=155 ttl=61 time=559 ms
64 bytes from aaaa::212:740c:c:c0c: icmp_seq=156 ttl=61 time=404 ms
64 bytes from aaaa::212:740c:c:c0c: icmp_seq=157 ttl=61 time=556 ms
64 bytes from aaaa::212:740c:c:c0c: icmp_seq=158 ttl=61 time=525 ms
64 bytes from aaaa::212:740c:c:c0c: icmp_seq=159 ttl=61 time=307 ms
64 bytes from aaaa::212:740c:c:c0c: icmp_seq=160 ttl=61 time=526 ms
64 bytes from aaaa::212:740c:c:c0c: icmp_seq=161 ttl=61 time=747 ms
64 bytes from aaaa::212:740c:c:c0c: icmp_seq=162 ttl=61 time=304 ms
64 bytes from aaaa::212:740c:c:c0c: icmp_seq=163 ttl=61 time=359 ms
64 bytes from aaaa::212:740c:c:c0c: icmp_seq=164 ttl=61 time=673 ms
64 bytes from aaaa::212:740c:c:c0c: icmp_seq=165 ttl=61 time=621 ms
64 bytes from aaaa::212:740c:c:c0c: icmp_seq=166 ttl=61 time=601 ms
64 bytes from aaaa::212:740c:c:c0c: icmp_seq=167 ttl=61 time=478 ms
64 bytes from aaaa::212:740c:c:c0c: icmp_seq=169 ttl=61 time=309 ms
64 bytes from aaaa::212:740c:c:c0c: icmp_seq=170 ttl=61 time=238 ms
64 bytes from aaaa::212:740c:c:c0c: icmp_seq=171 ttl=61 time=277 ms
64 bytes from aaaa::212:740c:c:c0c: icmp_seq=172 ttl=61 time=294 ms
64 bytes from aaaa::212:740c:c:c0c: icmp_seq=173 ttl=61 time=214 ms
64 bytes from aaaa::212:740c:c:c0c: icmp_seq=175 ttl=61 time=206 ms
64 bytes from aaaa::212:740c:c:c0c: icmp_seq=176 ttl=61 time=238 ms
64 bytes from aaaa::212:740c:c:c0c: icmp_seq=177 ttl=61 time=193 ms
64 bytes from aaaa::212:740c:c:c0c: icmp_seq=178 ttl=61 time=422 ms
64 bytes from aaaa::212:740c:c:c0c: icmp_seq=179 ttl=61 time=507 ms
64 bytes from aaaa::212:740c:c:c0c: icmp_seq=180 ttl=61 time=247 ms
64 bytes from aaaa::212:740c:c:c0c: icmp_seq=181 ttl=61 time=350 ms
64 bytes from aaaa::212:740c:c:c0c: icmp_seq=182 ttl=61 time=208 ms
64 bytes from aaaa::212:740c:c:c0c: icmp_seq=183 ttl=61 time=213 ms
64 bytes from aaaa::212:740c:c:c0c: icmp_seq=184 ttl=61 time=287 ms
64 bytes from aaaa::212:740c:c:c0c: icmp_seq=185 ttl=61 time=259 ms
64 bytes from aaaa::212:740c:c:c0c: icmp_seq=186 ttl=61 time=705 ms
64 bytes from aaaa::212:740c:c:c0c: icmp_seq=187 ttl=61 time=399 ms
64 bytes from aaaa::212:740c:c:c0c: icmp_seq=188 ttl=61 time=271 ms
64 bytes from aaaa::212:740c:c:c0c: icmp_seq=189 ttl=61 time=381 ms
64 bytes from aaaa::212:740c:c:c0c: icmp_seq=190 ttl=61 time=285 ms
64 bytes from aaaa::212:740c:c:c0c: icmp_seq=191 ttl=61 time=257 ms
64 bytes from aaaa::212:740c:c:c0c: icmp_seq=192 ttl=61 time=278 ms
64 bytes from aaaa::212:740c:c:c0c: icmp_seq=194 ttl=61 time=217 ms
64 bytes from aaaa::212:740c:c:c0c: icmp_seq=195 ttl=61 time=684 ms
64 bytes from aaaa::212:740c:c:c0c: icmp_seq=196 ttl=61 time=182 ms
64 bytes from aaaa::212:740c:c:c0c: icmp_seq=197 ttl=61 time=233 ms
64 bytes from aaaa::212:740c:c:c0c: icmp_seq=198 ttl=61 time=190 ms
64 bytes from aaaa::212:740c:c:c0c: icmp_seq=199 ttl=61 time=228 ms

--- aaaa::212:740c:c:c0c ping statistics ---
200 packets transmitted, 160 received, 20% packet loss, time 1000213ms
rtt min/avg/max/mdev = 182.010/507.652/2029.062/312.658 ms
