PING aaaa::212:740b:b:b0b(aaaa::212:740b:b:b0b) 56 data bytes
64 bytes from aaaa::212:740b:b:b0b: icmp_seq=1 ttl=61 time=690 ms
64 bytes from aaaa::212:740b:b:b0b: icmp_seq=2 ttl=61 time=341 ms
64 bytes from aaaa::212:740b:b:b0b: icmp_seq=8 ttl=61 time=448 ms
64 bytes from aaaa::212:740b:b:b0b: icmp_seq=19 ttl=61 time=249 ms
64 bytes from aaaa::212:740b:b:b0b: icmp_seq=20 ttl=61 time=989 ms
64 bytes from aaaa::212:740b:b:b0b: icmp_seq=23 ttl=61 time=241 ms
64 bytes from aaaa::212:740b:b:b0b: icmp_seq=27 ttl=61 time=758 ms
64 bytes from aaaa::212:740b:b:b0b: icmp_seq=28 ttl=61 time=400 ms
64 bytes from aaaa::212:740b:b:b0b: icmp_seq=29 ttl=61 time=438 ms
64 bytes from aaaa::212:740b:b:b0b: icmp_seq=30 ttl=61 time=1407 ms
64 bytes from aaaa::212:740b:b:b0b: icmp_seq=31 ttl=61 time=1333 ms
64 bytes from aaaa::212:740b:b:b0b: icmp_seq=34 ttl=61 time=376 ms
64 bytes from aaaa::212:740b:b:b0b: icmp_seq=40 ttl=61 time=335 ms
64 bytes from aaaa::212:740b:b:b0b: icmp_seq=42 ttl=61 time=836 ms
64 bytes from aaaa::212:740b:b:b0b: icmp_seq=58 ttl=61 time=864 ms
64 bytes from aaaa::212:740b:b:b0b: icmp_seq=59 ttl=61 time=279 ms
64 bytes from aaaa::212:740b:b:b0b: icmp_seq=62 ttl=61 time=475 ms
64 bytes from aaaa::212:740b:b:b0b: icmp_seq=64 ttl=61 time=636 ms
64 bytes from aaaa::212:740b:b:b0b: icmp_seq=70 ttl=61 time=716 ms
64 bytes from aaaa::212:740b:b:b0b: icmp_seq=71 ttl=61 time=1576 ms
64 bytes from aaaa::212:740b:b:b0b: icmp_seq=72 ttl=61 time=1496 ms
64 bytes from aaaa::212:740b:b:b0b: icmp_seq=73 ttl=61 time=539 ms
64 bytes from aaaa::212:740b:b:b0b: icmp_seq=74 ttl=61 time=333 ms
64 bytes from aaaa::212:740b:b:b0b: icmp_seq=75 ttl=61 time=425 ms
64 bytes from aaaa::212:740b:b:b0b: icmp_seq=76 ttl=61 time=267 ms
64 bytes from aaaa::212:740b:b:b0b: icmp_seq=77 ttl=61 time=207 ms
64 bytes from aaaa::212:740b:b:b0b: icmp_seq=78 ttl=61 time=390 ms
64 bytes from aaaa::212:740b:b:b0b: icmp_seq=79 ttl=61 time=675 ms
64 bytes from aaaa::212:740b:b:b0b: icmp_seq=80 ttl=61 time=1351 ms
64 bytes from aaaa::212:740b:b:b0b: icmp_seq=81 ttl=61 time=241 ms
64 bytes from aaaa::212:740b:b:b0b: icmp_seq=83 ttl=61 time=185 ms
64 bytes from aaaa::212:740b:b:b0b: icmp_seq=84 ttl=61 time=215 ms
64 bytes from aaaa::212:740b:b:b0b: icmp_seq=85 ttl=61 time=206 ms
64 bytes from aaaa::212:740b:b:b0b: icmp_seq=86 ttl=61 time=165 ms
64 bytes from aaaa::212:740b:b:b0b: icmp_seq=87 ttl=61 time=496 ms
64 bytes from aaaa::212:740b:b:b0b: icmp_seq=91 ttl=60 time=1006 ms
64 bytes from aaaa::212:740b:b:b0b: icmp_seq=92 ttl=61 time=250 ms
64 bytes from aaaa::212:740b:b:b0b: icmp_seq=93 ttl=61 time=811 ms
64 bytes from aaaa::212:740b:b:b0b: icmp_seq=94 ttl=61 time=308 ms
64 bytes from aaaa::212:740b:b:b0b: icmp_seq=104 ttl=60 time=2291 ms
64 bytes from aaaa::212:740b:b:b0b: icmp_seq=107 ttl=61 time=609 ms
64 bytes from aaaa::212:740b:b:b0b: icmp_seq=117 ttl=61 time=901 ms
64 bytes from aaaa::212:740b:b:b0b: icmp_seq=119 ttl=60 time=439 ms
64 bytes from aaaa::212:740b:b:b0b: icmp_seq=120 ttl=60 time=214 ms
64 bytes from aaaa::212:740b:b:b0b: icmp_seq=128 ttl=61 time=509 ms
64 bytes from aaaa::212:740b:b:b0b: icmp_seq=129 ttl=61 time=506 ms
64 bytes from aaaa::212:740b:b:b0b: icmp_seq=130 ttl=61 time=831 ms
64 bytes from aaaa::212:740b:b:b0b: icmp_seq=131 ttl=61 time=1029 ms
64 bytes from aaaa::212:740b:b:b0b: icmp_seq=132 ttl=61 time=150 ms
64 bytes from aaaa::212:740b:b:b0b: icmp_seq=133 ttl=61 time=334 ms
64 bytes from aaaa::212:740b:b:b0b: icmp_seq=134 ttl=61 time=164 ms
64 bytes from aaaa::212:740b:b:b0b: icmp_seq=135 ttl=61 time=280 ms
64 bytes from aaaa::212:740b:b:b0b: icmp_seq=136 ttl=61 time=204 ms
64 bytes from aaaa::212:740b:b:b0b: icmp_seq=137 ttl=61 time=205 ms
64 bytes from aaaa::212:740b:b:b0b: icmp_seq=138 ttl=61 time=186 ms
64 bytes from aaaa::212:740b:b:b0b: icmp_seq=139 ttl=61 time=268 ms
64 bytes from aaaa::212:740b:b:b0b: icmp_seq=140 ttl=61 time=200 ms
64 bytes from aaaa::212:740b:b:b0b: icmp_seq=141 ttl=61 time=484 ms
64 bytes from aaaa::212:740b:b:b0b: icmp_seq=142 ttl=61 time=244 ms
64 bytes from aaaa::212:740b:b:b0b: icmp_seq=143 ttl=61 time=343 ms
64 bytes from aaaa::212:740b:b:b0b: icmp_seq=144 ttl=61 time=189 ms
64 bytes from aaaa::212:740b:b:b0b: icmp_seq=145 ttl=61 time=208 ms
64 bytes from aaaa::212:740b:b:b0b: icmp_seq=146 ttl=61 time=224 ms
64 bytes from aaaa::212:740b:b:b0b: icmp_seq=147 ttl=61 time=207 ms
64 bytes from aaaa::212:740b:b:b0b: icmp_seq=148 ttl=61 time=224 ms
64 bytes from aaaa::212:740b:b:b0b: icmp_seq=149 ttl=61 time=206 ms
64 bytes from aaaa::212:740b:b:b0b: icmp_seq=150 ttl=61 time=168 ms
64 bytes from aaaa::212:740b:b:b0b: icmp_seq=151 ttl=61 time=214 ms
64 bytes from aaaa::212:740b:b:b0b: icmp_seq=152 ttl=61 time=220 ms
64 bytes from aaaa::212:740b:b:b0b: icmp_seq=153 ttl=61 time=154 ms
64 bytes from aaaa::212:740b:b:b0b: icmp_seq=154 ttl=61 time=250 ms
64 bytes from aaaa::212:740b:b:b0b: icmp_seq=155 ttl=61 time=178 ms
64 bytes from aaaa::212:740b:b:b0b: icmp_seq=156 ttl=61 time=184 ms
64 bytes from aaaa::212:740b:b:b0b: icmp_seq=157 ttl=61 time=174 ms
64 bytes from aaaa::212:740b:b:b0b: icmp_seq=158 ttl=61 time=187 ms
64 bytes from aaaa::212:740b:b:b0b: icmp_seq=159 ttl=61 time=284 ms
64 bytes from aaaa::212:740b:b:b0b: icmp_seq=160 ttl=61 time=231 ms
64 bytes from aaaa::212:740b:b:b0b: icmp_seq=161 ttl=61 time=424 ms
64 bytes from aaaa::212:740b:b:b0b: icmp_seq=162 ttl=61 time=199 ms
64 bytes from aaaa::212:740b:b:b0b: icmp_seq=163 ttl=61 time=180 ms
64 bytes from aaaa::212:740b:b:b0b: icmp_seq=164 ttl=61 time=169 ms
64 bytes from aaaa::212:740b:b:b0b: icmp_seq=165 ttl=61 time=191 ms
64 bytes from aaaa::212:740b:b:b0b: icmp_seq=166 ttl=61 time=168 ms
64 bytes from aaaa::212:740b:b:b0b: icmp_seq=167 ttl=61 time=220 ms
64 bytes from aaaa::212:740b:b:b0b: icmp_seq=168 ttl=61 time=191 ms
64 bytes from aaaa::212:740b:b:b0b: icmp_seq=169 ttl=61 time=173 ms
64 bytes from aaaa::212:740b:b:b0b: icmp_seq=170 ttl=61 time=198 ms
64 bytes from aaaa::212:740b:b:b0b: icmp_seq=171 ttl=61 time=316 ms
64 bytes from aaaa::212:740b:b:b0b: icmp_seq=172 ttl=61 time=195 ms
64 bytes from aaaa::212:740b:b:b0b: icmp_seq=173 ttl=61 time=184 ms
64 bytes from aaaa::212:740b:b:b0b: icmp_seq=174 ttl=61 time=203 ms
64 bytes from aaaa::212:740b:b:b0b: icmp_seq=175 ttl=61 time=218 ms
64 bytes from aaaa::212:740b:b:b0b: icmp_seq=176 ttl=61 time=162 ms
64 bytes from aaaa::212:740b:b:b0b: icmp_seq=177 ttl=61 time=148 ms
64 bytes from aaaa::212:740b:b:b0b: icmp_seq=178 ttl=61 time=189 ms
64 bytes from aaaa::212:740b:b:b0b: icmp_seq=179 ttl=61 time=225 ms
64 bytes from aaaa::212:740b:b:b0b: icmp_seq=180 ttl=61 time=219 ms
64 bytes from aaaa::212:740b:b:b0b: icmp_seq=181 ttl=61 time=174 ms
64 bytes from aaaa::212:740b:b:b0b: icmp_seq=182 ttl=61 time=159 ms
64 bytes from aaaa::212:740b:b:b0b: icmp_seq=183 ttl=61 time=184 ms
64 bytes from aaaa::212:740b:b:b0b: icmp_seq=184 ttl=61 time=194 ms
64 bytes from aaaa::212:740b:b:b0b: icmp_seq=185 ttl=61 time=213 ms
64 bytes from aaaa::212:740b:b:b0b: icmp_seq=186 ttl=61 time=192 ms
64 bytes from aaaa::212:740b:b:b0b: icmp_seq=187 ttl=61 time=200 ms
64 bytes from aaaa::212:740b:b:b0b: icmp_seq=188 ttl=61 time=202 ms
64 bytes from aaaa::212:740b:b:b0b: icmp_seq=189 ttl=61 time=226 ms
64 bytes from aaaa::212:740b:b:b0b: icmp_seq=190 ttl=61 time=181 ms
64 bytes from aaaa::212:740b:b:b0b: icmp_seq=191 ttl=61 time=255 ms
64 bytes from aaaa::212:740b:b:b0b: icmp_seq=192 ttl=61 time=310 ms
64 bytes from aaaa::212:740b:b:b0b: icmp_seq=193 ttl=61 time=163 ms
64 bytes from aaaa::212:740b:b:b0b: icmp_seq=194 ttl=61 time=586 ms
64 bytes from aaaa::212:740b:b:b0b: icmp_seq=195 ttl=61 time=336 ms
64 bytes from aaaa::212:740b:b:b0b: icmp_seq=196 ttl=61 time=201 ms
64 bytes from aaaa::212:740b:b:b0b: icmp_seq=197 ttl=61 time=222 ms
64 bytes from aaaa::212:740b:b:b0b: icmp_seq=198 ttl=61 time=189 ms
64 bytes from aaaa::212:740b:b:b0b: icmp_seq=199 ttl=61 time=238 ms
64 bytes from aaaa::212:740b:b:b0b: icmp_seq=200 ttl=61 time=232 ms

--- aaaa::212:740b:b:b0b ping statistics ---
200 packets transmitted, 117 received, 41% packet loss, time 1006839ms
rtt min/avg/max/mdev = 148.844/390.876/2291.673/352.563 ms
