PING aaaa::212:7408:8:808(aaaa::212:7408:8:808) 56 data bytes
64 bytes from aaaa::212:7408:8:808: icmp_seq=1 ttl=62 time=204 ms
64 bytes from aaaa::212:7408:8:808: icmp_seq=7 ttl=62 time=712 ms
64 bytes from aaaa::212:7408:8:808: icmp_seq=10 ttl=62 time=851 ms
64 bytes from aaaa::212:7408:8:808: icmp_seq=11 ttl=62 time=516 ms
64 bytes from aaaa::212:7408:8:808: icmp_seq=13 ttl=62 time=625 ms
64 bytes from aaaa::212:7408:8:808: icmp_seq=15 ttl=62 time=398 ms
64 bytes from aaaa::212:7408:8:808: icmp_seq=16 ttl=62 time=729 ms
64 bytes from aaaa::212:7408:8:808: icmp_seq=19 ttl=62 time=813 ms
64 bytes from aaaa::212:7408:8:808: icmp_seq=20 ttl=62 time=383 ms
64 bytes from aaaa::212:7408:8:808: icmp_seq=21 ttl=62 time=956 ms
64 bytes from aaaa::212:7408:8:808: icmp_seq=22 ttl=62 time=461 ms
64 bytes from aaaa::212:7408:8:808: icmp_seq=23 ttl=62 time=275 ms
64 bytes from aaaa::212:7408:8:808: icmp_seq=24 ttl=62 time=1075 ms
64 bytes from aaaa::212:7408:8:808: icmp_seq=25 ttl=62 time=427 ms
64 bytes from aaaa::212:7408:8:808: icmp_seq=26 ttl=62 time=258 ms
64 bytes from aaaa::212:7408:8:808: icmp_seq=27 ttl=62 time=801 ms
64 bytes from aaaa::212:7408:8:808: icmp_seq=28 ttl=62 time=685 ms
64 bytes from aaaa::212:7408:8:808: icmp_seq=30 ttl=62 time=694 ms
64 bytes from aaaa::212:7408:8:808: icmp_seq=31 ttl=62 time=891 ms
64 bytes from aaaa::212:7408:8:808: icmp_seq=32 ttl=62 time=308 ms
64 bytes from aaaa::212:7408:8:808: icmp_seq=33 ttl=62 time=398 ms
64 bytes from aaaa::212:7408:8:808: icmp_seq=34 ttl=62 time=633 ms
64 bytes from aaaa::212:7408:8:808: icmp_seq=35 ttl=62 time=287 ms
64 bytes from aaaa::212:7408:8:808: icmp_seq=36 ttl=62 time=695 ms
64 bytes from aaaa::212:7408:8:808: icmp_seq=37 ttl=62 time=655 ms
64 bytes from aaaa::212:7408:8:808: icmp_seq=38 ttl=62 time=195 ms
64 bytes from aaaa::212:7408:8:808: icmp_seq=39 ttl=62 time=244 ms
64 bytes from aaaa::212:7408:8:808: icmp_seq=40 ttl=62 time=397 ms
64 bytes from aaaa::212:7408:8:808: icmp_seq=42 ttl=62 time=219 ms
64 bytes from aaaa::212:7408:8:808: icmp_seq=43 ttl=62 time=355 ms
64 bytes from aaaa::212:7408:8:808: icmp_seq=44 ttl=62 time=338 ms
64 bytes from aaaa::212:7408:8:808: icmp_seq=45 ttl=62 time=507 ms
64 bytes from aaaa::212:7408:8:808: icmp_seq=46 ttl=62 time=203 ms
64 bytes from aaaa::212:7408:8:808: icmp_seq=48 ttl=62 time=175 ms
64 bytes from aaaa::212:7408:8:808: icmp_seq=50 ttl=62 time=250 ms
64 bytes from aaaa::212:7408:8:808: icmp_seq=51 ttl=62 time=152 ms
64 bytes from aaaa::212:7408:8:808: icmp_seq=52 ttl=62 time=241 ms
64 bytes from aaaa::212:7408:8:808: icmp_seq=54 ttl=62 time=194 ms
64 bytes from aaaa::212:7408:8:808: icmp_seq=55 ttl=62 time=221 ms
64 bytes from aaaa::212:7408:8:808: icmp_seq=56 ttl=62 time=164 ms
64 bytes from aaaa::212:7408:8:808: icmp_seq=57 ttl=62 time=256 ms
64 bytes from aaaa::212:7408:8:808: icmp_seq=58 ttl=62 time=192 ms
64 bytes from aaaa::212:7408:8:808: icmp_seq=59 ttl=62 time=244 ms
64 bytes from aaaa::212:7408:8:808: icmp_seq=60 ttl=62 time=235 ms
64 bytes from aaaa::212:7408:8:808: icmp_seq=61 ttl=62 time=194 ms
64 bytes from aaaa::212:7408:8:808: icmp_seq=62 ttl=62 time=217 ms
64 bytes from aaaa::212:7408:8:808: icmp_seq=63 ttl=62 time=167 ms
64 bytes from aaaa::212:7408:8:808: icmp_seq=64 ttl=62 time=181 ms
64 bytes from aaaa::212:7408:8:808: icmp_seq=65 ttl=62 time=175 ms
64 bytes from aaaa::212:7408:8:808: icmp_seq=66 ttl=62 time=379 ms
64 bytes from aaaa::212:7408:8:808: icmp_seq=67 ttl=62 time=222 ms
64 bytes from aaaa::212:7408:8:808: icmp_seq=68 ttl=62 time=409 ms
64 bytes from aaaa::212:7408:8:808: icmp_seq=69 ttl=62 time=643 ms
64 bytes from aaaa::212:7408:8:808: icmp_seq=70 ttl=62 time=238 ms
64 bytes from aaaa::212:7408:8:808: icmp_seq=71 ttl=62 time=219 ms
64 bytes from aaaa::212:7408:8:808: icmp_seq=72 ttl=62 time=339 ms
64 bytes from aaaa::212:7408:8:808: icmp_seq=73 ttl=62 time=215 ms
64 bytes from aaaa::212:7408:8:808: icmp_seq=74 ttl=62 time=426 ms
64 bytes from aaaa::212:7408:8:808: icmp_seq=76 ttl=62 time=412 ms
64 bytes from aaaa::212:7408:8:808: icmp_seq=77 ttl=62 time=437 ms
64 bytes from aaaa::212:7408:8:808: icmp_seq=78 ttl=62 time=281 ms
64 bytes from aaaa::212:7408:8:808: icmp_seq=79 ttl=62 time=433 ms
64 bytes from aaaa::212:7408:8:808: icmp_seq=80 ttl=62 time=194 ms
64 bytes from aaaa::212:7408:8:808: icmp_seq=81 ttl=62 time=427 ms
64 bytes from aaaa::212:7408:8:808: icmp_seq=82 ttl=62 time=255 ms
64 bytes from aaaa::212:7408:8:808: icmp_seq=83 ttl=62 time=243 ms
64 bytes from aaaa::212:7408:8:808: icmp_seq=84 ttl=62 time=476 ms
64 bytes from aaaa::212:7408:8:808: icmp_seq=86 ttl=62 time=279 ms
64 bytes from aaaa::212:7408:8:808: icmp_seq=87 ttl=62 time=345 ms
64 bytes from aaaa::212:7408:8:808: icmp_seq=89 ttl=62 time=218 ms
64 bytes from aaaa::212:7408:8:808: icmp_seq=90 ttl=62 time=347 ms
64 bytes from aaaa::212:7408:8:808: icmp_seq=91 ttl=62 time=195 ms
64 bytes from aaaa::212:7408:8:808: icmp_seq=92 ttl=62 time=287 ms
64 bytes from aaaa::212:7408:8:808: icmp_seq=93 ttl=62 time=188 ms
64 bytes from aaaa::212:7408:8:808: icmp_seq=94 ttl=62 time=200 ms
64 bytes from aaaa::212:7408:8:808: icmp_seq=95 ttl=62 time=270 ms
64 bytes from aaaa::212:7408:8:808: icmp_seq=96 ttl=62 time=617 ms
64 bytes from aaaa::212:7408:8:808: icmp_seq=97 ttl=62 time=298 ms
64 bytes from aaaa::212:7408:8:808: icmp_seq=98 ttl=62 time=401 ms
64 bytes from aaaa::212:7408:8:808: icmp_seq=99 ttl=62 time=486 ms
64 bytes from aaaa::212:7408:8:808: icmp_seq=100 ttl=62 time=246 ms
64 bytes from aaaa::212:7408:8:808: icmp_seq=101 ttl=62 time=231 ms
64 bytes from aaaa::212:7408:8:808: icmp_seq=102 ttl=62 time=437 ms
64 bytes from aaaa::212:7408:8:808: icmp_seq=103 ttl=62 time=318 ms
64 bytes from aaaa::212:7408:8:808: icmp_seq=113 ttl=62 time=226 ms
64 bytes from aaaa::212:7408:8:808: icmp_seq=117 ttl=62 time=327 ms
64 bytes from aaaa::212:7408:8:808: icmp_seq=118 ttl=62 time=492 ms
64 bytes from aaaa::212:7408:8:808: icmp_seq=126 ttl=62 time=288 ms
64 bytes from aaaa::212:7408:8:808: icmp_seq=130 ttl=62 time=186 ms
64 bytes from aaaa::212:7408:8:808: icmp_seq=131 ttl=62 time=219 ms
64 bytes from aaaa::212:7408:8:808: icmp_seq=132 ttl=62 time=306 ms
64 bytes from aaaa::212:7408:8:808: icmp_seq=133 ttl=62 time=413 ms
64 bytes from aaaa::212:7408:8:808: icmp_seq=134 ttl=62 time=281 ms
64 bytes from aaaa::212:7408:8:808: icmp_seq=135 ttl=62 time=471 ms
64 bytes from aaaa::212:7408:8:808: icmp_seq=137 ttl=62 time=231 ms
64 bytes from aaaa::212:7408:8:808: icmp_seq=139 ttl=62 time=292 ms
64 bytes from aaaa::212:7408:8:808: icmp_seq=140 ttl=62 time=182 ms
64 bytes from aaaa::212:7408:8:808: icmp_seq=141 ttl=62 time=235 ms
64 bytes from aaaa::212:7408:8:808: icmp_seq=142 ttl=62 time=185 ms
64 bytes from aaaa::212:7408:8:808: icmp_seq=143 ttl=62 time=221 ms
64 bytes from aaaa::212:7408:8:808: icmp_seq=144 ttl=62 time=219 ms
64 bytes from aaaa::212:7408:8:808: icmp_seq=145 ttl=62 time=209 ms
64 bytes from aaaa::212:7408:8:808: icmp_seq=146 ttl=62 time=196 ms
64 bytes from aaaa::212:7408:8:808: icmp_seq=147 ttl=62 time=200 ms
64 bytes from aaaa::212:7408:8:808: icmp_seq=148 ttl=62 time=193 ms
64 bytes from aaaa::212:7408:8:808: icmp_seq=149 ttl=62 time=200 ms
64 bytes from aaaa::212:7408:8:808: icmp_seq=150 ttl=62 time=217 ms
64 bytes from aaaa::212:7408:8:808: icmp_seq=151 ttl=62 time=232 ms
64 bytes from aaaa::212:7408:8:808: icmp_seq=152 ttl=62 time=214 ms
64 bytes from aaaa::212:7408:8:808: icmp_seq=153 ttl=62 time=146 ms
64 bytes from aaaa::212:7408:8:808: icmp_seq=154 ttl=62 time=237 ms
64 bytes from aaaa::212:7408:8:808: icmp_seq=155 ttl=62 time=192 ms
64 bytes from aaaa::212:7408:8:808: icmp_seq=156 ttl=62 time=243 ms
64 bytes from aaaa::212:7408:8:808: icmp_seq=157 ttl=62 time=263 ms
64 bytes from aaaa::212:7408:8:808: icmp_seq=158 ttl=62 time=232 ms
64 bytes from aaaa::212:7408:8:808: icmp_seq=159 ttl=62 time=225 ms
64 bytes from aaaa::212:7408:8:808: icmp_seq=160 ttl=62 time=221 ms
64 bytes from aaaa::212:7408:8:808: icmp_seq=161 ttl=62 time=193 ms
64 bytes from aaaa::212:7408:8:808: icmp_seq=162 ttl=62 time=315 ms
64 bytes from aaaa::212:7408:8:808: icmp_seq=163 ttl=62 time=222 ms
64 bytes from aaaa::212:7408:8:808: icmp_seq=164 ttl=62 time=723 ms
64 bytes from aaaa::212:7408:8:808: icmp_seq=165 ttl=62 time=269 ms
64 bytes from aaaa::212:7408:8:808: icmp_seq=166 ttl=62 time=187 ms
64 bytes from aaaa::212:7408:8:808: icmp_seq=167 ttl=62 time=210 ms
64 bytes from aaaa::212:7408:8:808: icmp_seq=168 ttl=62 time=591 ms
64 bytes from aaaa::212:7408:8:808: icmp_seq=169 ttl=62 time=221 ms
64 bytes from aaaa::212:7408:8:808: icmp_seq=171 ttl=62 time=489 ms
64 bytes from aaaa::212:7408:8:808: icmp_seq=172 ttl=62 time=363 ms
64 bytes from aaaa::212:7408:8:808: icmp_seq=174 ttl=62 time=219 ms
64 bytes from aaaa::212:7408:8:808: icmp_seq=175 ttl=62 time=463 ms
64 bytes from aaaa::212:7408:8:808: icmp_seq=177 ttl=62 time=410 ms
64 bytes from aaaa::212:7408:8:808: icmp_seq=179 ttl=62 time=212 ms
64 bytes from aaaa::212:7408:8:808: icmp_seq=180 ttl=62 time=457 ms
64 bytes from aaaa::212:7408:8:808: icmp_seq=181 ttl=62 time=1370 ms
64 bytes from aaaa::212:7408:8:808: icmp_seq=182 ttl=62 time=382 ms
64 bytes from aaaa::212:7408:8:808: icmp_seq=183 ttl=62 time=473 ms
64 bytes from aaaa::212:7408:8:808: icmp_seq=184 ttl=62 time=516 ms
64 bytes from aaaa::212:7408:8:808: icmp_seq=185 ttl=62 time=1314 ms
64 bytes from aaaa::212:7408:8:808: icmp_seq=186 ttl=62 time=567 ms
64 bytes from aaaa::212:7408:8:808: icmp_seq=187 ttl=62 time=675 ms
64 bytes from aaaa::212:7408:8:808: icmp_seq=189 ttl=62 time=1493 ms
64 bytes from aaaa::212:7408:8:808: icmp_seq=190 ttl=62 time=704 ms
64 bytes from aaaa::212:7408:8:808: icmp_seq=191 ttl=62 time=791 ms
64 bytes from aaaa::212:7408:8:808: icmp_seq=192 ttl=62 time=579 ms
64 bytes from aaaa::212:7408:8:808: icmp_seq=193 ttl=62 time=533 ms
64 bytes from aaaa::212:7408:8:808: icmp_seq=194 ttl=62 time=417 ms
64 bytes from aaaa::212:7408:8:808: icmp_seq=195 ttl=62 time=736 ms
64 bytes from aaaa::212:7408:8:808: icmp_seq=196 ttl=62 time=804 ms
64 bytes from aaaa::212:7408:8:808: icmp_seq=199 ttl=62 time=350 ms
64 bytes from aaaa::212:7408:8:808: icmp_seq=200 ttl=62 time=615 ms

--- aaaa::212:7408:8:808 ping statistics ---
200 packets transmitted, 150 received, 25% packet loss, time 1002406ms
rtt min/avg/max/mdev = 146.744/387.974/1493.611/242.127 ms
