PING aaaa::212:740d:d:d0d(aaaa::212:740d:d:d0d) 56 data bytes
64 bytes from aaaa::212:740d:d:d0d: icmp_seq=1 ttl=60 time=364 ms
64 bytes from aaaa::212:740d:d:d0d: icmp_seq=3 ttl=60 time=1905 ms
64 bytes from aaaa::212:740d:d:d0d: icmp_seq=4 ttl=60 time=482 ms
64 bytes from aaaa::212:740d:d:d0d: icmp_seq=5 ttl=60 time=363 ms
64 bytes from aaaa::212:740d:d:d0d: icmp_seq=6 ttl=60 time=382 ms
64 bytes from aaaa::212:740d:d:d0d: icmp_seq=7 ttl=60 time=473 ms
64 bytes from aaaa::212:740d:d:d0d: icmp_seq=8 ttl=60 time=416 ms
64 bytes from aaaa::212:740d:d:d0d: icmp_seq=9 ttl=60 time=419 ms
64 bytes from aaaa::212:740d:d:d0d: icmp_seq=10 ttl=60 time=832 ms
64 bytes from aaaa::212:740d:d:d0d: icmp_seq=13 ttl=60 time=1523 ms
64 bytes from aaaa::212:740d:d:d0d: icmp_seq=14 ttl=60 time=906 ms
64 bytes from aaaa::212:740d:d:d0d: icmp_seq=15 ttl=60 time=735 ms
64 bytes from aaaa::212:740d:d:d0d: icmp_seq=16 ttl=60 time=1417 ms
64 bytes from aaaa::212:740d:d:d0d: icmp_seq=17 ttl=60 time=1001 ms
64 bytes from aaaa::212:740d:d:d0d: icmp_seq=22 ttl=60 time=400 ms
64 bytes from aaaa::212:740d:d:d0d: icmp_seq=23 ttl=60 time=584 ms
64 bytes from aaaa::212:740d:d:d0d: icmp_seq=24 ttl=60 time=685 ms
64 bytes from aaaa::212:740d:d:d0d: icmp_seq=26 ttl=59 time=2202 ms
64 bytes from aaaa::212:740d:d:d0d: icmp_seq=27 ttl=59 time=1025 ms
64 bytes from aaaa::212:740d:d:d0d: icmp_seq=28 ttl=59 time=1483 ms
64 bytes from aaaa::212:740d:d:d0d: icmp_seq=29 ttl=59 time=480 ms
64 bytes from aaaa::212:740d:d:d0d: icmp_seq=36 ttl=60 time=1154 ms
64 bytes from aaaa::212:740d:d:d0d: icmp_seq=37 ttl=60 time=709 ms
64 bytes from aaaa::212:740d:d:d0d: icmp_seq=42 ttl=60 time=2174 ms
64 bytes from aaaa::212:740d:d:d0d: icmp_seq=43 ttl=60 time=728 ms
64 bytes from aaaa::212:740d:d:d0d: icmp_seq=45 ttl=60 time=1710 ms
64 bytes from aaaa::212:740d:d:d0d: icmp_seq=46 ttl=60 time=594 ms
64 bytes from aaaa::212:740d:d:d0d: icmp_seq=50 ttl=60 time=844 ms
64 bytes from aaaa::212:740d:d:d0d: icmp_seq=51 ttl=60 time=767 ms
64 bytes from aaaa::212:740d:d:d0d: icmp_seq=52 ttl=60 time=596 ms
64 bytes from aaaa::212:740d:d:d0d: icmp_seq=53 ttl=60 time=2810 ms
64 bytes from aaaa::212:740d:d:d0d: icmp_seq=54 ttl=60 time=929 ms
64 bytes from aaaa::212:740d:d:d0d: icmp_seq=57 ttl=60 time=2628 ms
64 bytes from aaaa::212:740d:d:d0d: icmp_seq=58 ttl=60 time=460 ms
64 bytes from aaaa::212:740d:d:d0d: icmp_seq=59 ttl=60 time=1775 ms
64 bytes from aaaa::212:740d:d:d0d: icmp_seq=60 ttl=60 time=399 ms
64 bytes from aaaa::212:740d:d:d0d: icmp_seq=61 ttl=60 time=397 ms
64 bytes from aaaa::212:740d:d:d0d: icmp_seq=62 ttl=60 time=538 ms
64 bytes from aaaa::212:740d:d:d0d: icmp_seq=63 ttl=59 time=2118 ms
64 bytes from aaaa::212:740d:d:d0d: icmp_seq=69 ttl=59 time=704 ms
64 bytes from aaaa::212:740d:d:d0d: icmp_seq=70 ttl=59 time=435 ms
64 bytes from aaaa::212:740d:d:d0d: icmp_seq=90 ttl=60 time=961 ms
64 bytes from aaaa::212:740d:d:d0d: icmp_seq=91 ttl=60 time=461 ms
64 bytes from aaaa::212:740d:d:d0d: icmp_seq=92 ttl=60 time=841 ms
64 bytes from aaaa::212:740d:d:d0d: icmp_seq=93 ttl=60 time=1095 ms
64 bytes from aaaa::212:740d:d:d0d: icmp_seq=94 ttl=60 time=628 ms
64 bytes from aaaa::212:740d:d:d0d: icmp_seq=95 ttl=60 time=1327 ms
64 bytes from aaaa::212:740d:d:d0d: icmp_seq=96 ttl=60 time=779 ms
64 bytes from aaaa::212:740d:d:d0d: icmp_seq=98 ttl=60 time=1118 ms
64 bytes from aaaa::212:740d:d:d0d: icmp_seq=100 ttl=60 time=1216 ms
64 bytes from aaaa::212:740d:d:d0d: icmp_seq=101 ttl=60 time=1634 ms
64 bytes from aaaa::212:740d:d:d0d: icmp_seq=102 ttl=60 time=984 ms
64 bytes from aaaa::212:740d:d:d0d: icmp_seq=104 ttl=60 time=1644 ms
64 bytes from aaaa::212:740d:d:d0d: icmp_seq=106 ttl=60 time=676 ms
64 bytes from aaaa::212:740d:d:d0d: icmp_seq=107 ttl=60 time=836 ms
64 bytes from aaaa::212:740d:d:d0d: icmp_seq=108 ttl=60 time=659 ms
64 bytes from aaaa::212:740d:d:d0d: icmp_seq=110 ttl=60 time=1044 ms
64 bytes from aaaa::212:740d:d:d0d: icmp_seq=115 ttl=59 time=3528 ms
64 bytes from aaaa::212:740d:d:d0d: icmp_seq=116 ttl=59 time=1406 ms
64 bytes from aaaa::212:740d:d:d0d: icmp_seq=117 ttl=59 time=1640 ms
64 bytes from aaaa::212:740d:d:d0d: icmp_seq=120 ttl=60 time=1715 ms
64 bytes from aaaa::212:740d:d:d0d: icmp_seq=134 ttl=60 time=922 ms
64 bytes from aaaa::212:740d:d:d0d: icmp_seq=136 ttl=60 time=1016 ms
64 bytes from aaaa::212:740d:d:d0d: icmp_seq=161 ttl=60 time=1093 ms
64 bytes from aaaa::212:740d:d:d0d: icmp_seq=162 ttl=60 time=1108 ms
64 bytes from aaaa::212:740d:d:d0d: icmp_seq=163 ttl=60 time=608 ms
64 bytes from aaaa::212:740d:d:d0d: icmp_seq=164 ttl=60 time=5397 ms
64 bytes from aaaa::212:740d:d:d0d: icmp_seq=166 ttl=60 time=2609 ms
64 bytes from aaaa::212:740d:d:d0d: icmp_seq=174 ttl=60 time=2890 ms
64 bytes from aaaa::212:740d:d:d0d: icmp_seq=175 ttl=60 time=1865 ms
64 bytes from aaaa::212:740d:d:d0d: icmp_seq=176 ttl=60 time=499 ms
64 bytes from aaaa::212:740d:d:d0d: icmp_seq=177 ttl=60 time=881 ms
64 bytes from aaaa::212:740d:d:d0d: icmp_seq=178 ttl=60 time=819 ms
64 bytes from aaaa::212:740d:d:d0d: icmp_seq=179 ttl=60 time=851 ms
64 bytes from aaaa::212:740d:d:d0d: icmp_seq=180 ttl=60 time=1659 ms
64 bytes from aaaa::212:740d:d:d0d: icmp_seq=181 ttl=60 time=629 ms
64 bytes from aaaa::212:740d:d:d0d: icmp_seq=183 ttl=59 time=1600 ms
64 bytes from aaaa::212:740d:d:d0d: icmp_seq=184 ttl=59 time=618 ms
64 bytes from aaaa::212:740d:d:d0d: icmp_seq=186 ttl=60 time=750 ms
64 bytes from aaaa::212:740d:d:d0d: icmp_seq=189 ttl=60 time=724 ms
64 bytes from aaaa::212:740d:d:d0d: icmp_seq=190 ttl=60 time=1145 ms
64 bytes from aaaa::212:740d:d:d0d: icmp_seq=191 ttl=60 time=501 ms
64 bytes from aaaa::212:740d:d:d0d: icmp_seq=192 ttl=60 time=387 ms
64 bytes from aaaa::212:740d:d:d0d: icmp_seq=197 ttl=60 time=1626 ms
64 bytes from aaaa::212:740d:d:d0d: icmp_seq=199 ttl=60 time=848 ms
64 bytes from aaaa::212:740d:d:d0d: icmp_seq=200 ttl=60 time=699 ms

--- aaaa::212:740d:d:d0d ping statistics ---
200 packets transmitted, 86 received, 57% packet loss, time 1010197ms
rtt min/avg/max/mdev = 363.893/1122.378/5397.938/802.038 ms, pipe 2
