PING aaaa::212:7402:2:202(aaaa::212:7402:2:202) 56 data bytes
64 bytes from aaaa::212:7402:2:202: icmp_seq=1 ttl=62 time=207 ms
64 bytes from aaaa::212:7402:2:202: icmp_seq=2 ttl=62 time=514 ms
64 bytes from aaaa::212:7402:2:202: icmp_seq=6 ttl=62 time=628 ms
64 bytes from aaaa::212:7402:2:202: icmp_seq=8 ttl=62 time=272 ms
64 bytes from aaaa::212:7402:2:202: icmp_seq=11 ttl=62 time=226 ms
64 bytes from aaaa::212:7402:2:202: icmp_seq=16 ttl=62 time=430 ms
64 bytes from aaaa::212:7402:2:202: icmp_seq=17 ttl=62 time=369 ms
64 bytes from aaaa::212:7402:2:202: icmp_seq=23 ttl=62 time=475 ms
64 bytes from aaaa::212:7402:2:202: icmp_seq=24 ttl=62 time=222 ms
64 bytes from aaaa::212:7402:2:202: icmp_seq=27 ttl=62 time=399 ms
64 bytes from aaaa::212:7402:2:202: icmp_seq=28 ttl=62 time=306 ms
64 bytes from aaaa::212:7402:2:202: icmp_seq=29 ttl=62 time=487 ms
64 bytes from aaaa::212:7402:2:202: icmp_seq=30 ttl=62 time=358 ms
64 bytes from aaaa::212:7402:2:202: icmp_seq=31 ttl=62 time=493 ms
64 bytes from aaaa::212:7402:2:202: icmp_seq=32 ttl=62 time=418 ms
64 bytes from aaaa::212:7402:2:202: icmp_seq=33 ttl=62 time=203 ms
64 bytes from aaaa::212:7402:2:202: icmp_seq=34 ttl=62 time=333 ms
64 bytes from aaaa::212:7402:2:202: icmp_seq=35 ttl=62 time=367 ms
64 bytes from aaaa::212:7402:2:202: icmp_seq=36 ttl=62 time=1228 ms
64 bytes from aaaa::212:7402:2:202: icmp_seq=37 ttl=62 time=814 ms
64 bytes from aaaa::212:7402:2:202: icmp_seq=38 ttl=62 time=521 ms
64 bytes from aaaa::212:7402:2:202: icmp_seq=39 ttl=62 time=245 ms
64 bytes from aaaa::212:7402:2:202: icmp_seq=40 ttl=62 time=127 ms
64 bytes from aaaa::212:7402:2:202: icmp_seq=41 ttl=62 time=199 ms
64 bytes from aaaa::212:7402:2:202: icmp_seq=42 ttl=62 time=208 ms
64 bytes from aaaa::212:7402:2:202: icmp_seq=43 ttl=62 time=145 ms
64 bytes from aaaa::212:7402:2:202: icmp_seq=44 ttl=62 time=182 ms
64 bytes from aaaa::212:7402:2:202: icmp_seq=45 ttl=62 time=172 ms
64 bytes from aaaa::212:7402:2:202: icmp_seq=46 ttl=62 time=205 ms
64 bytes from aaaa::212:7402:2:202: icmp_seq=47 ttl=62 time=191 ms
64 bytes from aaaa::212:7402:2:202: icmp_seq=48 ttl=62 time=164 ms
64 bytes from aaaa::212:7402:2:202: icmp_seq=49 ttl=62 time=168 ms
64 bytes from aaaa::212:7402:2:202: icmp_seq=50 ttl=62 time=189 ms
64 bytes from aaaa::212:7402:2:202: icmp_seq=51 ttl=62 time=134 ms
64 bytes from aaaa::212:7402:2:202: icmp_seq=52 ttl=62 time=243 ms
64 bytes from aaaa::212:7402:2:202: icmp_seq=54 ttl=62 time=207 ms
64 bytes from aaaa::212:7402:2:202: icmp_seq=55 ttl=62 time=250 ms
64 bytes from aaaa::212:7402:2:202: icmp_seq=56 ttl=62 time=250 ms
64 bytes from aaaa::212:7402:2:202: icmp_seq=57 ttl=62 time=183 ms
64 bytes from aaaa::212:7402:2:202: icmp_seq=58 ttl=62 time=170 ms
64 bytes from aaaa::212:7402:2:202: icmp_seq=59 ttl=62 time=153 ms
64 bytes from aaaa::212:7402:2:202: icmp_seq=60 ttl=62 time=186 ms
64 bytes from aaaa::212:7402:2:202: icmp_seq=61 ttl=62 time=252 ms
64 bytes from aaaa::212:7402:2:202: icmp_seq=62 ttl=62 time=337 ms
64 bytes from aaaa::212:7402:2:202: icmp_seq=63 ttl=62 time=368 ms
64 bytes from aaaa::212:7402:2:202: icmp_seq=64 ttl=62 time=256 ms
64 bytes from aaaa::212:7402:2:202: icmp_seq=65 ttl=62 time=197 ms
64 bytes from aaaa::212:7402:2:202: icmp_seq=66 ttl=62 time=232 ms
64 bytes from aaaa::212:7402:2:202: icmp_seq=67 ttl=62 time=260 ms
64 bytes from aaaa::212:7402:2:202: icmp_seq=68 ttl=62 time=207 ms
64 bytes from aaaa::212:7402:2:202: icmp_seq=69 ttl=62 time=249 ms
64 bytes from aaaa::212:7402:2:202: icmp_seq=70 ttl=62 time=259 ms
64 bytes from aaaa::212:7402:2:202: icmp_seq=71 ttl=62 time=260 ms
64 bytes from aaaa::212:7402:2:202: icmp_seq=72 ttl=62 time=295 ms
64 bytes from aaaa::212:7402:2:202: icmp_seq=73 ttl=62 time=795 ms
64 bytes from aaaa::212:7402:2:202: icmp_seq=74 ttl=62 time=195 ms
64 bytes from aaaa::212:7402:2:202: icmp_seq=75 ttl=62 time=235 ms
64 bytes from aaaa::212:7402:2:202: icmp_seq=76 ttl=62 time=216 ms
64 bytes from aaaa::212:7402:2:202: icmp_seq=77 ttl=62 time=248 ms
64 bytes from aaaa::212:7402:2:202: icmp_seq=78 ttl=62 time=313 ms
64 bytes from aaaa::212:7402:2:202: icmp_seq=79 ttl=62 time=191 ms
64 bytes from aaaa::212:7402:2:202: icmp_seq=80 ttl=62 time=584 ms
64 bytes from aaaa::212:7402:2:202: icmp_seq=81 ttl=62 time=149 ms
64 bytes from aaaa::212:7402:2:202: icmp_seq=82 ttl=62 time=660 ms
64 bytes from aaaa::212:7402:2:202: icmp_seq=83 ttl=62 time=522 ms
64 bytes from aaaa::212:7402:2:202: icmp_seq=84 ttl=62 time=780 ms
64 bytes from aaaa::212:7402:2:202: icmp_seq=85 ttl=62 time=313 ms
64 bytes from aaaa::212:7402:2:202: icmp_seq=86 ttl=62 time=600 ms
64 bytes from aaaa::212:7402:2:202: icmp_seq=87 ttl=62 time=626 ms
64 bytes from aaaa::212:7402:2:202: icmp_seq=88 ttl=62 time=791 ms
64 bytes from aaaa::212:7402:2:202: icmp_seq=89 ttl=62 time=444 ms
64 bytes from aaaa::212:7402:2:202: icmp_seq=90 ttl=62 time=549 ms
64 bytes from aaaa::212:7402:2:202: icmp_seq=91 ttl=62 time=663 ms
64 bytes from aaaa::212:7402:2:202: icmp_seq=92 ttl=62 time=523 ms
64 bytes from aaaa::212:7402:2:202: icmp_seq=98 ttl=62 time=457 ms
64 bytes from aaaa::212:7402:2:202: icmp_seq=100 ttl=62 time=346 ms
64 bytes from aaaa::212:7402:2:202: icmp_seq=114 ttl=62 time=369 ms
64 bytes from aaaa::212:7402:2:202: icmp_seq=118 ttl=62 time=240 ms
64 bytes from aaaa::212:7402:2:202: icmp_seq=119 ttl=62 time=382 ms
64 bytes from aaaa::212:7402:2:202: icmp_seq=127 ttl=62 time=366 ms
64 bytes from aaaa::212:7402:2:202: icmp_seq=132 ttl=62 time=223 ms
64 bytes from aaaa::212:7402:2:202: icmp_seq=133 ttl=62 time=432 ms
64 bytes from aaaa::212:7402:2:202: icmp_seq=134 ttl=62 time=204 ms
64 bytes from aaaa::212:7402:2:202: icmp_seq=135 ttl=62 time=409 ms
64 bytes from aaaa::212:7402:2:202: icmp_seq=136 ttl=62 time=198 ms
64 bytes from aaaa::212:7402:2:202: icmp_seq=138 ttl=62 time=919 ms
64 bytes from aaaa::212:7402:2:202: icmp_seq=139 ttl=62 time=656 ms
64 bytes from aaaa::212:7402:2:202: icmp_seq=140 ttl=62 time=238 ms
64 bytes from aaaa::212:7402:2:202: icmp_seq=166 ttl=62 time=271 ms
64 bytes from aaaa::212:7402:2:202: icmp_seq=167 ttl=62 time=149 ms
64 bytes from aaaa::212:7402:2:202: icmp_seq=168 ttl=62 time=126 ms
64 bytes from aaaa::212:7402:2:202: icmp_seq=169 ttl=62 time=349 ms
64 bytes from aaaa::212:7402:2:202: icmp_seq=170 ttl=62 time=486 ms
64 bytes from aaaa::212:7402:2:202: icmp_seq=171 ttl=62 time=167 ms
64 bytes from aaaa::212:7402:2:202: icmp_seq=172 ttl=62 time=230 ms
64 bytes from aaaa::212:7402:2:202: icmp_seq=173 ttl=62 time=230 ms
64 bytes from aaaa::212:7402:2:202: icmp_seq=174 ttl=62 time=218 ms
64 bytes from aaaa::212:7402:2:202: icmp_seq=175 ttl=62 time=130 ms
64 bytes from aaaa::212:7402:2:202: icmp_seq=176 ttl=62 time=138 ms
64 bytes from aaaa::212:7402:2:202: icmp_seq=177 ttl=62 time=157 ms
64 bytes from aaaa::212:7402:2:202: icmp_seq=178 ttl=62 time=178 ms
64 bytes from aaaa::212:7402:2:202: icmp_seq=179 ttl=62 time=186 ms
64 bytes from aaaa::212:7402:2:202: icmp_seq=180 ttl=62 time=217 ms
64 bytes from aaaa::212:7402:2:202: icmp_seq=181 ttl=62 time=115 ms
64 bytes from aaaa::212:7402:2:202: icmp_seq=182 ttl=62 time=187 ms
64 bytes from aaaa::212:7402:2:202: icmp_seq=183 ttl=62 time=163 ms
64 bytes from aaaa::212:7402:2:202: icmp_seq=184 ttl=62 time=159 ms
64 bytes from aaaa::212:7402:2:202: icmp_seq=185 ttl=62 time=184 ms
64 bytes from aaaa::212:7402:2:202: icmp_seq=186 ttl=62 time=842 ms
64 bytes from aaaa::212:7402:2:202: icmp_seq=187 ttl=62 time=166 ms
64 bytes from aaaa::212:7402:2:202: icmp_seq=188 ttl=62 time=205 ms
64 bytes from aaaa::212:7402:2:202: icmp_seq=189 ttl=62 time=184 ms
64 bytes from aaaa::212:7402:2:202: icmp_seq=190 ttl=62 time=133 ms
64 bytes from aaaa::212:7402:2:202: icmp_seq=191 ttl=62 time=177 ms
64 bytes from aaaa::212:7402:2:202: icmp_seq=192 ttl=62 time=157 ms
64 bytes from aaaa::212:7402:2:202: icmp_seq=193 ttl=62 time=215 ms
64 bytes from aaaa::212:7402:2:202: icmp_seq=194 ttl=62 time=170 ms
64 bytes from aaaa::212:7402:2:202: icmp_seq=195 ttl=62 time=153 ms
64 bytes from aaaa::212:7402:2:202: icmp_seq=196 ttl=62 time=178 ms
64 bytes from aaaa::212:7402:2:202: icmp_seq=198 ttl=62 time=201 ms
64 bytes from aaaa::212:7402:2:202: icmp_seq=199 ttl=62 time=215 ms
64 bytes from aaaa::212:7402:2:202: icmp_seq=200 ttl=62 time=138 ms

--- aaaa::212:7402:2:202 ping statistics ---
200 packets transmitted, 122 received, 39% packet loss, time 1005740ms
rtt min/avg/max/mdev = 115.255/315.380/1228.994/197.574 ms
