PING aaaa::212:740e:e:e0e(aaaa::212:740e:e:e0e) 56 data bytes
64 bytes from aaaa::212:740e:e:e0e: icmp_seq=3 ttl=59 time=665 ms
64 bytes from aaaa::212:740e:e:e0e: icmp_seq=9 ttl=59 time=783 ms
64 bytes from aaaa::212:740e:e:e0e: icmp_seq=19 ttl=59 time=1515 ms
64 bytes from aaaa::212:740e:e:e0e: icmp_seq=20 ttl=59 time=1023 ms
64 bytes from aaaa::212:740e:e:e0e: icmp_seq=25 ttl=59 time=1153 ms
64 bytes from aaaa::212:740e:e:e0e: icmp_seq=29 ttl=59 time=567 ms
64 bytes from aaaa::212:740e:e:e0e: icmp_seq=30 ttl=59 time=1504 ms
64 bytes from aaaa::212:740e:e:e0e: icmp_seq=32 ttl=59 time=1204 ms
64 bytes from aaaa::212:740e:e:e0e: icmp_seq=34 ttl=59 time=532 ms
64 bytes from aaaa::212:740e:e:e0e: icmp_seq=36 ttl=59 time=708 ms
64 bytes from aaaa::212:740e:e:e0e: icmp_seq=37 ttl=59 time=645 ms
64 bytes from aaaa::212:740e:e:e0e: icmp_seq=38 ttl=59 time=778 ms
64 bytes from aaaa::212:740e:e:e0e: icmp_seq=39 ttl=59 time=441 ms
64 bytes from aaaa::212:740e:e:e0e: icmp_seq=40 ttl=59 time=1041 ms
64 bytes from aaaa::212:740e:e:e0e: icmp_seq=41 ttl=59 time=815 ms
64 bytes from aaaa::212:740e:e:e0e: icmp_seq=42 ttl=59 time=778 ms
64 bytes from aaaa::212:740e:e:e0e: icmp_seq=43 ttl=59 time=954 ms
64 bytes from aaaa::212:740e:e:e0e: icmp_seq=44 ttl=59 time=662 ms
64 bytes from aaaa::212:740e:e:e0e: icmp_seq=45 ttl=59 time=679 ms
64 bytes from aaaa::212:740e:e:e0e: icmp_seq=47 ttl=59 time=658 ms
64 bytes from aaaa::212:740e:e:e0e: icmp_seq=48 ttl=59 time=807 ms
64 bytes from aaaa::212:740e:e:e0e: icmp_seq=49 ttl=59 time=957 ms
64 bytes from aaaa::212:740e:e:e0e: icmp_seq=50 ttl=59 time=1445 ms
64 bytes from aaaa::212:740e:e:e0e: icmp_seq=51 ttl=59 time=417 ms
64 bytes from aaaa::212:740e:e:e0e: icmp_seq=52 ttl=59 time=964 ms
64 bytes from aaaa::212:740e:e:e0e: icmp_seq=53 ttl=59 time=423 ms
64 bytes from aaaa::212:740e:e:e0e: icmp_seq=54 ttl=59 time=913 ms
64 bytes from aaaa::212:740e:e:e0e: icmp_seq=55 ttl=59 time=976 ms
64 bytes from aaaa::212:740e:e:e0e: icmp_seq=58 ttl=59 time=688 ms
64 bytes from aaaa::212:740e:e:e0e: icmp_seq=59 ttl=59 time=631 ms
64 bytes from aaaa::212:740e:e:e0e: icmp_seq=60 ttl=59 time=1614 ms
64 bytes from aaaa::212:740e:e:e0e: icmp_seq=61 ttl=59 time=916 ms
64 bytes from aaaa::212:740e:e:e0e: icmp_seq=62 ttl=59 time=874 ms
64 bytes from aaaa::212:740e:e:e0e: icmp_seq=63 ttl=59 time=1259 ms
64 bytes from aaaa::212:740e:e:e0e: icmp_seq=65 ttl=59 time=427 ms
64 bytes from aaaa::212:740e:e:e0e: icmp_seq=66 ttl=59 time=1775 ms
64 bytes from aaaa::212:740e:e:e0e: icmp_seq=67 ttl=59 time=1407 ms
64 bytes from aaaa::212:740e:e:e0e: icmp_seq=68 ttl=59 time=489 ms
64 bytes from aaaa::212:740e:e:e0e: icmp_seq=69 ttl=59 time=1058 ms
64 bytes from aaaa::212:740e:e:e0e: icmp_seq=77 ttl=59 time=1402 ms
64 bytes from aaaa::212:740e:e:e0e: icmp_seq=79 ttl=59 time=1554 ms
64 bytes from aaaa::212:740e:e:e0e: icmp_seq=80 ttl=59 time=1108 ms
64 bytes from aaaa::212:740e:e:e0e: icmp_seq=81 ttl=59 time=1364 ms
64 bytes from aaaa::212:740e:e:e0e: icmp_seq=82 ttl=59 time=624 ms
64 bytes from aaaa::212:740e:e:e0e: icmp_seq=83 ttl=59 time=711 ms
64 bytes from aaaa::212:740e:e:e0e: icmp_seq=84 ttl=59 time=988 ms
64 bytes from aaaa::212:740e:e:e0e: icmp_seq=85 ttl=59 time=1372 ms
64 bytes from aaaa::212:740e:e:e0e: icmp_seq=86 ttl=59 time=657 ms
64 bytes from aaaa::212:740e:e:e0e: icmp_seq=87 ttl=59 time=1128 ms
64 bytes from aaaa::212:740e:e:e0e: icmp_seq=88 ttl=59 time=528 ms
64 bytes from aaaa::212:740e:e:e0e: icmp_seq=89 ttl=59 time=495 ms
64 bytes from aaaa::212:740e:e:e0e: icmp_seq=91 ttl=59 time=604 ms
64 bytes from aaaa::212:740e:e:e0e: icmp_seq=92 ttl=59 time=828 ms
64 bytes from aaaa::212:740e:e:e0e: icmp_seq=93 ttl=59 time=529 ms
64 bytes from aaaa::212:740e:e:e0e: icmp_seq=94 ttl=59 time=693 ms
64 bytes from aaaa::212:740e:e:e0e: icmp_seq=95 ttl=59 time=647 ms
64 bytes from aaaa::212:740e:e:e0e: icmp_seq=96 ttl=59 time=855 ms
64 bytes from aaaa::212:740e:e:e0e: icmp_seq=97 ttl=59 time=881 ms
64 bytes from aaaa::212:740e:e:e0e: icmp_seq=98 ttl=59 time=797 ms
64 bytes from aaaa::212:740e:e:e0e: icmp_seq=99 ttl=59 time=965 ms
64 bytes from aaaa::212:740e:e:e0e: icmp_seq=100 ttl=59 time=910 ms
64 bytes from aaaa::212:740e:e:e0e: icmp_seq=104 ttl=59 time=896 ms
64 bytes from aaaa::212:740e:e:e0e: icmp_seq=106 ttl=59 time=700 ms
64 bytes from aaaa::212:740e:e:e0e: icmp_seq=107 ttl=59 time=874 ms
64 bytes from aaaa::212:740e:e:e0e: icmp_seq=108 ttl=59 time=1014 ms
64 bytes from aaaa::212:740e:e:e0e: icmp_seq=109 ttl=59 time=1207 ms
64 bytes from aaaa::212:740e:e:e0e: icmp_seq=110 ttl=59 time=1692 ms
64 bytes from aaaa::212:740e:e:e0e: icmp_seq=111 ttl=59 time=1011 ms
64 bytes from aaaa::212:740e:e:e0e: icmp_seq=112 ttl=59 time=757 ms
64 bytes from aaaa::212:740e:e:e0e: icmp_seq=113 ttl=59 time=980 ms
64 bytes from aaaa::212:740e:e:e0e: icmp_seq=114 ttl=59 time=971 ms
64 bytes from aaaa::212:740e:e:e0e: icmp_seq=115 ttl=59 time=827 ms
64 bytes from aaaa::212:740e:e:e0e: icmp_seq=116 ttl=59 time=659 ms
64 bytes from aaaa::212:740e:e:e0e: icmp_seq=118 ttl=59 time=409 ms
64 bytes from aaaa::212:740e:e:e0e: icmp_seq=119 ttl=59 time=662 ms
64 bytes from aaaa::212:740e:e:e0e: icmp_seq=120 ttl=59 time=531 ms
64 bytes from aaaa::212:740e:e:e0e: icmp_seq=121 ttl=59 time=659 ms
64 bytes from aaaa::212:740e:e:e0e: icmp_seq=128 ttl=59 time=771 ms
64 bytes from aaaa::212:740e:e:e0e: icmp_seq=132 ttl=59 time=665 ms
64 bytes from aaaa::212:740e:e:e0e: icmp_seq=133 ttl=59 time=622 ms
64 bytes from aaaa::212:740e:e:e0e: icmp_seq=134 ttl=59 time=641 ms
64 bytes from aaaa::212:740e:e:e0e: icmp_seq=135 ttl=59 time=687 ms
64 bytes from aaaa::212:740e:e:e0e: icmp_seq=136 ttl=59 time=583 ms
64 bytes from aaaa::212:740e:e:e0e: icmp_seq=137 ttl=59 time=632 ms
64 bytes from aaaa::212:740e:e:e0e: icmp_seq=138 ttl=59 time=661 ms
64 bytes from aaaa::212:740e:e:e0e: icmp_seq=139 ttl=59 time=629 ms
64 bytes from aaaa::212:740e:e:e0e: icmp_seq=140 ttl=59 time=1331 ms
64 bytes from aaaa::212:740e:e:e0e: icmp_seq=141 ttl=59 time=684 ms
64 bytes from aaaa::212:740e:e:e0e: icmp_seq=142 ttl=59 time=641 ms
64 bytes from aaaa::212:740e:e:e0e: icmp_seq=143 ttl=59 time=816 ms
64 bytes from aaaa::212:740e:e:e0e: icmp_seq=145 ttl=59 time=522 ms
64 bytes from aaaa::212:740e:e:e0e: icmp_seq=147 ttl=59 time=1405 ms
64 bytes from aaaa::212:740e:e:e0e: icmp_seq=148 ttl=59 time=758 ms
64 bytes from aaaa::212:740e:e:e0e: icmp_seq=149 ttl=59 time=464 ms
64 bytes from aaaa::212:740e:e:e0e: icmp_seq=150 ttl=59 time=668 ms
64 bytes from aaaa::212:740e:e:e0e: icmp_seq=156 ttl=59 time=548 ms
64 bytes from aaaa::212:740e:e:e0e: icmp_seq=157 ttl=59 time=1265 ms
64 bytes from aaaa::212:740e:e:e0e: icmp_seq=158 ttl=59 time=636 ms
64 bytes from aaaa::212:740e:e:e0e: icmp_seq=159 ttl=59 time=880 ms
64 bytes from aaaa::212:740e:e:e0e: icmp_seq=160 ttl=59 time=425 ms
64 bytes from aaaa::212:740e:e:e0e: icmp_seq=162 ttl=59 time=2042 ms
64 bytes from aaaa::212:740e:e:e0e: icmp_seq=163 ttl=59 time=395 ms
64 bytes from aaaa::212:740e:e:e0e: icmp_seq=166 ttl=59 time=1906 ms
64 bytes from aaaa::212:740e:e:e0e: icmp_seq=175 ttl=59 time=1738 ms
64 bytes from aaaa::212:740e:e:e0e: icmp_seq=176 ttl=59 time=1722 ms
64 bytes from aaaa::212:740e:e:e0e: icmp_seq=177 ttl=59 time=1226 ms
64 bytes from aaaa::212:740e:e:e0e: icmp_seq=178 ttl=59 time=799 ms
64 bytes from aaaa::212:740e:e:e0e: icmp_seq=180 ttl=59 time=756 ms
64 bytes from aaaa::212:740e:e:e0e: icmp_seq=181 ttl=59 time=1095 ms
64 bytes from aaaa::212:740e:e:e0e: icmp_seq=182 ttl=59 time=850 ms
64 bytes from aaaa::212:740e:e:e0e: icmp_seq=183 ttl=59 time=1003 ms
64 bytes from aaaa::212:740e:e:e0e: icmp_seq=184 ttl=59 time=1062 ms
64 bytes from aaaa::212:740e:e:e0e: icmp_seq=185 ttl=59 time=655 ms
64 bytes from aaaa::212:740e:e:e0e: icmp_seq=186 ttl=59 time=659 ms
64 bytes from aaaa::212:740e:e:e0e: icmp_seq=187 ttl=59 time=696 ms
64 bytes from aaaa::212:740e:e:e0e: icmp_seq=188 ttl=59 time=678 ms
64 bytes from aaaa::212:740e:e:e0e: icmp_seq=189 ttl=59 time=1408 ms
64 bytes from aaaa::212:740e:e:e0e: icmp_seq=190 ttl=59 time=762 ms
64 bytes from aaaa::212:740e:e:e0e: icmp_seq=191 ttl=59 time=1016 ms
64 bytes from aaaa::212:740e:e:e0e: icmp_seq=192 ttl=59 time=643 ms
64 bytes from aaaa::212:740e:e:e0e: icmp_seq=193 ttl=59 time=770 ms
64 bytes from aaaa::212:740e:e:e0e: icmp_seq=194 ttl=59 time=770 ms
64 bytes from aaaa::212:740e:e:e0e: icmp_seq=196 ttl=59 time=909 ms
64 bytes from aaaa::212:740e:e:e0e: icmp_seq=197 ttl=59 time=700 ms
64 bytes from aaaa::212:740e:e:e0e: icmp_seq=198 ttl=59 time=488 ms
64 bytes from aaaa::212:740e:e:e0e: icmp_seq=199 ttl=59 time=567 ms
64 bytes from aaaa::212:740e:e:e0e: icmp_seq=200 ttl=59 time=597 ms

--- aaaa::212:740e:e:e0e ping statistics ---
200 packets transmitted, 127 received, 36% packet loss, time 1005004ms
rtt min/avg/max/mdev = 395.473/878.285/2042.094/347.828 ms
