PING aaaa::212:7402:2:202(aaaa::212:7402:2:202) 56 data bytes
64 bytes from aaaa::212:7402:2:202: icmp_seq=1 ttl=62 time=217 ms
64 bytes from aaaa::212:7402:2:202: icmp_seq=3 ttl=62 time=347 ms
64 bytes from aaaa::212:7402:2:202: icmp_seq=4 ttl=62 time=248 ms
64 bytes from aaaa::212:7402:2:202: icmp_seq=5 ttl=62 time=468 ms
64 bytes from aaaa::212:7402:2:202: icmp_seq=6 ttl=62 time=337 ms
64 bytes from aaaa::212:7402:2:202: icmp_seq=7 ttl=62 time=822 ms
64 bytes from aaaa::212:7402:2:202: icmp_seq=8 ttl=62 time=1498 ms
64 bytes from aaaa::212:7402:2:202: icmp_seq=9 ttl=62 time=210 ms
64 bytes from aaaa::212:7402:2:202: icmp_seq=10 ttl=62 time=223 ms
64 bytes from aaaa::212:7402:2:202: icmp_seq=11 ttl=62 time=254 ms
64 bytes from aaaa::212:7402:2:202: icmp_seq=12 ttl=62 time=149 ms
64 bytes from aaaa::212:7402:2:202: icmp_seq=13 ttl=62 time=256 ms
64 bytes from aaaa::212:7402:2:202: icmp_seq=14 ttl=62 time=316 ms
64 bytes from aaaa::212:7402:2:202: icmp_seq=15 ttl=62 time=148 ms
64 bytes from aaaa::212:7402:2:202: icmp_seq=16 ttl=62 time=770 ms
64 bytes from aaaa::212:7402:2:202: icmp_seq=17 ttl=62 time=299 ms
64 bytes from aaaa::212:7402:2:202: icmp_seq=18 ttl=62 time=176 ms
64 bytes from aaaa::212:7402:2:202: icmp_seq=20 ttl=62 time=152 ms
64 bytes from aaaa::212:7402:2:202: icmp_seq=21 ttl=62 time=285 ms
64 bytes from aaaa::212:7402:2:202: icmp_seq=22 ttl=62 time=193 ms
64 bytes from aaaa::212:7402:2:202: icmp_seq=23 ttl=62 time=193 ms
64 bytes from aaaa::212:7402:2:202: icmp_seq=24 ttl=62 time=243 ms
64 bytes from aaaa::212:7402:2:202: icmp_seq=25 ttl=62 time=592 ms
64 bytes from aaaa::212:7402:2:202: icmp_seq=26 ttl=62 time=325 ms
64 bytes from aaaa::212:7402:2:202: icmp_seq=27 ttl=62 time=491 ms
64 bytes from aaaa::212:7402:2:202: icmp_seq=28 ttl=62 time=603 ms
64 bytes from aaaa::212:7402:2:202: icmp_seq=29 ttl=62 time=512 ms
64 bytes from aaaa::212:7402:2:202: icmp_seq=30 ttl=62 time=697 ms
64 bytes from aaaa::212:7402:2:202: icmp_seq=31 ttl=62 time=219 ms
64 bytes from aaaa::212:7402:2:202: icmp_seq=33 ttl=62 time=455 ms
64 bytes from aaaa::212:7402:2:202: icmp_seq=34 ttl=62 time=798 ms
64 bytes from aaaa::212:7402:2:202: icmp_seq=35 ttl=62 time=193 ms
64 bytes from aaaa::212:7402:2:202: icmp_seq=36 ttl=62 time=190 ms
64 bytes from aaaa::212:7402:2:202: icmp_seq=38 ttl=62 time=305 ms
64 bytes from aaaa::212:7402:2:202: icmp_seq=39 ttl=62 time=1732 ms
64 bytes from aaaa::212:7402:2:202: icmp_seq=40 ttl=62 time=356 ms
64 bytes from aaaa::212:7402:2:202: icmp_seq=41 ttl=62 time=295 ms
64 bytes from aaaa::212:7402:2:202: icmp_seq=46 ttl=62 time=210 ms
64 bytes from aaaa::212:7402:2:202: icmp_seq=47 ttl=62 time=262 ms
64 bytes from aaaa::212:7402:2:202: icmp_seq=48 ttl=62 time=242 ms
64 bytes from aaaa::212:7402:2:202: icmp_seq=49 ttl=62 time=154 ms
64 bytes from aaaa::212:7402:2:202: icmp_seq=50 ttl=62 time=141 ms
64 bytes from aaaa::212:7402:2:202: icmp_seq=51 ttl=62 time=149 ms
64 bytes from aaaa::212:7402:2:202: icmp_seq=52 ttl=62 time=632 ms
64 bytes from aaaa::212:7402:2:202: icmp_seq=53 ttl=62 time=175 ms
64 bytes from aaaa::212:7402:2:202: icmp_seq=54 ttl=62 time=206 ms
64 bytes from aaaa::212:7402:2:202: icmp_seq=55 ttl=62 time=147 ms
64 bytes from aaaa::212:7402:2:202: icmp_seq=56 ttl=62 time=224 ms
64 bytes from aaaa::212:7402:2:202: icmp_seq=57 ttl=62 time=152 ms
64 bytes from aaaa::212:7402:2:202: icmp_seq=58 ttl=62 time=160 ms
64 bytes from aaaa::212:7402:2:202: icmp_seq=59 ttl=62 time=163 ms
64 bytes from aaaa::212:7402:2:202: icmp_seq=60 ttl=62 time=141 ms
64 bytes from aaaa::212:7402:2:202: icmp_seq=61 ttl=62 time=429 ms
64 bytes from aaaa::212:7402:2:202: icmp_seq=62 ttl=62 time=859 ms
64 bytes from aaaa::212:7402:2:202: icmp_seq=63 ttl=62 time=233 ms
64 bytes from aaaa::212:7402:2:202: icmp_seq=65 ttl=62 time=285 ms
64 bytes from aaaa::212:7402:2:202: icmp_seq=66 ttl=62 time=395 ms
64 bytes from aaaa::212:7402:2:202: icmp_seq=67 ttl=62 time=307 ms
64 bytes from aaaa::212:7402:2:202: icmp_seq=68 ttl=62 time=138 ms
64 bytes from aaaa::212:7402:2:202: icmp_seq=69 ttl=62 time=181 ms
64 bytes from aaaa::212:7402:2:202: icmp_seq=70 ttl=62 time=202 ms
64 bytes from aaaa::212:7402:2:202: icmp_seq=72 ttl=62 time=149 ms
64 bytes from aaaa::212:7402:2:202: icmp_seq=73 ttl=62 time=243 ms
64 bytes from aaaa::212:7402:2:202: icmp_seq=74 ttl=62 time=153 ms
64 bytes from aaaa::212:7402:2:202: icmp_seq=75 ttl=62 time=162 ms
64 bytes from aaaa::212:7402:2:202: icmp_seq=76 ttl=62 time=229 ms
64 bytes from aaaa::212:7402:2:202: icmp_seq=77 ttl=62 time=242 ms
64 bytes from aaaa::212:7402:2:202: icmp_seq=78 ttl=62 time=445 ms
64 bytes from aaaa::212:7402:2:202: icmp_seq=79 ttl=62 time=245 ms
64 bytes from aaaa::212:7402:2:202: icmp_seq=80 ttl=62 time=305 ms
64 bytes from aaaa::212:7402:2:202: icmp_seq=81 ttl=62 time=329 ms
64 bytes from aaaa::212:7402:2:202: icmp_seq=82 ttl=62 time=139 ms
64 bytes from aaaa::212:7402:2:202: icmp_seq=83 ttl=62 time=157 ms
64 bytes from aaaa::212:7402:2:202: icmp_seq=84 ttl=62 time=205 ms
64 bytes from aaaa::212:7402:2:202: icmp_seq=85 ttl=62 time=255 ms
64 bytes from aaaa::212:7402:2:202: icmp_seq=86 ttl=62 time=163 ms
64 bytes from aaaa::212:7402:2:202: icmp_seq=87 ttl=62 time=171 ms
64 bytes from aaaa::212:7402:2:202: icmp_seq=88 ttl=62 time=154 ms
64 bytes from aaaa::212:7402:2:202: icmp_seq=89 ttl=62 time=179 ms
64 bytes from aaaa::212:7402:2:202: icmp_seq=90 ttl=62 time=120 ms
64 bytes from aaaa::212:7402:2:202: icmp_seq=91 ttl=62 time=146 ms
64 bytes from aaaa::212:7402:2:202: icmp_seq=92 ttl=62 time=154 ms
64 bytes from aaaa::212:7402:2:202: icmp_seq=93 ttl=62 time=223 ms
64 bytes from aaaa::212:7402:2:202: icmp_seq=94 ttl=62 time=123 ms
64 bytes from aaaa::212:7402:2:202: icmp_seq=95 ttl=62 time=224 ms
64 bytes from aaaa::212:7402:2:202: icmp_seq=96 ttl=62 time=254 ms
64 bytes from aaaa::212:7402:2:202: icmp_seq=97 ttl=62 time=321 ms
64 bytes from aaaa::212:7402:2:202: icmp_seq=98 ttl=62 time=224 ms
64 bytes from aaaa::212:7402:2:202: icmp_seq=99 ttl=62 time=191 ms
64 bytes from aaaa::212:7402:2:202: icmp_seq=100 ttl=62 time=331 ms
64 bytes from aaaa::212:7402:2:202: icmp_seq=101 ttl=62 time=171 ms
64 bytes from aaaa::212:7402:2:202: icmp_seq=103 ttl=62 time=180 ms
64 bytes from aaaa::212:7402:2:202: icmp_seq=105 ttl=62 time=168 ms
64 bytes from aaaa::212:7402:2:202: icmp_seq=106 ttl=62 time=151 ms
64 bytes from aaaa::212:7402:2:202: icmp_seq=107 ttl=62 time=210 ms
64 bytes from aaaa::212:7402:2:202: icmp_seq=108 ttl=62 time=173 ms
64 bytes from aaaa::212:7402:2:202: icmp_seq=109 ttl=62 time=239 ms
64 bytes from aaaa::212:7402:2:202: icmp_seq=110 ttl=62 time=171 ms
64 bytes from aaaa::212:7402:2:202: icmp_seq=111 ttl=62 time=161 ms
64 bytes from aaaa::212:7402:2:202: icmp_seq=112 ttl=62 time=184 ms
64 bytes from aaaa::212:7402:2:202: icmp_seq=113 ttl=62 time=144 ms
64 bytes from aaaa::212:7402:2:202: icmp_seq=114 ttl=62 time=184 ms
64 bytes from aaaa::212:7402:2:202: icmp_seq=115 ttl=62 time=187 ms
64 bytes from aaaa::212:7402:2:202: icmp_seq=116 ttl=62 time=253 ms
64 bytes from aaaa::212:7402:2:202: icmp_seq=117 ttl=62 time=166 ms
64 bytes from aaaa::212:7402:2:202: icmp_seq=118 ttl=62 time=237 ms
64 bytes from aaaa::212:7402:2:202: icmp_seq=119 ttl=62 time=207 ms
64 bytes from aaaa::212:7402:2:202: icmp_seq=120 ttl=62 time=268 ms
64 bytes from aaaa::212:7402:2:202: icmp_seq=121 ttl=62 time=252 ms
64 bytes from aaaa::212:7402:2:202: icmp_seq=122 ttl=62 time=240 ms
64 bytes from aaaa::212:7402:2:202: icmp_seq=123 ttl=62 time=178 ms
64 bytes from aaaa::212:7402:2:202: icmp_seq=124 ttl=62 time=239 ms
64 bytes from aaaa::212:7402:2:202: icmp_seq=125 ttl=62 time=169 ms
64 bytes from aaaa::212:7402:2:202: icmp_seq=126 ttl=62 time=197 ms
64 bytes from aaaa::212:7402:2:202: icmp_seq=127 ttl=62 time=164 ms
64 bytes from aaaa::212:7402:2:202: icmp_seq=128 ttl=62 time=193 ms
64 bytes from aaaa::212:7402:2:202: icmp_seq=129 ttl=62 time=117 ms
64 bytes from aaaa::212:7402:2:202: icmp_seq=130 ttl=62 time=176 ms
64 bytes from aaaa::212:7402:2:202: icmp_seq=131 ttl=62 time=192 ms
64 bytes from aaaa::212:7402:2:202: icmp_seq=132 ttl=62 time=256 ms
64 bytes from aaaa::212:7402:2:202: icmp_seq=133 ttl=62 time=223 ms
64 bytes from aaaa::212:7402:2:202: icmp_seq=134 ttl=62 time=290 ms
64 bytes from aaaa::212:7402:2:202: icmp_seq=135 ttl=62 time=389 ms
64 bytes from aaaa::212:7402:2:202: icmp_seq=136 ttl=62 time=576 ms
64 bytes from aaaa::212:7402:2:202: icmp_seq=138 ttl=62 time=222 ms
64 bytes from aaaa::212:7402:2:202: icmp_seq=140 ttl=62 time=311 ms
64 bytes from aaaa::212:7402:2:202: icmp_seq=141 ttl=62 time=626 ms
64 bytes from aaaa::212:7402:2:202: icmp_seq=143 ttl=62 time=864 ms
64 bytes from aaaa::212:7402:2:202: icmp_seq=144 ttl=62 time=678 ms
64 bytes from aaaa::212:7402:2:202: icmp_seq=145 ttl=62 time=1502 ms
64 bytes from aaaa::212:7402:2:202: icmp_seq=146 ttl=62 time=326 ms
64 bytes from aaaa::212:7402:2:202: icmp_seq=147 ttl=62 time=363 ms
64 bytes from aaaa::212:7402:2:202: icmp_seq=148 ttl=62 time=444 ms
64 bytes from aaaa::212:7402:2:202: icmp_seq=149 ttl=62 time=571 ms
64 bytes from aaaa::212:7402:2:202: icmp_seq=151 ttl=62 time=675 ms
64 bytes from aaaa::212:7402:2:202: icmp_seq=152 ttl=62 time=611 ms
64 bytes from aaaa::212:7402:2:202: icmp_seq=153 ttl=62 time=509 ms
64 bytes from aaaa::212:7402:2:202: icmp_seq=154 ttl=62 time=200 ms
64 bytes from aaaa::212:7402:2:202: icmp_seq=155 ttl=62 time=150 ms
64 bytes from aaaa::212:7402:2:202: icmp_seq=156 ttl=62 time=677 ms
64 bytes from aaaa::212:7402:2:202: icmp_seq=157 ttl=62 time=1211 ms
64 bytes from aaaa::212:7402:2:202: icmp_seq=158 ttl=62 time=249 ms
64 bytes from aaaa::212:7402:2:202: icmp_seq=159 ttl=62 time=506 ms
64 bytes from aaaa::212:7402:2:202: icmp_seq=160 ttl=62 time=317 ms
64 bytes from aaaa::212:7402:2:202: icmp_seq=161 ttl=62 time=425 ms
64 bytes from aaaa::212:7402:2:202: icmp_seq=162 ttl=62 time=621 ms
64 bytes from aaaa::212:7402:2:202: icmp_seq=163 ttl=62 time=2587 ms
64 bytes from aaaa::212:7402:2:202: icmp_seq=164 ttl=62 time=473 ms
64 bytes from aaaa::212:7402:2:202: icmp_seq=165 ttl=62 time=570 ms
64 bytes from aaaa::212:7402:2:202: icmp_seq=166 ttl=62 time=374 ms
64 bytes from aaaa::212:7402:2:202: icmp_seq=167 ttl=62 time=492 ms
64 bytes from aaaa::212:7402:2:202: icmp_seq=169 ttl=62 time=471 ms
64 bytes from aaaa::212:7402:2:202: icmp_seq=177 ttl=62 time=459 ms
64 bytes from aaaa::212:7402:2:202: icmp_seq=180 ttl=62 time=290 ms
64 bytes from aaaa::212:7402:2:202: icmp_seq=181 ttl=62 time=327 ms
64 bytes from aaaa::212:7402:2:202: icmp_seq=182 ttl=62 time=297 ms
64 bytes from aaaa::212:7402:2:202: icmp_seq=188 ttl=62 time=263 ms
64 bytes from aaaa::212:7402:2:202: icmp_seq=193 ttl=62 time=361 ms
64 bytes from aaaa::212:7402:2:202: icmp_seq=194 ttl=62 time=439 ms
64 bytes from aaaa::212:7402:2:202: icmp_seq=195 ttl=62 time=326 ms
64 bytes from aaaa::212:7402:2:202: icmp_seq=196 ttl=62 time=274 ms
64 bytes from aaaa::212:7402:2:202: icmp_seq=198 ttl=62 time=439 ms
64 bytes from aaaa::212:7402:2:202: icmp_seq=199 ttl=62 time=392 ms
64 bytes from aaaa::212:7402:2:202: icmp_seq=200 ttl=62 time=316 ms

--- aaaa::212:7402:2:202 ping statistics ---
200 packets transmitted, 164 received, 18% packet loss, time 1000946ms
rtt min/avg/max/mdev = 117.673/345.011/2587.784/304.039 ms
