PING aaaa::212:740a:a:a0a(aaaa::212:740a:a:a0a) 56 data bytes
64 bytes from aaaa::212:740a:a:a0a: icmp_seq=1 ttl=60 time=592 ms
64 bytes from aaaa::212:740a:a:a0a: icmp_seq=3 ttl=60 time=698 ms
64 bytes from aaaa::212:740a:a:a0a: icmp_seq=4 ttl=60 time=720 ms
64 bytes from aaaa::212:740a:a:a0a: icmp_seq=5 ttl=60 time=469 ms
64 bytes from aaaa::212:740a:a:a0a: icmp_seq=6 ttl=60 time=712 ms
64 bytes from aaaa::212:740a:a:a0a: icmp_seq=16 ttl=60 time=752 ms
64 bytes from aaaa::212:740a:a:a0a: icmp_seq=17 ttl=60 time=834 ms
64 bytes from aaaa::212:740a:a:a0a: icmp_seq=18 ttl=60 time=611 ms
64 bytes from aaaa::212:740a:a:a0a: icmp_seq=19 ttl=60 time=996 ms
64 bytes from aaaa::212:740a:a:a0a: icmp_seq=20 ttl=60 time=1465 ms
64 bytes from aaaa::212:740a:a:a0a: icmp_seq=21 ttl=60 time=995 ms
64 bytes from aaaa::212:740a:a:a0a: icmp_seq=22 ttl=60 time=506 ms
64 bytes from aaaa::212:740a:a:a0a: icmp_seq=23 ttl=60 time=531 ms
64 bytes from aaaa::212:740a:a:a0a: icmp_seq=24 ttl=60 time=523 ms
64 bytes from aaaa::212:740a:a:a0a: icmp_seq=25 ttl=60 time=1179 ms
64 bytes from aaaa::212:740a:a:a0a: icmp_seq=26 ttl=60 time=347 ms
64 bytes from aaaa::212:740a:a:a0a: icmp_seq=27 ttl=60 time=746 ms
64 bytes from aaaa::212:740a:a:a0a: icmp_seq=28 ttl=60 time=399 ms
64 bytes from aaaa::212:740a:a:a0a: icmp_seq=29 ttl=60 time=940 ms
64 bytes from aaaa::212:740a:a:a0a: icmp_seq=30 ttl=60 time=412 ms
64 bytes from aaaa::212:740a:a:a0a: icmp_seq=32 ttl=60 time=1414 ms
64 bytes from aaaa::212:740a:a:a0a: icmp_seq=34 ttl=60 time=1123 ms
64 bytes from aaaa::212:740a:a:a0a: icmp_seq=35 ttl=60 time=549 ms
64 bytes from aaaa::212:740a:a:a0a: icmp_seq=36 ttl=60 time=1408 ms
64 bytes from aaaa::212:740a:a:a0a: icmp_seq=37 ttl=60 time=921 ms
64 bytes from aaaa::212:740a:a:a0a: icmp_seq=38 ttl=60 time=403 ms
64 bytes from aaaa::212:740a:a:a0a: icmp_seq=39 ttl=60 time=406 ms
64 bytes from aaaa::212:740a:a:a0a: icmp_seq=40 ttl=60 time=381 ms
64 bytes from aaaa::212:740a:a:a0a: icmp_seq=41 ttl=60 time=886 ms
64 bytes from aaaa::212:740a:a:a0a: icmp_seq=42 ttl=60 time=648 ms
64 bytes from aaaa::212:740a:a:a0a: icmp_seq=43 ttl=60 time=400 ms
64 bytes from aaaa::212:740a:a:a0a: icmp_seq=44 ttl=60 time=695 ms
64 bytes from aaaa::212:740a:a:a0a: icmp_seq=45 ttl=60 time=424 ms
64 bytes from aaaa::212:740a:a:a0a: icmp_seq=46 ttl=60 time=289 ms
64 bytes from aaaa::212:740a:a:a0a: icmp_seq=47 ttl=60 time=505 ms
64 bytes from aaaa::212:740a:a:a0a: icmp_seq=48 ttl=60 time=498 ms
64 bytes from aaaa::212:740a:a:a0a: icmp_seq=49 ttl=60 time=529 ms
64 bytes from aaaa::212:740a:a:a0a: icmp_seq=50 ttl=60 time=446 ms
64 bytes from aaaa::212:740a:a:a0a: icmp_seq=51 ttl=60 time=1061 ms
64 bytes from aaaa::212:740a:a:a0a: icmp_seq=52 ttl=60 time=512 ms
64 bytes from aaaa::212:740a:a:a0a: icmp_seq=53 ttl=60 time=617 ms
64 bytes from aaaa::212:740a:a:a0a: icmp_seq=54 ttl=60 time=553 ms
64 bytes from aaaa::212:740a:a:a0a: icmp_seq=55 ttl=60 time=493 ms
64 bytes from aaaa::212:740a:a:a0a: icmp_seq=56 ttl=60 time=466 ms
64 bytes from aaaa::212:740a:a:a0a: icmp_seq=57 ttl=60 time=657 ms
64 bytes from aaaa::212:740a:a:a0a: icmp_seq=63 ttl=60 time=492 ms
64 bytes from aaaa::212:740a:a:a0a: icmp_seq=64 ttl=60 time=748 ms
64 bytes from aaaa::212:740a:a:a0a: icmp_seq=65 ttl=60 time=598 ms
64 bytes from aaaa::212:740a:a:a0a: icmp_seq=67 ttl=60 time=1275 ms
64 bytes from aaaa::212:740a:a:a0a: icmp_seq=68 ttl=60 time=1393 ms
64 bytes from aaaa::212:740a:a:a0a: icmp_seq=70 ttl=60 time=1359 ms
64 bytes from aaaa::212:740a:a:a0a: icmp_seq=71 ttl=60 time=1856 ms
64 bytes from aaaa::212:740a:a:a0a: icmp_seq=72 ttl=60 time=1114 ms
64 bytes from aaaa::212:740a:a:a0a: icmp_seq=73 ttl=60 time=871 ms
64 bytes from aaaa::212:740a:a:a0a: icmp_seq=74 ttl=60 time=773 ms
64 bytes from aaaa::212:740a:a:a0a: icmp_seq=75 ttl=60 time=1542 ms
64 bytes from aaaa::212:740a:a:a0a: icmp_seq=76 ttl=60 time=1004 ms
64 bytes from aaaa::212:740a:a:a0a: icmp_seq=77 ttl=60 time=650 ms
64 bytes from aaaa::212:740a:a:a0a: icmp_seq=78 ttl=60 time=1436 ms
64 bytes from aaaa::212:740a:a:a0a: icmp_seq=79 ttl=60 time=610 ms
64 bytes from aaaa::212:740a:a:a0a: icmp_seq=80 ttl=60 time=1153 ms
64 bytes from aaaa::212:740a:a:a0a: icmp_seq=81 ttl=60 time=1158 ms
64 bytes from aaaa::212:740a:a:a0a: icmp_seq=82 ttl=60 time=1004 ms
64 bytes from aaaa::212:740a:a:a0a: icmp_seq=83 ttl=60 time=494 ms
64 bytes from aaaa::212:740a:a:a0a: icmp_seq=84 ttl=60 time=1056 ms
64 bytes from aaaa::212:740a:a:a0a: icmp_seq=88 ttl=60 time=607 ms
64 bytes from aaaa::212:740a:a:a0a: icmp_seq=89 ttl=60 time=721 ms
64 bytes from aaaa::212:740a:a:a0a: icmp_seq=90 ttl=60 time=1120 ms
64 bytes from aaaa::212:740a:a:a0a: icmp_seq=91 ttl=60 time=890 ms
64 bytes from aaaa::212:740a:a:a0a: icmp_seq=92 ttl=60 time=808 ms
64 bytes from aaaa::212:740a:a:a0a: icmp_seq=93 ttl=60 time=996 ms
64 bytes from aaaa::212:740a:a:a0a: icmp_seq=94 ttl=60 time=679 ms
64 bytes from aaaa::212:740a:a:a0a: icmp_seq=95 ttl=60 time=657 ms
64 bytes from aaaa::212:740a:a:a0a: icmp_seq=96 ttl=60 time=684 ms
64 bytes from aaaa::212:740a:a:a0a: icmp_seq=97 ttl=60 time=678 ms
64 bytes from aaaa::212:740a:a:a0a: icmp_seq=98 ttl=60 time=644 ms
64 bytes from aaaa::212:740a:a:a0a: icmp_seq=99 ttl=60 time=979 ms
64 bytes from aaaa::212:740a:a:a0a: icmp_seq=100 ttl=60 time=745 ms
64 bytes from aaaa::212:740a:a:a0a: icmp_seq=101 ttl=60 time=1038 ms
64 bytes from aaaa::212:740a:a:a0a: icmp_seq=102 ttl=60 time=821 ms
64 bytes from aaaa::212:740a:a:a0a: icmp_seq=103 ttl=60 time=653 ms
64 bytes from aaaa::212:740a:a:a0a: icmp_seq=104 ttl=60 time=445 ms
64 bytes from aaaa::212:740a:a:a0a: icmp_seq=105 ttl=60 time=507 ms
64 bytes from aaaa::212:740a:a:a0a: icmp_seq=106 ttl=60 time=913 ms
64 bytes from aaaa::212:740a:a:a0a: icmp_seq=107 ttl=60 time=842 ms
64 bytes from aaaa::212:740a:a:a0a: icmp_seq=108 ttl=60 time=836 ms
64 bytes from aaaa::212:740a:a:a0a: icmp_seq=109 ttl=60 time=894 ms
64 bytes from aaaa::212:740a:a:a0a: icmp_seq=110 ttl=60 time=751 ms
64 bytes from aaaa::212:740a:a:a0a: icmp_seq=111 ttl=60 time=736 ms
64 bytes from aaaa::212:740a:a:a0a: icmp_seq=112 ttl=60 time=776 ms
64 bytes from aaaa::212:740a:a:a0a: icmp_seq=113 ttl=60 time=1077 ms
64 bytes from aaaa::212:740a:a:a0a: icmp_seq=114 ttl=60 time=666 ms
64 bytes from aaaa::212:740a:a:a0a: icmp_seq=115 ttl=60 time=1052 ms
64 bytes from aaaa::212:740a:a:a0a: icmp_seq=116 ttl=60 time=473 ms
64 bytes from aaaa::212:740a:a:a0a: icmp_seq=117 ttl=60 time=800 ms
64 bytes from aaaa::212:740a:a:a0a: icmp_seq=118 ttl=60 time=673 ms
64 bytes from aaaa::212:740a:a:a0a: icmp_seq=119 ttl=60 time=663 ms
64 bytes from aaaa::212:740a:a:a0a: icmp_seq=120 ttl=60 time=655 ms
64 bytes from aaaa::212:740a:a:a0a: icmp_seq=121 ttl=60 time=636 ms
64 bytes from aaaa::212:740a:a:a0a: icmp_seq=122 ttl=60 time=743 ms
64 bytes from aaaa::212:740a:a:a0a: icmp_seq=123 ttl=60 time=619 ms
64 bytes from aaaa::212:740a:a:a0a: icmp_seq=124 ttl=60 time=627 ms
64 bytes from aaaa::212:740a:a:a0a: icmp_seq=125 ttl=60 time=721 ms
64 bytes from aaaa::212:740a:a:a0a: icmp_seq=126 ttl=60 time=617 ms
64 bytes from aaaa::212:740a:a:a0a: icmp_seq=127 ttl=60 time=567 ms
64 bytes from aaaa::212:740a:a:a0a: icmp_seq=128 ttl=60 time=555 ms
64 bytes from aaaa::212:740a:a:a0a: icmp_seq=129 ttl=60 time=852 ms
64 bytes from aaaa::212:740a:a:a0a: icmp_seq=130 ttl=60 time=568 ms
64 bytes from aaaa::212:740a:a:a0a: icmp_seq=131 ttl=60 time=750 ms
64 bytes from aaaa::212:740a:a:a0a: icmp_seq=132 ttl=60 time=694 ms
64 bytes from aaaa::212:740a:a:a0a: icmp_seq=133 ttl=60 time=852 ms
64 bytes from aaaa::212:740a:a:a0a: icmp_seq=134 ttl=60 time=1227 ms
64 bytes from aaaa::212:740a:a:a0a: icmp_seq=135 ttl=60 time=731 ms
64 bytes from aaaa::212:740a:a:a0a: icmp_seq=136 ttl=60 time=624 ms
64 bytes from aaaa::212:740a:a:a0a: icmp_seq=138 ttl=60 time=620 ms
64 bytes from aaaa::212:740a:a:a0a: icmp_seq=139 ttl=60 time=698 ms
64 bytes from aaaa::212:740a:a:a0a: icmp_seq=140 ttl=60 time=597 ms
64 bytes from aaaa::212:740a:a:a0a: icmp_seq=141 ttl=60 time=609 ms
64 bytes from aaaa::212:740a:a:a0a: icmp_seq=142 ttl=60 time=566 ms
64 bytes from aaaa::212:740a:a:a0a: icmp_seq=143 ttl=60 time=535 ms
64 bytes from aaaa::212:740a:a:a0a: icmp_seq=144 ttl=60 time=909 ms
64 bytes from aaaa::212:740a:a:a0a: icmp_seq=145 ttl=60 time=729 ms
64 bytes from aaaa::212:740a:a:a0a: icmp_seq=146 ttl=60 time=584 ms
64 bytes from aaaa::212:740a:a:a0a: icmp_seq=147 ttl=60 time=494 ms
64 bytes from aaaa::212:740a:a:a0a: icmp_seq=148 ttl=60 time=733 ms
64 bytes from aaaa::212:740a:a:a0a: icmp_seq=149 ttl=60 time=631 ms
64 bytes from aaaa::212:740a:a:a0a: icmp_seq=150 ttl=60 time=757 ms
64 bytes from aaaa::212:740a:a:a0a: icmp_seq=151 ttl=60 time=472 ms
64 bytes from aaaa::212:740a:a:a0a: icmp_seq=152 ttl=60 time=583 ms
64 bytes from aaaa::212:740a:a:a0a: icmp_seq=153 ttl=60 time=547 ms
64 bytes from aaaa::212:740a:a:a0a: icmp_seq=154 ttl=60 time=587 ms
64 bytes from aaaa::212:740a:a:a0a: icmp_seq=155 ttl=60 time=547 ms
64 bytes from aaaa::212:740a:a:a0a: icmp_seq=156 ttl=60 time=813 ms
64 bytes from aaaa::212:740a:a:a0a: icmp_seq=157 ttl=60 time=793 ms
64 bytes from aaaa::212:740a:a:a0a: icmp_seq=158 ttl=60 time=955 ms
64 bytes from aaaa::212:740a:a:a0a: icmp_seq=160 ttl=60 time=675 ms
64 bytes from aaaa::212:740a:a:a0a: icmp_seq=161 ttl=60 time=514 ms
64 bytes from aaaa::212:740a:a:a0a: icmp_seq=162 ttl=60 time=1353 ms
64 bytes from aaaa::212:740a:a:a0a: icmp_seq=163 ttl=60 time=642 ms
64 bytes from aaaa::212:740a:a:a0a: icmp_seq=165 ttl=60 time=708 ms
64 bytes from aaaa::212:740a:a:a0a: icmp_seq=166 ttl=60 time=586 ms
64 bytes from aaaa::212:740a:a:a0a: icmp_seq=170 ttl=60 time=653 ms
64 bytes from aaaa::212:740a:a:a0a: icmp_seq=171 ttl=60 time=658 ms
64 bytes from aaaa::212:740a:a:a0a: icmp_seq=173 ttl=60 time=559 ms
64 bytes from aaaa::212:740a:a:a0a: icmp_seq=174 ttl=60 time=759 ms
64 bytes from aaaa::212:740a:a:a0a: icmp_seq=175 ttl=60 time=620 ms
64 bytes from aaaa::212:740a:a:a0a: icmp_seq=176 ttl=60 time=1045 ms
64 bytes from aaaa::212:740a:a:a0a: icmp_seq=177 ttl=60 time=1442 ms
64 bytes from aaaa::212:740a:a:a0a: icmp_seq=178 ttl=60 time=1432 ms
64 bytes from aaaa::212:740a:a:a0a: icmp_seq=181 ttl=60 time=1108 ms
64 bytes from aaaa::212:740a:a:a0a: icmp_seq=183 ttl=60 time=1392 ms
64 bytes from aaaa::212:740a:a:a0a: icmp_seq=187 ttl=60 time=463 ms
64 bytes from aaaa::212:740a:a:a0a: icmp_seq=188 ttl=60 time=653 ms
64 bytes from aaaa::212:740a:a:a0a: icmp_seq=189 ttl=60 time=361 ms
64 bytes from aaaa::212:740a:a:a0a: icmp_seq=190 ttl=60 time=697 ms
64 bytes from aaaa::212:740a:a:a0a: icmp_seq=191 ttl=60 time=1166 ms
64 bytes from aaaa::212:740a:a:a0a: icmp_seq=192 ttl=60 time=482 ms
64 bytes from aaaa::212:740a:a:a0a: icmp_seq=193 ttl=60 time=614 ms
64 bytes from aaaa::212:740a:a:a0a: icmp_seq=194 ttl=60 time=524 ms
64 bytes from aaaa::212:740a:a:a0a: icmp_seq=195 ttl=60 time=691 ms
64 bytes from aaaa::212:740a:a:a0a: icmp_seq=196 ttl=60 time=484 ms

--- aaaa::212:740a:a:a0a ping statistics ---
200 packets transmitted, 161 received, 19% packet loss, time 1000518ms
rtt min/avg/max/mdev = 289.885/759.492/1856.033/284.416 ms
