PING aaaa::212:740c:c:c0c(aaaa::212:740c:c:c0c) 56 data bytes
64 bytes from aaaa::212:740c:c:c0c: icmp_seq=1 ttl=61 time=549 ms
64 bytes from aaaa::212:740c:c:c0c: icmp_seq=2 ttl=60 time=1667 ms
64 bytes from aaaa::212:740c:c:c0c: icmp_seq=3 ttl=61 time=1732 ms
64 bytes from aaaa::212:740c:c:c0c: icmp_seq=15 ttl=61 time=560 ms
64 bytes from aaaa::212:740c:c:c0c: icmp_seq=16 ttl=61 time=980 ms
64 bytes from aaaa::212:740c:c:c0c: icmp_seq=18 ttl=61 time=2060 ms
64 bytes from aaaa::212:740c:c:c0c: icmp_seq=19 ttl=61 time=1434 ms
64 bytes from aaaa::212:740c:c:c0c: icmp_seq=28 ttl=60 time=2652 ms
64 bytes from aaaa::212:740c:c:c0c: icmp_seq=29 ttl=60 time=658 ms
64 bytes from aaaa::212:740c:c:c0c: icmp_seq=31 ttl=60 time=1105 ms
64 bytes from aaaa::212:740c:c:c0c: icmp_seq=38 ttl=61 time=1058 ms
64 bytes from aaaa::212:740c:c:c0c: icmp_seq=39 ttl=61 time=1014 ms
64 bytes from aaaa::212:740c:c:c0c: icmp_seq=40 ttl=61 time=1289 ms
64 bytes from aaaa::212:740c:c:c0c: icmp_seq=43 ttl=61 time=1022 ms
64 bytes from aaaa::212:740c:c:c0c: icmp_seq=44 ttl=61 time=610 ms
64 bytes from aaaa::212:740c:c:c0c: icmp_seq=47 ttl=61 time=676 ms
64 bytes from aaaa::212:740c:c:c0c: icmp_seq=50 ttl=61 time=2122 ms
64 bytes from aaaa::212:740c:c:c0c: icmp_seq=51 ttl=61 time=375 ms
64 bytes from aaaa::212:740c:c:c0c: icmp_seq=52 ttl=61 time=495 ms
64 bytes from aaaa::212:740c:c:c0c: icmp_seq=53 ttl=61 time=1313 ms
64 bytes from aaaa::212:740c:c:c0c: icmp_seq=54 ttl=61 time=965 ms
64 bytes from aaaa::212:740c:c:c0c: icmp_seq=58 ttl=61 time=941 ms
64 bytes from aaaa::212:740c:c:c0c: icmp_seq=59 ttl=61 time=878 ms
64 bytes from aaaa::212:740c:c:c0c: icmp_seq=60 ttl=61 time=436 ms
64 bytes from aaaa::212:740c:c:c0c: icmp_seq=61 ttl=61 time=580 ms
64 bytes from aaaa::212:740c:c:c0c: icmp_seq=62 ttl=61 time=284 ms
64 bytes from aaaa::212:740c:c:c0c: icmp_seq=63 ttl=60 time=1337 ms
64 bytes from aaaa::212:740c:c:c0c: icmp_seq=64 ttl=60 time=2461 ms
64 bytes from aaaa::212:740c:c:c0c: icmp_seq=65 ttl=60 time=1420 ms
64 bytes from aaaa::212:740c:c:c0c: icmp_seq=70 ttl=60 time=419 ms
64 bytes from aaaa::212:740c:c:c0c: icmp_seq=71 ttl=61 time=1312 ms
64 bytes from aaaa::212:740c:c:c0c: icmp_seq=72 ttl=61 time=1995 ms
64 bytes from aaaa::212:740c:c:c0c: icmp_seq=73 ttl=61 time=1540 ms
64 bytes from aaaa::212:740c:c:c0c: icmp_seq=76 ttl=61 time=1603 ms
64 bytes from aaaa::212:740c:c:c0c: icmp_seq=77 ttl=61 time=676 ms
64 bytes from aaaa::212:740c:c:c0c: icmp_seq=78 ttl=61 time=439 ms
64 bytes from aaaa::212:740c:c:c0c: icmp_seq=79 ttl=61 time=251 ms
64 bytes from aaaa::212:740c:c:c0c: icmp_seq=80 ttl=61 time=330 ms
64 bytes from aaaa::212:740c:c:c0c: icmp_seq=81 ttl=61 time=771 ms
64 bytes from aaaa::212:740c:c:c0c: icmp_seq=82 ttl=61 time=420 ms
64 bytes from aaaa::212:740c:c:c0c: icmp_seq=83 ttl=61 time=293 ms
64 bytes from aaaa::212:740c:c:c0c: icmp_seq=84 ttl=61 time=890 ms
64 bytes from aaaa::212:740c:c:c0c: icmp_seq=86 ttl=61 time=460 ms
64 bytes from aaaa::212:740c:c:c0c: icmp_seq=90 ttl=61 time=491 ms
64 bytes from aaaa::212:740c:c:c0c: icmp_seq=91 ttl=61 time=579 ms
64 bytes from aaaa::212:740c:c:c0c: icmp_seq=95 ttl=61 time=374 ms
64 bytes from aaaa::212:740c:c:c0c: icmp_seq=97 ttl=61 time=454 ms
64 bytes from aaaa::212:740c:c:c0c: icmp_seq=101 ttl=61 time=2007 ms
64 bytes from aaaa::212:740c:c:c0c: icmp_seq=102 ttl=61 time=375 ms
64 bytes from aaaa::212:740c:c:c0c: icmp_seq=103 ttl=61 time=325 ms
64 bytes from aaaa::212:740c:c:c0c: icmp_seq=104 ttl=61 time=405 ms
64 bytes from aaaa::212:740c:c:c0c: icmp_seq=105 ttl=61 time=1087 ms
64 bytes from aaaa::212:740c:c:c0c: icmp_seq=106 ttl=61 time=359 ms
64 bytes from aaaa::212:740c:c:c0c: icmp_seq=107 ttl=61 time=341 ms
64 bytes from aaaa::212:740c:c:c0c: icmp_seq=108 ttl=61 time=288 ms
64 bytes from aaaa::212:740c:c:c0c: icmp_seq=109 ttl=61 time=289 ms
64 bytes from aaaa::212:740c:c:c0c: icmp_seq=111 ttl=61 time=434 ms
64 bytes from aaaa::212:740c:c:c0c: icmp_seq=112 ttl=61 time=469 ms
64 bytes from aaaa::212:740c:c:c0c: icmp_seq=116 ttl=60 time=1440 ms
64 bytes from aaaa::212:740c:c:c0c: icmp_seq=117 ttl=60 time=851 ms
64 bytes from aaaa::212:740c:c:c0c: icmp_seq=118 ttl=61 time=1310 ms
64 bytes from aaaa::212:740c:c:c0c: icmp_seq=120 ttl=61 time=2983 ms
64 bytes from aaaa::212:740c:c:c0c: icmp_seq=122 ttl=61 time=909 ms
64 bytes from aaaa::212:740c:c:c0c: icmp_seq=123 ttl=61 time=677 ms
64 bytes from aaaa::212:740c:c:c0c: icmp_seq=125 ttl=61 time=597 ms
64 bytes from aaaa::212:740c:c:c0c: icmp_seq=126 ttl=60 time=1073 ms
64 bytes from aaaa::212:740c:c:c0c: icmp_seq=129 ttl=60 time=817 ms
64 bytes from aaaa::212:740c:c:c0c: icmp_seq=134 ttl=60 time=1380 ms
64 bytes from aaaa::212:740c:c:c0c: icmp_seq=135 ttl=60 time=774 ms
64 bytes from aaaa::212:740c:c:c0c: icmp_seq=137 ttl=60 time=1060 ms
64 bytes from aaaa::212:740c:c:c0c: icmp_seq=138 ttl=61 time=579 ms
64 bytes from aaaa::212:740c:c:c0c: icmp_seq=139 ttl=61 time=1273 ms
64 bytes from aaaa::212:740c:c:c0c: icmp_seq=147 ttl=61 time=1114 ms
64 bytes from aaaa::212:740c:c:c0c: icmp_seq=150 ttl=61 time=2092 ms
64 bytes from aaaa::212:740c:c:c0c: icmp_seq=151 ttl=61 time=3417 ms
64 bytes from aaaa::212:740c:c:c0c: icmp_seq=153 ttl=61 time=2012 ms
64 bytes from aaaa::212:740c:c:c0c: icmp_seq=155 ttl=61 time=542 ms
64 bytes from aaaa::212:740c:c:c0c: icmp_seq=162 ttl=60 time=980 ms
64 bytes from aaaa::212:740c:c:c0c: icmp_seq=163 ttl=60 time=793 ms
64 bytes from aaaa::212:740c:c:c0c: icmp_seq=168 ttl=61 time=1023 ms
64 bytes from aaaa::212:740c:c:c0c: icmp_seq=174 ttl=61 time=3972 ms
64 bytes from aaaa::212:740c:c:c0c: icmp_seq=177 ttl=61 time=943 ms
64 bytes from aaaa::212:740c:c:c0c: icmp_seq=178 ttl=61 time=817 ms
64 bytes from aaaa::212:740c:c:c0c: icmp_seq=179 ttl=61 time=520 ms
64 bytes from aaaa::212:740c:c:c0c: icmp_seq=180 ttl=61 time=2622 ms
64 bytes from aaaa::212:740c:c:c0c: icmp_seq=182 ttl=61 time=2295 ms
64 bytes from aaaa::212:740c:c:c0c: icmp_seq=184 ttl=60 time=1025 ms
64 bytes from aaaa::212:740c:c:c0c: icmp_seq=185 ttl=61 time=2558 ms
64 bytes from aaaa::212:740c:c:c0c: icmp_seq=188 ttl=60 time=1393 ms
64 bytes from aaaa::212:740c:c:c0c: icmp_seq=193 ttl=61 time=403 ms
64 bytes from aaaa::212:740c:c:c0c: icmp_seq=194 ttl=61 time=1670 ms
64 bytes from aaaa::212:740c:c:c0c: icmp_seq=196 ttl=60 time=4432 ms
64 bytes from aaaa::212:740c:c:c0c: icmp_seq=198 ttl=60 time=1113 ms
64 bytes from aaaa::212:740c:c:c0c: icmp_seq=199 ttl=60 time=469 ms
64 bytes from aaaa::212:740c:c:c0c: icmp_seq=200 ttl=61 time=482 ms

--- aaaa::212:740c:c:c0c ping statistics ---
200 packets transmitted, 95 received, 52% packet loss, time 1009548ms
rtt min/avg/max/mdev = 251.377/1103.221/4432.438/816.460 ms
