PING aaaa::212:740f:f:f0f(aaaa::212:740f:f:f0f) 56 data bytes
64 bytes from aaaa::212:740f:f:f0f: icmp_seq=1 ttl=60 time=402 ms
64 bytes from aaaa::212:740f:f:f0f: icmp_seq=6 ttl=60 time=989 ms
64 bytes from aaaa::212:740f:f:f0f: icmp_seq=7 ttl=60 time=939 ms
64 bytes from aaaa::212:740f:f:f0f: icmp_seq=8 ttl=60 time=1060 ms
64 bytes from aaaa::212:740f:f:f0f: icmp_seq=9 ttl=60 time=489 ms
64 bytes from aaaa::212:740f:f:f0f: icmp_seq=16 ttl=60 time=1732 ms
64 bytes from aaaa::212:740f:f:f0f: icmp_seq=21 ttl=60 time=1063 ms
64 bytes from aaaa::212:740f:f:f0f: icmp_seq=24 ttl=59 time=1222 ms
64 bytes from aaaa::212:740f:f:f0f: icmp_seq=25 ttl=59 time=747 ms
64 bytes from aaaa::212:740f:f:f0f: icmp_seq=26 ttl=59 time=1561 ms
64 bytes from aaaa::212:740f:f:f0f: icmp_seq=32 ttl=60 time=1385 ms
64 bytes from aaaa::212:740f:f:f0f: icmp_seq=33 ttl=60 time=2558 ms
64 bytes from aaaa::212:740f:f:f0f: icmp_seq=50 ttl=60 time=2323 ms
64 bytes from aaaa::212:740f:f:f0f: icmp_seq=52 ttl=60 time=2463 ms
64 bytes from aaaa::212:740f:f:f0f: icmp_seq=53 ttl=60 time=429 ms
64 bytes from aaaa::212:740f:f:f0f: icmp_seq=54 ttl=60 time=1035 ms
64 bytes from aaaa::212:740f:f:f0f: icmp_seq=55 ttl=60 time=919 ms
64 bytes from aaaa::212:740f:f:f0f: icmp_seq=56 ttl=60 time=324 ms
64 bytes from aaaa::212:740f:f:f0f: icmp_seq=57 ttl=60 time=337 ms
64 bytes from aaaa::212:740f:f:f0f: icmp_seq=58 ttl=59 time=7089 ms
64 bytes from aaaa::212:740f:f:f0f: icmp_seq=60 ttl=60 time=3380 ms
64 bytes from aaaa::212:740f:f:f0f: icmp_seq=62 ttl=58 time=3720 ms
64 bytes from aaaa::212:740f:f:f0f: icmp_seq=64 ttl=59 time=4401 ms
64 bytes from aaaa::212:740f:f:f0f: icmp_seq=66 ttl=60 time=576 ms
64 bytes from aaaa::212:740f:f:f0f: icmp_seq=67 ttl=60 time=1673 ms
64 bytes from aaaa::212:740f:f:f0f: icmp_seq=69 ttl=60 time=1392 ms
64 bytes from aaaa::212:740f:f:f0f: icmp_seq=70 ttl=60 time=492 ms
64 bytes from aaaa::212:740f:f:f0f: icmp_seq=71 ttl=60 time=2622 ms
64 bytes from aaaa::212:740f:f:f0f: icmp_seq=72 ttl=60 time=371 ms
64 bytes from aaaa::212:740f:f:f0f: icmp_seq=73 ttl=60 time=1769 ms
64 bytes from aaaa::212:740f:f:f0f: icmp_seq=74 ttl=60 time=1352 ms
64 bytes from aaaa::212:740f:f:f0f: icmp_seq=76 ttl=60 time=1297 ms
64 bytes from aaaa::212:740f:f:f0f: icmp_seq=77 ttl=60 time=742 ms
64 bytes from aaaa::212:740f:f:f0f: icmp_seq=78 ttl=60 time=356 ms
64 bytes from aaaa::212:740f:f:f0f: icmp_seq=79 ttl=60 time=372 ms
64 bytes from aaaa::212:740f:f:f0f: icmp_seq=80 ttl=60 time=426 ms
64 bytes from aaaa::212:740f:f:f0f: icmp_seq=81 ttl=60 time=379 ms
64 bytes from aaaa::212:740f:f:f0f: icmp_seq=82 ttl=60 time=394 ms
64 bytes from aaaa::212:740f:f:f0f: icmp_seq=83 ttl=60 time=407 ms
64 bytes from aaaa::212:740f:f:f0f: icmp_seq=84 ttl=60 time=487 ms
64 bytes from aaaa::212:740f:f:f0f: icmp_seq=85 ttl=60 time=1603 ms
64 bytes from aaaa::212:740f:f:f0f: icmp_seq=86 ttl=60 time=670 ms
64 bytes from aaaa::212:740f:f:f0f: icmp_seq=87 ttl=60 time=2762 ms
64 bytes from aaaa::212:740f:f:f0f: icmp_seq=88 ttl=60 time=351 ms
64 bytes from aaaa::212:740f:f:f0f: icmp_seq=89 ttl=60 time=423 ms
64 bytes from aaaa::212:740f:f:f0f: icmp_seq=90 ttl=60 time=411 ms
64 bytes from aaaa::212:740f:f:f0f: icmp_seq=91 ttl=60 time=378 ms
64 bytes from aaaa::212:740f:f:f0f: icmp_seq=92 ttl=60 time=410 ms
64 bytes from aaaa::212:740f:f:f0f: icmp_seq=93 ttl=60 time=590 ms
64 bytes from aaaa::212:740f:f:f0f: icmp_seq=94 ttl=60 time=763 ms
64 bytes from aaaa::212:740f:f:f0f: icmp_seq=95 ttl=60 time=469 ms
64 bytes from aaaa::212:740f:f:f0f: icmp_seq=96 ttl=60 time=359 ms
64 bytes from aaaa::212:740f:f:f0f: icmp_seq=97 ttl=60 time=427 ms
64 bytes from aaaa::212:740f:f:f0f: icmp_seq=98 ttl=60 time=449 ms
64 bytes from aaaa::212:740f:f:f0f: icmp_seq=99 ttl=60 time=502 ms
64 bytes from aaaa::212:740f:f:f0f: icmp_seq=100 ttl=60 time=340 ms
64 bytes from aaaa::212:740f:f:f0f: icmp_seq=101 ttl=60 time=409 ms
64 bytes from aaaa::212:740f:f:f0f: icmp_seq=102 ttl=60 time=410 ms
64 bytes from aaaa::212:740f:f:f0f: icmp_seq=103 ttl=60 time=531 ms
64 bytes from aaaa::212:740f:f:f0f: icmp_seq=104 ttl=60 time=397 ms
64 bytes from aaaa::212:740f:f:f0f: icmp_seq=105 ttl=60 time=465 ms
64 bytes from aaaa::212:740f:f:f0f: icmp_seq=107 ttl=60 time=456 ms
64 bytes from aaaa::212:740f:f:f0f: icmp_seq=108 ttl=60 time=391 ms
64 bytes from aaaa::212:740f:f:f0f: icmp_seq=109 ttl=60 time=496 ms
64 bytes from aaaa::212:740f:f:f0f: icmp_seq=110 ttl=60 time=496 ms
64 bytes from aaaa::212:740f:f:f0f: icmp_seq=111 ttl=60 time=460 ms
64 bytes from aaaa::212:740f:f:f0f: icmp_seq=112 ttl=60 time=448 ms
64 bytes from aaaa::212:740f:f:f0f: icmp_seq=113 ttl=60 time=358 ms
64 bytes from aaaa::212:740f:f:f0f: icmp_seq=114 ttl=60 time=364 ms
64 bytes from aaaa::212:740f:f:f0f: icmp_seq=115 ttl=60 time=523 ms
64 bytes from aaaa::212:740f:f:f0f: icmp_seq=116 ttl=60 time=721 ms
64 bytes from aaaa::212:740f:f:f0f: icmp_seq=117 ttl=60 time=629 ms
64 bytes from aaaa::212:740f:f:f0f: icmp_seq=118 ttl=60 time=866 ms
64 bytes from aaaa::212:740f:f:f0f: icmp_seq=120 ttl=60 time=373 ms
64 bytes from aaaa::212:740f:f:f0f: icmp_seq=121 ttl=60 time=388 ms
64 bytes from aaaa::212:740f:f:f0f: icmp_seq=122 ttl=60 time=492 ms
64 bytes from aaaa::212:740f:f:f0f: icmp_seq=123 ttl=60 time=657 ms
64 bytes from aaaa::212:740f:f:f0f: icmp_seq=124 ttl=60 time=444 ms
64 bytes from aaaa::212:740f:f:f0f: icmp_seq=125 ttl=60 time=587 ms
64 bytes from aaaa::212:740f:f:f0f: icmp_seq=127 ttl=60 time=553 ms
64 bytes from aaaa::212:740f:f:f0f: icmp_seq=128 ttl=60 time=675 ms
64 bytes from aaaa::212:740f:f:f0f: icmp_seq=129 ttl=60 time=399 ms
64 bytes from aaaa::212:740f:f:f0f: icmp_seq=130 ttl=60 time=403 ms
64 bytes from aaaa::212:740f:f:f0f: icmp_seq=131 ttl=60 time=416 ms
64 bytes from aaaa::212:740f:f:f0f: icmp_seq=132 ttl=60 time=739 ms
64 bytes from aaaa::212:740f:f:f0f: icmp_seq=133 ttl=60 time=609 ms
64 bytes from aaaa::212:740f:f:f0f: icmp_seq=134 ttl=60 time=535 ms
64 bytes from aaaa::212:740f:f:f0f: icmp_seq=135 ttl=60 time=427 ms
64 bytes from aaaa::212:740f:f:f0f: icmp_seq=136 ttl=60 time=561 ms
64 bytes from aaaa::212:740f:f:f0f: icmp_seq=137 ttl=60 time=541 ms
64 bytes from aaaa::212:740f:f:f0f: icmp_seq=138 ttl=60 time=825 ms
64 bytes from aaaa::212:740f:f:f0f: icmp_seq=139 ttl=60 time=418 ms
64 bytes from aaaa::212:740f:f:f0f: icmp_seq=140 ttl=60 time=590 ms
64 bytes from aaaa::212:740f:f:f0f: icmp_seq=141 ttl=60 time=689 ms
64 bytes from aaaa::212:740f:f:f0f: icmp_seq=142 ttl=60 time=388 ms
64 bytes from aaaa::212:740f:f:f0f: icmp_seq=143 ttl=60 time=532 ms
64 bytes from aaaa::212:740f:f:f0f: icmp_seq=144 ttl=60 time=996 ms
64 bytes from aaaa::212:740f:f:f0f: icmp_seq=145 ttl=60 time=721 ms
64 bytes from aaaa::212:740f:f:f0f: icmp_seq=146 ttl=60 time=721 ms
64 bytes from aaaa::212:740f:f:f0f: icmp_seq=147 ttl=60 time=601 ms
64 bytes from aaaa::212:740f:f:f0f: icmp_seq=148 ttl=60 time=486 ms
64 bytes from aaaa::212:740f:f:f0f: icmp_seq=149 ttl=60 time=571 ms
64 bytes from aaaa::212:740f:f:f0f: icmp_seq=150 ttl=60 time=680 ms
64 bytes from aaaa::212:740f:f:f0f: icmp_seq=151 ttl=60 time=519 ms
64 bytes from aaaa::212:740f:f:f0f: icmp_seq=152 ttl=60 time=484 ms
64 bytes from aaaa::212:740f:f:f0f: icmp_seq=153 ttl=60 time=655 ms
64 bytes from aaaa::212:740f:f:f0f: icmp_seq=154 ttl=60 time=438 ms
64 bytes from aaaa::212:740f:f:f0f: icmp_seq=155 ttl=60 time=365 ms
64 bytes from aaaa::212:740f:f:f0f: icmp_seq=156 ttl=60 time=752 ms
64 bytes from aaaa::212:740f:f:f0f: icmp_seq=157 ttl=60 time=597 ms
64 bytes from aaaa::212:740f:f:f0f: icmp_seq=158 ttl=60 time=690 ms
64 bytes from aaaa::212:740f:f:f0f: icmp_seq=159 ttl=60 time=654 ms
64 bytes from aaaa::212:740f:f:f0f: icmp_seq=160 ttl=60 time=459 ms
64 bytes from aaaa::212:740f:f:f0f: icmp_seq=161 ttl=60 time=644 ms
64 bytes from aaaa::212:740f:f:f0f: icmp_seq=167 ttl=60 time=652 ms
64 bytes from aaaa::212:740f:f:f0f: icmp_seq=172 ttl=60 time=663 ms
64 bytes from aaaa::212:740f:f:f0f: icmp_seq=173 ttl=60 time=795 ms
64 bytes from aaaa::212:740f:f:f0f: icmp_seq=174 ttl=60 time=714 ms
64 bytes from aaaa::212:740f:f:f0f: icmp_seq=175 ttl=60 time=542 ms
64 bytes from aaaa::212:740f:f:f0f: icmp_seq=176 ttl=60 time=1110 ms
64 bytes from aaaa::212:740f:f:f0f: icmp_seq=177 ttl=60 time=1097 ms
64 bytes from aaaa::212:740f:f:f0f: icmp_seq=178 ttl=60 time=532 ms
64 bytes from aaaa::212:740f:f:f0f: icmp_seq=179 ttl=60 time=783 ms
64 bytes from aaaa::212:740f:f:f0f: icmp_seq=180 ttl=60 time=868 ms
64 bytes from aaaa::212:740f:f:f0f: icmp_seq=181 ttl=60 time=1484 ms
64 bytes from aaaa::212:740f:f:f0f: icmp_seq=182 ttl=60 time=1061 ms
64 bytes from aaaa::212:740f:f:f0f: icmp_seq=183 ttl=60 time=676 ms
64 bytes from aaaa::212:740f:f:f0f: icmp_seq=184 ttl=60 time=515 ms
64 bytes from aaaa::212:740f:f:f0f: icmp_seq=185 ttl=60 time=491 ms
64 bytes from aaaa::212:740f:f:f0f: icmp_seq=186 ttl=60 time=573 ms
64 bytes from aaaa::212:740f:f:f0f: icmp_seq=188 ttl=60 time=552 ms
64 bytes from aaaa::212:740f:f:f0f: icmp_seq=189 ttl=60 time=1244 ms
64 bytes from aaaa::212:740f:f:f0f: icmp_seq=190 ttl=60 time=782 ms
64 bytes from aaaa::212:740f:f:f0f: icmp_seq=191 ttl=60 time=833 ms
64 bytes from aaaa::212:740f:f:f0f: icmp_seq=193 ttl=60 time=1240 ms
64 bytes from aaaa::212:740f:f:f0f: icmp_seq=194 ttl=60 time=1022 ms
64 bytes from aaaa::212:740f:f:f0f: icmp_seq=196 ttl=60 time=1202 ms
64 bytes from aaaa::212:740f:f:f0f: icmp_seq=198 ttl=60 time=928 ms
64 bytes from aaaa::212:740f:f:f0f: icmp_seq=199 ttl=60 time=1007 ms
64 bytes from aaaa::212:740f:f:f0f: icmp_seq=200 ttl=60 time=989 ms

--- aaaa::212:740f:f:f0f ping statistics ---
200 packets transmitted, 140 received, 30% packet loss, time 1003220ms
rtt min/avg/max/mdev = 324.522/862.109/7089.771/840.086 ms, pipe 2
