PING aaaa::212:740d:d:d0d(aaaa::212:740d:d:d0d) 56 data bytes
64 bytes from aaaa::212:740d:d:d0d: icmp_seq=2 ttl=60 time=403 ms
64 bytes from aaaa::212:740d:d:d0d: icmp_seq=3 ttl=60 time=855 ms
64 bytes from aaaa::212:740d:d:d0d: icmp_seq=4 ttl=60 time=1212 ms
64 bytes from aaaa::212:740d:d:d0d: icmp_seq=5 ttl=60 time=652 ms
64 bytes from aaaa::212:740d:d:d0d: icmp_seq=6 ttl=60 time=793 ms
64 bytes from aaaa::212:740d:d:d0d: icmp_seq=7 ttl=60 time=553 ms
64 bytes from aaaa::212:740d:d:d0d: icmp_seq=8 ttl=60 time=582 ms
64 bytes from aaaa::212:740d:d:d0d: icmp_seq=9 ttl=60 time=637 ms
64 bytes from aaaa::212:740d:d:d0d: icmp_seq=10 ttl=60 time=595 ms
64 bytes from aaaa::212:740d:d:d0d: icmp_seq=11 ttl=60 time=860 ms
64 bytes from aaaa::212:740d:d:d0d: icmp_seq=12 ttl=60 time=507 ms
64 bytes from aaaa::212:740d:d:d0d: icmp_seq=17 ttl=60 time=448 ms
64 bytes from aaaa::212:740d:d:d0d: icmp_seq=18 ttl=60 time=578 ms
64 bytes from aaaa::212:740d:d:d0d: icmp_seq=25 ttl=60 time=1100 ms
64 bytes from aaaa::212:740d:d:d0d: icmp_seq=32 ttl=60 time=1431 ms
64 bytes from aaaa::212:740d:d:d0d: icmp_seq=33 ttl=60 time=613 ms
64 bytes from aaaa::212:740d:d:d0d: icmp_seq=35 ttl=60 time=370 ms
64 bytes from aaaa::212:740d:d:d0d: icmp_seq=36 ttl=60 time=416 ms
64 bytes from aaaa::212:740d:d:d0d: icmp_seq=37 ttl=60 time=403 ms
64 bytes from aaaa::212:740d:d:d0d: icmp_seq=38 ttl=60 time=376 ms
64 bytes from aaaa::212:740d:d:d0d: icmp_seq=39 ttl=60 time=336 ms
64 bytes from aaaa::212:740d:d:d0d: icmp_seq=40 ttl=60 time=410 ms
64 bytes from aaaa::212:740d:d:d0d: icmp_seq=41 ttl=60 time=352 ms
64 bytes from aaaa::212:740d:d:d0d: icmp_seq=42 ttl=60 time=422 ms
64 bytes from aaaa::212:740d:d:d0d: icmp_seq=43 ttl=60 time=355 ms
64 bytes from aaaa::212:740d:d:d0d: icmp_seq=44 ttl=60 time=325 ms
64 bytes from aaaa::212:740d:d:d0d: icmp_seq=45 ttl=60 time=558 ms
64 bytes from aaaa::212:740d:d:d0d: icmp_seq=46 ttl=60 time=422 ms
64 bytes from aaaa::212:740d:d:d0d: icmp_seq=47 ttl=60 time=445 ms
64 bytes from aaaa::212:740d:d:d0d: icmp_seq=48 ttl=60 time=969 ms
64 bytes from aaaa::212:740d:d:d0d: icmp_seq=49 ttl=60 time=349 ms
64 bytes from aaaa::212:740d:d:d0d: icmp_seq=50 ttl=60 time=419 ms
64 bytes from aaaa::212:740d:d:d0d: icmp_seq=51 ttl=60 time=472 ms
64 bytes from aaaa::212:740d:d:d0d: icmp_seq=53 ttl=60 time=426 ms
64 bytes from aaaa::212:740d:d:d0d: icmp_seq=54 ttl=60 time=406 ms
64 bytes from aaaa::212:740d:d:d0d: icmp_seq=55 ttl=60 time=336 ms
64 bytes from aaaa::212:740d:d:d0d: icmp_seq=56 ttl=60 time=459 ms
64 bytes from aaaa::212:740d:d:d0d: icmp_seq=58 ttl=60 time=720 ms
64 bytes from aaaa::212:740d:d:d0d: icmp_seq=59 ttl=60 time=605 ms
64 bytes from aaaa::212:740d:d:d0d: icmp_seq=61 ttl=60 time=455 ms
64 bytes from aaaa::212:740d:d:d0d: icmp_seq=62 ttl=60 time=826 ms
64 bytes from aaaa::212:740d:d:d0d: icmp_seq=63 ttl=60 time=763 ms
64 bytes from aaaa::212:740d:d:d0d: icmp_seq=64 ttl=60 time=1071 ms
64 bytes from aaaa::212:740d:d:d0d: icmp_seq=65 ttl=60 time=1058 ms
64 bytes from aaaa::212:740d:d:d0d: icmp_seq=66 ttl=60 time=1100 ms
64 bytes from aaaa::212:740d:d:d0d: icmp_seq=70 ttl=60 time=1376 ms
64 bytes from aaaa::212:740d:d:d0d: icmp_seq=71 ttl=60 time=661 ms
64 bytes from aaaa::212:740d:d:d0d: icmp_seq=72 ttl=60 time=547 ms
64 bytes from aaaa::212:740d:d:d0d: icmp_seq=73 ttl=60 time=488 ms
64 bytes from aaaa::212:740d:d:d0d: icmp_seq=74 ttl=60 time=887 ms
64 bytes from aaaa::212:740d:d:d0d: icmp_seq=76 ttl=60 time=1046 ms
64 bytes from aaaa::212:740d:d:d0d: icmp_seq=77 ttl=60 time=1535 ms
64 bytes from aaaa::212:740d:d:d0d: icmp_seq=78 ttl=60 time=1279 ms
64 bytes from aaaa::212:740d:d:d0d: icmp_seq=79 ttl=60 time=401 ms
64 bytes from aaaa::212:740d:d:d0d: icmp_seq=80 ttl=60 time=603 ms
64 bytes from aaaa::212:740d:d:d0d: icmp_seq=81 ttl=60 time=663 ms
64 bytes from aaaa::212:740d:d:d0d: icmp_seq=82 ttl=60 time=1153 ms
64 bytes from aaaa::212:740d:d:d0d: icmp_seq=83 ttl=60 time=800 ms
64 bytes from aaaa::212:740d:d:d0d: icmp_seq=84 ttl=60 time=1060 ms
64 bytes from aaaa::212:740d:d:d0d: icmp_seq=85 ttl=60 time=633 ms
64 bytes from aaaa::212:740d:d:d0d: icmp_seq=86 ttl=60 time=555 ms
64 bytes from aaaa::212:740d:d:d0d: icmp_seq=87 ttl=60 time=1112 ms
64 bytes from aaaa::212:740d:d:d0d: icmp_seq=89 ttl=60 time=788 ms
64 bytes from aaaa::212:740d:d:d0d: icmp_seq=91 ttl=60 time=791 ms
64 bytes from aaaa::212:740d:d:d0d: icmp_seq=92 ttl=60 time=980 ms
64 bytes from aaaa::212:740d:d:d0d: icmp_seq=94 ttl=60 time=1228 ms
64 bytes from aaaa::212:740d:d:d0d: icmp_seq=95 ttl=60 time=502 ms
64 bytes from aaaa::212:740d:d:d0d: icmp_seq=96 ttl=60 time=314 ms
64 bytes from aaaa::212:740d:d:d0d: icmp_seq=97 ttl=60 time=817 ms
64 bytes from aaaa::212:740d:d:d0d: icmp_seq=98 ttl=60 time=447 ms
64 bytes from aaaa::212:740d:d:d0d: icmp_seq=99 ttl=60 time=404 ms
64 bytes from aaaa::212:740d:d:d0d: icmp_seq=100 ttl=60 time=327 ms
64 bytes from aaaa::212:740d:d:d0d: icmp_seq=101 ttl=60 time=1752 ms
64 bytes from aaaa::212:740d:d:d0d: icmp_seq=102 ttl=60 time=1339 ms
64 bytes from aaaa::212:740d:d:d0d: icmp_seq=103 ttl=60 time=532 ms
64 bytes from aaaa::212:740d:d:d0d: icmp_seq=104 ttl=60 time=795 ms
64 bytes from aaaa::212:740d:d:d0d: icmp_seq=105 ttl=60 time=735 ms
64 bytes from aaaa::212:740d:d:d0d: icmp_seq=106 ttl=60 time=655 ms
64 bytes from aaaa::212:740d:d:d0d: icmp_seq=107 ttl=60 time=928 ms
64 bytes from aaaa::212:740d:d:d0d: icmp_seq=108 ttl=60 time=775 ms
64 bytes from aaaa::212:740d:d:d0d: icmp_seq=111 ttl=60 time=857 ms
64 bytes from aaaa::212:740d:d:d0d: icmp_seq=116 ttl=60 time=851 ms
64 bytes from aaaa::212:740d:d:d0d: icmp_seq=117 ttl=60 time=1115 ms
64 bytes from aaaa::212:740d:d:d0d: icmp_seq=120 ttl=60 time=826 ms
64 bytes from aaaa::212:740d:d:d0d: icmp_seq=121 ttl=60 time=773 ms
64 bytes from aaaa::212:740d:d:d0d: icmp_seq=122 ttl=60 time=479 ms
64 bytes from aaaa::212:740d:d:d0d: icmp_seq=124 ttl=60 time=848 ms
64 bytes from aaaa::212:740d:d:d0d: icmp_seq=125 ttl=60 time=405 ms
64 bytes from aaaa::212:740d:d:d0d: icmp_seq=126 ttl=60 time=449 ms
64 bytes from aaaa::212:740d:d:d0d: icmp_seq=127 ttl=60 time=789 ms
64 bytes from aaaa::212:740d:d:d0d: icmp_seq=128 ttl=60 time=635 ms
64 bytes from aaaa::212:740d:d:d0d: icmp_seq=129 ttl=60 time=962 ms
64 bytes from aaaa::212:740d:d:d0d: icmp_seq=130 ttl=60 time=461 ms
64 bytes from aaaa::212:740d:d:d0d: icmp_seq=131 ttl=60 time=668 ms
64 bytes from aaaa::212:740d:d:d0d: icmp_seq=132 ttl=60 time=373 ms
64 bytes from aaaa::212:740d:d:d0d: icmp_seq=133 ttl=60 time=741 ms
64 bytes from aaaa::212:740d:d:d0d: icmp_seq=134 ttl=60 time=668 ms
64 bytes from aaaa::212:740d:d:d0d: icmp_seq=135 ttl=60 time=591 ms
64 bytes from aaaa::212:740d:d:d0d: icmp_seq=136 ttl=60 time=650 ms
64 bytes from aaaa::212:740d:d:d0d: icmp_seq=137 ttl=60 time=386 ms
64 bytes from aaaa::212:740d:d:d0d: icmp_seq=138 ttl=60 time=358 ms
64 bytes from aaaa::212:740d:d:d0d: icmp_seq=140 ttl=60 time=615 ms
64 bytes from aaaa::212:740d:d:d0d: icmp_seq=141 ttl=60 time=447 ms
64 bytes from aaaa::212:740d:d:d0d: icmp_seq=142 ttl=60 time=535 ms
64 bytes from aaaa::212:740d:d:d0d: icmp_seq=143 ttl=60 time=388 ms
64 bytes from aaaa::212:740d:d:d0d: icmp_seq=144 ttl=60 time=466 ms
64 bytes from aaaa::212:740d:d:d0d: icmp_seq=145 ttl=60 time=448 ms
64 bytes from aaaa::212:740d:d:d0d: icmp_seq=146 ttl=60 time=687 ms
64 bytes from aaaa::212:740d:d:d0d: icmp_seq=147 ttl=60 time=914 ms
64 bytes from aaaa::212:740d:d:d0d: icmp_seq=148 ttl=60 time=475 ms
64 bytes from aaaa::212:740d:d:d0d: icmp_seq=149 ttl=60 time=380 ms
64 bytes from aaaa::212:740d:d:d0d: icmp_seq=150 ttl=60 time=1601 ms
64 bytes from aaaa::212:740d:d:d0d: icmp_seq=151 ttl=60 time=486 ms
64 bytes from aaaa::212:740d:d:d0d: icmp_seq=152 ttl=60 time=1012 ms
64 bytes from aaaa::212:740d:d:d0d: icmp_seq=153 ttl=60 time=364 ms
64 bytes from aaaa::212:740d:d:d0d: icmp_seq=154 ttl=60 time=501 ms
64 bytes from aaaa::212:740d:d:d0d: icmp_seq=155 ttl=60 time=993 ms
64 bytes from aaaa::212:740d:d:d0d: icmp_seq=156 ttl=60 time=523 ms
64 bytes from aaaa::212:740d:d:d0d: icmp_seq=157 ttl=60 time=575 ms
64 bytes from aaaa::212:740d:d:d0d: icmp_seq=158 ttl=60 time=1128 ms
64 bytes from aaaa::212:740d:d:d0d: icmp_seq=159 ttl=60 time=505 ms
64 bytes from aaaa::212:740d:d:d0d: icmp_seq=160 ttl=60 time=823 ms
64 bytes from aaaa::212:740d:d:d0d: icmp_seq=162 ttl=60 time=731 ms
64 bytes from aaaa::212:740d:d:d0d: icmp_seq=164 ttl=60 time=613 ms
64 bytes from aaaa::212:740d:d:d0d: icmp_seq=166 ttl=60 time=850 ms
64 bytes from aaaa::212:740d:d:d0d: icmp_seq=167 ttl=60 time=621 ms
64 bytes from aaaa::212:740d:d:d0d: icmp_seq=169 ttl=60 time=507 ms
64 bytes from aaaa::212:740d:d:d0d: icmp_seq=170 ttl=60 time=387 ms
64 bytes from aaaa::212:740d:d:d0d: icmp_seq=171 ttl=60 time=763 ms
64 bytes from aaaa::212:740d:d:d0d: icmp_seq=172 ttl=60 time=1226 ms
64 bytes from aaaa::212:740d:d:d0d: icmp_seq=173 ttl=60 time=598 ms
64 bytes from aaaa::212:740d:d:d0d: icmp_seq=174 ttl=60 time=440 ms
64 bytes from aaaa::212:740d:d:d0d: icmp_seq=175 ttl=60 time=539 ms
64 bytes from aaaa::212:740d:d:d0d: icmp_seq=176 ttl=60 time=703 ms
64 bytes from aaaa::212:740d:d:d0d: icmp_seq=179 ttl=60 time=706 ms
64 bytes from aaaa::212:740d:d:d0d: icmp_seq=180 ttl=60 time=618 ms
64 bytes from aaaa::212:740d:d:d0d: icmp_seq=181 ttl=60 time=391 ms
64 bytes from aaaa::212:740d:d:d0d: icmp_seq=182 ttl=60 time=752 ms
64 bytes from aaaa::212:740d:d:d0d: icmp_seq=183 ttl=60 time=696 ms
64 bytes from aaaa::212:740d:d:d0d: icmp_seq=185 ttl=60 time=556 ms
64 bytes from aaaa::212:740d:d:d0d: icmp_seq=186 ttl=60 time=555 ms
64 bytes from aaaa::212:740d:d:d0d: icmp_seq=187 ttl=60 time=614 ms
64 bytes from aaaa::212:740d:d:d0d: icmp_seq=188 ttl=60 time=952 ms
64 bytes from aaaa::212:740d:d:d0d: icmp_seq=189 ttl=60 time=517 ms
64 bytes from aaaa::212:740d:d:d0d: icmp_seq=190 ttl=60 time=919 ms
64 bytes from aaaa::212:740d:d:d0d: icmp_seq=191 ttl=60 time=520 ms
64 bytes from aaaa::212:740d:d:d0d: icmp_seq=192 ttl=60 time=455 ms
64 bytes from aaaa::212:740d:d:d0d: icmp_seq=193 ttl=60 time=461 ms
64 bytes from aaaa::212:740d:d:d0d: icmp_seq=196 ttl=60 time=473 ms
64 bytes from aaaa::212:740d:d:d0d: icmp_seq=197 ttl=60 time=727 ms
64 bytes from aaaa::212:740d:d:d0d: icmp_seq=198 ttl=60 time=524 ms
64 bytes from aaaa::212:740d:d:d0d: icmp_seq=199 ttl=60 time=396 ms
64 bytes from aaaa::212:740d:d:d0d: icmp_seq=200 ttl=60 time=360 ms

--- aaaa::212:740d:d:d0d ping statistics ---
200 packets transmitted, 153 received, 23% packet loss, time 1001474ms
rtt min/avg/max/mdev = 314.399/675.539/1752.896/287.636 ms
