PING aaaa::212:7410:10:1010(aaaa::212:7410:10:1010) 56 data bytes
64 bytes from aaaa::212:7410:10:1010: icmp_seq=3 ttl=60 time=1792 ms
64 bytes from aaaa::212:7410:10:1010: icmp_seq=4 ttl=60 time=977 ms
64 bytes from aaaa::212:7410:10:1010: icmp_seq=5 ttl=60 time=2754 ms
64 bytes from aaaa::212:7410:10:1010: icmp_seq=6 ttl=60 time=495 ms
64 bytes from aaaa::212:7410:10:1010: icmp_seq=7 ttl=60 time=861 ms
64 bytes from aaaa::212:7410:10:1010: icmp_seq=8 ttl=60 time=606 ms
64 bytes from aaaa::212:7410:10:1010: icmp_seq=9 ttl=60 time=648 ms
64 bytes from aaaa::212:7410:10:1010: icmp_seq=10 ttl=60 time=477 ms
64 bytes from aaaa::212:7410:10:1010: icmp_seq=13 ttl=60 time=1369 ms
64 bytes from aaaa::212:7410:10:1010: icmp_seq=15 ttl=60 time=535 ms
64 bytes from aaaa::212:7410:10:1010: icmp_seq=16 ttl=60 time=1283 ms
64 bytes from aaaa::212:7410:10:1010: icmp_seq=18 ttl=60 time=1342 ms
64 bytes from aaaa::212:7410:10:1010: icmp_seq=21 ttl=60 time=973 ms
64 bytes from aaaa::212:7410:10:1010: icmp_seq=22 ttl=60 time=1037 ms
64 bytes from aaaa::212:7410:10:1010: icmp_seq=23 ttl=60 time=541 ms
64 bytes from aaaa::212:7410:10:1010: icmp_seq=24 ttl=60 time=722 ms
64 bytes from aaaa::212:7410:10:1010: icmp_seq=25 ttl=60 time=527 ms
64 bytes from aaaa::212:7410:10:1010: icmp_seq=27 ttl=60 time=1286 ms
64 bytes from aaaa::212:7410:10:1010: icmp_seq=28 ttl=60 time=765 ms
64 bytes from aaaa::212:7410:10:1010: icmp_seq=29 ttl=60 time=2675 ms
64 bytes from aaaa::212:7410:10:1010: icmp_seq=32 ttl=60 time=779 ms
64 bytes from aaaa::212:7410:10:1010: icmp_seq=38 ttl=60 time=1602 ms
64 bytes from aaaa::212:7410:10:1010: icmp_seq=42 ttl=60 time=1805 ms
64 bytes from aaaa::212:7410:10:1010: icmp_seq=43 ttl=60 time=1532 ms
64 bytes from aaaa::212:7410:10:1010: icmp_seq=45 ttl=60 time=2021 ms
64 bytes from aaaa::212:7410:10:1010: icmp_seq=46 ttl=60 time=1347 ms
64 bytes from aaaa::212:7410:10:1010: icmp_seq=47 ttl=60 time=1165 ms
64 bytes from aaaa::212:7410:10:1010: icmp_seq=51 ttl=60 time=1288 ms
64 bytes from aaaa::212:7410:10:1010: icmp_seq=61 ttl=60 time=1459 ms
64 bytes from aaaa::212:7410:10:1010: icmp_seq=65 ttl=60 time=2369 ms
64 bytes from aaaa::212:7410:10:1010: icmp_seq=69 ttl=60 time=658 ms
64 bytes from aaaa::212:7410:10:1010: icmp_seq=71 ttl=60 time=3672 ms
64 bytes from aaaa::212:7410:10:1010: icmp_seq=72 ttl=60 time=657 ms
64 bytes from aaaa::212:7410:10:1010: icmp_seq=74 ttl=60 time=780 ms
64 bytes from aaaa::212:7410:10:1010: icmp_seq=75 ttl=60 time=1003 ms
64 bytes from aaaa::212:7410:10:1010: icmp_seq=76 ttl=60 time=449 ms
64 bytes from aaaa::212:7410:10:1010: icmp_seq=77 ttl=60 time=647 ms
64 bytes from aaaa::212:7410:10:1010: icmp_seq=78 ttl=60 time=483 ms
64 bytes from aaaa::212:7410:10:1010: icmp_seq=79 ttl=60 time=458 ms
64 bytes from aaaa::212:7410:10:1010: icmp_seq=80 ttl=60 time=389 ms
64 bytes from aaaa::212:7410:10:1010: icmp_seq=81 ttl=60 time=507 ms
64 bytes from aaaa::212:7410:10:1010: icmp_seq=82 ttl=60 time=429 ms
64 bytes from aaaa::212:7410:10:1010: icmp_seq=83 ttl=60 time=501 ms
64 bytes from aaaa::212:7410:10:1010: icmp_seq=84 ttl=60 time=422 ms
64 bytes from aaaa::212:7410:10:1010: icmp_seq=86 ttl=60 time=993 ms
64 bytes from aaaa::212:7410:10:1010: icmp_seq=87 ttl=60 time=1548 ms
64 bytes from aaaa::212:7410:10:1010: icmp_seq=88 ttl=60 time=642 ms
64 bytes from aaaa::212:7410:10:1010: icmp_seq=90 ttl=60 time=907 ms
64 bytes from aaaa::212:7410:10:1010: icmp_seq=91 ttl=60 time=456 ms
64 bytes from aaaa::212:7410:10:1010: icmp_seq=92 ttl=60 time=612 ms
64 bytes from aaaa::212:7410:10:1010: icmp_seq=93 ttl=60 time=996 ms
64 bytes from aaaa::212:7410:10:1010: icmp_seq=94 ttl=60 time=750 ms
64 bytes from aaaa::212:7410:10:1010: icmp_seq=95 ttl=60 time=687 ms
64 bytes from aaaa::212:7410:10:1010: icmp_seq=96 ttl=60 time=519 ms
64 bytes from aaaa::212:7410:10:1010: icmp_seq=97 ttl=60 time=515 ms
64 bytes from aaaa::212:7410:10:1010: icmp_seq=98 ttl=60 time=520 ms
64 bytes from aaaa::212:7410:10:1010: icmp_seq=99 ttl=60 time=693 ms
64 bytes from aaaa::212:7410:10:1010: icmp_seq=100 ttl=60 time=593 ms
64 bytes from aaaa::212:7410:10:1010: icmp_seq=104 ttl=60 time=2260 ms
64 bytes from aaaa::212:7410:10:1010: icmp_seq=106 ttl=60 time=955 ms
64 bytes from aaaa::212:7410:10:1010: icmp_seq=107 ttl=60 time=1536 ms
64 bytes from aaaa::212:7410:10:1010: icmp_seq=108 ttl=60 time=711 ms
64 bytes from aaaa::212:7410:10:1010: icmp_seq=109 ttl=60 time=769 ms
64 bytes from aaaa::212:7410:10:1010: icmp_seq=110 ttl=60 time=564 ms
64 bytes from aaaa::212:7410:10:1010: icmp_seq=111 ttl=60 time=959 ms
64 bytes from aaaa::212:7410:10:1010: icmp_seq=112 ttl=60 time=1026 ms
64 bytes from aaaa::212:7410:10:1010: icmp_seq=113 ttl=60 time=1228 ms
64 bytes from aaaa::212:7410:10:1010: icmp_seq=114 ttl=60 time=485 ms
64 bytes from aaaa::212:7410:10:1010: icmp_seq=115 ttl=60 time=694 ms
64 bytes from aaaa::212:7410:10:1010: icmp_seq=116 ttl=60 time=1001 ms
64 bytes from aaaa::212:7410:10:1010: icmp_seq=117 ttl=60 time=1431 ms
64 bytes from aaaa::212:7410:10:1010: icmp_seq=118 ttl=60 time=1663 ms
64 bytes from aaaa::212:7410:10:1010: icmp_seq=119 ttl=60 time=792 ms
64 bytes from aaaa::212:7410:10:1010: icmp_seq=120 ttl=60 time=401 ms
64 bytes from aaaa::212:7410:10:1010: icmp_seq=121 ttl=60 time=751 ms
64 bytes from aaaa::212:7410:10:1010: icmp_seq=122 ttl=60 time=664 ms
64 bytes from aaaa::212:7410:10:1010: icmp_seq=123 ttl=60 time=453 ms
64 bytes from aaaa::212:7410:10:1010: icmp_seq=124 ttl=60 time=420 ms
64 bytes from aaaa::212:7410:10:1010: icmp_seq=126 ttl=60 time=349 ms
64 bytes from aaaa::212:7410:10:1010: icmp_seq=127 ttl=60 time=601 ms
64 bytes from aaaa::212:7410:10:1010: icmp_seq=128 ttl=60 time=370 ms
64 bytes from aaaa::212:7410:10:1010: icmp_seq=129 ttl=60 time=559 ms
64 bytes from aaaa::212:7410:10:1010: icmp_seq=130 ttl=60 time=444 ms
64 bytes from aaaa::212:7410:10:1010: icmp_seq=131 ttl=60 time=354 ms
64 bytes from aaaa::212:7410:10:1010: icmp_seq=132 ttl=60 time=526 ms
64 bytes from aaaa::212:7410:10:1010: icmp_seq=133 ttl=60 time=406 ms
64 bytes from aaaa::212:7410:10:1010: icmp_seq=134 ttl=60 time=452 ms
64 bytes from aaaa::212:7410:10:1010: icmp_seq=135 ttl=60 time=428 ms
64 bytes from aaaa::212:7410:10:1010: icmp_seq=136 ttl=60 time=447 ms
64 bytes from aaaa::212:7410:10:1010: icmp_seq=137 ttl=60 time=404 ms
64 bytes from aaaa::212:7410:10:1010: icmp_seq=138 ttl=60 time=722 ms
64 bytes from aaaa::212:7410:10:1010: icmp_seq=139 ttl=60 time=466 ms
64 bytes from aaaa::212:7410:10:1010: icmp_seq=140 ttl=60 time=372 ms
64 bytes from aaaa::212:7410:10:1010: icmp_seq=141 ttl=60 time=802 ms
64 bytes from aaaa::212:7410:10:1010: icmp_seq=142 ttl=60 time=602 ms
64 bytes from aaaa::212:7410:10:1010: icmp_seq=143 ttl=60 time=809 ms
64 bytes from aaaa::212:7410:10:1010: icmp_seq=144 ttl=60 time=557 ms
64 bytes from aaaa::212:7410:10:1010: icmp_seq=145 ttl=60 time=462 ms
64 bytes from aaaa::212:7410:10:1010: icmp_seq=146 ttl=60 time=695 ms
64 bytes from aaaa::212:7410:10:1010: icmp_seq=147 ttl=60 time=457 ms
64 bytes from aaaa::212:7410:10:1010: icmp_seq=148 ttl=60 time=440 ms
64 bytes from aaaa::212:7410:10:1010: icmp_seq=149 ttl=60 time=622 ms
64 bytes from aaaa::212:7410:10:1010: icmp_seq=150 ttl=60 time=629 ms
64 bytes from aaaa::212:7410:10:1010: icmp_seq=151 ttl=60 time=464 ms
64 bytes from aaaa::212:7410:10:1010: icmp_seq=153 ttl=60 time=896 ms
64 bytes from aaaa::212:7410:10:1010: icmp_seq=154 ttl=60 time=431 ms
64 bytes from aaaa::212:7410:10:1010: icmp_seq=155 ttl=60 time=1209 ms
64 bytes from aaaa::212:7410:10:1010: icmp_seq=157 ttl=60 time=527 ms
64 bytes from aaaa::212:7410:10:1010: icmp_seq=158 ttl=60 time=939 ms
64 bytes from aaaa::212:7410:10:1010: icmp_seq=159 ttl=60 time=556 ms
64 bytes from aaaa::212:7410:10:1010: icmp_seq=160 ttl=60 time=607 ms
64 bytes from aaaa::212:7410:10:1010: icmp_seq=161 ttl=60 time=492 ms
64 bytes from aaaa::212:7410:10:1010: icmp_seq=162 ttl=60 time=572 ms
64 bytes from aaaa::212:7410:10:1010: icmp_seq=163 ttl=60 time=482 ms
64 bytes from aaaa::212:7410:10:1010: icmp_seq=164 ttl=60 time=679 ms
64 bytes from aaaa::212:7410:10:1010: icmp_seq=165 ttl=60 time=591 ms
64 bytes from aaaa::212:7410:10:1010: icmp_seq=166 ttl=60 time=617 ms
64 bytes from aaaa::212:7410:10:1010: icmp_seq=167 ttl=60 time=886 ms
64 bytes from aaaa::212:7410:10:1010: icmp_seq=168 ttl=60 time=843 ms
64 bytes from aaaa::212:7410:10:1010: icmp_seq=169 ttl=60 time=379 ms
64 bytes from aaaa::212:7410:10:1010: icmp_seq=170 ttl=60 time=646 ms
64 bytes from aaaa::212:7410:10:1010: icmp_seq=171 ttl=60 time=420 ms
64 bytes from aaaa::212:7410:10:1010: icmp_seq=172 ttl=60 time=557 ms
64 bytes from aaaa::212:7410:10:1010: icmp_seq=173 ttl=60 time=883 ms
64 bytes from aaaa::212:7410:10:1010: icmp_seq=174 ttl=60 time=478 ms
64 bytes from aaaa::212:7410:10:1010: icmp_seq=175 ttl=60 time=798 ms
64 bytes from aaaa::212:7410:10:1010: icmp_seq=176 ttl=60 time=1326 ms
64 bytes from aaaa::212:7410:10:1010: icmp_seq=177 ttl=60 time=608 ms
64 bytes from aaaa::212:7410:10:1010: icmp_seq=179 ttl=60 time=938 ms
64 bytes from aaaa::212:7410:10:1010: icmp_seq=181 ttl=60 time=1562 ms
64 bytes from aaaa::212:7410:10:1010: icmp_seq=197 ttl=60 time=1009 ms
64 bytes from aaaa::212:7410:10:1010: icmp_seq=198 ttl=60 time=1405 ms
64 bytes from aaaa::212:7410:10:1010: icmp_seq=199 ttl=60 time=956 ms
64 bytes from aaaa::212:7410:10:1010: icmp_seq=200 ttl=60 time=630 ms

--- aaaa::212:7410:10:1010 ping statistics ---
200 packets transmitted, 134 received, 33% packet loss, time 1004659ms
rtt min/avg/max/mdev = 349.312/848.552/3672.656/528.479 ms
