PING aaaa::212:740a:a:a0a(aaaa::212:740a:a:a0a) 56 data bytes
64 bytes from aaaa::212:740a:a:a0a: icmp_seq=4 ttl=60 time=844 ms
64 bytes from aaaa::212:740a:a:a0a: icmp_seq=5 ttl=60 time=626 ms
64 bytes from aaaa::212:740a:a:a0a: icmp_seq=6 ttl=60 time=547 ms
64 bytes from aaaa::212:740a:a:a0a: icmp_seq=7 ttl=60 time=402 ms
64 bytes from aaaa::212:740a:a:a0a: icmp_seq=8 ttl=60 time=533 ms
64 bytes from aaaa::212:740a:a:a0a: icmp_seq=10 ttl=60 time=597 ms
64 bytes from aaaa::212:740a:a:a0a: icmp_seq=12 ttl=60 time=1588 ms
64 bytes from aaaa::212:740a:a:a0a: icmp_seq=13 ttl=60 time=1492 ms
64 bytes from aaaa::212:740a:a:a0a: icmp_seq=17 ttl=60 time=804 ms
64 bytes from aaaa::212:740a:a:a0a: icmp_seq=19 ttl=60 time=800 ms
64 bytes from aaaa::212:740a:a:a0a: icmp_seq=20 ttl=60 time=935 ms
64 bytes from aaaa::212:740a:a:a0a: icmp_seq=21 ttl=60 time=688 ms
64 bytes from aaaa::212:740a:a:a0a: icmp_seq=22 ttl=60 time=699 ms
64 bytes from aaaa::212:740a:a:a0a: icmp_seq=23 ttl=60 time=1116 ms
64 bytes from aaaa::212:740a:a:a0a: icmp_seq=24 ttl=60 time=596 ms
64 bytes from aaaa::212:740a:a:a0a: icmp_seq=33 ttl=60 time=4001 ms
64 bytes from aaaa::212:740a:a:a0a: icmp_seq=38 ttl=60 time=1294 ms
64 bytes from aaaa::212:740a:a:a0a: icmp_seq=47 ttl=60 time=1942 ms
64 bytes from aaaa::212:740a:a:a0a: icmp_seq=78 ttl=60 time=562 ms
64 bytes from aaaa::212:740a:a:a0a: icmp_seq=79 ttl=60 time=919 ms
64 bytes from aaaa::212:740a:a:a0a: icmp_seq=80 ttl=60 time=578 ms
64 bytes from aaaa::212:740a:a:a0a: icmp_seq=81 ttl=60 time=642 ms
64 bytes from aaaa::212:740a:a:a0a: icmp_seq=82 ttl=60 time=968 ms
64 bytes from aaaa::212:740a:a:a0a: icmp_seq=83 ttl=60 time=639 ms
64 bytes from aaaa::212:740a:a:a0a: icmp_seq=84 ttl=60 time=2241 ms
64 bytes from aaaa::212:740a:a:a0a: icmp_seq=85 ttl=60 time=1279 ms
64 bytes from aaaa::212:740a:a:a0a: icmp_seq=86 ttl=60 time=520 ms
64 bytes from aaaa::212:740a:a:a0a: icmp_seq=90 ttl=60 time=471 ms
64 bytes from aaaa::212:740a:a:a0a: icmp_seq=91 ttl=60 time=859 ms
64 bytes from aaaa::212:740a:a:a0a: icmp_seq=95 ttl=60 time=738 ms
64 bytes from aaaa::212:740a:a:a0a: icmp_seq=97 ttl=60 time=1495 ms
64 bytes from aaaa::212:740a:a:a0a: icmp_seq=99 ttl=60 time=506 ms
64 bytes from aaaa::212:740a:a:a0a: icmp_seq=100 ttl=60 time=1079 ms
64 bytes from aaaa::212:740a:a:a0a: icmp_seq=104 ttl=60 time=998 ms
64 bytes from aaaa::212:740a:a:a0a: icmp_seq=109 ttl=60 time=715 ms
64 bytes from aaaa::212:740a:a:a0a: icmp_seq=111 ttl=60 time=578 ms
64 bytes from aaaa::212:740a:a:a0a: icmp_seq=112 ttl=60 time=737 ms
64 bytes from aaaa::212:740a:a:a0a: icmp_seq=117 ttl=60 time=335 ms
64 bytes from aaaa::212:740a:a:a0a: icmp_seq=120 ttl=60 time=1388 ms
64 bytes from aaaa::212:740a:a:a0a: icmp_seq=122 ttl=60 time=1152 ms
64 bytes from aaaa::212:740a:a:a0a: icmp_seq=123 ttl=60 time=845 ms
64 bytes from aaaa::212:740a:a:a0a: icmp_seq=124 ttl=60 time=678 ms
64 bytes from aaaa::212:740a:a:a0a: icmp_seq=125 ttl=60 time=1203 ms
64 bytes from aaaa::212:740a:a:a0a: icmp_seq=126 ttl=60 time=2204 ms
64 bytes from aaaa::212:740a:a:a0a: icmp_seq=128 ttl=60 time=1792 ms
64 bytes from aaaa::212:740a:a:a0a: icmp_seq=129 ttl=59 time=2946 ms
64 bytes from aaaa::212:740a:a:a0a: icmp_seq=131 ttl=60 time=1661 ms
64 bytes from aaaa::212:740a:a:a0a: icmp_seq=132 ttl=60 time=429 ms
64 bytes from aaaa::212:740a:a:a0a: icmp_seq=133 ttl=60 time=3476 ms
64 bytes from aaaa::212:740a:a:a0a: icmp_seq=134 ttl=60 time=553 ms
64 bytes from aaaa::212:740a:a:a0a: icmp_seq=135 ttl=60 time=417 ms
64 bytes from aaaa::212:740a:a:a0a: icmp_seq=138 ttl=60 time=556 ms
64 bytes from aaaa::212:740a:a:a0a: icmp_seq=139 ttl=60 time=580 ms
64 bytes from aaaa::212:740a:a:a0a: icmp_seq=141 ttl=60 time=2988 ms
64 bytes from aaaa::212:740a:a:a0a: icmp_seq=142 ttl=59 time=1693 ms
64 bytes from aaaa::212:740a:a:a0a: icmp_seq=147 ttl=59 time=616 ms
64 bytes from aaaa::212:740a:a:a0a: icmp_seq=148 ttl=60 time=933 ms
64 bytes from aaaa::212:740a:a:a0a: icmp_seq=149 ttl=60 time=2366 ms
64 bytes from aaaa::212:740a:a:a0a: icmp_seq=153 ttl=60 time=922 ms
64 bytes from aaaa::212:740a:a:a0a: icmp_seq=154 ttl=60 time=798 ms
64 bytes from aaaa::212:740a:a:a0a: icmp_seq=156 ttl=60 time=2086 ms
64 bytes from aaaa::212:740a:a:a0a: icmp_seq=161 ttl=60 time=1721 ms
64 bytes from aaaa::212:740a:a:a0a: icmp_seq=162 ttl=60 time=865 ms
64 bytes from aaaa::212:740a:a:a0a: icmp_seq=163 ttl=60 time=720 ms
64 bytes from aaaa::212:740a:a:a0a: icmp_seq=169 ttl=60 time=815 ms
64 bytes from aaaa::212:740a:a:a0a: icmp_seq=172 ttl=60 time=1316 ms
64 bytes from aaaa::212:740a:a:a0a: icmp_seq=173 ttl=60 time=1332 ms
64 bytes from aaaa::212:740a:a:a0a: icmp_seq=174 ttl=60 time=952 ms
64 bytes from aaaa::212:740a:a:a0a: icmp_seq=177 ttl=60 time=737 ms
64 bytes from aaaa::212:740a:a:a0a: icmp_seq=178 ttl=60 time=1111 ms
64 bytes from aaaa::212:740a:a:a0a: icmp_seq=179 ttl=60 time=365 ms
64 bytes from aaaa::212:740a:a:a0a: icmp_seq=180 ttl=60 time=782 ms
64 bytes from aaaa::212:740a:a:a0a: icmp_seq=181 ttl=60 time=1608 ms
64 bytes from aaaa::212:740a:a:a0a: icmp_seq=183 ttl=60 time=488 ms
64 bytes from aaaa::212:740a:a:a0a: icmp_seq=184 ttl=60 time=611 ms
64 bytes from aaaa::212:740a:a:a0a: icmp_seq=191 ttl=60 time=742 ms
64 bytes from aaaa::212:740a:a:a0a: icmp_seq=192 ttl=60 time=369 ms
64 bytes from aaaa::212:740a:a:a0a: icmp_seq=195 ttl=60 time=2969 ms
64 bytes from aaaa::212:740a:a:a0a: icmp_seq=198 ttl=60 time=2056 ms

--- aaaa::212:740a:a:a0a ping statistics ---
200 packets transmitted, 79 received, 60% packet loss, time 1011526ms
rtt min/avg/max/mdev = 335.997/1117.046/4001.315/750.465 ms
