PING aaaa::212:740f:f:f0f(aaaa::212:740f:f:f0f) 56 data bytes
64 bytes from aaaa::212:740f:f:f0f: icmp_seq=1 ttl=60 time=414 ms
64 bytes from aaaa::212:740f:f:f0f: icmp_seq=2 ttl=60 time=1871 ms
64 bytes from aaaa::212:740f:f:f0f: icmp_seq=4 ttl=60 time=363 ms
64 bytes from aaaa::212:740f:f:f0f: icmp_seq=5 ttl=60 time=673 ms
64 bytes from aaaa::212:740f:f:f0f: icmp_seq=6 ttl=60 time=428 ms
64 bytes from aaaa::212:740f:f:f0f: icmp_seq=7 ttl=60 time=651 ms
64 bytes from aaaa::212:740f:f:f0f: icmp_seq=8 ttl=60 time=2299 ms
64 bytes from aaaa::212:740f:f:f0f: icmp_seq=9 ttl=60 time=430 ms
64 bytes from aaaa::212:740f:f:f0f: icmp_seq=10 ttl=60 time=847 ms
64 bytes from aaaa::212:740f:f:f0f: icmp_seq=11 ttl=60 time=1622 ms
64 bytes from aaaa::212:740f:f:f0f: icmp_seq=12 ttl=60 time=1775 ms
64 bytes from aaaa::212:740f:f:f0f: icmp_seq=14 ttl=60 time=721 ms
64 bytes from aaaa::212:740f:f:f0f: icmp_seq=15 ttl=60 time=935 ms
64 bytes from aaaa::212:740f:f:f0f: icmp_seq=16 ttl=60 time=372 ms
64 bytes from aaaa::212:740f:f:f0f: icmp_seq=17 ttl=60 time=441 ms
64 bytes from aaaa::212:740f:f:f0f: icmp_seq=18 ttl=60 time=1758 ms
64 bytes from aaaa::212:740f:f:f0f: icmp_seq=24 ttl=60 time=575 ms
64 bytes from aaaa::212:740f:f:f0f: icmp_seq=27 ttl=60 time=1831 ms
64 bytes from aaaa::212:740f:f:f0f: icmp_seq=29 ttl=60 time=677 ms
64 bytes from aaaa::212:740f:f:f0f: icmp_seq=31 ttl=60 time=448 ms
64 bytes from aaaa::212:740f:f:f0f: icmp_seq=32 ttl=59 time=2989 ms
64 bytes from aaaa::212:740f:f:f0f: icmp_seq=33 ttl=59 time=2390 ms
64 bytes from aaaa::212:740f:f:f0f: icmp_seq=36 ttl=59 time=3427 ms
64 bytes from aaaa::212:740f:f:f0f: icmp_seq=37 ttl=59 time=466 ms
64 bytes from aaaa::212:740f:f:f0f: icmp_seq=38 ttl=59 time=793 ms
64 bytes from aaaa::212:740f:f:f0f: icmp_seq=39 ttl=60 time=435 ms
64 bytes from aaaa::212:740f:f:f0f: icmp_seq=41 ttl=60 time=3528 ms
64 bytes from aaaa::212:740f:f:f0f: icmp_seq=42 ttl=60 time=392 ms
64 bytes from aaaa::212:740f:f:f0f: icmp_seq=44 ttl=60 time=506 ms
64 bytes from aaaa::212:740f:f:f0f: icmp_seq=45 ttl=60 time=663 ms
64 bytes from aaaa::212:740f:f:f0f: icmp_seq=46 ttl=60 time=756 ms
64 bytes from aaaa::212:740f:f:f0f: icmp_seq=47 ttl=60 time=742 ms
64 bytes from aaaa::212:740f:f:f0f: icmp_seq=49 ttl=59 time=1241 ms
64 bytes from aaaa::212:740f:f:f0f: icmp_seq=55 ttl=60 time=1626 ms
64 bytes from aaaa::212:740f:f:f0f: icmp_seq=66 ttl=60 time=1544 ms
64 bytes from aaaa::212:740f:f:f0f: icmp_seq=67 ttl=60 time=1116 ms
64 bytes from aaaa::212:740f:f:f0f: icmp_seq=69 ttl=60 time=651 ms
64 bytes from aaaa::212:740f:f:f0f: icmp_seq=70 ttl=60 time=761 ms
64 bytes from aaaa::212:740f:f:f0f: icmp_seq=71 ttl=60 time=1970 ms
64 bytes from aaaa::212:740f:f:f0f: icmp_seq=74 ttl=60 time=1277 ms
64 bytes from aaaa::212:740f:f:f0f: icmp_seq=77 ttl=60 time=797 ms
64 bytes from aaaa::212:740f:f:f0f: icmp_seq=78 ttl=60 time=746 ms
64 bytes from aaaa::212:740f:f:f0f: icmp_seq=79 ttl=60 time=2010 ms
64 bytes from aaaa::212:740f:f:f0f: icmp_seq=80 ttl=60 time=1862 ms
64 bytes from aaaa::212:740f:f:f0f: icmp_seq=83 ttl=60 time=1941 ms
64 bytes from aaaa::212:740f:f:f0f: icmp_seq=84 ttl=60 time=3169 ms
64 bytes from aaaa::212:740f:f:f0f: icmp_seq=86 ttl=60 time=2951 ms
64 bytes from aaaa::212:740f:f:f0f: icmp_seq=89 ttl=60 time=921 ms
64 bytes from aaaa::212:740f:f:f0f: icmp_seq=91 ttl=60 time=1339 ms
64 bytes from aaaa::212:740f:f:f0f: icmp_seq=92 ttl=60 time=1265 ms
64 bytes from aaaa::212:740f:f:f0f: icmp_seq=93 ttl=60 time=566 ms
64 bytes from aaaa::212:740f:f:f0f: icmp_seq=94 ttl=60 time=705 ms
64 bytes from aaaa::212:740f:f:f0f: icmp_seq=95 ttl=60 time=1647 ms
64 bytes from aaaa::212:740f:f:f0f: icmp_seq=96 ttl=60 time=913 ms
64 bytes from aaaa::212:740f:f:f0f: icmp_seq=97 ttl=60 time=442 ms
64 bytes from aaaa::212:740f:f:f0f: icmp_seq=98 ttl=60 time=605 ms
64 bytes from aaaa::212:740f:f:f0f: icmp_seq=99 ttl=60 time=591 ms
64 bytes from aaaa::212:740f:f:f0f: icmp_seq=100 ttl=60 time=662 ms
64 bytes from aaaa::212:740f:f:f0f: icmp_seq=101 ttl=60 time=611 ms
64 bytes from aaaa::212:740f:f:f0f: icmp_seq=102 ttl=60 time=1266 ms
64 bytes from aaaa::212:740f:f:f0f: icmp_seq=103 ttl=60 time=1159 ms
64 bytes from aaaa::212:740f:f:f0f: icmp_seq=104 ttl=60 time=874 ms
64 bytes from aaaa::212:740f:f:f0f: icmp_seq=105 ttl=60 time=902 ms
64 bytes from aaaa::212:740f:f:f0f: icmp_seq=107 ttl=60 time=586 ms
64 bytes from aaaa::212:740f:f:f0f: icmp_seq=108 ttl=60 time=1155 ms
64 bytes from aaaa::212:740f:f:f0f: icmp_seq=109 ttl=60 time=1694 ms
64 bytes from aaaa::212:740f:f:f0f: icmp_seq=110 ttl=60 time=1543 ms
64 bytes from aaaa::212:740f:f:f0f: icmp_seq=111 ttl=60 time=715 ms
64 bytes from aaaa::212:740f:f:f0f: icmp_seq=112 ttl=60 time=1075 ms
64 bytes from aaaa::212:740f:f:f0f: icmp_seq=114 ttl=60 time=5619 ms
64 bytes from aaaa::212:740f:f:f0f: icmp_seq=121 ttl=60 time=2122 ms
64 bytes from aaaa::212:740f:f:f0f: icmp_seq=122 ttl=60 time=1398 ms
64 bytes from aaaa::212:740f:f:f0f: icmp_seq=124 ttl=60 time=1921 ms
64 bytes from aaaa::212:740f:f:f0f: icmp_seq=125 ttl=60 time=890 ms
64 bytes from aaaa::212:740f:f:f0f: icmp_seq=126 ttl=60 time=3783 ms
64 bytes from aaaa::212:740f:f:f0f: icmp_seq=128 ttl=60 time=2885 ms
64 bytes from aaaa::212:740f:f:f0f: icmp_seq=133 ttl=60 time=2880 ms
64 bytes from aaaa::212:740f:f:f0f: icmp_seq=134 ttl=60 time=1140 ms
64 bytes from aaaa::212:740f:f:f0f: icmp_seq=135 ttl=60 time=2038 ms
64 bytes from aaaa::212:740f:f:f0f: icmp_seq=136 ttl=60 time=880 ms
64 bytes from aaaa::212:740f:f:f0f: icmp_seq=137 ttl=60 time=1938 ms
64 bytes from aaaa::212:740f:f:f0f: icmp_seq=140 ttl=60 time=1830 ms
64 bytes from aaaa::212:740f:f:f0f: icmp_seq=157 ttl=60 time=2688 ms
64 bytes from aaaa::212:740f:f:f0f: icmp_seq=158 ttl=60 time=1967 ms
64 bytes from aaaa::212:740f:f:f0f: icmp_seq=159 ttl=60 time=2020 ms
64 bytes from aaaa::212:740f:f:f0f: icmp_seq=170 ttl=60 time=2990 ms
64 bytes from aaaa::212:740f:f:f0f: icmp_seq=175 ttl=60 time=2535 ms
64 bytes from aaaa::212:740f:f:f0f: icmp_seq=200 ttl=60 time=2783 ms

--- aaaa::212:740f:f:f0f ping statistics ---
200 packets transmitted, 88 received, 56% packet loss, time 1010358ms
rtt min/avg/max/mdev = 363.893/1425.740/5619.678/971.879 ms, pipe 2
