PING aaaa::212:7404:4:404(aaaa::212:7404:4:404) 56 data bytes
64 bytes from aaaa::212:7404:4:404: icmp_seq=1 ttl=63 time=207 ms
64 bytes from aaaa::212:7404:4:404: icmp_seq=2 ttl=63 time=409 ms
64 bytes from aaaa::212:7404:4:404: icmp_seq=7 ttl=63 time=86.6 ms
64 bytes from aaaa::212:7404:4:404: icmp_seq=15 ttl=63 time=250 ms
64 bytes from aaaa::212:7404:4:404: icmp_seq=16 ttl=63 time=807 ms
64 bytes from aaaa::212:7404:4:404: icmp_seq=17 ttl=63 time=692 ms
64 bytes from aaaa::212:7404:4:404: icmp_seq=18 ttl=63 time=246 ms
64 bytes from aaaa::212:7404:4:404: icmp_seq=19 ttl=63 time=266 ms
64 bytes from aaaa::212:7404:4:404: icmp_seq=20 ttl=63 time=380 ms
64 bytes from aaaa::212:7404:4:404: icmp_seq=26 ttl=63 time=119 ms
64 bytes from aaaa::212:7404:4:404: icmp_seq=29 ttl=63 time=152 ms
64 bytes from aaaa::212:7404:4:404: icmp_seq=31 ttl=63 time=148 ms
64 bytes from aaaa::212:7404:4:404: icmp_seq=32 ttl=63 time=457 ms
64 bytes from aaaa::212:7404:4:404: icmp_seq=33 ttl=63 time=217 ms
64 bytes from aaaa::212:7404:4:404: icmp_seq=34 ttl=63 time=237 ms
64 bytes from aaaa::212:7404:4:404: icmp_seq=36 ttl=63 time=416 ms
64 bytes from aaaa::212:7404:4:404: icmp_seq=38 ttl=63 time=152 ms
64 bytes from aaaa::212:7404:4:404: icmp_seq=39 ttl=63 time=122 ms
64 bytes from aaaa::212:7404:4:404: icmp_seq=40 ttl=63 time=646 ms
64 bytes from aaaa::212:7404:4:404: icmp_seq=41 ttl=63 time=116 ms
64 bytes from aaaa::212:7404:4:404: icmp_seq=42 ttl=63 time=815 ms
64 bytes from aaaa::212:7404:4:404: icmp_seq=43 ttl=63 time=983 ms
64 bytes from aaaa::212:7404:4:404: icmp_seq=45 ttl=63 time=243 ms
64 bytes from aaaa::212:7404:4:404: icmp_seq=46 ttl=63 time=128 ms
64 bytes from aaaa::212:7404:4:404: icmp_seq=51 ttl=63 time=418 ms
64 bytes from aaaa::212:7404:4:404: icmp_seq=58 ttl=63 time=1077 ms
64 bytes from aaaa::212:7404:4:404: icmp_seq=69 ttl=62 time=128 ms
64 bytes from aaaa::212:7404:4:404: icmp_seq=70 ttl=62 time=343 ms
64 bytes from aaaa::212:7404:4:404: icmp_seq=71 ttl=62 time=141 ms
64 bytes from aaaa::212:7404:4:404: icmp_seq=72 ttl=62 time=116 ms
64 bytes from aaaa::212:7404:4:404: icmp_seq=73 ttl=63 time=237 ms
64 bytes from aaaa::212:7404:4:404: icmp_seq=74 ttl=63 time=672 ms
64 bytes from aaaa::212:7404:4:404: icmp_seq=75 ttl=63 time=126 ms
64 bytes from aaaa::212:7404:4:404: icmp_seq=76 ttl=63 time=68.6 ms
64 bytes from aaaa::212:7404:4:404: icmp_seq=77 ttl=63 time=275 ms
64 bytes from aaaa::212:7404:4:404: icmp_seq=90 ttl=63 time=113 ms
64 bytes from aaaa::212:7404:4:404: icmp_seq=91 ttl=63 time=84.4 ms
64 bytes from aaaa::212:7404:4:404: icmp_seq=92 ttl=63 time=157 ms
64 bytes from aaaa::212:7404:4:404: icmp_seq=93 ttl=63 time=556 ms
64 bytes from aaaa::212:7404:4:404: icmp_seq=94 ttl=63 time=140 ms
64 bytes from aaaa::212:7404:4:404: icmp_seq=95 ttl=63 time=94.5 ms
64 bytes from aaaa::212:7404:4:404: icmp_seq=96 ttl=63 time=76.6 ms
64 bytes from aaaa::212:7404:4:404: icmp_seq=97 ttl=63 time=182 ms
64 bytes from aaaa::212:7404:4:404: icmp_seq=98 ttl=63 time=116 ms
64 bytes from aaaa::212:7404:4:404: icmp_seq=99 ttl=63 time=105 ms
64 bytes from aaaa::212:7404:4:404: icmp_seq=100 ttl=63 time=79.5 ms
64 bytes from aaaa::212:7404:4:404: icmp_seq=101 ttl=63 time=65.6 ms
64 bytes from aaaa::212:7404:4:404: icmp_seq=102 ttl=63 time=162 ms
64 bytes from aaaa::212:7404:4:404: icmp_seq=103 ttl=63 time=220 ms
64 bytes from aaaa::212:7404:4:404: icmp_seq=105 ttl=63 time=146 ms
64 bytes from aaaa::212:7404:4:404: icmp_seq=106 ttl=63 time=448 ms
64 bytes from aaaa::212:7404:4:404: icmp_seq=108 ttl=63 time=792 ms
64 bytes from aaaa::212:7404:4:404: icmp_seq=109 ttl=63 time=136 ms
64 bytes from aaaa::212:7404:4:404: icmp_seq=110 ttl=63 time=277 ms
64 bytes from aaaa::212:7404:4:404: icmp_seq=111 ttl=63 time=903 ms
64 bytes from aaaa::212:7404:4:404: icmp_seq=113 ttl=63 time=196 ms
64 bytes from aaaa::212:7404:4:404: icmp_seq=114 ttl=63 time=952 ms
64 bytes from aaaa::212:7404:4:404: icmp_seq=127 ttl=63 time=849 ms
64 bytes from aaaa::212:7404:4:404: icmp_seq=133 ttl=63 time=410 ms
64 bytes from aaaa::212:7404:4:404: icmp_seq=134 ttl=63 time=252 ms
64 bytes from aaaa::212:7404:4:404: icmp_seq=135 ttl=63 time=174 ms
64 bytes from aaaa::212:7404:4:404: icmp_seq=136 ttl=63 time=131 ms
64 bytes from aaaa::212:7404:4:404: icmp_seq=137 ttl=63 time=1551 ms
64 bytes from aaaa::212:7404:4:404: icmp_seq=139 ttl=63 time=287 ms
64 bytes from aaaa::212:7404:4:404: icmp_seq=141 ttl=63 time=1032 ms
64 bytes from aaaa::212:7404:4:404: icmp_seq=142 ttl=63 time=335 ms
64 bytes from aaaa::212:7404:4:404: icmp_seq=143 ttl=63 time=729 ms
64 bytes from aaaa::212:7404:4:404: icmp_seq=144 ttl=63 time=165 ms
64 bytes from aaaa::212:7404:4:404: icmp_seq=146 ttl=63 time=345 ms
64 bytes from aaaa::212:7404:4:404: icmp_seq=149 ttl=63 time=363 ms
64 bytes from aaaa::212:7404:4:404: icmp_seq=150 ttl=63 time=545 ms
64 bytes from aaaa::212:7404:4:404: icmp_seq=167 ttl=63 time=556 ms
64 bytes from aaaa::212:7404:4:404: icmp_seq=178 ttl=63 time=412 ms
64 bytes from aaaa::212:7404:4:404: icmp_seq=179 ttl=63 time=1037 ms
64 bytes from aaaa::212:7404:4:404: icmp_seq=180 ttl=63 time=1356 ms
64 bytes from aaaa::212:7404:4:404: icmp_seq=200 ttl=63 time=842 ms

--- aaaa::212:7404:4:404 ping statistics ---
200 packets transmitted, 76 received, 62% packet loss, time 1011137ms
rtt min/avg/max/mdev = 65.662/385.591/1551.521/331.511 ms
