PING aaaa::212:7408:8:808(aaaa::212:7408:8:808) 56 data bytes
64 bytes from aaaa::212:7408:8:808: icmp_seq=7 ttl=62 time=1809 ms
64 bytes from aaaa::212:7408:8:808: icmp_seq=8 ttl=62 time=134 ms
64 bytes from aaaa::212:7408:8:808: icmp_seq=14 ttl=62 time=205 ms
64 bytes from aaaa::212:7408:8:808: icmp_seq=17 ttl=62 time=244 ms
64 bytes from aaaa::212:7408:8:808: icmp_seq=29 ttl=62 time=463 ms
64 bytes from aaaa::212:7408:8:808: icmp_seq=41 ttl=62 time=302 ms
64 bytes from aaaa::212:7408:8:808: icmp_seq=52 ttl=62 time=371 ms
64 bytes from aaaa::212:7408:8:808: icmp_seq=64 ttl=62 time=388 ms
64 bytes from aaaa::212:7408:8:808: icmp_seq=65 ttl=62 time=166 ms
64 bytes from aaaa::212:7408:8:808: icmp_seq=66 ttl=62 time=409 ms
64 bytes from aaaa::212:7408:8:808: icmp_seq=67 ttl=62 time=199 ms
64 bytes from aaaa::212:7408:8:808: icmp_seq=68 ttl=62 time=531 ms
64 bytes from aaaa::212:7408:8:808: icmp_seq=71 ttl=62 time=372 ms
64 bytes from aaaa::212:7408:8:808: icmp_seq=72 ttl=62 time=460 ms
64 bytes from aaaa::212:7408:8:808: icmp_seq=73 ttl=62 time=520 ms
64 bytes from aaaa::212:7408:8:808: icmp_seq=74 ttl=62 time=388 ms
64 bytes from aaaa::212:7408:8:808: icmp_seq=75 ttl=62 time=184 ms
64 bytes from aaaa::212:7408:8:808: icmp_seq=76 ttl=62 time=186 ms
64 bytes from aaaa::212:7408:8:808: icmp_seq=77 ttl=62 time=283 ms
64 bytes from aaaa::212:7408:8:808: icmp_seq=78 ttl=62 time=115 ms
64 bytes from aaaa::212:7408:8:808: icmp_seq=79 ttl=62 time=162 ms
64 bytes from aaaa::212:7408:8:808: icmp_seq=84 ttl=62 time=360 ms
64 bytes from aaaa::212:7408:8:808: icmp_seq=85 ttl=62 time=420 ms
64 bytes from aaaa::212:7408:8:808: icmp_seq=86 ttl=62 time=654 ms
64 bytes from aaaa::212:7408:8:808: icmp_seq=87 ttl=62 time=267 ms
64 bytes from aaaa::212:7408:8:808: icmp_seq=88 ttl=62 time=160 ms
64 bytes from aaaa::212:7408:8:808: icmp_seq=92 ttl=62 time=619 ms
64 bytes from aaaa::212:7408:8:808: icmp_seq=98 ttl=62 time=344 ms
64 bytes from aaaa::212:7408:8:808: icmp_seq=101 ttl=62 time=147 ms
64 bytes from aaaa::212:7408:8:808: icmp_seq=102 ttl=62 time=327 ms
64 bytes from aaaa::212:7408:8:808: icmp_seq=104 ttl=62 time=652 ms
64 bytes from aaaa::212:7408:8:808: icmp_seq=105 ttl=62 time=983 ms
64 bytes from aaaa::212:7408:8:808: icmp_seq=106 ttl=62 time=736 ms
64 bytes from aaaa::212:7408:8:808: icmp_seq=108 ttl=62 time=168 ms
64 bytes from aaaa::212:7408:8:808: icmp_seq=109 ttl=62 time=702 ms
64 bytes from aaaa::212:7408:8:808: icmp_seq=111 ttl=62 time=776 ms
64 bytes from aaaa::212:7408:8:808: icmp_seq=112 ttl=62 time=173 ms
64 bytes from aaaa::212:7408:8:808: icmp_seq=113 ttl=62 time=1377 ms
64 bytes from aaaa::212:7408:8:808: icmp_seq=115 ttl=62 time=158 ms
64 bytes from aaaa::212:7408:8:808: icmp_seq=120 ttl=62 time=274 ms
64 bytes from aaaa::212:7408:8:808: icmp_seq=121 ttl=62 time=148 ms
64 bytes from aaaa::212:7408:8:808: icmp_seq=138 ttl=62 time=220 ms
64 bytes from aaaa::212:7408:8:808: icmp_seq=139 ttl=62 time=304 ms
64 bytes from aaaa::212:7408:8:808: icmp_seq=142 ttl=62 time=238 ms
64 bytes from aaaa::212:7408:8:808: icmp_seq=143 ttl=62 time=153 ms
64 bytes from aaaa::212:7408:8:808: icmp_seq=145 ttl=62 time=133 ms
64 bytes from aaaa::212:7408:8:808: icmp_seq=146 ttl=62 time=723 ms
64 bytes from aaaa::212:7408:8:808: icmp_seq=147 ttl=62 time=205 ms
64 bytes from aaaa::212:7408:8:808: icmp_seq=148 ttl=62 time=214 ms
64 bytes from aaaa::212:7408:8:808: icmp_seq=150 ttl=62 time=195 ms
64 bytes from aaaa::212:7408:8:808: icmp_seq=151 ttl=62 time=135 ms
64 bytes from aaaa::212:7408:8:808: icmp_seq=152 ttl=62 time=181 ms
64 bytes from aaaa::212:7408:8:808: icmp_seq=153 ttl=62 time=219 ms
64 bytes from aaaa::212:7408:8:808: icmp_seq=154 ttl=62 time=156 ms
64 bytes from aaaa::212:7408:8:808: icmp_seq=155 ttl=62 time=166 ms
64 bytes from aaaa::212:7408:8:808: icmp_seq=156 ttl=62 time=686 ms
64 bytes from aaaa::212:7408:8:808: icmp_seq=157 ttl=62 time=107 ms
64 bytes from aaaa::212:7408:8:808: icmp_seq=158 ttl=62 time=174 ms
64 bytes from aaaa::212:7408:8:808: icmp_seq=159 ttl=62 time=199 ms
64 bytes from aaaa::212:7408:8:808: icmp_seq=160 ttl=62 time=242 ms
64 bytes from aaaa::212:7408:8:808: icmp_seq=161 ttl=62 time=137 ms
64 bytes from aaaa::212:7408:8:808: icmp_seq=163 ttl=62 time=129 ms
64 bytes from aaaa::212:7408:8:808: icmp_seq=164 ttl=62 time=140 ms
64 bytes from aaaa::212:7408:8:808: icmp_seq=165 ttl=62 time=124 ms
64 bytes from aaaa::212:7408:8:808: icmp_seq=166 ttl=62 time=103 ms
64 bytes from aaaa::212:7408:8:808: icmp_seq=167 ttl=62 time=164 ms
64 bytes from aaaa::212:7408:8:808: icmp_seq=168 ttl=62 time=132 ms
64 bytes from aaaa::212:7408:8:808: icmp_seq=169 ttl=62 time=158 ms
64 bytes from aaaa::212:7408:8:808: icmp_seq=170 ttl=62 time=132 ms
64 bytes from aaaa::212:7408:8:808: icmp_seq=171 ttl=62 time=145 ms
64 bytes from aaaa::212:7408:8:808: icmp_seq=172 ttl=62 time=124 ms
64 bytes from aaaa::212:7408:8:808: icmp_seq=173 ttl=62 time=193 ms
64 bytes from aaaa::212:7408:8:808: icmp_seq=174 ttl=62 time=115 ms
64 bytes from aaaa::212:7408:8:808: icmp_seq=175 ttl=62 time=168 ms
64 bytes from aaaa::212:7408:8:808: icmp_seq=176 ttl=62 time=114 ms
64 bytes from aaaa::212:7408:8:808: icmp_seq=177 ttl=62 time=195 ms
64 bytes from aaaa::212:7408:8:808: icmp_seq=178 ttl=62 time=121 ms
64 bytes from aaaa::212:7408:8:808: icmp_seq=179 ttl=62 time=132 ms
64 bytes from aaaa::212:7408:8:808: icmp_seq=180 ttl=62 time=120 ms
64 bytes from aaaa::212:7408:8:808: icmp_seq=181 ttl=62 time=727 ms
64 bytes from aaaa::212:7408:8:808: icmp_seq=182 ttl=62 time=159 ms
64 bytes from aaaa::212:7408:8:808: icmp_seq=184 ttl=62 time=181 ms
64 bytes from aaaa::212:7408:8:808: icmp_seq=186 ttl=62 time=123 ms
64 bytes from aaaa::212:7408:8:808: icmp_seq=187 ttl=62 time=135 ms
64 bytes from aaaa::212:7408:8:808: icmp_seq=188 ttl=62 time=137 ms
64 bytes from aaaa::212:7408:8:808: icmp_seq=189 ttl=62 time=133 ms
64 bytes from aaaa::212:7408:8:808: icmp_seq=190 ttl=62 time=107 ms
64 bytes from aaaa::212:7408:8:808: icmp_seq=191 ttl=62 time=108 ms
64 bytes from aaaa::212:7408:8:808: icmp_seq=192 ttl=62 time=540 ms
64 bytes from aaaa::212:7408:8:808: icmp_seq=193 ttl=62 time=153 ms
64 bytes from aaaa::212:7408:8:808: icmp_seq=194 ttl=62 time=162 ms
64 bytes from aaaa::212:7408:8:808: icmp_seq=195 ttl=62 time=159 ms
64 bytes from aaaa::212:7408:8:808: icmp_seq=196 ttl=62 time=124 ms
64 bytes from aaaa::212:7408:8:808: icmp_seq=197 ttl=62 time=550 ms
64 bytes from aaaa::212:7408:8:808: icmp_seq=198 ttl=62 time=176 ms
64 bytes from aaaa::212:7408:8:808: icmp_seq=199 ttl=62 time=167 ms
64 bytes from aaaa::212:7408:8:808: icmp_seq=200 ttl=62 time=210 ms

--- aaaa::212:7408:8:808 ping statistics ---
200 packets transmitted, 97 received, 51% packet loss, time 1009084ms
rtt min/avg/max/mdev = 103.864/296.167/1809.385/269.392 ms
