PING aaaa::212:7405:5:505(aaaa::212:7405:5:505) 56 data bytes
64 bytes from aaaa::212:7405:5:505: icmp_seq=1 ttl=62 time=509 ms
64 bytes from aaaa::212:7405:5:505: icmp_seq=2 ttl=62 time=232 ms
64 bytes from aaaa::212:7405:5:505: icmp_seq=5 ttl=62 time=404 ms
64 bytes from aaaa::212:7405:5:505: icmp_seq=7 ttl=62 time=436 ms
64 bytes from aaaa::212:7405:5:505: icmp_seq=11 ttl=62 time=255 ms
64 bytes from aaaa::212:7405:5:505: icmp_seq=18 ttl=62 time=666 ms
64 bytes from aaaa::212:7405:5:505: icmp_seq=20 ttl=62 time=264 ms
64 bytes from aaaa::212:7405:5:505: icmp_seq=21 ttl=62 time=208 ms
64 bytes from aaaa::212:7405:5:505: icmp_seq=24 ttl=62 time=594 ms
64 bytes from aaaa::212:7405:5:505: icmp_seq=26 ttl=62 time=530 ms
64 bytes from aaaa::212:7405:5:505: icmp_seq=27 ttl=62 time=595 ms
64 bytes from aaaa::212:7405:5:505: icmp_seq=28 ttl=62 time=640 ms
64 bytes from aaaa::212:7405:5:505: icmp_seq=31 ttl=62 time=235 ms
64 bytes from aaaa::212:7405:5:505: icmp_seq=32 ttl=62 time=506 ms
64 bytes from aaaa::212:7405:5:505: icmp_seq=34 ttl=62 time=434 ms
64 bytes from aaaa::212:7405:5:505: icmp_seq=37 ttl=62 time=1260 ms
64 bytes from aaaa::212:7405:5:505: icmp_seq=38 ttl=62 time=439 ms
64 bytes from aaaa::212:7405:5:505: icmp_seq=39 ttl=62 time=726 ms
64 bytes from aaaa::212:7405:5:505: icmp_seq=40 ttl=62 time=299 ms
64 bytes from aaaa::212:7405:5:505: icmp_seq=41 ttl=62 time=477 ms
64 bytes from aaaa::212:7405:5:505: icmp_seq=42 ttl=62 time=178 ms
64 bytes from aaaa::212:7405:5:505: icmp_seq=43 ttl=62 time=513 ms
64 bytes from aaaa::212:7405:5:505: icmp_seq=44 ttl=62 time=767 ms
64 bytes from aaaa::212:7405:5:505: icmp_seq=45 ttl=62 time=475 ms
64 bytes from aaaa::212:7405:5:505: icmp_seq=46 ttl=62 time=1261 ms
64 bytes from aaaa::212:7405:5:505: icmp_seq=48 ttl=62 time=597 ms
64 bytes from aaaa::212:7405:5:505: icmp_seq=49 ttl=62 time=377 ms
64 bytes from aaaa::212:7405:5:505: icmp_seq=50 ttl=62 time=165 ms
64 bytes from aaaa::212:7405:5:505: icmp_seq=51 ttl=62 time=870 ms
64 bytes from aaaa::212:7405:5:505: icmp_seq=52 ttl=62 time=174 ms
64 bytes from aaaa::212:7405:5:505: icmp_seq=53 ttl=62 time=949 ms
64 bytes from aaaa::212:7405:5:505: icmp_seq=54 ttl=62 time=315 ms
64 bytes from aaaa::212:7405:5:505: icmp_seq=55 ttl=62 time=912 ms
64 bytes from aaaa::212:7405:5:505: icmp_seq=56 ttl=62 time=733 ms
64 bytes from aaaa::212:7405:5:505: icmp_seq=58 ttl=62 time=474 ms
64 bytes from aaaa::212:7405:5:505: icmp_seq=59 ttl=62 time=499 ms
64 bytes from aaaa::212:7405:5:505: icmp_seq=60 ttl=62 time=231 ms
64 bytes from aaaa::212:7405:5:505: icmp_seq=66 ttl=62 time=438 ms
64 bytes from aaaa::212:7405:5:505: icmp_seq=67 ttl=62 time=376 ms
64 bytes from aaaa::212:7405:5:505: icmp_seq=68 ttl=62 time=606 ms
64 bytes from aaaa::212:7405:5:505: icmp_seq=69 ttl=62 time=328 ms
64 bytes from aaaa::212:7405:5:505: icmp_seq=70 ttl=62 time=261 ms
64 bytes from aaaa::212:7405:5:505: icmp_seq=71 ttl=62 time=184 ms
64 bytes from aaaa::212:7405:5:505: icmp_seq=72 ttl=62 time=246 ms
64 bytes from aaaa::212:7405:5:505: icmp_seq=73 ttl=62 time=195 ms
64 bytes from aaaa::212:7405:5:505: icmp_seq=75 ttl=62 time=180 ms
64 bytes from aaaa::212:7405:5:505: icmp_seq=76 ttl=62 time=358 ms
64 bytes from aaaa::212:7405:5:505: icmp_seq=77 ttl=62 time=210 ms
64 bytes from aaaa::212:7405:5:505: icmp_seq=78 ttl=62 time=196 ms
64 bytes from aaaa::212:7405:5:505: icmp_seq=79 ttl=62 time=239 ms
64 bytes from aaaa::212:7405:5:505: icmp_seq=80 ttl=62 time=204 ms
64 bytes from aaaa::212:7405:5:505: icmp_seq=81 ttl=62 time=247 ms
64 bytes from aaaa::212:7405:5:505: icmp_seq=82 ttl=62 time=171 ms
64 bytes from aaaa::212:7405:5:505: icmp_seq=83 ttl=62 time=243 ms
64 bytes from aaaa::212:7405:5:505: icmp_seq=84 ttl=62 time=309 ms
64 bytes from aaaa::212:7405:5:505: icmp_seq=85 ttl=62 time=176 ms
64 bytes from aaaa::212:7405:5:505: icmp_seq=86 ttl=62 time=195 ms
64 bytes from aaaa::212:7405:5:505: icmp_seq=87 ttl=62 time=163 ms
64 bytes from aaaa::212:7405:5:505: icmp_seq=88 ttl=62 time=175 ms
64 bytes from aaaa::212:7405:5:505: icmp_seq=89 ttl=62 time=244 ms
64 bytes from aaaa::212:7405:5:505: icmp_seq=90 ttl=62 time=197 ms
64 bytes from aaaa::212:7405:5:505: icmp_seq=91 ttl=62 time=215 ms
64 bytes from aaaa::212:7405:5:505: icmp_seq=92 ttl=62 time=695 ms
64 bytes from aaaa::212:7405:5:505: icmp_seq=93 ttl=62 time=507 ms
64 bytes from aaaa::212:7405:5:505: icmp_seq=94 ttl=62 time=1364 ms
64 bytes from aaaa::212:7405:5:505: icmp_seq=95 ttl=62 time=336 ms
64 bytes from aaaa::212:7405:5:505: icmp_seq=97 ttl=62 time=300 ms
64 bytes from aaaa::212:7405:5:505: icmp_seq=98 ttl=62 time=359 ms
64 bytes from aaaa::212:7405:5:505: icmp_seq=100 ttl=62 time=269 ms
64 bytes from aaaa::212:7405:5:505: icmp_seq=101 ttl=62 time=630 ms
64 bytes from aaaa::212:7405:5:505: icmp_seq=102 ttl=62 time=704 ms
64 bytes from aaaa::212:7405:5:505: icmp_seq=104 ttl=62 time=351 ms
64 bytes from aaaa::212:7405:5:505: icmp_seq=105 ttl=62 time=359 ms
64 bytes from aaaa::212:7405:5:505: icmp_seq=106 ttl=62 time=337 ms
64 bytes from aaaa::212:7405:5:505: icmp_seq=107 ttl=62 time=410 ms
64 bytes from aaaa::212:7405:5:505: icmp_seq=108 ttl=62 time=332 ms
64 bytes from aaaa::212:7405:5:505: icmp_seq=109 ttl=62 time=202 ms
64 bytes from aaaa::212:7405:5:505: icmp_seq=110 ttl=62 time=308 ms
64 bytes from aaaa::212:7405:5:505: icmp_seq=111 ttl=62 time=411 ms
64 bytes from aaaa::212:7405:5:505: icmp_seq=112 ttl=62 time=182 ms
64 bytes from aaaa::212:7405:5:505: icmp_seq=113 ttl=62 time=318 ms
64 bytes from aaaa::212:7405:5:505: icmp_seq=114 ttl=62 time=333 ms
64 bytes from aaaa::212:7405:5:505: icmp_seq=115 ttl=62 time=303 ms
64 bytes from aaaa::212:7405:5:505: icmp_seq=116 ttl=62 time=317 ms
64 bytes from aaaa::212:7405:5:505: icmp_seq=117 ttl=62 time=294 ms
64 bytes from aaaa::212:7405:5:505: icmp_seq=118 ttl=62 time=280 ms
64 bytes from aaaa::212:7405:5:505: icmp_seq=119 ttl=62 time=394 ms
64 bytes from aaaa::212:7405:5:505: icmp_seq=120 ttl=62 time=322 ms
64 bytes from aaaa::212:7405:5:505: icmp_seq=121 ttl=62 time=316 ms
64 bytes from aaaa::212:7405:5:505: icmp_seq=122 ttl=62 time=593 ms
64 bytes from aaaa::212:7405:5:505: icmp_seq=123 ttl=62 time=566 ms
64 bytes from aaaa::212:7405:5:505: icmp_seq=124 ttl=62 time=271 ms
64 bytes from aaaa::212:7405:5:505: icmp_seq=125 ttl=62 time=234 ms
64 bytes from aaaa::212:7405:5:505: icmp_seq=126 ttl=62 time=317 ms
64 bytes from aaaa::212:7405:5:505: icmp_seq=127 ttl=62 time=741 ms
64 bytes from aaaa::212:7405:5:505: icmp_seq=130 ttl=62 time=527 ms
64 bytes from aaaa::212:7405:5:505: icmp_seq=138 ttl=62 time=1086 ms
64 bytes from aaaa::212:7405:5:505: icmp_seq=139 ttl=62 time=471 ms
64 bytes from aaaa::212:7405:5:505: icmp_seq=140 ttl=62 time=664 ms
64 bytes from aaaa::212:7405:5:505: icmp_seq=141 ttl=62 time=776 ms
64 bytes from aaaa::212:7405:5:505: icmp_seq=142 ttl=62 time=614 ms
64 bytes from aaaa::212:7405:5:505: icmp_seq=143 ttl=62 time=1271 ms
64 bytes from aaaa::212:7405:5:505: icmp_seq=144 ttl=62 time=598 ms
64 bytes from aaaa::212:7405:5:505: icmp_seq=145 ttl=62 time=396 ms
64 bytes from aaaa::212:7405:5:505: icmp_seq=146 ttl=62 time=326 ms
64 bytes from aaaa::212:7405:5:505: icmp_seq=147 ttl=62 time=307 ms
64 bytes from aaaa::212:7405:5:505: icmp_seq=148 ttl=62 time=968 ms
64 bytes from aaaa::212:7405:5:505: icmp_seq=149 ttl=62 time=381 ms
64 bytes from aaaa::212:7405:5:505: icmp_seq=150 ttl=62 time=354 ms
64 bytes from aaaa::212:7405:5:505: icmp_seq=151 ttl=62 time=875 ms
64 bytes from aaaa::212:7405:5:505: icmp_seq=153 ttl=62 time=757 ms
64 bytes from aaaa::212:7405:5:505: icmp_seq=154 ttl=62 time=682 ms
64 bytes from aaaa::212:7405:5:505: icmp_seq=155 ttl=62 time=212 ms
64 bytes from aaaa::212:7405:5:505: icmp_seq=156 ttl=62 time=546 ms
64 bytes from aaaa::212:7405:5:505: icmp_seq=157 ttl=62 time=250 ms
64 bytes from aaaa::212:7405:5:505: icmp_seq=158 ttl=62 time=316 ms
64 bytes from aaaa::212:7405:5:505: icmp_seq=159 ttl=62 time=745 ms
64 bytes from aaaa::212:7405:5:505: icmp_seq=160 ttl=62 time=356 ms
64 bytes from aaaa::212:7405:5:505: icmp_seq=161 ttl=62 time=339 ms
64 bytes from aaaa::212:7405:5:505: icmp_seq=162 ttl=62 time=478 ms
64 bytes from aaaa::212:7405:5:505: icmp_seq=163 ttl=62 time=744 ms
64 bytes from aaaa::212:7405:5:505: icmp_seq=164 ttl=62 time=214 ms
64 bytes from aaaa::212:7405:5:505: icmp_seq=165 ttl=62 time=224 ms
64 bytes from aaaa::212:7405:5:505: icmp_seq=166 ttl=62 time=223 ms
64 bytes from aaaa::212:7405:5:505: icmp_seq=167 ttl=62 time=174 ms
64 bytes from aaaa::212:7405:5:505: icmp_seq=168 ttl=62 time=259 ms
64 bytes from aaaa::212:7405:5:505: icmp_seq=170 ttl=62 time=183 ms
64 bytes from aaaa::212:7405:5:505: icmp_seq=171 ttl=62 time=220 ms
64 bytes from aaaa::212:7405:5:505: icmp_seq=172 ttl=62 time=370 ms
64 bytes from aaaa::212:7405:5:505: icmp_seq=173 ttl=62 time=751 ms
64 bytes from aaaa::212:7405:5:505: icmp_seq=174 ttl=62 time=774 ms
64 bytes from aaaa::212:7405:5:505: icmp_seq=175 ttl=62 time=221 ms
64 bytes from aaaa::212:7405:5:505: icmp_seq=176 ttl=62 time=600 ms
64 bytes from aaaa::212:7405:5:505: icmp_seq=177 ttl=62 time=1103 ms
64 bytes from aaaa::212:7405:5:505: icmp_seq=178 ttl=62 time=438 ms
64 bytes from aaaa::212:7405:5:505: icmp_seq=179 ttl=62 time=2198 ms
64 bytes from aaaa::212:7405:5:505: icmp_seq=180 ttl=62 time=598 ms
64 bytes from aaaa::212:7405:5:505: icmp_seq=181 ttl=62 time=436 ms
64 bytes from aaaa::212:7405:5:505: icmp_seq=182 ttl=62 time=427 ms
64 bytes from aaaa::212:7405:5:505: icmp_seq=183 ttl=62 time=623 ms
64 bytes from aaaa::212:7405:5:505: icmp_seq=184 ttl=62 time=297 ms
64 bytes from aaaa::212:7405:5:505: icmp_seq=185 ttl=62 time=367 ms
64 bytes from aaaa::212:7405:5:505: icmp_seq=186 ttl=62 time=283 ms
64 bytes from aaaa::212:7405:5:505: icmp_seq=187 ttl=62 time=360 ms
64 bytes from aaaa::212:7405:5:505: icmp_seq=188 ttl=62 time=266 ms
64 bytes from aaaa::212:7405:5:505: icmp_seq=189 ttl=62 time=208 ms
64 bytes from aaaa::212:7405:5:505: icmp_seq=190 ttl=62 time=211 ms
64 bytes from aaaa::212:7405:5:505: icmp_seq=191 ttl=62 time=302 ms
64 bytes from aaaa::212:7405:5:505: icmp_seq=192 ttl=62 time=422 ms
64 bytes from aaaa::212:7405:5:505: icmp_seq=193 ttl=62 time=193 ms
64 bytes from aaaa::212:7405:5:505: icmp_seq=194 ttl=62 time=183 ms
64 bytes from aaaa::212:7405:5:505: icmp_seq=195 ttl=62 time=308 ms
64 bytes from aaaa::212:7405:5:505: icmp_seq=196 ttl=62 time=426 ms
64 bytes from aaaa::212:7405:5:505: icmp_seq=197 ttl=62 time=299 ms
64 bytes from aaaa::212:7405:5:505: icmp_seq=198 ttl=62 time=314 ms
64 bytes from aaaa::212:7405:5:505: icmp_seq=199 ttl=62 time=347 ms
64 bytes from aaaa::212:7405:5:505: icmp_seq=200 ttl=62 time=210 ms

--- aaaa::212:7405:5:505 ping statistics ---
200 packets transmitted, 157 received, 21% packet loss, time 1002115ms
rtt min/avg/max/mdev = 163.187/441.790/2198.049/284.926 ms
