PING aaaa::212:7407:7:707(aaaa::212:7407:7:707) 56 data bytes
64 bytes from aaaa::212:7407:7:707: icmp_seq=1 ttl=62 time=759 ms
64 bytes from aaaa::212:7407:7:707: icmp_seq=5 ttl=62 time=483 ms
64 bytes from aaaa::212:7407:7:707: icmp_seq=7 ttl=62 time=365 ms
64 bytes from aaaa::212:7407:7:707: icmp_seq=8 ttl=62 time=574 ms
64 bytes from aaaa::212:7407:7:707: icmp_seq=9 ttl=62 time=379 ms
64 bytes from aaaa::212:7407:7:707: icmp_seq=10 ttl=62 time=373 ms
64 bytes from aaaa::212:7407:7:707: icmp_seq=11 ttl=62 time=1249 ms
64 bytes from aaaa::212:7407:7:707: icmp_seq=22 ttl=62 time=465 ms
64 bytes from aaaa::212:7407:7:707: icmp_seq=23 ttl=62 time=342 ms
64 bytes from aaaa::212:7407:7:707: icmp_seq=25 ttl=62 time=446 ms
64 bytes from aaaa::212:7407:7:707: icmp_seq=26 ttl=62 time=265 ms
64 bytes from aaaa::212:7407:7:707: icmp_seq=27 ttl=62 time=168 ms
64 bytes from aaaa::212:7407:7:707: icmp_seq=28 ttl=62 time=414 ms
64 bytes from aaaa::212:7407:7:707: icmp_seq=29 ttl=62 time=302 ms
64 bytes from aaaa::212:7407:7:707: icmp_seq=30 ttl=62 time=634 ms
64 bytes from aaaa::212:7407:7:707: icmp_seq=31 ttl=62 time=1244 ms
64 bytes from aaaa::212:7407:7:707: icmp_seq=32 ttl=62 time=447 ms
64 bytes from aaaa::212:7407:7:707: icmp_seq=33 ttl=62 time=372 ms
64 bytes from aaaa::212:7407:7:707: icmp_seq=34 ttl=62 time=807 ms
64 bytes from aaaa::212:7407:7:707: icmp_seq=35 ttl=62 time=861 ms
64 bytes from aaaa::212:7407:7:707: icmp_seq=36 ttl=62 time=191 ms
64 bytes from aaaa::212:7407:7:707: icmp_seq=37 ttl=62 time=695 ms
64 bytes from aaaa::212:7407:7:707: icmp_seq=38 ttl=62 time=951 ms
64 bytes from aaaa::212:7407:7:707: icmp_seq=39 ttl=62 time=547 ms
64 bytes from aaaa::212:7407:7:707: icmp_seq=40 ttl=62 time=769 ms
64 bytes from aaaa::212:7407:7:707: icmp_seq=41 ttl=62 time=584 ms
64 bytes from aaaa::212:7407:7:707: icmp_seq=43 ttl=62 time=593 ms
64 bytes from aaaa::212:7407:7:707: icmp_seq=44 ttl=62 time=269 ms
64 bytes from aaaa::212:7407:7:707: icmp_seq=46 ttl=62 time=834 ms
64 bytes from aaaa::212:7407:7:707: icmp_seq=47 ttl=62 time=1416 ms
64 bytes from aaaa::212:7407:7:707: icmp_seq=48 ttl=62 time=817 ms
64 bytes from aaaa::212:7407:7:707: icmp_seq=49 ttl=62 time=284 ms
64 bytes from aaaa::212:7407:7:707: icmp_seq=52 ttl=62 time=1946 ms
64 bytes from aaaa::212:7407:7:707: icmp_seq=53 ttl=62 time=1396 ms
64 bytes from aaaa::212:7407:7:707: icmp_seq=62 ttl=62 time=1376 ms
64 bytes from aaaa::212:7407:7:707: icmp_seq=63 ttl=62 time=1349 ms
64 bytes from aaaa::212:7407:7:707: icmp_seq=64 ttl=62 time=720 ms
64 bytes from aaaa::212:7407:7:707: icmp_seq=65 ttl=62 time=770 ms
64 bytes from aaaa::212:7407:7:707: icmp_seq=67 ttl=62 time=652 ms
64 bytes from aaaa::212:7407:7:707: icmp_seq=68 ttl=62 time=652 ms
64 bytes from aaaa::212:7407:7:707: icmp_seq=69 ttl=62 time=1384 ms
64 bytes from aaaa::212:7407:7:707: icmp_seq=70 ttl=62 time=1521 ms
64 bytes from aaaa::212:7407:7:707: icmp_seq=71 ttl=62 time=731 ms
64 bytes from aaaa::212:7407:7:707: icmp_seq=72 ttl=62 time=254 ms
64 bytes from aaaa::212:7407:7:707: icmp_seq=76 ttl=62 time=988 ms
64 bytes from aaaa::212:7407:7:707: icmp_seq=77 ttl=62 time=746 ms
64 bytes from aaaa::212:7407:7:707: icmp_seq=81 ttl=62 time=298 ms
64 bytes from aaaa::212:7407:7:707: icmp_seq=84 ttl=62 time=713 ms
64 bytes from aaaa::212:7407:7:707: icmp_seq=85 ttl=62 time=350 ms
64 bytes from aaaa::212:7407:7:707: icmp_seq=86 ttl=62 time=1479 ms
64 bytes from aaaa::212:7407:7:707: icmp_seq=87 ttl=62 time=924 ms
64 bytes from aaaa::212:7407:7:707: icmp_seq=88 ttl=62 time=794 ms
64 bytes from aaaa::212:7407:7:707: icmp_seq=89 ttl=62 time=994 ms
64 bytes from aaaa::212:7407:7:707: icmp_seq=90 ttl=62 time=1230 ms
64 bytes from aaaa::212:7407:7:707: icmp_seq=91 ttl=62 time=329 ms
64 bytes from aaaa::212:7407:7:707: icmp_seq=92 ttl=62 time=1138 ms
64 bytes from aaaa::212:7407:7:707: icmp_seq=93 ttl=62 time=170 ms
64 bytes from aaaa::212:7407:7:707: icmp_seq=95 ttl=62 time=334 ms
64 bytes from aaaa::212:7407:7:707: icmp_seq=96 ttl=62 time=291 ms
64 bytes from aaaa::212:7407:7:707: icmp_seq=103 ttl=62 time=248 ms
64 bytes from aaaa::212:7407:7:707: icmp_seq=104 ttl=62 time=433 ms
64 bytes from aaaa::212:7407:7:707: icmp_seq=105 ttl=62 time=458 ms
64 bytes from aaaa::212:7407:7:707: icmp_seq=107 ttl=62 time=487 ms
64 bytes from aaaa::212:7407:7:707: icmp_seq=109 ttl=62 time=312 ms
64 bytes from aaaa::212:7407:7:707: icmp_seq=110 ttl=62 time=239 ms
64 bytes from aaaa::212:7407:7:707: icmp_seq=111 ttl=62 time=263 ms
64 bytes from aaaa::212:7407:7:707: icmp_seq=112 ttl=62 time=277 ms
64 bytes from aaaa::212:7407:7:707: icmp_seq=113 ttl=62 time=365 ms
64 bytes from aaaa::212:7407:7:707: icmp_seq=114 ttl=62 time=278 ms
64 bytes from aaaa::212:7407:7:707: icmp_seq=115 ttl=62 time=276 ms
64 bytes from aaaa::212:7407:7:707: icmp_seq=118 ttl=62 time=240 ms
64 bytes from aaaa::212:7407:7:707: icmp_seq=120 ttl=62 time=1600 ms
64 bytes from aaaa::212:7407:7:707: icmp_seq=121 ttl=62 time=1026 ms
64 bytes from aaaa::212:7407:7:707: icmp_seq=122 ttl=62 time=468 ms
64 bytes from aaaa::212:7407:7:707: icmp_seq=123 ttl=62 time=415 ms
64 bytes from aaaa::212:7407:7:707: icmp_seq=124 ttl=62 time=506 ms
64 bytes from aaaa::212:7407:7:707: icmp_seq=125 ttl=62 time=492 ms
64 bytes from aaaa::212:7407:7:707: icmp_seq=126 ttl=62 time=632 ms
64 bytes from aaaa::212:7407:7:707: icmp_seq=132 ttl=62 time=631 ms
64 bytes from aaaa::212:7407:7:707: icmp_seq=136 ttl=62 time=435 ms
64 bytes from aaaa::212:7407:7:707: icmp_seq=137 ttl=62 time=435 ms
64 bytes from aaaa::212:7407:7:707: icmp_seq=138 ttl=62 time=422 ms
64 bytes from aaaa::212:7407:7:707: icmp_seq=139 ttl=62 time=1336 ms
64 bytes from aaaa::212:7407:7:707: icmp_seq=142 ttl=62 time=320 ms
64 bytes from aaaa::212:7407:7:707: icmp_seq=146 ttl=62 time=346 ms
64 bytes from aaaa::212:7407:7:707: icmp_seq=147 ttl=62 time=306 ms
64 bytes from aaaa::212:7407:7:707: icmp_seq=148 ttl=62 time=303 ms
64 bytes from aaaa::212:7407:7:707: icmp_seq=149 ttl=62 time=294 ms
64 bytes from aaaa::212:7407:7:707: icmp_seq=151 ttl=62 time=344 ms
64 bytes from aaaa::212:7407:7:707: icmp_seq=152 ttl=62 time=203 ms
64 bytes from aaaa::212:7407:7:707: icmp_seq=153 ttl=62 time=356 ms
64 bytes from aaaa::212:7407:7:707: icmp_seq=154 ttl=62 time=230 ms
64 bytes from aaaa::212:7407:7:707: icmp_seq=155 ttl=62 time=271 ms
64 bytes from aaaa::212:7407:7:707: icmp_seq=156 ttl=62 time=338 ms
64 bytes from aaaa::212:7407:7:707: icmp_seq=157 ttl=62 time=296 ms
64 bytes from aaaa::212:7407:7:707: icmp_seq=158 ttl=62 time=227 ms
64 bytes from aaaa::212:7407:7:707: icmp_seq=159 ttl=62 time=327 ms
64 bytes from aaaa::212:7407:7:707: icmp_seq=160 ttl=62 time=343 ms
64 bytes from aaaa::212:7407:7:707: icmp_seq=161 ttl=62 time=508 ms
64 bytes from aaaa::212:7407:7:707: icmp_seq=162 ttl=62 time=317 ms
64 bytes from aaaa::212:7407:7:707: icmp_seq=163 ttl=62 time=290 ms
64 bytes from aaaa::212:7407:7:707: icmp_seq=164 ttl=62 time=246 ms
64 bytes from aaaa::212:7407:7:707: icmp_seq=165 ttl=62 time=218 ms
64 bytes from aaaa::212:7407:7:707: icmp_seq=166 ttl=62 time=406 ms
64 bytes from aaaa::212:7407:7:707: icmp_seq=167 ttl=62 time=199 ms
64 bytes from aaaa::212:7407:7:707: icmp_seq=168 ttl=62 time=388 ms
64 bytes from aaaa::212:7407:7:707: icmp_seq=169 ttl=62 time=671 ms
64 bytes from aaaa::212:7407:7:707: icmp_seq=170 ttl=62 time=276 ms
64 bytes from aaaa::212:7407:7:707: icmp_seq=171 ttl=62 time=231 ms
64 bytes from aaaa::212:7407:7:707: icmp_seq=173 ttl=62 time=323 ms
64 bytes from aaaa::212:7407:7:707: icmp_seq=174 ttl=62 time=337 ms
64 bytes from aaaa::212:7407:7:707: icmp_seq=175 ttl=62 time=462 ms
64 bytes from aaaa::212:7407:7:707: icmp_seq=176 ttl=62 time=195 ms
64 bytes from aaaa::212:7407:7:707: icmp_seq=177 ttl=62 time=214 ms
64 bytes from aaaa::212:7407:7:707: icmp_seq=178 ttl=62 time=209 ms
64 bytes from aaaa::212:7407:7:707: icmp_seq=179 ttl=62 time=239 ms
64 bytes from aaaa::212:7407:7:707: icmp_seq=180 ttl=62 time=218 ms
64 bytes from aaaa::212:7407:7:707: icmp_seq=181 ttl=62 time=209 ms
64 bytes from aaaa::212:7407:7:707: icmp_seq=182 ttl=62 time=263 ms
64 bytes from aaaa::212:7407:7:707: icmp_seq=184 ttl=62 time=1134 ms
64 bytes from aaaa::212:7407:7:707: icmp_seq=185 ttl=62 time=253 ms
64 bytes from aaaa::212:7407:7:707: icmp_seq=186 ttl=62 time=296 ms
64 bytes from aaaa::212:7407:7:707: icmp_seq=187 ttl=62 time=334 ms
64 bytes from aaaa::212:7407:7:707: icmp_seq=188 ttl=62 time=274 ms
64 bytes from aaaa::212:7407:7:707: icmp_seq=189 ttl=62 time=390 ms
64 bytes from aaaa::212:7407:7:707: icmp_seq=190 ttl=62 time=189 ms
64 bytes from aaaa::212:7407:7:707: icmp_seq=191 ttl=62 time=255 ms
64 bytes from aaaa::212:7407:7:707: icmp_seq=192 ttl=62 time=529 ms
64 bytes from aaaa::212:7407:7:707: icmp_seq=193 ttl=62 time=615 ms
64 bytes from aaaa::212:7407:7:707: icmp_seq=194 ttl=62 time=316 ms
64 bytes from aaaa::212:7407:7:707: icmp_seq=195 ttl=62 time=241 ms
64 bytes from aaaa::212:7407:7:707: icmp_seq=196 ttl=62 time=731 ms
64 bytes from aaaa::212:7407:7:707: icmp_seq=197 ttl=62 time=839 ms
64 bytes from aaaa::212:7407:7:707: icmp_seq=198 ttl=62 time=516 ms

--- aaaa::212:7407:7:707 ping statistics ---
200 packets transmitted, 134 received, 33% packet loss, time 1004044ms
rtt min/avg/max/mdev = 168.296/541.757/1946.680/367.202 ms
