PING aaaa::212:740a:a:a0a(aaaa::212:740a:a:a0a) 56 data bytes
64 bytes from aaaa::212:740a:a:a0a: icmp_seq=1 ttl=60 time=540 ms
64 bytes from aaaa::212:740a:a:a0a: icmp_seq=2 ttl=60 time=798 ms
64 bytes from aaaa::212:740a:a:a0a: icmp_seq=18 ttl=60 time=767 ms
64 bytes from aaaa::212:740a:a:a0a: icmp_seq=29 ttl=60 time=293 ms
64 bytes from aaaa::212:740a:a:a0a: icmp_seq=30 ttl=60 time=603 ms
64 bytes from aaaa::212:740a:a:a0a: icmp_seq=33 ttl=60 time=781 ms
64 bytes from aaaa::212:740a:a:a0a: icmp_seq=34 ttl=60 time=295 ms
64 bytes from aaaa::212:740a:a:a0a: icmp_seq=37 ttl=60 time=495 ms
64 bytes from aaaa::212:740a:a:a0a: icmp_seq=38 ttl=60 time=352 ms
64 bytes from aaaa::212:740a:a:a0a: icmp_seq=39 ttl=60 time=677 ms
64 bytes from aaaa::212:740a:a:a0a: icmp_seq=40 ttl=60 time=505 ms
64 bytes from aaaa::212:740a:a:a0a: icmp_seq=41 ttl=60 time=1108 ms
64 bytes from aaaa::212:740a:a:a0a: icmp_seq=45 ttl=60 time=286 ms
64 bytes from aaaa::212:740a:a:a0a: icmp_seq=46 ttl=60 time=286 ms
64 bytes from aaaa::212:740a:a:a0a: icmp_seq=47 ttl=60 time=291 ms
64 bytes from aaaa::212:740a:a:a0a: icmp_seq=48 ttl=60 time=260 ms
64 bytes from aaaa::212:740a:a:a0a: icmp_seq=51 ttl=60 time=1702 ms
64 bytes from aaaa::212:740a:a:a0a: icmp_seq=52 ttl=60 time=474 ms
64 bytes from aaaa::212:740a:a:a0a: icmp_seq=53 ttl=60 time=240 ms
64 bytes from aaaa::212:740a:a:a0a: icmp_seq=54 ttl=60 time=1190 ms
64 bytes from aaaa::212:740a:a:a0a: icmp_seq=55 ttl=60 time=294 ms
64 bytes from aaaa::212:740a:a:a0a: icmp_seq=56 ttl=60 time=466 ms
64 bytes from aaaa::212:740a:a:a0a: icmp_seq=57 ttl=60 time=2237 ms
64 bytes from aaaa::212:740a:a:a0a: icmp_seq=60 ttl=60 time=332 ms
64 bytes from aaaa::212:740a:a:a0a: icmp_seq=61 ttl=60 time=424 ms
64 bytes from aaaa::212:740a:a:a0a: icmp_seq=62 ttl=60 time=229 ms
64 bytes from aaaa::212:740a:a:a0a: icmp_seq=64 ttl=60 time=878 ms
64 bytes from aaaa::212:740a:a:a0a: icmp_seq=67 ttl=60 time=1232 ms
64 bytes from aaaa::212:740a:a:a0a: icmp_seq=68 ttl=60 time=550 ms
64 bytes from aaaa::212:740a:a:a0a: icmp_seq=69 ttl=60 time=422 ms
64 bytes from aaaa::212:740a:a:a0a: icmp_seq=70 ttl=60 time=668 ms
64 bytes from aaaa::212:740a:a:a0a: icmp_seq=71 ttl=60 time=449 ms
64 bytes from aaaa::212:740a:a:a0a: icmp_seq=73 ttl=60 time=707 ms
64 bytes from aaaa::212:740a:a:a0a: icmp_seq=74 ttl=60 time=663 ms
64 bytes from aaaa::212:740a:a:a0a: icmp_seq=76 ttl=60 time=483 ms
64 bytes from aaaa::212:740a:a:a0a: icmp_seq=77 ttl=60 time=634 ms
64 bytes from aaaa::212:740a:a:a0a: icmp_seq=78 ttl=60 time=319 ms
64 bytes from aaaa::212:740a:a:a0a: icmp_seq=83 ttl=60 time=417 ms
64 bytes from aaaa::212:740a:a:a0a: icmp_seq=84 ttl=60 time=908 ms
64 bytes from aaaa::212:740a:a:a0a: icmp_seq=85 ttl=60 time=268 ms
64 bytes from aaaa::212:740a:a:a0a: icmp_seq=86 ttl=60 time=371 ms
64 bytes from aaaa::212:740a:a:a0a: icmp_seq=87 ttl=60 time=684 ms
64 bytes from aaaa::212:740a:a:a0a: icmp_seq=92 ttl=60 time=557 ms
64 bytes from aaaa::212:740a:a:a0a: icmp_seq=103 ttl=59 time=583 ms
64 bytes from aaaa::212:740a:a:a0a: icmp_seq=128 ttl=60 time=274 ms
64 bytes from aaaa::212:740a:a:a0a: icmp_seq=129 ttl=60 time=284 ms
64 bytes from aaaa::212:740a:a:a0a: icmp_seq=130 ttl=60 time=887 ms
64 bytes from aaaa::212:740a:a:a0a: icmp_seq=131 ttl=60 time=841 ms
64 bytes from aaaa::212:740a:a:a0a: icmp_seq=132 ttl=60 time=200 ms
64 bytes from aaaa::212:740a:a:a0a: icmp_seq=133 ttl=60 time=526 ms
64 bytes from aaaa::212:740a:a:a0a: icmp_seq=134 ttl=60 time=236 ms
64 bytes from aaaa::212:740a:a:a0a: icmp_seq=135 ttl=60 time=296 ms
64 bytes from aaaa::212:740a:a:a0a: icmp_seq=136 ttl=60 time=330 ms
64 bytes from aaaa::212:740a:a:a0a: icmp_seq=137 ttl=60 time=256 ms
64 bytes from aaaa::212:740a:a:a0a: icmp_seq=138 ttl=60 time=283 ms
64 bytes from aaaa::212:740a:a:a0a: icmp_seq=139 ttl=60 time=289 ms
64 bytes from aaaa::212:740a:a:a0a: icmp_seq=140 ttl=60 time=250 ms
64 bytes from aaaa::212:740a:a:a0a: icmp_seq=141 ttl=60 time=219 ms
64 bytes from aaaa::212:740a:a:a0a: icmp_seq=142 ttl=60 time=402 ms
64 bytes from aaaa::212:740a:a:a0a: icmp_seq=143 ttl=60 time=253 ms
64 bytes from aaaa::212:740a:a:a0a: icmp_seq=144 ttl=60 time=284 ms
64 bytes from aaaa::212:740a:a:a0a: icmp_seq=145 ttl=60 time=243 ms
64 bytes from aaaa::212:740a:a:a0a: icmp_seq=146 ttl=60 time=691 ms
64 bytes from aaaa::212:740a:a:a0a: icmp_seq=147 ttl=60 time=462 ms
64 bytes from aaaa::212:740a:a:a0a: icmp_seq=148 ttl=60 time=232 ms
64 bytes from aaaa::212:740a:a:a0a: icmp_seq=149 ttl=60 time=285 ms
64 bytes from aaaa::212:740a:a:a0a: icmp_seq=150 ttl=60 time=332 ms
64 bytes from aaaa::212:740a:a:a0a: icmp_seq=151 ttl=60 time=200 ms
64 bytes from aaaa::212:740a:a:a0a: icmp_seq=152 ttl=60 time=228 ms
64 bytes from aaaa::212:740a:a:a0a: icmp_seq=153 ttl=60 time=202 ms
64 bytes from aaaa::212:740a:a:a0a: icmp_seq=154 ttl=60 time=230 ms
64 bytes from aaaa::212:740a:a:a0a: icmp_seq=155 ttl=60 time=250 ms
64 bytes from aaaa::212:740a:a:a0a: icmp_seq=156 ttl=60 time=302 ms
64 bytes from aaaa::212:740a:a:a0a: icmp_seq=157 ttl=60 time=293 ms
64 bytes from aaaa::212:740a:a:a0a: icmp_seq=158 ttl=60 time=254 ms
64 bytes from aaaa::212:740a:a:a0a: icmp_seq=159 ttl=60 time=203 ms
64 bytes from aaaa::212:740a:a:a0a: icmp_seq=160 ttl=60 time=274 ms
64 bytes from aaaa::212:740a:a:a0a: icmp_seq=161 ttl=60 time=215 ms
64 bytes from aaaa::212:740a:a:a0a: icmp_seq=162 ttl=60 time=205 ms
64 bytes from aaaa::212:740a:a:a0a: icmp_seq=163 ttl=60 time=258 ms
64 bytes from aaaa::212:740a:a:a0a: icmp_seq=164 ttl=60 time=206 ms
64 bytes from aaaa::212:740a:a:a0a: icmp_seq=165 ttl=60 time=195 ms
64 bytes from aaaa::212:740a:a:a0a: icmp_seq=166 ttl=60 time=228 ms
64 bytes from aaaa::212:740a:a:a0a: icmp_seq=167 ttl=60 time=287 ms
64 bytes from aaaa::212:740a:a:a0a: icmp_seq=168 ttl=60 time=209 ms
64 bytes from aaaa::212:740a:a:a0a: icmp_seq=169 ttl=60 time=261 ms
64 bytes from aaaa::212:740a:a:a0a: icmp_seq=170 ttl=60 time=219 ms
64 bytes from aaaa::212:740a:a:a0a: icmp_seq=171 ttl=60 time=197 ms
64 bytes from aaaa::212:740a:a:a0a: icmp_seq=172 ttl=60 time=236 ms
64 bytes from aaaa::212:740a:a:a0a: icmp_seq=173 ttl=60 time=480 ms
64 bytes from aaaa::212:740a:a:a0a: icmp_seq=174 ttl=60 time=263 ms
64 bytes from aaaa::212:740a:a:a0a: icmp_seq=175 ttl=60 time=234 ms
64 bytes from aaaa::212:740a:a:a0a: icmp_seq=176 ttl=60 time=755 ms
64 bytes from aaaa::212:740a:a:a0a: icmp_seq=177 ttl=60 time=223 ms
64 bytes from aaaa::212:740a:a:a0a: icmp_seq=178 ttl=60 time=214 ms
64 bytes from aaaa::212:740a:a:a0a: icmp_seq=179 ttl=60 time=215 ms
64 bytes from aaaa::212:740a:a:a0a: icmp_seq=180 ttl=60 time=212 ms
64 bytes from aaaa::212:740a:a:a0a: icmp_seq=181 ttl=60 time=255 ms
64 bytes from aaaa::212:740a:a:a0a: icmp_seq=182 ttl=60 time=267 ms
64 bytes from aaaa::212:740a:a:a0a: icmp_seq=183 ttl=60 time=461 ms
64 bytes from aaaa::212:740a:a:a0a: icmp_seq=184 ttl=60 time=311 ms
64 bytes from aaaa::212:740a:a:a0a: icmp_seq=185 ttl=60 time=188 ms
64 bytes from aaaa::212:740a:a:a0a: icmp_seq=186 ttl=60 time=244 ms
64 bytes from aaaa::212:740a:a:a0a: icmp_seq=187 ttl=60 time=379 ms
64 bytes from aaaa::212:740a:a:a0a: icmp_seq=188 ttl=60 time=302 ms
64 bytes from aaaa::212:740a:a:a0a: icmp_seq=189 ttl=60 time=280 ms
64 bytes from aaaa::212:740a:a:a0a: icmp_seq=190 ttl=60 time=251 ms
64 bytes from aaaa::212:740a:a:a0a: icmp_seq=191 ttl=60 time=288 ms
64 bytes from aaaa::212:740a:a:a0a: icmp_seq=192 ttl=60 time=220 ms
64 bytes from aaaa::212:740a:a:a0a: icmp_seq=194 ttl=60 time=604 ms
64 bytes from aaaa::212:740a:a:a0a: icmp_seq=195 ttl=60 time=677 ms
64 bytes from aaaa::212:740a:a:a0a: icmp_seq=197 ttl=60 time=834 ms
64 bytes from aaaa::212:740a:a:a0a: icmp_seq=198 ttl=60 time=274 ms
64 bytes from aaaa::212:740a:a:a0a: icmp_seq=199 ttl=60 time=667 ms
64 bytes from aaaa::212:740a:a:a0a: icmp_seq=200 ttl=60 time=575 ms

--- aaaa::212:740a:a:a0a ping statistics ---
200 packets transmitted, 115 received, 42% packet loss, time 1006561ms
rtt min/avg/max/mdev = 188.437/434.358/2237.172/308.161 ms
