PING aaaa::212:7404:4:404(aaaa::212:7404:4:404) 56 data bytes
64 bytes from aaaa::212:7404:4:404: icmp_seq=1 ttl=63 time=123 ms
64 bytes from aaaa::212:7404:4:404: icmp_seq=2 ttl=63 time=188 ms
64 bytes from aaaa::212:7404:4:404: icmp_seq=11 ttl=63 time=456 ms
64 bytes from aaaa::212:7404:4:404: icmp_seq=12 ttl=63 time=68.8 ms
64 bytes from aaaa::212:7404:4:404: icmp_seq=28 ttl=63 time=247 ms
64 bytes from aaaa::212:7404:4:404: icmp_seq=29 ttl=63 time=93.6 ms
64 bytes from aaaa::212:7404:4:404: icmp_seq=30 ttl=63 time=192 ms
64 bytes from aaaa::212:7404:4:404: icmp_seq=31 ttl=63 time=69.8 ms
64 bytes from aaaa::212:7404:4:404: icmp_seq=32 ttl=63 time=76.0 ms
64 bytes from aaaa::212:7404:4:404: icmp_seq=33 ttl=63 time=203 ms
64 bytes from aaaa::212:7404:4:404: icmp_seq=35 ttl=63 time=116 ms
64 bytes from aaaa::212:7404:4:404: icmp_seq=36 ttl=63 time=91.9 ms
64 bytes from aaaa::212:7404:4:404: icmp_seq=38 ttl=63 time=106 ms
64 bytes from aaaa::212:7404:4:404: icmp_seq=39 ttl=63 time=91.0 ms
64 bytes from aaaa::212:7404:4:404: icmp_seq=40 ttl=63 time=128 ms
64 bytes from aaaa::212:7404:4:404: icmp_seq=43 ttl=63 time=134 ms
64 bytes from aaaa::212:7404:4:404: icmp_seq=51 ttl=63 time=135 ms
64 bytes from aaaa::212:7404:4:404: icmp_seq=54 ttl=63 time=116 ms
64 bytes from aaaa::212:7404:4:404: icmp_seq=57 ttl=63 time=409 ms
64 bytes from aaaa::212:7404:4:404: icmp_seq=58 ttl=63 time=619 ms
64 bytes from aaaa::212:7404:4:404: icmp_seq=61 ttl=63 time=335 ms
64 bytes from aaaa::212:7404:4:404: icmp_seq=62 ttl=63 time=133 ms
64 bytes from aaaa::212:7404:4:404: icmp_seq=63 ttl=63 time=151 ms
64 bytes from aaaa::212:7404:4:404: icmp_seq=64 ttl=63 time=171 ms
64 bytes from aaaa::212:7404:4:404: icmp_seq=67 ttl=63 time=238 ms
64 bytes from aaaa::212:7404:4:404: icmp_seq=71 ttl=63 time=228 ms
64 bytes from aaaa::212:7404:4:404: icmp_seq=72 ttl=63 time=183 ms
64 bytes from aaaa::212:7404:4:404: icmp_seq=73 ttl=63 time=92.7 ms
64 bytes from aaaa::212:7404:4:404: icmp_seq=75 ttl=63 time=110 ms
64 bytes from aaaa::212:7404:4:404: icmp_seq=76 ttl=63 time=152 ms
64 bytes from aaaa::212:7404:4:404: icmp_seq=77 ttl=63 time=109 ms
64 bytes from aaaa::212:7404:4:404: icmp_seq=78 ttl=63 time=84.7 ms
64 bytes from aaaa::212:7404:4:404: icmp_seq=79 ttl=63 time=94.1 ms
64 bytes from aaaa::212:7404:4:404: icmp_seq=80 ttl=63 time=90.9 ms
64 bytes from aaaa::212:7404:4:404: icmp_seq=81 ttl=63 time=81.9 ms
64 bytes from aaaa::212:7404:4:404: icmp_seq=82 ttl=63 time=78.2 ms
64 bytes from aaaa::212:7404:4:404: icmp_seq=83 ttl=63 time=91.2 ms
64 bytes from aaaa::212:7404:4:404: icmp_seq=84 ttl=63 time=68.7 ms
64 bytes from aaaa::212:7404:4:404: icmp_seq=85 ttl=63 time=97.2 ms
64 bytes from aaaa::212:7404:4:404: icmp_seq=86 ttl=63 time=85.4 ms
64 bytes from aaaa::212:7404:4:404: icmp_seq=87 ttl=63 time=85.3 ms
64 bytes from aaaa::212:7404:4:404: icmp_seq=88 ttl=63 time=113 ms
64 bytes from aaaa::212:7404:4:404: icmp_seq=89 ttl=63 time=75.3 ms
64 bytes from aaaa::212:7404:4:404: icmp_seq=91 ttl=63 time=87.7 ms
64 bytes from aaaa::212:7404:4:404: icmp_seq=93 ttl=63 time=106 ms
64 bytes from aaaa::212:7404:4:404: icmp_seq=95 ttl=63 time=190 ms
64 bytes from aaaa::212:7404:4:404: icmp_seq=96 ttl=63 time=366 ms
64 bytes from aaaa::212:7404:4:404: icmp_seq=97 ttl=63 time=104 ms
64 bytes from aaaa::212:7404:4:404: icmp_seq=98 ttl=63 time=270 ms
64 bytes from aaaa::212:7404:4:404: icmp_seq=103 ttl=63 time=719 ms
64 bytes from aaaa::212:7404:4:404: icmp_seq=104 ttl=63 time=449 ms
64 bytes from aaaa::212:7404:4:404: icmp_seq=105 ttl=63 time=95.5 ms
64 bytes from aaaa::212:7404:4:404: icmp_seq=110 ttl=63 time=145 ms
64 bytes from aaaa::212:7404:4:404: icmp_seq=111 ttl=63 time=114 ms
64 bytes from aaaa::212:7404:4:404: icmp_seq=114 ttl=63 time=1433 ms
64 bytes from aaaa::212:7404:4:404: icmp_seq=115 ttl=63 time=87.9 ms
64 bytes from aaaa::212:7404:4:404: icmp_seq=116 ttl=63 time=143 ms
64 bytes from aaaa::212:7404:4:404: icmp_seq=117 ttl=63 time=75.1 ms
64 bytes from aaaa::212:7404:4:404: icmp_seq=118 ttl=63 time=200 ms
64 bytes from aaaa::212:7404:4:404: icmp_seq=120 ttl=63 time=131 ms
64 bytes from aaaa::212:7404:4:404: icmp_seq=122 ttl=63 time=117 ms
64 bytes from aaaa::212:7404:4:404: icmp_seq=128 ttl=63 time=188 ms
64 bytes from aaaa::212:7404:4:404: icmp_seq=134 ttl=63 time=151 ms
64 bytes from aaaa::212:7404:4:404: icmp_seq=135 ttl=63 time=158 ms
64 bytes from aaaa::212:7404:4:404: icmp_seq=136 ttl=63 time=71.4 ms
64 bytes from aaaa::212:7404:4:404: icmp_seq=138 ttl=63 time=485 ms
64 bytes from aaaa::212:7404:4:404: icmp_seq=139 ttl=63 time=106 ms
64 bytes from aaaa::212:7404:4:404: icmp_seq=140 ttl=63 time=171 ms
64 bytes from aaaa::212:7404:4:404: icmp_seq=141 ttl=63 time=197 ms
64 bytes from aaaa::212:7404:4:404: icmp_seq=142 ttl=63 time=126 ms
64 bytes from aaaa::212:7404:4:404: icmp_seq=143 ttl=63 time=201 ms
64 bytes from aaaa::212:7404:4:404: icmp_seq=144 ttl=63 time=217 ms
64 bytes from aaaa::212:7404:4:404: icmp_seq=145 ttl=63 time=75.9 ms
64 bytes from aaaa::212:7404:4:404: icmp_seq=146 ttl=63 time=100 ms
64 bytes from aaaa::212:7404:4:404: icmp_seq=147 ttl=63 time=277 ms
64 bytes from aaaa::212:7404:4:404: icmp_seq=149 ttl=63 time=131 ms
64 bytes from aaaa::212:7404:4:404: icmp_seq=154 ttl=63 time=199 ms
64 bytes from aaaa::212:7404:4:404: icmp_seq=155 ttl=63 time=409 ms
64 bytes from aaaa::212:7404:4:404: icmp_seq=156 ttl=63 time=721 ms
64 bytes from aaaa::212:7404:4:404: icmp_seq=157 ttl=63 time=152 ms
64 bytes from aaaa::212:7404:4:404: icmp_seq=158 ttl=63 time=217 ms
64 bytes from aaaa::212:7404:4:404: icmp_seq=159 ttl=63 time=224 ms
64 bytes from aaaa::212:7404:4:404: icmp_seq=160 ttl=63 time=135 ms
64 bytes from aaaa::212:7404:4:404: icmp_seq=161 ttl=63 time=376 ms
64 bytes from aaaa::212:7404:4:404: icmp_seq=162 ttl=63 time=410 ms
64 bytes from aaaa::212:7404:4:404: icmp_seq=163 ttl=63 time=347 ms
64 bytes from aaaa::212:7404:4:404: icmp_seq=164 ttl=63 time=151 ms
64 bytes from aaaa::212:7404:4:404: icmp_seq=165 ttl=63 time=469 ms
64 bytes from aaaa::212:7404:4:404: icmp_seq=166 ttl=63 time=919 ms
64 bytes from aaaa::212:7404:4:404: icmp_seq=167 ttl=63 time=137 ms
64 bytes from aaaa::212:7404:4:404: icmp_seq=168 ttl=63 time=160 ms
64 bytes from aaaa::212:7404:4:404: icmp_seq=169 ttl=63 time=144 ms
64 bytes from aaaa::212:7404:4:404: icmp_seq=170 ttl=63 time=276 ms
64 bytes from aaaa::212:7404:4:404: icmp_seq=171 ttl=63 time=134 ms
64 bytes from aaaa::212:7404:4:404: icmp_seq=172 ttl=63 time=179 ms
64 bytes from aaaa::212:7404:4:404: icmp_seq=173 ttl=63 time=187 ms
64 bytes from aaaa::212:7404:4:404: icmp_seq=174 ttl=63 time=194 ms
64 bytes from aaaa::212:7404:4:404: icmp_seq=175 ttl=63 time=208 ms
64 bytes from aaaa::212:7404:4:404: icmp_seq=176 ttl=63 time=164 ms
64 bytes from aaaa::212:7404:4:404: icmp_seq=177 ttl=63 time=120 ms
64 bytes from aaaa::212:7404:4:404: icmp_seq=178 ttl=63 time=219 ms
64 bytes from aaaa::212:7404:4:404: icmp_seq=179 ttl=63 time=251 ms
64 bytes from aaaa::212:7404:4:404: icmp_seq=180 ttl=63 time=144 ms
64 bytes from aaaa::212:7404:4:404: icmp_seq=181 ttl=63 time=80.4 ms
64 bytes from aaaa::212:7404:4:404: icmp_seq=182 ttl=63 time=123 ms
64 bytes from aaaa::212:7404:4:404: icmp_seq=183 ttl=63 time=212 ms
64 bytes from aaaa::212:7404:4:404: icmp_seq=184 ttl=63 time=145 ms
64 bytes from aaaa::212:7404:4:404: icmp_seq=185 ttl=63 time=300 ms
64 bytes from aaaa::212:7404:4:404: icmp_seq=186 ttl=63 time=295 ms
64 bytes from aaaa::212:7404:4:404: icmp_seq=187 ttl=63 time=113 ms
64 bytes from aaaa::212:7404:4:404: icmp_seq=188 ttl=63 time=158 ms
64 bytes from aaaa::212:7404:4:404: icmp_seq=189 ttl=63 time=358 ms
64 bytes from aaaa::212:7404:4:404: icmp_seq=190 ttl=63 time=301 ms
64 bytes from aaaa::212:7404:4:404: icmp_seq=191 ttl=63 time=84.9 ms
64 bytes from aaaa::212:7404:4:404: icmp_seq=192 ttl=63 time=1092 ms
64 bytes from aaaa::212:7404:4:404: icmp_seq=193 ttl=63 time=89.7 ms
64 bytes from aaaa::212:7404:4:404: icmp_seq=194 ttl=63 time=128 ms
64 bytes from aaaa::212:7404:4:404: icmp_seq=195 ttl=63 time=345 ms
64 bytes from aaaa::212:7404:4:404: icmp_seq=196 ttl=63 time=438 ms
64 bytes from aaaa::212:7404:4:404: icmp_seq=197 ttl=63 time=135 ms
64 bytes from aaaa::212:7404:4:404: icmp_seq=198 ttl=63 time=400 ms
64 bytes from aaaa::212:7404:4:404: icmp_seq=199 ttl=63 time=149 ms
64 bytes from aaaa::212:7404:4:404: icmp_seq=200 ttl=63 time=172 ms

--- aaaa::212:7404:4:404 ping statistics ---
200 packets transmitted, 123 received, 38% packet loss, time 1006142ms
rtt min/avg/max/mdev = 68.729/215.570/1433.358/197.887 ms
