PING aaaa::212:7405:5:505(aaaa::212:7405:5:505) 56 data bytes
64 bytes from aaaa::212:7405:5:505: icmp_seq=3 ttl=62 time=364 ms
64 bytes from aaaa::212:7405:5:505: icmp_seq=4 ttl=62 time=535 ms
64 bytes from aaaa::212:7405:5:505: icmp_seq=6 ttl=62 time=354 ms
64 bytes from aaaa::212:7405:5:505: icmp_seq=7 ttl=62 time=531 ms
64 bytes from aaaa::212:7405:5:505: icmp_seq=8 ttl=62 time=312 ms
64 bytes from aaaa::212:7405:5:505: icmp_seq=9 ttl=62 time=511 ms
64 bytes from aaaa::212:7405:5:505: icmp_seq=10 ttl=62 time=176 ms
64 bytes from aaaa::212:7405:5:505: icmp_seq=11 ttl=62 time=332 ms
64 bytes from aaaa::212:7405:5:505: icmp_seq=12 ttl=62 time=1927 ms
64 bytes from aaaa::212:7405:5:505: icmp_seq=13 ttl=62 time=1084 ms
64 bytes from aaaa::212:7405:5:505: icmp_seq=14 ttl=62 time=266 ms
64 bytes from aaaa::212:7405:5:505: icmp_seq=15 ttl=62 time=448 ms
64 bytes from aaaa::212:7405:5:505: icmp_seq=16 ttl=62 time=1069 ms
64 bytes from aaaa::212:7405:5:505: icmp_seq=17 ttl=62 time=908 ms
64 bytes from aaaa::212:7405:5:505: icmp_seq=18 ttl=62 time=753 ms
64 bytes from aaaa::212:7405:5:505: icmp_seq=19 ttl=62 time=1303 ms
64 bytes from aaaa::212:7405:5:505: icmp_seq=21 ttl=62 time=1301 ms
64 bytes from aaaa::212:7405:5:505: icmp_seq=22 ttl=62 time=271 ms
64 bytes from aaaa::212:7405:5:505: icmp_seq=23 ttl=62 time=474 ms
64 bytes from aaaa::212:7405:5:505: icmp_seq=24 ttl=62 time=244 ms
64 bytes from aaaa::212:7405:5:505: icmp_seq=25 ttl=62 time=1057 ms
64 bytes from aaaa::212:7405:5:505: icmp_seq=26 ttl=62 time=255 ms
64 bytes from aaaa::212:7405:5:505: icmp_seq=27 ttl=61 time=771 ms
64 bytes from aaaa::212:7405:5:505: icmp_seq=29 ttl=62 time=382 ms
64 bytes from aaaa::212:7405:5:505: icmp_seq=30 ttl=62 time=641 ms
64 bytes from aaaa::212:7405:5:505: icmp_seq=31 ttl=62 time=217 ms
64 bytes from aaaa::212:7405:5:505: icmp_seq=34 ttl=62 time=1356 ms
64 bytes from aaaa::212:7405:5:505: icmp_seq=36 ttl=62 time=529 ms
64 bytes from aaaa::212:7405:5:505: icmp_seq=39 ttl=62 time=179 ms
64 bytes from aaaa::212:7405:5:505: icmp_seq=41 ttl=62 time=472 ms
64 bytes from aaaa::212:7405:5:505: icmp_seq=42 ttl=62 time=741 ms
64 bytes from aaaa::212:7405:5:505: icmp_seq=43 ttl=62 time=3104 ms
64 bytes from aaaa::212:7405:5:505: icmp_seq=45 ttl=62 time=280 ms
64 bytes from aaaa::212:7405:5:505: icmp_seq=46 ttl=62 time=195 ms
64 bytes from aaaa::212:7405:5:505: icmp_seq=47 ttl=62 time=1390 ms
64 bytes from aaaa::212:7405:5:505: icmp_seq=48 ttl=62 time=971 ms
64 bytes from aaaa::212:7405:5:505: icmp_seq=49 ttl=62 time=2025 ms
64 bytes from aaaa::212:7405:5:505: icmp_seq=51 ttl=62 time=778 ms
64 bytes from aaaa::212:7405:5:505: icmp_seq=54 ttl=62 time=349 ms
64 bytes from aaaa::212:7405:5:505: icmp_seq=55 ttl=62 time=766 ms
64 bytes from aaaa::212:7405:5:505: icmp_seq=56 ttl=62 time=314 ms
64 bytes from aaaa::212:7405:5:505: icmp_seq=60 ttl=62 time=629 ms
64 bytes from aaaa::212:7405:5:505: icmp_seq=61 ttl=62 time=261 ms
64 bytes from aaaa::212:7405:5:505: icmp_seq=62 ttl=62 time=281 ms
64 bytes from aaaa::212:7405:5:505: icmp_seq=63 ttl=62 time=311 ms
64 bytes from aaaa::212:7405:5:505: icmp_seq=64 ttl=62 time=258 ms
64 bytes from aaaa::212:7405:5:505: icmp_seq=66 ttl=61 time=1881 ms
64 bytes from aaaa::212:7405:5:505: icmp_seq=67 ttl=61 time=234 ms
64 bytes from aaaa::212:7405:5:505: icmp_seq=69 ttl=61 time=211 ms
64 bytes from aaaa::212:7405:5:505: icmp_seq=70 ttl=61 time=614 ms
64 bytes from aaaa::212:7405:5:505: icmp_seq=71 ttl=61 time=247 ms
64 bytes from aaaa::212:7405:5:505: icmp_seq=72 ttl=61 time=242 ms
64 bytes from aaaa::212:7405:5:505: icmp_seq=73 ttl=62 time=266 ms
64 bytes from aaaa::212:7405:5:505: icmp_seq=74 ttl=62 time=330 ms
64 bytes from aaaa::212:7405:5:505: icmp_seq=76 ttl=62 time=364 ms
64 bytes from aaaa::212:7405:5:505: icmp_seq=77 ttl=62 time=223 ms
64 bytes from aaaa::212:7405:5:505: icmp_seq=78 ttl=62 time=244 ms
64 bytes from aaaa::212:7405:5:505: icmp_seq=79 ttl=62 time=391 ms
64 bytes from aaaa::212:7405:5:505: icmp_seq=80 ttl=62 time=335 ms
64 bytes from aaaa::212:7405:5:505: icmp_seq=81 ttl=62 time=1481 ms
64 bytes from aaaa::212:7405:5:505: icmp_seq=84 ttl=62 time=367 ms
64 bytes from aaaa::212:7405:5:505: icmp_seq=85 ttl=62 time=366 ms
64 bytes from aaaa::212:7405:5:505: icmp_seq=87 ttl=62 time=428 ms
64 bytes from aaaa::212:7405:5:505: icmp_seq=88 ttl=62 time=492 ms
64 bytes from aaaa::212:7405:5:505: icmp_seq=90 ttl=62 time=849 ms
64 bytes from aaaa::212:7405:5:505: icmp_seq=91 ttl=62 time=553 ms
64 bytes from aaaa::212:7405:5:505: icmp_seq=92 ttl=62 time=331 ms
64 bytes from aaaa::212:7405:5:505: icmp_seq=93 ttl=62 time=1072 ms
64 bytes from aaaa::212:7405:5:505: icmp_seq=95 ttl=62 time=790 ms
64 bytes from aaaa::212:7405:5:505: icmp_seq=96 ttl=62 time=816 ms
64 bytes from aaaa::212:7405:5:505: icmp_seq=97 ttl=62 time=197 ms
64 bytes from aaaa::212:7405:5:505: icmp_seq=98 ttl=62 time=1278 ms
64 bytes from aaaa::212:7405:5:505: icmp_seq=100 ttl=62 time=714 ms
64 bytes from aaaa::212:7405:5:505: icmp_seq=101 ttl=62 time=888 ms
64 bytes from aaaa::212:7405:5:505: icmp_seq=103 ttl=62 time=340 ms
64 bytes from aaaa::212:7405:5:505: icmp_seq=104 ttl=62 time=454 ms
64 bytes from aaaa::212:7405:5:505: icmp_seq=106 ttl=62 time=812 ms
64 bytes from aaaa::212:7405:5:505: icmp_seq=108 ttl=62 time=216 ms
64 bytes from aaaa::212:7405:5:505: icmp_seq=109 ttl=62 time=243 ms
64 bytes from aaaa::212:7405:5:505: icmp_seq=110 ttl=62 time=367 ms
64 bytes from aaaa::212:7405:5:505: icmp_seq=111 ttl=62 time=243 ms
64 bytes from aaaa::212:7405:5:505: icmp_seq=112 ttl=62 time=704 ms
64 bytes from aaaa::212:7405:5:505: icmp_seq=113 ttl=62 time=223 ms
64 bytes from aaaa::212:7405:5:505: icmp_seq=114 ttl=62 time=394 ms
64 bytes from aaaa::212:7405:5:505: icmp_seq=115 ttl=61 time=357 ms
64 bytes from aaaa::212:7405:5:505: icmp_seq=118 ttl=61 time=352 ms
64 bytes from aaaa::212:7405:5:505: icmp_seq=119 ttl=61 time=517 ms
64 bytes from aaaa::212:7405:5:505: icmp_seq=122 ttl=62 time=1049 ms
64 bytes from aaaa::212:7405:5:505: icmp_seq=124 ttl=62 time=1009 ms
64 bytes from aaaa::212:7405:5:505: icmp_seq=125 ttl=62 time=517 ms
64 bytes from aaaa::212:7405:5:505: icmp_seq=126 ttl=62 time=1321 ms
64 bytes from aaaa::212:7405:5:505: icmp_seq=127 ttl=62 time=242 ms
64 bytes from aaaa::212:7405:5:505: icmp_seq=128 ttl=62 time=532 ms
64 bytes from aaaa::212:7405:5:505: icmp_seq=129 ttl=62 time=973 ms
64 bytes from aaaa::212:7405:5:505: icmp_seq=130 ttl=62 time=773 ms
64 bytes from aaaa::212:7405:5:505: icmp_seq=131 ttl=62 time=617 ms
64 bytes from aaaa::212:7405:5:505: icmp_seq=133 ttl=62 time=971 ms
64 bytes from aaaa::212:7405:5:505: icmp_seq=134 ttl=62 time=1032 ms
64 bytes from aaaa::212:7405:5:505: icmp_seq=135 ttl=62 time=526 ms
64 bytes from aaaa::212:7405:5:505: icmp_seq=137 ttl=62 time=242 ms
64 bytes from aaaa::212:7405:5:505: icmp_seq=138 ttl=62 time=746 ms
64 bytes from aaaa::212:7405:5:505: icmp_seq=142 ttl=62 time=1032 ms
64 bytes from aaaa::212:7405:5:505: icmp_seq=147 ttl=62 time=2398 ms
64 bytes from aaaa::212:7405:5:505: icmp_seq=148 ttl=62 time=1940 ms
64 bytes from aaaa::212:7405:5:505: icmp_seq=149 ttl=62 time=485 ms
64 bytes from aaaa::212:7405:5:505: icmp_seq=154 ttl=62 time=1179 ms
64 bytes from aaaa::212:7405:5:505: icmp_seq=162 ttl=62 time=666 ms
64 bytes from aaaa::212:7405:5:505: icmp_seq=163 ttl=62 time=1417 ms
64 bytes from aaaa::212:7405:5:505: icmp_seq=173 ttl=62 time=392 ms
64 bytes from aaaa::212:7405:5:505: icmp_seq=174 ttl=62 time=2339 ms
64 bytes from aaaa::212:7405:5:505: icmp_seq=175 ttl=62 time=780 ms
64 bytes from aaaa::212:7405:5:505: icmp_seq=176 ttl=62 time=1663 ms
64 bytes from aaaa::212:7405:5:505: icmp_seq=178 ttl=62 time=1181 ms
64 bytes from aaaa::212:7405:5:505: icmp_seq=179 ttl=62 time=302 ms
64 bytes from aaaa::212:7405:5:505: icmp_seq=180 ttl=62 time=677 ms
64 bytes from aaaa::212:7405:5:505: icmp_seq=181 ttl=62 time=755 ms
64 bytes from aaaa::212:7405:5:505: icmp_seq=182 ttl=62 time=1308 ms
64 bytes from aaaa::212:7405:5:505: icmp_seq=185 ttl=62 time=1175 ms
64 bytes from aaaa::212:7405:5:505: icmp_seq=186 ttl=62 time=265 ms
64 bytes from aaaa::212:7405:5:505: icmp_seq=188 ttl=62 time=1442 ms
64 bytes from aaaa::212:7405:5:505: icmp_seq=190 ttl=62 time=298 ms
64 bytes from aaaa::212:7405:5:505: icmp_seq=192 ttl=62 time=821 ms
64 bytes from aaaa::212:7405:5:505: icmp_seq=193 ttl=62 time=206 ms
64 bytes from aaaa::212:7405:5:505: icmp_seq=194 ttl=62 time=578 ms
64 bytes from aaaa::212:7405:5:505: icmp_seq=195 ttl=62 time=458 ms
64 bytes from aaaa::212:7405:5:505: icmp_seq=196 ttl=62 time=288 ms
64 bytes from aaaa::212:7405:5:505: icmp_seq=198 ttl=62 time=256 ms
64 bytes from aaaa::212:7405:5:505: icmp_seq=199 ttl=62 time=1877 ms
64 bytes from aaaa::212:7405:5:505: icmp_seq=200 ttl=62 time=403 ms

--- aaaa::212:7405:5:505 ping statistics ---
200 packets transmitted, 129 received, 35% packet loss, time 1005294ms
rtt min/avg/max/mdev = 176.236/699.963/3104.633/531.530 ms
