PING aaaa::212:7411:11:1111(aaaa::212:7411:11:1111) 56 data bytes
64 bytes from aaaa::212:7411:11:1111: icmp_seq=2 ttl=59 time=1879 ms
64 bytes from aaaa::212:7411:11:1111: icmp_seq=3 ttl=59 time=837 ms
64 bytes from aaaa::212:7411:11:1111: icmp_seq=6 ttl=59 time=801 ms
64 bytes from aaaa::212:7411:11:1111: icmp_seq=7 ttl=59 time=494 ms
64 bytes from aaaa::212:7411:11:1111: icmp_seq=11 ttl=58 time=1072 ms
64 bytes from aaaa::212:7411:11:1111: icmp_seq=13 ttl=58 time=784 ms
64 bytes from aaaa::212:7411:11:1111: icmp_seq=16 ttl=59 time=352 ms
64 bytes from aaaa::212:7411:11:1111: icmp_seq=17 ttl=59 time=1069 ms
64 bytes from aaaa::212:7411:11:1111: icmp_seq=18 ttl=59 time=413 ms
64 bytes from aaaa::212:7411:11:1111: icmp_seq=19 ttl=59 time=1579 ms
64 bytes from aaaa::212:7411:11:1111: icmp_seq=22 ttl=59 time=563 ms
64 bytes from aaaa::212:7411:11:1111: icmp_seq=25 ttl=58 time=1981 ms
64 bytes from aaaa::212:7411:11:1111: icmp_seq=27 ttl=59 time=836 ms
64 bytes from aaaa::212:7411:11:1111: icmp_seq=28 ttl=58 time=507 ms
64 bytes from aaaa::212:7411:11:1111: icmp_seq=30 ttl=59 time=895 ms
64 bytes from aaaa::212:7411:11:1111: icmp_seq=33 ttl=59 time=525 ms
64 bytes from aaaa::212:7411:11:1111: icmp_seq=36 ttl=59 time=726 ms
64 bytes from aaaa::212:7411:11:1111: icmp_seq=38 ttl=59 time=668 ms
64 bytes from aaaa::212:7411:11:1111: icmp_seq=39 ttl=59 time=795 ms
64 bytes from aaaa::212:7411:11:1111: icmp_seq=41 ttl=59 time=1850 ms
64 bytes from aaaa::212:7411:11:1111: icmp_seq=46 ttl=59 time=633 ms
64 bytes from aaaa::212:7411:11:1111: icmp_seq=47 ttl=59 time=402 ms
64 bytes from aaaa::212:7411:11:1111: icmp_seq=48 ttl=59 time=2695 ms
64 bytes from aaaa::212:7411:11:1111: icmp_seq=51 ttl=59 time=590 ms
64 bytes from aaaa::212:7411:11:1111: icmp_seq=52 ttl=59 time=514 ms
64 bytes from aaaa::212:7411:11:1111: icmp_seq=54 ttl=59 time=559 ms
64 bytes from aaaa::212:7411:11:1111: icmp_seq=55 ttl=58 time=1283 ms
64 bytes from aaaa::212:7411:11:1111: icmp_seq=56 ttl=58 time=3336 ms
64 bytes from aaaa::212:7411:11:1111: icmp_seq=57 ttl=58 time=395 ms
64 bytes from aaaa::212:7411:11:1111: icmp_seq=59 ttl=58 time=651 ms
64 bytes from aaaa::212:7411:11:1111: icmp_seq=60 ttl=58 time=323 ms
64 bytes from aaaa::212:7411:11:1111: icmp_seq=61 ttl=58 time=320 ms
64 bytes from aaaa::212:7411:11:1111: icmp_seq=67 ttl=59 time=649 ms
64 bytes from aaaa::212:7411:11:1111: icmp_seq=68 ttl=59 time=317 ms
64 bytes from aaaa::212:7411:11:1111: icmp_seq=69 ttl=59 time=292 ms
64 bytes from aaaa::212:7411:11:1111: icmp_seq=70 ttl=59 time=487 ms
64 bytes from aaaa::212:7411:11:1111: icmp_seq=72 ttl=59 time=825 ms
64 bytes from aaaa::212:7411:11:1111: icmp_seq=73 ttl=59 time=293 ms
64 bytes from aaaa::212:7411:11:1111: icmp_seq=74 ttl=59 time=1586 ms
64 bytes from aaaa::212:7411:11:1111: icmp_seq=75 ttl=59 time=423 ms
64 bytes from aaaa::212:7411:11:1111: icmp_seq=79 ttl=59 time=477 ms
64 bytes from aaaa::212:7411:11:1111: icmp_seq=80 ttl=59 time=443 ms
64 bytes from aaaa::212:7411:11:1111: icmp_seq=81 ttl=59 time=907 ms
64 bytes from aaaa::212:7411:11:1111: icmp_seq=82 ttl=59 time=369 ms
64 bytes from aaaa::212:7411:11:1111: icmp_seq=83 ttl=59 time=806 ms
64 bytes from aaaa::212:7411:11:1111: icmp_seq=85 ttl=59 time=331 ms
64 bytes from aaaa::212:7411:11:1111: icmp_seq=86 ttl=59 time=876 ms
64 bytes from aaaa::212:7411:11:1111: icmp_seq=92 ttl=59 time=612 ms
64 bytes from aaaa::212:7411:11:1111: icmp_seq=93 ttl=59 time=687 ms
64 bytes from aaaa::212:7411:11:1111: icmp_seq=94 ttl=59 time=590 ms
64 bytes from aaaa::212:7411:11:1111: icmp_seq=97 ttl=59 time=1052 ms
64 bytes from aaaa::212:7411:11:1111: icmp_seq=98 ttl=59 time=339 ms
64 bytes from aaaa::212:7411:11:1111: icmp_seq=99 ttl=59 time=689 ms
64 bytes from aaaa::212:7411:11:1111: icmp_seq=105 ttl=59 time=841 ms
64 bytes from aaaa::212:7411:11:1111: icmp_seq=106 ttl=59 time=599 ms
64 bytes from aaaa::212:7411:11:1111: icmp_seq=107 ttl=59 time=857 ms
64 bytes from aaaa::212:7411:11:1111: icmp_seq=109 ttl=59 time=688 ms
64 bytes from aaaa::212:7411:11:1111: icmp_seq=111 ttl=59 time=2092 ms
64 bytes from aaaa::212:7411:11:1111: icmp_seq=113 ttl=59 time=699 ms
64 bytes from aaaa::212:7411:11:1111: icmp_seq=114 ttl=59 time=1827 ms
64 bytes from aaaa::212:7411:11:1111: icmp_seq=115 ttl=59 time=1899 ms
64 bytes from aaaa::212:7411:11:1111: icmp_seq=116 ttl=59 time=1249 ms
64 bytes from aaaa::212:7411:11:1111: icmp_seq=118 ttl=59 time=491 ms
64 bytes from aaaa::212:7411:11:1111: icmp_seq=122 ttl=59 time=647 ms
64 bytes from aaaa::212:7411:11:1111: icmp_seq=124 ttl=59 time=360 ms
64 bytes from aaaa::212:7411:11:1111: icmp_seq=126 ttl=59 time=502 ms
64 bytes from aaaa::212:7411:11:1111: icmp_seq=127 ttl=59 time=940 ms
64 bytes from aaaa::212:7411:11:1111: icmp_seq=128 ttl=59 time=1720 ms
64 bytes from aaaa::212:7411:11:1111: icmp_seq=129 ttl=59 time=1111 ms
64 bytes from aaaa::212:7411:11:1111: icmp_seq=132 ttl=59 time=590 ms
64 bytes from aaaa::212:7411:11:1111: icmp_seq=133 ttl=59 time=619 ms
64 bytes from aaaa::212:7411:11:1111: icmp_seq=135 ttl=59 time=455 ms
64 bytes from aaaa::212:7411:11:1111: icmp_seq=136 ttl=59 time=397 ms
64 bytes from aaaa::212:7411:11:1111: icmp_seq=137 ttl=59 time=622 ms
64 bytes from aaaa::212:7411:11:1111: icmp_seq=138 ttl=59 time=542 ms
64 bytes from aaaa::212:7411:11:1111: icmp_seq=139 ttl=59 time=915 ms
64 bytes from aaaa::212:7411:11:1111: icmp_seq=140 ttl=59 time=898 ms
64 bytes from aaaa::212:7411:11:1111: icmp_seq=141 ttl=59 time=476 ms
64 bytes from aaaa::212:7411:11:1111: icmp_seq=142 ttl=59 time=435 ms
64 bytes from aaaa::212:7411:11:1111: icmp_seq=144 ttl=59 time=442 ms
64 bytes from aaaa::212:7411:11:1111: icmp_seq=146 ttl=59 time=429 ms
64 bytes from aaaa::212:7411:11:1111: icmp_seq=147 ttl=59 time=522 ms
64 bytes from aaaa::212:7411:11:1111: icmp_seq=148 ttl=59 time=579 ms
64 bytes from aaaa::212:7411:11:1111: icmp_seq=149 ttl=59 time=323 ms
64 bytes from aaaa::212:7411:11:1111: icmp_seq=150 ttl=59 time=897 ms
64 bytes from aaaa::212:7411:11:1111: icmp_seq=151 ttl=59 time=325 ms
64 bytes from aaaa::212:7411:11:1111: icmp_seq=152 ttl=59 time=562 ms
64 bytes from aaaa::212:7411:11:1111: icmp_seq=153 ttl=59 time=1192 ms
64 bytes from aaaa::212:7411:11:1111: icmp_seq=154 ttl=59 time=360 ms
64 bytes from aaaa::212:7411:11:1111: icmp_seq=155 ttl=59 time=429 ms
64 bytes from aaaa::212:7411:11:1111: icmp_seq=156 ttl=59 time=324 ms
64 bytes from aaaa::212:7411:11:1111: icmp_seq=157 ttl=59 time=299 ms
64 bytes from aaaa::212:7411:11:1111: icmp_seq=158 ttl=59 time=411 ms
64 bytes from aaaa::212:7411:11:1111: icmp_seq=159 ttl=59 time=334 ms
64 bytes from aaaa::212:7411:11:1111: icmp_seq=160 ttl=59 time=313 ms
64 bytes from aaaa::212:7411:11:1111: icmp_seq=161 ttl=59 time=384 ms
64 bytes from aaaa::212:7411:11:1111: icmp_seq=162 ttl=59 time=297 ms
64 bytes from aaaa::212:7411:11:1111: icmp_seq=163 ttl=59 time=415 ms
64 bytes from aaaa::212:7411:11:1111: icmp_seq=164 ttl=59 time=354 ms
64 bytes from aaaa::212:7411:11:1111: icmp_seq=165 ttl=59 time=373 ms
64 bytes from aaaa::212:7411:11:1111: icmp_seq=166 ttl=59 time=327 ms
64 bytes from aaaa::212:7411:11:1111: icmp_seq=167 ttl=59 time=326 ms
64 bytes from aaaa::212:7411:11:1111: icmp_seq=168 ttl=59 time=315 ms
64 bytes from aaaa::212:7411:11:1111: icmp_seq=169 ttl=59 time=323 ms
64 bytes from aaaa::212:7411:11:1111: icmp_seq=170 ttl=59 time=330 ms
64 bytes from aaaa::212:7411:11:1111: icmp_seq=171 ttl=59 time=318 ms
64 bytes from aaaa::212:7411:11:1111: icmp_seq=172 ttl=59 time=322 ms
64 bytes from aaaa::212:7411:11:1111: icmp_seq=173 ttl=59 time=317 ms
64 bytes from aaaa::212:7411:11:1111: icmp_seq=174 ttl=59 time=320 ms
64 bytes from aaaa::212:7411:11:1111: icmp_seq=175 ttl=59 time=503 ms
64 bytes from aaaa::212:7411:11:1111: icmp_seq=176 ttl=59 time=316 ms
64 bytes from aaaa::212:7411:11:1111: icmp_seq=177 ttl=59 time=476 ms
64 bytes from aaaa::212:7411:11:1111: icmp_seq=178 ttl=59 time=303 ms
64 bytes from aaaa::212:7411:11:1111: icmp_seq=179 ttl=59 time=283 ms
64 bytes from aaaa::212:7411:11:1111: icmp_seq=180 ttl=59 time=608 ms
64 bytes from aaaa::212:7411:11:1111: icmp_seq=181 ttl=59 time=306 ms
64 bytes from aaaa::212:7411:11:1111: icmp_seq=183 ttl=59 time=245 ms
64 bytes from aaaa::212:7411:11:1111: icmp_seq=184 ttl=59 time=826 ms
64 bytes from aaaa::212:7411:11:1111: icmp_seq=186 ttl=59 time=361 ms
64 bytes from aaaa::212:7411:11:1111: icmp_seq=187 ttl=59 time=319 ms
64 bytes from aaaa::212:7411:11:1111: icmp_seq=188 ttl=59 time=368 ms
64 bytes from aaaa::212:7411:11:1111: icmp_seq=189 ttl=59 time=380 ms
64 bytes from aaaa::212:7411:11:1111: icmp_seq=190 ttl=59 time=273 ms
64 bytes from aaaa::212:7411:11:1111: icmp_seq=191 ttl=59 time=850 ms
64 bytes from aaaa::212:7411:11:1111: icmp_seq=192 ttl=59 time=332 ms
64 bytes from aaaa::212:7411:11:1111: icmp_seq=194 ttl=59 time=281 ms
64 bytes from aaaa::212:7411:11:1111: icmp_seq=195 ttl=59 time=255 ms
64 bytes from aaaa::212:7411:11:1111: icmp_seq=197 ttl=59 time=327 ms
64 bytes from aaaa::212:7411:11:1111: icmp_seq=198 ttl=59 time=294 ms
64 bytes from aaaa::212:7411:11:1111: icmp_seq=199 ttl=59 time=284 ms
64 bytes from aaaa::212:7411:11:1111: icmp_seq=200 ttl=59 time=286 ms

--- aaaa::212:7411:11:1111 ping statistics ---
200 packets transmitted, 131 received, 34% packet loss, time 1005442ms
rtt min/avg/max/mdev = 245.692/662.981/3336.773/499.921 ms
