PING aaaa::212:7407:7:707(aaaa::212:7407:7:707) 56 data bytes
64 bytes from aaaa::212:7407:7:707: icmp_seq=2 ttl=62 time=499 ms
64 bytes from aaaa::212:7407:7:707: icmp_seq=3 ttl=62 time=954 ms
64 bytes from aaaa::212:7407:7:707: icmp_seq=4 ttl=62 time=1428 ms
64 bytes from aaaa::212:7407:7:707: icmp_seq=7 ttl=62 time=184 ms
64 bytes from aaaa::212:7407:7:707: icmp_seq=8 ttl=62 time=195 ms
64 bytes from aaaa::212:7407:7:707: icmp_seq=9 ttl=62 time=352 ms
64 bytes from aaaa::212:7407:7:707: icmp_seq=11 ttl=62 time=389 ms
64 bytes from aaaa::212:7407:7:707: icmp_seq=12 ttl=62 time=527 ms
64 bytes from aaaa::212:7407:7:707: icmp_seq=14 ttl=62 time=487 ms
64 bytes from aaaa::212:7407:7:707: icmp_seq=15 ttl=62 time=364 ms
64 bytes from aaaa::212:7407:7:707: icmp_seq=16 ttl=62 time=411 ms
64 bytes from aaaa::212:7407:7:707: icmp_seq=17 ttl=62 time=305 ms
64 bytes from aaaa::212:7407:7:707: icmp_seq=18 ttl=62 time=181 ms
64 bytes from aaaa::212:7407:7:707: icmp_seq=19 ttl=62 time=626 ms
64 bytes from aaaa::212:7407:7:707: icmp_seq=20 ttl=62 time=1345 ms
64 bytes from aaaa::212:7407:7:707: icmp_seq=21 ttl=62 time=834 ms
64 bytes from aaaa::212:7407:7:707: icmp_seq=22 ttl=62 time=392 ms
64 bytes from aaaa::212:7407:7:707: icmp_seq=23 ttl=62 time=223 ms
64 bytes from aaaa::212:7407:7:707: icmp_seq=24 ttl=62 time=1028 ms
64 bytes from aaaa::212:7407:7:707: icmp_seq=25 ttl=62 time=339 ms
64 bytes from aaaa::212:7407:7:707: icmp_seq=28 ttl=62 time=413 ms
64 bytes from aaaa::212:7407:7:707: icmp_seq=29 ttl=62 time=1995 ms
64 bytes from aaaa::212:7407:7:707: icmp_seq=30 ttl=62 time=867 ms
64 bytes from aaaa::212:7407:7:707: icmp_seq=31 ttl=62 time=986 ms
64 bytes from aaaa::212:7407:7:707: icmp_seq=33 ttl=61 time=1209 ms
64 bytes from aaaa::212:7407:7:707: icmp_seq=35 ttl=62 time=1598 ms
64 bytes from aaaa::212:7407:7:707: icmp_seq=37 ttl=62 time=965 ms
64 bytes from aaaa::212:7407:7:707: icmp_seq=38 ttl=62 time=749 ms
64 bytes from aaaa::212:7407:7:707: icmp_seq=39 ttl=62 time=947 ms
64 bytes from aaaa::212:7407:7:707: icmp_seq=40 ttl=62 time=796 ms
64 bytes from aaaa::212:7407:7:707: icmp_seq=42 ttl=62 time=831 ms
64 bytes from aaaa::212:7407:7:707: icmp_seq=48 ttl=62 time=1278 ms
64 bytes from aaaa::212:7407:7:707: icmp_seq=64 ttl=62 time=182 ms
64 bytes from aaaa::212:7407:7:707: icmp_seq=76 ttl=62 time=380 ms
64 bytes from aaaa::212:7407:7:707: icmp_seq=79 ttl=62 time=378 ms
64 bytes from aaaa::212:7407:7:707: icmp_seq=82 ttl=62 time=502 ms
64 bytes from aaaa::212:7407:7:707: icmp_seq=83 ttl=62 time=405 ms
64 bytes from aaaa::212:7407:7:707: icmp_seq=84 ttl=62 time=293 ms
64 bytes from aaaa::212:7407:7:707: icmp_seq=85 ttl=62 time=2036 ms
64 bytes from aaaa::212:7407:7:707: icmp_seq=92 ttl=62 time=316 ms
64 bytes from aaaa::212:7407:7:707: icmp_seq=93 ttl=62 time=594 ms
64 bytes from aaaa::212:7407:7:707: icmp_seq=94 ttl=62 time=285 ms
64 bytes from aaaa::212:7407:7:707: icmp_seq=95 ttl=62 time=306 ms
64 bytes from aaaa::212:7407:7:707: icmp_seq=96 ttl=62 time=521 ms
64 bytes from aaaa::212:7407:7:707: icmp_seq=97 ttl=62 time=191 ms
64 bytes from aaaa::212:7407:7:707: icmp_seq=98 ttl=62 time=898 ms
64 bytes from aaaa::212:7407:7:707: icmp_seq=99 ttl=62 time=370 ms
64 bytes from aaaa::212:7407:7:707: icmp_seq=100 ttl=62 time=379 ms
64 bytes from aaaa::212:7407:7:707: icmp_seq=101 ttl=62 time=825 ms
64 bytes from aaaa::212:7407:7:707: icmp_seq=102 ttl=62 time=469 ms
64 bytes from aaaa::212:7407:7:707: icmp_seq=103 ttl=62 time=593 ms
64 bytes from aaaa::212:7407:7:707: icmp_seq=104 ttl=62 time=261 ms
64 bytes from aaaa::212:7407:7:707: icmp_seq=106 ttl=62 time=637 ms
64 bytes from aaaa::212:7407:7:707: icmp_seq=107 ttl=62 time=221 ms
64 bytes from aaaa::212:7407:7:707: icmp_seq=108 ttl=62 time=190 ms
64 bytes from aaaa::212:7407:7:707: icmp_seq=109 ttl=62 time=175 ms
64 bytes from aaaa::212:7407:7:707: icmp_seq=110 ttl=62 time=184 ms
64 bytes from aaaa::212:7407:7:707: icmp_seq=111 ttl=62 time=248 ms
64 bytes from aaaa::212:7407:7:707: icmp_seq=112 ttl=62 time=207 ms
64 bytes from aaaa::212:7407:7:707: icmp_seq=113 ttl=62 time=219 ms
64 bytes from aaaa::212:7407:7:707: icmp_seq=114 ttl=62 time=456 ms
64 bytes from aaaa::212:7407:7:707: icmp_seq=115 ttl=62 time=1783 ms
64 bytes from aaaa::212:7407:7:707: icmp_seq=116 ttl=62 time=1022 ms
64 bytes from aaaa::212:7407:7:707: icmp_seq=117 ttl=62 time=628 ms
64 bytes from aaaa::212:7407:7:707: icmp_seq=118 ttl=62 time=524 ms
64 bytes from aaaa::212:7407:7:707: icmp_seq=119 ttl=62 time=401 ms
64 bytes from aaaa::212:7407:7:707: icmp_seq=121 ttl=62 time=439 ms
64 bytes from aaaa::212:7407:7:707: icmp_seq=122 ttl=62 time=690 ms
64 bytes from aaaa::212:7407:7:707: icmp_seq=123 ttl=62 time=796 ms
64 bytes from aaaa::212:7407:7:707: icmp_seq=124 ttl=62 time=156 ms
64 bytes from aaaa::212:7407:7:707: icmp_seq=126 ttl=62 time=326 ms
64 bytes from aaaa::212:7407:7:707: icmp_seq=127 ttl=62 time=716 ms
64 bytes from aaaa::212:7407:7:707: icmp_seq=128 ttl=62 time=3699 ms
64 bytes from aaaa::212:7407:7:707: icmp_seq=129 ttl=62 time=339 ms
64 bytes from aaaa::212:7407:7:707: icmp_seq=136 ttl=62 time=425 ms
64 bytes from aaaa::212:7407:7:707: icmp_seq=139 ttl=62 time=385 ms
64 bytes from aaaa::212:7407:7:707: icmp_seq=140 ttl=62 time=728 ms
64 bytes from aaaa::212:7407:7:707: icmp_seq=141 ttl=62 time=611 ms
64 bytes from aaaa::212:7407:7:707: icmp_seq=142 ttl=62 time=178 ms
64 bytes from aaaa::212:7407:7:707: icmp_seq=145 ttl=61 time=1450 ms
64 bytes from aaaa::212:7407:7:707: icmp_seq=146 ttl=61 time=833 ms
64 bytes from aaaa::212:7407:7:707: icmp_seq=149 ttl=61 time=352 ms
64 bytes from aaaa::212:7407:7:707: icmp_seq=150 ttl=62 time=2608 ms
64 bytes from aaaa::212:7407:7:707: icmp_seq=153 ttl=62 time=2246 ms
64 bytes from aaaa::212:7407:7:707: icmp_seq=154 ttl=62 time=564 ms
64 bytes from aaaa::212:7407:7:707: icmp_seq=155 ttl=62 time=286 ms
64 bytes from aaaa::212:7407:7:707: icmp_seq=156 ttl=62 time=298 ms
64 bytes from aaaa::212:7407:7:707: icmp_seq=159 ttl=62 time=1012 ms
64 bytes from aaaa::212:7407:7:707: icmp_seq=161 ttl=62 time=224 ms
64 bytes from aaaa::212:7407:7:707: icmp_seq=162 ttl=62 time=786 ms
64 bytes from aaaa::212:7407:7:707: icmp_seq=164 ttl=62 time=331 ms
64 bytes from aaaa::212:7407:7:707: icmp_seq=167 ttl=62 time=409 ms
64 bytes from aaaa::212:7407:7:707: icmp_seq=168 ttl=62 time=264 ms
64 bytes from aaaa::212:7407:7:707: icmp_seq=170 ttl=62 time=1022 ms
64 bytes from aaaa::212:7407:7:707: icmp_seq=171 ttl=62 time=626 ms
64 bytes from aaaa::212:7407:7:707: icmp_seq=182 ttl=62 time=514 ms
64 bytes from aaaa::212:7407:7:707: icmp_seq=183 ttl=62 time=606 ms
64 bytes from aaaa::212:7407:7:707: icmp_seq=184 ttl=62 time=281 ms
64 bytes from aaaa::212:7407:7:707: icmp_seq=186 ttl=62 time=1146 ms
64 bytes from aaaa::212:7407:7:707: icmp_seq=187 ttl=62 time=697 ms
64 bytes from aaaa::212:7407:7:707: icmp_seq=188 ttl=62 time=2097 ms
64 bytes from aaaa::212:7407:7:707: icmp_seq=189 ttl=62 time=404 ms
64 bytes from aaaa::212:7407:7:707: icmp_seq=190 ttl=62 time=338 ms
64 bytes from aaaa::212:7407:7:707: icmp_seq=192 ttl=62 time=705 ms
64 bytes from aaaa::212:7407:7:707: icmp_seq=193 ttl=62 time=980 ms
64 bytes from aaaa::212:7407:7:707: icmp_seq=194 ttl=62 time=350 ms
64 bytes from aaaa::212:7407:7:707: icmp_seq=195 ttl=62 time=185 ms
64 bytes from aaaa::212:7407:7:707: icmp_seq=196 ttl=62 time=1630 ms
64 bytes from aaaa::212:7407:7:707: icmp_seq=197 ttl=62 time=236 ms
64 bytes from aaaa::212:7407:7:707: icmp_seq=200 ttl=62 time=362 ms

--- aaaa::212:7407:7:707 ping statistics ---
200 packets transmitted, 110 received, 45% packet loss, time 1007109ms
rtt min/avg/max/mdev = 156.402/674.207/3699.577/569.938 ms
