PING aaaa::212:740f:f:f0f(aaaa::212:740f:f:f0f) 56 data bytes
64 bytes from aaaa::212:740f:f:f0f: icmp_seq=2 ttl=60 time=839 ms
64 bytes from aaaa::212:740f:f:f0f: icmp_seq=3 ttl=60 time=854 ms
64 bytes from aaaa::212:740f:f:f0f: icmp_seq=4 ttl=60 time=782 ms
64 bytes from aaaa::212:740f:f:f0f: icmp_seq=5 ttl=60 time=594 ms
64 bytes from aaaa::212:740f:f:f0f: icmp_seq=14 ttl=60 time=1061 ms
64 bytes from aaaa::212:740f:f:f0f: icmp_seq=15 ttl=60 time=627 ms
64 bytes from aaaa::212:740f:f:f0f: icmp_seq=16 ttl=60 time=723 ms
64 bytes from aaaa::212:740f:f:f0f: icmp_seq=17 ttl=60 time=368 ms
64 bytes from aaaa::212:740f:f:f0f: icmp_seq=18 ttl=60 time=1104 ms
64 bytes from aaaa::212:740f:f:f0f: icmp_seq=20 ttl=60 time=1032 ms
64 bytes from aaaa::212:740f:f:f0f: icmp_seq=21 ttl=60 time=538 ms
64 bytes from aaaa::212:740f:f:f0f: icmp_seq=22 ttl=60 time=642 ms
64 bytes from aaaa::212:740f:f:f0f: icmp_seq=23 ttl=60 time=582 ms
64 bytes from aaaa::212:740f:f:f0f: icmp_seq=24 ttl=60 time=493 ms
64 bytes from aaaa::212:740f:f:f0f: icmp_seq=25 ttl=60 time=830 ms
64 bytes from aaaa::212:740f:f:f0f: icmp_seq=26 ttl=60 time=671 ms
64 bytes from aaaa::212:740f:f:f0f: icmp_seq=27 ttl=60 time=422 ms
64 bytes from aaaa::212:740f:f:f0f: icmp_seq=28 ttl=60 time=524 ms
64 bytes from aaaa::212:740f:f:f0f: icmp_seq=29 ttl=60 time=666 ms
64 bytes from aaaa::212:740f:f:f0f: icmp_seq=30 ttl=60 time=645 ms
64 bytes from aaaa::212:740f:f:f0f: icmp_seq=31 ttl=60 time=671 ms
64 bytes from aaaa::212:740f:f:f0f: icmp_seq=32 ttl=60 time=518 ms
64 bytes from aaaa::212:740f:f:f0f: icmp_seq=33 ttl=60 time=556 ms
64 bytes from aaaa::212:740f:f:f0f: icmp_seq=34 ttl=60 time=514 ms
64 bytes from aaaa::212:740f:f:f0f: icmp_seq=35 ttl=60 time=782 ms
64 bytes from aaaa::212:740f:f:f0f: icmp_seq=37 ttl=60 time=660 ms
64 bytes from aaaa::212:740f:f:f0f: icmp_seq=38 ttl=60 time=634 ms
64 bytes from aaaa::212:740f:f:f0f: icmp_seq=39 ttl=60 time=625 ms
64 bytes from aaaa::212:740f:f:f0f: icmp_seq=40 ttl=60 time=727 ms
64 bytes from aaaa::212:740f:f:f0f: icmp_seq=41 ttl=60 time=656 ms
64 bytes from aaaa::212:740f:f:f0f: icmp_seq=42 ttl=60 time=600 ms
64 bytes from aaaa::212:740f:f:f0f: icmp_seq=43 ttl=60 time=567 ms
64 bytes from aaaa::212:740f:f:f0f: icmp_seq=44 ttl=60 time=684 ms
64 bytes from aaaa::212:740f:f:f0f: icmp_seq=45 ttl=60 time=675 ms
64 bytes from aaaa::212:740f:f:f0f: icmp_seq=46 ttl=60 time=1270 ms
64 bytes from aaaa::212:740f:f:f0f: icmp_seq=47 ttl=60 time=658 ms
64 bytes from aaaa::212:740f:f:f0f: icmp_seq=48 ttl=60 time=765 ms
64 bytes from aaaa::212:740f:f:f0f: icmp_seq=49 ttl=60 time=581 ms
64 bytes from aaaa::212:740f:f:f0f: icmp_seq=51 ttl=60 time=514 ms
64 bytes from aaaa::212:740f:f:f0f: icmp_seq=52 ttl=60 time=980 ms
64 bytes from aaaa::212:740f:f:f0f: icmp_seq=53 ttl=60 time=556 ms
64 bytes from aaaa::212:740f:f:f0f: icmp_seq=54 ttl=60 time=1806 ms
64 bytes from aaaa::212:740f:f:f0f: icmp_seq=55 ttl=60 time=960 ms
64 bytes from aaaa::212:740f:f:f0f: icmp_seq=56 ttl=60 time=2002 ms
64 bytes from aaaa::212:740f:f:f0f: icmp_seq=60 ttl=60 time=2429 ms
64 bytes from aaaa::212:740f:f:f0f: icmp_seq=61 ttl=60 time=1010 ms
64 bytes from aaaa::212:740f:f:f0f: icmp_seq=62 ttl=60 time=726 ms
64 bytes from aaaa::212:740f:f:f0f: icmp_seq=63 ttl=60 time=545 ms
64 bytes from aaaa::212:740f:f:f0f: icmp_seq=64 ttl=60 time=1094 ms
64 bytes from aaaa::212:740f:f:f0f: icmp_seq=65 ttl=60 time=501 ms
64 bytes from aaaa::212:740f:f:f0f: icmp_seq=66 ttl=60 time=524 ms
64 bytes from aaaa::212:740f:f:f0f: icmp_seq=67 ttl=60 time=466 ms
64 bytes from aaaa::212:740f:f:f0f: icmp_seq=68 ttl=60 time=673 ms
64 bytes from aaaa::212:740f:f:f0f: icmp_seq=69 ttl=60 time=418 ms
64 bytes from aaaa::212:740f:f:f0f: icmp_seq=70 ttl=60 time=795 ms
64 bytes from aaaa::212:740f:f:f0f: icmp_seq=72 ttl=60 time=528 ms
64 bytes from aaaa::212:740f:f:f0f: icmp_seq=73 ttl=60 time=524 ms
64 bytes from aaaa::212:740f:f:f0f: icmp_seq=75 ttl=60 time=669 ms
64 bytes from aaaa::212:740f:f:f0f: icmp_seq=77 ttl=60 time=1491 ms
64 bytes from aaaa::212:740f:f:f0f: icmp_seq=78 ttl=60 time=1074 ms
64 bytes from aaaa::212:740f:f:f0f: icmp_seq=79 ttl=60 time=1144 ms
64 bytes from aaaa::212:740f:f:f0f: icmp_seq=80 ttl=60 time=366 ms
64 bytes from aaaa::212:740f:f:f0f: icmp_seq=81 ttl=60 time=968 ms
64 bytes from aaaa::212:740f:f:f0f: icmp_seq=82 ttl=60 time=1188 ms
64 bytes from aaaa::212:740f:f:f0f: icmp_seq=83 ttl=60 time=1230 ms
64 bytes from aaaa::212:740f:f:f0f: icmp_seq=89 ttl=60 time=976 ms
64 bytes from aaaa::212:740f:f:f0f: icmp_seq=97 ttl=60 time=811 ms
64 bytes from aaaa::212:740f:f:f0f: icmp_seq=98 ttl=60 time=940 ms
64 bytes from aaaa::212:740f:f:f0f: icmp_seq=100 ttl=60 time=1535 ms
64 bytes from aaaa::212:740f:f:f0f: icmp_seq=101 ttl=60 time=840 ms
64 bytes from aaaa::212:740f:f:f0f: icmp_seq=103 ttl=60 time=545 ms
64 bytes from aaaa::212:740f:f:f0f: icmp_seq=104 ttl=60 time=741 ms
64 bytes from aaaa::212:740f:f:f0f: icmp_seq=105 ttl=60 time=1504 ms
64 bytes from aaaa::212:740f:f:f0f: icmp_seq=106 ttl=60 time=519 ms
64 bytes from aaaa::212:740f:f:f0f: icmp_seq=107 ttl=60 time=994 ms
64 bytes from aaaa::212:740f:f:f0f: icmp_seq=108 ttl=60 time=1234 ms
64 bytes from aaaa::212:740f:f:f0f: icmp_seq=109 ttl=60 time=601 ms
64 bytes from aaaa::212:740f:f:f0f: icmp_seq=110 ttl=60 time=642 ms
64 bytes from aaaa::212:740f:f:f0f: icmp_seq=111 ttl=60 time=735 ms
64 bytes from aaaa::212:740f:f:f0f: icmp_seq=112 ttl=60 time=502 ms
64 bytes from aaaa::212:740f:f:f0f: icmp_seq=113 ttl=60 time=1338 ms
64 bytes from aaaa::212:740f:f:f0f: icmp_seq=114 ttl=60 time=1013 ms
64 bytes from aaaa::212:740f:f:f0f: icmp_seq=115 ttl=60 time=1085 ms
64 bytes from aaaa::212:740f:f:f0f: icmp_seq=116 ttl=60 time=314 ms
64 bytes from aaaa::212:740f:f:f0f: icmp_seq=117 ttl=60 time=758 ms
64 bytes from aaaa::212:740f:f:f0f: icmp_seq=118 ttl=60 time=426 ms
64 bytes from aaaa::212:740f:f:f0f: icmp_seq=119 ttl=60 time=493 ms
64 bytes from aaaa::212:740f:f:f0f: icmp_seq=120 ttl=60 time=646 ms
64 bytes from aaaa::212:740f:f:f0f: icmp_seq=121 ttl=60 time=391 ms
64 bytes from aaaa::212:740f:f:f0f: icmp_seq=122 ttl=60 time=613 ms
64 bytes from aaaa::212:740f:f:f0f: icmp_seq=123 ttl=60 time=431 ms
64 bytes from aaaa::212:740f:f:f0f: icmp_seq=124 ttl=60 time=576 ms
64 bytes from aaaa::212:740f:f:f0f: icmp_seq=125 ttl=60 time=324 ms
64 bytes from aaaa::212:740f:f:f0f: icmp_seq=126 ttl=60 time=534 ms
64 bytes from aaaa::212:740f:f:f0f: icmp_seq=127 ttl=60 time=421 ms
64 bytes from aaaa::212:740f:f:f0f: icmp_seq=128 ttl=60 time=364 ms
64 bytes from aaaa::212:740f:f:f0f: icmp_seq=129 ttl=60 time=367 ms
64 bytes from aaaa::212:740f:f:f0f: icmp_seq=130 ttl=60 time=378 ms
64 bytes from aaaa::212:740f:f:f0f: icmp_seq=131 ttl=60 time=340 ms
64 bytes from aaaa::212:740f:f:f0f: icmp_seq=132 ttl=60 time=418 ms
64 bytes from aaaa::212:740f:f:f0f: icmp_seq=133 ttl=60 time=1093 ms
64 bytes from aaaa::212:740f:f:f0f: icmp_seq=134 ttl=60 time=591 ms
64 bytes from aaaa::212:740f:f:f0f: icmp_seq=135 ttl=60 time=1690 ms
64 bytes from aaaa::212:740f:f:f0f: icmp_seq=136 ttl=60 time=1147 ms
64 bytes from aaaa::212:740f:f:f0f: icmp_seq=137 ttl=60 time=475 ms
64 bytes from aaaa::212:740f:f:f0f: icmp_seq=138 ttl=60 time=536 ms
64 bytes from aaaa::212:740f:f:f0f: icmp_seq=165 ttl=60 time=428 ms
64 bytes from aaaa::212:740f:f:f0f: icmp_seq=166 ttl=60 time=668 ms
64 bytes from aaaa::212:740f:f:f0f: icmp_seq=167 ttl=60 time=497 ms
64 bytes from aaaa::212:740f:f:f0f: icmp_seq=169 ttl=60 time=648 ms
64 bytes from aaaa::212:740f:f:f0f: icmp_seq=170 ttl=60 time=344 ms
64 bytes from aaaa::212:740f:f:f0f: icmp_seq=171 ttl=60 time=411 ms
64 bytes from aaaa::212:740f:f:f0f: icmp_seq=172 ttl=60 time=411 ms
64 bytes from aaaa::212:740f:f:f0f: icmp_seq=173 ttl=60 time=377 ms
64 bytes from aaaa::212:740f:f:f0f: icmp_seq=174 ttl=60 time=335 ms
64 bytes from aaaa::212:740f:f:f0f: icmp_seq=175 ttl=60 time=376 ms
64 bytes from aaaa::212:740f:f:f0f: icmp_seq=176 ttl=60 time=402 ms
64 bytes from aaaa::212:740f:f:f0f: icmp_seq=177 ttl=60 time=375 ms
64 bytes from aaaa::212:740f:f:f0f: icmp_seq=178 ttl=60 time=336 ms
64 bytes from aaaa::212:740f:f:f0f: icmp_seq=179 ttl=60 time=431 ms
64 bytes from aaaa::212:740f:f:f0f: icmp_seq=180 ttl=60 time=416 ms
64 bytes from aaaa::212:740f:f:f0f: icmp_seq=181 ttl=60 time=418 ms
64 bytes from aaaa::212:740f:f:f0f: icmp_seq=182 ttl=60 time=383 ms
64 bytes from aaaa::212:740f:f:f0f: icmp_seq=183 ttl=60 time=466 ms
64 bytes from aaaa::212:740f:f:f0f: icmp_seq=184 ttl=60 time=662 ms
64 bytes from aaaa::212:740f:f:f0f: icmp_seq=185 ttl=60 time=483 ms
64 bytes from aaaa::212:740f:f:f0f: icmp_seq=186 ttl=60 time=334 ms
64 bytes from aaaa::212:740f:f:f0f: icmp_seq=187 ttl=60 time=427 ms
64 bytes from aaaa::212:740f:f:f0f: icmp_seq=188 ttl=60 time=358 ms
64 bytes from aaaa::212:740f:f:f0f: icmp_seq=189 ttl=60 time=414 ms
64 bytes from aaaa::212:740f:f:f0f: icmp_seq=190 ttl=60 time=453 ms
64 bytes from aaaa::212:740f:f:f0f: icmp_seq=191 ttl=60 time=355 ms
64 bytes from aaaa::212:740f:f:f0f: icmp_seq=192 ttl=60 time=331 ms
64 bytes from aaaa::212:740f:f:f0f: icmp_seq=193 ttl=60 time=439 ms
64 bytes from aaaa::212:740f:f:f0f: icmp_seq=194 ttl=60 time=317 ms
64 bytes from aaaa::212:740f:f:f0f: icmp_seq=195 ttl=60 time=3608 ms
64 bytes from aaaa::212:740f:f:f0f: icmp_seq=196 ttl=60 time=394 ms
64 bytes from aaaa::212:740f:f:f0f: icmp_seq=197 ttl=60 time=434 ms
64 bytes from aaaa::212:740f:f:f0f: icmp_seq=198 ttl=60 time=383 ms
64 bytes from aaaa::212:740f:f:f0f: icmp_seq=199 ttl=60 time=476 ms
64 bytes from aaaa::212:740f:f:f0f: icmp_seq=200 ttl=60 time=408 ms

--- aaaa::212:740f:f:f0f ping statistics ---
200 packets transmitted, 141 received, 29% packet loss, time 1002930ms
rtt min/avg/max/mdev = 314.767/704.067/3608.717/431.405 ms
