   Neighbors
fe80::212:7404:4:404
fe80::212:7403:3:303

   Routes
aaaa::212:7404:4:404/128 (via fe80::212:7404:4:404) 16711395s
aaaa::212:740c:c:c0c/128 (via fe80::212:7404:4:404) 16711332s
aaaa::212:7408:8:808/128 (via fe80::212:7404:4:404) 16711167s
aaaa::212:7409:9:909/128 (via fe80::212:7404:4:404) 16711173s
aaaa::212:740d:d:d0d/128 (via fe80::212:7404:4:404) 16711404s
aaaa::212:7411:11:1111/128 (via fe80::212:7404:4:404) 16711391s
aaaa::212:7410:10:1010/128 (via fe80::212:7404:4:404) 16711411s
aaaa::212:7405:5:505/128 (via fe80::212:7404:4:404) 16711169s
aaaa::212:7402:2:202/128 (via fe80::212:7403:3:303) 16711324s
aaaa::212:7406:6:606/128 (via fe80::212:7403:3:303) 16711149s
aaaa::212:7407:7:707/128 (via fe80::212:7403:3:303) 16711325s
aaaa::212:740b:b:b0b/128 (via fe80::212:7403:3:303) 16711249s
aaaa::212:740f:f:f0f/128 (via fe80::212:7403:3:303) 16711278s
aaaa::212:740a:a:a0a/128 (via fe80::212:7403:3:303) 16711205s
aaaa::212:740e:e:e0e/128 (via fe80::212:7403:3:303) 16711378s
aaaa::212:7403:3:303/128 (via fe80::212:7403:3:303) 16711391s
