PING aaaa::212:7408:8:808(aaaa::212:7408:8:808) 56 data bytes
64 bytes from aaaa::212:7408:8:808: icmp_seq=1 ttl=62 time=377 ms
64 bytes from aaaa::212:7408:8:808: icmp_seq=4 ttl=62 time=652 ms
64 bytes from aaaa::212:7408:8:808: icmp_seq=5 ttl=62 time=611 ms
64 bytes from aaaa::212:7408:8:808: icmp_seq=6 ttl=62 time=674 ms
64 bytes from aaaa::212:7408:8:808: icmp_seq=7 ttl=62 time=623 ms
64 bytes from aaaa::212:7408:8:808: icmp_seq=8 ttl=62 time=272 ms
64 bytes from aaaa::212:7408:8:808: icmp_seq=9 ttl=62 time=311 ms
64 bytes from aaaa::212:7408:8:808: icmp_seq=10 ttl=62 time=278 ms
64 bytes from aaaa::212:7408:8:808: icmp_seq=11 ttl=62 time=443 ms
64 bytes from aaaa::212:7408:8:808: icmp_seq=12 ttl=62 time=532 ms
64 bytes from aaaa::212:7408:8:808: icmp_seq=13 ttl=62 time=358 ms
64 bytes from aaaa::212:7408:8:808: icmp_seq=14 ttl=62 time=311 ms
64 bytes from aaaa::212:7408:8:808: icmp_seq=15 ttl=62 time=374 ms
64 bytes from aaaa::212:7408:8:808: icmp_seq=19 ttl=62 time=952 ms
64 bytes from aaaa::212:7408:8:808: icmp_seq=26 ttl=62 time=386 ms
64 bytes from aaaa::212:7408:8:808: icmp_seq=27 ttl=62 time=433 ms
64 bytes from aaaa::212:7408:8:808: icmp_seq=28 ttl=62 time=246 ms
64 bytes from aaaa::212:7408:8:808: icmp_seq=29 ttl=62 time=343 ms
64 bytes from aaaa::212:7408:8:808: icmp_seq=30 ttl=62 time=197 ms
64 bytes from aaaa::212:7408:8:808: icmp_seq=31 ttl=62 time=212 ms
64 bytes from aaaa::212:7408:8:808: icmp_seq=32 ttl=62 time=385 ms
64 bytes from aaaa::212:7408:8:808: icmp_seq=33 ttl=62 time=399 ms
64 bytes from aaaa::212:7408:8:808: icmp_seq=34 ttl=62 time=253 ms
64 bytes from aaaa::212:7408:8:808: icmp_seq=35 ttl=62 time=322 ms
64 bytes from aaaa::212:7408:8:808: icmp_seq=36 ttl=62 time=199 ms
64 bytes from aaaa::212:7408:8:808: icmp_seq=37 ttl=62 time=413 ms
64 bytes from aaaa::212:7408:8:808: icmp_seq=38 ttl=62 time=267 ms
64 bytes from aaaa::212:7408:8:808: icmp_seq=40 ttl=62 time=210 ms
64 bytes from aaaa::212:7408:8:808: icmp_seq=41 ttl=62 time=279 ms
64 bytes from aaaa::212:7408:8:808: icmp_seq=42 ttl=62 time=302 ms
64 bytes from aaaa::212:7408:8:808: icmp_seq=43 ttl=62 time=251 ms
64 bytes from aaaa::212:7408:8:808: icmp_seq=44 ttl=62 time=292 ms
64 bytes from aaaa::212:7408:8:808: icmp_seq=45 ttl=62 time=170 ms
64 bytes from aaaa::212:7408:8:808: icmp_seq=46 ttl=62 time=244 ms
64 bytes from aaaa::212:7408:8:808: icmp_seq=47 ttl=62 time=316 ms
64 bytes from aaaa::212:7408:8:808: icmp_seq=48 ttl=62 time=230 ms
64 bytes from aaaa::212:7408:8:808: icmp_seq=50 ttl=62 time=331 ms
64 bytes from aaaa::212:7408:8:808: icmp_seq=51 ttl=62 time=581 ms
64 bytes from aaaa::212:7408:8:808: icmp_seq=52 ttl=62 time=209 ms
64 bytes from aaaa::212:7408:8:808: icmp_seq=53 ttl=62 time=823 ms
64 bytes from aaaa::212:7408:8:808: icmp_seq=54 ttl=62 time=200 ms
64 bytes from aaaa::212:7408:8:808: icmp_seq=55 ttl=62 time=181 ms
64 bytes from aaaa::212:7408:8:808: icmp_seq=56 ttl=62 time=174 ms
64 bytes from aaaa::212:7408:8:808: icmp_seq=57 ttl=62 time=210 ms
64 bytes from aaaa::212:7408:8:808: icmp_seq=58 ttl=62 time=497 ms
64 bytes from aaaa::212:7408:8:808: icmp_seq=59 ttl=62 time=240 ms
64 bytes from aaaa::212:7408:8:808: icmp_seq=60 ttl=62 time=240 ms
64 bytes from aaaa::212:7408:8:808: icmp_seq=61 ttl=62 time=246 ms
64 bytes from aaaa::212:7408:8:808: icmp_seq=62 ttl=62 time=201 ms
64 bytes from aaaa::212:7408:8:808: icmp_seq=63 ttl=62 time=169 ms
64 bytes from aaaa::212:7408:8:808: icmp_seq=64 ttl=62 time=483 ms
64 bytes from aaaa::212:7408:8:808: icmp_seq=65 ttl=62 time=249 ms
64 bytes from aaaa::212:7408:8:808: icmp_seq=67 ttl=62 time=1100 ms
64 bytes from aaaa::212:7408:8:808: icmp_seq=68 ttl=62 time=1087 ms
64 bytes from aaaa::212:7408:8:808: icmp_seq=70 ttl=62 time=502 ms
64 bytes from aaaa::212:7408:8:808: icmp_seq=71 ttl=62 time=705 ms
64 bytes from aaaa::212:7408:8:808: icmp_seq=72 ttl=62 time=1495 ms
64 bytes from aaaa::212:7408:8:808: icmp_seq=73 ttl=62 time=408 ms
64 bytes from aaaa::212:7408:8:808: icmp_seq=74 ttl=62 time=196 ms
64 bytes from aaaa::212:7408:8:808: icmp_seq=76 ttl=62 time=824 ms
64 bytes from aaaa::212:7408:8:808: icmp_seq=77 ttl=62 time=204 ms
64 bytes from aaaa::212:7408:8:808: icmp_seq=78 ttl=62 time=338 ms
64 bytes from aaaa::212:7408:8:808: icmp_seq=79 ttl=62 time=400 ms
64 bytes from aaaa::212:7408:8:808: icmp_seq=80 ttl=62 time=331 ms
64 bytes from aaaa::212:7408:8:808: icmp_seq=81 ttl=62 time=246 ms
64 bytes from aaaa::212:7408:8:808: icmp_seq=82 ttl=62 time=176 ms
64 bytes from aaaa::212:7408:8:808: icmp_seq=83 ttl=62 time=283 ms
64 bytes from aaaa::212:7408:8:808: icmp_seq=84 ttl=62 time=323 ms
64 bytes from aaaa::212:7408:8:808: icmp_seq=85 ttl=62 time=356 ms
64 bytes from aaaa::212:7408:8:808: icmp_seq=86 ttl=62 time=215 ms
64 bytes from aaaa::212:7408:8:808: icmp_seq=87 ttl=62 time=201 ms
64 bytes from aaaa::212:7408:8:808: icmp_seq=88 ttl=62 time=477 ms
64 bytes from aaaa::212:7408:8:808: icmp_seq=89 ttl=62 time=244 ms
64 bytes from aaaa::212:7408:8:808: icmp_seq=90 ttl=62 time=1048 ms
64 bytes from aaaa::212:7408:8:808: icmp_seq=91 ttl=62 time=240 ms
64 bytes from aaaa::212:7408:8:808: icmp_seq=93 ttl=62 time=230 ms
64 bytes from aaaa::212:7408:8:808: icmp_seq=94 ttl=62 time=1984 ms
64 bytes from aaaa::212:7408:8:808: icmp_seq=95 ttl=62 time=234 ms
64 bytes from aaaa::212:7408:8:808: icmp_seq=96 ttl=62 time=378 ms
64 bytes from aaaa::212:7408:8:808: icmp_seq=97 ttl=62 time=397 ms
64 bytes from aaaa::212:7408:8:808: icmp_seq=98 ttl=62 time=264 ms
64 bytes from aaaa::212:7408:8:808: icmp_seq=103 ttl=62 time=525 ms
64 bytes from aaaa::212:7408:8:808: icmp_seq=104 ttl=62 time=627 ms
64 bytes from aaaa::212:7408:8:808: icmp_seq=105 ttl=62 time=497 ms
64 bytes from aaaa::212:7408:8:808: icmp_seq=110 ttl=62 time=310 ms
64 bytes from aaaa::212:7408:8:808: icmp_seq=111 ttl=62 time=338 ms
64 bytes from aaaa::212:7408:8:808: icmp_seq=115 ttl=62 time=240 ms
64 bytes from aaaa::212:7408:8:808: icmp_seq=118 ttl=62 time=624 ms
64 bytes from aaaa::212:7408:8:808: icmp_seq=119 ttl=62 time=413 ms
64 bytes from aaaa::212:7408:8:808: icmp_seq=130 ttl=62 time=613 ms
64 bytes from aaaa::212:7408:8:808: icmp_seq=131 ttl=62 time=1047 ms
64 bytes from aaaa::212:7408:8:808: icmp_seq=138 ttl=62 time=484 ms
64 bytes from aaaa::212:7408:8:808: icmp_seq=139 ttl=62 time=375 ms
64 bytes from aaaa::212:7408:8:808: icmp_seq=140 ttl=62 time=1250 ms
64 bytes from aaaa::212:7408:8:808: icmp_seq=141 ttl=62 time=842 ms
64 bytes from aaaa::212:7408:8:808: icmp_seq=142 ttl=62 time=510 ms
64 bytes from aaaa::212:7408:8:808: icmp_seq=143 ttl=62 time=198 ms
64 bytes from aaaa::212:7408:8:808: icmp_seq=144 ttl=62 time=669 ms
64 bytes from aaaa::212:7408:8:808: icmp_seq=145 ttl=62 time=553 ms
64 bytes from aaaa::212:7408:8:808: icmp_seq=146 ttl=62 time=427 ms
64 bytes from aaaa::212:7408:8:808: icmp_seq=148 ttl=62 time=1251 ms
64 bytes from aaaa::212:7408:8:808: icmp_seq=150 ttl=62 time=320 ms
64 bytes from aaaa::212:7408:8:808: icmp_seq=151 ttl=62 time=267 ms
64 bytes from aaaa::212:7408:8:808: icmp_seq=152 ttl=62 time=353 ms
64 bytes from aaaa::212:7408:8:808: icmp_seq=153 ttl=62 time=400 ms
64 bytes from aaaa::212:7408:8:808: icmp_seq=154 ttl=62 time=725 ms
64 bytes from aaaa::212:7408:8:808: icmp_seq=155 ttl=62 time=601 ms
64 bytes from aaaa::212:7408:8:808: icmp_seq=156 ttl=62 time=559 ms
64 bytes from aaaa::212:7408:8:808: icmp_seq=157 ttl=62 time=344 ms
64 bytes from aaaa::212:7408:8:808: icmp_seq=158 ttl=62 time=1283 ms
64 bytes from aaaa::212:7408:8:808: icmp_seq=159 ttl=62 time=392 ms
64 bytes from aaaa::212:7408:8:808: icmp_seq=160 ttl=62 time=420 ms
64 bytes from aaaa::212:7408:8:808: icmp_seq=162 ttl=62 time=264 ms
64 bytes from aaaa::212:7408:8:808: icmp_seq=163 ttl=62 time=1179 ms
64 bytes from aaaa::212:7408:8:808: icmp_seq=164 ttl=62 time=438 ms
64 bytes from aaaa::212:7408:8:808: icmp_seq=165 ttl=62 time=560 ms
64 bytes from aaaa::212:7408:8:808: icmp_seq=167 ttl=62 time=307 ms
64 bytes from aaaa::212:7408:8:808: icmp_seq=168 ttl=62 time=350 ms
64 bytes from aaaa::212:7408:8:808: icmp_seq=169 ttl=62 time=199 ms
64 bytes from aaaa::212:7408:8:808: icmp_seq=170 ttl=62 time=195 ms
64 bytes from aaaa::212:7408:8:808: icmp_seq=171 ttl=62 time=192 ms
64 bytes from aaaa::212:7408:8:808: icmp_seq=172 ttl=62 time=388 ms
64 bytes from aaaa::212:7408:8:808: icmp_seq=173 ttl=62 time=288 ms
64 bytes from aaaa::212:7408:8:808: icmp_seq=174 ttl=62 time=353 ms
64 bytes from aaaa::212:7408:8:808: icmp_seq=175 ttl=62 time=261 ms
64 bytes from aaaa::212:7408:8:808: icmp_seq=176 ttl=62 time=337 ms
64 bytes from aaaa::212:7408:8:808: icmp_seq=177 ttl=62 time=351 ms
64 bytes from aaaa::212:7408:8:808: icmp_seq=178 ttl=62 time=189 ms
64 bytes from aaaa::212:7408:8:808: icmp_seq=179 ttl=62 time=299 ms
64 bytes from aaaa::212:7408:8:808: icmp_seq=180 ttl=62 time=389 ms
64 bytes from aaaa::212:7408:8:808: icmp_seq=181 ttl=62 time=214 ms
64 bytes from aaaa::212:7408:8:808: icmp_seq=182 ttl=62 time=266 ms
64 bytes from aaaa::212:7408:8:808: icmp_seq=183 ttl=62 time=404 ms
64 bytes from aaaa::212:7408:8:808: icmp_seq=184 ttl=62 time=341 ms
64 bytes from aaaa::212:7408:8:808: icmp_seq=185 ttl=62 time=534 ms
64 bytes from aaaa::212:7408:8:808: icmp_seq=186 ttl=62 time=215 ms
64 bytes from aaaa::212:7408:8:808: icmp_seq=187 ttl=62 time=323 ms
64 bytes from aaaa::212:7408:8:808: icmp_seq=188 ttl=62 time=230 ms
64 bytes from aaaa::212:7408:8:808: icmp_seq=189 ttl=62 time=406 ms
64 bytes from aaaa::212:7408:8:808: icmp_seq=190 ttl=62 time=228 ms
64 bytes from aaaa::212:7408:8:808: icmp_seq=191 ttl=62 time=296 ms
64 bytes from aaaa::212:7408:8:808: icmp_seq=193 ttl=62 time=240 ms
64 bytes from aaaa::212:7408:8:808: icmp_seq=194 ttl=62 time=202 ms
64 bytes from aaaa::212:7408:8:808: icmp_seq=195 ttl=62 time=215 ms
64 bytes from aaaa::212:7408:8:808: icmp_seq=197 ttl=62 time=1063 ms
64 bytes from aaaa::212:7408:8:808: icmp_seq=198 ttl=62 time=230 ms
64 bytes from aaaa::212:7408:8:808: icmp_seq=199 ttl=62 time=178 ms
64 bytes from aaaa::212:7408:8:808: icmp_seq=200 ttl=62 time=181 ms

--- aaaa::212:7408:8:808 ping statistics ---
200 packets transmitted, 148 received, 26% packet loss, time 1002502ms
rtt min/avg/max/mdev = 169.701/424.777/1984.635/290.098 ms
