PING fd00::212:7408:8:808(fd00::212:7408:8:808) 56 data bytes
64 bytes from fd00::212:7408:8:808: icmp_seq=1 ttl=60 time=315 ms
64 bytes from fd00::212:7408:8:808: icmp_seq=3 ttl=60 time=302 ms
64 bytes from fd00::212:7408:8:808: icmp_seq=5 ttl=60 time=219 ms
64 bytes from fd00::212:7408:8:808: icmp_seq=8 ttl=60 time=909 ms
64 bytes from fd00::212:7408:8:808: icmp_seq=9 ttl=60 time=579 ms
64 bytes from fd00::212:7408:8:808: icmp_seq=10 ttl=60 time=343 ms
64 bytes from fd00::212:7408:8:808: icmp_seq=11 ttl=60 time=246 ms
64 bytes from fd00::212:7408:8:808: icmp_seq=12 ttl=60 time=210 ms
64 bytes from fd00::212:7408:8:808: icmp_seq=13 ttl=60 time=339 ms
64 bytes from fd00::212:7408:8:808: icmp_seq=15 ttl=60 time=345 ms
64 bytes from fd00::212:7408:8:808: icmp_seq=21 ttl=60 time=226 ms
64 bytes from fd00::212:7408:8:808: icmp_seq=24 ttl=60 time=279 ms
64 bytes from fd00::212:7408:8:808: icmp_seq=32 ttl=60 time=392 ms
64 bytes from fd00::212:7408:8:808: icmp_seq=33 ttl=60 time=433 ms
64 bytes from fd00::212:7408:8:808: icmp_seq=36 ttl=60 time=453 ms
64 bytes from fd00::212:7408:8:808: icmp_seq=44 ttl=60 time=720 ms
64 bytes from fd00::212:7408:8:808: icmp_seq=45 ttl=60 time=360 ms
64 bytes from fd00::212:7408:8:808: icmp_seq=46 ttl=60 time=348 ms
64 bytes from fd00::212:7408:8:808: icmp_seq=47 ttl=60 time=291 ms
64 bytes from fd00::212:7408:8:808: icmp_seq=48 ttl=60 time=352 ms
64 bytes from fd00::212:7408:8:808: icmp_seq=49 ttl=60 time=836 ms
64 bytes from fd00::212:7408:8:808: icmp_seq=54 ttl=60 time=570 ms
64 bytes from fd00::212:7408:8:808: icmp_seq=57 ttl=60 time=368 ms
64 bytes from fd00::212:7408:8:808: icmp_seq=58 ttl=60 time=330 ms
64 bytes from fd00::212:7408:8:808: icmp_seq=59 ttl=60 time=356 ms
64 bytes from fd00::212:7408:8:808: icmp_seq=61 ttl=60 time=231 ms
64 bytes from fd00::212:7408:8:808: icmp_seq=62 ttl=60 time=266 ms
64 bytes from fd00::212:7408:8:808: icmp_seq=63 ttl=60 time=208 ms
64 bytes from fd00::212:7408:8:808: icmp_seq=64 ttl=60 time=262 ms
64 bytes from fd00::212:7408:8:808: icmp_seq=65 ttl=60 time=218 ms
64 bytes from fd00::212:7408:8:808: icmp_seq=66 ttl=60 time=216 ms
64 bytes from fd00::212:7408:8:808: icmp_seq=67 ttl=60 time=261 ms
64 bytes from fd00::212:7408:8:808: icmp_seq=68 ttl=60 time=249 ms
64 bytes from fd00::212:7408:8:808: icmp_seq=69 ttl=60 time=199 ms
64 bytes from fd00::212:7408:8:808: icmp_seq=70 ttl=60 time=264 ms
64 bytes from fd00::212:7408:8:808: icmp_seq=71 ttl=60 time=272 ms
64 bytes from fd00::212:7408:8:808: icmp_seq=72 ttl=60 time=267 ms
64 bytes from fd00::212:7408:8:808: icmp_seq=73 ttl=60 time=240 ms
64 bytes from fd00::212:7408:8:808: icmp_seq=74 ttl=60 time=231 ms
64 bytes from fd00::212:7408:8:808: icmp_seq=75 ttl=60 time=240 ms
64 bytes from fd00::212:7408:8:808: icmp_seq=76 ttl=60 time=247 ms
64 bytes from fd00::212:7408:8:808: icmp_seq=77 ttl=60 time=230 ms
64 bytes from fd00::212:7408:8:808: icmp_seq=78 ttl=60 time=208 ms
64 bytes from fd00::212:7408:8:808: icmp_seq=79 ttl=60 time=257 ms
64 bytes from fd00::212:7408:8:808: icmp_seq=80 ttl=60 time=212 ms
64 bytes from fd00::212:7408:8:808: icmp_seq=81 ttl=60 time=191 ms
64 bytes from fd00::212:7408:8:808: icmp_seq=82 ttl=60 time=268 ms
64 bytes from fd00::212:7408:8:808: icmp_seq=83 ttl=60 time=307 ms
64 bytes from fd00::212:7408:8:808: icmp_seq=84 ttl=60 time=217 ms
64 bytes from fd00::212:7408:8:808: icmp_seq=85 ttl=60 time=271 ms
64 bytes from fd00::212:7408:8:808: icmp_seq=86 ttl=60 time=311 ms
64 bytes from fd00::212:7408:8:808: icmp_seq=87 ttl=60 time=435 ms
64 bytes from fd00::212:7408:8:808: icmp_seq=88 ttl=60 time=217 ms
64 bytes from fd00::212:7408:8:808: icmp_seq=89 ttl=60 time=235 ms
64 bytes from fd00::212:7408:8:808: icmp_seq=90 ttl=60 time=300 ms
64 bytes from fd00::212:7408:8:808: icmp_seq=91 ttl=60 time=417 ms
64 bytes from fd00::212:7408:8:808: icmp_seq=92 ttl=60 time=387 ms
64 bytes from fd00::212:7408:8:808: icmp_seq=93 ttl=60 time=279 ms
64 bytes from fd00::212:7408:8:808: icmp_seq=94 ttl=60 time=313 ms
64 bytes from fd00::212:7408:8:808: icmp_seq=95 ttl=60 time=420 ms
64 bytes from fd00::212:7408:8:808: icmp_seq=96 ttl=60 time=353 ms
64 bytes from fd00::212:7408:8:808: icmp_seq=97 ttl=60 time=237 ms
64 bytes from fd00::212:7408:8:808: icmp_seq=98 ttl=60 time=287 ms
64 bytes from fd00::212:7408:8:808: icmp_seq=99 ttl=60 time=332 ms
64 bytes from fd00::212:7408:8:808: icmp_seq=100 ttl=60 time=216 ms

--- fd00::212:7408:8:808 ping statistics ---
100 packets transmitted, 65 received, 35% packet loss, time 500353ms
rtt min/avg/max/mdev = 191.214/321.943/909.446/138.030 ms
