PING aaaa::212:7403:3:303(aaaa::212:7403:3:303) 56 data bytes
64 bytes from aaaa::212:7403:3:303: icmp_seq=1 ttl=63 time=71.1 ms
64 bytes from aaaa::212:7403:3:303: icmp_seq=3 ttl=63 time=81.3 ms
64 bytes from aaaa::212:7403:3:303: icmp_seq=5 ttl=63 time=284 ms
64 bytes from aaaa::212:7403:3:303: icmp_seq=6 ttl=63 time=163 ms
64 bytes from aaaa::212:7403:3:303: icmp_seq=7 ttl=63 time=138 ms
64 bytes from aaaa::212:7403:3:303: icmp_seq=8 ttl=63 time=60.4 ms
64 bytes from aaaa::212:7403:3:303: icmp_seq=9 ttl=63 time=54.8 ms
64 bytes from aaaa::212:7403:3:303: icmp_seq=10 ttl=63 time=70.8 ms
64 bytes from aaaa::212:7403:3:303: icmp_seq=11 ttl=63 time=79.6 ms
64 bytes from aaaa::212:7403:3:303: icmp_seq=12 ttl=63 time=58.4 ms
64 bytes from aaaa::212:7403:3:303: icmp_seq=13 ttl=63 time=115 ms
64 bytes from aaaa::212:7403:3:303: icmp_seq=14 ttl=63 time=107 ms
64 bytes from aaaa::212:7403:3:303: icmp_seq=15 ttl=63 time=192 ms
64 bytes from aaaa::212:7403:3:303: icmp_seq=16 ttl=63 time=75.1 ms
64 bytes from aaaa::212:7403:3:303: icmp_seq=17 ttl=63 time=103 ms
64 bytes from aaaa::212:7403:3:303: icmp_seq=18 ttl=63 time=157 ms
64 bytes from aaaa::212:7403:3:303: icmp_seq=19 ttl=63 time=135 ms
64 bytes from aaaa::212:7403:3:303: icmp_seq=20 ttl=63 time=45.7 ms
64 bytes from aaaa::212:7403:3:303: icmp_seq=21 ttl=63 time=172 ms
64 bytes from aaaa::212:7403:3:303: icmp_seq=22 ttl=63 time=159 ms
64 bytes from aaaa::212:7403:3:303: icmp_seq=23 ttl=63 time=67.0 ms
64 bytes from aaaa::212:7403:3:303: icmp_seq=24 ttl=63 time=592 ms
64 bytes from aaaa::212:7403:3:303: icmp_seq=35 ttl=63 time=160 ms
64 bytes from aaaa::212:7403:3:303: icmp_seq=36 ttl=63 time=142 ms
64 bytes from aaaa::212:7403:3:303: icmp_seq=38 ttl=63 time=314 ms
64 bytes from aaaa::212:7403:3:303: icmp_seq=44 ttl=63 time=220 ms
64 bytes from aaaa::212:7403:3:303: icmp_seq=45 ttl=63 time=76.9 ms
64 bytes from aaaa::212:7403:3:303: icmp_seq=47 ttl=63 time=84.5 ms
64 bytes from aaaa::212:7403:3:303: icmp_seq=48 ttl=63 time=53.1 ms
64 bytes from aaaa::212:7403:3:303: icmp_seq=50 ttl=63 time=116 ms
64 bytes from aaaa::212:7403:3:303: icmp_seq=51 ttl=63 time=81.3 ms
64 bytes from aaaa::212:7403:3:303: icmp_seq=52 ttl=63 time=332 ms
64 bytes from aaaa::212:7403:3:303: icmp_seq=53 ttl=63 time=103 ms
64 bytes from aaaa::212:7403:3:303: icmp_seq=54 ttl=63 time=160 ms
64 bytes from aaaa::212:7403:3:303: icmp_seq=55 ttl=63 time=90.2 ms
64 bytes from aaaa::212:7403:3:303: icmp_seq=56 ttl=63 time=623 ms
64 bytes from aaaa::212:7403:3:303: icmp_seq=57 ttl=63 time=811 ms
64 bytes from aaaa::212:7403:3:303: icmp_seq=58 ttl=63 time=81.1 ms
64 bytes from aaaa::212:7403:3:303: icmp_seq=59 ttl=63 time=308 ms
64 bytes from aaaa::212:7403:3:303: icmp_seq=60 ttl=63 time=107 ms
64 bytes from aaaa::212:7403:3:303: icmp_seq=61 ttl=63 time=156 ms
64 bytes from aaaa::212:7403:3:303: icmp_seq=62 ttl=63 time=412 ms
64 bytes from aaaa::212:7403:3:303: icmp_seq=67 ttl=63 time=64.7 ms
64 bytes from aaaa::212:7403:3:303: icmp_seq=68 ttl=63 time=96.9 ms
64 bytes from aaaa::212:7403:3:303: icmp_seq=69 ttl=63 time=212 ms
64 bytes from aaaa::212:7403:3:303: icmp_seq=71 ttl=63 time=1164 ms
64 bytes from aaaa::212:7403:3:303: icmp_seq=72 ttl=63 time=343 ms
64 bytes from aaaa::212:7403:3:303: icmp_seq=74 ttl=63 time=150 ms
64 bytes from aaaa::212:7403:3:303: icmp_seq=75 ttl=63 time=98.0 ms
64 bytes from aaaa::212:7403:3:303: icmp_seq=76 ttl=63 time=418 ms
64 bytes from aaaa::212:7403:3:303: icmp_seq=77 ttl=63 time=267 ms
64 bytes from aaaa::212:7403:3:303: icmp_seq=78 ttl=63 time=72.8 ms
64 bytes from aaaa::212:7403:3:303: icmp_seq=79 ttl=63 time=61.4 ms
64 bytes from aaaa::212:7403:3:303: icmp_seq=80 ttl=63 time=80.3 ms
64 bytes from aaaa::212:7403:3:303: icmp_seq=81 ttl=63 time=125 ms
64 bytes from aaaa::212:7403:3:303: icmp_seq=82 ttl=63 time=392 ms
64 bytes from aaaa::212:7403:3:303: icmp_seq=83 ttl=63 time=148 ms
64 bytes from aaaa::212:7403:3:303: icmp_seq=84 ttl=63 time=188 ms
64 bytes from aaaa::212:7403:3:303: icmp_seq=85 ttl=63 time=156 ms
64 bytes from aaaa::212:7403:3:303: icmp_seq=86 ttl=63 time=160 ms
64 bytes from aaaa::212:7403:3:303: icmp_seq=87 ttl=63 time=673 ms
64 bytes from aaaa::212:7403:3:303: icmp_seq=88 ttl=63 time=174 ms
64 bytes from aaaa::212:7403:3:303: icmp_seq=89 ttl=63 time=142 ms
64 bytes from aaaa::212:7403:3:303: icmp_seq=90 ttl=63 time=584 ms
64 bytes from aaaa::212:7403:3:303: icmp_seq=91 ttl=63 time=1960 ms
64 bytes from aaaa::212:7403:3:303: icmp_seq=93 ttl=63 time=1359 ms
64 bytes from aaaa::212:7403:3:303: icmp_seq=94 ttl=63 time=1721 ms
64 bytes from aaaa::212:7403:3:303: icmp_seq=95 ttl=63 time=270 ms
64 bytes from aaaa::212:7403:3:303: icmp_seq=96 ttl=63 time=1541 ms
64 bytes from aaaa::212:7403:3:303: icmp_seq=98 ttl=63 time=303 ms
64 bytes from aaaa::212:7403:3:303: icmp_seq=99 ttl=63 time=565 ms
64 bytes from aaaa::212:7403:3:303: icmp_seq=100 ttl=63 time=141 ms
64 bytes from aaaa::212:7403:3:303: icmp_seq=101 ttl=63 time=1165 ms
64 bytes from aaaa::212:7403:3:303: icmp_seq=102 ttl=63 time=453 ms
64 bytes from aaaa::212:7403:3:303: icmp_seq=103 ttl=63 time=248 ms
64 bytes from aaaa::212:7403:3:303: icmp_seq=106 ttl=63 time=498 ms
64 bytes from aaaa::212:7403:3:303: icmp_seq=107 ttl=62 time=434 ms
64 bytes from aaaa::212:7403:3:303: icmp_seq=110 ttl=62 time=1418 ms
64 bytes from aaaa::212:7403:3:303: icmp_seq=112 ttl=62 time=773 ms
64 bytes from aaaa::212:7403:3:303: icmp_seq=113 ttl=62 time=1058 ms
64 bytes from aaaa::212:7403:3:303: icmp_seq=117 ttl=62 time=304 ms
64 bytes from aaaa::212:7403:3:303: icmp_seq=118 ttl=62 time=2406 ms
64 bytes from aaaa::212:7403:3:303: icmp_seq=121 ttl=62 time=1084 ms
64 bytes from aaaa::212:7403:3:303: icmp_seq=124 ttl=63 time=49.1 ms
64 bytes from aaaa::212:7403:3:303: icmp_seq=125 ttl=63 time=52.3 ms
64 bytes from aaaa::212:7403:3:303: icmp_seq=127 ttl=63 time=572 ms
64 bytes from aaaa::212:7403:3:303: icmp_seq=128 ttl=63 time=66.2 ms
64 bytes from aaaa::212:7403:3:303: icmp_seq=129 ttl=63 time=71.8 ms
64 bytes from aaaa::212:7403:3:303: icmp_seq=130 ttl=63 time=47.8 ms
64 bytes from aaaa::212:7403:3:303: icmp_seq=133 ttl=63 time=56.4 ms
64 bytes from aaaa::212:7403:3:303: icmp_seq=134 ttl=63 time=67.7 ms
64 bytes from aaaa::212:7403:3:303: icmp_seq=135 ttl=63 time=98.0 ms
64 bytes from aaaa::212:7403:3:303: icmp_seq=136 ttl=63 time=396 ms
64 bytes from aaaa::212:7403:3:303: icmp_seq=137 ttl=63 time=262 ms
64 bytes from aaaa::212:7403:3:303: icmp_seq=138 ttl=63 time=98.2 ms
64 bytes from aaaa::212:7403:3:303: icmp_seq=139 ttl=63 time=141 ms
64 bytes from aaaa::212:7403:3:303: icmp_seq=140 ttl=63 time=2196 ms
64 bytes from aaaa::212:7403:3:303: icmp_seq=143 ttl=63 time=290 ms
64 bytes from aaaa::212:7403:3:303: icmp_seq=144 ttl=63 time=109 ms
64 bytes from aaaa::212:7403:3:303: icmp_seq=146 ttl=63 time=643 ms
64 bytes from aaaa::212:7403:3:303: icmp_seq=147 ttl=63 time=724 ms
64 bytes from aaaa::212:7403:3:303: icmp_seq=148 ttl=63 time=668 ms
64 bytes from aaaa::212:7403:3:303: icmp_seq=149 ttl=63 time=994 ms
64 bytes from aaaa::212:7403:3:303: icmp_seq=153 ttl=63 time=392 ms
64 bytes from aaaa::212:7403:3:303: icmp_seq=156 ttl=63 time=1256 ms
64 bytes from aaaa::212:7403:3:303: icmp_seq=157 ttl=63 time=528 ms
64 bytes from aaaa::212:7403:3:303: icmp_seq=159 ttl=63 time=363 ms
64 bytes from aaaa::212:7403:3:303: icmp_seq=160 ttl=63 time=875 ms
64 bytes from aaaa::212:7403:3:303: icmp_seq=161 ttl=63 time=1342 ms
64 bytes from aaaa::212:7403:3:303: icmp_seq=162 ttl=63 time=183 ms
64 bytes from aaaa::212:7403:3:303: icmp_seq=163 ttl=63 time=196 ms
64 bytes from aaaa::212:7403:3:303: icmp_seq=164 ttl=63 time=187 ms
64 bytes from aaaa::212:7403:3:303: icmp_seq=165 ttl=63 time=303 ms
64 bytes from aaaa::212:7403:3:303: icmp_seq=166 ttl=63 time=744 ms
64 bytes from aaaa::212:7403:3:303: icmp_seq=167 ttl=63 time=710 ms
64 bytes from aaaa::212:7403:3:303: icmp_seq=168 ttl=63 time=666 ms
64 bytes from aaaa::212:7403:3:303: icmp_seq=169 ttl=63 time=600 ms
64 bytes from aaaa::212:7403:3:303: icmp_seq=170 ttl=63 time=129 ms
64 bytes from aaaa::212:7403:3:303: icmp_seq=171 ttl=63 time=962 ms
64 bytes from aaaa::212:7403:3:303: icmp_seq=172 ttl=63 time=1024 ms
64 bytes from aaaa::212:7403:3:303: icmp_seq=174 ttl=63 time=1224 ms
64 bytes from aaaa::212:7403:3:303: icmp_seq=175 ttl=63 time=2220 ms
64 bytes from aaaa::212:7403:3:303: icmp_seq=177 ttl=63 time=162 ms
64 bytes from aaaa::212:7403:3:303: icmp_seq=178 ttl=63 time=637 ms
64 bytes from aaaa::212:7403:3:303: icmp_seq=179 ttl=63 time=310 ms
64 bytes from aaaa::212:7403:3:303: icmp_seq=180 ttl=63 time=132 ms
64 bytes from aaaa::212:7403:3:303: icmp_seq=181 ttl=63 time=576 ms
64 bytes from aaaa::212:7403:3:303: icmp_seq=182 ttl=63 time=633 ms
64 bytes from aaaa::212:7403:3:303: icmp_seq=184 ttl=63 time=1082 ms
64 bytes from aaaa::212:7403:3:303: icmp_seq=185 ttl=63 time=595 ms
64 bytes from aaaa::212:7403:3:303: icmp_seq=196 ttl=63 time=819 ms
64 bytes from aaaa::212:7403:3:303: icmp_seq=199 ttl=63 time=549 ms
64 bytes from aaaa::212:7403:3:303: icmp_seq=200 ttl=63 time=1761 ms

--- aaaa::212:7403:3:303 ping statistics ---
200 packets transmitted, 133 received, 33% packet loss, time 1003874ms
rtt min/avg/max/mdev = 45.707/448.876/2406.224/497.928 ms
