PING aaaa::212:740d:d:d0d(aaaa::212:740d:d:d0d) 56 data bytes
64 bytes from aaaa::212:740d:d:d0d: icmp_seq=1 ttl=60 time=378 ms
64 bytes from aaaa::212:740d:d:d0d: icmp_seq=6 ttl=60 time=463 ms
64 bytes from aaaa::212:740d:d:d0d: icmp_seq=10 ttl=60 time=872 ms
64 bytes from aaaa::212:740d:d:d0d: icmp_seq=11 ttl=60 time=859 ms
64 bytes from aaaa::212:740d:d:d0d: icmp_seq=12 ttl=60 time=295 ms
64 bytes from aaaa::212:740d:d:d0d: icmp_seq=13 ttl=60 time=832 ms
64 bytes from aaaa::212:740d:d:d0d: icmp_seq=14 ttl=60 time=766 ms
64 bytes from aaaa::212:740d:d:d0d: icmp_seq=18 ttl=60 time=1109 ms
64 bytes from aaaa::212:740d:d:d0d: icmp_seq=19 ttl=60 time=1404 ms
64 bytes from aaaa::212:740d:d:d0d: icmp_seq=27 ttl=60 time=1020 ms
64 bytes from aaaa::212:740d:d:d0d: icmp_seq=28 ttl=60 time=442 ms
64 bytes from aaaa::212:740d:d:d0d: icmp_seq=29 ttl=60 time=403 ms
64 bytes from aaaa::212:740d:d:d0d: icmp_seq=31 ttl=60 time=690 ms
64 bytes from aaaa::212:740d:d:d0d: icmp_seq=32 ttl=60 time=222 ms
64 bytes from aaaa::212:740d:d:d0d: icmp_seq=33 ttl=60 time=1766 ms
64 bytes from aaaa::212:740d:d:d0d: icmp_seq=37 ttl=60 time=413 ms
64 bytes from aaaa::212:740d:d:d0d: icmp_seq=38 ttl=60 time=644 ms
64 bytes from aaaa::212:740d:d:d0d: icmp_seq=39 ttl=60 time=263 ms
64 bytes from aaaa::212:740d:d:d0d: icmp_seq=43 ttl=60 time=901 ms
64 bytes from aaaa::212:740d:d:d0d: icmp_seq=44 ttl=60 time=855 ms
64 bytes from aaaa::212:740d:d:d0d: icmp_seq=48 ttl=60 time=1595 ms
64 bytes from aaaa::212:740d:d:d0d: icmp_seq=49 ttl=60 time=1325 ms
64 bytes from aaaa::212:740d:d:d0d: icmp_seq=65 ttl=60 time=1223 ms
64 bytes from aaaa::212:740d:d:d0d: icmp_seq=71 ttl=59 time=743 ms
64 bytes from aaaa::212:740d:d:d0d: icmp_seq=72 ttl=59 time=335 ms
64 bytes from aaaa::212:740d:d:d0d: icmp_seq=73 ttl=60 time=1577 ms
64 bytes from aaaa::212:740d:d:d0d: icmp_seq=76 ttl=60 time=537 ms
64 bytes from aaaa::212:740d:d:d0d: icmp_seq=77 ttl=60 time=298 ms
64 bytes from aaaa::212:740d:d:d0d: icmp_seq=78 ttl=60 time=3537 ms
64 bytes from aaaa::212:740d:d:d0d: icmp_seq=79 ttl=60 time=1121 ms
64 bytes from aaaa::212:740d:d:d0d: icmp_seq=80 ttl=60 time=2517 ms
64 bytes from aaaa::212:740d:d:d0d: icmp_seq=81 ttl=60 time=1576 ms
64 bytes from aaaa::212:740d:d:d0d: icmp_seq=83 ttl=60 time=865 ms
64 bytes from aaaa::212:740d:d:d0d: icmp_seq=87 ttl=60 time=1450 ms
64 bytes from aaaa::212:740d:d:d0d: icmp_seq=88 ttl=60 time=2491 ms
64 bytes from aaaa::212:740d:d:d0d: icmp_seq=95 ttl=60 time=8334 ms
64 bytes from aaaa::212:740d:d:d0d: icmp_seq=97 ttl=60 time=1998 ms
64 bytes from aaaa::212:740d:d:d0d: icmp_seq=101 ttl=60 time=5179 ms
64 bytes from aaaa::212:740d:d:d0d: icmp_seq=103 ttl=60 time=1994 ms
64 bytes from aaaa::212:740d:d:d0d: icmp_seq=112 ttl=60 time=1375 ms
64 bytes from aaaa::212:740d:d:d0d: icmp_seq=118 ttl=60 time=398 ms
64 bytes from aaaa::212:740d:d:d0d: icmp_seq=130 ttl=60 time=1524 ms
64 bytes from aaaa::212:740d:d:d0d: icmp_seq=131 ttl=60 time=687 ms
64 bytes from aaaa::212:740d:d:d0d: icmp_seq=132 ttl=60 time=961 ms
64 bytes from aaaa::212:740d:d:d0d: icmp_seq=133 ttl=60 time=1468 ms
64 bytes from aaaa::212:740d:d:d0d: icmp_seq=134 ttl=60 time=276 ms
64 bytes from aaaa::212:740d:d:d0d: icmp_seq=135 ttl=60 time=284 ms
64 bytes from aaaa::212:740d:d:d0d: icmp_seq=136 ttl=60 time=301 ms
64 bytes from aaaa::212:740d:d:d0d: icmp_seq=137 ttl=60 time=2030 ms
64 bytes from aaaa::212:740d:d:d0d: icmp_seq=138 ttl=60 time=734 ms
64 bytes from aaaa::212:740d:d:d0d: icmp_seq=139 ttl=60 time=829 ms
64 bytes from aaaa::212:740d:d:d0d: icmp_seq=140 ttl=60 time=580 ms
64 bytes from aaaa::212:740d:d:d0d: icmp_seq=142 ttl=60 time=2313 ms
64 bytes from aaaa::212:740d:d:d0d: icmp_seq=144 ttl=60 time=912 ms
64 bytes from aaaa::212:740d:d:d0d: icmp_seq=148 ttl=60 time=2489 ms
64 bytes from aaaa::212:740d:d:d0d: icmp_seq=149 ttl=60 time=1296 ms
64 bytes from aaaa::212:740d:d:d0d: icmp_seq=150 ttl=60 time=1511 ms
64 bytes from aaaa::212:740d:d:d0d: icmp_seq=151 ttl=60 time=1392 ms
64 bytes from aaaa::212:740d:d:d0d: icmp_seq=152 ttl=60 time=487 ms
64 bytes from aaaa::212:740d:d:d0d: icmp_seq=154 ttl=60 time=957 ms
64 bytes from aaaa::212:740d:d:d0d: icmp_seq=155 ttl=60 time=687 ms
64 bytes from aaaa::212:740d:d:d0d: icmp_seq=160 ttl=60 time=2255 ms
64 bytes from aaaa::212:740d:d:d0d: icmp_seq=161 ttl=60 time=652 ms
64 bytes from aaaa::212:740d:d:d0d: icmp_seq=163 ttl=60 time=1004 ms
64 bytes from aaaa::212:740d:d:d0d: icmp_seq=164 ttl=60 time=2343 ms
64 bytes from aaaa::212:740d:d:d0d: icmp_seq=165 ttl=60 time=3326 ms
64 bytes from aaaa::212:740d:d:d0d: icmp_seq=166 ttl=60 time=1930 ms
64 bytes from aaaa::212:740d:d:d0d: icmp_seq=171 ttl=60 time=1404 ms
64 bytes from aaaa::212:740d:d:d0d: icmp_seq=190 ttl=60 time=3942 ms
64 bytes from aaaa::212:740d:d:d0d: icmp_seq=191 ttl=60 time=4477 ms
64 bytes from aaaa::212:740d:d:d0d: icmp_seq=192 ttl=60 time=5621 ms
64 bytes from aaaa::212:740d:d:d0d: icmp_seq=197 ttl=60 time=828 ms
64 bytes from aaaa::212:740d:d:d0d: icmp_seq=200 ttl=60 time=624 ms

--- aaaa::212:740d:d:d0d ping statistics ---
200 packets transmitted, 73 received, 63% packet loss, time 1011894ms
rtt min/avg/max/mdev = 222.309/1441.451/8334.987/1375.381 ms, pipe 2
