PING aaaa::212:740d:d:d0d(aaaa::212:740d:d:d0d) 56 data bytes
64 bytes from aaaa::212:740d:d:d0d: icmp_seq=3 ttl=60 time=301 ms
64 bytes from aaaa::212:740d:d:d0d: icmp_seq=10 ttl=60 time=399 ms
64 bytes from aaaa::212:740d:d:d0d: icmp_seq=13 ttl=60 time=406 ms
64 bytes from aaaa::212:740d:d:d0d: icmp_seq=14 ttl=60 time=554 ms
64 bytes from aaaa::212:740d:d:d0d: icmp_seq=16 ttl=60 time=576 ms
64 bytes from aaaa::212:740d:d:d0d: icmp_seq=17 ttl=60 time=426 ms
64 bytes from aaaa::212:740d:d:d0d: icmp_seq=18 ttl=60 time=1316 ms
64 bytes from aaaa::212:740d:d:d0d: icmp_seq=29 ttl=60 time=1627 ms
64 bytes from aaaa::212:740d:d:d0d: icmp_seq=36 ttl=60 time=2108 ms
64 bytes from aaaa::212:740d:d:d0d: icmp_seq=40 ttl=60 time=596 ms
64 bytes from aaaa::212:740d:d:d0d: icmp_seq=42 ttl=60 time=452 ms
64 bytes from aaaa::212:740d:d:d0d: icmp_seq=43 ttl=60 time=697 ms
64 bytes from aaaa::212:740d:d:d0d: icmp_seq=48 ttl=60 time=634 ms
64 bytes from aaaa::212:740d:d:d0d: icmp_seq=50 ttl=60 time=1332 ms
64 bytes from aaaa::212:740d:d:d0d: icmp_seq=51 ttl=60 time=550 ms
64 bytes from aaaa::212:740d:d:d0d: icmp_seq=52 ttl=60 time=414 ms
64 bytes from aaaa::212:740d:d:d0d: icmp_seq=53 ttl=60 time=302 ms
64 bytes from aaaa::212:740d:d:d0d: icmp_seq=68 ttl=60 time=497 ms
64 bytes from aaaa::212:740d:d:d0d: icmp_seq=70 ttl=60 time=1472 ms
64 bytes from aaaa::212:740d:d:d0d: icmp_seq=71 ttl=60 time=610 ms
64 bytes from aaaa::212:740d:d:d0d: icmp_seq=74 ttl=60 time=596 ms
64 bytes from aaaa::212:740d:d:d0d: icmp_seq=75 ttl=60 time=1309 ms
64 bytes from aaaa::212:740d:d:d0d: icmp_seq=76 ttl=60 time=508 ms
64 bytes from aaaa::212:740d:d:d0d: icmp_seq=108 ttl=60 time=633 ms
64 bytes from aaaa::212:740d:d:d0d: icmp_seq=112 ttl=60 time=485 ms
64 bytes from aaaa::212:740d:d:d0d: icmp_seq=117 ttl=60 time=534 ms
64 bytes from aaaa::212:740d:d:d0d: icmp_seq=127 ttl=60 time=397 ms
64 bytes from aaaa::212:740d:d:d0d: icmp_seq=129 ttl=60 time=1051 ms
64 bytes from aaaa::212:740d:d:d0d: icmp_seq=130 ttl=60 time=618 ms
64 bytes from aaaa::212:740d:d:d0d: icmp_seq=136 ttl=60 time=656 ms
64 bytes from aaaa::212:740d:d:d0d: icmp_seq=158 ttl=60 time=508 ms
64 bytes from aaaa::212:740d:d:d0d: icmp_seq=161 ttl=60 time=376 ms
64 bytes from aaaa::212:740d:d:d0d: icmp_seq=165 ttl=60 time=491 ms
64 bytes from aaaa::212:740d:d:d0d: icmp_seq=167 ttl=60 time=620 ms
64 bytes from aaaa::212:740d:d:d0d: icmp_seq=168 ttl=60 time=505 ms
64 bytes from aaaa::212:740d:d:d0d: icmp_seq=171 ttl=60 time=797 ms
64 bytes from aaaa::212:740d:d:d0d: icmp_seq=172 ttl=60 time=343 ms
64 bytes from aaaa::212:740d:d:d0d: icmp_seq=173 ttl=60 time=650 ms
64 bytes from aaaa::212:740d:d:d0d: icmp_seq=174 ttl=60 time=229 ms
64 bytes from aaaa::212:740d:d:d0d: icmp_seq=176 ttl=60 time=1265 ms
64 bytes from aaaa::212:740d:d:d0d: icmp_seq=177 ttl=60 time=765 ms
64 bytes from aaaa::212:740d:d:d0d: icmp_seq=188 ttl=60 time=422 ms
64 bytes from aaaa::212:740d:d:d0d: icmp_seq=195 ttl=60 time=520 ms
64 bytes from aaaa::212:740d:d:d0d: icmp_seq=196 ttl=60 time=1133 ms

--- aaaa::212:740d:d:d0d ping statistics ---
200 packets transmitted, 44 received, 78% packet loss, time 1015314ms
rtt min/avg/max/mdev = 229.072/697.804/2108.147/398.409 ms
