PING aaaa::212:740b:b:b0b(aaaa::212:740b:b:b0b) 56 data bytes
64 bytes from aaaa::212:740b:b:b0b: icmp_seq=1 ttl=61 time=426 ms
64 bytes from aaaa::212:740b:b:b0b: icmp_seq=3 ttl=61 time=386 ms
64 bytes from aaaa::212:740b:b:b0b: icmp_seq=4 ttl=61 time=2362 ms
64 bytes from aaaa::212:740b:b:b0b: icmp_seq=5 ttl=61 time=498 ms
64 bytes from aaaa::212:740b:b:b0b: icmp_seq=7 ttl=61 time=234 ms
64 bytes from aaaa::212:740b:b:b0b: icmp_seq=8 ttl=61 time=2465 ms
64 bytes from aaaa::212:740b:b:b0b: icmp_seq=9 ttl=61 time=227 ms
64 bytes from aaaa::212:740b:b:b0b: icmp_seq=10 ttl=61 time=381 ms
64 bytes from aaaa::212:740b:b:b0b: icmp_seq=11 ttl=61 time=460 ms
64 bytes from aaaa::212:740b:b:b0b: icmp_seq=12 ttl=61 time=167 ms
64 bytes from aaaa::212:740b:b:b0b: icmp_seq=15 ttl=61 time=264 ms
64 bytes from aaaa::212:740b:b:b0b: icmp_seq=16 ttl=61 time=547 ms
64 bytes from aaaa::212:740b:b:b0b: icmp_seq=17 ttl=61 time=214 ms
64 bytes from aaaa::212:740b:b:b0b: icmp_seq=18 ttl=61 time=379 ms
64 bytes from aaaa::212:740b:b:b0b: icmp_seq=19 ttl=61 time=2344 ms
64 bytes from aaaa::212:740b:b:b0b: icmp_seq=20 ttl=61 time=991 ms
64 bytes from aaaa::212:740b:b:b0b: icmp_seq=21 ttl=61 time=1368 ms
64 bytes from aaaa::212:740b:b:b0b: icmp_seq=22 ttl=61 time=503 ms
64 bytes from aaaa::212:740b:b:b0b: icmp_seq=23 ttl=61 time=665 ms
64 bytes from aaaa::212:740b:b:b0b: icmp_seq=28 ttl=61 time=836 ms
64 bytes from aaaa::212:740b:b:b0b: icmp_seq=30 ttl=61 time=1339 ms
64 bytes from aaaa::212:740b:b:b0b: icmp_seq=31 ttl=61 time=587 ms
64 bytes from aaaa::212:740b:b:b0b: icmp_seq=32 ttl=61 time=807 ms
64 bytes from aaaa::212:740b:b:b0b: icmp_seq=33 ttl=60 time=514 ms
64 bytes from aaaa::212:740b:b:b0b: icmp_seq=34 ttl=60 time=556 ms
64 bytes from aaaa::212:740b:b:b0b: icmp_seq=35 ttl=61 time=887 ms
64 bytes from aaaa::212:740b:b:b0b: icmp_seq=47 ttl=60 time=438 ms
64 bytes from aaaa::212:740b:b:b0b: icmp_seq=48 ttl=60 time=910 ms
64 bytes from aaaa::212:740b:b:b0b: icmp_seq=50 ttl=61 time=356 ms
64 bytes from aaaa::212:740b:b:b0b: icmp_seq=51 ttl=61 time=1136 ms
64 bytes from aaaa::212:740b:b:b0b: icmp_seq=52 ttl=61 time=230 ms
64 bytes from aaaa::212:740b:b:b0b: icmp_seq=53 ttl=61 time=911 ms
64 bytes from aaaa::212:740b:b:b0b: icmp_seq=54 ttl=61 time=194 ms
64 bytes from aaaa::212:740b:b:b0b: icmp_seq=55 ttl=61 time=1136 ms
64 bytes from aaaa::212:740b:b:b0b: icmp_seq=56 ttl=61 time=1616 ms
64 bytes from aaaa::212:740b:b:b0b: icmp_seq=57 ttl=61 time=976 ms
64 bytes from aaaa::212:740b:b:b0b: icmp_seq=58 ttl=60 time=867 ms
64 bytes from aaaa::212:740b:b:b0b: icmp_seq=59 ttl=60 time=903 ms
64 bytes from aaaa::212:740b:b:b0b: icmp_seq=61 ttl=60 time=333 ms
64 bytes from aaaa::212:740b:b:b0b: icmp_seq=62 ttl=60 time=336 ms
64 bytes from aaaa::212:740b:b:b0b: icmp_seq=63 ttl=61 time=246 ms
64 bytes from aaaa::212:740b:b:b0b: icmp_seq=66 ttl=61 time=580 ms
64 bytes from aaaa::212:740b:b:b0b: icmp_seq=68 ttl=61 time=503 ms
64 bytes from aaaa::212:740b:b:b0b: icmp_seq=69 ttl=61 time=683 ms
64 bytes from aaaa::212:740b:b:b0b: icmp_seq=70 ttl=61 time=475 ms
64 bytes from aaaa::212:740b:b:b0b: icmp_seq=71 ttl=60 time=629 ms
64 bytes from aaaa::212:740b:b:b0b: icmp_seq=72 ttl=60 time=805 ms
64 bytes from aaaa::212:740b:b:b0b: icmp_seq=76 ttl=61 time=813 ms
64 bytes from aaaa::212:740b:b:b0b: icmp_seq=77 ttl=61 time=408 ms
64 bytes from aaaa::212:740b:b:b0b: icmp_seq=80 ttl=61 time=601 ms
64 bytes from aaaa::212:740b:b:b0b: icmp_seq=81 ttl=61 time=373 ms
64 bytes from aaaa::212:740b:b:b0b: icmp_seq=82 ttl=61 time=389 ms
64 bytes from aaaa::212:740b:b:b0b: icmp_seq=83 ttl=61 time=342 ms
64 bytes from aaaa::212:740b:b:b0b: icmp_seq=85 ttl=61 time=1624 ms
64 bytes from aaaa::212:740b:b:b0b: icmp_seq=86 ttl=61 time=673 ms
64 bytes from aaaa::212:740b:b:b0b: icmp_seq=87 ttl=61 time=386 ms
64 bytes from aaaa::212:740b:b:b0b: icmp_seq=88 ttl=61 time=224 ms
64 bytes from aaaa::212:740b:b:b0b: icmp_seq=89 ttl=61 time=560 ms
64 bytes from aaaa::212:740b:b:b0b: icmp_seq=90 ttl=61 time=317 ms
64 bytes from aaaa::212:740b:b:b0b: icmp_seq=92 ttl=61 time=465 ms
64 bytes from aaaa::212:740b:b:b0b: icmp_seq=93 ttl=61 time=326 ms
64 bytes from aaaa::212:740b:b:b0b: icmp_seq=94 ttl=61 time=306 ms
64 bytes from aaaa::212:740b:b:b0b: icmp_seq=95 ttl=61 time=250 ms
64 bytes from aaaa::212:740b:b:b0b: icmp_seq=96 ttl=61 time=1070 ms
64 bytes from aaaa::212:740b:b:b0b: icmp_seq=97 ttl=60 time=819 ms
64 bytes from aaaa::212:740b:b:b0b: icmp_seq=102 ttl=61 time=515 ms
64 bytes from aaaa::212:740b:b:b0b: icmp_seq=114 ttl=61 time=267 ms
64 bytes from aaaa::212:740b:b:b0b: icmp_seq=115 ttl=61 time=518 ms
64 bytes from aaaa::212:740b:b:b0b: icmp_seq=126 ttl=61 time=527 ms
64 bytes from aaaa::212:740b:b:b0b: icmp_seq=129 ttl=61 time=1028 ms
64 bytes from aaaa::212:740b:b:b0b: icmp_seq=130 ttl=61 time=597 ms
64 bytes from aaaa::212:740b:b:b0b: icmp_seq=131 ttl=61 time=320 ms
64 bytes from aaaa::212:740b:b:b0b: icmp_seq=132 ttl=61 time=1047 ms
64 bytes from aaaa::212:740b:b:b0b: icmp_seq=133 ttl=61 time=938 ms
64 bytes from aaaa::212:740b:b:b0b: icmp_seq=134 ttl=61 time=707 ms
64 bytes from aaaa::212:740b:b:b0b: icmp_seq=135 ttl=61 time=805 ms
64 bytes from aaaa::212:740b:b:b0b: icmp_seq=136 ttl=61 time=212 ms
64 bytes from aaaa::212:740b:b:b0b: icmp_seq=137 ttl=61 time=213 ms
64 bytes from aaaa::212:740b:b:b0b: icmp_seq=138 ttl=61 time=255 ms
64 bytes from aaaa::212:740b:b:b0b: icmp_seq=139 ttl=61 time=178 ms
64 bytes from aaaa::212:740b:b:b0b: icmp_seq=140 ttl=61 time=1000 ms
64 bytes from aaaa::212:740b:b:b0b: icmp_seq=141 ttl=61 time=219 ms
64 bytes from aaaa::212:740b:b:b0b: icmp_seq=142 ttl=61 time=181 ms
64 bytes from aaaa::212:740b:b:b0b: icmp_seq=143 ttl=61 time=250 ms
64 bytes from aaaa::212:740b:b:b0b: icmp_seq=146 ttl=61 time=208 ms
64 bytes from aaaa::212:740b:b:b0b: icmp_seq=147 ttl=61 time=246 ms
64 bytes from aaaa::212:740b:b:b0b: icmp_seq=148 ttl=61 time=252 ms
64 bytes from aaaa::212:740b:b:b0b: icmp_seq=149 ttl=61 time=201 ms
64 bytes from aaaa::212:740b:b:b0b: icmp_seq=150 ttl=61 time=201 ms
64 bytes from aaaa::212:740b:b:b0b: icmp_seq=151 ttl=61 time=1071 ms
64 bytes from aaaa::212:740b:b:b0b: icmp_seq=153 ttl=61 time=1192 ms
64 bytes from aaaa::212:740b:b:b0b: icmp_seq=154 ttl=61 time=884 ms
64 bytes from aaaa::212:740b:b:b0b: icmp_seq=155 ttl=61 time=503 ms
64 bytes from aaaa::212:740b:b:b0b: icmp_seq=157 ttl=61 time=209 ms
64 bytes from aaaa::212:740b:b:b0b: icmp_seq=158 ttl=61 time=194 ms
64 bytes from aaaa::212:740b:b:b0b: icmp_seq=159 ttl=61 time=599 ms
64 bytes from aaaa::212:740b:b:b0b: icmp_seq=160 ttl=61 time=185 ms
64 bytes from aaaa::212:740b:b:b0b: icmp_seq=161 ttl=61 time=653 ms
64 bytes from aaaa::212:740b:b:b0b: icmp_seq=162 ttl=61 time=257 ms
64 bytes from aaaa::212:740b:b:b0b: icmp_seq=163 ttl=61 time=163 ms
64 bytes from aaaa::212:740b:b:b0b: icmp_seq=164 ttl=61 time=329 ms
64 bytes from aaaa::212:740b:b:b0b: icmp_seq=165 ttl=61 time=443 ms
64 bytes from aaaa::212:740b:b:b0b: icmp_seq=167 ttl=61 time=403 ms
64 bytes from aaaa::212:740b:b:b0b: icmp_seq=168 ttl=61 time=364 ms
64 bytes from aaaa::212:740b:b:b0b: icmp_seq=169 ttl=61 time=241 ms
64 bytes from aaaa::212:740b:b:b0b: icmp_seq=170 ttl=61 time=166 ms
64 bytes from aaaa::212:740b:b:b0b: icmp_seq=171 ttl=61 time=580 ms
64 bytes from aaaa::212:740b:b:b0b: icmp_seq=173 ttl=61 time=400 ms
64 bytes from aaaa::212:740b:b:b0b: icmp_seq=174 ttl=61 time=242 ms
64 bytes from aaaa::212:740b:b:b0b: icmp_seq=175 ttl=61 time=716 ms
64 bytes from aaaa::212:740b:b:b0b: icmp_seq=176 ttl=61 time=170 ms
64 bytes from aaaa::212:740b:b:b0b: icmp_seq=177 ttl=61 time=516 ms
64 bytes from aaaa::212:740b:b:b0b: icmp_seq=179 ttl=61 time=194 ms
64 bytes from aaaa::212:740b:b:b0b: icmp_seq=180 ttl=61 time=420 ms
64 bytes from aaaa::212:740b:b:b0b: icmp_seq=181 ttl=61 time=214 ms
64 bytes from aaaa::212:740b:b:b0b: icmp_seq=182 ttl=61 time=179 ms
64 bytes from aaaa::212:740b:b:b0b: icmp_seq=183 ttl=61 time=822 ms
64 bytes from aaaa::212:740b:b:b0b: icmp_seq=184 ttl=61 time=317 ms
64 bytes from aaaa::212:740b:b:b0b: icmp_seq=185 ttl=61 time=673 ms
64 bytes from aaaa::212:740b:b:b0b: icmp_seq=186 ttl=61 time=179 ms
64 bytes from aaaa::212:740b:b:b0b: icmp_seq=191 ttl=61 time=495 ms
64 bytes from aaaa::212:740b:b:b0b: icmp_seq=194 ttl=61 time=1053 ms

--- aaaa::212:740b:b:b0b ping statistics ---
200 packets transmitted, 122 received, 39% packet loss, time 1005541ms
rtt min/avg/max/mdev = 163.340/578.591/2465.170/434.503 ms
