PING aaaa::212:740f:f:f0f(aaaa::212:740f:f:f0f) 56 data bytes
64 bytes from aaaa::212:740f:f:f0f: icmp_seq=2 ttl=60 time=440 ms
64 bytes from aaaa::212:740f:f:f0f: icmp_seq=4 ttl=60 time=692 ms
64 bytes from aaaa::212:740f:f:f0f: icmp_seq=5 ttl=60 time=2703 ms
64 bytes from aaaa::212:740f:f:f0f: icmp_seq=6 ttl=60 time=898 ms
64 bytes from aaaa::212:740f:f:f0f: icmp_seq=7 ttl=60 time=447 ms
64 bytes from aaaa::212:740f:f:f0f: icmp_seq=8 ttl=60 time=658 ms
64 bytes from aaaa::212:740f:f:f0f: icmp_seq=9 ttl=60 time=355 ms
64 bytes from aaaa::212:740f:f:f0f: icmp_seq=10 ttl=60 time=450 ms
64 bytes from aaaa::212:740f:f:f0f: icmp_seq=11 ttl=60 time=312 ms
64 bytes from aaaa::212:740f:f:f0f: icmp_seq=12 ttl=59 time=1856 ms
64 bytes from aaaa::212:740f:f:f0f: icmp_seq=15 ttl=60 time=250 ms
64 bytes from aaaa::212:740f:f:f0f: icmp_seq=16 ttl=60 time=200 ms
64 bytes from aaaa::212:740f:f:f0f: icmp_seq=17 ttl=60 time=732 ms
64 bytes from aaaa::212:740f:f:f0f: icmp_seq=18 ttl=60 time=314 ms
64 bytes from aaaa::212:740f:f:f0f: icmp_seq=20 ttl=58 time=649 ms
64 bytes from aaaa::212:740f:f:f0f: icmp_seq=22 ttl=60 time=368 ms
64 bytes from aaaa::212:740f:f:f0f: icmp_seq=24 ttl=60 time=1200 ms
64 bytes from aaaa::212:740f:f:f0f: icmp_seq=30 ttl=59 time=1021 ms
64 bytes from aaaa::212:740f:f:f0f: icmp_seq=31 ttl=59 time=444 ms
64 bytes from aaaa::212:740f:f:f0f: icmp_seq=32 ttl=59 time=1028 ms
64 bytes from aaaa::212:740f:f:f0f: icmp_seq=33 ttl=59 time=542 ms
64 bytes from aaaa::212:740f:f:f0f: icmp_seq=36 ttl=60 time=987 ms
64 bytes from aaaa::212:740f:f:f0f: icmp_seq=37 ttl=60 time=603 ms
64 bytes from aaaa::212:740f:f:f0f: icmp_seq=38 ttl=60 time=452 ms
64 bytes from aaaa::212:740f:f:f0f: icmp_seq=39 ttl=60 time=423 ms
64 bytes from aaaa::212:740f:f:f0f: icmp_seq=40 ttl=60 time=2412 ms
64 bytes from aaaa::212:740f:f:f0f: icmp_seq=41 ttl=60 time=1437 ms
64 bytes from aaaa::212:740f:f:f0f: icmp_seq=43 ttl=60 time=733 ms
64 bytes from aaaa::212:740f:f:f0f: icmp_seq=47 ttl=58 time=527 ms
64 bytes from aaaa::212:740f:f:f0f: icmp_seq=48 ttl=59 time=330 ms
64 bytes from aaaa::212:740f:f:f0f: icmp_seq=49 ttl=60 time=1250 ms
64 bytes from aaaa::212:740f:f:f0f: icmp_seq=50 ttl=60 time=422 ms
64 bytes from aaaa::212:740f:f:f0f: icmp_seq=51 ttl=60 time=317 ms
64 bytes from aaaa::212:740f:f:f0f: icmp_seq=53 ttl=60 time=306 ms
64 bytes from aaaa::212:740f:f:f0f: icmp_seq=64 ttl=60 time=1439 ms
64 bytes from aaaa::212:740f:f:f0f: icmp_seq=66 ttl=60 time=1271 ms
64 bytes from aaaa::212:740f:f:f0f: icmp_seq=67 ttl=60 time=302 ms
64 bytes from aaaa::212:740f:f:f0f: icmp_seq=69 ttl=60 time=745 ms
64 bytes from aaaa::212:740f:f:f0f: icmp_seq=70 ttl=59 time=352 ms
64 bytes from aaaa::212:740f:f:f0f: icmp_seq=71 ttl=59 time=337 ms
64 bytes from aaaa::212:740f:f:f0f: icmp_seq=74 ttl=60 time=390 ms
64 bytes from aaaa::212:740f:f:f0f: icmp_seq=75 ttl=60 time=841 ms
64 bytes from aaaa::212:740f:f:f0f: icmp_seq=76 ttl=60 time=245 ms
64 bytes from aaaa::212:740f:f:f0f: icmp_seq=77 ttl=60 time=855 ms
64 bytes from aaaa::212:740f:f:f0f: icmp_seq=78 ttl=60 time=649 ms
64 bytes from aaaa::212:740f:f:f0f: icmp_seq=80 ttl=60 time=438 ms
64 bytes from aaaa::212:740f:f:f0f: icmp_seq=81 ttl=60 time=214 ms
64 bytes from aaaa::212:740f:f:f0f: icmp_seq=82 ttl=60 time=234 ms
64 bytes from aaaa::212:740f:f:f0f: icmp_seq=83 ttl=60 time=2359 ms
64 bytes from aaaa::212:740f:f:f0f: icmp_seq=84 ttl=60 time=943 ms
64 bytes from aaaa::212:740f:f:f0f: icmp_seq=85 ttl=60 time=1088 ms
64 bytes from aaaa::212:740f:f:f0f: icmp_seq=88 ttl=60 time=293 ms
64 bytes from aaaa::212:740f:f:f0f: icmp_seq=89 ttl=60 time=671 ms
64 bytes from aaaa::212:740f:f:f0f: icmp_seq=90 ttl=60 time=1077 ms
64 bytes from aaaa::212:740f:f:f0f: icmp_seq=92 ttl=60 time=532 ms
64 bytes from aaaa::212:740f:f:f0f: icmp_seq=93 ttl=60 time=384 ms
64 bytes from aaaa::212:740f:f:f0f: icmp_seq=94 ttl=60 time=477 ms
64 bytes from aaaa::212:740f:f:f0f: icmp_seq=95 ttl=60 time=1202 ms
64 bytes from aaaa::212:740f:f:f0f: icmp_seq=101 ttl=60 time=1713 ms
64 bytes from aaaa::212:740f:f:f0f: icmp_seq=109 ttl=60 time=343 ms
64 bytes from aaaa::212:740f:f:f0f: icmp_seq=110 ttl=60 time=555 ms
64 bytes from aaaa::212:740f:f:f0f: icmp_seq=111 ttl=60 time=332 ms
64 bytes from aaaa::212:740f:f:f0f: icmp_seq=112 ttl=60 time=1914 ms
64 bytes from aaaa::212:740f:f:f0f: icmp_seq=113 ttl=60 time=284 ms
64 bytes from aaaa::212:740f:f:f0f: icmp_seq=114 ttl=60 time=246 ms
64 bytes from aaaa::212:740f:f:f0f: icmp_seq=116 ttl=60 time=681 ms
64 bytes from aaaa::212:740f:f:f0f: icmp_seq=118 ttl=60 time=251 ms
64 bytes from aaaa::212:740f:f:f0f: icmp_seq=119 ttl=60 time=307 ms
64 bytes from aaaa::212:740f:f:f0f: icmp_seq=120 ttl=60 time=290 ms
64 bytes from aaaa::212:740f:f:f0f: icmp_seq=123 ttl=57 time=570 ms
64 bytes from aaaa::212:740f:f:f0f: icmp_seq=124 ttl=60 time=1362 ms
64 bytes from aaaa::212:740f:f:f0f: icmp_seq=125 ttl=60 time=555 ms
64 bytes from aaaa::212:740f:f:f0f: icmp_seq=126 ttl=60 time=424 ms
64 bytes from aaaa::212:740f:f:f0f: icmp_seq=127 ttl=60 time=720 ms
64 bytes from aaaa::212:740f:f:f0f: icmp_seq=128 ttl=60 time=326 ms
64 bytes from aaaa::212:740f:f:f0f: icmp_seq=129 ttl=60 time=248 ms
64 bytes from aaaa::212:740f:f:f0f: icmp_seq=130 ttl=60 time=311 ms
64 bytes from aaaa::212:740f:f:f0f: icmp_seq=131 ttl=60 time=364 ms
64 bytes from aaaa::212:740f:f:f0f: icmp_seq=133 ttl=60 time=835 ms
64 bytes from aaaa::212:740f:f:f0f: icmp_seq=134 ttl=60 time=395 ms
64 bytes from aaaa::212:740f:f:f0f: icmp_seq=135 ttl=60 time=550 ms
64 bytes from aaaa::212:740f:f:f0f: icmp_seq=136 ttl=60 time=247 ms
64 bytes from aaaa::212:740f:f:f0f: icmp_seq=137 ttl=60 time=427 ms
64 bytes from aaaa::212:740f:f:f0f: icmp_seq=138 ttl=60 time=260 ms
64 bytes from aaaa::212:740f:f:f0f: icmp_seq=140 ttl=59 time=995 ms
64 bytes from aaaa::212:740f:f:f0f: icmp_seq=141 ttl=60 time=945 ms
64 bytes from aaaa::212:740f:f:f0f: icmp_seq=142 ttl=60 time=640 ms
64 bytes from aaaa::212:740f:f:f0f: icmp_seq=143 ttl=60 time=287 ms
64 bytes from aaaa::212:740f:f:f0f: icmp_seq=144 ttl=60 time=724 ms
64 bytes from aaaa::212:740f:f:f0f: icmp_seq=146 ttl=60 time=413 ms
64 bytes from aaaa::212:740f:f:f0f: icmp_seq=148 ttl=60 time=298 ms
64 bytes from aaaa::212:740f:f:f0f: icmp_seq=149 ttl=60 time=248 ms
64 bytes from aaaa::212:740f:f:f0f: icmp_seq=152 ttl=60 time=1154 ms
64 bytes from aaaa::212:740f:f:f0f: icmp_seq=153 ttl=60 time=460 ms
64 bytes from aaaa::212:740f:f:f0f: icmp_seq=154 ttl=60 time=429 ms
64 bytes from aaaa::212:740f:f:f0f: icmp_seq=155 ttl=60 time=3672 ms
64 bytes from aaaa::212:740f:f:f0f: icmp_seq=156 ttl=60 time=1332 ms
64 bytes from aaaa::212:740f:f:f0f: icmp_seq=157 ttl=60 time=495 ms
64 bytes from aaaa::212:740f:f:f0f: icmp_seq=160 ttl=59 time=479 ms
64 bytes from aaaa::212:740f:f:f0f: icmp_seq=161 ttl=60 time=1377 ms
64 bytes from aaaa::212:740f:f:f0f: icmp_seq=162 ttl=60 time=265 ms
64 bytes from aaaa::212:740f:f:f0f: icmp_seq=163 ttl=60 time=499 ms
64 bytes from aaaa::212:740f:f:f0f: icmp_seq=164 ttl=60 time=375 ms
64 bytes from aaaa::212:740f:f:f0f: icmp_seq=165 ttl=60 time=2114 ms
64 bytes from aaaa::212:740f:f:f0f: icmp_seq=167 ttl=60 time=268 ms
64 bytes from aaaa::212:740f:f:f0f: icmp_seq=168 ttl=60 time=261 ms
64 bytes from aaaa::212:740f:f:f0f: icmp_seq=169 ttl=60 time=273 ms
64 bytes from aaaa::212:740f:f:f0f: icmp_seq=170 ttl=60 time=651 ms
64 bytes from aaaa::212:740f:f:f0f: icmp_seq=172 ttl=58 time=610 ms
64 bytes from aaaa::212:740f:f:f0f: icmp_seq=173 ttl=59 time=317 ms
64 bytes from aaaa::212:740f:f:f0f: icmp_seq=174 ttl=59 time=800 ms
64 bytes from aaaa::212:740f:f:f0f: icmp_seq=176 ttl=60 time=390 ms
64 bytes from aaaa::212:740f:f:f0f: icmp_seq=177 ttl=60 time=496 ms
64 bytes from aaaa::212:740f:f:f0f: icmp_seq=178 ttl=60 time=572 ms
64 bytes from aaaa::212:740f:f:f0f: icmp_seq=179 ttl=60 time=723 ms
64 bytes from aaaa::212:740f:f:f0f: icmp_seq=181 ttl=60 time=568 ms
64 bytes from aaaa::212:740f:f:f0f: icmp_seq=183 ttl=60 time=545 ms
64 bytes from aaaa::212:740f:f:f0f: icmp_seq=185 ttl=60 time=366 ms
64 bytes from aaaa::212:740f:f:f0f: icmp_seq=187 ttl=60 time=762 ms
64 bytes from aaaa::212:740f:f:f0f: icmp_seq=197 ttl=60 time=922 ms
64 bytes from aaaa::212:740f:f:f0f: icmp_seq=198 ttl=60 time=268 ms
64 bytes from aaaa::212:740f:f:f0f: icmp_seq=199 ttl=60 time=404 ms
64 bytes from aaaa::212:740f:f:f0f: icmp_seq=200 ttl=60 time=258 ms

--- aaaa::212:740f:f:f0f ping statistics ---
200 packets transmitted, 123 received, 38% packet loss, time 1006054ms
rtt min/avg/max/mdev = 200.776/685.551/3672.178/553.912 ms
