PING aaaa::212:740e:e:e0e(aaaa::212:740e:e:e0e) 56 data bytes
64 bytes from aaaa::212:740e:e:e0e: icmp_seq=2 ttl=59 time=496 ms
64 bytes from aaaa::212:740e:e:e0e: icmp_seq=3 ttl=59 time=674 ms
64 bytes from aaaa::212:740e:e:e0e: icmp_seq=4 ttl=59 time=589 ms
64 bytes from aaaa::212:740e:e:e0e: icmp_seq=5 ttl=59 time=955 ms
64 bytes from aaaa::212:740e:e:e0e: icmp_seq=6 ttl=59 time=535 ms
64 bytes from aaaa::212:740e:e:e0e: icmp_seq=7 ttl=59 time=982 ms
64 bytes from aaaa::212:740e:e:e0e: icmp_seq=8 ttl=59 time=532 ms
64 bytes from aaaa::212:740e:e:e0e: icmp_seq=9 ttl=59 time=375 ms
64 bytes from aaaa::212:740e:e:e0e: icmp_seq=10 ttl=59 time=357 ms
64 bytes from aaaa::212:740e:e:e0e: icmp_seq=11 ttl=59 time=290 ms
64 bytes from aaaa::212:740e:e:e0e: icmp_seq=13 ttl=59 time=679 ms
64 bytes from aaaa::212:740e:e:e0e: icmp_seq=14 ttl=59 time=507 ms
64 bytes from aaaa::212:740e:e:e0e: icmp_seq=15 ttl=59 time=532 ms
64 bytes from aaaa::212:740e:e:e0e: icmp_seq=17 ttl=59 time=616 ms
64 bytes from aaaa::212:740e:e:e0e: icmp_seq=18 ttl=59 time=801 ms
64 bytes from aaaa::212:740e:e:e0e: icmp_seq=19 ttl=59 time=416 ms
64 bytes from aaaa::212:740e:e:e0e: icmp_seq=29 ttl=59 time=1492 ms
64 bytes from aaaa::212:740e:e:e0e: icmp_seq=36 ttl=59 time=889 ms
64 bytes from aaaa::212:740e:e:e0e: icmp_seq=41 ttl=59 time=1277 ms
64 bytes from aaaa::212:740e:e:e0e: icmp_seq=42 ttl=59 time=620 ms
64 bytes from aaaa::212:740e:e:e0e: icmp_seq=43 ttl=59 time=573 ms
64 bytes from aaaa::212:740e:e:e0e: icmp_seq=44 ttl=59 time=619 ms
64 bytes from aaaa::212:740e:e:e0e: icmp_seq=46 ttl=59 time=406 ms
64 bytes from aaaa::212:740e:e:e0e: icmp_seq=47 ttl=59 time=676 ms
64 bytes from aaaa::212:740e:e:e0e: icmp_seq=48 ttl=59 time=250 ms
64 bytes from aaaa::212:740e:e:e0e: icmp_seq=49 ttl=59 time=1012 ms
64 bytes from aaaa::212:740e:e:e0e: icmp_seq=50 ttl=59 time=2075 ms
64 bytes from aaaa::212:740e:e:e0e: icmp_seq=51 ttl=59 time=553 ms
64 bytes from aaaa::212:740e:e:e0e: icmp_seq=52 ttl=59 time=1391 ms
64 bytes from aaaa::212:740e:e:e0e: icmp_seq=53 ttl=59 time=327 ms
64 bytes from aaaa::212:740e:e:e0e: icmp_seq=58 ttl=58 time=812 ms
64 bytes from aaaa::212:740e:e:e0e: icmp_seq=59 ttl=59 time=476 ms
64 bytes from aaaa::212:740e:e:e0e: icmp_seq=60 ttl=59 time=383 ms
64 bytes from aaaa::212:740e:e:e0e: icmp_seq=64 ttl=59 time=509 ms
64 bytes from aaaa::212:740e:e:e0e: icmp_seq=65 ttl=59 time=405 ms
64 bytes from aaaa::212:740e:e:e0e: icmp_seq=66 ttl=59 time=338 ms
64 bytes from aaaa::212:740e:e:e0e: icmp_seq=67 ttl=59 time=442 ms
64 bytes from aaaa::212:740e:e:e0e: icmp_seq=68 ttl=59 time=510 ms
64 bytes from aaaa::212:740e:e:e0e: icmp_seq=69 ttl=59 time=347 ms
64 bytes from aaaa::212:740e:e:e0e: icmp_seq=70 ttl=59 time=398 ms
64 bytes from aaaa::212:740e:e:e0e: icmp_seq=71 ttl=59 time=459 ms
64 bytes from aaaa::212:740e:e:e0e: icmp_seq=74 ttl=59 time=513 ms
64 bytes from aaaa::212:740e:e:e0e: icmp_seq=75 ttl=59 time=691 ms
64 bytes from aaaa::212:740e:e:e0e: icmp_seq=76 ttl=59 time=415 ms
64 bytes from aaaa::212:740e:e:e0e: icmp_seq=77 ttl=59 time=575 ms
64 bytes from aaaa::212:740e:e:e0e: icmp_seq=78 ttl=59 time=969 ms
64 bytes from aaaa::212:740e:e:e0e: icmp_seq=82 ttl=59 time=623 ms
64 bytes from aaaa::212:740e:e:e0e: icmp_seq=83 ttl=59 time=1300 ms
64 bytes from aaaa::212:740e:e:e0e: icmp_seq=84 ttl=59 time=907 ms
64 bytes from aaaa::212:740e:e:e0e: icmp_seq=85 ttl=59 time=557 ms
64 bytes from aaaa::212:740e:e:e0e: icmp_seq=87 ttl=59 time=585 ms
64 bytes from aaaa::212:740e:e:e0e: icmp_seq=88 ttl=59 time=373 ms
64 bytes from aaaa::212:740e:e:e0e: icmp_seq=89 ttl=59 time=584 ms
64 bytes from aaaa::212:740e:e:e0e: icmp_seq=90 ttl=59 time=273 ms
64 bytes from aaaa::212:740e:e:e0e: icmp_seq=92 ttl=59 time=1341 ms
64 bytes from aaaa::212:740e:e:e0e: icmp_seq=93 ttl=59 time=345 ms
64 bytes from aaaa::212:740e:e:e0e: icmp_seq=94 ttl=59 time=548 ms
64 bytes from aaaa::212:740e:e:e0e: icmp_seq=98 ttl=59 time=490 ms
64 bytes from aaaa::212:740e:e:e0e: icmp_seq=99 ttl=59 time=480 ms
64 bytes from aaaa::212:740e:e:e0e: icmp_seq=100 ttl=59 time=648 ms
64 bytes from aaaa::212:740e:e:e0e: icmp_seq=101 ttl=59 time=583 ms
64 bytes from aaaa::212:740e:e:e0e: icmp_seq=102 ttl=59 time=944 ms
64 bytes from aaaa::212:740e:e:e0e: icmp_seq=103 ttl=59 time=606 ms
64 bytes from aaaa::212:740e:e:e0e: icmp_seq=106 ttl=59 time=575 ms
64 bytes from aaaa::212:740e:e:e0e: icmp_seq=107 ttl=59 time=933 ms
64 bytes from aaaa::212:740e:e:e0e: icmp_seq=108 ttl=59 time=830 ms
64 bytes from aaaa::212:740e:e:e0e: icmp_seq=110 ttl=59 time=1714 ms
64 bytes from aaaa::212:740e:e:e0e: icmp_seq=111 ttl=59 time=622 ms
64 bytes from aaaa::212:740e:e:e0e: icmp_seq=113 ttl=59 time=829 ms
64 bytes from aaaa::212:740e:e:e0e: icmp_seq=114 ttl=59 time=355 ms
64 bytes from aaaa::212:740e:e:e0e: icmp_seq=118 ttl=59 time=450 ms
64 bytes from aaaa::212:740e:e:e0e: icmp_seq=119 ttl=59 time=327 ms
64 bytes from aaaa::212:740e:e:e0e: icmp_seq=120 ttl=59 time=447 ms
64 bytes from aaaa::212:740e:e:e0e: icmp_seq=127 ttl=59 time=1152 ms
64 bytes from aaaa::212:740e:e:e0e: icmp_seq=129 ttl=59 time=1091 ms
64 bytes from aaaa::212:740e:e:e0e: icmp_seq=130 ttl=59 time=996 ms
64 bytes from aaaa::212:740e:e:e0e: icmp_seq=135 ttl=59 time=581 ms
64 bytes from aaaa::212:740e:e:e0e: icmp_seq=136 ttl=59 time=513 ms
64 bytes from aaaa::212:740e:e:e0e: icmp_seq=137 ttl=59 time=502 ms
64 bytes from aaaa::212:740e:e:e0e: icmp_seq=138 ttl=59 time=644 ms
64 bytes from aaaa::212:740e:e:e0e: icmp_seq=139 ttl=59 time=1822 ms
64 bytes from aaaa::212:740e:e:e0e: icmp_seq=140 ttl=59 time=1632 ms
64 bytes from aaaa::212:740e:e:e0e: icmp_seq=141 ttl=59 time=575 ms
64 bytes from aaaa::212:740e:e:e0e: icmp_seq=145 ttl=59 time=826 ms
64 bytes from aaaa::212:740e:e:e0e: icmp_seq=146 ttl=59 time=428 ms
64 bytes from aaaa::212:740e:e:e0e: icmp_seq=147 ttl=59 time=1247 ms
64 bytes from aaaa::212:740e:e:e0e: icmp_seq=148 ttl=59 time=285 ms
64 bytes from aaaa::212:740e:e:e0e: icmp_seq=149 ttl=59 time=556 ms
64 bytes from aaaa::212:740e:e:e0e: icmp_seq=150 ttl=59 time=927 ms
64 bytes from aaaa::212:740e:e:e0e: icmp_seq=153 ttl=59 time=427 ms
64 bytes from aaaa::212:740e:e:e0e: icmp_seq=154 ttl=59 time=290 ms
64 bytes from aaaa::212:740e:e:e0e: icmp_seq=155 ttl=59 time=1152 ms
64 bytes from aaaa::212:740e:e:e0e: icmp_seq=156 ttl=59 time=850 ms
64 bytes from aaaa::212:740e:e:e0e: icmp_seq=157 ttl=59 time=929 ms
64 bytes from aaaa::212:740e:e:e0e: icmp_seq=158 ttl=59 time=289 ms
64 bytes from aaaa::212:740e:e:e0e: icmp_seq=159 ttl=59 time=434 ms
64 bytes from aaaa::212:740e:e:e0e: icmp_seq=160 ttl=59 time=495 ms
64 bytes from aaaa::212:740e:e:e0e: icmp_seq=163 ttl=59 time=1140 ms
64 bytes from aaaa::212:740e:e:e0e: icmp_seq=166 ttl=59 time=322 ms
64 bytes from aaaa::212:740e:e:e0e: icmp_seq=167 ttl=59 time=302 ms
64 bytes from aaaa::212:740e:e:e0e: icmp_seq=168 ttl=59 time=308 ms
64 bytes from aaaa::212:740e:e:e0e: icmp_seq=169 ttl=59 time=305 ms
64 bytes from aaaa::212:740e:e:e0e: icmp_seq=170 ttl=59 time=381 ms
64 bytes from aaaa::212:740e:e:e0e: icmp_seq=171 ttl=59 time=561 ms
64 bytes from aaaa::212:740e:e:e0e: icmp_seq=172 ttl=59 time=1160 ms
64 bytes from aaaa::212:740e:e:e0e: icmp_seq=173 ttl=59 time=608 ms
64 bytes from aaaa::212:740e:e:e0e: icmp_seq=175 ttl=59 time=293 ms
64 bytes from aaaa::212:740e:e:e0e: icmp_seq=177 ttl=59 time=419 ms
64 bytes from aaaa::212:740e:e:e0e: icmp_seq=179 ttl=59 time=369 ms
64 bytes from aaaa::212:740e:e:e0e: icmp_seq=180 ttl=59 time=377 ms
64 bytes from aaaa::212:740e:e:e0e: icmp_seq=182 ttl=59 time=1403 ms
64 bytes from aaaa::212:740e:e:e0e: icmp_seq=183 ttl=59 time=1147 ms
64 bytes from aaaa::212:740e:e:e0e: icmp_seq=184 ttl=59 time=581 ms
64 bytes from aaaa::212:740e:e:e0e: icmp_seq=185 ttl=59 time=315 ms
64 bytes from aaaa::212:740e:e:e0e: icmp_seq=187 ttl=59 time=687 ms
64 bytes from aaaa::212:740e:e:e0e: icmp_seq=188 ttl=59 time=430 ms
64 bytes from aaaa::212:740e:e:e0e: icmp_seq=190 ttl=59 time=337 ms
64 bytes from aaaa::212:740e:e:e0e: icmp_seq=191 ttl=59 time=353 ms
64 bytes from aaaa::212:740e:e:e0e: icmp_seq=192 ttl=59 time=1840 ms
64 bytes from aaaa::212:740e:e:e0e: icmp_seq=193 ttl=59 time=663 ms
64 bytes from aaaa::212:740e:e:e0e: icmp_seq=196 ttl=59 time=318 ms
64 bytes from aaaa::212:740e:e:e0e: icmp_seq=199 ttl=59 time=608 ms
64 bytes from aaaa::212:740e:e:e0e: icmp_seq=200 ttl=59 time=1038 ms

--- aaaa::212:740e:e:e0e ping statistics ---
200 packets transmitted, 123 received, 38% packet loss, time 1005235ms
rtt min/avg/max/mdev = 250.879/674.577/2075.583/373.325 ms
