PING aaaa::212:7403:3:303(aaaa::212:7403:3:303) 56 data bytes
64 bytes from aaaa::212:7403:3:303: icmp_seq=1 ttl=63 time=417 ms
64 bytes from aaaa::212:7403:3:303: icmp_seq=2 ttl=63 time=212 ms
64 bytes from aaaa::212:7403:3:303: icmp_seq=3 ttl=63 time=116 ms
64 bytes from aaaa::212:7403:3:303: icmp_seq=6 ttl=63 time=93.4 ms
64 bytes from aaaa::212:7403:3:303: icmp_seq=7 ttl=63 time=76.3 ms
64 bytes from aaaa::212:7403:3:303: icmp_seq=8 ttl=63 time=86.6 ms
64 bytes from aaaa::212:7403:3:303: icmp_seq=11 ttl=63 time=243 ms
64 bytes from aaaa::212:7403:3:303: icmp_seq=12 ttl=63 time=88.0 ms
64 bytes from aaaa::212:7403:3:303: icmp_seq=13 ttl=63 time=94.6 ms
64 bytes from aaaa::212:7403:3:303: icmp_seq=14 ttl=63 time=211 ms
64 bytes from aaaa::212:7403:3:303: icmp_seq=15 ttl=63 time=210 ms
64 bytes from aaaa::212:7403:3:303: icmp_seq=16 ttl=63 time=91.2 ms
64 bytes from aaaa::212:7403:3:303: icmp_seq=17 ttl=63 time=92.1 ms
64 bytes from aaaa::212:7403:3:303: icmp_seq=18 ttl=63 time=643 ms
64 bytes from aaaa::212:7403:3:303: icmp_seq=19 ttl=63 time=75.5 ms
64 bytes from aaaa::212:7403:3:303: icmp_seq=20 ttl=63 time=117 ms
64 bytes from aaaa::212:7403:3:303: icmp_seq=21 ttl=63 time=185 ms
64 bytes from aaaa::212:7403:3:303: icmp_seq=24 ttl=63 time=70.2 ms
64 bytes from aaaa::212:7403:3:303: icmp_seq=25 ttl=63 time=102 ms
64 bytes from aaaa::212:7403:3:303: icmp_seq=34 ttl=63 time=147 ms
64 bytes from aaaa::212:7403:3:303: icmp_seq=47 ttl=63 time=100 ms
64 bytes from aaaa::212:7403:3:303: icmp_seq=48 ttl=63 time=93.8 ms
64 bytes from aaaa::212:7403:3:303: icmp_seq=49 ttl=63 time=207 ms
64 bytes from aaaa::212:7403:3:303: icmp_seq=50 ttl=63 time=70.8 ms
64 bytes from aaaa::212:7403:3:303: icmp_seq=51 ttl=63 time=95.7 ms
64 bytes from aaaa::212:7403:3:303: icmp_seq=52 ttl=63 time=66.2 ms
64 bytes from aaaa::212:7403:3:303: icmp_seq=53 ttl=63 time=528 ms
64 bytes from aaaa::212:7403:3:303: icmp_seq=54 ttl=63 time=56.4 ms
64 bytes from aaaa::212:7403:3:303: icmp_seq=55 ttl=63 time=300 ms
64 bytes from aaaa::212:7403:3:303: icmp_seq=56 ttl=63 time=813 ms
64 bytes from aaaa::212:7403:3:303: icmp_seq=57 ttl=63 time=50.4 ms
64 bytes from aaaa::212:7403:3:303: icmp_seq=58 ttl=63 time=225 ms
64 bytes from aaaa::212:7403:3:303: icmp_seq=59 ttl=63 time=217 ms
64 bytes from aaaa::212:7403:3:303: icmp_seq=60 ttl=63 time=398 ms
64 bytes from aaaa::212:7403:3:303: icmp_seq=61 ttl=63 time=186 ms
64 bytes from aaaa::212:7403:3:303: icmp_seq=62 ttl=63 time=53.4 ms
64 bytes from aaaa::212:7403:3:303: icmp_seq=63 ttl=63 time=90.5 ms
64 bytes from aaaa::212:7403:3:303: icmp_seq=64 ttl=63 time=114 ms
64 bytes from aaaa::212:7403:3:303: icmp_seq=65 ttl=63 time=217 ms
64 bytes from aaaa::212:7403:3:303: icmp_seq=66 ttl=63 time=130 ms
64 bytes from aaaa::212:7403:3:303: icmp_seq=70 ttl=63 time=91.7 ms
64 bytes from aaaa::212:7403:3:303: icmp_seq=76 ttl=63 time=545 ms
64 bytes from aaaa::212:7403:3:303: icmp_seq=77 ttl=63 time=74.6 ms
64 bytes from aaaa::212:7403:3:303: icmp_seq=78 ttl=63 time=92.4 ms
64 bytes from aaaa::212:7403:3:303: icmp_seq=80 ttl=63 time=448 ms
64 bytes from aaaa::212:7403:3:303: icmp_seq=81 ttl=63 time=99.9 ms
64 bytes from aaaa::212:7403:3:303: icmp_seq=82 ttl=63 time=263 ms
64 bytes from aaaa::212:7403:3:303: icmp_seq=83 ttl=63 time=692 ms
64 bytes from aaaa::212:7403:3:303: icmp_seq=84 ttl=63 time=84.8 ms
64 bytes from aaaa::212:7403:3:303: icmp_seq=85 ttl=63 time=119 ms
64 bytes from aaaa::212:7403:3:303: icmp_seq=86 ttl=63 time=94.9 ms
64 bytes from aaaa::212:7403:3:303: icmp_seq=87 ttl=63 time=116 ms
64 bytes from aaaa::212:7403:3:303: icmp_seq=88 ttl=63 time=84.5 ms
64 bytes from aaaa::212:7403:3:303: icmp_seq=89 ttl=63 time=73.3 ms
64 bytes from aaaa::212:7403:3:303: icmp_seq=90 ttl=63 time=63.4 ms
64 bytes from aaaa::212:7403:3:303: icmp_seq=91 ttl=63 time=57.7 ms
64 bytes from aaaa::212:7403:3:303: icmp_seq=92 ttl=63 time=61.0 ms
64 bytes from aaaa::212:7403:3:303: icmp_seq=93 ttl=63 time=281 ms
64 bytes from aaaa::212:7403:3:303: icmp_seq=94 ttl=63 time=119 ms
64 bytes from aaaa::212:7403:3:303: icmp_seq=95 ttl=63 time=60.5 ms
64 bytes from aaaa::212:7403:3:303: icmp_seq=96 ttl=63 time=75.5 ms
64 bytes from aaaa::212:7403:3:303: icmp_seq=97 ttl=63 time=53.9 ms
64 bytes from aaaa::212:7403:3:303: icmp_seq=98 ttl=63 time=109 ms
64 bytes from aaaa::212:7403:3:303: icmp_seq=103 ttl=63 time=95.8 ms
64 bytes from aaaa::212:7403:3:303: icmp_seq=104 ttl=63 time=106 ms
64 bytes from aaaa::212:7403:3:303: icmp_seq=105 ttl=63 time=176 ms
64 bytes from aaaa::212:7403:3:303: icmp_seq=106 ttl=63 time=74.6 ms
64 bytes from aaaa::212:7403:3:303: icmp_seq=108 ttl=63 time=223 ms
64 bytes from aaaa::212:7403:3:303: icmp_seq=109 ttl=63 time=337 ms
64 bytes from aaaa::212:7403:3:303: icmp_seq=111 ttl=63 time=208 ms
64 bytes from aaaa::212:7403:3:303: icmp_seq=112 ttl=63 time=677 ms
64 bytes from aaaa::212:7403:3:303: icmp_seq=113 ttl=63 time=234 ms
64 bytes from aaaa::212:7403:3:303: icmp_seq=114 ttl=63 time=720 ms
64 bytes from aaaa::212:7403:3:303: icmp_seq=115 ttl=63 time=461 ms
64 bytes from aaaa::212:7403:3:303: icmp_seq=116 ttl=63 time=68.7 ms
64 bytes from aaaa::212:7403:3:303: icmp_seq=117 ttl=63 time=222 ms
64 bytes from aaaa::212:7403:3:303: icmp_seq=118 ttl=63 time=206 ms
64 bytes from aaaa::212:7403:3:303: icmp_seq=119 ttl=63 time=85.4 ms
64 bytes from aaaa::212:7403:3:303: icmp_seq=121 ttl=63 time=65.2 ms
64 bytes from aaaa::212:7403:3:303: icmp_seq=122 ttl=63 time=69.9 ms
64 bytes from aaaa::212:7403:3:303: icmp_seq=123 ttl=63 time=364 ms
64 bytes from aaaa::212:7403:3:303: icmp_seq=124 ttl=63 time=335 ms
64 bytes from aaaa::212:7403:3:303: icmp_seq=126 ttl=63 time=99.4 ms
64 bytes from aaaa::212:7403:3:303: icmp_seq=137 ttl=63 time=64.7 ms
64 bytes from aaaa::212:7403:3:303: icmp_seq=140 ttl=63 time=150 ms
64 bytes from aaaa::212:7403:3:303: icmp_seq=141 ttl=63 time=197 ms
64 bytes from aaaa::212:7403:3:303: icmp_seq=143 ttl=63 time=280 ms
64 bytes from aaaa::212:7403:3:303: icmp_seq=144 ttl=63 time=111 ms
64 bytes from aaaa::212:7403:3:303: icmp_seq=145 ttl=63 time=126 ms
64 bytes from aaaa::212:7403:3:303: icmp_seq=148 ttl=63 time=69.0 ms
64 bytes from aaaa::212:7403:3:303: icmp_seq=149 ttl=63 time=361 ms
64 bytes from aaaa::212:7403:3:303: icmp_seq=150 ttl=63 time=94.2 ms
64 bytes from aaaa::212:7403:3:303: icmp_seq=151 ttl=63 time=148 ms
64 bytes from aaaa::212:7403:3:303: icmp_seq=163 ttl=63 time=155 ms
64 bytes from aaaa::212:7403:3:303: icmp_seq=164 ttl=63 time=746 ms
64 bytes from aaaa::212:7403:3:303: icmp_seq=165 ttl=63 time=85.0 ms
64 bytes from aaaa::212:7403:3:303: icmp_seq=166 ttl=63 time=43.1 ms
64 bytes from aaaa::212:7403:3:303: icmp_seq=167 ttl=63 time=114 ms
64 bytes from aaaa::212:7403:3:303: icmp_seq=168 ttl=63 time=104 ms
64 bytes from aaaa::212:7403:3:303: icmp_seq=169 ttl=63 time=84.5 ms
64 bytes from aaaa::212:7403:3:303: icmp_seq=170 ttl=63 time=80.3 ms
64 bytes from aaaa::212:7403:3:303: icmp_seq=171 ttl=63 time=51.4 ms
64 bytes from aaaa::212:7403:3:303: icmp_seq=172 ttl=63 time=62.8 ms
64 bytes from aaaa::212:7403:3:303: icmp_seq=173 ttl=63 time=71.5 ms
64 bytes from aaaa::212:7403:3:303: icmp_seq=174 ttl=63 time=371 ms
64 bytes from aaaa::212:7403:3:303: icmp_seq=175 ttl=63 time=39.9 ms
64 bytes from aaaa::212:7403:3:303: icmp_seq=176 ttl=63 time=53.8 ms
64 bytes from aaaa::212:7403:3:303: icmp_seq=177 ttl=63 time=94.2 ms
64 bytes from aaaa::212:7403:3:303: icmp_seq=178 ttl=63 time=52.5 ms
64 bytes from aaaa::212:7403:3:303: icmp_seq=179 ttl=63 time=124 ms
64 bytes from aaaa::212:7403:3:303: icmp_seq=180 ttl=63 time=45.5 ms
64 bytes from aaaa::212:7403:3:303: icmp_seq=181 ttl=63 time=80.1 ms
64 bytes from aaaa::212:7403:3:303: icmp_seq=182 ttl=63 time=55.6 ms
64 bytes from aaaa::212:7403:3:303: icmp_seq=183 ttl=63 time=68.2 ms
64 bytes from aaaa::212:7403:3:303: icmp_seq=185 ttl=63 time=196 ms
64 bytes from aaaa::212:7403:3:303: icmp_seq=186 ttl=63 time=83.0 ms
64 bytes from aaaa::212:7403:3:303: icmp_seq=187 ttl=63 time=63.4 ms
64 bytes from aaaa::212:7403:3:303: icmp_seq=188 ttl=63 time=56.9 ms
64 bytes from aaaa::212:7403:3:303: icmp_seq=189 ttl=63 time=358 ms
64 bytes from aaaa::212:7403:3:303: icmp_seq=190 ttl=63 time=92.3 ms
64 bytes from aaaa::212:7403:3:303: icmp_seq=191 ttl=63 time=78.6 ms
64 bytes from aaaa::212:7403:3:303: icmp_seq=192 ttl=63 time=52.8 ms
64 bytes from aaaa::212:7403:3:303: icmp_seq=193 ttl=63 time=99.0 ms
64 bytes from aaaa::212:7403:3:303: icmp_seq=194 ttl=63 time=43.3 ms
64 bytes from aaaa::212:7403:3:303: icmp_seq=195 ttl=63 time=183 ms
64 bytes from aaaa::212:7403:3:303: icmp_seq=196 ttl=63 time=36.8 ms
64 bytes from aaaa::212:7403:3:303: icmp_seq=197 ttl=63 time=145 ms
64 bytes from aaaa::212:7403:3:303: icmp_seq=198 ttl=63 time=67.4 ms
64 bytes from aaaa::212:7403:3:303: icmp_seq=199 ttl=63 time=35.9 ms
64 bytes from aaaa::212:7403:3:303: icmp_seq=200 ttl=63 time=190 ms

--- aaaa::212:7403:3:303 ping statistics ---
200 packets transmitted, 130 received, 35% packet loss, time 1004407ms
rtt min/avg/max/mdev = 35.947/169.003/813.441/160.427 ms
