PING aaaa::212:7404:4:404(aaaa::212:7404:4:404) 56 data bytes
64 bytes from aaaa::212:7404:4:404: icmp_seq=1 ttl=62 time=89.5 ms
64 bytes from aaaa::212:7404:4:404: icmp_seq=3 ttl=62 time=138 ms
64 bytes from aaaa::212:7404:4:404: icmp_seq=4 ttl=62 time=162 ms
64 bytes from aaaa::212:7404:4:404: icmp_seq=5 ttl=62 time=139 ms
64 bytes from aaaa::212:7404:4:404: icmp_seq=6 ttl=62 time=221 ms
64 bytes from aaaa::212:7404:4:404: icmp_seq=7 ttl=62 time=147 ms
64 bytes from aaaa::212:7404:4:404: icmp_seq=8 ttl=62 time=202 ms
64 bytes from aaaa::212:7404:4:404: icmp_seq=9 ttl=62 time=170 ms
64 bytes from aaaa::212:7404:4:404: icmp_seq=10 ttl=62 time=127 ms
64 bytes from aaaa::212:7404:4:404: icmp_seq=11 ttl=62 time=244 ms
64 bytes from aaaa::212:7404:4:404: icmp_seq=12 ttl=62 time=223 ms
64 bytes from aaaa::212:7404:4:404: icmp_seq=13 ttl=62 time=295 ms
64 bytes from aaaa::212:7404:4:404: icmp_seq=14 ttl=62 time=359 ms
64 bytes from aaaa::212:7404:4:404: icmp_seq=15 ttl=62 time=230 ms
64 bytes from aaaa::212:7404:4:404: icmp_seq=16 ttl=62 time=548 ms
64 bytes from aaaa::212:7404:4:404: icmp_seq=17 ttl=62 time=223 ms
64 bytes from aaaa::212:7404:4:404: icmp_seq=18 ttl=62 time=191 ms
64 bytes from aaaa::212:7404:4:404: icmp_seq=19 ttl=62 time=138 ms
64 bytes from aaaa::212:7404:4:404: icmp_seq=20 ttl=62 time=259 ms
64 bytes from aaaa::212:7404:4:404: icmp_seq=21 ttl=62 time=153 ms
64 bytes from aaaa::212:7404:4:404: icmp_seq=22 ttl=62 time=181 ms
64 bytes from aaaa::212:7404:4:404: icmp_seq=23 ttl=62 time=398 ms
64 bytes from aaaa::212:7404:4:404: icmp_seq=24 ttl=62 time=501 ms
64 bytes from aaaa::212:7404:4:404: icmp_seq=25 ttl=62 time=156 ms
64 bytes from aaaa::212:7404:4:404: icmp_seq=26 ttl=62 time=312 ms
64 bytes from aaaa::212:7404:4:404: icmp_seq=27 ttl=62 time=587 ms
64 bytes from aaaa::212:7404:4:404: icmp_seq=28 ttl=62 time=99.7 ms
64 bytes from aaaa::212:7404:4:404: icmp_seq=29 ttl=62 time=87.3 ms
64 bytes from aaaa::212:7404:4:404: icmp_seq=30 ttl=62 time=87.4 ms
64 bytes from aaaa::212:7404:4:404: icmp_seq=31 ttl=62 time=105 ms
64 bytes from aaaa::212:7404:4:404: icmp_seq=32 ttl=62 time=110 ms
64 bytes from aaaa::212:7404:4:404: icmp_seq=33 ttl=62 time=107 ms
64 bytes from aaaa::212:7404:4:404: icmp_seq=34 ttl=62 time=112 ms
64 bytes from aaaa::212:7404:4:404: icmp_seq=44 ttl=62 time=376 ms
64 bytes from aaaa::212:7404:4:404: icmp_seq=45 ttl=62 time=270 ms
64 bytes from aaaa::212:7404:4:404: icmp_seq=52 ttl=62 time=161 ms
64 bytes from aaaa::212:7404:4:404: icmp_seq=53 ttl=62 time=455 ms
64 bytes from aaaa::212:7404:4:404: icmp_seq=54 ttl=62 time=246 ms
64 bytes from aaaa::212:7404:4:404: icmp_seq=58 ttl=62 time=181 ms
64 bytes from aaaa::212:7404:4:404: icmp_seq=59 ttl=62 time=156 ms
64 bytes from aaaa::212:7404:4:404: icmp_seq=61 ttl=62 time=97.1 ms
64 bytes from aaaa::212:7404:4:404: icmp_seq=62 ttl=62 time=138 ms
64 bytes from aaaa::212:7404:4:404: icmp_seq=63 ttl=62 time=129 ms
64 bytes from aaaa::212:7404:4:404: icmp_seq=64 ttl=62 time=135 ms
64 bytes from aaaa::212:7404:4:404: icmp_seq=65 ttl=62 time=118 ms
64 bytes from aaaa::212:7404:4:404: icmp_seq=66 ttl=62 time=93.5 ms
64 bytes from aaaa::212:7404:4:404: icmp_seq=67 ttl=62 time=122 ms
64 bytes from aaaa::212:7404:4:404: icmp_seq=68 ttl=62 time=81.1 ms
64 bytes from aaaa::212:7404:4:404: icmp_seq=69 ttl=62 time=112 ms
64 bytes from aaaa::212:7404:4:404: icmp_seq=70 ttl=62 time=113 ms
64 bytes from aaaa::212:7404:4:404: icmp_seq=71 ttl=62 time=96.2 ms
64 bytes from aaaa::212:7404:4:404: icmp_seq=72 ttl=62 time=84.7 ms
64 bytes from aaaa::212:7404:4:404: icmp_seq=73 ttl=62 time=258 ms
64 bytes from aaaa::212:7404:4:404: icmp_seq=74 ttl=62 time=88.3 ms
64 bytes from aaaa::212:7404:4:404: icmp_seq=75 ttl=62 time=101 ms
64 bytes from aaaa::212:7404:4:404: icmp_seq=76 ttl=62 time=92.7 ms
64 bytes from aaaa::212:7404:4:404: icmp_seq=77 ttl=62 time=78.3 ms
64 bytes from aaaa::212:7404:4:404: icmp_seq=78 ttl=62 time=152 ms
64 bytes from aaaa::212:7404:4:404: icmp_seq=79 ttl=62 time=69.1 ms
64 bytes from aaaa::212:7404:4:404: icmp_seq=80 ttl=62 time=189 ms
64 bytes from aaaa::212:7404:4:404: icmp_seq=81 ttl=62 time=106 ms
64 bytes from aaaa::212:7404:4:404: icmp_seq=82 ttl=62 time=216 ms
64 bytes from aaaa::212:7404:4:404: icmp_seq=83 ttl=62 time=132 ms
64 bytes from aaaa::212:7404:4:404: icmp_seq=84 ttl=62 time=135 ms
64 bytes from aaaa::212:7404:4:404: icmp_seq=85 ttl=62 time=90.6 ms
64 bytes from aaaa::212:7404:4:404: icmp_seq=86 ttl=62 time=124 ms
64 bytes from aaaa::212:7404:4:404: icmp_seq=87 ttl=62 time=78.7 ms
64 bytes from aaaa::212:7404:4:404: icmp_seq=88 ttl=62 time=142 ms
64 bytes from aaaa::212:7404:4:404: icmp_seq=89 ttl=62 time=98.3 ms
64 bytes from aaaa::212:7404:4:404: icmp_seq=90 ttl=62 time=179 ms
64 bytes from aaaa::212:7404:4:404: icmp_seq=91 ttl=62 time=92.1 ms
64 bytes from aaaa::212:7404:4:404: icmp_seq=92 ttl=62 time=137 ms
64 bytes from aaaa::212:7404:4:404: icmp_seq=93 ttl=62 time=168 ms
64 bytes from aaaa::212:7404:4:404: icmp_seq=94 ttl=62 time=228 ms
64 bytes from aaaa::212:7404:4:404: icmp_seq=95 ttl=62 time=134 ms
64 bytes from aaaa::212:7404:4:404: icmp_seq=96 ttl=62 time=102 ms
64 bytes from aaaa::212:7404:4:404: icmp_seq=97 ttl=62 time=121 ms
64 bytes from aaaa::212:7404:4:404: icmp_seq=98 ttl=62 time=156 ms
64 bytes from aaaa::212:7404:4:404: icmp_seq=99 ttl=62 time=98.3 ms
64 bytes from aaaa::212:7404:4:404: icmp_seq=100 ttl=62 time=221 ms
64 bytes from aaaa::212:7404:4:404: icmp_seq=102 ttl=62 time=79.1 ms
64 bytes from aaaa::212:7404:4:404: icmp_seq=103 ttl=62 time=90.3 ms
64 bytes from aaaa::212:7404:4:404: icmp_seq=104 ttl=62 time=93.5 ms
64 bytes from aaaa::212:7404:4:404: icmp_seq=105 ttl=62 time=97.0 ms
64 bytes from aaaa::212:7404:4:404: icmp_seq=106 ttl=62 time=108 ms
64 bytes from aaaa::212:7404:4:404: icmp_seq=107 ttl=62 time=83.2 ms
64 bytes from aaaa::212:7404:4:404: icmp_seq=108 ttl=62 time=109 ms
64 bytes from aaaa::212:7404:4:404: icmp_seq=109 ttl=62 time=83.1 ms
64 bytes from aaaa::212:7404:4:404: icmp_seq=110 ttl=62 time=99.9 ms
64 bytes from aaaa::212:7404:4:404: icmp_seq=111 ttl=62 time=104 ms
64 bytes from aaaa::212:7404:4:404: icmp_seq=112 ttl=62 time=112 ms
64 bytes from aaaa::212:7404:4:404: icmp_seq=113 ttl=62 time=75.1 ms
64 bytes from aaaa::212:7404:4:404: icmp_seq=114 ttl=62 time=96.4 ms
64 bytes from aaaa::212:7404:4:404: icmp_seq=115 ttl=62 time=128 ms
64 bytes from aaaa::212:7404:4:404: icmp_seq=116 ttl=62 time=87.4 ms
64 bytes from aaaa::212:7404:4:404: icmp_seq=117 ttl=62 time=84.1 ms
64 bytes from aaaa::212:7404:4:404: icmp_seq=118 ttl=62 time=121 ms
64 bytes from aaaa::212:7404:4:404: icmp_seq=119 ttl=62 time=93.7 ms
64 bytes from aaaa::212:7404:4:404: icmp_seq=120 ttl=62 time=158 ms
64 bytes from aaaa::212:7404:4:404: icmp_seq=121 ttl=62 time=108 ms
64 bytes from aaaa::212:7404:4:404: icmp_seq=122 ttl=62 time=310 ms
64 bytes from aaaa::212:7404:4:404: icmp_seq=123 ttl=62 time=105 ms
64 bytes from aaaa::212:7404:4:404: icmp_seq=124 ttl=62 time=91.5 ms
64 bytes from aaaa::212:7404:4:404: icmp_seq=125 ttl=62 time=80.4 ms
64 bytes from aaaa::212:7404:4:404: icmp_seq=126 ttl=62 time=103 ms
64 bytes from aaaa::212:7404:4:404: icmp_seq=127 ttl=62 time=80.7 ms
64 bytes from aaaa::212:7404:4:404: icmp_seq=128 ttl=62 time=80.0 ms
64 bytes from aaaa::212:7404:4:404: icmp_seq=129 ttl=62 time=80.9 ms
64 bytes from aaaa::212:7404:4:404: icmp_seq=130 ttl=62 time=85.0 ms
64 bytes from aaaa::212:7404:4:404: icmp_seq=131 ttl=62 time=78.0 ms
64 bytes from aaaa::212:7404:4:404: icmp_seq=132 ttl=62 time=98.3 ms
64 bytes from aaaa::212:7404:4:404: icmp_seq=133 ttl=62 time=85.2 ms
64 bytes from aaaa::212:7404:4:404: icmp_seq=134 ttl=62 time=117 ms
64 bytes from aaaa::212:7404:4:404: icmp_seq=135 ttl=62 time=86.0 ms
64 bytes from aaaa::212:7404:4:404: icmp_seq=136 ttl=62 time=90.5 ms
64 bytes from aaaa::212:7404:4:404: icmp_seq=137 ttl=62 time=92.0 ms
64 bytes from aaaa::212:7404:4:404: icmp_seq=138 ttl=62 time=80.1 ms
64 bytes from aaaa::212:7404:4:404: icmp_seq=139 ttl=62 time=139 ms
64 bytes from aaaa::212:7404:4:404: icmp_seq=140 ttl=62 time=100 ms
64 bytes from aaaa::212:7404:4:404: icmp_seq=141 ttl=62 time=88.8 ms
64 bytes from aaaa::212:7404:4:404: icmp_seq=142 ttl=62 time=82.8 ms
64 bytes from aaaa::212:7404:4:404: icmp_seq=143 ttl=62 time=89.7 ms
64 bytes from aaaa::212:7404:4:404: icmp_seq=144 ttl=62 time=101 ms
64 bytes from aaaa::212:7404:4:404: icmp_seq=145 ttl=62 time=95.3 ms
64 bytes from aaaa::212:7404:4:404: icmp_seq=146 ttl=62 time=87.4 ms
64 bytes from aaaa::212:7404:4:404: icmp_seq=147 ttl=62 time=75.1 ms
64 bytes from aaaa::212:7404:4:404: icmp_seq=148 ttl=62 time=252 ms
64 bytes from aaaa::212:7404:4:404: icmp_seq=149 ttl=62 time=80.4 ms
64 bytes from aaaa::212:7404:4:404: icmp_seq=150 ttl=62 time=82.2 ms
64 bytes from aaaa::212:7404:4:404: icmp_seq=151 ttl=62 time=76.8 ms
64 bytes from aaaa::212:7404:4:404: icmp_seq=152 ttl=62 time=96.5 ms
64 bytes from aaaa::212:7404:4:404: icmp_seq=153 ttl=62 time=87.1 ms
64 bytes from aaaa::212:7404:4:404: icmp_seq=154 ttl=62 time=77.9 ms
64 bytes from aaaa::212:7404:4:404: icmp_seq=155 ttl=62 time=73.8 ms
64 bytes from aaaa::212:7404:4:404: icmp_seq=156 ttl=62 time=106 ms
64 bytes from aaaa::212:7404:4:404: icmp_seq=157 ttl=62 time=79.6 ms
64 bytes from aaaa::212:7404:4:404: icmp_seq=158 ttl=62 time=127 ms
64 bytes from aaaa::212:7404:4:404: icmp_seq=159 ttl=62 time=70.0 ms
64 bytes from aaaa::212:7404:4:404: icmp_seq=160 ttl=62 time=77.7 ms
64 bytes from aaaa::212:7404:4:404: icmp_seq=161 ttl=62 time=99.7 ms
64 bytes from aaaa::212:7404:4:404: icmp_seq=162 ttl=62 time=107 ms
64 bytes from aaaa::212:7404:4:404: icmp_seq=163 ttl=62 time=79.5 ms
64 bytes from aaaa::212:7404:4:404: icmp_seq=164 ttl=62 time=81.8 ms
64 bytes from aaaa::212:7404:4:404: icmp_seq=165 ttl=62 time=83.3 ms
64 bytes from aaaa::212:7404:4:404: icmp_seq=166 ttl=62 time=80.9 ms
64 bytes from aaaa::212:7404:4:404: icmp_seq=167 ttl=62 time=108 ms
64 bytes from aaaa::212:7404:4:404: icmp_seq=168 ttl=62 time=96.9 ms
64 bytes from aaaa::212:7404:4:404: icmp_seq=169 ttl=62 time=76.7 ms
64 bytes from aaaa::212:7404:4:404: icmp_seq=170 ttl=62 time=114 ms
64 bytes from aaaa::212:7404:4:404: icmp_seq=171 ttl=62 time=86.5 ms
64 bytes from aaaa::212:7404:4:404: icmp_seq=172 ttl=62 time=97.3 ms
64 bytes from aaaa::212:7404:4:404: icmp_seq=173 ttl=62 time=86.3 ms
64 bytes from aaaa::212:7404:4:404: icmp_seq=174 ttl=62 time=88.3 ms
64 bytes from aaaa::212:7404:4:404: icmp_seq=175 ttl=62 time=99.4 ms
64 bytes from aaaa::212:7404:4:404: icmp_seq=176 ttl=62 time=70.4 ms
64 bytes from aaaa::212:7404:4:404: icmp_seq=177 ttl=62 time=77.7 ms
64 bytes from aaaa::212:7404:4:404: icmp_seq=178 ttl=62 time=97.6 ms
64 bytes from aaaa::212:7404:4:404: icmp_seq=179 ttl=62 time=96.9 ms
64 bytes from aaaa::212:7404:4:404: icmp_seq=180 ttl=62 time=84.6 ms
64 bytes from aaaa::212:7404:4:404: icmp_seq=181 ttl=62 time=157 ms
64 bytes from aaaa::212:7404:4:404: icmp_seq=182 ttl=62 time=82.3 ms
64 bytes from aaaa::212:7404:4:404: icmp_seq=183 ttl=62 time=79.3 ms
64 bytes from aaaa::212:7404:4:404: icmp_seq=184 ttl=62 time=142 ms
64 bytes from aaaa::212:7404:4:404: icmp_seq=185 ttl=62 time=88.3 ms
64 bytes from aaaa::212:7404:4:404: icmp_seq=186 ttl=62 time=146 ms
64 bytes from aaaa::212:7404:4:404: icmp_seq=187 ttl=62 time=131 ms
64 bytes from aaaa::212:7404:4:404: icmp_seq=188 ttl=62 time=112 ms
64 bytes from aaaa::212:7404:4:404: icmp_seq=189 ttl=62 time=142 ms
64 bytes from aaaa::212:7404:4:404: icmp_seq=190 ttl=62 time=121 ms
64 bytes from aaaa::212:7404:4:404: icmp_seq=191 ttl=62 time=131 ms
64 bytes from aaaa::212:7404:4:404: icmp_seq=196 ttl=62 time=153 ms
64 bytes from aaaa::212:7404:4:404: icmp_seq=197 ttl=62 time=408 ms
64 bytes from aaaa::212:7404:4:404: icmp_seq=198 ttl=62 time=120 ms
64 bytes from aaaa::212:7404:4:404: icmp_seq=199 ttl=62 time=196 ms
64 bytes from aaaa::212:7404:4:404: icmp_seq=200 ttl=62 time=272 ms

--- aaaa::212:7404:4:404 ping statistics ---
200 packets transmitted, 175 received, 12% packet loss, time 998796ms
rtt min/avg/max/mdev = 69.156/138.834/587.037/87.868 ms
