PING aaaa::212:7402:2:202(aaaa::212:7402:2:202) 56 data bytes
64 bytes from aaaa::212:7402:2:202: icmp_seq=1 ttl=62 time=98.7 ms
64 bytes from aaaa::212:7402:2:202: icmp_seq=2 ttl=62 time=101 ms
64 bytes from aaaa::212:7402:2:202: icmp_seq=3 ttl=62 time=174 ms
64 bytes from aaaa::212:7402:2:202: icmp_seq=4 ttl=62 time=457 ms
64 bytes from aaaa::212:7402:2:202: icmp_seq=7 ttl=62 time=629 ms
64 bytes from aaaa::212:7402:2:202: icmp_seq=8 ttl=62 time=432 ms
64 bytes from aaaa::212:7402:2:202: icmp_seq=9 ttl=62 time=110 ms
64 bytes from aaaa::212:7402:2:202: icmp_seq=10 ttl=62 time=75.2 ms
64 bytes from aaaa::212:7402:2:202: icmp_seq=11 ttl=62 time=200 ms
64 bytes from aaaa::212:7402:2:202: icmp_seq=12 ttl=62 time=338 ms
64 bytes from aaaa::212:7402:2:202: icmp_seq=13 ttl=62 time=354 ms
64 bytes from aaaa::212:7402:2:202: icmp_seq=14 ttl=62 time=329 ms
64 bytes from aaaa::212:7402:2:202: icmp_seq=16 ttl=62 time=464 ms
64 bytes from aaaa::212:7402:2:202: icmp_seq=17 ttl=62 time=138 ms
64 bytes from aaaa::212:7402:2:202: icmp_seq=18 ttl=62 time=331 ms
64 bytes from aaaa::212:7402:2:202: icmp_seq=19 ttl=62 time=164 ms
64 bytes from aaaa::212:7402:2:202: icmp_seq=20 ttl=62 time=322 ms
64 bytes from aaaa::212:7402:2:202: icmp_seq=21 ttl=62 time=1002 ms
64 bytes from aaaa::212:7402:2:202: icmp_seq=22 ttl=62 time=510 ms
64 bytes from aaaa::212:7402:2:202: icmp_seq=23 ttl=62 time=111 ms
64 bytes from aaaa::212:7402:2:202: icmp_seq=24 ttl=62 time=209 ms
64 bytes from aaaa::212:7402:2:202: icmp_seq=25 ttl=62 time=874 ms
64 bytes from aaaa::212:7402:2:202: icmp_seq=27 ttl=62 time=92.3 ms
64 bytes from aaaa::212:7402:2:202: icmp_seq=28 ttl=62 time=177 ms
64 bytes from aaaa::212:7402:2:202: icmp_seq=29 ttl=62 time=281 ms
64 bytes from aaaa::212:7402:2:202: icmp_seq=30 ttl=62 time=84.1 ms
64 bytes from aaaa::212:7402:2:202: icmp_seq=31 ttl=62 time=118 ms
64 bytes from aaaa::212:7402:2:202: icmp_seq=32 ttl=62 time=107 ms
64 bytes from aaaa::212:7402:2:202: icmp_seq=33 ttl=62 time=91.3 ms
64 bytes from aaaa::212:7402:2:202: icmp_seq=34 ttl=62 time=66.7 ms
64 bytes from aaaa::212:7402:2:202: icmp_seq=35 ttl=62 time=113 ms
64 bytes from aaaa::212:7402:2:202: icmp_seq=36 ttl=62 time=102 ms
64 bytes from aaaa::212:7402:2:202: icmp_seq=37 ttl=62 time=95.5 ms
64 bytes from aaaa::212:7402:2:202: icmp_seq=38 ttl=62 time=72.2 ms
64 bytes from aaaa::212:7402:2:202: icmp_seq=39 ttl=62 time=79.1 ms
64 bytes from aaaa::212:7402:2:202: icmp_seq=40 ttl=62 time=88.7 ms
64 bytes from aaaa::212:7402:2:202: icmp_seq=41 ttl=62 time=80.3 ms
64 bytes from aaaa::212:7402:2:202: icmp_seq=42 ttl=62 time=83.3 ms
64 bytes from aaaa::212:7402:2:202: icmp_seq=43 ttl=62 time=121 ms
64 bytes from aaaa::212:7402:2:202: icmp_seq=44 ttl=62 time=78.6 ms
64 bytes from aaaa::212:7402:2:202: icmp_seq=45 ttl=62 time=83.2 ms
64 bytes from aaaa::212:7402:2:202: icmp_seq=46 ttl=62 time=121 ms
64 bytes from aaaa::212:7402:2:202: icmp_seq=47 ttl=62 time=84.4 ms
64 bytes from aaaa::212:7402:2:202: icmp_seq=48 ttl=62 time=90.3 ms
64 bytes from aaaa::212:7402:2:202: icmp_seq=49 ttl=62 time=86.8 ms
64 bytes from aaaa::212:7402:2:202: icmp_seq=50 ttl=62 time=76.3 ms
64 bytes from aaaa::212:7402:2:202: icmp_seq=51 ttl=62 time=90.5 ms
64 bytes from aaaa::212:7402:2:202: icmp_seq=52 ttl=62 time=64.3 ms
64 bytes from aaaa::212:7402:2:202: icmp_seq=53 ttl=62 time=89.1 ms
64 bytes from aaaa::212:7402:2:202: icmp_seq=54 ttl=62 time=78.7 ms
64 bytes from aaaa::212:7402:2:202: icmp_seq=55 ttl=62 time=67.8 ms
64 bytes from aaaa::212:7402:2:202: icmp_seq=56 ttl=62 time=79.4 ms
64 bytes from aaaa::212:7402:2:202: icmp_seq=57 ttl=62 time=128 ms
64 bytes from aaaa::212:7402:2:202: icmp_seq=58 ttl=62 time=102 ms
64 bytes from aaaa::212:7402:2:202: icmp_seq=59 ttl=62 time=124 ms
64 bytes from aaaa::212:7402:2:202: icmp_seq=60 ttl=62 time=76.5 ms
64 bytes from aaaa::212:7402:2:202: icmp_seq=61 ttl=62 time=83.2 ms
64 bytes from aaaa::212:7402:2:202: icmp_seq=62 ttl=62 time=98.9 ms
64 bytes from aaaa::212:7402:2:202: icmp_seq=63 ttl=62 time=88.3 ms
64 bytes from aaaa::212:7402:2:202: icmp_seq=64 ttl=62 time=102 ms
64 bytes from aaaa::212:7402:2:202: icmp_seq=65 ttl=62 time=274 ms
64 bytes from aaaa::212:7402:2:202: icmp_seq=66 ttl=62 time=245 ms
64 bytes from aaaa::212:7402:2:202: icmp_seq=67 ttl=62 time=214 ms
64 bytes from aaaa::212:7402:2:202: icmp_seq=68 ttl=62 time=261 ms
64 bytes from aaaa::212:7402:2:202: icmp_seq=69 ttl=62 time=178 ms
64 bytes from aaaa::212:7402:2:202: icmp_seq=70 ttl=62 time=97.6 ms
64 bytes from aaaa::212:7402:2:202: icmp_seq=71 ttl=62 time=94.9 ms
64 bytes from aaaa::212:7402:2:202: icmp_seq=72 ttl=62 time=81.5 ms
64 bytes from aaaa::212:7402:2:202: icmp_seq=73 ttl=62 time=109 ms
64 bytes from aaaa::212:7402:2:202: icmp_seq=74 ttl=62 time=214 ms
64 bytes from aaaa::212:7402:2:202: icmp_seq=75 ttl=62 time=101 ms
64 bytes from aaaa::212:7402:2:202: icmp_seq=76 ttl=62 time=154 ms
64 bytes from aaaa::212:7402:2:202: icmp_seq=77 ttl=62 time=190 ms
64 bytes from aaaa::212:7402:2:202: icmp_seq=79 ttl=62 time=132 ms
64 bytes from aaaa::212:7402:2:202: icmp_seq=80 ttl=62 time=93.4 ms
64 bytes from aaaa::212:7402:2:202: icmp_seq=82 ttl=62 time=72.9 ms
64 bytes from aaaa::212:7402:2:202: icmp_seq=83 ttl=62 time=92.2 ms
64 bytes from aaaa::212:7402:2:202: icmp_seq=84 ttl=62 time=101 ms
64 bytes from aaaa::212:7402:2:202: icmp_seq=85 ttl=62 time=80.6 ms
64 bytes from aaaa::212:7402:2:202: icmp_seq=86 ttl=62 time=99.2 ms
64 bytes from aaaa::212:7402:2:202: icmp_seq=87 ttl=62 time=104 ms
64 bytes from aaaa::212:7402:2:202: icmp_seq=88 ttl=62 time=61.5 ms
64 bytes from aaaa::212:7402:2:202: icmp_seq=89 ttl=62 time=98.0 ms
64 bytes from aaaa::212:7402:2:202: icmp_seq=90 ttl=62 time=114 ms
64 bytes from aaaa::212:7402:2:202: icmp_seq=91 ttl=62 time=59.9 ms
64 bytes from aaaa::212:7402:2:202: icmp_seq=93 ttl=62 time=66.1 ms
64 bytes from aaaa::212:7402:2:202: icmp_seq=94 ttl=62 time=69.2 ms
64 bytes from aaaa::212:7402:2:202: icmp_seq=95 ttl=62 time=91.6 ms
64 bytes from aaaa::212:7402:2:202: icmp_seq=96 ttl=62 time=60.4 ms
64 bytes from aaaa::212:7402:2:202: icmp_seq=97 ttl=62 time=75.9 ms
64 bytes from aaaa::212:7402:2:202: icmp_seq=98 ttl=62 time=122 ms
64 bytes from aaaa::212:7402:2:202: icmp_seq=99 ttl=62 time=116 ms
64 bytes from aaaa::212:7402:2:202: icmp_seq=100 ttl=62 time=70.1 ms
64 bytes from aaaa::212:7402:2:202: icmp_seq=101 ttl=62 time=73.1 ms
64 bytes from aaaa::212:7402:2:202: icmp_seq=102 ttl=62 time=85.1 ms
64 bytes from aaaa::212:7402:2:202: icmp_seq=103 ttl=62 time=114 ms
64 bytes from aaaa::212:7402:2:202: icmp_seq=104 ttl=62 time=74.0 ms
64 bytes from aaaa::212:7402:2:202: icmp_seq=105 ttl=62 time=153 ms
64 bytes from aaaa::212:7402:2:202: icmp_seq=106 ttl=62 time=77.3 ms
64 bytes from aaaa::212:7402:2:202: icmp_seq=107 ttl=62 time=80.5 ms
64 bytes from aaaa::212:7402:2:202: icmp_seq=108 ttl=62 time=93.0 ms
64 bytes from aaaa::212:7402:2:202: icmp_seq=109 ttl=62 time=79.5 ms
64 bytes from aaaa::212:7402:2:202: icmp_seq=110 ttl=62 time=108 ms
64 bytes from aaaa::212:7402:2:202: icmp_seq=111 ttl=62 time=105 ms
64 bytes from aaaa::212:7402:2:202: icmp_seq=112 ttl=62 time=140 ms
64 bytes from aaaa::212:7402:2:202: icmp_seq=113 ttl=62 time=161 ms
64 bytes from aaaa::212:7402:2:202: icmp_seq=114 ttl=62 time=178 ms
64 bytes from aaaa::212:7402:2:202: icmp_seq=115 ttl=62 time=115 ms
64 bytes from aaaa::212:7402:2:202: icmp_seq=116 ttl=62 time=127 ms
64 bytes from aaaa::212:7402:2:202: icmp_seq=117 ttl=62 time=238 ms
64 bytes from aaaa::212:7402:2:202: icmp_seq=118 ttl=62 time=169 ms
64 bytes from aaaa::212:7402:2:202: icmp_seq=119 ttl=62 time=273 ms
64 bytes from aaaa::212:7402:2:202: icmp_seq=120 ttl=62 time=343 ms
64 bytes from aaaa::212:7402:2:202: icmp_seq=121 ttl=62 time=120 ms
64 bytes from aaaa::212:7402:2:202: icmp_seq=122 ttl=62 time=149 ms
64 bytes from aaaa::212:7402:2:202: icmp_seq=123 ttl=62 time=114 ms
64 bytes from aaaa::212:7402:2:202: icmp_seq=125 ttl=62 time=200 ms
64 bytes from aaaa::212:7402:2:202: icmp_seq=126 ttl=62 time=130 ms
64 bytes from aaaa::212:7402:2:202: icmp_seq=127 ttl=62 time=99.7 ms
64 bytes from aaaa::212:7402:2:202: icmp_seq=128 ttl=62 time=410 ms
64 bytes from aaaa::212:7402:2:202: icmp_seq=129 ttl=62 time=133 ms
64 bytes from aaaa::212:7402:2:202: icmp_seq=130 ttl=62 time=299 ms
64 bytes from aaaa::212:7402:2:202: icmp_seq=131 ttl=62 time=104 ms
64 bytes from aaaa::212:7402:2:202: icmp_seq=132 ttl=62 time=226 ms
64 bytes from aaaa::212:7402:2:202: icmp_seq=133 ttl=62 time=106 ms
64 bytes from aaaa::212:7402:2:202: icmp_seq=134 ttl=62 time=83.0 ms
64 bytes from aaaa::212:7402:2:202: icmp_seq=135 ttl=62 time=124 ms
64 bytes from aaaa::212:7402:2:202: icmp_seq=136 ttl=62 time=79.6 ms
64 bytes from aaaa::212:7402:2:202: icmp_seq=137 ttl=62 time=80.6 ms
64 bytes from aaaa::212:7402:2:202: icmp_seq=138 ttl=62 time=206 ms
64 bytes from aaaa::212:7402:2:202: icmp_seq=139 ttl=62 time=124 ms
64 bytes from aaaa::212:7402:2:202: icmp_seq=140 ttl=62 time=118 ms
64 bytes from aaaa::212:7402:2:202: icmp_seq=141 ttl=62 time=469 ms
64 bytes from aaaa::212:7402:2:202: icmp_seq=142 ttl=62 time=362 ms
64 bytes from aaaa::212:7402:2:202: icmp_seq=143 ttl=62 time=321 ms
64 bytes from aaaa::212:7402:2:202: icmp_seq=144 ttl=62 time=139 ms
64 bytes from aaaa::212:7402:2:202: icmp_seq=145 ttl=62 time=136 ms
64 bytes from aaaa::212:7402:2:202: icmp_seq=146 ttl=62 time=187 ms
64 bytes from aaaa::212:7402:2:202: icmp_seq=147 ttl=62 time=103 ms
64 bytes from aaaa::212:7402:2:202: icmp_seq=148 ttl=62 time=270 ms
64 bytes from aaaa::212:7402:2:202: icmp_seq=149 ttl=62 time=94.1 ms
64 bytes from aaaa::212:7402:2:202: icmp_seq=150 ttl=62 time=117 ms
64 bytes from aaaa::212:7402:2:202: icmp_seq=151 ttl=62 time=485 ms
64 bytes from aaaa::212:7402:2:202: icmp_seq=152 ttl=62 time=114 ms
64 bytes from aaaa::212:7402:2:202: icmp_seq=153 ttl=62 time=374 ms
64 bytes from aaaa::212:7402:2:202: icmp_seq=154 ttl=62 time=102 ms
64 bytes from aaaa::212:7402:2:202: icmp_seq=155 ttl=62 time=109 ms
64 bytes from aaaa::212:7402:2:202: icmp_seq=156 ttl=62 time=208 ms
64 bytes from aaaa::212:7402:2:202: icmp_seq=157 ttl=62 time=360 ms
64 bytes from aaaa::212:7402:2:202: icmp_seq=158 ttl=62 time=369 ms
64 bytes from aaaa::212:7402:2:202: icmp_seq=159 ttl=62 time=112 ms
64 bytes from aaaa::212:7402:2:202: icmp_seq=160 ttl=62 time=133 ms
64 bytes from aaaa::212:7402:2:202: icmp_seq=161 ttl=62 time=97.0 ms
64 bytes from aaaa::212:7402:2:202: icmp_seq=162 ttl=62 time=130 ms
64 bytes from aaaa::212:7402:2:202: icmp_seq=163 ttl=62 time=98.7 ms
64 bytes from aaaa::212:7402:2:202: icmp_seq=164 ttl=62 time=390 ms
64 bytes from aaaa::212:7402:2:202: icmp_seq=165 ttl=62 time=72.5 ms
64 bytes from aaaa::212:7402:2:202: icmp_seq=166 ttl=62 time=288 ms
64 bytes from aaaa::212:7402:2:202: icmp_seq=167 ttl=62 time=319 ms
64 bytes from aaaa::212:7402:2:202: icmp_seq=168 ttl=62 time=97.1 ms
64 bytes from aaaa::212:7402:2:202: icmp_seq=169 ttl=62 time=99.7 ms
64 bytes from aaaa::212:7402:2:202: icmp_seq=170 ttl=62 time=251 ms
64 bytes from aaaa::212:7402:2:202: icmp_seq=171 ttl=62 time=109 ms
64 bytes from aaaa::212:7402:2:202: icmp_seq=172 ttl=62 time=104 ms
64 bytes from aaaa::212:7402:2:202: icmp_seq=173 ttl=62 time=86.0 ms
64 bytes from aaaa::212:7402:2:202: icmp_seq=177 ttl=62 time=158 ms
64 bytes from aaaa::212:7402:2:202: icmp_seq=179 ttl=62 time=186 ms
64 bytes from aaaa::212:7402:2:202: icmp_seq=180 ttl=62 time=252 ms
64 bytes from aaaa::212:7402:2:202: icmp_seq=181 ttl=62 time=152 ms
64 bytes from aaaa::212:7402:2:202: icmp_seq=182 ttl=62 time=459 ms
64 bytes from aaaa::212:7402:2:202: icmp_seq=183 ttl=62 time=183 ms
64 bytes from aaaa::212:7402:2:202: icmp_seq=184 ttl=62 time=143 ms
64 bytes from aaaa::212:7402:2:202: icmp_seq=186 ttl=62 time=214 ms
64 bytes from aaaa::212:7402:2:202: icmp_seq=187 ttl=62 time=480 ms
64 bytes from aaaa::212:7402:2:202: icmp_seq=188 ttl=62 time=273 ms
64 bytes from aaaa::212:7402:2:202: icmp_seq=189 ttl=62 time=78.6 ms
64 bytes from aaaa::212:7402:2:202: icmp_seq=190 ttl=62 time=250 ms
64 bytes from aaaa::212:7402:2:202: icmp_seq=191 ttl=62 time=285 ms
64 bytes from aaaa::212:7402:2:202: icmp_seq=192 ttl=62 time=400 ms
64 bytes from aaaa::212:7402:2:202: icmp_seq=193 ttl=62 time=149 ms
64 bytes from aaaa::212:7402:2:202: icmp_seq=194 ttl=62 time=288 ms
64 bytes from aaaa::212:7402:2:202: icmp_seq=195 ttl=62 time=107 ms
64 bytes from aaaa::212:7402:2:202: icmp_seq=196 ttl=62 time=158 ms
64 bytes from aaaa::212:7402:2:202: icmp_seq=197 ttl=62 time=270 ms
64 bytes from aaaa::212:7402:2:202: icmp_seq=198 ttl=62 time=230 ms
64 bytes from aaaa::212:7402:2:202: icmp_seq=199 ttl=62 time=352 ms
64 bytes from aaaa::212:7402:2:202: icmp_seq=200 ttl=62 time=301 ms

--- aaaa::212:7402:2:202 ping statistics ---
200 packets transmitted, 187 received, 6% packet loss, time 997445ms
rtt min/avg/max/mdev = 59.972/176.454/1002.768/137.240 ms
