PING aaaa::212:7409:9:909(aaaa::212:7409:9:909) 56 data bytes
64 bytes from aaaa::212:7409:9:909: icmp_seq=1 ttl=61 time=527 ms
64 bytes from aaaa::212:7409:9:909: icmp_seq=2 ttl=61 time=362 ms
64 bytes from aaaa::212:7409:9:909: icmp_seq=3 ttl=61 time=418 ms
64 bytes from aaaa::212:7409:9:909: icmp_seq=4 ttl=61 time=374 ms
64 bytes from aaaa::212:7409:9:909: icmp_seq=5 ttl=61 time=475 ms
64 bytes from aaaa::212:7409:9:909: icmp_seq=6 ttl=61 time=801 ms
64 bytes from aaaa::212:7409:9:909: icmp_seq=7 ttl=61 time=843 ms
64 bytes from aaaa::212:7409:9:909: icmp_seq=8 ttl=61 time=377 ms
64 bytes from aaaa::212:7409:9:909: icmp_seq=9 ttl=61 time=429 ms
64 bytes from aaaa::212:7409:9:909: icmp_seq=10 ttl=61 time=522 ms
64 bytes from aaaa::212:7409:9:909: icmp_seq=11 ttl=61 time=427 ms
64 bytes from aaaa::212:7409:9:909: icmp_seq=12 ttl=61 time=668 ms
64 bytes from aaaa::212:7409:9:909: icmp_seq=13 ttl=61 time=591 ms
64 bytes from aaaa::212:7409:9:909: icmp_seq=14 ttl=61 time=1043 ms
64 bytes from aaaa::212:7409:9:909: icmp_seq=15 ttl=61 time=352 ms
64 bytes from aaaa::212:7409:9:909: icmp_seq=16 ttl=61 time=867 ms
64 bytes from aaaa::212:7409:9:909: icmp_seq=17 ttl=61 time=1088 ms
64 bytes from aaaa::212:7409:9:909: icmp_seq=19 ttl=61 time=1045 ms
64 bytes from aaaa::212:7409:9:909: icmp_seq=20 ttl=61 time=812 ms
64 bytes from aaaa::212:7409:9:909: icmp_seq=21 ttl=61 time=887 ms
64 bytes from aaaa::212:7409:9:909: icmp_seq=22 ttl=61 time=538 ms
64 bytes from aaaa::212:7409:9:909: icmp_seq=23 ttl=61 time=533 ms
64 bytes from aaaa::212:7409:9:909: icmp_seq=24 ttl=61 time=595 ms
64 bytes from aaaa::212:7409:9:909: icmp_seq=25 ttl=61 time=716 ms
64 bytes from aaaa::212:7409:9:909: icmp_seq=27 ttl=61 time=327 ms
64 bytes from aaaa::212:7409:9:909: icmp_seq=28 ttl=61 time=461 ms
64 bytes from aaaa::212:7409:9:909: icmp_seq=29 ttl=61 time=496 ms
64 bytes from aaaa::212:7409:9:909: icmp_seq=30 ttl=61 time=617 ms
64 bytes from aaaa::212:7409:9:909: icmp_seq=31 ttl=61 time=957 ms
64 bytes from aaaa::212:7409:9:909: icmp_seq=32 ttl=61 time=620 ms
64 bytes from aaaa::212:7409:9:909: icmp_seq=33 ttl=61 time=564 ms
64 bytes from aaaa::212:7409:9:909: icmp_seq=40 ttl=61 time=593 ms
64 bytes from aaaa::212:7409:9:909: icmp_seq=41 ttl=61 time=539 ms
64 bytes from aaaa::212:7409:9:909: icmp_seq=44 ttl=61 time=526 ms
64 bytes from aaaa::212:7409:9:909: icmp_seq=51 ttl=61 time=824 ms
64 bytes from aaaa::212:7409:9:909: icmp_seq=54 ttl=61 time=340 ms
64 bytes from aaaa::212:7409:9:909: icmp_seq=55 ttl=61 time=385 ms
64 bytes from aaaa::212:7409:9:909: icmp_seq=60 ttl=61 time=772 ms
64 bytes from aaaa::212:7409:9:909: icmp_seq=71 ttl=61 time=380 ms
64 bytes from aaaa::212:7409:9:909: icmp_seq=72 ttl=61 time=1058 ms
64 bytes from aaaa::212:7409:9:909: icmp_seq=73 ttl=61 time=1567 ms
64 bytes from aaaa::212:7409:9:909: icmp_seq=74 ttl=61 time=824 ms
64 bytes from aaaa::212:7409:9:909: icmp_seq=75 ttl=61 time=430 ms
64 bytes from aaaa::212:7409:9:909: icmp_seq=76 ttl=61 time=719 ms
64 bytes from aaaa::212:7409:9:909: icmp_seq=77 ttl=61 time=753 ms
64 bytes from aaaa::212:7409:9:909: icmp_seq=78 ttl=61 time=201 ms
64 bytes from aaaa::212:7409:9:909: icmp_seq=79 ttl=61 time=211 ms
64 bytes from aaaa::212:7409:9:909: icmp_seq=80 ttl=61 time=699 ms
64 bytes from aaaa::212:7409:9:909: icmp_seq=81 ttl=61 time=550 ms
64 bytes from aaaa::212:7409:9:909: icmp_seq=82 ttl=61 time=622 ms
64 bytes from aaaa::212:7409:9:909: icmp_seq=83 ttl=61 time=371 ms
64 bytes from aaaa::212:7409:9:909: icmp_seq=84 ttl=61 time=957 ms
64 bytes from aaaa::212:7409:9:909: icmp_seq=85 ttl=61 time=921 ms
64 bytes from aaaa::212:7409:9:909: icmp_seq=86 ttl=61 time=1007 ms
64 bytes from aaaa::212:7409:9:909: icmp_seq=87 ttl=61 time=383 ms
64 bytes from aaaa::212:7409:9:909: icmp_seq=88 ttl=61 time=235 ms
64 bytes from aaaa::212:7409:9:909: icmp_seq=89 ttl=61 time=396 ms
64 bytes from aaaa::212:7409:9:909: icmp_seq=90 ttl=61 time=277 ms
64 bytes from aaaa::212:7409:9:909: icmp_seq=91 ttl=61 time=607 ms
64 bytes from aaaa::212:7409:9:909: icmp_seq=92 ttl=61 time=286 ms
64 bytes from aaaa::212:7409:9:909: icmp_seq=93 ttl=61 time=383 ms
64 bytes from aaaa::212:7409:9:909: icmp_seq=94 ttl=61 time=202 ms
64 bytes from aaaa::212:7409:9:909: icmp_seq=95 ttl=61 time=407 ms
64 bytes from aaaa::212:7409:9:909: icmp_seq=96 ttl=61 time=630 ms
64 bytes from aaaa::212:7409:9:909: icmp_seq=97 ttl=61 time=1403 ms
64 bytes from aaaa::212:7409:9:909: icmp_seq=98 ttl=61 time=1422 ms
64 bytes from aaaa::212:7409:9:909: icmp_seq=99 ttl=61 time=407 ms
64 bytes from aaaa::212:7409:9:909: icmp_seq=100 ttl=61 time=280 ms
64 bytes from aaaa::212:7409:9:909: icmp_seq=102 ttl=61 time=694 ms
64 bytes from aaaa::212:7409:9:909: icmp_seq=103 ttl=61 time=334 ms
64 bytes from aaaa::212:7409:9:909: icmp_seq=104 ttl=61 time=441 ms
64 bytes from aaaa::212:7409:9:909: icmp_seq=105 ttl=61 time=281 ms
64 bytes from aaaa::212:7409:9:909: icmp_seq=106 ttl=61 time=235 ms
64 bytes from aaaa::212:7409:9:909: icmp_seq=107 ttl=61 time=255 ms
64 bytes from aaaa::212:7409:9:909: icmp_seq=108 ttl=61 time=225 ms
64 bytes from aaaa::212:7409:9:909: icmp_seq=109 ttl=61 time=291 ms
64 bytes from aaaa::212:7409:9:909: icmp_seq=110 ttl=61 time=391 ms
64 bytes from aaaa::212:7409:9:909: icmp_seq=111 ttl=61 time=274 ms
64 bytes from aaaa::212:7409:9:909: icmp_seq=112 ttl=61 time=326 ms
64 bytes from aaaa::212:7409:9:909: icmp_seq=113 ttl=61 time=240 ms
64 bytes from aaaa::212:7409:9:909: icmp_seq=114 ttl=61 time=641 ms
64 bytes from aaaa::212:7409:9:909: icmp_seq=115 ttl=61 time=281 ms
64 bytes from aaaa::212:7409:9:909: icmp_seq=116 ttl=61 time=234 ms
64 bytes from aaaa::212:7409:9:909: icmp_seq=117 ttl=61 time=278 ms
64 bytes from aaaa::212:7409:9:909: icmp_seq=118 ttl=61 time=252 ms
64 bytes from aaaa::212:7409:9:909: icmp_seq=119 ttl=61 time=233 ms
64 bytes from aaaa::212:7409:9:909: icmp_seq=120 ttl=61 time=246 ms
64 bytes from aaaa::212:7409:9:909: icmp_seq=121 ttl=61 time=464 ms
64 bytes from aaaa::212:7409:9:909: icmp_seq=122 ttl=61 time=1019 ms
64 bytes from aaaa::212:7409:9:909: icmp_seq=123 ttl=61 time=1256 ms
64 bytes from aaaa::212:7409:9:909: icmp_seq=125 ttl=61 time=366 ms
64 bytes from aaaa::212:7409:9:909: icmp_seq=126 ttl=61 time=1491 ms
64 bytes from aaaa::212:7409:9:909: icmp_seq=127 ttl=61 time=544 ms
64 bytes from aaaa::212:7409:9:909: icmp_seq=128 ttl=61 time=661 ms
64 bytes from aaaa::212:7409:9:909: icmp_seq=129 ttl=61 time=481 ms
64 bytes from aaaa::212:7409:9:909: icmp_seq=130 ttl=61 time=311 ms
64 bytes from aaaa::212:7409:9:909: icmp_seq=131 ttl=61 time=355 ms
64 bytes from aaaa::212:7409:9:909: icmp_seq=132 ttl=61 time=1710 ms
64 bytes from aaaa::212:7409:9:909: icmp_seq=133 ttl=61 time=1035 ms
64 bytes from aaaa::212:7409:9:909: icmp_seq=135 ttl=61 time=1398 ms
64 bytes from aaaa::212:7409:9:909: icmp_seq=137 ttl=61 time=598 ms
64 bytes from aaaa::212:7409:9:909: icmp_seq=138 ttl=61 time=771 ms
64 bytes from aaaa::212:7409:9:909: icmp_seq=139 ttl=61 time=265 ms
64 bytes from aaaa::212:7409:9:909: icmp_seq=140 ttl=61 time=265 ms
64 bytes from aaaa::212:7409:9:909: icmp_seq=141 ttl=61 time=295 ms
64 bytes from aaaa::212:7409:9:909: icmp_seq=142 ttl=61 time=260 ms
64 bytes from aaaa::212:7409:9:909: icmp_seq=143 ttl=61 time=203 ms
64 bytes from aaaa::212:7409:9:909: icmp_seq=145 ttl=61 time=267 ms
64 bytes from aaaa::212:7409:9:909: icmp_seq=146 ttl=61 time=291 ms
64 bytes from aaaa::212:7409:9:909: icmp_seq=147 ttl=61 time=292 ms
64 bytes from aaaa::212:7409:9:909: icmp_seq=148 ttl=61 time=219 ms
64 bytes from aaaa::212:7409:9:909: icmp_seq=149 ttl=61 time=345 ms
64 bytes from aaaa::212:7409:9:909: icmp_seq=150 ttl=61 time=374 ms
64 bytes from aaaa::212:7409:9:909: icmp_seq=151 ttl=61 time=234 ms
64 bytes from aaaa::212:7409:9:909: icmp_seq=152 ttl=61 time=274 ms
64 bytes from aaaa::212:7409:9:909: icmp_seq=153 ttl=61 time=229 ms
64 bytes from aaaa::212:7409:9:909: icmp_seq=154 ttl=61 time=340 ms
64 bytes from aaaa::212:7409:9:909: icmp_seq=157 ttl=61 time=238 ms
64 bytes from aaaa::212:7409:9:909: icmp_seq=158 ttl=61 time=371 ms
64 bytes from aaaa::212:7409:9:909: icmp_seq=159 ttl=61 time=325 ms
64 bytes from aaaa::212:7409:9:909: icmp_seq=160 ttl=61 time=239 ms
64 bytes from aaaa::212:7409:9:909: icmp_seq=161 ttl=61 time=894 ms
64 bytes from aaaa::212:7409:9:909: icmp_seq=162 ttl=61 time=262 ms
64 bytes from aaaa::212:7409:9:909: icmp_seq=163 ttl=61 time=220 ms
64 bytes from aaaa::212:7409:9:909: icmp_seq=164 ttl=61 time=202 ms
64 bytes from aaaa::212:7409:9:909: icmp_seq=165 ttl=61 time=262 ms
64 bytes from aaaa::212:7409:9:909: icmp_seq=166 ttl=61 time=297 ms
64 bytes from aaaa::212:7409:9:909: icmp_seq=167 ttl=61 time=267 ms
64 bytes from aaaa::212:7409:9:909: icmp_seq=168 ttl=61 time=280 ms
64 bytes from aaaa::212:7409:9:909: icmp_seq=169 ttl=61 time=965 ms
64 bytes from aaaa::212:7409:9:909: icmp_seq=170 ttl=61 time=1170 ms
64 bytes from aaaa::212:7409:9:909: icmp_seq=171 ttl=61 time=272 ms
64 bytes from aaaa::212:7409:9:909: icmp_seq=172 ttl=61 time=316 ms
64 bytes from aaaa::212:7409:9:909: icmp_seq=173 ttl=61 time=815 ms
64 bytes from aaaa::212:7409:9:909: icmp_seq=174 ttl=61 time=257 ms
64 bytes from aaaa::212:7409:9:909: icmp_seq=175 ttl=61 time=211 ms
64 bytes from aaaa::212:7409:9:909: icmp_seq=176 ttl=61 time=218 ms
64 bytes from aaaa::212:7409:9:909: icmp_seq=177 ttl=61 time=191 ms
64 bytes from aaaa::212:7409:9:909: icmp_seq=178 ttl=61 time=271 ms
64 bytes from aaaa::212:7409:9:909: icmp_seq=179 ttl=61 time=262 ms
64 bytes from aaaa::212:7409:9:909: icmp_seq=180 ttl=61 time=573 ms
64 bytes from aaaa::212:7409:9:909: icmp_seq=181 ttl=61 time=317 ms
64 bytes from aaaa::212:7409:9:909: icmp_seq=182 ttl=61 time=193 ms
64 bytes from aaaa::212:7409:9:909: icmp_seq=183 ttl=61 time=405 ms
64 bytes from aaaa::212:7409:9:909: icmp_seq=184 ttl=61 time=234 ms
64 bytes from aaaa::212:7409:9:909: icmp_seq=185 ttl=61 time=210 ms
64 bytes from aaaa::212:7409:9:909: icmp_seq=186 ttl=61 time=194 ms
64 bytes from aaaa::212:7409:9:909: icmp_seq=187 ttl=61 time=188 ms
64 bytes from aaaa::212:7409:9:909: icmp_seq=188 ttl=61 time=226 ms
64 bytes from aaaa::212:7409:9:909: icmp_seq=189 ttl=61 time=238 ms
64 bytes from aaaa::212:7409:9:909: icmp_seq=190 ttl=61 time=424 ms
64 bytes from aaaa::212:7409:9:909: icmp_seq=191 ttl=61 time=466 ms
64 bytes from aaaa::212:7409:9:909: icmp_seq=192 ttl=61 time=232 ms
64 bytes from aaaa::212:7409:9:909: icmp_seq=193 ttl=61 time=212 ms
64 bytes from aaaa::212:7409:9:909: icmp_seq=194 ttl=61 time=213 ms
64 bytes from aaaa::212:7409:9:909: icmp_seq=195 ttl=61 time=218 ms
64 bytes from aaaa::212:7409:9:909: icmp_seq=196 ttl=61 time=248 ms
64 bytes from aaaa::212:7409:9:909: icmp_seq=197 ttl=61 time=248 ms
64 bytes from aaaa::212:7409:9:909: icmp_seq=199 ttl=61 time=980 ms
64 bytes from aaaa::212:7409:9:909: icmp_seq=200 ttl=61 time=371 ms

--- aaaa::212:7409:9:909 ping statistics ---
200 packets transmitted, 160 received, 20% packet loss, time 1000688ms
rtt min/avg/max/mdev = 188.128/499.640/1710.032/320.828 ms
