PING aaaa::212:7407:7:707(aaaa::212:7407:7:707) 56 data bytes
64 bytes from aaaa::212:7407:7:707: icmp_seq=1 ttl=61 time=331 ms
64 bytes from aaaa::212:7407:7:707: icmp_seq=2 ttl=61 time=509 ms
64 bytes from aaaa::212:7407:7:707: icmp_seq=3 ttl=61 time=837 ms
64 bytes from aaaa::212:7407:7:707: icmp_seq=4 ttl=61 time=516 ms
64 bytes from aaaa::212:7407:7:707: icmp_seq=7 ttl=61 time=407 ms
64 bytes from aaaa::212:7407:7:707: icmp_seq=8 ttl=61 time=276 ms
64 bytes from aaaa::212:7407:7:707: icmp_seq=9 ttl=61 time=642 ms
64 bytes from aaaa::212:7407:7:707: icmp_seq=10 ttl=61 time=231 ms
64 bytes from aaaa::212:7407:7:707: icmp_seq=11 ttl=61 time=251 ms
64 bytes from aaaa::212:7407:7:707: icmp_seq=12 ttl=61 time=365 ms
64 bytes from aaaa::212:7407:7:707: icmp_seq=13 ttl=61 time=415 ms
64 bytes from aaaa::212:7407:7:707: icmp_seq=14 ttl=61 time=583 ms
64 bytes from aaaa::212:7407:7:707: icmp_seq=15 ttl=61 time=346 ms
64 bytes from aaaa::212:7407:7:707: icmp_seq=16 ttl=61 time=390 ms
64 bytes from aaaa::212:7407:7:707: icmp_seq=17 ttl=61 time=337 ms
64 bytes from aaaa::212:7407:7:707: icmp_seq=19 ttl=61 time=420 ms
64 bytes from aaaa::212:7407:7:707: icmp_seq=20 ttl=61 time=687 ms
64 bytes from aaaa::212:7407:7:707: icmp_seq=22 ttl=61 time=491 ms
64 bytes from aaaa::212:7407:7:707: icmp_seq=30 ttl=61 time=413 ms
64 bytes from aaaa::212:7407:7:707: icmp_seq=31 ttl=61 time=1370 ms
64 bytes from aaaa::212:7407:7:707: icmp_seq=33 ttl=61 time=438 ms
64 bytes from aaaa::212:7407:7:707: icmp_seq=34 ttl=61 time=281 ms
64 bytes from aaaa::212:7407:7:707: icmp_seq=36 ttl=61 time=590 ms
64 bytes from aaaa::212:7407:7:707: icmp_seq=37 ttl=61 time=593 ms
64 bytes from aaaa::212:7407:7:707: icmp_seq=38 ttl=61 time=327 ms
64 bytes from aaaa::212:7407:7:707: icmp_seq=39 ttl=61 time=553 ms
64 bytes from aaaa::212:7407:7:707: icmp_seq=40 ttl=61 time=570 ms
64 bytes from aaaa::212:7407:7:707: icmp_seq=41 ttl=61 time=1227 ms
64 bytes from aaaa::212:7407:7:707: icmp_seq=42 ttl=61 time=662 ms
64 bytes from aaaa::212:7407:7:707: icmp_seq=43 ttl=61 time=586 ms
64 bytes from aaaa::212:7407:7:707: icmp_seq=44 ttl=61 time=718 ms
64 bytes from aaaa::212:7407:7:707: icmp_seq=45 ttl=61 time=647 ms
64 bytes from aaaa::212:7407:7:707: icmp_seq=46 ttl=61 time=504 ms
64 bytes from aaaa::212:7407:7:707: icmp_seq=47 ttl=61 time=495 ms
64 bytes from aaaa::212:7407:7:707: icmp_seq=48 ttl=61 time=581 ms
64 bytes from aaaa::212:7407:7:707: icmp_seq=49 ttl=61 time=433 ms
64 bytes from aaaa::212:7407:7:707: icmp_seq=50 ttl=61 time=332 ms
64 bytes from aaaa::212:7407:7:707: icmp_seq=51 ttl=61 time=346 ms
64 bytes from aaaa::212:7407:7:707: icmp_seq=52 ttl=61 time=441 ms
64 bytes from aaaa::212:7407:7:707: icmp_seq=53 ttl=61 time=841 ms
64 bytes from aaaa::212:7407:7:707: icmp_seq=54 ttl=61 time=344 ms
64 bytes from aaaa::212:7407:7:707: icmp_seq=55 ttl=61 time=382 ms
64 bytes from aaaa::212:7407:7:707: icmp_seq=56 ttl=61 time=497 ms
64 bytes from aaaa::212:7407:7:707: icmp_seq=57 ttl=61 time=489 ms
64 bytes from aaaa::212:7407:7:707: icmp_seq=58 ttl=61 time=331 ms
64 bytes from aaaa::212:7407:7:707: icmp_seq=59 ttl=61 time=369 ms
64 bytes from aaaa::212:7407:7:707: icmp_seq=60 ttl=61 time=332 ms
64 bytes from aaaa::212:7407:7:707: icmp_seq=61 ttl=61 time=384 ms
64 bytes from aaaa::212:7407:7:707: icmp_seq=62 ttl=61 time=487 ms
64 bytes from aaaa::212:7407:7:707: icmp_seq=63 ttl=61 time=501 ms
64 bytes from aaaa::212:7407:7:707: icmp_seq=64 ttl=61 time=506 ms
64 bytes from aaaa::212:7407:7:707: icmp_seq=65 ttl=61 time=341 ms
64 bytes from aaaa::212:7407:7:707: icmp_seq=66 ttl=61 time=467 ms
64 bytes from aaaa::212:7407:7:707: icmp_seq=67 ttl=61 time=758 ms
64 bytes from aaaa::212:7407:7:707: icmp_seq=68 ttl=61 time=692 ms
64 bytes from aaaa::212:7407:7:707: icmp_seq=69 ttl=61 time=297 ms
64 bytes from aaaa::212:7407:7:707: icmp_seq=70 ttl=61 time=403 ms
64 bytes from aaaa::212:7407:7:707: icmp_seq=71 ttl=61 time=532 ms
64 bytes from aaaa::212:7407:7:707: icmp_seq=72 ttl=61 time=670 ms
64 bytes from aaaa::212:7407:7:707: icmp_seq=73 ttl=61 time=686 ms
64 bytes from aaaa::212:7407:7:707: icmp_seq=74 ttl=61 time=1200 ms
64 bytes from aaaa::212:7407:7:707: icmp_seq=75 ttl=61 time=683 ms
64 bytes from aaaa::212:7407:7:707: icmp_seq=76 ttl=61 time=286 ms
64 bytes from aaaa::212:7407:7:707: icmp_seq=77 ttl=61 time=548 ms
64 bytes from aaaa::212:7407:7:707: icmp_seq=78 ttl=61 time=960 ms
64 bytes from aaaa::212:7407:7:707: icmp_seq=79 ttl=61 time=314 ms
64 bytes from aaaa::212:7407:7:707: icmp_seq=80 ttl=61 time=290 ms
64 bytes from aaaa::212:7407:7:707: icmp_seq=81 ttl=61 time=500 ms
64 bytes from aaaa::212:7407:7:707: icmp_seq=83 ttl=61 time=352 ms
64 bytes from aaaa::212:7407:7:707: icmp_seq=84 ttl=61 time=439 ms
64 bytes from aaaa::212:7407:7:707: icmp_seq=85 ttl=61 time=461 ms
64 bytes from aaaa::212:7407:7:707: icmp_seq=86 ttl=61 time=1011 ms
64 bytes from aaaa::212:7407:7:707: icmp_seq=87 ttl=61 time=733 ms
64 bytes from aaaa::212:7407:7:707: icmp_seq=88 ttl=61 time=321 ms
64 bytes from aaaa::212:7407:7:707: icmp_seq=90 ttl=61 time=297 ms
64 bytes from aaaa::212:7407:7:707: icmp_seq=91 ttl=61 time=220 ms
64 bytes from aaaa::212:7407:7:707: icmp_seq=92 ttl=61 time=332 ms
64 bytes from aaaa::212:7407:7:707: icmp_seq=93 ttl=61 time=276 ms
64 bytes from aaaa::212:7407:7:707: icmp_seq=94 ttl=61 time=280 ms
64 bytes from aaaa::212:7407:7:707: icmp_seq=95 ttl=61 time=258 ms
64 bytes from aaaa::212:7407:7:707: icmp_seq=96 ttl=61 time=248 ms
64 bytes from aaaa::212:7407:7:707: icmp_seq=97 ttl=61 time=557 ms
64 bytes from aaaa::212:7407:7:707: icmp_seq=98 ttl=61 time=1478 ms
64 bytes from aaaa::212:7407:7:707: icmp_seq=100 ttl=61 time=376 ms
64 bytes from aaaa::212:7407:7:707: icmp_seq=101 ttl=61 time=376 ms
64 bytes from aaaa::212:7407:7:707: icmp_seq=102 ttl=61 time=1441 ms
64 bytes from aaaa::212:7407:7:707: icmp_seq=103 ttl=61 time=578 ms
64 bytes from aaaa::212:7407:7:707: icmp_seq=104 ttl=61 time=416 ms
64 bytes from aaaa::212:7407:7:707: icmp_seq=105 ttl=61 time=315 ms
64 bytes from aaaa::212:7407:7:707: icmp_seq=106 ttl=61 time=268 ms
64 bytes from aaaa::212:7407:7:707: icmp_seq=107 ttl=61 time=471 ms
64 bytes from aaaa::212:7407:7:707: icmp_seq=108 ttl=61 time=402 ms
64 bytes from aaaa::212:7407:7:707: icmp_seq=109 ttl=61 time=265 ms
64 bytes from aaaa::212:7407:7:707: icmp_seq=110 ttl=61 time=365 ms
64 bytes from aaaa::212:7407:7:707: icmp_seq=111 ttl=61 time=452 ms
64 bytes from aaaa::212:7407:7:707: icmp_seq=112 ttl=61 time=291 ms
64 bytes from aaaa::212:7407:7:707: icmp_seq=113 ttl=61 time=382 ms
64 bytes from aaaa::212:7407:7:707: icmp_seq=114 ttl=61 time=557 ms
64 bytes from aaaa::212:7407:7:707: icmp_seq=115 ttl=61 time=372 ms
64 bytes from aaaa::212:7407:7:707: icmp_seq=116 ttl=61 time=241 ms
64 bytes from aaaa::212:7407:7:707: icmp_seq=117 ttl=61 time=248 ms
64 bytes from aaaa::212:7407:7:707: icmp_seq=118 ttl=61 time=315 ms
64 bytes from aaaa::212:7407:7:707: icmp_seq=119 ttl=61 time=307 ms
64 bytes from aaaa::212:7407:7:707: icmp_seq=120 ttl=61 time=229 ms
64 bytes from aaaa::212:7407:7:707: icmp_seq=121 ttl=61 time=274 ms
64 bytes from aaaa::212:7407:7:707: icmp_seq=122 ttl=61 time=238 ms
64 bytes from aaaa::212:7407:7:707: icmp_seq=124 ttl=61 time=959 ms
64 bytes from aaaa::212:7407:7:707: icmp_seq=125 ttl=61 time=779 ms
64 bytes from aaaa::212:7407:7:707: icmp_seq=126 ttl=61 time=906 ms
64 bytes from aaaa::212:7407:7:707: icmp_seq=127 ttl=61 time=723 ms
64 bytes from aaaa::212:7407:7:707: icmp_seq=128 ttl=61 time=486 ms
64 bytes from aaaa::212:7407:7:707: icmp_seq=129 ttl=61 time=468 ms
64 bytes from aaaa::212:7407:7:707: icmp_seq=130 ttl=61 time=532 ms
64 bytes from aaaa::212:7407:7:707: icmp_seq=131 ttl=61 time=498 ms
64 bytes from aaaa::212:7407:7:707: icmp_seq=132 ttl=61 time=1192 ms
64 bytes from aaaa::212:7407:7:707: icmp_seq=135 ttl=61 time=608 ms
64 bytes from aaaa::212:7407:7:707: icmp_seq=139 ttl=61 time=481 ms
64 bytes from aaaa::212:7407:7:707: icmp_seq=143 ttl=61 time=462 ms
64 bytes from aaaa::212:7407:7:707: icmp_seq=144 ttl=61 time=401 ms
64 bytes from aaaa::212:7407:7:707: icmp_seq=145 ttl=61 time=672 ms
64 bytes from aaaa::212:7407:7:707: icmp_seq=147 ttl=61 time=289 ms
64 bytes from aaaa::212:7407:7:707: icmp_seq=148 ttl=61 time=295 ms
64 bytes from aaaa::212:7407:7:707: icmp_seq=149 ttl=61 time=215 ms
64 bytes from aaaa::212:7407:7:707: icmp_seq=150 ttl=61 time=319 ms
64 bytes from aaaa::212:7407:7:707: icmp_seq=151 ttl=61 time=237 ms
64 bytes from aaaa::212:7407:7:707: icmp_seq=152 ttl=61 time=244 ms
64 bytes from aaaa::212:7407:7:707: icmp_seq=153 ttl=61 time=214 ms
64 bytes from aaaa::212:7407:7:707: icmp_seq=154 ttl=61 time=258 ms
64 bytes from aaaa::212:7407:7:707: icmp_seq=155 ttl=61 time=476 ms
64 bytes from aaaa::212:7407:7:707: icmp_seq=156 ttl=61 time=328 ms
64 bytes from aaaa::212:7407:7:707: icmp_seq=157 ttl=61 time=263 ms
64 bytes from aaaa::212:7407:7:707: icmp_seq=158 ttl=61 time=226 ms
64 bytes from aaaa::212:7407:7:707: icmp_seq=159 ttl=61 time=315 ms
64 bytes from aaaa::212:7407:7:707: icmp_seq=160 ttl=61 time=257 ms
64 bytes from aaaa::212:7407:7:707: icmp_seq=161 ttl=61 time=286 ms
64 bytes from aaaa::212:7407:7:707: icmp_seq=162 ttl=61 time=305 ms
64 bytes from aaaa::212:7407:7:707: icmp_seq=163 ttl=61 time=340 ms
64 bytes from aaaa::212:7407:7:707: icmp_seq=164 ttl=61 time=333 ms
64 bytes from aaaa::212:7407:7:707: icmp_seq=165 ttl=61 time=361 ms
64 bytes from aaaa::212:7407:7:707: icmp_seq=166 ttl=61 time=491 ms
64 bytes from aaaa::212:7407:7:707: icmp_seq=167 ttl=61 time=283 ms
64 bytes from aaaa::212:7407:7:707: icmp_seq=168 ttl=61 time=956 ms
64 bytes from aaaa::212:7407:7:707: icmp_seq=169 ttl=61 time=434 ms
64 bytes from aaaa::212:7407:7:707: icmp_seq=170 ttl=61 time=516 ms
64 bytes from aaaa::212:7407:7:707: icmp_seq=176 ttl=61 time=1623 ms
64 bytes from aaaa::212:7407:7:707: icmp_seq=184 ttl=61 time=845 ms
64 bytes from aaaa::212:7407:7:707: icmp_seq=185 ttl=61 time=493 ms
64 bytes from aaaa::212:7407:7:707: icmp_seq=192 ttl=61 time=499 ms
64 bytes from aaaa::212:7407:7:707: icmp_seq=198 ttl=61 time=413 ms
64 bytes from aaaa::212:7407:7:707: icmp_seq=199 ttl=61 time=278 ms
64 bytes from aaaa::212:7407:7:707: icmp_seq=200 ttl=61 time=292 ms

--- aaaa::212:7407:7:707 ping statistics ---
200 packets transmitted, 151 received, 24% packet loss, time 1002067ms
rtt min/avg/max/mdev = 214.673/487.409/1623.449/261.515 ms
