PING aaaa::212:7404:4:404(aaaa::212:7404:4:404) 56 data bytes
64 bytes from aaaa::212:7404:4:404: icmp_seq=1 ttl=62 time=164 ms
64 bytes from aaaa::212:7404:4:404: icmp_seq=2 ttl=62 time=527 ms
64 bytes from aaaa::212:7404:4:404: icmp_seq=3 ttl=62 time=386 ms
64 bytes from aaaa::212:7404:4:404: icmp_seq=4 ttl=62 time=441 ms
64 bytes from aaaa::212:7404:4:404: icmp_seq=5 ttl=62 time=397 ms
64 bytes from aaaa::212:7404:4:404: icmp_seq=6 ttl=62 time=1098 ms
64 bytes from aaaa::212:7404:4:404: icmp_seq=7 ttl=62 time=687 ms
64 bytes from aaaa::212:7404:4:404: icmp_seq=8 ttl=62 time=517 ms
64 bytes from aaaa::212:7404:4:404: icmp_seq=9 ttl=62 time=313 ms
64 bytes from aaaa::212:7404:4:404: icmp_seq=11 ttl=62 time=322 ms
64 bytes from aaaa::212:7404:4:404: icmp_seq=12 ttl=62 time=253 ms
64 bytes from aaaa::212:7404:4:404: icmp_seq=13 ttl=62 time=209 ms
64 bytes from aaaa::212:7404:4:404: icmp_seq=14 ttl=62 time=462 ms
64 bytes from aaaa::212:7404:4:404: icmp_seq=16 ttl=62 time=335 ms
64 bytes from aaaa::212:7404:4:404: icmp_seq=17 ttl=62 time=129 ms
64 bytes from aaaa::212:7404:4:404: icmp_seq=18 ttl=62 time=763 ms
64 bytes from aaaa::212:7404:4:404: icmp_seq=19 ttl=62 time=759 ms
64 bytes from aaaa::212:7404:4:404: icmp_seq=20 ttl=62 time=820 ms
64 bytes from aaaa::212:7404:4:404: icmp_seq=21 ttl=62 time=525 ms
64 bytes from aaaa::212:7404:4:404: icmp_seq=23 ttl=62 time=288 ms
64 bytes from aaaa::212:7404:4:404: icmp_seq=24 ttl=62 time=425 ms
64 bytes from aaaa::212:7404:4:404: icmp_seq=26 ttl=62 time=277 ms
64 bytes from aaaa::212:7404:4:404: icmp_seq=27 ttl=62 time=510 ms
64 bytes from aaaa::212:7404:4:404: icmp_seq=28 ttl=62 time=451 ms
64 bytes from aaaa::212:7404:4:404: icmp_seq=29 ttl=62 time=218 ms
64 bytes from aaaa::212:7404:4:404: icmp_seq=30 ttl=62 time=300 ms
64 bytes from aaaa::212:7404:4:404: icmp_seq=31 ttl=62 time=353 ms
64 bytes from aaaa::212:7404:4:404: icmp_seq=32 ttl=62 time=305 ms
64 bytes from aaaa::212:7404:4:404: icmp_seq=33 ttl=62 time=585 ms
64 bytes from aaaa::212:7404:4:404: icmp_seq=34 ttl=62 time=217 ms
64 bytes from aaaa::212:7404:4:404: icmp_seq=41 ttl=62 time=522 ms
64 bytes from aaaa::212:7404:4:404: icmp_seq=42 ttl=62 time=449 ms
64 bytes from aaaa::212:7404:4:404: icmp_seq=45 ttl=62 time=210 ms
64 bytes from aaaa::212:7404:4:404: icmp_seq=52 ttl=62 time=367 ms
64 bytes from aaaa::212:7404:4:404: icmp_seq=55 ttl=62 time=683 ms
64 bytes from aaaa::212:7404:4:404: icmp_seq=56 ttl=62 time=303 ms
64 bytes from aaaa::212:7404:4:404: icmp_seq=61 ttl=62 time=214 ms
64 bytes from aaaa::212:7404:4:404: icmp_seq=72 ttl=62 time=365 ms
64 bytes from aaaa::212:7404:4:404: icmp_seq=73 ttl=62 time=258 ms
64 bytes from aaaa::212:7404:4:404: icmp_seq=74 ttl=62 time=243 ms
64 bytes from aaaa::212:7404:4:404: icmp_seq=75 ttl=62 time=211 ms
64 bytes from aaaa::212:7404:4:404: icmp_seq=76 ttl=62 time=207 ms
64 bytes from aaaa::212:7404:4:404: icmp_seq=78 ttl=62 time=1173 ms
64 bytes from aaaa::212:7404:4:404: icmp_seq=79 ttl=62 time=177 ms
64 bytes from aaaa::212:7404:4:404: icmp_seq=80 ttl=62 time=151 ms
64 bytes from aaaa::212:7404:4:404: icmp_seq=81 ttl=62 time=816 ms
64 bytes from aaaa::212:7404:4:404: icmp_seq=82 ttl=62 time=383 ms
64 bytes from aaaa::212:7404:4:404: icmp_seq=83 ttl=62 time=316 ms
64 bytes from aaaa::212:7404:4:404: icmp_seq=84 ttl=62 time=209 ms
64 bytes from aaaa::212:7404:4:404: icmp_seq=85 ttl=62 time=275 ms
64 bytes from aaaa::212:7404:4:404: icmp_seq=87 ttl=62 time=580 ms
64 bytes from aaaa::212:7404:4:404: icmp_seq=88 ttl=62 time=177 ms
64 bytes from aaaa::212:7404:4:404: icmp_seq=89 ttl=62 time=169 ms
64 bytes from aaaa::212:7404:4:404: icmp_seq=90 ttl=62 time=188 ms
64 bytes from aaaa::212:7404:4:404: icmp_seq=91 ttl=62 time=180 ms
64 bytes from aaaa::212:7404:4:404: icmp_seq=92 ttl=62 time=187 ms
64 bytes from aaaa::212:7404:4:404: icmp_seq=93 ttl=62 time=233 ms
64 bytes from aaaa::212:7404:4:404: icmp_seq=94 ttl=62 time=166 ms
64 bytes from aaaa::212:7404:4:404: icmp_seq=95 ttl=62 time=166 ms
64 bytes from aaaa::212:7404:4:404: icmp_seq=96 ttl=62 time=186 ms
64 bytes from aaaa::212:7404:4:404: icmp_seq=97 ttl=62 time=1450 ms
64 bytes from aaaa::212:7404:4:404: icmp_seq=98 ttl=62 time=975 ms
64 bytes from aaaa::212:7404:4:404: icmp_seq=99 ttl=62 time=427 ms
64 bytes from aaaa::212:7404:4:404: icmp_seq=100 ttl=62 time=194 ms
64 bytes from aaaa::212:7404:4:404: icmp_seq=101 ttl=62 time=194 ms
64 bytes from aaaa::212:7404:4:404: icmp_seq=103 ttl=62 time=740 ms
64 bytes from aaaa::212:7404:4:404: icmp_seq=104 ttl=62 time=346 ms
64 bytes from aaaa::212:7404:4:404: icmp_seq=106 ttl=62 time=142 ms
64 bytes from aaaa::212:7404:4:404: icmp_seq=107 ttl=62 time=116 ms
64 bytes from aaaa::212:7404:4:404: icmp_seq=108 ttl=62 time=185 ms
64 bytes from aaaa::212:7404:4:404: icmp_seq=109 ttl=62 time=122 ms
64 bytes from aaaa::212:7404:4:404: icmp_seq=110 ttl=62 time=311 ms
64 bytes from aaaa::212:7404:4:404: icmp_seq=111 ttl=62 time=314 ms
64 bytes from aaaa::212:7404:4:404: icmp_seq=112 ttl=62 time=187 ms
64 bytes from aaaa::212:7404:4:404: icmp_seq=113 ttl=62 time=184 ms
64 bytes from aaaa::212:7404:4:404: icmp_seq=114 ttl=62 time=136 ms
64 bytes from aaaa::212:7404:4:404: icmp_seq=115 ttl=62 time=314 ms
64 bytes from aaaa::212:7404:4:404: icmp_seq=116 ttl=62 time=130 ms
64 bytes from aaaa::212:7404:4:404: icmp_seq=117 ttl=62 time=162 ms
64 bytes from aaaa::212:7404:4:404: icmp_seq=118 ttl=62 time=120 ms
64 bytes from aaaa::212:7404:4:404: icmp_seq=119 ttl=62 time=144 ms
64 bytes from aaaa::212:7404:4:404: icmp_seq=120 ttl=62 time=182 ms
64 bytes from aaaa::212:7404:4:404: icmp_seq=121 ttl=62 time=152 ms
64 bytes from aaaa::212:7404:4:404: icmp_seq=123 ttl=62 time=171 ms
64 bytes from aaaa::212:7404:4:404: icmp_seq=124 ttl=62 time=1488 ms
64 bytes from aaaa::212:7404:4:404: icmp_seq=125 ttl=62 time=214 ms
64 bytes from aaaa::212:7404:4:404: icmp_seq=126 ttl=62 time=173 ms
64 bytes from aaaa::212:7404:4:404: icmp_seq=127 ttl=62 time=831 ms
64 bytes from aaaa::212:7404:4:404: icmp_seq=129 ttl=62 time=333 ms
64 bytes from aaaa::212:7404:4:404: icmp_seq=130 ttl=62 time=138 ms
64 bytes from aaaa::212:7404:4:404: icmp_seq=131 ttl=62 time=128 ms
64 bytes from aaaa::212:7404:4:404: icmp_seq=132 ttl=62 time=1151 ms
64 bytes from aaaa::212:7404:4:404: icmp_seq=133 ttl=62 time=728 ms
64 bytes from aaaa::212:7404:4:404: icmp_seq=135 ttl=62 time=256 ms
64 bytes from aaaa::212:7404:4:404: icmp_seq=136 ttl=62 time=1142 ms
64 bytes from aaaa::212:7404:4:404: icmp_seq=137 ttl=62 time=236 ms
64 bytes from aaaa::212:7404:4:404: icmp_seq=140 ttl=62 time=144 ms
64 bytes from aaaa::212:7404:4:404: icmp_seq=141 ttl=62 time=159 ms
64 bytes from aaaa::212:7404:4:404: icmp_seq=142 ttl=62 time=238 ms
64 bytes from aaaa::212:7404:4:404: icmp_seq=143 ttl=62 time=245 ms
64 bytes from aaaa::212:7404:4:404: icmp_seq=144 ttl=62 time=209 ms
64 bytes from aaaa::212:7404:4:404: icmp_seq=145 ttl=62 time=230 ms
64 bytes from aaaa::212:7404:4:404: icmp_seq=146 ttl=62 time=149 ms
64 bytes from aaaa::212:7404:4:404: icmp_seq=147 ttl=62 time=150 ms
64 bytes from aaaa::212:7404:4:404: icmp_seq=148 ttl=62 time=143 ms
64 bytes from aaaa::212:7404:4:404: icmp_seq=149 ttl=62 time=141 ms
64 bytes from aaaa::212:7404:4:404: icmp_seq=150 ttl=62 time=152 ms
64 bytes from aaaa::212:7404:4:404: icmp_seq=151 ttl=62 time=487 ms
64 bytes from aaaa::212:7404:4:404: icmp_seq=152 ttl=62 time=159 ms
64 bytes from aaaa::212:7404:4:404: icmp_seq=153 ttl=62 time=170 ms
64 bytes from aaaa::212:7404:4:404: icmp_seq=154 ttl=62 time=154 ms
64 bytes from aaaa::212:7404:4:404: icmp_seq=155 ttl=62 time=199 ms
64 bytes from aaaa::212:7404:4:404: icmp_seq=156 ttl=62 time=449 ms
64 bytes from aaaa::212:7404:4:404: icmp_seq=157 ttl=62 time=251 ms
64 bytes from aaaa::212:7404:4:404: icmp_seq=158 ttl=62 time=183 ms
64 bytes from aaaa::212:7404:4:404: icmp_seq=159 ttl=62 time=132 ms
64 bytes from aaaa::212:7404:4:404: icmp_seq=160 ttl=62 time=120 ms
64 bytes from aaaa::212:7404:4:404: icmp_seq=161 ttl=62 time=354 ms
64 bytes from aaaa::212:7404:4:404: icmp_seq=163 ttl=62 time=466 ms
64 bytes from aaaa::212:7404:4:404: icmp_seq=166 ttl=62 time=331 ms
64 bytes from aaaa::212:7404:4:404: icmp_seq=168 ttl=62 time=1563 ms
64 bytes from aaaa::212:7404:4:404: icmp_seq=176 ttl=62 time=992 ms
64 bytes from aaaa::212:7404:4:404: icmp_seq=181 ttl=62 time=159 ms
64 bytes from aaaa::212:7404:4:404: icmp_seq=182 ttl=62 time=125 ms
64 bytes from aaaa::212:7404:4:404: icmp_seq=183 ttl=62 time=121 ms
64 bytes from aaaa::212:7404:4:404: icmp_seq=185 ttl=62 time=125 ms
64 bytes from aaaa::212:7404:4:404: icmp_seq=186 ttl=62 time=106 ms
64 bytes from aaaa::212:7404:4:404: icmp_seq=187 ttl=62 time=149 ms
64 bytes from aaaa::212:7404:4:404: icmp_seq=188 ttl=62 time=154 ms
64 bytes from aaaa::212:7404:4:404: icmp_seq=189 ttl=62 time=150 ms
64 bytes from aaaa::212:7404:4:404: icmp_seq=190 ttl=62 time=112 ms
64 bytes from aaaa::212:7404:4:404: icmp_seq=191 ttl=62 time=151 ms
64 bytes from aaaa::212:7404:4:404: icmp_seq=192 ttl=62 time=121 ms
64 bytes from aaaa::212:7404:4:404: icmp_seq=193 ttl=62 time=180 ms
64 bytes from aaaa::212:7404:4:404: icmp_seq=194 ttl=62 time=139 ms
64 bytes from aaaa::212:7404:4:404: icmp_seq=195 ttl=62 time=136 ms
64 bytes from aaaa::212:7404:4:404: icmp_seq=196 ttl=62 time=174 ms
64 bytes from aaaa::212:7404:4:404: icmp_seq=197 ttl=62 time=149 ms
64 bytes from aaaa::212:7404:4:404: icmp_seq=198 ttl=62 time=168 ms
64 bytes from aaaa::212:7404:4:404: icmp_seq=199 ttl=62 time=236 ms
64 bytes from aaaa::212:7404:4:404: icmp_seq=200 ttl=62 time=197 ms

--- aaaa::212:7404:4:404 ping statistics ---
200 packets transmitted, 141 received, 29% packet loss, time 1003561ms
rtt min/avg/max/mdev = 106.261/339.754/1563.550/290.810 ms
