PING aaaa::212:7406:6:606(aaaa::212:7406:6:606) 56 data bytes
64 bytes from aaaa::212:7406:6:606: icmp_seq=1 ttl=62 time=243 ms
64 bytes from aaaa::212:7406:6:606: icmp_seq=2 ttl=62 time=256 ms
64 bytes from aaaa::212:7406:6:606: icmp_seq=3 ttl=62 time=179 ms
64 bytes from aaaa::212:7406:6:606: icmp_seq=4 ttl=62 time=252 ms
64 bytes from aaaa::212:7406:6:606: icmp_seq=5 ttl=62 time=185 ms
64 bytes from aaaa::212:7406:6:606: icmp_seq=6 ttl=62 time=196 ms
64 bytes from aaaa::212:7406:6:606: icmp_seq=7 ttl=62 time=446 ms
64 bytes from aaaa::212:7406:6:606: icmp_seq=8 ttl=62 time=412 ms
64 bytes from aaaa::212:7406:6:606: icmp_seq=9 ttl=62 time=383 ms
64 bytes from aaaa::212:7406:6:606: icmp_seq=10 ttl=62 time=291 ms
64 bytes from aaaa::212:7406:6:606: icmp_seq=11 ttl=62 time=205 ms
64 bytes from aaaa::212:7406:6:606: icmp_seq=12 ttl=62 time=237 ms
64 bytes from aaaa::212:7406:6:606: icmp_seq=13 ttl=62 time=183 ms
64 bytes from aaaa::212:7406:6:606: icmp_seq=14 ttl=62 time=213 ms
64 bytes from aaaa::212:7406:6:606: icmp_seq=15 ttl=62 time=331 ms
64 bytes from aaaa::212:7406:6:606: icmp_seq=16 ttl=62 time=928 ms
64 bytes from aaaa::212:7406:6:606: icmp_seq=17 ttl=62 time=181 ms
64 bytes from aaaa::212:7406:6:606: icmp_seq=18 ttl=62 time=500 ms
64 bytes from aaaa::212:7406:6:606: icmp_seq=19 ttl=62 time=850 ms
64 bytes from aaaa::212:7406:6:606: icmp_seq=20 ttl=62 time=213 ms
64 bytes from aaaa::212:7406:6:606: icmp_seq=21 ttl=62 time=189 ms
64 bytes from aaaa::212:7406:6:606: icmp_seq=22 ttl=62 time=376 ms
64 bytes from aaaa::212:7406:6:606: icmp_seq=23 ttl=62 time=178 ms
64 bytes from aaaa::212:7406:6:606: icmp_seq=24 ttl=62 time=178 ms
64 bytes from aaaa::212:7406:6:606: icmp_seq=25 ttl=62 time=156 ms
64 bytes from aaaa::212:7406:6:606: icmp_seq=26 ttl=62 time=154 ms
64 bytes from aaaa::212:7406:6:606: icmp_seq=27 ttl=62 time=169 ms
64 bytes from aaaa::212:7406:6:606: icmp_seq=28 ttl=62 time=185 ms
64 bytes from aaaa::212:7406:6:606: icmp_seq=29 ttl=62 time=200 ms
64 bytes from aaaa::212:7406:6:606: icmp_seq=30 ttl=62 time=146 ms
64 bytes from aaaa::212:7406:6:606: icmp_seq=31 ttl=62 time=162 ms
64 bytes from aaaa::212:7406:6:606: icmp_seq=32 ttl=62 time=194 ms
64 bytes from aaaa::212:7406:6:606: icmp_seq=33 ttl=62 time=166 ms
64 bytes from aaaa::212:7406:6:606: icmp_seq=34 ttl=62 time=170 ms
64 bytes from aaaa::212:7406:6:606: icmp_seq=35 ttl=62 time=155 ms
64 bytes from aaaa::212:7406:6:606: icmp_seq=36 ttl=62 time=136 ms
64 bytes from aaaa::212:7406:6:606: icmp_seq=37 ttl=62 time=198 ms
64 bytes from aaaa::212:7406:6:606: icmp_seq=38 ttl=62 time=180 ms
64 bytes from aaaa::212:7406:6:606: icmp_seq=39 ttl=62 time=214 ms
64 bytes from aaaa::212:7406:6:606: icmp_seq=40 ttl=62 time=254 ms
64 bytes from aaaa::212:7406:6:606: icmp_seq=41 ttl=62 time=148 ms
64 bytes from aaaa::212:7406:6:606: icmp_seq=42 ttl=62 time=344 ms
64 bytes from aaaa::212:7406:6:606: icmp_seq=43 ttl=62 time=189 ms
64 bytes from aaaa::212:7406:6:606: icmp_seq=44 ttl=62 time=308 ms
64 bytes from aaaa::212:7406:6:606: icmp_seq=45 ttl=62 time=156 ms
64 bytes from aaaa::212:7406:6:606: icmp_seq=46 ttl=62 time=318 ms
64 bytes from aaaa::212:7406:6:606: icmp_seq=47 ttl=62 time=176 ms
64 bytes from aaaa::212:7406:6:606: icmp_seq=48 ttl=62 time=200 ms
64 bytes from aaaa::212:7406:6:606: icmp_seq=49 ttl=62 time=146 ms
64 bytes from aaaa::212:7406:6:606: icmp_seq=50 ttl=62 time=159 ms
64 bytes from aaaa::212:7406:6:606: icmp_seq=51 ttl=62 time=169 ms
64 bytes from aaaa::212:7406:6:606: icmp_seq=52 ttl=62 time=223 ms
64 bytes from aaaa::212:7406:6:606: icmp_seq=53 ttl=62 time=293 ms
64 bytes from aaaa::212:7406:6:606: icmp_seq=54 ttl=62 time=254 ms
64 bytes from aaaa::212:7406:6:606: icmp_seq=55 ttl=62 time=130 ms
64 bytes from aaaa::212:7406:6:606: icmp_seq=56 ttl=62 time=158 ms
64 bytes from aaaa::212:7406:6:606: icmp_seq=57 ttl=62 time=153 ms
64 bytes from aaaa::212:7406:6:606: icmp_seq=58 ttl=62 time=229 ms
64 bytes from aaaa::212:7406:6:606: icmp_seq=59 ttl=62 time=167 ms
64 bytes from aaaa::212:7406:6:606: icmp_seq=60 ttl=62 time=240 ms
64 bytes from aaaa::212:7406:6:606: icmp_seq=61 ttl=62 time=165 ms
64 bytes from aaaa::212:7406:6:606: icmp_seq=62 ttl=62 time=220 ms
64 bytes from aaaa::212:7406:6:606: icmp_seq=63 ttl=62 time=321 ms
64 bytes from aaaa::212:7406:6:606: icmp_seq=64 ttl=62 time=162 ms
64 bytes from aaaa::212:7406:6:606: icmp_seq=65 ttl=62 time=244 ms
64 bytes from aaaa::212:7406:6:606: icmp_seq=66 ttl=62 time=247 ms
64 bytes from aaaa::212:7406:6:606: icmp_seq=67 ttl=62 time=224 ms
64 bytes from aaaa::212:7406:6:606: icmp_seq=68 ttl=62 time=194 ms
64 bytes from aaaa::212:7406:6:606: icmp_seq=69 ttl=62 time=223 ms
64 bytes from aaaa::212:7406:6:606: icmp_seq=70 ttl=62 time=214 ms
64 bytes from aaaa::212:7406:6:606: icmp_seq=71 ttl=62 time=168 ms
64 bytes from aaaa::212:7406:6:606: icmp_seq=72 ttl=62 time=162 ms
64 bytes from aaaa::212:7406:6:606: icmp_seq=73 ttl=62 time=131 ms
64 bytes from aaaa::212:7406:6:606: icmp_seq=74 ttl=62 time=238 ms
64 bytes from aaaa::212:7406:6:606: icmp_seq=75 ttl=62 time=199 ms
64 bytes from aaaa::212:7406:6:606: icmp_seq=76 ttl=62 time=282 ms
64 bytes from aaaa::212:7406:6:606: icmp_seq=77 ttl=62 time=209 ms
64 bytes from aaaa::212:7406:6:606: icmp_seq=78 ttl=62 time=129 ms
64 bytes from aaaa::212:7406:6:606: icmp_seq=79 ttl=62 time=322 ms
64 bytes from aaaa::212:7406:6:606: icmp_seq=80 ttl=62 time=180 ms
64 bytes from aaaa::212:7406:6:606: icmp_seq=81 ttl=62 time=163 ms
64 bytes from aaaa::212:7406:6:606: icmp_seq=82 ttl=62 time=191 ms
64 bytes from aaaa::212:7406:6:606: icmp_seq=83 ttl=62 time=246 ms
64 bytes from aaaa::212:7406:6:606: icmp_seq=84 ttl=62 time=250 ms
64 bytes from aaaa::212:7406:6:606: icmp_seq=85 ttl=62 time=195 ms
64 bytes from aaaa::212:7406:6:606: icmp_seq=86 ttl=62 time=231 ms
64 bytes from aaaa::212:7406:6:606: icmp_seq=87 ttl=62 time=307 ms
64 bytes from aaaa::212:7406:6:606: icmp_seq=88 ttl=62 time=195 ms
64 bytes from aaaa::212:7406:6:606: icmp_seq=89 ttl=62 time=376 ms
64 bytes from aaaa::212:7406:6:606: icmp_seq=90 ttl=62 time=423 ms
64 bytes from aaaa::212:7406:6:606: icmp_seq=92 ttl=62 time=339 ms
64 bytes from aaaa::212:7406:6:606: icmp_seq=93 ttl=62 time=161 ms
64 bytes from aaaa::212:7406:6:606: icmp_seq=94 ttl=62 time=269 ms
64 bytes from aaaa::212:7406:6:606: icmp_seq=96 ttl=62 time=492 ms
64 bytes from aaaa::212:7406:6:606: icmp_seq=97 ttl=62 time=654 ms
64 bytes from aaaa::212:7406:6:606: icmp_seq=99 ttl=62 time=562 ms
64 bytes from aaaa::212:7406:6:606: icmp_seq=100 ttl=62 time=722 ms
64 bytes from aaaa::212:7406:6:606: icmp_seq=101 ttl=62 time=521 ms
64 bytes from aaaa::212:7406:6:606: icmp_seq=102 ttl=62 time=468 ms
64 bytes from aaaa::212:7406:6:606: icmp_seq=103 ttl=62 time=399 ms
64 bytes from aaaa::212:7406:6:606: icmp_seq=104 ttl=62 time=801 ms
64 bytes from aaaa::212:7406:6:606: icmp_seq=105 ttl=62 time=167 ms
64 bytes from aaaa::212:7406:6:606: icmp_seq=106 ttl=62 time=271 ms
64 bytes from aaaa::212:7406:6:606: icmp_seq=107 ttl=62 time=179 ms
64 bytes from aaaa::212:7406:6:606: icmp_seq=108 ttl=62 time=582 ms
64 bytes from aaaa::212:7406:6:606: icmp_seq=109 ttl=62 time=728 ms
64 bytes from aaaa::212:7406:6:606: icmp_seq=110 ttl=62 time=317 ms
64 bytes from aaaa::212:7406:6:606: icmp_seq=119 ttl=62 time=534 ms
64 bytes from aaaa::212:7406:6:606: icmp_seq=120 ttl=62 time=391 ms
64 bytes from aaaa::212:7406:6:606: icmp_seq=121 ttl=62 time=400 ms
64 bytes from aaaa::212:7406:6:606: icmp_seq=123 ttl=62 time=404 ms
64 bytes from aaaa::212:7406:6:606: icmp_seq=124 ttl=62 time=652 ms
64 bytes from aaaa::212:7406:6:606: icmp_seq=125 ttl=62 time=1020 ms
64 bytes from aaaa::212:7406:6:606: icmp_seq=127 ttl=62 time=338 ms
64 bytes from aaaa::212:7406:6:606: icmp_seq=128 ttl=62 time=482 ms
64 bytes from aaaa::212:7406:6:606: icmp_seq=129 ttl=62 time=600 ms
64 bytes from aaaa::212:7406:6:606: icmp_seq=130 ttl=62 time=137 ms
64 bytes from aaaa::212:7406:6:606: icmp_seq=131 ttl=62 time=190 ms
64 bytes from aaaa::212:7406:6:606: icmp_seq=132 ttl=62 time=229 ms
64 bytes from aaaa::212:7406:6:606: icmp_seq=133 ttl=62 time=505 ms
64 bytes from aaaa::212:7406:6:606: icmp_seq=134 ttl=62 time=271 ms
64 bytes from aaaa::212:7406:6:606: icmp_seq=135 ttl=62 time=1144 ms
64 bytes from aaaa::212:7406:6:606: icmp_seq=136 ttl=62 time=807 ms
64 bytes from aaaa::212:7406:6:606: icmp_seq=137 ttl=62 time=934 ms
64 bytes from aaaa::212:7406:6:606: icmp_seq=138 ttl=62 time=529 ms
64 bytes from aaaa::212:7406:6:606: icmp_seq=139 ttl=62 time=574 ms
64 bytes from aaaa::212:7406:6:606: icmp_seq=140 ttl=62 time=252 ms
64 bytes from aaaa::212:7406:6:606: icmp_seq=141 ttl=62 time=482 ms
64 bytes from aaaa::212:7406:6:606: icmp_seq=142 ttl=62 time=408 ms
64 bytes from aaaa::212:7406:6:606: icmp_seq=143 ttl=62 time=624 ms
64 bytes from aaaa::212:7406:6:606: icmp_seq=144 ttl=62 time=180 ms
64 bytes from aaaa::212:7406:6:606: icmp_seq=147 ttl=62 time=481 ms
64 bytes from aaaa::212:7406:6:606: icmp_seq=148 ttl=62 time=427 ms
64 bytes from aaaa::212:7406:6:606: icmp_seq=156 ttl=62 time=400 ms
64 bytes from aaaa::212:7406:6:606: icmp_seq=157 ttl=62 time=356 ms
64 bytes from aaaa::212:7406:6:606: icmp_seq=160 ttl=62 time=264 ms
64 bytes from aaaa::212:7406:6:606: icmp_seq=161 ttl=62 time=803 ms
64 bytes from aaaa::212:7406:6:606: icmp_seq=162 ttl=62 time=671 ms
64 bytes from aaaa::212:7406:6:606: icmp_seq=163 ttl=62 time=226 ms
64 bytes from aaaa::212:7406:6:606: icmp_seq=164 ttl=62 time=171 ms
64 bytes from aaaa::212:7406:6:606: icmp_seq=165 ttl=62 time=371 ms
64 bytes from aaaa::212:7406:6:606: icmp_seq=166 ttl=62 time=263 ms
64 bytes from aaaa::212:7406:6:606: icmp_seq=167 ttl=62 time=218 ms
64 bytes from aaaa::212:7406:6:606: icmp_seq=168 ttl=62 time=222 ms
64 bytes from aaaa::212:7406:6:606: icmp_seq=169 ttl=62 time=344 ms
64 bytes from aaaa::212:7406:6:606: icmp_seq=170 ttl=62 time=451 ms
64 bytes from aaaa::212:7406:6:606: icmp_seq=171 ttl=62 time=970 ms
64 bytes from aaaa::212:7406:6:606: icmp_seq=172 ttl=62 time=197 ms
64 bytes from aaaa::212:7406:6:606: icmp_seq=173 ttl=62 time=347 ms
64 bytes from aaaa::212:7406:6:606: icmp_seq=174 ttl=62 time=599 ms
64 bytes from aaaa::212:7406:6:606: icmp_seq=175 ttl=62 time=163 ms
64 bytes from aaaa::212:7406:6:606: icmp_seq=176 ttl=62 time=270 ms
64 bytes from aaaa::212:7406:6:606: icmp_seq=177 ttl=62 time=176 ms
64 bytes from aaaa::212:7406:6:606: icmp_seq=178 ttl=62 time=215 ms
64 bytes from aaaa::212:7406:6:606: icmp_seq=179 ttl=62 time=432 ms
64 bytes from aaaa::212:7406:6:606: icmp_seq=180 ttl=62 time=275 ms
64 bytes from aaaa::212:7406:6:606: icmp_seq=181 ttl=62 time=373 ms
64 bytes from aaaa::212:7406:6:606: icmp_seq=182 ttl=62 time=258 ms
64 bytes from aaaa::212:7406:6:606: icmp_seq=183 ttl=62 time=214 ms
64 bytes from aaaa::212:7406:6:606: icmp_seq=184 ttl=62 time=200 ms
64 bytes from aaaa::212:7406:6:606: icmp_seq=185 ttl=62 time=144 ms
64 bytes from aaaa::212:7406:6:606: icmp_seq=186 ttl=62 time=176 ms
64 bytes from aaaa::212:7406:6:606: icmp_seq=187 ttl=62 time=190 ms
64 bytes from aaaa::212:7406:6:606: icmp_seq=188 ttl=62 time=190 ms
64 bytes from aaaa::212:7406:6:606: icmp_seq=189 ttl=62 time=235 ms
64 bytes from aaaa::212:7406:6:606: icmp_seq=190 ttl=62 time=196 ms
64 bytes from aaaa::212:7406:6:606: icmp_seq=191 ttl=62 time=222 ms
64 bytes from aaaa::212:7406:6:606: icmp_seq=192 ttl=62 time=265 ms
64 bytes from aaaa::212:7406:6:606: icmp_seq=193 ttl=62 time=190 ms
64 bytes from aaaa::212:7406:6:606: icmp_seq=194 ttl=62 time=144 ms
64 bytes from aaaa::212:7406:6:606: icmp_seq=195 ttl=62 time=177 ms
64 bytes from aaaa::212:7406:6:606: icmp_seq=196 ttl=62 time=183 ms
64 bytes from aaaa::212:7406:6:606: icmp_seq=197 ttl=62 time=236 ms
64 bytes from aaaa::212:7406:6:606: icmp_seq=198 ttl=62 time=174 ms
64 bytes from aaaa::212:7406:6:606: icmp_seq=199 ttl=62 time=433 ms
64 bytes from aaaa::212:7406:6:606: icmp_seq=200 ttl=62 time=902 ms

--- aaaa::212:7406:6:606 ping statistics ---
200 packets transmitted, 176 received, 12% packet loss, time 998878ms
rtt min/avg/max/mdev = 129.118/316.121/1144.528/200.282 ms
