PING fd00::212:7402:2:202(fd00::212:7402:2:202) 56 data bytes
64 bytes from fd00::212:7402:2:202: icmp_seq=1 ttl=62 time=122 ms
64 bytes from fd00::212:7402:2:202: icmp_seq=2 ttl=62 time=254 ms
64 bytes from fd00::212:7402:2:202: icmp_seq=3 ttl=62 time=309 ms
64 bytes from fd00::212:7402:2:202: icmp_seq=4 ttl=62 time=203 ms
64 bytes from fd00::212:7402:2:202: icmp_seq=5 ttl=62 time=855 ms
64 bytes from fd00::212:7402:2:202: icmp_seq=6 ttl=62 time=207 ms
64 bytes from fd00::212:7402:2:202: icmp_seq=7 ttl=62 time=162 ms
64 bytes from fd00::212:7402:2:202: icmp_seq=8 ttl=62 time=98.5 ms
64 bytes from fd00::212:7402:2:202: icmp_seq=9 ttl=62 time=82.2 ms
64 bytes from fd00::212:7402:2:202: icmp_seq=10 ttl=62 time=789 ms
64 bytes from fd00::212:7402:2:202: icmp_seq=11 ttl=62 time=177 ms
64 bytes from fd00::212:7402:2:202: icmp_seq=12 ttl=62 time=171 ms
64 bytes from fd00::212:7402:2:202: icmp_seq=13 ttl=62 time=345 ms
64 bytes from fd00::212:7402:2:202: icmp_seq=14 ttl=62 time=368 ms
64 bytes from fd00::212:7402:2:202: icmp_seq=15 ttl=62 time=559 ms
64 bytes from fd00::212:7402:2:202: icmp_seq=16 ttl=62 time=184 ms
64 bytes from fd00::212:7402:2:202: icmp_seq=17 ttl=62 time=237 ms
64 bytes from fd00::212:7402:2:202: icmp_seq=19 ttl=62 time=647 ms
64 bytes from fd00::212:7402:2:202: icmp_seq=20 ttl=62 time=708 ms
64 bytes from fd00::212:7402:2:202: icmp_seq=21 ttl=62 time=119 ms
64 bytes from fd00::212:7402:2:202: icmp_seq=22 ttl=62 time=112 ms
64 bytes from fd00::212:7402:2:202: icmp_seq=23 ttl=62 time=739 ms
64 bytes from fd00::212:7402:2:202: icmp_seq=24 ttl=62 time=430 ms
64 bytes from fd00::212:7402:2:202: icmp_seq=25 ttl=62 time=254 ms
64 bytes from fd00::212:7402:2:202: icmp_seq=26 ttl=62 time=355 ms
64 bytes from fd00::212:7402:2:202: icmp_seq=27 ttl=62 time=74.0 ms
64 bytes from fd00::212:7402:2:202: icmp_seq=28 ttl=62 time=1438 ms
64 bytes from fd00::212:7402:2:202: icmp_seq=29 ttl=62 time=991 ms
64 bytes from fd00::212:7402:2:202: icmp_seq=30 ttl=62 time=422 ms
64 bytes from fd00::212:7402:2:202: icmp_seq=32 ttl=62 time=184 ms
64 bytes from fd00::212:7402:2:202: icmp_seq=33 ttl=62 time=791 ms
64 bytes from fd00::212:7402:2:202: icmp_seq=34 ttl=62 time=1062 ms
64 bytes from fd00::212:7402:2:202: icmp_seq=36 ttl=62 time=96.1 ms
64 bytes from fd00::212:7402:2:202: icmp_seq=37 ttl=62 time=251 ms
64 bytes from fd00::212:7402:2:202: icmp_seq=38 ttl=62 time=269 ms
64 bytes from fd00::212:7402:2:202: icmp_seq=39 ttl=62 time=242 ms
64 bytes from fd00::212:7402:2:202: icmp_seq=49 ttl=62 time=363 ms
64 bytes from fd00::212:7402:2:202: icmp_seq=53 ttl=62 time=230 ms
64 bytes from fd00::212:7402:2:202: icmp_seq=61 ttl=62 time=255 ms
64 bytes from fd00::212:7402:2:202: icmp_seq=85 ttl=62 time=85.1 ms
64 bytes from fd00::212:7402:2:202: icmp_seq=93 ttl=62 time=103 ms
64 bytes from fd00::212:7402:2:202: icmp_seq=94 ttl=62 time=212 ms
64 bytes from fd00::212:7402:2:202: icmp_seq=105 ttl=62 time=105 ms
64 bytes from fd00::212:7402:2:202: icmp_seq=108 ttl=62 time=185 ms
64 bytes from fd00::212:7402:2:202: icmp_seq=113 ttl=62 time=160 ms
64 bytes from fd00::212:7402:2:202: icmp_seq=114 ttl=62 time=134 ms
64 bytes from fd00::212:7402:2:202: icmp_seq=115 ttl=62 time=103 ms
64 bytes from fd00::212:7402:2:202: icmp_seq=117 ttl=62 time=236 ms
64 bytes from fd00::212:7402:2:202: icmp_seq=118 ttl=62 time=132 ms
64 bytes from fd00::212:7402:2:202: icmp_seq=119 ttl=62 time=565 ms
64 bytes from fd00::212:7402:2:202: icmp_seq=120 ttl=62 time=231 ms
64 bytes from fd00::212:7402:2:202: icmp_seq=121 ttl=62 time=429 ms
64 bytes from fd00::212:7402:2:202: icmp_seq=122 ttl=62 time=565 ms
64 bytes from fd00::212:7402:2:202: icmp_seq=123 ttl=62 time=513 ms
64 bytes from fd00::212:7402:2:202: icmp_seq=124 ttl=62 time=332 ms
64 bytes from fd00::212:7402:2:202: icmp_seq=125 ttl=62 time=390 ms
64 bytes from fd00::212:7402:2:202: icmp_seq=126 ttl=62 time=504 ms
64 bytes from fd00::212:7402:2:202: icmp_seq=127 ttl=62 time=274 ms
64 bytes from fd00::212:7402:2:202: icmp_seq=128 ttl=62 time=217 ms
64 bytes from fd00::212:7402:2:202: icmp_seq=129 ttl=62 time=229 ms
64 bytes from fd00::212:7402:2:202: icmp_seq=130 ttl=62 time=755 ms
64 bytes from fd00::212:7402:2:202: icmp_seq=131 ttl=62 time=404 ms
64 bytes from fd00::212:7402:2:202: icmp_seq=132 ttl=62 time=263 ms
64 bytes from fd00::212:7402:2:202: icmp_seq=133 ttl=62 time=230 ms
64 bytes from fd00::212:7402:2:202: icmp_seq=134 ttl=62 time=293 ms
64 bytes from fd00::212:7402:2:202: icmp_seq=135 ttl=62 time=282 ms
64 bytes from fd00::212:7402:2:202: icmp_seq=137 ttl=62 time=329 ms
64 bytes from fd00::212:7402:2:202: icmp_seq=139 ttl=62 time=236 ms
64 bytes from fd00::212:7402:2:202: icmp_seq=140 ttl=62 time=119 ms
64 bytes from fd00::212:7402:2:202: icmp_seq=141 ttl=62 time=307 ms
64 bytes from fd00::212:7402:2:202: icmp_seq=142 ttl=62 time=151 ms
64 bytes from fd00::212:7402:2:202: icmp_seq=143 ttl=62 time=469 ms
64 bytes from fd00::212:7402:2:202: icmp_seq=144 ttl=62 time=156 ms
64 bytes from fd00::212:7402:2:202: icmp_seq=145 ttl=62 time=245 ms
64 bytes from fd00::212:7402:2:202: icmp_seq=146 ttl=62 time=217 ms
64 bytes from fd00::212:7402:2:202: icmp_seq=147 ttl=62 time=396 ms
64 bytes from fd00::212:7402:2:202: icmp_seq=148 ttl=62 time=170 ms
64 bytes from fd00::212:7402:2:202: icmp_seq=151 ttl=62 time=210 ms
64 bytes from fd00::212:7402:2:202: icmp_seq=159 ttl=62 time=155 ms
64 bytes from fd00::212:7402:2:202: icmp_seq=166 ttl=62 time=143 ms
64 bytes from fd00::212:7402:2:202: icmp_seq=173 ttl=62 time=139 ms
64 bytes from fd00::212:7402:2:202: icmp_seq=174 ttl=62 time=441 ms
64 bytes from fd00::212:7402:2:202: icmp_seq=175 ttl=62 time=105 ms
64 bytes from fd00::212:7402:2:202: icmp_seq=176 ttl=62 time=218 ms
64 bytes from fd00::212:7402:2:202: icmp_seq=177 ttl=62 time=203 ms
64 bytes from fd00::212:7402:2:202: icmp_seq=178 ttl=62 time=124 ms
64 bytes from fd00::212:7402:2:202: icmp_seq=179 ttl=62 time=94.5 ms
64 bytes from fd00::212:7402:2:202: icmp_seq=180 ttl=62 time=166 ms
64 bytes from fd00::212:7402:2:202: icmp_seq=181 ttl=62 time=170 ms
64 bytes from fd00::212:7402:2:202: icmp_seq=182 ttl=62 time=175 ms
64 bytes from fd00::212:7402:2:202: icmp_seq=183 ttl=62 time=258 ms
64 bytes from fd00::212:7402:2:202: icmp_seq=185 ttl=62 time=208 ms
64 bytes from fd00::212:7402:2:202: icmp_seq=187 ttl=62 time=182 ms
64 bytes from fd00::212:7402:2:202: icmp_seq=188 ttl=62 time=105 ms
64 bytes from fd00::212:7402:2:202: icmp_seq=189 ttl=62 time=120 ms
64 bytes from fd00::212:7402:2:202: icmp_seq=190 ttl=62 time=102 ms
64 bytes from fd00::212:7402:2:202: icmp_seq=191 ttl=62 time=142 ms
64 bytes from fd00::212:7402:2:202: icmp_seq=192 ttl=62 time=93.2 ms
64 bytes from fd00::212:7402:2:202: icmp_seq=194 ttl=62 time=145 ms
64 bytes from fd00::212:7402:2:202: icmp_seq=195 ttl=62 time=87.8 ms
64 bytes from fd00::212:7402:2:202: icmp_seq=196 ttl=62 time=102 ms
64 bytes from fd00::212:7402:2:202: icmp_seq=197 ttl=62 time=102 ms
64 bytes from fd00::212:7402:2:202: icmp_seq=198 ttl=62 time=141 ms
64 bytes from fd00::212:7402:2:202: icmp_seq=199 ttl=62 time=120 ms
64 bytes from fd00::212:7402:2:202: icmp_seq=200 ttl=62 time=96.8 ms

--- fd00::212:7402:2:202 ping statistics ---
200 packets transmitted, 105 received, 47% packet loss, time 1008404ms
rtt min/avg/max/mdev = 74.082/288.393/1438.977/233.958 ms
