PING aaaa::212:7405:5:505(aaaa::212:7405:5:505) 56 data bytes
64 bytes from aaaa::212:7405:5:505: icmp_seq=1 ttl=61 time=234 ms
64 bytes from aaaa::212:7405:5:505: icmp_seq=2 ttl=61 time=254 ms
64 bytes from aaaa::212:7405:5:505: icmp_seq=3 ttl=61 time=201 ms
64 bytes from aaaa::212:7405:5:505: icmp_seq=4 ttl=61 time=287 ms
64 bytes from aaaa::212:7405:5:505: icmp_seq=5 ttl=61 time=167 ms
64 bytes from aaaa::212:7405:5:505: icmp_seq=7 ttl=61 time=103 ms
64 bytes from aaaa::212:7405:5:505: icmp_seq=8 ttl=61 time=115 ms
64 bytes from aaaa::212:7405:5:505: icmp_seq=9 ttl=61 time=125 ms
64 bytes from aaaa::212:7405:5:505: icmp_seq=10 ttl=61 time=137 ms
64 bytes from aaaa::212:7405:5:505: icmp_seq=11 ttl=61 time=97.2 ms
64 bytes from aaaa::212:7405:5:505: icmp_seq=12 ttl=61 time=121 ms
64 bytes from aaaa::212:7405:5:505: icmp_seq=13 ttl=61 time=112 ms
64 bytes from aaaa::212:7405:5:505: icmp_seq=14 ttl=61 time=111 ms
64 bytes from aaaa::212:7405:5:505: icmp_seq=15 ttl=61 time=92.5 ms
64 bytes from aaaa::212:7405:5:505: icmp_seq=16 ttl=61 time=134 ms
64 bytes from aaaa::212:7405:5:505: icmp_seq=17 ttl=61 time=136 ms
64 bytes from aaaa::212:7405:5:505: icmp_seq=18 ttl=61 time=211 ms
64 bytes from aaaa::212:7405:5:505: icmp_seq=19 ttl=61 time=126 ms
64 bytes from aaaa::212:7405:5:505: icmp_seq=20 ttl=61 time=112 ms
64 bytes from aaaa::212:7405:5:505: icmp_seq=21 ttl=61 time=119 ms
64 bytes from aaaa::212:7405:5:505: icmp_seq=22 ttl=61 time=115 ms
64 bytes from aaaa::212:7405:5:505: icmp_seq=23 ttl=61 time=124 ms
64 bytes from aaaa::212:7405:5:505: icmp_seq=24 ttl=61 time=125 ms
64 bytes from aaaa::212:7405:5:505: icmp_seq=25 ttl=61 time=119 ms
64 bytes from aaaa::212:7405:5:505: icmp_seq=26 ttl=61 time=106 ms
64 bytes from aaaa::212:7405:5:505: icmp_seq=27 ttl=61 time=102 ms
64 bytes from aaaa::212:7405:5:505: icmp_seq=28 ttl=61 time=162 ms
64 bytes from aaaa::212:7405:5:505: icmp_seq=29 ttl=61 time=126 ms
64 bytes from aaaa::212:7405:5:505: icmp_seq=30 ttl=61 time=125 ms
64 bytes from aaaa::212:7405:5:505: icmp_seq=31 ttl=61 time=94.4 ms
64 bytes from aaaa::212:7405:5:505: icmp_seq=32 ttl=61 time=106 ms
64 bytes from aaaa::212:7405:5:505: icmp_seq=33 ttl=61 time=277 ms
64 bytes from aaaa::212:7405:5:505: icmp_seq=34 ttl=61 time=215 ms
64 bytes from aaaa::212:7405:5:505: icmp_seq=35 ttl=61 time=280 ms
64 bytes from aaaa::212:7405:5:505: icmp_seq=36 ttl=61 time=244 ms
64 bytes from aaaa::212:7405:5:505: icmp_seq=37 ttl=61 time=459 ms
64 bytes from aaaa::212:7405:5:505: icmp_seq=38 ttl=61 time=303 ms
64 bytes from aaaa::212:7405:5:505: icmp_seq=39 ttl=61 time=217 ms
64 bytes from aaaa::212:7405:5:505: icmp_seq=41 ttl=61 time=141 ms
64 bytes from aaaa::212:7405:5:505: icmp_seq=42 ttl=61 time=213 ms
64 bytes from aaaa::212:7405:5:505: icmp_seq=44 ttl=61 time=270 ms
64 bytes from aaaa::212:7405:5:505: icmp_seq=45 ttl=61 time=522 ms
64 bytes from aaaa::212:7405:5:505: icmp_seq=46 ttl=61 time=224 ms
64 bytes from aaaa::212:7405:5:505: icmp_seq=49 ttl=61 time=134 ms
64 bytes from aaaa::212:7405:5:505: icmp_seq=50 ttl=61 time=124 ms
64 bytes from aaaa::212:7405:5:505: icmp_seq=51 ttl=61 time=223 ms
64 bytes from aaaa::212:7405:5:505: icmp_seq=52 ttl=61 time=198 ms
64 bytes from aaaa::212:7405:5:505: icmp_seq=53 ttl=61 time=323 ms
64 bytes from aaaa::212:7405:5:505: icmp_seq=54 ttl=61 time=348 ms
64 bytes from aaaa::212:7405:5:505: icmp_seq=55 ttl=61 time=294 ms
64 bytes from aaaa::212:7405:5:505: icmp_seq=57 ttl=61 time=181 ms
64 bytes from aaaa::212:7405:5:505: icmp_seq=59 ttl=61 time=430 ms
64 bytes from aaaa::212:7405:5:505: icmp_seq=72 ttl=61 time=167 ms
64 bytes from aaaa::212:7405:5:505: icmp_seq=73 ttl=61 time=189 ms
64 bytes from aaaa::212:7405:5:505: icmp_seq=74 ttl=61 time=248 ms
64 bytes from aaaa::212:7405:5:505: icmp_seq=75 ttl=61 time=154 ms
64 bytes from aaaa::212:7405:5:505: icmp_seq=79 ttl=61 time=149 ms
64 bytes from aaaa::212:7405:5:505: icmp_seq=80 ttl=61 time=216 ms
64 bytes from aaaa::212:7405:5:505: icmp_seq=84 ttl=61 time=150 ms
64 bytes from aaaa::212:7405:5:505: icmp_seq=94 ttl=61 time=171 ms
64 bytes from aaaa::212:7405:5:505: icmp_seq=95 ttl=61 time=151 ms
64 bytes from aaaa::212:7405:5:505: icmp_seq=98 ttl=61 time=226 ms
64 bytes from aaaa::212:7405:5:505: icmp_seq=107 ttl=61 time=157 ms
64 bytes from aaaa::212:7405:5:505: icmp_seq=108 ttl=61 time=167 ms
64 bytes from aaaa::212:7405:5:505: icmp_seq=117 ttl=61 time=207 ms
64 bytes from aaaa::212:7405:5:505: icmp_seq=126 ttl=61 time=295 ms
64 bytes from aaaa::212:7405:5:505: icmp_seq=137 ttl=61 time=139 ms
64 bytes from aaaa::212:7405:5:505: icmp_seq=140 ttl=61 time=173 ms
64 bytes from aaaa::212:7405:5:505: icmp_seq=153 ttl=61 time=128 ms
64 bytes from aaaa::212:7405:5:505: icmp_seq=157 ttl=61 time=332 ms
64 bytes from aaaa::212:7405:5:505: icmp_seq=158 ttl=61 time=204 ms
64 bytes from aaaa::212:7405:5:505: icmp_seq=159 ttl=61 time=285 ms
64 bytes from aaaa::212:7405:5:505: icmp_seq=162 ttl=61 time=240 ms
64 bytes from aaaa::212:7405:5:505: icmp_seq=163 ttl=61 time=149 ms
64 bytes from aaaa::212:7405:5:505: icmp_seq=164 ttl=61 time=143 ms
64 bytes from aaaa::212:7405:5:505: icmp_seq=165 ttl=61 time=167 ms
64 bytes from aaaa::212:7405:5:505: icmp_seq=166 ttl=61 time=162 ms
64 bytes from aaaa::212:7405:5:505: icmp_seq=169 ttl=61 time=125 ms
64 bytes from aaaa::212:7405:5:505: icmp_seq=170 ttl=61 time=101 ms
64 bytes from aaaa::212:7405:5:505: icmp_seq=171 ttl=61 time=477 ms
64 bytes from aaaa::212:7405:5:505: icmp_seq=172 ttl=61 time=382 ms
64 bytes from aaaa::212:7405:5:505: icmp_seq=173 ttl=61 time=102 ms
64 bytes from aaaa::212:7405:5:505: icmp_seq=174 ttl=61 time=145 ms
64 bytes from aaaa::212:7405:5:505: icmp_seq=175 ttl=61 time=106 ms
64 bytes from aaaa::212:7405:5:505: icmp_seq=176 ttl=61 time=114 ms
64 bytes from aaaa::212:7405:5:505: icmp_seq=177 ttl=61 time=112 ms
64 bytes from aaaa::212:7405:5:505: icmp_seq=178 ttl=61 time=91.5 ms
64 bytes from aaaa::212:7405:5:505: icmp_seq=179 ttl=61 time=116 ms
64 bytes from aaaa::212:7405:5:505: icmp_seq=180 ttl=61 time=113 ms
64 bytes from aaaa::212:7405:5:505: icmp_seq=181 ttl=61 time=83.1 ms
64 bytes from aaaa::212:7405:5:505: icmp_seq=182 ttl=61 time=261 ms
64 bytes from aaaa::212:7405:5:505: icmp_seq=183 ttl=61 time=223 ms
64 bytes from aaaa::212:7405:5:505: icmp_seq=184 ttl=61 time=125 ms
64 bytes from aaaa::212:7405:5:505: icmp_seq=185 ttl=61 time=170 ms
64 bytes from aaaa::212:7405:5:505: icmp_seq=186 ttl=61 time=208 ms
64 bytes from aaaa::212:7405:5:505: icmp_seq=187 ttl=61 time=107 ms
64 bytes from aaaa::212:7405:5:505: icmp_seq=188 ttl=61 time=148 ms
64 bytes from aaaa::212:7405:5:505: icmp_seq=189 ttl=61 time=118 ms
64 bytes from aaaa::212:7405:5:505: icmp_seq=190 ttl=61 time=164 ms
64 bytes from aaaa::212:7405:5:505: icmp_seq=191 ttl=61 time=148 ms
64 bytes from aaaa::212:7405:5:505: icmp_seq=192 ttl=61 time=133 ms
64 bytes from aaaa::212:7405:5:505: icmp_seq=193 ttl=61 time=162 ms
64 bytes from aaaa::212:7405:5:505: icmp_seq=194 ttl=61 time=112 ms
64 bytes from aaaa::212:7405:5:505: icmp_seq=195 ttl=61 time=108 ms
64 bytes from aaaa::212:7405:5:505: icmp_seq=196 ttl=61 time=166 ms
64 bytes from aaaa::212:7405:5:505: icmp_seq=197 ttl=61 time=92.6 ms
64 bytes from aaaa::212:7405:5:505: icmp_seq=198 ttl=61 time=133 ms
64 bytes from aaaa::212:7405:5:505: icmp_seq=199 ttl=61 time=126 ms
64 bytes from aaaa::212:7405:5:505: icmp_seq=200 ttl=61 time=127 ms

--- aaaa::212:7405:5:505 ping statistics ---
200 packets transmitted, 109 received, 45% packet loss, time 1007460ms
rtt min/avg/max/mdev = 83.107/180.177/522.980/86.422 ms
