PING aaaa::212:7408:8:808(aaaa::212:7408:8:808) 56 data bytes
64 bytes from aaaa::212:7408:8:808: icmp_seq=1 ttl=60 time=214 ms
64 bytes from aaaa::212:7408:8:808: icmp_seq=2 ttl=60 time=210 ms
64 bytes from aaaa::212:7408:8:808: icmp_seq=3 ttl=60 time=234 ms
64 bytes from aaaa::212:7408:8:808: icmp_seq=4 ttl=60 time=200 ms
64 bytes from aaaa::212:7408:8:808: icmp_seq=5 ttl=60 time=326 ms
64 bytes from aaaa::212:7408:8:808: icmp_seq=6 ttl=60 time=199 ms
64 bytes from aaaa::212:7408:8:808: icmp_seq=7 ttl=60 time=144 ms
64 bytes from aaaa::212:7408:8:808: icmp_seq=8 ttl=60 time=145 ms
64 bytes from aaaa::212:7408:8:808: icmp_seq=9 ttl=60 time=197 ms
64 bytes from aaaa::212:7408:8:808: icmp_seq=16 ttl=60 time=164 ms
64 bytes from aaaa::212:7408:8:808: icmp_seq=20 ttl=60 time=195 ms
64 bytes from aaaa::212:7408:8:808: icmp_seq=21 ttl=60 time=199 ms
64 bytes from aaaa::212:7408:8:808: icmp_seq=25 ttl=60 time=210 ms
64 bytes from aaaa::212:7408:8:808: icmp_seq=26 ttl=60 time=178 ms
64 bytes from aaaa::212:7408:8:808: icmp_seq=27 ttl=60 time=238 ms
64 bytes from aaaa::212:7408:8:808: icmp_seq=32 ttl=60 time=360 ms
64 bytes from aaaa::212:7408:8:808: icmp_seq=33 ttl=60 time=305 ms
64 bytes from aaaa::212:7408:8:808: icmp_seq=34 ttl=60 time=362 ms
64 bytes from aaaa::212:7408:8:808: icmp_seq=35 ttl=60 time=249 ms
64 bytes from aaaa::212:7408:8:808: icmp_seq=36 ttl=60 time=368 ms
64 bytes from aaaa::212:7408:8:808: icmp_seq=37 ttl=60 time=381 ms
64 bytes from aaaa::212:7408:8:808: icmp_seq=38 ttl=60 time=178 ms
64 bytes from aaaa::212:7408:8:808: icmp_seq=39 ttl=60 time=328 ms
64 bytes from aaaa::212:7408:8:808: icmp_seq=40 ttl=60 time=158 ms
64 bytes from aaaa::212:7408:8:808: icmp_seq=41 ttl=60 time=165 ms
64 bytes from aaaa::212:7408:8:808: icmp_seq=42 ttl=60 time=170 ms
64 bytes from aaaa::212:7408:8:808: icmp_seq=43 ttl=60 time=158 ms
64 bytes from aaaa::212:7408:8:808: icmp_seq=44 ttl=60 time=171 ms
64 bytes from aaaa::212:7408:8:808: icmp_seq=45 ttl=60 time=159 ms
64 bytes from aaaa::212:7408:8:808: icmp_seq=46 ttl=60 time=143 ms
64 bytes from aaaa::212:7408:8:808: icmp_seq=47 ttl=60 time=163 ms
64 bytes from aaaa::212:7408:8:808: icmp_seq=48 ttl=60 time=179 ms
64 bytes from aaaa::212:7408:8:808: icmp_seq=50 ttl=60 time=128 ms
64 bytes from aaaa::212:7408:8:808: icmp_seq=51 ttl=60 time=142 ms
64 bytes from aaaa::212:7408:8:808: icmp_seq=52 ttl=60 time=171 ms
64 bytes from aaaa::212:7408:8:808: icmp_seq=53 ttl=60 time=150 ms
64 bytes from aaaa::212:7408:8:808: icmp_seq=54 ttl=60 time=152 ms
64 bytes from aaaa::212:7408:8:808: icmp_seq=55 ttl=60 time=145 ms
64 bytes from aaaa::212:7408:8:808: icmp_seq=56 ttl=60 time=177 ms
64 bytes from aaaa::212:7408:8:808: icmp_seq=57 ttl=60 time=280 ms
64 bytes from aaaa::212:7408:8:808: icmp_seq=58 ttl=60 time=257 ms
64 bytes from aaaa::212:7408:8:808: icmp_seq=59 ttl=60 time=181 ms
64 bytes from aaaa::212:7408:8:808: icmp_seq=60 ttl=60 time=190 ms
64 bytes from aaaa::212:7408:8:808: icmp_seq=61 ttl=60 time=268 ms
64 bytes from aaaa::212:7408:8:808: icmp_seq=62 ttl=60 time=161 ms
64 bytes from aaaa::212:7408:8:808: icmp_seq=63 ttl=60 time=166 ms
64 bytes from aaaa::212:7408:8:808: icmp_seq=64 ttl=60 time=175 ms
64 bytes from aaaa::212:7408:8:808: icmp_seq=65 ttl=60 time=179 ms
64 bytes from aaaa::212:7408:8:808: icmp_seq=66 ttl=60 time=161 ms
64 bytes from aaaa::212:7408:8:808: icmp_seq=67 ttl=60 time=173 ms
64 bytes from aaaa::212:7408:8:808: icmp_seq=68 ttl=60 time=198 ms
64 bytes from aaaa::212:7408:8:808: icmp_seq=69 ttl=60 time=185 ms
64 bytes from aaaa::212:7408:8:808: icmp_seq=70 ttl=60 time=134 ms
64 bytes from aaaa::212:7408:8:808: icmp_seq=71 ttl=60 time=150 ms
64 bytes from aaaa::212:7408:8:808: icmp_seq=72 ttl=60 time=175 ms
64 bytes from aaaa::212:7408:8:808: icmp_seq=73 ttl=60 time=160 ms
64 bytes from aaaa::212:7408:8:808: icmp_seq=74 ttl=60 time=163 ms
64 bytes from aaaa::212:7408:8:808: icmp_seq=75 ttl=60 time=161 ms
64 bytes from aaaa::212:7408:8:808: icmp_seq=76 ttl=60 time=134 ms
64 bytes from aaaa::212:7408:8:808: icmp_seq=77 ttl=60 time=165 ms
64 bytes from aaaa::212:7408:8:808: icmp_seq=78 ttl=60 time=184 ms
64 bytes from aaaa::212:7408:8:808: icmp_seq=79 ttl=60 time=189 ms
64 bytes from aaaa::212:7408:8:808: icmp_seq=80 ttl=60 time=153 ms
64 bytes from aaaa::212:7408:8:808: icmp_seq=81 ttl=60 time=154 ms
64 bytes from aaaa::212:7408:8:808: icmp_seq=82 ttl=60 time=166 ms
64 bytes from aaaa::212:7408:8:808: icmp_seq=83 ttl=60 time=142 ms
64 bytes from aaaa::212:7408:8:808: icmp_seq=84 ttl=60 time=147 ms
64 bytes from aaaa::212:7408:8:808: icmp_seq=85 ttl=60 time=140 ms
64 bytes from aaaa::212:7408:8:808: icmp_seq=86 ttl=60 time=172 ms
64 bytes from aaaa::212:7408:8:808: icmp_seq=87 ttl=60 time=172 ms
64 bytes from aaaa::212:7408:8:808: icmp_seq=88 ttl=60 time=167 ms
64 bytes from aaaa::212:7408:8:808: icmp_seq=89 ttl=60 time=147 ms
64 bytes from aaaa::212:7408:8:808: icmp_seq=90 ttl=60 time=167 ms
64 bytes from aaaa::212:7408:8:808: icmp_seq=91 ttl=60 time=155 ms
64 bytes from aaaa::212:7408:8:808: icmp_seq=92 ttl=60 time=157 ms
64 bytes from aaaa::212:7408:8:808: icmp_seq=93 ttl=60 time=141 ms
64 bytes from aaaa::212:7408:8:808: icmp_seq=94 ttl=60 time=145 ms
64 bytes from aaaa::212:7408:8:808: icmp_seq=95 ttl=60 time=157 ms
64 bytes from aaaa::212:7408:8:808: icmp_seq=96 ttl=60 time=178 ms
64 bytes from aaaa::212:7408:8:808: icmp_seq=97 ttl=60 time=141 ms
64 bytes from aaaa::212:7408:8:808: icmp_seq=98 ttl=60 time=160 ms
64 bytes from aaaa::212:7408:8:808: icmp_seq=99 ttl=60 time=157 ms
64 bytes from aaaa::212:7408:8:808: icmp_seq=100 ttl=60 time=135 ms
64 bytes from aaaa::212:7408:8:808: icmp_seq=102 ttl=60 time=148 ms
64 bytes from aaaa::212:7408:8:808: icmp_seq=103 ttl=60 time=137 ms
64 bytes from aaaa::212:7408:8:808: icmp_seq=104 ttl=60 time=123 ms
64 bytes from aaaa::212:7408:8:808: icmp_seq=105 ttl=60 time=171 ms
64 bytes from aaaa::212:7408:8:808: icmp_seq=106 ttl=60 time=150 ms
64 bytes from aaaa::212:7408:8:808: icmp_seq=107 ttl=60 time=210 ms
64 bytes from aaaa::212:7408:8:808: icmp_seq=108 ttl=60 time=157 ms
64 bytes from aaaa::212:7408:8:808: icmp_seq=109 ttl=60 time=234 ms
64 bytes from aaaa::212:7408:8:808: icmp_seq=110 ttl=60 time=204 ms
64 bytes from aaaa::212:7408:8:808: icmp_seq=111 ttl=60 time=145 ms
64 bytes from aaaa::212:7408:8:808: icmp_seq=112 ttl=60 time=161 ms
64 bytes from aaaa::212:7408:8:808: icmp_seq=113 ttl=60 time=157 ms
64 bytes from aaaa::212:7408:8:808: icmp_seq=114 ttl=60 time=160 ms
64 bytes from aaaa::212:7408:8:808: icmp_seq=115 ttl=60 time=161 ms
64 bytes from aaaa::212:7408:8:808: icmp_seq=116 ttl=60 time=161 ms
64 bytes from aaaa::212:7408:8:808: icmp_seq=117 ttl=60 time=159 ms
64 bytes from aaaa::212:7408:8:808: icmp_seq=118 ttl=60 time=147 ms
64 bytes from aaaa::212:7408:8:808: icmp_seq=119 ttl=60 time=155 ms
64 bytes from aaaa::212:7408:8:808: icmp_seq=120 ttl=60 time=167 ms
64 bytes from aaaa::212:7408:8:808: icmp_seq=121 ttl=60 time=143 ms
64 bytes from aaaa::212:7408:8:808: icmp_seq=122 ttl=60 time=147 ms
64 bytes from aaaa::212:7408:8:808: icmp_seq=123 ttl=60 time=155 ms
64 bytes from aaaa::212:7408:8:808: icmp_seq=124 ttl=60 time=160 ms
64 bytes from aaaa::212:7408:8:808: icmp_seq=125 ttl=60 time=160 ms
64 bytes from aaaa::212:7408:8:808: icmp_seq=126 ttl=60 time=148 ms
64 bytes from aaaa::212:7408:8:808: icmp_seq=127 ttl=60 time=148 ms
64 bytes from aaaa::212:7408:8:808: icmp_seq=128 ttl=60 time=150 ms
64 bytes from aaaa::212:7408:8:808: icmp_seq=129 ttl=60 time=163 ms
64 bytes from aaaa::212:7408:8:808: icmp_seq=130 ttl=60 time=158 ms
64 bytes from aaaa::212:7408:8:808: icmp_seq=131 ttl=60 time=160 ms
64 bytes from aaaa::212:7408:8:808: icmp_seq=132 ttl=60 time=131 ms
64 bytes from aaaa::212:7408:8:808: icmp_seq=133 ttl=60 time=150 ms
64 bytes from aaaa::212:7408:8:808: icmp_seq=134 ttl=60 time=139 ms
64 bytes from aaaa::212:7408:8:808: icmp_seq=135 ttl=60 time=170 ms
64 bytes from aaaa::212:7408:8:808: icmp_seq=136 ttl=60 time=168 ms
64 bytes from aaaa::212:7408:8:808: icmp_seq=137 ttl=60 time=135 ms
64 bytes from aaaa::212:7408:8:808: icmp_seq=138 ttl=60 time=158 ms
64 bytes from aaaa::212:7408:8:808: icmp_seq=139 ttl=60 time=163 ms
64 bytes from aaaa::212:7408:8:808: icmp_seq=140 ttl=60 time=140 ms
64 bytes from aaaa::212:7408:8:808: icmp_seq=141 ttl=60 time=137 ms
64 bytes from aaaa::212:7408:8:808: icmp_seq=142 ttl=60 time=126 ms
64 bytes from aaaa::212:7408:8:808: icmp_seq=143 ttl=60 time=186 ms
64 bytes from aaaa::212:7408:8:808: icmp_seq=144 ttl=60 time=173 ms
64 bytes from aaaa::212:7408:8:808: icmp_seq=145 ttl=60 time=174 ms
64 bytes from aaaa::212:7408:8:808: icmp_seq=146 ttl=60 time=165 ms
64 bytes from aaaa::212:7408:8:808: icmp_seq=147 ttl=60 time=131 ms
64 bytes from aaaa::212:7408:8:808: icmp_seq=148 ttl=60 time=172 ms
64 bytes from aaaa::212:7408:8:808: icmp_seq=149 ttl=60 time=235 ms
64 bytes from aaaa::212:7408:8:808: icmp_seq=150 ttl=60 time=175 ms
64 bytes from aaaa::212:7408:8:808: icmp_seq=151 ttl=60 time=142 ms
64 bytes from aaaa::212:7408:8:808: icmp_seq=152 ttl=60 time=189 ms
64 bytes from aaaa::212:7408:8:808: icmp_seq=153 ttl=60 time=134 ms
64 bytes from aaaa::212:7408:8:808: icmp_seq=154 ttl=60 time=321 ms
64 bytes from aaaa::212:7408:8:808: icmp_seq=155 ttl=60 time=193 ms
64 bytes from aaaa::212:7408:8:808: icmp_seq=156 ttl=60 time=165 ms
64 bytes from aaaa::212:7408:8:808: icmp_seq=157 ttl=60 time=137 ms
64 bytes from aaaa::212:7408:8:808: icmp_seq=158 ttl=60 time=144 ms
64 bytes from aaaa::212:7408:8:808: icmp_seq=159 ttl=60 time=228 ms
64 bytes from aaaa::212:7408:8:808: icmp_seq=160 ttl=60 time=139 ms
64 bytes from aaaa::212:7408:8:808: icmp_seq=161 ttl=60 time=263 ms
64 bytes from aaaa::212:7408:8:808: icmp_seq=162 ttl=60 time=183 ms
64 bytes from aaaa::212:7408:8:808: icmp_seq=163 ttl=60 time=171 ms
64 bytes from aaaa::212:7408:8:808: icmp_seq=164 ttl=60 time=279 ms
64 bytes from aaaa::212:7408:8:808: icmp_seq=165 ttl=60 time=171 ms
64 bytes from aaaa::212:7408:8:808: icmp_seq=166 ttl=60 time=157 ms
64 bytes from aaaa::212:7408:8:808: icmp_seq=167 ttl=60 time=128 ms
64 bytes from aaaa::212:7408:8:808: icmp_seq=168 ttl=60 time=133 ms
64 bytes from aaaa::212:7408:8:808: icmp_seq=169 ttl=60 time=167 ms
64 bytes from aaaa::212:7408:8:808: icmp_seq=170 ttl=60 time=168 ms
64 bytes from aaaa::212:7408:8:808: icmp_seq=171 ttl=60 time=148 ms
64 bytes from aaaa::212:7408:8:808: icmp_seq=172 ttl=60 time=145 ms
64 bytes from aaaa::212:7408:8:808: icmp_seq=173 ttl=60 time=150 ms
64 bytes from aaaa::212:7408:8:808: icmp_seq=174 ttl=60 time=165 ms
64 bytes from aaaa::212:7408:8:808: icmp_seq=175 ttl=60 time=139 ms
64 bytes from aaaa::212:7408:8:808: icmp_seq=176 ttl=60 time=157 ms
64 bytes from aaaa::212:7408:8:808: icmp_seq=177 ttl=60 time=132 ms
64 bytes from aaaa::212:7408:8:808: icmp_seq=178 ttl=60 time=155 ms
64 bytes from aaaa::212:7408:8:808: icmp_seq=179 ttl=60 time=183 ms
64 bytes from aaaa::212:7408:8:808: icmp_seq=180 ttl=60 time=163 ms
64 bytes from aaaa::212:7408:8:808: icmp_seq=181 ttl=60 time=138 ms
64 bytes from aaaa::212:7408:8:808: icmp_seq=182 ttl=60 time=168 ms
64 bytes from aaaa::212:7408:8:808: icmp_seq=183 ttl=60 time=183 ms
64 bytes from aaaa::212:7408:8:808: icmp_seq=184 ttl=60 time=181 ms
64 bytes from aaaa::212:7408:8:808: icmp_seq=185 ttl=60 time=139 ms
64 bytes from aaaa::212:7408:8:808: icmp_seq=186 ttl=60 time=143 ms
64 bytes from aaaa::212:7408:8:808: icmp_seq=187 ttl=60 time=129 ms
64 bytes from aaaa::212:7408:8:808: icmp_seq=188 ttl=60 time=147 ms
64 bytes from aaaa::212:7408:8:808: icmp_seq=189 ttl=60 time=141 ms
64 bytes from aaaa::212:7408:8:808: icmp_seq=190 ttl=60 time=140 ms
64 bytes from aaaa::212:7408:8:808: icmp_seq=191 ttl=60 time=158 ms
64 bytes from aaaa::212:7408:8:808: icmp_seq=192 ttl=60 time=176 ms
64 bytes from aaaa::212:7408:8:808: icmp_seq=193 ttl=60 time=157 ms
64 bytes from aaaa::212:7408:8:808: icmp_seq=194 ttl=60 time=146 ms
64 bytes from aaaa::212:7408:8:808: icmp_seq=195 ttl=60 time=149 ms
64 bytes from aaaa::212:7408:8:808: icmp_seq=196 ttl=60 time=150 ms
64 bytes from aaaa::212:7408:8:808: icmp_seq=197 ttl=60 time=155 ms
64 bytes from aaaa::212:7408:8:808: icmp_seq=198 ttl=60 time=146 ms
64 bytes from aaaa::212:7408:8:808: icmp_seq=199 ttl=60 time=170 ms
64 bytes from aaaa::212:7408:8:808: icmp_seq=200 ttl=60 time=154 ms

--- aaaa::212:7408:8:808 ping statistics ---
200 packets transmitted, 182 received, 9% packet loss, time 997976ms
rtt min/avg/max/mdev = 123.501/174.165/381.735/46.664 ms
