PING aaaa::212:7406:6:606(aaaa::212:7406:6:606) 56 data bytes
64 bytes from aaaa::212:7406:6:606: icmp_seq=1 ttl=62 time=119 ms
64 bytes from aaaa::212:7406:6:606: icmp_seq=2 ttl=62 time=110 ms
64 bytes from aaaa::212:7406:6:606: icmp_seq=3 ttl=62 time=74.8 ms
64 bytes from aaaa::212:7406:6:606: icmp_seq=4 ttl=62 time=79.9 ms
64 bytes from aaaa::212:7406:6:606: icmp_seq=5 ttl=62 time=96.1 ms
64 bytes from aaaa::212:7406:6:606: icmp_seq=6 ttl=62 time=79.0 ms
64 bytes from aaaa::212:7406:6:606: icmp_seq=7 ttl=62 time=83.2 ms
64 bytes from aaaa::212:7406:6:606: icmp_seq=8 ttl=62 time=82.7 ms
64 bytes from aaaa::212:7406:6:606: icmp_seq=9 ttl=62 time=69.3 ms
64 bytes from aaaa::212:7406:6:606: icmp_seq=10 ttl=62 time=189 ms
64 bytes from aaaa::212:7406:6:606: icmp_seq=11 ttl=62 time=82.3 ms
64 bytes from aaaa::212:7406:6:606: icmp_seq=12 ttl=62 time=69.2 ms
64 bytes from aaaa::212:7406:6:606: icmp_seq=13 ttl=62 time=99.2 ms
64 bytes from aaaa::212:7406:6:606: icmp_seq=14 ttl=62 time=136 ms
64 bytes from aaaa::212:7406:6:606: icmp_seq=15 ttl=62 time=82.0 ms
64 bytes from aaaa::212:7406:6:606: icmp_seq=16 ttl=62 time=147 ms
64 bytes from aaaa::212:7406:6:606: icmp_seq=17 ttl=62 time=184 ms
64 bytes from aaaa::212:7406:6:606: icmp_seq=18 ttl=62 time=85.4 ms
64 bytes from aaaa::212:7406:6:606: icmp_seq=19 ttl=62 time=112 ms
64 bytes from aaaa::212:7406:6:606: icmp_seq=20 ttl=62 time=92.8 ms
64 bytes from aaaa::212:7406:6:606: icmp_seq=21 ttl=62 time=111 ms
64 bytes from aaaa::212:7406:6:606: icmp_seq=22 ttl=62 time=77.8 ms
64 bytes from aaaa::212:7406:6:606: icmp_seq=23 ttl=62 time=88.0 ms
64 bytes from aaaa::212:7406:6:606: icmp_seq=24 ttl=62 time=80.0 ms
64 bytes from aaaa::212:7406:6:606: icmp_seq=25 ttl=62 time=86.8 ms
64 bytes from aaaa::212:7406:6:606: icmp_seq=26 ttl=62 time=115 ms
64 bytes from aaaa::212:7406:6:606: icmp_seq=27 ttl=62 time=89.5 ms
64 bytes from aaaa::212:7406:6:606: icmp_seq=28 ttl=62 time=82.7 ms
64 bytes from aaaa::212:7406:6:606: icmp_seq=29 ttl=62 time=75.7 ms
64 bytes from aaaa::212:7406:6:606: icmp_seq=30 ttl=62 time=69.3 ms
64 bytes from aaaa::212:7406:6:606: icmp_seq=31 ttl=62 time=76.5 ms
64 bytes from aaaa::212:7406:6:606: icmp_seq=32 ttl=62 time=79.4 ms
64 bytes from aaaa::212:7406:6:606: icmp_seq=33 ttl=62 time=91.1 ms
64 bytes from aaaa::212:7406:6:606: icmp_seq=34 ttl=62 time=97.5 ms
64 bytes from aaaa::212:7406:6:606: icmp_seq=35 ttl=62 time=82.4 ms
64 bytes from aaaa::212:7406:6:606: icmp_seq=36 ttl=62 time=77.8 ms
64 bytes from aaaa::212:7406:6:606: icmp_seq=37 ttl=62 time=110 ms
64 bytes from aaaa::212:7406:6:606: icmp_seq=38 ttl=62 time=173 ms
64 bytes from aaaa::212:7406:6:606: icmp_seq=39 ttl=62 time=77.6 ms
64 bytes from aaaa::212:7406:6:606: icmp_seq=40 ttl=62 time=85.2 ms
64 bytes from aaaa::212:7406:6:606: icmp_seq=41 ttl=62 time=87.7 ms
64 bytes from aaaa::212:7406:6:606: icmp_seq=42 ttl=62 time=93.3 ms
64 bytes from aaaa::212:7406:6:606: icmp_seq=43 ttl=62 time=161 ms
64 bytes from aaaa::212:7406:6:606: icmp_seq=44 ttl=62 time=72.6 ms
64 bytes from aaaa::212:7406:6:606: icmp_seq=45 ttl=62 time=88.4 ms
64 bytes from aaaa::212:7406:6:606: icmp_seq=46 ttl=62 time=87.9 ms
64 bytes from aaaa::212:7406:6:606: icmp_seq=47 ttl=62 time=98.9 ms
64 bytes from aaaa::212:7406:6:606: icmp_seq=48 ttl=62 time=93.0 ms
64 bytes from aaaa::212:7406:6:606: icmp_seq=49 ttl=62 time=79.8 ms
64 bytes from aaaa::212:7406:6:606: icmp_seq=50 ttl=62 time=74.7 ms
64 bytes from aaaa::212:7406:6:606: icmp_seq=51 ttl=62 time=102 ms
64 bytes from aaaa::212:7406:6:606: icmp_seq=52 ttl=62 time=63.9 ms
64 bytes from aaaa::212:7406:6:606: icmp_seq=53 ttl=62 time=86.7 ms
64 bytes from aaaa::212:7406:6:606: icmp_seq=54 ttl=62 time=100 ms
64 bytes from aaaa::212:7406:6:606: icmp_seq=55 ttl=62 time=86.2 ms
64 bytes from aaaa::212:7406:6:606: icmp_seq=56 ttl=62 time=101 ms
64 bytes from aaaa::212:7406:6:606: icmp_seq=57 ttl=62 time=62.6 ms
64 bytes from aaaa::212:7406:6:606: icmp_seq=58 ttl=62 time=80.8 ms
64 bytes from aaaa::212:7406:6:606: icmp_seq=59 ttl=62 time=190 ms
64 bytes from aaaa::212:7406:6:606: icmp_seq=60 ttl=62 time=95.6 ms
64 bytes from aaaa::212:7406:6:606: icmp_seq=61 ttl=62 time=96.9 ms
64 bytes from aaaa::212:7406:6:606: icmp_seq=62 ttl=62 time=100 ms
64 bytes from aaaa::212:7406:6:606: icmp_seq=63 ttl=62 time=78.2 ms
64 bytes from aaaa::212:7406:6:606: icmp_seq=65 ttl=62 time=106 ms
64 bytes from aaaa::212:7406:6:606: icmp_seq=66 ttl=62 time=146 ms
64 bytes from aaaa::212:7406:6:606: icmp_seq=68 ttl=62 time=264 ms
64 bytes from aaaa::212:7406:6:606: icmp_seq=69 ttl=62 time=160 ms
64 bytes from aaaa::212:7406:6:606: icmp_seq=70 ttl=62 time=123 ms
64 bytes from aaaa::212:7406:6:606: icmp_seq=71 ttl=62 time=110 ms
64 bytes from aaaa::212:7406:6:606: icmp_seq=72 ttl=62 time=74.4 ms
64 bytes from aaaa::212:7406:6:606: icmp_seq=73 ttl=62 time=136 ms
64 bytes from aaaa::212:7406:6:606: icmp_seq=74 ttl=62 time=90.0 ms
64 bytes from aaaa::212:7406:6:606: icmp_seq=75 ttl=62 time=77.9 ms
64 bytes from aaaa::212:7406:6:606: icmp_seq=76 ttl=62 time=91.0 ms
64 bytes from aaaa::212:7406:6:606: icmp_seq=77 ttl=62 time=79.6 ms
64 bytes from aaaa::212:7406:6:606: icmp_seq=78 ttl=62 time=85.8 ms
64 bytes from aaaa::212:7406:6:606: icmp_seq=80 ttl=62 time=74.2 ms
64 bytes from aaaa::212:7406:6:606: icmp_seq=81 ttl=62 time=120 ms
64 bytes from aaaa::212:7406:6:606: icmp_seq=82 ttl=62 time=77.2 ms
64 bytes from aaaa::212:7406:6:606: icmp_seq=83 ttl=62 time=84.2 ms
64 bytes from aaaa::212:7406:6:606: icmp_seq=84 ttl=62 time=173 ms
64 bytes from aaaa::212:7406:6:606: icmp_seq=85 ttl=62 time=472 ms
64 bytes from aaaa::212:7406:6:606: icmp_seq=86 ttl=62 time=74.3 ms
64 bytes from aaaa::212:7406:6:606: icmp_seq=87 ttl=62 time=69.9 ms
64 bytes from aaaa::212:7406:6:606: icmp_seq=88 ttl=62 time=182 ms
64 bytes from aaaa::212:7406:6:606: icmp_seq=89 ttl=62 time=75.8 ms
64 bytes from aaaa::212:7406:6:606: icmp_seq=90 ttl=62 time=189 ms
64 bytes from aaaa::212:7406:6:606: icmp_seq=91 ttl=62 time=213 ms
64 bytes from aaaa::212:7406:6:606: icmp_seq=92 ttl=62 time=303 ms
64 bytes from aaaa::212:7406:6:606: icmp_seq=93 ttl=62 time=80.6 ms
64 bytes from aaaa::212:7406:6:606: icmp_seq=94 ttl=62 time=181 ms
64 bytes from aaaa::212:7406:6:606: icmp_seq=95 ttl=62 time=94.7 ms
64 bytes from aaaa::212:7406:6:606: icmp_seq=96 ttl=62 time=85.7 ms
64 bytes from aaaa::212:7406:6:606: icmp_seq=97 ttl=62 time=116 ms
64 bytes from aaaa::212:7406:6:606: icmp_seq=98 ttl=62 time=77.9 ms
64 bytes from aaaa::212:7406:6:606: icmp_seq=99 ttl=62 time=203 ms
64 bytes from aaaa::212:7406:6:606: icmp_seq=100 ttl=62 time=87.8 ms
64 bytes from aaaa::212:7406:6:606: icmp_seq=101 ttl=62 time=168 ms
64 bytes from aaaa::212:7406:6:606: icmp_seq=102 ttl=62 time=68.6 ms
64 bytes from aaaa::212:7406:6:606: icmp_seq=103 ttl=62 time=183 ms
64 bytes from aaaa::212:7406:6:606: icmp_seq=104 ttl=62 time=78.3 ms
64 bytes from aaaa::212:7406:6:606: icmp_seq=105 ttl=62 time=121 ms
64 bytes from aaaa::212:7406:6:606: icmp_seq=106 ttl=62 time=109 ms
64 bytes from aaaa::212:7406:6:606: icmp_seq=107 ttl=62 time=175 ms
64 bytes from aaaa::212:7406:6:606: icmp_seq=108 ttl=62 time=73.9 ms
64 bytes from aaaa::212:7406:6:606: icmp_seq=109 ttl=62 time=110 ms
64 bytes from aaaa::212:7406:6:606: icmp_seq=110 ttl=62 time=200 ms
64 bytes from aaaa::212:7406:6:606: icmp_seq=111 ttl=62 time=71.2 ms
64 bytes from aaaa::212:7406:6:606: icmp_seq=112 ttl=62 time=172 ms
64 bytes from aaaa::212:7406:6:606: icmp_seq=113 ttl=62 time=89.7 ms
64 bytes from aaaa::212:7406:6:606: icmp_seq=114 ttl=62 time=88.8 ms
64 bytes from aaaa::212:7406:6:606: icmp_seq=115 ttl=62 time=185 ms
64 bytes from aaaa::212:7406:6:606: icmp_seq=116 ttl=62 time=65.1 ms
64 bytes from aaaa::212:7406:6:606: icmp_seq=117 ttl=62 time=85.2 ms
64 bytes from aaaa::212:7406:6:606: icmp_seq=127 ttl=62 time=225 ms
64 bytes from aaaa::212:7406:6:606: icmp_seq=138 ttl=62 time=134 ms
64 bytes from aaaa::212:7406:6:606: icmp_seq=141 ttl=62 time=106 ms
64 bytes from aaaa::212:7406:6:606: icmp_seq=154 ttl=62 time=186 ms
64 bytes from aaaa::212:7406:6:606: icmp_seq=158 ttl=62 time=425 ms
64 bytes from aaaa::212:7406:6:606: icmp_seq=159 ttl=62 time=201 ms
64 bytes from aaaa::212:7406:6:606: icmp_seq=160 ttl=62 time=320 ms
64 bytes from aaaa::212:7406:6:606: icmp_seq=163 ttl=62 time=162 ms
64 bytes from aaaa::212:7406:6:606: icmp_seq=164 ttl=62 time=91.4 ms
64 bytes from aaaa::212:7406:6:606: icmp_seq=165 ttl=62 time=73.9 ms
64 bytes from aaaa::212:7406:6:606: icmp_seq=166 ttl=62 time=77.1 ms
64 bytes from aaaa::212:7406:6:606: icmp_seq=167 ttl=62 time=122 ms
64 bytes from aaaa::212:7406:6:606: icmp_seq=172 ttl=62 time=317 ms
64 bytes from aaaa::212:7406:6:606: icmp_seq=174 ttl=62 time=326 ms
64 bytes from aaaa::212:7406:6:606: icmp_seq=175 ttl=62 time=285 ms
64 bytes from aaaa::212:7406:6:606: icmp_seq=176 ttl=62 time=190 ms
64 bytes from aaaa::212:7406:6:606: icmp_seq=177 ttl=62 time=185 ms
64 bytes from aaaa::212:7406:6:606: icmp_seq=178 ttl=62 time=223 ms
64 bytes from aaaa::212:7406:6:606: icmp_seq=180 ttl=62 time=462 ms
64 bytes from aaaa::212:7406:6:606: icmp_seq=181 ttl=62 time=141 ms
64 bytes from aaaa::212:7406:6:606: icmp_seq=185 ttl=62 time=67.3 ms
64 bytes from aaaa::212:7406:6:606: icmp_seq=187 ttl=62 time=247 ms
64 bytes from aaaa::212:7406:6:606: icmp_seq=188 ttl=62 time=100 ms
64 bytes from aaaa::212:7406:6:606: icmp_seq=189 ttl=62 time=136 ms
64 bytes from aaaa::212:7406:6:606: icmp_seq=190 ttl=62 time=193 ms
64 bytes from aaaa::212:7406:6:606: icmp_seq=191 ttl=62 time=110 ms
64 bytes from aaaa::212:7406:6:606: icmp_seq=192 ttl=62 time=196 ms
64 bytes from aaaa::212:7406:6:606: icmp_seq=193 ttl=62 time=179 ms
64 bytes from aaaa::212:7406:6:606: icmp_seq=194 ttl=62 time=129 ms
64 bytes from aaaa::212:7406:6:606: icmp_seq=196 ttl=62 time=163 ms
64 bytes from aaaa::212:7406:6:606: icmp_seq=197 ttl=62 time=301 ms
64 bytes from aaaa::212:7406:6:606: icmp_seq=198 ttl=62 time=179 ms
64 bytes from aaaa::212:7406:6:606: icmp_seq=199 ttl=62 time=119 ms
64 bytes from aaaa::212:7406:6:606: icmp_seq=200 ttl=62 time=223 ms

--- aaaa::212:7406:6:606 ping statistics ---
200 packets transmitted, 148 received, 26% packet loss, time 1002645ms
rtt min/avg/max/mdev = 62.608/130.645/472.513/75.375 ms
