PING aaaa::212:740a:a:a0a(aaaa::212:740a:a:a0a) 56 data bytes
64 bytes from aaaa::212:740a:a:a0a: icmp_seq=1 ttl=60 time=319 ms
64 bytes from aaaa::212:740a:a:a0a: icmp_seq=2 ttl=60 time=325 ms
64 bytes from aaaa::212:740a:a:a0a: icmp_seq=5 ttl=60 time=420 ms
64 bytes from aaaa::212:740a:a:a0a: icmp_seq=7 ttl=60 time=157 ms
64 bytes from aaaa::212:740a:a:a0a: icmp_seq=9 ttl=60 time=172 ms
64 bytes from aaaa::212:740a:a:a0a: icmp_seq=10 ttl=60 time=164 ms
64 bytes from aaaa::212:740a:a:a0a: icmp_seq=11 ttl=60 time=186 ms
64 bytes from aaaa::212:740a:a:a0a: icmp_seq=13 ttl=60 time=180 ms
64 bytes from aaaa::212:740a:a:a0a: icmp_seq=15 ttl=60 time=255 ms
64 bytes from aaaa::212:740a:a:a0a: icmp_seq=17 ttl=60 time=164 ms
64 bytes from aaaa::212:740a:a:a0a: icmp_seq=20 ttl=60 time=238 ms
64 bytes from aaaa::212:740a:a:a0a: icmp_seq=23 ttl=60 time=151 ms
64 bytes from aaaa::212:740a:a:a0a: icmp_seq=25 ttl=60 time=167 ms
64 bytes from aaaa::212:740a:a:a0a: icmp_seq=27 ttl=60 time=163 ms
64 bytes from aaaa::212:740a:a:a0a: icmp_seq=29 ttl=60 time=174 ms
64 bytes from aaaa::212:740a:a:a0a: icmp_seq=31 ttl=60 time=167 ms
64 bytes from aaaa::212:740a:a:a0a: icmp_seq=33 ttl=60 time=149 ms
64 bytes from aaaa::212:740a:a:a0a: icmp_seq=35 ttl=60 time=172 ms
64 bytes from aaaa::212:740a:a:a0a: icmp_seq=36 ttl=60 time=175 ms
64 bytes from aaaa::212:740a:a:a0a: icmp_seq=38 ttl=60 time=164 ms
64 bytes from aaaa::212:740a:a:a0a: icmp_seq=40 ttl=60 time=170 ms
64 bytes from aaaa::212:740a:a:a0a: icmp_seq=43 ttl=60 time=163 ms
64 bytes from aaaa::212:740a:a:a0a: icmp_seq=44 ttl=60 time=153 ms
64 bytes from aaaa::212:740a:a:a0a: icmp_seq=46 ttl=60 time=157 ms
64 bytes from aaaa::212:740a:a:a0a: icmp_seq=48 ttl=60 time=188 ms
64 bytes from aaaa::212:740a:a:a0a: icmp_seq=50 ttl=60 time=164 ms
64 bytes from aaaa::212:740a:a:a0a: icmp_seq=51 ttl=60 time=162 ms
64 bytes from aaaa::212:740a:a:a0a: icmp_seq=54 ttl=60 time=145 ms
64 bytes from aaaa::212:740a:a:a0a: icmp_seq=56 ttl=60 time=611 ms
64 bytes from aaaa::212:740a:a:a0a: icmp_seq=57 ttl=60 time=359 ms
64 bytes from aaaa::212:740a:a:a0a: icmp_seq=59 ttl=60 time=198 ms
64 bytes from aaaa::212:740a:a:a0a: icmp_seq=61 ttl=60 time=228 ms
64 bytes from aaaa::212:740a:a:a0a: icmp_seq=64 ttl=60 time=386 ms
64 bytes from aaaa::212:740a:a:a0a: icmp_seq=65 ttl=60 time=531 ms
64 bytes from aaaa::212:740a:a:a0a: icmp_seq=66 ttl=60 time=404 ms
64 bytes from aaaa::212:740a:a:a0a: icmp_seq=71 ttl=60 time=205 ms
64 bytes from aaaa::212:740a:a:a0a: icmp_seq=73 ttl=60 time=344 ms
64 bytes from aaaa::212:740a:a:a0a: icmp_seq=75 ttl=60 time=167 ms
64 bytes from aaaa::212:740a:a:a0a: icmp_seq=77 ttl=60 time=143 ms
64 bytes from aaaa::212:740a:a:a0a: icmp_seq=79 ttl=60 time=171 ms
64 bytes from aaaa::212:740a:a:a0a: icmp_seq=81 ttl=60 time=151 ms
64 bytes from aaaa::212:740a:a:a0a: icmp_seq=84 ttl=60 time=197 ms
64 bytes from aaaa::212:740a:a:a0a: icmp_seq=86 ttl=60 time=186 ms
64 bytes from aaaa::212:740a:a:a0a: icmp_seq=87 ttl=60 time=177 ms
64 bytes from aaaa::212:740a:a:a0a: icmp_seq=89 ttl=60 time=166 ms
64 bytes from aaaa::212:740a:a:a0a: icmp_seq=92 ttl=60 time=175 ms
64 bytes from aaaa::212:740a:a:a0a: icmp_seq=94 ttl=60 time=201 ms
64 bytes from aaaa::212:740a:a:a0a: icmp_seq=96 ttl=60 time=178 ms
64 bytes from aaaa::212:740a:a:a0a: icmp_seq=99 ttl=60 time=187 ms
64 bytes from aaaa::212:740a:a:a0a: icmp_seq=101 ttl=60 time=178 ms
64 bytes from aaaa::212:740a:a:a0a: icmp_seq=103 ttl=60 time=159 ms
64 bytes from aaaa::212:740a:a:a0a: icmp_seq=105 ttl=60 time=172 ms
64 bytes from aaaa::212:740a:a:a0a: icmp_seq=107 ttl=60 time=238 ms
64 bytes from aaaa::212:740a:a:a0a: icmp_seq=110 ttl=60 time=200 ms
64 bytes from aaaa::212:740a:a:a0a: icmp_seq=113 ttl=60 time=164 ms
64 bytes from aaaa::212:740a:a:a0a: icmp_seq=115 ttl=60 time=176 ms
64 bytes from aaaa::212:740a:a:a0a: icmp_seq=118 ttl=60 time=376 ms
64 bytes from aaaa::212:740a:a:a0a: icmp_seq=120 ttl=60 time=191 ms
64 bytes from aaaa::212:740a:a:a0a: icmp_seq=122 ttl=60 time=209 ms
64 bytes from aaaa::212:740a:a:a0a: icmp_seq=124 ttl=60 time=476 ms
64 bytes from aaaa::212:740a:a:a0a: icmp_seq=127 ttl=60 time=164 ms
64 bytes from aaaa::212:740a:a:a0a: icmp_seq=128 ttl=60 time=228 ms
64 bytes from aaaa::212:740a:a:a0a: icmp_seq=131 ttl=60 time=208 ms
64 bytes from aaaa::212:740a:a:a0a: icmp_seq=133 ttl=60 time=179 ms
64 bytes from aaaa::212:740a:a:a0a: icmp_seq=134 ttl=60 time=143 ms
64 bytes from aaaa::212:740a:a:a0a: icmp_seq=136 ttl=60 time=172 ms
64 bytes from aaaa::212:740a:a:a0a: icmp_seq=138 ttl=60 time=149 ms
64 bytes from aaaa::212:740a:a:a0a: icmp_seq=140 ttl=60 time=183 ms
64 bytes from aaaa::212:740a:a:a0a: icmp_seq=142 ttl=60 time=181 ms
64 bytes from aaaa::212:740a:a:a0a: icmp_seq=144 ttl=60 time=180 ms
64 bytes from aaaa::212:740a:a:a0a: icmp_seq=146 ttl=60 time=165 ms
64 bytes from aaaa::212:740a:a:a0a: icmp_seq=150 ttl=60 time=154 ms
64 bytes from aaaa::212:740a:a:a0a: icmp_seq=151 ttl=60 time=176 ms
64 bytes from aaaa::212:740a:a:a0a: icmp_seq=153 ttl=60 time=151 ms
64 bytes from aaaa::212:740a:a:a0a: icmp_seq=155 ttl=60 time=173 ms
64 bytes from aaaa::212:740a:a:a0a: icmp_seq=156 ttl=60 time=155 ms
64 bytes from aaaa::212:740a:a:a0a: icmp_seq=158 ttl=60 time=379 ms
64 bytes from aaaa::212:740a:a:a0a: icmp_seq=159 ttl=60 time=262 ms
64 bytes from aaaa::212:740a:a:a0a: icmp_seq=161 ttl=60 time=343 ms
64 bytes from aaaa::212:740a:a:a0a: icmp_seq=163 ttl=60 time=179 ms
64 bytes from aaaa::212:740a:a:a0a: icmp_seq=165 ttl=60 time=229 ms
64 bytes from aaaa::212:740a:a:a0a: icmp_seq=167 ttl=60 time=220 ms
64 bytes from aaaa::212:740a:a:a0a: icmp_seq=169 ttl=60 time=163 ms
64 bytes from aaaa::212:740a:a:a0a: icmp_seq=170 ttl=60 time=165 ms
64 bytes from aaaa::212:740a:a:a0a: icmp_seq=172 ttl=60 time=166 ms
64 bytes from aaaa::212:740a:a:a0a: icmp_seq=173 ttl=60 time=166 ms
64 bytes from aaaa::212:740a:a:a0a: icmp_seq=175 ttl=60 time=175 ms
64 bytes from aaaa::212:740a:a:a0a: icmp_seq=176 ttl=60 time=241 ms
64 bytes from aaaa::212:740a:a:a0a: icmp_seq=178 ttl=60 time=191 ms
64 bytes from aaaa::212:740a:a:a0a: icmp_seq=180 ttl=60 time=334 ms
64 bytes from aaaa::212:740a:a:a0a: icmp_seq=181 ttl=60 time=300 ms
64 bytes from aaaa::212:740a:a:a0a: icmp_seq=183 ttl=60 time=344 ms
64 bytes from aaaa::212:740a:a:a0a: icmp_seq=186 ttl=60 time=160 ms
64 bytes from aaaa::212:740a:a:a0a: icmp_seq=188 ttl=60 time=288 ms
64 bytes from aaaa::212:740a:a:a0a: icmp_seq=189 ttl=60 time=292 ms
64 bytes from aaaa::212:740a:a:a0a: icmp_seq=190 ttl=60 time=167 ms
64 bytes from aaaa::212:740a:a:a0a: icmp_seq=192 ttl=60 time=169 ms
64 bytes from aaaa::212:740a:a:a0a: icmp_seq=196 ttl=60 time=209 ms
64 bytes from aaaa::212:740a:a:a0a: icmp_seq=199 ttl=60 time=171 ms

--- aaaa::212:740a:a:a0a ping statistics ---
200 packets transmitted, 99 received, 50% packet loss, time 1014089ms
rtt min/avg/max/mdev = 143.275/216.083/611.996/88.082 ms
