PING aaaa::212:740f:f:f0f(aaaa::212:740f:f:f0f) 56 data bytes
64 bytes from aaaa::212:740f:f:f0f: icmp_seq=1 ttl=60 time=585 ms
64 bytes from aaaa::212:740f:f:f0f: icmp_seq=17 ttl=59 time=1151 ms
64 bytes from aaaa::212:740f:f:f0f: icmp_seq=32 ttl=59 time=1358 ms
64 bytes from aaaa::212:740f:f:f0f: icmp_seq=35 ttl=60 time=4645 ms
64 bytes from aaaa::212:740f:f:f0f: icmp_seq=36 ttl=60 time=1097 ms
64 bytes from aaaa::212:740f:f:f0f: icmp_seq=37 ttl=60 time=839 ms
64 bytes from aaaa::212:740f:f:f0f: icmp_seq=38 ttl=60 time=828 ms
64 bytes from aaaa::212:740f:f:f0f: icmp_seq=39 ttl=60 time=383 ms
64 bytes from aaaa::212:740f:f:f0f: icmp_seq=45 ttl=60 time=1257 ms
64 bytes from aaaa::212:740f:f:f0f: icmp_seq=48 ttl=60 time=566 ms
64 bytes from aaaa::212:740f:f:f0f: icmp_seq=49 ttl=60 time=1872 ms
64 bytes from aaaa::212:740f:f:f0f: icmp_seq=51 ttl=60 time=579 ms
64 bytes from aaaa::212:740f:f:f0f: icmp_seq=52 ttl=60 time=490 ms
64 bytes from aaaa::212:740f:f:f0f: icmp_seq=54 ttl=59 time=317 ms
64 bytes from aaaa::212:740f:f:f0f: icmp_seq=55 ttl=58 time=801 ms
64 bytes from aaaa::212:740f:f:f0f: icmp_seq=58 ttl=60 time=1688 ms
64 bytes from aaaa::212:740f:f:f0f: icmp_seq=59 ttl=60 time=376 ms
64 bytes from aaaa::212:740f:f:f0f: icmp_seq=60 ttl=60 time=300 ms
64 bytes from aaaa::212:740f:f:f0f: icmp_seq=61 ttl=60 time=231 ms
64 bytes from aaaa::212:740f:f:f0f: icmp_seq=64 ttl=60 time=858 ms
64 bytes from aaaa::212:740f:f:f0f: icmp_seq=65 ttl=60 time=1704 ms
64 bytes from aaaa::212:740f:f:f0f: icmp_seq=68 ttl=60 time=619 ms
64 bytes from aaaa::212:740f:f:f0f: icmp_seq=70 ttl=60 time=417 ms
64 bytes from aaaa::212:740f:f:f0f: icmp_seq=71 ttl=60 time=2305 ms
64 bytes from aaaa::212:740f:f:f0f: icmp_seq=73 ttl=60 time=601 ms
64 bytes from aaaa::212:740f:f:f0f: icmp_seq=75 ttl=60 time=729 ms
64 bytes from aaaa::212:740f:f:f0f: icmp_seq=76 ttl=60 time=432 ms
64 bytes from aaaa::212:740f:f:f0f: icmp_seq=77 ttl=60 time=419 ms
64 bytes from aaaa::212:740f:f:f0f: icmp_seq=79 ttl=60 time=296 ms
64 bytes from aaaa::212:740f:f:f0f: icmp_seq=80 ttl=60 time=362 ms
64 bytes from aaaa::212:740f:f:f0f: icmp_seq=81 ttl=60 time=3226 ms
64 bytes from aaaa::212:740f:f:f0f: icmp_seq=82 ttl=60 time=535 ms
64 bytes from aaaa::212:740f:f:f0f: icmp_seq=83 ttl=60 time=1065 ms
64 bytes from aaaa::212:740f:f:f0f: icmp_seq=84 ttl=58 time=696 ms
64 bytes from aaaa::212:740f:f:f0f: icmp_seq=85 ttl=60 time=270 ms
64 bytes from aaaa::212:740f:f:f0f: icmp_seq=86 ttl=60 time=421 ms
64 bytes from aaaa::212:740f:f:f0f: icmp_seq=87 ttl=60 time=1535 ms
64 bytes from aaaa::212:740f:f:f0f: icmp_seq=89 ttl=58 time=1428 ms
64 bytes from aaaa::212:740f:f:f0f: icmp_seq=90 ttl=60 time=712 ms
64 bytes from aaaa::212:740f:f:f0f: icmp_seq=92 ttl=60 time=433 ms
64 bytes from aaaa::212:740f:f:f0f: icmp_seq=93 ttl=60 time=292 ms
64 bytes from aaaa::212:740f:f:f0f: icmp_seq=111 ttl=59 time=615 ms
64 bytes from aaaa::212:740f:f:f0f: icmp_seq=112 ttl=59 time=782 ms
64 bytes from aaaa::212:740f:f:f0f: icmp_seq=113 ttl=59 time=558 ms
64 bytes from aaaa::212:740f:f:f0f: icmp_seq=116 ttl=60 time=1755 ms
64 bytes from aaaa::212:740f:f:f0f: icmp_seq=118 ttl=59 time=342 ms
64 bytes from aaaa::212:740f:f:f0f: icmp_seq=131 ttl=60 time=475 ms
64 bytes from aaaa::212:740f:f:f0f: icmp_seq=134 ttl=60 time=418 ms
64 bytes from aaaa::212:740f:f:f0f: icmp_seq=138 ttl=60 time=322 ms
64 bytes from aaaa::212:740f:f:f0f: icmp_seq=139 ttl=60 time=382 ms
64 bytes from aaaa::212:740f:f:f0f: icmp_seq=140 ttl=60 time=419 ms
64 bytes from aaaa::212:740f:f:f0f: icmp_seq=141 ttl=60 time=546 ms
64 bytes from aaaa::212:740f:f:f0f: icmp_seq=142 ttl=60 time=273 ms
64 bytes from aaaa::212:740f:f:f0f: icmp_seq=143 ttl=60 time=407 ms
64 bytes from aaaa::212:740f:f:f0f: icmp_seq=144 ttl=60 time=314 ms
64 bytes from aaaa::212:740f:f:f0f: icmp_seq=145 ttl=60 time=307 ms
64 bytes from aaaa::212:740f:f:f0f: icmp_seq=146 ttl=60 time=346 ms
64 bytes from aaaa::212:740f:f:f0f: icmp_seq=147 ttl=60 time=298 ms
64 bytes from aaaa::212:740f:f:f0f: icmp_seq=148 ttl=60 time=366 ms
64 bytes from aaaa::212:740f:f:f0f: icmp_seq=149 ttl=60 time=362 ms
64 bytes from aaaa::212:740f:f:f0f: icmp_seq=150 ttl=60 time=289 ms
64 bytes from aaaa::212:740f:f:f0f: icmp_seq=151 ttl=60 time=313 ms
64 bytes from aaaa::212:740f:f:f0f: icmp_seq=152 ttl=60 time=368 ms
64 bytes from aaaa::212:740f:f:f0f: icmp_seq=153 ttl=60 time=601 ms
64 bytes from aaaa::212:740f:f:f0f: icmp_seq=158 ttl=60 time=648 ms
64 bytes from aaaa::212:740f:f:f0f: icmp_seq=160 ttl=60 time=331 ms
64 bytes from aaaa::212:740f:f:f0f: icmp_seq=168 ttl=60 time=364 ms
64 bytes from aaaa::212:740f:f:f0f: icmp_seq=169 ttl=60 time=397 ms
64 bytes from aaaa::212:740f:f:f0f: icmp_seq=176 ttl=60 time=381 ms
64 bytes from aaaa::212:740f:f:f0f: icmp_seq=181 ttl=60 time=353 ms
64 bytes from aaaa::212:740f:f:f0f: icmp_seq=191 ttl=60 time=401 ms
64 bytes from aaaa::212:740f:f:f0f: icmp_seq=192 ttl=60 time=689 ms
64 bytes from aaaa::212:740f:f:f0f: icmp_seq=193 ttl=60 time=496 ms
64 bytes from aaaa::212:740f:f:f0f: icmp_seq=194 ttl=60 time=592 ms
64 bytes from aaaa::212:740f:f:f0f: icmp_seq=195 ttl=60 time=1260 ms
64 bytes from aaaa::212:740f:f:f0f: icmp_seq=196 ttl=60 time=462 ms
64 bytes from aaaa::212:740f:f:f0f: icmp_seq=197 ttl=60 time=763 ms
64 bytes from aaaa::212:740f:f:f0f: icmp_seq=198 ttl=60 time=959 ms
64 bytes from aaaa::212:740f:f:f0f: icmp_seq=199 ttl=60 time=235 ms
64 bytes from aaaa::212:740f:f:f0f: icmp_seq=200 ttl=60 time=248 ms

--- aaaa::212:740f:f:f0f ping statistics ---
200 packets transmitted, 80 received, 60% packet loss, time 1011353ms
rtt min/avg/max/mdev = 231.995/727.425/4645.785/680.780 ms
