PING aaaa::212:740b:b:b0b(aaaa::212:740b:b:b0b) 56 data bytes
64 bytes from aaaa::212:740b:b:b0b: icmp_seq=1 ttl=61 time=336 ms
64 bytes from aaaa::212:740b:b:b0b: icmp_seq=3 ttl=61 time=531 ms
64 bytes from aaaa::212:740b:b:b0b: icmp_seq=4 ttl=61 time=869 ms
64 bytes from aaaa::212:740b:b:b0b: icmp_seq=5 ttl=61 time=787 ms
64 bytes from aaaa::212:740b:b:b0b: icmp_seq=8 ttl=61 time=368 ms
64 bytes from aaaa::212:740b:b:b0b: icmp_seq=9 ttl=61 time=326 ms
64 bytes from aaaa::212:740b:b:b0b: icmp_seq=11 ttl=61 time=419 ms
64 bytes from aaaa::212:740b:b:b0b: icmp_seq=12 ttl=61 time=632 ms
64 bytes from aaaa::212:740b:b:b0b: icmp_seq=13 ttl=61 time=601 ms
64 bytes from aaaa::212:740b:b:b0b: icmp_seq=14 ttl=61 time=1025 ms
64 bytes from aaaa::212:740b:b:b0b: icmp_seq=15 ttl=61 time=485 ms
64 bytes from aaaa::212:740b:b:b0b: icmp_seq=16 ttl=61 time=649 ms
64 bytes from aaaa::212:740b:b:b0b: icmp_seq=17 ttl=61 time=1296 ms
64 bytes from aaaa::212:740b:b:b0b: icmp_seq=18 ttl=61 time=368 ms
64 bytes from aaaa::212:740b:b:b0b: icmp_seq=19 ttl=61 time=364 ms
64 bytes from aaaa::212:740b:b:b0b: icmp_seq=20 ttl=61 time=759 ms
64 bytes from aaaa::212:740b:b:b0b: icmp_seq=21 ttl=61 time=275 ms
64 bytes from aaaa::212:740b:b:b0b: icmp_seq=22 ttl=61 time=586 ms
64 bytes from aaaa::212:740b:b:b0b: icmp_seq=23 ttl=61 time=352 ms
64 bytes from aaaa::212:740b:b:b0b: icmp_seq=25 ttl=61 time=378 ms
64 bytes from aaaa::212:740b:b:b0b: icmp_seq=27 ttl=61 time=538 ms
64 bytes from aaaa::212:740b:b:b0b: icmp_seq=28 ttl=61 time=680 ms
64 bytes from aaaa::212:740b:b:b0b: icmp_seq=29 ttl=61 time=395 ms
64 bytes from aaaa::212:740b:b:b0b: icmp_seq=30 ttl=61 time=714 ms
64 bytes from aaaa::212:740b:b:b0b: icmp_seq=31 ttl=61 time=659 ms
64 bytes from aaaa::212:740b:b:b0b: icmp_seq=32 ttl=61 time=1011 ms
64 bytes from aaaa::212:740b:b:b0b: icmp_seq=33 ttl=61 time=645 ms
64 bytes from aaaa::212:740b:b:b0b: icmp_seq=34 ttl=61 time=448 ms
64 bytes from aaaa::212:740b:b:b0b: icmp_seq=35 ttl=61 time=919 ms
64 bytes from aaaa::212:740b:b:b0b: icmp_seq=36 ttl=61 time=685 ms
64 bytes from aaaa::212:740b:b:b0b: icmp_seq=37 ttl=61 time=380 ms
64 bytes from aaaa::212:740b:b:b0b: icmp_seq=38 ttl=61 time=924 ms
64 bytes from aaaa::212:740b:b:b0b: icmp_seq=39 ttl=61 time=444 ms
64 bytes from aaaa::212:740b:b:b0b: icmp_seq=42 ttl=61 time=635 ms
64 bytes from aaaa::212:740b:b:b0b: icmp_seq=50 ttl=61 time=1122 ms
64 bytes from aaaa::212:740b:b:b0b: icmp_seq=53 ttl=61 time=338 ms
64 bytes from aaaa::212:740b:b:b0b: icmp_seq=56 ttl=61 time=719 ms
64 bytes from aaaa::212:740b:b:b0b: icmp_seq=57 ttl=61 time=1032 ms
64 bytes from aaaa::212:740b:b:b0b: icmp_seq=60 ttl=61 time=1212 ms
64 bytes from aaaa::212:740b:b:b0b: icmp_seq=61 ttl=61 time=411 ms
64 bytes from aaaa::212:740b:b:b0b: icmp_seq=62 ttl=61 time=581 ms
64 bytes from aaaa::212:740b:b:b0b: icmp_seq=63 ttl=61 time=1008 ms
64 bytes from aaaa::212:740b:b:b0b: icmp_seq=66 ttl=61 time=992 ms
64 bytes from aaaa::212:740b:b:b0b: icmp_seq=71 ttl=61 time=343 ms
64 bytes from aaaa::212:740b:b:b0b: icmp_seq=72 ttl=61 time=431 ms
64 bytes from aaaa::212:740b:b:b0b: icmp_seq=75 ttl=61 time=484 ms
64 bytes from aaaa::212:740b:b:b0b: icmp_seq=77 ttl=61 time=652 ms
64 bytes from aaaa::212:740b:b:b0b: icmp_seq=78 ttl=61 time=1065 ms
64 bytes from aaaa::212:740b:b:b0b: icmp_seq=82 ttl=61 time=400 ms
64 bytes from aaaa::212:740b:b:b0b: icmp_seq=92 ttl=61 time=488 ms
64 bytes from aaaa::212:740b:b:b0b: icmp_seq=93 ttl=61 time=473 ms
64 bytes from aaaa::212:740b:b:b0b: icmp_seq=94 ttl=61 time=1393 ms
64 bytes from aaaa::212:740b:b:b0b: icmp_seq=95 ttl=61 time=685 ms
64 bytes from aaaa::212:740b:b:b0b: icmp_seq=96 ttl=61 time=541 ms
64 bytes from aaaa::212:740b:b:b0b: icmp_seq=97 ttl=61 time=517 ms
64 bytes from aaaa::212:740b:b:b0b: icmp_seq=98 ttl=61 time=492 ms
64 bytes from aaaa::212:740b:b:b0b: icmp_seq=99 ttl=61 time=467 ms
64 bytes from aaaa::212:740b:b:b0b: icmp_seq=100 ttl=61 time=612 ms
64 bytes from aaaa::212:740b:b:b0b: icmp_seq=101 ttl=61 time=343 ms
64 bytes from aaaa::212:740b:b:b0b: icmp_seq=102 ttl=61 time=549 ms
64 bytes from aaaa::212:740b:b:b0b: icmp_seq=103 ttl=61 time=343 ms
64 bytes from aaaa::212:740b:b:b0b: icmp_seq=104 ttl=61 time=751 ms
64 bytes from aaaa::212:740b:b:b0b: icmp_seq=105 ttl=61 time=380 ms
64 bytes from aaaa::212:740b:b:b0b: icmp_seq=106 ttl=61 time=442 ms
64 bytes from aaaa::212:740b:b:b0b: icmp_seq=107 ttl=61 time=520 ms
64 bytes from aaaa::212:740b:b:b0b: icmp_seq=108 ttl=61 time=451 ms
64 bytes from aaaa::212:740b:b:b0b: icmp_seq=109 ttl=61 time=298 ms
64 bytes from aaaa::212:740b:b:b0b: icmp_seq=110 ttl=61 time=288 ms
64 bytes from aaaa::212:740b:b:b0b: icmp_seq=111 ttl=61 time=345 ms
64 bytes from aaaa::212:740b:b:b0b: icmp_seq=112 ttl=61 time=297 ms
64 bytes from aaaa::212:740b:b:b0b: icmp_seq=113 ttl=61 time=432 ms
64 bytes from aaaa::212:740b:b:b0b: icmp_seq=114 ttl=61 time=347 ms
64 bytes from aaaa::212:740b:b:b0b: icmp_seq=117 ttl=61 time=813 ms
64 bytes from aaaa::212:740b:b:b0b: icmp_seq=118 ttl=61 time=728 ms
64 bytes from aaaa::212:740b:b:b0b: icmp_seq=129 ttl=61 time=312 ms
64 bytes from aaaa::212:740b:b:b0b: icmp_seq=130 ttl=61 time=727 ms
64 bytes from aaaa::212:740b:b:b0b: icmp_seq=137 ttl=61 time=984 ms
64 bytes from aaaa::212:740b:b:b0b: icmp_seq=139 ttl=61 time=964 ms
64 bytes from aaaa::212:740b:b:b0b: icmp_seq=140 ttl=61 time=1414 ms
64 bytes from aaaa::212:740b:b:b0b: icmp_seq=141 ttl=61 time=1468 ms
64 bytes from aaaa::212:740b:b:b0b: icmp_seq=142 ttl=61 time=656 ms
64 bytes from aaaa::212:740b:b:b0b: icmp_seq=143 ttl=61 time=1152 ms
64 bytes from aaaa::212:740b:b:b0b: icmp_seq=144 ttl=61 time=363 ms
64 bytes from aaaa::212:740b:b:b0b: icmp_seq=146 ttl=61 time=316 ms
64 bytes from aaaa::212:740b:b:b0b: icmp_seq=147 ttl=61 time=689 ms
64 bytes from aaaa::212:740b:b:b0b: icmp_seq=148 ttl=61 time=716 ms
64 bytes from aaaa::212:740b:b:b0b: icmp_seq=149 ttl=61 time=1113 ms
64 bytes from aaaa::212:740b:b:b0b: icmp_seq=150 ttl=61 time=708 ms
64 bytes from aaaa::212:740b:b:b0b: icmp_seq=151 ttl=61 time=275 ms
64 bytes from aaaa::212:740b:b:b0b: icmp_seq=152 ttl=61 time=384 ms
64 bytes from aaaa::212:740b:b:b0b: icmp_seq=153 ttl=61 time=1174 ms
64 bytes from aaaa::212:740b:b:b0b: icmp_seq=155 ttl=61 time=270 ms
64 bytes from aaaa::212:740b:b:b0b: icmp_seq=156 ttl=61 time=730 ms
64 bytes from aaaa::212:740b:b:b0b: icmp_seq=157 ttl=61 time=315 ms
64 bytes from aaaa::212:740b:b:b0b: icmp_seq=158 ttl=61 time=627 ms
64 bytes from aaaa::212:740b:b:b0b: icmp_seq=159 ttl=61 time=283 ms
64 bytes from aaaa::212:740b:b:b0b: icmp_seq=160 ttl=61 time=683 ms
64 bytes from aaaa::212:740b:b:b0b: icmp_seq=161 ttl=61 time=346 ms
64 bytes from aaaa::212:740b:b:b0b: icmp_seq=162 ttl=61 time=460 ms
64 bytes from aaaa::212:740b:b:b0b: icmp_seq=163 ttl=61 time=251 ms
64 bytes from aaaa::212:740b:b:b0b: icmp_seq=164 ttl=61 time=363 ms
64 bytes from aaaa::212:740b:b:b0b: icmp_seq=165 ttl=61 time=814 ms
64 bytes from aaaa::212:740b:b:b0b: icmp_seq=166 ttl=61 time=233 ms
64 bytes from aaaa::212:740b:b:b0b: icmp_seq=167 ttl=61 time=263 ms
64 bytes from aaaa::212:740b:b:b0b: icmp_seq=168 ttl=61 time=259 ms
64 bytes from aaaa::212:740b:b:b0b: icmp_seq=169 ttl=61 time=429 ms
64 bytes from aaaa::212:740b:b:b0b: icmp_seq=170 ttl=61 time=246 ms
64 bytes from aaaa::212:740b:b:b0b: icmp_seq=171 ttl=61 time=295 ms
64 bytes from aaaa::212:740b:b:b0b: icmp_seq=172 ttl=61 time=550 ms
64 bytes from aaaa::212:740b:b:b0b: icmp_seq=173 ttl=61 time=276 ms
64 bytes from aaaa::212:740b:b:b0b: icmp_seq=174 ttl=61 time=320 ms
64 bytes from aaaa::212:740b:b:b0b: icmp_seq=175 ttl=61 time=294 ms
64 bytes from aaaa::212:740b:b:b0b: icmp_seq=176 ttl=61 time=288 ms
64 bytes from aaaa::212:740b:b:b0b: icmp_seq=177 ttl=61 time=288 ms
64 bytes from aaaa::212:740b:b:b0b: icmp_seq=178 ttl=61 time=353 ms
64 bytes from aaaa::212:740b:b:b0b: icmp_seq=179 ttl=61 time=686 ms
64 bytes from aaaa::212:740b:b:b0b: icmp_seq=180 ttl=61 time=292 ms
64 bytes from aaaa::212:740b:b:b0b: icmp_seq=181 ttl=61 time=253 ms
64 bytes from aaaa::212:740b:b:b0b: icmp_seq=182 ttl=61 time=434 ms
64 bytes from aaaa::212:740b:b:b0b: icmp_seq=183 ttl=61 time=314 ms
64 bytes from aaaa::212:740b:b:b0b: icmp_seq=184 ttl=61 time=381 ms
64 bytes from aaaa::212:740b:b:b0b: icmp_seq=185 ttl=61 time=244 ms
64 bytes from aaaa::212:740b:b:b0b: icmp_seq=186 ttl=61 time=293 ms
64 bytes from aaaa::212:740b:b:b0b: icmp_seq=187 ttl=61 time=250 ms
64 bytes from aaaa::212:740b:b:b0b: icmp_seq=188 ttl=61 time=735 ms
64 bytes from aaaa::212:740b:b:b0b: icmp_seq=189 ttl=61 time=253 ms
64 bytes from aaaa::212:740b:b:b0b: icmp_seq=190 ttl=61 time=569 ms
64 bytes from aaaa::212:740b:b:b0b: icmp_seq=191 ttl=61 time=250 ms
64 bytes from aaaa::212:740b:b:b0b: icmp_seq=192 ttl=61 time=417 ms
64 bytes from aaaa::212:740b:b:b0b: icmp_seq=193 ttl=61 time=499 ms
64 bytes from aaaa::212:740b:b:b0b: icmp_seq=194 ttl=61 time=416 ms
64 bytes from aaaa::212:740b:b:b0b: icmp_seq=195 ttl=61 time=599 ms
64 bytes from aaaa::212:740b:b:b0b: icmp_seq=196 ttl=61 time=340 ms
64 bytes from aaaa::212:740b:b:b0b: icmp_seq=198 ttl=61 time=391 ms
64 bytes from aaaa::212:740b:b:b0b: icmp_seq=199 ttl=61 time=216 ms
64 bytes from aaaa::212:740b:b:b0b: icmp_seq=200 ttl=61 time=320 ms

--- aaaa::212:740b:b:b0b ping statistics ---
200 packets transmitted, 136 received, 32% packet loss, time 1003963ms
rtt min/avg/max/mdev = 216.456/552.431/1468.232/283.161 ms
