PING aaaa::212:7405:5:505(aaaa::212:7405:5:505) 56 data bytes
64 bytes from aaaa::212:7405:5:505: icmp_seq=1 ttl=62 time=158 ms
64 bytes from aaaa::212:7405:5:505: icmp_seq=2 ttl=62 time=292 ms
64 bytes from aaaa::212:7405:5:505: icmp_seq=3 ttl=62 time=279 ms
64 bytes from aaaa::212:7405:5:505: icmp_seq=4 ttl=62 time=791 ms
64 bytes from aaaa::212:7405:5:505: icmp_seq=5 ttl=62 time=214 ms
64 bytes from aaaa::212:7405:5:505: icmp_seq=7 ttl=62 time=111 ms
64 bytes from aaaa::212:7405:5:505: icmp_seq=8 ttl=62 time=756 ms
64 bytes from aaaa::212:7405:5:505: icmp_seq=9 ttl=62 time=141 ms
64 bytes from aaaa::212:7405:5:505: icmp_seq=11 ttl=62 time=465 ms
64 bytes from aaaa::212:7405:5:505: icmp_seq=12 ttl=62 time=391 ms
64 bytes from aaaa::212:7405:5:505: icmp_seq=13 ttl=62 time=163 ms
64 bytes from aaaa::212:7405:5:505: icmp_seq=14 ttl=62 time=161 ms
64 bytes from aaaa::212:7405:5:505: icmp_seq=15 ttl=62 time=128 ms
64 bytes from aaaa::212:7405:5:505: icmp_seq=16 ttl=62 time=405 ms
64 bytes from aaaa::212:7405:5:505: icmp_seq=17 ttl=62 time=553 ms
64 bytes from aaaa::212:7405:5:505: icmp_seq=18 ttl=62 time=505 ms
64 bytes from aaaa::212:7405:5:505: icmp_seq=19 ttl=62 time=162 ms
64 bytes from aaaa::212:7405:5:505: icmp_seq=20 ttl=62 time=249 ms
64 bytes from aaaa::212:7405:5:505: icmp_seq=21 ttl=62 time=138 ms
64 bytes from aaaa::212:7405:5:505: icmp_seq=24 ttl=62 time=105 ms
64 bytes from aaaa::212:7405:5:505: icmp_seq=25 ttl=62 time=154 ms
64 bytes from aaaa::212:7405:5:505: icmp_seq=26 ttl=62 time=177 ms
64 bytes from aaaa::212:7405:5:505: icmp_seq=27 ttl=62 time=2102 ms
64 bytes from aaaa::212:7405:5:505: icmp_seq=28 ttl=62 time=303 ms
64 bytes from aaaa::212:7405:5:505: icmp_seq=29 ttl=62 time=154 ms
64 bytes from aaaa::212:7405:5:505: icmp_seq=30 ttl=62 time=383 ms
64 bytes from aaaa::212:7405:5:505: icmp_seq=31 ttl=62 time=188 ms
64 bytes from aaaa::212:7405:5:505: icmp_seq=34 ttl=62 time=729 ms
64 bytes from aaaa::212:7405:5:505: icmp_seq=35 ttl=62 time=107 ms
64 bytes from aaaa::212:7405:5:505: icmp_seq=36 ttl=62 time=134 ms
64 bytes from aaaa::212:7405:5:505: icmp_seq=37 ttl=62 time=558 ms
64 bytes from aaaa::212:7405:5:505: icmp_seq=39 ttl=62 time=140 ms
64 bytes from aaaa::212:7405:5:505: icmp_seq=40 ttl=62 time=466 ms
64 bytes from aaaa::212:7405:5:505: icmp_seq=41 ttl=62 time=563 ms
64 bytes from aaaa::212:7405:5:505: icmp_seq=42 ttl=62 time=169 ms
64 bytes from aaaa::212:7405:5:505: icmp_seq=43 ttl=62 time=587 ms
64 bytes from aaaa::212:7405:5:505: icmp_seq=45 ttl=62 time=985 ms
64 bytes from aaaa::212:7405:5:505: icmp_seq=47 ttl=62 time=741 ms
64 bytes from aaaa::212:7405:5:505: icmp_seq=50 ttl=62 time=145 ms
64 bytes from aaaa::212:7405:5:505: icmp_seq=52 ttl=62 time=424 ms
64 bytes from aaaa::212:7405:5:505: icmp_seq=53 ttl=62 time=374 ms
64 bytes from aaaa::212:7405:5:505: icmp_seq=54 ttl=62 time=308 ms
64 bytes from aaaa::212:7405:5:505: icmp_seq=57 ttl=62 time=387 ms
64 bytes from aaaa::212:7405:5:505: icmp_seq=58 ttl=61 time=269 ms
64 bytes from aaaa::212:7405:5:505: icmp_seq=59 ttl=62 time=371 ms
64 bytes from aaaa::212:7405:5:505: icmp_seq=60 ttl=62 time=520 ms
64 bytes from aaaa::212:7405:5:505: icmp_seq=61 ttl=62 time=327 ms
64 bytes from aaaa::212:7405:5:505: icmp_seq=62 ttl=62 time=409 ms
64 bytes from aaaa::212:7405:5:505: icmp_seq=63 ttl=62 time=169 ms
64 bytes from aaaa::212:7405:5:505: icmp_seq=64 ttl=62 time=322 ms
64 bytes from aaaa::212:7405:5:505: icmp_seq=65 ttl=62 time=761 ms
64 bytes from aaaa::212:7405:5:505: icmp_seq=66 ttl=62 time=475 ms
64 bytes from aaaa::212:7405:5:505: icmp_seq=79 ttl=62 time=424 ms
64 bytes from aaaa::212:7405:5:505: icmp_seq=84 ttl=62 time=420 ms
64 bytes from aaaa::212:7405:5:505: icmp_seq=85 ttl=62 time=753 ms
64 bytes from aaaa::212:7405:5:505: icmp_seq=86 ttl=62 time=595 ms
64 bytes from aaaa::212:7405:5:505: icmp_seq=87 ttl=62 time=276 ms
64 bytes from aaaa::212:7405:5:505: icmp_seq=88 ttl=62 time=185 ms
64 bytes from aaaa::212:7405:5:505: icmp_seq=89 ttl=62 time=147 ms
64 bytes from aaaa::212:7405:5:505: icmp_seq=90 ttl=62 time=741 ms
64 bytes from aaaa::212:7405:5:505: icmp_seq=92 ttl=62 time=644 ms
64 bytes from aaaa::212:7405:5:505: icmp_seq=94 ttl=62 time=376 ms
64 bytes from aaaa::212:7405:5:505: icmp_seq=95 ttl=62 time=240 ms
64 bytes from aaaa::212:7405:5:505: icmp_seq=96 ttl=62 time=400 ms
64 bytes from aaaa::212:7405:5:505: icmp_seq=98 ttl=62 time=1593 ms
64 bytes from aaaa::212:7405:5:505: icmp_seq=99 ttl=62 time=180 ms
64 bytes from aaaa::212:7405:5:505: icmp_seq=101 ttl=62 time=190 ms
64 bytes from aaaa::212:7405:5:505: icmp_seq=102 ttl=62 time=354 ms
64 bytes from aaaa::212:7405:5:505: icmp_seq=103 ttl=62 time=222 ms
64 bytes from aaaa::212:7405:5:505: icmp_seq=104 ttl=62 time=575 ms
64 bytes from aaaa::212:7405:5:505: icmp_seq=108 ttl=62 time=289 ms
64 bytes from aaaa::212:7405:5:505: icmp_seq=109 ttl=62 time=127 ms
64 bytes from aaaa::212:7405:5:505: icmp_seq=110 ttl=62 time=370 ms
64 bytes from aaaa::212:7405:5:505: icmp_seq=111 ttl=62 time=586 ms
64 bytes from aaaa::212:7405:5:505: icmp_seq=113 ttl=62 time=1200 ms
64 bytes from aaaa::212:7405:5:505: icmp_seq=114 ttl=62 time=687 ms
64 bytes from aaaa::212:7405:5:505: icmp_seq=115 ttl=62 time=765 ms
64 bytes from aaaa::212:7405:5:505: icmp_seq=116 ttl=62 time=217 ms
64 bytes from aaaa::212:7405:5:505: icmp_seq=117 ttl=62 time=1161 ms
64 bytes from aaaa::212:7405:5:505: icmp_seq=118 ttl=62 time=617 ms
64 bytes from aaaa::212:7405:5:505: icmp_seq=121 ttl=62 time=356 ms
64 bytes from aaaa::212:7405:5:505: icmp_seq=123 ttl=62 time=1293 ms
64 bytes from aaaa::212:7405:5:505: icmp_seq=124 ttl=62 time=816 ms
64 bytes from aaaa::212:7405:5:505: icmp_seq=126 ttl=62 time=244 ms
64 bytes from aaaa::212:7405:5:505: icmp_seq=127 ttl=62 time=212 ms
64 bytes from aaaa::212:7405:5:505: icmp_seq=128 ttl=62 time=575 ms
64 bytes from aaaa::212:7405:5:505: icmp_seq=129 ttl=62 time=263 ms
64 bytes from aaaa::212:7405:5:505: icmp_seq=131 ttl=62 time=781 ms
64 bytes from aaaa::212:7405:5:505: icmp_seq=132 ttl=62 time=1263 ms
64 bytes from aaaa::212:7405:5:505: icmp_seq=134 ttl=62 time=332 ms
64 bytes from aaaa::212:7405:5:505: icmp_seq=135 ttl=62 time=339 ms
64 bytes from aaaa::212:7405:5:505: icmp_seq=136 ttl=62 time=214 ms
64 bytes from aaaa::212:7405:5:505: icmp_seq=137 ttl=62 time=354 ms
64 bytes from aaaa::212:7405:5:505: icmp_seq=138 ttl=62 time=362 ms
64 bytes from aaaa::212:7405:5:505: icmp_seq=140 ttl=62 time=255 ms
64 bytes from aaaa::212:7405:5:505: icmp_seq=141 ttl=62 time=211 ms
64 bytes from aaaa::212:7405:5:505: icmp_seq=142 ttl=62 time=669 ms
64 bytes from aaaa::212:7405:5:505: icmp_seq=143 ttl=62 time=392 ms
64 bytes from aaaa::212:7405:5:505: icmp_seq=144 ttl=62 time=197 ms
64 bytes from aaaa::212:7405:5:505: icmp_seq=145 ttl=62 time=137 ms
64 bytes from aaaa::212:7405:5:505: icmp_seq=146 ttl=62 time=777 ms
64 bytes from aaaa::212:7405:5:505: icmp_seq=148 ttl=62 time=562 ms
64 bytes from aaaa::212:7405:5:505: icmp_seq=149 ttl=62 time=578 ms
64 bytes from aaaa::212:7405:5:505: icmp_seq=150 ttl=62 time=552 ms
64 bytes from aaaa::212:7405:5:505: icmp_seq=152 ttl=62 time=368 ms
64 bytes from aaaa::212:7405:5:505: icmp_seq=153 ttl=62 time=439 ms
64 bytes from aaaa::212:7405:5:505: icmp_seq=154 ttl=62 time=176 ms
64 bytes from aaaa::212:7405:5:505: icmp_seq=155 ttl=62 time=225 ms
64 bytes from aaaa::212:7405:5:505: icmp_seq=156 ttl=62 time=532 ms
64 bytes from aaaa::212:7405:5:505: icmp_seq=161 ttl=62 time=193 ms
64 bytes from aaaa::212:7405:5:505: icmp_seq=163 ttl=62 time=128 ms
64 bytes from aaaa::212:7405:5:505: icmp_seq=170 ttl=62 time=238 ms
64 bytes from aaaa::212:7405:5:505: icmp_seq=171 ttl=62 time=158 ms
64 bytes from aaaa::212:7405:5:505: icmp_seq=172 ttl=62 time=158 ms
64 bytes from aaaa::212:7405:5:505: icmp_seq=173 ttl=62 time=135 ms
64 bytes from aaaa::212:7405:5:505: icmp_seq=174 ttl=62 time=176 ms
64 bytes from aaaa::212:7405:5:505: icmp_seq=175 ttl=62 time=128 ms
64 bytes from aaaa::212:7405:5:505: icmp_seq=176 ttl=62 time=132 ms
64 bytes from aaaa::212:7405:5:505: icmp_seq=177 ttl=62 time=148 ms
64 bytes from aaaa::212:7405:5:505: icmp_seq=178 ttl=62 time=134 ms
64 bytes from aaaa::212:7405:5:505: icmp_seq=179 ttl=62 time=162 ms
64 bytes from aaaa::212:7405:5:505: icmp_seq=180 ttl=62 time=151 ms
64 bytes from aaaa::212:7405:5:505: icmp_seq=181 ttl=62 time=150 ms
64 bytes from aaaa::212:7405:5:505: icmp_seq=182 ttl=62 time=163 ms
64 bytes from aaaa::212:7405:5:505: icmp_seq=183 ttl=62 time=181 ms
64 bytes from aaaa::212:7405:5:505: icmp_seq=184 ttl=62 time=113 ms
64 bytes from aaaa::212:7405:5:505: icmp_seq=185 ttl=62 time=123 ms
64 bytes from aaaa::212:7405:5:505: icmp_seq=186 ttl=62 time=104 ms
64 bytes from aaaa::212:7405:5:505: icmp_seq=187 ttl=62 time=148 ms
64 bytes from aaaa::212:7405:5:505: icmp_seq=188 ttl=62 time=130 ms
64 bytes from aaaa::212:7405:5:505: icmp_seq=189 ttl=62 time=116 ms
64 bytes from aaaa::212:7405:5:505: icmp_seq=190 ttl=62 time=118 ms
64 bytes from aaaa::212:7405:5:505: icmp_seq=191 ttl=62 time=145 ms
64 bytes from aaaa::212:7405:5:505: icmp_seq=193 ttl=62 time=132 ms
64 bytes from aaaa::212:7405:5:505: icmp_seq=194 ttl=62 time=143 ms
64 bytes from aaaa::212:7405:5:505: icmp_seq=195 ttl=62 time=141 ms
64 bytes from aaaa::212:7405:5:505: icmp_seq=196 ttl=62 time=133 ms
64 bytes from aaaa::212:7405:5:505: icmp_seq=197 ttl=62 time=131 ms
64 bytes from aaaa::212:7405:5:505: icmp_seq=198 ttl=62 time=132 ms
64 bytes from aaaa::212:7405:5:505: icmp_seq=199 ttl=62 time=105 ms
64 bytes from aaaa::212:7405:5:505: icmp_seq=200 ttl=62 time=126 ms

--- aaaa::212:7405:5:505 ping statistics ---
200 packets transmitted, 141 received, 29% packet loss, time 1003945ms
rtt min/avg/max/mdev = 104.126/372.425/2102.085/311.596 ms
