PING aaaa::212:7405:5:505(aaaa::212:7405:5:505) 56 data bytes
64 bytes from aaaa::212:7405:5:505: icmp_seq=1 ttl=62 time=257 ms
64 bytes from aaaa::212:7405:5:505: icmp_seq=2 ttl=62 time=483 ms
64 bytes from aaaa::212:7405:5:505: icmp_seq=3 ttl=62 time=264 ms
64 bytes from aaaa::212:7405:5:505: icmp_seq=4 ttl=62 time=489 ms
64 bytes from aaaa::212:7405:5:505: icmp_seq=5 ttl=62 time=484 ms
64 bytes from aaaa::212:7405:5:505: icmp_seq=6 ttl=62 time=809 ms
64 bytes from aaaa::212:7405:5:505: icmp_seq=7 ttl=62 time=251 ms
64 bytes from aaaa::212:7405:5:505: icmp_seq=8 ttl=62 time=248 ms
64 bytes from aaaa::212:7405:5:505: icmp_seq=9 ttl=62 time=212 ms
64 bytes from aaaa::212:7405:5:505: icmp_seq=10 ttl=62 time=270 ms
64 bytes from aaaa::212:7405:5:505: icmp_seq=11 ttl=62 time=258 ms
64 bytes from aaaa::212:7405:5:505: icmp_seq=12 ttl=62 time=225 ms
64 bytes from aaaa::212:7405:5:505: icmp_seq=13 ttl=62 time=234 ms
64 bytes from aaaa::212:7405:5:505: icmp_seq=14 ttl=62 time=462 ms
64 bytes from aaaa::212:7405:5:505: icmp_seq=15 ttl=62 time=376 ms
64 bytes from aaaa::212:7405:5:505: icmp_seq=16 ttl=62 time=222 ms
64 bytes from aaaa::212:7405:5:505: icmp_seq=17 ttl=62 time=183 ms
64 bytes from aaaa::212:7405:5:505: icmp_seq=18 ttl=62 time=238 ms
64 bytes from aaaa::212:7405:5:505: icmp_seq=19 ttl=62 time=220 ms
64 bytes from aaaa::212:7405:5:505: icmp_seq=21 ttl=62 time=183 ms
64 bytes from aaaa::212:7405:5:505: icmp_seq=22 ttl=62 time=193 ms
64 bytes from aaaa::212:7405:5:505: icmp_seq=23 ttl=62 time=408 ms
64 bytes from aaaa::212:7405:5:505: icmp_seq=24 ttl=62 time=253 ms
64 bytes from aaaa::212:7405:5:505: icmp_seq=26 ttl=62 time=177 ms
64 bytes from aaaa::212:7405:5:505: icmp_seq=28 ttl=62 time=175 ms
64 bytes from aaaa::212:7405:5:505: icmp_seq=29 ttl=62 time=212 ms
64 bytes from aaaa::212:7405:5:505: icmp_seq=30 ttl=62 time=1089 ms
64 bytes from aaaa::212:7405:5:505: icmp_seq=31 ttl=62 time=283 ms
64 bytes from aaaa::212:7405:5:505: icmp_seq=33 ttl=62 time=234 ms
64 bytes from aaaa::212:7405:5:505: icmp_seq=34 ttl=62 time=254 ms
64 bytes from aaaa::212:7405:5:505: icmp_seq=35 ttl=62 time=218 ms
64 bytes from aaaa::212:7405:5:505: icmp_seq=36 ttl=62 time=339 ms
64 bytes from aaaa::212:7405:5:505: icmp_seq=39 ttl=62 time=243 ms
64 bytes from aaaa::212:7405:5:505: icmp_seq=40 ttl=62 time=181 ms
64 bytes from aaaa::212:7405:5:505: icmp_seq=41 ttl=62 time=226 ms
64 bytes from aaaa::212:7405:5:505: icmp_seq=42 ttl=62 time=780 ms
64 bytes from aaaa::212:7405:5:505: icmp_seq=44 ttl=62 time=222 ms
64 bytes from aaaa::212:7405:5:505: icmp_seq=45 ttl=62 time=241 ms
64 bytes from aaaa::212:7405:5:505: icmp_seq=46 ttl=62 time=207 ms
64 bytes from aaaa::212:7405:5:505: icmp_seq=47 ttl=62 time=263 ms
64 bytes from aaaa::212:7405:5:505: icmp_seq=49 ttl=62 time=231 ms
64 bytes from aaaa::212:7405:5:505: icmp_seq=50 ttl=62 time=204 ms
64 bytes from aaaa::212:7405:5:505: icmp_seq=51 ttl=62 time=204 ms
64 bytes from aaaa::212:7405:5:505: icmp_seq=52 ttl=62 time=199 ms
64 bytes from aaaa::212:7405:5:505: icmp_seq=53 ttl=62 time=205 ms
64 bytes from aaaa::212:7405:5:505: icmp_seq=54 ttl=62 time=219 ms
64 bytes from aaaa::212:7405:5:505: icmp_seq=55 ttl=62 time=281 ms
64 bytes from aaaa::212:7405:5:505: icmp_seq=56 ttl=62 time=1036 ms
64 bytes from aaaa::212:7405:5:505: icmp_seq=57 ttl=62 time=292 ms
64 bytes from aaaa::212:7405:5:505: icmp_seq=58 ttl=62 time=1259 ms
64 bytes from aaaa::212:7405:5:505: icmp_seq=59 ttl=62 time=712 ms
64 bytes from aaaa::212:7405:5:505: icmp_seq=60 ttl=62 time=529 ms
64 bytes from aaaa::212:7405:5:505: icmp_seq=61 ttl=62 time=1619 ms
64 bytes from aaaa::212:7405:5:505: icmp_seq=62 ttl=62 time=1042 ms
64 bytes from aaaa::212:7405:5:505: icmp_seq=63 ttl=62 time=269 ms
64 bytes from aaaa::212:7405:5:505: icmp_seq=65 ttl=62 time=780 ms
64 bytes from aaaa::212:7405:5:505: icmp_seq=66 ttl=62 time=819 ms
64 bytes from aaaa::212:7405:5:505: icmp_seq=67 ttl=62 time=890 ms
64 bytes from aaaa::212:7405:5:505: icmp_seq=68 ttl=62 time=947 ms
64 bytes from aaaa::212:7405:5:505: icmp_seq=69 ttl=62 time=911 ms
64 bytes from aaaa::212:7405:5:505: icmp_seq=70 ttl=62 time=317 ms
64 bytes from aaaa::212:7405:5:505: icmp_seq=71 ttl=62 time=1046 ms
64 bytes from aaaa::212:7405:5:505: icmp_seq=72 ttl=62 time=554 ms
64 bytes from aaaa::212:7405:5:505: icmp_seq=73 ttl=62 time=370 ms
64 bytes from aaaa::212:7405:5:505: icmp_seq=74 ttl=62 time=218 ms
64 bytes from aaaa::212:7405:5:505: icmp_seq=75 ttl=62 time=1068 ms
64 bytes from aaaa::212:7405:5:505: icmp_seq=81 ttl=62 time=1013 ms
64 bytes from aaaa::212:7405:5:505: icmp_seq=82 ttl=62 time=369 ms
64 bytes from aaaa::212:7405:5:505: icmp_seq=83 ttl=62 time=268 ms
64 bytes from aaaa::212:7405:5:505: icmp_seq=84 ttl=62 time=268 ms
64 bytes from aaaa::212:7405:5:505: icmp_seq=85 ttl=62 time=534 ms
64 bytes from aaaa::212:7405:5:505: icmp_seq=87 ttl=62 time=410 ms
64 bytes from aaaa::212:7405:5:505: icmp_seq=89 ttl=62 time=502 ms
64 bytes from aaaa::212:7405:5:505: icmp_seq=90 ttl=62 time=269 ms
64 bytes from aaaa::212:7405:5:505: icmp_seq=91 ttl=62 time=534 ms
64 bytes from aaaa::212:7405:5:505: icmp_seq=92 ttl=62 time=309 ms
64 bytes from aaaa::212:7405:5:505: icmp_seq=93 ttl=62 time=1688 ms
64 bytes from aaaa::212:7405:5:505: icmp_seq=94 ttl=62 time=778 ms
64 bytes from aaaa::212:7405:5:505: icmp_seq=95 ttl=62 time=281 ms
64 bytes from aaaa::212:7405:5:505: icmp_seq=96 ttl=62 time=226 ms
64 bytes from aaaa::212:7405:5:505: icmp_seq=97 ttl=62 time=240 ms
64 bytes from aaaa::212:7405:5:505: icmp_seq=98 ttl=62 time=182 ms
64 bytes from aaaa::212:7405:5:505: icmp_seq=99 ttl=62 time=225 ms
64 bytes from aaaa::212:7405:5:505: icmp_seq=100 ttl=62 time=227 ms
64 bytes from aaaa::212:7405:5:505: icmp_seq=102 ttl=62 time=197 ms
64 bytes from aaaa::212:7405:5:505: icmp_seq=103 ttl=62 time=354 ms
64 bytes from aaaa::212:7405:5:505: icmp_seq=104 ttl=62 time=268 ms
64 bytes from aaaa::212:7405:5:505: icmp_seq=111 ttl=62 time=333 ms
64 bytes from aaaa::212:7405:5:505: icmp_seq=117 ttl=62 time=1005 ms
64 bytes from aaaa::212:7405:5:505: icmp_seq=119 ttl=62 time=316 ms
64 bytes from aaaa::212:7405:5:505: icmp_seq=121 ttl=62 time=342 ms
64 bytes from aaaa::212:7405:5:505: icmp_seq=126 ttl=62 time=588 ms
64 bytes from aaaa::212:7405:5:505: icmp_seq=127 ttl=62 time=784 ms
64 bytes from aaaa::212:7405:5:505: icmp_seq=129 ttl=62 time=467 ms
64 bytes from aaaa::212:7405:5:505: icmp_seq=130 ttl=62 time=876 ms
64 bytes from aaaa::212:7405:5:505: icmp_seq=131 ttl=62 time=1239 ms
64 bytes from aaaa::212:7405:5:505: icmp_seq=132 ttl=62 time=558 ms
64 bytes from aaaa::212:7405:5:505: icmp_seq=134 ttl=62 time=630 ms
64 bytes from aaaa::212:7405:5:505: icmp_seq=135 ttl=62 time=511 ms
64 bytes from aaaa::212:7405:5:505: icmp_seq=136 ttl=62 time=340 ms
64 bytes from aaaa::212:7405:5:505: icmp_seq=137 ttl=62 time=1108 ms
64 bytes from aaaa::212:7405:5:505: icmp_seq=138 ttl=62 time=872 ms
64 bytes from aaaa::212:7405:5:505: icmp_seq=139 ttl=62 time=493 ms
64 bytes from aaaa::212:7405:5:505: icmp_seq=140 ttl=62 time=709 ms
64 bytes from aaaa::212:7405:5:505: icmp_seq=141 ttl=62 time=686 ms
64 bytes from aaaa::212:7405:5:505: icmp_seq=142 ttl=62 time=215 ms
64 bytes from aaaa::212:7405:5:505: icmp_seq=143 ttl=62 time=767 ms
64 bytes from aaaa::212:7405:5:505: icmp_seq=144 ttl=62 time=513 ms
64 bytes from aaaa::212:7405:5:505: icmp_seq=145 ttl=62 time=196 ms
64 bytes from aaaa::212:7405:5:505: icmp_seq=146 ttl=62 time=207 ms
64 bytes from aaaa::212:7405:5:505: icmp_seq=147 ttl=62 time=152 ms
64 bytes from aaaa::212:7405:5:505: icmp_seq=148 ttl=62 time=214 ms
64 bytes from aaaa::212:7405:5:505: icmp_seq=149 ttl=62 time=236 ms
64 bytes from aaaa::212:7405:5:505: icmp_seq=150 ttl=62 time=202 ms
64 bytes from aaaa::212:7405:5:505: icmp_seq=152 ttl=62 time=197 ms
64 bytes from aaaa::212:7405:5:505: icmp_seq=153 ttl=62 time=202 ms
64 bytes from aaaa::212:7405:5:505: icmp_seq=154 ttl=62 time=209 ms
64 bytes from aaaa::212:7405:5:505: icmp_seq=155 ttl=62 time=216 ms
64 bytes from aaaa::212:7405:5:505: icmp_seq=156 ttl=62 time=153 ms
64 bytes from aaaa::212:7405:5:505: icmp_seq=157 ttl=62 time=232 ms
64 bytes from aaaa::212:7405:5:505: icmp_seq=158 ttl=62 time=235 ms
64 bytes from aaaa::212:7405:5:505: icmp_seq=159 ttl=62 time=189 ms
64 bytes from aaaa::212:7405:5:505: icmp_seq=160 ttl=62 time=191 ms
64 bytes from aaaa::212:7405:5:505: icmp_seq=161 ttl=62 time=271 ms
64 bytes from aaaa::212:7405:5:505: icmp_seq=162 ttl=62 time=229 ms
64 bytes from aaaa::212:7405:5:505: icmp_seq=163 ttl=62 time=301 ms
64 bytes from aaaa::212:7405:5:505: icmp_seq=164 ttl=62 time=167 ms
64 bytes from aaaa::212:7405:5:505: icmp_seq=165 ttl=62 time=294 ms
64 bytes from aaaa::212:7405:5:505: icmp_seq=166 ttl=62 time=248 ms
64 bytes from aaaa::212:7405:5:505: icmp_seq=167 ttl=62 time=222 ms
64 bytes from aaaa::212:7405:5:505: icmp_seq=168 ttl=62 time=222 ms
64 bytes from aaaa::212:7405:5:505: icmp_seq=169 ttl=62 time=220 ms
64 bytes from aaaa::212:7405:5:505: icmp_seq=170 ttl=62 time=243 ms
64 bytes from aaaa::212:7405:5:505: icmp_seq=171 ttl=62 time=210 ms
64 bytes from aaaa::212:7405:5:505: icmp_seq=172 ttl=62 time=272 ms
64 bytes from aaaa::212:7405:5:505: icmp_seq=173 ttl=62 time=377 ms
64 bytes from aaaa::212:7405:5:505: icmp_seq=174 ttl=62 time=256 ms
64 bytes from aaaa::212:7405:5:505: icmp_seq=175 ttl=62 time=242 ms
64 bytes from aaaa::212:7405:5:505: icmp_seq=176 ttl=62 time=204 ms
64 bytes from aaaa::212:7405:5:505: icmp_seq=177 ttl=62 time=192 ms
64 bytes from aaaa::212:7405:5:505: icmp_seq=178 ttl=62 time=222 ms
64 bytes from aaaa::212:7405:5:505: icmp_seq=180 ttl=62 time=154 ms
64 bytes from aaaa::212:7405:5:505: icmp_seq=181 ttl=62 time=220 ms
64 bytes from aaaa::212:7405:5:505: icmp_seq=182 ttl=62 time=1217 ms
64 bytes from aaaa::212:7405:5:505: icmp_seq=183 ttl=62 time=231 ms
64 bytes from aaaa::212:7405:5:505: icmp_seq=184 ttl=62 time=270 ms
64 bytes from aaaa::212:7405:5:505: icmp_seq=185 ttl=62 time=232 ms
64 bytes from aaaa::212:7405:5:505: icmp_seq=186 ttl=62 time=725 ms
64 bytes from aaaa::212:7405:5:505: icmp_seq=187 ttl=62 time=228 ms
64 bytes from aaaa::212:7405:5:505: icmp_seq=188 ttl=62 time=244 ms
64 bytes from aaaa::212:7405:5:505: icmp_seq=189 ttl=62 time=554 ms
64 bytes from aaaa::212:7405:5:505: icmp_seq=190 ttl=62 time=665 ms
64 bytes from aaaa::212:7405:5:505: icmp_seq=191 ttl=62 time=292 ms
64 bytes from aaaa::212:7405:5:505: icmp_seq=192 ttl=62 time=1126 ms
64 bytes from aaaa::212:7405:5:505: icmp_seq=193 ttl=62 time=156 ms
64 bytes from aaaa::212:7405:5:505: icmp_seq=195 ttl=62 time=204 ms
64 bytes from aaaa::212:7405:5:505: icmp_seq=196 ttl=62 time=923 ms

--- aaaa::212:7405:5:505 ping statistics ---
200 packets transmitted, 157 received, 21% packet loss, time 1001430ms
rtt min/avg/max/mdev = 152.712/421.827/1688.879/313.197 ms
