PING aaaa::212:740e:e:e0e(aaaa::212:740e:e:e0e) 56 data bytes
64 bytes from aaaa::212:740e:e:e0e: icmp_seq=1 ttl=59 time=733 ms
64 bytes from aaaa::212:740e:e:e0e: icmp_seq=2 ttl=58 time=1795 ms
64 bytes from aaaa::212:740e:e:e0e: icmp_seq=4 ttl=59 time=746 ms
64 bytes from aaaa::212:740e:e:e0e: icmp_seq=5 ttl=59 time=619 ms
64 bytes from aaaa::212:740e:e:e0e: icmp_seq=6 ttl=59 time=1042 ms
64 bytes from aaaa::212:740e:e:e0e: icmp_seq=7 ttl=59 time=741 ms
64 bytes from aaaa::212:740e:e:e0e: icmp_seq=8 ttl=59 time=854 ms
64 bytes from aaaa::212:740e:e:e0e: icmp_seq=9 ttl=59 time=697 ms
64 bytes from aaaa::212:740e:e:e0e: icmp_seq=10 ttl=59 time=614 ms
64 bytes from aaaa::212:740e:e:e0e: icmp_seq=11 ttl=59 time=2263 ms
64 bytes from aaaa::212:740e:e:e0e: icmp_seq=12 ttl=59 time=3451 ms
64 bytes from aaaa::212:740e:e:e0e: icmp_seq=15 ttl=59 time=542 ms
64 bytes from aaaa::212:740e:e:e0e: icmp_seq=16 ttl=59 time=498 ms
64 bytes from aaaa::212:740e:e:e0e: icmp_seq=18 ttl=59 time=2670 ms
64 bytes from aaaa::212:740e:e:e0e: icmp_seq=22 ttl=59 time=688 ms
64 bytes from aaaa::212:740e:e:e0e: icmp_seq=23 ttl=59 time=809 ms
64 bytes from aaaa::212:740e:e:e0e: icmp_seq=24 ttl=59 time=597 ms
64 bytes from aaaa::212:740e:e:e0e: icmp_seq=25 ttl=59 time=678 ms
64 bytes from aaaa::212:740e:e:e0e: icmp_seq=26 ttl=59 time=636 ms
64 bytes from aaaa::212:740e:e:e0e: icmp_seq=27 ttl=59 time=1212 ms
64 bytes from aaaa::212:740e:e:e0e: icmp_seq=28 ttl=59 time=944 ms
64 bytes from aaaa::212:740e:e:e0e: icmp_seq=29 ttl=59 time=396 ms
64 bytes from aaaa::212:740e:e:e0e: icmp_seq=30 ttl=59 time=2609 ms
64 bytes from aaaa::212:740e:e:e0e: icmp_seq=33 ttl=59 time=925 ms
64 bytes from aaaa::212:740e:e:e0e: icmp_seq=35 ttl=59 time=900 ms
64 bytes from aaaa::212:740e:e:e0e: icmp_seq=36 ttl=59 time=1833 ms
64 bytes from aaaa::212:740e:e:e0e: icmp_seq=37 ttl=59 time=1447 ms
64 bytes from aaaa::212:740e:e:e0e: icmp_seq=38 ttl=59 time=1759 ms
64 bytes from aaaa::212:740e:e:e0e: icmp_seq=39 ttl=59 time=881 ms
64 bytes from aaaa::212:740e:e:e0e: icmp_seq=40 ttl=59 time=696 ms
64 bytes from aaaa::212:740e:e:e0e: icmp_seq=41 ttl=59 time=3334 ms
64 bytes from aaaa::212:740e:e:e0e: icmp_seq=42 ttl=59 time=1771 ms
64 bytes from aaaa::212:740e:e:e0e: icmp_seq=43 ttl=59 time=908 ms
64 bytes from aaaa::212:740e:e:e0e: icmp_seq=44 ttl=59 time=852 ms
64 bytes from aaaa::212:740e:e:e0e: icmp_seq=45 ttl=59 time=582 ms
64 bytes from aaaa::212:740e:e:e0e: icmp_seq=48 ttl=59 time=819 ms
64 bytes from aaaa::212:740e:e:e0e: icmp_seq=49 ttl=59 time=2786 ms
64 bytes from aaaa::212:740e:e:e0e: icmp_seq=53 ttl=59 time=2025 ms
64 bytes from aaaa::212:740e:e:e0e: icmp_seq=54 ttl=59 time=917 ms
64 bytes from aaaa::212:740e:e:e0e: icmp_seq=55 ttl=59 time=591 ms
64 bytes from aaaa::212:740e:e:e0e: icmp_seq=63 ttl=59 time=6267 ms
64 bytes from aaaa::212:740e:e:e0e: icmp_seq=65 ttl=59 time=1925 ms
64 bytes from aaaa::212:740e:e:e0e: icmp_seq=67 ttl=59 time=1589 ms
64 bytes from aaaa::212:740e:e:e0e: icmp_seq=68 ttl=59 time=849 ms
64 bytes from aaaa::212:740e:e:e0e: icmp_seq=70 ttl=59 time=994 ms
64 bytes from aaaa::212:740e:e:e0e: icmp_seq=71 ttl=59 time=720 ms
64 bytes from aaaa::212:740e:e:e0e: icmp_seq=72 ttl=59 time=1917 ms
64 bytes from aaaa::212:740e:e:e0e: icmp_seq=73 ttl=59 time=1122 ms
64 bytes from aaaa::212:740e:e:e0e: icmp_seq=75 ttl=59 time=1217 ms
64 bytes from aaaa::212:740e:e:e0e: icmp_seq=77 ttl=59 time=516 ms
64 bytes from aaaa::212:740e:e:e0e: icmp_seq=78 ttl=59 time=963 ms
64 bytes from aaaa::212:740e:e:e0e: icmp_seq=79 ttl=59 time=628 ms
64 bytes from aaaa::212:740e:e:e0e: icmp_seq=80 ttl=59 time=996 ms
64 bytes from aaaa::212:740e:e:e0e: icmp_seq=82 ttl=59 time=1298 ms
64 bytes from aaaa::212:740e:e:e0e: icmp_seq=83 ttl=59 time=627 ms
64 bytes from aaaa::212:740e:e:e0e: icmp_seq=84 ttl=59 time=763 ms
64 bytes from aaaa::212:740e:e:e0e: icmp_seq=86 ttl=59 time=568 ms
64 bytes from aaaa::212:740e:e:e0e: icmp_seq=87 ttl=59 time=1277 ms
64 bytes from aaaa::212:740e:e:e0e: icmp_seq=90 ttl=59 time=1130 ms
64 bytes from aaaa::212:740e:e:e0e: icmp_seq=91 ttl=59 time=982 ms
64 bytes from aaaa::212:740e:e:e0e: icmp_seq=92 ttl=59 time=905 ms
64 bytes from aaaa::212:740e:e:e0e: icmp_seq=93 ttl=59 time=1073 ms
64 bytes from aaaa::212:740e:e:e0e: icmp_seq=94 ttl=59 time=1796 ms
64 bytes from aaaa::212:740e:e:e0e: icmp_seq=95 ttl=59 time=980 ms
64 bytes from aaaa::212:740e:e:e0e: icmp_seq=96 ttl=59 time=945 ms
64 bytes from aaaa::212:740e:e:e0e: icmp_seq=97 ttl=59 time=764 ms
64 bytes from aaaa::212:740e:e:e0e: icmp_seq=98 ttl=59 time=694 ms
64 bytes from aaaa::212:740e:e:e0e: icmp_seq=99 ttl=59 time=1335 ms
64 bytes from aaaa::212:740e:e:e0e: icmp_seq=100 ttl=59 time=993 ms
64 bytes from aaaa::212:740e:e:e0e: icmp_seq=101 ttl=59 time=1092 ms
64 bytes from aaaa::212:740e:e:e0e: icmp_seq=102 ttl=59 time=1015 ms
64 bytes from aaaa::212:740e:e:e0e: icmp_seq=103 ttl=59 time=1065 ms
64 bytes from aaaa::212:740e:e:e0e: icmp_seq=104 ttl=59 time=2636 ms
64 bytes from aaaa::212:740e:e:e0e: icmp_seq=105 ttl=59 time=1640 ms
64 bytes from aaaa::212:740e:e:e0e: icmp_seq=106 ttl=59 time=1655 ms
64 bytes from aaaa::212:740e:e:e0e: icmp_seq=107 ttl=59 time=1105 ms
64 bytes from aaaa::212:740e:e:e0e: icmp_seq=108 ttl=59 time=2300 ms
64 bytes from aaaa::212:740e:e:e0e: icmp_seq=109 ttl=59 time=1823 ms
64 bytes from aaaa::212:740e:e:e0e: icmp_seq=110 ttl=59 time=789 ms
64 bytes from aaaa::212:740e:e:e0e: icmp_seq=111 ttl=59 time=1036 ms
64 bytes from aaaa::212:740e:e:e0e: icmp_seq=113 ttl=59 time=953 ms
64 bytes from aaaa::212:740e:e:e0e: icmp_seq=114 ttl=59 time=983 ms
64 bytes from aaaa::212:740e:e:e0e: icmp_seq=115 ttl=59 time=922 ms
64 bytes from aaaa::212:740e:e:e0e: icmp_seq=116 ttl=59 time=1078 ms
64 bytes from aaaa::212:740e:e:e0e: icmp_seq=117 ttl=59 time=1131 ms
64 bytes from aaaa::212:740e:e:e0e: icmp_seq=118 ttl=59 time=1535 ms
64 bytes from aaaa::212:740e:e:e0e: icmp_seq=119 ttl=59 time=1528 ms
64 bytes from aaaa::212:740e:e:e0e: icmp_seq=120 ttl=59 time=2475 ms
64 bytes from aaaa::212:740e:e:e0e: icmp_seq=121 ttl=59 time=1160 ms
64 bytes from aaaa::212:740e:e:e0e: icmp_seq=122 ttl=59 time=977 ms
64 bytes from aaaa::212:740e:e:e0e: icmp_seq=123 ttl=59 time=1232 ms
64 bytes from aaaa::212:740e:e:e0e: icmp_seq=124 ttl=59 time=1359 ms
64 bytes from aaaa::212:740e:e:e0e: icmp_seq=125 ttl=59 time=1003 ms
64 bytes from aaaa::212:740e:e:e0e: icmp_seq=126 ttl=59 time=951 ms
64 bytes from aaaa::212:740e:e:e0e: icmp_seq=127 ttl=59 time=470 ms
64 bytes from aaaa::212:740e:e:e0e: icmp_seq=128 ttl=59 time=491 ms
64 bytes from aaaa::212:740e:e:e0e: icmp_seq=129 ttl=59 time=671 ms
64 bytes from aaaa::212:740e:e:e0e: icmp_seq=130 ttl=59 time=554 ms
64 bytes from aaaa::212:740e:e:e0e: icmp_seq=131 ttl=59 time=411 ms
64 bytes from aaaa::212:740e:e:e0e: icmp_seq=132 ttl=59 time=533 ms
64 bytes from aaaa::212:740e:e:e0e: icmp_seq=133 ttl=59 time=547 ms
64 bytes from aaaa::212:740e:e:e0e: icmp_seq=134 ttl=59 time=538 ms
64 bytes from aaaa::212:740e:e:e0e: icmp_seq=135 ttl=59 time=549 ms
64 bytes from aaaa::212:740e:e:e0e: icmp_seq=136 ttl=59 time=434 ms
64 bytes from aaaa::212:740e:e:e0e: icmp_seq=137 ttl=59 time=525 ms
64 bytes from aaaa::212:740e:e:e0e: icmp_seq=138 ttl=59 time=473 ms
64 bytes from aaaa::212:740e:e:e0e: icmp_seq=139 ttl=59 time=550 ms
64 bytes from aaaa::212:740e:e:e0e: icmp_seq=140 ttl=59 time=509 ms
64 bytes from aaaa::212:740e:e:e0e: icmp_seq=141 ttl=59 time=536 ms
64 bytes from aaaa::212:740e:e:e0e: icmp_seq=142 ttl=59 time=1005 ms
64 bytes from aaaa::212:740e:e:e0e: icmp_seq=143 ttl=59 time=484 ms
64 bytes from aaaa::212:740e:e:e0e: icmp_seq=144 ttl=59 time=614 ms
64 bytes from aaaa::212:740e:e:e0e: icmp_seq=145 ttl=59 time=664 ms
64 bytes from aaaa::212:740e:e:e0e: icmp_seq=146 ttl=59 time=494 ms
64 bytes from aaaa::212:740e:e:e0e: icmp_seq=147 ttl=59 time=514 ms
64 bytes from aaaa::212:740e:e:e0e: icmp_seq=148 ttl=59 time=531 ms
64 bytes from aaaa::212:740e:e:e0e: icmp_seq=149 ttl=59 time=498 ms
64 bytes from aaaa::212:740e:e:e0e: icmp_seq=150 ttl=59 time=519 ms
64 bytes from aaaa::212:740e:e:e0e: icmp_seq=151 ttl=59 time=447 ms
64 bytes from aaaa::212:740e:e:e0e: icmp_seq=152 ttl=59 time=610 ms
64 bytes from aaaa::212:740e:e:e0e: icmp_seq=153 ttl=59 time=519 ms
64 bytes from aaaa::212:740e:e:e0e: icmp_seq=154 ttl=59 time=1596 ms
64 bytes from aaaa::212:740e:e:e0e: icmp_seq=155 ttl=59 time=578 ms
64 bytes from aaaa::212:740e:e:e0e: icmp_seq=156 ttl=59 time=480 ms
64 bytes from aaaa::212:740e:e:e0e: icmp_seq=158 ttl=59 time=520 ms
64 bytes from aaaa::212:740e:e:e0e: icmp_seq=159 ttl=59 time=1239 ms
64 bytes from aaaa::212:740e:e:e0e: icmp_seq=160 ttl=59 time=563 ms
64 bytes from aaaa::212:740e:e:e0e: icmp_seq=161 ttl=59 time=579 ms
64 bytes from aaaa::212:740e:e:e0e: icmp_seq=162 ttl=59 time=528 ms
64 bytes from aaaa::212:740e:e:e0e: icmp_seq=163 ttl=59 time=490 ms
64 bytes from aaaa::212:740e:e:e0e: icmp_seq=164 ttl=59 time=554 ms
64 bytes from aaaa::212:740e:e:e0e: icmp_seq=165 ttl=59 time=703 ms
64 bytes from aaaa::212:740e:e:e0e: icmp_seq=166 ttl=59 time=913 ms
64 bytes from aaaa::212:740e:e:e0e: icmp_seq=167 ttl=59 time=557 ms
64 bytes from aaaa::212:740e:e:e0e: icmp_seq=169 ttl=59 time=538 ms
64 bytes from aaaa::212:740e:e:e0e: icmp_seq=170 ttl=59 time=517 ms
64 bytes from aaaa::212:740e:e:e0e: icmp_seq=171 ttl=59 time=784 ms
64 bytes from aaaa::212:740e:e:e0e: icmp_seq=172 ttl=59 time=910 ms
64 bytes from aaaa::212:740e:e:e0e: icmp_seq=173 ttl=59 time=454 ms
64 bytes from aaaa::212:740e:e:e0e: icmp_seq=174 ttl=59 time=544 ms
64 bytes from aaaa::212:740e:e:e0e: icmp_seq=175 ttl=59 time=405 ms
64 bytes from aaaa::212:740e:e:e0e: icmp_seq=176 ttl=59 time=498 ms
64 bytes from aaaa::212:740e:e:e0e: icmp_seq=177 ttl=59 time=556 ms
64 bytes from aaaa::212:740e:e:e0e: icmp_seq=178 ttl=59 time=499 ms
64 bytes from aaaa::212:740e:e:e0e: icmp_seq=179 ttl=59 time=612 ms
64 bytes from aaaa::212:740e:e:e0e: icmp_seq=181 ttl=59 time=2239 ms
64 bytes from aaaa::212:740e:e:e0e: icmp_seq=183 ttl=59 time=2373 ms
64 bytes from aaaa::212:740e:e:e0e: icmp_seq=185 ttl=59 time=1356 ms
64 bytes from aaaa::212:740e:e:e0e: icmp_seq=186 ttl=59 time=1153 ms
64 bytes from aaaa::212:740e:e:e0e: icmp_seq=187 ttl=59 time=784 ms
64 bytes from aaaa::212:740e:e:e0e: icmp_seq=191 ttl=59 time=1191 ms
64 bytes from aaaa::212:740e:e:e0e: icmp_seq=192 ttl=59 time=1317 ms
64 bytes from aaaa::212:740e:e:e0e: icmp_seq=195 ttl=59 time=1176 ms
64 bytes from aaaa::212:740e:e:e0e: icmp_seq=196 ttl=59 time=1726 ms
64 bytes from aaaa::212:740e:e:e0e: icmp_seq=197 ttl=59 time=1465 ms
64 bytes from aaaa::212:740e:e:e0e: icmp_seq=198 ttl=59 time=1808 ms
64 bytes from aaaa::212:740e:e:e0e: icmp_seq=199 ttl=59 time=1737 ms
64 bytes from aaaa::212:740e:e:e0e: icmp_seq=200 ttl=59 time=950 ms

--- aaaa::212:740e:e:e0e ping statistics ---
200 packets transmitted, 158 received, 21% packet loss, time 1001304ms
rtt min/avg/max/mdev = 396.650/1062.011/6267.834/730.679 ms, pipe 2
