PING aaaa::212:7403:3:303(aaaa::212:7403:3:303) 56 data bytes
64 bytes from aaaa::212:7403:3:303: icmp_seq=1 ttl=63 time=68.2 ms
64 bytes from aaaa::212:7403:3:303: icmp_seq=2 ttl=63 time=253 ms
64 bytes from aaaa::212:7403:3:303: icmp_seq=3 ttl=63 time=167 ms
64 bytes from aaaa::212:7403:3:303: icmp_seq=8 ttl=63 time=338 ms
64 bytes from aaaa::212:7403:3:303: icmp_seq=10 ttl=63 time=107 ms
64 bytes from aaaa::212:7403:3:303: icmp_seq=11 ttl=63 time=593 ms
64 bytes from aaaa::212:7403:3:303: icmp_seq=19 ttl=63 time=146 ms
64 bytes from aaaa::212:7403:3:303: icmp_seq=20 ttl=63 time=192 ms
64 bytes from aaaa::212:7403:3:303: icmp_seq=23 ttl=63 time=406 ms
64 bytes from aaaa::212:7403:3:303: icmp_seq=25 ttl=63 time=259 ms
64 bytes from aaaa::212:7403:3:303: icmp_seq=26 ttl=63 time=92.2 ms
64 bytes from aaaa::212:7403:3:303: icmp_seq=28 ttl=63 time=95.5 ms
64 bytes from aaaa::212:7403:3:303: icmp_seq=29 ttl=63 time=271 ms
64 bytes from aaaa::212:7403:3:303: icmp_seq=32 ttl=63 time=1033 ms
64 bytes from aaaa::212:7403:3:303: icmp_seq=35 ttl=62 time=744 ms
64 bytes from aaaa::212:7403:3:303: icmp_seq=36 ttl=63 time=343 ms
64 bytes from aaaa::212:7403:3:303: icmp_seq=37 ttl=63 time=205 ms
64 bytes from aaaa::212:7403:3:303: icmp_seq=38 ttl=63 time=377 ms
64 bytes from aaaa::212:7403:3:303: icmp_seq=39 ttl=63 time=74.0 ms
64 bytes from aaaa::212:7403:3:303: icmp_seq=40 ttl=63 time=165 ms
64 bytes from aaaa::212:7403:3:303: icmp_seq=41 ttl=63 time=234 ms
64 bytes from aaaa::212:7403:3:303: icmp_seq=42 ttl=63 time=153 ms
64 bytes from aaaa::212:7403:3:303: icmp_seq=49 ttl=63 time=220 ms
64 bytes from aaaa::212:7403:3:303: icmp_seq=59 ttl=63 time=1237 ms
64 bytes from aaaa::212:7403:3:303: icmp_seq=60 ttl=63 time=191 ms
64 bytes from aaaa::212:7403:3:303: icmp_seq=61 ttl=63 time=166 ms
64 bytes from aaaa::212:7403:3:303: icmp_seq=62 ttl=63 time=118 ms
64 bytes from aaaa::212:7403:3:303: icmp_seq=63 ttl=63 time=290 ms
64 bytes from aaaa::212:7403:3:303: icmp_seq=64 ttl=63 time=153 ms
64 bytes from aaaa::212:7403:3:303: icmp_seq=65 ttl=63 time=573 ms
64 bytes from aaaa::212:7403:3:303: icmp_seq=66 ttl=63 time=599 ms
64 bytes from aaaa::212:7403:3:303: icmp_seq=67 ttl=63 time=616 ms
64 bytes from aaaa::212:7403:3:303: icmp_seq=68 ttl=63 time=343 ms
64 bytes from aaaa::212:7403:3:303: icmp_seq=69 ttl=63 time=241 ms
64 bytes from aaaa::212:7403:3:303: icmp_seq=70 ttl=63 time=97.6 ms
64 bytes from aaaa::212:7403:3:303: icmp_seq=71 ttl=63 time=162 ms
64 bytes from aaaa::212:7403:3:303: icmp_seq=72 ttl=63 time=95.2 ms
64 bytes from aaaa::212:7403:3:303: icmp_seq=73 ttl=63 time=133 ms
64 bytes from aaaa::212:7403:3:303: icmp_seq=74 ttl=63 time=110 ms
64 bytes from aaaa::212:7403:3:303: icmp_seq=75 ttl=63 time=524 ms
64 bytes from aaaa::212:7403:3:303: icmp_seq=77 ttl=63 time=123 ms
64 bytes from aaaa::212:7403:3:303: icmp_seq=80 ttl=63 time=369 ms
64 bytes from aaaa::212:7403:3:303: icmp_seq=83 ttl=63 time=362 ms
64 bytes from aaaa::212:7403:3:303: icmp_seq=88 ttl=63 time=351 ms
64 bytes from aaaa::212:7403:3:303: icmp_seq=89 ttl=63 time=96.9 ms
64 bytes from aaaa::212:7403:3:303: icmp_seq=90 ttl=63 time=341 ms
64 bytes from aaaa::212:7403:3:303: icmp_seq=91 ttl=63 time=80.6 ms
64 bytes from aaaa::212:7403:3:303: icmp_seq=101 ttl=63 time=87.4 ms
64 bytes from aaaa::212:7403:3:303: icmp_seq=102 ttl=63 time=108 ms
64 bytes from aaaa::212:7403:3:303: icmp_seq=103 ttl=63 time=147 ms
64 bytes from aaaa::212:7403:3:303: icmp_seq=104 ttl=63 time=117 ms
64 bytes from aaaa::212:7403:3:303: icmp_seq=105 ttl=63 time=153 ms
64 bytes from aaaa::212:7403:3:303: icmp_seq=106 ttl=63 time=269 ms
64 bytes from aaaa::212:7403:3:303: icmp_seq=107 ttl=63 time=220 ms
64 bytes from aaaa::212:7403:3:303: icmp_seq=108 ttl=63 time=73.3 ms
64 bytes from aaaa::212:7403:3:303: icmp_seq=109 ttl=63 time=144 ms
64 bytes from aaaa::212:7403:3:303: icmp_seq=110 ttl=63 time=61.0 ms
64 bytes from aaaa::212:7403:3:303: icmp_seq=111 ttl=63 time=170 ms
64 bytes from aaaa::212:7403:3:303: icmp_seq=113 ttl=63 time=281 ms
64 bytes from aaaa::212:7403:3:303: icmp_seq=114 ttl=63 time=226 ms
64 bytes from aaaa::212:7403:3:303: icmp_seq=119 ttl=63 time=151 ms
64 bytes from aaaa::212:7403:3:303: icmp_seq=126 ttl=63 time=494 ms
64 bytes from aaaa::212:7403:3:303: icmp_seq=127 ttl=63 time=362 ms
64 bytes from aaaa::212:7403:3:303: icmp_seq=130 ttl=63 time=227 ms
64 bytes from aaaa::212:7403:3:303: icmp_seq=133 ttl=63 time=447 ms
64 bytes from aaaa::212:7403:3:303: icmp_seq=136 ttl=63 time=114 ms
64 bytes from aaaa::212:7403:3:303: icmp_seq=137 ttl=63 time=75.0 ms
64 bytes from aaaa::212:7403:3:303: icmp_seq=138 ttl=63 time=165 ms
64 bytes from aaaa::212:7403:3:303: icmp_seq=139 ttl=63 time=256 ms
64 bytes from aaaa::212:7403:3:303: icmp_seq=140 ttl=63 time=1877 ms
64 bytes from aaaa::212:7403:3:303: icmp_seq=141 ttl=63 time=182 ms
64 bytes from aaaa::212:7403:3:303: icmp_seq=142 ttl=63 time=300 ms
64 bytes from aaaa::212:7403:3:303: icmp_seq=143 ttl=63 time=303 ms
64 bytes from aaaa::212:7403:3:303: icmp_seq=146 ttl=62 time=175 ms
64 bytes from aaaa::212:7403:3:303: icmp_seq=147 ttl=62 time=909 ms
64 bytes from aaaa::212:7403:3:303: icmp_seq=148 ttl=62 time=266 ms
64 bytes from aaaa::212:7403:3:303: icmp_seq=149 ttl=62 time=414 ms
64 bytes from aaaa::212:7403:3:303: icmp_seq=150 ttl=63 time=141 ms
64 bytes from aaaa::212:7403:3:303: icmp_seq=152 ttl=62 time=1528 ms
64 bytes from aaaa::212:7403:3:303: icmp_seq=154 ttl=63 time=848 ms
64 bytes from aaaa::212:7403:3:303: icmp_seq=155 ttl=63 time=520 ms
64 bytes from aaaa::212:7403:3:303: icmp_seq=156 ttl=63 time=1008 ms
64 bytes from aaaa::212:7403:3:303: icmp_seq=157 ttl=63 time=496 ms
64 bytes from aaaa::212:7403:3:303: icmp_seq=159 ttl=63 time=175 ms
64 bytes from aaaa::212:7403:3:303: icmp_seq=160 ttl=63 time=884 ms
64 bytes from aaaa::212:7403:3:303: icmp_seq=162 ttl=63 time=110 ms
64 bytes from aaaa::212:7403:3:303: icmp_seq=163 ttl=63 time=367 ms
64 bytes from aaaa::212:7403:3:303: icmp_seq=164 ttl=63 time=135 ms
64 bytes from aaaa::212:7403:3:303: icmp_seq=165 ttl=63 time=80.5 ms
64 bytes from aaaa::212:7403:3:303: icmp_seq=173 ttl=63 time=785 ms
64 bytes from aaaa::212:7403:3:303: icmp_seq=175 ttl=63 time=630 ms
64 bytes from aaaa::212:7403:3:303: icmp_seq=176 ttl=63 time=897 ms
64 bytes from aaaa::212:7403:3:303: icmp_seq=177 ttl=63 time=499 ms
64 bytes from aaaa::212:7403:3:303: icmp_seq=178 ttl=63 time=966 ms
64 bytes from aaaa::212:7403:3:303: icmp_seq=179 ttl=63 time=112 ms
64 bytes from aaaa::212:7403:3:303: icmp_seq=180 ttl=63 time=109 ms
64 bytes from aaaa::212:7403:3:303: icmp_seq=181 ttl=63 time=117 ms
64 bytes from aaaa::212:7403:3:303: icmp_seq=182 ttl=63 time=167 ms
64 bytes from aaaa::212:7403:3:303: icmp_seq=183 ttl=63 time=989 ms
64 bytes from aaaa::212:7403:3:303: icmp_seq=184 ttl=63 time=214 ms
64 bytes from aaaa::212:7403:3:303: icmp_seq=185 ttl=63 time=175 ms
64 bytes from aaaa::212:7403:3:303: icmp_seq=187 ttl=63 time=897 ms
64 bytes from aaaa::212:7403:3:303: icmp_seq=188 ttl=63 time=1358 ms
64 bytes from aaaa::212:7403:3:303: icmp_seq=190 ttl=63 time=1036 ms
64 bytes from aaaa::212:7403:3:303: icmp_seq=191 ttl=63 time=1509 ms
64 bytes from aaaa::212:7403:3:303: icmp_seq=192 ttl=63 time=1717 ms
64 bytes from aaaa::212:7403:3:303: icmp_seq=193 ttl=63 time=194 ms
64 bytes from aaaa::212:7403:3:303: icmp_seq=195 ttl=63 time=152 ms
64 bytes from aaaa::212:7403:3:303: icmp_seq=198 ttl=62 time=827 ms
64 bytes from aaaa::212:7403:3:303: icmp_seq=199 ttl=63 time=1102 ms

--- aaaa::212:7403:3:303 ping statistics ---
200 packets transmitted, 110 received, 45% packet loss, time 1007043ms
rtt min/avg/max/mdev = 61.018/395.209/1877.534/385.414 ms
