PING aaaa::212:7403:3:303(aaaa::212:7403:3:303) 56 data bytes
64 bytes from aaaa::212:7403:3:303: icmp_seq=1 ttl=63 time=150 ms
64 bytes from aaaa::212:7403:3:303: icmp_seq=3 ttl=63 time=88.8 ms
64 bytes from aaaa::212:7403:3:303: icmp_seq=7 ttl=63 time=439 ms
64 bytes from aaaa::212:7403:3:303: icmp_seq=8 ttl=63 time=872 ms
64 bytes from aaaa::212:7403:3:303: icmp_seq=9 ttl=63 time=181 ms
64 bytes from aaaa::212:7403:3:303: icmp_seq=10 ttl=63 time=134 ms
64 bytes from aaaa::212:7403:3:303: icmp_seq=11 ttl=63 time=84.7 ms
64 bytes from aaaa::212:7403:3:303: icmp_seq=12 ttl=63 time=532 ms
64 bytes from aaaa::212:7403:3:303: icmp_seq=13 ttl=63 time=1922 ms
64 bytes from aaaa::212:7403:3:303: icmp_seq=14 ttl=63 time=130 ms
64 bytes from aaaa::212:7403:3:303: icmp_seq=16 ttl=63 time=88.2 ms
64 bytes from aaaa::212:7403:3:303: icmp_seq=17 ttl=63 time=299 ms
64 bytes from aaaa::212:7403:3:303: icmp_seq=18 ttl=63 time=98.1 ms
64 bytes from aaaa::212:7403:3:303: icmp_seq=19 ttl=63 time=204 ms
64 bytes from aaaa::212:7403:3:303: icmp_seq=21 ttl=63 time=238 ms
64 bytes from aaaa::212:7403:3:303: icmp_seq=25 ttl=63 time=123 ms
64 bytes from aaaa::212:7403:3:303: icmp_seq=29 ttl=63 time=128 ms
64 bytes from aaaa::212:7403:3:303: icmp_seq=32 ttl=63 time=675 ms
64 bytes from aaaa::212:7403:3:303: icmp_seq=33 ttl=63 time=457 ms
64 bytes from aaaa::212:7403:3:303: icmp_seq=35 ttl=63 time=395 ms
64 bytes from aaaa::212:7403:3:303: icmp_seq=38 ttl=63 time=592 ms
64 bytes from aaaa::212:7403:3:303: icmp_seq=39 ttl=63 time=316 ms
64 bytes from aaaa::212:7403:3:303: icmp_seq=40 ttl=63 time=625 ms
64 bytes from aaaa::212:7403:3:303: icmp_seq=43 ttl=63 time=192 ms
64 bytes from aaaa::212:7403:3:303: icmp_seq=44 ttl=63 time=241 ms
64 bytes from aaaa::212:7403:3:303: icmp_seq=45 ttl=63 time=210 ms
64 bytes from aaaa::212:7403:3:303: icmp_seq=46 ttl=63 time=102 ms
64 bytes from aaaa::212:7403:3:303: icmp_seq=47 ttl=63 time=146 ms
64 bytes from aaaa::212:7403:3:303: icmp_seq=48 ttl=63 time=208 ms
64 bytes from aaaa::212:7403:3:303: icmp_seq=49 ttl=63 time=142 ms
64 bytes from aaaa::212:7403:3:303: icmp_seq=50 ttl=63 time=938 ms
64 bytes from aaaa::212:7403:3:303: icmp_seq=52 ttl=63 time=321 ms
64 bytes from aaaa::212:7403:3:303: icmp_seq=54 ttl=63 time=144 ms
64 bytes from aaaa::212:7403:3:303: icmp_seq=55 ttl=63 time=294 ms
64 bytes from aaaa::212:7403:3:303: icmp_seq=56 ttl=63 time=152 ms
64 bytes from aaaa::212:7403:3:303: icmp_seq=57 ttl=63 time=87.7 ms
64 bytes from aaaa::212:7403:3:303: icmp_seq=67 ttl=63 time=572 ms
64 bytes from aaaa::212:7403:3:303: icmp_seq=69 ttl=63 time=314 ms
64 bytes from aaaa::212:7403:3:303: icmp_seq=70 ttl=63 time=120 ms
64 bytes from aaaa::212:7403:3:303: icmp_seq=71 ttl=63 time=166 ms
64 bytes from aaaa::212:7403:3:303: icmp_seq=72 ttl=63 time=309 ms
64 bytes from aaaa::212:7403:3:303: icmp_seq=75 ttl=63 time=300 ms
64 bytes from aaaa::212:7403:3:303: icmp_seq=76 ttl=63 time=151 ms
64 bytes from aaaa::212:7403:3:303: icmp_seq=77 ttl=63 time=233 ms
64 bytes from aaaa::212:7403:3:303: icmp_seq=78 ttl=63 time=102 ms
64 bytes from aaaa::212:7403:3:303: icmp_seq=79 ttl=63 time=293 ms
64 bytes from aaaa::212:7403:3:303: icmp_seq=80 ttl=63 time=257 ms
64 bytes from aaaa::212:7403:3:303: icmp_seq=81 ttl=63 time=161 ms
64 bytes from aaaa::212:7403:3:303: icmp_seq=83 ttl=63 time=1028 ms
64 bytes from aaaa::212:7403:3:303: icmp_seq=85 ttl=63 time=256 ms
64 bytes from aaaa::212:7403:3:303: icmp_seq=86 ttl=63 time=186 ms
64 bytes from aaaa::212:7403:3:303: icmp_seq=87 ttl=63 time=208 ms
64 bytes from aaaa::212:7403:3:303: icmp_seq=88 ttl=63 time=147 ms
64 bytes from aaaa::212:7403:3:303: icmp_seq=89 ttl=63 time=240 ms
64 bytes from aaaa::212:7403:3:303: icmp_seq=90 ttl=63 time=705 ms
64 bytes from aaaa::212:7403:3:303: icmp_seq=91 ttl=63 time=1194 ms
64 bytes from aaaa::212:7403:3:303: icmp_seq=92 ttl=63 time=241 ms
64 bytes from aaaa::212:7403:3:303: icmp_seq=93 ttl=63 time=555 ms
64 bytes from aaaa::212:7403:3:303: icmp_seq=94 ttl=63 time=156 ms
64 bytes from aaaa::212:7403:3:303: icmp_seq=95 ttl=63 time=647 ms
64 bytes from aaaa::212:7403:3:303: icmp_seq=98 ttl=63 time=436 ms
64 bytes from aaaa::212:7403:3:303: icmp_seq=99 ttl=63 time=206 ms
64 bytes from aaaa::212:7403:3:303: icmp_seq=100 ttl=63 time=171 ms
64 bytes from aaaa::212:7403:3:303: icmp_seq=102 ttl=63 time=115 ms
64 bytes from aaaa::212:7403:3:303: icmp_seq=103 ttl=63 time=360 ms
64 bytes from aaaa::212:7403:3:303: icmp_seq=104 ttl=63 time=923 ms
64 bytes from aaaa::212:7403:3:303: icmp_seq=105 ttl=63 time=657 ms
64 bytes from aaaa::212:7403:3:303: icmp_seq=107 ttl=63 time=123 ms
64 bytes from aaaa::212:7403:3:303: icmp_seq=109 ttl=63 time=262 ms
64 bytes from aaaa::212:7403:3:303: icmp_seq=110 ttl=63 time=165 ms
64 bytes from aaaa::212:7403:3:303: icmp_seq=112 ttl=63 time=452 ms
64 bytes from aaaa::212:7403:3:303: icmp_seq=119 ttl=63 time=172 ms
64 bytes from aaaa::212:7403:3:303: icmp_seq=120 ttl=63 time=247 ms
64 bytes from aaaa::212:7403:3:303: icmp_seq=121 ttl=63 time=113 ms
64 bytes from aaaa::212:7403:3:303: icmp_seq=122 ttl=63 time=198 ms
64 bytes from aaaa::212:7403:3:303: icmp_seq=124 ttl=63 time=160 ms
64 bytes from aaaa::212:7403:3:303: icmp_seq=125 ttl=63 time=1023 ms
64 bytes from aaaa::212:7403:3:303: icmp_seq=126 ttl=63 time=105 ms
64 bytes from aaaa::212:7403:3:303: icmp_seq=127 ttl=63 time=237 ms
64 bytes from aaaa::212:7403:3:303: icmp_seq=128 ttl=63 time=115 ms
64 bytes from aaaa::212:7403:3:303: icmp_seq=129 ttl=63 time=113 ms
64 bytes from aaaa::212:7403:3:303: icmp_seq=130 ttl=63 time=73.0 ms
64 bytes from aaaa::212:7403:3:303: icmp_seq=131 ttl=63 time=229 ms
64 bytes from aaaa::212:7403:3:303: icmp_seq=132 ttl=63 time=128 ms
64 bytes from aaaa::212:7403:3:303: icmp_seq=133 ttl=63 time=104 ms
64 bytes from aaaa::212:7403:3:303: icmp_seq=134 ttl=63 time=138 ms
64 bytes from aaaa::212:7403:3:303: icmp_seq=135 ttl=63 time=136 ms
64 bytes from aaaa::212:7403:3:303: icmp_seq=136 ttl=63 time=87.2 ms
64 bytes from aaaa::212:7403:3:303: icmp_seq=137 ttl=63 time=340 ms
64 bytes from aaaa::212:7403:3:303: icmp_seq=138 ttl=63 time=145 ms
64 bytes from aaaa::212:7403:3:303: icmp_seq=139 ttl=63 time=177 ms
64 bytes from aaaa::212:7403:3:303: icmp_seq=140 ttl=63 time=946 ms
64 bytes from aaaa::212:7403:3:303: icmp_seq=141 ttl=63 time=139 ms
64 bytes from aaaa::212:7403:3:303: icmp_seq=142 ttl=63 time=77.7 ms
64 bytes from aaaa::212:7403:3:303: icmp_seq=143 ttl=63 time=314 ms
64 bytes from aaaa::212:7403:3:303: icmp_seq=145 ttl=63 time=476 ms
64 bytes from aaaa::212:7403:3:303: icmp_seq=146 ttl=63 time=175 ms
64 bytes from aaaa::212:7403:3:303: icmp_seq=147 ttl=63 time=158 ms
64 bytes from aaaa::212:7403:3:303: icmp_seq=148 ttl=63 time=136 ms
64 bytes from aaaa::212:7403:3:303: icmp_seq=149 ttl=63 time=124 ms
64 bytes from aaaa::212:7403:3:303: icmp_seq=150 ttl=63 time=121 ms
64 bytes from aaaa::212:7403:3:303: icmp_seq=151 ttl=63 time=89.6 ms
64 bytes from aaaa::212:7403:3:303: icmp_seq=152 ttl=63 time=382 ms
64 bytes from aaaa::212:7403:3:303: icmp_seq=153 ttl=63 time=77.1 ms
64 bytes from aaaa::212:7403:3:303: icmp_seq=154 ttl=63 time=227 ms
64 bytes from aaaa::212:7403:3:303: icmp_seq=155 ttl=63 time=81.7 ms
64 bytes from aaaa::212:7403:3:303: icmp_seq=156 ttl=63 time=165 ms
64 bytes from aaaa::212:7403:3:303: icmp_seq=157 ttl=63 time=346 ms
64 bytes from aaaa::212:7403:3:303: icmp_seq=158 ttl=63 time=334 ms
64 bytes from aaaa::212:7403:3:303: icmp_seq=159 ttl=63 time=265 ms
64 bytes from aaaa::212:7403:3:303: icmp_seq=160 ttl=63 time=128 ms
64 bytes from aaaa::212:7403:3:303: icmp_seq=161 ttl=63 time=70.3 ms
64 bytes from aaaa::212:7403:3:303: icmp_seq=162 ttl=63 time=113 ms
64 bytes from aaaa::212:7403:3:303: icmp_seq=163 ttl=63 time=334 ms
64 bytes from aaaa::212:7403:3:303: icmp_seq=164 ttl=63 time=220 ms
64 bytes from aaaa::212:7403:3:303: icmp_seq=165 ttl=63 time=205 ms
64 bytes from aaaa::212:7403:3:303: icmp_seq=166 ttl=63 time=79.8 ms
64 bytes from aaaa::212:7403:3:303: icmp_seq=167 ttl=63 time=244 ms
64 bytes from aaaa::212:7403:3:303: icmp_seq=168 ttl=63 time=223 ms
64 bytes from aaaa::212:7403:3:303: icmp_seq=169 ttl=63 time=111 ms
64 bytes from aaaa::212:7403:3:303: icmp_seq=170 ttl=63 time=609 ms
64 bytes from aaaa::212:7403:3:303: icmp_seq=171 ttl=63 time=283 ms
64 bytes from aaaa::212:7403:3:303: icmp_seq=172 ttl=63 time=80.7 ms
64 bytes from aaaa::212:7403:3:303: icmp_seq=173 ttl=63 time=164 ms
64 bytes from aaaa::212:7403:3:303: icmp_seq=174 ttl=63 time=475 ms
64 bytes from aaaa::212:7403:3:303: icmp_seq=175 ttl=63 time=167 ms
64 bytes from aaaa::212:7403:3:303: icmp_seq=176 ttl=63 time=129 ms
64 bytes from aaaa::212:7403:3:303: icmp_seq=177 ttl=63 time=137 ms
64 bytes from aaaa::212:7403:3:303: icmp_seq=178 ttl=63 time=105 ms
64 bytes from aaaa::212:7403:3:303: icmp_seq=179 ttl=63 time=122 ms
64 bytes from aaaa::212:7403:3:303: icmp_seq=180 ttl=63 time=90.5 ms
64 bytes from aaaa::212:7403:3:303: icmp_seq=181 ttl=63 time=211 ms
64 bytes from aaaa::212:7403:3:303: icmp_seq=182 ttl=63 time=215 ms
64 bytes from aaaa::212:7403:3:303: icmp_seq=183 ttl=63 time=93.2 ms
64 bytes from aaaa::212:7403:3:303: icmp_seq=184 ttl=63 time=457 ms
64 bytes from aaaa::212:7403:3:303: icmp_seq=185 ttl=63 time=578 ms
64 bytes from aaaa::212:7403:3:303: icmp_seq=186 ttl=63 time=154 ms
64 bytes from aaaa::212:7403:3:303: icmp_seq=188 ttl=63 time=156 ms
64 bytes from aaaa::212:7403:3:303: icmp_seq=189 ttl=63 time=130 ms
64 bytes from aaaa::212:7403:3:303: icmp_seq=190 ttl=63 time=795 ms
64 bytes from aaaa::212:7403:3:303: icmp_seq=191 ttl=63 time=102 ms
64 bytes from aaaa::212:7403:3:303: icmp_seq=192 ttl=63 time=115 ms
64 bytes from aaaa::212:7403:3:303: icmp_seq=193 ttl=63 time=452 ms
64 bytes from aaaa::212:7403:3:303: icmp_seq=194 ttl=63 time=189 ms
64 bytes from aaaa::212:7403:3:303: icmp_seq=195 ttl=63 time=321 ms
64 bytes from aaaa::212:7403:3:303: icmp_seq=196 ttl=63 time=110 ms
64 bytes from aaaa::212:7403:3:303: icmp_seq=200 ttl=63 time=566 ms

--- aaaa::212:7403:3:303 ping statistics ---
200 packets transmitted, 147 received, 26% packet loss, time 1002931ms
rtt min/avg/max/mdev = 70.331/284.595/1922.803/261.697 ms
