PING aaaa::212:740b:b:b0b(aaaa::212:740b:b:b0b) 56 data bytes
64 bytes from aaaa::212:740b:b:b0b: icmp_seq=3 ttl=60 time=2787 ms
64 bytes from aaaa::212:740b:b:b0b: icmp_seq=4 ttl=61 time=1560 ms
64 bytes from aaaa::212:740b:b:b0b: icmp_seq=5 ttl=61 time=1845 ms
64 bytes from aaaa::212:740b:b:b0b: icmp_seq=8 ttl=61 time=465 ms
64 bytes from aaaa::212:740b:b:b0b: icmp_seq=10 ttl=61 time=740 ms
64 bytes from aaaa::212:740b:b:b0b: icmp_seq=11 ttl=61 time=3291 ms
64 bytes from aaaa::212:740b:b:b0b: icmp_seq=14 ttl=61 time=393 ms
64 bytes from aaaa::212:740b:b:b0b: icmp_seq=15 ttl=61 time=1439 ms
64 bytes from aaaa::212:740b:b:b0b: icmp_seq=16 ttl=61 time=335 ms
64 bytes from aaaa::212:740b:b:b0b: icmp_seq=18 ttl=61 time=280 ms
64 bytes from aaaa::212:740b:b:b0b: icmp_seq=19 ttl=61 time=582 ms
64 bytes from aaaa::212:740b:b:b0b: icmp_seq=20 ttl=61 time=870 ms
64 bytes from aaaa::212:740b:b:b0b: icmp_seq=21 ttl=61 time=397 ms
64 bytes from aaaa::212:740b:b:b0b: icmp_seq=22 ttl=61 time=838 ms
64 bytes from aaaa::212:740b:b:b0b: icmp_seq=23 ttl=61 time=519 ms
64 bytes from aaaa::212:740b:b:b0b: icmp_seq=24 ttl=61 time=275 ms
64 bytes from aaaa::212:740b:b:b0b: icmp_seq=25 ttl=61 time=702 ms
64 bytes from aaaa::212:740b:b:b0b: icmp_seq=26 ttl=61 time=618 ms
64 bytes from aaaa::212:740b:b:b0b: icmp_seq=27 ttl=61 time=657 ms
64 bytes from aaaa::212:740b:b:b0b: icmp_seq=28 ttl=61 time=571 ms
64 bytes from aaaa::212:740b:b:b0b: icmp_seq=29 ttl=61 time=563 ms
64 bytes from aaaa::212:740b:b:b0b: icmp_seq=30 ttl=61 time=1091 ms
64 bytes from aaaa::212:740b:b:b0b: icmp_seq=31 ttl=61 time=3755 ms
64 bytes from aaaa::212:740b:b:b0b: icmp_seq=33 ttl=61 time=1704 ms
64 bytes from aaaa::212:740b:b:b0b: icmp_seq=34 ttl=61 time=273 ms
64 bytes from aaaa::212:740b:b:b0b: icmp_seq=35 ttl=61 time=1047 ms
64 bytes from aaaa::212:740b:b:b0b: icmp_seq=36 ttl=61 time=347 ms
64 bytes from aaaa::212:740b:b:b0b: icmp_seq=37 ttl=61 time=1127 ms
64 bytes from aaaa::212:740b:b:b0b: icmp_seq=38 ttl=60 time=4202 ms
64 bytes from aaaa::212:740b:b:b0b: icmp_seq=40 ttl=61 time=1417 ms
64 bytes from aaaa::212:740b:b:b0b: icmp_seq=41 ttl=61 time=2734 ms
64 bytes from aaaa::212:740b:b:b0b: icmp_seq=42 ttl=61 time=1347 ms
64 bytes from aaaa::212:740b:b:b0b: icmp_seq=43 ttl=61 time=802 ms
64 bytes from aaaa::212:740b:b:b0b: icmp_seq=44 ttl=61 time=284 ms
64 bytes from aaaa::212:740b:b:b0b: icmp_seq=46 ttl=61 time=340 ms
64 bytes from aaaa::212:740b:b:b0b: icmp_seq=47 ttl=61 time=1951 ms
64 bytes from aaaa::212:740b:b:b0b: icmp_seq=48 ttl=61 time=507 ms
64 bytes from aaaa::212:740b:b:b0b: icmp_seq=55 ttl=61 time=505 ms
64 bytes from aaaa::212:740b:b:b0b: icmp_seq=57 ttl=61 time=551 ms
64 bytes from aaaa::212:740b:b:b0b: icmp_seq=72 ttl=61 time=1721 ms
64 bytes from aaaa::212:740b:b:b0b: icmp_seq=73 ttl=61 time=455 ms
64 bytes from aaaa::212:740b:b:b0b: icmp_seq=74 ttl=61 time=1323 ms
64 bytes from aaaa::212:740b:b:b0b: icmp_seq=80 ttl=61 time=508 ms
64 bytes from aaaa::212:740b:b:b0b: icmp_seq=90 ttl=61 time=619 ms
64 bytes from aaaa::212:740b:b:b0b: icmp_seq=92 ttl=61 time=476 ms
64 bytes from aaaa::212:740b:b:b0b: icmp_seq=94 ttl=61 time=570 ms
64 bytes from aaaa::212:740b:b:b0b: icmp_seq=95 ttl=61 time=519 ms
64 bytes from aaaa::212:740b:b:b0b: icmp_seq=96 ttl=61 time=316 ms
64 bytes from aaaa::212:740b:b:b0b: icmp_seq=97 ttl=61 time=328 ms
64 bytes from aaaa::212:740b:b:b0b: icmp_seq=98 ttl=61 time=272 ms
64 bytes from aaaa::212:740b:b:b0b: icmp_seq=99 ttl=61 time=1152 ms
64 bytes from aaaa::212:740b:b:b0b: icmp_seq=100 ttl=61 time=327 ms
64 bytes from aaaa::212:740b:b:b0b: icmp_seq=101 ttl=61 time=361 ms
64 bytes from aaaa::212:740b:b:b0b: icmp_seq=102 ttl=61 time=288 ms
64 bytes from aaaa::212:740b:b:b0b: icmp_seq=103 ttl=61 time=253 ms
64 bytes from aaaa::212:740b:b:b0b: icmp_seq=104 ttl=61 time=1327 ms
64 bytes from aaaa::212:740b:b:b0b: icmp_seq=105 ttl=61 time=315 ms
64 bytes from aaaa::212:740b:b:b0b: icmp_seq=107 ttl=61 time=1182 ms
64 bytes from aaaa::212:740b:b:b0b: icmp_seq=108 ttl=61 time=2353 ms
64 bytes from aaaa::212:740b:b:b0b: icmp_seq=110 ttl=61 time=1314 ms
64 bytes from aaaa::212:740b:b:b0b: icmp_seq=112 ttl=61 time=644 ms
64 bytes from aaaa::212:740b:b:b0b: icmp_seq=114 ttl=61 time=1034 ms
64 bytes from aaaa::212:740b:b:b0b: icmp_seq=115 ttl=61 time=463 ms
64 bytes from aaaa::212:740b:b:b0b: icmp_seq=116 ttl=61 time=718 ms
64 bytes from aaaa::212:740b:b:b0b: icmp_seq=117 ttl=61 time=1107 ms
64 bytes from aaaa::212:740b:b:b0b: icmp_seq=121 ttl=61 time=2007 ms
64 bytes from aaaa::212:740b:b:b0b: icmp_seq=123 ttl=61 time=1588 ms
64 bytes from aaaa::212:740b:b:b0b: icmp_seq=124 ttl=61 time=1151 ms
64 bytes from aaaa::212:740b:b:b0b: icmp_seq=125 ttl=61 time=608 ms
64 bytes from aaaa::212:740b:b:b0b: icmp_seq=126 ttl=61 time=1161 ms
64 bytes from aaaa::212:740b:b:b0b: icmp_seq=127 ttl=61 time=969 ms
64 bytes from aaaa::212:740b:b:b0b: icmp_seq=128 ttl=61 time=309 ms
64 bytes from aaaa::212:740b:b:b0b: icmp_seq=129 ttl=61 time=583 ms
64 bytes from aaaa::212:740b:b:b0b: icmp_seq=130 ttl=61 time=350 ms
64 bytes from aaaa::212:740b:b:b0b: icmp_seq=132 ttl=61 time=412 ms
64 bytes from aaaa::212:740b:b:b0b: icmp_seq=133 ttl=61 time=269 ms
64 bytes from aaaa::212:740b:b:b0b: icmp_seq=134 ttl=61 time=388 ms
64 bytes from aaaa::212:740b:b:b0b: icmp_seq=135 ttl=61 time=664 ms
64 bytes from aaaa::212:740b:b:b0b: icmp_seq=136 ttl=61 time=1202 ms
64 bytes from aaaa::212:740b:b:b0b: icmp_seq=137 ttl=61 time=752 ms
64 bytes from aaaa::212:740b:b:b0b: icmp_seq=138 ttl=61 time=1422 ms
64 bytes from aaaa::212:740b:b:b0b: icmp_seq=139 ttl=61 time=628 ms
64 bytes from aaaa::212:740b:b:b0b: icmp_seq=140 ttl=61 time=277 ms
64 bytes from aaaa::212:740b:b:b0b: icmp_seq=141 ttl=61 time=951 ms
64 bytes from aaaa::212:740b:b:b0b: icmp_seq=142 ttl=61 time=1101 ms
64 bytes from aaaa::212:740b:b:b0b: icmp_seq=143 ttl=61 time=265 ms
64 bytes from aaaa::212:740b:b:b0b: icmp_seq=144 ttl=61 time=474 ms
64 bytes from aaaa::212:740b:b:b0b: icmp_seq=145 ttl=61 time=384 ms
64 bytes from aaaa::212:740b:b:b0b: icmp_seq=146 ttl=61 time=354 ms
64 bytes from aaaa::212:740b:b:b0b: icmp_seq=147 ttl=61 time=440 ms
64 bytes from aaaa::212:740b:b:b0b: icmp_seq=148 ttl=61 time=282 ms
64 bytes from aaaa::212:740b:b:b0b: icmp_seq=149 ttl=61 time=420 ms
64 bytes from aaaa::212:740b:b:b0b: icmp_seq=150 ttl=61 time=447 ms
64 bytes from aaaa::212:740b:b:b0b: icmp_seq=151 ttl=61 time=251 ms
64 bytes from aaaa::212:740b:b:b0b: icmp_seq=152 ttl=61 time=357 ms
64 bytes from aaaa::212:740b:b:b0b: icmp_seq=153 ttl=61 time=325 ms
64 bytes from aaaa::212:740b:b:b0b: icmp_seq=154 ttl=61 time=664 ms
64 bytes from aaaa::212:740b:b:b0b: icmp_seq=155 ttl=61 time=340 ms
64 bytes from aaaa::212:740b:b:b0b: icmp_seq=156 ttl=61 time=586 ms
64 bytes from aaaa::212:740b:b:b0b: icmp_seq=157 ttl=61 time=237 ms
64 bytes from aaaa::212:740b:b:b0b: icmp_seq=158 ttl=61 time=359 ms
64 bytes from aaaa::212:740b:b:b0b: icmp_seq=159 ttl=61 time=572 ms
64 bytes from aaaa::212:740b:b:b0b: icmp_seq=160 ttl=61 time=331 ms
64 bytes from aaaa::212:740b:b:b0b: icmp_seq=161 ttl=61 time=387 ms
64 bytes from aaaa::212:740b:b:b0b: icmp_seq=162 ttl=61 time=359 ms
64 bytes from aaaa::212:740b:b:b0b: icmp_seq=163 ttl=61 time=390 ms
64 bytes from aaaa::212:740b:b:b0b: icmp_seq=164 ttl=61 time=410 ms
64 bytes from aaaa::212:740b:b:b0b: icmp_seq=165 ttl=61 time=311 ms
64 bytes from aaaa::212:740b:b:b0b: icmp_seq=166 ttl=61 time=498 ms
64 bytes from aaaa::212:740b:b:b0b: icmp_seq=167 ttl=61 time=365 ms
64 bytes from aaaa::212:740b:b:b0b: icmp_seq=168 ttl=61 time=756 ms
64 bytes from aaaa::212:740b:b:b0b: icmp_seq=169 ttl=61 time=490 ms
64 bytes from aaaa::212:740b:b:b0b: icmp_seq=170 ttl=61 time=406 ms
64 bytes from aaaa::212:740b:b:b0b: icmp_seq=171 ttl=61 time=621 ms
64 bytes from aaaa::212:740b:b:b0b: icmp_seq=172 ttl=61 time=831 ms
64 bytes from aaaa::212:740b:b:b0b: icmp_seq=173 ttl=61 time=612 ms
64 bytes from aaaa::212:740b:b:b0b: icmp_seq=174 ttl=61 time=1036 ms
64 bytes from aaaa::212:740b:b:b0b: icmp_seq=175 ttl=61 time=358 ms
64 bytes from aaaa::212:740b:b:b0b: icmp_seq=176 ttl=61 time=543 ms
64 bytes from aaaa::212:740b:b:b0b: icmp_seq=177 ttl=61 time=602 ms
64 bytes from aaaa::212:740b:b:b0b: icmp_seq=178 ttl=61 time=544 ms
64 bytes from aaaa::212:740b:b:b0b: icmp_seq=179 ttl=61 time=832 ms
64 bytes from aaaa::212:740b:b:b0b: icmp_seq=180 ttl=61 time=723 ms
64 bytes from aaaa::212:740b:b:b0b: icmp_seq=181 ttl=61 time=1815 ms
64 bytes from aaaa::212:740b:b:b0b: icmp_seq=183 ttl=61 time=1504 ms
64 bytes from aaaa::212:740b:b:b0b: icmp_seq=184 ttl=61 time=586 ms
64 bytes from aaaa::212:740b:b:b0b: icmp_seq=185 ttl=61 time=1278 ms
64 bytes from aaaa::212:740b:b:b0b: icmp_seq=187 ttl=61 time=1041 ms
64 bytes from aaaa::212:740b:b:b0b: icmp_seq=188 ttl=61 time=1115 ms
64 bytes from aaaa::212:740b:b:b0b: icmp_seq=189 ttl=61 time=461 ms
64 bytes from aaaa::212:740b:b:b0b: icmp_seq=190 ttl=61 time=551 ms
64 bytes from aaaa::212:740b:b:b0b: icmp_seq=193 ttl=61 time=576 ms
64 bytes from aaaa::212:740b:b:b0b: icmp_seq=194 ttl=61 time=325 ms
64 bytes from aaaa::212:740b:b:b0b: icmp_seq=195 ttl=61 time=419 ms
64 bytes from aaaa::212:740b:b:b0b: icmp_seq=196 ttl=61 time=808 ms
64 bytes from aaaa::212:740b:b:b0b: icmp_seq=197 ttl=61 time=540 ms
64 bytes from aaaa::212:740b:b:b0b: icmp_seq=198 ttl=61 time=530 ms
64 bytes from aaaa::212:740b:b:b0b: icmp_seq=200 ttl=61 time=576 ms

--- aaaa::212:740b:b:b0b ping statistics ---
200 packets transmitted, 138 received, 31% packet loss, time 1004131ms
rtt min/avg/max/mdev = 237.188/802.894/4202.531/667.648 ms
