PING aaaa::212:7406:6:606(aaaa::212:7406:6:606) 56 data bytes
64 bytes from aaaa::212:7406:6:606: icmp_seq=1 ttl=61 time=301 ms
64 bytes from aaaa::212:7406:6:606: icmp_seq=2 ttl=61 time=536 ms
64 bytes from aaaa::212:7406:6:606: icmp_seq=3 ttl=61 time=355 ms
64 bytes from aaaa::212:7406:6:606: icmp_seq=4 ttl=61 time=1003 ms
64 bytes from aaaa::212:7406:6:606: icmp_seq=5 ttl=61 time=429 ms
64 bytes from aaaa::212:7406:6:606: icmp_seq=6 ttl=61 time=263 ms
64 bytes from aaaa::212:7406:6:606: icmp_seq=8 ttl=61 time=441 ms
64 bytes from aaaa::212:7406:6:606: icmp_seq=12 ttl=61 time=387 ms
64 bytes from aaaa::212:7406:6:606: icmp_seq=13 ttl=61 time=578 ms
64 bytes from aaaa::212:7406:6:606: icmp_seq=14 ttl=61 time=225 ms
64 bytes from aaaa::212:7406:6:606: icmp_seq=15 ttl=61 time=522 ms
64 bytes from aaaa::212:7406:6:606: icmp_seq=16 ttl=61 time=336 ms
64 bytes from aaaa::212:7406:6:606: icmp_seq=17 ttl=61 time=524 ms
64 bytes from aaaa::212:7406:6:606: icmp_seq=18 ttl=61 time=399 ms
64 bytes from aaaa::212:7406:6:606: icmp_seq=19 ttl=61 time=759 ms
64 bytes from aaaa::212:7406:6:606: icmp_seq=20 ttl=61 time=328 ms
64 bytes from aaaa::212:7406:6:606: icmp_seq=23 ttl=61 time=346 ms
64 bytes from aaaa::212:7406:6:606: icmp_seq=24 ttl=61 time=244 ms
64 bytes from aaaa::212:7406:6:606: icmp_seq=25 ttl=61 time=219 ms
64 bytes from aaaa::212:7406:6:606: icmp_seq=26 ttl=61 time=628 ms
64 bytes from aaaa::212:7406:6:606: icmp_seq=27 ttl=61 time=555 ms
64 bytes from aaaa::212:7406:6:606: icmp_seq=28 ttl=61 time=450 ms
64 bytes from aaaa::212:7406:6:606: icmp_seq=29 ttl=61 time=219 ms
64 bytes from aaaa::212:7406:6:606: icmp_seq=30 ttl=61 time=322 ms
64 bytes from aaaa::212:7406:6:606: icmp_seq=31 ttl=61 time=334 ms
64 bytes from aaaa::212:7406:6:606: icmp_seq=32 ttl=61 time=483 ms
64 bytes from aaaa::212:7406:6:606: icmp_seq=33 ttl=61 time=545 ms
64 bytes from aaaa::212:7406:6:606: icmp_seq=34 ttl=61 time=423 ms
64 bytes from aaaa::212:7406:6:606: icmp_seq=35 ttl=61 time=239 ms
64 bytes from aaaa::212:7406:6:606: icmp_seq=36 ttl=61 time=247 ms
64 bytes from aaaa::212:7406:6:606: icmp_seq=53 ttl=61 time=590 ms
64 bytes from aaaa::212:7406:6:606: icmp_seq=70 ttl=61 time=1012 ms
64 bytes from aaaa::212:7406:6:606: icmp_seq=73 ttl=61 time=713 ms
64 bytes from aaaa::212:7406:6:606: icmp_seq=74 ttl=61 time=918 ms
64 bytes from aaaa::212:7406:6:606: icmp_seq=75 ttl=61 time=376 ms
64 bytes from aaaa::212:7406:6:606: icmp_seq=76 ttl=61 time=391 ms
64 bytes from aaaa::212:7406:6:606: icmp_seq=77 ttl=61 time=680 ms
64 bytes from aaaa::212:7406:6:606: icmp_seq=78 ttl=61 time=531 ms
64 bytes from aaaa::212:7406:6:606: icmp_seq=80 ttl=61 time=1439 ms
64 bytes from aaaa::212:7406:6:606: icmp_seq=83 ttl=61 time=1787 ms
64 bytes from aaaa::212:7406:6:606: icmp_seq=88 ttl=61 time=233 ms
64 bytes from aaaa::212:7406:6:606: icmp_seq=89 ttl=61 time=757 ms
64 bytes from aaaa::212:7406:6:606: icmp_seq=93 ttl=61 time=462 ms
64 bytes from aaaa::212:7406:6:606: icmp_seq=95 ttl=61 time=397 ms
64 bytes from aaaa::212:7406:6:606: icmp_seq=96 ttl=61 time=459 ms
64 bytes from aaaa::212:7406:6:606: icmp_seq=97 ttl=61 time=947 ms
64 bytes from aaaa::212:7406:6:606: icmp_seq=99 ttl=61 time=216 ms
64 bytes from aaaa::212:7406:6:606: icmp_seq=100 ttl=61 time=239 ms
64 bytes from aaaa::212:7406:6:606: icmp_seq=101 ttl=61 time=165 ms
64 bytes from aaaa::212:7406:6:606: icmp_seq=102 ttl=61 time=176 ms
64 bytes from aaaa::212:7406:6:606: icmp_seq=103 ttl=61 time=766 ms
64 bytes from aaaa::212:7406:6:606: icmp_seq=105 ttl=61 time=679 ms
64 bytes from aaaa::212:7406:6:606: icmp_seq=106 ttl=61 time=678 ms
64 bytes from aaaa::212:7406:6:606: icmp_seq=107 ttl=61 time=572 ms
64 bytes from aaaa::212:7406:6:606: icmp_seq=108 ttl=61 time=407 ms
64 bytes from aaaa::212:7406:6:606: icmp_seq=109 ttl=61 time=318 ms
64 bytes from aaaa::212:7406:6:606: icmp_seq=110 ttl=61 time=1697 ms
64 bytes from aaaa::212:7406:6:606: icmp_seq=111 ttl=61 time=528 ms
64 bytes from aaaa::212:7406:6:606: icmp_seq=113 ttl=61 time=680 ms
64 bytes from aaaa::212:7406:6:606: icmp_seq=114 ttl=61 time=260 ms
64 bytes from aaaa::212:7406:6:606: icmp_seq=116 ttl=61 time=256 ms
64 bytes from aaaa::212:7406:6:606: icmp_seq=118 ttl=61 time=958 ms
64 bytes from aaaa::212:7406:6:606: icmp_seq=119 ttl=60 time=450 ms
64 bytes from aaaa::212:7406:6:606: icmp_seq=120 ttl=60 time=642 ms
64 bytes from aaaa::212:7406:6:606: icmp_seq=121 ttl=60 time=377 ms
64 bytes from aaaa::212:7406:6:606: icmp_seq=123 ttl=60 time=3255 ms
64 bytes from aaaa::212:7406:6:606: icmp_seq=131 ttl=61 time=580 ms
64 bytes from aaaa::212:7406:6:606: icmp_seq=132 ttl=61 time=701 ms
64 bytes from aaaa::212:7406:6:606: icmp_seq=133 ttl=61 time=222 ms
64 bytes from aaaa::212:7406:6:606: icmp_seq=134 ttl=61 time=202 ms
64 bytes from aaaa::212:7406:6:606: icmp_seq=135 ttl=61 time=239 ms
64 bytes from aaaa::212:7406:6:606: icmp_seq=136 ttl=61 time=186 ms
64 bytes from aaaa::212:7406:6:606: icmp_seq=137 ttl=61 time=272 ms
64 bytes from aaaa::212:7406:6:606: icmp_seq=138 ttl=61 time=191 ms
64 bytes from aaaa::212:7406:6:606: icmp_seq=139 ttl=61 time=242 ms
64 bytes from aaaa::212:7406:6:606: icmp_seq=140 ttl=61 time=156 ms
64 bytes from aaaa::212:7406:6:606: icmp_seq=141 ttl=61 time=273 ms
64 bytes from aaaa::212:7406:6:606: icmp_seq=142 ttl=61 time=268 ms
64 bytes from aaaa::212:7406:6:606: icmp_seq=143 ttl=61 time=263 ms
64 bytes from aaaa::212:7406:6:606: icmp_seq=144 ttl=61 time=326 ms
64 bytes from aaaa::212:7406:6:606: icmp_seq=145 ttl=61 time=175 ms
64 bytes from aaaa::212:7406:6:606: icmp_seq=146 ttl=61 time=190 ms
64 bytes from aaaa::212:7406:6:606: icmp_seq=147 ttl=61 time=217 ms
64 bytes from aaaa::212:7406:6:606: icmp_seq=148 ttl=61 time=164 ms
64 bytes from aaaa::212:7406:6:606: icmp_seq=149 ttl=61 time=277 ms
64 bytes from aaaa::212:7406:6:606: icmp_seq=150 ttl=61 time=167 ms
64 bytes from aaaa::212:7406:6:606: icmp_seq=151 ttl=61 time=197 ms
64 bytes from aaaa::212:7406:6:606: icmp_seq=152 ttl=61 time=388 ms
64 bytes from aaaa::212:7406:6:606: icmp_seq=153 ttl=61 time=193 ms
64 bytes from aaaa::212:7406:6:606: icmp_seq=154 ttl=61 time=274 ms
64 bytes from aaaa::212:7406:6:606: icmp_seq=155 ttl=61 time=176 ms
64 bytes from aaaa::212:7406:6:606: icmp_seq=156 ttl=61 time=285 ms
64 bytes from aaaa::212:7406:6:606: icmp_seq=157 ttl=61 time=162 ms
64 bytes from aaaa::212:7406:6:606: icmp_seq=158 ttl=61 time=171 ms
64 bytes from aaaa::212:7406:6:606: icmp_seq=159 ttl=61 time=207 ms
64 bytes from aaaa::212:7406:6:606: icmp_seq=160 ttl=61 time=246 ms
64 bytes from aaaa::212:7406:6:606: icmp_seq=161 ttl=61 time=166 ms
64 bytes from aaaa::212:7406:6:606: icmp_seq=162 ttl=61 time=166 ms
64 bytes from aaaa::212:7406:6:606: icmp_seq=163 ttl=61 time=269 ms
64 bytes from aaaa::212:7406:6:606: icmp_seq=164 ttl=61 time=184 ms
64 bytes from aaaa::212:7406:6:606: icmp_seq=165 ttl=61 time=242 ms
64 bytes from aaaa::212:7406:6:606: icmp_seq=166 ttl=61 time=238 ms
64 bytes from aaaa::212:7406:6:606: icmp_seq=167 ttl=61 time=215 ms
64 bytes from aaaa::212:7406:6:606: icmp_seq=168 ttl=61 time=186 ms
64 bytes from aaaa::212:7406:6:606: icmp_seq=169 ttl=61 time=186 ms
64 bytes from aaaa::212:7406:6:606: icmp_seq=170 ttl=61 time=459 ms
64 bytes from aaaa::212:7406:6:606: icmp_seq=171 ttl=61 time=175 ms
64 bytes from aaaa::212:7406:6:606: icmp_seq=172 ttl=61 time=305 ms
64 bytes from aaaa::212:7406:6:606: icmp_seq=173 ttl=61 time=161 ms
64 bytes from aaaa::212:7406:6:606: icmp_seq=174 ttl=61 time=332 ms
64 bytes from aaaa::212:7406:6:606: icmp_seq=175 ttl=61 time=157 ms
64 bytes from aaaa::212:7406:6:606: icmp_seq=176 ttl=61 time=225 ms
64 bytes from aaaa::212:7406:6:606: icmp_seq=177 ttl=61 time=135 ms
64 bytes from aaaa::212:7406:6:606: icmp_seq=178 ttl=61 time=206 ms
64 bytes from aaaa::212:7406:6:606: icmp_seq=179 ttl=61 time=195 ms
64 bytes from aaaa::212:7406:6:606: icmp_seq=180 ttl=61 time=154 ms
64 bytes from aaaa::212:7406:6:606: icmp_seq=181 ttl=61 time=186 ms
64 bytes from aaaa::212:7406:6:606: icmp_seq=182 ttl=61 time=159 ms
64 bytes from aaaa::212:7406:6:606: icmp_seq=183 ttl=61 time=172 ms
64 bytes from aaaa::212:7406:6:606: icmp_seq=185 ttl=61 time=231 ms
64 bytes from aaaa::212:7406:6:606: icmp_seq=186 ttl=61 time=182 ms
64 bytes from aaaa::212:7406:6:606: icmp_seq=187 ttl=61 time=163 ms
64 bytes from aaaa::212:7406:6:606: icmp_seq=188 ttl=61 time=209 ms
64 bytes from aaaa::212:7406:6:606: icmp_seq=189 ttl=61 time=191 ms
64 bytes from aaaa::212:7406:6:606: icmp_seq=190 ttl=61 time=222 ms
64 bytes from aaaa::212:7406:6:606: icmp_seq=191 ttl=61 time=192 ms
64 bytes from aaaa::212:7406:6:606: icmp_seq=192 ttl=61 time=230 ms
64 bytes from aaaa::212:7406:6:606: icmp_seq=193 ttl=61 time=208 ms
64 bytes from aaaa::212:7406:6:606: icmp_seq=194 ttl=61 time=155 ms
64 bytes from aaaa::212:7406:6:606: icmp_seq=195 ttl=61 time=212 ms
64 bytes from aaaa::212:7406:6:606: icmp_seq=196 ttl=61 time=221 ms
64 bytes from aaaa::212:7406:6:606: icmp_seq=197 ttl=61 time=152 ms
64 bytes from aaaa::212:7406:6:606: icmp_seq=198 ttl=61 time=227 ms
64 bytes from aaaa::212:7406:6:606: icmp_seq=199 ttl=61 time=179 ms
64 bytes from aaaa::212:7406:6:606: icmp_seq=200 ttl=61 time=216 ms

--- aaaa::212:7406:6:606 ping statistics ---
200 packets transmitted, 135 received, 32% packet loss, time 1004321ms
rtt min/avg/max/mdev = 135.947/395.511/3255.720/372.334 ms
