PING aaaa::212:740b:b:b0b(aaaa::212:740b:b:b0b) 56 data bytes
64 bytes from aaaa::212:740b:b:b0b: icmp_seq=1 ttl=61 time=335 ms
64 bytes from aaaa::212:740b:b:b0b: icmp_seq=3 ttl=61 time=1064 ms
64 bytes from aaaa::212:740b:b:b0b: icmp_seq=4 ttl=61 time=456 ms
64 bytes from aaaa::212:740b:b:b0b: icmp_seq=5 ttl=61 time=829 ms
64 bytes from aaaa::212:740b:b:b0b: icmp_seq=6 ttl=61 time=362 ms
64 bytes from aaaa::212:740b:b:b0b: icmp_seq=7 ttl=61 time=563 ms
64 bytes from aaaa::212:740b:b:b0b: icmp_seq=8 ttl=61 time=875 ms
64 bytes from aaaa::212:740b:b:b0b: icmp_seq=9 ttl=61 time=782 ms
64 bytes from aaaa::212:740b:b:b0b: icmp_seq=10 ttl=61 time=463 ms
64 bytes from aaaa::212:740b:b:b0b: icmp_seq=12 ttl=61 time=1478 ms
64 bytes from aaaa::212:740b:b:b0b: icmp_seq=14 ttl=61 time=510 ms
64 bytes from aaaa::212:740b:b:b0b: icmp_seq=15 ttl=61 time=402 ms
64 bytes from aaaa::212:740b:b:b0b: icmp_seq=16 ttl=61 time=315 ms
64 bytes from aaaa::212:740b:b:b0b: icmp_seq=17 ttl=61 time=554 ms
64 bytes from aaaa::212:740b:b:b0b: icmp_seq=18 ttl=61 time=346 ms
64 bytes from aaaa::212:740b:b:b0b: icmp_seq=20 ttl=61 time=360 ms
64 bytes from aaaa::212:740b:b:b0b: icmp_seq=21 ttl=61 time=598 ms
64 bytes from aaaa::212:740b:b:b0b: icmp_seq=22 ttl=61 time=1087 ms
64 bytes from aaaa::212:740b:b:b0b: icmp_seq=24 ttl=61 time=489 ms
64 bytes from aaaa::212:740b:b:b0b: icmp_seq=25 ttl=61 time=512 ms
64 bytes from aaaa::212:740b:b:b0b: icmp_seq=26 ttl=61 time=3115 ms
64 bytes from aaaa::212:740b:b:b0b: icmp_seq=29 ttl=61 time=313 ms
64 bytes from aaaa::212:740b:b:b0b: icmp_seq=32 ttl=61 time=745 ms
64 bytes from aaaa::212:740b:b:b0b: icmp_seq=38 ttl=60 time=1263 ms
64 bytes from aaaa::212:740b:b:b0b: icmp_seq=40 ttl=61 time=1477 ms
64 bytes from aaaa::212:740b:b:b0b: icmp_seq=41 ttl=61 time=1106 ms
64 bytes from aaaa::212:740b:b:b0b: icmp_seq=43 ttl=61 time=915 ms
64 bytes from aaaa::212:740b:b:b0b: icmp_seq=45 ttl=61 time=418 ms
64 bytes from aaaa::212:740b:b:b0b: icmp_seq=47 ttl=61 time=2158 ms
64 bytes from aaaa::212:740b:b:b0b: icmp_seq=50 ttl=60 time=1485 ms
64 bytes from aaaa::212:740b:b:b0b: icmp_seq=51 ttl=60 time=837 ms
64 bytes from aaaa::212:740b:b:b0b: icmp_seq=52 ttl=60 time=574 ms
64 bytes from aaaa::212:740b:b:b0b: icmp_seq=55 ttl=60 time=621 ms
64 bytes from aaaa::212:740b:b:b0b: icmp_seq=66 ttl=61 time=1076 ms
64 bytes from aaaa::212:740b:b:b0b: icmp_seq=67 ttl=61 time=245 ms
64 bytes from aaaa::212:740b:b:b0b: icmp_seq=68 ttl=61 time=306 ms
64 bytes from aaaa::212:740b:b:b0b: icmp_seq=69 ttl=61 time=1522 ms
64 bytes from aaaa::212:740b:b:b0b: icmp_seq=70 ttl=61 time=326 ms
64 bytes from aaaa::212:740b:b:b0b: icmp_seq=71 ttl=61 time=263 ms
64 bytes from aaaa::212:740b:b:b0b: icmp_seq=72 ttl=61 time=1931 ms
64 bytes from aaaa::212:740b:b:b0b: icmp_seq=73 ttl=61 time=1983 ms
64 bytes from aaaa::212:740b:b:b0b: icmp_seq=75 ttl=61 time=352 ms
64 bytes from aaaa::212:740b:b:b0b: icmp_seq=76 ttl=61 time=631 ms
64 bytes from aaaa::212:740b:b:b0b: icmp_seq=77 ttl=61 time=778 ms
64 bytes from aaaa::212:740b:b:b0b: icmp_seq=78 ttl=61 time=252 ms
64 bytes from aaaa::212:740b:b:b0b: icmp_seq=79 ttl=61 time=386 ms
64 bytes from aaaa::212:740b:b:b0b: icmp_seq=81 ttl=61 time=646 ms
64 bytes from aaaa::212:740b:b:b0b: icmp_seq=82 ttl=61 time=246 ms
64 bytes from aaaa::212:740b:b:b0b: icmp_seq=83 ttl=61 time=308 ms
64 bytes from aaaa::212:740b:b:b0b: icmp_seq=85 ttl=61 time=1405 ms
64 bytes from aaaa::212:740b:b:b0b: icmp_seq=86 ttl=61 time=979 ms
64 bytes from aaaa::212:740b:b:b0b: icmp_seq=89 ttl=61 time=361 ms
64 bytes from aaaa::212:740b:b:b0b: icmp_seq=90 ttl=61 time=477 ms
64 bytes from aaaa::212:740b:b:b0b: icmp_seq=91 ttl=61 time=423 ms
64 bytes from aaaa::212:740b:b:b0b: icmp_seq=92 ttl=61 time=999 ms
64 bytes from aaaa::212:740b:b:b0b: icmp_seq=93 ttl=61 time=786 ms
64 bytes from aaaa::212:740b:b:b0b: icmp_seq=94 ttl=61 time=258 ms
64 bytes from aaaa::212:740b:b:b0b: icmp_seq=95 ttl=61 time=338 ms
64 bytes from aaaa::212:740b:b:b0b: icmp_seq=96 ttl=61 time=978 ms
64 bytes from aaaa::212:740b:b:b0b: icmp_seq=97 ttl=61 time=619 ms
64 bytes from aaaa::212:740b:b:b0b: icmp_seq=98 ttl=61 time=255 ms
64 bytes from aaaa::212:740b:b:b0b: icmp_seq=99 ttl=61 time=235 ms
64 bytes from aaaa::212:740b:b:b0b: icmp_seq=100 ttl=61 time=626 ms
64 bytes from aaaa::212:740b:b:b0b: icmp_seq=101 ttl=61 time=386 ms
64 bytes from aaaa::212:740b:b:b0b: icmp_seq=102 ttl=61 time=272 ms
64 bytes from aaaa::212:740b:b:b0b: icmp_seq=103 ttl=61 time=736 ms
64 bytes from aaaa::212:740b:b:b0b: icmp_seq=104 ttl=61 time=479 ms
64 bytes from aaaa::212:740b:b:b0b: icmp_seq=105 ttl=61 time=589 ms
64 bytes from aaaa::212:740b:b:b0b: icmp_seq=106 ttl=61 time=509 ms
64 bytes from aaaa::212:740b:b:b0b: icmp_seq=107 ttl=61 time=442 ms
64 bytes from aaaa::212:740b:b:b0b: icmp_seq=108 ttl=61 time=288 ms
64 bytes from aaaa::212:740b:b:b0b: icmp_seq=109 ttl=61 time=552 ms
64 bytes from aaaa::212:740b:b:b0b: icmp_seq=110 ttl=61 time=1088 ms
64 bytes from aaaa::212:740b:b:b0b: icmp_seq=111 ttl=61 time=940 ms
64 bytes from aaaa::212:740b:b:b0b: icmp_seq=112 ttl=61 time=361 ms
64 bytes from aaaa::212:740b:b:b0b: icmp_seq=115 ttl=61 time=1194 ms
64 bytes from aaaa::212:740b:b:b0b: icmp_seq=118 ttl=61 time=438 ms
64 bytes from aaaa::212:740b:b:b0b: icmp_seq=119 ttl=61 time=3033 ms
64 bytes from aaaa::212:740b:b:b0b: icmp_seq=124 ttl=61 time=1550 ms
64 bytes from aaaa::212:740b:b:b0b: icmp_seq=125 ttl=61 time=1252 ms
64 bytes from aaaa::212:740b:b:b0b: icmp_seq=133 ttl=61 time=2224 ms
64 bytes from aaaa::212:740b:b:b0b: icmp_seq=136 ttl=61 time=3323 ms
64 bytes from aaaa::212:740b:b:b0b: icmp_seq=140 ttl=61 time=1526 ms
64 bytes from aaaa::212:740b:b:b0b: icmp_seq=141 ttl=61 time=1735 ms
64 bytes from aaaa::212:740b:b:b0b: icmp_seq=142 ttl=60 time=3850 ms
64 bytes from aaaa::212:740b:b:b0b: icmp_seq=145 ttl=60 time=2320 ms
64 bytes from aaaa::212:740b:b:b0b: icmp_seq=151 ttl=61 time=367 ms
64 bytes from aaaa::212:740b:b:b0b: icmp_seq=152 ttl=61 time=3284 ms
64 bytes from aaaa::212:740b:b:b0b: icmp_seq=155 ttl=61 time=252 ms
64 bytes from aaaa::212:740b:b:b0b: icmp_seq=156 ttl=61 time=955 ms
64 bytes from aaaa::212:740b:b:b0b: icmp_seq=158 ttl=61 time=2176 ms
64 bytes from aaaa::212:740b:b:b0b: icmp_seq=161 ttl=61 time=1565 ms
64 bytes from aaaa::212:740b:b:b0b: icmp_seq=162 ttl=61 time=1558 ms
64 bytes from aaaa::212:740b:b:b0b: icmp_seq=163 ttl=61 time=1008 ms
64 bytes from aaaa::212:740b:b:b0b: icmp_seq=166 ttl=60 time=1175 ms
64 bytes from aaaa::212:740b:b:b0b: icmp_seq=168 ttl=61 time=745 ms
64 bytes from aaaa::212:740b:b:b0b: icmp_seq=169 ttl=61 time=1843 ms
64 bytes from aaaa::212:740b:b:b0b: icmp_seq=173 ttl=61 time=1444 ms
64 bytes from aaaa::212:740b:b:b0b: icmp_seq=175 ttl=61 time=688 ms
64 bytes from aaaa::212:740b:b:b0b: icmp_seq=176 ttl=61 time=1004 ms
64 bytes from aaaa::212:740b:b:b0b: icmp_seq=177 ttl=61 time=379 ms
64 bytes from aaaa::212:740b:b:b0b: icmp_seq=178 ttl=61 time=719 ms
64 bytes from aaaa::212:740b:b:b0b: icmp_seq=179 ttl=61 time=523 ms
64 bytes from aaaa::212:740b:b:b0b: icmp_seq=180 ttl=61 time=1491 ms
64 bytes from aaaa::212:740b:b:b0b: icmp_seq=182 ttl=61 time=877 ms
64 bytes from aaaa::212:740b:b:b0b: icmp_seq=185 ttl=61 time=1905 ms
64 bytes from aaaa::212:740b:b:b0b: icmp_seq=192 ttl=61 time=1339 ms
64 bytes from aaaa::212:740b:b:b0b: icmp_seq=199 ttl=61 time=1114 ms
64 bytes from aaaa::212:740b:b:b0b: icmp_seq=200 ttl=61 time=1201 ms

--- aaaa::212:740b:b:b0b ping statistics ---
200 packets transmitted, 109 received, 45% packet loss, time 1008617ms
rtt min/avg/max/mdev = 235.198/955.481/3850.287/737.947 ms
