PING aaaa::212:740c:c:c0c(aaaa::212:740c:c:c0c) 56 data bytes
64 bytes from aaaa::212:740c:c:c0c: icmp_seq=5 ttl=61 time=3458 ms
64 bytes from aaaa::212:740c:c:c0c: icmp_seq=7 ttl=61 time=453 ms
64 bytes from aaaa::212:740c:c:c0c: icmp_seq=9 ttl=61 time=1096 ms
64 bytes from aaaa::212:740c:c:c0c: icmp_seq=10 ttl=61 time=1119 ms
64 bytes from aaaa::212:740c:c:c0c: icmp_seq=19 ttl=61 time=1121 ms
64 bytes from aaaa::212:740c:c:c0c: icmp_seq=25 ttl=61 time=445 ms
64 bytes from aaaa::212:740c:c:c0c: icmp_seq=26 ttl=61 time=1142 ms
64 bytes from aaaa::212:740c:c:c0c: icmp_seq=27 ttl=61 time=1592 ms
64 bytes from aaaa::212:740c:c:c0c: icmp_seq=28 ttl=61 time=323 ms
64 bytes from aaaa::212:740c:c:c0c: icmp_seq=41 ttl=61 time=2584 ms
64 bytes from aaaa::212:740c:c:c0c: icmp_seq=45 ttl=61 time=1439 ms
64 bytes from aaaa::212:740c:c:c0c: icmp_seq=47 ttl=61 time=2436 ms
64 bytes from aaaa::212:740c:c:c0c: icmp_seq=48 ttl=61 time=2141 ms
64 bytes from aaaa::212:740c:c:c0c: icmp_seq=50 ttl=61 time=1954 ms
64 bytes from aaaa::212:740c:c:c0c: icmp_seq=55 ttl=61 time=489 ms
64 bytes from aaaa::212:740c:c:c0c: icmp_seq=57 ttl=61 time=343 ms
64 bytes from aaaa::212:740c:c:c0c: icmp_seq=63 ttl=61 time=3881 ms
64 bytes from aaaa::212:740c:c:c0c: icmp_seq=64 ttl=61 time=4035 ms
64 bytes from aaaa::212:740c:c:c0c: icmp_seq=65 ttl=61 time=4042 ms
64 bytes from aaaa::212:740c:c:c0c: icmp_seq=66 ttl=61 time=1357 ms
64 bytes from aaaa::212:740c:c:c0c: icmp_seq=67 ttl=61 time=1684 ms
64 bytes from aaaa::212:740c:c:c0c: icmp_seq=69 ttl=61 time=629 ms
64 bytes from aaaa::212:740c:c:c0c: icmp_seq=71 ttl=61 time=808 ms
64 bytes from aaaa::212:740c:c:c0c: icmp_seq=73 ttl=61 time=630 ms
64 bytes from aaaa::212:740c:c:c0c: icmp_seq=92 ttl=61 time=1088 ms
64 bytes from aaaa::212:740c:c:c0c: icmp_seq=95 ttl=61 time=414 ms
64 bytes from aaaa::212:740c:c:c0c: icmp_seq=96 ttl=61 time=327 ms
64 bytes from aaaa::212:740c:c:c0c: icmp_seq=97 ttl=61 time=428 ms
64 bytes from aaaa::212:740c:c:c0c: icmp_seq=98 ttl=61 time=273 ms
64 bytes from aaaa::212:740c:c:c0c: icmp_seq=99 ttl=61 time=329 ms
64 bytes from aaaa::212:740c:c:c0c: icmp_seq=100 ttl=61 time=271 ms
64 bytes from aaaa::212:740c:c:c0c: icmp_seq=101 ttl=61 time=394 ms
64 bytes from aaaa::212:740c:c:c0c: icmp_seq=102 ttl=61 time=264 ms
64 bytes from aaaa::212:740c:c:c0c: icmp_seq=103 ttl=61 time=348 ms
64 bytes from aaaa::212:740c:c:c0c: icmp_seq=104 ttl=61 time=336 ms
64 bytes from aaaa::212:740c:c:c0c: icmp_seq=105 ttl=61 time=932 ms
64 bytes from aaaa::212:740c:c:c0c: icmp_seq=107 ttl=61 time=618 ms
64 bytes from aaaa::212:740c:c:c0c: icmp_seq=108 ttl=61 time=339 ms
64 bytes from aaaa::212:740c:c:c0c: icmp_seq=109 ttl=61 time=435 ms
64 bytes from aaaa::212:740c:c:c0c: icmp_seq=110 ttl=61 time=421 ms
64 bytes from aaaa::212:740c:c:c0c: icmp_seq=111 ttl=61 time=384 ms
64 bytes from aaaa::212:740c:c:c0c: icmp_seq=112 ttl=61 time=387 ms
64 bytes from aaaa::212:740c:c:c0c: icmp_seq=113 ttl=61 time=340 ms
64 bytes from aaaa::212:740c:c:c0c: icmp_seq=114 ttl=61 time=358 ms
64 bytes from aaaa::212:740c:c:c0c: icmp_seq=115 ttl=61 time=745 ms
64 bytes from aaaa::212:740c:c:c0c: icmp_seq=116 ttl=61 time=991 ms
64 bytes from aaaa::212:740c:c:c0c: icmp_seq=117 ttl=61 time=415 ms
64 bytes from aaaa::212:740c:c:c0c: icmp_seq=118 ttl=61 time=692 ms
64 bytes from aaaa::212:740c:c:c0c: icmp_seq=119 ttl=61 time=426 ms
64 bytes from aaaa::212:740c:c:c0c: icmp_seq=120 ttl=61 time=504 ms
64 bytes from aaaa::212:740c:c:c0c: icmp_seq=121 ttl=61 time=548 ms
64 bytes from aaaa::212:740c:c:c0c: icmp_seq=122 ttl=61 time=579 ms
64 bytes from aaaa::212:740c:c:c0c: icmp_seq=123 ttl=61 time=781 ms
64 bytes from aaaa::212:740c:c:c0c: icmp_seq=124 ttl=61 time=452 ms
64 bytes from aaaa::212:740c:c:c0c: icmp_seq=125 ttl=61 time=470 ms
64 bytes from aaaa::212:740c:c:c0c: icmp_seq=126 ttl=61 time=440 ms
64 bytes from aaaa::212:740c:c:c0c: icmp_seq=127 ttl=61 time=311 ms
64 bytes from aaaa::212:740c:c:c0c: icmp_seq=128 ttl=61 time=437 ms
64 bytes from aaaa::212:740c:c:c0c: icmp_seq=129 ttl=61 time=372 ms
64 bytes from aaaa::212:740c:c:c0c: icmp_seq=130 ttl=61 time=271 ms
64 bytes from aaaa::212:740c:c:c0c: icmp_seq=131 ttl=61 time=296 ms
64 bytes from aaaa::212:740c:c:c0c: icmp_seq=133 ttl=61 time=432 ms
64 bytes from aaaa::212:740c:c:c0c: icmp_seq=134 ttl=61 time=581 ms
64 bytes from aaaa::212:740c:c:c0c: icmp_seq=135 ttl=61 time=295 ms
64 bytes from aaaa::212:740c:c:c0c: icmp_seq=136 ttl=61 time=321 ms
64 bytes from aaaa::212:740c:c:c0c: icmp_seq=138 ttl=61 time=904 ms
64 bytes from aaaa::212:740c:c:c0c: icmp_seq=139 ttl=61 time=583 ms
64 bytes from aaaa::212:740c:c:c0c: icmp_seq=140 ttl=61 time=584 ms
64 bytes from aaaa::212:740c:c:c0c: icmp_seq=141 ttl=61 time=1710 ms
64 bytes from aaaa::212:740c:c:c0c: icmp_seq=142 ttl=61 time=348 ms
64 bytes from aaaa::212:740c:c:c0c: icmp_seq=143 ttl=61 time=461 ms
64 bytes from aaaa::212:740c:c:c0c: icmp_seq=145 ttl=61 time=416 ms
64 bytes from aaaa::212:740c:c:c0c: icmp_seq=146 ttl=61 time=535 ms
64 bytes from aaaa::212:740c:c:c0c: icmp_seq=147 ttl=61 time=592 ms
64 bytes from aaaa::212:740c:c:c0c: icmp_seq=149 ttl=61 time=603 ms
64 bytes from aaaa::212:740c:c:c0c: icmp_seq=150 ttl=61 time=326 ms
64 bytes from aaaa::212:740c:c:c0c: icmp_seq=151 ttl=61 time=671 ms
64 bytes from aaaa::212:740c:c:c0c: icmp_seq=152 ttl=61 time=793 ms
64 bytes from aaaa::212:740c:c:c0c: icmp_seq=153 ttl=61 time=1261 ms
64 bytes from aaaa::212:740c:c:c0c: icmp_seq=154 ttl=61 time=1006 ms
64 bytes from aaaa::212:740c:c:c0c: icmp_seq=156 ttl=61 time=1524 ms
64 bytes from aaaa::212:740c:c:c0c: icmp_seq=157 ttl=61 time=497 ms
64 bytes from aaaa::212:740c:c:c0c: icmp_seq=158 ttl=61 time=1805 ms
64 bytes from aaaa::212:740c:c:c0c: icmp_seq=159 ttl=61 time=590 ms
64 bytes from aaaa::212:740c:c:c0c: icmp_seq=160 ttl=61 time=766 ms
64 bytes from aaaa::212:740c:c:c0c: icmp_seq=161 ttl=61 time=670 ms
64 bytes from aaaa::212:740c:c:c0c: icmp_seq=162 ttl=61 time=802 ms
64 bytes from aaaa::212:740c:c:c0c: icmp_seq=163 ttl=61 time=725 ms
64 bytes from aaaa::212:740c:c:c0c: icmp_seq=164 ttl=61 time=414 ms
64 bytes from aaaa::212:740c:c:c0c: icmp_seq=165 ttl=61 time=1060 ms
64 bytes from aaaa::212:740c:c:c0c: icmp_seq=166 ttl=61 time=626 ms
64 bytes from aaaa::212:740c:c:c0c: icmp_seq=167 ttl=61 time=909 ms
64 bytes from aaaa::212:740c:c:c0c: icmp_seq=169 ttl=61 time=422 ms
64 bytes from aaaa::212:740c:c:c0c: icmp_seq=172 ttl=61 time=607 ms
64 bytes from aaaa::212:740c:c:c0c: icmp_seq=173 ttl=61 time=800 ms
64 bytes from aaaa::212:740c:c:c0c: icmp_seq=180 ttl=61 time=470 ms
64 bytes from aaaa::212:740c:c:c0c: icmp_seq=182 ttl=61 time=678 ms
64 bytes from aaaa::212:740c:c:c0c: icmp_seq=187 ttl=61 time=549 ms
64 bytes from aaaa::212:740c:c:c0c: icmp_seq=188 ttl=61 time=452 ms
64 bytes from aaaa::212:740c:c:c0c: icmp_seq=189 ttl=61 time=487 ms
64 bytes from aaaa::212:740c:c:c0c: icmp_seq=190 ttl=61 time=739 ms
64 bytes from aaaa::212:740c:c:c0c: icmp_seq=191 ttl=61 time=951 ms
64 bytes from aaaa::212:740c:c:c0c: icmp_seq=192 ttl=61 time=700 ms
64 bytes from aaaa::212:740c:c:c0c: icmp_seq=193 ttl=61 time=647 ms
64 bytes from aaaa::212:740c:c:c0c: icmp_seq=194 ttl=61 time=464 ms
64 bytes from aaaa::212:740c:c:c0c: icmp_seq=195 ttl=61 time=517 ms
64 bytes from aaaa::212:740c:c:c0c: icmp_seq=198 ttl=61 time=1324 ms
64 bytes from aaaa::212:740c:c:c0c: icmp_seq=199 ttl=61 time=543 ms
64 bytes from aaaa::212:740c:c:c0c: icmp_seq=200 ttl=61 time=527 ms

--- aaaa::212:740c:c:c0c ping statistics ---
200 packets transmitted, 109 received, 45% packet loss, time 1008018ms
rtt min/avg/max/mdev = 264.176/828.974/4042.432/749.659 ms
