PING aaaa::212:7411:11:1111(aaaa::212:7411:11:1111) 56 data bytes
64 bytes from aaaa::212:7411:11:1111: icmp_seq=2 ttl=59 time=809 ms
64 bytes from aaaa::212:7411:11:1111: icmp_seq=3 ttl=59 time=1551 ms
64 bytes from aaaa::212:7411:11:1111: icmp_seq=4 ttl=59 time=859 ms
64 bytes from aaaa::212:7411:11:1111: icmp_seq=12 ttl=59 time=693 ms
64 bytes from aaaa::212:7411:11:1111: icmp_seq=14 ttl=59 time=836 ms
64 bytes from aaaa::212:7411:11:1111: icmp_seq=24 ttl=59 time=1380 ms
64 bytes from aaaa::212:7411:11:1111: icmp_seq=31 ttl=59 time=933 ms
64 bytes from aaaa::212:7411:11:1111: icmp_seq=33 ttl=59 time=1011 ms
64 bytes from aaaa::212:7411:11:1111: icmp_seq=35 ttl=59 time=525 ms
64 bytes from aaaa::212:7411:11:1111: icmp_seq=38 ttl=59 time=875 ms
64 bytes from aaaa::212:7411:11:1111: icmp_seq=39 ttl=59 time=1292 ms
64 bytes from aaaa::212:7411:11:1111: icmp_seq=40 ttl=59 time=882 ms
64 bytes from aaaa::212:7411:11:1111: icmp_seq=41 ttl=59 time=2023 ms
64 bytes from aaaa::212:7411:11:1111: icmp_seq=42 ttl=59 time=703 ms
64 bytes from aaaa::212:7411:11:1111: icmp_seq=44 ttl=59 time=1021 ms
64 bytes from aaaa::212:7411:11:1111: icmp_seq=46 ttl=59 time=1128 ms
64 bytes from aaaa::212:7411:11:1111: icmp_seq=47 ttl=59 time=1649 ms
64 bytes from aaaa::212:7411:11:1111: icmp_seq=48 ttl=59 time=850 ms
64 bytes from aaaa::212:7411:11:1111: icmp_seq=57 ttl=59 time=1065 ms
64 bytes from aaaa::212:7411:11:1111: icmp_seq=58 ttl=59 time=1003 ms
64 bytes from aaaa::212:7411:11:1111: icmp_seq=59 ttl=59 time=1150 ms
64 bytes from aaaa::212:7411:11:1111: icmp_seq=60 ttl=59 time=1261 ms
64 bytes from aaaa::212:7411:11:1111: icmp_seq=62 ttl=59 time=800 ms
64 bytes from aaaa::212:7411:11:1111: icmp_seq=63 ttl=59 time=1123 ms
64 bytes from aaaa::212:7411:11:1111: icmp_seq=64 ttl=59 time=1109 ms
64 bytes from aaaa::212:7411:11:1111: icmp_seq=65 ttl=59 time=1739 ms
64 bytes from aaaa::212:7411:11:1111: icmp_seq=66 ttl=59 time=777 ms
64 bytes from aaaa::212:7411:11:1111: icmp_seq=67 ttl=59 time=1431 ms
64 bytes from aaaa::212:7411:11:1111: icmp_seq=69 ttl=59 time=1201 ms
64 bytes from aaaa::212:7411:11:1111: icmp_seq=70 ttl=59 time=1218 ms
64 bytes from aaaa::212:7411:11:1111: icmp_seq=72 ttl=59 time=1447 ms
64 bytes from aaaa::212:7411:11:1111: icmp_seq=73 ttl=59 time=891 ms
64 bytes from aaaa::212:7411:11:1111: icmp_seq=74 ttl=59 time=1335 ms
64 bytes from aaaa::212:7411:11:1111: icmp_seq=75 ttl=59 time=973 ms
64 bytes from aaaa::212:7411:11:1111: icmp_seq=76 ttl=59 time=936 ms
64 bytes from aaaa::212:7411:11:1111: icmp_seq=78 ttl=59 time=1415 ms
64 bytes from aaaa::212:7411:11:1111: icmp_seq=81 ttl=59 time=787 ms
64 bytes from aaaa::212:7411:11:1111: icmp_seq=86 ttl=59 time=721 ms
64 bytes from aaaa::212:7411:11:1111: icmp_seq=90 ttl=59 time=933 ms
64 bytes from aaaa::212:7411:11:1111: icmp_seq=91 ttl=59 time=1611 ms
64 bytes from aaaa::212:7411:11:1111: icmp_seq=92 ttl=59 time=780 ms
64 bytes from aaaa::212:7411:11:1111: icmp_seq=93 ttl=59 time=1114 ms
64 bytes from aaaa::212:7411:11:1111: icmp_seq=94 ttl=59 time=462 ms
64 bytes from aaaa::212:7411:11:1111: icmp_seq=95 ttl=59 time=814 ms
64 bytes from aaaa::212:7411:11:1111: icmp_seq=97 ttl=59 time=428 ms
64 bytes from aaaa::212:7411:11:1111: icmp_seq=98 ttl=59 time=443 ms
64 bytes from aaaa::212:7411:11:1111: icmp_seq=99 ttl=59 time=1203 ms
64 bytes from aaaa::212:7411:11:1111: icmp_seq=101 ttl=59 time=593 ms
64 bytes from aaaa::212:7411:11:1111: icmp_seq=102 ttl=59 time=859 ms
64 bytes from aaaa::212:7411:11:1111: icmp_seq=103 ttl=59 time=464 ms
64 bytes from aaaa::212:7411:11:1111: icmp_seq=104 ttl=59 time=485 ms
64 bytes from aaaa::212:7411:11:1111: icmp_seq=105 ttl=59 time=567 ms
64 bytes from aaaa::212:7411:11:1111: icmp_seq=106 ttl=59 time=418 ms
64 bytes from aaaa::212:7411:11:1111: icmp_seq=107 ttl=59 time=461 ms
64 bytes from aaaa::212:7411:11:1111: icmp_seq=108 ttl=59 time=370 ms
64 bytes from aaaa::212:7411:11:1111: icmp_seq=109 ttl=59 time=392 ms
64 bytes from aaaa::212:7411:11:1111: icmp_seq=110 ttl=59 time=440 ms
64 bytes from aaaa::212:7411:11:1111: icmp_seq=111 ttl=59 time=439 ms
64 bytes from aaaa::212:7411:11:1111: icmp_seq=112 ttl=59 time=419 ms
64 bytes from aaaa::212:7411:11:1111: icmp_seq=113 ttl=59 time=810 ms
64 bytes from aaaa::212:7411:11:1111: icmp_seq=114 ttl=59 time=419 ms
64 bytes from aaaa::212:7411:11:1111: icmp_seq=115 ttl=59 time=379 ms
64 bytes from aaaa::212:7411:11:1111: icmp_seq=116 ttl=59 time=535 ms
64 bytes from aaaa::212:7411:11:1111: icmp_seq=117 ttl=59 time=599 ms
64 bytes from aaaa::212:7411:11:1111: icmp_seq=118 ttl=59 time=439 ms
64 bytes from aaaa::212:7411:11:1111: icmp_seq=119 ttl=59 time=1112 ms
64 bytes from aaaa::212:7411:11:1111: icmp_seq=120 ttl=59 time=1058 ms
64 bytes from aaaa::212:7411:11:1111: icmp_seq=128 ttl=59 time=844 ms
64 bytes from aaaa::212:7411:11:1111: icmp_seq=130 ttl=59 time=731 ms
64 bytes from aaaa::212:7411:11:1111: icmp_seq=132 ttl=59 time=533 ms
64 bytes from aaaa::212:7411:11:1111: icmp_seq=133 ttl=59 time=712 ms
64 bytes from aaaa::212:7411:11:1111: icmp_seq=135 ttl=59 time=1352 ms
64 bytes from aaaa::212:7411:11:1111: icmp_seq=136 ttl=59 time=843 ms
64 bytes from aaaa::212:7411:11:1111: icmp_seq=137 ttl=59 time=1094 ms
64 bytes from aaaa::212:7411:11:1111: icmp_seq=138 ttl=59 time=1033 ms
64 bytes from aaaa::212:7411:11:1111: icmp_seq=141 ttl=59 time=672 ms
64 bytes from aaaa::212:7411:11:1111: icmp_seq=143 ttl=59 time=1245 ms
64 bytes from aaaa::212:7411:11:1111: icmp_seq=145 ttl=59 time=1082 ms
64 bytes from aaaa::212:7411:11:1111: icmp_seq=146 ttl=59 time=775 ms
64 bytes from aaaa::212:7411:11:1111: icmp_seq=147 ttl=59 time=1254 ms
64 bytes from aaaa::212:7411:11:1111: icmp_seq=148 ttl=59 time=2215 ms
64 bytes from aaaa::212:7411:11:1111: icmp_seq=149 ttl=59 time=1253 ms
64 bytes from aaaa::212:7411:11:1111: icmp_seq=150 ttl=59 time=1040 ms
64 bytes from aaaa::212:7411:11:1111: icmp_seq=151 ttl=59 time=691 ms
64 bytes from aaaa::212:7411:11:1111: icmp_seq=153 ttl=59 time=907 ms
64 bytes from aaaa::212:7411:11:1111: icmp_seq=154 ttl=59 time=625 ms
64 bytes from aaaa::212:7411:11:1111: icmp_seq=155 ttl=59 time=554 ms
64 bytes from aaaa::212:7411:11:1111: icmp_seq=156 ttl=59 time=655 ms
64 bytes from aaaa::212:7411:11:1111: icmp_seq=157 ttl=59 time=626 ms
64 bytes from aaaa::212:7411:11:1111: icmp_seq=158 ttl=59 time=619 ms
64 bytes from aaaa::212:7411:11:1111: icmp_seq=159 ttl=59 time=1203 ms
64 bytes from aaaa::212:7411:11:1111: icmp_seq=160 ttl=59 time=715 ms
64 bytes from aaaa::212:7411:11:1111: icmp_seq=161 ttl=59 time=840 ms
64 bytes from aaaa::212:7411:11:1111: icmp_seq=162 ttl=59 time=701 ms
64 bytes from aaaa::212:7411:11:1111: icmp_seq=164 ttl=59 time=2371 ms
64 bytes from aaaa::212:7411:11:1111: icmp_seq=165 ttl=59 time=824 ms
64 bytes from aaaa::212:7411:11:1111: icmp_seq=166 ttl=59 time=1906 ms
64 bytes from aaaa::212:7411:11:1111: icmp_seq=167 ttl=59 time=784 ms
64 bytes from aaaa::212:7411:11:1111: icmp_seq=168 ttl=59 time=935 ms
64 bytes from aaaa::212:7411:11:1111: icmp_seq=169 ttl=59 time=808 ms
64 bytes from aaaa::212:7411:11:1111: icmp_seq=170 ttl=59 time=2854 ms
64 bytes from aaaa::212:7411:11:1111: icmp_seq=171 ttl=59 time=931 ms
64 bytes from aaaa::212:7411:11:1111: icmp_seq=172 ttl=59 time=431 ms
64 bytes from aaaa::212:7411:11:1111: icmp_seq=173 ttl=59 time=802 ms
64 bytes from aaaa::212:7411:11:1111: icmp_seq=174 ttl=59 time=962 ms
64 bytes from aaaa::212:7411:11:1111: icmp_seq=175 ttl=59 time=474 ms
64 bytes from aaaa::212:7411:11:1111: icmp_seq=176 ttl=59 time=2069 ms
64 bytes from aaaa::212:7411:11:1111: icmp_seq=177 ttl=59 time=954 ms
64 bytes from aaaa::212:7411:11:1111: icmp_seq=178 ttl=59 time=747 ms
64 bytes from aaaa::212:7411:11:1111: icmp_seq=179 ttl=59 time=770 ms
64 bytes from aaaa::212:7411:11:1111: icmp_seq=183 ttl=59 time=566 ms
64 bytes from aaaa::212:7411:11:1111: icmp_seq=187 ttl=59 time=928 ms
64 bytes from aaaa::212:7411:11:1111: icmp_seq=188 ttl=59 time=1120 ms
64 bytes from aaaa::212:7411:11:1111: icmp_seq=200 ttl=59 time=1006 ms

--- aaaa::212:7411:11:1111 ping statistics ---
200 packets transmitted, 114 received, 43% packet loss, time 1007399ms
rtt min/avg/max/mdev = 370.446/943.538/2854.887/438.258 ms
