PING aaaa::212:7406:6:606(aaaa::212:7406:6:606) 56 data bytes
64 bytes from aaaa::212:7406:6:606: icmp_seq=1 ttl=61 time=353 ms
64 bytes from aaaa::212:7406:6:606: icmp_seq=3 ttl=61 time=677 ms
64 bytes from aaaa::212:7406:6:606: icmp_seq=4 ttl=61 time=1314 ms
64 bytes from aaaa::212:7406:6:606: icmp_seq=5 ttl=61 time=777 ms
64 bytes from aaaa::212:7406:6:606: icmp_seq=6 ttl=61 time=632 ms
64 bytes from aaaa::212:7406:6:606: icmp_seq=7 ttl=61 time=456 ms
64 bytes from aaaa::212:7406:6:606: icmp_seq=8 ttl=61 time=380 ms
64 bytes from aaaa::212:7406:6:606: icmp_seq=9 ttl=61 time=1453 ms
64 bytes from aaaa::212:7406:6:606: icmp_seq=10 ttl=61 time=947 ms
64 bytes from aaaa::212:7406:6:606: icmp_seq=11 ttl=61 time=549 ms
64 bytes from aaaa::212:7406:6:606: icmp_seq=12 ttl=61 time=539 ms
64 bytes from aaaa::212:7406:6:606: icmp_seq=13 ttl=61 time=267 ms
64 bytes from aaaa::212:7406:6:606: icmp_seq=15 ttl=61 time=324 ms
64 bytes from aaaa::212:7406:6:606: icmp_seq=16 ttl=61 time=566 ms
64 bytes from aaaa::212:7406:6:606: icmp_seq=17 ttl=61 time=482 ms
64 bytes from aaaa::212:7406:6:606: icmp_seq=18 ttl=61 time=558 ms
64 bytes from aaaa::212:7406:6:606: icmp_seq=19 ttl=61 time=608 ms
64 bytes from aaaa::212:7406:6:606: icmp_seq=21 ttl=61 time=346 ms
64 bytes from aaaa::212:7406:6:606: icmp_seq=23 ttl=61 time=242 ms
64 bytes from aaaa::212:7406:6:606: icmp_seq=24 ttl=61 time=305 ms
64 bytes from aaaa::212:7406:6:606: icmp_seq=25 ttl=61 time=258 ms
64 bytes from aaaa::212:7406:6:606: icmp_seq=26 ttl=61 time=487 ms
64 bytes from aaaa::212:7406:6:606: icmp_seq=27 ttl=61 time=573 ms
64 bytes from aaaa::212:7406:6:606: icmp_seq=28 ttl=61 time=314 ms
64 bytes from aaaa::212:7406:6:606: icmp_seq=29 ttl=61 time=338 ms
64 bytes from aaaa::212:7406:6:606: icmp_seq=30 ttl=61 time=380 ms
64 bytes from aaaa::212:7406:6:606: icmp_seq=31 ttl=61 time=255 ms
64 bytes from aaaa::212:7406:6:606: icmp_seq=32 ttl=61 time=563 ms
64 bytes from aaaa::212:7406:6:606: icmp_seq=33 ttl=61 time=801 ms
64 bytes from aaaa::212:7406:6:606: icmp_seq=35 ttl=61 time=623 ms
64 bytes from aaaa::212:7406:6:606: icmp_seq=36 ttl=61 time=291 ms
64 bytes from aaaa::212:7406:6:606: icmp_seq=37 ttl=61 time=881 ms
64 bytes from aaaa::212:7406:6:606: icmp_seq=39 ttl=61 time=261 ms
64 bytes from aaaa::212:7406:6:606: icmp_seq=40 ttl=61 time=262 ms
64 bytes from aaaa::212:7406:6:606: icmp_seq=41 ttl=61 time=353 ms
64 bytes from aaaa::212:7406:6:606: icmp_seq=42 ttl=61 time=1425 ms
64 bytes from aaaa::212:7406:6:606: icmp_seq=43 ttl=61 time=434 ms
64 bytes from aaaa::212:7406:6:606: icmp_seq=44 ttl=61 time=356 ms
64 bytes from aaaa::212:7406:6:606: icmp_seq=45 ttl=61 time=386 ms
64 bytes from aaaa::212:7406:6:606: icmp_seq=46 ttl=61 time=359 ms
64 bytes from aaaa::212:7406:6:606: icmp_seq=47 ttl=61 time=255 ms
64 bytes from aaaa::212:7406:6:606: icmp_seq=48 ttl=61 time=507 ms
64 bytes from aaaa::212:7406:6:606: icmp_seq=49 ttl=61 time=262 ms
64 bytes from aaaa::212:7406:6:606: icmp_seq=50 ttl=61 time=248 ms
64 bytes from aaaa::212:7406:6:606: icmp_seq=51 ttl=61 time=253 ms
64 bytes from aaaa::212:7406:6:606: icmp_seq=52 ttl=61 time=888 ms
64 bytes from aaaa::212:7406:6:606: icmp_seq=53 ttl=61 time=440 ms
64 bytes from aaaa::212:7406:6:606: icmp_seq=54 ttl=61 time=1330 ms
64 bytes from aaaa::212:7406:6:606: icmp_seq=55 ttl=61 time=270 ms
64 bytes from aaaa::212:7406:6:606: icmp_seq=57 ttl=61 time=392 ms
64 bytes from aaaa::212:7406:6:606: icmp_seq=58 ttl=61 time=999 ms
64 bytes from aaaa::212:7406:6:606: icmp_seq=59 ttl=61 time=706 ms
64 bytes from aaaa::212:7406:6:606: icmp_seq=60 ttl=61 time=403 ms
64 bytes from aaaa::212:7406:6:606: icmp_seq=61 ttl=61 time=306 ms
64 bytes from aaaa::212:7406:6:606: icmp_seq=62 ttl=61 time=320 ms
64 bytes from aaaa::212:7406:6:606: icmp_seq=63 ttl=61 time=315 ms
64 bytes from aaaa::212:7406:6:606: icmp_seq=65 ttl=61 time=1693 ms
64 bytes from aaaa::212:7406:6:606: icmp_seq=66 ttl=61 time=1285 ms
64 bytes from aaaa::212:7406:6:606: icmp_seq=67 ttl=61 time=445 ms
64 bytes from aaaa::212:7406:6:606: icmp_seq=68 ttl=61 time=850 ms
64 bytes from aaaa::212:7406:6:606: icmp_seq=69 ttl=61 time=507 ms
64 bytes from aaaa::212:7406:6:606: icmp_seq=70 ttl=61 time=395 ms
64 bytes from aaaa::212:7406:6:606: icmp_seq=71 ttl=61 time=481 ms
64 bytes from aaaa::212:7406:6:606: icmp_seq=72 ttl=61 time=1788 ms
64 bytes from aaaa::212:7406:6:606: icmp_seq=73 ttl=61 time=1057 ms
64 bytes from aaaa::212:7406:6:606: icmp_seq=74 ttl=61 time=516 ms
64 bytes from aaaa::212:7406:6:606: icmp_seq=75 ttl=61 time=697 ms
64 bytes from aaaa::212:7406:6:606: icmp_seq=76 ttl=61 time=1262 ms
64 bytes from aaaa::212:7406:6:606: icmp_seq=77 ttl=61 time=673 ms
64 bytes from aaaa::212:7406:6:606: icmp_seq=80 ttl=61 time=720 ms
64 bytes from aaaa::212:7406:6:606: icmp_seq=81 ttl=61 time=1271 ms
64 bytes from aaaa::212:7406:6:606: icmp_seq=82 ttl=61 time=400 ms
64 bytes from aaaa::212:7406:6:606: icmp_seq=83 ttl=61 time=747 ms
64 bytes from aaaa::212:7406:6:606: icmp_seq=84 ttl=61 time=1005 ms
64 bytes from aaaa::212:7406:6:606: icmp_seq=85 ttl=61 time=780 ms
64 bytes from aaaa::212:7406:6:606: icmp_seq=86 ttl=61 time=330 ms
64 bytes from aaaa::212:7406:6:606: icmp_seq=87 ttl=61 time=597 ms
64 bytes from aaaa::212:7406:6:606: icmp_seq=88 ttl=61 time=437 ms
64 bytes from aaaa::212:7406:6:606: icmp_seq=89 ttl=61 time=585 ms
64 bytes from aaaa::212:7406:6:606: icmp_seq=90 ttl=61 time=727 ms
64 bytes from aaaa::212:7406:6:606: icmp_seq=91 ttl=61 time=1124 ms
64 bytes from aaaa::212:7406:6:606: icmp_seq=92 ttl=61 time=895 ms
64 bytes from aaaa::212:7406:6:606: icmp_seq=93 ttl=61 time=826 ms
64 bytes from aaaa::212:7406:6:606: icmp_seq=94 ttl=61 time=568 ms
64 bytes from aaaa::212:7406:6:606: icmp_seq=95 ttl=61 time=686 ms
64 bytes from aaaa::212:7406:6:606: icmp_seq=96 ttl=61 time=663 ms
64 bytes from aaaa::212:7406:6:606: icmp_seq=97 ttl=61 time=689 ms
64 bytes from aaaa::212:7406:6:606: icmp_seq=98 ttl=61 time=685 ms
64 bytes from aaaa::212:7406:6:606: icmp_seq=99 ttl=61 time=643 ms
64 bytes from aaaa::212:7406:6:606: icmp_seq=101 ttl=61 time=646 ms
64 bytes from aaaa::212:7406:6:606: icmp_seq=102 ttl=61 time=1442 ms
64 bytes from aaaa::212:7406:6:606: icmp_seq=103 ttl=61 time=443 ms
64 bytes from aaaa::212:7406:6:606: icmp_seq=104 ttl=61 time=529 ms
64 bytes from aaaa::212:7406:6:606: icmp_seq=105 ttl=61 time=488 ms
64 bytes from aaaa::212:7406:6:606: icmp_seq=106 ttl=61 time=271 ms
64 bytes from aaaa::212:7406:6:606: icmp_seq=107 ttl=61 time=811 ms
64 bytes from aaaa::212:7406:6:606: icmp_seq=108 ttl=61 time=1023 ms
64 bytes from aaaa::212:7406:6:606: icmp_seq=109 ttl=61 time=717 ms
64 bytes from aaaa::212:7406:6:606: icmp_seq=110 ttl=61 time=573 ms
64 bytes from aaaa::212:7406:6:606: icmp_seq=111 ttl=61 time=382 ms
64 bytes from aaaa::212:7406:6:606: icmp_seq=112 ttl=61 time=368 ms
64 bytes from aaaa::212:7406:6:606: icmp_seq=113 ttl=61 time=522 ms
64 bytes from aaaa::212:7406:6:606: icmp_seq=114 ttl=61 time=954 ms
64 bytes from aaaa::212:7406:6:606: icmp_seq=115 ttl=61 time=309 ms
64 bytes from aaaa::212:7406:6:606: icmp_seq=116 ttl=61 time=615 ms
64 bytes from aaaa::212:7406:6:606: icmp_seq=117 ttl=61 time=581 ms
64 bytes from aaaa::212:7406:6:606: icmp_seq=118 ttl=61 time=487 ms
64 bytes from aaaa::212:7406:6:606: icmp_seq=119 ttl=61 time=550 ms
64 bytes from aaaa::212:7406:6:606: icmp_seq=120 ttl=61 time=376 ms
64 bytes from aaaa::212:7406:6:606: icmp_seq=121 ttl=61 time=345 ms
64 bytes from aaaa::212:7406:6:606: icmp_seq=122 ttl=61 time=757 ms
64 bytes from aaaa::212:7406:6:606: icmp_seq=123 ttl=61 time=374 ms
64 bytes from aaaa::212:7406:6:606: icmp_seq=124 ttl=61 time=318 ms
64 bytes from aaaa::212:7406:6:606: icmp_seq=125 ttl=61 time=590 ms
64 bytes from aaaa::212:7406:6:606: icmp_seq=126 ttl=61 time=343 ms
64 bytes from aaaa::212:7406:6:606: icmp_seq=127 ttl=61 time=304 ms
64 bytes from aaaa::212:7406:6:606: icmp_seq=128 ttl=61 time=330 ms
64 bytes from aaaa::212:7406:6:606: icmp_seq=129 ttl=61 time=645 ms
64 bytes from aaaa::212:7406:6:606: icmp_seq=130 ttl=61 time=726 ms
64 bytes from aaaa::212:7406:6:606: icmp_seq=131 ttl=61 time=443 ms
64 bytes from aaaa::212:7406:6:606: icmp_seq=132 ttl=61 time=376 ms
64 bytes from aaaa::212:7406:6:606: icmp_seq=133 ttl=61 time=585 ms
64 bytes from aaaa::212:7406:6:606: icmp_seq=134 ttl=61 time=892 ms
64 bytes from aaaa::212:7406:6:606: icmp_seq=135 ttl=61 time=1106 ms
64 bytes from aaaa::212:7406:6:606: icmp_seq=137 ttl=61 time=446 ms
64 bytes from aaaa::212:7406:6:606: icmp_seq=138 ttl=61 time=1595 ms
64 bytes from aaaa::212:7406:6:606: icmp_seq=139 ttl=61 time=447 ms
64 bytes from aaaa::212:7406:6:606: icmp_seq=140 ttl=61 time=494 ms
64 bytes from aaaa::212:7406:6:606: icmp_seq=141 ttl=61 time=461 ms
64 bytes from aaaa::212:7406:6:606: icmp_seq=142 ttl=61 time=393 ms
64 bytes from aaaa::212:7406:6:606: icmp_seq=143 ttl=61 time=931 ms
64 bytes from aaaa::212:7406:6:606: icmp_seq=144 ttl=61 time=406 ms
64 bytes from aaaa::212:7406:6:606: icmp_seq=145 ttl=61 time=941 ms
64 bytes from aaaa::212:7406:6:606: icmp_seq=146 ttl=61 time=1101 ms
64 bytes from aaaa::212:7406:6:606: icmp_seq=147 ttl=61 time=520 ms
64 bytes from aaaa::212:7406:6:606: icmp_seq=148 ttl=61 time=412 ms
64 bytes from aaaa::212:7406:6:606: icmp_seq=149 ttl=61 time=441 ms
64 bytes from aaaa::212:7406:6:606: icmp_seq=150 ttl=61 time=442 ms
64 bytes from aaaa::212:7406:6:606: icmp_seq=151 ttl=61 time=703 ms
64 bytes from aaaa::212:7406:6:606: icmp_seq=152 ttl=61 time=587 ms
64 bytes from aaaa::212:7406:6:606: icmp_seq=153 ttl=61 time=442 ms
64 bytes from aaaa::212:7406:6:606: icmp_seq=154 ttl=61 time=353 ms
64 bytes from aaaa::212:7406:6:606: icmp_seq=155 ttl=61 time=438 ms
64 bytes from aaaa::212:7406:6:606: icmp_seq=156 ttl=61 time=366 ms
64 bytes from aaaa::212:7406:6:606: icmp_seq=158 ttl=61 time=649 ms
64 bytes from aaaa::212:7406:6:606: icmp_seq=159 ttl=61 time=584 ms
64 bytes from aaaa::212:7406:6:606: icmp_seq=160 ttl=61 time=419 ms
64 bytes from aaaa::212:7406:6:606: icmp_seq=161 ttl=61 time=755 ms
64 bytes from aaaa::212:7406:6:606: icmp_seq=162 ttl=61 time=308 ms
64 bytes from aaaa::212:7406:6:606: icmp_seq=163 ttl=61 time=1428 ms
64 bytes from aaaa::212:7406:6:606: icmp_seq=164 ttl=61 time=718 ms
64 bytes from aaaa::212:7406:6:606: icmp_seq=167 ttl=61 time=457 ms
64 bytes from aaaa::212:7406:6:606: icmp_seq=168 ttl=61 time=311 ms
64 bytes from aaaa::212:7406:6:606: icmp_seq=169 ttl=61 time=875 ms
64 bytes from aaaa::212:7406:6:606: icmp_seq=170 ttl=61 time=463 ms
64 bytes from aaaa::212:7406:6:606: icmp_seq=171 ttl=61 time=853 ms
64 bytes from aaaa::212:7406:6:606: icmp_seq=172 ttl=61 time=399 ms
64 bytes from aaaa::212:7406:6:606: icmp_seq=173 ttl=61 time=1083 ms
64 bytes from aaaa::212:7406:6:606: icmp_seq=174 ttl=61 time=440 ms
64 bytes from aaaa::212:7406:6:606: icmp_seq=175 ttl=61 time=346 ms
64 bytes from aaaa::212:7406:6:606: icmp_seq=176 ttl=61 time=537 ms
64 bytes from aaaa::212:7406:6:606: icmp_seq=177 ttl=61 time=740 ms
64 bytes from aaaa::212:7406:6:606: icmp_seq=179 ttl=61 time=1117 ms
64 bytes from aaaa::212:7406:6:606: icmp_seq=180 ttl=61 time=1095 ms
64 bytes from aaaa::212:7406:6:606: icmp_seq=181 ttl=61 time=672 ms
64 bytes from aaaa::212:7406:6:606: icmp_seq=182 ttl=61 time=603 ms
64 bytes from aaaa::212:7406:6:606: icmp_seq=183 ttl=61 time=701 ms
64 bytes from aaaa::212:7406:6:606: icmp_seq=184 ttl=61 time=437 ms
64 bytes from aaaa::212:7406:6:606: icmp_seq=185 ttl=61 time=340 ms
64 bytes from aaaa::212:7406:6:606: icmp_seq=186 ttl=61 time=962 ms
64 bytes from aaaa::212:7406:6:606: icmp_seq=187 ttl=61 time=499 ms
64 bytes from aaaa::212:7406:6:606: icmp_seq=188 ttl=61 time=320 ms
64 bytes from aaaa::212:7406:6:606: icmp_seq=189 ttl=61 time=511 ms
64 bytes from aaaa::212:7406:6:606: icmp_seq=190 ttl=61 time=430 ms
64 bytes from aaaa::212:7406:6:606: icmp_seq=191 ttl=61 time=469 ms
64 bytes from aaaa::212:7406:6:606: icmp_seq=193 ttl=61 time=381 ms
64 bytes from aaaa::212:7406:6:606: icmp_seq=194 ttl=61 time=886 ms
64 bytes from aaaa::212:7406:6:606: icmp_seq=195 ttl=61 time=359 ms
64 bytes from aaaa::212:7406:6:606: icmp_seq=196 ttl=61 time=778 ms
64 bytes from aaaa::212:7406:6:606: icmp_seq=197 ttl=61 time=363 ms
64 bytes from aaaa::212:7406:6:606: icmp_seq=199 ttl=61 time=638 ms
64 bytes from aaaa::212:7406:6:606: icmp_seq=200 ttl=61 time=590 ms

--- aaaa::212:7406:6:606 ping statistics ---
200 packets transmitted, 182 received, 9% packet loss, time 998265ms
rtt min/avg/max/mdev = 242.660/610.140/1788.347/311.493 ms
