PING aaaa::212:7410:10:1010(aaaa::212:7410:10:1010) 56 data bytes
64 bytes from aaaa::212:7410:10:1010: icmp_seq=18 ttl=60 time=348 ms
64 bytes from aaaa::212:7410:10:1010: icmp_seq=19 ttl=60 time=352 ms
64 bytes from aaaa::212:7410:10:1010: icmp_seq=22 ttl=60 time=532 ms
64 bytes from aaaa::212:7410:10:1010: icmp_seq=25 ttl=59 time=576 ms
64 bytes from aaaa::212:7410:10:1010: icmp_seq=26 ttl=60 time=1576 ms
64 bytes from aaaa::212:7410:10:1010: icmp_seq=27 ttl=59 time=647 ms
64 bytes from aaaa::212:7410:10:1010: icmp_seq=28 ttl=59 time=548 ms
64 bytes from aaaa::212:7410:10:1010: icmp_seq=30 ttl=60 time=1398 ms
64 bytes from aaaa::212:7410:10:1010: icmp_seq=33 ttl=60 time=429 ms
64 bytes from aaaa::212:7410:10:1010: icmp_seq=39 ttl=60 time=403 ms
64 bytes from aaaa::212:7410:10:1010: icmp_seq=40 ttl=60 time=687 ms
64 bytes from aaaa::212:7410:10:1010: icmp_seq=42 ttl=59 time=2067 ms
64 bytes from aaaa::212:7410:10:1010: icmp_seq=45 ttl=60 time=936 ms
64 bytes from aaaa::212:7410:10:1010: icmp_seq=46 ttl=60 time=282 ms
64 bytes from aaaa::212:7410:10:1010: icmp_seq=48 ttl=60 time=461 ms
64 bytes from aaaa::212:7410:10:1010: icmp_seq=52 ttl=60 time=313 ms
64 bytes from aaaa::212:7410:10:1010: icmp_seq=53 ttl=60 time=1389 ms
64 bytes from aaaa::212:7410:10:1010: icmp_seq=54 ttl=60 time=823 ms
64 bytes from aaaa::212:7410:10:1010: icmp_seq=55 ttl=59 time=836 ms
64 bytes from aaaa::212:7410:10:1010: icmp_seq=57 ttl=59 time=595 ms
64 bytes from aaaa::212:7410:10:1010: icmp_seq=58 ttl=59 time=428 ms
64 bytes from aaaa::212:7410:10:1010: icmp_seq=60 ttl=59 time=349 ms
64 bytes from aaaa::212:7410:10:1010: icmp_seq=61 ttl=59 time=290 ms
64 bytes from aaaa::212:7410:10:1010: icmp_seq=62 ttl=60 time=1968 ms
64 bytes from aaaa::212:7410:10:1010: icmp_seq=63 ttl=60 time=650 ms
64 bytes from aaaa::212:7410:10:1010: icmp_seq=64 ttl=60 time=649 ms
64 bytes from aaaa::212:7410:10:1010: icmp_seq=65 ttl=60 time=598 ms
64 bytes from aaaa::212:7410:10:1010: icmp_seq=66 ttl=60 time=1424 ms
64 bytes from aaaa::212:7410:10:1010: icmp_seq=67 ttl=60 time=525 ms
64 bytes from aaaa::212:7410:10:1010: icmp_seq=68 ttl=60 time=404 ms
64 bytes from aaaa::212:7410:10:1010: icmp_seq=69 ttl=60 time=535 ms
64 bytes from aaaa::212:7410:10:1010: icmp_seq=70 ttl=60 time=324 ms
64 bytes from aaaa::212:7410:10:1010: icmp_seq=72 ttl=60 time=787 ms
64 bytes from aaaa::212:7410:10:1010: icmp_seq=73 ttl=60 time=571 ms
64 bytes from aaaa::212:7410:10:1010: icmp_seq=74 ttl=60 time=766 ms
64 bytes from aaaa::212:7410:10:1010: icmp_seq=76 ttl=60 time=339 ms
64 bytes from aaaa::212:7410:10:1010: icmp_seq=77 ttl=60 time=859 ms
64 bytes from aaaa::212:7410:10:1010: icmp_seq=78 ttl=60 time=1989 ms
64 bytes from aaaa::212:7410:10:1010: icmp_seq=82 ttl=60 time=518 ms
64 bytes from aaaa::212:7410:10:1010: icmp_seq=88 ttl=60 time=1541 ms
64 bytes from aaaa::212:7410:10:1010: icmp_seq=92 ttl=59 time=478 ms
64 bytes from aaaa::212:7410:10:1010: icmp_seq=93 ttl=59 time=738 ms
64 bytes from aaaa::212:7410:10:1010: icmp_seq=97 ttl=60 time=1057 ms
64 bytes from aaaa::212:7410:10:1010: icmp_seq=98 ttl=60 time=475 ms
64 bytes from aaaa::212:7410:10:1010: icmp_seq=99 ttl=60 time=642 ms
64 bytes from aaaa::212:7410:10:1010: icmp_seq=100 ttl=60 time=276 ms
64 bytes from aaaa::212:7410:10:1010: icmp_seq=105 ttl=60 time=440 ms
64 bytes from aaaa::212:7410:10:1010: icmp_seq=106 ttl=60 time=804 ms
64 bytes from aaaa::212:7410:10:1010: icmp_seq=107 ttl=60 time=1380 ms
64 bytes from aaaa::212:7410:10:1010: icmp_seq=108 ttl=60 time=1067 ms
64 bytes from aaaa::212:7410:10:1010: icmp_seq=109 ttl=60 time=512 ms
64 bytes from aaaa::212:7410:10:1010: icmp_seq=119 ttl=60 time=1033 ms
64 bytes from aaaa::212:7410:10:1010: icmp_seq=127 ttl=60 time=1080 ms
64 bytes from aaaa::212:7410:10:1010: icmp_seq=129 ttl=60 time=1491 ms
64 bytes from aaaa::212:7410:10:1010: icmp_seq=130 ttl=60 time=994 ms
64 bytes from aaaa::212:7410:10:1010: icmp_seq=134 ttl=60 time=877 ms
64 bytes from aaaa::212:7410:10:1010: icmp_seq=138 ttl=60 time=455 ms
64 bytes from aaaa::212:7410:10:1010: icmp_seq=140 ttl=60 time=729 ms
64 bytes from aaaa::212:7410:10:1010: icmp_seq=153 ttl=60 time=581 ms
64 bytes from aaaa::212:7410:10:1010: icmp_seq=154 ttl=60 time=428 ms
64 bytes from aaaa::212:7410:10:1010: icmp_seq=158 ttl=60 time=612 ms
64 bytes from aaaa::212:7410:10:1010: icmp_seq=159 ttl=60 time=515 ms
64 bytes from aaaa::212:7410:10:1010: icmp_seq=173 ttl=60 time=260 ms
64 bytes from aaaa::212:7410:10:1010: icmp_seq=174 ttl=60 time=254 ms
64 bytes from aaaa::212:7410:10:1010: icmp_seq=175 ttl=60 time=285 ms
64 bytes from aaaa::212:7410:10:1010: icmp_seq=176 ttl=60 time=504 ms
64 bytes from aaaa::212:7410:10:1010: icmp_seq=179 ttl=60 time=324 ms
64 bytes from aaaa::212:7410:10:1010: icmp_seq=182 ttl=60 time=314 ms
64 bytes from aaaa::212:7410:10:1010: icmp_seq=183 ttl=60 time=439 ms
64 bytes from aaaa::212:7410:10:1010: icmp_seq=184 ttl=60 time=291 ms
64 bytes from aaaa::212:7410:10:1010: icmp_seq=185 ttl=60 time=328 ms
64 bytes from aaaa::212:7410:10:1010: icmp_seq=187 ttl=60 time=362 ms
64 bytes from aaaa::212:7410:10:1010: icmp_seq=188 ttl=60 time=337 ms
64 bytes from aaaa::212:7410:10:1010: icmp_seq=189 ttl=60 time=331 ms
64 bytes from aaaa::212:7410:10:1010: icmp_seq=190 ttl=60 time=277 ms
64 bytes from aaaa::212:7410:10:1010: icmp_seq=191 ttl=60 time=453 ms
64 bytes from aaaa::212:7410:10:1010: icmp_seq=192 ttl=60 time=443 ms
64 bytes from aaaa::212:7410:10:1010: icmp_seq=193 ttl=60 time=455 ms
64 bytes from aaaa::212:7410:10:1010: icmp_seq=194 ttl=60 time=309 ms
64 bytes from aaaa::212:7410:10:1010: icmp_seq=195 ttl=60 time=1224 ms
64 bytes from aaaa::212:7410:10:1010: icmp_seq=197 ttl=60 time=354 ms
64 bytes from aaaa::212:7410:10:1010: icmp_seq=199 ttl=60 time=239 ms
64 bytes from aaaa::212:7410:10:1010: icmp_seq=200 ttl=60 time=307 ms

--- aaaa::212:7410:10:1010 ping statistics ---
200 packets transmitted, 83 received, 58% packet loss, time 1010766ms
rtt min/avg/max/mdev = 239.334/668.688/2067.278/426.535 ms
