PING aaaa::212:7409:9:909(aaaa::212:7409:9:909) 56 data bytes
64 bytes from aaaa::212:7409:9:909: icmp_seq=1 ttl=61 time=389 ms
64 bytes from aaaa::212:7409:9:909: icmp_seq=3 ttl=61 time=400 ms
64 bytes from aaaa::212:7409:9:909: icmp_seq=4 ttl=61 time=574 ms
64 bytes from aaaa::212:7409:9:909: icmp_seq=5 ttl=61 time=378 ms
64 bytes from aaaa::212:7409:9:909: icmp_seq=6 ttl=61 time=345 ms
64 bytes from aaaa::212:7409:9:909: icmp_seq=8 ttl=61 time=400 ms
64 bytes from aaaa::212:7409:9:909: icmp_seq=9 ttl=61 time=573 ms
64 bytes from aaaa::212:7409:9:909: icmp_seq=10 ttl=61 time=1610 ms
64 bytes from aaaa::212:7409:9:909: icmp_seq=11 ttl=61 time=778 ms
64 bytes from aaaa::212:7409:9:909: icmp_seq=12 ttl=61 time=393 ms
64 bytes from aaaa::212:7409:9:909: icmp_seq=13 ttl=61 time=737 ms
64 bytes from aaaa::212:7409:9:909: icmp_seq=14 ttl=61 time=1302 ms
64 bytes from aaaa::212:7409:9:909: icmp_seq=15 ttl=61 time=683 ms
64 bytes from aaaa::212:7409:9:909: icmp_seq=17 ttl=61 time=704 ms
64 bytes from aaaa::212:7409:9:909: icmp_seq=18 ttl=61 time=711 ms
64 bytes from aaaa::212:7409:9:909: icmp_seq=19 ttl=61 time=607 ms
64 bytes from aaaa::212:7409:9:909: icmp_seq=20 ttl=61 time=775 ms
64 bytes from aaaa::212:7409:9:909: icmp_seq=21 ttl=61 time=1080 ms
64 bytes from aaaa::212:7409:9:909: icmp_seq=22 ttl=61 time=1252 ms
64 bytes from aaaa::212:7409:9:909: icmp_seq=23 ttl=61 time=713 ms
64 bytes from aaaa::212:7409:9:909: icmp_seq=24 ttl=61 time=1498 ms
64 bytes from aaaa::212:7409:9:909: icmp_seq=25 ttl=61 time=450 ms
64 bytes from aaaa::212:7409:9:909: icmp_seq=26 ttl=61 time=278 ms
64 bytes from aaaa::212:7409:9:909: icmp_seq=27 ttl=61 time=1321 ms
64 bytes from aaaa::212:7409:9:909: icmp_seq=28 ttl=61 time=303 ms
64 bytes from aaaa::212:7409:9:909: icmp_seq=29 ttl=61 time=346 ms
64 bytes from aaaa::212:7409:9:909: icmp_seq=30 ttl=61 time=1313 ms
64 bytes from aaaa::212:7409:9:909: icmp_seq=32 ttl=61 time=508 ms
64 bytes from aaaa::212:7409:9:909: icmp_seq=33 ttl=61 time=575 ms
64 bytes from aaaa::212:7409:9:909: icmp_seq=34 ttl=61 time=1256 ms
64 bytes from aaaa::212:7409:9:909: icmp_seq=35 ttl=61 time=346 ms
64 bytes from aaaa::212:7409:9:909: icmp_seq=36 ttl=61 time=818 ms
64 bytes from aaaa::212:7409:9:909: icmp_seq=40 ttl=61 time=1078 ms
64 bytes from aaaa::212:7409:9:909: icmp_seq=41 ttl=61 time=1833 ms
64 bytes from aaaa::212:7409:9:909: icmp_seq=43 ttl=61 time=909 ms
64 bytes from aaaa::212:7409:9:909: icmp_seq=44 ttl=61 time=411 ms
64 bytes from aaaa::212:7409:9:909: icmp_seq=47 ttl=61 time=1890 ms
64 bytes from aaaa::212:7409:9:909: icmp_seq=55 ttl=61 time=1014 ms
64 bytes from aaaa::212:7409:9:909: icmp_seq=58 ttl=61 time=1936 ms
64 bytes from aaaa::212:7409:9:909: icmp_seq=63 ttl=61 time=1225 ms
64 bytes from aaaa::212:7409:9:909: icmp_seq=64 ttl=61 time=400 ms
64 bytes from aaaa::212:7409:9:909: icmp_seq=65 ttl=61 time=582 ms
64 bytes from aaaa::212:7409:9:909: icmp_seq=67 ttl=61 time=518 ms
64 bytes from aaaa::212:7409:9:909: icmp_seq=68 ttl=61 time=1465 ms
64 bytes from aaaa::212:7409:9:909: icmp_seq=71 ttl=61 time=396 ms
64 bytes from aaaa::212:7409:9:909: icmp_seq=72 ttl=61 time=555 ms
64 bytes from aaaa::212:7409:9:909: icmp_seq=73 ttl=61 time=486 ms
64 bytes from aaaa::212:7409:9:909: icmp_seq=74 ttl=61 time=388 ms
64 bytes from aaaa::212:7409:9:909: icmp_seq=76 ttl=61 time=806 ms
64 bytes from aaaa::212:7409:9:909: icmp_seq=77 ttl=61 time=1188 ms
64 bytes from aaaa::212:7409:9:909: icmp_seq=78 ttl=61 time=547 ms
64 bytes from aaaa::212:7409:9:909: icmp_seq=79 ttl=61 time=894 ms
64 bytes from aaaa::212:7409:9:909: icmp_seq=80 ttl=61 time=1233 ms
64 bytes from aaaa::212:7409:9:909: icmp_seq=81 ttl=61 time=892 ms
64 bytes from aaaa::212:7409:9:909: icmp_seq=82 ttl=61 time=1148 ms
64 bytes from aaaa::212:7409:9:909: icmp_seq=84 ttl=61 time=898 ms
64 bytes from aaaa::212:7409:9:909: icmp_seq=85 ttl=61 time=1183 ms
64 bytes from aaaa::212:7409:9:909: icmp_seq=86 ttl=61 time=994 ms
64 bytes from aaaa::212:7409:9:909: icmp_seq=89 ttl=61 time=705 ms
64 bytes from aaaa::212:7409:9:909: icmp_seq=91 ttl=61 time=616 ms
64 bytes from aaaa::212:7409:9:909: icmp_seq=93 ttl=61 time=1522 ms
64 bytes from aaaa::212:7409:9:909: icmp_seq=94 ttl=61 time=393 ms
64 bytes from aaaa::212:7409:9:909: icmp_seq=95 ttl=61 time=405 ms
64 bytes from aaaa::212:7409:9:909: icmp_seq=96 ttl=61 time=1114 ms
64 bytes from aaaa::212:7409:9:909: icmp_seq=97 ttl=61 time=1868 ms
64 bytes from aaaa::212:7409:9:909: icmp_seq=98 ttl=61 time=1125 ms
64 bytes from aaaa::212:7409:9:909: icmp_seq=99 ttl=61 time=1157 ms
64 bytes from aaaa::212:7409:9:909: icmp_seq=100 ttl=61 time=1425 ms
64 bytes from aaaa::212:7409:9:909: icmp_seq=101 ttl=61 time=1237 ms
64 bytes from aaaa::212:7409:9:909: icmp_seq=102 ttl=61 time=280 ms
64 bytes from aaaa::212:7409:9:909: icmp_seq=103 ttl=61 time=1211 ms
64 bytes from aaaa::212:7409:9:909: icmp_seq=105 ttl=61 time=928 ms
64 bytes from aaaa::212:7409:9:909: icmp_seq=106 ttl=61 time=1355 ms
64 bytes from aaaa::212:7409:9:909: icmp_seq=107 ttl=61 time=1014 ms
64 bytes from aaaa::212:7409:9:909: icmp_seq=108 ttl=61 time=1152 ms
64 bytes from aaaa::212:7409:9:909: icmp_seq=109 ttl=61 time=781 ms
64 bytes from aaaa::212:7409:9:909: icmp_seq=111 ttl=61 time=1669 ms
64 bytes from aaaa::212:7409:9:909: icmp_seq=112 ttl=61 time=1088 ms
64 bytes from aaaa::212:7409:9:909: icmp_seq=114 ttl=61 time=480 ms
64 bytes from aaaa::212:7409:9:909: icmp_seq=115 ttl=61 time=925 ms
64 bytes from aaaa::212:7409:9:909: icmp_seq=119 ttl=61 time=1352 ms
64 bytes from aaaa::212:7409:9:909: icmp_seq=120 ttl=61 time=555 ms
64 bytes from aaaa::212:7409:9:909: icmp_seq=121 ttl=61 time=827 ms
64 bytes from aaaa::212:7409:9:909: icmp_seq=122 ttl=61 time=414 ms
64 bytes from aaaa::212:7409:9:909: icmp_seq=123 ttl=61 time=616 ms
64 bytes from aaaa::212:7409:9:909: icmp_seq=124 ttl=61 time=417 ms
64 bytes from aaaa::212:7409:9:909: icmp_seq=125 ttl=61 time=515 ms
64 bytes from aaaa::212:7409:9:909: icmp_seq=126 ttl=61 time=485 ms
64 bytes from aaaa::212:7409:9:909: icmp_seq=127 ttl=61 time=389 ms
64 bytes from aaaa::212:7409:9:909: icmp_seq=129 ttl=61 time=382 ms
64 bytes from aaaa::212:7409:9:909: icmp_seq=130 ttl=61 time=502 ms
64 bytes from aaaa::212:7409:9:909: icmp_seq=131 ttl=61 time=484 ms
64 bytes from aaaa::212:7409:9:909: icmp_seq=132 ttl=61 time=454 ms
64 bytes from aaaa::212:7409:9:909: icmp_seq=133 ttl=61 time=389 ms
64 bytes from aaaa::212:7409:9:909: icmp_seq=134 ttl=61 time=667 ms
64 bytes from aaaa::212:7409:9:909: icmp_seq=135 ttl=61 time=526 ms
64 bytes from aaaa::212:7409:9:909: icmp_seq=137 ttl=61 time=360 ms
64 bytes from aaaa::212:7409:9:909: icmp_seq=141 ttl=61 time=1465 ms
64 bytes from aaaa::212:7409:9:909: icmp_seq=143 ttl=61 time=633 ms
64 bytes from aaaa::212:7409:9:909: icmp_seq=158 ttl=61 time=935 ms
64 bytes from aaaa::212:7409:9:909: icmp_seq=159 ttl=61 time=1453 ms
64 bytes from aaaa::212:7409:9:909: icmp_seq=160 ttl=61 time=994 ms
64 bytes from aaaa::212:7409:9:909: icmp_seq=163 ttl=61 time=266 ms
64 bytes from aaaa::212:7409:9:909: icmp_seq=165 ttl=61 time=658 ms
64 bytes from aaaa::212:7409:9:909: icmp_seq=166 ttl=61 time=690 ms
64 bytes from aaaa::212:7409:9:909: icmp_seq=167 ttl=61 time=1539 ms
64 bytes from aaaa::212:7409:9:909: icmp_seq=169 ttl=61 time=381 ms
64 bytes from aaaa::212:7409:9:909: icmp_seq=170 ttl=61 time=594 ms
64 bytes from aaaa::212:7409:9:909: icmp_seq=175 ttl=61 time=1554 ms
64 bytes from aaaa::212:7409:9:909: icmp_seq=176 ttl=61 time=1539 ms
64 bytes from aaaa::212:7409:9:909: icmp_seq=177 ttl=61 time=1973 ms
64 bytes from aaaa::212:7409:9:909: icmp_seq=179 ttl=61 time=1220 ms
64 bytes from aaaa::212:7409:9:909: icmp_seq=184 ttl=61 time=1366 ms
64 bytes from aaaa::212:7409:9:909: icmp_seq=185 ttl=61 time=1065 ms
64 bytes from aaaa::212:7409:9:909: icmp_seq=186 ttl=61 time=409 ms
64 bytes from aaaa::212:7409:9:909: icmp_seq=187 ttl=61 time=364 ms
64 bytes from aaaa::212:7409:9:909: icmp_seq=188 ttl=61 time=618 ms
64 bytes from aaaa::212:7409:9:909: icmp_seq=189 ttl=61 time=358 ms
64 bytes from aaaa::212:7409:9:909: icmp_seq=190 ttl=61 time=844 ms
64 bytes from aaaa::212:7409:9:909: icmp_seq=193 ttl=61 time=853 ms
64 bytes from aaaa::212:7409:9:909: icmp_seq=195 ttl=61 time=793 ms
64 bytes from aaaa::212:7409:9:909: icmp_seq=200 ttl=61 time=388 ms

--- aaaa::212:7409:9:909 ping statistics ---
200 packets transmitted, 122 received, 39% packet loss, time 1006640ms
rtt min/avg/max/mdev = 266.359/844.911/1973.251/436.201 ms
