PING aaaa::212:7406:6:606(aaaa::212:7406:6:606) 56 data bytes
64 bytes from aaaa::212:7406:6:606: icmp_seq=1 ttl=61 time=400 ms
64 bytes from aaaa::212:7406:6:606: icmp_seq=2 ttl=61 time=415 ms
64 bytes from aaaa::212:7406:6:606: icmp_seq=3 ttl=61 time=344 ms
64 bytes from aaaa::212:7406:6:606: icmp_seq=4 ttl=61 time=404 ms
64 bytes from aaaa::212:7406:6:606: icmp_seq=6 ttl=61 time=549 ms
64 bytes from aaaa::212:7406:6:606: icmp_seq=7 ttl=61 time=808 ms
64 bytes from aaaa::212:7406:6:606: icmp_seq=8 ttl=61 time=557 ms
64 bytes from aaaa::212:7406:6:606: icmp_seq=9 ttl=61 time=313 ms
64 bytes from aaaa::212:7406:6:606: icmp_seq=10 ttl=61 time=246 ms
64 bytes from aaaa::212:7406:6:606: icmp_seq=11 ttl=61 time=728 ms
64 bytes from aaaa::212:7406:6:606: icmp_seq=18 ttl=61 time=882 ms
64 bytes from aaaa::212:7406:6:606: icmp_seq=20 ttl=61 time=430 ms
64 bytes from aaaa::212:7406:6:606: icmp_seq=21 ttl=61 time=1099 ms
64 bytes from aaaa::212:7406:6:606: icmp_seq=23 ttl=61 time=317 ms
64 bytes from aaaa::212:7406:6:606: icmp_seq=24 ttl=61 time=328 ms
64 bytes from aaaa::212:7406:6:606: icmp_seq=25 ttl=61 time=379 ms
64 bytes from aaaa::212:7406:6:606: icmp_seq=26 ttl=61 time=362 ms
64 bytes from aaaa::212:7406:6:606: icmp_seq=27 ttl=61 time=475 ms
64 bytes from aaaa::212:7406:6:606: icmp_seq=28 ttl=61 time=810 ms
64 bytes from aaaa::212:7406:6:606: icmp_seq=29 ttl=61 time=1133 ms
64 bytes from aaaa::212:7406:6:606: icmp_seq=30 ttl=61 time=728 ms
64 bytes from aaaa::212:7406:6:606: icmp_seq=31 ttl=61 time=754 ms
64 bytes from aaaa::212:7406:6:606: icmp_seq=32 ttl=61 time=716 ms
64 bytes from aaaa::212:7406:6:606: icmp_seq=33 ttl=61 time=1530 ms
64 bytes from aaaa::212:7406:6:606: icmp_seq=34 ttl=61 time=715 ms
64 bytes from aaaa::212:7406:6:606: icmp_seq=35 ttl=61 time=362 ms
64 bytes from aaaa::212:7406:6:606: icmp_seq=36 ttl=61 time=310 ms
64 bytes from aaaa::212:7406:6:606: icmp_seq=37 ttl=61 time=357 ms
64 bytes from aaaa::212:7406:6:606: icmp_seq=38 ttl=61 time=1800 ms
64 bytes from aaaa::212:7406:6:606: icmp_seq=39 ttl=61 time=847 ms
64 bytes from aaaa::212:7406:6:606: icmp_seq=40 ttl=61 time=378 ms
64 bytes from aaaa::212:7406:6:606: icmp_seq=42 ttl=61 time=250 ms
64 bytes from aaaa::212:7406:6:606: icmp_seq=43 ttl=61 time=426 ms
64 bytes from aaaa::212:7406:6:606: icmp_seq=44 ttl=61 time=346 ms
64 bytes from aaaa::212:7406:6:606: icmp_seq=45 ttl=61 time=555 ms
64 bytes from aaaa::212:7406:6:606: icmp_seq=46 ttl=61 time=341 ms
64 bytes from aaaa::212:7406:6:606: icmp_seq=47 ttl=61 time=309 ms
64 bytes from aaaa::212:7406:6:606: icmp_seq=48 ttl=61 time=316 ms
64 bytes from aaaa::212:7406:6:606: icmp_seq=50 ttl=61 time=471 ms
64 bytes from aaaa::212:7406:6:606: icmp_seq=51 ttl=61 time=315 ms
64 bytes from aaaa::212:7406:6:606: icmp_seq=52 ttl=61 time=309 ms
64 bytes from aaaa::212:7406:6:606: icmp_seq=53 ttl=61 time=265 ms
64 bytes from aaaa::212:7406:6:606: icmp_seq=54 ttl=61 time=347 ms
64 bytes from aaaa::212:7406:6:606: icmp_seq=55 ttl=61 time=264 ms
64 bytes from aaaa::212:7406:6:606: icmp_seq=56 ttl=61 time=299 ms
64 bytes from aaaa::212:7406:6:606: icmp_seq=57 ttl=61 time=268 ms
64 bytes from aaaa::212:7406:6:606: icmp_seq=58 ttl=61 time=306 ms
64 bytes from aaaa::212:7406:6:606: icmp_seq=59 ttl=61 time=605 ms
64 bytes from aaaa::212:7406:6:606: icmp_seq=60 ttl=61 time=1121 ms
64 bytes from aaaa::212:7406:6:606: icmp_seq=61 ttl=61 time=1031 ms
64 bytes from aaaa::212:7406:6:606: icmp_seq=62 ttl=61 time=535 ms
64 bytes from aaaa::212:7406:6:606: icmp_seq=63 ttl=61 time=805 ms
64 bytes from aaaa::212:7406:6:606: icmp_seq=64 ttl=61 time=505 ms
64 bytes from aaaa::212:7406:6:606: icmp_seq=65 ttl=61 time=1347 ms
64 bytes from aaaa::212:7406:6:606: icmp_seq=66 ttl=61 time=690 ms
64 bytes from aaaa::212:7406:6:606: icmp_seq=67 ttl=61 time=753 ms
64 bytes from aaaa::212:7406:6:606: icmp_seq=68 ttl=61 time=408 ms
64 bytes from aaaa::212:7406:6:606: icmp_seq=70 ttl=61 time=1087 ms
64 bytes from aaaa::212:7406:6:606: icmp_seq=71 ttl=61 time=420 ms
64 bytes from aaaa::212:7406:6:606: icmp_seq=72 ttl=61 time=414 ms
64 bytes from aaaa::212:7406:6:606: icmp_seq=73 ttl=61 time=504 ms
64 bytes from aaaa::212:7406:6:606: icmp_seq=74 ttl=61 time=747 ms
64 bytes from aaaa::212:7406:6:606: icmp_seq=75 ttl=61 time=275 ms
64 bytes from aaaa::212:7406:6:606: icmp_seq=76 ttl=61 time=635 ms
64 bytes from aaaa::212:7406:6:606: icmp_seq=77 ttl=61 time=722 ms
64 bytes from aaaa::212:7406:6:606: icmp_seq=78 ttl=61 time=1131 ms
64 bytes from aaaa::212:7406:6:606: icmp_seq=79 ttl=61 time=409 ms
64 bytes from aaaa::212:7406:6:606: icmp_seq=80 ttl=61 time=1216 ms
64 bytes from aaaa::212:7406:6:606: icmp_seq=81 ttl=61 time=762 ms
64 bytes from aaaa::212:7406:6:606: icmp_seq=82 ttl=61 time=417 ms
64 bytes from aaaa::212:7406:6:606: icmp_seq=83 ttl=61 time=612 ms
64 bytes from aaaa::212:7406:6:606: icmp_seq=84 ttl=61 time=368 ms
64 bytes from aaaa::212:7406:6:606: icmp_seq=85 ttl=61 time=481 ms
64 bytes from aaaa::212:7406:6:606: icmp_seq=86 ttl=61 time=408 ms
64 bytes from aaaa::212:7406:6:606: icmp_seq=87 ttl=61 time=654 ms
64 bytes from aaaa::212:7406:6:606: icmp_seq=88 ttl=61 time=508 ms
64 bytes from aaaa::212:7406:6:606: icmp_seq=89 ttl=61 time=600 ms
64 bytes from aaaa::212:7406:6:606: icmp_seq=90 ttl=61 time=595 ms
64 bytes from aaaa::212:7406:6:606: icmp_seq=91 ttl=61 time=389 ms
64 bytes from aaaa::212:7406:6:606: icmp_seq=92 ttl=61 time=748 ms
64 bytes from aaaa::212:7406:6:606: icmp_seq=93 ttl=61 time=462 ms
64 bytes from aaaa::212:7406:6:606: icmp_seq=94 ttl=61 time=694 ms
64 bytes from aaaa::212:7406:6:606: icmp_seq=95 ttl=61 time=798 ms
64 bytes from aaaa::212:7406:6:606: icmp_seq=96 ttl=61 time=959 ms
64 bytes from aaaa::212:7406:6:606: icmp_seq=97 ttl=61 time=453 ms
64 bytes from aaaa::212:7406:6:606: icmp_seq=98 ttl=61 time=376 ms
64 bytes from aaaa::212:7406:6:606: icmp_seq=99 ttl=61 time=1354 ms
64 bytes from aaaa::212:7406:6:606: icmp_seq=100 ttl=61 time=682 ms
64 bytes from aaaa::212:7406:6:606: icmp_seq=101 ttl=61 time=1090 ms
64 bytes from aaaa::212:7406:6:606: icmp_seq=102 ttl=61 time=353 ms
64 bytes from aaaa::212:7406:6:606: icmp_seq=103 ttl=61 time=806 ms
64 bytes from aaaa::212:7406:6:606: icmp_seq=104 ttl=61 time=366 ms
64 bytes from aaaa::212:7406:6:606: icmp_seq=105 ttl=61 time=1170 ms
64 bytes from aaaa::212:7406:6:606: icmp_seq=106 ttl=61 time=354 ms
64 bytes from aaaa::212:7406:6:606: icmp_seq=107 ttl=61 time=342 ms
64 bytes from aaaa::212:7406:6:606: icmp_seq=108 ttl=61 time=382 ms
64 bytes from aaaa::212:7406:6:606: icmp_seq=109 ttl=61 time=903 ms
64 bytes from aaaa::212:7406:6:606: icmp_seq=110 ttl=61 time=314 ms
64 bytes from aaaa::212:7406:6:606: icmp_seq=111 ttl=61 time=355 ms
64 bytes from aaaa::212:7406:6:606: icmp_seq=112 ttl=61 time=350 ms
64 bytes from aaaa::212:7406:6:606: icmp_seq=113 ttl=61 time=391 ms
64 bytes from aaaa::212:7406:6:606: icmp_seq=114 ttl=61 time=489 ms
64 bytes from aaaa::212:7406:6:606: icmp_seq=115 ttl=61 time=653 ms
64 bytes from aaaa::212:7406:6:606: icmp_seq=116 ttl=61 time=527 ms
64 bytes from aaaa::212:7406:6:606: icmp_seq=117 ttl=61 time=282 ms
64 bytes from aaaa::212:7406:6:606: icmp_seq=118 ttl=61 time=515 ms
64 bytes from aaaa::212:7406:6:606: icmp_seq=119 ttl=61 time=501 ms
64 bytes from aaaa::212:7406:6:606: icmp_seq=121 ttl=61 time=428 ms
64 bytes from aaaa::212:7406:6:606: icmp_seq=125 ttl=61 time=680 ms
64 bytes from aaaa::212:7406:6:606: icmp_seq=126 ttl=61 time=423 ms
64 bytes from aaaa::212:7406:6:606: icmp_seq=133 ttl=61 time=753 ms
64 bytes from aaaa::212:7406:6:606: icmp_seq=134 ttl=61 time=426 ms
64 bytes from aaaa::212:7406:6:606: icmp_seq=135 ttl=61 time=801 ms
64 bytes from aaaa::212:7406:6:606: icmp_seq=136 ttl=61 time=824 ms
64 bytes from aaaa::212:7406:6:606: icmp_seq=137 ttl=61 time=676 ms
64 bytes from aaaa::212:7406:6:606: icmp_seq=138 ttl=61 time=268 ms
64 bytes from aaaa::212:7406:6:606: icmp_seq=139 ttl=61 time=795 ms
64 bytes from aaaa::212:7406:6:606: icmp_seq=140 ttl=61 time=776 ms
64 bytes from aaaa::212:7406:6:606: icmp_seq=142 ttl=61 time=667 ms
64 bytes from aaaa::212:7406:6:606: icmp_seq=143 ttl=61 time=479 ms
64 bytes from aaaa::212:7406:6:606: icmp_seq=144 ttl=61 time=1108 ms
64 bytes from aaaa::212:7406:6:606: icmp_seq=145 ttl=61 time=452 ms
64 bytes from aaaa::212:7406:6:606: icmp_seq=146 ttl=61 time=398 ms
64 bytes from aaaa::212:7406:6:606: icmp_seq=147 ttl=61 time=251 ms
64 bytes from aaaa::212:7406:6:606: icmp_seq=148 ttl=61 time=388 ms
64 bytes from aaaa::212:7406:6:606: icmp_seq=149 ttl=61 time=371 ms
64 bytes from aaaa::212:7406:6:606: icmp_seq=150 ttl=61 time=587 ms
64 bytes from aaaa::212:7406:6:606: icmp_seq=151 ttl=61 time=253 ms
64 bytes from aaaa::212:7406:6:606: icmp_seq=152 ttl=61 time=489 ms
64 bytes from aaaa::212:7406:6:606: icmp_seq=153 ttl=61 time=253 ms
64 bytes from aaaa::212:7406:6:606: icmp_seq=154 ttl=61 time=425 ms
64 bytes from aaaa::212:7406:6:606: icmp_seq=155 ttl=61 time=305 ms
64 bytes from aaaa::212:7406:6:606: icmp_seq=156 ttl=61 time=237 ms
64 bytes from aaaa::212:7406:6:606: icmp_seq=157 ttl=61 time=339 ms
64 bytes from aaaa::212:7406:6:606: icmp_seq=158 ttl=61 time=292 ms
64 bytes from aaaa::212:7406:6:606: icmp_seq=159 ttl=61 time=263 ms
64 bytes from aaaa::212:7406:6:606: icmp_seq=160 ttl=61 time=420 ms
64 bytes from aaaa::212:7406:6:606: icmp_seq=161 ttl=61 time=272 ms
64 bytes from aaaa::212:7406:6:606: icmp_seq=162 ttl=61 time=359 ms
64 bytes from aaaa::212:7406:6:606: icmp_seq=163 ttl=61 time=301 ms
64 bytes from aaaa::212:7406:6:606: icmp_seq=164 ttl=61 time=250 ms
64 bytes from aaaa::212:7406:6:606: icmp_seq=165 ttl=61 time=315 ms
64 bytes from aaaa::212:7406:6:606: icmp_seq=166 ttl=61 time=224 ms
64 bytes from aaaa::212:7406:6:606: icmp_seq=167 ttl=61 time=363 ms
64 bytes from aaaa::212:7406:6:606: icmp_seq=168 ttl=61 time=420 ms
64 bytes from aaaa::212:7406:6:606: icmp_seq=169 ttl=61 time=417 ms
64 bytes from aaaa::212:7406:6:606: icmp_seq=170 ttl=61 time=299 ms
64 bytes from aaaa::212:7406:6:606: icmp_seq=171 ttl=61 time=327 ms
64 bytes from aaaa::212:7406:6:606: icmp_seq=172 ttl=61 time=373 ms
64 bytes from aaaa::212:7406:6:606: icmp_seq=173 ttl=61 time=351 ms
64 bytes from aaaa::212:7406:6:606: icmp_seq=174 ttl=61 time=388 ms
64 bytes from aaaa::212:7406:6:606: icmp_seq=175 ttl=61 time=376 ms
64 bytes from aaaa::212:7406:6:606: icmp_seq=176 ttl=61 time=288 ms
64 bytes from aaaa::212:7406:6:606: icmp_seq=177 ttl=61 time=257 ms
64 bytes from aaaa::212:7406:6:606: icmp_seq=178 ttl=61 time=309 ms
64 bytes from aaaa::212:7406:6:606: icmp_seq=179 ttl=61 time=469 ms
64 bytes from aaaa::212:7406:6:606: icmp_seq=180 ttl=61 time=297 ms
64 bytes from aaaa::212:7406:6:606: icmp_seq=181 ttl=61 time=283 ms
64 bytes from aaaa::212:7406:6:606: icmp_seq=182 ttl=61 time=390 ms
64 bytes from aaaa::212:7406:6:606: icmp_seq=183 ttl=61 time=268 ms
64 bytes from aaaa::212:7406:6:606: icmp_seq=184 ttl=61 time=515 ms
64 bytes from aaaa::212:7406:6:606: icmp_seq=185 ttl=61 time=241 ms
64 bytes from aaaa::212:7406:6:606: icmp_seq=186 ttl=61 time=343 ms
64 bytes from aaaa::212:7406:6:606: icmp_seq=187 ttl=61 time=405 ms
64 bytes from aaaa::212:7406:6:606: icmp_seq=188 ttl=61 time=321 ms
64 bytes from aaaa::212:7406:6:606: icmp_seq=189 ttl=61 time=340 ms
64 bytes from aaaa::212:7406:6:606: icmp_seq=191 ttl=61 time=363 ms
64 bytes from aaaa::212:7406:6:606: icmp_seq=192 ttl=61 time=360 ms
64 bytes from aaaa::212:7406:6:606: icmp_seq=193 ttl=61 time=328 ms
64 bytes from aaaa::212:7406:6:606: icmp_seq=194 ttl=61 time=574 ms
64 bytes from aaaa::212:7406:6:606: icmp_seq=195 ttl=61 time=331 ms
64 bytes from aaaa::212:7406:6:606: icmp_seq=197 ttl=61 time=1090 ms
64 bytes from aaaa::212:7406:6:606: icmp_seq=198 ttl=61 time=560 ms
64 bytes from aaaa::212:7406:6:606: icmp_seq=199 ttl=61 time=1141 ms
64 bytes from aaaa::212:7406:6:606: icmp_seq=200 ttl=61 time=297 ms

--- aaaa::212:7406:6:606 ping statistics ---
200 packets transmitted, 175 received, 12% packet loss, time 998616ms
rtt min/avg/max/mdev = 224.887/527.993/1800.578/282.256 ms
