PING aaaa::212:7407:7:707(aaaa::212:7407:7:707) 56 data bytes
64 bytes from aaaa::212:7407:7:707: icmp_seq=1 ttl=62 time=352 ms
64 bytes from aaaa::212:7407:7:707: icmp_seq=5 ttl=62 time=628 ms
64 bytes from aaaa::212:7407:7:707: icmp_seq=7 ttl=62 time=449 ms
64 bytes from aaaa::212:7407:7:707: icmp_seq=10 ttl=62 time=543 ms
64 bytes from aaaa::212:7407:7:707: icmp_seq=15 ttl=62 time=219 ms
64 bytes from aaaa::212:7407:7:707: icmp_seq=16 ttl=62 time=185 ms
64 bytes from aaaa::212:7407:7:707: icmp_seq=22 ttl=62 time=285 ms
64 bytes from aaaa::212:7407:7:707: icmp_seq=23 ttl=62 time=424 ms
64 bytes from aaaa::212:7407:7:707: icmp_seq=27 ttl=62 time=360 ms
64 bytes from aaaa::212:7407:7:707: icmp_seq=28 ttl=62 time=557 ms
64 bytes from aaaa::212:7407:7:707: icmp_seq=29 ttl=62 time=481 ms
64 bytes from aaaa::212:7407:7:707: icmp_seq=30 ttl=62 time=465 ms
64 bytes from aaaa::212:7407:7:707: icmp_seq=31 ttl=62 time=338 ms
64 bytes from aaaa::212:7407:7:707: icmp_seq=32 ttl=62 time=636 ms
64 bytes from aaaa::212:7407:7:707: icmp_seq=33 ttl=62 time=518 ms
64 bytes from aaaa::212:7407:7:707: icmp_seq=34 ttl=62 time=568 ms
64 bytes from aaaa::212:7407:7:707: icmp_seq=35 ttl=62 time=868 ms
64 bytes from aaaa::212:7407:7:707: icmp_seq=36 ttl=62 time=697 ms
64 bytes from aaaa::212:7407:7:707: icmp_seq=37 ttl=62 time=416 ms
64 bytes from aaaa::212:7407:7:707: icmp_seq=40 ttl=62 time=500 ms
64 bytes from aaaa::212:7407:7:707: icmp_seq=41 ttl=62 time=248 ms
64 bytes from aaaa::212:7407:7:707: icmp_seq=43 ttl=62 time=185 ms
64 bytes from aaaa::212:7407:7:707: icmp_seq=44 ttl=62 time=291 ms
64 bytes from aaaa::212:7407:7:707: icmp_seq=47 ttl=62 time=214 ms
64 bytes from aaaa::212:7407:7:707: icmp_seq=55 ttl=62 time=312 ms
64 bytes from aaaa::212:7407:7:707: icmp_seq=57 ttl=62 time=654 ms
64 bytes from aaaa::212:7407:7:707: icmp_seq=59 ttl=62 time=353 ms
64 bytes from aaaa::212:7407:7:707: icmp_seq=60 ttl=62 time=179 ms
64 bytes from aaaa::212:7407:7:707: icmp_seq=61 ttl=62 time=227 ms
64 bytes from aaaa::212:7407:7:707: icmp_seq=62 ttl=62 time=713 ms
64 bytes from aaaa::212:7407:7:707: icmp_seq=63 ttl=62 time=213 ms
64 bytes from aaaa::212:7407:7:707: icmp_seq=64 ttl=62 time=270 ms
64 bytes from aaaa::212:7407:7:707: icmp_seq=65 ttl=62 time=255 ms
64 bytes from aaaa::212:7407:7:707: icmp_seq=66 ttl=62 time=375 ms
64 bytes from aaaa::212:7407:7:707: icmp_seq=67 ttl=62 time=255 ms
64 bytes from aaaa::212:7407:7:707: icmp_seq=68 ttl=62 time=411 ms
64 bytes from aaaa::212:7407:7:707: icmp_seq=69 ttl=62 time=315 ms
64 bytes from aaaa::212:7407:7:707: icmp_seq=70 ttl=62 time=311 ms
64 bytes from aaaa::212:7407:7:707: icmp_seq=71 ttl=62 time=319 ms
64 bytes from aaaa::212:7407:7:707: icmp_seq=72 ttl=62 time=288 ms
64 bytes from aaaa::212:7407:7:707: icmp_seq=73 ttl=62 time=268 ms
64 bytes from aaaa::212:7407:7:707: icmp_seq=74 ttl=62 time=292 ms
64 bytes from aaaa::212:7407:7:707: icmp_seq=75 ttl=62 time=268 ms
64 bytes from aaaa::212:7407:7:707: icmp_seq=76 ttl=62 time=184 ms
64 bytes from aaaa::212:7407:7:707: icmp_seq=77 ttl=62 time=234 ms
64 bytes from aaaa::212:7407:7:707: icmp_seq=78 ttl=62 time=253 ms
64 bytes from aaaa::212:7407:7:707: icmp_seq=79 ttl=62 time=338 ms
64 bytes from aaaa::212:7407:7:707: icmp_seq=80 ttl=62 time=290 ms
64 bytes from aaaa::212:7407:7:707: icmp_seq=81 ttl=62 time=269 ms
64 bytes from aaaa::212:7407:7:707: icmp_seq=82 ttl=62 time=357 ms
64 bytes from aaaa::212:7407:7:707: icmp_seq=83 ttl=62 time=251 ms
64 bytes from aaaa::212:7407:7:707: icmp_seq=84 ttl=62 time=230 ms
64 bytes from aaaa::212:7407:7:707: icmp_seq=86 ttl=62 time=181 ms
64 bytes from aaaa::212:7407:7:707: icmp_seq=87 ttl=62 time=179 ms
64 bytes from aaaa::212:7407:7:707: icmp_seq=88 ttl=62 time=209 ms
64 bytes from aaaa::212:7407:7:707: icmp_seq=89 ttl=62 time=213 ms
64 bytes from aaaa::212:7407:7:707: icmp_seq=90 ttl=62 time=179 ms
64 bytes from aaaa::212:7407:7:707: icmp_seq=91 ttl=62 time=205 ms
64 bytes from aaaa::212:7407:7:707: icmp_seq=92 ttl=62 time=220 ms
64 bytes from aaaa::212:7407:7:707: icmp_seq=93 ttl=62 time=155 ms
64 bytes from aaaa::212:7407:7:707: icmp_seq=94 ttl=62 time=195 ms
64 bytes from aaaa::212:7407:7:707: icmp_seq=95 ttl=62 time=166 ms
64 bytes from aaaa::212:7407:7:707: icmp_seq=96 ttl=62 time=170 ms
64 bytes from aaaa::212:7407:7:707: icmp_seq=97 ttl=62 time=164 ms
64 bytes from aaaa::212:7407:7:707: icmp_seq=98 ttl=62 time=228 ms
64 bytes from aaaa::212:7407:7:707: icmp_seq=99 ttl=62 time=185 ms
64 bytes from aaaa::212:7407:7:707: icmp_seq=100 ttl=62 time=226 ms
64 bytes from aaaa::212:7407:7:707: icmp_seq=101 ttl=62 time=231 ms
64 bytes from aaaa::212:7407:7:707: icmp_seq=102 ttl=62 time=198 ms
64 bytes from aaaa::212:7407:7:707: icmp_seq=103 ttl=62 time=228 ms
64 bytes from aaaa::212:7407:7:707: icmp_seq=105 ttl=62 time=224 ms
64 bytes from aaaa::212:7407:7:707: icmp_seq=106 ttl=62 time=172 ms
64 bytes from aaaa::212:7407:7:707: icmp_seq=107 ttl=62 time=257 ms
64 bytes from aaaa::212:7407:7:707: icmp_seq=108 ttl=62 time=177 ms
64 bytes from aaaa::212:7407:7:707: icmp_seq=109 ttl=62 time=220 ms
64 bytes from aaaa::212:7407:7:707: icmp_seq=111 ttl=62 time=225 ms
64 bytes from aaaa::212:7407:7:707: icmp_seq=112 ttl=62 time=249 ms
64 bytes from aaaa::212:7407:7:707: icmp_seq=113 ttl=62 time=247 ms
64 bytes from aaaa::212:7407:7:707: icmp_seq=114 ttl=62 time=172 ms
64 bytes from aaaa::212:7407:7:707: icmp_seq=115 ttl=62 time=279 ms
64 bytes from aaaa::212:7407:7:707: icmp_seq=116 ttl=62 time=171 ms
64 bytes from aaaa::212:7407:7:707: icmp_seq=117 ttl=62 time=225 ms
64 bytes from aaaa::212:7407:7:707: icmp_seq=118 ttl=62 time=210 ms
64 bytes from aaaa::212:7407:7:707: icmp_seq=119 ttl=62 time=191 ms
64 bytes from aaaa::212:7407:7:707: icmp_seq=120 ttl=62 time=185 ms
64 bytes from aaaa::212:7407:7:707: icmp_seq=121 ttl=62 time=210 ms
64 bytes from aaaa::212:7407:7:707: icmp_seq=122 ttl=62 time=148 ms
64 bytes from aaaa::212:7407:7:707: icmp_seq=123 ttl=62 time=261 ms
64 bytes from aaaa::212:7407:7:707: icmp_seq=124 ttl=62 time=273 ms
64 bytes from aaaa::212:7407:7:707: icmp_seq=125 ttl=62 time=287 ms
64 bytes from aaaa::212:7407:7:707: icmp_seq=126 ttl=62 time=440 ms
64 bytes from aaaa::212:7407:7:707: icmp_seq=127 ttl=62 time=292 ms
64 bytes from aaaa::212:7407:7:707: icmp_seq=128 ttl=62 time=284 ms
64 bytes from aaaa::212:7407:7:707: icmp_seq=129 ttl=62 time=206 ms
64 bytes from aaaa::212:7407:7:707: icmp_seq=130 ttl=62 time=305 ms
64 bytes from aaaa::212:7407:7:707: icmp_seq=131 ttl=62 time=176 ms
64 bytes from aaaa::212:7407:7:707: icmp_seq=132 ttl=62 time=227 ms
64 bytes from aaaa::212:7407:7:707: icmp_seq=133 ttl=62 time=287 ms
64 bytes from aaaa::212:7407:7:707: icmp_seq=134 ttl=62 time=290 ms
64 bytes from aaaa::212:7407:7:707: icmp_seq=136 ttl=62 time=360 ms
64 bytes from aaaa::212:7407:7:707: icmp_seq=137 ttl=62 time=240 ms
64 bytes from aaaa::212:7407:7:707: icmp_seq=138 ttl=62 time=269 ms
64 bytes from aaaa::212:7407:7:707: icmp_seq=139 ttl=62 time=312 ms
64 bytes from aaaa::212:7407:7:707: icmp_seq=140 ttl=62 time=558 ms
64 bytes from aaaa::212:7407:7:707: icmp_seq=141 ttl=62 time=255 ms
64 bytes from aaaa::212:7407:7:707: icmp_seq=142 ttl=62 time=370 ms
64 bytes from aaaa::212:7407:7:707: icmp_seq=143 ttl=62 time=339 ms
64 bytes from aaaa::212:7407:7:707: icmp_seq=144 ttl=62 time=348 ms
64 bytes from aaaa::212:7407:7:707: icmp_seq=145 ttl=62 time=266 ms
64 bytes from aaaa::212:7407:7:707: icmp_seq=146 ttl=62 time=398 ms
64 bytes from aaaa::212:7407:7:707: icmp_seq=147 ttl=62 time=217 ms
64 bytes from aaaa::212:7407:7:707: icmp_seq=148 ttl=62 time=313 ms
64 bytes from aaaa::212:7407:7:707: icmp_seq=149 ttl=62 time=501 ms
64 bytes from aaaa::212:7407:7:707: icmp_seq=150 ttl=62 time=271 ms
64 bytes from aaaa::212:7407:7:707: icmp_seq=152 ttl=62 time=320 ms
64 bytes from aaaa::212:7407:7:707: icmp_seq=153 ttl=62 time=384 ms
64 bytes from aaaa::212:7407:7:707: icmp_seq=154 ttl=62 time=248 ms
64 bytes from aaaa::212:7407:7:707: icmp_seq=155 ttl=62 time=223 ms
64 bytes from aaaa::212:7407:7:707: icmp_seq=156 ttl=62 time=252 ms
64 bytes from aaaa::212:7407:7:707: icmp_seq=157 ttl=62 time=307 ms
64 bytes from aaaa::212:7407:7:707: icmp_seq=159 ttl=62 time=905 ms
64 bytes from aaaa::212:7407:7:707: icmp_seq=164 ttl=62 time=1469 ms
64 bytes from aaaa::212:7407:7:707: icmp_seq=171 ttl=62 time=270 ms
64 bytes from aaaa::212:7407:7:707: icmp_seq=172 ttl=62 time=759 ms
64 bytes from aaaa::212:7407:7:707: icmp_seq=174 ttl=62 time=500 ms
64 bytes from aaaa::212:7407:7:707: icmp_seq=175 ttl=62 time=310 ms
64 bytes from aaaa::212:7407:7:707: icmp_seq=178 ttl=62 time=411 ms
64 bytes from aaaa::212:7407:7:707: icmp_seq=181 ttl=62 time=366 ms
64 bytes from aaaa::212:7407:7:707: icmp_seq=182 ttl=62 time=784 ms
64 bytes from aaaa::212:7407:7:707: icmp_seq=183 ttl=62 time=616 ms
64 bytes from aaaa::212:7407:7:707: icmp_seq=184 ttl=62 time=195 ms
64 bytes from aaaa::212:7407:7:707: icmp_seq=193 ttl=62 time=295 ms
64 bytes from aaaa::212:7407:7:707: icmp_seq=194 ttl=62 time=327 ms
64 bytes from aaaa::212:7407:7:707: icmp_seq=195 ttl=62 time=663 ms
64 bytes from aaaa::212:7407:7:707: icmp_seq=196 ttl=62 time=269 ms
64 bytes from aaaa::212:7407:7:707: icmp_seq=198 ttl=62 time=218 ms
64 bytes from aaaa::212:7407:7:707: icmp_seq=199 ttl=62 time=203 ms
64 bytes from aaaa::212:7407:7:707: icmp_seq=200 ttl=62 time=180 ms

--- aaaa::212:7407:7:707 ping statistics ---
200 packets transmitted, 138 received, 31% packet loss, time 1003803ms
rtt min/avg/max/mdev = 148.348/326.748/1469.906/181.171 ms
