PING aaaa::212:7404:4:404(aaaa::212:7404:4:404) 56 data bytes
64 bytes from aaaa::212:7404:4:404: icmp_seq=1 ttl=63 time=78.6 ms
64 bytes from aaaa::212:7404:4:404: icmp_seq=2 ttl=63 time=245 ms
64 bytes from aaaa::212:7404:4:404: icmp_seq=3 ttl=63 time=132 ms
64 bytes from aaaa::212:7404:4:404: icmp_seq=5 ttl=63 time=309 ms
64 bytes from aaaa::212:7404:4:404: icmp_seq=6 ttl=63 time=146 ms
64 bytes from aaaa::212:7404:4:404: icmp_seq=7 ttl=63 time=175 ms
64 bytes from aaaa::212:7404:4:404: icmp_seq=9 ttl=63 time=58.6 ms
64 bytes from aaaa::212:7404:4:404: icmp_seq=10 ttl=63 time=310 ms
64 bytes from aaaa::212:7404:4:404: icmp_seq=11 ttl=63 time=816 ms
64 bytes from aaaa::212:7404:4:404: icmp_seq=12 ttl=63 time=362 ms
64 bytes from aaaa::212:7404:4:404: icmp_seq=13 ttl=63 time=71.4 ms
64 bytes from aaaa::212:7404:4:404: icmp_seq=14 ttl=63 time=115 ms
64 bytes from aaaa::212:7404:4:404: icmp_seq=15 ttl=63 time=240 ms
64 bytes from aaaa::212:7404:4:404: icmp_seq=16 ttl=63 time=341 ms
64 bytes from aaaa::212:7404:4:404: icmp_seq=18 ttl=63 time=151 ms
64 bytes from aaaa::212:7404:4:404: icmp_seq=19 ttl=63 time=63.4 ms
64 bytes from aaaa::212:7404:4:404: icmp_seq=20 ttl=63 time=56.3 ms
64 bytes from aaaa::212:7404:4:404: icmp_seq=21 ttl=63 time=59.8 ms
64 bytes from aaaa::212:7404:4:404: icmp_seq=22 ttl=63 time=406 ms
64 bytes from aaaa::212:7404:4:404: icmp_seq=23 ttl=63 time=374 ms
64 bytes from aaaa::212:7404:4:404: icmp_seq=24 ttl=63 time=68.4 ms
64 bytes from aaaa::212:7404:4:404: icmp_seq=25 ttl=63 time=87.2 ms
64 bytes from aaaa::212:7404:4:404: icmp_seq=26 ttl=63 time=192 ms
64 bytes from aaaa::212:7404:4:404: icmp_seq=27 ttl=63 time=1937 ms
64 bytes from aaaa::212:7404:4:404: icmp_seq=28 ttl=63 time=95.4 ms
64 bytes from aaaa::212:7404:4:404: icmp_seq=29 ttl=63 time=98.3 ms
64 bytes from aaaa::212:7404:4:404: icmp_seq=30 ttl=63 time=80.2 ms
64 bytes from aaaa::212:7404:4:404: icmp_seq=31 ttl=63 time=163 ms
64 bytes from aaaa::212:7404:4:404: icmp_seq=32 ttl=63 time=956 ms
64 bytes from aaaa::212:7404:4:404: icmp_seq=33 ttl=63 time=1355 ms
64 bytes from aaaa::212:7404:4:404: icmp_seq=39 ttl=63 time=134 ms
64 bytes from aaaa::212:7404:4:404: icmp_seq=40 ttl=63 time=101 ms
64 bytes from aaaa::212:7404:4:404: icmp_seq=41 ttl=63 time=271 ms
64 bytes from aaaa::212:7404:4:404: icmp_seq=42 ttl=63 time=111 ms
64 bytes from aaaa::212:7404:4:404: icmp_seq=43 ttl=63 time=194 ms
64 bytes from aaaa::212:7404:4:404: icmp_seq=44 ttl=63 time=1463 ms
64 bytes from aaaa::212:7404:4:404: icmp_seq=60 ttl=63 time=384 ms
64 bytes from aaaa::212:7404:4:404: icmp_seq=61 ttl=63 time=140 ms
64 bytes from aaaa::212:7404:4:404: icmp_seq=64 ttl=63 time=76.9 ms
64 bytes from aaaa::212:7404:4:404: icmp_seq=66 ttl=63 time=184 ms
64 bytes from aaaa::212:7404:4:404: icmp_seq=68 ttl=63 time=388 ms
64 bytes from aaaa::212:7404:4:404: icmp_seq=69 ttl=63 time=239 ms
64 bytes from aaaa::212:7404:4:404: icmp_seq=70 ttl=63 time=239 ms
64 bytes from aaaa::212:7404:4:404: icmp_seq=71 ttl=63 time=230 ms
64 bytes from aaaa::212:7404:4:404: icmp_seq=72 ttl=63 time=57.6 ms
64 bytes from aaaa::212:7404:4:404: icmp_seq=73 ttl=63 time=72.0 ms
64 bytes from aaaa::212:7404:4:404: icmp_seq=74 ttl=63 time=98.0 ms
64 bytes from aaaa::212:7404:4:404: icmp_seq=75 ttl=63 time=62.0 ms
64 bytes from aaaa::212:7404:4:404: icmp_seq=76 ttl=63 time=68.0 ms
64 bytes from aaaa::212:7404:4:404: icmp_seq=77 ttl=63 time=89.3 ms
64 bytes from aaaa::212:7404:4:404: icmp_seq=78 ttl=63 time=56.5 ms
64 bytes from aaaa::212:7404:4:404: icmp_seq=79 ttl=63 time=156 ms
64 bytes from aaaa::212:7404:4:404: icmp_seq=80 ttl=63 time=94.8 ms
64 bytes from aaaa::212:7404:4:404: icmp_seq=81 ttl=63 time=229 ms
64 bytes from aaaa::212:7404:4:404: icmp_seq=82 ttl=63 time=402 ms
64 bytes from aaaa::212:7404:4:404: icmp_seq=84 ttl=63 time=292 ms
64 bytes from aaaa::212:7404:4:404: icmp_seq=85 ttl=63 time=77.2 ms
64 bytes from aaaa::212:7404:4:404: icmp_seq=86 ttl=63 time=148 ms
64 bytes from aaaa::212:7404:4:404: icmp_seq=87 ttl=63 time=181 ms
64 bytes from aaaa::212:7404:4:404: icmp_seq=88 ttl=63 time=211 ms
64 bytes from aaaa::212:7404:4:404: icmp_seq=89 ttl=63 time=318 ms
64 bytes from aaaa::212:7404:4:404: icmp_seq=90 ttl=63 time=1050 ms
64 bytes from aaaa::212:7404:4:404: icmp_seq=91 ttl=63 time=381 ms
64 bytes from aaaa::212:7404:4:404: icmp_seq=92 ttl=63 time=258 ms
64 bytes from aaaa::212:7404:4:404: icmp_seq=93 ttl=63 time=332 ms
64 bytes from aaaa::212:7404:4:404: icmp_seq=94 ttl=63 time=1066 ms
64 bytes from aaaa::212:7404:4:404: icmp_seq=95 ttl=63 time=106 ms
64 bytes from aaaa::212:7404:4:404: icmp_seq=96 ttl=63 time=67.4 ms
64 bytes from aaaa::212:7404:4:404: icmp_seq=97 ttl=63 time=454 ms
64 bytes from aaaa::212:7404:4:404: icmp_seq=98 ttl=63 time=84.6 ms
64 bytes from aaaa::212:7404:4:404: icmp_seq=99 ttl=63 time=124 ms
64 bytes from aaaa::212:7404:4:404: icmp_seq=100 ttl=63 time=82.0 ms
64 bytes from aaaa::212:7404:4:404: icmp_seq=101 ttl=63 time=146 ms
64 bytes from aaaa::212:7404:4:404: icmp_seq=102 ttl=63 time=180 ms
64 bytes from aaaa::212:7404:4:404: icmp_seq=103 ttl=63 time=181 ms
64 bytes from aaaa::212:7404:4:404: icmp_seq=109 ttl=63 time=550 ms
64 bytes from aaaa::212:7404:4:404: icmp_seq=110 ttl=63 time=60.2 ms
64 bytes from aaaa::212:7404:4:404: icmp_seq=111 ttl=63 time=124 ms
64 bytes from aaaa::212:7404:4:404: icmp_seq=114 ttl=63 time=79.3 ms
64 bytes from aaaa::212:7404:4:404: icmp_seq=115 ttl=63 time=56.9 ms
64 bytes from aaaa::212:7404:4:404: icmp_seq=117 ttl=63 time=370 ms
64 bytes from aaaa::212:7404:4:404: icmp_seq=118 ttl=63 time=99.5 ms
64 bytes from aaaa::212:7404:4:404: icmp_seq=119 ttl=63 time=282 ms
64 bytes from aaaa::212:7404:4:404: icmp_seq=121 ttl=63 time=153 ms
64 bytes from aaaa::212:7404:4:404: icmp_seq=123 ttl=63 time=276 ms
64 bytes from aaaa::212:7404:4:404: icmp_seq=124 ttl=63 time=265 ms
64 bytes from aaaa::212:7404:4:404: icmp_seq=125 ttl=63 time=243 ms
64 bytes from aaaa::212:7404:4:404: icmp_seq=126 ttl=63 time=50.0 ms
64 bytes from aaaa::212:7404:4:404: icmp_seq=140 ttl=63 time=96.5 ms
64 bytes from aaaa::212:7404:4:404: icmp_seq=141 ttl=63 time=60.2 ms
64 bytes from aaaa::212:7404:4:404: icmp_seq=145 ttl=63 time=80.5 ms
64 bytes from aaaa::212:7404:4:404: icmp_seq=146 ttl=63 time=195 ms
64 bytes from aaaa::212:7404:4:404: icmp_seq=147 ttl=63 time=149 ms
64 bytes from aaaa::212:7404:4:404: icmp_seq=148 ttl=63 time=179 ms
64 bytes from aaaa::212:7404:4:404: icmp_seq=149 ttl=63 time=191 ms
64 bytes from aaaa::212:7404:4:404: icmp_seq=150 ttl=63 time=109 ms
64 bytes from aaaa::212:7404:4:404: icmp_seq=151 ttl=63 time=735 ms
64 bytes from aaaa::212:7404:4:404: icmp_seq=152 ttl=63 time=102 ms
64 bytes from aaaa::212:7404:4:404: icmp_seq=153 ttl=63 time=105 ms
64 bytes from aaaa::212:7404:4:404: icmp_seq=154 ttl=63 time=128 ms
64 bytes from aaaa::212:7404:4:404: icmp_seq=155 ttl=63 time=266 ms
64 bytes from aaaa::212:7404:4:404: icmp_seq=156 ttl=63 time=182 ms
64 bytes from aaaa::212:7404:4:404: icmp_seq=157 ttl=63 time=109 ms
64 bytes from aaaa::212:7404:4:404: icmp_seq=159 ttl=63 time=132 ms
64 bytes from aaaa::212:7404:4:404: icmp_seq=160 ttl=63 time=155 ms
64 bytes from aaaa::212:7404:4:404: icmp_seq=161 ttl=63 time=80.1 ms
64 bytes from aaaa::212:7404:4:404: icmp_seq=162 ttl=63 time=203 ms
64 bytes from aaaa::212:7404:4:404: icmp_seq=163 ttl=63 time=132 ms
64 bytes from aaaa::212:7404:4:404: icmp_seq=164 ttl=63 time=505 ms
64 bytes from aaaa::212:7404:4:404: icmp_seq=165 ttl=63 time=71.8 ms
64 bytes from aaaa::212:7404:4:404: icmp_seq=166 ttl=63 time=60.2 ms
64 bytes from aaaa::212:7404:4:404: icmp_seq=167 ttl=63 time=84.7 ms
64 bytes from aaaa::212:7404:4:404: icmp_seq=168 ttl=63 time=72.6 ms
64 bytes from aaaa::212:7404:4:404: icmp_seq=169 ttl=63 time=80.0 ms
64 bytes from aaaa::212:7404:4:404: icmp_seq=170 ttl=63 time=51.9 ms
64 bytes from aaaa::212:7404:4:404: icmp_seq=171 ttl=63 time=55.4 ms
64 bytes from aaaa::212:7404:4:404: icmp_seq=172 ttl=63 time=68.9 ms
64 bytes from aaaa::212:7404:4:404: icmp_seq=173 ttl=63 time=69.1 ms
64 bytes from aaaa::212:7404:4:404: icmp_seq=174 ttl=63 time=51.2 ms
64 bytes from aaaa::212:7404:4:404: icmp_seq=175 ttl=63 time=51.4 ms
64 bytes from aaaa::212:7404:4:404: icmp_seq=176 ttl=63 time=71.0 ms
64 bytes from aaaa::212:7404:4:404: icmp_seq=177 ttl=63 time=37.1 ms
64 bytes from aaaa::212:7404:4:404: icmp_seq=178 ttl=63 time=74.3 ms
64 bytes from aaaa::212:7404:4:404: icmp_seq=179 ttl=63 time=66.4 ms
64 bytes from aaaa::212:7404:4:404: icmp_seq=180 ttl=63 time=52.3 ms
64 bytes from aaaa::212:7404:4:404: icmp_seq=181 ttl=63 time=108 ms
64 bytes from aaaa::212:7404:4:404: icmp_seq=182 ttl=63 time=81.1 ms
64 bytes from aaaa::212:7404:4:404: icmp_seq=184 ttl=63 time=57.9 ms
64 bytes from aaaa::212:7404:4:404: icmp_seq=185 ttl=63 time=221 ms
64 bytes from aaaa::212:7404:4:404: icmp_seq=186 ttl=63 time=112 ms
64 bytes from aaaa::212:7404:4:404: icmp_seq=188 ttl=63 time=87.8 ms
64 bytes from aaaa::212:7404:4:404: icmp_seq=189 ttl=63 time=87.2 ms
64 bytes from aaaa::212:7404:4:404: icmp_seq=190 ttl=63 time=171 ms
64 bytes from aaaa::212:7404:4:404: icmp_seq=191 ttl=63 time=78.5 ms
64 bytes from aaaa::212:7404:4:404: icmp_seq=192 ttl=63 time=107 ms
64 bytes from aaaa::212:7404:4:404: icmp_seq=193 ttl=63 time=59.8 ms
64 bytes from aaaa::212:7404:4:404: icmp_seq=195 ttl=63 time=104 ms
64 bytes from aaaa::212:7404:4:404: icmp_seq=196 ttl=63 time=151 ms
64 bytes from aaaa::212:7404:4:404: icmp_seq=197 ttl=63 time=126 ms
64 bytes from aaaa::212:7404:4:404: icmp_seq=198 ttl=63 time=81.3 ms
64 bytes from aaaa::212:7404:4:404: icmp_seq=199 ttl=63 time=248 ms

--- aaaa::212:7404:4:404 ping statistics ---
200 packets transmitted, 141 received, 29% packet loss, time 1002872ms
rtt min/avg/max/mdev = 37.112/214.650/1937.027/271.826 ms
