PING aaaa::212:7402:2:202(aaaa::212:7402:2:202) 56 data bytes
64 bytes from aaaa::212:7402:2:202: icmp_seq=1 ttl=62 time=211 ms
64 bytes from aaaa::212:7402:2:202: icmp_seq=2 ttl=62 time=637 ms
64 bytes from aaaa::212:7402:2:202: icmp_seq=3 ttl=62 time=381 ms
64 bytes from aaaa::212:7402:2:202: icmp_seq=7 ttl=62 time=2020 ms
64 bytes from aaaa::212:7402:2:202: icmp_seq=9 ttl=62 time=705 ms
64 bytes from aaaa::212:7402:2:202: icmp_seq=10 ttl=62 time=135 ms
64 bytes from aaaa::212:7402:2:202: icmp_seq=11 ttl=62 time=498 ms
64 bytes from aaaa::212:7402:2:202: icmp_seq=17 ttl=62 time=246 ms
64 bytes from aaaa::212:7402:2:202: icmp_seq=18 ttl=62 time=245 ms
64 bytes from aaaa::212:7402:2:202: icmp_seq=22 ttl=62 time=472 ms
64 bytes from aaaa::212:7402:2:202: icmp_seq=25 ttl=62 time=293 ms
64 bytes from aaaa::212:7402:2:202: icmp_seq=26 ttl=62 time=548 ms
64 bytes from aaaa::212:7402:2:202: icmp_seq=27 ttl=62 time=148 ms
64 bytes from aaaa::212:7402:2:202: icmp_seq=28 ttl=62 time=136 ms
64 bytes from aaaa::212:7402:2:202: icmp_seq=29 ttl=62 time=476 ms
64 bytes from aaaa::212:7402:2:202: icmp_seq=30 ttl=62 time=155 ms
64 bytes from aaaa::212:7402:2:202: icmp_seq=31 ttl=62 time=400 ms
64 bytes from aaaa::212:7402:2:202: icmp_seq=32 ttl=62 time=649 ms
64 bytes from aaaa::212:7402:2:202: icmp_seq=33 ttl=62 time=1359 ms
64 bytes from aaaa::212:7402:2:202: icmp_seq=36 ttl=62 time=145 ms
64 bytes from aaaa::212:7402:2:202: icmp_seq=37 ttl=62 time=167 ms
64 bytes from aaaa::212:7402:2:202: icmp_seq=38 ttl=62 time=507 ms
64 bytes from aaaa::212:7402:2:202: icmp_seq=39 ttl=62 time=503 ms
64 bytes from aaaa::212:7402:2:202: icmp_seq=41 ttl=62 time=1485 ms
64 bytes from aaaa::212:7402:2:202: icmp_seq=43 ttl=62 time=1342 ms
64 bytes from aaaa::212:7402:2:202: icmp_seq=44 ttl=62 time=213 ms
64 bytes from aaaa::212:7402:2:202: icmp_seq=45 ttl=62 time=545 ms
64 bytes from aaaa::212:7402:2:202: icmp_seq=46 ttl=62 time=529 ms
64 bytes from aaaa::212:7402:2:202: icmp_seq=47 ttl=62 time=750 ms
64 bytes from aaaa::212:7402:2:202: icmp_seq=48 ttl=62 time=1689 ms
64 bytes from aaaa::212:7402:2:202: icmp_seq=51 ttl=62 time=1776 ms
64 bytes from aaaa::212:7402:2:202: icmp_seq=52 ttl=62 time=691 ms
64 bytes from aaaa::212:7402:2:202: icmp_seq=58 ttl=62 time=1050 ms
64 bytes from aaaa::212:7402:2:202: icmp_seq=59 ttl=62 time=215 ms
64 bytes from aaaa::212:7402:2:202: icmp_seq=60 ttl=62 time=218 ms
64 bytes from aaaa::212:7402:2:202: icmp_seq=67 ttl=62 time=1137 ms
64 bytes from aaaa::212:7402:2:202: icmp_seq=68 ttl=62 time=878 ms
64 bytes from aaaa::212:7402:2:202: icmp_seq=69 ttl=62 time=283 ms
64 bytes from aaaa::212:7402:2:202: icmp_seq=70 ttl=62 time=517 ms
64 bytes from aaaa::212:7402:2:202: icmp_seq=73 ttl=62 time=256 ms
64 bytes from aaaa::212:7402:2:202: icmp_seq=75 ttl=62 time=217 ms
64 bytes from aaaa::212:7402:2:202: icmp_seq=76 ttl=62 time=356 ms
64 bytes from aaaa::212:7402:2:202: icmp_seq=77 ttl=62 time=214 ms
64 bytes from aaaa::212:7402:2:202: icmp_seq=78 ttl=62 time=1000 ms
64 bytes from aaaa::212:7402:2:202: icmp_seq=79 ttl=62 time=468 ms
64 bytes from aaaa::212:7402:2:202: icmp_seq=80 ttl=62 time=168 ms
64 bytes from aaaa::212:7402:2:202: icmp_seq=81 ttl=62 time=203 ms
64 bytes from aaaa::212:7402:2:202: icmp_seq=82 ttl=62 time=180 ms
64 bytes from aaaa::212:7402:2:202: icmp_seq=83 ttl=62 time=155 ms
64 bytes from aaaa::212:7402:2:202: icmp_seq=84 ttl=62 time=374 ms
64 bytes from aaaa::212:7402:2:202: icmp_seq=88 ttl=62 time=257 ms
64 bytes from aaaa::212:7402:2:202: icmp_seq=89 ttl=62 time=460 ms
64 bytes from aaaa::212:7402:2:202: icmp_seq=90 ttl=62 time=1418 ms
64 bytes from aaaa::212:7402:2:202: icmp_seq=91 ttl=62 time=689 ms
64 bytes from aaaa::212:7402:2:202: icmp_seq=92 ttl=62 time=236 ms
64 bytes from aaaa::212:7402:2:202: icmp_seq=93 ttl=62 time=799 ms
64 bytes from aaaa::212:7402:2:202: icmp_seq=94 ttl=62 time=310 ms
64 bytes from aaaa::212:7402:2:202: icmp_seq=95 ttl=62 time=319 ms
64 bytes from aaaa::212:7402:2:202: icmp_seq=96 ttl=62 time=210 ms
64 bytes from aaaa::212:7402:2:202: icmp_seq=97 ttl=62 time=137 ms
64 bytes from aaaa::212:7402:2:202: icmp_seq=98 ttl=62 time=227 ms
64 bytes from aaaa::212:7402:2:202: icmp_seq=99 ttl=62 time=128 ms
64 bytes from aaaa::212:7402:2:202: icmp_seq=100 ttl=62 time=231 ms
64 bytes from aaaa::212:7402:2:202: icmp_seq=102 ttl=62 time=495 ms
64 bytes from aaaa::212:7402:2:202: icmp_seq=103 ttl=62 time=636 ms
64 bytes from aaaa::212:7402:2:202: icmp_seq=104 ttl=62 time=254 ms
64 bytes from aaaa::212:7402:2:202: icmp_seq=105 ttl=62 time=650 ms
64 bytes from aaaa::212:7402:2:202: icmp_seq=106 ttl=62 time=298 ms
64 bytes from aaaa::212:7402:2:202: icmp_seq=107 ttl=62 time=389 ms
64 bytes from aaaa::212:7402:2:202: icmp_seq=108 ttl=62 time=371 ms
64 bytes from aaaa::212:7402:2:202: icmp_seq=110 ttl=62 time=348 ms
64 bytes from aaaa::212:7402:2:202: icmp_seq=111 ttl=62 time=284 ms
64 bytes from aaaa::212:7402:2:202: icmp_seq=112 ttl=62 time=307 ms
64 bytes from aaaa::212:7402:2:202: icmp_seq=113 ttl=62 time=289 ms
64 bytes from aaaa::212:7402:2:202: icmp_seq=114 ttl=62 time=254 ms
64 bytes from aaaa::212:7402:2:202: icmp_seq=115 ttl=62 time=380 ms
64 bytes from aaaa::212:7402:2:202: icmp_seq=116 ttl=62 time=219 ms
64 bytes from aaaa::212:7402:2:202: icmp_seq=117 ttl=62 time=365 ms
64 bytes from aaaa::212:7402:2:202: icmp_seq=118 ttl=62 time=261 ms
64 bytes from aaaa::212:7402:2:202: icmp_seq=119 ttl=62 time=198 ms
64 bytes from aaaa::212:7402:2:202: icmp_seq=120 ttl=62 time=418 ms
64 bytes from aaaa::212:7402:2:202: icmp_seq=121 ttl=62 time=563 ms
64 bytes from aaaa::212:7402:2:202: icmp_seq=122 ttl=62 time=315 ms
64 bytes from aaaa::212:7402:2:202: icmp_seq=123 ttl=62 time=599 ms
64 bytes from aaaa::212:7402:2:202: icmp_seq=124 ttl=62 time=799 ms
64 bytes from aaaa::212:7402:2:202: icmp_seq=125 ttl=62 time=512 ms
64 bytes from aaaa::212:7402:2:202: icmp_seq=126 ttl=62 time=181 ms
64 bytes from aaaa::212:7402:2:202: icmp_seq=127 ttl=62 time=356 ms
64 bytes from aaaa::212:7402:2:202: icmp_seq=128 ttl=62 time=585 ms
64 bytes from aaaa::212:7402:2:202: icmp_seq=129 ttl=62 time=430 ms
64 bytes from aaaa::212:7402:2:202: icmp_seq=130 ttl=62 time=226 ms
64 bytes from aaaa::212:7402:2:202: icmp_seq=131 ttl=62 time=166 ms
64 bytes from aaaa::212:7402:2:202: icmp_seq=132 ttl=62 time=265 ms
64 bytes from aaaa::212:7402:2:202: icmp_seq=133 ttl=62 time=163 ms
64 bytes from aaaa::212:7402:2:202: icmp_seq=134 ttl=62 time=206 ms
64 bytes from aaaa::212:7402:2:202: icmp_seq=135 ttl=62 time=215 ms
64 bytes from aaaa::212:7402:2:202: icmp_seq=136 ttl=62 time=180 ms
64 bytes from aaaa::212:7402:2:202: icmp_seq=137 ttl=62 time=179 ms
64 bytes from aaaa::212:7402:2:202: icmp_seq=138 ttl=62 time=230 ms
64 bytes from aaaa::212:7402:2:202: icmp_seq=139 ttl=62 time=341 ms
64 bytes from aaaa::212:7402:2:202: icmp_seq=140 ttl=62 time=329 ms
64 bytes from aaaa::212:7402:2:202: icmp_seq=141 ttl=62 time=275 ms
64 bytes from aaaa::212:7402:2:202: icmp_seq=142 ttl=62 time=683 ms
64 bytes from aaaa::212:7402:2:202: icmp_seq=143 ttl=62 time=206 ms
64 bytes from aaaa::212:7402:2:202: icmp_seq=144 ttl=62 time=293 ms
64 bytes from aaaa::212:7402:2:202: icmp_seq=145 ttl=62 time=250 ms
64 bytes from aaaa::212:7402:2:202: icmp_seq=146 ttl=62 time=249 ms
64 bytes from aaaa::212:7402:2:202: icmp_seq=147 ttl=62 time=427 ms
64 bytes from aaaa::212:7402:2:202: icmp_seq=148 ttl=62 time=847 ms
64 bytes from aaaa::212:7402:2:202: icmp_seq=149 ttl=62 time=275 ms
64 bytes from aaaa::212:7402:2:202: icmp_seq=150 ttl=62 time=297 ms
64 bytes from aaaa::212:7402:2:202: icmp_seq=152 ttl=62 time=729 ms
64 bytes from aaaa::212:7402:2:202: icmp_seq=153 ttl=62 time=408 ms
64 bytes from aaaa::212:7402:2:202: icmp_seq=154 ttl=62 time=326 ms
64 bytes from aaaa::212:7402:2:202: icmp_seq=155 ttl=62 time=809 ms
64 bytes from aaaa::212:7402:2:202: icmp_seq=156 ttl=62 time=254 ms
64 bytes from aaaa::212:7402:2:202: icmp_seq=157 ttl=62 time=214 ms
64 bytes from aaaa::212:7402:2:202: icmp_seq=158 ttl=62 time=471 ms
64 bytes from aaaa::212:7402:2:202: icmp_seq=160 ttl=62 time=312 ms
64 bytes from aaaa::212:7402:2:202: icmp_seq=161 ttl=62 time=188 ms
64 bytes from aaaa::212:7402:2:202: icmp_seq=162 ttl=62 time=263 ms
64 bytes from aaaa::212:7402:2:202: icmp_seq=163 ttl=62 time=395 ms
64 bytes from aaaa::212:7402:2:202: icmp_seq=164 ttl=62 time=430 ms
64 bytes from aaaa::212:7402:2:202: icmp_seq=165 ttl=62 time=255 ms
64 bytes from aaaa::212:7402:2:202: icmp_seq=166 ttl=62 time=250 ms
64 bytes from aaaa::212:7402:2:202: icmp_seq=167 ttl=62 time=372 ms
64 bytes from aaaa::212:7402:2:202: icmp_seq=168 ttl=62 time=283 ms
64 bytes from aaaa::212:7402:2:202: icmp_seq=169 ttl=62 time=442 ms
64 bytes from aaaa::212:7402:2:202: icmp_seq=170 ttl=62 time=394 ms
64 bytes from aaaa::212:7402:2:202: icmp_seq=171 ttl=62 time=145 ms
64 bytes from aaaa::212:7402:2:202: icmp_seq=172 ttl=62 time=185 ms
64 bytes from aaaa::212:7402:2:202: icmp_seq=175 ttl=62 time=330 ms
64 bytes from aaaa::212:7402:2:202: icmp_seq=176 ttl=62 time=295 ms
64 bytes from aaaa::212:7402:2:202: icmp_seq=183 ttl=62 time=717 ms
64 bytes from aaaa::212:7402:2:202: icmp_seq=185 ttl=62 time=1101 ms
64 bytes from aaaa::212:7402:2:202: icmp_seq=193 ttl=62 time=727 ms
64 bytes from aaaa::212:7402:2:202: icmp_seq=194 ttl=62 time=511 ms
64 bytes from aaaa::212:7402:2:202: icmp_seq=200 ttl=62 time=299 ms

--- aaaa::212:7402:2:202 ping statistics ---
200 packets transmitted, 138 received, 31% packet loss, time 1003677ms
rtt min/avg/max/mdev = 128.110/446.384/2020.593/342.466 ms
