PING aaaa::212:7404:4:404(aaaa::212:7404:4:404) 56 data bytes
64 bytes from aaaa::212:7404:4:404: icmp_seq=1 ttl=63 time=204 ms
64 bytes from aaaa::212:7404:4:404: icmp_seq=2 ttl=63 time=295 ms
64 bytes from aaaa::212:7404:4:404: icmp_seq=3 ttl=63 time=299 ms
64 bytes from aaaa::212:7404:4:404: icmp_seq=4 ttl=63 time=481 ms
64 bytes from aaaa::212:7404:4:404: icmp_seq=5 ttl=63 time=987 ms
64 bytes from aaaa::212:7404:4:404: icmp_seq=19 ttl=63 time=108 ms
64 bytes from aaaa::212:7404:4:404: icmp_seq=21 ttl=63 time=70.3 ms
64 bytes from aaaa::212:7404:4:404: icmp_seq=24 ttl=63 time=159 ms
64 bytes from aaaa::212:7404:4:404: icmp_seq=25 ttl=63 time=278 ms
64 bytes from aaaa::212:7404:4:404: icmp_seq=28 ttl=63 time=266 ms
64 bytes from aaaa::212:7404:4:404: icmp_seq=32 ttl=63 time=344 ms
64 bytes from aaaa::212:7404:4:404: icmp_seq=33 ttl=63 time=208 ms
64 bytes from aaaa::212:7404:4:404: icmp_seq=35 ttl=63 time=128 ms
64 bytes from aaaa::212:7404:4:404: icmp_seq=36 ttl=63 time=323 ms
64 bytes from aaaa::212:7404:4:404: icmp_seq=37 ttl=63 time=72.8 ms
64 bytes from aaaa::212:7404:4:404: icmp_seq=38 ttl=63 time=1043 ms
64 bytes from aaaa::212:7404:4:404: icmp_seq=39 ttl=63 time=136 ms
64 bytes from aaaa::212:7404:4:404: icmp_seq=40 ttl=63 time=155 ms
64 bytes from aaaa::212:7404:4:404: icmp_seq=44 ttl=63 time=812 ms
64 bytes from aaaa::212:7404:4:404: icmp_seq=45 ttl=63 time=140 ms
64 bytes from aaaa::212:7404:4:404: icmp_seq=47 ttl=63 time=126 ms
64 bytes from aaaa::212:7404:4:404: icmp_seq=49 ttl=63 time=1510 ms
64 bytes from aaaa::212:7404:4:404: icmp_seq=56 ttl=63 time=150 ms
64 bytes from aaaa::212:7404:4:404: icmp_seq=58 ttl=63 time=449 ms
64 bytes from aaaa::212:7404:4:404: icmp_seq=66 ttl=63 time=1364 ms
64 bytes from aaaa::212:7404:4:404: icmp_seq=67 ttl=63 time=760 ms
64 bytes from aaaa::212:7404:4:404: icmp_seq=68 ttl=63 time=127 ms
64 bytes from aaaa::212:7404:4:404: icmp_seq=69 ttl=63 time=294 ms
64 bytes from aaaa::212:7404:4:404: icmp_seq=71 ttl=63 time=204 ms
64 bytes from aaaa::212:7404:4:404: icmp_seq=72 ttl=63 time=103 ms
64 bytes from aaaa::212:7404:4:404: icmp_seq=73 ttl=63 time=97.0 ms
64 bytes from aaaa::212:7404:4:404: icmp_seq=75 ttl=63 time=1554 ms
64 bytes from aaaa::212:7404:4:404: icmp_seq=76 ttl=63 time=190 ms
64 bytes from aaaa::212:7404:4:404: icmp_seq=77 ttl=63 time=112 ms
64 bytes from aaaa::212:7404:4:404: icmp_seq=78 ttl=63 time=271 ms
64 bytes from aaaa::212:7404:4:404: icmp_seq=79 ttl=63 time=275 ms
64 bytes from aaaa::212:7404:4:404: icmp_seq=80 ttl=63 time=120 ms
64 bytes from aaaa::212:7404:4:404: icmp_seq=81 ttl=63 time=365 ms
64 bytes from aaaa::212:7404:4:404: icmp_seq=82 ttl=63 time=73.3 ms
64 bytes from aaaa::212:7404:4:404: icmp_seq=84 ttl=63 time=396 ms
64 bytes from aaaa::212:7404:4:404: icmp_seq=85 ttl=63 time=392 ms
64 bytes from aaaa::212:7404:4:404: icmp_seq=86 ttl=63 time=118 ms
64 bytes from aaaa::212:7404:4:404: icmp_seq=87 ttl=63 time=181 ms
64 bytes from aaaa::212:7404:4:404: icmp_seq=88 ttl=63 time=75.8 ms
64 bytes from aaaa::212:7404:4:404: icmp_seq=89 ttl=63 time=199 ms
64 bytes from aaaa::212:7404:4:404: icmp_seq=90 ttl=63 time=89.2 ms
64 bytes from aaaa::212:7404:4:404: icmp_seq=91 ttl=63 time=105 ms
64 bytes from aaaa::212:7404:4:404: icmp_seq=92 ttl=63 time=97.9 ms
64 bytes from aaaa::212:7404:4:404: icmp_seq=93 ttl=63 time=103 ms
64 bytes from aaaa::212:7404:4:404: icmp_seq=94 ttl=63 time=96.0 ms
64 bytes from aaaa::212:7404:4:404: icmp_seq=95 ttl=63 time=297 ms
64 bytes from aaaa::212:7404:4:404: icmp_seq=96 ttl=63 time=779 ms
64 bytes from aaaa::212:7404:4:404: icmp_seq=97 ttl=63 time=320 ms
64 bytes from aaaa::212:7404:4:404: icmp_seq=98 ttl=63 time=252 ms
64 bytes from aaaa::212:7404:4:404: icmp_seq=99 ttl=63 time=830 ms
64 bytes from aaaa::212:7404:4:404: icmp_seq=100 ttl=63 time=108 ms
64 bytes from aaaa::212:7404:4:404: icmp_seq=102 ttl=63 time=86.1 ms
64 bytes from aaaa::212:7404:4:404: icmp_seq=103 ttl=63 time=113 ms
64 bytes from aaaa::212:7404:4:404: icmp_seq=104 ttl=63 time=448 ms
64 bytes from aaaa::212:7404:4:404: icmp_seq=105 ttl=63 time=245 ms
64 bytes from aaaa::212:7404:4:404: icmp_seq=106 ttl=63 time=152 ms
64 bytes from aaaa::212:7404:4:404: icmp_seq=108 ttl=63 time=496 ms
64 bytes from aaaa::212:7404:4:404: icmp_seq=109 ttl=63 time=147 ms
64 bytes from aaaa::212:7404:4:404: icmp_seq=110 ttl=63 time=88.1 ms
64 bytes from aaaa::212:7404:4:404: icmp_seq=111 ttl=63 time=133 ms
64 bytes from aaaa::212:7404:4:404: icmp_seq=112 ttl=63 time=293 ms
64 bytes from aaaa::212:7404:4:404: icmp_seq=113 ttl=63 time=212 ms
64 bytes from aaaa::212:7404:4:404: icmp_seq=114 ttl=63 time=214 ms
64 bytes from aaaa::212:7404:4:404: icmp_seq=115 ttl=63 time=124 ms
64 bytes from aaaa::212:7404:4:404: icmp_seq=116 ttl=63 time=79.9 ms
64 bytes from aaaa::212:7404:4:404: icmp_seq=117 ttl=63 time=180 ms
64 bytes from aaaa::212:7404:4:404: icmp_seq=118 ttl=63 time=292 ms
64 bytes from aaaa::212:7404:4:404: icmp_seq=119 ttl=63 time=215 ms
64 bytes from aaaa::212:7404:4:404: icmp_seq=121 ttl=63 time=281 ms
64 bytes from aaaa::212:7404:4:404: icmp_seq=122 ttl=63 time=119 ms
64 bytes from aaaa::212:7404:4:404: icmp_seq=123 ttl=63 time=207 ms
64 bytes from aaaa::212:7404:4:404: icmp_seq=124 ttl=63 time=318 ms
64 bytes from aaaa::212:7404:4:404: icmp_seq=125 ttl=63 time=198 ms
64 bytes from aaaa::212:7404:4:404: icmp_seq=126 ttl=63 time=170 ms
64 bytes from aaaa::212:7404:4:404: icmp_seq=127 ttl=63 time=631 ms
64 bytes from aaaa::212:7404:4:404: icmp_seq=128 ttl=63 time=315 ms
64 bytes from aaaa::212:7404:4:404: icmp_seq=130 ttl=63 time=76.8 ms
64 bytes from aaaa::212:7404:4:404: icmp_seq=131 ttl=63 time=107 ms
64 bytes from aaaa::212:7404:4:404: icmp_seq=133 ttl=63 time=112 ms
64 bytes from aaaa::212:7404:4:404: icmp_seq=134 ttl=63 time=216 ms
64 bytes from aaaa::212:7404:4:404: icmp_seq=135 ttl=63 time=202 ms
64 bytes from aaaa::212:7404:4:404: icmp_seq=136 ttl=63 time=415 ms
64 bytes from aaaa::212:7404:4:404: icmp_seq=137 ttl=63 time=401 ms
64 bytes from aaaa::212:7404:4:404: icmp_seq=138 ttl=63 time=139 ms
64 bytes from aaaa::212:7404:4:404: icmp_seq=139 ttl=63 time=117 ms
64 bytes from aaaa::212:7404:4:404: icmp_seq=140 ttl=63 time=190 ms
64 bytes from aaaa::212:7404:4:404: icmp_seq=141 ttl=63 time=136 ms
64 bytes from aaaa::212:7404:4:404: icmp_seq=144 ttl=63 time=692 ms
64 bytes from aaaa::212:7404:4:404: icmp_seq=145 ttl=63 time=140 ms
64 bytes from aaaa::212:7404:4:404: icmp_seq=146 ttl=63 time=284 ms
64 bytes from aaaa::212:7404:4:404: icmp_seq=147 ttl=63 time=88.6 ms
64 bytes from aaaa::212:7404:4:404: icmp_seq=149 ttl=63 time=182 ms
64 bytes from aaaa::212:7404:4:404: icmp_seq=150 ttl=63 time=397 ms
64 bytes from aaaa::212:7404:4:404: icmp_seq=151 ttl=63 time=99.2 ms
64 bytes from aaaa::212:7404:4:404: icmp_seq=152 ttl=63 time=211 ms
64 bytes from aaaa::212:7404:4:404: icmp_seq=154 ttl=63 time=138 ms
64 bytes from aaaa::212:7404:4:404: icmp_seq=155 ttl=63 time=290 ms
64 bytes from aaaa::212:7404:4:404: icmp_seq=156 ttl=63 time=153 ms
64 bytes from aaaa::212:7404:4:404: icmp_seq=157 ttl=63 time=178 ms
64 bytes from aaaa::212:7404:4:404: icmp_seq=158 ttl=63 time=112 ms
64 bytes from aaaa::212:7404:4:404: icmp_seq=159 ttl=63 time=155 ms
64 bytes from aaaa::212:7404:4:404: icmp_seq=160 ttl=63 time=170 ms
64 bytes from aaaa::212:7404:4:404: icmp_seq=161 ttl=63 time=177 ms
64 bytes from aaaa::212:7404:4:404: icmp_seq=162 ttl=63 time=308 ms
64 bytes from aaaa::212:7404:4:404: icmp_seq=163 ttl=63 time=162 ms
64 bytes from aaaa::212:7404:4:404: icmp_seq=164 ttl=63 time=289 ms
64 bytes from aaaa::212:7404:4:404: icmp_seq=165 ttl=63 time=142 ms
64 bytes from aaaa::212:7404:4:404: icmp_seq=166 ttl=63 time=130 ms
64 bytes from aaaa::212:7404:4:404: icmp_seq=167 ttl=63 time=147 ms
64 bytes from aaaa::212:7404:4:404: icmp_seq=168 ttl=63 time=100 ms
64 bytes from aaaa::212:7404:4:404: icmp_seq=169 ttl=63 time=169 ms
64 bytes from aaaa::212:7404:4:404: icmp_seq=170 ttl=63 time=196 ms
64 bytes from aaaa::212:7404:4:404: icmp_seq=171 ttl=63 time=268 ms
64 bytes from aaaa::212:7404:4:404: icmp_seq=172 ttl=63 time=256 ms
64 bytes from aaaa::212:7404:4:404: icmp_seq=173 ttl=63 time=147 ms
64 bytes from aaaa::212:7404:4:404: icmp_seq=174 ttl=63 time=331 ms
64 bytes from aaaa::212:7404:4:404: icmp_seq=175 ttl=63 time=142 ms
64 bytes from aaaa::212:7404:4:404: icmp_seq=177 ttl=63 time=319 ms
64 bytes from aaaa::212:7404:4:404: icmp_seq=178 ttl=63 time=191 ms
64 bytes from aaaa::212:7404:4:404: icmp_seq=179 ttl=63 time=167 ms
64 bytes from aaaa::212:7404:4:404: icmp_seq=180 ttl=63 time=119 ms
64 bytes from aaaa::212:7404:4:404: icmp_seq=181 ttl=63 time=286 ms
64 bytes from aaaa::212:7404:4:404: icmp_seq=184 ttl=63 time=1223 ms
64 bytes from aaaa::212:7404:4:404: icmp_seq=185 ttl=63 time=123 ms
64 bytes from aaaa::212:7404:4:404: icmp_seq=186 ttl=63 time=157 ms
64 bytes from aaaa::212:7404:4:404: icmp_seq=187 ttl=63 time=145 ms
64 bytes from aaaa::212:7404:4:404: icmp_seq=188 ttl=63 time=158 ms
64 bytes from aaaa::212:7404:4:404: icmp_seq=190 ttl=63 time=986 ms
64 bytes from aaaa::212:7404:4:404: icmp_seq=191 ttl=63 time=98.7 ms
64 bytes from aaaa::212:7404:4:404: icmp_seq=192 ttl=63 time=1032 ms
64 bytes from aaaa::212:7404:4:404: icmp_seq=194 ttl=63 time=331 ms
64 bytes from aaaa::212:7404:4:404: icmp_seq=195 ttl=63 time=760 ms
64 bytes from aaaa::212:7404:4:404: icmp_seq=196 ttl=63 time=347 ms
64 bytes from aaaa::212:7404:4:404: icmp_seq=198 ttl=63 time=78.3 ms
64 bytes from aaaa::212:7404:4:404: icmp_seq=200 ttl=63 time=592 ms

--- aaaa::212:7404:4:404 ping statistics ---
200 packets transmitted, 140 received, 30% packet loss, time 1003721ms
rtt min/avg/max/mdev = 70.322/288.485/1554.227/281.100 ms
