PING aaaa::212:7402:2:202(aaaa::212:7402:2:202) 56 data bytes
64 bytes from aaaa::212:7402:2:202: icmp_seq=1 ttl=62 time=217 ms
64 bytes from aaaa::212:7402:2:202: icmp_seq=6 ttl=62 time=145 ms
64 bytes from aaaa::212:7402:2:202: icmp_seq=7 ttl=62 time=226 ms
64 bytes from aaaa::212:7402:2:202: icmp_seq=8 ttl=62 time=144 ms
64 bytes from aaaa::212:7402:2:202: icmp_seq=9 ttl=62 time=262 ms
64 bytes from aaaa::212:7402:2:202: icmp_seq=10 ttl=62 time=220 ms
64 bytes from aaaa::212:7402:2:202: icmp_seq=11 ttl=62 time=1064 ms
64 bytes from aaaa::212:7402:2:202: icmp_seq=14 ttl=62 time=563 ms
64 bytes from aaaa::212:7402:2:202: icmp_seq=15 ttl=62 time=1053 ms
64 bytes from aaaa::212:7402:2:202: icmp_seq=16 ttl=62 time=234 ms
64 bytes from aaaa::212:7402:2:202: icmp_seq=17 ttl=62 time=281 ms
64 bytes from aaaa::212:7402:2:202: icmp_seq=18 ttl=62 time=327 ms
64 bytes from aaaa::212:7402:2:202: icmp_seq=19 ttl=62 time=184 ms
64 bytes from aaaa::212:7402:2:202: icmp_seq=20 ttl=62 time=326 ms
64 bytes from aaaa::212:7402:2:202: icmp_seq=22 ttl=62 time=410 ms
64 bytes from aaaa::212:7402:2:202: icmp_seq=23 ttl=62 time=560 ms
64 bytes from aaaa::212:7402:2:202: icmp_seq=24 ttl=62 time=346 ms
64 bytes from aaaa::212:7402:2:202: icmp_seq=26 ttl=62 time=208 ms
64 bytes from aaaa::212:7402:2:202: icmp_seq=27 ttl=62 time=130 ms
64 bytes from aaaa::212:7402:2:202: icmp_seq=29 ttl=62 time=396 ms
64 bytes from aaaa::212:7402:2:202: icmp_seq=30 ttl=62 time=196 ms
64 bytes from aaaa::212:7402:2:202: icmp_seq=31 ttl=62 time=481 ms
64 bytes from aaaa::212:7402:2:202: icmp_seq=32 ttl=62 time=344 ms
64 bytes from aaaa::212:7402:2:202: icmp_seq=33 ttl=62 time=806 ms
64 bytes from aaaa::212:7402:2:202: icmp_seq=37 ttl=62 time=1067 ms
64 bytes from aaaa::212:7402:2:202: icmp_seq=38 ttl=62 time=284 ms
64 bytes from aaaa::212:7402:2:202: icmp_seq=39 ttl=62 time=296 ms
64 bytes from aaaa::212:7402:2:202: icmp_seq=40 ttl=62 time=755 ms
64 bytes from aaaa::212:7402:2:202: icmp_seq=42 ttl=62 time=667 ms
64 bytes from aaaa::212:7402:2:202: icmp_seq=45 ttl=62 time=160 ms
64 bytes from aaaa::212:7402:2:202: icmp_seq=47 ttl=62 time=262 ms
64 bytes from aaaa::212:7402:2:202: icmp_seq=48 ttl=62 time=779 ms
64 bytes from aaaa::212:7402:2:202: icmp_seq=53 ttl=61 time=250 ms
64 bytes from aaaa::212:7402:2:202: icmp_seq=54 ttl=61 time=650 ms
64 bytes from aaaa::212:7402:2:202: icmp_seq=55 ttl=61 time=1049 ms
64 bytes from aaaa::212:7402:2:202: icmp_seq=56 ttl=61 time=1068 ms
64 bytes from aaaa::212:7402:2:202: icmp_seq=57 ttl=61 time=265 ms
64 bytes from aaaa::212:7402:2:202: icmp_seq=58 ttl=62 time=1426 ms
64 bytes from aaaa::212:7402:2:202: icmp_seq=59 ttl=62 time=657 ms
64 bytes from aaaa::212:7402:2:202: icmp_seq=60 ttl=62 time=744 ms
64 bytes from aaaa::212:7402:2:202: icmp_seq=61 ttl=62 time=1041 ms
64 bytes from aaaa::212:7402:2:202: icmp_seq=62 ttl=62 time=236 ms
64 bytes from aaaa::212:7402:2:202: icmp_seq=63 ttl=62 time=152 ms
64 bytes from aaaa::212:7402:2:202: icmp_seq=64 ttl=62 time=202 ms
64 bytes from aaaa::212:7402:2:202: icmp_seq=65 ttl=62 time=122 ms
64 bytes from aaaa::212:7402:2:202: icmp_seq=66 ttl=62 time=1142 ms
64 bytes from aaaa::212:7402:2:202: icmp_seq=67 ttl=62 time=740 ms
64 bytes from aaaa::212:7402:2:202: icmp_seq=68 ttl=62 time=168 ms
64 bytes from aaaa::212:7402:2:202: icmp_seq=72 ttl=62 time=263 ms
64 bytes from aaaa::212:7402:2:202: icmp_seq=73 ttl=62 time=178 ms
64 bytes from aaaa::212:7402:2:202: icmp_seq=74 ttl=62 time=771 ms
64 bytes from aaaa::212:7402:2:202: icmp_seq=75 ttl=62 time=733 ms
64 bytes from aaaa::212:7402:2:202: icmp_seq=76 ttl=62 time=1056 ms
64 bytes from aaaa::212:7402:2:202: icmp_seq=77 ttl=62 time=678 ms
64 bytes from aaaa::212:7402:2:202: icmp_seq=78 ttl=62 time=490 ms
64 bytes from aaaa::212:7402:2:202: icmp_seq=80 ttl=62 time=270 ms
64 bytes from aaaa::212:7402:2:202: icmp_seq=81 ttl=62 time=244 ms
64 bytes from aaaa::212:7402:2:202: icmp_seq=82 ttl=62 time=163 ms
64 bytes from aaaa::212:7402:2:202: icmp_seq=83 ttl=62 time=281 ms
64 bytes from aaaa::212:7402:2:202: icmp_seq=84 ttl=62 time=525 ms
64 bytes from aaaa::212:7402:2:202: icmp_seq=85 ttl=62 time=388 ms
64 bytes from aaaa::212:7402:2:202: icmp_seq=86 ttl=62 time=188 ms
64 bytes from aaaa::212:7402:2:202: icmp_seq=92 ttl=62 time=528 ms
64 bytes from aaaa::212:7402:2:202: icmp_seq=93 ttl=62 time=548 ms
64 bytes from aaaa::212:7402:2:202: icmp_seq=94 ttl=62 time=216 ms
64 bytes from aaaa::212:7402:2:202: icmp_seq=95 ttl=62 time=205 ms
64 bytes from aaaa::212:7402:2:202: icmp_seq=96 ttl=62 time=232 ms
64 bytes from aaaa::212:7402:2:202: icmp_seq=97 ttl=62 time=228 ms
64 bytes from aaaa::212:7402:2:202: icmp_seq=98 ttl=62 time=265 ms
64 bytes from aaaa::212:7402:2:202: icmp_seq=99 ttl=62 time=607 ms
64 bytes from aaaa::212:7402:2:202: icmp_seq=100 ttl=62 time=351 ms
64 bytes from aaaa::212:7402:2:202: icmp_seq=101 ttl=62 time=215 ms
64 bytes from aaaa::212:7402:2:202: icmp_seq=102 ttl=62 time=267 ms
64 bytes from aaaa::212:7402:2:202: icmp_seq=103 ttl=62 time=267 ms
64 bytes from aaaa::212:7402:2:202: icmp_seq=104 ttl=62 time=233 ms
64 bytes from aaaa::212:7402:2:202: icmp_seq=105 ttl=62 time=892 ms
64 bytes from aaaa::212:7402:2:202: icmp_seq=106 ttl=62 time=382 ms
64 bytes from aaaa::212:7402:2:202: icmp_seq=108 ttl=62 time=279 ms
64 bytes from aaaa::212:7402:2:202: icmp_seq=109 ttl=62 time=435 ms
64 bytes from aaaa::212:7402:2:202: icmp_seq=110 ttl=62 time=324 ms
64 bytes from aaaa::212:7402:2:202: icmp_seq=111 ttl=62 time=403 ms
64 bytes from aaaa::212:7402:2:202: icmp_seq=112 ttl=62 time=700 ms
64 bytes from aaaa::212:7402:2:202: icmp_seq=113 ttl=62 time=392 ms
64 bytes from aaaa::212:7402:2:202: icmp_seq=114 ttl=62 time=181 ms
64 bytes from aaaa::212:7402:2:202: icmp_seq=127 ttl=62 time=179 ms
64 bytes from aaaa::212:7402:2:202: icmp_seq=128 ttl=62 time=448 ms
64 bytes from aaaa::212:7402:2:202: icmp_seq=131 ttl=62 time=819 ms
64 bytes from aaaa::212:7402:2:202: icmp_seq=133 ttl=62 time=333 ms
64 bytes from aaaa::212:7402:2:202: icmp_seq=134 ttl=62 time=393 ms
64 bytes from aaaa::212:7402:2:202: icmp_seq=136 ttl=62 time=1466 ms
64 bytes from aaaa::212:7402:2:202: icmp_seq=139 ttl=62 time=948 ms
64 bytes from aaaa::212:7402:2:202: icmp_seq=140 ttl=62 time=576 ms
64 bytes from aaaa::212:7402:2:202: icmp_seq=142 ttl=62 time=704 ms
64 bytes from aaaa::212:7402:2:202: icmp_seq=145 ttl=61 time=1194 ms
64 bytes from aaaa::212:7402:2:202: icmp_seq=147 ttl=61 time=1245 ms
64 bytes from aaaa::212:7402:2:202: icmp_seq=148 ttl=61 time=1439 ms
64 bytes from aaaa::212:7402:2:202: icmp_seq=150 ttl=61 time=273 ms
64 bytes from aaaa::212:7402:2:202: icmp_seq=154 ttl=62 time=775 ms
64 bytes from aaaa::212:7402:2:202: icmp_seq=155 ttl=62 time=478 ms
64 bytes from aaaa::212:7402:2:202: icmp_seq=161 ttl=62 time=1344 ms
64 bytes from aaaa::212:7402:2:202: icmp_seq=163 ttl=62 time=494 ms
64 bytes from aaaa::212:7402:2:202: icmp_seq=164 ttl=62 time=608 ms
64 bytes from aaaa::212:7402:2:202: icmp_seq=165 ttl=62 time=194 ms
64 bytes from aaaa::212:7402:2:202: icmp_seq=166 ttl=62 time=289 ms
64 bytes from aaaa::212:7402:2:202: icmp_seq=167 ttl=62 time=604 ms
64 bytes from aaaa::212:7402:2:202: icmp_seq=168 ttl=62 time=288 ms
64 bytes from aaaa::212:7402:2:202: icmp_seq=169 ttl=62 time=182 ms
64 bytes from aaaa::212:7402:2:202: icmp_seq=170 ttl=62 time=238 ms
64 bytes from aaaa::212:7402:2:202: icmp_seq=171 ttl=62 time=791 ms
64 bytes from aaaa::212:7402:2:202: icmp_seq=172 ttl=62 time=588 ms
64 bytes from aaaa::212:7402:2:202: icmp_seq=173 ttl=62 time=305 ms
64 bytes from aaaa::212:7402:2:202: icmp_seq=175 ttl=62 time=1177 ms
64 bytes from aaaa::212:7402:2:202: icmp_seq=176 ttl=62 time=774 ms
64 bytes from aaaa::212:7402:2:202: icmp_seq=177 ttl=62 time=211 ms
64 bytes from aaaa::212:7402:2:202: icmp_seq=178 ttl=62 time=296 ms
64 bytes from aaaa::212:7402:2:202: icmp_seq=179 ttl=62 time=157 ms
64 bytes from aaaa::212:7402:2:202: icmp_seq=180 ttl=62 time=244 ms
64 bytes from aaaa::212:7402:2:202: icmp_seq=181 ttl=62 time=445 ms
64 bytes from aaaa::212:7402:2:202: icmp_seq=182 ttl=62 time=197 ms
64 bytes from aaaa::212:7402:2:202: icmp_seq=183 ttl=62 time=669 ms
64 bytes from aaaa::212:7402:2:202: icmp_seq=184 ttl=62 time=406 ms
64 bytes from aaaa::212:7402:2:202: icmp_seq=186 ttl=62 time=1545 ms
64 bytes from aaaa::212:7402:2:202: icmp_seq=187 ttl=62 time=258 ms
64 bytes from aaaa::212:7402:2:202: icmp_seq=189 ttl=62 time=967 ms
64 bytes from aaaa::212:7402:2:202: icmp_seq=192 ttl=62 time=177 ms
64 bytes from aaaa::212:7402:2:202: icmp_seq=193 ttl=62 time=1229 ms
64 bytes from aaaa::212:7402:2:202: icmp_seq=194 ttl=62 time=316 ms
64 bytes from aaaa::212:7402:2:202: icmp_seq=195 ttl=62 time=392 ms
64 bytes from aaaa::212:7402:2:202: icmp_seq=196 ttl=62 time=287 ms
64 bytes from aaaa::212:7402:2:202: icmp_seq=197 ttl=62 time=536 ms
64 bytes from aaaa::212:7402:2:202: icmp_seq=198 ttl=62 time=647 ms
64 bytes from aaaa::212:7402:2:202: icmp_seq=199 ttl=61 time=1107 ms

--- aaaa::212:7402:2:202 ping statistics ---
200 packets transmitted, 132 received, 34% packet loss, time 1004792ms
rtt min/avg/max/mdev = 122.357/507.435/1545.644/347.416 ms
