PING aaaa::212:7402:2:202(aaaa::212:7402:2:202) 56 data bytes
64 bytes from aaaa::212:7402:2:202: icmp_seq=1 ttl=62 time=185 ms
64 bytes from aaaa::212:7402:2:202: icmp_seq=2 ttl=62 time=210 ms
64 bytes from aaaa::212:7402:2:202: icmp_seq=3 ttl=62 time=178 ms
64 bytes from aaaa::212:7402:2:202: icmp_seq=4 ttl=62 time=174 ms
64 bytes from aaaa::212:7402:2:202: icmp_seq=5 ttl=62 time=645 ms
64 bytes from aaaa::212:7402:2:202: icmp_seq=7 ttl=62 time=201 ms
64 bytes from aaaa::212:7402:2:202: icmp_seq=8 ttl=62 time=125 ms
64 bytes from aaaa::212:7402:2:202: icmp_seq=9 ttl=62 time=243 ms
64 bytes from aaaa::212:7402:2:202: icmp_seq=10 ttl=62 time=260 ms
64 bytes from aaaa::212:7402:2:202: icmp_seq=12 ttl=62 time=657 ms
64 bytes from aaaa::212:7402:2:202: icmp_seq=14 ttl=62 time=210 ms
64 bytes from aaaa::212:7402:2:202: icmp_seq=15 ttl=62 time=183 ms
64 bytes from aaaa::212:7402:2:202: icmp_seq=16 ttl=62 time=246 ms
64 bytes from aaaa::212:7402:2:202: icmp_seq=17 ttl=62 time=306 ms
64 bytes from aaaa::212:7402:2:202: icmp_seq=18 ttl=62 time=678 ms
64 bytes from aaaa::212:7402:2:202: icmp_seq=19 ttl=62 time=169 ms
64 bytes from aaaa::212:7402:2:202: icmp_seq=21 ttl=62 time=137 ms
64 bytes from aaaa::212:7402:2:202: icmp_seq=22 ttl=62 time=858 ms
64 bytes from aaaa::212:7402:2:202: icmp_seq=23 ttl=62 time=628 ms
64 bytes from aaaa::212:7402:2:202: icmp_seq=24 ttl=62 time=169 ms
64 bytes from aaaa::212:7402:2:202: icmp_seq=30 ttl=62 time=128 ms
64 bytes from aaaa::212:7402:2:202: icmp_seq=31 ttl=62 time=294 ms
64 bytes from aaaa::212:7402:2:202: icmp_seq=32 ttl=62 time=526 ms
64 bytes from aaaa::212:7402:2:202: icmp_seq=33 ttl=62 time=102 ms
64 bytes from aaaa::212:7402:2:202: icmp_seq=34 ttl=62 time=1111 ms
64 bytes from aaaa::212:7402:2:202: icmp_seq=35 ttl=62 time=255 ms
64 bytes from aaaa::212:7402:2:202: icmp_seq=36 ttl=62 time=108 ms
64 bytes from aaaa::212:7402:2:202: icmp_seq=37 ttl=62 time=498 ms
64 bytes from aaaa::212:7402:2:202: icmp_seq=40 ttl=62 time=283 ms
64 bytes from aaaa::212:7402:2:202: icmp_seq=41 ttl=62 time=126 ms
64 bytes from aaaa::212:7402:2:202: icmp_seq=42 ttl=62 time=299 ms
64 bytes from aaaa::212:7402:2:202: icmp_seq=43 ttl=62 time=310 ms
64 bytes from aaaa::212:7402:2:202: icmp_seq=45 ttl=62 time=1052 ms
64 bytes from aaaa::212:7402:2:202: icmp_seq=46 ttl=62 time=456 ms
64 bytes from aaaa::212:7402:2:202: icmp_seq=47 ttl=62 time=455 ms
64 bytes from aaaa::212:7402:2:202: icmp_seq=48 ttl=62 time=468 ms
64 bytes from aaaa::212:7402:2:202: icmp_seq=49 ttl=62 time=140 ms
64 bytes from aaaa::212:7402:2:202: icmp_seq=50 ttl=62 time=237 ms
64 bytes from aaaa::212:7402:2:202: icmp_seq=51 ttl=62 time=200 ms
64 bytes from aaaa::212:7402:2:202: icmp_seq=52 ttl=62 time=1461 ms
64 bytes from aaaa::212:7402:2:202: icmp_seq=53 ttl=62 time=1686 ms
64 bytes from aaaa::212:7402:2:202: icmp_seq=55 ttl=62 time=95.3 ms
64 bytes from aaaa::212:7402:2:202: icmp_seq=57 ttl=62 time=152 ms
64 bytes from aaaa::212:7402:2:202: icmp_seq=58 ttl=62 time=313 ms
64 bytes from aaaa::212:7402:2:202: icmp_seq=59 ttl=62 time=1858 ms
64 bytes from aaaa::212:7402:2:202: icmp_seq=60 ttl=62 time=468 ms
64 bytes from aaaa::212:7402:2:202: icmp_seq=62 ttl=62 time=89.5 ms
64 bytes from aaaa::212:7402:2:202: icmp_seq=63 ttl=62 time=99.3 ms
64 bytes from aaaa::212:7402:2:202: icmp_seq=64 ttl=62 time=116 ms
64 bytes from aaaa::212:7402:2:202: icmp_seq=65 ttl=62 time=471 ms
64 bytes from aaaa::212:7402:2:202: icmp_seq=66 ttl=62 time=1224 ms
64 bytes from aaaa::212:7402:2:202: icmp_seq=67 ttl=62 time=701 ms
64 bytes from aaaa::212:7402:2:202: icmp_seq=68 ttl=62 time=952 ms
64 bytes from aaaa::212:7402:2:202: icmp_seq=69 ttl=62 time=302 ms
64 bytes from aaaa::212:7402:2:202: icmp_seq=70 ttl=62 time=260 ms
64 bytes from aaaa::212:7402:2:202: icmp_seq=71 ttl=62 time=444 ms
64 bytes from aaaa::212:7402:2:202: icmp_seq=72 ttl=62 time=126 ms
64 bytes from aaaa::212:7402:2:202: icmp_seq=73 ttl=62 time=475 ms
64 bytes from aaaa::212:7402:2:202: icmp_seq=74 ttl=62 time=912 ms
64 bytes from aaaa::212:7402:2:202: icmp_seq=75 ttl=62 time=533 ms
64 bytes from aaaa::212:7402:2:202: icmp_seq=76 ttl=62 time=151 ms
64 bytes from aaaa::212:7402:2:202: icmp_seq=77 ttl=62 time=383 ms
64 bytes from aaaa::212:7402:2:202: icmp_seq=78 ttl=62 time=163 ms
64 bytes from aaaa::212:7402:2:202: icmp_seq=79 ttl=62 time=272 ms
64 bytes from aaaa::212:7402:2:202: icmp_seq=81 ttl=62 time=95.7 ms
64 bytes from aaaa::212:7402:2:202: icmp_seq=82 ttl=62 time=190 ms
64 bytes from aaaa::212:7402:2:202: icmp_seq=86 ttl=62 time=1115 ms
64 bytes from aaaa::212:7402:2:202: icmp_seq=90 ttl=62 time=242 ms
64 bytes from aaaa::212:7402:2:202: icmp_seq=91 ttl=62 time=162 ms
64 bytes from aaaa::212:7402:2:202: icmp_seq=92 ttl=62 time=218 ms
64 bytes from aaaa::212:7402:2:202: icmp_seq=93 ttl=62 time=199 ms
64 bytes from aaaa::212:7402:2:202: icmp_seq=94 ttl=62 time=194 ms
64 bytes from aaaa::212:7402:2:202: icmp_seq=95 ttl=62 time=961 ms
64 bytes from aaaa::212:7402:2:202: icmp_seq=96 ttl=62 time=123 ms
64 bytes from aaaa::212:7402:2:202: icmp_seq=97 ttl=62 time=173 ms
64 bytes from aaaa::212:7402:2:202: icmp_seq=99 ttl=62 time=105 ms
64 bytes from aaaa::212:7402:2:202: icmp_seq=100 ttl=62 time=168 ms
64 bytes from aaaa::212:7402:2:202: icmp_seq=101 ttl=62 time=118 ms
64 bytes from aaaa::212:7402:2:202: icmp_seq=102 ttl=62 time=195 ms
64 bytes from aaaa::212:7402:2:202: icmp_seq=103 ttl=62 time=163 ms
64 bytes from aaaa::212:7402:2:202: icmp_seq=104 ttl=62 time=162 ms
64 bytes from aaaa::212:7402:2:202: icmp_seq=105 ttl=62 time=1469 ms
64 bytes from aaaa::212:7402:2:202: icmp_seq=106 ttl=62 time=455 ms
64 bytes from aaaa::212:7402:2:202: icmp_seq=107 ttl=62 time=698 ms
64 bytes from aaaa::212:7402:2:202: icmp_seq=108 ttl=62 time=125 ms
64 bytes from aaaa::212:7402:2:202: icmp_seq=109 ttl=62 time=182 ms
64 bytes from aaaa::212:7402:2:202: icmp_seq=110 ttl=62 time=387 ms
64 bytes from aaaa::212:7402:2:202: icmp_seq=111 ttl=62 time=183 ms
64 bytes from aaaa::212:7402:2:202: icmp_seq=112 ttl=62 time=930 ms
64 bytes from aaaa::212:7402:2:202: icmp_seq=113 ttl=62 time=197 ms
64 bytes from aaaa::212:7402:2:202: icmp_seq=114 ttl=62 time=336 ms
64 bytes from aaaa::212:7402:2:202: icmp_seq=115 ttl=62 time=478 ms
64 bytes from aaaa::212:7402:2:202: icmp_seq=116 ttl=62 time=133 ms
64 bytes from aaaa::212:7402:2:202: icmp_seq=117 ttl=62 time=303 ms
64 bytes from aaaa::212:7402:2:202: icmp_seq=118 ttl=62 time=124 ms
64 bytes from aaaa::212:7402:2:202: icmp_seq=119 ttl=62 time=376 ms
64 bytes from aaaa::212:7402:2:202: icmp_seq=120 ttl=62 time=478 ms
64 bytes from aaaa::212:7402:2:202: icmp_seq=121 ttl=62 time=1115 ms
64 bytes from aaaa::212:7402:2:202: icmp_seq=122 ttl=62 time=175 ms
64 bytes from aaaa::212:7402:2:202: icmp_seq=123 ttl=62 time=257 ms
64 bytes from aaaa::212:7402:2:202: icmp_seq=124 ttl=62 time=133 ms
64 bytes from aaaa::212:7402:2:202: icmp_seq=137 ttl=62 time=292 ms
64 bytes from aaaa::212:7402:2:202: icmp_seq=138 ttl=62 time=230 ms
64 bytes from aaaa::212:7402:2:202: icmp_seq=139 ttl=62 time=292 ms
64 bytes from aaaa::212:7402:2:202: icmp_seq=140 ttl=62 time=488 ms
64 bytes from aaaa::212:7402:2:202: icmp_seq=141 ttl=62 time=339 ms
64 bytes from aaaa::212:7402:2:202: icmp_seq=142 ttl=62 time=271 ms
64 bytes from aaaa::212:7402:2:202: icmp_seq=143 ttl=62 time=239 ms
64 bytes from aaaa::212:7402:2:202: icmp_seq=144 ttl=62 time=118 ms
64 bytes from aaaa::212:7402:2:202: icmp_seq=145 ttl=62 time=187 ms
64 bytes from aaaa::212:7402:2:202: icmp_seq=146 ttl=62 time=153 ms
64 bytes from aaaa::212:7402:2:202: icmp_seq=148 ttl=62 time=105 ms
64 bytes from aaaa::212:7402:2:202: icmp_seq=149 ttl=62 time=262 ms
64 bytes from aaaa::212:7402:2:202: icmp_seq=150 ttl=62 time=336 ms
64 bytes from aaaa::212:7402:2:202: icmp_seq=151 ttl=62 time=261 ms
64 bytes from aaaa::212:7402:2:202: icmp_seq=153 ttl=62 time=162 ms
64 bytes from aaaa::212:7402:2:202: icmp_seq=154 ttl=62 time=114 ms
64 bytes from aaaa::212:7402:2:202: icmp_seq=155 ttl=62 time=157 ms
64 bytes from aaaa::212:7402:2:202: icmp_seq=156 ttl=62 time=201 ms
64 bytes from aaaa::212:7402:2:202: icmp_seq=157 ttl=62 time=120 ms
64 bytes from aaaa::212:7402:2:202: icmp_seq=158 ttl=62 time=190 ms
64 bytes from aaaa::212:7402:2:202: icmp_seq=159 ttl=62 time=452 ms
64 bytes from aaaa::212:7402:2:202: icmp_seq=160 ttl=62 time=138 ms
64 bytes from aaaa::212:7402:2:202: icmp_seq=161 ttl=62 time=159 ms
64 bytes from aaaa::212:7402:2:202: icmp_seq=162 ttl=62 time=259 ms
64 bytes from aaaa::212:7402:2:202: icmp_seq=163 ttl=62 time=123 ms
64 bytes from aaaa::212:7402:2:202: icmp_seq=164 ttl=62 time=158 ms
64 bytes from aaaa::212:7402:2:202: icmp_seq=165 ttl=62 time=157 ms
64 bytes from aaaa::212:7402:2:202: icmp_seq=166 ttl=62 time=127 ms
64 bytes from aaaa::212:7402:2:202: icmp_seq=167 ttl=62 time=149 ms
64 bytes from aaaa::212:7402:2:202: icmp_seq=168 ttl=62 time=204 ms
64 bytes from aaaa::212:7402:2:202: icmp_seq=169 ttl=62 time=139 ms
64 bytes from aaaa::212:7402:2:202: icmp_seq=170 ttl=62 time=146 ms
64 bytes from aaaa::212:7402:2:202: icmp_seq=171 ttl=62 time=183 ms
64 bytes from aaaa::212:7402:2:202: icmp_seq=172 ttl=62 time=105 ms
64 bytes from aaaa::212:7402:2:202: icmp_seq=173 ttl=62 time=116 ms
64 bytes from aaaa::212:7402:2:202: icmp_seq=175 ttl=62 time=132 ms
64 bytes from aaaa::212:7402:2:202: icmp_seq=176 ttl=62 time=90.1 ms
64 bytes from aaaa::212:7402:2:202: icmp_seq=177 ttl=62 time=184 ms
64 bytes from aaaa::212:7402:2:202: icmp_seq=178 ttl=62 time=90.5 ms
64 bytes from aaaa::212:7402:2:202: icmp_seq=179 ttl=62 time=144 ms
64 bytes from aaaa::212:7402:2:202: icmp_seq=180 ttl=62 time=153 ms
64 bytes from aaaa::212:7402:2:202: icmp_seq=181 ttl=62 time=107 ms
64 bytes from aaaa::212:7402:2:202: icmp_seq=182 ttl=62 time=116 ms
64 bytes from aaaa::212:7402:2:202: icmp_seq=183 ttl=62 time=156 ms
64 bytes from aaaa::212:7402:2:202: icmp_seq=184 ttl=62 time=170 ms
64 bytes from aaaa::212:7402:2:202: icmp_seq=185 ttl=62 time=175 ms
64 bytes from aaaa::212:7402:2:202: icmp_seq=187 ttl=62 time=208 ms
64 bytes from aaaa::212:7402:2:202: icmp_seq=189 ttl=62 time=88.4 ms
64 bytes from aaaa::212:7402:2:202: icmp_seq=190 ttl=62 time=126 ms
64 bytes from aaaa::212:7402:2:202: icmp_seq=191 ttl=62 time=86.6 ms
64 bytes from aaaa::212:7402:2:202: icmp_seq=192 ttl=62 time=127 ms
64 bytes from aaaa::212:7402:2:202: icmp_seq=193 ttl=62 time=130 ms
64 bytes from aaaa::212:7402:2:202: icmp_seq=194 ttl=62 time=113 ms
64 bytes from aaaa::212:7402:2:202: icmp_seq=195 ttl=62 time=163 ms
64 bytes from aaaa::212:7402:2:202: icmp_seq=196 ttl=62 time=106 ms
64 bytes from aaaa::212:7402:2:202: icmp_seq=197 ttl=62 time=127 ms
64 bytes from aaaa::212:7402:2:202: icmp_seq=198 ttl=62 time=138 ms
64 bytes from aaaa::212:7402:2:202: icmp_seq=199 ttl=62 time=77.9 ms
64 bytes from aaaa::212:7402:2:202: icmp_seq=200 ttl=62 time=137 ms

--- aaaa::212:7402:2:202 ping statistics ---
200 packets transmitted, 160 received, 20% packet loss, time 1000575ms
rtt min/avg/max/mdev = 77.971/316.792/1858.330/316.629 ms
