PING aaaa::212:740d:d:d0d(aaaa::212:740d:d:d0d) 56 data bytes
64 bytes from aaaa::212:740d:d:d0d: icmp_seq=2 ttl=60 time=907 ms
64 bytes from aaaa::212:740d:d:d0d: icmp_seq=3 ttl=60 time=1989 ms
64 bytes from aaaa::212:740d:d:d0d: icmp_seq=5 ttl=60 time=1975 ms
64 bytes from aaaa::212:740d:d:d0d: icmp_seq=6 ttl=60 time=1499 ms
64 bytes from aaaa::212:740d:d:d0d: icmp_seq=8 ttl=60 time=1550 ms
64 bytes from aaaa::212:740d:d:d0d: icmp_seq=9 ttl=60 time=1439 ms
64 bytes from aaaa::212:740d:d:d0d: icmp_seq=10 ttl=60 time=1267 ms
64 bytes from aaaa::212:740d:d:d0d: icmp_seq=11 ttl=60 time=1149 ms
64 bytes from aaaa::212:740d:d:d0d: icmp_seq=14 ttl=60 time=1062 ms
64 bytes from aaaa::212:740d:d:d0d: icmp_seq=15 ttl=60 time=953 ms
64 bytes from aaaa::212:740d:d:d0d: icmp_seq=16 ttl=60 time=592 ms
64 bytes from aaaa::212:740d:d:d0d: icmp_seq=27 ttl=60 time=1871 ms
64 bytes from aaaa::212:740d:d:d0d: icmp_seq=31 ttl=60 time=2815 ms
64 bytes from aaaa::212:740d:d:d0d: icmp_seq=33 ttl=60 time=976 ms
64 bytes from aaaa::212:740d:d:d0d: icmp_seq=35 ttl=60 time=970 ms
64 bytes from aaaa::212:740d:d:d0d: icmp_seq=39 ttl=60 time=2919 ms
64 bytes from aaaa::212:740d:d:d0d: icmp_seq=44 ttl=60 time=1630 ms
64 bytes from aaaa::212:740d:d:d0d: icmp_seq=51 ttl=60 time=1278 ms
64 bytes from aaaa::212:740d:d:d0d: icmp_seq=52 ttl=60 time=1089 ms
64 bytes from aaaa::212:740d:d:d0d: icmp_seq=55 ttl=60 time=632 ms
64 bytes from aaaa::212:740d:d:d0d: icmp_seq=56 ttl=60 time=723 ms
64 bytes from aaaa::212:740d:d:d0d: icmp_seq=68 ttl=60 time=1484 ms
64 bytes from aaaa::212:740d:d:d0d: icmp_seq=69 ttl=60 time=608 ms
64 bytes from aaaa::212:740d:d:d0d: icmp_seq=73 ttl=60 time=1731 ms
64 bytes from aaaa::212:740d:d:d0d: icmp_seq=75 ttl=60 time=543 ms
64 bytes from aaaa::212:740d:d:d0d: icmp_seq=76 ttl=60 time=546 ms
64 bytes from aaaa::212:740d:d:d0d: icmp_seq=77 ttl=60 time=681 ms
64 bytes from aaaa::212:740d:d:d0d: icmp_seq=78 ttl=60 time=514 ms
64 bytes from aaaa::212:740d:d:d0d: icmp_seq=79 ttl=60 time=614 ms
64 bytes from aaaa::212:740d:d:d0d: icmp_seq=80 ttl=60 time=313 ms
64 bytes from aaaa::212:740d:d:d0d: icmp_seq=81 ttl=60 time=793 ms
64 bytes from aaaa::212:740d:d:d0d: icmp_seq=82 ttl=60 time=639 ms
64 bytes from aaaa::212:740d:d:d0d: icmp_seq=83 ttl=60 time=678 ms
64 bytes from aaaa::212:740d:d:d0d: icmp_seq=84 ttl=60 time=569 ms
64 bytes from aaaa::212:740d:d:d0d: icmp_seq=85 ttl=60 time=467 ms
64 bytes from aaaa::212:740d:d:d0d: icmp_seq=86 ttl=60 time=515 ms
64 bytes from aaaa::212:740d:d:d0d: icmp_seq=87 ttl=60 time=2409 ms
64 bytes from aaaa::212:740d:d:d0d: icmp_seq=88 ttl=60 time=602 ms
64 bytes from aaaa::212:740d:d:d0d: icmp_seq=89 ttl=60 time=353 ms
64 bytes from aaaa::212:740d:d:d0d: icmp_seq=90 ttl=60 time=395 ms
64 bytes from aaaa::212:740d:d:d0d: icmp_seq=91 ttl=60 time=533 ms
64 bytes from aaaa::212:740d:d:d0d: icmp_seq=92 ttl=60 time=349 ms
64 bytes from aaaa::212:740d:d:d0d: icmp_seq=93 ttl=60 time=832 ms
64 bytes from aaaa::212:740d:d:d0d: icmp_seq=94 ttl=60 time=1468 ms
64 bytes from aaaa::212:740d:d:d0d: icmp_seq=95 ttl=60 time=793 ms
64 bytes from aaaa::212:740d:d:d0d: icmp_seq=96 ttl=60 time=589 ms
64 bytes from aaaa::212:740d:d:d0d: icmp_seq=98 ttl=60 time=535 ms
64 bytes from aaaa::212:740d:d:d0d: icmp_seq=99 ttl=60 time=743 ms
64 bytes from aaaa::212:740d:d:d0d: icmp_seq=100 ttl=60 time=420 ms
64 bytes from aaaa::212:740d:d:d0d: icmp_seq=101 ttl=60 time=622 ms
64 bytes from aaaa::212:740d:d:d0d: icmp_seq=102 ttl=60 time=563 ms
64 bytes from aaaa::212:740d:d:d0d: icmp_seq=103 ttl=60 time=485 ms
64 bytes from aaaa::212:740d:d:d0d: icmp_seq=104 ttl=60 time=500 ms
64 bytes from aaaa::212:740d:d:d0d: icmp_seq=105 ttl=60 time=817 ms
64 bytes from aaaa::212:740d:d:d0d: icmp_seq=106 ttl=60 time=359 ms
64 bytes from aaaa::212:740d:d:d0d: icmp_seq=107 ttl=60 time=732 ms
64 bytes from aaaa::212:740d:d:d0d: icmp_seq=108 ttl=60 time=441 ms
64 bytes from aaaa::212:740d:d:d0d: icmp_seq=109 ttl=60 time=695 ms
64 bytes from aaaa::212:740d:d:d0d: icmp_seq=110 ttl=60 time=712 ms
64 bytes from aaaa::212:740d:d:d0d: icmp_seq=111 ttl=60 time=1350 ms
64 bytes from aaaa::212:740d:d:d0d: icmp_seq=112 ttl=60 time=1508 ms
64 bytes from aaaa::212:740d:d:d0d: icmp_seq=113 ttl=60 time=405 ms
64 bytes from aaaa::212:740d:d:d0d: icmp_seq=114 ttl=60 time=341 ms
64 bytes from aaaa::212:740d:d:d0d: icmp_seq=115 ttl=60 time=431 ms
64 bytes from aaaa::212:740d:d:d0d: icmp_seq=116 ttl=60 time=716 ms
64 bytes from aaaa::212:740d:d:d0d: icmp_seq=118 ttl=60 time=2422 ms
64 bytes from aaaa::212:740d:d:d0d: icmp_seq=120 ttl=60 time=930 ms
64 bytes from aaaa::212:740d:d:d0d: icmp_seq=121 ttl=60 time=491 ms
64 bytes from aaaa::212:740d:d:d0d: icmp_seq=122 ttl=60 time=914 ms
64 bytes from aaaa::212:740d:d:d0d: icmp_seq=123 ttl=60 time=2070 ms
64 bytes from aaaa::212:740d:d:d0d: icmp_seq=124 ttl=60 time=802 ms
64 bytes from aaaa::212:740d:d:d0d: icmp_seq=125 ttl=60 time=1506 ms
64 bytes from aaaa::212:740d:d:d0d: icmp_seq=126 ttl=60 time=572 ms
64 bytes from aaaa::212:740d:d:d0d: icmp_seq=127 ttl=60 time=854 ms
64 bytes from aaaa::212:740d:d:d0d: icmp_seq=128 ttl=60 time=788 ms
64 bytes from aaaa::212:740d:d:d0d: icmp_seq=129 ttl=60 time=603 ms
64 bytes from aaaa::212:740d:d:d0d: icmp_seq=130 ttl=60 time=922 ms
64 bytes from aaaa::212:740d:d:d0d: icmp_seq=131 ttl=60 time=1331 ms
64 bytes from aaaa::212:740d:d:d0d: icmp_seq=134 ttl=60 time=868 ms
64 bytes from aaaa::212:740d:d:d0d: icmp_seq=135 ttl=60 time=1049 ms
64 bytes from aaaa::212:740d:d:d0d: icmp_seq=136 ttl=60 time=666 ms
64 bytes from aaaa::212:740d:d:d0d: icmp_seq=137 ttl=60 time=1817 ms
64 bytes from aaaa::212:740d:d:d0d: icmp_seq=138 ttl=60 time=739 ms
64 bytes from aaaa::212:740d:d:d0d: icmp_seq=139 ttl=60 time=1572 ms
64 bytes from aaaa::212:740d:d:d0d: icmp_seq=140 ttl=60 time=1031 ms
64 bytes from aaaa::212:740d:d:d0d: icmp_seq=141 ttl=60 time=1195 ms
64 bytes from aaaa::212:740d:d:d0d: icmp_seq=142 ttl=60 time=420 ms
64 bytes from aaaa::212:740d:d:d0d: icmp_seq=143 ttl=60 time=1270 ms
64 bytes from aaaa::212:740d:d:d0d: icmp_seq=144 ttl=60 time=350 ms
64 bytes from aaaa::212:740d:d:d0d: icmp_seq=145 ttl=60 time=759 ms
64 bytes from aaaa::212:740d:d:d0d: icmp_seq=146 ttl=60 time=2539 ms
64 bytes from aaaa::212:740d:d:d0d: icmp_seq=147 ttl=60 time=1122 ms
64 bytes from aaaa::212:740d:d:d0d: icmp_seq=149 ttl=60 time=457 ms
64 bytes from aaaa::212:740d:d:d0d: icmp_seq=150 ttl=60 time=1338 ms
64 bytes from aaaa::212:740d:d:d0d: icmp_seq=151 ttl=60 time=1703 ms
64 bytes from aaaa::212:740d:d:d0d: icmp_seq=152 ttl=60 time=1366 ms
64 bytes from aaaa::212:740d:d:d0d: icmp_seq=153 ttl=60 time=1059 ms
64 bytes from aaaa::212:740d:d:d0d: icmp_seq=154 ttl=60 time=1506 ms
64 bytes from aaaa::212:740d:d:d0d: icmp_seq=155 ttl=60 time=1196 ms
64 bytes from aaaa::212:740d:d:d0d: icmp_seq=157 ttl=60 time=908 ms
64 bytes from aaaa::212:740d:d:d0d: icmp_seq=158 ttl=60 time=1064 ms
64 bytes from aaaa::212:740d:d:d0d: icmp_seq=160 ttl=60 time=1147 ms
64 bytes from aaaa::212:740d:d:d0d: icmp_seq=161 ttl=60 time=967 ms
64 bytes from aaaa::212:740d:d:d0d: icmp_seq=162 ttl=60 time=728 ms
64 bytes from aaaa::212:740d:d:d0d: icmp_seq=163 ttl=60 time=661 ms
64 bytes from aaaa::212:740d:d:d0d: icmp_seq=164 ttl=60 time=587 ms
64 bytes from aaaa::212:740d:d:d0d: icmp_seq=165 ttl=60 time=528 ms
64 bytes from aaaa::212:740d:d:d0d: icmp_seq=166 ttl=60 time=692 ms
64 bytes from aaaa::212:740d:d:d0d: icmp_seq=167 ttl=60 time=560 ms
64 bytes from aaaa::212:740d:d:d0d: icmp_seq=168 ttl=60 time=624 ms
64 bytes from aaaa::212:740d:d:d0d: icmp_seq=169 ttl=60 time=704 ms
64 bytes from aaaa::212:740d:d:d0d: icmp_seq=170 ttl=60 time=717 ms
64 bytes from aaaa::212:740d:d:d0d: icmp_seq=171 ttl=60 time=757 ms
64 bytes from aaaa::212:740d:d:d0d: icmp_seq=172 ttl=60 time=831 ms
64 bytes from aaaa::212:740d:d:d0d: icmp_seq=173 ttl=60 time=661 ms
64 bytes from aaaa::212:740d:d:d0d: icmp_seq=174 ttl=60 time=1216 ms
64 bytes from aaaa::212:740d:d:d0d: icmp_seq=175 ttl=60 time=794 ms
64 bytes from aaaa::212:740d:d:d0d: icmp_seq=176 ttl=60 time=581 ms
64 bytes from aaaa::212:740d:d:d0d: icmp_seq=177 ttl=60 time=826 ms
64 bytes from aaaa::212:740d:d:d0d: icmp_seq=178 ttl=60 time=899 ms
64 bytes from aaaa::212:740d:d:d0d: icmp_seq=179 ttl=60 time=636 ms
64 bytes from aaaa::212:740d:d:d0d: icmp_seq=181 ttl=60 time=1740 ms
64 bytes from aaaa::212:740d:d:d0d: icmp_seq=183 ttl=60 time=676 ms
64 bytes from aaaa::212:740d:d:d0d: icmp_seq=184 ttl=60 time=416 ms
64 bytes from aaaa::212:740d:d:d0d: icmp_seq=185 ttl=60 time=787 ms
64 bytes from aaaa::212:740d:d:d0d: icmp_seq=186 ttl=60 time=745 ms
64 bytes from aaaa::212:740d:d:d0d: icmp_seq=187 ttl=60 time=1010 ms
64 bytes from aaaa::212:740d:d:d0d: icmp_seq=189 ttl=60 time=542 ms
64 bytes from aaaa::212:740d:d:d0d: icmp_seq=191 ttl=60 time=2275 ms
64 bytes from aaaa::212:740d:d:d0d: icmp_seq=192 ttl=60 time=1054 ms
64 bytes from aaaa::212:740d:d:d0d: icmp_seq=193 ttl=60 time=2199 ms
64 bytes from aaaa::212:740d:d:d0d: icmp_seq=194 ttl=60 time=585 ms
64 bytes from aaaa::212:740d:d:d0d: icmp_seq=195 ttl=60 time=544 ms
64 bytes from aaaa::212:740d:d:d0d: icmp_seq=196 ttl=60 time=353 ms
64 bytes from aaaa::212:740d:d:d0d: icmp_seq=197 ttl=60 time=528 ms
64 bytes from aaaa::212:740d:d:d0d: icmp_seq=199 ttl=60 time=505 ms

--- aaaa::212:740d:d:d0d ping statistics ---
200 packets transmitted, 136 received, 32% packet loss, time 1004316ms
rtt min/avg/max/mdev = 313.722/956.008/2919.967/542.744 ms
