PING fd00::212:7402:2:202(fd00::212:7402:2:202) 56 data bytes
64 bytes from fd00::212:7402:2:202: icmp_seq=1 ttl=62 time=110 ms
64 bytes from fd00::212:7402:2:202: icmp_seq=3 ttl=62 time=1726 ms
64 bytes from fd00::212:7402:2:202: icmp_seq=4 ttl=62 time=811 ms
64 bytes from fd00::212:7402:2:202: icmp_seq=5 ttl=62 time=83.5 ms
64 bytes from fd00::212:7402:2:202: icmp_seq=6 ttl=62 time=84.8 ms
64 bytes from fd00::212:7402:2:202: icmp_seq=7 ttl=62 time=79.6 ms
64 bytes from fd00::212:7402:2:202: icmp_seq=8 ttl=62 time=304 ms
64 bytes from fd00::212:7402:2:202: icmp_seq=9 ttl=62 time=302 ms
64 bytes from fd00::212:7402:2:202: icmp_seq=10 ttl=62 time=122 ms
64 bytes from fd00::212:7402:2:202: icmp_seq=11 ttl=62 time=110 ms
64 bytes from fd00::212:7402:2:202: icmp_seq=12 ttl=62 time=89.1 ms
64 bytes from fd00::212:7402:2:202: icmp_seq=13 ttl=62 time=172 ms
64 bytes from fd00::212:7402:2:202: icmp_seq=14 ttl=62 time=114 ms
64 bytes from fd00::212:7402:2:202: icmp_seq=15 ttl=62 time=240 ms
64 bytes from fd00::212:7402:2:202: icmp_seq=16 ttl=62 time=104 ms
64 bytes from fd00::212:7402:2:202: icmp_seq=17 ttl=62 time=170 ms
64 bytes from fd00::212:7402:2:202: icmp_seq=18 ttl=62 time=116 ms
64 bytes from fd00::212:7402:2:202: icmp_seq=19 ttl=62 time=120 ms
64 bytes from fd00::212:7402:2:202: icmp_seq=20 ttl=62 time=100 ms
64 bytes from fd00::212:7402:2:202: icmp_seq=21 ttl=62 time=245 ms
64 bytes from fd00::212:7402:2:202: icmp_seq=22 ttl=62 time=69.4 ms
64 bytes from fd00::212:7402:2:202: icmp_seq=23 ttl=62 time=140 ms
64 bytes from fd00::212:7402:2:202: icmp_seq=24 ttl=62 time=72.9 ms
64 bytes from fd00::212:7402:2:202: icmp_seq=25 ttl=62 time=117 ms
64 bytes from fd00::212:7402:2:202: icmp_seq=26 ttl=62 time=85.2 ms
64 bytes from fd00::212:7402:2:202: icmp_seq=27 ttl=62 time=133 ms
64 bytes from fd00::212:7402:2:202: icmp_seq=28 ttl=62 time=115 ms
64 bytes from fd00::212:7402:2:202: icmp_seq=29 ttl=62 time=126 ms
64 bytes from fd00::212:7402:2:202: icmp_seq=30 ttl=62 time=96.8 ms
64 bytes from fd00::212:7402:2:202: icmp_seq=31 ttl=62 time=156 ms
64 bytes from fd00::212:7402:2:202: icmp_seq=32 ttl=62 time=96.7 ms
64 bytes from fd00::212:7402:2:202: icmp_seq=33 ttl=62 time=96.4 ms
64 bytes from fd00::212:7402:2:202: icmp_seq=34 ttl=62 time=93.9 ms
64 bytes from fd00::212:7402:2:202: icmp_seq=35 ttl=62 time=109 ms
64 bytes from fd00::212:7402:2:202: icmp_seq=36 ttl=62 time=98.5 ms
64 bytes from fd00::212:7402:2:202: icmp_seq=37 ttl=62 time=101 ms
64 bytes from fd00::212:7402:2:202: icmp_seq=38 ttl=62 time=85.5 ms
64 bytes from fd00::212:7402:2:202: icmp_seq=39 ttl=62 time=89.7 ms
64 bytes from fd00::212:7402:2:202: icmp_seq=40 ttl=62 time=112 ms
64 bytes from fd00::212:7402:2:202: icmp_seq=41 ttl=62 time=93.0 ms
64 bytes from fd00::212:7402:2:202: icmp_seq=42 ttl=62 time=120 ms
64 bytes from fd00::212:7402:2:202: icmp_seq=43 ttl=62 time=121 ms
64 bytes from fd00::212:7402:2:202: icmp_seq=44 ttl=62 time=88.8 ms
64 bytes from fd00::212:7402:2:202: icmp_seq=45 ttl=62 time=127 ms
64 bytes from fd00::212:7402:2:202: icmp_seq=46 ttl=62 time=121 ms
64 bytes from fd00::212:7402:2:202: icmp_seq=47 ttl=62 time=467 ms
64 bytes from fd00::212:7402:2:202: icmp_seq=48 ttl=62 time=127 ms
64 bytes from fd00::212:7402:2:202: icmp_seq=49 ttl=62 time=118 ms
64 bytes from fd00::212:7402:2:202: icmp_seq=50 ttl=62 time=147 ms
64 bytes from fd00::212:7402:2:202: icmp_seq=51 ttl=62 time=125 ms
64 bytes from fd00::212:7402:2:202: icmp_seq=52 ttl=62 time=119 ms
64 bytes from fd00::212:7402:2:202: icmp_seq=53 ttl=62 time=104 ms
64 bytes from fd00::212:7402:2:202: icmp_seq=54 ttl=62 time=115 ms
64 bytes from fd00::212:7402:2:202: icmp_seq=55 ttl=62 time=88.9 ms
64 bytes from fd00::212:7402:2:202: icmp_seq=56 ttl=62 time=135 ms
64 bytes from fd00::212:7402:2:202: icmp_seq=57 ttl=62 time=86.7 ms
64 bytes from fd00::212:7402:2:202: icmp_seq=58 ttl=62 time=96.5 ms
64 bytes from fd00::212:7402:2:202: icmp_seq=59 ttl=62 time=105 ms
64 bytes from fd00::212:7402:2:202: icmp_seq=60 ttl=62 time=103 ms
64 bytes from fd00::212:7402:2:202: icmp_seq=61 ttl=62 time=84.2 ms
64 bytes from fd00::212:7402:2:202: icmp_seq=62 ttl=62 time=110 ms
64 bytes from fd00::212:7402:2:202: icmp_seq=63 ttl=62 time=148 ms
64 bytes from fd00::212:7402:2:202: icmp_seq=64 ttl=62 time=98.7 ms
64 bytes from fd00::212:7402:2:202: icmp_seq=65 ttl=62 time=116 ms
64 bytes from fd00::212:7402:2:202: icmp_seq=66 ttl=62 time=86.8 ms
64 bytes from fd00::212:7402:2:202: icmp_seq=67 ttl=62 time=132 ms
64 bytes from fd00::212:7402:2:202: icmp_seq=68 ttl=62 time=110 ms
64 bytes from fd00::212:7402:2:202: icmp_seq=69 ttl=62 time=93.5 ms
64 bytes from fd00::212:7402:2:202: icmp_seq=70 ttl=62 time=92.2 ms
64 bytes from fd00::212:7402:2:202: icmp_seq=71 ttl=62 time=157 ms
64 bytes from fd00::212:7402:2:202: icmp_seq=72 ttl=62 time=114 ms
64 bytes from fd00::212:7402:2:202: icmp_seq=73 ttl=62 time=101 ms
64 bytes from fd00::212:7402:2:202: icmp_seq=74 ttl=62 time=104 ms
64 bytes from fd00::212:7402:2:202: icmp_seq=75 ttl=62 time=131 ms
64 bytes from fd00::212:7402:2:202: icmp_seq=76 ttl=62 time=95.7 ms
64 bytes from fd00::212:7402:2:202: icmp_seq=77 ttl=62 time=80.8 ms
64 bytes from fd00::212:7402:2:202: icmp_seq=78 ttl=62 time=95.2 ms
64 bytes from fd00::212:7402:2:202: icmp_seq=79 ttl=62 time=106 ms
64 bytes from fd00::212:7402:2:202: icmp_seq=80 ttl=62 time=107 ms
64 bytes from fd00::212:7402:2:202: icmp_seq=81 ttl=62 time=130 ms
64 bytes from fd00::212:7402:2:202: icmp_seq=82 ttl=62 time=109 ms
64 bytes from fd00::212:7402:2:202: icmp_seq=83 ttl=62 time=102 ms
64 bytes from fd00::212:7402:2:202: icmp_seq=84 ttl=62 time=134 ms
64 bytes from fd00::212:7402:2:202: icmp_seq=85 ttl=62 time=123 ms
64 bytes from fd00::212:7402:2:202: icmp_seq=86 ttl=62 time=104 ms
64 bytes from fd00::212:7402:2:202: icmp_seq=87 ttl=62 time=105 ms
64 bytes from fd00::212:7402:2:202: icmp_seq=88 ttl=62 time=156 ms
64 bytes from fd00::212:7402:2:202: icmp_seq=89 ttl=62 time=79.7 ms
64 bytes from fd00::212:7402:2:202: icmp_seq=90 ttl=62 time=98.3 ms
64 bytes from fd00::212:7402:2:202: icmp_seq=91 ttl=62 time=133 ms
64 bytes from fd00::212:7402:2:202: icmp_seq=92 ttl=62 time=96.1 ms
64 bytes from fd00::212:7402:2:202: icmp_seq=93 ttl=62 time=108 ms
64 bytes from fd00::212:7402:2:202: icmp_seq=94 ttl=62 time=124 ms
64 bytes from fd00::212:7402:2:202: icmp_seq=95 ttl=62 time=140 ms
64 bytes from fd00::212:7402:2:202: icmp_seq=96 ttl=62 time=118 ms
64 bytes from fd00::212:7402:2:202: icmp_seq=97 ttl=62 time=111 ms
64 bytes from fd00::212:7402:2:202: icmp_seq=98 ttl=62 time=97.5 ms
64 bytes from fd00::212:7402:2:202: icmp_seq=99 ttl=62 time=214 ms
64 bytes from fd00::212:7402:2:202: icmp_seq=100 ttl=62 time=117 ms

--- fd00::212:7402:2:202 ping statistics ---
100 packets transmitted, 99 received, 1% packet loss, time 495462ms
rtt min/avg/max/mdev = 69.462/145.483/1726.556/181.749 ms
