PING fd00::212:7404:4:404(fd00::212:7404:4:404) 56 data bytes
64 bytes from fd00::212:7404:4:404: icmp_seq=1 ttl=62 time=106 ms
64 bytes from fd00::212:7404:4:404: icmp_seq=3 ttl=62 time=876 ms
64 bytes from fd00::212:7404:4:404: icmp_seq=4 ttl=62 time=206 ms
64 bytes from fd00::212:7404:4:404: icmp_seq=5 ttl=62 time=170 ms
64 bytes from fd00::212:7404:4:404: icmp_seq=6 ttl=62 time=207 ms
64 bytes from fd00::212:7404:4:404: icmp_seq=7 ttl=62 time=1205 ms
64 bytes from fd00::212:7404:4:404: icmp_seq=8 ttl=62 time=736 ms
64 bytes from fd00::212:7404:4:404: icmp_seq=9 ttl=62 time=400 ms
64 bytes from fd00::212:7404:4:404: icmp_seq=10 ttl=62 time=536 ms
64 bytes from fd00::212:7404:4:404: icmp_seq=14 ttl=62 time=398 ms
64 bytes from fd00::212:7404:4:404: icmp_seq=19 ttl=62 time=374 ms
64 bytes from fd00::212:7404:4:404: icmp_seq=24 ttl=62 time=237 ms
64 bytes from fd00::212:7404:4:404: icmp_seq=26 ttl=62 time=77.3 ms
64 bytes from fd00::212:7404:4:404: icmp_seq=27 ttl=62 time=88.9 ms
64 bytes from fd00::212:7404:4:404: icmp_seq=28 ttl=62 time=91.8 ms
64 bytes from fd00::212:7404:4:404: icmp_seq=29 ttl=62 time=103 ms
64 bytes from fd00::212:7404:4:404: icmp_seq=30 ttl=62 time=137 ms
64 bytes from fd00::212:7404:4:404: icmp_seq=31 ttl=62 time=112 ms
64 bytes from fd00::212:7404:4:404: icmp_seq=32 ttl=62 time=136 ms
64 bytes from fd00::212:7404:4:404: icmp_seq=33 ttl=62 time=103 ms
64 bytes from fd00::212:7404:4:404: icmp_seq=34 ttl=62 time=97.7 ms
64 bytes from fd00::212:7404:4:404: icmp_seq=35 ttl=62 time=171 ms
64 bytes from fd00::212:7404:4:404: icmp_seq=36 ttl=62 time=105 ms
64 bytes from fd00::212:7404:4:404: icmp_seq=37 ttl=62 time=97.1 ms
64 bytes from fd00::212:7404:4:404: icmp_seq=38 ttl=62 time=139 ms
64 bytes from fd00::212:7404:4:404: icmp_seq=39 ttl=62 time=568 ms
64 bytes from fd00::212:7404:4:404: icmp_seq=40 ttl=62 time=306 ms
64 bytes from fd00::212:7404:4:404: icmp_seq=41 ttl=62 time=81.0 ms
64 bytes from fd00::212:7404:4:404: icmp_seq=42 ttl=62 time=109 ms
64 bytes from fd00::212:7404:4:404: icmp_seq=43 ttl=62 time=93.2 ms
64 bytes from fd00::212:7404:4:404: icmp_seq=44 ttl=62 time=91.2 ms
64 bytes from fd00::212:7404:4:404: icmp_seq=45 ttl=62 time=86.1 ms
64 bytes from fd00::212:7404:4:404: icmp_seq=46 ttl=62 time=84.7 ms
64 bytes from fd00::212:7404:4:404: icmp_seq=47 ttl=62 time=95.9 ms
64 bytes from fd00::212:7404:4:404: icmp_seq=48 ttl=62 time=81.1 ms
64 bytes from fd00::212:7404:4:404: icmp_seq=49 ttl=62 time=110 ms
64 bytes from fd00::212:7404:4:404: icmp_seq=50 ttl=62 time=94.3 ms
64 bytes from fd00::212:7404:4:404: icmp_seq=51 ttl=62 time=117 ms
64 bytes from fd00::212:7404:4:404: icmp_seq=52 ttl=62 time=102 ms
64 bytes from fd00::212:7404:4:404: icmp_seq=53 ttl=62 time=88.9 ms
64 bytes from fd00::212:7404:4:404: icmp_seq=54 ttl=62 time=94.6 ms
64 bytes from fd00::212:7404:4:404: icmp_seq=55 ttl=62 time=90.8 ms
64 bytes from fd00::212:7404:4:404: icmp_seq=56 ttl=62 time=104 ms
64 bytes from fd00::212:7404:4:404: icmp_seq=57 ttl=62 time=96.3 ms
64 bytes from fd00::212:7404:4:404: icmp_seq=58 ttl=62 time=87.1 ms
64 bytes from fd00::212:7404:4:404: icmp_seq=59 ttl=62 time=100 ms
64 bytes from fd00::212:7404:4:404: icmp_seq=60 ttl=62 time=164 ms
64 bytes from fd00::212:7404:4:404: icmp_seq=61 ttl=62 time=88.8 ms
64 bytes from fd00::212:7404:4:404: icmp_seq=62 ttl=62 time=117 ms
64 bytes from fd00::212:7404:4:404: icmp_seq=63 ttl=62 time=147 ms
64 bytes from fd00::212:7404:4:404: icmp_seq=64 ttl=62 time=99.3 ms
64 bytes from fd00::212:7404:4:404: icmp_seq=65 ttl=62 time=89.4 ms
64 bytes from fd00::212:7404:4:404: icmp_seq=66 ttl=62 time=101 ms
64 bytes from fd00::212:7404:4:404: icmp_seq=67 ttl=62 time=88.8 ms
64 bytes from fd00::212:7404:4:404: icmp_seq=68 ttl=62 time=104 ms
64 bytes from fd00::212:7404:4:404: icmp_seq=69 ttl=62 time=96.3 ms
64 bytes from fd00::212:7404:4:404: icmp_seq=70 ttl=62 time=120 ms
64 bytes from fd00::212:7404:4:404: icmp_seq=71 ttl=62 time=99.4 ms
64 bytes from fd00::212:7404:4:404: icmp_seq=72 ttl=62 time=110 ms
64 bytes from fd00::212:7404:4:404: icmp_seq=73 ttl=62 time=95.0 ms
64 bytes from fd00::212:7404:4:404: icmp_seq=74 ttl=62 time=95.3 ms
64 bytes from fd00::212:7404:4:404: icmp_seq=75 ttl=62 time=88.5 ms
64 bytes from fd00::212:7404:4:404: icmp_seq=76 ttl=62 time=141 ms
64 bytes from fd00::212:7404:4:404: icmp_seq=77 ttl=62 time=95.1 ms
64 bytes from fd00::212:7404:4:404: icmp_seq=78 ttl=62 time=90.1 ms
64 bytes from fd00::212:7404:4:404: icmp_seq=79 ttl=62 time=104 ms
64 bytes from fd00::212:7404:4:404: icmp_seq=80 ttl=62 time=136 ms
64 bytes from fd00::212:7404:4:404: icmp_seq=81 ttl=62 time=88.0 ms
64 bytes from fd00::212:7404:4:404: icmp_seq=82 ttl=62 time=114 ms
64 bytes from fd00::212:7404:4:404: icmp_seq=83 ttl=62 time=119 ms
64 bytes from fd00::212:7404:4:404: icmp_seq=84 ttl=62 time=102 ms
64 bytes from fd00::212:7404:4:404: icmp_seq=85 ttl=62 time=109 ms
64 bytes from fd00::212:7404:4:404: icmp_seq=86 ttl=62 time=104 ms
64 bytes from fd00::212:7404:4:404: icmp_seq=87 ttl=62 time=109 ms
64 bytes from fd00::212:7404:4:404: icmp_seq=88 ttl=62 time=93.4 ms
64 bytes from fd00::212:7404:4:404: icmp_seq=89 ttl=62 time=117 ms
64 bytes from fd00::212:7404:4:404: icmp_seq=90 ttl=62 time=109 ms
64 bytes from fd00::212:7404:4:404: icmp_seq=91 ttl=62 time=115 ms
64 bytes from fd00::212:7404:4:404: icmp_seq=92 ttl=62 time=94.8 ms
64 bytes from fd00::212:7404:4:404: icmp_seq=93 ttl=62 time=131 ms
64 bytes from fd00::212:7404:4:404: icmp_seq=94 ttl=62 time=112 ms
64 bytes from fd00::212:7404:4:404: icmp_seq=95 ttl=62 time=101 ms
64 bytes from fd00::212:7404:4:404: icmp_seq=96 ttl=62 time=116 ms
64 bytes from fd00::212:7404:4:404: icmp_seq=97 ttl=62 time=123 ms
64 bytes from fd00::212:7404:4:404: icmp_seq=98 ttl=62 time=95.1 ms
64 bytes from fd00::212:7404:4:404: icmp_seq=99 ttl=62 time=92.2 ms
64 bytes from fd00::212:7404:4:404: icmp_seq=100 ttl=62 time=304 ms

--- fd00::212:7404:4:404 ping statistics ---
100 packets transmitted, 87 received, 13% packet loss, time 497205ms
rtt min/avg/max/mdev = 77.393/163.696/1205.824/176.216 ms
