PING fd00::212:7405:5:505(fd00::212:7405:5:505) 56 data bytes
64 bytes from fd00::212:7405:5:505: icmp_seq=1 ttl=61 time=482 ms
64 bytes from fd00::212:7405:5:505: icmp_seq=3 ttl=61 time=239 ms
64 bytes from fd00::212:7405:5:505: icmp_seq=4 ttl=61 time=184 ms
64 bytes from fd00::212:7405:5:505: icmp_seq=5 ttl=61 time=219 ms
64 bytes from fd00::212:7405:5:505: icmp_seq=6 ttl=61 time=223 ms
64 bytes from fd00::212:7405:5:505: icmp_seq=7 ttl=61 time=415 ms
64 bytes from fd00::212:7405:5:505: icmp_seq=8 ttl=61 time=259 ms
64 bytes from fd00::212:7405:5:505: icmp_seq=9 ttl=61 time=159 ms
64 bytes from fd00::212:7405:5:505: icmp_seq=11 ttl=61 time=165 ms
64 bytes from fd00::212:7405:5:505: icmp_seq=12 ttl=61 time=145 ms
64 bytes from fd00::212:7405:5:505: icmp_seq=13 ttl=61 time=173 ms
64 bytes from fd00::212:7405:5:505: icmp_seq=14 ttl=61 time=146 ms
64 bytes from fd00::212:7405:5:505: icmp_seq=15 ttl=61 time=145 ms
64 bytes from fd00::212:7405:5:505: icmp_seq=16 ttl=61 time=209 ms
64 bytes from fd00::212:7405:5:505: icmp_seq=17 ttl=61 time=148 ms
64 bytes from fd00::212:7405:5:505: icmp_seq=18 ttl=61 time=107 ms
64 bytes from fd00::212:7405:5:505: icmp_seq=19 ttl=61 time=257 ms
64 bytes from fd00::212:7405:5:505: icmp_seq=20 ttl=61 time=214 ms
64 bytes from fd00::212:7405:5:505: icmp_seq=21 ttl=61 time=114 ms
64 bytes from fd00::212:7405:5:505: icmp_seq=22 ttl=61 time=178 ms
64 bytes from fd00::212:7405:5:505: icmp_seq=23 ttl=61 time=119 ms
64 bytes from fd00::212:7405:5:505: icmp_seq=24 ttl=61 time=149 ms
64 bytes from fd00::212:7405:5:505: icmp_seq=25 ttl=61 time=152 ms
64 bytes from fd00::212:7405:5:505: icmp_seq=26 ttl=61 time=126 ms
64 bytes from fd00::212:7405:5:505: icmp_seq=27 ttl=61 time=159 ms
64 bytes from fd00::212:7405:5:505: icmp_seq=28 ttl=61 time=156 ms
64 bytes from fd00::212:7405:5:505: icmp_seq=29 ttl=61 time=157 ms
64 bytes from fd00::212:7405:5:505: icmp_seq=30 ttl=61 time=494 ms
64 bytes from fd00::212:7405:5:505: icmp_seq=31 ttl=61 time=133 ms
64 bytes from fd00::212:7405:5:505: icmp_seq=32 ttl=61 time=168 ms
64 bytes from fd00::212:7405:5:505: icmp_seq=33 ttl=61 time=155 ms
64 bytes from fd00::212:7405:5:505: icmp_seq=34 ttl=61 time=130 ms
64 bytes from fd00::212:7405:5:505: icmp_seq=35 ttl=61 time=186 ms
64 bytes from fd00::212:7405:5:505: icmp_seq=36 ttl=61 time=152 ms
64 bytes from fd00::212:7405:5:505: icmp_seq=37 ttl=61 time=144 ms
64 bytes from fd00::212:7405:5:505: icmp_seq=38 ttl=61 time=131 ms
64 bytes from fd00::212:7405:5:505: icmp_seq=39 ttl=61 time=149 ms
64 bytes from fd00::212:7405:5:505: icmp_seq=40 ttl=61 time=159 ms
64 bytes from fd00::212:7405:5:505: icmp_seq=41 ttl=61 time=142 ms
64 bytes from fd00::212:7405:5:505: icmp_seq=42 ttl=61 time=233 ms
64 bytes from fd00::212:7405:5:505: icmp_seq=43 ttl=61 time=195 ms
64 bytes from fd00::212:7405:5:505: icmp_seq=44 ttl=61 time=134 ms
64 bytes from fd00::212:7405:5:505: icmp_seq=45 ttl=61 time=121 ms
64 bytes from fd00::212:7405:5:505: icmp_seq=46 ttl=61 time=138 ms
64 bytes from fd00::212:7405:5:505: icmp_seq=47 ttl=61 time=139 ms
64 bytes from fd00::212:7405:5:505: icmp_seq=48 ttl=61 time=129 ms
64 bytes from fd00::212:7405:5:505: icmp_seq=49 ttl=61 time=129 ms
64 bytes from fd00::212:7405:5:505: icmp_seq=50 ttl=61 time=171 ms
64 bytes from fd00::212:7405:5:505: icmp_seq=51 ttl=61 time=136 ms
64 bytes from fd00::212:7405:5:505: icmp_seq=52 ttl=61 time=178 ms
64 bytes from fd00::212:7405:5:505: icmp_seq=53 ttl=61 time=133 ms
64 bytes from fd00::212:7405:5:505: icmp_seq=54 ttl=61 time=156 ms
64 bytes from fd00::212:7405:5:505: icmp_seq=55 ttl=61 time=122 ms
64 bytes from fd00::212:7405:5:505: icmp_seq=56 ttl=61 time=142 ms
64 bytes from fd00::212:7405:5:505: icmp_seq=57 ttl=61 time=122 ms
64 bytes from fd00::212:7405:5:505: icmp_seq=58 ttl=61 time=128 ms
64 bytes from fd00::212:7405:5:505: icmp_seq=59 ttl=61 time=144 ms
64 bytes from fd00::212:7405:5:505: icmp_seq=60 ttl=61 time=188 ms
64 bytes from fd00::212:7405:5:505: icmp_seq=61 ttl=61 time=130 ms
64 bytes from fd00::212:7405:5:505: icmp_seq=62 ttl=61 time=141 ms
64 bytes from fd00::212:7405:5:505: icmp_seq=63 ttl=61 time=195 ms
64 bytes from fd00::212:7405:5:505: icmp_seq=64 ttl=61 time=161 ms
64 bytes from fd00::212:7405:5:505: icmp_seq=65 ttl=61 time=157 ms
64 bytes from fd00::212:7405:5:505: icmp_seq=66 ttl=61 time=152 ms
64 bytes from fd00::212:7405:5:505: icmp_seq=67 ttl=61 time=136 ms
64 bytes from fd00::212:7405:5:505: icmp_seq=68 ttl=61 time=163 ms
64 bytes from fd00::212:7405:5:505: icmp_seq=69 ttl=61 time=114 ms
64 bytes from fd00::212:7405:5:505: icmp_seq=70 ttl=61 time=170 ms
64 bytes from fd00::212:7405:5:505: icmp_seq=71 ttl=61 time=179 ms
64 bytes from fd00::212:7405:5:505: icmp_seq=72 ttl=61 time=119 ms
64 bytes from fd00::212:7405:5:505: icmp_seq=73 ttl=61 time=124 ms
64 bytes from fd00::212:7405:5:505: icmp_seq=74 ttl=61 time=170 ms
64 bytes from fd00::212:7405:5:505: icmp_seq=75 ttl=61 time=136 ms
64 bytes from fd00::212:7405:5:505: icmp_seq=76 ttl=61 time=154 ms
64 bytes from fd00::212:7405:5:505: icmp_seq=77 ttl=61 time=112 ms
64 bytes from fd00::212:7405:5:505: icmp_seq=78 ttl=61 time=167 ms
64 bytes from fd00::212:7405:5:505: icmp_seq=79 ttl=61 time=154 ms
64 bytes from fd00::212:7405:5:505: icmp_seq=80 ttl=61 time=385 ms
64 bytes from fd00::212:7405:5:505: icmp_seq=81 ttl=61 time=129 ms
64 bytes from fd00::212:7405:5:505: icmp_seq=82 ttl=61 time=135 ms
64 bytes from fd00::212:7405:5:505: icmp_seq=83 ttl=61 time=171 ms
64 bytes from fd00::212:7405:5:505: icmp_seq=84 ttl=61 time=193 ms
64 bytes from fd00::212:7405:5:505: icmp_seq=85 ttl=61 time=133 ms
64 bytes from fd00::212:7405:5:505: icmp_seq=86 ttl=61 time=123 ms
64 bytes from fd00::212:7405:5:505: icmp_seq=87 ttl=61 time=155 ms
64 bytes from fd00::212:7405:5:505: icmp_seq=88 ttl=61 time=134 ms
64 bytes from fd00::212:7405:5:505: icmp_seq=89 ttl=61 time=160 ms
64 bytes from fd00::212:7405:5:505: icmp_seq=90 ttl=61 time=165 ms
64 bytes from fd00::212:7405:5:505: icmp_seq=91 ttl=61 time=133 ms
64 bytes from fd00::212:7405:5:505: icmp_seq=92 ttl=61 time=139 ms
64 bytes from fd00::212:7405:5:505: icmp_seq=93 ttl=61 time=191 ms
64 bytes from fd00::212:7405:5:505: icmp_seq=94 ttl=61 time=161 ms
64 bytes from fd00::212:7405:5:505: icmp_seq=95 ttl=61 time=120 ms
64 bytes from fd00::212:7405:5:505: icmp_seq=96 ttl=61 time=133 ms
64 bytes from fd00::212:7405:5:505: icmp_seq=97 ttl=61 time=127 ms
64 bytes from fd00::212:7405:5:505: icmp_seq=98 ttl=61 time=145 ms
64 bytes from fd00::212:7405:5:505: icmp_seq=99 ttl=61 time=195 ms
64 bytes from fd00::212:7405:5:505: icmp_seq=100 ttl=61 time=408 ms

--- fd00::212:7405:5:505 ping statistics ---
100 packets transmitted, 98 received, 2% packet loss, time 495731ms
rtt min/avg/max/mdev = 107.844/170.379/494.817/69.796 ms
