PING fd00::212:7403:3:303(fd00::212:7403:3:303) 56 data bytes
64 bytes from fd00::212:7403:3:303: icmp_seq=1 ttl=63 time=61.0 ms
64 bytes from fd00::212:7403:3:303: icmp_seq=3 ttl=63 time=72.5 ms
64 bytes from fd00::212:7403:3:303: icmp_seq=6 ttl=63 time=59.4 ms
64 bytes from fd00::212:7403:3:303: icmp_seq=11 ttl=63 time=209 ms
64 bytes from fd00::212:7403:3:303: icmp_seq=12 ttl=63 time=707 ms
64 bytes from fd00::212:7403:3:303: icmp_seq=13 ttl=63 time=123 ms
64 bytes from fd00::212:7403:3:303: icmp_seq=14 ttl=63 time=43.0 ms
64 bytes from fd00::212:7403:3:303: icmp_seq=15 ttl=63 time=118 ms
64 bytes from fd00::212:7403:3:303: icmp_seq=16 ttl=63 time=106 ms
64 bytes from fd00::212:7403:3:303: icmp_seq=17 ttl=63 time=143 ms
64 bytes from fd00::212:7403:3:303: icmp_seq=18 ttl=63 time=170 ms
64 bytes from fd00::212:7403:3:303: icmp_seq=19 ttl=63 time=40.4 ms
64 bytes from fd00::212:7403:3:303: icmp_seq=20 ttl=63 time=87.6 ms
64 bytes from fd00::212:7403:3:303: icmp_seq=22 ttl=63 time=49.2 ms
64 bytes from fd00::212:7403:3:303: icmp_seq=23 ttl=63 time=47.3 ms
64 bytes from fd00::212:7403:3:303: icmp_seq=24 ttl=63 time=46.5 ms
64 bytes from fd00::212:7403:3:303: icmp_seq=25 ttl=63 time=38.2 ms
64 bytes from fd00::212:7403:3:303: icmp_seq=26 ttl=63 time=41.4 ms
64 bytes from fd00::212:7403:3:303: icmp_seq=27 ttl=63 time=60.8 ms
64 bytes from fd00::212:7403:3:303: icmp_seq=28 ttl=63 time=48.7 ms
64 bytes from fd00::212:7403:3:303: icmp_seq=29 ttl=63 time=33.6 ms
64 bytes from fd00::212:7403:3:303: icmp_seq=30 ttl=63 time=35.3 ms
64 bytes from fd00::212:7403:3:303: icmp_seq=31 ttl=63 time=37.5 ms
64 bytes from fd00::212:7403:3:303: icmp_seq=32 ttl=63 time=51.0 ms
64 bytes from fd00::212:7403:3:303: icmp_seq=33 ttl=63 time=47.2 ms
64 bytes from fd00::212:7403:3:303: icmp_seq=34 ttl=63 time=42.4 ms
64 bytes from fd00::212:7403:3:303: icmp_seq=35 ttl=63 time=47.5 ms
64 bytes from fd00::212:7403:3:303: icmp_seq=36 ttl=63 time=36.8 ms
64 bytes from fd00::212:7403:3:303: icmp_seq=37 ttl=63 time=36.1 ms
64 bytes from fd00::212:7403:3:303: icmp_seq=38 ttl=63 time=43.7 ms
64 bytes from fd00::212:7403:3:303: icmp_seq=39 ttl=63 time=41.5 ms
64 bytes from fd00::212:7403:3:303: icmp_seq=40 ttl=63 time=43.4 ms
64 bytes from fd00::212:7403:3:303: icmp_seq=41 ttl=63 time=46.1 ms
64 bytes from fd00::212:7403:3:303: icmp_seq=42 ttl=63 time=49.0 ms
64 bytes from fd00::212:7403:3:303: icmp_seq=43 ttl=63 time=68.9 ms
64 bytes from fd00::212:7403:3:303: icmp_seq=44 ttl=63 time=36.3 ms
64 bytes from fd00::212:7403:3:303: icmp_seq=45 ttl=63 time=35.6 ms
64 bytes from fd00::212:7403:3:303: icmp_seq=46 ttl=63 time=46.0 ms
64 bytes from fd00::212:7403:3:303: icmp_seq=47 ttl=63 time=52.6 ms
64 bytes from fd00::212:7403:3:303: icmp_seq=48 ttl=63 time=49.5 ms
64 bytes from fd00::212:7403:3:303: icmp_seq=49 ttl=63 time=57.1 ms
64 bytes from fd00::212:7403:3:303: icmp_seq=50 ttl=63 time=54.1 ms
64 bytes from fd00::212:7403:3:303: icmp_seq=51 ttl=63 time=58.2 ms
64 bytes from fd00::212:7403:3:303: icmp_seq=52 ttl=63 time=53.6 ms
64 bytes from fd00::212:7403:3:303: icmp_seq=53 ttl=63 time=48.1 ms
64 bytes from fd00::212:7403:3:303: icmp_seq=54 ttl=63 time=30.6 ms
64 bytes from fd00::212:7403:3:303: icmp_seq=55 ttl=63 time=56.9 ms
64 bytes from fd00::212:7403:3:303: icmp_seq=56 ttl=63 time=41.6 ms
64 bytes from fd00::212:7403:3:303: icmp_seq=57 ttl=63 time=31.3 ms
64 bytes from fd00::212:7403:3:303: icmp_seq=58 ttl=63 time=47.1 ms
64 bytes from fd00::212:7403:3:303: icmp_seq=59 ttl=63 time=40.5 ms
64 bytes from fd00::212:7403:3:303: icmp_seq=60 ttl=63 time=48.3 ms
64 bytes from fd00::212:7403:3:303: icmp_seq=61 ttl=63 time=36.0 ms
64 bytes from fd00::212:7403:3:303: icmp_seq=62 ttl=63 time=63.1 ms
64 bytes from fd00::212:7403:3:303: icmp_seq=63 ttl=63 time=63.0 ms
64 bytes from fd00::212:7403:3:303: icmp_seq=64 ttl=63 time=41.1 ms
64 bytes from fd00::212:7403:3:303: icmp_seq=65 ttl=63 time=32.8 ms
64 bytes from fd00::212:7403:3:303: icmp_seq=66 ttl=63 time=38.7 ms
64 bytes from fd00::212:7403:3:303: icmp_seq=67 ttl=63 time=38.5 ms
64 bytes from fd00::212:7403:3:303: icmp_seq=68 ttl=63 time=47.3 ms
64 bytes from fd00::212:7403:3:303: icmp_seq=69 ttl=63 time=52.4 ms
64 bytes from fd00::212:7403:3:303: icmp_seq=70 ttl=63 time=40.9 ms
64 bytes from fd00::212:7403:3:303: icmp_seq=71 ttl=63 time=44.8 ms
64 bytes from fd00::212:7403:3:303: icmp_seq=72 ttl=63 time=51.9 ms
64 bytes from fd00::212:7403:3:303: icmp_seq=73 ttl=63 time=39.3 ms
64 bytes from fd00::212:7403:3:303: icmp_seq=74 ttl=63 time=39.3 ms
64 bytes from fd00::212:7403:3:303: icmp_seq=75 ttl=63 time=50.6 ms
64 bytes from fd00::212:7403:3:303: icmp_seq=76 ttl=63 time=28.3 ms
64 bytes from fd00::212:7403:3:303: icmp_seq=77 ttl=63 time=51.2 ms
64 bytes from fd00::212:7403:3:303: icmp_seq=78 ttl=63 time=42.6 ms
64 bytes from fd00::212:7403:3:303: icmp_seq=79 ttl=63 time=52.9 ms
64 bytes from fd00::212:7403:3:303: icmp_seq=80 ttl=63 time=56.0 ms
64 bytes from fd00::212:7403:3:303: icmp_seq=81 ttl=63 time=72.3 ms
64 bytes from fd00::212:7403:3:303: icmp_seq=82 ttl=63 time=55.0 ms
64 bytes from fd00::212:7403:3:303: icmp_seq=83 ttl=63 time=39.5 ms
64 bytes from fd00::212:7403:3:303: icmp_seq=84 ttl=63 time=37.4 ms
64 bytes from fd00::212:7403:3:303: icmp_seq=85 ttl=63 time=37.6 ms
64 bytes from fd00::212:7403:3:303: icmp_seq=86 ttl=63 time=29.8 ms
64 bytes from fd00::212:7403:3:303: icmp_seq=87 ttl=63 time=41.0 ms
64 bytes from fd00::212:7403:3:303: icmp_seq=88 ttl=63 time=42.9 ms
64 bytes from fd00::212:7403:3:303: icmp_seq=89 ttl=63 time=44.4 ms
64 bytes from fd00::212:7403:3:303: icmp_seq=90 ttl=63 time=33.9 ms
64 bytes from fd00::212:7403:3:303: icmp_seq=91 ttl=63 time=44.6 ms
64 bytes from fd00::212:7403:3:303: icmp_seq=92 ttl=63 time=44.0 ms
64 bytes from fd00::212:7403:3:303: icmp_seq=93 ttl=63 time=44.6 ms
64 bytes from fd00::212:7403:3:303: icmp_seq=94 ttl=63 time=34.1 ms
64 bytes from fd00::212:7403:3:303: icmp_seq=95 ttl=63 time=45.2 ms
64 bytes from fd00::212:7403:3:303: icmp_seq=96 ttl=63 time=42.5 ms
64 bytes from fd00::212:7403:3:303: icmp_seq=97 ttl=63 time=42.8 ms
64 bytes from fd00::212:7403:3:303: icmp_seq=98 ttl=63 time=46.0 ms
64 bytes from fd00::212:7403:3:303: icmp_seq=99 ttl=63 time=68.3 ms
64 bytes from fd00::212:7403:3:303: icmp_seq=100 ttl=63 time=47.9 ms

--- fd00::212:7403:3:303 ping statistics ---
100 packets transmitted, 92 received, 8% packet loss, time 496451ms
rtt min/avg/max/mdev = 28.337/60.123/707.943/73.409 ms
