PING aaaa::212:7404:4:404(aaaa::212:7404:4:404) 56 data bytes
64 bytes from aaaa::212:7404:4:404: icmp_seq=1 ttl=63 time=101 ms
64 bytes from aaaa::212:7404:4:404: icmp_seq=3 ttl=63 time=83.3 ms
64 bytes from aaaa::212:7404:4:404: icmp_seq=5 ttl=63 time=508 ms
64 bytes from aaaa::212:7404:4:404: icmp_seq=6 ttl=63 time=137 ms
64 bytes from aaaa::212:7404:4:404: icmp_seq=7 ttl=63 time=349 ms
64 bytes from aaaa::212:7404:4:404: icmp_seq=8 ttl=63 time=187 ms
64 bytes from aaaa::212:7404:4:404: icmp_seq=9 ttl=63 time=875 ms
64 bytes from aaaa::212:7404:4:404: icmp_seq=11 ttl=63 time=102 ms
64 bytes from aaaa::212:7404:4:404: icmp_seq=12 ttl=63 time=48.1 ms
64 bytes from aaaa::212:7404:4:404: icmp_seq=13 ttl=63 time=112 ms
64 bytes from aaaa::212:7404:4:404: icmp_seq=15 ttl=63 time=56.4 ms
64 bytes from aaaa::212:7404:4:404: icmp_seq=16 ttl=63 time=58.5 ms
64 bytes from aaaa::212:7404:4:404: icmp_seq=17 ttl=63 time=74.5 ms
64 bytes from aaaa::212:7404:4:404: icmp_seq=18 ttl=63 time=67.0 ms
64 bytes from aaaa::212:7404:4:404: icmp_seq=20 ttl=63 time=64.4 ms
64 bytes from aaaa::212:7404:4:404: icmp_seq=21 ttl=63 time=142 ms
64 bytes from aaaa::212:7404:4:404: icmp_seq=22 ttl=63 time=765 ms
64 bytes from aaaa::212:7404:4:404: icmp_seq=24 ttl=63 time=61.1 ms
64 bytes from aaaa::212:7404:4:404: icmp_seq=25 ttl=63 time=97.9 ms
64 bytes from aaaa::212:7404:4:404: icmp_seq=26 ttl=63 time=108 ms
64 bytes from aaaa::212:7404:4:404: icmp_seq=27 ttl=63 time=73.6 ms
64 bytes from aaaa::212:7404:4:404: icmp_seq=28 ttl=63 time=167 ms
64 bytes from aaaa::212:7404:4:404: icmp_seq=29 ttl=63 time=92.2 ms
64 bytes from aaaa::212:7404:4:404: icmp_seq=31 ttl=63 time=490 ms
64 bytes from aaaa::212:7404:4:404: icmp_seq=32 ttl=63 time=84.7 ms
64 bytes from aaaa::212:7404:4:404: icmp_seq=33 ttl=63 time=56.6 ms
64 bytes from aaaa::212:7404:4:404: icmp_seq=34 ttl=63 time=90.6 ms
64 bytes from aaaa::212:7404:4:404: icmp_seq=36 ttl=63 time=162 ms
64 bytes from aaaa::212:7404:4:404: icmp_seq=37 ttl=63 time=408 ms
64 bytes from aaaa::212:7404:4:404: icmp_seq=38 ttl=63 time=433 ms
64 bytes from aaaa::212:7404:4:404: icmp_seq=41 ttl=63 time=68.2 ms
64 bytes from aaaa::212:7404:4:404: icmp_seq=42 ttl=63 time=86.3 ms
64 bytes from aaaa::212:7404:4:404: icmp_seq=43 ttl=63 time=294 ms
64 bytes from aaaa::212:7404:4:404: icmp_seq=44 ttl=63 time=376 ms
64 bytes from aaaa::212:7404:4:404: icmp_seq=45 ttl=63 time=124 ms
64 bytes from aaaa::212:7404:4:404: icmp_seq=46 ttl=63 time=214 ms
64 bytes from aaaa::212:7404:4:404: icmp_seq=49 ttl=63 time=87.5 ms
64 bytes from aaaa::212:7404:4:404: icmp_seq=50 ttl=63 time=327 ms
64 bytes from aaaa::212:7404:4:404: icmp_seq=51 ttl=63 time=408 ms
64 bytes from aaaa::212:7404:4:404: icmp_seq=52 ttl=63 time=230 ms
64 bytes from aaaa::212:7404:4:404: icmp_seq=53 ttl=63 time=92.7 ms
64 bytes from aaaa::212:7404:4:404: icmp_seq=55 ttl=63 time=62.9 ms
64 bytes from aaaa::212:7404:4:404: icmp_seq=56 ttl=63 time=152 ms
64 bytes from aaaa::212:7404:4:404: icmp_seq=57 ttl=63 time=90.2 ms
64 bytes from aaaa::212:7404:4:404: icmp_seq=59 ttl=63 time=90.3 ms
64 bytes from aaaa::212:7404:4:404: icmp_seq=60 ttl=63 time=243 ms
64 bytes from aaaa::212:7404:4:404: icmp_seq=61 ttl=63 time=89.2 ms
64 bytes from aaaa::212:7404:4:404: icmp_seq=62 ttl=63 time=405 ms
64 bytes from aaaa::212:7404:4:404: icmp_seq=63 ttl=63 time=114 ms
64 bytes from aaaa::212:7404:4:404: icmp_seq=65 ttl=63 time=931 ms
64 bytes from aaaa::212:7404:4:404: icmp_seq=66 ttl=63 time=275 ms
64 bytes from aaaa::212:7404:4:404: icmp_seq=70 ttl=63 time=113 ms
64 bytes from aaaa::212:7404:4:404: icmp_seq=74 ttl=63 time=84.1 ms
64 bytes from aaaa::212:7404:4:404: icmp_seq=75 ttl=63 time=564 ms
64 bytes from aaaa::212:7404:4:404: icmp_seq=76 ttl=63 time=134 ms
64 bytes from aaaa::212:7404:4:404: icmp_seq=77 ttl=63 time=115 ms
64 bytes from aaaa::212:7404:4:404: icmp_seq=78 ttl=63 time=49.5 ms
64 bytes from aaaa::212:7404:4:404: icmp_seq=80 ttl=63 time=299 ms
64 bytes from aaaa::212:7404:4:404: icmp_seq=81 ttl=63 time=608 ms
64 bytes from aaaa::212:7404:4:404: icmp_seq=82 ttl=63 time=254 ms
64 bytes from aaaa::212:7404:4:404: icmp_seq=83 ttl=63 time=57.5 ms
64 bytes from aaaa::212:7404:4:404: icmp_seq=84 ttl=63 time=263 ms
64 bytes from aaaa::212:7404:4:404: icmp_seq=85 ttl=63 time=67.4 ms
64 bytes from aaaa::212:7404:4:404: icmp_seq=86 ttl=63 time=468 ms
64 bytes from aaaa::212:7404:4:404: icmp_seq=87 ttl=63 time=227 ms
64 bytes from aaaa::212:7404:4:404: icmp_seq=89 ttl=63 time=68.7 ms
64 bytes from aaaa::212:7404:4:404: icmp_seq=90 ttl=63 time=342 ms
64 bytes from aaaa::212:7404:4:404: icmp_seq=91 ttl=63 time=62.8 ms
64 bytes from aaaa::212:7404:4:404: icmp_seq=92 ttl=63 time=102 ms
64 bytes from aaaa::212:7404:4:404: icmp_seq=93 ttl=63 time=104 ms
64 bytes from aaaa::212:7404:4:404: icmp_seq=94 ttl=63 time=339 ms
64 bytes from aaaa::212:7404:4:404: icmp_seq=95 ttl=63 time=123 ms
64 bytes from aaaa::212:7404:4:404: icmp_seq=96 ttl=63 time=607 ms
64 bytes from aaaa::212:7404:4:404: icmp_seq=97 ttl=63 time=537 ms
64 bytes from aaaa::212:7404:4:404: icmp_seq=99 ttl=63 time=535 ms
64 bytes from aaaa::212:7404:4:404: icmp_seq=103 ttl=63 time=257 ms
64 bytes from aaaa::212:7404:4:404: icmp_seq=104 ttl=63 time=589 ms
64 bytes from aaaa::212:7404:4:404: icmp_seq=105 ttl=63 time=196 ms
64 bytes from aaaa::212:7404:4:404: icmp_seq=106 ttl=63 time=473 ms
64 bytes from aaaa::212:7404:4:404: icmp_seq=107 ttl=63 time=251 ms
64 bytes from aaaa::212:7404:4:404: icmp_seq=108 ttl=63 time=100 ms
64 bytes from aaaa::212:7404:4:404: icmp_seq=109 ttl=63 time=492 ms
64 bytes from aaaa::212:7404:4:404: icmp_seq=110 ttl=63 time=127 ms
64 bytes from aaaa::212:7404:4:404: icmp_seq=111 ttl=63 time=119 ms
64 bytes from aaaa::212:7404:4:404: icmp_seq=112 ttl=63 time=769 ms
64 bytes from aaaa::212:7404:4:404: icmp_seq=113 ttl=63 time=145 ms
64 bytes from aaaa::212:7404:4:404: icmp_seq=114 ttl=63 time=584 ms
64 bytes from aaaa::212:7404:4:404: icmp_seq=115 ttl=63 time=147 ms
64 bytes from aaaa::212:7404:4:404: icmp_seq=116 ttl=63 time=251 ms
64 bytes from aaaa::212:7404:4:404: icmp_seq=117 ttl=63 time=231 ms
64 bytes from aaaa::212:7404:4:404: icmp_seq=118 ttl=62 time=865 ms
64 bytes from aaaa::212:7404:4:404: icmp_seq=120 ttl=63 time=332 ms
64 bytes from aaaa::212:7404:4:404: icmp_seq=121 ttl=63 time=52.9 ms
64 bytes from aaaa::212:7404:4:404: icmp_seq=122 ttl=63 time=64.6 ms
64 bytes from aaaa::212:7404:4:404: icmp_seq=123 ttl=63 time=101 ms
64 bytes from aaaa::212:7404:4:404: icmp_seq=124 ttl=63 time=72.7 ms
64 bytes from aaaa::212:7404:4:404: icmp_seq=126 ttl=63 time=226 ms
64 bytes from aaaa::212:7404:4:404: icmp_seq=137 ttl=63 time=159 ms
64 bytes from aaaa::212:7404:4:404: icmp_seq=141 ttl=63 time=96.3 ms
64 bytes from aaaa::212:7404:4:404: icmp_seq=142 ttl=63 time=703 ms
64 bytes from aaaa::212:7404:4:404: icmp_seq=143 ttl=63 time=67.6 ms
64 bytes from aaaa::212:7404:4:404: icmp_seq=144 ttl=63 time=181 ms
64 bytes from aaaa::212:7404:4:404: icmp_seq=145 ttl=63 time=544 ms
64 bytes from aaaa::212:7404:4:404: icmp_seq=150 ttl=63 time=218 ms
64 bytes from aaaa::212:7404:4:404: icmp_seq=151 ttl=63 time=99.7 ms
64 bytes from aaaa::212:7404:4:404: icmp_seq=158 ttl=63 time=771 ms
64 bytes from aaaa::212:7404:4:404: icmp_seq=159 ttl=63 time=237 ms
64 bytes from aaaa::212:7404:4:404: icmp_seq=189 ttl=63 time=74.4 ms
64 bytes from aaaa::212:7404:4:404: icmp_seq=190 ttl=63 time=64.8 ms
64 bytes from aaaa::212:7404:4:404: icmp_seq=191 ttl=63 time=104 ms
64 bytes from aaaa::212:7404:4:404: icmp_seq=192 ttl=63 time=63.0 ms
64 bytes from aaaa::212:7404:4:404: icmp_seq=193 ttl=63 time=56.1 ms
64 bytes from aaaa::212:7404:4:404: icmp_seq=194 ttl=63 time=1006 ms
64 bytes from aaaa::212:7404:4:404: icmp_seq=195 ttl=63 time=140 ms
64 bytes from aaaa::212:7404:4:404: icmp_seq=196 ttl=63 time=53.2 ms
64 bytes from aaaa::212:7404:4:404: icmp_seq=197 ttl=63 time=59.3 ms
64 bytes from aaaa::212:7404:4:404: icmp_seq=198 ttl=63 time=63.2 ms
64 bytes from aaaa::212:7404:4:404: icmp_seq=199 ttl=63 time=364 ms
64 bytes from aaaa::212:7404:4:404: icmp_seq=200 ttl=63 time=362 ms

--- aaaa::212:7404:4:404 ping statistics ---
200 packets transmitted, 119 received, 40% packet loss, time 1006162ms
rtt min/avg/max/mdev = 48.168/242.989/1006.390/221.897 ms
