PING aaaa::212:7411:11:1111(aaaa::212:7411:11:1111) 56 data bytes
64 bytes from aaaa::212:7411:11:1111: icmp_seq=2 ttl=59 time=400 ms
64 bytes from aaaa::212:7411:11:1111: icmp_seq=5 ttl=59 time=521 ms
64 bytes from aaaa::212:7411:11:1111: icmp_seq=6 ttl=59 time=1971 ms
64 bytes from aaaa::212:7411:11:1111: icmp_seq=10 ttl=59 time=575 ms
64 bytes from aaaa::212:7411:11:1111: icmp_seq=20 ttl=58 time=1003 ms
64 bytes from aaaa::212:7411:11:1111: icmp_seq=22 ttl=59 time=707 ms
64 bytes from aaaa::212:7411:11:1111: icmp_seq=23 ttl=59 time=1183 ms
64 bytes from aaaa::212:7411:11:1111: icmp_seq=24 ttl=59 time=804 ms
64 bytes from aaaa::212:7411:11:1111: icmp_seq=25 ttl=59 time=367 ms
64 bytes from aaaa::212:7411:11:1111: icmp_seq=26 ttl=59 time=434 ms
64 bytes from aaaa::212:7411:11:1111: icmp_seq=31 ttl=59 time=384 ms
64 bytes from aaaa::212:7411:11:1111: icmp_seq=44 ttl=59 time=1327 ms
64 bytes from aaaa::212:7411:11:1111: icmp_seq=47 ttl=59 time=401 ms
64 bytes from aaaa::212:7411:11:1111: icmp_seq=48 ttl=59 time=768 ms
64 bytes from aaaa::212:7411:11:1111: icmp_seq=49 ttl=58 time=847 ms
64 bytes from aaaa::212:7411:11:1111: icmp_seq=50 ttl=59 time=742 ms
64 bytes from aaaa::212:7411:11:1111: icmp_seq=51 ttl=58 time=1081 ms
64 bytes from aaaa::212:7411:11:1111: icmp_seq=52 ttl=58 time=429 ms
64 bytes from aaaa::212:7411:11:1111: icmp_seq=56 ttl=59 time=1280 ms
64 bytes from aaaa::212:7411:11:1111: icmp_seq=58 ttl=59 time=1222 ms
64 bytes from aaaa::212:7411:11:1111: icmp_seq=59 ttl=59 time=342 ms
64 bytes from aaaa::212:7411:11:1111: icmp_seq=62 ttl=59 time=1288 ms
64 bytes from aaaa::212:7411:11:1111: icmp_seq=63 ttl=59 time=1370 ms
64 bytes from aaaa::212:7411:11:1111: icmp_seq=66 ttl=59 time=495 ms
64 bytes from aaaa::212:7411:11:1111: icmp_seq=67 ttl=59 time=533 ms
64 bytes from aaaa::212:7411:11:1111: icmp_seq=68 ttl=59 time=644 ms
64 bytes from aaaa::212:7411:11:1111: icmp_seq=70 ttl=59 time=492 ms
64 bytes from aaaa::212:7411:11:1111: icmp_seq=71 ttl=59 time=1954 ms
64 bytes from aaaa::212:7411:11:1111: icmp_seq=73 ttl=59 time=789 ms
64 bytes from aaaa::212:7411:11:1111: icmp_seq=74 ttl=59 time=459 ms
64 bytes from aaaa::212:7411:11:1111: icmp_seq=75 ttl=59 time=337 ms
64 bytes from aaaa::212:7411:11:1111: icmp_seq=77 ttl=59 time=768 ms
64 bytes from aaaa::212:7411:11:1111: icmp_seq=85 ttl=59 time=727 ms
64 bytes from aaaa::212:7411:11:1111: icmp_seq=87 ttl=59 time=475 ms
64 bytes from aaaa::212:7411:11:1111: icmp_seq=88 ttl=59 time=301 ms
64 bytes from aaaa::212:7411:11:1111: icmp_seq=89 ttl=59 time=281 ms
64 bytes from aaaa::212:7411:11:1111: icmp_seq=90 ttl=59 time=1604 ms
64 bytes from aaaa::212:7411:11:1111: icmp_seq=91 ttl=59 time=755 ms
64 bytes from aaaa::212:7411:11:1111: icmp_seq=92 ttl=59 time=676 ms
64 bytes from aaaa::212:7411:11:1111: icmp_seq=93 ttl=59 time=414 ms
64 bytes from aaaa::212:7411:11:1111: icmp_seq=94 ttl=59 time=354 ms
64 bytes from aaaa::212:7411:11:1111: icmp_seq=96 ttl=59 time=1592 ms
64 bytes from aaaa::212:7411:11:1111: icmp_seq=97 ttl=59 time=639 ms
64 bytes from aaaa::212:7411:11:1111: icmp_seq=98 ttl=59 time=866 ms
64 bytes from aaaa::212:7411:11:1111: icmp_seq=99 ttl=59 time=497 ms
64 bytes from aaaa::212:7411:11:1111: icmp_seq=100 ttl=59 time=1165 ms
64 bytes from aaaa::212:7411:11:1111: icmp_seq=101 ttl=59 time=1395 ms
64 bytes from aaaa::212:7411:11:1111: icmp_seq=102 ttl=59 time=791 ms
64 bytes from aaaa::212:7411:11:1111: icmp_seq=111 ttl=59 time=644 ms
64 bytes from aaaa::212:7411:11:1111: icmp_seq=112 ttl=59 time=697 ms
64 bytes from aaaa::212:7411:11:1111: icmp_seq=114 ttl=59 time=704 ms
64 bytes from aaaa::212:7411:11:1111: icmp_seq=116 ttl=58 time=582 ms
64 bytes from aaaa::212:7411:11:1111: icmp_seq=117 ttl=58 time=604 ms
64 bytes from aaaa::212:7411:11:1111: icmp_seq=118 ttl=58 time=772 ms
64 bytes from aaaa::212:7411:11:1111: icmp_seq=124 ttl=59 time=657 ms
64 bytes from aaaa::212:7411:11:1111: icmp_seq=126 ttl=59 time=659 ms
64 bytes from aaaa::212:7411:11:1111: icmp_seq=128 ttl=59 time=499 ms
64 bytes from aaaa::212:7411:11:1111: icmp_seq=129 ttl=59 time=767 ms
64 bytes from aaaa::212:7411:11:1111: icmp_seq=130 ttl=59 time=366 ms
64 bytes from aaaa::212:7411:11:1111: icmp_seq=133 ttl=59 time=644 ms
64 bytes from aaaa::212:7411:11:1111: icmp_seq=134 ttl=59 time=901 ms
64 bytes from aaaa::212:7411:11:1111: icmp_seq=136 ttl=59 time=1352 ms
64 bytes from aaaa::212:7411:11:1111: icmp_seq=138 ttl=59 time=2009 ms
64 bytes from aaaa::212:7411:11:1111: icmp_seq=139 ttl=59 time=861 ms
64 bytes from aaaa::212:7411:11:1111: icmp_seq=140 ttl=59 time=579 ms
64 bytes from aaaa::212:7411:11:1111: icmp_seq=141 ttl=59 time=604 ms
64 bytes from aaaa::212:7411:11:1111: icmp_seq=151 ttl=59 time=1271 ms
64 bytes from aaaa::212:7411:11:1111: icmp_seq=152 ttl=59 time=482 ms
64 bytes from aaaa::212:7411:11:1111: icmp_seq=153 ttl=59 time=421 ms
64 bytes from aaaa::212:7411:11:1111: icmp_seq=154 ttl=59 time=1723 ms
64 bytes from aaaa::212:7411:11:1111: icmp_seq=155 ttl=59 time=1110 ms
64 bytes from aaaa::212:7411:11:1111: icmp_seq=158 ttl=59 time=282 ms
64 bytes from aaaa::212:7411:11:1111: icmp_seq=159 ttl=59 time=684 ms
64 bytes from aaaa::212:7411:11:1111: icmp_seq=161 ttl=59 time=378 ms
64 bytes from aaaa::212:7411:11:1111: icmp_seq=162 ttl=59 time=539 ms
64 bytes from aaaa::212:7411:11:1111: icmp_seq=163 ttl=59 time=448 ms
64 bytes from aaaa::212:7411:11:1111: icmp_seq=164 ttl=59 time=870 ms
64 bytes from aaaa::212:7411:11:1111: icmp_seq=167 ttl=59 time=257 ms
64 bytes from aaaa::212:7411:11:1111: icmp_seq=170 ttl=59 time=764 ms
64 bytes from aaaa::212:7411:11:1111: icmp_seq=171 ttl=59 time=859 ms
64 bytes from aaaa::212:7411:11:1111: icmp_seq=172 ttl=59 time=380 ms
64 bytes from aaaa::212:7411:11:1111: icmp_seq=174 ttl=59 time=417 ms
64 bytes from aaaa::212:7411:11:1111: icmp_seq=176 ttl=59 time=2020 ms
64 bytes from aaaa::212:7411:11:1111: icmp_seq=177 ttl=59 time=333 ms
64 bytes from aaaa::212:7411:11:1111: icmp_seq=178 ttl=59 time=512 ms
64 bytes from aaaa::212:7411:11:1111: icmp_seq=179 ttl=59 time=389 ms
64 bytes from aaaa::212:7411:11:1111: icmp_seq=180 ttl=59 time=1607 ms
64 bytes from aaaa::212:7411:11:1111: icmp_seq=181 ttl=59 time=1083 ms
64 bytes from aaaa::212:7411:11:1111: icmp_seq=182 ttl=59 time=366 ms
64 bytes from aaaa::212:7411:11:1111: icmp_seq=185 ttl=59 time=1695 ms
64 bytes from aaaa::212:7411:11:1111: icmp_seq=187 ttl=59 time=325 ms
64 bytes from aaaa::212:7411:11:1111: icmp_seq=188 ttl=59 time=1014 ms
64 bytes from aaaa::212:7411:11:1111: icmp_seq=189 ttl=59 time=398 ms
64 bytes from aaaa::212:7411:11:1111: icmp_seq=190 ttl=59 time=521 ms
64 bytes from aaaa::212:7411:11:1111: icmp_seq=191 ttl=59 time=1743 ms
64 bytes from aaaa::212:7411:11:1111: icmp_seq=193 ttl=59 time=301 ms
64 bytes from aaaa::212:7411:11:1111: icmp_seq=194 ttl=59 time=797 ms
64 bytes from aaaa::212:7411:11:1111: icmp_seq=195 ttl=59 time=281 ms
64 bytes from aaaa::212:7411:11:1111: icmp_seq=198 ttl=59 time=521 ms
64 bytes from aaaa::212:7411:11:1111: icmp_seq=199 ttl=59 time=339 ms
64 bytes from aaaa::212:7411:11:1111: icmp_seq=200 ttl=59 time=252 ms

--- aaaa::212:7411:11:1111 ping statistics ---
200 packets transmitted, 101 received, 49% packet loss, time 1009286ms
rtt min/avg/max/mdev = 252.808/770.141/2020.856/446.673 ms
