PING aaaa::212:740c:c:c0c(aaaa::212:740c:c:c0c) 56 data bytes
64 bytes from aaaa::212:740c:c:c0c: icmp_seq=8 ttl=61 time=978 ms
64 bytes from aaaa::212:740c:c:c0c: icmp_seq=9 ttl=61 time=475 ms
64 bytes from aaaa::212:740c:c:c0c: icmp_seq=10 ttl=61 time=180 ms
64 bytes from aaaa::212:740c:c:c0c: icmp_seq=11 ttl=61 time=415 ms
64 bytes from aaaa::212:740c:c:c0c: icmp_seq=12 ttl=61 time=315 ms
64 bytes from aaaa::212:740c:c:c0c: icmp_seq=13 ttl=61 time=415 ms
64 bytes from aaaa::212:740c:c:c0c: icmp_seq=14 ttl=61 time=269 ms
64 bytes from aaaa::212:740c:c:c0c: icmp_seq=16 ttl=61 time=758 ms
64 bytes from aaaa::212:740c:c:c0c: icmp_seq=17 ttl=61 time=243 ms
64 bytes from aaaa::212:740c:c:c0c: icmp_seq=19 ttl=61 time=762 ms
64 bytes from aaaa::212:740c:c:c0c: icmp_seq=21 ttl=60 time=466 ms
64 bytes from aaaa::212:740c:c:c0c: icmp_seq=22 ttl=61 time=414 ms
64 bytes from aaaa::212:740c:c:c0c: icmp_seq=23 ttl=61 time=265 ms
64 bytes from aaaa::212:740c:c:c0c: icmp_seq=24 ttl=61 time=841 ms
64 bytes from aaaa::212:740c:c:c0c: icmp_seq=25 ttl=61 time=513 ms
64 bytes from aaaa::212:740c:c:c0c: icmp_seq=26 ttl=61 time=221 ms
64 bytes from aaaa::212:740c:c:c0c: icmp_seq=27 ttl=61 time=276 ms
64 bytes from aaaa::212:740c:c:c0c: icmp_seq=30 ttl=61 time=363 ms
64 bytes from aaaa::212:740c:c:c0c: icmp_seq=31 ttl=61 time=235 ms
64 bytes from aaaa::212:740c:c:c0c: icmp_seq=32 ttl=61 time=429 ms
64 bytes from aaaa::212:740c:c:c0c: icmp_seq=33 ttl=61 time=592 ms
64 bytes from aaaa::212:740c:c:c0c: icmp_seq=34 ttl=61 time=233 ms
64 bytes from aaaa::212:740c:c:c0c: icmp_seq=42 ttl=61 time=450 ms
64 bytes from aaaa::212:740c:c:c0c: icmp_seq=47 ttl=61 time=361 ms
64 bytes from aaaa::212:740c:c:c0c: icmp_seq=48 ttl=61 time=990 ms
64 bytes from aaaa::212:740c:c:c0c: icmp_seq=49 ttl=61 time=1226 ms
64 bytes from aaaa::212:740c:c:c0c: icmp_seq=50 ttl=58 time=1555 ms
64 bytes from aaaa::212:740c:c:c0c: icmp_seq=51 ttl=61 time=382 ms
64 bytes from aaaa::212:740c:c:c0c: icmp_seq=52 ttl=61 time=588 ms
64 bytes from aaaa::212:740c:c:c0c: icmp_seq=53 ttl=61 time=741 ms
64 bytes from aaaa::212:740c:c:c0c: icmp_seq=54 ttl=61 time=1436 ms
64 bytes from aaaa::212:740c:c:c0c: icmp_seq=61 ttl=61 time=1024 ms
64 bytes from aaaa::212:740c:c:c0c: icmp_seq=69 ttl=61 time=259 ms
64 bytes from aaaa::212:740c:c:c0c: icmp_seq=71 ttl=61 time=195 ms
64 bytes from aaaa::212:740c:c:c0c: icmp_seq=72 ttl=61 time=343 ms
64 bytes from aaaa::212:740c:c:c0c: icmp_seq=73 ttl=61 time=1685 ms
64 bytes from aaaa::212:740c:c:c0c: icmp_seq=75 ttl=61 time=265 ms
64 bytes from aaaa::212:740c:c:c0c: icmp_seq=76 ttl=61 time=280 ms
64 bytes from aaaa::212:740c:c:c0c: icmp_seq=77 ttl=61 time=1481 ms
64 bytes from aaaa::212:740c:c:c0c: icmp_seq=78 ttl=61 time=390 ms
64 bytes from aaaa::212:740c:c:c0c: icmp_seq=81 ttl=60 time=596 ms
64 bytes from aaaa::212:740c:c:c0c: icmp_seq=82 ttl=61 time=530 ms
64 bytes from aaaa::212:740c:c:c0c: icmp_seq=83 ttl=60 time=454 ms
64 bytes from aaaa::212:740c:c:c0c: icmp_seq=87 ttl=60 time=1015 ms
64 bytes from aaaa::212:740c:c:c0c: icmp_seq=88 ttl=60 time=225 ms
64 bytes from aaaa::212:740c:c:c0c: icmp_seq=94 ttl=61 time=388 ms
64 bytes from aaaa::212:740c:c:c0c: icmp_seq=97 ttl=61 time=1107 ms
64 bytes from aaaa::212:740c:c:c0c: icmp_seq=103 ttl=61 time=895 ms
64 bytes from aaaa::212:740c:c:c0c: icmp_seq=106 ttl=61 time=611 ms
64 bytes from aaaa::212:740c:c:c0c: icmp_seq=107 ttl=61 time=493 ms
64 bytes from aaaa::212:740c:c:c0c: icmp_seq=108 ttl=61 time=515 ms
64 bytes from aaaa::212:740c:c:c0c: icmp_seq=109 ttl=61 time=243 ms
64 bytes from aaaa::212:740c:c:c0c: icmp_seq=110 ttl=61 time=1081 ms
64 bytes from aaaa::212:740c:c:c0c: icmp_seq=111 ttl=61 time=787 ms
64 bytes from aaaa::212:740c:c:c0c: icmp_seq=112 ttl=61 time=571 ms
64 bytes from aaaa::212:740c:c:c0c: icmp_seq=113 ttl=61 time=1123 ms
64 bytes from aaaa::212:740c:c:c0c: icmp_seq=114 ttl=61 time=641 ms
64 bytes from aaaa::212:740c:c:c0c: icmp_seq=115 ttl=61 time=1222 ms
64 bytes from aaaa::212:740c:c:c0c: icmp_seq=126 ttl=61 time=1065 ms
64 bytes from aaaa::212:740c:c:c0c: icmp_seq=128 ttl=61 time=812 ms
64 bytes from aaaa::212:740c:c:c0c: icmp_seq=129 ttl=61 time=501 ms
64 bytes from aaaa::212:740c:c:c0c: icmp_seq=130 ttl=61 time=405 ms
64 bytes from aaaa::212:740c:c:c0c: icmp_seq=132 ttl=61 time=1894 ms
64 bytes from aaaa::212:740c:c:c0c: icmp_seq=134 ttl=61 time=221 ms
64 bytes from aaaa::212:740c:c:c0c: icmp_seq=135 ttl=61 time=742 ms
64 bytes from aaaa::212:740c:c:c0c: icmp_seq=137 ttl=61 time=1601 ms
64 bytes from aaaa::212:740c:c:c0c: icmp_seq=138 ttl=61 time=278 ms
64 bytes from aaaa::212:740c:c:c0c: icmp_seq=139 ttl=61 time=607 ms
64 bytes from aaaa::212:740c:c:c0c: icmp_seq=140 ttl=61 time=526 ms
64 bytes from aaaa::212:740c:c:c0c: icmp_seq=141 ttl=61 time=213 ms
64 bytes from aaaa::212:740c:c:c0c: icmp_seq=142 ttl=61 time=326 ms
64 bytes from aaaa::212:740c:c:c0c: icmp_seq=143 ttl=61 time=190 ms
64 bytes from aaaa::212:740c:c:c0c: icmp_seq=146 ttl=61 time=319 ms
64 bytes from aaaa::212:740c:c:c0c: icmp_seq=147 ttl=61 time=812 ms
64 bytes from aaaa::212:740c:c:c0c: icmp_seq=148 ttl=61 time=217 ms
64 bytes from aaaa::212:740c:c:c0c: icmp_seq=149 ttl=61 time=220 ms
64 bytes from aaaa::212:740c:c:c0c: icmp_seq=150 ttl=61 time=849 ms
64 bytes from aaaa::212:740c:c:c0c: icmp_seq=154 ttl=61 time=191 ms
64 bytes from aaaa::212:740c:c:c0c: icmp_seq=156 ttl=61 time=512 ms
64 bytes from aaaa::212:740c:c:c0c: icmp_seq=157 ttl=61 time=238 ms
64 bytes from aaaa::212:740c:c:c0c: icmp_seq=158 ttl=61 time=205 ms
64 bytes from aaaa::212:740c:c:c0c: icmp_seq=159 ttl=61 time=254 ms
64 bytes from aaaa::212:740c:c:c0c: icmp_seq=160 ttl=61 time=725 ms
64 bytes from aaaa::212:740c:c:c0c: icmp_seq=161 ttl=61 time=542 ms
64 bytes from aaaa::212:740c:c:c0c: icmp_seq=162 ttl=61 time=427 ms
64 bytes from aaaa::212:740c:c:c0c: icmp_seq=163 ttl=61 time=777 ms
64 bytes from aaaa::212:740c:c:c0c: icmp_seq=164 ttl=61 time=211 ms
64 bytes from aaaa::212:740c:c:c0c: icmp_seq=165 ttl=61 time=339 ms
64 bytes from aaaa::212:740c:c:c0c: icmp_seq=167 ttl=61 time=244 ms
64 bytes from aaaa::212:740c:c:c0c: icmp_seq=168 ttl=61 time=184 ms
64 bytes from aaaa::212:740c:c:c0c: icmp_seq=169 ttl=61 time=223 ms
64 bytes from aaaa::212:740c:c:c0c: icmp_seq=170 ttl=61 time=210 ms
64 bytes from aaaa::212:740c:c:c0c: icmp_seq=172 ttl=61 time=610 ms
64 bytes from aaaa::212:740c:c:c0c: icmp_seq=174 ttl=61 time=728 ms
64 bytes from aaaa::212:740c:c:c0c: icmp_seq=177 ttl=61 time=698 ms
64 bytes from aaaa::212:740c:c:c0c: icmp_seq=178 ttl=61 time=440 ms
64 bytes from aaaa::212:740c:c:c0c: icmp_seq=179 ttl=61 time=252 ms
64 bytes from aaaa::212:740c:c:c0c: icmp_seq=190 ttl=61 time=281 ms
64 bytes from aaaa::212:740c:c:c0c: icmp_seq=193 ttl=61 time=687 ms
64 bytes from aaaa::212:740c:c:c0c: icmp_seq=200 ttl=61 time=244 ms

--- aaaa::212:740c:c:c0c ping statistics ---
200 packets transmitted, 100 received, 50% packet loss, time 1009660ms
rtt min/avg/max/mdev = 180.763/568.769/1894.946/378.966 ms
