PING fd00::212:740a:a:a0a(fd00::212:740a:a:a0a) 56 data bytes
64 bytes from fd00::212:740a:a:a0a: icmp_seq=1 ttl=60 time=258 ms
64 bytes from fd00::212:740a:a:a0a: icmp_seq=3 ttl=60 time=571 ms
64 bytes from fd00::212:740a:a:a0a: icmp_seq=5 ttl=60 time=740 ms
64 bytes from fd00::212:740a:a:a0a: icmp_seq=8 ttl=60 time=1843 ms
64 bytes from fd00::212:740a:a:a0a: icmp_seq=9 ttl=60 time=272 ms
64 bytes from fd00::212:740a:a:a0a: icmp_seq=10 ttl=60 time=296 ms
64 bytes from fd00::212:740a:a:a0a: icmp_seq=11 ttl=60 time=251 ms
64 bytes from fd00::212:740a:a:a0a: icmp_seq=13 ttl=60 time=529 ms
64 bytes from fd00::212:740a:a:a0a: icmp_seq=14 ttl=60 time=1227 ms
64 bytes from fd00::212:740a:a:a0a: icmp_seq=15 ttl=60 time=964 ms
64 bytes from fd00::212:740a:a:a0a: icmp_seq=16 ttl=60 time=626 ms
64 bytes from fd00::212:740a:a:a0a: icmp_seq=18 ttl=60 time=378 ms
64 bytes from fd00::212:740a:a:a0a: icmp_seq=19 ttl=60 time=368 ms
64 bytes from fd00::212:740a:a:a0a: icmp_seq=20 ttl=60 time=1616 ms
64 bytes from fd00::212:740a:a:a0a: icmp_seq=22 ttl=60 time=744 ms
64 bytes from fd00::212:740a:a:a0a: icmp_seq=23 ttl=60 time=647 ms
64 bytes from fd00::212:740a:a:a0a: icmp_seq=24 ttl=60 time=551 ms
64 bytes from fd00::212:740a:a:a0a: icmp_seq=28 ttl=60 time=540 ms
64 bytes from fd00::212:740a:a:a0a: icmp_seq=29 ttl=60 time=377 ms
64 bytes from fd00::212:740a:a:a0a: icmp_seq=34 ttl=60 time=754 ms
64 bytes from fd00::212:740a:a:a0a: icmp_seq=35 ttl=60 time=173 ms
64 bytes from fd00::212:740a:a:a0a: icmp_seq=37 ttl=60 time=784 ms
64 bytes from fd00::212:740a:a:a0a: icmp_seq=38 ttl=60 time=285 ms
64 bytes from fd00::212:740a:a:a0a: icmp_seq=39 ttl=60 time=487 ms
64 bytes from fd00::212:740a:a:a0a: icmp_seq=40 ttl=60 time=1475 ms
64 bytes from fd00::212:740a:a:a0a: icmp_seq=58 ttl=60 time=815 ms
64 bytes from fd00::212:740a:a:a0a: icmp_seq=61 ttl=60 time=577 ms
64 bytes from fd00::212:740a:a:a0a: icmp_seq=62 ttl=60 time=1224 ms
64 bytes from fd00::212:740a:a:a0a: icmp_seq=63 ttl=60 time=603 ms
64 bytes from fd00::212:740a:a:a0a: icmp_seq=65 ttl=60 time=241 ms
64 bytes from fd00::212:740a:a:a0a: icmp_seq=66 ttl=60 time=267 ms
64 bytes from fd00::212:740a:a:a0a: icmp_seq=67 ttl=60 time=324 ms
64 bytes from fd00::212:740a:a:a0a: icmp_seq=68 ttl=60 time=254 ms
64 bytes from fd00::212:740a:a:a0a: icmp_seq=69 ttl=60 time=247 ms
64 bytes from fd00::212:740a:a:a0a: icmp_seq=70 ttl=60 time=251 ms
64 bytes from fd00::212:740a:a:a0a: icmp_seq=71 ttl=60 time=293 ms
64 bytes from fd00::212:740a:a:a0a: icmp_seq=72 ttl=60 time=250 ms
64 bytes from fd00::212:740a:a:a0a: icmp_seq=73 ttl=60 time=284 ms
64 bytes from fd00::212:740a:a:a0a: icmp_seq=74 ttl=60 time=626 ms
64 bytes from fd00::212:740a:a:a0a: icmp_seq=75 ttl=60 time=251 ms
64 bytes from fd00::212:740a:a:a0a: icmp_seq=76 ttl=60 time=243 ms
64 bytes from fd00::212:740a:a:a0a: icmp_seq=77 ttl=60 time=254 ms
64 bytes from fd00::212:740a:a:a0a: icmp_seq=78 ttl=60 time=302 ms
64 bytes from fd00::212:740a:a:a0a: icmp_seq=79 ttl=60 time=259 ms
64 bytes from fd00::212:740a:a:a0a: icmp_seq=80 ttl=60 time=269 ms
64 bytes from fd00::212:740a:a:a0a: icmp_seq=81 ttl=60 time=277 ms
64 bytes from fd00::212:740a:a:a0a: icmp_seq=82 ttl=60 time=301 ms
64 bytes from fd00::212:740a:a:a0a: icmp_seq=83 ttl=60 time=273 ms
64 bytes from fd00::212:740a:a:a0a: icmp_seq=84 ttl=60 time=293 ms
64 bytes from fd00::212:740a:a:a0a: icmp_seq=85 ttl=60 time=280 ms
64 bytes from fd00::212:740a:a:a0a: icmp_seq=86 ttl=60 time=248 ms
64 bytes from fd00::212:740a:a:a0a: icmp_seq=87 ttl=60 time=243 ms
64 bytes from fd00::212:740a:a:a0a: icmp_seq=88 ttl=60 time=263 ms
64 bytes from fd00::212:740a:a:a0a: icmp_seq=89 ttl=60 time=243 ms
64 bytes from fd00::212:740a:a:a0a: icmp_seq=90 ttl=60 time=255 ms
64 bytes from fd00::212:740a:a:a0a: icmp_seq=91 ttl=60 time=255 ms
64 bytes from fd00::212:740a:a:a0a: icmp_seq=92 ttl=60 time=303 ms
64 bytes from fd00::212:740a:a:a0a: icmp_seq=93 ttl=60 time=283 ms
64 bytes from fd00::212:740a:a:a0a: icmp_seq=94 ttl=60 time=262 ms
64 bytes from fd00::212:740a:a:a0a: icmp_seq=95 ttl=60 time=296 ms
64 bytes from fd00::212:740a:a:a0a: icmp_seq=96 ttl=60 time=272 ms
64 bytes from fd00::212:740a:a:a0a: icmp_seq=97 ttl=60 time=320 ms
64 bytes from fd00::212:740a:a:a0a: icmp_seq=98 ttl=60 time=214 ms
64 bytes from fd00::212:740a:a:a0a: icmp_seq=99 ttl=60 time=285 ms
64 bytes from fd00::212:740a:a:a0a: icmp_seq=100 ttl=60 time=271 ms
64 bytes from fd00::212:740a:a:a0a: icmp_seq=101 ttl=60 time=320 ms
64 bytes from fd00::212:740a:a:a0a: icmp_seq=103 ttl=60 time=307 ms
64 bytes from fd00::212:740a:a:a0a: icmp_seq=104 ttl=60 time=237 ms
64 bytes from fd00::212:740a:a:a0a: icmp_seq=105 ttl=60 time=223 ms
64 bytes from fd00::212:740a:a:a0a: icmp_seq=106 ttl=60 time=274 ms
64 bytes from fd00::212:740a:a:a0a: icmp_seq=107 ttl=60 time=237 ms
64 bytes from fd00::212:740a:a:a0a: icmp_seq=108 ttl=60 time=280 ms
64 bytes from fd00::212:740a:a:a0a: icmp_seq=110 ttl=60 time=224 ms
64 bytes from fd00::212:740a:a:a0a: icmp_seq=111 ttl=60 time=207 ms
64 bytes from fd00::212:740a:a:a0a: icmp_seq=112 ttl=60 time=201 ms
64 bytes from fd00::212:740a:a:a0a: icmp_seq=113 ttl=60 time=238 ms
64 bytes from fd00::212:740a:a:a0a: icmp_seq=114 ttl=60 time=238 ms
64 bytes from fd00::212:740a:a:a0a: icmp_seq=115 ttl=60 time=263 ms
64 bytes from fd00::212:740a:a:a0a: icmp_seq=116 ttl=60 time=244 ms
64 bytes from fd00::212:740a:a:a0a: icmp_seq=117 ttl=60 time=238 ms
64 bytes from fd00::212:740a:a:a0a: icmp_seq=118 ttl=60 time=216 ms
64 bytes from fd00::212:740a:a:a0a: icmp_seq=119 ttl=60 time=258 ms
64 bytes from fd00::212:740a:a:a0a: icmp_seq=120 ttl=60 time=246 ms
64 bytes from fd00::212:740a:a:a0a: icmp_seq=121 ttl=60 time=241 ms
64 bytes from fd00::212:740a:a:a0a: icmp_seq=122 ttl=60 time=238 ms
64 bytes from fd00::212:740a:a:a0a: icmp_seq=123 ttl=60 time=251 ms
64 bytes from fd00::212:740a:a:a0a: icmp_seq=124 ttl=60 time=247 ms
64 bytes from fd00::212:740a:a:a0a: icmp_seq=125 ttl=60 time=233 ms
64 bytes from fd00::212:740a:a:a0a: icmp_seq=126 ttl=60 time=205 ms
64 bytes from fd00::212:740a:a:a0a: icmp_seq=127 ttl=60 time=205 ms
64 bytes from fd00::212:740a:a:a0a: icmp_seq=128 ttl=60 time=232 ms
64 bytes from fd00::212:740a:a:a0a: icmp_seq=129 ttl=60 time=267 ms
64 bytes from fd00::212:740a:a:a0a: icmp_seq=130 ttl=60 time=248 ms
64 bytes from fd00::212:740a:a:a0a: icmp_seq=131 ttl=60 time=245 ms
64 bytes from fd00::212:740a:a:a0a: icmp_seq=132 ttl=60 time=253 ms
64 bytes from fd00::212:740a:a:a0a: icmp_seq=133 ttl=60 time=240 ms
64 bytes from fd00::212:740a:a:a0a: icmp_seq=134 ttl=60 time=254 ms
64 bytes from fd00::212:740a:a:a0a: icmp_seq=135 ttl=60 time=243 ms
64 bytes from fd00::212:740a:a:a0a: icmp_seq=136 ttl=60 time=257 ms
64 bytes from fd00::212:740a:a:a0a: icmp_seq=137 ttl=60 time=288 ms
64 bytes from fd00::212:740a:a:a0a: icmp_seq=138 ttl=60 time=264 ms
64 bytes from fd00::212:740a:a:a0a: icmp_seq=139 ttl=60 time=262 ms
64 bytes from fd00::212:740a:a:a0a: icmp_seq=140 ttl=60 time=261 ms
64 bytes from fd00::212:740a:a:a0a: icmp_seq=141 ttl=60 time=271 ms
64 bytes from fd00::212:740a:a:a0a: icmp_seq=142 ttl=60 time=243 ms
64 bytes from fd00::212:740a:a:a0a: icmp_seq=143 ttl=60 time=236 ms
64 bytes from fd00::212:740a:a:a0a: icmp_seq=144 ttl=60 time=234 ms
64 bytes from fd00::212:740a:a:a0a: icmp_seq=145 ttl=60 time=238 ms
64 bytes from fd00::212:740a:a:a0a: icmp_seq=146 ttl=60 time=248 ms
64 bytes from fd00::212:740a:a:a0a: icmp_seq=147 ttl=60 time=264 ms
64 bytes from fd00::212:740a:a:a0a: icmp_seq=148 ttl=60 time=249 ms
64 bytes from fd00::212:740a:a:a0a: icmp_seq=149 ttl=60 time=228 ms
64 bytes from fd00::212:740a:a:a0a: icmp_seq=150 ttl=60 time=252 ms
64 bytes from fd00::212:740a:a:a0a: icmp_seq=151 ttl=60 time=208 ms
64 bytes from fd00::212:740a:a:a0a: icmp_seq=152 ttl=60 time=232 ms
64 bytes from fd00::212:740a:a:a0a: icmp_seq=153 ttl=60 time=247 ms
64 bytes from fd00::212:740a:a:a0a: icmp_seq=154 ttl=60 time=254 ms
64 bytes from fd00::212:740a:a:a0a: icmp_seq=155 ttl=60 time=284 ms
64 bytes from fd00::212:740a:a:a0a: icmp_seq=156 ttl=60 time=249 ms
64 bytes from fd00::212:740a:a:a0a: icmp_seq=157 ttl=60 time=211 ms
64 bytes from fd00::212:740a:a:a0a: icmp_seq=158 ttl=60 time=273 ms
64 bytes from fd00::212:740a:a:a0a: icmp_seq=159 ttl=60 time=244 ms
64 bytes from fd00::212:740a:a:a0a: icmp_seq=160 ttl=60 time=245 ms
64 bytes from fd00::212:740a:a:a0a: icmp_seq=161 ttl=60 time=247 ms
64 bytes from fd00::212:740a:a:a0a: icmp_seq=162 ttl=60 time=240 ms
64 bytes from fd00::212:740a:a:a0a: icmp_seq=163 ttl=60 time=245 ms
64 bytes from fd00::212:740a:a:a0a: icmp_seq=164 ttl=60 time=240 ms
64 bytes from fd00::212:740a:a:a0a: icmp_seq=165 ttl=60 time=269 ms
64 bytes from fd00::212:740a:a:a0a: icmp_seq=166 ttl=60 time=234 ms
64 bytes from fd00::212:740a:a:a0a: icmp_seq=167 ttl=60 time=479 ms
64 bytes from fd00::212:740a:a:a0a: icmp_seq=168 ttl=60 time=253 ms
64 bytes from fd00::212:740a:a:a0a: icmp_seq=169 ttl=60 time=290 ms
64 bytes from fd00::212:740a:a:a0a: icmp_seq=170 ttl=60 time=272 ms
64 bytes from fd00::212:740a:a:a0a: icmp_seq=171 ttl=60 time=241 ms
64 bytes from fd00::212:740a:a:a0a: icmp_seq=172 ttl=60 time=241 ms
64 bytes from fd00::212:740a:a:a0a: icmp_seq=173 ttl=60 time=235 ms
64 bytes from fd00::212:740a:a:a0a: icmp_seq=174 ttl=60 time=262 ms
64 bytes from fd00::212:740a:a:a0a: icmp_seq=175 ttl=60 time=236 ms
64 bytes from fd00::212:740a:a:a0a: icmp_seq=176 ttl=60 time=278 ms
64 bytes from fd00::212:740a:a:a0a: icmp_seq=177 ttl=60 time=230 ms
64 bytes from fd00::212:740a:a:a0a: icmp_seq=178 ttl=60 time=217 ms
64 bytes from fd00::212:740a:a:a0a: icmp_seq=179 ttl=60 time=254 ms
64 bytes from fd00::212:740a:a:a0a: icmp_seq=180 ttl=60 time=256 ms
64 bytes from fd00::212:740a:a:a0a: icmp_seq=181 ttl=60 time=250 ms
64 bytes from fd00::212:740a:a:a0a: icmp_seq=182 ttl=60 time=209 ms
64 bytes from fd00::212:740a:a:a0a: icmp_seq=183 ttl=60 time=262 ms
64 bytes from fd00::212:740a:a:a0a: icmp_seq=184 ttl=60 time=272 ms
64 bytes from fd00::212:740a:a:a0a: icmp_seq=185 ttl=60 time=280 ms
64 bytes from fd00::212:740a:a:a0a: icmp_seq=186 ttl=60 time=257 ms
64 bytes from fd00::212:740a:a:a0a: icmp_seq=187 ttl=60 time=245 ms
64 bytes from fd00::212:740a:a:a0a: icmp_seq=188 ttl=60 time=273 ms
64 bytes from fd00::212:740a:a:a0a: icmp_seq=189 ttl=60 time=227 ms
64 bytes from fd00::212:740a:a:a0a: icmp_seq=190 ttl=60 time=254 ms
64 bytes from fd00::212:740a:a:a0a: icmp_seq=191 ttl=60 time=212 ms
64 bytes from fd00::212:740a:a:a0a: icmp_seq=192 ttl=60 time=228 ms
64 bytes from fd00::212:740a:a:a0a: icmp_seq=193 ttl=60 time=258 ms
64 bytes from fd00::212:740a:a:a0a: icmp_seq=194 ttl=60 time=257 ms
64 bytes from fd00::212:740a:a:a0a: icmp_seq=196 ttl=60 time=257 ms
64 bytes from fd00::212:740a:a:a0a: icmp_seq=197 ttl=60 time=232 ms
64 bytes from fd00::212:740a:a:a0a: icmp_seq=198 ttl=60 time=239 ms
64 bytes from fd00::212:740a:a:a0a: icmp_seq=199 ttl=60 time=232 ms
64 bytes from fd00::212:740a:a:a0a: icmp_seq=200 ttl=60 time=292 ms

--- fd00::212:740a:a:a0a ping statistics ---
200 packets transmitted, 162 received, 19% packet loss, time 1000715ms
rtt min/avg/max/mdev = 173.604/335.521/1843.002/245.434 ms
