PING aaaa::212:7407:7:707(aaaa::212:7407:7:707) 56 data bytes
64 bytes from aaaa::212:7407:7:707: icmp_seq=1 ttl=63 time=78.2 ms
64 bytes from aaaa::212:7407:7:707: icmp_seq=2 ttl=63 time=98.3 ms
64 bytes from aaaa::212:7407:7:707: icmp_seq=8 ttl=63 time=80.4 ms
64 bytes from aaaa::212:7407:7:707: icmp_seq=14 ttl=63 time=87.1 ms
64 bytes from aaaa::212:7407:7:707: icmp_seq=18 ttl=63 time=116 ms
64 bytes from aaaa::212:7407:7:707: icmp_seq=20 ttl=63 time=49.4 ms
64 bytes from aaaa::212:7407:7:707: icmp_seq=22 ttl=63 time=103 ms
64 bytes from aaaa::212:7407:7:707: icmp_seq=29 ttl=63 time=56.5 ms
64 bytes from aaaa::212:7407:7:707: icmp_seq=30 ttl=63 time=68.1 ms
64 bytes from aaaa::212:7407:7:707: icmp_seq=31 ttl=63 time=99.3 ms
64 bytes from aaaa::212:7407:7:707: icmp_seq=32 ttl=63 time=66.9 ms
64 bytes from aaaa::212:7407:7:707: icmp_seq=33 ttl=63 time=56.8 ms
64 bytes from aaaa::212:7407:7:707: icmp_seq=35 ttl=63 time=49.1 ms
64 bytes from aaaa::212:7407:7:707: icmp_seq=36 ttl=63 time=55.5 ms
64 bytes from aaaa::212:7407:7:707: icmp_seq=37 ttl=63 time=69.1 ms
64 bytes from aaaa::212:7407:7:707: icmp_seq=38 ttl=63 time=49.7 ms
64 bytes from aaaa::212:7407:7:707: icmp_seq=39 ttl=63 time=45.1 ms
64 bytes from aaaa::212:7407:7:707: icmp_seq=40 ttl=63 time=80.3 ms
64 bytes from aaaa::212:7407:7:707: icmp_seq=41 ttl=63 time=45.6 ms
64 bytes from aaaa::212:7407:7:707: icmp_seq=42 ttl=63 time=75.0 ms
64 bytes from aaaa::212:7407:7:707: icmp_seq=44 ttl=63 time=59.8 ms
64 bytes from aaaa::212:7407:7:707: icmp_seq=45 ttl=63 time=50.7 ms
64 bytes from aaaa::212:7407:7:707: icmp_seq=46 ttl=63 time=80.5 ms
64 bytes from aaaa::212:7407:7:707: icmp_seq=47 ttl=63 time=43.3 ms
64 bytes from aaaa::212:7407:7:707: icmp_seq=48 ttl=63 time=46.8 ms
64 bytes from aaaa::212:7407:7:707: icmp_seq=49 ttl=63 time=59.1 ms
64 bytes from aaaa::212:7407:7:707: icmp_seq=50 ttl=63 time=47.9 ms
64 bytes from aaaa::212:7407:7:707: icmp_seq=51 ttl=63 time=55.6 ms
64 bytes from aaaa::212:7407:7:707: icmp_seq=52 ttl=63 time=61.5 ms
64 bytes from aaaa::212:7407:7:707: icmp_seq=53 ttl=63 time=63.4 ms
64 bytes from aaaa::212:7407:7:707: icmp_seq=54 ttl=63 time=47.6 ms
64 bytes from aaaa::212:7407:7:707: icmp_seq=55 ttl=63 time=38.2 ms
64 bytes from aaaa::212:7407:7:707: icmp_seq=56 ttl=63 time=50.1 ms
64 bytes from aaaa::212:7407:7:707: icmp_seq=57 ttl=63 time=39.8 ms
64 bytes from aaaa::212:7407:7:707: icmp_seq=58 ttl=63 time=34.7 ms
64 bytes from aaaa::212:7407:7:707: icmp_seq=59 ttl=63 time=35.2 ms
64 bytes from aaaa::212:7407:7:707: icmp_seq=60 ttl=63 time=45.3 ms
64 bytes from aaaa::212:7407:7:707: icmp_seq=61 ttl=63 time=94.7 ms
64 bytes from aaaa::212:7407:7:707: icmp_seq=62 ttl=63 time=52.7 ms
64 bytes from aaaa::212:7407:7:707: icmp_seq=63 ttl=63 time=104 ms
64 bytes from aaaa::212:7407:7:707: icmp_seq=66 ttl=63 time=57.2 ms
64 bytes from aaaa::212:7407:7:707: icmp_seq=67 ttl=63 time=41.1 ms
64 bytes from aaaa::212:7407:7:707: icmp_seq=68 ttl=63 time=53.2 ms
64 bytes from aaaa::212:7407:7:707: icmp_seq=69 ttl=63 time=39.3 ms
64 bytes from aaaa::212:7407:7:707: icmp_seq=70 ttl=63 time=32.9 ms
64 bytes from aaaa::212:7407:7:707: icmp_seq=71 ttl=63 time=64.9 ms
64 bytes from aaaa::212:7407:7:707: icmp_seq=72 ttl=63 time=33.8 ms
64 bytes from aaaa::212:7407:7:707: icmp_seq=73 ttl=63 time=40.2 ms
64 bytes from aaaa::212:7407:7:707: icmp_seq=74 ttl=63 time=43.7 ms
64 bytes from aaaa::212:7407:7:707: icmp_seq=75 ttl=63 time=39.3 ms
64 bytes from aaaa::212:7407:7:707: icmp_seq=76 ttl=63 time=52.9 ms
64 bytes from aaaa::212:7407:7:707: icmp_seq=77 ttl=63 time=77.4 ms
64 bytes from aaaa::212:7407:7:707: icmp_seq=78 ttl=63 time=58.9 ms
64 bytes from aaaa::212:7407:7:707: icmp_seq=79 ttl=63 time=47.7 ms
64 bytes from aaaa::212:7407:7:707: icmp_seq=80 ttl=63 time=45.1 ms
64 bytes from aaaa::212:7407:7:707: icmp_seq=81 ttl=63 time=53.8 ms
64 bytes from aaaa::212:7407:7:707: icmp_seq=82 ttl=63 time=39.3 ms
64 bytes from aaaa::212:7407:7:707: icmp_seq=83 ttl=63 time=58.1 ms
64 bytes from aaaa::212:7407:7:707: icmp_seq=84 ttl=63 time=49.0 ms
64 bytes from aaaa::212:7407:7:707: icmp_seq=85 ttl=63 time=47.8 ms
64 bytes from aaaa::212:7407:7:707: icmp_seq=86 ttl=63 time=40.3 ms
64 bytes from aaaa::212:7407:7:707: icmp_seq=88 ttl=63 time=78.0 ms
64 bytes from aaaa::212:7407:7:707: icmp_seq=89 ttl=63 time=56.0 ms
64 bytes from aaaa::212:7407:7:707: icmp_seq=90 ttl=63 time=33.0 ms
64 bytes from aaaa::212:7407:7:707: icmp_seq=91 ttl=63 time=51.2 ms
64 bytes from aaaa::212:7407:7:707: icmp_seq=92 ttl=63 time=33.6 ms
64 bytes from aaaa::212:7407:7:707: icmp_seq=93 ttl=63 time=36.5 ms
64 bytes from aaaa::212:7407:7:707: icmp_seq=94 ttl=63 time=35.0 ms
64 bytes from aaaa::212:7407:7:707: icmp_seq=95 ttl=63 time=56.4 ms
64 bytes from aaaa::212:7407:7:707: icmp_seq=96 ttl=63 time=37.1 ms
64 bytes from aaaa::212:7407:7:707: icmp_seq=97 ttl=63 time=42.8 ms
64 bytes from aaaa::212:7407:7:707: icmp_seq=98 ttl=63 time=58.3 ms
64 bytes from aaaa::212:7407:7:707: icmp_seq=99 ttl=63 time=42.5 ms
64 bytes from aaaa::212:7407:7:707: icmp_seq=100 ttl=63 time=36.1 ms
64 bytes from aaaa::212:7407:7:707: icmp_seq=101 ttl=63 time=40.1 ms
64 bytes from aaaa::212:7407:7:707: icmp_seq=102 ttl=63 time=31.6 ms
64 bytes from aaaa::212:7407:7:707: icmp_seq=103 ttl=63 time=31.6 ms
64 bytes from aaaa::212:7407:7:707: icmp_seq=104 ttl=63 time=64.7 ms
64 bytes from aaaa::212:7407:7:707: icmp_seq=106 ttl=63 time=30.4 ms
64 bytes from aaaa::212:7407:7:707: icmp_seq=107 ttl=63 time=47.0 ms
64 bytes from aaaa::212:7407:7:707: icmp_seq=108 ttl=63 time=97.3 ms
64 bytes from aaaa::212:7407:7:707: icmp_seq=109 ttl=63 time=48.9 ms
64 bytes from aaaa::212:7407:7:707: icmp_seq=110 ttl=63 time=52.9 ms
64 bytes from aaaa::212:7407:7:707: icmp_seq=111 ttl=63 time=39.3 ms
64 bytes from aaaa::212:7407:7:707: icmp_seq=112 ttl=63 time=55.9 ms
64 bytes from aaaa::212:7407:7:707: icmp_seq=113 ttl=63 time=33.6 ms
64 bytes from aaaa::212:7407:7:707: icmp_seq=114 ttl=63 time=36.1 ms
64 bytes from aaaa::212:7407:7:707: icmp_seq=115 ttl=63 time=36.5 ms
64 bytes from aaaa::212:7407:7:707: icmp_seq=116 ttl=63 time=53.5 ms
64 bytes from aaaa::212:7407:7:707: icmp_seq=117 ttl=63 time=47.8 ms
64 bytes from aaaa::212:7407:7:707: icmp_seq=118 ttl=63 time=52.2 ms
64 bytes from aaaa::212:7407:7:707: icmp_seq=119 ttl=63 time=56.8 ms
64 bytes from aaaa::212:7407:7:707: icmp_seq=120 ttl=63 time=37.6 ms
64 bytes from aaaa::212:7407:7:707: icmp_seq=121 ttl=63 time=39.3 ms
64 bytes from aaaa::212:7407:7:707: icmp_seq=122 ttl=63 time=38.0 ms
64 bytes from aaaa::212:7407:7:707: icmp_seq=123 ttl=63 time=34.2 ms
64 bytes from aaaa::212:7407:7:707: icmp_seq=124 ttl=63 time=57.4 ms
64 bytes from aaaa::212:7407:7:707: icmp_seq=125 ttl=63 time=48.3 ms
64 bytes from aaaa::212:7407:7:707: icmp_seq=126 ttl=63 time=28.7 ms
64 bytes from aaaa::212:7407:7:707: icmp_seq=127 ttl=63 time=148 ms
64 bytes from aaaa::212:7407:7:707: icmp_seq=128 ttl=63 time=62.6 ms
64 bytes from aaaa::212:7407:7:707: icmp_seq=129 ttl=63 time=59.3 ms
64 bytes from aaaa::212:7407:7:707: icmp_seq=130 ttl=63 time=41.3 ms
64 bytes from aaaa::212:7407:7:707: icmp_seq=131 ttl=63 time=33.5 ms
64 bytes from aaaa::212:7407:7:707: icmp_seq=132 ttl=63 time=104 ms
64 bytes from aaaa::212:7407:7:707: icmp_seq=133 ttl=63 time=37.7 ms
64 bytes from aaaa::212:7407:7:707: icmp_seq=134 ttl=63 time=33.9 ms
64 bytes from aaaa::212:7407:7:707: icmp_seq=135 ttl=63 time=154 ms
64 bytes from aaaa::212:7407:7:707: icmp_seq=136 ttl=63 time=36.1 ms
64 bytes from aaaa::212:7407:7:707: icmp_seq=137 ttl=63 time=63.0 ms
64 bytes from aaaa::212:7407:7:707: icmp_seq=138 ttl=63 time=45.3 ms
64 bytes from aaaa::212:7407:7:707: icmp_seq=139 ttl=63 time=120 ms
64 bytes from aaaa::212:7407:7:707: icmp_seq=140 ttl=63 time=49.6 ms
64 bytes from aaaa::212:7407:7:707: icmp_seq=141 ttl=63 time=38.7 ms
64 bytes from aaaa::212:7407:7:707: icmp_seq=142 ttl=63 time=61.2 ms
64 bytes from aaaa::212:7407:7:707: icmp_seq=143 ttl=63 time=59.9 ms
64 bytes from aaaa::212:7407:7:707: icmp_seq=144 ttl=63 time=42.9 ms
64 bytes from aaaa::212:7407:7:707: icmp_seq=145 ttl=63 time=58.4 ms
64 bytes from aaaa::212:7407:7:707: icmp_seq=146 ttl=63 time=61.4 ms
64 bytes from aaaa::212:7407:7:707: icmp_seq=147 ttl=63 time=35.6 ms
64 bytes from aaaa::212:7407:7:707: icmp_seq=148 ttl=63 time=53.1 ms
64 bytes from aaaa::212:7407:7:707: icmp_seq=149 ttl=63 time=52.5 ms
64 bytes from aaaa::212:7407:7:707: icmp_seq=150 ttl=63 time=71.1 ms
64 bytes from aaaa::212:7407:7:707: icmp_seq=151 ttl=63 time=55.8 ms
64 bytes from aaaa::212:7407:7:707: icmp_seq=152 ttl=63 time=92.0 ms
64 bytes from aaaa::212:7407:7:707: icmp_seq=153 ttl=63 time=63.8 ms
64 bytes from aaaa::212:7407:7:707: icmp_seq=154 ttl=63 time=116 ms
64 bytes from aaaa::212:7407:7:707: icmp_seq=155 ttl=63 time=52.7 ms
64 bytes from aaaa::212:7407:7:707: icmp_seq=156 ttl=63 time=205 ms
64 bytes from aaaa::212:7407:7:707: icmp_seq=157 ttl=63 time=144 ms
64 bytes from aaaa::212:7407:7:707: icmp_seq=158 ttl=63 time=199 ms
64 bytes from aaaa::212:7407:7:707: icmp_seq=159 ttl=63 time=68.2 ms
64 bytes from aaaa::212:7407:7:707: icmp_seq=160 ttl=63 time=72.4 ms
64 bytes from aaaa::212:7407:7:707: icmp_seq=161 ttl=63 time=93.2 ms
64 bytes from aaaa::212:7407:7:707: icmp_seq=162 ttl=63 time=87.9 ms
64 bytes from aaaa::212:7407:7:707: icmp_seq=163 ttl=63 time=50.9 ms
64 bytes from aaaa::212:7407:7:707: icmp_seq=164 ttl=63 time=79.9 ms
64 bytes from aaaa::212:7407:7:707: icmp_seq=165 ttl=63 time=78.9 ms
64 bytes from aaaa::212:7407:7:707: icmp_seq=166 ttl=63 time=55.9 ms
64 bytes from aaaa::212:7407:7:707: icmp_seq=168 ttl=63 time=108 ms
64 bytes from aaaa::212:7407:7:707: icmp_seq=169 ttl=63 time=89.7 ms
64 bytes from aaaa::212:7407:7:707: icmp_seq=170 ttl=63 time=81.2 ms
64 bytes from aaaa::212:7407:7:707: icmp_seq=171 ttl=63 time=83.9 ms
64 bytes from aaaa::212:7407:7:707: icmp_seq=172 ttl=63 time=82.1 ms
64 bytes from aaaa::212:7407:7:707: icmp_seq=173 ttl=63 time=82.8 ms
64 bytes from aaaa::212:7407:7:707: icmp_seq=174 ttl=63 time=79.0 ms
64 bytes from aaaa::212:7407:7:707: icmp_seq=175 ttl=63 time=45.4 ms
64 bytes from aaaa::212:7407:7:707: icmp_seq=176 ttl=63 time=85.4 ms
64 bytes from aaaa::212:7407:7:707: icmp_seq=177 ttl=63 time=55.5 ms
64 bytes from aaaa::212:7407:7:707: icmp_seq=178 ttl=63 time=94.4 ms
64 bytes from aaaa::212:7407:7:707: icmp_seq=179 ttl=63 time=117 ms
64 bytes from aaaa::212:7407:7:707: icmp_seq=180 ttl=63 time=69.2 ms
64 bytes from aaaa::212:7407:7:707: icmp_seq=181 ttl=63 time=87.9 ms
64 bytes from aaaa::212:7407:7:707: icmp_seq=182 ttl=63 time=90.9 ms
64 bytes from aaaa::212:7407:7:707: icmp_seq=183 ttl=63 time=111 ms
64 bytes from aaaa::212:7407:7:707: icmp_seq=184 ttl=63 time=86.2 ms
64 bytes from aaaa::212:7407:7:707: icmp_seq=185 ttl=63 time=52.3 ms
64 bytes from aaaa::212:7407:7:707: icmp_seq=186 ttl=63 time=49.3 ms
64 bytes from aaaa::212:7407:7:707: icmp_seq=187 ttl=63 time=69.6 ms
64 bytes from aaaa::212:7407:7:707: icmp_seq=188 ttl=63 time=136 ms
64 bytes from aaaa::212:7407:7:707: icmp_seq=189 ttl=63 time=57.3 ms
64 bytes from aaaa::212:7407:7:707: icmp_seq=190 ttl=63 time=78.0 ms
64 bytes from aaaa::212:7407:7:707: icmp_seq=191 ttl=63 time=50.0 ms
64 bytes from aaaa::212:7407:7:707: icmp_seq=192 ttl=63 time=113 ms
64 bytes from aaaa::212:7407:7:707: icmp_seq=193 ttl=63 time=58.2 ms
64 bytes from aaaa::212:7407:7:707: icmp_seq=194 ttl=63 time=90.8 ms
64 bytes from aaaa::212:7407:7:707: icmp_seq=195 ttl=63 time=108 ms
64 bytes from aaaa::212:7407:7:707: icmp_seq=196 ttl=63 time=80.1 ms
64 bytes from aaaa::212:7407:7:707: icmp_seq=198 ttl=63 time=41.4 ms
64 bytes from aaaa::212:7407:7:707: icmp_seq=199 ttl=63 time=41.0 ms

--- aaaa::212:7407:7:707 ping statistics ---
200 packets transmitted, 170 received, 15% packet loss, time 999718ms
rtt min/avg/max/mdev = 28.779/63.649/205.037/29.524 ms
