PING aaaa::212:7409:9:909(aaaa::212:7409:9:909) 56 data bytes
64 bytes from aaaa::212:7409:9:909: icmp_seq=1 ttl=63 time=84.0 ms
64 bytes from aaaa::212:7409:9:909: icmp_seq=2 ttl=63 time=77.6 ms
64 bytes from aaaa::212:7409:9:909: icmp_seq=3 ttl=63 time=200 ms
64 bytes from aaaa::212:7409:9:909: icmp_seq=10 ttl=63 time=98.8 ms
64 bytes from aaaa::212:7409:9:909: icmp_seq=11 ttl=63 time=92.8 ms
64 bytes from aaaa::212:7409:9:909: icmp_seq=22 ttl=63 time=438 ms
64 bytes from aaaa::212:7409:9:909: icmp_seq=27 ttl=63 time=128 ms
64 bytes from aaaa::212:7409:9:909: icmp_seq=29 ttl=63 time=78.8 ms
64 bytes from aaaa::212:7409:9:909: icmp_seq=30 ttl=63 time=79.9 ms
64 bytes from aaaa::212:7409:9:909: icmp_seq=36 ttl=63 time=183 ms
64 bytes from aaaa::212:7409:9:909: icmp_seq=37 ttl=63 time=96.9 ms
64 bytes from aaaa::212:7409:9:909: icmp_seq=38 ttl=63 time=125 ms
64 bytes from aaaa::212:7409:9:909: icmp_seq=39 ttl=63 time=141 ms
64 bytes from aaaa::212:7409:9:909: icmp_seq=40 ttl=63 time=217 ms
64 bytes from aaaa::212:7409:9:909: icmp_seq=41 ttl=63 time=111 ms
64 bytes from aaaa::212:7409:9:909: icmp_seq=42 ttl=63 time=114 ms
64 bytes from aaaa::212:7409:9:909: icmp_seq=43 ttl=63 time=84.3 ms
64 bytes from aaaa::212:7409:9:909: icmp_seq=44 ttl=63 time=153 ms
64 bytes from aaaa::212:7409:9:909: icmp_seq=45 ttl=63 time=103 ms
64 bytes from aaaa::212:7409:9:909: icmp_seq=47 ttl=63 time=85.2 ms
64 bytes from aaaa::212:7409:9:909: icmp_seq=48 ttl=63 time=71.5 ms
64 bytes from aaaa::212:7409:9:909: icmp_seq=49 ttl=63 time=71.3 ms
64 bytes from aaaa::212:7409:9:909: icmp_seq=50 ttl=63 time=87.9 ms
64 bytes from aaaa::212:7409:9:909: icmp_seq=51 ttl=63 time=79.8 ms
64 bytes from aaaa::212:7409:9:909: icmp_seq=52 ttl=63 time=59.2 ms
64 bytes from aaaa::212:7409:9:909: icmp_seq=53 ttl=63 time=59.3 ms
64 bytes from aaaa::212:7409:9:909: icmp_seq=54 ttl=63 time=65.8 ms
64 bytes from aaaa::212:7409:9:909: icmp_seq=55 ttl=63 time=47.1 ms
64 bytes from aaaa::212:7409:9:909: icmp_seq=56 ttl=63 time=49.9 ms
64 bytes from aaaa::212:7409:9:909: icmp_seq=57 ttl=63 time=39.1 ms
64 bytes from aaaa::212:7409:9:909: icmp_seq=58 ttl=63 time=61.7 ms
64 bytes from aaaa::212:7409:9:909: icmp_seq=59 ttl=63 time=81.6 ms
64 bytes from aaaa::212:7409:9:909: icmp_seq=60 ttl=63 time=50.3 ms
64 bytes from aaaa::212:7409:9:909: icmp_seq=61 ttl=63 time=50.9 ms
64 bytes from aaaa::212:7409:9:909: icmp_seq=62 ttl=63 time=64.4 ms
64 bytes from aaaa::212:7409:9:909: icmp_seq=63 ttl=63 time=50.4 ms
64 bytes from aaaa::212:7409:9:909: icmp_seq=64 ttl=63 time=76.2 ms
64 bytes from aaaa::212:7409:9:909: icmp_seq=65 ttl=63 time=50.3 ms
64 bytes from aaaa::212:7409:9:909: icmp_seq=66 ttl=63 time=74.2 ms
64 bytes from aaaa::212:7409:9:909: icmp_seq=67 ttl=63 time=43.1 ms
64 bytes from aaaa::212:7409:9:909: icmp_seq=68 ttl=63 time=56.5 ms
64 bytes from aaaa::212:7409:9:909: icmp_seq=69 ttl=63 time=55.2 ms
64 bytes from aaaa::212:7409:9:909: icmp_seq=70 ttl=63 time=70.6 ms
64 bytes from aaaa::212:7409:9:909: icmp_seq=71 ttl=63 time=56.1 ms
64 bytes from aaaa::212:7409:9:909: icmp_seq=72 ttl=63 time=60.6 ms
64 bytes from aaaa::212:7409:9:909: icmp_seq=73 ttl=63 time=81.6 ms
64 bytes from aaaa::212:7409:9:909: icmp_seq=74 ttl=63 time=76.3 ms
64 bytes from aaaa::212:7409:9:909: icmp_seq=75 ttl=63 time=77.0 ms
64 bytes from aaaa::212:7409:9:909: icmp_seq=76 ttl=63 time=74.0 ms
64 bytes from aaaa::212:7409:9:909: icmp_seq=77 ttl=63 time=57.8 ms
64 bytes from aaaa::212:7409:9:909: icmp_seq=78 ttl=63 time=75.6 ms
64 bytes from aaaa::212:7409:9:909: icmp_seq=79 ttl=63 time=57.9 ms
64 bytes from aaaa::212:7409:9:909: icmp_seq=80 ttl=63 time=57.3 ms
64 bytes from aaaa::212:7409:9:909: icmp_seq=81 ttl=63 time=65.5 ms
64 bytes from aaaa::212:7409:9:909: icmp_seq=82 ttl=63 time=46.4 ms
64 bytes from aaaa::212:7409:9:909: icmp_seq=83 ttl=63 time=59.5 ms
64 bytes from aaaa::212:7409:9:909: icmp_seq=84 ttl=63 time=73.7 ms
64 bytes from aaaa::212:7409:9:909: icmp_seq=85 ttl=63 time=51.2 ms
64 bytes from aaaa::212:7409:9:909: icmp_seq=86 ttl=63 time=71.6 ms
64 bytes from aaaa::212:7409:9:909: icmp_seq=87 ttl=63 time=43.5 ms
64 bytes from aaaa::212:7409:9:909: icmp_seq=88 ttl=63 time=64.3 ms
64 bytes from aaaa::212:7409:9:909: icmp_seq=89 ttl=63 time=69.2 ms
64 bytes from aaaa::212:7409:9:909: icmp_seq=90 ttl=63 time=42.7 ms
64 bytes from aaaa::212:7409:9:909: icmp_seq=91 ttl=63 time=63.0 ms
64 bytes from aaaa::212:7409:9:909: icmp_seq=92 ttl=63 time=71.5 ms
64 bytes from aaaa::212:7409:9:909: icmp_seq=93 ttl=63 time=44.6 ms
64 bytes from aaaa::212:7409:9:909: icmp_seq=94 ttl=63 time=94.1 ms
64 bytes from aaaa::212:7409:9:909: icmp_seq=95 ttl=63 time=70.3 ms
64 bytes from aaaa::212:7409:9:909: icmp_seq=96 ttl=63 time=69.8 ms
64 bytes from aaaa::212:7409:9:909: icmp_seq=97 ttl=63 time=49.3 ms
64 bytes from aaaa::212:7409:9:909: icmp_seq=98 ttl=63 time=61.0 ms
64 bytes from aaaa::212:7409:9:909: icmp_seq=99 ttl=63 time=119 ms
64 bytes from aaaa::212:7409:9:909: icmp_seq=100 ttl=63 time=197 ms
64 bytes from aaaa::212:7409:9:909: icmp_seq=101 ttl=63 time=104 ms
64 bytes from aaaa::212:7409:9:909: icmp_seq=102 ttl=63 time=397 ms
64 bytes from aaaa::212:7409:9:909: icmp_seq=103 ttl=63 time=98.4 ms
64 bytes from aaaa::212:7409:9:909: icmp_seq=104 ttl=63 time=202 ms
64 bytes from aaaa::212:7409:9:909: icmp_seq=105 ttl=63 time=58.7 ms
64 bytes from aaaa::212:7409:9:909: icmp_seq=106 ttl=63 time=70.7 ms
64 bytes from aaaa::212:7409:9:909: icmp_seq=107 ttl=63 time=58.2 ms
64 bytes from aaaa::212:7409:9:909: icmp_seq=108 ttl=63 time=62.2 ms
64 bytes from aaaa::212:7409:9:909: icmp_seq=109 ttl=63 time=234 ms
64 bytes from aaaa::212:7409:9:909: icmp_seq=110 ttl=63 time=58.7 ms
64 bytes from aaaa::212:7409:9:909: icmp_seq=111 ttl=63 time=94.1 ms
64 bytes from aaaa::212:7409:9:909: icmp_seq=112 ttl=63 time=100 ms
64 bytes from aaaa::212:7409:9:909: icmp_seq=113 ttl=63 time=82.9 ms
64 bytes from aaaa::212:7409:9:909: icmp_seq=114 ttl=63 time=224 ms
64 bytes from aaaa::212:7409:9:909: icmp_seq=115 ttl=63 time=60.1 ms
64 bytes from aaaa::212:7409:9:909: icmp_seq=116 ttl=63 time=142 ms
64 bytes from aaaa::212:7409:9:909: icmp_seq=117 ttl=63 time=98.6 ms
64 bytes from aaaa::212:7409:9:909: icmp_seq=118 ttl=63 time=60.8 ms
64 bytes from aaaa::212:7409:9:909: icmp_seq=119 ttl=63 time=131 ms
64 bytes from aaaa::212:7409:9:909: icmp_seq=120 ttl=63 time=49.5 ms
64 bytes from aaaa::212:7409:9:909: icmp_seq=121 ttl=63 time=69.4 ms
64 bytes from aaaa::212:7409:9:909: icmp_seq=122 ttl=63 time=45.6 ms
64 bytes from aaaa::212:7409:9:909: icmp_seq=123 ttl=63 time=50.1 ms
64 bytes from aaaa::212:7409:9:909: icmp_seq=124 ttl=63 time=192 ms
64 bytes from aaaa::212:7409:9:909: icmp_seq=125 ttl=63 time=92.8 ms
64 bytes from aaaa::212:7409:9:909: icmp_seq=126 ttl=63 time=77.2 ms
64 bytes from aaaa::212:7409:9:909: icmp_seq=127 ttl=63 time=76.4 ms
64 bytes from aaaa::212:7409:9:909: icmp_seq=128 ttl=63 time=94.4 ms
64 bytes from aaaa::212:7409:9:909: icmp_seq=129 ttl=63 time=131 ms
64 bytes from aaaa::212:7409:9:909: icmp_seq=130 ttl=63 time=53.1 ms
64 bytes from aaaa::212:7409:9:909: icmp_seq=131 ttl=63 time=65.8 ms
64 bytes from aaaa::212:7409:9:909: icmp_seq=132 ttl=63 time=56.9 ms
64 bytes from aaaa::212:7409:9:909: icmp_seq=133 ttl=63 time=88.7 ms
64 bytes from aaaa::212:7409:9:909: icmp_seq=134 ttl=63 time=60.9 ms
64 bytes from aaaa::212:7409:9:909: icmp_seq=135 ttl=63 time=55.7 ms
64 bytes from aaaa::212:7409:9:909: icmp_seq=136 ttl=63 time=61.9 ms
64 bytes from aaaa::212:7409:9:909: icmp_seq=137 ttl=63 time=43.6 ms
64 bytes from aaaa::212:7409:9:909: icmp_seq=138 ttl=63 time=79.1 ms
64 bytes from aaaa::212:7409:9:909: icmp_seq=139 ttl=63 time=70.5 ms
64 bytes from aaaa::212:7409:9:909: icmp_seq=140 ttl=63 time=57.5 ms
64 bytes from aaaa::212:7409:9:909: icmp_seq=141 ttl=63 time=57.5 ms
64 bytes from aaaa::212:7409:9:909: icmp_seq=142 ttl=63 time=61.4 ms
64 bytes from aaaa::212:7409:9:909: icmp_seq=143 ttl=63 time=108 ms
64 bytes from aaaa::212:7409:9:909: icmp_seq=144 ttl=63 time=62.4 ms
64 bytes from aaaa::212:7409:9:909: icmp_seq=145 ttl=63 time=47.3 ms
64 bytes from aaaa::212:7409:9:909: icmp_seq=146 ttl=63 time=55.6 ms
64 bytes from aaaa::212:7409:9:909: icmp_seq=147 ttl=63 time=66.5 ms
64 bytes from aaaa::212:7409:9:909: icmp_seq=148 ttl=63 time=51.5 ms
64 bytes from aaaa::212:7409:9:909: icmp_seq=149 ttl=63 time=59.7 ms
64 bytes from aaaa::212:7409:9:909: icmp_seq=150 ttl=63 time=60.9 ms
64 bytes from aaaa::212:7409:9:909: icmp_seq=151 ttl=63 time=64.5 ms
64 bytes from aaaa::212:7409:9:909: icmp_seq=152 ttl=63 time=107 ms
64 bytes from aaaa::212:7409:9:909: icmp_seq=153 ttl=63 time=48.6 ms
64 bytes from aaaa::212:7409:9:909: icmp_seq=154 ttl=63 time=108 ms
64 bytes from aaaa::212:7409:9:909: icmp_seq=155 ttl=63 time=70.1 ms
64 bytes from aaaa::212:7409:9:909: icmp_seq=156 ttl=63 time=59.9 ms
64 bytes from aaaa::212:7409:9:909: icmp_seq=157 ttl=63 time=88.6 ms
64 bytes from aaaa::212:7409:9:909: icmp_seq=158 ttl=63 time=106 ms
64 bytes from aaaa::212:7409:9:909: icmp_seq=159 ttl=63 time=52.3 ms
64 bytes from aaaa::212:7409:9:909: icmp_seq=160 ttl=63 time=43.6 ms
64 bytes from aaaa::212:7409:9:909: icmp_seq=161 ttl=63 time=63.3 ms
64 bytes from aaaa::212:7409:9:909: icmp_seq=162 ttl=63 time=63.4 ms
64 bytes from aaaa::212:7409:9:909: icmp_seq=163 ttl=63 time=48.2 ms
64 bytes from aaaa::212:7409:9:909: icmp_seq=164 ttl=63 time=79.5 ms
64 bytes from aaaa::212:7409:9:909: icmp_seq=165 ttl=63 time=48.3 ms
64 bytes from aaaa::212:7409:9:909: icmp_seq=166 ttl=63 time=64.0 ms
64 bytes from aaaa::212:7409:9:909: icmp_seq=167 ttl=63 time=63.4 ms
64 bytes from aaaa::212:7409:9:909: icmp_seq=168 ttl=63 time=108 ms
64 bytes from aaaa::212:7409:9:909: icmp_seq=169 ttl=63 time=78.3 ms
64 bytes from aaaa::212:7409:9:909: icmp_seq=170 ttl=63 time=242 ms
64 bytes from aaaa::212:7409:9:909: icmp_seq=171 ttl=63 time=51.6 ms
64 bytes from aaaa::212:7409:9:909: icmp_seq=172 ttl=63 time=67.3 ms
64 bytes from aaaa::212:7409:9:909: icmp_seq=173 ttl=63 time=100 ms
64 bytes from aaaa::212:7409:9:909: icmp_seq=174 ttl=63 time=66.8 ms
64 bytes from aaaa::212:7409:9:909: icmp_seq=175 ttl=63 time=63.6 ms
64 bytes from aaaa::212:7409:9:909: icmp_seq=176 ttl=63 time=65.1 ms
64 bytes from aaaa::212:7409:9:909: icmp_seq=177 ttl=63 time=50.8 ms
64 bytes from aaaa::212:7409:9:909: icmp_seq=178 ttl=63 time=62.4 ms
64 bytes from aaaa::212:7409:9:909: icmp_seq=179 ttl=63 time=47.0 ms
64 bytes from aaaa::212:7409:9:909: icmp_seq=180 ttl=63 time=57.7 ms
64 bytes from aaaa::212:7409:9:909: icmp_seq=181 ttl=63 time=262 ms
64 bytes from aaaa::212:7409:9:909: icmp_seq=182 ttl=63 time=59.6 ms
64 bytes from aaaa::212:7409:9:909: icmp_seq=183 ttl=63 time=59.9 ms
64 bytes from aaaa::212:7409:9:909: icmp_seq=184 ttl=63 time=59.8 ms
64 bytes from aaaa::212:7409:9:909: icmp_seq=185 ttl=63 time=64.6 ms
64 bytes from aaaa::212:7409:9:909: icmp_seq=186 ttl=63 time=66.4 ms
64 bytes from aaaa::212:7409:9:909: icmp_seq=187 ttl=63 time=58.4 ms
64 bytes from aaaa::212:7409:9:909: icmp_seq=188 ttl=63 time=72.3 ms
64 bytes from aaaa::212:7409:9:909: icmp_seq=189 ttl=63 time=62.4 ms
64 bytes from aaaa::212:7409:9:909: icmp_seq=190 ttl=63 time=65.9 ms
64 bytes from aaaa::212:7409:9:909: icmp_seq=191 ttl=63 time=68.5 ms
64 bytes from aaaa::212:7409:9:909: icmp_seq=192 ttl=63 time=57.0 ms
64 bytes from aaaa::212:7409:9:909: icmp_seq=193 ttl=63 time=59.2 ms
64 bytes from aaaa::212:7409:9:909: icmp_seq=194 ttl=63 time=85.8 ms
64 bytes from aaaa::212:7409:9:909: icmp_seq=195 ttl=63 time=66.7 ms
64 bytes from aaaa::212:7409:9:909: icmp_seq=196 ttl=63 time=100 ms
64 bytes from aaaa::212:7409:9:909: icmp_seq=197 ttl=63 time=56.9 ms
64 bytes from aaaa::212:7409:9:909: icmp_seq=198 ttl=63 time=69.0 ms
64 bytes from aaaa::212:7409:9:909: icmp_seq=199 ttl=63 time=71.9 ms
64 bytes from aaaa::212:7409:9:909: icmp_seq=200 ttl=63 time=58.3 ms

--- aaaa::212:7409:9:909 ping statistics ---
200 packets transmitted, 173 received, 13% packet loss, time 999349ms
rtt min/avg/max/mdev = 39.111/84.031/438.421/54.105 ms
