PING aaaa::212:740a:a:a0a(aaaa::212:740a:a:a0a) 56 data bytes
64 bytes from aaaa::212:740a:a:a0a: icmp_seq=2 ttl=62 time=256 ms
64 bytes from aaaa::212:740a:a:a0a: icmp_seq=3 ttl=62 time=173 ms
64 bytes from aaaa::212:740a:a:a0a: icmp_seq=7 ttl=62 time=163 ms
64 bytes from aaaa::212:740a:a:a0a: icmp_seq=9 ttl=62 time=112 ms
64 bytes from aaaa::212:740a:a:a0a: icmp_seq=14 ttl=62 time=150 ms
64 bytes from aaaa::212:740a:a:a0a: icmp_seq=19 ttl=62 time=104 ms
64 bytes from aaaa::212:740a:a:a0a: icmp_seq=21 ttl=62 time=108 ms
64 bytes from aaaa::212:740a:a:a0a: icmp_seq=22 ttl=62 time=147 ms
64 bytes from aaaa::212:740a:a:a0a: icmp_seq=23 ttl=62 time=140 ms
64 bytes from aaaa::212:740a:a:a0a: icmp_seq=25 ttl=62 time=109 ms
64 bytes from aaaa::212:740a:a:a0a: icmp_seq=28 ttl=62 time=140 ms
64 bytes from aaaa::212:740a:a:a0a: icmp_seq=31 ttl=62 time=216 ms
64 bytes from aaaa::212:740a:a:a0a: icmp_seq=32 ttl=62 time=270 ms
64 bytes from aaaa::212:740a:a:a0a: icmp_seq=35 ttl=62 time=191 ms
64 bytes from aaaa::212:740a:a:a0a: icmp_seq=38 ttl=62 time=134 ms
64 bytes from aaaa::212:740a:a:a0a: icmp_seq=40 ttl=62 time=121 ms
64 bytes from aaaa::212:740a:a:a0a: icmp_seq=43 ttl=62 time=132 ms
64 bytes from aaaa::212:740a:a:a0a: icmp_seq=46 ttl=62 time=96.5 ms
64 bytes from aaaa::212:740a:a:a0a: icmp_seq=47 ttl=62 time=116 ms
64 bytes from aaaa::212:740a:a:a0a: icmp_seq=49 ttl=62 time=131 ms
64 bytes from aaaa::212:740a:a:a0a: icmp_seq=51 ttl=62 time=150 ms
64 bytes from aaaa::212:740a:a:a0a: icmp_seq=52 ttl=62 time=129 ms
64 bytes from aaaa::212:740a:a:a0a: icmp_seq=53 ttl=62 time=135 ms
64 bytes from aaaa::212:740a:a:a0a: icmp_seq=56 ttl=62 time=143 ms
64 bytes from aaaa::212:740a:a:a0a: icmp_seq=57 ttl=62 time=115 ms
64 bytes from aaaa::212:740a:a:a0a: icmp_seq=61 ttl=62 time=111 ms
64 bytes from aaaa::212:740a:a:a0a: icmp_seq=63 ttl=62 time=203 ms
64 bytes from aaaa::212:740a:a:a0a: icmp_seq=82 ttl=62 time=222 ms
64 bytes from aaaa::212:740a:a:a0a: icmp_seq=87 ttl=62 time=106 ms
64 bytes from aaaa::212:740a:a:a0a: icmp_seq=90 ttl=62 time=201 ms
64 bytes from aaaa::212:740a:a:a0a: icmp_seq=93 ttl=62 time=141 ms
64 bytes from aaaa::212:740a:a:a0a: icmp_seq=95 ttl=62 time=122 ms
64 bytes from aaaa::212:740a:a:a0a: icmp_seq=97 ttl=62 time=121 ms
64 bytes from aaaa::212:740a:a:a0a: icmp_seq=102 ttl=62 time=141 ms
64 bytes from aaaa::212:740a:a:a0a: icmp_seq=104 ttl=62 time=110 ms
64 bytes from aaaa::212:740a:a:a0a: icmp_seq=106 ttl=62 time=80.4 ms
64 bytes from aaaa::212:740a:a:a0a: icmp_seq=108 ttl=62 time=108 ms
64 bytes from aaaa::212:740a:a:a0a: icmp_seq=110 ttl=62 time=94.3 ms
64 bytes from aaaa::212:740a:a:a0a: icmp_seq=112 ttl=62 time=289 ms
64 bytes from aaaa::212:740a:a:a0a: icmp_seq=114 ttl=62 time=130 ms
64 bytes from aaaa::212:740a:a:a0a: icmp_seq=115 ttl=62 time=93.3 ms
64 bytes from aaaa::212:740a:a:a0a: icmp_seq=117 ttl=62 time=102 ms
64 bytes from aaaa::212:740a:a:a0a: icmp_seq=119 ttl=62 time=122 ms
64 bytes from aaaa::212:740a:a:a0a: icmp_seq=121 ttl=62 time=116 ms
64 bytes from aaaa::212:740a:a:a0a: icmp_seq=124 ttl=62 time=97.5 ms
64 bytes from aaaa::212:740a:a:a0a: icmp_seq=125 ttl=62 time=96.3 ms
64 bytes from aaaa::212:740a:a:a0a: icmp_seq=127 ttl=62 time=103 ms
64 bytes from aaaa::212:740a:a:a0a: icmp_seq=129 ttl=62 time=119 ms
64 bytes from aaaa::212:740a:a:a0a: icmp_seq=131 ttl=62 time=147 ms
64 bytes from aaaa::212:740a:a:a0a: icmp_seq=133 ttl=62 time=99.7 ms
64 bytes from aaaa::212:740a:a:a0a: icmp_seq=136 ttl=62 time=109 ms
64 bytes from aaaa::212:740a:a:a0a: icmp_seq=137 ttl=62 time=123 ms
64 bytes from aaaa::212:740a:a:a0a: icmp_seq=138 ttl=62 time=105 ms
64 bytes from aaaa::212:740a:a:a0a: icmp_seq=140 ttl=62 time=125 ms
64 bytes from aaaa::212:740a:a:a0a: icmp_seq=142 ttl=62 time=143 ms
64 bytes from aaaa::212:740a:a:a0a: icmp_seq=143 ttl=62 time=120 ms
64 bytes from aaaa::212:740a:a:a0a: icmp_seq=144 ttl=62 time=110 ms
64 bytes from aaaa::212:740a:a:a0a: icmp_seq=146 ttl=62 time=112 ms
64 bytes from aaaa::212:740a:a:a0a: icmp_seq=148 ttl=62 time=237 ms
64 bytes from aaaa::212:740a:a:a0a: icmp_seq=150 ttl=62 time=139 ms
64 bytes from aaaa::212:740a:a:a0a: icmp_seq=151 ttl=62 time=171 ms
64 bytes from aaaa::212:740a:a:a0a: icmp_seq=153 ttl=62 time=138 ms
64 bytes from aaaa::212:740a:a:a0a: icmp_seq=156 ttl=62 time=151 ms
64 bytes from aaaa::212:740a:a:a0a: icmp_seq=158 ttl=62 time=128 ms
64 bytes from aaaa::212:740a:a:a0a: icmp_seq=160 ttl=62 time=116 ms
64 bytes from aaaa::212:740a:a:a0a: icmp_seq=162 ttl=62 time=107 ms
64 bytes from aaaa::212:740a:a:a0a: icmp_seq=163 ttl=62 time=166 ms
64 bytes from aaaa::212:740a:a:a0a: icmp_seq=165 ttl=62 time=139 ms
64 bytes from aaaa::212:740a:a:a0a: icmp_seq=167 ttl=62 time=120 ms
64 bytes from aaaa::212:740a:a:a0a: icmp_seq=168 ttl=62 time=131 ms
64 bytes from aaaa::212:740a:a:a0a: icmp_seq=169 ttl=62 time=120 ms
64 bytes from aaaa::212:740a:a:a0a: icmp_seq=171 ttl=62 time=238 ms
64 bytes from aaaa::212:740a:a:a0a: icmp_seq=174 ttl=62 time=117 ms
64 bytes from aaaa::212:740a:a:a0a: icmp_seq=182 ttl=62 time=109 ms
64 bytes from aaaa::212:740a:a:a0a: icmp_seq=184 ttl=62 time=145 ms
64 bytes from aaaa::212:740a:a:a0a: icmp_seq=186 ttl=62 time=102 ms
64 bytes from aaaa::212:740a:a:a0a: icmp_seq=189 ttl=62 time=295 ms
64 bytes from aaaa::212:740a:a:a0a: icmp_seq=192 ttl=62 time=132 ms
64 bytes from aaaa::212:740a:a:a0a: icmp_seq=194 ttl=62 time=131 ms
64 bytes from aaaa::212:740a:a:a0a: icmp_seq=198 ttl=62 time=123 ms
64 bytes from aaaa::212:740a:a:a0a: icmp_seq=199 ttl=62 time=137 ms

--- aaaa::212:740a:a:a0a ping statistics ---
200 packets transmitted, 81 received, 59% packet loss, time 1015227ms
rtt min/avg/max/mdev = 80.454/139.850/295.980/44.877 ms
