PING aaaa::212:7402:2:202(aaaa::212:7402:2:202) 56 data bytes
64 bytes from aaaa::212:7402:2:202: icmp_seq=5 ttl=62 time=132 ms
64 bytes from aaaa::212:7402:2:202: icmp_seq=6 ttl=62 time=130 ms
64 bytes from aaaa::212:7402:2:202: icmp_seq=7 ttl=62 time=142 ms
64 bytes from aaaa::212:7402:2:202: icmp_seq=8 ttl=62 time=143 ms
64 bytes from aaaa::212:7402:2:202: icmp_seq=9 ttl=62 time=157 ms
64 bytes from aaaa::212:7402:2:202: icmp_seq=10 ttl=62 time=155 ms
64 bytes from aaaa::212:7402:2:202: icmp_seq=11 ttl=62 time=181 ms
64 bytes from aaaa::212:7402:2:202: icmp_seq=12 ttl=62 time=109 ms
64 bytes from aaaa::212:7402:2:202: icmp_seq=21 ttl=62 time=110 ms
64 bytes from aaaa::212:7402:2:202: icmp_seq=24 ttl=62 time=102 ms
64 bytes from aaaa::212:7402:2:202: icmp_seq=25 ttl=62 time=112 ms
64 bytes from aaaa::212:7402:2:202: icmp_seq=27 ttl=62 time=105 ms
64 bytes from aaaa::212:7402:2:202: icmp_seq=28 ttl=62 time=110 ms
64 bytes from aaaa::212:7402:2:202: icmp_seq=30 ttl=62 time=136 ms
64 bytes from aaaa::212:7402:2:202: icmp_seq=34 ttl=62 time=84.6 ms
64 bytes from aaaa::212:7402:2:202: icmp_seq=37 ttl=62 time=94.3 ms
64 bytes from aaaa::212:7402:2:202: icmp_seq=39 ttl=62 time=106 ms
64 bytes from aaaa::212:7402:2:202: icmp_seq=41 ttl=62 time=136 ms
64 bytes from aaaa::212:7402:2:202: icmp_seq=43 ttl=62 time=136 ms
64 bytes from aaaa::212:7402:2:202: icmp_seq=44 ttl=62 time=99.2 ms
64 bytes from aaaa::212:7402:2:202: icmp_seq=46 ttl=62 time=104 ms
64 bytes from aaaa::212:7402:2:202: icmp_seq=47 ttl=62 time=110 ms
64 bytes from aaaa::212:7402:2:202: icmp_seq=50 ttl=62 time=95.2 ms
64 bytes from aaaa::212:7402:2:202: icmp_seq=52 ttl=62 time=191 ms
64 bytes from aaaa::212:7402:2:202: icmp_seq=55 ttl=62 time=144 ms
64 bytes from aaaa::212:7402:2:202: icmp_seq=57 ttl=62 time=121 ms
64 bytes from aaaa::212:7402:2:202: icmp_seq=61 ttl=62 time=165 ms
64 bytes from aaaa::212:7402:2:202: icmp_seq=62 ttl=62 time=158 ms
64 bytes from aaaa::212:7402:2:202: icmp_seq=64 ttl=62 time=136 ms
64 bytes from aaaa::212:7402:2:202: icmp_seq=66 ttl=62 time=155 ms
64 bytes from aaaa::212:7402:2:202: icmp_seq=68 ttl=62 time=139 ms
64 bytes from aaaa::212:7402:2:202: icmp_seq=69 ttl=62 time=95.8 ms
64 bytes from aaaa::212:7402:2:202: icmp_seq=75 ttl=62 time=336 ms
64 bytes from aaaa::212:7402:2:202: icmp_seq=76 ttl=62 time=123 ms
64 bytes from aaaa::212:7402:2:202: icmp_seq=77 ttl=62 time=106 ms
64 bytes from aaaa::212:7402:2:202: icmp_seq=78 ttl=62 time=101 ms
64 bytes from aaaa::212:7402:2:202: icmp_seq=79 ttl=62 time=152 ms
64 bytes from aaaa::212:7402:2:202: icmp_seq=80 ttl=62 time=128 ms
64 bytes from aaaa::212:7402:2:202: icmp_seq=89 ttl=62 time=129 ms
64 bytes from aaaa::212:7402:2:202: icmp_seq=92 ttl=62 time=117 ms
64 bytes from aaaa::212:7402:2:202: icmp_seq=94 ttl=62 time=127 ms
64 bytes from aaaa::212:7402:2:202: icmp_seq=96 ttl=62 time=112 ms
64 bytes from aaaa::212:7402:2:202: icmp_seq=98 ttl=62 time=132 ms
64 bytes from aaaa::212:7402:2:202: icmp_seq=101 ttl=62 time=130 ms
64 bytes from aaaa::212:7402:2:202: icmp_seq=102 ttl=62 time=114 ms
64 bytes from aaaa::212:7402:2:202: icmp_seq=103 ttl=62 time=126 ms
64 bytes from aaaa::212:7402:2:202: icmp_seq=105 ttl=62 time=135 ms
64 bytes from aaaa::212:7402:2:202: icmp_seq=107 ttl=62 time=99.5 ms
64 bytes from aaaa::212:7402:2:202: icmp_seq=109 ttl=62 time=131 ms
64 bytes from aaaa::212:7402:2:202: icmp_seq=111 ttl=62 time=111 ms
64 bytes from aaaa::212:7402:2:202: icmp_seq=113 ttl=62 time=101 ms
64 bytes from aaaa::212:7402:2:202: icmp_seq=115 ttl=62 time=150 ms
64 bytes from aaaa::212:7402:2:202: icmp_seq=118 ttl=62 time=116 ms
64 bytes from aaaa::212:7402:2:202: icmp_seq=120 ttl=62 time=109 ms
64 bytes from aaaa::212:7402:2:202: icmp_seq=122 ttl=62 time=120 ms
64 bytes from aaaa::212:7402:2:202: icmp_seq=124 ttl=62 time=142 ms
64 bytes from aaaa::212:7402:2:202: icmp_seq=125 ttl=62 time=137 ms
64 bytes from aaaa::212:7402:2:202: icmp_seq=128 ttl=62 time=125 ms
64 bytes from aaaa::212:7402:2:202: icmp_seq=130 ttl=62 time=144 ms
64 bytes from aaaa::212:7402:2:202: icmp_seq=132 ttl=62 time=155 ms
64 bytes from aaaa::212:7402:2:202: icmp_seq=134 ttl=62 time=137 ms
64 bytes from aaaa::212:7402:2:202: icmp_seq=136 ttl=62 time=161 ms
64 bytes from aaaa::212:7402:2:202: icmp_seq=137 ttl=62 time=139 ms
64 bytes from aaaa::212:7402:2:202: icmp_seq=143 ttl=62 time=123 ms
64 bytes from aaaa::212:7402:2:202: icmp_seq=147 ttl=62 time=122 ms
64 bytes from aaaa::212:7402:2:202: icmp_seq=149 ttl=62 time=92.7 ms
64 bytes from aaaa::212:7402:2:202: icmp_seq=151 ttl=62 time=118 ms
64 bytes from aaaa::212:7402:2:202: icmp_seq=153 ttl=62 time=121 ms
64 bytes from aaaa::212:7402:2:202: icmp_seq=155 ttl=62 time=187 ms
64 bytes from aaaa::212:7402:2:202: icmp_seq=157 ttl=62 time=116 ms
64 bytes from aaaa::212:7402:2:202: icmp_seq=159 ttl=62 time=99.4 ms
64 bytes from aaaa::212:7402:2:202: icmp_seq=161 ttl=62 time=132 ms
64 bytes from aaaa::212:7402:2:202: icmp_seq=167 ttl=62 time=144 ms
64 bytes from aaaa::212:7402:2:202: icmp_seq=168 ttl=62 time=91.9 ms
64 bytes from aaaa::212:7402:2:202: icmp_seq=171 ttl=62 time=207 ms
64 bytes from aaaa::212:7402:2:202: icmp_seq=174 ttl=62 time=124 ms
64 bytes from aaaa::212:7402:2:202: icmp_seq=176 ttl=62 time=124 ms
64 bytes from aaaa::212:7402:2:202: icmp_seq=179 ttl=62 time=181 ms
64 bytes from aaaa::212:7402:2:202: icmp_seq=180 ttl=62 time=232 ms
64 bytes from aaaa::212:7402:2:202: icmp_seq=181 ttl=62 time=221 ms
64 bytes from aaaa::212:7402:2:202: icmp_seq=182 ttl=62 time=242 ms
64 bytes from aaaa::212:7402:2:202: icmp_seq=184 ttl=62 time=207 ms
64 bytes from aaaa::212:7402:2:202: icmp_seq=186 ttl=62 time=157 ms
64 bytes from aaaa::212:7402:2:202: icmp_seq=188 ttl=62 time=137 ms
64 bytes from aaaa::212:7402:2:202: icmp_seq=191 ttl=62 time=115 ms
64 bytes from aaaa::212:7402:2:202: icmp_seq=193 ttl=62 time=172 ms
64 bytes from aaaa::212:7402:2:202: icmp_seq=195 ttl=62 time=106 ms
64 bytes from aaaa::212:7402:2:202: icmp_seq=197 ttl=62 time=111 ms
64 bytes from aaaa::212:7402:2:202: icmp_seq=198 ttl=62 time=100 ms
64 bytes from aaaa::212:7402:2:202: icmp_seq=199 ttl=62 time=127 ms

--- aaaa::212:7402:2:202 ping statistics ---
200 packets transmitted, 90 received, 55% packet loss, time 1013656ms
rtt min/avg/max/mdev = 84.641/135.385/336.154/37.838 ms
