PING aaaa::212:7407:7:707(aaaa::212:7407:7:707) 56 data bytes
64 bytes from aaaa::212:7407:7:707: icmp_seq=1 ttl=62 time=204 ms
64 bytes from aaaa::212:7407:7:707: icmp_seq=5 ttl=62 time=288 ms
64 bytes from aaaa::212:7407:7:707: icmp_seq=10 ttl=62 time=191 ms
64 bytes from aaaa::212:7407:7:707: icmp_seq=11 ttl=62 time=553 ms
64 bytes from aaaa::212:7407:7:707: icmp_seq=17 ttl=62 time=207 ms
64 bytes from aaaa::212:7407:7:707: icmp_seq=18 ttl=62 time=172 ms
64 bytes from aaaa::212:7407:7:707: icmp_seq=19 ttl=62 time=187 ms
64 bytes from aaaa::212:7407:7:707: icmp_seq=20 ttl=62 time=528 ms
64 bytes from aaaa::212:7407:7:707: icmp_seq=29 ttl=62 time=229 ms
64 bytes from aaaa::212:7407:7:707: icmp_seq=31 ttl=62 time=496 ms
64 bytes from aaaa::212:7407:7:707: icmp_seq=32 ttl=62 time=442 ms
64 bytes from aaaa::212:7407:7:707: icmp_seq=35 ttl=62 time=239 ms
64 bytes from aaaa::212:7407:7:707: icmp_seq=36 ttl=62 time=131 ms
64 bytes from aaaa::212:7407:7:707: icmp_seq=37 ttl=62 time=291 ms
64 bytes from aaaa::212:7407:7:707: icmp_seq=38 ttl=62 time=333 ms
64 bytes from aaaa::212:7407:7:707: icmp_seq=39 ttl=62 time=186 ms
64 bytes from aaaa::212:7407:7:707: icmp_seq=40 ttl=62 time=166 ms
64 bytes from aaaa::212:7407:7:707: icmp_seq=41 ttl=62 time=164 ms
64 bytes from aaaa::212:7407:7:707: icmp_seq=42 ttl=62 time=439 ms
64 bytes from aaaa::212:7407:7:707: icmp_seq=43 ttl=62 time=271 ms
64 bytes from aaaa::212:7407:7:707: icmp_seq=44 ttl=62 time=262 ms
64 bytes from aaaa::212:7407:7:707: icmp_seq=45 ttl=62 time=464 ms
64 bytes from aaaa::212:7407:7:707: icmp_seq=46 ttl=62 time=606 ms
64 bytes from aaaa::212:7407:7:707: icmp_seq=47 ttl=62 time=590 ms
64 bytes from aaaa::212:7407:7:707: icmp_seq=48 ttl=62 time=217 ms
64 bytes from aaaa::212:7407:7:707: icmp_seq=49 ttl=62 time=446 ms
64 bytes from aaaa::212:7407:7:707: icmp_seq=50 ttl=62 time=170 ms
64 bytes from aaaa::212:7407:7:707: icmp_seq=51 ttl=62 time=497 ms
64 bytes from aaaa::212:7407:7:707: icmp_seq=52 ttl=62 time=230 ms
64 bytes from aaaa::212:7407:7:707: icmp_seq=53 ttl=62 time=201 ms
64 bytes from aaaa::212:7407:7:707: icmp_seq=54 ttl=62 time=221 ms
64 bytes from aaaa::212:7407:7:707: icmp_seq=55 ttl=62 time=218 ms
64 bytes from aaaa::212:7407:7:707: icmp_seq=56 ttl=62 time=165 ms
64 bytes from aaaa::212:7407:7:707: icmp_seq=57 ttl=62 time=147 ms
64 bytes from aaaa::212:7407:7:707: icmp_seq=58 ttl=62 time=259 ms
64 bytes from aaaa::212:7407:7:707: icmp_seq=59 ttl=62 time=256 ms
64 bytes from aaaa::212:7407:7:707: icmp_seq=60 ttl=62 time=404 ms
64 bytes from aaaa::212:7407:7:707: icmp_seq=61 ttl=62 time=485 ms
64 bytes from aaaa::212:7407:7:707: icmp_seq=62 ttl=62 time=606 ms
64 bytes from aaaa::212:7407:7:707: icmp_seq=63 ttl=62 time=228 ms
64 bytes from aaaa::212:7407:7:707: icmp_seq=64 ttl=62 time=216 ms
64 bytes from aaaa::212:7407:7:707: icmp_seq=65 ttl=62 time=267 ms
64 bytes from aaaa::212:7407:7:707: icmp_seq=66 ttl=62 time=308 ms
64 bytes from aaaa::212:7407:7:707: icmp_seq=67 ttl=62 time=175 ms
64 bytes from aaaa::212:7407:7:707: icmp_seq=68 ttl=62 time=268 ms
64 bytes from aaaa::212:7407:7:707: icmp_seq=69 ttl=62 time=151 ms
64 bytes from aaaa::212:7407:7:707: icmp_seq=70 ttl=62 time=324 ms
64 bytes from aaaa::212:7407:7:707: icmp_seq=71 ttl=62 time=617 ms
64 bytes from aaaa::212:7407:7:707: icmp_seq=72 ttl=62 time=493 ms
64 bytes from aaaa::212:7407:7:707: icmp_seq=73 ttl=62 time=244 ms
64 bytes from aaaa::212:7407:7:707: icmp_seq=74 ttl=62 time=547 ms
64 bytes from aaaa::212:7407:7:707: icmp_seq=75 ttl=62 time=209 ms
64 bytes from aaaa::212:7407:7:707: icmp_seq=76 ttl=62 time=501 ms
64 bytes from aaaa::212:7407:7:707: icmp_seq=77 ttl=62 time=273 ms
64 bytes from aaaa::212:7407:7:707: icmp_seq=78 ttl=62 time=691 ms
64 bytes from aaaa::212:7407:7:707: icmp_seq=79 ttl=62 time=899 ms
64 bytes from aaaa::212:7407:7:707: icmp_seq=85 ttl=62 time=362 ms
64 bytes from aaaa::212:7407:7:707: icmp_seq=86 ttl=62 time=165 ms
64 bytes from aaaa::212:7407:7:707: icmp_seq=87 ttl=62 time=312 ms
64 bytes from aaaa::212:7407:7:707: icmp_seq=88 ttl=62 time=149 ms
64 bytes from aaaa::212:7407:7:707: icmp_seq=89 ttl=62 time=288 ms
64 bytes from aaaa::212:7407:7:707: icmp_seq=90 ttl=62 time=522 ms
64 bytes from aaaa::212:7407:7:707: icmp_seq=91 ttl=62 time=515 ms
64 bytes from aaaa::212:7407:7:707: icmp_seq=92 ttl=62 time=723 ms
64 bytes from aaaa::212:7407:7:707: icmp_seq=93 ttl=62 time=546 ms
64 bytes from aaaa::212:7407:7:707: icmp_seq=94 ttl=62 time=244 ms
64 bytes from aaaa::212:7407:7:707: icmp_seq=95 ttl=62 time=287 ms
64 bytes from aaaa::212:7407:7:707: icmp_seq=96 ttl=62 time=199 ms
64 bytes from aaaa::212:7407:7:707: icmp_seq=97 ttl=62 time=926 ms
64 bytes from aaaa::212:7407:7:707: icmp_seq=98 ttl=62 time=134 ms
64 bytes from aaaa::212:7407:7:707: icmp_seq=99 ttl=62 time=291 ms
64 bytes from aaaa::212:7407:7:707: icmp_seq=101 ttl=62 time=164 ms
64 bytes from aaaa::212:7407:7:707: icmp_seq=102 ttl=62 time=1153 ms
64 bytes from aaaa::212:7407:7:707: icmp_seq=103 ttl=62 time=233 ms
64 bytes from aaaa::212:7407:7:707: icmp_seq=104 ttl=62 time=801 ms
64 bytes from aaaa::212:7407:7:707: icmp_seq=107 ttl=62 time=159 ms
64 bytes from aaaa::212:7407:7:707: icmp_seq=108 ttl=62 time=201 ms
64 bytes from aaaa::212:7407:7:707: icmp_seq=109 ttl=62 time=409 ms
64 bytes from aaaa::212:7407:7:707: icmp_seq=110 ttl=62 time=144 ms
64 bytes from aaaa::212:7407:7:707: icmp_seq=111 ttl=62 time=177 ms
64 bytes from aaaa::212:7407:7:707: icmp_seq=112 ttl=62 time=207 ms
64 bytes from aaaa::212:7407:7:707: icmp_seq=113 ttl=62 time=227 ms
64 bytes from aaaa::212:7407:7:707: icmp_seq=114 ttl=62 time=185 ms
64 bytes from aaaa::212:7407:7:707: icmp_seq=115 ttl=62 time=220 ms
64 bytes from aaaa::212:7407:7:707: icmp_seq=116 ttl=62 time=302 ms
64 bytes from aaaa::212:7407:7:707: icmp_seq=117 ttl=62 time=597 ms
64 bytes from aaaa::212:7407:7:707: icmp_seq=118 ttl=62 time=198 ms
64 bytes from aaaa::212:7407:7:707: icmp_seq=119 ttl=62 time=123 ms
64 bytes from aaaa::212:7407:7:707: icmp_seq=120 ttl=62 time=165 ms
64 bytes from aaaa::212:7407:7:707: icmp_seq=121 ttl=62 time=291 ms
64 bytes from aaaa::212:7407:7:707: icmp_seq=122 ttl=62 time=204 ms
64 bytes from aaaa::212:7407:7:707: icmp_seq=123 ttl=62 time=213 ms
64 bytes from aaaa::212:7407:7:707: icmp_seq=124 ttl=62 time=358 ms
64 bytes from aaaa::212:7407:7:707: icmp_seq=125 ttl=62 time=179 ms
64 bytes from aaaa::212:7407:7:707: icmp_seq=126 ttl=62 time=617 ms
64 bytes from aaaa::212:7407:7:707: icmp_seq=129 ttl=62 time=412 ms
64 bytes from aaaa::212:7407:7:707: icmp_seq=130 ttl=62 time=428 ms
64 bytes from aaaa::212:7407:7:707: icmp_seq=132 ttl=62 time=313 ms
64 bytes from aaaa::212:7407:7:707: icmp_seq=134 ttl=62 time=1067 ms
64 bytes from aaaa::212:7407:7:707: icmp_seq=135 ttl=62 time=147 ms
64 bytes from aaaa::212:7407:7:707: icmp_seq=147 ttl=62 time=268 ms
64 bytes from aaaa::212:7407:7:707: icmp_seq=148 ttl=62 time=400 ms
64 bytes from aaaa::212:7407:7:707: icmp_seq=149 ttl=62 time=154 ms
64 bytes from aaaa::212:7407:7:707: icmp_seq=150 ttl=62 time=290 ms
64 bytes from aaaa::212:7407:7:707: icmp_seq=151 ttl=62 time=388 ms
64 bytes from aaaa::212:7407:7:707: icmp_seq=152 ttl=62 time=254 ms
64 bytes from aaaa::212:7407:7:707: icmp_seq=153 ttl=62 time=248 ms
64 bytes from aaaa::212:7407:7:707: icmp_seq=154 ttl=62 time=205 ms
64 bytes from aaaa::212:7407:7:707: icmp_seq=155 ttl=62 time=260 ms
64 bytes from aaaa::212:7407:7:707: icmp_seq=156 ttl=62 time=237 ms
64 bytes from aaaa::212:7407:7:707: icmp_seq=157 ttl=62 time=384 ms
64 bytes from aaaa::212:7407:7:707: icmp_seq=158 ttl=62 time=171 ms
64 bytes from aaaa::212:7407:7:707: icmp_seq=159 ttl=62 time=156 ms
64 bytes from aaaa::212:7407:7:707: icmp_seq=160 ttl=62 time=270 ms
64 bytes from aaaa::212:7407:7:707: icmp_seq=161 ttl=62 time=262 ms
64 bytes from aaaa::212:7407:7:707: icmp_seq=162 ttl=62 time=232 ms
64 bytes from aaaa::212:7407:7:707: icmp_seq=163 ttl=62 time=197 ms
64 bytes from aaaa::212:7407:7:707: icmp_seq=164 ttl=62 time=203 ms
64 bytes from aaaa::212:7407:7:707: icmp_seq=165 ttl=62 time=199 ms
64 bytes from aaaa::212:7407:7:707: icmp_seq=166 ttl=62 time=129 ms
64 bytes from aaaa::212:7407:7:707: icmp_seq=167 ttl=62 time=152 ms
64 bytes from aaaa::212:7407:7:707: icmp_seq=168 ttl=62 time=160 ms
64 bytes from aaaa::212:7407:7:707: icmp_seq=169 ttl=62 time=277 ms
64 bytes from aaaa::212:7407:7:707: icmp_seq=170 ttl=62 time=189 ms
64 bytes from aaaa::212:7407:7:707: icmp_seq=171 ttl=62 time=190 ms
64 bytes from aaaa::212:7407:7:707: icmp_seq=172 ttl=62 time=202 ms
64 bytes from aaaa::212:7407:7:707: icmp_seq=173 ttl=62 time=234 ms
64 bytes from aaaa::212:7407:7:707: icmp_seq=174 ttl=62 time=227 ms
64 bytes from aaaa::212:7407:7:707: icmp_seq=175 ttl=62 time=167 ms
64 bytes from aaaa::212:7407:7:707: icmp_seq=176 ttl=62 time=122 ms
64 bytes from aaaa::212:7407:7:707: icmp_seq=177 ttl=62 time=164 ms
64 bytes from aaaa::212:7407:7:707: icmp_seq=178 ttl=62 time=181 ms
64 bytes from aaaa::212:7407:7:707: icmp_seq=179 ttl=62 time=158 ms
64 bytes from aaaa::212:7407:7:707: icmp_seq=180 ttl=62 time=242 ms
64 bytes from aaaa::212:7407:7:707: icmp_seq=181 ttl=62 time=225 ms
64 bytes from aaaa::212:7407:7:707: icmp_seq=182 ttl=62 time=261 ms
64 bytes from aaaa::212:7407:7:707: icmp_seq=183 ttl=62 time=226 ms
64 bytes from aaaa::212:7407:7:707: icmp_seq=184 ttl=62 time=287 ms
64 bytes from aaaa::212:7407:7:707: icmp_seq=185 ttl=62 time=176 ms
64 bytes from aaaa::212:7407:7:707: icmp_seq=186 ttl=62 time=157 ms
64 bytes from aaaa::212:7407:7:707: icmp_seq=187 ttl=62 time=266 ms
64 bytes from aaaa::212:7407:7:707: icmp_seq=188 ttl=62 time=124 ms
64 bytes from aaaa::212:7407:7:707: icmp_seq=189 ttl=62 time=192 ms
64 bytes from aaaa::212:7407:7:707: icmp_seq=190 ttl=62 time=300 ms
64 bytes from aaaa::212:7407:7:707: icmp_seq=191 ttl=62 time=486 ms
64 bytes from aaaa::212:7407:7:707: icmp_seq=192 ttl=62 time=120 ms
64 bytes from aaaa::212:7407:7:707: icmp_seq=193 ttl=62 time=180 ms
64 bytes from aaaa::212:7407:7:707: icmp_seq=194 ttl=62 time=169 ms
64 bytes from aaaa::212:7407:7:707: icmp_seq=195 ttl=62 time=225 ms
64 bytes from aaaa::212:7407:7:707: icmp_seq=196 ttl=62 time=132 ms
64 bytes from aaaa::212:7407:7:707: icmp_seq=197 ttl=62 time=158 ms
64 bytes from aaaa::212:7407:7:707: icmp_seq=198 ttl=62 time=118 ms
64 bytes from aaaa::212:7407:7:707: icmp_seq=199 ttl=62 time=367 ms
64 bytes from aaaa::212:7407:7:707: icmp_seq=200 ttl=62 time=311 ms

--- aaaa::212:7407:7:707 ping statistics ---
200 packets transmitted, 154 received, 23% packet loss, time 1001342ms
rtt min/avg/max/mdev = 118.626/300.359/1153.006/182.984 ms
