PING aaaa::212:7405:5:505(aaaa::212:7405:5:505) 56 data bytes
64 bytes from aaaa::212:7405:5:505: icmp_seq=3 ttl=61 time=161 ms
64 bytes from aaaa::212:7405:5:505: icmp_seq=7 ttl=61 time=147 ms
64 bytes from aaaa::212:7405:5:505: icmp_seq=8 ttl=61 time=148 ms
64 bytes from aaaa::212:7405:5:505: icmp_seq=9 ttl=61 time=188 ms
64 bytes from aaaa::212:7405:5:505: icmp_seq=11 ttl=61 time=378 ms
64 bytes from aaaa::212:7405:5:505: icmp_seq=12 ttl=61 time=307 ms
64 bytes from aaaa::212:7405:5:505: icmp_seq=15 ttl=61 time=165 ms
64 bytes from aaaa::212:7405:5:505: icmp_seq=18 ttl=61 time=199 ms
64 bytes from aaaa::212:7405:5:505: icmp_seq=20 ttl=61 time=344 ms
64 bytes from aaaa::212:7405:5:505: icmp_seq=21 ttl=61 time=259 ms
64 bytes from aaaa::212:7405:5:505: icmp_seq=22 ttl=61 time=300 ms
64 bytes from aaaa::212:7405:5:505: icmp_seq=25 ttl=61 time=218 ms
64 bytes from aaaa::212:7405:5:505: icmp_seq=27 ttl=61 time=155 ms
64 bytes from aaaa::212:7405:5:505: icmp_seq=30 ttl=61 time=208 ms
64 bytes from aaaa::212:7405:5:505: icmp_seq=31 ttl=61 time=172 ms
64 bytes from aaaa::212:7405:5:505: icmp_seq=32 ttl=61 time=162 ms
64 bytes from aaaa::212:7405:5:505: icmp_seq=33 ttl=61 time=243 ms
64 bytes from aaaa::212:7405:5:505: icmp_seq=34 ttl=61 time=212 ms
64 bytes from aaaa::212:7405:5:505: icmp_seq=35 ttl=61 time=188 ms
64 bytes from aaaa::212:7405:5:505: icmp_seq=36 ttl=61 time=315 ms
64 bytes from aaaa::212:7405:5:505: icmp_seq=37 ttl=61 time=317 ms
64 bytes from aaaa::212:7405:5:505: icmp_seq=38 ttl=61 time=155 ms
64 bytes from aaaa::212:7405:5:505: icmp_seq=39 ttl=61 time=126 ms
64 bytes from aaaa::212:7405:5:505: icmp_seq=40 ttl=61 time=110 ms
64 bytes from aaaa::212:7405:5:505: icmp_seq=48 ttl=61 time=162 ms
64 bytes from aaaa::212:7405:5:505: icmp_seq=49 ttl=61 time=147 ms
64 bytes from aaaa::212:7405:5:505: icmp_seq=51 ttl=61 time=268 ms
64 bytes from aaaa::212:7405:5:505: icmp_seq=52 ttl=61 time=202 ms
64 bytes from aaaa::212:7405:5:505: icmp_seq=55 ttl=61 time=164 ms
64 bytes from aaaa::212:7405:5:505: icmp_seq=57 ttl=61 time=131 ms
64 bytes from aaaa::212:7405:5:505: icmp_seq=58 ttl=61 time=234 ms
64 bytes from aaaa::212:7405:5:505: icmp_seq=59 ttl=61 time=188 ms
64 bytes from aaaa::212:7405:5:505: icmp_seq=60 ttl=61 time=145 ms
64 bytes from aaaa::212:7405:5:505: icmp_seq=61 ttl=61 time=154 ms
64 bytes from aaaa::212:7405:5:505: icmp_seq=62 ttl=61 time=125 ms
64 bytes from aaaa::212:7405:5:505: icmp_seq=63 ttl=61 time=139 ms
64 bytes from aaaa::212:7405:5:505: icmp_seq=64 ttl=61 time=167 ms
64 bytes from aaaa::212:7405:5:505: icmp_seq=72 ttl=61 time=184 ms
64 bytes from aaaa::212:7405:5:505: icmp_seq=74 ttl=61 time=123 ms
64 bytes from aaaa::212:7405:5:505: icmp_seq=77 ttl=61 time=467 ms
64 bytes from aaaa::212:7405:5:505: icmp_seq=79 ttl=61 time=415 ms
64 bytes from aaaa::212:7405:5:505: icmp_seq=80 ttl=61 time=158 ms
64 bytes from aaaa::212:7405:5:505: icmp_seq=82 ttl=61 time=220 ms
64 bytes from aaaa::212:7405:5:505: icmp_seq=83 ttl=61 time=122 ms
64 bytes from aaaa::212:7405:5:505: icmp_seq=84 ttl=61 time=148 ms
64 bytes from aaaa::212:7405:5:505: icmp_seq=85 ttl=61 time=228 ms
64 bytes from aaaa::212:7405:5:505: icmp_seq=88 ttl=61 time=173 ms
64 bytes from aaaa::212:7405:5:505: icmp_seq=89 ttl=61 time=128 ms
64 bytes from aaaa::212:7405:5:505: icmp_seq=90 ttl=61 time=143 ms
64 bytes from aaaa::212:7405:5:505: icmp_seq=91 ttl=61 time=132 ms
64 bytes from aaaa::212:7405:5:505: icmp_seq=92 ttl=61 time=137 ms
64 bytes from aaaa::212:7405:5:505: icmp_seq=93 ttl=61 time=131 ms
64 bytes from aaaa::212:7405:5:505: icmp_seq=94 ttl=61 time=144 ms
64 bytes from aaaa::212:7405:5:505: icmp_seq=98 ttl=61 time=117 ms
64 bytes from aaaa::212:7405:5:505: icmp_seq=99 ttl=61 time=140 ms
64 bytes from aaaa::212:7405:5:505: icmp_seq=108 ttl=61 time=123 ms
64 bytes from aaaa::212:7405:5:505: icmp_seq=110 ttl=61 time=129 ms
64 bytes from aaaa::212:7405:5:505: icmp_seq=112 ttl=61 time=124 ms
64 bytes from aaaa::212:7405:5:505: icmp_seq=113 ttl=61 time=194 ms
64 bytes from aaaa::212:7405:5:505: icmp_seq=115 ttl=61 time=170 ms
64 bytes from aaaa::212:7405:5:505: icmp_seq=117 ttl=61 time=129 ms
64 bytes from aaaa::212:7405:5:505: icmp_seq=119 ttl=61 time=128 ms
64 bytes from aaaa::212:7405:5:505: icmp_seq=121 ttl=61 time=110 ms
64 bytes from aaaa::212:7405:5:505: icmp_seq=123 ttl=61 time=137 ms
64 bytes from aaaa::212:7405:5:505: icmp_seq=124 ttl=61 time=166 ms
64 bytes from aaaa::212:7405:5:505: icmp_seq=125 ttl=61 time=145 ms
64 bytes from aaaa::212:7405:5:505: icmp_seq=126 ttl=61 time=117 ms
64 bytes from aaaa::212:7405:5:505: icmp_seq=127 ttl=61 time=108 ms
64 bytes from aaaa::212:7405:5:505: icmp_seq=129 ttl=61 time=137 ms
64 bytes from aaaa::212:7405:5:505: icmp_seq=130 ttl=61 time=130 ms
64 bytes from aaaa::212:7405:5:505: icmp_seq=131 ttl=61 time=111 ms
64 bytes from aaaa::212:7405:5:505: icmp_seq=132 ttl=61 time=124 ms
64 bytes from aaaa::212:7405:5:505: icmp_seq=134 ttl=61 time=140 ms
64 bytes from aaaa::212:7405:5:505: icmp_seq=136 ttl=61 time=206 ms
64 bytes from aaaa::212:7405:5:505: icmp_seq=138 ttl=61 time=156 ms
64 bytes from aaaa::212:7405:5:505: icmp_seq=139 ttl=61 time=124 ms
64 bytes from aaaa::212:7405:5:505: icmp_seq=143 ttl=61 time=139 ms
64 bytes from aaaa::212:7405:5:505: icmp_seq=145 ttl=61 time=146 ms
64 bytes from aaaa::212:7405:5:505: icmp_seq=148 ttl=61 time=117 ms
64 bytes from aaaa::212:7405:5:505: icmp_seq=149 ttl=61 time=106 ms
64 bytes from aaaa::212:7405:5:505: icmp_seq=150 ttl=61 time=320 ms
64 bytes from aaaa::212:7405:5:505: icmp_seq=151 ttl=61 time=357 ms
64 bytes from aaaa::212:7405:5:505: icmp_seq=152 ttl=61 time=135 ms
64 bytes from aaaa::212:7405:5:505: icmp_seq=153 ttl=61 time=134 ms
64 bytes from aaaa::212:7405:5:505: icmp_seq=157 ttl=61 time=191 ms
64 bytes from aaaa::212:7405:5:505: icmp_seq=158 ttl=61 time=188 ms
64 bytes from aaaa::212:7405:5:505: icmp_seq=159 ttl=61 time=161 ms
64 bytes from aaaa::212:7405:5:505: icmp_seq=165 ttl=61 time=192 ms
64 bytes from aaaa::212:7405:5:505: icmp_seq=167 ttl=61 time=128 ms
64 bytes from aaaa::212:7405:5:505: icmp_seq=169 ttl=61 time=251 ms
64 bytes from aaaa::212:7405:5:505: icmp_seq=171 ttl=61 time=260 ms
64 bytes from aaaa::212:7405:5:505: icmp_seq=172 ttl=61 time=166 ms
64 bytes from aaaa::212:7405:5:505: icmp_seq=173 ttl=61 time=259 ms
64 bytes from aaaa::212:7405:5:505: icmp_seq=179 ttl=61 time=119 ms
64 bytes from aaaa::212:7405:5:505: icmp_seq=180 ttl=61 time=125 ms
64 bytes from aaaa::212:7405:5:505: icmp_seq=181 ttl=61 time=146 ms
64 bytes from aaaa::212:7405:5:505: icmp_seq=182 ttl=61 time=136 ms
64 bytes from aaaa::212:7405:5:505: icmp_seq=183 ttl=61 time=116 ms
64 bytes from aaaa::212:7405:5:505: icmp_seq=184 ttl=61 time=127 ms
64 bytes from aaaa::212:7405:5:505: icmp_seq=185 ttl=61 time=204 ms
64 bytes from aaaa::212:7405:5:505: icmp_seq=187 ttl=61 time=237 ms
64 bytes from aaaa::212:7405:5:505: icmp_seq=189 ttl=61 time=321 ms
64 bytes from aaaa::212:7405:5:505: icmp_seq=190 ttl=61 time=105 ms
64 bytes from aaaa::212:7405:5:505: icmp_seq=191 ttl=61 time=156 ms
64 bytes from aaaa::212:7405:5:505: icmp_seq=192 ttl=61 time=126 ms
64 bytes from aaaa::212:7405:5:505: icmp_seq=193 ttl=61 time=143 ms
64 bytes from aaaa::212:7405:5:505: icmp_seq=194 ttl=61 time=111 ms
64 bytes from aaaa::212:7405:5:505: icmp_seq=195 ttl=61 time=127 ms
64 bytes from aaaa::212:7405:5:505: icmp_seq=199 ttl=61 time=112 ms
64 bytes from aaaa::212:7405:5:505: icmp_seq=200 ttl=61 time=122 ms

--- aaaa::212:7405:5:505 ping statistics ---
200 packets transmitted, 110 received, 45% packet loss, time 1008958ms
rtt min/avg/max/mdev = 105.776/176.888/467.185/70.846 ms
