PING aaaa::212:740a:a:a0a(aaaa::212:740a:a:a0a) 56 data bytes
64 bytes from aaaa::212:740a:a:a0a: icmp_seq=3 ttl=60 time=606 ms
64 bytes from aaaa::212:740a:a:a0a: icmp_seq=5 ttl=60 time=699 ms
64 bytes from aaaa::212:740a:a:a0a: icmp_seq=7 ttl=60 time=230 ms
64 bytes from aaaa::212:740a:a:a0a: icmp_seq=9 ttl=60 time=1080 ms
64 bytes from aaaa::212:740a:a:a0a: icmp_seq=13 ttl=60 time=166 ms
64 bytes from aaaa::212:740a:a:a0a: icmp_seq=15 ttl=60 time=200 ms
64 bytes from aaaa::212:740a:a:a0a: icmp_seq=16 ttl=60 time=241 ms
64 bytes from aaaa::212:740a:a:a0a: icmp_seq=18 ttl=60 time=347 ms
64 bytes from aaaa::212:740a:a:a0a: icmp_seq=19 ttl=60 time=427 ms
64 bytes from aaaa::212:740a:a:a0a: icmp_seq=20 ttl=60 time=334 ms
64 bytes from aaaa::212:740a:a:a0a: icmp_seq=21 ttl=60 time=407 ms
64 bytes from aaaa::212:740a:a:a0a: icmp_seq=22 ttl=60 time=389 ms
64 bytes from aaaa::212:740a:a:a0a: icmp_seq=23 ttl=60 time=196 ms
64 bytes from aaaa::212:740a:a:a0a: icmp_seq=25 ttl=60 time=313 ms
64 bytes from aaaa::212:740a:a:a0a: icmp_seq=28 ttl=60 time=246 ms
64 bytes from aaaa::212:740a:a:a0a: icmp_seq=29 ttl=60 time=175 ms
64 bytes from aaaa::212:740a:a:a0a: icmp_seq=40 ttl=60 time=167 ms
64 bytes from aaaa::212:740a:a:a0a: icmp_seq=41 ttl=60 time=141 ms
64 bytes from aaaa::212:740a:a:a0a: icmp_seq=42 ttl=60 time=172 ms
64 bytes from aaaa::212:740a:a:a0a: icmp_seq=43 ttl=60 time=165 ms
64 bytes from aaaa::212:740a:a:a0a: icmp_seq=44 ttl=60 time=265 ms
64 bytes from aaaa::212:740a:a:a0a: icmp_seq=45 ttl=60 time=375 ms
64 bytes from aaaa::212:740a:a:a0a: icmp_seq=46 ttl=60 time=156 ms
64 bytes from aaaa::212:740a:a:a0a: icmp_seq=49 ttl=60 time=279 ms
64 bytes from aaaa::212:740a:a:a0a: icmp_seq=51 ttl=60 time=173 ms
64 bytes from aaaa::212:740a:a:a0a: icmp_seq=52 ttl=60 time=238 ms
64 bytes from aaaa::212:740a:a:a0a: icmp_seq=53 ttl=60 time=298 ms
64 bytes from aaaa::212:740a:a:a0a: icmp_seq=55 ttl=60 time=154 ms
64 bytes from aaaa::212:740a:a:a0a: icmp_seq=64 ttl=60 time=141 ms
64 bytes from aaaa::212:740a:a:a0a: icmp_seq=65 ttl=60 time=237 ms
64 bytes from aaaa::212:740a:a:a0a: icmp_seq=66 ttl=60 time=159 ms
64 bytes from aaaa::212:740a:a:a0a: icmp_seq=67 ttl=60 time=181 ms
64 bytes from aaaa::212:740a:a:a0a: icmp_seq=68 ttl=60 time=168 ms
64 bytes from aaaa::212:740a:a:a0a: icmp_seq=71 ttl=60 time=232 ms
64 bytes from aaaa::212:740a:a:a0a: icmp_seq=74 ttl=60 time=141 ms
64 bytes from aaaa::212:740a:a:a0a: icmp_seq=75 ttl=60 time=152 ms
64 bytes from aaaa::212:740a:a:a0a: icmp_seq=76 ttl=60 time=246 ms
64 bytes from aaaa::212:740a:a:a0a: icmp_seq=77 ttl=60 time=185 ms
64 bytes from aaaa::212:740a:a:a0a: icmp_seq=81 ttl=60 time=291 ms
64 bytes from aaaa::212:740a:a:a0a: icmp_seq=83 ttl=60 time=149 ms
64 bytes from aaaa::212:740a:a:a0a: icmp_seq=85 ttl=60 time=149 ms
64 bytes from aaaa::212:740a:a:a0a: icmp_seq=97 ttl=60 time=154 ms
64 bytes from aaaa::212:740a:a:a0a: icmp_seq=98 ttl=60 time=183 ms
64 bytes from aaaa::212:740a:a:a0a: icmp_seq=107 ttl=60 time=271 ms
64 bytes from aaaa::212:740a:a:a0a: icmp_seq=108 ttl=60 time=335 ms
64 bytes from aaaa::212:740a:a:a0a: icmp_seq=111 ttl=60 time=226 ms
64 bytes from aaaa::212:740a:a:a0a: icmp_seq=113 ttl=60 time=159 ms
64 bytes from aaaa::212:740a:a:a0a: icmp_seq=114 ttl=60 time=350 ms
64 bytes from aaaa::212:740a:a:a0a: icmp_seq=117 ttl=60 time=245 ms
64 bytes from aaaa::212:740a:a:a0a: icmp_seq=119 ttl=60 time=131 ms
64 bytes from aaaa::212:740a:a:a0a: icmp_seq=121 ttl=60 time=169 ms
64 bytes from aaaa::212:740a:a:a0a: icmp_seq=122 ttl=60 time=361 ms
64 bytes from aaaa::212:740a:a:a0a: icmp_seq=123 ttl=60 time=192 ms
64 bytes from aaaa::212:740a:a:a0a: icmp_seq=124 ttl=60 time=148 ms
64 bytes from aaaa::212:740a:a:a0a: icmp_seq=125 ttl=60 time=232 ms
64 bytes from aaaa::212:740a:a:a0a: icmp_seq=126 ttl=60 time=213 ms
64 bytes from aaaa::212:740a:a:a0a: icmp_seq=127 ttl=60 time=161 ms
64 bytes from aaaa::212:740a:a:a0a: icmp_seq=130 ttl=60 time=158 ms
64 bytes from aaaa::212:740a:a:a0a: icmp_seq=131 ttl=60 time=279 ms
64 bytes from aaaa::212:740a:a:a0a: icmp_seq=135 ttl=60 time=249 ms
64 bytes from aaaa::212:740a:a:a0a: icmp_seq=138 ttl=60 time=203 ms
64 bytes from aaaa::212:740a:a:a0a: icmp_seq=139 ttl=60 time=146 ms
64 bytes from aaaa::212:740a:a:a0a: icmp_seq=140 ttl=60 time=145 ms
64 bytes from aaaa::212:740a:a:a0a: icmp_seq=141 ttl=60 time=172 ms
64 bytes from aaaa::212:740a:a:a0a: icmp_seq=142 ttl=60 time=172 ms
64 bytes from aaaa::212:740a:a:a0a: icmp_seq=143 ttl=60 time=301 ms
64 bytes from aaaa::212:740a:a:a0a: icmp_seq=146 ttl=60 time=197 ms
64 bytes from aaaa::212:740a:a:a0a: icmp_seq=148 ttl=60 time=180 ms
64 bytes from aaaa::212:740a:a:a0a: icmp_seq=149 ttl=60 time=225 ms
64 bytes from aaaa::212:740a:a:a0a: icmp_seq=151 ttl=60 time=131 ms
64 bytes from aaaa::212:740a:a:a0a: icmp_seq=154 ttl=60 time=174 ms
64 bytes from aaaa::212:740a:a:a0a: icmp_seq=159 ttl=60 time=177 ms
64 bytes from aaaa::212:740a:a:a0a: icmp_seq=160 ttl=60 time=161 ms
64 bytes from aaaa::212:740a:a:a0a: icmp_seq=161 ttl=60 time=159 ms
64 bytes from aaaa::212:740a:a:a0a: icmp_seq=162 ttl=60 time=174 ms
64 bytes from aaaa::212:740a:a:a0a: icmp_seq=163 ttl=60 time=297 ms
64 bytes from aaaa::212:740a:a:a0a: icmp_seq=164 ttl=60 time=296 ms
64 bytes from aaaa::212:740a:a:a0a: icmp_seq=167 ttl=60 time=240 ms
64 bytes from aaaa::212:740a:a:a0a: icmp_seq=168 ttl=60 time=194 ms
64 bytes from aaaa::212:740a:a:a0a: icmp_seq=171 ttl=60 time=279 ms
64 bytes from aaaa::212:740a:a:a0a: icmp_seq=173 ttl=60 time=169 ms
64 bytes from aaaa::212:740a:a:a0a: icmp_seq=174 ttl=60 time=143 ms
64 bytes from aaaa::212:740a:a:a0a: icmp_seq=175 ttl=60 time=142 ms
64 bytes from aaaa::212:740a:a:a0a: icmp_seq=176 ttl=60 time=141 ms
64 bytes from aaaa::212:740a:a:a0a: icmp_seq=181 ttl=60 time=204 ms
64 bytes from aaaa::212:740a:a:a0a: icmp_seq=183 ttl=60 time=143 ms
64 bytes from aaaa::212:740a:a:a0a: icmp_seq=185 ttl=60 time=155 ms
64 bytes from aaaa::212:740a:a:a0a: icmp_seq=187 ttl=60 time=147 ms
64 bytes from aaaa::212:740a:a:a0a: icmp_seq=195 ttl=60 time=146 ms
64 bytes from aaaa::212:740a:a:a0a: icmp_seq=196 ttl=60 time=154 ms
64 bytes from aaaa::212:740a:a:a0a: icmp_seq=199 ttl=60 time=166 ms

--- aaaa::212:740a:a:a0a ping statistics ---
200 packets transmitted, 91 received, 54% packet loss, time 1010607ms
rtt min/avg/max/mdev = 131.804/231.532/1080.234/131.093 ms
