PING aaaa::212:7405:5:505(aaaa::212:7405:5:505) 56 data bytes
64 bytes from aaaa::212:7405:5:505: icmp_seq=1 ttl=62 time=160 ms
64 bytes from aaaa::212:7405:5:505: icmp_seq=2 ttl=62 time=170 ms
64 bytes from aaaa::212:7405:5:505: icmp_seq=4 ttl=62 time=364 ms
64 bytes from aaaa::212:7405:5:505: icmp_seq=5 ttl=62 time=1502 ms
64 bytes from aaaa::212:7405:5:505: icmp_seq=6 ttl=62 time=248 ms
64 bytes from aaaa::212:7405:5:505: icmp_seq=7 ttl=62 time=508 ms
64 bytes from aaaa::212:7405:5:505: icmp_seq=8 ttl=62 time=204 ms
64 bytes from aaaa::212:7405:5:505: icmp_seq=9 ttl=62 time=1773 ms
64 bytes from aaaa::212:7405:5:505: icmp_seq=10 ttl=62 time=565 ms
64 bytes from aaaa::212:7405:5:505: icmp_seq=11 ttl=62 time=169 ms
64 bytes from aaaa::212:7405:5:505: icmp_seq=12 ttl=62 time=150 ms
64 bytes from aaaa::212:7405:5:505: icmp_seq=13 ttl=62 time=289 ms
64 bytes from aaaa::212:7405:5:505: icmp_seq=19 ttl=62 time=403 ms
64 bytes from aaaa::212:7405:5:505: icmp_seq=20 ttl=62 time=794 ms
64 bytes from aaaa::212:7405:5:505: icmp_seq=21 ttl=62 time=174 ms
64 bytes from aaaa::212:7405:5:505: icmp_seq=22 ttl=62 time=1283 ms
64 bytes from aaaa::212:7405:5:505: icmp_seq=23 ttl=62 time=447 ms
64 bytes from aaaa::212:7405:5:505: icmp_seq=24 ttl=62 time=186 ms
64 bytes from aaaa::212:7405:5:505: icmp_seq=25 ttl=62 time=341 ms
64 bytes from aaaa::212:7405:5:505: icmp_seq=26 ttl=62 time=326 ms
64 bytes from aaaa::212:7405:5:505: icmp_seq=27 ttl=62 time=415 ms
64 bytes from aaaa::212:7405:5:505: icmp_seq=28 ttl=62 time=199 ms
64 bytes from aaaa::212:7405:5:505: icmp_seq=29 ttl=62 time=137 ms
64 bytes from aaaa::212:7405:5:505: icmp_seq=30 ttl=62 time=574 ms
64 bytes from aaaa::212:7405:5:505: icmp_seq=32 ttl=62 time=142 ms
64 bytes from aaaa::212:7405:5:505: icmp_seq=33 ttl=62 time=186 ms
64 bytes from aaaa::212:7405:5:505: icmp_seq=34 ttl=62 time=177 ms
64 bytes from aaaa::212:7405:5:505: icmp_seq=35 ttl=62 time=153 ms
64 bytes from aaaa::212:7405:5:505: icmp_seq=36 ttl=62 time=178 ms
64 bytes from aaaa::212:7405:5:505: icmp_seq=41 ttl=62 time=399 ms
64 bytes from aaaa::212:7405:5:505: icmp_seq=42 ttl=62 time=319 ms
64 bytes from aaaa::212:7405:5:505: icmp_seq=43 ttl=62 time=172 ms
64 bytes from aaaa::212:7405:5:505: icmp_seq=44 ttl=62 time=131 ms
64 bytes from aaaa::212:7405:5:505: icmp_seq=45 ttl=62 time=98.6 ms
64 bytes from aaaa::212:7405:5:505: icmp_seq=46 ttl=62 time=165 ms
64 bytes from aaaa::212:7405:5:505: icmp_seq=47 ttl=62 time=901 ms
64 bytes from aaaa::212:7405:5:505: icmp_seq=49 ttl=62 time=397 ms
64 bytes from aaaa::212:7405:5:505: icmp_seq=50 ttl=62 time=214 ms
64 bytes from aaaa::212:7405:5:505: icmp_seq=51 ttl=62 time=917 ms
64 bytes from aaaa::212:7405:5:505: icmp_seq=52 ttl=62 time=260 ms
64 bytes from aaaa::212:7405:5:505: icmp_seq=54 ttl=62 time=477 ms
64 bytes from aaaa::212:7405:5:505: icmp_seq=55 ttl=62 time=206 ms
64 bytes from aaaa::212:7405:5:505: icmp_seq=57 ttl=62 time=352 ms
64 bytes from aaaa::212:7405:5:505: icmp_seq=58 ttl=62 time=302 ms
64 bytes from aaaa::212:7405:5:505: icmp_seq=59 ttl=62 time=464 ms
64 bytes from aaaa::212:7405:5:505: icmp_seq=60 ttl=62 time=570 ms
64 bytes from aaaa::212:7405:5:505: icmp_seq=61 ttl=62 time=205 ms
64 bytes from aaaa::212:7405:5:505: icmp_seq=62 ttl=62 time=143 ms
64 bytes from aaaa::212:7405:5:505: icmp_seq=64 ttl=62 time=487 ms
64 bytes from aaaa::212:7405:5:505: icmp_seq=66 ttl=60 time=1345 ms
64 bytes from aaaa::212:7405:5:505: icmp_seq=67 ttl=60 time=238 ms
64 bytes from aaaa::212:7405:5:505: icmp_seq=68 ttl=60 time=365 ms
64 bytes from aaaa::212:7405:5:505: icmp_seq=72 ttl=62 time=836 ms
64 bytes from aaaa::212:7405:5:505: icmp_seq=73 ttl=62 time=135 ms
64 bytes from aaaa::212:7405:5:505: icmp_seq=74 ttl=62 time=1195 ms
64 bytes from aaaa::212:7405:5:505: icmp_seq=75 ttl=62 time=315 ms
64 bytes from aaaa::212:7405:5:505: icmp_seq=76 ttl=62 time=212 ms
64 bytes from aaaa::212:7405:5:505: icmp_seq=77 ttl=62 time=612 ms
64 bytes from aaaa::212:7405:5:505: icmp_seq=78 ttl=62 time=285 ms
64 bytes from aaaa::212:7405:5:505: icmp_seq=80 ttl=62 time=231 ms
64 bytes from aaaa::212:7405:5:505: icmp_seq=82 ttl=62 time=423 ms
64 bytes from aaaa::212:7405:5:505: icmp_seq=83 ttl=62 time=174 ms
64 bytes from aaaa::212:7405:5:505: icmp_seq=84 ttl=62 time=194 ms
64 bytes from aaaa::212:7405:5:505: icmp_seq=85 ttl=62 time=565 ms
64 bytes from aaaa::212:7405:5:505: icmp_seq=86 ttl=62 time=389 ms
64 bytes from aaaa::212:7405:5:505: icmp_seq=87 ttl=62 time=283 ms
64 bytes from aaaa::212:7405:5:505: icmp_seq=88 ttl=62 time=883 ms
64 bytes from aaaa::212:7405:5:505: icmp_seq=89 ttl=62 time=1067 ms
64 bytes from aaaa::212:7405:5:505: icmp_seq=90 ttl=62 time=159 ms
64 bytes from aaaa::212:7405:5:505: icmp_seq=91 ttl=62 time=597 ms
64 bytes from aaaa::212:7405:5:505: icmp_seq=92 ttl=62 time=237 ms
64 bytes from aaaa::212:7405:5:505: icmp_seq=96 ttl=62 time=322 ms
64 bytes from aaaa::212:7405:5:505: icmp_seq=99 ttl=62 time=1165 ms
64 bytes from aaaa::212:7405:5:505: icmp_seq=106 ttl=62 time=1031 ms
64 bytes from aaaa::212:7405:5:505: icmp_seq=107 ttl=62 time=111 ms
64 bytes from aaaa::212:7405:5:505: icmp_seq=108 ttl=62 time=211 ms
64 bytes from aaaa::212:7405:5:505: icmp_seq=109 ttl=62 time=463 ms
64 bytes from aaaa::212:7405:5:505: icmp_seq=111 ttl=62 time=207 ms
64 bytes from aaaa::212:7405:5:505: icmp_seq=114 ttl=62 time=508 ms
64 bytes from aaaa::212:7405:5:505: icmp_seq=115 ttl=62 time=307 ms
64 bytes from aaaa::212:7405:5:505: icmp_seq=116 ttl=62 time=185 ms
64 bytes from aaaa::212:7405:5:505: icmp_seq=117 ttl=62 time=393 ms
64 bytes from aaaa::212:7405:5:505: icmp_seq=124 ttl=62 time=258 ms
64 bytes from aaaa::212:7405:5:505: icmp_seq=127 ttl=62 time=299 ms
64 bytes from aaaa::212:7405:5:505: icmp_seq=128 ttl=62 time=415 ms
64 bytes from aaaa::212:7405:5:505: icmp_seq=129 ttl=62 time=342 ms
64 bytes from aaaa::212:7405:5:505: icmp_seq=132 ttl=62 time=267 ms
64 bytes from aaaa::212:7405:5:505: icmp_seq=133 ttl=62 time=354 ms
64 bytes from aaaa::212:7405:5:505: icmp_seq=134 ttl=62 time=1610 ms
64 bytes from aaaa::212:7405:5:505: icmp_seq=135 ttl=62 time=365 ms
64 bytes from aaaa::212:7405:5:505: icmp_seq=136 ttl=62 time=262 ms
64 bytes from aaaa::212:7405:5:505: icmp_seq=137 ttl=62 time=153 ms
64 bytes from aaaa::212:7405:5:505: icmp_seq=138 ttl=62 time=315 ms
64 bytes from aaaa::212:7405:5:505: icmp_seq=139 ttl=62 time=150 ms
64 bytes from aaaa::212:7405:5:505: icmp_seq=140 ttl=62 time=262 ms
64 bytes from aaaa::212:7405:5:505: icmp_seq=141 ttl=62 time=143 ms
64 bytes from aaaa::212:7405:5:505: icmp_seq=142 ttl=62 time=271 ms
64 bytes from aaaa::212:7405:5:505: icmp_seq=143 ttl=62 time=388 ms
64 bytes from aaaa::212:7405:5:505: icmp_seq=144 ttl=62 time=238 ms
64 bytes from aaaa::212:7405:5:505: icmp_seq=145 ttl=62 time=105 ms
64 bytes from aaaa::212:7405:5:505: icmp_seq=146 ttl=62 time=618 ms
64 bytes from aaaa::212:7405:5:505: icmp_seq=147 ttl=62 time=191 ms
64 bytes from aaaa::212:7405:5:505: icmp_seq=148 ttl=62 time=225 ms
64 bytes from aaaa::212:7405:5:505: icmp_seq=149 ttl=62 time=136 ms
64 bytes from aaaa::212:7405:5:505: icmp_seq=150 ttl=62 time=187 ms
64 bytes from aaaa::212:7405:5:505: icmp_seq=151 ttl=62 time=144 ms
64 bytes from aaaa::212:7405:5:505: icmp_seq=152 ttl=62 time=112 ms
64 bytes from aaaa::212:7405:5:505: icmp_seq=153 ttl=62 time=563 ms
64 bytes from aaaa::212:7405:5:505: icmp_seq=154 ttl=62 time=862 ms
64 bytes from aaaa::212:7405:5:505: icmp_seq=155 ttl=62 time=180 ms
64 bytes from aaaa::212:7405:5:505: icmp_seq=156 ttl=62 time=108 ms
64 bytes from aaaa::212:7405:5:505: icmp_seq=157 ttl=62 time=412 ms
64 bytes from aaaa::212:7405:5:505: icmp_seq=160 ttl=62 time=155 ms
64 bytes from aaaa::212:7405:5:505: icmp_seq=161 ttl=62 time=122 ms
64 bytes from aaaa::212:7405:5:505: icmp_seq=185 ttl=62 time=144 ms
64 bytes from aaaa::212:7405:5:505: icmp_seq=186 ttl=62 time=337 ms
64 bytes from aaaa::212:7405:5:505: icmp_seq=187 ttl=62 time=161 ms
64 bytes from aaaa::212:7405:5:505: icmp_seq=189 ttl=62 time=200 ms

--- aaaa::212:7405:5:505 ping statistics ---
200 packets transmitted, 118 received, 41% packet loss, time 1006172ms
rtt min/avg/max/mdev = 98.654/391.123/1773.400/331.618 ms
