PING aaaa::212:7410:10:1010(aaaa::212:7410:10:1010) 56 data bytes
64 bytes from aaaa::212:7410:10:1010: icmp_seq=2 ttl=60 time=525 ms
64 bytes from aaaa::212:7410:10:1010: icmp_seq=3 ttl=60 time=1713 ms
64 bytes from aaaa::212:7410:10:1010: icmp_seq=4 ttl=58 time=904 ms
64 bytes from aaaa::212:7410:10:1010: icmp_seq=6 ttl=60 time=647 ms
64 bytes from aaaa::212:7410:10:1010: icmp_seq=7 ttl=60 time=1664 ms
64 bytes from aaaa::212:7410:10:1010: icmp_seq=8 ttl=60 time=369 ms
64 bytes from aaaa::212:7410:10:1010: icmp_seq=9 ttl=60 time=342 ms
64 bytes from aaaa::212:7410:10:1010: icmp_seq=10 ttl=60 time=510 ms
64 bytes from aaaa::212:7410:10:1010: icmp_seq=11 ttl=60 time=309 ms
64 bytes from aaaa::212:7410:10:1010: icmp_seq=13 ttl=60 time=853 ms
64 bytes from aaaa::212:7410:10:1010: icmp_seq=14 ttl=60 time=379 ms
64 bytes from aaaa::212:7410:10:1010: icmp_seq=15 ttl=60 time=1025 ms
64 bytes from aaaa::212:7410:10:1010: icmp_seq=16 ttl=60 time=432 ms
64 bytes from aaaa::212:7410:10:1010: icmp_seq=21 ttl=60 time=696 ms
64 bytes from aaaa::212:7410:10:1010: icmp_seq=23 ttl=60 time=717 ms
64 bytes from aaaa::212:7410:10:1010: icmp_seq=24 ttl=60 time=363 ms
64 bytes from aaaa::212:7410:10:1010: icmp_seq=25 ttl=60 time=263 ms
64 bytes from aaaa::212:7410:10:1010: icmp_seq=26 ttl=60 time=335 ms
64 bytes from aaaa::212:7410:10:1010: icmp_seq=27 ttl=60 time=314 ms
64 bytes from aaaa::212:7410:10:1010: icmp_seq=30 ttl=60 time=1153 ms
64 bytes from aaaa::212:7410:10:1010: icmp_seq=31 ttl=60 time=329 ms
64 bytes from aaaa::212:7410:10:1010: icmp_seq=32 ttl=60 time=995 ms
64 bytes from aaaa::212:7410:10:1010: icmp_seq=33 ttl=60 time=332 ms
64 bytes from aaaa::212:7410:10:1010: icmp_seq=34 ttl=60 time=417 ms
64 bytes from aaaa::212:7410:10:1010: icmp_seq=43 ttl=60 time=412 ms
64 bytes from aaaa::212:7410:10:1010: icmp_seq=57 ttl=60 time=2828 ms
64 bytes from aaaa::212:7410:10:1010: icmp_seq=58 ttl=60 time=542 ms
64 bytes from aaaa::212:7410:10:1010: icmp_seq=59 ttl=60 time=975 ms
64 bytes from aaaa::212:7410:10:1010: icmp_seq=64 ttl=60 time=737 ms
64 bytes from aaaa::212:7410:10:1010: icmp_seq=65 ttl=60 time=266 ms
64 bytes from aaaa::212:7410:10:1010: icmp_seq=66 ttl=60 time=610 ms
64 bytes from aaaa::212:7410:10:1010: icmp_seq=67 ttl=60 time=700 ms
64 bytes from aaaa::212:7410:10:1010: icmp_seq=68 ttl=60 time=450 ms
64 bytes from aaaa::212:7410:10:1010: icmp_seq=69 ttl=60 time=534 ms
64 bytes from aaaa::212:7410:10:1010: icmp_seq=70 ttl=60 time=651 ms
64 bytes from aaaa::212:7410:10:1010: icmp_seq=71 ttl=60 time=314 ms
64 bytes from aaaa::212:7410:10:1010: icmp_seq=73 ttl=60 time=1316 ms
64 bytes from aaaa::212:7410:10:1010: icmp_seq=74 ttl=60 time=327 ms
64 bytes from aaaa::212:7410:10:1010: icmp_seq=80 ttl=59 time=587 ms
64 bytes from aaaa::212:7410:10:1010: icmp_seq=81 ttl=59 time=611 ms
64 bytes from aaaa::212:7410:10:1010: icmp_seq=83 ttl=59 time=2296 ms
64 bytes from aaaa::212:7410:10:1010: icmp_seq=84 ttl=60 time=1397 ms
64 bytes from aaaa::212:7410:10:1010: icmp_seq=87 ttl=59 time=713 ms
64 bytes from aaaa::212:7410:10:1010: icmp_seq=88 ttl=59 time=473 ms
64 bytes from aaaa::212:7410:10:1010: icmp_seq=89 ttl=59 time=703 ms
64 bytes from aaaa::212:7410:10:1010: icmp_seq=92 ttl=60 time=544 ms
64 bytes from aaaa::212:7410:10:1010: icmp_seq=93 ttl=60 time=551 ms
64 bytes from aaaa::212:7410:10:1010: icmp_seq=94 ttl=60 time=379 ms
64 bytes from aaaa::212:7410:10:1010: icmp_seq=99 ttl=60 time=760 ms
64 bytes from aaaa::212:7410:10:1010: icmp_seq=100 ttl=60 time=428 ms
64 bytes from aaaa::212:7410:10:1010: icmp_seq=102 ttl=60 time=741 ms
64 bytes from aaaa::212:7410:10:1010: icmp_seq=103 ttl=60 time=338 ms
64 bytes from aaaa::212:7410:10:1010: icmp_seq=106 ttl=60 time=609 ms
64 bytes from aaaa::212:7410:10:1010: icmp_seq=107 ttl=60 time=1311 ms
64 bytes from aaaa::212:7410:10:1010: icmp_seq=108 ttl=60 time=762 ms
64 bytes from aaaa::212:7410:10:1010: icmp_seq=110 ttl=60 time=759 ms
64 bytes from aaaa::212:7410:10:1010: icmp_seq=112 ttl=60 time=758 ms
64 bytes from aaaa::212:7410:10:1010: icmp_seq=113 ttl=60 time=511 ms
64 bytes from aaaa::212:7410:10:1010: icmp_seq=114 ttl=60 time=574 ms
64 bytes from aaaa::212:7410:10:1010: icmp_seq=116 ttl=59 time=598 ms
64 bytes from aaaa::212:7410:10:1010: icmp_seq=117 ttl=59 time=562 ms
64 bytes from aaaa::212:7410:10:1010: icmp_seq=118 ttl=59 time=426 ms
64 bytes from aaaa::212:7410:10:1010: icmp_seq=123 ttl=58 time=884 ms
64 bytes from aaaa::212:7410:10:1010: icmp_seq=124 ttl=60 time=354 ms
64 bytes from aaaa::212:7410:10:1010: icmp_seq=125 ttl=60 time=431 ms
64 bytes from aaaa::212:7410:10:1010: icmp_seq=126 ttl=60 time=307 ms
64 bytes from aaaa::212:7410:10:1010: icmp_seq=127 ttl=60 time=292 ms
64 bytes from aaaa::212:7410:10:1010: icmp_seq=128 ttl=60 time=321 ms
64 bytes from aaaa::212:7410:10:1010: icmp_seq=129 ttl=60 time=386 ms
64 bytes from aaaa::212:7410:10:1010: icmp_seq=130 ttl=60 time=263 ms
64 bytes from aaaa::212:7410:10:1010: icmp_seq=131 ttl=60 time=1273 ms
64 bytes from aaaa::212:7410:10:1010: icmp_seq=132 ttl=60 time=887 ms
64 bytes from aaaa::212:7410:10:1010: icmp_seq=133 ttl=60 time=339 ms
64 bytes from aaaa::212:7410:10:1010: icmp_seq=134 ttl=60 time=514 ms
64 bytes from aaaa::212:7410:10:1010: icmp_seq=136 ttl=60 time=444 ms
64 bytes from aaaa::212:7410:10:1010: icmp_seq=137 ttl=60 time=650 ms
64 bytes from aaaa::212:7410:10:1010: icmp_seq=138 ttl=60 time=411 ms
64 bytes from aaaa::212:7410:10:1010: icmp_seq=163 ttl=60 time=547 ms
64 bytes from aaaa::212:7410:10:1010: icmp_seq=170 ttl=60 time=1273 ms
64 bytes from aaaa::212:7410:10:1010: icmp_seq=171 ttl=60 time=722 ms
64 bytes from aaaa::212:7410:10:1010: icmp_seq=173 ttl=60 time=495 ms
64 bytes from aaaa::212:7410:10:1010: icmp_seq=176 ttl=60 time=2400 ms
64 bytes from aaaa::212:7410:10:1010: icmp_seq=178 ttl=60 time=419 ms
64 bytes from aaaa::212:7410:10:1010: icmp_seq=179 ttl=60 time=616 ms
64 bytes from aaaa::212:7410:10:1010: icmp_seq=180 ttl=59 time=1172 ms
64 bytes from aaaa::212:7410:10:1010: icmp_seq=181 ttl=60 time=647 ms
64 bytes from aaaa::212:7410:10:1010: icmp_seq=182 ttl=60 time=678 ms
64 bytes from aaaa::212:7410:10:1010: icmp_seq=183 ttl=60 time=1492 ms
64 bytes from aaaa::212:7410:10:1010: icmp_seq=184 ttl=60 time=409 ms
64 bytes from aaaa::212:7410:10:1010: icmp_seq=186 ttl=60 time=1572 ms
64 bytes from aaaa::212:7410:10:1010: icmp_seq=187 ttl=60 time=556 ms
64 bytes from aaaa::212:7410:10:1010: icmp_seq=188 ttl=60 time=666 ms
64 bytes from aaaa::212:7410:10:1010: icmp_seq=189 ttl=60 time=783 ms
64 bytes from aaaa::212:7410:10:1010: icmp_seq=190 ttl=60 time=465 ms
64 bytes from aaaa::212:7410:10:1010: icmp_seq=191 ttl=60 time=1776 ms
64 bytes from aaaa::212:7410:10:1010: icmp_seq=192 ttl=60 time=1364 ms
64 bytes from aaaa::212:7410:10:1010: icmp_seq=193 ttl=60 time=867 ms
64 bytes from aaaa::212:7410:10:1010: icmp_seq=194 ttl=60 time=403 ms
64 bytes from aaaa::212:7410:10:1010: icmp_seq=195 ttl=60 time=309 ms
64 bytes from aaaa::212:7410:10:1010: icmp_seq=196 ttl=60 time=247 ms
64 bytes from aaaa::212:7410:10:1010: icmp_seq=199 ttl=60 time=905 ms
64 bytes from aaaa::212:7410:10:1010: icmp_seq=200 ttl=60 time=270 ms

--- aaaa::212:7410:10:1010 ping statistics ---
200 packets transmitted, 102 received, 49% packet loss, time 1008355ms
rtt min/avg/max/mdev = 247.683/710.779/2828.014/472.513 ms
