PING aaaa::212:7406:6:606(aaaa::212:7406:6:606) 56 data bytes
64 bytes from aaaa::212:7406:6:606: icmp_seq=1 ttl=61 time=273 ms
64 bytes from aaaa::212:7406:6:606: icmp_seq=2 ttl=61 time=494 ms
64 bytes from aaaa::212:7406:6:606: icmp_seq=3 ttl=61 time=229 ms
64 bytes from aaaa::212:7406:6:606: icmp_seq=5 ttl=61 time=781 ms
64 bytes from aaaa::212:7406:6:606: icmp_seq=6 ttl=61 time=695 ms
64 bytes from aaaa::212:7406:6:606: icmp_seq=7 ttl=61 time=863 ms
64 bytes from aaaa::212:7406:6:606: icmp_seq=8 ttl=61 time=452 ms
64 bytes from aaaa::212:7406:6:606: icmp_seq=9 ttl=61 time=2153 ms
64 bytes from aaaa::212:7406:6:606: icmp_seq=10 ttl=61 time=257 ms
64 bytes from aaaa::212:7406:6:606: icmp_seq=11 ttl=61 time=258 ms
64 bytes from aaaa::212:7406:6:606: icmp_seq=12 ttl=61 time=640 ms
64 bytes from aaaa::212:7406:6:606: icmp_seq=14 ttl=61 time=1117 ms
64 bytes from aaaa::212:7406:6:606: icmp_seq=15 ttl=61 time=1048 ms
64 bytes from aaaa::212:7406:6:606: icmp_seq=16 ttl=61 time=450 ms
64 bytes from aaaa::212:7406:6:606: icmp_seq=17 ttl=61 time=431 ms
64 bytes from aaaa::212:7406:6:606: icmp_seq=18 ttl=61 time=546 ms
64 bytes from aaaa::212:7406:6:606: icmp_seq=19 ttl=61 time=793 ms
64 bytes from aaaa::212:7406:6:606: icmp_seq=21 ttl=61 time=275 ms
64 bytes from aaaa::212:7406:6:606: icmp_seq=32 ttl=61 time=875 ms
64 bytes from aaaa::212:7406:6:606: icmp_seq=33 ttl=61 time=467 ms
64 bytes from aaaa::212:7406:6:606: icmp_seq=34 ttl=61 time=334 ms
64 bytes from aaaa::212:7406:6:606: icmp_seq=35 ttl=61 time=278 ms
64 bytes from aaaa::212:7406:6:606: icmp_seq=36 ttl=61 time=552 ms
64 bytes from aaaa::212:7406:6:606: icmp_seq=38 ttl=61 time=1627 ms
64 bytes from aaaa::212:7406:6:606: icmp_seq=39 ttl=61 time=395 ms
64 bytes from aaaa::212:7406:6:606: icmp_seq=40 ttl=61 time=599 ms
64 bytes from aaaa::212:7406:6:606: icmp_seq=44 ttl=61 time=221 ms
64 bytes from aaaa::212:7406:6:606: icmp_seq=45 ttl=61 time=389 ms
64 bytes from aaaa::212:7406:6:606: icmp_seq=46 ttl=61 time=662 ms
64 bytes from aaaa::212:7406:6:606: icmp_seq=47 ttl=61 time=158 ms
64 bytes from aaaa::212:7406:6:606: icmp_seq=48 ttl=61 time=268 ms
64 bytes from aaaa::212:7406:6:606: icmp_seq=49 ttl=61 time=581 ms
64 bytes from aaaa::212:7406:6:606: icmp_seq=52 ttl=61 time=430 ms
64 bytes from aaaa::212:7406:6:606: icmp_seq=53 ttl=61 time=378 ms
64 bytes from aaaa::212:7406:6:606: icmp_seq=54 ttl=61 time=331 ms
64 bytes from aaaa::212:7406:6:606: icmp_seq=55 ttl=61 time=213 ms
64 bytes from aaaa::212:7406:6:606: icmp_seq=56 ttl=61 time=1377 ms
64 bytes from aaaa::212:7406:6:606: icmp_seq=58 ttl=61 time=1025 ms
64 bytes from aaaa::212:7406:6:606: icmp_seq=59 ttl=61 time=214 ms
64 bytes from aaaa::212:7406:6:606: icmp_seq=60 ttl=61 time=1536 ms
64 bytes from aaaa::212:7406:6:606: icmp_seq=61 ttl=61 time=285 ms
64 bytes from aaaa::212:7406:6:606: icmp_seq=62 ttl=61 time=221 ms
64 bytes from aaaa::212:7406:6:606: icmp_seq=65 ttl=61 time=1045 ms
64 bytes from aaaa::212:7406:6:606: icmp_seq=66 ttl=61 time=1047 ms
64 bytes from aaaa::212:7406:6:606: icmp_seq=67 ttl=61 time=412 ms
64 bytes from aaaa::212:7406:6:606: icmp_seq=69 ttl=61 time=355 ms
64 bytes from aaaa::212:7406:6:606: icmp_seq=70 ttl=61 time=147 ms
64 bytes from aaaa::212:7406:6:606: icmp_seq=71 ttl=61 time=190 ms
64 bytes from aaaa::212:7406:6:606: icmp_seq=72 ttl=61 time=203 ms
64 bytes from aaaa::212:7406:6:606: icmp_seq=73 ttl=61 time=155 ms
64 bytes from aaaa::212:7406:6:606: icmp_seq=75 ttl=61 time=361 ms
64 bytes from aaaa::212:7406:6:606: icmp_seq=76 ttl=61 time=277 ms
64 bytes from aaaa::212:7406:6:606: icmp_seq=77 ttl=61 time=266 ms
64 bytes from aaaa::212:7406:6:606: icmp_seq=78 ttl=61 time=139 ms
64 bytes from aaaa::212:7406:6:606: icmp_seq=79 ttl=61 time=264 ms
64 bytes from aaaa::212:7406:6:606: icmp_seq=80 ttl=61 time=414 ms
64 bytes from aaaa::212:7406:6:606: icmp_seq=81 ttl=61 time=276 ms
64 bytes from aaaa::212:7406:6:606: icmp_seq=82 ttl=61 time=309 ms
64 bytes from aaaa::212:7406:6:606: icmp_seq=83 ttl=61 time=309 ms
64 bytes from aaaa::212:7406:6:606: icmp_seq=87 ttl=61 time=159 ms
64 bytes from aaaa::212:7406:6:606: icmp_seq=88 ttl=61 time=935 ms
64 bytes from aaaa::212:7406:6:606: icmp_seq=89 ttl=61 time=764 ms
64 bytes from aaaa::212:7406:6:606: icmp_seq=90 ttl=61 time=185 ms
64 bytes from aaaa::212:7406:6:606: icmp_seq=91 ttl=61 time=611 ms
64 bytes from aaaa::212:7406:6:606: icmp_seq=92 ttl=61 time=915 ms
64 bytes from aaaa::212:7406:6:606: icmp_seq=95 ttl=61 time=401 ms
64 bytes from aaaa::212:7406:6:606: icmp_seq=96 ttl=61 time=200 ms
64 bytes from aaaa::212:7406:6:606: icmp_seq=97 ttl=61 time=245 ms
64 bytes from aaaa::212:7406:6:606: icmp_seq=100 ttl=61 time=229 ms
64 bytes from aaaa::212:7406:6:606: icmp_seq=101 ttl=61 time=274 ms
64 bytes from aaaa::212:7406:6:606: icmp_seq=102 ttl=61 time=180 ms
64 bytes from aaaa::212:7406:6:606: icmp_seq=104 ttl=61 time=382 ms
64 bytes from aaaa::212:7406:6:606: icmp_seq=105 ttl=61 time=296 ms
64 bytes from aaaa::212:7406:6:606: icmp_seq=106 ttl=61 time=1271 ms
64 bytes from aaaa::212:7406:6:606: icmp_seq=107 ttl=61 time=588 ms
64 bytes from aaaa::212:7406:6:606: icmp_seq=108 ttl=61 time=170 ms
64 bytes from aaaa::212:7406:6:606: icmp_seq=109 ttl=61 time=135 ms
64 bytes from aaaa::212:7406:6:606: icmp_seq=110 ttl=61 time=359 ms
64 bytes from aaaa::212:7406:6:606: icmp_seq=113 ttl=61 time=187 ms
64 bytes from aaaa::212:7406:6:606: icmp_seq=114 ttl=61 time=268 ms
64 bytes from aaaa::212:7406:6:606: icmp_seq=115 ttl=61 time=247 ms
64 bytes from aaaa::212:7406:6:606: icmp_seq=116 ttl=61 time=178 ms
64 bytes from aaaa::212:7406:6:606: icmp_seq=117 ttl=61 time=243 ms
64 bytes from aaaa::212:7406:6:606: icmp_seq=118 ttl=61 time=1292 ms
64 bytes from aaaa::212:7406:6:606: icmp_seq=119 ttl=61 time=319 ms
64 bytes from aaaa::212:7406:6:606: icmp_seq=120 ttl=61 time=384 ms
64 bytes from aaaa::212:7406:6:606: icmp_seq=121 ttl=61 time=588 ms
64 bytes from aaaa::212:7406:6:606: icmp_seq=122 ttl=61 time=368 ms
64 bytes from aaaa::212:7406:6:606: icmp_seq=123 ttl=61 time=871 ms
64 bytes from aaaa::212:7406:6:606: icmp_seq=124 ttl=60 time=1804 ms
64 bytes from aaaa::212:7406:6:606: icmp_seq=128 ttl=61 time=660 ms
64 bytes from aaaa::212:7406:6:606: icmp_seq=129 ttl=61 time=303 ms
64 bytes from aaaa::212:7406:6:606: icmp_seq=130 ttl=61 time=360 ms
64 bytes from aaaa::212:7406:6:606: icmp_seq=131 ttl=61 time=271 ms
64 bytes from aaaa::212:7406:6:606: icmp_seq=132 ttl=61 time=545 ms
64 bytes from aaaa::212:7406:6:606: icmp_seq=133 ttl=61 time=435 ms
64 bytes from aaaa::212:7406:6:606: icmp_seq=134 ttl=61 time=1812 ms
64 bytes from aaaa::212:7406:6:606: icmp_seq=139 ttl=61 time=380 ms
64 bytes from aaaa::212:7406:6:606: icmp_seq=161 ttl=61 time=432 ms
64 bytes from aaaa::212:7406:6:606: icmp_seq=164 ttl=61 time=238 ms
64 bytes from aaaa::212:7406:6:606: icmp_seq=167 ttl=61 time=1042 ms
64 bytes from aaaa::212:7406:6:606: icmp_seq=168 ttl=61 time=899 ms
64 bytes from aaaa::212:7406:6:606: icmp_seq=169 ttl=61 time=418 ms
64 bytes from aaaa::212:7406:6:606: icmp_seq=170 ttl=61 time=336 ms
64 bytes from aaaa::212:7406:6:606: icmp_seq=171 ttl=61 time=247 ms
64 bytes from aaaa::212:7406:6:606: icmp_seq=172 ttl=61 time=1186 ms
64 bytes from aaaa::212:7406:6:606: icmp_seq=173 ttl=61 time=1305 ms
64 bytes from aaaa::212:7406:6:606: icmp_seq=174 ttl=61 time=379 ms
64 bytes from aaaa::212:7406:6:606: icmp_seq=175 ttl=61 time=173 ms
64 bytes from aaaa::212:7406:6:606: icmp_seq=179 ttl=61 time=383 ms
64 bytes from aaaa::212:7406:6:606: icmp_seq=180 ttl=61 time=508 ms
64 bytes from aaaa::212:7406:6:606: icmp_seq=181 ttl=61 time=254 ms
64 bytes from aaaa::212:7406:6:606: icmp_seq=183 ttl=61 time=348 ms
64 bytes from aaaa::212:7406:6:606: icmp_seq=184 ttl=61 time=343 ms
64 bytes from aaaa::212:7406:6:606: icmp_seq=185 ttl=61 time=308 ms
64 bytes from aaaa::212:7406:6:606: icmp_seq=186 ttl=61 time=163 ms
64 bytes from aaaa::212:7406:6:606: icmp_seq=188 ttl=61 time=1127 ms
64 bytes from aaaa::212:7406:6:606: icmp_seq=189 ttl=61 time=300 ms
64 bytes from aaaa::212:7406:6:606: icmp_seq=190 ttl=61 time=241 ms
64 bytes from aaaa::212:7406:6:606: icmp_seq=191 ttl=61 time=299 ms
64 bytes from aaaa::212:7406:6:606: icmp_seq=192 ttl=61 time=225 ms
64 bytes from aaaa::212:7406:6:606: icmp_seq=195 ttl=61 time=844 ms
64 bytes from aaaa::212:7406:6:606: icmp_seq=196 ttl=61 time=189 ms
64 bytes from aaaa::212:7406:6:606: icmp_seq=197 ttl=61 time=342 ms
64 bytes from aaaa::212:7406:6:606: icmp_seq=198 ttl=61 time=175 ms
64 bytes from aaaa::212:7406:6:606: icmp_seq=199 ttl=61 time=493 ms
64 bytes from aaaa::212:7406:6:606: icmp_seq=200 ttl=61 time=450 ms

--- aaaa::212:7406:6:606 ping statistics ---
200 packets transmitted, 127 received, 36% packet loss, time 1005357ms
rtt min/avg/max/mdev = 135.212/510.744/2153.667/393.657 ms
