PING aaaa::212:7402:2:202(aaaa::212:7402:2:202) 56 data bytes
64 bytes from aaaa::212:7402:2:202: icmp_seq=1 ttl=62 time=396 ms
64 bytes from aaaa::212:7402:2:202: icmp_seq=3 ttl=62 time=112 ms
64 bytes from aaaa::212:7402:2:202: icmp_seq=9 ttl=62 time=987 ms
64 bytes from aaaa::212:7402:2:202: icmp_seq=11 ttl=62 time=277 ms
64 bytes from aaaa::212:7402:2:202: icmp_seq=12 ttl=62 time=129 ms
64 bytes from aaaa::212:7402:2:202: icmp_seq=13 ttl=62 time=257 ms
64 bytes from aaaa::212:7402:2:202: icmp_seq=14 ttl=62 time=188 ms
64 bytes from aaaa::212:7402:2:202: icmp_seq=17 ttl=62 time=141 ms
64 bytes from aaaa::212:7402:2:202: icmp_seq=18 ttl=62 time=240 ms
64 bytes from aaaa::212:7402:2:202: icmp_seq=19 ttl=62 time=173 ms
64 bytes from aaaa::212:7402:2:202: icmp_seq=20 ttl=62 time=289 ms
64 bytes from aaaa::212:7402:2:202: icmp_seq=22 ttl=62 time=1783 ms
64 bytes from aaaa::212:7402:2:202: icmp_seq=23 ttl=62 time=145 ms
64 bytes from aaaa::212:7402:2:202: icmp_seq=24 ttl=62 time=194 ms
64 bytes from aaaa::212:7402:2:202: icmp_seq=25 ttl=62 time=110 ms
64 bytes from aaaa::212:7402:2:202: icmp_seq=26 ttl=62 time=429 ms
64 bytes from aaaa::212:7402:2:202: icmp_seq=27 ttl=62 time=129 ms
64 bytes from aaaa::212:7402:2:202: icmp_seq=28 ttl=62 time=90.2 ms
64 bytes from aaaa::212:7402:2:202: icmp_seq=29 ttl=62 time=109 ms
64 bytes from aaaa::212:7402:2:202: icmp_seq=30 ttl=62 time=85.7 ms
64 bytes from aaaa::212:7402:2:202: icmp_seq=31 ttl=62 time=1504 ms
64 bytes from aaaa::212:7402:2:202: icmp_seq=33 ttl=62 time=982 ms
64 bytes from aaaa::212:7402:2:202: icmp_seq=34 ttl=62 time=136 ms
64 bytes from aaaa::212:7402:2:202: icmp_seq=35 ttl=62 time=148 ms
64 bytes from aaaa::212:7402:2:202: icmp_seq=36 ttl=62 time=77.1 ms
64 bytes from aaaa::212:7402:2:202: icmp_seq=37 ttl=61 time=639 ms
64 bytes from aaaa::212:7402:2:202: icmp_seq=39 ttl=62 time=869 ms
64 bytes from aaaa::212:7402:2:202: icmp_seq=40 ttl=62 time=230 ms
64 bytes from aaaa::212:7402:2:202: icmp_seq=41 ttl=62 time=100 ms
64 bytes from aaaa::212:7402:2:202: icmp_seq=42 ttl=62 time=201 ms
64 bytes from aaaa::212:7402:2:202: icmp_seq=43 ttl=62 time=404 ms
64 bytes from aaaa::212:7402:2:202: icmp_seq=44 ttl=62 time=193 ms
64 bytes from aaaa::212:7402:2:202: icmp_seq=45 ttl=62 time=257 ms
64 bytes from aaaa::212:7402:2:202: icmp_seq=46 ttl=62 time=112 ms
64 bytes from aaaa::212:7402:2:202: icmp_seq=47 ttl=62 time=1047 ms
64 bytes from aaaa::212:7402:2:202: icmp_seq=48 ttl=62 time=159 ms
64 bytes from aaaa::212:7402:2:202: icmp_seq=49 ttl=62 time=240 ms
64 bytes from aaaa::212:7402:2:202: icmp_seq=53 ttl=62 time=431 ms
64 bytes from aaaa::212:7402:2:202: icmp_seq=54 ttl=62 time=106 ms
64 bytes from aaaa::212:7402:2:202: icmp_seq=55 ttl=62 time=169 ms
64 bytes from aaaa::212:7402:2:202: icmp_seq=56 ttl=62 time=145 ms
64 bytes from aaaa::212:7402:2:202: icmp_seq=57 ttl=62 time=617 ms
64 bytes from aaaa::212:7402:2:202: icmp_seq=58 ttl=62 time=840 ms
64 bytes from aaaa::212:7402:2:202: icmp_seq=59 ttl=62 time=184 ms
64 bytes from aaaa::212:7402:2:202: icmp_seq=60 ttl=62 time=563 ms
64 bytes from aaaa::212:7402:2:202: icmp_seq=61 ttl=62 time=1153 ms
64 bytes from aaaa::212:7402:2:202: icmp_seq=62 ttl=62 time=200 ms
64 bytes from aaaa::212:7402:2:202: icmp_seq=63 ttl=62 time=132 ms
64 bytes from aaaa::212:7402:2:202: icmp_seq=65 ttl=62 time=346 ms
64 bytes from aaaa::212:7402:2:202: icmp_seq=68 ttl=62 time=257 ms
64 bytes from aaaa::212:7402:2:202: icmp_seq=69 ttl=62 time=267 ms
64 bytes from aaaa::212:7402:2:202: icmp_seq=70 ttl=62 time=435 ms
64 bytes from aaaa::212:7402:2:202: icmp_seq=71 ttl=62 time=1024 ms
64 bytes from aaaa::212:7402:2:202: icmp_seq=72 ttl=62 time=316 ms
64 bytes from aaaa::212:7402:2:202: icmp_seq=73 ttl=62 time=228 ms
64 bytes from aaaa::212:7402:2:202: icmp_seq=74 ttl=62 time=407 ms
64 bytes from aaaa::212:7402:2:202: icmp_seq=79 ttl=62 time=367 ms
64 bytes from aaaa::212:7402:2:202: icmp_seq=80 ttl=62 time=155 ms
64 bytes from aaaa::212:7402:2:202: icmp_seq=83 ttl=62 time=190 ms
64 bytes from aaaa::212:7402:2:202: icmp_seq=85 ttl=62 time=235 ms
64 bytes from aaaa::212:7402:2:202: icmp_seq=102 ttl=62 time=245 ms
64 bytes from aaaa::212:7402:2:202: icmp_seq=103 ttl=62 time=100 ms
64 bytes from aaaa::212:7402:2:202: icmp_seq=105 ttl=62 time=261 ms
64 bytes from aaaa::212:7402:2:202: icmp_seq=106 ttl=62 time=124 ms
64 bytes from aaaa::212:7402:2:202: icmp_seq=108 ttl=62 time=692 ms
64 bytes from aaaa::212:7402:2:202: icmp_seq=109 ttl=62 time=305 ms
64 bytes from aaaa::212:7402:2:202: icmp_seq=110 ttl=62 time=625 ms
64 bytes from aaaa::212:7402:2:202: icmp_seq=111 ttl=62 time=514 ms
64 bytes from aaaa::212:7402:2:202: icmp_seq=112 ttl=62 time=337 ms
64 bytes from aaaa::212:7402:2:202: icmp_seq=113 ttl=62 time=420 ms
64 bytes from aaaa::212:7402:2:202: icmp_seq=114 ttl=62 time=1072 ms
64 bytes from aaaa::212:7402:2:202: icmp_seq=115 ttl=62 time=159 ms
64 bytes from aaaa::212:7402:2:202: icmp_seq=116 ttl=62 time=93.9 ms
64 bytes from aaaa::212:7402:2:202: icmp_seq=117 ttl=62 time=491 ms
64 bytes from aaaa::212:7402:2:202: icmp_seq=118 ttl=62 time=1917 ms
64 bytes from aaaa::212:7402:2:202: icmp_seq=119 ttl=62 time=636 ms
64 bytes from aaaa::212:7402:2:202: icmp_seq=120 ttl=62 time=197 ms
64 bytes from aaaa::212:7402:2:202: icmp_seq=121 ttl=62 time=270 ms
64 bytes from aaaa::212:7402:2:202: icmp_seq=122 ttl=62 time=105 ms
64 bytes from aaaa::212:7402:2:202: icmp_seq=123 ttl=62 time=166 ms
64 bytes from aaaa::212:7402:2:202: icmp_seq=124 ttl=62 time=956 ms
64 bytes from aaaa::212:7402:2:202: icmp_seq=130 ttl=62 time=331 ms
64 bytes from aaaa::212:7402:2:202: icmp_seq=140 ttl=62 time=217 ms
64 bytes from aaaa::212:7402:2:202: icmp_seq=142 ttl=62 time=444 ms
64 bytes from aaaa::212:7402:2:202: icmp_seq=143 ttl=62 time=345 ms
64 bytes from aaaa::212:7402:2:202: icmp_seq=145 ttl=62 time=306 ms
64 bytes from aaaa::212:7402:2:202: icmp_seq=146 ttl=62 time=722 ms
64 bytes from aaaa::212:7402:2:202: icmp_seq=153 ttl=62 time=431 ms
64 bytes from aaaa::212:7402:2:202: icmp_seq=156 ttl=62 time=432 ms
64 bytes from aaaa::212:7402:2:202: icmp_seq=157 ttl=62 time=1023 ms
64 bytes from aaaa::212:7402:2:202: icmp_seq=159 ttl=62 time=273 ms
64 bytes from aaaa::212:7402:2:202: icmp_seq=160 ttl=62 time=222 ms
64 bytes from aaaa::212:7402:2:202: icmp_seq=161 ttl=62 time=267 ms
64 bytes from aaaa::212:7402:2:202: icmp_seq=162 ttl=62 time=217 ms
64 bytes from aaaa::212:7402:2:202: icmp_seq=163 ttl=62 time=680 ms
64 bytes from aaaa::212:7402:2:202: icmp_seq=169 ttl=62 time=481 ms
64 bytes from aaaa::212:7402:2:202: icmp_seq=175 ttl=62 time=502 ms
64 bytes from aaaa::212:7402:2:202: icmp_seq=176 ttl=62 time=317 ms
64 bytes from aaaa::212:7402:2:202: icmp_seq=177 ttl=62 time=273 ms
64 bytes from aaaa::212:7402:2:202: icmp_seq=178 ttl=62 time=851 ms
64 bytes from aaaa::212:7402:2:202: icmp_seq=179 ttl=62 time=216 ms
64 bytes from aaaa::212:7402:2:202: icmp_seq=180 ttl=62 time=544 ms
64 bytes from aaaa::212:7402:2:202: icmp_seq=181 ttl=62 time=269 ms
64 bytes from aaaa::212:7402:2:202: icmp_seq=182 ttl=62 time=141 ms
64 bytes from aaaa::212:7402:2:202: icmp_seq=184 ttl=62 time=528 ms
64 bytes from aaaa::212:7402:2:202: icmp_seq=186 ttl=62 time=543 ms
64 bytes from aaaa::212:7402:2:202: icmp_seq=187 ttl=62 time=211 ms
64 bytes from aaaa::212:7402:2:202: icmp_seq=190 ttl=62 time=187 ms
64 bytes from aaaa::212:7402:2:202: icmp_seq=191 ttl=62 time=424 ms
64 bytes from aaaa::212:7402:2:202: icmp_seq=192 ttl=62 time=288 ms
64 bytes from aaaa::212:7402:2:202: icmp_seq=193 ttl=62 time=96.8 ms
64 bytes from aaaa::212:7402:2:202: icmp_seq=194 ttl=62 time=734 ms
64 bytes from aaaa::212:7402:2:202: icmp_seq=195 ttl=62 time=875 ms
64 bytes from aaaa::212:7402:2:202: icmp_seq=196 ttl=62 time=162 ms
64 bytes from aaaa::212:7402:2:202: icmp_seq=197 ttl=62 time=701 ms
64 bytes from aaaa::212:7402:2:202: icmp_seq=198 ttl=62 time=131 ms
64 bytes from aaaa::212:7402:2:202: icmp_seq=199 ttl=62 time=278 ms
64 bytes from aaaa::212:7402:2:202: icmp_seq=200 ttl=62 time=299 ms

--- aaaa::212:7402:2:202 ping statistics ---
200 packets transmitted, 118 received, 41% packet loss, time 1006231ms
rtt min/avg/max/mdev = 77.131/398.558/1917.495/339.926 ms
