PING aaaa::212:740a:a:a0a(aaaa::212:740a:a:a0a) 56 data bytes
64 bytes from aaaa::212:740a:a:a0a: icmp_seq=1 ttl=60 time=402 ms
64 bytes from aaaa::212:740a:a:a0a: icmp_seq=5 ttl=60 time=544 ms
64 bytes from aaaa::212:740a:a:a0a: icmp_seq=8 ttl=60 time=1344 ms
64 bytes from aaaa::212:740a:a:a0a: icmp_seq=9 ttl=60 time=306 ms
64 bytes from aaaa::212:740a:a:a0a: icmp_seq=10 ttl=60 time=232 ms
64 bytes from aaaa::212:740a:a:a0a: icmp_seq=11 ttl=60 time=711 ms
64 bytes from aaaa::212:740a:a:a0a: icmp_seq=12 ttl=60 time=299 ms
64 bytes from aaaa::212:740a:a:a0a: icmp_seq=13 ttl=60 time=884 ms
64 bytes from aaaa::212:740a:a:a0a: icmp_seq=14 ttl=60 time=1378 ms
64 bytes from aaaa::212:740a:a:a0a: icmp_seq=16 ttl=60 time=632 ms
64 bytes from aaaa::212:740a:a:a0a: icmp_seq=17 ttl=60 time=277 ms
64 bytes from aaaa::212:740a:a:a0a: icmp_seq=19 ttl=60 time=2916 ms
64 bytes from aaaa::212:740a:a:a0a: icmp_seq=20 ttl=60 time=321 ms
64 bytes from aaaa::212:740a:a:a0a: icmp_seq=21 ttl=60 time=812 ms
64 bytes from aaaa::212:740a:a:a0a: icmp_seq=22 ttl=60 time=365 ms
64 bytes from aaaa::212:740a:a:a0a: icmp_seq=23 ttl=60 time=1219 ms
64 bytes from aaaa::212:740a:a:a0a: icmp_seq=26 ttl=60 time=366 ms
64 bytes from aaaa::212:740a:a:a0a: icmp_seq=27 ttl=60 time=477 ms
64 bytes from aaaa::212:740a:a:a0a: icmp_seq=39 ttl=60 time=613 ms
64 bytes from aaaa::212:740a:a:a0a: icmp_seq=48 ttl=60 time=1028 ms
64 bytes from aaaa::212:740a:a:a0a: icmp_seq=57 ttl=60 time=795 ms
64 bytes from aaaa::212:740a:a:a0a: icmp_seq=59 ttl=60 time=723 ms
64 bytes from aaaa::212:740a:a:a0a: icmp_seq=60 ttl=60 time=676 ms
64 bytes from aaaa::212:740a:a:a0a: icmp_seq=61 ttl=60 time=719 ms
64 bytes from aaaa::212:740a:a:a0a: icmp_seq=62 ttl=60 time=533 ms
64 bytes from aaaa::212:740a:a:a0a: icmp_seq=63 ttl=60 time=654 ms
64 bytes from aaaa::212:740a:a:a0a: icmp_seq=64 ttl=60 time=532 ms
64 bytes from aaaa::212:740a:a:a0a: icmp_seq=66 ttl=60 time=192 ms
64 bytes from aaaa::212:740a:a:a0a: icmp_seq=67 ttl=60 time=658 ms
64 bytes from aaaa::212:740a:a:a0a: icmp_seq=68 ttl=60 time=439 ms
64 bytes from aaaa::212:740a:a:a0a: icmp_seq=70 ttl=60 time=708 ms
64 bytes from aaaa::212:740a:a:a0a: icmp_seq=71 ttl=60 time=337 ms
64 bytes from aaaa::212:740a:a:a0a: icmp_seq=72 ttl=60 time=284 ms
64 bytes from aaaa::212:740a:a:a0a: icmp_seq=73 ttl=60 time=457 ms
64 bytes from aaaa::212:740a:a:a0a: icmp_seq=75 ttl=60 time=399 ms
64 bytes from aaaa::212:740a:a:a0a: icmp_seq=80 ttl=60 time=452 ms
64 bytes from aaaa::212:740a:a:a0a: icmp_seq=81 ttl=60 time=401 ms
64 bytes from aaaa::212:740a:a:a0a: icmp_seq=82 ttl=60 time=585 ms
64 bytes from aaaa::212:740a:a:a0a: icmp_seq=83 ttl=60 time=772 ms
64 bytes from aaaa::212:740a:a:a0a: icmp_seq=87 ttl=60 time=508 ms
64 bytes from aaaa::212:740a:a:a0a: icmp_seq=88 ttl=60 time=438 ms
64 bytes from aaaa::212:740a:a:a0a: icmp_seq=89 ttl=60 time=366 ms
64 bytes from aaaa::212:740a:a:a0a: icmp_seq=90 ttl=60 time=700 ms
64 bytes from aaaa::212:740a:a:a0a: icmp_seq=91 ttl=60 time=1083 ms
64 bytes from aaaa::212:740a:a:a0a: icmp_seq=92 ttl=60 time=1047 ms
64 bytes from aaaa::212:740a:a:a0a: icmp_seq=93 ttl=60 time=299 ms
64 bytes from aaaa::212:740a:a:a0a: icmp_seq=94 ttl=60 time=814 ms
64 bytes from aaaa::212:740a:a:a0a: icmp_seq=95 ttl=60 time=272 ms
64 bytes from aaaa::212:740a:a:a0a: icmp_seq=99 ttl=60 time=1092 ms
64 bytes from aaaa::212:740a:a:a0a: icmp_seq=100 ttl=60 time=313 ms
64 bytes from aaaa::212:740a:a:a0a: icmp_seq=103 ttl=60 time=448 ms
64 bytes from aaaa::212:740a:a:a0a: icmp_seq=104 ttl=60 time=299 ms
64 bytes from aaaa::212:740a:a:a0a: icmp_seq=105 ttl=60 time=574 ms
64 bytes from aaaa::212:740a:a:a0a: icmp_seq=106 ttl=60 time=637 ms
64 bytes from aaaa::212:740a:a:a0a: icmp_seq=107 ttl=60 time=411 ms
64 bytes from aaaa::212:740a:a:a0a: icmp_seq=108 ttl=60 time=371 ms
64 bytes from aaaa::212:740a:a:a0a: icmp_seq=109 ttl=60 time=244 ms
64 bytes from aaaa::212:740a:a:a0a: icmp_seq=111 ttl=60 time=671 ms
64 bytes from aaaa::212:740a:a:a0a: icmp_seq=112 ttl=60 time=403 ms
64 bytes from aaaa::212:740a:a:a0a: icmp_seq=113 ttl=60 time=1721 ms
64 bytes from aaaa::212:740a:a:a0a: icmp_seq=114 ttl=60 time=351 ms
64 bytes from aaaa::212:740a:a:a0a: icmp_seq=126 ttl=60 time=443 ms
64 bytes from aaaa::212:740a:a:a0a: icmp_seq=129 ttl=60 time=456 ms
64 bytes from aaaa::212:740a:a:a0a: icmp_seq=130 ttl=60 time=424 ms
64 bytes from aaaa::212:740a:a:a0a: icmp_seq=134 ttl=60 time=517 ms
64 bytes from aaaa::212:740a:a:a0a: icmp_seq=135 ttl=60 time=921 ms
64 bytes from aaaa::212:740a:a:a0a: icmp_seq=136 ttl=60 time=347 ms
64 bytes from aaaa::212:740a:a:a0a: icmp_seq=137 ttl=60 time=337 ms
64 bytes from aaaa::212:740a:a:a0a: icmp_seq=138 ttl=60 time=324 ms
64 bytes from aaaa::212:740a:a:a0a: icmp_seq=147 ttl=60 time=719 ms
64 bytes from aaaa::212:740a:a:a0a: icmp_seq=148 ttl=60 time=460 ms
64 bytes from aaaa::212:740a:a:a0a: icmp_seq=152 ttl=60 time=1186 ms
64 bytes from aaaa::212:740a:a:a0a: icmp_seq=153 ttl=60 time=583 ms
64 bytes from aaaa::212:740a:a:a0a: icmp_seq=154 ttl=60 time=209 ms
64 bytes from aaaa::212:740a:a:a0a: icmp_seq=158 ttl=60 time=509 ms
64 bytes from aaaa::212:740a:a:a0a: icmp_seq=159 ttl=60 time=397 ms
64 bytes from aaaa::212:740a:a:a0a: icmp_seq=167 ttl=60 time=540 ms
64 bytes from aaaa::212:740a:a:a0a: icmp_seq=172 ttl=60 time=732 ms
64 bytes from aaaa::212:740a:a:a0a: icmp_seq=173 ttl=60 time=345 ms
64 bytes from aaaa::212:740a:a:a0a: icmp_seq=174 ttl=60 time=447 ms
64 bytes from aaaa::212:740a:a:a0a: icmp_seq=175 ttl=60 time=346 ms
64 bytes from aaaa::212:740a:a:a0a: icmp_seq=177 ttl=60 time=474 ms
64 bytes from aaaa::212:740a:a:a0a: icmp_seq=178 ttl=60 time=607 ms
64 bytes from aaaa::212:740a:a:a0a: icmp_seq=179 ttl=60 time=386 ms
64 bytes from aaaa::212:740a:a:a0a: icmp_seq=180 ttl=60 time=323 ms
64 bytes from aaaa::212:740a:a:a0a: icmp_seq=181 ttl=60 time=538 ms
64 bytes from aaaa::212:740a:a:a0a: icmp_seq=182 ttl=60 time=781 ms
64 bytes from aaaa::212:740a:a:a0a: icmp_seq=185 ttl=60 time=455 ms
64 bytes from aaaa::212:740a:a:a0a: icmp_seq=186 ttl=60 time=1233 ms
64 bytes from aaaa::212:740a:a:a0a: icmp_seq=187 ttl=60 time=771 ms
64 bytes from aaaa::212:740a:a:a0a: icmp_seq=188 ttl=60 time=342 ms
64 bytes from aaaa::212:740a:a:a0a: icmp_seq=189 ttl=60 time=508 ms
64 bytes from aaaa::212:740a:a:a0a: icmp_seq=190 ttl=60 time=277 ms
64 bytes from aaaa::212:740a:a:a0a: icmp_seq=191 ttl=60 time=264 ms
64 bytes from aaaa::212:740a:a:a0a: icmp_seq=193 ttl=60 time=1059 ms
64 bytes from aaaa::212:740a:a:a0a: icmp_seq=194 ttl=60 time=930 ms
64 bytes from aaaa::212:740a:a:a0a: icmp_seq=195 ttl=60 time=605 ms
64 bytes from aaaa::212:740a:a:a0a: icmp_seq=196 ttl=60 time=418 ms
64 bytes from aaaa::212:740a:a:a0a: icmp_seq=199 ttl=60 time=717 ms
64 bytes from aaaa::212:740a:a:a0a: icmp_seq=200 ttl=60 time=232 ms

--- aaaa::212:740a:a:a0a ping statistics ---
200 packets transmitted, 100 received, 50% packet loss, time 1008216ms
rtt min/avg/max/mdev = 192.170/597.150/2916.846/372.423 ms
