PING aaaa::212:7409:9:909(aaaa::212:7409:9:909) 56 data bytes
64 bytes from aaaa::212:7409:9:909: icmp_seq=3 ttl=61 time=340 ms
64 bytes from aaaa::212:7409:9:909: icmp_seq=5 ttl=61 time=363 ms
64 bytes from aaaa::212:7409:9:909: icmp_seq=7 ttl=61 time=243 ms
64 bytes from aaaa::212:7409:9:909: icmp_seq=8 ttl=61 time=875 ms
64 bytes from aaaa::212:7409:9:909: icmp_seq=10 ttl=61 time=209 ms
64 bytes from aaaa::212:7409:9:909: icmp_seq=12 ttl=61 time=177 ms
64 bytes from aaaa::212:7409:9:909: icmp_seq=19 ttl=61 time=714 ms
64 bytes from aaaa::212:7409:9:909: icmp_seq=20 ttl=61 time=352 ms
64 bytes from aaaa::212:7409:9:909: icmp_seq=22 ttl=61 time=1091 ms
64 bytes from aaaa::212:7409:9:909: icmp_seq=23 ttl=61 time=534 ms
64 bytes from aaaa::212:7409:9:909: icmp_seq=25 ttl=61 time=400 ms
64 bytes from aaaa::212:7409:9:909: icmp_seq=29 ttl=61 time=2038 ms
64 bytes from aaaa::212:7409:9:909: icmp_seq=40 ttl=61 time=402 ms
64 bytes from aaaa::212:7409:9:909: icmp_seq=41 ttl=61 time=343 ms
64 bytes from aaaa::212:7409:9:909: icmp_seq=42 ttl=61 time=425 ms
64 bytes from aaaa::212:7409:9:909: icmp_seq=43 ttl=61 time=219 ms
64 bytes from aaaa::212:7409:9:909: icmp_seq=45 ttl=61 time=1059 ms
64 bytes from aaaa::212:7409:9:909: icmp_seq=46 ttl=61 time=342 ms
64 bytes from aaaa::212:7409:9:909: icmp_seq=47 ttl=61 time=280 ms
64 bytes from aaaa::212:7409:9:909: icmp_seq=48 ttl=61 time=606 ms
64 bytes from aaaa::212:7409:9:909: icmp_seq=50 ttl=61 time=1466 ms
64 bytes from aaaa::212:7409:9:909: icmp_seq=52 ttl=61 time=338 ms
64 bytes from aaaa::212:7409:9:909: icmp_seq=53 ttl=61 time=928 ms
64 bytes from aaaa::212:7409:9:909: icmp_seq=56 ttl=61 time=997 ms
64 bytes from aaaa::212:7409:9:909: icmp_seq=57 ttl=61 time=725 ms
64 bytes from aaaa::212:7409:9:909: icmp_seq=59 ttl=61 time=1664 ms
64 bytes from aaaa::212:7409:9:909: icmp_seq=60 ttl=61 time=1476 ms
64 bytes from aaaa::212:7409:9:909: icmp_seq=61 ttl=61 time=232 ms
64 bytes from aaaa::212:7409:9:909: icmp_seq=63 ttl=61 time=1106 ms
64 bytes from aaaa::212:7409:9:909: icmp_seq=69 ttl=61 time=640 ms
64 bytes from aaaa::212:7409:9:909: icmp_seq=73 ttl=61 time=1468 ms
64 bytes from aaaa::212:7409:9:909: icmp_seq=74 ttl=61 time=1648 ms
64 bytes from aaaa::212:7409:9:909: icmp_seq=75 ttl=61 time=446 ms
64 bytes from aaaa::212:7409:9:909: icmp_seq=76 ttl=61 time=882 ms
64 bytes from aaaa::212:7409:9:909: icmp_seq=79 ttl=61 time=300 ms
64 bytes from aaaa::212:7409:9:909: icmp_seq=88 ttl=61 time=199 ms
64 bytes from aaaa::212:7409:9:909: icmp_seq=89 ttl=61 time=322 ms
64 bytes from aaaa::212:7409:9:909: icmp_seq=90 ttl=61 time=253 ms
64 bytes from aaaa::212:7409:9:909: icmp_seq=91 ttl=61 time=769 ms
64 bytes from aaaa::212:7409:9:909: icmp_seq=92 ttl=61 time=628 ms
64 bytes from aaaa::212:7409:9:909: icmp_seq=93 ttl=61 time=315 ms
64 bytes from aaaa::212:7409:9:909: icmp_seq=94 ttl=61 time=332 ms
64 bytes from aaaa::212:7409:9:909: icmp_seq=95 ttl=61 time=235 ms
64 bytes from aaaa::212:7409:9:909: icmp_seq=99 ttl=61 time=229 ms
64 bytes from aaaa::212:7409:9:909: icmp_seq=100 ttl=61 time=480 ms
64 bytes from aaaa::212:7409:9:909: icmp_seq=101 ttl=61 time=206 ms
64 bytes from aaaa::212:7409:9:909: icmp_seq=103 ttl=61 time=239 ms
64 bytes from aaaa::212:7409:9:909: icmp_seq=104 ttl=61 time=396 ms
64 bytes from aaaa::212:7409:9:909: icmp_seq=105 ttl=61 time=677 ms
64 bytes from aaaa::212:7409:9:909: icmp_seq=106 ttl=61 time=442 ms
64 bytes from aaaa::212:7409:9:909: icmp_seq=108 ttl=61 time=271 ms
64 bytes from aaaa::212:7409:9:909: icmp_seq=109 ttl=61 time=197 ms
64 bytes from aaaa::212:7409:9:909: icmp_seq=113 ttl=61 time=737 ms
64 bytes from aaaa::212:7409:9:909: icmp_seq=115 ttl=61 time=243 ms
64 bytes from aaaa::212:7409:9:909: icmp_seq=117 ttl=61 time=407 ms
64 bytes from aaaa::212:7409:9:909: icmp_seq=118 ttl=61 time=388 ms
64 bytes from aaaa::212:7409:9:909: icmp_seq=119 ttl=61 time=558 ms
64 bytes from aaaa::212:7409:9:909: icmp_seq=120 ttl=61 time=219 ms
64 bytes from aaaa::212:7409:9:909: icmp_seq=128 ttl=61 time=374 ms
64 bytes from aaaa::212:7409:9:909: icmp_seq=138 ttl=61 time=651 ms
64 bytes from aaaa::212:7409:9:909: icmp_seq=140 ttl=61 time=754 ms
64 bytes from aaaa::212:7409:9:909: icmp_seq=141 ttl=61 time=396 ms
64 bytes from aaaa::212:7409:9:909: icmp_seq=144 ttl=61 time=1201 ms
64 bytes from aaaa::212:7409:9:909: icmp_seq=145 ttl=61 time=471 ms
64 bytes from aaaa::212:7409:9:909: icmp_seq=146 ttl=61 time=464 ms
64 bytes from aaaa::212:7409:9:909: icmp_seq=147 ttl=61 time=367 ms
64 bytes from aaaa::212:7409:9:909: icmp_seq=148 ttl=61 time=200 ms
64 bytes from aaaa::212:7409:9:909: icmp_seq=149 ttl=61 time=243 ms
64 bytes from aaaa::212:7409:9:909: icmp_seq=150 ttl=61 time=192 ms
64 bytes from aaaa::212:7409:9:909: icmp_seq=151 ttl=61 time=217 ms
64 bytes from aaaa::212:7409:9:909: icmp_seq=152 ttl=61 time=1006 ms
64 bytes from aaaa::212:7409:9:909: icmp_seq=153 ttl=61 time=253 ms
64 bytes from aaaa::212:7409:9:909: icmp_seq=154 ttl=61 time=276 ms
64 bytes from aaaa::212:7409:9:909: icmp_seq=156 ttl=61 time=893 ms
64 bytes from aaaa::212:7409:9:909: icmp_seq=157 ttl=61 time=217 ms
64 bytes from aaaa::212:7409:9:909: icmp_seq=158 ttl=61 time=181 ms
64 bytes from aaaa::212:7409:9:909: icmp_seq=160 ttl=61 time=254 ms
64 bytes from aaaa::212:7409:9:909: icmp_seq=162 ttl=61 time=218 ms
64 bytes from aaaa::212:7409:9:909: icmp_seq=163 ttl=61 time=197 ms
64 bytes from aaaa::212:7409:9:909: icmp_seq=164 ttl=61 time=293 ms
64 bytes from aaaa::212:7409:9:909: icmp_seq=165 ttl=61 time=317 ms
64 bytes from aaaa::212:7409:9:909: icmp_seq=166 ttl=61 time=469 ms
64 bytes from aaaa::212:7409:9:909: icmp_seq=167 ttl=61 time=207 ms
64 bytes from aaaa::212:7409:9:909: icmp_seq=168 ttl=61 time=558 ms
64 bytes from aaaa::212:7409:9:909: icmp_seq=169 ttl=61 time=401 ms
64 bytes from aaaa::212:7409:9:909: icmp_seq=170 ttl=61 time=293 ms
64 bytes from aaaa::212:7409:9:909: icmp_seq=171 ttl=61 time=1566 ms
64 bytes from aaaa::212:7409:9:909: icmp_seq=172 ttl=61 time=721 ms
64 bytes from aaaa::212:7409:9:909: icmp_seq=173 ttl=61 time=393 ms
64 bytes from aaaa::212:7409:9:909: icmp_seq=175 ttl=61 time=447 ms
64 bytes from aaaa::212:7409:9:909: icmp_seq=176 ttl=61 time=207 ms
64 bytes from aaaa::212:7409:9:909: icmp_seq=178 ttl=61 time=397 ms
64 bytes from aaaa::212:7409:9:909: icmp_seq=179 ttl=61 time=318 ms
64 bytes from aaaa::212:7409:9:909: icmp_seq=180 ttl=61 time=612 ms
64 bytes from aaaa::212:7409:9:909: icmp_seq=181 ttl=61 time=572 ms
64 bytes from aaaa::212:7409:9:909: icmp_seq=190 ttl=61 time=309 ms
64 bytes from aaaa::212:7409:9:909: icmp_seq=193 ttl=61 time=852 ms
64 bytes from aaaa::212:7409:9:909: icmp_seq=196 ttl=61 time=862 ms
64 bytes from aaaa::212:7409:9:909: icmp_seq=197 ttl=61 time=340 ms
64 bytes from aaaa::212:7409:9:909: icmp_seq=198 ttl=61 time=908 ms
64 bytes from aaaa::212:7409:9:909: icmp_seq=199 ttl=61 time=615 ms
64 bytes from aaaa::212:7409:9:909: icmp_seq=200 ttl=61 time=415 ms

--- aaaa::212:7409:9:909 ping statistics ---
200 packets transmitted, 102 received, 49% packet loss, time 1008871ms
rtt min/avg/max/mdev = 177.505/541.368/2038.726/386.488 ms
