PING aaaa::212:7408:8:808(aaaa::212:7408:8:808) 56 data bytes
64 bytes from aaaa::212:7408:8:808: icmp_seq=1 ttl=62 time=276 ms
64 bytes from aaaa::212:7408:8:808: icmp_seq=4 ttl=62 time=213 ms
64 bytes from aaaa::212:7408:8:808: icmp_seq=5 ttl=62 time=379 ms
64 bytes from aaaa::212:7408:8:808: icmp_seq=6 ttl=62 time=1515 ms
64 bytes from aaaa::212:7408:8:808: icmp_seq=7 ttl=62 time=137 ms
64 bytes from aaaa::212:7408:8:808: icmp_seq=9 ttl=62 time=1487 ms
64 bytes from aaaa::212:7408:8:808: icmp_seq=10 ttl=62 time=368 ms
64 bytes from aaaa::212:7408:8:808: icmp_seq=11 ttl=62 time=180 ms
64 bytes from aaaa::212:7408:8:808: icmp_seq=12 ttl=62 time=268 ms
64 bytes from aaaa::212:7408:8:808: icmp_seq=13 ttl=62 time=1634 ms
64 bytes from aaaa::212:7408:8:808: icmp_seq=14 ttl=62 time=126 ms
64 bytes from aaaa::212:7408:8:808: icmp_seq=15 ttl=62 time=252 ms
64 bytes from aaaa::212:7408:8:808: icmp_seq=16 ttl=62 time=747 ms
64 bytes from aaaa::212:7408:8:808: icmp_seq=18 ttl=62 time=161 ms
64 bytes from aaaa::212:7408:8:808: icmp_seq=19 ttl=62 time=344 ms
64 bytes from aaaa::212:7408:8:808: icmp_seq=21 ttl=61 time=942 ms
64 bytes from aaaa::212:7408:8:808: icmp_seq=22 ttl=62 time=633 ms
64 bytes from aaaa::212:7408:8:808: icmp_seq=23 ttl=62 time=284 ms
64 bytes from aaaa::212:7408:8:808: icmp_seq=30 ttl=62 time=468 ms
64 bytes from aaaa::212:7408:8:808: icmp_seq=31 ttl=62 time=324 ms
64 bytes from aaaa::212:7408:8:808: icmp_seq=32 ttl=62 time=362 ms
64 bytes from aaaa::212:7408:8:808: icmp_seq=33 ttl=62 time=242 ms
64 bytes from aaaa::212:7408:8:808: icmp_seq=34 ttl=62 time=108 ms
64 bytes from aaaa::212:7408:8:808: icmp_seq=35 ttl=62 time=123 ms
64 bytes from aaaa::212:7408:8:808: icmp_seq=37 ttl=62 time=287 ms
64 bytes from aaaa::212:7408:8:808: icmp_seq=39 ttl=62 time=497 ms
64 bytes from aaaa::212:7408:8:808: icmp_seq=40 ttl=62 time=208 ms
64 bytes from aaaa::212:7408:8:808: icmp_seq=41 ttl=62 time=231 ms
64 bytes from aaaa::212:7408:8:808: icmp_seq=43 ttl=62 time=395 ms
64 bytes from aaaa::212:7408:8:808: icmp_seq=45 ttl=62 time=696 ms
64 bytes from aaaa::212:7408:8:808: icmp_seq=46 ttl=62 time=436 ms
64 bytes from aaaa::212:7408:8:808: icmp_seq=47 ttl=62 time=223 ms
64 bytes from aaaa::212:7408:8:808: icmp_seq=48 ttl=62 time=226 ms
64 bytes from aaaa::212:7408:8:808: icmp_seq=49 ttl=62 time=328 ms
64 bytes from aaaa::212:7408:8:808: icmp_seq=50 ttl=62 time=553 ms
64 bytes from aaaa::212:7408:8:808: icmp_seq=51 ttl=62 time=736 ms
64 bytes from aaaa::212:7408:8:808: icmp_seq=52 ttl=62 time=458 ms
64 bytes from aaaa::212:7408:8:808: icmp_seq=53 ttl=62 time=663 ms
64 bytes from aaaa::212:7408:8:808: icmp_seq=54 ttl=62 time=337 ms
64 bytes from aaaa::212:7408:8:808: icmp_seq=55 ttl=62 time=687 ms
64 bytes from aaaa::212:7408:8:808: icmp_seq=56 ttl=62 time=442 ms
64 bytes from aaaa::212:7408:8:808: icmp_seq=60 ttl=62 time=305 ms
64 bytes from aaaa::212:7408:8:808: icmp_seq=66 ttl=62 time=247 ms
64 bytes from aaaa::212:7408:8:808: icmp_seq=67 ttl=62 time=248 ms
64 bytes from aaaa::212:7408:8:808: icmp_seq=68 ttl=62 time=115 ms
64 bytes from aaaa::212:7408:8:808: icmp_seq=69 ttl=62 time=117 ms
64 bytes from aaaa::212:7408:8:808: icmp_seq=70 ttl=62 time=180 ms
64 bytes from aaaa::212:7408:8:808: icmp_seq=72 ttl=62 time=136 ms
64 bytes from aaaa::212:7408:8:808: icmp_seq=73 ttl=62 time=348 ms
64 bytes from aaaa::212:7408:8:808: icmp_seq=75 ttl=62 time=662 ms
64 bytes from aaaa::212:7408:8:808: icmp_seq=77 ttl=62 time=315 ms
64 bytes from aaaa::212:7408:8:808: icmp_seq=78 ttl=62 time=373 ms
64 bytes from aaaa::212:7408:8:808: icmp_seq=79 ttl=62 time=526 ms
64 bytes from aaaa::212:7408:8:808: icmp_seq=80 ttl=62 time=408 ms
64 bytes from aaaa::212:7408:8:808: icmp_seq=82 ttl=62 time=203 ms
64 bytes from aaaa::212:7408:8:808: icmp_seq=83 ttl=62 time=159 ms
64 bytes from aaaa::212:7408:8:808: icmp_seq=84 ttl=62 time=135 ms
64 bytes from aaaa::212:7408:8:808: icmp_seq=85 ttl=62 time=877 ms
64 bytes from aaaa::212:7408:8:808: icmp_seq=86 ttl=62 time=261 ms
64 bytes from aaaa::212:7408:8:808: icmp_seq=87 ttl=62 time=1339 ms
64 bytes from aaaa::212:7408:8:808: icmp_seq=88 ttl=62 time=441 ms
64 bytes from aaaa::212:7408:8:808: icmp_seq=89 ttl=62 time=217 ms
64 bytes from aaaa::212:7408:8:808: icmp_seq=90 ttl=62 time=263 ms
64 bytes from aaaa::212:7408:8:808: icmp_seq=91 ttl=62 time=175 ms
64 bytes from aaaa::212:7408:8:808: icmp_seq=92 ttl=62 time=159 ms
64 bytes from aaaa::212:7408:8:808: icmp_seq=94 ttl=62 time=124 ms
64 bytes from aaaa::212:7408:8:808: icmp_seq=95 ttl=62 time=691 ms
64 bytes from aaaa::212:7408:8:808: icmp_seq=110 ttl=62 time=344 ms
64 bytes from aaaa::212:7408:8:808: icmp_seq=114 ttl=62 time=404 ms
64 bytes from aaaa::212:7408:8:808: icmp_seq=118 ttl=61 time=662 ms
64 bytes from aaaa::212:7408:8:808: icmp_seq=119 ttl=61 time=151 ms
64 bytes from aaaa::212:7408:8:808: icmp_seq=120 ttl=61 time=230 ms
64 bytes from aaaa::212:7408:8:808: icmp_seq=122 ttl=62 time=1092 ms
64 bytes from aaaa::212:7408:8:808: icmp_seq=123 ttl=62 time=785 ms
64 bytes from aaaa::212:7408:8:808: icmp_seq=124 ttl=62 time=2147 ms
64 bytes from aaaa::212:7408:8:808: icmp_seq=126 ttl=62 time=152 ms
64 bytes from aaaa::212:7408:8:808: icmp_seq=127 ttl=62 time=133 ms
64 bytes from aaaa::212:7408:8:808: icmp_seq=128 ttl=62 time=124 ms
64 bytes from aaaa::212:7408:8:808: icmp_seq=129 ttl=62 time=112 ms
64 bytes from aaaa::212:7408:8:808: icmp_seq=130 ttl=62 time=167 ms
64 bytes from aaaa::212:7408:8:808: icmp_seq=131 ttl=62 time=285 ms
64 bytes from aaaa::212:7408:8:808: icmp_seq=132 ttl=62 time=162 ms
64 bytes from aaaa::212:7408:8:808: icmp_seq=133 ttl=62 time=311 ms
64 bytes from aaaa::212:7408:8:808: icmp_seq=134 ttl=62 time=323 ms
64 bytes from aaaa::212:7408:8:808: icmp_seq=135 ttl=62 time=135 ms
64 bytes from aaaa::212:7408:8:808: icmp_seq=136 ttl=62 time=117 ms
64 bytes from aaaa::212:7408:8:808: icmp_seq=137 ttl=62 time=151 ms
64 bytes from aaaa::212:7408:8:808: icmp_seq=139 ttl=62 time=692 ms
64 bytes from aaaa::212:7408:8:808: icmp_seq=140 ttl=62 time=135 ms
64 bytes from aaaa::212:7408:8:808: icmp_seq=141 ttl=62 time=863 ms
64 bytes from aaaa::212:7408:8:808: icmp_seq=142 ttl=62 time=490 ms
64 bytes from aaaa::212:7408:8:808: icmp_seq=143 ttl=62 time=131 ms
64 bytes from aaaa::212:7408:8:808: icmp_seq=144 ttl=62 time=728 ms
64 bytes from aaaa::212:7408:8:808: icmp_seq=149 ttl=62 time=156 ms
64 bytes from aaaa::212:7408:8:808: icmp_seq=150 ttl=62 time=155 ms
64 bytes from aaaa::212:7408:8:808: icmp_seq=157 ttl=62 time=1106 ms
64 bytes from aaaa::212:7408:8:808: icmp_seq=158 ttl=62 time=226 ms
64 bytes from aaaa::212:7408:8:808: icmp_seq=165 ttl=62 time=265 ms
64 bytes from aaaa::212:7408:8:808: icmp_seq=171 ttl=62 time=358 ms
64 bytes from aaaa::212:7408:8:808: icmp_seq=173 ttl=62 time=256 ms
64 bytes from aaaa::212:7408:8:808: icmp_seq=174 ttl=62 time=677 ms
64 bytes from aaaa::212:7408:8:808: icmp_seq=175 ttl=62 time=236 ms
64 bytes from aaaa::212:7408:8:808: icmp_seq=176 ttl=62 time=766 ms
64 bytes from aaaa::212:7408:8:808: icmp_seq=177 ttl=62 time=517 ms
64 bytes from aaaa::212:7408:8:808: icmp_seq=179 ttl=62 time=117 ms
64 bytes from aaaa::212:7408:8:808: icmp_seq=181 ttl=62 time=225 ms
64 bytes from aaaa::212:7408:8:808: icmp_seq=182 ttl=62 time=368 ms
64 bytes from aaaa::212:7408:8:808: icmp_seq=183 ttl=62 time=571 ms
64 bytes from aaaa::212:7408:8:808: icmp_seq=184 ttl=62 time=808 ms
64 bytes from aaaa::212:7408:8:808: icmp_seq=186 ttl=62 time=311 ms
64 bytes from aaaa::212:7408:8:808: icmp_seq=189 ttl=62 time=554 ms
64 bytes from aaaa::212:7408:8:808: icmp_seq=190 ttl=62 time=164 ms
64 bytes from aaaa::212:7408:8:808: icmp_seq=191 ttl=62 time=479 ms
64 bytes from aaaa::212:7408:8:808: icmp_seq=192 ttl=62 time=401 ms
64 bytes from aaaa::212:7408:8:808: icmp_seq=193 ttl=62 time=588 ms
64 bytes from aaaa::212:7408:8:808: icmp_seq=194 ttl=62 time=760 ms
64 bytes from aaaa::212:7408:8:808: icmp_seq=195 ttl=62 time=344 ms
64 bytes from aaaa::212:7408:8:808: icmp_seq=198 ttl=62 time=138 ms
64 bytes from aaaa::212:7408:8:808: icmp_seq=199 ttl=62 time=887 ms
64 bytes from aaaa::212:7408:8:808: icmp_seq=200 ttl=62 time=386 ms

--- aaaa::212:7408:8:808 ping statistics ---
200 packets transmitted, 120 received, 40% packet loss, time 1006521ms
rtt min/avg/max/mdev = 108.908/424.222/2147.822/345.870 ms
