PING aaaa::212:7403:3:303(aaaa::212:7403:3:303) 56 data bytes
64 bytes from aaaa::212:7403:3:303: icmp_seq=1 ttl=63 time=58.8 ms
64 bytes from aaaa::212:7403:3:303: icmp_seq=2 ttl=63 time=499 ms
64 bytes from aaaa::212:7403:3:303: icmp_seq=3 ttl=63 time=214 ms
64 bytes from aaaa::212:7403:3:303: icmp_seq=4 ttl=63 time=151 ms
64 bytes from aaaa::212:7403:3:303: icmp_seq=5 ttl=63 time=228 ms
64 bytes from aaaa::212:7403:3:303: icmp_seq=6 ttl=63 time=181 ms
64 bytes from aaaa::212:7403:3:303: icmp_seq=10 ttl=63 time=299 ms
64 bytes from aaaa::212:7403:3:303: icmp_seq=13 ttl=63 time=234 ms
64 bytes from aaaa::212:7403:3:303: icmp_seq=19 ttl=63 time=54.8 ms
64 bytes from aaaa::212:7403:3:303: icmp_seq=20 ttl=63 time=58.7 ms
64 bytes from aaaa::212:7403:3:303: icmp_seq=21 ttl=63 time=89.4 ms
64 bytes from aaaa::212:7403:3:303: icmp_seq=22 ttl=63 time=44.9 ms
64 bytes from aaaa::212:7403:3:303: icmp_seq=23 ttl=63 time=39.0 ms
64 bytes from aaaa::212:7403:3:303: icmp_seq=24 ttl=63 time=58.1 ms
64 bytes from aaaa::212:7403:3:303: icmp_seq=25 ttl=63 time=28.5 ms
64 bytes from aaaa::212:7403:3:303: icmp_seq=26 ttl=63 time=34.3 ms
64 bytes from aaaa::212:7403:3:303: icmp_seq=27 ttl=63 time=40.1 ms
64 bytes from aaaa::212:7403:3:303: icmp_seq=28 ttl=63 time=34.4 ms
64 bytes from aaaa::212:7403:3:303: icmp_seq=29 ttl=63 time=41.7 ms
64 bytes from aaaa::212:7403:3:303: icmp_seq=30 ttl=63 time=38.6 ms
64 bytes from aaaa::212:7403:3:303: icmp_seq=31 ttl=63 time=36.4 ms
64 bytes from aaaa::212:7403:3:303: icmp_seq=32 ttl=63 time=43.8 ms
64 bytes from aaaa::212:7403:3:303: icmp_seq=33 ttl=63 time=27.9 ms
64 bytes from aaaa::212:7403:3:303: icmp_seq=34 ttl=63 time=28.2 ms
64 bytes from aaaa::212:7403:3:303: icmp_seq=35 ttl=63 time=37.0 ms
64 bytes from aaaa::212:7403:3:303: icmp_seq=36 ttl=63 time=32.0 ms
64 bytes from aaaa::212:7403:3:303: icmp_seq=37 ttl=63 time=37.8 ms
64 bytes from aaaa::212:7403:3:303: icmp_seq=38 ttl=63 time=44.5 ms
64 bytes from aaaa::212:7403:3:303: icmp_seq=39 ttl=63 time=38.2 ms
64 bytes from aaaa::212:7403:3:303: icmp_seq=40 ttl=63 time=42.5 ms
64 bytes from aaaa::212:7403:3:303: icmp_seq=41 ttl=63 time=28.3 ms
64 bytes from aaaa::212:7403:3:303: icmp_seq=42 ttl=63 time=34.8 ms
64 bytes from aaaa::212:7403:3:303: icmp_seq=43 ttl=63 time=39.6 ms
64 bytes from aaaa::212:7403:3:303: icmp_seq=44 ttl=63 time=39.9 ms
64 bytes from aaaa::212:7403:3:303: icmp_seq=45 ttl=63 time=35.8 ms
64 bytes from aaaa::212:7403:3:303: icmp_seq=46 ttl=63 time=50.6 ms
64 bytes from aaaa::212:7403:3:303: icmp_seq=47 ttl=63 time=30.3 ms
64 bytes from aaaa::212:7403:3:303: icmp_seq=48 ttl=63 time=52.8 ms
64 bytes from aaaa::212:7403:3:303: icmp_seq=49 ttl=63 time=53.3 ms
64 bytes from aaaa::212:7403:3:303: icmp_seq=50 ttl=63 time=64.2 ms
64 bytes from aaaa::212:7403:3:303: icmp_seq=51 ttl=63 time=36.6 ms
64 bytes from aaaa::212:7403:3:303: icmp_seq=52 ttl=63 time=42.8 ms
64 bytes from aaaa::212:7403:3:303: icmp_seq=53 ttl=63 time=42.0 ms
64 bytes from aaaa::212:7403:3:303: icmp_seq=54 ttl=63 time=41.9 ms
64 bytes from aaaa::212:7403:3:303: icmp_seq=55 ttl=63 time=36.1 ms
64 bytes from aaaa::212:7403:3:303: icmp_seq=56 ttl=63 time=37.5 ms
64 bytes from aaaa::212:7403:3:303: icmp_seq=57 ttl=63 time=43.6 ms
64 bytes from aaaa::212:7403:3:303: icmp_seq=58 ttl=63 time=49.9 ms
64 bytes from aaaa::212:7403:3:303: icmp_seq=59 ttl=63 time=32.4 ms
64 bytes from aaaa::212:7403:3:303: icmp_seq=60 ttl=63 time=32.3 ms
64 bytes from aaaa::212:7403:3:303: icmp_seq=61 ttl=63 time=40.5 ms
64 bytes from aaaa::212:7403:3:303: icmp_seq=62 ttl=63 time=49.0 ms
64 bytes from aaaa::212:7403:3:303: icmp_seq=63 ttl=63 time=35.0 ms
64 bytes from aaaa::212:7403:3:303: icmp_seq=64 ttl=63 time=53.4 ms
64 bytes from aaaa::212:7403:3:303: icmp_seq=65 ttl=63 time=67.8 ms
64 bytes from aaaa::212:7403:3:303: icmp_seq=66 ttl=63 time=101 ms
64 bytes from aaaa::212:7403:3:303: icmp_seq=67 ttl=63 time=92.4 ms
64 bytes from aaaa::212:7403:3:303: icmp_seq=68 ttl=63 time=95.9 ms
64 bytes from aaaa::212:7403:3:303: icmp_seq=69 ttl=63 time=51.4 ms
64 bytes from aaaa::212:7403:3:303: icmp_seq=70 ttl=63 time=131 ms
64 bytes from aaaa::212:7403:3:303: icmp_seq=71 ttl=63 time=107 ms
64 bytes from aaaa::212:7403:3:303: icmp_seq=72 ttl=63 time=188 ms
64 bytes from aaaa::212:7403:3:303: icmp_seq=73 ttl=63 time=134 ms
64 bytes from aaaa::212:7403:3:303: icmp_seq=74 ttl=63 time=121 ms
64 bytes from aaaa::212:7403:3:303: icmp_seq=75 ttl=63 time=76.8 ms
64 bytes from aaaa::212:7403:3:303: icmp_seq=76 ttl=63 time=105 ms
64 bytes from aaaa::212:7403:3:303: icmp_seq=77 ttl=63 time=90.7 ms
64 bytes from aaaa::212:7403:3:303: icmp_seq=78 ttl=63 time=37.6 ms
64 bytes from aaaa::212:7403:3:303: icmp_seq=79 ttl=63 time=51.7 ms
64 bytes from aaaa::212:7403:3:303: icmp_seq=80 ttl=63 time=140 ms
64 bytes from aaaa::212:7403:3:303: icmp_seq=81 ttl=63 time=38.9 ms
64 bytes from aaaa::212:7403:3:303: icmp_seq=82 ttl=63 time=35.6 ms
64 bytes from aaaa::212:7403:3:303: icmp_seq=83 ttl=63 time=126 ms
64 bytes from aaaa::212:7403:3:303: icmp_seq=84 ttl=63 time=60.6 ms
64 bytes from aaaa::212:7403:3:303: icmp_seq=85 ttl=63 time=73.2 ms
64 bytes from aaaa::212:7403:3:303: icmp_seq=86 ttl=63 time=128 ms
64 bytes from aaaa::212:7403:3:303: icmp_seq=87 ttl=63 time=51.6 ms
64 bytes from aaaa::212:7403:3:303: icmp_seq=88 ttl=63 time=36.9 ms
64 bytes from aaaa::212:7403:3:303: icmp_seq=89 ttl=63 time=131 ms
64 bytes from aaaa::212:7403:3:303: icmp_seq=90 ttl=63 time=44.2 ms
64 bytes from aaaa::212:7403:3:303: icmp_seq=91 ttl=63 time=88.8 ms
64 bytes from aaaa::212:7403:3:303: icmp_seq=92 ttl=63 time=111 ms
64 bytes from aaaa::212:7403:3:303: icmp_seq=93 ttl=63 time=89.0 ms
64 bytes from aaaa::212:7403:3:303: icmp_seq=94 ttl=63 time=76.7 ms
64 bytes from aaaa::212:7403:3:303: icmp_seq=95 ttl=63 time=80.1 ms
64 bytes from aaaa::212:7403:3:303: icmp_seq=96 ttl=63 time=90.6 ms
64 bytes from aaaa::212:7403:3:303: icmp_seq=98 ttl=63 time=138 ms
64 bytes from aaaa::212:7403:3:303: icmp_seq=99 ttl=63 time=82.5 ms
64 bytes from aaaa::212:7403:3:303: icmp_seq=101 ttl=63 time=109 ms
64 bytes from aaaa::212:7403:3:303: icmp_seq=106 ttl=63 time=77.0 ms
64 bytes from aaaa::212:7403:3:303: icmp_seq=110 ttl=63 time=139 ms
64 bytes from aaaa::212:7403:3:303: icmp_seq=119 ttl=63 time=37.3 ms
64 bytes from aaaa::212:7403:3:303: icmp_seq=122 ttl=63 time=48.6 ms
64 bytes from aaaa::212:7403:3:303: icmp_seq=125 ttl=63 time=90.5 ms
64 bytes from aaaa::212:7403:3:303: icmp_seq=126 ttl=63 time=83.1 ms
64 bytes from aaaa::212:7403:3:303: icmp_seq=127 ttl=63 time=87.4 ms
64 bytes from aaaa::212:7403:3:303: icmp_seq=128 ttl=63 time=61.0 ms
64 bytes from aaaa::212:7403:3:303: icmp_seq=129 ttl=63 time=96.3 ms
64 bytes from aaaa::212:7403:3:303: icmp_seq=130 ttl=63 time=84.1 ms
64 bytes from aaaa::212:7403:3:303: icmp_seq=131 ttl=63 time=94.1 ms
64 bytes from aaaa::212:7403:3:303: icmp_seq=140 ttl=63 time=38.6 ms
64 bytes from aaaa::212:7403:3:303: icmp_seq=141 ttl=63 time=123 ms
64 bytes from aaaa::212:7403:3:303: icmp_seq=143 ttl=63 time=58.7 ms
64 bytes from aaaa::212:7403:3:303: icmp_seq=144 ttl=63 time=81.1 ms
64 bytes from aaaa::212:7403:3:303: icmp_seq=145 ttl=63 time=101 ms
64 bytes from aaaa::212:7403:3:303: icmp_seq=149 ttl=63 time=40.0 ms
64 bytes from aaaa::212:7403:3:303: icmp_seq=151 ttl=63 time=145 ms
64 bytes from aaaa::212:7403:3:303: icmp_seq=164 ttl=63 time=63.6 ms
64 bytes from aaaa::212:7403:3:303: icmp_seq=166 ttl=63 time=97.3 ms
64 bytes from aaaa::212:7403:3:303: icmp_seq=167 ttl=63 time=98.6 ms
64 bytes from aaaa::212:7403:3:303: icmp_seq=169 ttl=63 time=155 ms
64 bytes from aaaa::212:7403:3:303: icmp_seq=170 ttl=63 time=37.7 ms
64 bytes from aaaa::212:7403:3:303: icmp_seq=171 ttl=63 time=88.4 ms
64 bytes from aaaa::212:7403:3:303: icmp_seq=172 ttl=63 time=86.9 ms
64 bytes from aaaa::212:7403:3:303: icmp_seq=173 ttl=63 time=84.9 ms
64 bytes from aaaa::212:7403:3:303: icmp_seq=174 ttl=63 time=115 ms
64 bytes from aaaa::212:7403:3:303: icmp_seq=175 ttl=63 time=60.4 ms
64 bytes from aaaa::212:7403:3:303: icmp_seq=176 ttl=63 time=101 ms
64 bytes from aaaa::212:7403:3:303: icmp_seq=177 ttl=63 time=155 ms
64 bytes from aaaa::212:7403:3:303: icmp_seq=178 ttl=63 time=99.0 ms
64 bytes from aaaa::212:7403:3:303: icmp_seq=179 ttl=63 time=209 ms
64 bytes from aaaa::212:7403:3:303: icmp_seq=180 ttl=63 time=201 ms
64 bytes from aaaa::212:7403:3:303: icmp_seq=181 ttl=63 time=38.1 ms
64 bytes from aaaa::212:7403:3:303: icmp_seq=182 ttl=63 time=86.9 ms
64 bytes from aaaa::212:7403:3:303: icmp_seq=183 ttl=63 time=53.0 ms
64 bytes from aaaa::212:7403:3:303: icmp_seq=184 ttl=63 time=76.8 ms
64 bytes from aaaa::212:7403:3:303: icmp_seq=185 ttl=63 time=65.3 ms
64 bytes from aaaa::212:7403:3:303: icmp_seq=186 ttl=63 time=56.6 ms
64 bytes from aaaa::212:7403:3:303: icmp_seq=187 ttl=63 time=60.0 ms
64 bytes from aaaa::212:7403:3:303: icmp_seq=188 ttl=63 time=58.9 ms
64 bytes from aaaa::212:7403:3:303: icmp_seq=189 ttl=63 time=48.8 ms
64 bytes from aaaa::212:7403:3:303: icmp_seq=190 ttl=63 time=49.0 ms
64 bytes from aaaa::212:7403:3:303: icmp_seq=191 ttl=63 time=48.3 ms
64 bytes from aaaa::212:7403:3:303: icmp_seq=192 ttl=63 time=67.9 ms
64 bytes from aaaa::212:7403:3:303: icmp_seq=193 ttl=63 time=69.4 ms
64 bytes from aaaa::212:7403:3:303: icmp_seq=194 ttl=63 time=65.5 ms
64 bytes from aaaa::212:7403:3:303: icmp_seq=195 ttl=63 time=47.0 ms
64 bytes from aaaa::212:7403:3:303: icmp_seq=196 ttl=63 time=40.1 ms
64 bytes from aaaa::212:7403:3:303: icmp_seq=197 ttl=63 time=96.3 ms
64 bytes from aaaa::212:7403:3:303: icmp_seq=198 ttl=63 time=96.9 ms
64 bytes from aaaa::212:7403:3:303: icmp_seq=199 ttl=63 time=55.5 ms
64 bytes from aaaa::212:7403:3:303: icmp_seq=200 ttl=63 time=63.4 ms

--- aaaa::212:7403:3:303 ping statistics ---
200 packets transmitted, 142 received, 29% packet loss, time 1003976ms
rtt min/avg/max/mdev = 27.966/80.174/499.206/59.517 ms
