PING aaaa::212:7405:5:505(aaaa::212:7405:5:505) 56 data bytes
64 bytes from aaaa::212:7405:5:505: icmp_seq=5 ttl=62 time=707 ms
64 bytes from aaaa::212:7405:5:505: icmp_seq=6 ttl=62 time=954 ms
64 bytes from aaaa::212:7405:5:505: icmp_seq=7 ttl=62 time=503 ms
64 bytes from aaaa::212:7405:5:505: icmp_seq=8 ttl=62 time=315 ms
64 bytes from aaaa::212:7405:5:505: icmp_seq=9 ttl=62 time=692 ms
64 bytes from aaaa::212:7405:5:505: icmp_seq=10 ttl=62 time=494 ms
64 bytes from aaaa::212:7405:5:505: icmp_seq=11 ttl=62 time=699 ms
64 bytes from aaaa::212:7405:5:505: icmp_seq=12 ttl=62 time=606 ms
64 bytes from aaaa::212:7405:5:505: icmp_seq=13 ttl=62 time=593 ms
64 bytes from aaaa::212:7405:5:505: icmp_seq=14 ttl=62 time=905 ms
64 bytes from aaaa::212:7405:5:505: icmp_seq=16 ttl=62 time=1069 ms
64 bytes from aaaa::212:7405:5:505: icmp_seq=17 ttl=62 time=594 ms
64 bytes from aaaa::212:7405:5:505: icmp_seq=19 ttl=62 time=1674 ms
64 bytes from aaaa::212:7405:5:505: icmp_seq=21 ttl=62 time=386 ms
64 bytes from aaaa::212:7405:5:505: icmp_seq=23 ttl=62 time=467 ms
64 bytes from aaaa::212:7405:5:505: icmp_seq=25 ttl=62 time=763 ms
64 bytes from aaaa::212:7405:5:505: icmp_seq=26 ttl=62 time=1077 ms
64 bytes from aaaa::212:7405:5:505: icmp_seq=27 ttl=62 time=895 ms
64 bytes from aaaa::212:7405:5:505: icmp_seq=29 ttl=62 time=1074 ms
64 bytes from aaaa::212:7405:5:505: icmp_seq=30 ttl=62 time=2624 ms
64 bytes from aaaa::212:7405:5:505: icmp_seq=31 ttl=62 time=627 ms
64 bytes from aaaa::212:7405:5:505: icmp_seq=32 ttl=62 time=2323 ms
64 bytes from aaaa::212:7405:5:505: icmp_seq=35 ttl=62 time=244 ms
64 bytes from aaaa::212:7405:5:505: icmp_seq=38 ttl=62 time=127 ms
64 bytes from aaaa::212:7405:5:505: icmp_seq=39 ttl=62 time=130 ms
64 bytes from aaaa::212:7405:5:505: icmp_seq=40 ttl=62 time=633 ms
64 bytes from aaaa::212:7405:5:505: icmp_seq=42 ttl=62 time=391 ms
64 bytes from aaaa::212:7405:5:505: icmp_seq=43 ttl=62 time=279 ms
64 bytes from aaaa::212:7405:5:505: icmp_seq=44 ttl=62 time=171 ms
64 bytes from aaaa::212:7405:5:505: icmp_seq=45 ttl=62 time=361 ms
64 bytes from aaaa::212:7405:5:505: icmp_seq=47 ttl=62 time=123 ms
64 bytes from aaaa::212:7405:5:505: icmp_seq=49 ttl=62 time=746 ms
64 bytes from aaaa::212:7405:5:505: icmp_seq=50 ttl=62 time=249 ms
64 bytes from aaaa::212:7405:5:505: icmp_seq=52 ttl=62 time=128 ms
64 bytes from aaaa::212:7405:5:505: icmp_seq=53 ttl=62 time=138 ms
64 bytes from aaaa::212:7405:5:505: icmp_seq=54 ttl=62 time=144 ms
64 bytes from aaaa::212:7405:5:505: icmp_seq=55 ttl=62 time=170 ms
64 bytes from aaaa::212:7405:5:505: icmp_seq=56 ttl=62 time=126 ms
64 bytes from aaaa::212:7405:5:505: icmp_seq=57 ttl=62 time=94.3 ms
64 bytes from aaaa::212:7405:5:505: icmp_seq=58 ttl=62 time=152 ms
64 bytes from aaaa::212:7405:5:505: icmp_seq=59 ttl=62 time=107 ms
64 bytes from aaaa::212:7405:5:505: icmp_seq=60 ttl=62 time=119 ms
64 bytes from aaaa::212:7405:5:505: icmp_seq=61 ttl=62 time=127 ms
64 bytes from aaaa::212:7405:5:505: icmp_seq=62 ttl=62 time=113 ms
64 bytes from aaaa::212:7405:5:505: icmp_seq=63 ttl=62 time=120 ms
64 bytes from aaaa::212:7405:5:505: icmp_seq=64 ttl=62 time=187 ms
64 bytes from aaaa::212:7405:5:505: icmp_seq=65 ttl=62 time=182 ms
64 bytes from aaaa::212:7405:5:505: icmp_seq=66 ttl=62 time=246 ms
64 bytes from aaaa::212:7405:5:505: icmp_seq=67 ttl=62 time=178 ms
64 bytes from aaaa::212:7405:5:505: icmp_seq=68 ttl=62 time=191 ms
64 bytes from aaaa::212:7405:5:505: icmp_seq=69 ttl=62 time=128 ms
64 bytes from aaaa::212:7405:5:505: icmp_seq=70 ttl=62 time=119 ms
64 bytes from aaaa::212:7405:5:505: icmp_seq=71 ttl=62 time=203 ms
64 bytes from aaaa::212:7405:5:505: icmp_seq=72 ttl=62 time=208 ms
64 bytes from aaaa::212:7405:5:505: icmp_seq=73 ttl=62 time=137 ms
64 bytes from aaaa::212:7405:5:505: icmp_seq=74 ttl=62 time=161 ms
64 bytes from aaaa::212:7405:5:505: icmp_seq=75 ttl=62 time=128 ms
64 bytes from aaaa::212:7405:5:505: icmp_seq=76 ttl=62 time=108 ms
64 bytes from aaaa::212:7405:5:505: icmp_seq=77 ttl=62 time=386 ms
64 bytes from aaaa::212:7405:5:505: icmp_seq=78 ttl=62 time=162 ms
64 bytes from aaaa::212:7405:5:505: icmp_seq=79 ttl=62 time=146 ms
64 bytes from aaaa::212:7405:5:505: icmp_seq=80 ttl=62 time=348 ms
64 bytes from aaaa::212:7405:5:505: icmp_seq=81 ttl=62 time=330 ms
64 bytes from aaaa::212:7405:5:505: icmp_seq=82 ttl=62 time=289 ms
64 bytes from aaaa::212:7405:5:505: icmp_seq=83 ttl=62 time=605 ms
64 bytes from aaaa::212:7405:5:505: icmp_seq=84 ttl=62 time=207 ms
64 bytes from aaaa::212:7405:5:505: icmp_seq=85 ttl=62 time=179 ms
64 bytes from aaaa::212:7405:5:505: icmp_seq=86 ttl=62 time=250 ms
64 bytes from aaaa::212:7405:5:505: icmp_seq=87 ttl=62 time=196 ms
64 bytes from aaaa::212:7405:5:505: icmp_seq=88 ttl=62 time=156 ms
64 bytes from aaaa::212:7405:5:505: icmp_seq=89 ttl=62 time=238 ms
64 bytes from aaaa::212:7405:5:505: icmp_seq=90 ttl=62 time=184 ms
64 bytes from aaaa::212:7405:5:505: icmp_seq=91 ttl=62 time=171 ms
64 bytes from aaaa::212:7405:5:505: icmp_seq=92 ttl=62 time=460 ms
64 bytes from aaaa::212:7405:5:505: icmp_seq=93 ttl=62 time=321 ms
64 bytes from aaaa::212:7405:5:505: icmp_seq=96 ttl=62 time=180 ms
64 bytes from aaaa::212:7405:5:505: icmp_seq=97 ttl=62 time=147 ms
64 bytes from aaaa::212:7405:5:505: icmp_seq=98 ttl=62 time=178 ms
64 bytes from aaaa::212:7405:5:505: icmp_seq=102 ttl=62 time=401 ms
64 bytes from aaaa::212:7405:5:505: icmp_seq=103 ttl=62 time=239 ms
64 bytes from aaaa::212:7405:5:505: icmp_seq=104 ttl=62 time=1263 ms
64 bytes from aaaa::212:7405:5:505: icmp_seq=105 ttl=62 time=136 ms
64 bytes from aaaa::212:7405:5:505: icmp_seq=106 ttl=62 time=186 ms
64 bytes from aaaa::212:7405:5:505: icmp_seq=107 ttl=62 time=176 ms
64 bytes from aaaa::212:7405:5:505: icmp_seq=108 ttl=62 time=123 ms
64 bytes from aaaa::212:7405:5:505: icmp_seq=109 ttl=62 time=144 ms
64 bytes from aaaa::212:7405:5:505: icmp_seq=110 ttl=62 time=225 ms
64 bytes from aaaa::212:7405:5:505: icmp_seq=111 ttl=62 time=265 ms
64 bytes from aaaa::212:7405:5:505: icmp_seq=112 ttl=62 time=229 ms
64 bytes from aaaa::212:7405:5:505: icmp_seq=113 ttl=62 time=336 ms
64 bytes from aaaa::212:7405:5:505: icmp_seq=114 ttl=62 time=138 ms
64 bytes from aaaa::212:7405:5:505: icmp_seq=115 ttl=62 time=223 ms
64 bytes from aaaa::212:7405:5:505: icmp_seq=116 ttl=62 time=202 ms
64 bytes from aaaa::212:7405:5:505: icmp_seq=118 ttl=62 time=349 ms
64 bytes from aaaa::212:7405:5:505: icmp_seq=119 ttl=62 time=384 ms
64 bytes from aaaa::212:7405:5:505: icmp_seq=120 ttl=62 time=220 ms
64 bytes from aaaa::212:7405:5:505: icmp_seq=121 ttl=62 time=502 ms
64 bytes from aaaa::212:7405:5:505: icmp_seq=122 ttl=62 time=323 ms
64 bytes from aaaa::212:7405:5:505: icmp_seq=123 ttl=62 time=349 ms
64 bytes from aaaa::212:7405:5:505: icmp_seq=124 ttl=62 time=326 ms
64 bytes from aaaa::212:7405:5:505: icmp_seq=125 ttl=62 time=219 ms
64 bytes from aaaa::212:7405:5:505: icmp_seq=126 ttl=62 time=142 ms
64 bytes from aaaa::212:7405:5:505: icmp_seq=127 ttl=62 time=136 ms
64 bytes from aaaa::212:7405:5:505: icmp_seq=128 ttl=62 time=120 ms
64 bytes from aaaa::212:7405:5:505: icmp_seq=129 ttl=62 time=168 ms
64 bytes from aaaa::212:7405:5:505: icmp_seq=130 ttl=62 time=149 ms
64 bytes from aaaa::212:7405:5:505: icmp_seq=131 ttl=62 time=170 ms
64 bytes from aaaa::212:7405:5:505: icmp_seq=132 ttl=62 time=183 ms
64 bytes from aaaa::212:7405:5:505: icmp_seq=134 ttl=62 time=234 ms
64 bytes from aaaa::212:7405:5:505: icmp_seq=135 ttl=62 time=181 ms
64 bytes from aaaa::212:7405:5:505: icmp_seq=136 ttl=62 time=312 ms
64 bytes from aaaa::212:7405:5:505: icmp_seq=137 ttl=62 time=235 ms
64 bytes from aaaa::212:7405:5:505: icmp_seq=138 ttl=62 time=176 ms
64 bytes from aaaa::212:7405:5:505: icmp_seq=139 ttl=62 time=178 ms
64 bytes from aaaa::212:7405:5:505: icmp_seq=140 ttl=62 time=211 ms
64 bytes from aaaa::212:7405:5:505: icmp_seq=141 ttl=62 time=296 ms
64 bytes from aaaa::212:7405:5:505: icmp_seq=142 ttl=62 time=212 ms
64 bytes from aaaa::212:7405:5:505: icmp_seq=143 ttl=62 time=252 ms
64 bytes from aaaa::212:7405:5:505: icmp_seq=144 ttl=62 time=226 ms
64 bytes from aaaa::212:7405:5:505: icmp_seq=145 ttl=62 time=207 ms
64 bytes from aaaa::212:7405:5:505: icmp_seq=146 ttl=62 time=176 ms
64 bytes from aaaa::212:7405:5:505: icmp_seq=147 ttl=62 time=145 ms
64 bytes from aaaa::212:7405:5:505: icmp_seq=148 ttl=62 time=170 ms
64 bytes from aaaa::212:7405:5:505: icmp_seq=149 ttl=62 time=125 ms
64 bytes from aaaa::212:7405:5:505: icmp_seq=150 ttl=62 time=131 ms
64 bytes from aaaa::212:7405:5:505: icmp_seq=151 ttl=62 time=136 ms
64 bytes from aaaa::212:7405:5:505: icmp_seq=152 ttl=62 time=132 ms
64 bytes from aaaa::212:7405:5:505: icmp_seq=153 ttl=62 time=122 ms
64 bytes from aaaa::212:7405:5:505: icmp_seq=154 ttl=62 time=146 ms
64 bytes from aaaa::212:7405:5:505: icmp_seq=155 ttl=62 time=216 ms
64 bytes from aaaa::212:7405:5:505: icmp_seq=156 ttl=62 time=409 ms
64 bytes from aaaa::212:7405:5:505: icmp_seq=157 ttl=62 time=148 ms
64 bytes from aaaa::212:7405:5:505: icmp_seq=158 ttl=62 time=372 ms
64 bytes from aaaa::212:7405:5:505: icmp_seq=159 ttl=62 time=250 ms
64 bytes from aaaa::212:7405:5:505: icmp_seq=161 ttl=62 time=306 ms
64 bytes from aaaa::212:7405:5:505: icmp_seq=162 ttl=62 time=548 ms
64 bytes from aaaa::212:7405:5:505: icmp_seq=163 ttl=62 time=116 ms
64 bytes from aaaa::212:7405:5:505: icmp_seq=164 ttl=62 time=272 ms
64 bytes from aaaa::212:7405:5:505: icmp_seq=165 ttl=62 time=334 ms
64 bytes from aaaa::212:7405:5:505: icmp_seq=166 ttl=62 time=191 ms
64 bytes from aaaa::212:7405:5:505: icmp_seq=167 ttl=62 time=372 ms
64 bytes from aaaa::212:7405:5:505: icmp_seq=168 ttl=62 time=448 ms
64 bytes from aaaa::212:7405:5:505: icmp_seq=169 ttl=62 time=184 ms
64 bytes from aaaa::212:7405:5:505: icmp_seq=170 ttl=62 time=151 ms
64 bytes from aaaa::212:7405:5:505: icmp_seq=171 ttl=62 time=2057 ms
64 bytes from aaaa::212:7405:5:505: icmp_seq=173 ttl=62 time=1891 ms
64 bytes from aaaa::212:7405:5:505: icmp_seq=174 ttl=62 time=287 ms
64 bytes from aaaa::212:7405:5:505: icmp_seq=175 ttl=62 time=347 ms
64 bytes from aaaa::212:7405:5:505: icmp_seq=177 ttl=62 time=486 ms
64 bytes from aaaa::212:7405:5:505: icmp_seq=178 ttl=62 time=980 ms
64 bytes from aaaa::212:7405:5:505: icmp_seq=179 ttl=62 time=517 ms
64 bytes from aaaa::212:7405:5:505: icmp_seq=180 ttl=62 time=1693 ms
64 bytes from aaaa::212:7405:5:505: icmp_seq=182 ttl=62 time=822 ms
64 bytes from aaaa::212:7405:5:505: icmp_seq=183 ttl=62 time=142 ms
64 bytes from aaaa::212:7405:5:505: icmp_seq=184 ttl=62 time=119 ms
64 bytes from aaaa::212:7405:5:505: icmp_seq=185 ttl=62 time=151 ms
64 bytes from aaaa::212:7405:5:505: icmp_seq=186 ttl=62 time=132 ms
64 bytes from aaaa::212:7405:5:505: icmp_seq=187 ttl=62 time=149 ms
64 bytes from aaaa::212:7405:5:505: icmp_seq=188 ttl=62 time=180 ms
64 bytes from aaaa::212:7405:5:505: icmp_seq=189 ttl=62 time=251 ms
64 bytes from aaaa::212:7405:5:505: icmp_seq=190 ttl=62 time=170 ms
64 bytes from aaaa::212:7405:5:505: icmp_seq=191 ttl=62 time=153 ms
64 bytes from aaaa::212:7405:5:505: icmp_seq=192 ttl=62 time=159 ms
64 bytes from aaaa::212:7405:5:505: icmp_seq=193 ttl=62 time=195 ms
64 bytes from aaaa::212:7405:5:505: icmp_seq=194 ttl=62 time=346 ms
64 bytes from aaaa::212:7405:5:505: icmp_seq=195 ttl=62 time=168 ms
64 bytes from aaaa::212:7405:5:505: icmp_seq=196 ttl=62 time=143 ms
64 bytes from aaaa::212:7405:5:505: icmp_seq=197 ttl=62 time=159 ms
64 bytes from aaaa::212:7405:5:505: icmp_seq=198 ttl=62 time=179 ms
64 bytes from aaaa::212:7405:5:505: icmp_seq=199 ttl=62 time=202 ms
64 bytes from aaaa::212:7405:5:505: icmp_seq=200 ttl=62 time=135 ms

--- aaaa::212:7405:5:505 ping statistics ---
200 packets transmitted, 171 received, 14% packet loss, time 999625ms
rtt min/avg/max/mdev = 94.391/356.632/2624.923/396.611 ms
