PING aaaa::212:740b:b:b0b(aaaa::212:740b:b:b0b) 56 data bytes
64 bytes from aaaa::212:740b:b:b0b: icmp_seq=6 ttl=61 time=751 ms
64 bytes from aaaa::212:740b:b:b0b: icmp_seq=26 ttl=61 time=2063 ms
64 bytes from aaaa::212:740b:b:b0b: icmp_seq=32 ttl=61 time=1754 ms
64 bytes from aaaa::212:740b:b:b0b: icmp_seq=33 ttl=61 time=468 ms
64 bytes from aaaa::212:740b:b:b0b: icmp_seq=34 ttl=61 time=520 ms
64 bytes from aaaa::212:740b:b:b0b: icmp_seq=35 ttl=61 time=590 ms
64 bytes from aaaa::212:740b:b:b0b: icmp_seq=36 ttl=61 time=331 ms
64 bytes from aaaa::212:740b:b:b0b: icmp_seq=40 ttl=61 time=487 ms
64 bytes from aaaa::212:740b:b:b0b: icmp_seq=41 ttl=61 time=281 ms
64 bytes from aaaa::212:740b:b:b0b: icmp_seq=43 ttl=61 time=681 ms
64 bytes from aaaa::212:740b:b:b0b: icmp_seq=44 ttl=61 time=231 ms
64 bytes from aaaa::212:740b:b:b0b: icmp_seq=50 ttl=61 time=202 ms
64 bytes from aaaa::212:740b:b:b0b: icmp_seq=52 ttl=61 time=214 ms
64 bytes from aaaa::212:740b:b:b0b: icmp_seq=53 ttl=61 time=571 ms
64 bytes from aaaa::212:740b:b:b0b: icmp_seq=55 ttl=61 time=197 ms
64 bytes from aaaa::212:740b:b:b0b: icmp_seq=57 ttl=61 time=449 ms
64 bytes from aaaa::212:740b:b:b0b: icmp_seq=75 ttl=61 time=245 ms
64 bytes from aaaa::212:740b:b:b0b: icmp_seq=76 ttl=61 time=231 ms
64 bytes from aaaa::212:740b:b:b0b: icmp_seq=77 ttl=61 time=276 ms
64 bytes from aaaa::212:740b:b:b0b: icmp_seq=79 ttl=61 time=293 ms
64 bytes from aaaa::212:740b:b:b0b: icmp_seq=80 ttl=61 time=325 ms
64 bytes from aaaa::212:740b:b:b0b: icmp_seq=83 ttl=61 time=200 ms
64 bytes from aaaa::212:740b:b:b0b: icmp_seq=84 ttl=61 time=470 ms
64 bytes from aaaa::212:740b:b:b0b: icmp_seq=85 ttl=61 time=405 ms
64 bytes from aaaa::212:740b:b:b0b: icmp_seq=86 ttl=61 time=285 ms
64 bytes from aaaa::212:740b:b:b0b: icmp_seq=87 ttl=61 time=588 ms
64 bytes from aaaa::212:740b:b:b0b: icmp_seq=96 ttl=61 time=215 ms
64 bytes from aaaa::212:740b:b:b0b: icmp_seq=97 ttl=61 time=231 ms
64 bytes from aaaa::212:740b:b:b0b: icmp_seq=98 ttl=61 time=358 ms
64 bytes from aaaa::212:740b:b:b0b: icmp_seq=103 ttl=61 time=328 ms
64 bytes from aaaa::212:740b:b:b0b: icmp_seq=105 ttl=61 time=223 ms
64 bytes from aaaa::212:740b:b:b0b: icmp_seq=108 ttl=61 time=211 ms
64 bytes from aaaa::212:740b:b:b0b: icmp_seq=110 ttl=61 time=186 ms
64 bytes from aaaa::212:740b:b:b0b: icmp_seq=111 ttl=61 time=194 ms
64 bytes from aaaa::212:740b:b:b0b: icmp_seq=113 ttl=61 time=763 ms
64 bytes from aaaa::212:740b:b:b0b: icmp_seq=117 ttl=61 time=256 ms
64 bytes from aaaa::212:740b:b:b0b: icmp_seq=120 ttl=61 time=244 ms
64 bytes from aaaa::212:740b:b:b0b: icmp_seq=130 ttl=61 time=366 ms
64 bytes from aaaa::212:740b:b:b0b: icmp_seq=131 ttl=61 time=314 ms
64 bytes from aaaa::212:740b:b:b0b: icmp_seq=133 ttl=61 time=666 ms
64 bytes from aaaa::212:740b:b:b0b: icmp_seq=134 ttl=61 time=315 ms
64 bytes from aaaa::212:740b:b:b0b: icmp_seq=137 ttl=61 time=232 ms
64 bytes from aaaa::212:740b:b:b0b: icmp_seq=138 ttl=61 time=299 ms
64 bytes from aaaa::212:740b:b:b0b: icmp_seq=140 ttl=61 time=295 ms
64 bytes from aaaa::212:740b:b:b0b: icmp_seq=141 ttl=61 time=290 ms
64 bytes from aaaa::212:740b:b:b0b: icmp_seq=143 ttl=61 time=253 ms
64 bytes from aaaa::212:740b:b:b0b: icmp_seq=145 ttl=61 time=308 ms
64 bytes from aaaa::212:740b:b:b0b: icmp_seq=146 ttl=61 time=292 ms
64 bytes from aaaa::212:740b:b:b0b: icmp_seq=147 ttl=61 time=243 ms
64 bytes from aaaa::212:740b:b:b0b: icmp_seq=149 ttl=61 time=223 ms
64 bytes from aaaa::212:740b:b:b0b: icmp_seq=150 ttl=61 time=388 ms
64 bytes from aaaa::212:740b:b:b0b: icmp_seq=152 ttl=61 time=291 ms
64 bytes from aaaa::212:740b:b:b0b: icmp_seq=154 ttl=61 time=476 ms
64 bytes from aaaa::212:740b:b:b0b: icmp_seq=155 ttl=61 time=581 ms
64 bytes from aaaa::212:740b:b:b0b: icmp_seq=156 ttl=61 time=477 ms
64 bytes from aaaa::212:740b:b:b0b: icmp_seq=158 ttl=61 time=320 ms
64 bytes from aaaa::212:740b:b:b0b: icmp_seq=160 ttl=61 time=260 ms
64 bytes from aaaa::212:740b:b:b0b: icmp_seq=162 ttl=61 time=199 ms
64 bytes from aaaa::212:740b:b:b0b: icmp_seq=163 ttl=61 time=275 ms
64 bytes from aaaa::212:740b:b:b0b: icmp_seq=166 ttl=61 time=190 ms
64 bytes from aaaa::212:740b:b:b0b: icmp_seq=167 ttl=61 time=614 ms
64 bytes from aaaa::212:740b:b:b0b: icmp_seq=171 ttl=61 time=1532 ms
64 bytes from aaaa::212:740b:b:b0b: icmp_seq=173 ttl=61 time=1442 ms
64 bytes from aaaa::212:740b:b:b0b: icmp_seq=175 ttl=61 time=1909 ms
64 bytes from aaaa::212:740b:b:b0b: icmp_seq=178 ttl=61 time=1369 ms
64 bytes from aaaa::212:740b:b:b0b: icmp_seq=181 ttl=61 time=614 ms
64 bytes from aaaa::212:740b:b:b0b: icmp_seq=183 ttl=61 time=1262 ms
64 bytes from aaaa::212:740b:b:b0b: icmp_seq=187 ttl=61 time=364 ms
64 bytes from aaaa::212:740b:b:b0b: icmp_seq=189 ttl=61 time=449 ms
64 bytes from aaaa::212:740b:b:b0b: icmp_seq=190 ttl=61 time=352 ms
64 bytes from aaaa::212:740b:b:b0b: icmp_seq=191 ttl=61 time=327 ms
64 bytes from aaaa::212:740b:b:b0b: icmp_seq=193 ttl=61 time=538 ms
64 bytes from aaaa::212:740b:b:b0b: icmp_seq=194 ttl=61 time=971 ms
64 bytes from aaaa::212:740b:b:b0b: icmp_seq=197 ttl=61 time=280 ms
64 bytes from aaaa::212:740b:b:b0b: icmp_seq=199 ttl=61 time=234 ms

--- aaaa::212:740b:b:b0b ping statistics ---
200 packets transmitted, 75 received, 62% packet loss, time 1013020ms
rtt min/avg/max/mdev = 186.940/482.147/2063.906/406.342 ms
