PING aaaa::212:7404:4:404(aaaa::212:7404:4:404) 56 data bytes
64 bytes from aaaa::212:7404:4:404: icmp_seq=1 ttl=63 time=124 ms
64 bytes from aaaa::212:7404:4:404: icmp_seq=3 ttl=63 time=1347 ms
64 bytes from aaaa::212:7404:4:404: icmp_seq=4 ttl=63 time=880 ms
64 bytes from aaaa::212:7404:4:404: icmp_seq=9 ttl=63 time=277 ms
64 bytes from aaaa::212:7404:4:404: icmp_seq=15 ttl=63 time=631 ms
64 bytes from aaaa::212:7404:4:404: icmp_seq=18 ttl=63 time=432 ms
64 bytes from aaaa::212:7404:4:404: icmp_seq=27 ttl=63 time=692 ms
64 bytes from aaaa::212:7404:4:404: icmp_seq=28 ttl=63 time=696 ms
64 bytes from aaaa::212:7404:4:404: icmp_seq=29 ttl=63 time=1888 ms
64 bytes from aaaa::212:7404:4:404: icmp_seq=30 ttl=63 time=733 ms
64 bytes from aaaa::212:7404:4:404: icmp_seq=31 ttl=63 time=858 ms
64 bytes from aaaa::212:7404:4:404: icmp_seq=32 ttl=63 time=390 ms
64 bytes from aaaa::212:7404:4:404: icmp_seq=34 ttl=63 time=57.3 ms
64 bytes from aaaa::212:7404:4:404: icmp_seq=35 ttl=63 time=275 ms
64 bytes from aaaa::212:7404:4:404: icmp_seq=36 ttl=63 time=97.3 ms
64 bytes from aaaa::212:7404:4:404: icmp_seq=37 ttl=63 time=51.1 ms
64 bytes from aaaa::212:7404:4:404: icmp_seq=38 ttl=63 time=47.9 ms
64 bytes from aaaa::212:7404:4:404: icmp_seq=39 ttl=63 time=48.9 ms
64 bytes from aaaa::212:7404:4:404: icmp_seq=41 ttl=63 time=72.2 ms
64 bytes from aaaa::212:7404:4:404: icmp_seq=42 ttl=63 time=61.6 ms
64 bytes from aaaa::212:7404:4:404: icmp_seq=43 ttl=63 time=48.8 ms
64 bytes from aaaa::212:7404:4:404: icmp_seq=44 ttl=63 time=65.3 ms
64 bytes from aaaa::212:7404:4:404: icmp_seq=45 ttl=63 time=59.9 ms
64 bytes from aaaa::212:7404:4:404: icmp_seq=46 ttl=63 time=70.4 ms
64 bytes from aaaa::212:7404:4:404: icmp_seq=47 ttl=63 time=132 ms
64 bytes from aaaa::212:7404:4:404: icmp_seq=48 ttl=63 time=38.1 ms
64 bytes from aaaa::212:7404:4:404: icmp_seq=50 ttl=63 time=54.5 ms
64 bytes from aaaa::212:7404:4:404: icmp_seq=51 ttl=63 time=60.8 ms
64 bytes from aaaa::212:7404:4:404: icmp_seq=52 ttl=63 time=82.5 ms
64 bytes from aaaa::212:7404:4:404: icmp_seq=53 ttl=63 time=49.3 ms
64 bytes from aaaa::212:7404:4:404: icmp_seq=54 ttl=63 time=47.7 ms
64 bytes from aaaa::212:7404:4:404: icmp_seq=55 ttl=63 time=68.0 ms
64 bytes from aaaa::212:7404:4:404: icmp_seq=56 ttl=63 time=106 ms
64 bytes from aaaa::212:7404:4:404: icmp_seq=57 ttl=63 time=40.0 ms
64 bytes from aaaa::212:7404:4:404: icmp_seq=58 ttl=63 time=122 ms
64 bytes from aaaa::212:7404:4:404: icmp_seq=59 ttl=63 time=96.2 ms
64 bytes from aaaa::212:7404:4:404: icmp_seq=60 ttl=63 time=94.1 ms
64 bytes from aaaa::212:7404:4:404: icmp_seq=61 ttl=63 time=83.5 ms
64 bytes from aaaa::212:7404:4:404: icmp_seq=62 ttl=63 time=115 ms
64 bytes from aaaa::212:7404:4:404: icmp_seq=63 ttl=63 time=106 ms
64 bytes from aaaa::212:7404:4:404: icmp_seq=65 ttl=63 time=84.6 ms
64 bytes from aaaa::212:7404:4:404: icmp_seq=66 ttl=63 time=90.1 ms
64 bytes from aaaa::212:7404:4:404: icmp_seq=67 ttl=63 time=101 ms
64 bytes from aaaa::212:7404:4:404: icmp_seq=68 ttl=63 time=91.6 ms
64 bytes from aaaa::212:7404:4:404: icmp_seq=69 ttl=63 time=97.9 ms
64 bytes from aaaa::212:7404:4:404: icmp_seq=70 ttl=63 time=412 ms
64 bytes from aaaa::212:7404:4:404: icmp_seq=71 ttl=63 time=239 ms
64 bytes from aaaa::212:7404:4:404: icmp_seq=72 ttl=63 time=192 ms
64 bytes from aaaa::212:7404:4:404: icmp_seq=73 ttl=63 time=369 ms
64 bytes from aaaa::212:7404:4:404: icmp_seq=74 ttl=63 time=239 ms
64 bytes from aaaa::212:7404:4:404: icmp_seq=75 ttl=63 time=124 ms
64 bytes from aaaa::212:7404:4:404: icmp_seq=76 ttl=63 time=185 ms
64 bytes from aaaa::212:7404:4:404: icmp_seq=79 ttl=63 time=95.1 ms
64 bytes from aaaa::212:7404:4:404: icmp_seq=80 ttl=63 time=57.4 ms
64 bytes from aaaa::212:7404:4:404: icmp_seq=81 ttl=63 time=162 ms
64 bytes from aaaa::212:7404:4:404: icmp_seq=82 ttl=63 time=161 ms
64 bytes from aaaa::212:7404:4:404: icmp_seq=84 ttl=63 time=91.9 ms
64 bytes from aaaa::212:7404:4:404: icmp_seq=85 ttl=63 time=158 ms
64 bytes from aaaa::212:7404:4:404: icmp_seq=86 ttl=63 time=163 ms
64 bytes from aaaa::212:7404:4:404: icmp_seq=87 ttl=63 time=54.7 ms
64 bytes from aaaa::212:7404:4:404: icmp_seq=88 ttl=63 time=73.1 ms
64 bytes from aaaa::212:7404:4:404: icmp_seq=89 ttl=63 time=96.0 ms
64 bytes from aaaa::212:7404:4:404: icmp_seq=90 ttl=63 time=142 ms
64 bytes from aaaa::212:7404:4:404: icmp_seq=91 ttl=63 time=153 ms
64 bytes from aaaa::212:7404:4:404: icmp_seq=93 ttl=63 time=413 ms
64 bytes from aaaa::212:7404:4:404: icmp_seq=96 ttl=63 time=235 ms
64 bytes from aaaa::212:7404:4:404: icmp_seq=97 ttl=63 time=118 ms
64 bytes from aaaa::212:7404:4:404: icmp_seq=98 ttl=63 time=187 ms
64 bytes from aaaa::212:7404:4:404: icmp_seq=102 ttl=63 time=408 ms
64 bytes from aaaa::212:7404:4:404: icmp_seq=103 ttl=63 time=235 ms
64 bytes from aaaa::212:7404:4:404: icmp_seq=104 ttl=63 time=112 ms
64 bytes from aaaa::212:7404:4:404: icmp_seq=105 ttl=63 time=105 ms
64 bytes from aaaa::212:7404:4:404: icmp_seq=106 ttl=63 time=130 ms
64 bytes from aaaa::212:7404:4:404: icmp_seq=107 ttl=63 time=115 ms
64 bytes from aaaa::212:7404:4:404: icmp_seq=108 ttl=63 time=127 ms
64 bytes from aaaa::212:7404:4:404: icmp_seq=109 ttl=63 time=145 ms
64 bytes from aaaa::212:7404:4:404: icmp_seq=110 ttl=63 time=53.9 ms
64 bytes from aaaa::212:7404:4:404: icmp_seq=111 ttl=63 time=53.0 ms
64 bytes from aaaa::212:7404:4:404: icmp_seq=112 ttl=63 time=172 ms
64 bytes from aaaa::212:7404:4:404: icmp_seq=113 ttl=63 time=74.7 ms
64 bytes from aaaa::212:7404:4:404: icmp_seq=114 ttl=63 time=46.1 ms
64 bytes from aaaa::212:7404:4:404: icmp_seq=115 ttl=63 time=69.7 ms
64 bytes from aaaa::212:7404:4:404: icmp_seq=116 ttl=63 time=53.8 ms
64 bytes from aaaa::212:7404:4:404: icmp_seq=117 ttl=63 time=119 ms
64 bytes from aaaa::212:7404:4:404: icmp_seq=118 ttl=63 time=86.0 ms
64 bytes from aaaa::212:7404:4:404: icmp_seq=119 ttl=63 time=211 ms
64 bytes from aaaa::212:7404:4:404: icmp_seq=120 ttl=63 time=70.3 ms
64 bytes from aaaa::212:7404:4:404: icmp_seq=121 ttl=63 time=560 ms
64 bytes from aaaa::212:7404:4:404: icmp_seq=122 ttl=63 time=97.0 ms
64 bytes from aaaa::212:7404:4:404: icmp_seq=123 ttl=63 time=230 ms
64 bytes from aaaa::212:7404:4:404: icmp_seq=124 ttl=63 time=108 ms
64 bytes from aaaa::212:7404:4:404: icmp_seq=126 ttl=63 time=100 ms
64 bytes from aaaa::212:7404:4:404: icmp_seq=133 ttl=63 time=1091 ms
64 bytes from aaaa::212:7404:4:404: icmp_seq=134 ttl=63 time=404 ms
64 bytes from aaaa::212:7404:4:404: icmp_seq=135 ttl=63 time=227 ms
64 bytes from aaaa::212:7404:4:404: icmp_seq=136 ttl=63 time=434 ms
64 bytes from aaaa::212:7404:4:404: icmp_seq=137 ttl=63 time=153 ms
64 bytes from aaaa::212:7404:4:404: icmp_seq=138 ttl=63 time=277 ms
64 bytes from aaaa::212:7404:4:404: icmp_seq=142 ttl=63 time=294 ms
64 bytes from aaaa::212:7404:4:404: icmp_seq=146 ttl=63 time=62.6 ms
64 bytes from aaaa::212:7404:4:404: icmp_seq=147 ttl=63 time=202 ms
64 bytes from aaaa::212:7404:4:404: icmp_seq=148 ttl=63 time=143 ms
64 bytes from aaaa::212:7404:4:404: icmp_seq=149 ttl=63 time=80.7 ms
64 bytes from aaaa::212:7404:4:404: icmp_seq=150 ttl=63 time=88.3 ms
64 bytes from aaaa::212:7404:4:404: icmp_seq=156 ttl=63 time=100 ms
64 bytes from aaaa::212:7404:4:404: icmp_seq=157 ttl=63 time=56.4 ms
64 bytes from aaaa::212:7404:4:404: icmp_seq=158 ttl=63 time=60.9 ms
64 bytes from aaaa::212:7404:4:404: icmp_seq=159 ttl=63 time=136 ms
64 bytes from aaaa::212:7404:4:404: icmp_seq=160 ttl=63 time=106 ms
64 bytes from aaaa::212:7404:4:404: icmp_seq=161 ttl=63 time=69.0 ms
64 bytes from aaaa::212:7404:4:404: icmp_seq=162 ttl=63 time=128 ms
64 bytes from aaaa::212:7404:4:404: icmp_seq=163 ttl=63 time=91.1 ms
64 bytes from aaaa::212:7404:4:404: icmp_seq=164 ttl=63 time=46.4 ms
64 bytes from aaaa::212:7404:4:404: icmp_seq=165 ttl=63 time=63.3 ms
64 bytes from aaaa::212:7404:4:404: icmp_seq=166 ttl=63 time=135 ms
64 bytes from aaaa::212:7404:4:404: icmp_seq=167 ttl=63 time=126 ms
64 bytes from aaaa::212:7404:4:404: icmp_seq=168 ttl=63 time=104 ms
64 bytes from aaaa::212:7404:4:404: icmp_seq=169 ttl=63 time=235 ms
64 bytes from aaaa::212:7404:4:404: icmp_seq=170 ttl=63 time=580 ms
64 bytes from aaaa::212:7404:4:404: icmp_seq=178 ttl=63 time=230 ms
64 bytes from aaaa::212:7404:4:404: icmp_seq=179 ttl=63 time=824 ms
64 bytes from aaaa::212:7404:4:404: icmp_seq=180 ttl=63 time=180 ms
64 bytes from aaaa::212:7404:4:404: icmp_seq=181 ttl=63 time=414 ms
64 bytes from aaaa::212:7404:4:404: icmp_seq=182 ttl=63 time=91.2 ms
64 bytes from aaaa::212:7404:4:404: icmp_seq=183 ttl=63 time=109 ms
64 bytes from aaaa::212:7404:4:404: icmp_seq=184 ttl=63 time=127 ms
64 bytes from aaaa::212:7404:4:404: icmp_seq=185 ttl=63 time=236 ms
64 bytes from aaaa::212:7404:4:404: icmp_seq=186 ttl=63 time=112 ms
64 bytes from aaaa::212:7404:4:404: icmp_seq=187 ttl=63 time=88.3 ms
64 bytes from aaaa::212:7404:4:404: icmp_seq=188 ttl=63 time=270 ms
64 bytes from aaaa::212:7404:4:404: icmp_seq=189 ttl=63 time=143 ms
64 bytes from aaaa::212:7404:4:404: icmp_seq=190 ttl=63 time=95.0 ms
64 bytes from aaaa::212:7404:4:404: icmp_seq=191 ttl=63 time=96.6 ms
64 bytes from aaaa::212:7404:4:404: icmp_seq=192 ttl=63 time=47.5 ms
64 bytes from aaaa::212:7404:4:404: icmp_seq=193 ttl=63 time=69.6 ms
64 bytes from aaaa::212:7404:4:404: icmp_seq=194 ttl=63 time=163 ms
64 bytes from aaaa::212:7404:4:404: icmp_seq=196 ttl=63 time=334 ms
64 bytes from aaaa::212:7404:4:404: icmp_seq=198 ttl=63 time=64.5 ms
64 bytes from aaaa::212:7404:4:404: icmp_seq=199 ttl=63 time=153 ms
64 bytes from aaaa::212:7404:4:404: icmp_seq=200 ttl=63 time=118 ms

--- aaaa::212:7404:4:404 ping statistics ---
200 packets transmitted, 140 received, 30% packet loss, time 1003530ms
rtt min/avg/max/mdev = 38.101/205.499/1888.810/255.514 ms
