PING aaaa::212:740c:c:c0c(aaaa::212:740c:c:c0c) 56 data bytes
64 bytes from aaaa::212:740c:c:c0c: icmp_seq=1 ttl=61 time=354 ms
64 bytes from aaaa::212:740c:c:c0c: icmp_seq=12 ttl=61 time=923 ms
64 bytes from aaaa::212:740c:c:c0c: icmp_seq=17 ttl=61 time=279 ms
64 bytes from aaaa::212:740c:c:c0c: icmp_seq=23 ttl=61 time=238 ms
64 bytes from aaaa::212:740c:c:c0c: icmp_seq=24 ttl=61 time=322 ms
64 bytes from aaaa::212:740c:c:c0c: icmp_seq=25 ttl=61 time=252 ms
64 bytes from aaaa::212:740c:c:c0c: icmp_seq=26 ttl=61 time=248 ms
64 bytes from aaaa::212:740c:c:c0c: icmp_seq=29 ttl=61 time=359 ms
64 bytes from aaaa::212:740c:c:c0c: icmp_seq=30 ttl=61 time=214 ms
64 bytes from aaaa::212:740c:c:c0c: icmp_seq=31 ttl=61 time=289 ms
64 bytes from aaaa::212:740c:c:c0c: icmp_seq=32 ttl=61 time=217 ms
64 bytes from aaaa::212:740c:c:c0c: icmp_seq=33 ttl=61 time=256 ms
64 bytes from aaaa::212:740c:c:c0c: icmp_seq=34 ttl=61 time=241 ms
64 bytes from aaaa::212:740c:c:c0c: icmp_seq=35 ttl=61 time=181 ms
64 bytes from aaaa::212:740c:c:c0c: icmp_seq=36 ttl=61 time=633 ms
64 bytes from aaaa::212:740c:c:c0c: icmp_seq=37 ttl=61 time=235 ms
64 bytes from aaaa::212:740c:c:c0c: icmp_seq=39 ttl=61 time=344 ms
64 bytes from aaaa::212:740c:c:c0c: icmp_seq=40 ttl=61 time=539 ms
64 bytes from aaaa::212:740c:c:c0c: icmp_seq=41 ttl=61 time=229 ms
64 bytes from aaaa::212:740c:c:c0c: icmp_seq=42 ttl=61 time=275 ms
64 bytes from aaaa::212:740c:c:c0c: icmp_seq=43 ttl=61 time=245 ms
64 bytes from aaaa::212:740c:c:c0c: icmp_seq=44 ttl=61 time=605 ms
64 bytes from aaaa::212:740c:c:c0c: icmp_seq=45 ttl=61 time=197 ms
64 bytes from aaaa::212:740c:c:c0c: icmp_seq=46 ttl=61 time=180 ms
64 bytes from aaaa::212:740c:c:c0c: icmp_seq=47 ttl=61 time=211 ms
64 bytes from aaaa::212:740c:c:c0c: icmp_seq=48 ttl=61 time=166 ms
64 bytes from aaaa::212:740c:c:c0c: icmp_seq=49 ttl=61 time=203 ms
64 bytes from aaaa::212:740c:c:c0c: icmp_seq=50 ttl=61 time=170 ms
64 bytes from aaaa::212:740c:c:c0c: icmp_seq=51 ttl=61 time=222 ms
64 bytes from aaaa::212:740c:c:c0c: icmp_seq=52 ttl=61 time=236 ms
64 bytes from aaaa::212:740c:c:c0c: icmp_seq=53 ttl=61 time=190 ms
64 bytes from aaaa::212:740c:c:c0c: icmp_seq=54 ttl=61 time=248 ms
64 bytes from aaaa::212:740c:c:c0c: icmp_seq=55 ttl=61 time=183 ms
64 bytes from aaaa::212:740c:c:c0c: icmp_seq=56 ttl=61 time=186 ms
64 bytes from aaaa::212:740c:c:c0c: icmp_seq=57 ttl=61 time=213 ms
64 bytes from aaaa::212:740c:c:c0c: icmp_seq=58 ttl=61 time=226 ms
64 bytes from aaaa::212:740c:c:c0c: icmp_seq=59 ttl=61 time=463 ms
64 bytes from aaaa::212:740c:c:c0c: icmp_seq=60 ttl=61 time=220 ms
64 bytes from aaaa::212:740c:c:c0c: icmp_seq=61 ttl=61 time=471 ms
64 bytes from aaaa::212:740c:c:c0c: icmp_seq=62 ttl=61 time=223 ms
64 bytes from aaaa::212:740c:c:c0c: icmp_seq=63 ttl=61 time=203 ms
64 bytes from aaaa::212:740c:c:c0c: icmp_seq=64 ttl=61 time=220 ms
64 bytes from aaaa::212:740c:c:c0c: icmp_seq=66 ttl=61 time=214 ms
64 bytes from aaaa::212:740c:c:c0c: icmp_seq=67 ttl=61 time=202 ms
64 bytes from aaaa::212:740c:c:c0c: icmp_seq=68 ttl=61 time=275 ms
64 bytes from aaaa::212:740c:c:c0c: icmp_seq=69 ttl=61 time=418 ms
64 bytes from aaaa::212:740c:c:c0c: icmp_seq=70 ttl=61 time=224 ms
64 bytes from aaaa::212:740c:c:c0c: icmp_seq=71 ttl=61 time=415 ms
64 bytes from aaaa::212:740c:c:c0c: icmp_seq=73 ttl=61 time=520 ms
64 bytes from aaaa::212:740c:c:c0c: icmp_seq=74 ttl=61 time=1122 ms
64 bytes from aaaa::212:740c:c:c0c: icmp_seq=75 ttl=61 time=333 ms
64 bytes from aaaa::212:740c:c:c0c: icmp_seq=76 ttl=61 time=311 ms
64 bytes from aaaa::212:740c:c:c0c: icmp_seq=78 ttl=61 time=476 ms
64 bytes from aaaa::212:740c:c:c0c: icmp_seq=79 ttl=61 time=1189 ms
64 bytes from aaaa::212:740c:c:c0c: icmp_seq=80 ttl=61 time=300 ms
64 bytes from aaaa::212:740c:c:c0c: icmp_seq=81 ttl=61 time=874 ms
64 bytes from aaaa::212:740c:c:c0c: icmp_seq=82 ttl=61 time=163 ms
64 bytes from aaaa::212:740c:c:c0c: icmp_seq=83 ttl=61 time=175 ms
64 bytes from aaaa::212:740c:c:c0c: icmp_seq=84 ttl=61 time=167 ms
64 bytes from aaaa::212:740c:c:c0c: icmp_seq=85 ttl=61 time=177 ms
64 bytes from aaaa::212:740c:c:c0c: icmp_seq=86 ttl=61 time=231 ms
64 bytes from aaaa::212:740c:c:c0c: icmp_seq=87 ttl=61 time=183 ms
64 bytes from aaaa::212:740c:c:c0c: icmp_seq=88 ttl=61 time=224 ms
64 bytes from aaaa::212:740c:c:c0c: icmp_seq=89 ttl=61 time=186 ms
64 bytes from aaaa::212:740c:c:c0c: icmp_seq=90 ttl=61 time=193 ms
64 bytes from aaaa::212:740c:c:c0c: icmp_seq=91 ttl=61 time=352 ms
64 bytes from aaaa::212:740c:c:c0c: icmp_seq=93 ttl=61 time=233 ms
64 bytes from aaaa::212:740c:c:c0c: icmp_seq=94 ttl=61 time=179 ms
64 bytes from aaaa::212:740c:c:c0c: icmp_seq=95 ttl=61 time=291 ms
64 bytes from aaaa::212:740c:c:c0c: icmp_seq=97 ttl=61 time=221 ms
64 bytes from aaaa::212:740c:c:c0c: icmp_seq=98 ttl=61 time=724 ms
64 bytes from aaaa::212:740c:c:c0c: icmp_seq=99 ttl=61 time=796 ms
64 bytes from aaaa::212:740c:c:c0c: icmp_seq=102 ttl=61 time=189 ms
64 bytes from aaaa::212:740c:c:c0c: icmp_seq=103 ttl=61 time=444 ms
64 bytes from aaaa::212:740c:c:c0c: icmp_seq=104 ttl=61 time=336 ms
64 bytes from aaaa::212:740c:c:c0c: icmp_seq=107 ttl=61 time=274 ms
64 bytes from aaaa::212:740c:c:c0c: icmp_seq=108 ttl=61 time=235 ms
64 bytes from aaaa::212:740c:c:c0c: icmp_seq=109 ttl=61 time=376 ms
64 bytes from aaaa::212:740c:c:c0c: icmp_seq=110 ttl=61 time=249 ms
64 bytes from aaaa::212:740c:c:c0c: icmp_seq=111 ttl=61 time=337 ms
64 bytes from aaaa::212:740c:c:c0c: icmp_seq=112 ttl=61 time=229 ms
64 bytes from aaaa::212:740c:c:c0c: icmp_seq=113 ttl=61 time=387 ms
64 bytes from aaaa::212:740c:c:c0c: icmp_seq=114 ttl=61 time=525 ms
64 bytes from aaaa::212:740c:c:c0c: icmp_seq=115 ttl=61 time=418 ms
64 bytes from aaaa::212:740c:c:c0c: icmp_seq=116 ttl=61 time=198 ms
64 bytes from aaaa::212:740c:c:c0c: icmp_seq=117 ttl=61 time=272 ms
64 bytes from aaaa::212:740c:c:c0c: icmp_seq=118 ttl=61 time=196 ms
64 bytes from aaaa::212:740c:c:c0c: icmp_seq=120 ttl=61 time=259 ms
64 bytes from aaaa::212:740c:c:c0c: icmp_seq=121 ttl=61 time=243 ms
64 bytes from aaaa::212:740c:c:c0c: icmp_seq=122 ttl=61 time=459 ms
64 bytes from aaaa::212:740c:c:c0c: icmp_seq=123 ttl=61 time=266 ms
64 bytes from aaaa::212:740c:c:c0c: icmp_seq=124 ttl=61 time=315 ms
64 bytes from aaaa::212:740c:c:c0c: icmp_seq=125 ttl=61 time=348 ms
64 bytes from aaaa::212:740c:c:c0c: icmp_seq=126 ttl=61 time=628 ms
64 bytes from aaaa::212:740c:c:c0c: icmp_seq=127 ttl=61 time=274 ms
64 bytes from aaaa::212:740c:c:c0c: icmp_seq=128 ttl=61 time=804 ms
64 bytes from aaaa::212:740c:c:c0c: icmp_seq=129 ttl=61 time=837 ms
64 bytes from aaaa::212:740c:c:c0c: icmp_seq=130 ttl=61 time=524 ms
64 bytes from aaaa::212:740c:c:c0c: icmp_seq=131 ttl=61 time=742 ms
64 bytes from aaaa::212:740c:c:c0c: icmp_seq=132 ttl=61 time=447 ms
64 bytes from aaaa::212:740c:c:c0c: icmp_seq=133 ttl=61 time=216 ms
64 bytes from aaaa::212:740c:c:c0c: icmp_seq=134 ttl=61 time=276 ms
64 bytes from aaaa::212:740c:c:c0c: icmp_seq=135 ttl=61 time=161 ms
64 bytes from aaaa::212:740c:c:c0c: icmp_seq=136 ttl=61 time=387 ms
64 bytes from aaaa::212:740c:c:c0c: icmp_seq=137 ttl=61 time=807 ms
64 bytes from aaaa::212:740c:c:c0c: icmp_seq=138 ttl=61 time=385 ms
64 bytes from aaaa::212:740c:c:c0c: icmp_seq=139 ttl=61 time=420 ms
64 bytes from aaaa::212:740c:c:c0c: icmp_seq=140 ttl=61 time=211 ms
64 bytes from aaaa::212:740c:c:c0c: icmp_seq=141 ttl=61 time=396 ms
64 bytes from aaaa::212:740c:c:c0c: icmp_seq=142 ttl=61 time=318 ms
64 bytes from aaaa::212:740c:c:c0c: icmp_seq=144 ttl=61 time=411 ms
64 bytes from aaaa::212:740c:c:c0c: icmp_seq=145 ttl=61 time=441 ms
64 bytes from aaaa::212:740c:c:c0c: icmp_seq=146 ttl=61 time=193 ms
64 bytes from aaaa::212:740c:c:c0c: icmp_seq=147 ttl=61 time=257 ms
64 bytes from aaaa::212:740c:c:c0c: icmp_seq=148 ttl=61 time=416 ms
64 bytes from aaaa::212:740c:c:c0c: icmp_seq=149 ttl=61 time=309 ms
64 bytes from aaaa::212:740c:c:c0c: icmp_seq=150 ttl=61 time=457 ms
64 bytes from aaaa::212:740c:c:c0c: icmp_seq=153 ttl=61 time=704 ms
64 bytes from aaaa::212:740c:c:c0c: icmp_seq=154 ttl=61 time=332 ms
64 bytes from aaaa::212:740c:c:c0c: icmp_seq=155 ttl=61 time=567 ms
64 bytes from aaaa::212:740c:c:c0c: icmp_seq=156 ttl=61 time=526 ms
64 bytes from aaaa::212:740c:c:c0c: icmp_seq=157 ttl=61 time=325 ms
64 bytes from aaaa::212:740c:c:c0c: icmp_seq=158 ttl=61 time=505 ms
64 bytes from aaaa::212:740c:c:c0c: icmp_seq=159 ttl=61 time=236 ms
64 bytes from aaaa::212:740c:c:c0c: icmp_seq=160 ttl=61 time=344 ms
64 bytes from aaaa::212:740c:c:c0c: icmp_seq=161 ttl=61 time=589 ms
64 bytes from aaaa::212:740c:c:c0c: icmp_seq=162 ttl=61 time=262 ms
64 bytes from aaaa::212:740c:c:c0c: icmp_seq=163 ttl=61 time=224 ms
64 bytes from aaaa::212:740c:c:c0c: icmp_seq=164 ttl=61 time=368 ms
64 bytes from aaaa::212:740c:c:c0c: icmp_seq=165 ttl=61 time=685 ms
64 bytes from aaaa::212:740c:c:c0c: icmp_seq=177 ttl=61 time=328 ms
64 bytes from aaaa::212:740c:c:c0c: icmp_seq=180 ttl=61 time=506 ms
64 bytes from aaaa::212:740c:c:c0c: icmp_seq=187 ttl=61 time=290 ms
64 bytes from aaaa::212:740c:c:c0c: icmp_seq=190 ttl=61 time=757 ms
64 bytes from aaaa::212:740c:c:c0c: icmp_seq=199 ttl=61 time=456 ms
64 bytes from aaaa::212:740c:c:c0c: icmp_seq=200 ttl=61 time=226 ms

--- aaaa::212:740c:c:c0c ping statistics ---
200 packets transmitted, 136 received, 32% packet loss, time 1004216ms
rtt min/avg/max/mdev = 161.885/357.637/1189.368/198.648 ms
