PING aaaa::212:7404:4:404(aaaa::212:7404:4:404) 56 data bytes
64 bytes from aaaa::212:7404:4:404: icmp_seq=1 ttl=63 time=404 ms
64 bytes from aaaa::212:7404:4:404: icmp_seq=2 ttl=63 time=269 ms
64 bytes from aaaa::212:7404:4:404: icmp_seq=3 ttl=63 time=129 ms
64 bytes from aaaa::212:7404:4:404: icmp_seq=10 ttl=63 time=440 ms
64 bytes from aaaa::212:7404:4:404: icmp_seq=17 ttl=63 time=71.8 ms
64 bytes from aaaa::212:7404:4:404: icmp_seq=21 ttl=63 time=83.1 ms
64 bytes from aaaa::212:7404:4:404: icmp_seq=28 ttl=63 time=162 ms
64 bytes from aaaa::212:7404:4:404: icmp_seq=31 ttl=63 time=60.4 ms
64 bytes from aaaa::212:7404:4:404: icmp_seq=32 ttl=63 time=94.5 ms
64 bytes from aaaa::212:7404:4:404: icmp_seq=33 ttl=63 time=65.9 ms
64 bytes from aaaa::212:7404:4:404: icmp_seq=34 ttl=63 time=91.8 ms
64 bytes from aaaa::212:7404:4:404: icmp_seq=35 ttl=63 time=55.6 ms
64 bytes from aaaa::212:7404:4:404: icmp_seq=36 ttl=63 time=68.0 ms
64 bytes from aaaa::212:7404:4:404: icmp_seq=37 ttl=63 time=56.6 ms
64 bytes from aaaa::212:7404:4:404: icmp_seq=38 ttl=63 time=86.6 ms
64 bytes from aaaa::212:7404:4:404: icmp_seq=39 ttl=63 time=90.4 ms
64 bytes from aaaa::212:7404:4:404: icmp_seq=40 ttl=63 time=90.4 ms
64 bytes from aaaa::212:7404:4:404: icmp_seq=41 ttl=63 time=55.4 ms
64 bytes from aaaa::212:7404:4:404: icmp_seq=42 ttl=63 time=71.6 ms
64 bytes from aaaa::212:7404:4:404: icmp_seq=43 ttl=63 time=110 ms
64 bytes from aaaa::212:7404:4:404: icmp_seq=44 ttl=63 time=87.2 ms
64 bytes from aaaa::212:7404:4:404: icmp_seq=45 ttl=63 time=66.7 ms
64 bytes from aaaa::212:7404:4:404: icmp_seq=46 ttl=63 time=74.7 ms
64 bytes from aaaa::212:7404:4:404: icmp_seq=47 ttl=63 time=132 ms
64 bytes from aaaa::212:7404:4:404: icmp_seq=48 ttl=63 time=65.3 ms
64 bytes from aaaa::212:7404:4:404: icmp_seq=49 ttl=63 time=54.3 ms
64 bytes from aaaa::212:7404:4:404: icmp_seq=50 ttl=63 time=109 ms
64 bytes from aaaa::212:7404:4:404: icmp_seq=51 ttl=63 time=58.9 ms
64 bytes from aaaa::212:7404:4:404: icmp_seq=52 ttl=63 time=74.3 ms
64 bytes from aaaa::212:7404:4:404: icmp_seq=53 ttl=63 time=38.6 ms
64 bytes from aaaa::212:7404:4:404: icmp_seq=54 ttl=63 time=71.6 ms
64 bytes from aaaa::212:7404:4:404: icmp_seq=55 ttl=63 time=83.2 ms
64 bytes from aaaa::212:7404:4:404: icmp_seq=56 ttl=63 time=111 ms
64 bytes from aaaa::212:7404:4:404: icmp_seq=57 ttl=63 time=57.2 ms
64 bytes from aaaa::212:7404:4:404: icmp_seq=58 ttl=63 time=44.2 ms
64 bytes from aaaa::212:7404:4:404: icmp_seq=59 ttl=63 time=132 ms
64 bytes from aaaa::212:7404:4:404: icmp_seq=60 ttl=63 time=68.3 ms
64 bytes from aaaa::212:7404:4:404: icmp_seq=61 ttl=63 time=96.9 ms
64 bytes from aaaa::212:7404:4:404: icmp_seq=62 ttl=63 time=67.4 ms
64 bytes from aaaa::212:7404:4:404: icmp_seq=63 ttl=63 time=40.4 ms
64 bytes from aaaa::212:7404:4:404: icmp_seq=64 ttl=63 time=90.7 ms
64 bytes from aaaa::212:7404:4:404: icmp_seq=65 ttl=63 time=73.1 ms
64 bytes from aaaa::212:7404:4:404: icmp_seq=66 ttl=63 time=55.5 ms
64 bytes from aaaa::212:7404:4:404: icmp_seq=67 ttl=63 time=68.2 ms
64 bytes from aaaa::212:7404:4:404: icmp_seq=68 ttl=63 time=74.0 ms
64 bytes from aaaa::212:7404:4:404: icmp_seq=69 ttl=63 time=76.2 ms
64 bytes from aaaa::212:7404:4:404: icmp_seq=70 ttl=63 time=56.2 ms
64 bytes from aaaa::212:7404:4:404: icmp_seq=71 ttl=63 time=60.7 ms
64 bytes from aaaa::212:7404:4:404: icmp_seq=72 ttl=63 time=60.7 ms
64 bytes from aaaa::212:7404:4:404: icmp_seq=73 ttl=63 time=58.2 ms
64 bytes from aaaa::212:7404:4:404: icmp_seq=74 ttl=63 time=66.3 ms
64 bytes from aaaa::212:7404:4:404: icmp_seq=75 ttl=63 time=57.7 ms
64 bytes from aaaa::212:7404:4:404: icmp_seq=76 ttl=63 time=52.3 ms
64 bytes from aaaa::212:7404:4:404: icmp_seq=77 ttl=63 time=70.1 ms
64 bytes from aaaa::212:7404:4:404: icmp_seq=78 ttl=63 time=92.9 ms
64 bytes from aaaa::212:7404:4:404: icmp_seq=79 ttl=63 time=61.1 ms
64 bytes from aaaa::212:7404:4:404: icmp_seq=80 ttl=63 time=35.5 ms
64 bytes from aaaa::212:7404:4:404: icmp_seq=81 ttl=63 time=77.1 ms
64 bytes from aaaa::212:7404:4:404: icmp_seq=82 ttl=63 time=55.0 ms
64 bytes from aaaa::212:7404:4:404: icmp_seq=83 ttl=63 time=49.2 ms
64 bytes from aaaa::212:7404:4:404: icmp_seq=84 ttl=63 time=69.6 ms
64 bytes from aaaa::212:7404:4:404: icmp_seq=85 ttl=63 time=54.7 ms
64 bytes from aaaa::212:7404:4:404: icmp_seq=86 ttl=63 time=66.5 ms
64 bytes from aaaa::212:7404:4:404: icmp_seq=87 ttl=63 time=68.7 ms
64 bytes from aaaa::212:7404:4:404: icmp_seq=88 ttl=63 time=62.4 ms
64 bytes from aaaa::212:7404:4:404: icmp_seq=89 ttl=63 time=79.3 ms
64 bytes from aaaa::212:7404:4:404: icmp_seq=90 ttl=63 time=82.4 ms
64 bytes from aaaa::212:7404:4:404: icmp_seq=91 ttl=63 time=55.4 ms
64 bytes from aaaa::212:7404:4:404: icmp_seq=92 ttl=63 time=68.1 ms
64 bytes from aaaa::212:7404:4:404: icmp_seq=93 ttl=63 time=58.8 ms
64 bytes from aaaa::212:7404:4:404: icmp_seq=94 ttl=63 time=68.6 ms
64 bytes from aaaa::212:7404:4:404: icmp_seq=95 ttl=63 time=119 ms
64 bytes from aaaa::212:7404:4:404: icmp_seq=96 ttl=63 time=70.0 ms
64 bytes from aaaa::212:7404:4:404: icmp_seq=97 ttl=63 time=59.8 ms
64 bytes from aaaa::212:7404:4:404: icmp_seq=98 ttl=63 time=67.0 ms
64 bytes from aaaa::212:7404:4:404: icmp_seq=99 ttl=63 time=106 ms
64 bytes from aaaa::212:7404:4:404: icmp_seq=100 ttl=63 time=537 ms
64 bytes from aaaa::212:7404:4:404: icmp_seq=101 ttl=63 time=311 ms
64 bytes from aaaa::212:7404:4:404: icmp_seq=102 ttl=63 time=51.6 ms
64 bytes from aaaa::212:7404:4:404: icmp_seq=103 ttl=63 time=276 ms
64 bytes from aaaa::212:7404:4:404: icmp_seq=104 ttl=63 time=441 ms
64 bytes from aaaa::212:7404:4:404: icmp_seq=106 ttl=63 time=43.0 ms
64 bytes from aaaa::212:7404:4:404: icmp_seq=107 ttl=63 time=176 ms
64 bytes from aaaa::212:7404:4:404: icmp_seq=108 ttl=63 time=120 ms
64 bytes from aaaa::212:7404:4:404: icmp_seq=109 ttl=63 time=401 ms
64 bytes from aaaa::212:7404:4:404: icmp_seq=110 ttl=63 time=119 ms
64 bytes from aaaa::212:7404:4:404: icmp_seq=111 ttl=63 time=146 ms
64 bytes from aaaa::212:7404:4:404: icmp_seq=112 ttl=63 time=188 ms
64 bytes from aaaa::212:7404:4:404: icmp_seq=113 ttl=63 time=144 ms
64 bytes from aaaa::212:7404:4:404: icmp_seq=114 ttl=63 time=138 ms
64 bytes from aaaa::212:7404:4:404: icmp_seq=116 ttl=63 time=67.3 ms
64 bytes from aaaa::212:7404:4:404: icmp_seq=117 ttl=63 time=65.8 ms
64 bytes from aaaa::212:7404:4:404: icmp_seq=118 ttl=63 time=82.7 ms
64 bytes from aaaa::212:7404:4:404: icmp_seq=119 ttl=63 time=60.5 ms
64 bytes from aaaa::212:7404:4:404: icmp_seq=120 ttl=63 time=114 ms
64 bytes from aaaa::212:7404:4:404: icmp_seq=121 ttl=63 time=116 ms
64 bytes from aaaa::212:7404:4:404: icmp_seq=122 ttl=63 time=51.3 ms
64 bytes from aaaa::212:7404:4:404: icmp_seq=123 ttl=63 time=91.1 ms
64 bytes from aaaa::212:7404:4:404: icmp_seq=124 ttl=63 time=300 ms
64 bytes from aaaa::212:7404:4:404: icmp_seq=125 ttl=63 time=244 ms
64 bytes from aaaa::212:7404:4:404: icmp_seq=126 ttl=63 time=56.4 ms
64 bytes from aaaa::212:7404:4:404: icmp_seq=130 ttl=63 time=132 ms
64 bytes from aaaa::212:7404:4:404: icmp_seq=131 ttl=63 time=112 ms
64 bytes from aaaa::212:7404:4:404: icmp_seq=134 ttl=63 time=69.3 ms
64 bytes from aaaa::212:7404:4:404: icmp_seq=135 ttl=63 time=36.7 ms
64 bytes from aaaa::212:7404:4:404: icmp_seq=145 ttl=63 time=168 ms
64 bytes from aaaa::212:7404:4:404: icmp_seq=146 ttl=63 time=146 ms
64 bytes from aaaa::212:7404:4:404: icmp_seq=148 ttl=63 time=289 ms
64 bytes from aaaa::212:7404:4:404: icmp_seq=155 ttl=63 time=87.3 ms
64 bytes from aaaa::212:7404:4:404: icmp_seq=156 ttl=63 time=92.9 ms
64 bytes from aaaa::212:7404:4:404: icmp_seq=157 ttl=63 time=86.8 ms
64 bytes from aaaa::212:7404:4:404: icmp_seq=158 ttl=63 time=63.0 ms
64 bytes from aaaa::212:7404:4:404: icmp_seq=159 ttl=63 time=102 ms
64 bytes from aaaa::212:7404:4:404: icmp_seq=160 ttl=63 time=152 ms
64 bytes from aaaa::212:7404:4:404: icmp_seq=162 ttl=63 time=68.5 ms
64 bytes from aaaa::212:7404:4:404: icmp_seq=163 ttl=63 time=138 ms
64 bytes from aaaa::212:7404:4:404: icmp_seq=164 ttl=63 time=88.5 ms
64 bytes from aaaa::212:7404:4:404: icmp_seq=165 ttl=63 time=160 ms
64 bytes from aaaa::212:7404:4:404: icmp_seq=166 ttl=63 time=210 ms
64 bytes from aaaa::212:7404:4:404: icmp_seq=167 ttl=63 time=221 ms
64 bytes from aaaa::212:7404:4:404: icmp_seq=168 ttl=63 time=89.8 ms
64 bytes from aaaa::212:7404:4:404: icmp_seq=169 ttl=63 time=55.9 ms
64 bytes from aaaa::212:7404:4:404: icmp_seq=170 ttl=63 time=122 ms
64 bytes from aaaa::212:7404:4:404: icmp_seq=171 ttl=63 time=231 ms
64 bytes from aaaa::212:7404:4:404: icmp_seq=172 ttl=63 time=138 ms
64 bytes from aaaa::212:7404:4:404: icmp_seq=173 ttl=63 time=133 ms
64 bytes from aaaa::212:7404:4:404: icmp_seq=174 ttl=63 time=129 ms
64 bytes from aaaa::212:7404:4:404: icmp_seq=175 ttl=63 time=371 ms
64 bytes from aaaa::212:7404:4:404: icmp_seq=176 ttl=63 time=88.9 ms
64 bytes from aaaa::212:7404:4:404: icmp_seq=178 ttl=63 time=125 ms
64 bytes from aaaa::212:7404:4:404: icmp_seq=179 ttl=63 time=55.8 ms
64 bytes from aaaa::212:7404:4:404: icmp_seq=180 ttl=63 time=168 ms
64 bytes from aaaa::212:7404:4:404: icmp_seq=181 ttl=63 time=53.3 ms
64 bytes from aaaa::212:7404:4:404: icmp_seq=182 ttl=63 time=254 ms
64 bytes from aaaa::212:7404:4:404: icmp_seq=183 ttl=63 time=39.2 ms
64 bytes from aaaa::212:7404:4:404: icmp_seq=184 ttl=63 time=56.6 ms
64 bytes from aaaa::212:7404:4:404: icmp_seq=185 ttl=63 time=47.6 ms
64 bytes from aaaa::212:7404:4:404: icmp_seq=186 ttl=63 time=52.2 ms
64 bytes from aaaa::212:7404:4:404: icmp_seq=187 ttl=63 time=142 ms
64 bytes from aaaa::212:7404:4:404: icmp_seq=188 ttl=63 time=114 ms
64 bytes from aaaa::212:7404:4:404: icmp_seq=189 ttl=63 time=129 ms
64 bytes from aaaa::212:7404:4:404: icmp_seq=190 ttl=63 time=62.4 ms
64 bytes from aaaa::212:7404:4:404: icmp_seq=191 ttl=63 time=159 ms
64 bytes from aaaa::212:7404:4:404: icmp_seq=192 ttl=63 time=112 ms
64 bytes from aaaa::212:7404:4:404: icmp_seq=193 ttl=63 time=121 ms
64 bytes from aaaa::212:7404:4:404: icmp_seq=194 ttl=63 time=96.7 ms
64 bytes from aaaa::212:7404:4:404: icmp_seq=195 ttl=63 time=243 ms
64 bytes from aaaa::212:7404:4:404: icmp_seq=196 ttl=63 time=54.8 ms
64 bytes from aaaa::212:7404:4:404: icmp_seq=197 ttl=63 time=63.0 ms
64 bytes from aaaa::212:7404:4:404: icmp_seq=198 ttl=63 time=96.1 ms
64 bytes from aaaa::212:7404:4:404: icmp_seq=199 ttl=63 time=62.6 ms
64 bytes from aaaa::212:7404:4:404: icmp_seq=200 ttl=63 time=141 ms

--- aaaa::212:7404:4:404 ping statistics ---
200 packets transmitted, 152 received, 24% packet loss, time 1001918ms
rtt min/avg/max/mdev = 35.504/112.744/537.228/86.363 ms
