PING aaaa::212:740c:c:c0c(aaaa::212:740c:c:c0c) 56 data bytes
64 bytes from aaaa::212:740c:c:c0c: icmp_seq=1 ttl=61 time=252 ms
64 bytes from aaaa::212:740c:c:c0c: icmp_seq=4 ttl=61 time=365 ms
64 bytes from aaaa::212:740c:c:c0c: icmp_seq=5 ttl=61 time=318 ms
64 bytes from aaaa::212:740c:c:c0c: icmp_seq=6 ttl=61 time=404 ms
64 bytes from aaaa::212:740c:c:c0c: icmp_seq=7 ttl=61 time=436 ms
64 bytes from aaaa::212:740c:c:c0c: icmp_seq=8 ttl=61 time=332 ms
64 bytes from aaaa::212:740c:c:c0c: icmp_seq=9 ttl=61 time=268 ms
64 bytes from aaaa::212:740c:c:c0c: icmp_seq=10 ttl=61 time=517 ms
64 bytes from aaaa::212:740c:c:c0c: icmp_seq=11 ttl=61 time=446 ms
64 bytes from aaaa::212:740c:c:c0c: icmp_seq=12 ttl=61 time=490 ms
64 bytes from aaaa::212:740c:c:c0c: icmp_seq=13 ttl=61 time=588 ms
64 bytes from aaaa::212:740c:c:c0c: icmp_seq=14 ttl=61 time=440 ms
64 bytes from aaaa::212:740c:c:c0c: icmp_seq=15 ttl=61 time=447 ms
64 bytes from aaaa::212:740c:c:c0c: icmp_seq=19 ttl=61 time=281 ms
64 bytes from aaaa::212:740c:c:c0c: icmp_seq=31 ttl=61 time=320 ms
64 bytes from aaaa::212:740c:c:c0c: icmp_seq=37 ttl=61 time=287 ms
64 bytes from aaaa::212:740c:c:c0c: icmp_seq=38 ttl=61 time=230 ms
64 bytes from aaaa::212:740c:c:c0c: icmp_seq=39 ttl=61 time=282 ms
64 bytes from aaaa::212:740c:c:c0c: icmp_seq=40 ttl=61 time=411 ms
64 bytes from aaaa::212:740c:c:c0c: icmp_seq=41 ttl=61 time=245 ms
64 bytes from aaaa::212:740c:c:c0c: icmp_seq=42 ttl=61 time=239 ms
64 bytes from aaaa::212:740c:c:c0c: icmp_seq=43 ttl=61 time=487 ms
64 bytes from aaaa::212:740c:c:c0c: icmp_seq=44 ttl=61 time=448 ms
64 bytes from aaaa::212:740c:c:c0c: icmp_seq=45 ttl=61 time=390 ms
64 bytes from aaaa::212:740c:c:c0c: icmp_seq=46 ttl=61 time=358 ms
64 bytes from aaaa::212:740c:c:c0c: icmp_seq=47 ttl=61 time=376 ms
64 bytes from aaaa::212:740c:c:c0c: icmp_seq=48 ttl=61 time=487 ms
64 bytes from aaaa::212:740c:c:c0c: icmp_seq=49 ttl=61 time=1037 ms
64 bytes from aaaa::212:740c:c:c0c: icmp_seq=50 ttl=61 time=416 ms
64 bytes from aaaa::212:740c:c:c0c: icmp_seq=51 ttl=61 time=324 ms
64 bytes from aaaa::212:740c:c:c0c: icmp_seq=53 ttl=61 time=344 ms
64 bytes from aaaa::212:740c:c:c0c: icmp_seq=55 ttl=61 time=553 ms
64 bytes from aaaa::212:740c:c:c0c: icmp_seq=56 ttl=61 time=646 ms
64 bytes from aaaa::212:740c:c:c0c: icmp_seq=57 ttl=61 time=530 ms
64 bytes from aaaa::212:740c:c:c0c: icmp_seq=58 ttl=61 time=292 ms
64 bytes from aaaa::212:740c:c:c0c: icmp_seq=59 ttl=61 time=352 ms
64 bytes from aaaa::212:740c:c:c0c: icmp_seq=62 ttl=61 time=338 ms
64 bytes from aaaa::212:740c:c:c0c: icmp_seq=63 ttl=61 time=612 ms
64 bytes from aaaa::212:740c:c:c0c: icmp_seq=65 ttl=61 time=324 ms
64 bytes from aaaa::212:740c:c:c0c: icmp_seq=66 ttl=61 time=633 ms
64 bytes from aaaa::212:740c:c:c0c: icmp_seq=67 ttl=61 time=538 ms
64 bytes from aaaa::212:740c:c:c0c: icmp_seq=68 ttl=61 time=386 ms
64 bytes from aaaa::212:740c:c:c0c: icmp_seq=69 ttl=61 time=383 ms
64 bytes from aaaa::212:740c:c:c0c: icmp_seq=70 ttl=61 time=195 ms
64 bytes from aaaa::212:740c:c:c0c: icmp_seq=71 ttl=61 time=451 ms
64 bytes from aaaa::212:740c:c:c0c: icmp_seq=72 ttl=61 time=386 ms
64 bytes from aaaa::212:740c:c:c0c: icmp_seq=73 ttl=61 time=661 ms
64 bytes from aaaa::212:740c:c:c0c: icmp_seq=74 ttl=61 time=456 ms
64 bytes from aaaa::212:740c:c:c0c: icmp_seq=75 ttl=61 time=834 ms
64 bytes from aaaa::212:740c:c:c0c: icmp_seq=76 ttl=61 time=872 ms
64 bytes from aaaa::212:740c:c:c0c: icmp_seq=78 ttl=61 time=320 ms
64 bytes from aaaa::212:740c:c:c0c: icmp_seq=79 ttl=61 time=404 ms
64 bytes from aaaa::212:740c:c:c0c: icmp_seq=80 ttl=61 time=355 ms
64 bytes from aaaa::212:740c:c:c0c: icmp_seq=82 ttl=61 time=226 ms
64 bytes from aaaa::212:740c:c:c0c: icmp_seq=83 ttl=61 time=244 ms
64 bytes from aaaa::212:740c:c:c0c: icmp_seq=84 ttl=61 time=252 ms
64 bytes from aaaa::212:740c:c:c0c: icmp_seq=85 ttl=61 time=488 ms
64 bytes from aaaa::212:740c:c:c0c: icmp_seq=86 ttl=61 time=688 ms
64 bytes from aaaa::212:740c:c:c0c: icmp_seq=87 ttl=61 time=294 ms
64 bytes from aaaa::212:740c:c:c0c: icmp_seq=89 ttl=61 time=616 ms
64 bytes from aaaa::212:740c:c:c0c: icmp_seq=90 ttl=61 time=577 ms
64 bytes from aaaa::212:740c:c:c0c: icmp_seq=91 ttl=61 time=367 ms
64 bytes from aaaa::212:740c:c:c0c: icmp_seq=93 ttl=61 time=455 ms
64 bytes from aaaa::212:740c:c:c0c: icmp_seq=94 ttl=61 time=216 ms
64 bytes from aaaa::212:740c:c:c0c: icmp_seq=95 ttl=61 time=224 ms
64 bytes from aaaa::212:740c:c:c0c: icmp_seq=96 ttl=61 time=177 ms
64 bytes from aaaa::212:740c:c:c0c: icmp_seq=97 ttl=61 time=213 ms
64 bytes from aaaa::212:740c:c:c0c: icmp_seq=98 ttl=61 time=179 ms
64 bytes from aaaa::212:740c:c:c0c: icmp_seq=99 ttl=61 time=220 ms
64 bytes from aaaa::212:740c:c:c0c: icmp_seq=100 ttl=61 time=191 ms
64 bytes from aaaa::212:740c:c:c0c: icmp_seq=101 ttl=61 time=247 ms
64 bytes from aaaa::212:740c:c:c0c: icmp_seq=102 ttl=61 time=174 ms
64 bytes from aaaa::212:740c:c:c0c: icmp_seq=103 ttl=61 time=185 ms
64 bytes from aaaa::212:740c:c:c0c: icmp_seq=104 ttl=61 time=162 ms
64 bytes from aaaa::212:740c:c:c0c: icmp_seq=105 ttl=61 time=250 ms
64 bytes from aaaa::212:740c:c:c0c: icmp_seq=106 ttl=61 time=212 ms
64 bytes from aaaa::212:740c:c:c0c: icmp_seq=107 ttl=61 time=196 ms
64 bytes from aaaa::212:740c:c:c0c: icmp_seq=108 ttl=61 time=224 ms
64 bytes from aaaa::212:740c:c:c0c: icmp_seq=109 ttl=61 time=239 ms
64 bytes from aaaa::212:740c:c:c0c: icmp_seq=110 ttl=61 time=203 ms
64 bytes from aaaa::212:740c:c:c0c: icmp_seq=111 ttl=61 time=240 ms
64 bytes from aaaa::212:740c:c:c0c: icmp_seq=112 ttl=61 time=193 ms
64 bytes from aaaa::212:740c:c:c0c: icmp_seq=113 ttl=61 time=209 ms
64 bytes from aaaa::212:740c:c:c0c: icmp_seq=115 ttl=61 time=250 ms
64 bytes from aaaa::212:740c:c:c0c: icmp_seq=116 ttl=61 time=241 ms
64 bytes from aaaa::212:740c:c:c0c: icmp_seq=117 ttl=61 time=185 ms
64 bytes from aaaa::212:740c:c:c0c: icmp_seq=118 ttl=61 time=217 ms
64 bytes from aaaa::212:740c:c:c0c: icmp_seq=119 ttl=61 time=213 ms
64 bytes from aaaa::212:740c:c:c0c: icmp_seq=120 ttl=61 time=187 ms
64 bytes from aaaa::212:740c:c:c0c: icmp_seq=121 ttl=61 time=252 ms
64 bytes from aaaa::212:740c:c:c0c: icmp_seq=122 ttl=61 time=225 ms
64 bytes from aaaa::212:740c:c:c0c: icmp_seq=123 ttl=61 time=196 ms
64 bytes from aaaa::212:740c:c:c0c: icmp_seq=124 ttl=61 time=168 ms
64 bytes from aaaa::212:740c:c:c0c: icmp_seq=125 ttl=61 time=362 ms
64 bytes from aaaa::212:740c:c:c0c: icmp_seq=126 ttl=61 time=290 ms
64 bytes from aaaa::212:740c:c:c0c: icmp_seq=127 ttl=61 time=220 ms
64 bytes from aaaa::212:740c:c:c0c: icmp_seq=128 ttl=61 time=248 ms
64 bytes from aaaa::212:740c:c:c0c: icmp_seq=129 ttl=61 time=226 ms
64 bytes from aaaa::212:740c:c:c0c: icmp_seq=130 ttl=61 time=215 ms
64 bytes from aaaa::212:740c:c:c0c: icmp_seq=131 ttl=61 time=208 ms
64 bytes from aaaa::212:740c:c:c0c: icmp_seq=132 ttl=61 time=221 ms
64 bytes from aaaa::212:740c:c:c0c: icmp_seq=133 ttl=61 time=211 ms
64 bytes from aaaa::212:740c:c:c0c: icmp_seq=134 ttl=61 time=193 ms
64 bytes from aaaa::212:740c:c:c0c: icmp_seq=135 ttl=61 time=167 ms
64 bytes from aaaa::212:740c:c:c0c: icmp_seq=136 ttl=61 time=260 ms
64 bytes from aaaa::212:740c:c:c0c: icmp_seq=137 ttl=61 time=216 ms
64 bytes from aaaa::212:740c:c:c0c: icmp_seq=138 ttl=61 time=172 ms
64 bytes from aaaa::212:740c:c:c0c: icmp_seq=139 ttl=61 time=236 ms
64 bytes from aaaa::212:740c:c:c0c: icmp_seq=140 ttl=61 time=205 ms
64 bytes from aaaa::212:740c:c:c0c: icmp_seq=141 ttl=61 time=263 ms
64 bytes from aaaa::212:740c:c:c0c: icmp_seq=142 ttl=61 time=209 ms
64 bytes from aaaa::212:740c:c:c0c: icmp_seq=143 ttl=61 time=224 ms
64 bytes from aaaa::212:740c:c:c0c: icmp_seq=144 ttl=61 time=215 ms
64 bytes from aaaa::212:740c:c:c0c: icmp_seq=145 ttl=61 time=202 ms
64 bytes from aaaa::212:740c:c:c0c: icmp_seq=146 ttl=61 time=170 ms
64 bytes from aaaa::212:740c:c:c0c: icmp_seq=147 ttl=61 time=175 ms
64 bytes from aaaa::212:740c:c:c0c: icmp_seq=148 ttl=61 time=196 ms
64 bytes from aaaa::212:740c:c:c0c: icmp_seq=149 ttl=61 time=178 ms
64 bytes from aaaa::212:740c:c:c0c: icmp_seq=150 ttl=61 time=204 ms
64 bytes from aaaa::212:740c:c:c0c: icmp_seq=152 ttl=61 time=200 ms
64 bytes from aaaa::212:740c:c:c0c: icmp_seq=153 ttl=61 time=205 ms
64 bytes from aaaa::212:740c:c:c0c: icmp_seq=154 ttl=61 time=199 ms
64 bytes from aaaa::212:740c:c:c0c: icmp_seq=155 ttl=61 time=207 ms
64 bytes from aaaa::212:740c:c:c0c: icmp_seq=156 ttl=61 time=201 ms
64 bytes from aaaa::212:740c:c:c0c: icmp_seq=157 ttl=61 time=161 ms
64 bytes from aaaa::212:740c:c:c0c: icmp_seq=158 ttl=61 time=249 ms
64 bytes from aaaa::212:740c:c:c0c: icmp_seq=160 ttl=61 time=256 ms
64 bytes from aaaa::212:740c:c:c0c: icmp_seq=161 ttl=61 time=209 ms
64 bytes from aaaa::212:740c:c:c0c: icmp_seq=163 ttl=61 time=237 ms
64 bytes from aaaa::212:740c:c:c0c: icmp_seq=164 ttl=61 time=211 ms
64 bytes from aaaa::212:740c:c:c0c: icmp_seq=165 ttl=61 time=219 ms
64 bytes from aaaa::212:740c:c:c0c: icmp_seq=166 ttl=61 time=275 ms
64 bytes from aaaa::212:740c:c:c0c: icmp_seq=167 ttl=61 time=256 ms
64 bytes from aaaa::212:740c:c:c0c: icmp_seq=168 ttl=61 time=214 ms
64 bytes from aaaa::212:740c:c:c0c: icmp_seq=169 ttl=61 time=265 ms
64 bytes from aaaa::212:740c:c:c0c: icmp_seq=179 ttl=61 time=558 ms
64 bytes from aaaa::212:740c:c:c0c: icmp_seq=180 ttl=61 time=768 ms
64 bytes from aaaa::212:740c:c:c0c: icmp_seq=181 ttl=61 time=756 ms
64 bytes from aaaa::212:740c:c:c0c: icmp_seq=182 ttl=61 time=426 ms
64 bytes from aaaa::212:740c:c:c0c: icmp_seq=183 ttl=61 time=1024 ms
64 bytes from aaaa::212:740c:c:c0c: icmp_seq=185 ttl=61 time=379 ms
64 bytes from aaaa::212:740c:c:c0c: icmp_seq=186 ttl=61 time=275 ms
64 bytes from aaaa::212:740c:c:c0c: icmp_seq=189 ttl=61 time=425 ms
64 bytes from aaaa::212:740c:c:c0c: icmp_seq=192 ttl=61 time=817 ms
64 bytes from aaaa::212:740c:c:c0c: icmp_seq=196 ttl=61 time=227 ms
64 bytes from aaaa::212:740c:c:c0c: icmp_seq=197 ttl=61 time=463 ms
64 bytes from aaaa::212:740c:c:c0c: icmp_seq=198 ttl=61 time=511 ms
64 bytes from aaaa::212:740c:c:c0c: icmp_seq=200 ttl=61 time=343 ms

--- aaaa::212:740c:c:c0c ping statistics ---
200 packets transmitted, 148 received, 26% packet loss, time 1003115ms
rtt min/avg/max/mdev = 161.010/334.946/1037.342/174.765 ms
