PING aaaa::212:740d:d:d0d(aaaa::212:740d:d:d0d) 56 data bytes
64 bytes from aaaa::212:740d:d:d0d: icmp_seq=6 ttl=60 time=700 ms
64 bytes from aaaa::212:740d:d:d0d: icmp_seq=9 ttl=60 time=1875 ms
64 bytes from aaaa::212:740d:d:d0d: icmp_seq=10 ttl=60 time=778 ms
64 bytes from aaaa::212:740d:d:d0d: icmp_seq=12 ttl=60 time=916 ms
64 bytes from aaaa::212:740d:d:d0d: icmp_seq=13 ttl=60 time=403 ms
64 bytes from aaaa::212:740d:d:d0d: icmp_seq=14 ttl=60 time=862 ms
64 bytes from aaaa::212:740d:d:d0d: icmp_seq=15 ttl=60 time=980 ms
64 bytes from aaaa::212:740d:d:d0d: icmp_seq=16 ttl=60 time=898 ms
64 bytes from aaaa::212:740d:d:d0d: icmp_seq=18 ttl=60 time=1057 ms
64 bytes from aaaa::212:740d:d:d0d: icmp_seq=19 ttl=60 time=788 ms
64 bytes from aaaa::212:740d:d:d0d: icmp_seq=20 ttl=60 time=684 ms
64 bytes from aaaa::212:740d:d:d0d: icmp_seq=21 ttl=60 time=1305 ms
64 bytes from aaaa::212:740d:d:d0d: icmp_seq=22 ttl=60 time=910 ms
64 bytes from aaaa::212:740d:d:d0d: icmp_seq=26 ttl=60 time=941 ms
64 bytes from aaaa::212:740d:d:d0d: icmp_seq=28 ttl=60 time=1871 ms
64 bytes from aaaa::212:740d:d:d0d: icmp_seq=29 ttl=60 time=705 ms
64 bytes from aaaa::212:740d:d:d0d: icmp_seq=31 ttl=60 time=486 ms
64 bytes from aaaa::212:740d:d:d0d: icmp_seq=32 ttl=60 time=613 ms
64 bytes from aaaa::212:740d:d:d0d: icmp_seq=34 ttl=60 time=477 ms
64 bytes from aaaa::212:740d:d:d0d: icmp_seq=35 ttl=60 time=1117 ms
64 bytes from aaaa::212:740d:d:d0d: icmp_seq=37 ttl=60 time=418 ms
64 bytes from aaaa::212:740d:d:d0d: icmp_seq=38 ttl=60 time=444 ms
64 bytes from aaaa::212:740d:d:d0d: icmp_seq=39 ttl=60 time=810 ms
64 bytes from aaaa::212:740d:d:d0d: icmp_seq=41 ttl=60 time=313 ms
64 bytes from aaaa::212:740d:d:d0d: icmp_seq=42 ttl=60 time=524 ms
64 bytes from aaaa::212:740d:d:d0d: icmp_seq=43 ttl=60 time=384 ms
64 bytes from aaaa::212:740d:d:d0d: icmp_seq=44 ttl=60 time=577 ms
64 bytes from aaaa::212:740d:d:d0d: icmp_seq=45 ttl=60 time=408 ms
64 bytes from aaaa::212:740d:d:d0d: icmp_seq=47 ttl=60 time=333 ms
64 bytes from aaaa::212:740d:d:d0d: icmp_seq=48 ttl=60 time=556 ms
64 bytes from aaaa::212:740d:d:d0d: icmp_seq=49 ttl=60 time=452 ms
64 bytes from aaaa::212:740d:d:d0d: icmp_seq=50 ttl=60 time=427 ms
64 bytes from aaaa::212:740d:d:d0d: icmp_seq=51 ttl=60 time=451 ms
64 bytes from aaaa::212:740d:d:d0d: icmp_seq=53 ttl=60 time=578 ms
64 bytes from aaaa::212:740d:d:d0d: icmp_seq=55 ttl=60 time=1289 ms
64 bytes from aaaa::212:740d:d:d0d: icmp_seq=56 ttl=60 time=1376 ms
64 bytes from aaaa::212:740d:d:d0d: icmp_seq=59 ttl=60 time=1532 ms
64 bytes from aaaa::212:740d:d:d0d: icmp_seq=60 ttl=60 time=2165 ms
64 bytes from aaaa::212:740d:d:d0d: icmp_seq=61 ttl=60 time=690 ms
64 bytes from aaaa::212:740d:d:d0d: icmp_seq=62 ttl=60 time=2696 ms
64 bytes from aaaa::212:740d:d:d0d: icmp_seq=63 ttl=60 time=756 ms
64 bytes from aaaa::212:740d:d:d0d: icmp_seq=64 ttl=60 time=788 ms
64 bytes from aaaa::212:740d:d:d0d: icmp_seq=68 ttl=60 time=1037 ms
64 bytes from aaaa::212:740d:d:d0d: icmp_seq=70 ttl=60 time=493 ms
64 bytes from aaaa::212:740d:d:d0d: icmp_seq=71 ttl=60 time=894 ms
64 bytes from aaaa::212:740d:d:d0d: icmp_seq=72 ttl=60 time=603 ms
64 bytes from aaaa::212:740d:d:d0d: icmp_seq=74 ttl=60 time=1487 ms
64 bytes from aaaa::212:740d:d:d0d: icmp_seq=75 ttl=60 time=1163 ms
64 bytes from aaaa::212:740d:d:d0d: icmp_seq=77 ttl=60 time=429 ms
64 bytes from aaaa::212:740d:d:d0d: icmp_seq=79 ttl=60 time=1522 ms
64 bytes from aaaa::212:740d:d:d0d: icmp_seq=81 ttl=60 time=991 ms
64 bytes from aaaa::212:740d:d:d0d: icmp_seq=82 ttl=60 time=1513 ms
64 bytes from aaaa::212:740d:d:d0d: icmp_seq=83 ttl=60 time=1143 ms
64 bytes from aaaa::212:740d:d:d0d: icmp_seq=85 ttl=60 time=661 ms
64 bytes from aaaa::212:740d:d:d0d: icmp_seq=86 ttl=60 time=1170 ms
64 bytes from aaaa::212:740d:d:d0d: icmp_seq=89 ttl=60 time=763 ms
64 bytes from aaaa::212:740d:d:d0d: icmp_seq=95 ttl=60 time=1031 ms
64 bytes from aaaa::212:740d:d:d0d: icmp_seq=96 ttl=60 time=1967 ms
64 bytes from aaaa::212:740d:d:d0d: icmp_seq=99 ttl=60 time=1124 ms
64 bytes from aaaa::212:740d:d:d0d: icmp_seq=100 ttl=60 time=951 ms
64 bytes from aaaa::212:740d:d:d0d: icmp_seq=101 ttl=60 time=890 ms
64 bytes from aaaa::212:740d:d:d0d: icmp_seq=102 ttl=60 time=915 ms
64 bytes from aaaa::212:740d:d:d0d: icmp_seq=103 ttl=60 time=1332 ms
64 bytes from aaaa::212:740d:d:d0d: icmp_seq=104 ttl=60 time=1212 ms
64 bytes from aaaa::212:740d:d:d0d: icmp_seq=105 ttl=60 time=1873 ms
64 bytes from aaaa::212:740d:d:d0d: icmp_seq=106 ttl=60 time=1078 ms
64 bytes from aaaa::212:740d:d:d0d: icmp_seq=107 ttl=60 time=1352 ms
64 bytes from aaaa::212:740d:d:d0d: icmp_seq=108 ttl=60 time=606 ms
64 bytes from aaaa::212:740d:d:d0d: icmp_seq=109 ttl=60 time=1754 ms
64 bytes from aaaa::212:740d:d:d0d: icmp_seq=110 ttl=60 time=1682 ms
64 bytes from aaaa::212:740d:d:d0d: icmp_seq=111 ttl=60 time=1097 ms
64 bytes from aaaa::212:740d:d:d0d: icmp_seq=112 ttl=60 time=1695 ms
64 bytes from aaaa::212:740d:d:d0d: icmp_seq=113 ttl=60 time=786 ms
64 bytes from aaaa::212:740d:d:d0d: icmp_seq=114 ttl=60 time=1003 ms
64 bytes from aaaa::212:740d:d:d0d: icmp_seq=117 ttl=60 time=614 ms
64 bytes from aaaa::212:740d:d:d0d: icmp_seq=123 ttl=60 time=569 ms
64 bytes from aaaa::212:740d:d:d0d: icmp_seq=124 ttl=60 time=830 ms
64 bytes from aaaa::212:740d:d:d0d: icmp_seq=125 ttl=60 time=889 ms
64 bytes from aaaa::212:740d:d:d0d: icmp_seq=126 ttl=60 time=994 ms
64 bytes from aaaa::212:740d:d:d0d: icmp_seq=127 ttl=60 time=968 ms
64 bytes from aaaa::212:740d:d:d0d: icmp_seq=128 ttl=60 time=1260 ms
64 bytes from aaaa::212:740d:d:d0d: icmp_seq=130 ttl=60 time=733 ms
64 bytes from aaaa::212:740d:d:d0d: icmp_seq=131 ttl=60 time=683 ms
64 bytes from aaaa::212:740d:d:d0d: icmp_seq=132 ttl=60 time=457 ms
64 bytes from aaaa::212:740d:d:d0d: icmp_seq=133 ttl=60 time=878 ms
64 bytes from aaaa::212:740d:d:d0d: icmp_seq=134 ttl=60 time=793 ms
64 bytes from aaaa::212:740d:d:d0d: icmp_seq=135 ttl=60 time=1638 ms
64 bytes from aaaa::212:740d:d:d0d: icmp_seq=136 ttl=60 time=1090 ms
64 bytes from aaaa::212:740d:d:d0d: icmp_seq=138 ttl=60 time=768 ms
64 bytes from aaaa::212:740d:d:d0d: icmp_seq=140 ttl=60 time=1220 ms
64 bytes from aaaa::212:740d:d:d0d: icmp_seq=141 ttl=60 time=655 ms
64 bytes from aaaa::212:740d:d:d0d: icmp_seq=146 ttl=60 time=2357 ms
64 bytes from aaaa::212:740d:d:d0d: icmp_seq=147 ttl=60 time=612 ms
64 bytes from aaaa::212:740d:d:d0d: icmp_seq=148 ttl=60 time=626 ms
64 bytes from aaaa::212:740d:d:d0d: icmp_seq=149 ttl=60 time=895 ms
64 bytes from aaaa::212:740d:d:d0d: icmp_seq=150 ttl=60 time=446 ms
64 bytes from aaaa::212:740d:d:d0d: icmp_seq=151 ttl=60 time=412 ms
64 bytes from aaaa::212:740d:d:d0d: icmp_seq=152 ttl=60 time=546 ms
64 bytes from aaaa::212:740d:d:d0d: icmp_seq=153 ttl=60 time=433 ms
64 bytes from aaaa::212:740d:d:d0d: icmp_seq=154 ttl=60 time=1523 ms
64 bytes from aaaa::212:740d:d:d0d: icmp_seq=155 ttl=60 time=644 ms
64 bytes from aaaa::212:740d:d:d0d: icmp_seq=156 ttl=60 time=540 ms
64 bytes from aaaa::212:740d:d:d0d: icmp_seq=157 ttl=60 time=458 ms
64 bytes from aaaa::212:740d:d:d0d: icmp_seq=158 ttl=60 time=628 ms
64 bytes from aaaa::212:740d:d:d0d: icmp_seq=159 ttl=60 time=520 ms
64 bytes from aaaa::212:740d:d:d0d: icmp_seq=160 ttl=60 time=548 ms
64 bytes from aaaa::212:740d:d:d0d: icmp_seq=161 ttl=60 time=434 ms
64 bytes from aaaa::212:740d:d:d0d: icmp_seq=162 ttl=60 time=416 ms
64 bytes from aaaa::212:740d:d:d0d: icmp_seq=163 ttl=60 time=476 ms
64 bytes from aaaa::212:740d:d:d0d: icmp_seq=164 ttl=60 time=366 ms
64 bytes from aaaa::212:740d:d:d0d: icmp_seq=166 ttl=60 time=438 ms
64 bytes from aaaa::212:740d:d:d0d: icmp_seq=167 ttl=60 time=349 ms
64 bytes from aaaa::212:740d:d:d0d: icmp_seq=168 ttl=60 time=469 ms
64 bytes from aaaa::212:740d:d:d0d: icmp_seq=169 ttl=60 time=305 ms
64 bytes from aaaa::212:740d:d:d0d: icmp_seq=170 ttl=60 time=483 ms
64 bytes from aaaa::212:740d:d:d0d: icmp_seq=171 ttl=60 time=354 ms
64 bytes from aaaa::212:740d:d:d0d: icmp_seq=172 ttl=60 time=442 ms
64 bytes from aaaa::212:740d:d:d0d: icmp_seq=174 ttl=60 time=452 ms
64 bytes from aaaa::212:740d:d:d0d: icmp_seq=175 ttl=60 time=484 ms
64 bytes from aaaa::212:740d:d:d0d: icmp_seq=177 ttl=60 time=1003 ms
64 bytes from aaaa::212:740d:d:d0d: icmp_seq=178 ttl=60 time=361 ms
64 bytes from aaaa::212:740d:d:d0d: icmp_seq=181 ttl=60 time=448 ms
64 bytes from aaaa::212:740d:d:d0d: icmp_seq=182 ttl=60 time=529 ms
64 bytes from aaaa::212:740d:d:d0d: icmp_seq=183 ttl=60 time=463 ms
64 bytes from aaaa::212:740d:d:d0d: icmp_seq=184 ttl=60 time=543 ms
64 bytes from aaaa::212:740d:d:d0d: icmp_seq=185 ttl=60 time=546 ms
64 bytes from aaaa::212:740d:d:d0d: icmp_seq=186 ttl=60 time=502 ms
64 bytes from aaaa::212:740d:d:d0d: icmp_seq=187 ttl=60 time=538 ms
64 bytes from aaaa::212:740d:d:d0d: icmp_seq=188 ttl=60 time=454 ms
64 bytes from aaaa::212:740d:d:d0d: icmp_seq=189 ttl=60 time=526 ms
64 bytes from aaaa::212:740d:d:d0d: icmp_seq=190 ttl=60 time=903 ms
64 bytes from aaaa::212:740d:d:d0d: icmp_seq=191 ttl=60 time=746 ms
64 bytes from aaaa::212:740d:d:d0d: icmp_seq=192 ttl=60 time=524 ms
64 bytes from aaaa::212:740d:d:d0d: icmp_seq=193 ttl=60 time=1000 ms
64 bytes from aaaa::212:740d:d:d0d: icmp_seq=194 ttl=60 time=979 ms
64 bytes from aaaa::212:740d:d:d0d: icmp_seq=196 ttl=60 time=619 ms
64 bytes from aaaa::212:740d:d:d0d: icmp_seq=197 ttl=60 time=409 ms
64 bytes from aaaa::212:740d:d:d0d: icmp_seq=198 ttl=60 time=386 ms
64 bytes from aaaa::212:740d:d:d0d: icmp_seq=199 ttl=60 time=936 ms
64 bytes from aaaa::212:740d:d:d0d: icmp_seq=200 ttl=60 time=1424 ms

--- aaaa::212:740d:d:d0d ping statistics ---
200 packets transmitted, 140 received, 30% packet loss, time 1003965ms
rtt min/avg/max/mdev = 305.526/843.951/2696.005/454.814 ms
