PING aaaa::212:7411:11:1111(aaaa::212:7411:11:1111) 56 data bytes
64 bytes from aaaa::212:7411:11:1111: icmp_seq=2 ttl=59 time=1868 ms
64 bytes from aaaa::212:7411:11:1111: icmp_seq=3 ttl=59 time=3009 ms
64 bytes from aaaa::212:7411:11:1111: icmp_seq=6 ttl=59 time=1679 ms
64 bytes from aaaa::212:7411:11:1111: icmp_seq=8 ttl=59 time=1951 ms
64 bytes from aaaa::212:7411:11:1111: icmp_seq=9 ttl=59 time=678 ms
64 bytes from aaaa::212:7411:11:1111: icmp_seq=10 ttl=59 time=2479 ms
64 bytes from aaaa::212:7411:11:1111: icmp_seq=15 ttl=59 time=484 ms
64 bytes from aaaa::212:7411:11:1111: icmp_seq=19 ttl=59 time=1194 ms
64 bytes from aaaa::212:7411:11:1111: icmp_seq=24 ttl=59 time=556 ms
64 bytes from aaaa::212:7411:11:1111: icmp_seq=25 ttl=59 time=934 ms
64 bytes from aaaa::212:7411:11:1111: icmp_seq=39 ttl=59 time=2241 ms
64 bytes from aaaa::212:7411:11:1111: icmp_seq=42 ttl=59 time=1468 ms
64 bytes from aaaa::212:7411:11:1111: icmp_seq=43 ttl=59 time=655 ms
64 bytes from aaaa::212:7411:11:1111: icmp_seq=45 ttl=59 time=1615 ms
64 bytes from aaaa::212:7411:11:1111: icmp_seq=46 ttl=59 time=1064 ms
64 bytes from aaaa::212:7411:11:1111: icmp_seq=50 ttl=59 time=996 ms
64 bytes from aaaa::212:7411:11:1111: icmp_seq=52 ttl=59 time=2030 ms
64 bytes from aaaa::212:7411:11:1111: icmp_seq=53 ttl=59 time=1028 ms
64 bytes from aaaa::212:7411:11:1111: icmp_seq=54 ttl=59 time=368 ms
64 bytes from aaaa::212:7411:11:1111: icmp_seq=55 ttl=59 time=632 ms
64 bytes from aaaa::212:7411:11:1111: icmp_seq=61 ttl=59 time=2225 ms
64 bytes from aaaa::212:7411:11:1111: icmp_seq=63 ttl=59 time=5363 ms
64 bytes from aaaa::212:7411:11:1111: icmp_seq=65 ttl=59 time=3295 ms
64 bytes from aaaa::212:7411:11:1111: icmp_seq=66 ttl=59 time=1200 ms
64 bytes from aaaa::212:7411:11:1111: icmp_seq=67 ttl=59 time=976 ms
64 bytes from aaaa::212:7411:11:1111: icmp_seq=69 ttl=59 time=1435 ms
64 bytes from aaaa::212:7411:11:1111: icmp_seq=70 ttl=59 time=486 ms
64 bytes from aaaa::212:7411:11:1111: icmp_seq=72 ttl=59 time=841 ms
64 bytes from aaaa::212:7411:11:1111: icmp_seq=74 ttl=59 time=793 ms
64 bytes from aaaa::212:7411:11:1111: icmp_seq=75 ttl=59 time=440 ms
64 bytes from aaaa::212:7411:11:1111: icmp_seq=76 ttl=59 time=505 ms
64 bytes from aaaa::212:7411:11:1111: icmp_seq=77 ttl=59 time=542 ms
64 bytes from aaaa::212:7411:11:1111: icmp_seq=79 ttl=59 time=619 ms
64 bytes from aaaa::212:7411:11:1111: icmp_seq=80 ttl=59 time=607 ms
64 bytes from aaaa::212:7411:11:1111: icmp_seq=82 ttl=59 time=453 ms
64 bytes from aaaa::212:7411:11:1111: icmp_seq=83 ttl=59 time=482 ms
64 bytes from aaaa::212:7411:11:1111: icmp_seq=84 ttl=59 time=445 ms
64 bytes from aaaa::212:7411:11:1111: icmp_seq=85 ttl=59 time=512 ms
64 bytes from aaaa::212:7411:11:1111: icmp_seq=86 ttl=59 time=3756 ms
64 bytes from aaaa::212:7411:11:1111: icmp_seq=87 ttl=59 time=520 ms
64 bytes from aaaa::212:7411:11:1111: icmp_seq=89 ttl=59 time=495 ms
64 bytes from aaaa::212:7411:11:1111: icmp_seq=90 ttl=59 time=651 ms
64 bytes from aaaa::212:7411:11:1111: icmp_seq=91 ttl=59 time=863 ms
64 bytes from aaaa::212:7411:11:1111: icmp_seq=92 ttl=59 time=679 ms
64 bytes from aaaa::212:7411:11:1111: icmp_seq=93 ttl=59 time=656 ms
64 bytes from aaaa::212:7411:11:1111: icmp_seq=94 ttl=59 time=772 ms
64 bytes from aaaa::212:7411:11:1111: icmp_seq=95 ttl=59 time=668 ms
64 bytes from aaaa::212:7411:11:1111: icmp_seq=97 ttl=59 time=691 ms
64 bytes from aaaa::212:7411:11:1111: icmp_seq=98 ttl=59 time=747 ms
64 bytes from aaaa::212:7411:11:1111: icmp_seq=100 ttl=59 time=631 ms
64 bytes from aaaa::212:7411:11:1111: icmp_seq=101 ttl=59 time=712 ms
64 bytes from aaaa::212:7411:11:1111: icmp_seq=102 ttl=59 time=709 ms
64 bytes from aaaa::212:7411:11:1111: icmp_seq=104 ttl=59 time=925 ms
64 bytes from aaaa::212:7411:11:1111: icmp_seq=105 ttl=59 time=578 ms
64 bytes from aaaa::212:7411:11:1111: icmp_seq=108 ttl=59 time=679 ms
64 bytes from aaaa::212:7411:11:1111: icmp_seq=109 ttl=59 time=856 ms
64 bytes from aaaa::212:7411:11:1111: icmp_seq=116 ttl=59 time=1068 ms
64 bytes from aaaa::212:7411:11:1111: icmp_seq=117 ttl=59 time=2552 ms
64 bytes from aaaa::212:7411:11:1111: icmp_seq=119 ttl=59 time=1173 ms
64 bytes from aaaa::212:7411:11:1111: icmp_seq=121 ttl=59 time=2072 ms
64 bytes from aaaa::212:7411:11:1111: icmp_seq=122 ttl=59 time=2082 ms
64 bytes from aaaa::212:7411:11:1111: icmp_seq=123 ttl=59 time=1044 ms
64 bytes from aaaa::212:7411:11:1111: icmp_seq=125 ttl=59 time=1444 ms
64 bytes from aaaa::212:7411:11:1111: icmp_seq=126 ttl=59 time=674 ms
64 bytes from aaaa::212:7411:11:1111: icmp_seq=127 ttl=59 time=849 ms
64 bytes from aaaa::212:7411:11:1111: icmp_seq=128 ttl=59 time=783 ms
64 bytes from aaaa::212:7411:11:1111: icmp_seq=129 ttl=59 time=744 ms
64 bytes from aaaa::212:7411:11:1111: icmp_seq=130 ttl=59 time=1162 ms
64 bytes from aaaa::212:7411:11:1111: icmp_seq=131 ttl=59 time=935 ms
64 bytes from aaaa::212:7411:11:1111: icmp_seq=132 ttl=59 time=1559 ms
64 bytes from aaaa::212:7411:11:1111: icmp_seq=133 ttl=59 time=1021 ms
64 bytes from aaaa::212:7411:11:1111: icmp_seq=135 ttl=59 time=941 ms
64 bytes from aaaa::212:7411:11:1111: icmp_seq=136 ttl=59 time=1848 ms
64 bytes from aaaa::212:7411:11:1111: icmp_seq=138 ttl=59 time=1510 ms
64 bytes from aaaa::212:7411:11:1111: icmp_seq=139 ttl=59 time=972 ms
64 bytes from aaaa::212:7411:11:1111: icmp_seq=140 ttl=59 time=2862 ms
64 bytes from aaaa::212:7411:11:1111: icmp_seq=142 ttl=59 time=998 ms
64 bytes from aaaa::212:7411:11:1111: icmp_seq=143 ttl=59 time=1820 ms
64 bytes from aaaa::212:7411:11:1111: icmp_seq=144 ttl=59 time=1233 ms
64 bytes from aaaa::212:7411:11:1111: icmp_seq=145 ttl=59 time=2266 ms
64 bytes from aaaa::212:7411:11:1111: icmp_seq=147 ttl=59 time=1405 ms
64 bytes from aaaa::212:7411:11:1111: icmp_seq=148 ttl=59 time=1044 ms
64 bytes from aaaa::212:7411:11:1111: icmp_seq=149 ttl=59 time=1218 ms
64 bytes from aaaa::212:7411:11:1111: icmp_seq=150 ttl=59 time=1575 ms
64 bytes from aaaa::212:7411:11:1111: icmp_seq=151 ttl=59 time=1275 ms
64 bytes from aaaa::212:7411:11:1111: icmp_seq=152 ttl=59 time=2235 ms
64 bytes from aaaa::212:7411:11:1111: icmp_seq=153 ttl=59 time=1380 ms
64 bytes from aaaa::212:7411:11:1111: icmp_seq=154 ttl=59 time=2250 ms
64 bytes from aaaa::212:7411:11:1111: icmp_seq=155 ttl=59 time=1143 ms
64 bytes from aaaa::212:7411:11:1111: icmp_seq=156 ttl=59 time=863 ms
64 bytes from aaaa::212:7411:11:1111: icmp_seq=157 ttl=59 time=1100 ms
64 bytes from aaaa::212:7411:11:1111: icmp_seq=158 ttl=59 time=1262 ms
64 bytes from aaaa::212:7411:11:1111: icmp_seq=160 ttl=59 time=1026 ms
64 bytes from aaaa::212:7411:11:1111: icmp_seq=166 ttl=59 time=1806 ms
64 bytes from aaaa::212:7411:11:1111: icmp_seq=174 ttl=59 time=844 ms
64 bytes from aaaa::212:7411:11:1111: icmp_seq=175 ttl=59 time=980 ms
64 bytes from aaaa::212:7411:11:1111: icmp_seq=177 ttl=59 time=581 ms
64 bytes from aaaa::212:7411:11:1111: icmp_seq=178 ttl=59 time=952 ms
64 bytes from aaaa::212:7411:11:1111: icmp_seq=179 ttl=59 time=613 ms
64 bytes from aaaa::212:7411:11:1111: icmp_seq=180 ttl=59 time=1928 ms
64 bytes from aaaa::212:7411:11:1111: icmp_seq=181 ttl=59 time=638 ms
64 bytes from aaaa::212:7411:11:1111: icmp_seq=182 ttl=59 time=554 ms
64 bytes from aaaa::212:7411:11:1111: icmp_seq=183 ttl=59 time=491 ms
64 bytes from aaaa::212:7411:11:1111: icmp_seq=184 ttl=59 time=621 ms
64 bytes from aaaa::212:7411:11:1111: icmp_seq=185 ttl=59 time=522 ms
64 bytes from aaaa::212:7411:11:1111: icmp_seq=186 ttl=59 time=582 ms
64 bytes from aaaa::212:7411:11:1111: icmp_seq=187 ttl=59 time=664 ms
64 bytes from aaaa::212:7411:11:1111: icmp_seq=189 ttl=59 time=843 ms
64 bytes from aaaa::212:7411:11:1111: icmp_seq=190 ttl=59 time=1101 ms
64 bytes from aaaa::212:7411:11:1111: icmp_seq=191 ttl=59 time=1025 ms
64 bytes from aaaa::212:7411:11:1111: icmp_seq=192 ttl=59 time=1046 ms
64 bytes from aaaa::212:7411:11:1111: icmp_seq=193 ttl=59 time=743 ms
64 bytes from aaaa::212:7411:11:1111: icmp_seq=194 ttl=59 time=747 ms
64 bytes from aaaa::212:7411:11:1111: icmp_seq=195 ttl=59 time=726 ms
64 bytes from aaaa::212:7411:11:1111: icmp_seq=196 ttl=59 time=851 ms
64 bytes from aaaa::212:7411:11:1111: icmp_seq=197 ttl=59 time=1489 ms
64 bytes from aaaa::212:7411:11:1111: icmp_seq=198 ttl=59 time=613 ms
64 bytes from aaaa::212:7411:11:1111: icmp_seq=199 ttl=59 time=655 ms
64 bytes from aaaa::212:7411:11:1111: icmp_seq=200 ttl=59 time=573 ms

--- aaaa::212:7411:11:1111 ping statistics ---
200 packets transmitted, 119 received, 40% packet loss, time 1006309ms
rtt min/avg/max/mdev = 368.603/1154.385/5363.810/757.471 ms, pipe 2
