PING aaaa::212:7409:9:909(aaaa::212:7409:9:909) 56 data bytes
64 bytes from aaaa::212:7409:9:909: icmp_seq=1 ttl=61 time=385 ms
64 bytes from aaaa::212:7409:9:909: icmp_seq=3 ttl=61 time=1080 ms
64 bytes from aaaa::212:7409:9:909: icmp_seq=4 ttl=61 time=546 ms
64 bytes from aaaa::212:7409:9:909: icmp_seq=5 ttl=61 time=574 ms
64 bytes from aaaa::212:7409:9:909: icmp_seq=6 ttl=61 time=370 ms
64 bytes from aaaa::212:7409:9:909: icmp_seq=13 ttl=61 time=619 ms
64 bytes from aaaa::212:7409:9:909: icmp_seq=14 ttl=61 time=276 ms
64 bytes from aaaa::212:7409:9:909: icmp_seq=19 ttl=61 time=479 ms
64 bytes from aaaa::212:7409:9:909: icmp_seq=25 ttl=61 time=702 ms
64 bytes from aaaa::212:7409:9:909: icmp_seq=27 ttl=61 time=660 ms
64 bytes from aaaa::212:7409:9:909: icmp_seq=28 ttl=61 time=292 ms
64 bytes from aaaa::212:7409:9:909: icmp_seq=29 ttl=61 time=300 ms
64 bytes from aaaa::212:7409:9:909: icmp_seq=30 ttl=61 time=575 ms
64 bytes from aaaa::212:7409:9:909: icmp_seq=31 ttl=61 time=1164 ms
64 bytes from aaaa::212:7409:9:909: icmp_seq=32 ttl=61 time=1231 ms
64 bytes from aaaa::212:7409:9:909: icmp_seq=34 ttl=61 time=1127 ms
64 bytes from aaaa::212:7409:9:909: icmp_seq=36 ttl=61 time=1530 ms
64 bytes from aaaa::212:7409:9:909: icmp_seq=37 ttl=61 time=409 ms
64 bytes from aaaa::212:7409:9:909: icmp_seq=38 ttl=61 time=467 ms
64 bytes from aaaa::212:7409:9:909: icmp_seq=39 ttl=61 time=418 ms
64 bytes from aaaa::212:7409:9:909: icmp_seq=40 ttl=61 time=297 ms
64 bytes from aaaa::212:7409:9:909: icmp_seq=41 ttl=61 time=218 ms
64 bytes from aaaa::212:7409:9:909: icmp_seq=42 ttl=61 time=1271 ms
64 bytes from aaaa::212:7409:9:909: icmp_seq=43 ttl=61 time=1264 ms
64 bytes from aaaa::212:7409:9:909: icmp_seq=47 ttl=61 time=621 ms
64 bytes from aaaa::212:7409:9:909: icmp_seq=48 ttl=61 time=1322 ms
64 bytes from aaaa::212:7409:9:909: icmp_seq=49 ttl=61 time=306 ms
64 bytes from aaaa::212:7409:9:909: icmp_seq=50 ttl=61 time=1216 ms
64 bytes from aaaa::212:7409:9:909: icmp_seq=53 ttl=61 time=321 ms
64 bytes from aaaa::212:7409:9:909: icmp_seq=54 ttl=61 time=735 ms
64 bytes from aaaa::212:7409:9:909: icmp_seq=56 ttl=61 time=627 ms
64 bytes from aaaa::212:7409:9:909: icmp_seq=60 ttl=60 time=241 ms
64 bytes from aaaa::212:7409:9:909: icmp_seq=61 ttl=60 time=901 ms
64 bytes from aaaa::212:7409:9:909: icmp_seq=62 ttl=60 time=199 ms
64 bytes from aaaa::212:7409:9:909: icmp_seq=63 ttl=61 time=674 ms
64 bytes from aaaa::212:7409:9:909: icmp_seq=65 ttl=61 time=834 ms
64 bytes from aaaa::212:7409:9:909: icmp_seq=67 ttl=61 time=254 ms
64 bytes from aaaa::212:7409:9:909: icmp_seq=68 ttl=61 time=308 ms
64 bytes from aaaa::212:7409:9:909: icmp_seq=69 ttl=61 time=483 ms
64 bytes from aaaa::212:7409:9:909: icmp_seq=73 ttl=61 time=301 ms
64 bytes from aaaa::212:7409:9:909: icmp_seq=75 ttl=61 time=267 ms
64 bytes from aaaa::212:7409:9:909: icmp_seq=76 ttl=61 time=807 ms
64 bytes from aaaa::212:7409:9:909: icmp_seq=77 ttl=61 time=466 ms
64 bytes from aaaa::212:7409:9:909: icmp_seq=78 ttl=61 time=367 ms
64 bytes from aaaa::212:7409:9:909: icmp_seq=79 ttl=61 time=362 ms
64 bytes from aaaa::212:7409:9:909: icmp_seq=80 ttl=61 time=1595 ms
64 bytes from aaaa::212:7409:9:909: icmp_seq=82 ttl=61 time=317 ms
64 bytes from aaaa::212:7409:9:909: icmp_seq=84 ttl=61 time=342 ms
64 bytes from aaaa::212:7409:9:909: icmp_seq=85 ttl=61 time=1488 ms
64 bytes from aaaa::212:7409:9:909: icmp_seq=86 ttl=61 time=1606 ms
64 bytes from aaaa::212:7409:9:909: icmp_seq=88 ttl=61 time=256 ms
64 bytes from aaaa::212:7409:9:909: icmp_seq=89 ttl=61 time=947 ms
64 bytes from aaaa::212:7409:9:909: icmp_seq=90 ttl=61 time=956 ms
64 bytes from aaaa::212:7409:9:909: icmp_seq=91 ttl=61 time=242 ms
64 bytes from aaaa::212:7409:9:909: icmp_seq=93 ttl=61 time=274 ms
64 bytes from aaaa::212:7409:9:909: icmp_seq=94 ttl=61 time=598 ms
64 bytes from aaaa::212:7409:9:909: icmp_seq=100 ttl=61 time=261 ms
64 bytes from aaaa::212:7409:9:909: icmp_seq=102 ttl=61 time=269 ms
64 bytes from aaaa::212:7409:9:909: icmp_seq=103 ttl=61 time=1070 ms
64 bytes from aaaa::212:7409:9:909: icmp_seq=104 ttl=61 time=607 ms
64 bytes from aaaa::212:7409:9:909: icmp_seq=107 ttl=61 time=507 ms
64 bytes from aaaa::212:7409:9:909: icmp_seq=108 ttl=61 time=753 ms
64 bytes from aaaa::212:7409:9:909: icmp_seq=113 ttl=61 time=1068 ms
64 bytes from aaaa::212:7409:9:909: icmp_seq=114 ttl=61 time=884 ms
64 bytes from aaaa::212:7409:9:909: icmp_seq=119 ttl=61 time=1469 ms
64 bytes from aaaa::212:7409:9:909: icmp_seq=122 ttl=61 time=899 ms
64 bytes from aaaa::212:7409:9:909: icmp_seq=126 ttl=61 time=265 ms
64 bytes from aaaa::212:7409:9:909: icmp_seq=127 ttl=61 time=1600 ms
64 bytes from aaaa::212:7409:9:909: icmp_seq=128 ttl=61 time=328 ms
64 bytes from aaaa::212:7409:9:909: icmp_seq=129 ttl=61 time=214 ms
64 bytes from aaaa::212:7409:9:909: icmp_seq=131 ttl=61 time=1045 ms
64 bytes from aaaa::212:7409:9:909: icmp_seq=132 ttl=61 time=209 ms
64 bytes from aaaa::212:7409:9:909: icmp_seq=133 ttl=61 time=218 ms
64 bytes from aaaa::212:7409:9:909: icmp_seq=134 ttl=61 time=212 ms
64 bytes from aaaa::212:7409:9:909: icmp_seq=135 ttl=61 time=184 ms
64 bytes from aaaa::212:7409:9:909: icmp_seq=136 ttl=61 time=797 ms
64 bytes from aaaa::212:7409:9:909: icmp_seq=137 ttl=61 time=205 ms
64 bytes from aaaa::212:7409:9:909: icmp_seq=138 ttl=61 time=211 ms
64 bytes from aaaa::212:7409:9:909: icmp_seq=139 ttl=61 time=168 ms
64 bytes from aaaa::212:7409:9:909: icmp_seq=140 ttl=61 time=352 ms
64 bytes from aaaa::212:7409:9:909: icmp_seq=141 ttl=61 time=1032 ms
64 bytes from aaaa::212:7409:9:909: icmp_seq=142 ttl=61 time=339 ms
64 bytes from aaaa::212:7409:9:909: icmp_seq=155 ttl=61 time=383 ms
64 bytes from aaaa::212:7409:9:909: icmp_seq=156 ttl=61 time=611 ms
64 bytes from aaaa::212:7409:9:909: icmp_seq=160 ttl=61 time=396 ms
64 bytes from aaaa::212:7409:9:909: icmp_seq=161 ttl=61 time=270 ms
64 bytes from aaaa::212:7409:9:909: icmp_seq=172 ttl=61 time=499 ms
64 bytes from aaaa::212:7409:9:909: icmp_seq=173 ttl=61 time=461 ms
64 bytes from aaaa::212:7409:9:909: icmp_seq=174 ttl=61 time=366 ms
64 bytes from aaaa::212:7409:9:909: icmp_seq=175 ttl=61 time=321 ms
64 bytes from aaaa::212:7409:9:909: icmp_seq=176 ttl=61 time=254 ms
64 bytes from aaaa::212:7409:9:909: icmp_seq=178 ttl=61 time=456 ms
64 bytes from aaaa::212:7409:9:909: icmp_seq=179 ttl=61 time=395 ms
64 bytes from aaaa::212:7409:9:909: icmp_seq=180 ttl=61 time=310 ms
64 bytes from aaaa::212:7409:9:909: icmp_seq=182 ttl=61 time=183 ms
64 bytes from aaaa::212:7409:9:909: icmp_seq=183 ttl=61 time=737 ms
64 bytes from aaaa::212:7409:9:909: icmp_seq=184 ttl=61 time=223 ms
64 bytes from aaaa::212:7409:9:909: icmp_seq=185 ttl=61 time=219 ms
64 bytes from aaaa::212:7409:9:909: icmp_seq=186 ttl=61 time=226 ms
64 bytes from aaaa::212:7409:9:909: icmp_seq=187 ttl=61 time=188 ms
64 bytes from aaaa::212:7409:9:909: icmp_seq=188 ttl=61 time=244 ms
64 bytes from aaaa::212:7409:9:909: icmp_seq=190 ttl=61 time=186 ms
64 bytes from aaaa::212:7409:9:909: icmp_seq=191 ttl=61 time=184 ms
64 bytes from aaaa::212:7409:9:909: icmp_seq=192 ttl=61 time=212 ms
64 bytes from aaaa::212:7409:9:909: icmp_seq=193 ttl=61 time=255 ms
64 bytes from aaaa::212:7409:9:909: icmp_seq=194 ttl=61 time=234 ms
64 bytes from aaaa::212:7409:9:909: icmp_seq=195 ttl=61 time=215 ms
64 bytes from aaaa::212:7409:9:909: icmp_seq=196 ttl=61 time=226 ms
64 bytes from aaaa::212:7409:9:909: icmp_seq=199 ttl=61 time=280 ms
64 bytes from aaaa::212:7409:9:909: icmp_seq=200 ttl=61 time=236 ms

--- aaaa::212:7409:9:909 ping statistics ---
200 packets transmitted, 110 received, 45% packet loss, time 1007284ms
rtt min/avg/max/mdev = 168.358/549.768/1606.043/387.728 ms
