PING aaaa::212:7403:3:303(aaaa::212:7403:3:303) 56 data bytes
64 bytes from aaaa::212:7403:3:303: icmp_seq=1 ttl=63 time=59.9 ms
64 bytes from aaaa::212:7403:3:303: icmp_seq=2 ttl=63 time=62.8 ms
64 bytes from aaaa::212:7403:3:303: icmp_seq=8 ttl=63 time=357 ms
64 bytes from aaaa::212:7403:3:303: icmp_seq=9 ttl=63 time=141 ms
64 bytes from aaaa::212:7403:3:303: icmp_seq=15 ttl=63 time=87.9 ms
64 bytes from aaaa::212:7403:3:303: icmp_seq=18 ttl=63 time=69.5 ms
64 bytes from aaaa::212:7403:3:303: icmp_seq=30 ttl=63 time=563 ms
64 bytes from aaaa::212:7403:3:303: icmp_seq=35 ttl=63 time=217 ms
64 bytes from aaaa::212:7403:3:303: icmp_seq=36 ttl=63 time=80.5 ms
64 bytes from aaaa::212:7403:3:303: icmp_seq=37 ttl=63 time=601 ms
64 bytes from aaaa::212:7403:3:303: icmp_seq=39 ttl=63 time=176 ms
64 bytes from aaaa::212:7403:3:303: icmp_seq=40 ttl=63 time=81.6 ms
64 bytes from aaaa::212:7403:3:303: icmp_seq=41 ttl=63 time=210 ms
64 bytes from aaaa::212:7403:3:303: icmp_seq=42 ttl=63 time=83.0 ms
64 bytes from aaaa::212:7403:3:303: icmp_seq=43 ttl=63 time=93.9 ms
64 bytes from aaaa::212:7403:3:303: icmp_seq=44 ttl=63 time=70.7 ms
64 bytes from aaaa::212:7403:3:303: icmp_seq=45 ttl=63 time=947 ms
64 bytes from aaaa::212:7403:3:303: icmp_seq=46 ttl=63 time=70.5 ms
64 bytes from aaaa::212:7403:3:303: icmp_seq=47 ttl=63 time=116 ms
64 bytes from aaaa::212:7403:3:303: icmp_seq=48 ttl=63 time=77.8 ms
64 bytes from aaaa::212:7403:3:303: icmp_seq=49 ttl=63 time=159 ms
64 bytes from aaaa::212:7403:3:303: icmp_seq=50 ttl=63 time=76.8 ms
64 bytes from aaaa::212:7403:3:303: icmp_seq=51 ttl=63 time=125 ms
64 bytes from aaaa::212:7403:3:303: icmp_seq=52 ttl=63 time=327 ms
64 bytes from aaaa::212:7403:3:303: icmp_seq=53 ttl=63 time=53.9 ms
64 bytes from aaaa::212:7403:3:303: icmp_seq=54 ttl=63 time=61.4 ms
64 bytes from aaaa::212:7403:3:303: icmp_seq=55 ttl=63 time=112 ms
64 bytes from aaaa::212:7403:3:303: icmp_seq=56 ttl=63 time=109 ms
64 bytes from aaaa::212:7403:3:303: icmp_seq=57 ttl=63 time=112 ms
64 bytes from aaaa::212:7403:3:303: icmp_seq=58 ttl=63 time=232 ms
64 bytes from aaaa::212:7403:3:303: icmp_seq=67 ttl=63 time=377 ms
64 bytes from aaaa::212:7403:3:303: icmp_seq=68 ttl=63 time=100 ms
64 bytes from aaaa::212:7403:3:303: icmp_seq=69 ttl=63 time=110 ms
64 bytes from aaaa::212:7403:3:303: icmp_seq=70 ttl=63 time=161 ms
64 bytes from aaaa::212:7403:3:303: icmp_seq=71 ttl=63 time=81.0 ms
64 bytes from aaaa::212:7403:3:303: icmp_seq=72 ttl=63 time=76.0 ms
64 bytes from aaaa::212:7403:3:303: icmp_seq=73 ttl=63 time=97.4 ms
64 bytes from aaaa::212:7403:3:303: icmp_seq=74 ttl=63 time=80.7 ms
64 bytes from aaaa::212:7403:3:303: icmp_seq=75 ttl=63 time=160 ms
64 bytes from aaaa::212:7403:3:303: icmp_seq=76 ttl=63 time=44.6 ms
64 bytes from aaaa::212:7403:3:303: icmp_seq=77 ttl=63 time=44.0 ms
64 bytes from aaaa::212:7403:3:303: icmp_seq=78 ttl=63 time=73.5 ms
64 bytes from aaaa::212:7403:3:303: icmp_seq=79 ttl=63 time=63.0 ms
64 bytes from aaaa::212:7403:3:303: icmp_seq=80 ttl=63 time=53.5 ms
64 bytes from aaaa::212:7403:3:303: icmp_seq=83 ttl=63 time=112 ms
64 bytes from aaaa::212:7403:3:303: icmp_seq=85 ttl=63 time=501 ms
64 bytes from aaaa::212:7403:3:303: icmp_seq=86 ttl=63 time=100 ms
64 bytes from aaaa::212:7403:3:303: icmp_seq=87 ttl=63 time=75.1 ms
64 bytes from aaaa::212:7403:3:303: icmp_seq=88 ttl=63 time=71.2 ms
64 bytes from aaaa::212:7403:3:303: icmp_seq=89 ttl=63 time=41.1 ms
64 bytes from aaaa::212:7403:3:303: icmp_seq=90 ttl=63 time=259 ms
64 bytes from aaaa::212:7403:3:303: icmp_seq=93 ttl=63 time=467 ms
64 bytes from aaaa::212:7403:3:303: icmp_seq=94 ttl=63 time=173 ms
64 bytes from aaaa::212:7403:3:303: icmp_seq=95 ttl=63 time=108 ms
64 bytes from aaaa::212:7403:3:303: icmp_seq=96 ttl=63 time=71.5 ms
64 bytes from aaaa::212:7403:3:303: icmp_seq=104 ttl=63 time=89.5 ms
64 bytes from aaaa::212:7403:3:303: icmp_seq=105 ttl=63 time=160 ms
64 bytes from aaaa::212:7403:3:303: icmp_seq=106 ttl=63 time=78.3 ms
64 bytes from aaaa::212:7403:3:303: icmp_seq=107 ttl=63 time=260 ms
64 bytes from aaaa::212:7403:3:303: icmp_seq=108 ttl=63 time=120 ms
64 bytes from aaaa::212:7403:3:303: icmp_seq=109 ttl=63 time=109 ms
64 bytes from aaaa::212:7403:3:303: icmp_seq=110 ttl=63 time=205 ms
64 bytes from aaaa::212:7403:3:303: icmp_seq=111 ttl=63 time=98.4 ms
64 bytes from aaaa::212:7403:3:303: icmp_seq=112 ttl=63 time=95.4 ms
64 bytes from aaaa::212:7403:3:303: icmp_seq=113 ttl=63 time=46.9 ms
64 bytes from aaaa::212:7403:3:303: icmp_seq=114 ttl=63 time=91.1 ms
64 bytes from aaaa::212:7403:3:303: icmp_seq=115 ttl=63 time=376 ms
64 bytes from aaaa::212:7403:3:303: icmp_seq=116 ttl=63 time=87.2 ms
64 bytes from aaaa::212:7403:3:303: icmp_seq=117 ttl=63 time=76.8 ms
64 bytes from aaaa::212:7403:3:303: icmp_seq=118 ttl=63 time=204 ms
64 bytes from aaaa::212:7403:3:303: icmp_seq=119 ttl=63 time=173 ms
64 bytes from aaaa::212:7403:3:303: icmp_seq=121 ttl=63 time=325 ms
64 bytes from aaaa::212:7403:3:303: icmp_seq=122 ttl=63 time=63.7 ms
64 bytes from aaaa::212:7403:3:303: icmp_seq=123 ttl=63 time=148 ms
64 bytes from aaaa::212:7403:3:303: icmp_seq=124 ttl=63 time=83.8 ms
64 bytes from aaaa::212:7403:3:303: icmp_seq=125 ttl=63 time=57.6 ms
64 bytes from aaaa::212:7403:3:303: icmp_seq=126 ttl=63 time=66.6 ms
64 bytes from aaaa::212:7403:3:303: icmp_seq=127 ttl=63 time=65.5 ms
64 bytes from aaaa::212:7403:3:303: icmp_seq=128 ttl=63 time=92.2 ms
64 bytes from aaaa::212:7403:3:303: icmp_seq=129 ttl=63 time=122 ms
64 bytes from aaaa::212:7403:3:303: icmp_seq=130 ttl=63 time=66.6 ms
64 bytes from aaaa::212:7403:3:303: icmp_seq=131 ttl=63 time=43.8 ms
64 bytes from aaaa::212:7403:3:303: icmp_seq=132 ttl=63 time=120 ms
64 bytes from aaaa::212:7403:3:303: icmp_seq=133 ttl=63 time=481 ms
64 bytes from aaaa::212:7403:3:303: icmp_seq=134 ttl=63 time=68.7 ms
64 bytes from aaaa::212:7403:3:303: icmp_seq=135 ttl=63 time=80.1 ms
64 bytes from aaaa::212:7403:3:303: icmp_seq=136 ttl=63 time=79.6 ms
64 bytes from aaaa::212:7403:3:303: icmp_seq=137 ttl=63 time=89.6 ms
64 bytes from aaaa::212:7403:3:303: icmp_seq=138 ttl=63 time=76.2 ms
64 bytes from aaaa::212:7403:3:303: icmp_seq=139 ttl=63 time=47.5 ms
64 bytes from aaaa::212:7403:3:303: icmp_seq=140 ttl=63 time=134 ms
64 bytes from aaaa::212:7403:3:303: icmp_seq=141 ttl=63 time=64.9 ms
64 bytes from aaaa::212:7403:3:303: icmp_seq=142 ttl=63 time=70.7 ms
64 bytes from aaaa::212:7403:3:303: icmp_seq=143 ttl=63 time=100 ms
64 bytes from aaaa::212:7403:3:303: icmp_seq=144 ttl=63 time=84.0 ms
64 bytes from aaaa::212:7403:3:303: icmp_seq=145 ttl=63 time=122 ms
64 bytes from aaaa::212:7403:3:303: icmp_seq=146 ttl=63 time=144 ms
64 bytes from aaaa::212:7403:3:303: icmp_seq=147 ttl=63 time=52.6 ms
64 bytes from aaaa::212:7403:3:303: icmp_seq=148 ttl=63 time=74.9 ms
64 bytes from aaaa::212:7403:3:303: icmp_seq=149 ttl=63 time=72.0 ms
64 bytes from aaaa::212:7403:3:303: icmp_seq=150 ttl=63 time=45.9 ms
64 bytes from aaaa::212:7403:3:303: icmp_seq=151 ttl=63 time=135 ms
64 bytes from aaaa::212:7403:3:303: icmp_seq=152 ttl=63 time=78.8 ms
64 bytes from aaaa::212:7403:3:303: icmp_seq=153 ttl=63 time=95.2 ms
64 bytes from aaaa::212:7403:3:303: icmp_seq=154 ttl=63 time=83.2 ms
64 bytes from aaaa::212:7403:3:303: icmp_seq=155 ttl=63 time=181 ms
64 bytes from aaaa::212:7403:3:303: icmp_seq=156 ttl=63 time=56.4 ms
64 bytes from aaaa::212:7403:3:303: icmp_seq=157 ttl=63 time=153 ms
64 bytes from aaaa::212:7403:3:303: icmp_seq=158 ttl=63 time=61.0 ms
64 bytes from aaaa::212:7403:3:303: icmp_seq=159 ttl=63 time=135 ms
64 bytes from aaaa::212:7403:3:303: icmp_seq=160 ttl=63 time=51.6 ms
64 bytes from aaaa::212:7403:3:303: icmp_seq=161 ttl=63 time=69.3 ms
64 bytes from aaaa::212:7403:3:303: icmp_seq=162 ttl=63 time=74.2 ms
64 bytes from aaaa::212:7403:3:303: icmp_seq=163 ttl=63 time=64.9 ms
64 bytes from aaaa::212:7403:3:303: icmp_seq=164 ttl=63 time=81.3 ms
64 bytes from aaaa::212:7403:3:303: icmp_seq=165 ttl=63 time=62.6 ms
64 bytes from aaaa::212:7403:3:303: icmp_seq=166 ttl=63 time=110 ms
64 bytes from aaaa::212:7403:3:303: icmp_seq=167 ttl=63 time=97.2 ms
64 bytes from aaaa::212:7403:3:303: icmp_seq=168 ttl=63 time=66.1 ms
64 bytes from aaaa::212:7403:3:303: icmp_seq=169 ttl=63 time=64.6 ms
64 bytes from aaaa::212:7403:3:303: icmp_seq=170 ttl=63 time=50.1 ms
64 bytes from aaaa::212:7403:3:303: icmp_seq=171 ttl=63 time=151 ms
64 bytes from aaaa::212:7403:3:303: icmp_seq=172 ttl=63 time=118 ms
64 bytes from aaaa::212:7403:3:303: icmp_seq=175 ttl=63 time=132 ms
64 bytes from aaaa::212:7403:3:303: icmp_seq=176 ttl=63 time=99.9 ms
64 bytes from aaaa::212:7403:3:303: icmp_seq=177 ttl=63 time=128 ms
64 bytes from aaaa::212:7403:3:303: icmp_seq=178 ttl=63 time=121 ms
64 bytes from aaaa::212:7403:3:303: icmp_seq=179 ttl=63 time=61.4 ms
64 bytes from aaaa::212:7403:3:303: icmp_seq=180 ttl=63 time=81.5 ms
64 bytes from aaaa::212:7403:3:303: icmp_seq=181 ttl=63 time=217 ms
64 bytes from aaaa::212:7403:3:303: icmp_seq=182 ttl=63 time=112 ms
64 bytes from aaaa::212:7403:3:303: icmp_seq=183 ttl=63 time=84.7 ms
64 bytes from aaaa::212:7403:3:303: icmp_seq=184 ttl=63 time=59.7 ms
64 bytes from aaaa::212:7403:3:303: icmp_seq=185 ttl=63 time=93.5 ms
64 bytes from aaaa::212:7403:3:303: icmp_seq=186 ttl=63 time=155 ms
64 bytes from aaaa::212:7403:3:303: icmp_seq=187 ttl=63 time=93.0 ms
64 bytes from aaaa::212:7403:3:303: icmp_seq=188 ttl=63 time=77.1 ms
64 bytes from aaaa::212:7403:3:303: icmp_seq=189 ttl=63 time=78.9 ms
64 bytes from aaaa::212:7403:3:303: icmp_seq=190 ttl=63 time=129 ms
64 bytes from aaaa::212:7403:3:303: icmp_seq=191 ttl=63 time=110 ms
64 bytes from aaaa::212:7403:3:303: icmp_seq=192 ttl=63 time=116 ms
64 bytes from aaaa::212:7403:3:303: icmp_seq=193 ttl=63 time=107 ms
64 bytes from aaaa::212:7403:3:303: icmp_seq=194 ttl=63 time=81.9 ms
64 bytes from aaaa::212:7403:3:303: icmp_seq=195 ttl=63 time=128 ms
64 bytes from aaaa::212:7403:3:303: icmp_seq=196 ttl=63 time=56.2 ms
64 bytes from aaaa::212:7403:3:303: icmp_seq=197 ttl=63 time=82.2 ms
64 bytes from aaaa::212:7403:3:303: icmp_seq=199 ttl=63 time=89.7 ms
64 bytes from aaaa::212:7403:3:303: icmp_seq=200 ttl=63 time=78.2 ms

--- aaaa::212:7403:3:303 ping statistics ---
200 packets transmitted, 148 received, 26% packet loss, time 1002797ms
rtt min/avg/max/mdev = 41.133/128.984/947.262/119.106 ms
