PING aaaa::212:7409:9:909(aaaa::212:7409:9:909) 56 data bytes
64 bytes from aaaa::212:7409:9:909: icmp_seq=1 ttl=61 time=526 ms
64 bytes from aaaa::212:7409:9:909: icmp_seq=6 ttl=61 time=365 ms
64 bytes from aaaa::212:7409:9:909: icmp_seq=17 ttl=61 time=823 ms
64 bytes from aaaa::212:7409:9:909: icmp_seq=18 ttl=61 time=950 ms
64 bytes from aaaa::212:7409:9:909: icmp_seq=21 ttl=61 time=650 ms
64 bytes from aaaa::212:7409:9:909: icmp_seq=22 ttl=61 time=760 ms
64 bytes from aaaa::212:7409:9:909: icmp_seq=23 ttl=61 time=512 ms
64 bytes from aaaa::212:7409:9:909: icmp_seq=33 ttl=61 time=6521 ms
64 bytes from aaaa::212:7409:9:909: icmp_seq=38 ttl=61 time=1765 ms
64 bytes from aaaa::212:7409:9:909: icmp_seq=47 ttl=61 time=971 ms
64 bytes from aaaa::212:7409:9:909: icmp_seq=79 ttl=61 time=717 ms
64 bytes from aaaa::212:7409:9:909: icmp_seq=81 ttl=61 time=644 ms
64 bytes from aaaa::212:7409:9:909: icmp_seq=82 ttl=61 time=1460 ms
64 bytes from aaaa::212:7409:9:909: icmp_seq=84 ttl=61 time=2347 ms
64 bytes from aaaa::212:7409:9:909: icmp_seq=86 ttl=61 time=1431 ms
64 bytes from aaaa::212:7409:9:909: icmp_seq=88 ttl=61 time=1280 ms
64 bytes from aaaa::212:7409:9:909: icmp_seq=89 ttl=61 time=307 ms
64 bytes from aaaa::212:7409:9:909: icmp_seq=90 ttl=61 time=302 ms
64 bytes from aaaa::212:7409:9:909: icmp_seq=92 ttl=61 time=339 ms
64 bytes from aaaa::212:7409:9:909: icmp_seq=93 ttl=61 time=396 ms
64 bytes from aaaa::212:7409:9:909: icmp_seq=94 ttl=61 time=318 ms
64 bytes from aaaa::212:7409:9:909: icmp_seq=95 ttl=61 time=1590 ms
64 bytes from aaaa::212:7409:9:909: icmp_seq=96 ttl=61 time=465 ms
64 bytes from aaaa::212:7409:9:909: icmp_seq=97 ttl=61 time=1092 ms
64 bytes from aaaa::212:7409:9:909: icmp_seq=98 ttl=61 time=347 ms
64 bytes from aaaa::212:7409:9:909: icmp_seq=99 ttl=61 time=896 ms
64 bytes from aaaa::212:7409:9:909: icmp_seq=104 ttl=61 time=1068 ms
64 bytes from aaaa::212:7409:9:909: icmp_seq=109 ttl=61 time=943 ms
64 bytes from aaaa::212:7409:9:909: icmp_seq=111 ttl=61 time=1010 ms
64 bytes from aaaa::212:7409:9:909: icmp_seq=113 ttl=60 time=2634 ms
64 bytes from aaaa::212:7409:9:909: icmp_seq=121 ttl=61 time=919 ms
64 bytes from aaaa::212:7409:9:909: icmp_seq=122 ttl=61 time=904 ms
64 bytes from aaaa::212:7409:9:909: icmp_seq=123 ttl=61 time=1500 ms
64 bytes from aaaa::212:7409:9:909: icmp_seq=124 ttl=61 time=1323 ms
64 bytes from aaaa::212:7409:9:909: icmp_seq=128 ttl=60 time=1959 ms
64 bytes from aaaa::212:7409:9:909: icmp_seq=129 ttl=61 time=2315 ms
64 bytes from aaaa::212:7409:9:909: icmp_seq=134 ttl=61 time=689 ms
64 bytes from aaaa::212:7409:9:909: icmp_seq=135 ttl=61 time=744 ms
64 bytes from aaaa::212:7409:9:909: icmp_seq=144 ttl=61 time=2931 ms
64 bytes from aaaa::212:7409:9:909: icmp_seq=145 ttl=61 time=2170 ms
64 bytes from aaaa::212:7409:9:909: icmp_seq=146 ttl=61 time=658 ms
64 bytes from aaaa::212:7409:9:909: icmp_seq=147 ttl=61 time=484 ms
64 bytes from aaaa::212:7409:9:909: icmp_seq=148 ttl=61 time=731 ms
64 bytes from aaaa::212:7409:9:909: icmp_seq=152 ttl=61 time=2134 ms
64 bytes from aaaa::212:7409:9:909: icmp_seq=155 ttl=61 time=576 ms
64 bytes from aaaa::212:7409:9:909: icmp_seq=159 ttl=61 time=483 ms
64 bytes from aaaa::212:7409:9:909: icmp_seq=160 ttl=61 time=760 ms
64 bytes from aaaa::212:7409:9:909: icmp_seq=162 ttl=61 time=365 ms
64 bytes from aaaa::212:7409:9:909: icmp_seq=163 ttl=60 time=633 ms
64 bytes from aaaa::212:7409:9:909: icmp_seq=169 ttl=61 time=995 ms
64 bytes from aaaa::212:7409:9:909: icmp_seq=170 ttl=61 time=1461 ms
64 bytes from aaaa::212:7409:9:909: icmp_seq=171 ttl=59 time=1620 ms
64 bytes from aaaa::212:7409:9:909: icmp_seq=173 ttl=61 time=1814 ms
64 bytes from aaaa::212:7409:9:909: icmp_seq=174 ttl=61 time=1908 ms
64 bytes from aaaa::212:7409:9:909: icmp_seq=175 ttl=61 time=358 ms
64 bytes from aaaa::212:7409:9:909: icmp_seq=177 ttl=61 time=383 ms
64 bytes from aaaa::212:7409:9:909: icmp_seq=182 ttl=61 time=1537 ms
64 bytes from aaaa::212:7409:9:909: icmp_seq=183 ttl=61 time=1197 ms
64 bytes from aaaa::212:7409:9:909: icmp_seq=188 ttl=61 time=1601 ms
64 bytes from aaaa::212:7409:9:909: icmp_seq=190 ttl=61 time=809 ms
64 bytes from aaaa::212:7409:9:909: icmp_seq=191 ttl=61 time=721 ms
64 bytes from aaaa::212:7409:9:909: icmp_seq=193 ttl=61 time=415 ms
64 bytes from aaaa::212:7409:9:909: icmp_seq=198 ttl=61 time=457 ms
64 bytes from aaaa::212:7409:9:909: icmp_seq=199 ttl=61 time=803 ms
64 bytes from aaaa::212:7409:9:909: icmp_seq=200 ttl=61 time=268 ms

--- aaaa::212:7409:9:909 ping statistics ---
200 packets transmitted, 65 received, 67% packet loss, time 1013321ms
rtt min/avg/max/mdev = 268.604/1109.036/6521.645/926.734 ms, pipe 2
