PING aaaa::212:7403:3:303(aaaa::212:7403:3:303) 56 data bytes
64 bytes from aaaa::212:7403:3:303: icmp_seq=1 ttl=63 time=88.3 ms
64 bytes from aaaa::212:7403:3:303: icmp_seq=2 ttl=63 time=138 ms
64 bytes from aaaa::212:7403:3:303: icmp_seq=3 ttl=63 time=144 ms
64 bytes from aaaa::212:7403:3:303: icmp_seq=6 ttl=63 time=117 ms
64 bytes from aaaa::212:7403:3:303: icmp_seq=7 ttl=63 time=83.4 ms
64 bytes from aaaa::212:7403:3:303: icmp_seq=8 ttl=63 time=96.8 ms
64 bytes from aaaa::212:7403:3:303: icmp_seq=9 ttl=63 time=203 ms
64 bytes from aaaa::212:7403:3:303: icmp_seq=10 ttl=63 time=130 ms
64 bytes from aaaa::212:7403:3:303: icmp_seq=11 ttl=63 time=161 ms
64 bytes from aaaa::212:7403:3:303: icmp_seq=12 ttl=63 time=126 ms
64 bytes from aaaa::212:7403:3:303: icmp_seq=13 ttl=63 time=174 ms
64 bytes from aaaa::212:7403:3:303: icmp_seq=14 ttl=63 time=100 ms
64 bytes from aaaa::212:7403:3:303: icmp_seq=15 ttl=63 time=87.3 ms
64 bytes from aaaa::212:7403:3:303: icmp_seq=16 ttl=63 time=91.8 ms
64 bytes from aaaa::212:7403:3:303: icmp_seq=17 ttl=63 time=100 ms
64 bytes from aaaa::212:7403:3:303: icmp_seq=18 ttl=63 time=82.0 ms
64 bytes from aaaa::212:7403:3:303: icmp_seq=19 ttl=63 time=88.1 ms
64 bytes from aaaa::212:7403:3:303: icmp_seq=20 ttl=63 time=112 ms
64 bytes from aaaa::212:7403:3:303: icmp_seq=21 ttl=63 time=177 ms
64 bytes from aaaa::212:7403:3:303: icmp_seq=22 ttl=63 time=99.8 ms
64 bytes from aaaa::212:7403:3:303: icmp_seq=23 ttl=63 time=143 ms
64 bytes from aaaa::212:7403:3:303: icmp_seq=24 ttl=63 time=717 ms
64 bytes from aaaa::212:7403:3:303: icmp_seq=25 ttl=63 time=140 ms
64 bytes from aaaa::212:7403:3:303: icmp_seq=26 ttl=63 time=140 ms
64 bytes from aaaa::212:7403:3:303: icmp_seq=27 ttl=63 time=117 ms
64 bytes from aaaa::212:7403:3:303: icmp_seq=28 ttl=63 time=79.4 ms
64 bytes from aaaa::212:7403:3:303: icmp_seq=29 ttl=63 time=105 ms
64 bytes from aaaa::212:7403:3:303: icmp_seq=31 ttl=63 time=122 ms
64 bytes from aaaa::212:7403:3:303: icmp_seq=32 ttl=63 time=122 ms
64 bytes from aaaa::212:7403:3:303: icmp_seq=33 ttl=63 time=251 ms
64 bytes from aaaa::212:7403:3:303: icmp_seq=34 ttl=63 time=77.0 ms
64 bytes from aaaa::212:7403:3:303: icmp_seq=35 ttl=63 time=178 ms
64 bytes from aaaa::212:7403:3:303: icmp_seq=36 ttl=63 time=86.0 ms
64 bytes from aaaa::212:7403:3:303: icmp_seq=37 ttl=63 time=114 ms
64 bytes from aaaa::212:7403:3:303: icmp_seq=38 ttl=63 time=95.5 ms
64 bytes from aaaa::212:7403:3:303: icmp_seq=39 ttl=63 time=133 ms
64 bytes from aaaa::212:7403:3:303: icmp_seq=40 ttl=63 time=78.4 ms
64 bytes from aaaa::212:7403:3:303: icmp_seq=41 ttl=63 time=109 ms
64 bytes from aaaa::212:7403:3:303: icmp_seq=42 ttl=63 time=63.8 ms
64 bytes from aaaa::212:7403:3:303: icmp_seq=44 ttl=63 time=86.3 ms
64 bytes from aaaa::212:7403:3:303: icmp_seq=45 ttl=63 time=101 ms
64 bytes from aaaa::212:7403:3:303: icmp_seq=46 ttl=63 time=67.9 ms
64 bytes from aaaa::212:7403:3:303: icmp_seq=47 ttl=63 time=93.0 ms
64 bytes from aaaa::212:7403:3:303: icmp_seq=48 ttl=63 time=85.5 ms
64 bytes from aaaa::212:7403:3:303: icmp_seq=49 ttl=63 time=75.1 ms
64 bytes from aaaa::212:7403:3:303: icmp_seq=50 ttl=63 time=91.9 ms
64 bytes from aaaa::212:7403:3:303: icmp_seq=51 ttl=63 time=94.5 ms
64 bytes from aaaa::212:7403:3:303: icmp_seq=52 ttl=63 time=171 ms
64 bytes from aaaa::212:7403:3:303: icmp_seq=53 ttl=63 time=178 ms
64 bytes from aaaa::212:7403:3:303: icmp_seq=54 ttl=63 time=164 ms
64 bytes from aaaa::212:7403:3:303: icmp_seq=55 ttl=63 time=87.2 ms
64 bytes from aaaa::212:7403:3:303: icmp_seq=56 ttl=63 time=109 ms
64 bytes from aaaa::212:7403:3:303: icmp_seq=57 ttl=63 time=113 ms
64 bytes from aaaa::212:7403:3:303: icmp_seq=58 ttl=63 time=106 ms
64 bytes from aaaa::212:7403:3:303: icmp_seq=60 ttl=63 time=203 ms
64 bytes from aaaa::212:7403:3:303: icmp_seq=61 ttl=63 time=88.6 ms
64 bytes from aaaa::212:7403:3:303: icmp_seq=62 ttl=63 time=75.9 ms
64 bytes from aaaa::212:7403:3:303: icmp_seq=63 ttl=63 time=106 ms
64 bytes from aaaa::212:7403:3:303: icmp_seq=64 ttl=63 time=77.9 ms
64 bytes from aaaa::212:7403:3:303: icmp_seq=65 ttl=63 time=187 ms
64 bytes from aaaa::212:7403:3:303: icmp_seq=66 ttl=63 time=141 ms
64 bytes from aaaa::212:7403:3:303: icmp_seq=68 ttl=63 time=60.7 ms
64 bytes from aaaa::212:7403:3:303: icmp_seq=70 ttl=63 time=164 ms
64 bytes from aaaa::212:7403:3:303: icmp_seq=71 ttl=63 time=133 ms
64 bytes from aaaa::212:7403:3:303: icmp_seq=72 ttl=63 time=121 ms
64 bytes from aaaa::212:7403:3:303: icmp_seq=73 ttl=63 time=109 ms
64 bytes from aaaa::212:7403:3:303: icmp_seq=74 ttl=63 time=69.6 ms
64 bytes from aaaa::212:7403:3:303: icmp_seq=75 ttl=63 time=154 ms
64 bytes from aaaa::212:7403:3:303: icmp_seq=76 ttl=63 time=86.1 ms
64 bytes from aaaa::212:7403:3:303: icmp_seq=77 ttl=63 time=116 ms
64 bytes from aaaa::212:7403:3:303: icmp_seq=78 ttl=63 time=77.3 ms
64 bytes from aaaa::212:7403:3:303: icmp_seq=79 ttl=63 time=75.0 ms
64 bytes from aaaa::212:7403:3:303: icmp_seq=80 ttl=63 time=380 ms
64 bytes from aaaa::212:7403:3:303: icmp_seq=81 ttl=63 time=98.3 ms
64 bytes from aaaa::212:7403:3:303: icmp_seq=82 ttl=63 time=276 ms
64 bytes from aaaa::212:7403:3:303: icmp_seq=83 ttl=63 time=148 ms
64 bytes from aaaa::212:7403:3:303: icmp_seq=84 ttl=63 time=129 ms
64 bytes from aaaa::212:7403:3:303: icmp_seq=85 ttl=63 time=101 ms
64 bytes from aaaa::212:7403:3:303: icmp_seq=86 ttl=63 time=181 ms
64 bytes from aaaa::212:7403:3:303: icmp_seq=87 ttl=63 time=159 ms
64 bytes from aaaa::212:7403:3:303: icmp_seq=88 ttl=63 time=109 ms
64 bytes from aaaa::212:7403:3:303: icmp_seq=89 ttl=63 time=138 ms
64 bytes from aaaa::212:7403:3:303: icmp_seq=90 ttl=63 time=106 ms
64 bytes from aaaa::212:7403:3:303: icmp_seq=91 ttl=63 time=137 ms
64 bytes from aaaa::212:7403:3:303: icmp_seq=92 ttl=63 time=272 ms
64 bytes from aaaa::212:7403:3:303: icmp_seq=93 ttl=63 time=1044 ms
64 bytes from aaaa::212:7403:3:303: icmp_seq=94 ttl=63 time=124 ms
64 bytes from aaaa::212:7403:3:303: icmp_seq=95 ttl=63 time=120 ms
64 bytes from aaaa::212:7403:3:303: icmp_seq=96 ttl=63 time=275 ms
64 bytes from aaaa::212:7403:3:303: icmp_seq=97 ttl=63 time=132 ms
64 bytes from aaaa::212:7403:3:303: icmp_seq=98 ttl=63 time=154 ms
64 bytes from aaaa::212:7403:3:303: icmp_seq=99 ttl=63 time=141 ms
64 bytes from aaaa::212:7403:3:303: icmp_seq=100 ttl=63 time=108 ms
64 bytes from aaaa::212:7403:3:303: icmp_seq=101 ttl=63 time=241 ms
64 bytes from aaaa::212:7403:3:303: icmp_seq=102 ttl=63 time=356 ms
64 bytes from aaaa::212:7403:3:303: icmp_seq=103 ttl=63 time=203 ms
64 bytes from aaaa::212:7403:3:303: icmp_seq=104 ttl=63 time=295 ms
64 bytes from aaaa::212:7403:3:303: icmp_seq=106 ttl=63 time=234 ms
64 bytes from aaaa::212:7403:3:303: icmp_seq=107 ttl=63 time=91.5 ms
64 bytes from aaaa::212:7403:3:303: icmp_seq=108 ttl=63 time=157 ms
64 bytes from aaaa::212:7403:3:303: icmp_seq=109 ttl=63 time=251 ms
64 bytes from aaaa::212:7403:3:303: icmp_seq=110 ttl=63 time=865 ms
64 bytes from aaaa::212:7403:3:303: icmp_seq=111 ttl=63 time=169 ms
64 bytes from aaaa::212:7403:3:303: icmp_seq=112 ttl=63 time=141 ms
64 bytes from aaaa::212:7403:3:303: icmp_seq=113 ttl=63 time=533 ms
64 bytes from aaaa::212:7403:3:303: icmp_seq=114 ttl=63 time=661 ms
64 bytes from aaaa::212:7403:3:303: icmp_seq=115 ttl=63 time=185 ms
64 bytes from aaaa::212:7403:3:303: icmp_seq=116 ttl=63 time=515 ms
64 bytes from aaaa::212:7403:3:303: icmp_seq=117 ttl=63 time=163 ms
64 bytes from aaaa::212:7403:3:303: icmp_seq=118 ttl=63 time=127 ms
64 bytes from aaaa::212:7403:3:303: icmp_seq=119 ttl=63 time=109 ms
64 bytes from aaaa::212:7403:3:303: icmp_seq=121 ttl=63 time=124 ms
64 bytes from aaaa::212:7403:3:303: icmp_seq=122 ttl=63 time=142 ms
64 bytes from aaaa::212:7403:3:303: icmp_seq=123 ttl=63 time=197 ms
64 bytes from aaaa::212:7403:3:303: icmp_seq=124 ttl=63 time=117 ms
64 bytes from aaaa::212:7403:3:303: icmp_seq=125 ttl=63 time=161 ms
64 bytes from aaaa::212:7403:3:303: icmp_seq=126 ttl=63 time=169 ms
64 bytes from aaaa::212:7403:3:303: icmp_seq=127 ttl=63 time=127 ms
64 bytes from aaaa::212:7403:3:303: icmp_seq=128 ttl=63 time=123 ms
64 bytes from aaaa::212:7403:3:303: icmp_seq=129 ttl=63 time=252 ms
64 bytes from aaaa::212:7403:3:303: icmp_seq=130 ttl=63 time=127 ms
64 bytes from aaaa::212:7403:3:303: icmp_seq=131 ttl=63 time=173 ms
64 bytes from aaaa::212:7403:3:303: icmp_seq=132 ttl=63 time=229 ms
64 bytes from aaaa::212:7403:3:303: icmp_seq=133 ttl=63 time=146 ms
64 bytes from aaaa::212:7403:3:303: icmp_seq=134 ttl=63 time=208 ms
64 bytes from aaaa::212:7403:3:303: icmp_seq=135 ttl=63 time=156 ms
64 bytes from aaaa::212:7403:3:303: icmp_seq=136 ttl=63 time=640 ms
64 bytes from aaaa::212:7403:3:303: icmp_seq=137 ttl=63 time=151 ms
64 bytes from aaaa::212:7403:3:303: icmp_seq=139 ttl=63 time=162 ms
64 bytes from aaaa::212:7403:3:303: icmp_seq=143 ttl=63 time=150 ms
64 bytes from aaaa::212:7403:3:303: icmp_seq=145 ttl=63 time=150 ms
64 bytes from aaaa::212:7403:3:303: icmp_seq=154 ttl=63 time=102 ms
64 bytes from aaaa::212:7403:3:303: icmp_seq=155 ttl=63 time=115 ms
64 bytes from aaaa::212:7403:3:303: icmp_seq=156 ttl=63 time=106 ms
64 bytes from aaaa::212:7403:3:303: icmp_seq=157 ttl=63 time=284 ms
64 bytes from aaaa::212:7403:3:303: icmp_seq=158 ttl=63 time=191 ms
64 bytes from aaaa::212:7403:3:303: icmp_seq=159 ttl=63 time=141 ms
64 bytes from aaaa::212:7403:3:303: icmp_seq=160 ttl=63 time=71.5 ms
64 bytes from aaaa::212:7403:3:303: icmp_seq=161 ttl=63 time=219 ms
64 bytes from aaaa::212:7403:3:303: icmp_seq=162 ttl=63 time=96.3 ms
64 bytes from aaaa::212:7403:3:303: icmp_seq=163 ttl=63 time=127 ms
64 bytes from aaaa::212:7403:3:303: icmp_seq=164 ttl=63 time=274 ms
64 bytes from aaaa::212:7403:3:303: icmp_seq=165 ttl=63 time=215 ms
64 bytes from aaaa::212:7403:3:303: icmp_seq=166 ttl=63 time=236 ms
64 bytes from aaaa::212:7403:3:303: icmp_seq=167 ttl=63 time=112 ms
64 bytes from aaaa::212:7403:3:303: icmp_seq=168 ttl=63 time=208 ms
64 bytes from aaaa::212:7403:3:303: icmp_seq=169 ttl=63 time=118 ms
64 bytes from aaaa::212:7403:3:303: icmp_seq=170 ttl=63 time=278 ms
64 bytes from aaaa::212:7403:3:303: icmp_seq=171 ttl=63 time=679 ms
64 bytes from aaaa::212:7403:3:303: icmp_seq=172 ttl=63 time=183 ms
64 bytes from aaaa::212:7403:3:303: icmp_seq=173 ttl=63 time=80.4 ms
64 bytes from aaaa::212:7403:3:303: icmp_seq=174 ttl=63 time=148 ms
64 bytes from aaaa::212:7403:3:303: icmp_seq=175 ttl=63 time=58.0 ms
64 bytes from aaaa::212:7403:3:303: icmp_seq=176 ttl=63 time=124 ms
64 bytes from aaaa::212:7403:3:303: icmp_seq=177 ttl=63 time=279 ms
64 bytes from aaaa::212:7403:3:303: icmp_seq=178 ttl=63 time=157 ms
64 bytes from aaaa::212:7403:3:303: icmp_seq=179 ttl=63 time=215 ms
64 bytes from aaaa::212:7403:3:303: icmp_seq=181 ttl=63 time=236 ms
64 bytes from aaaa::212:7403:3:303: icmp_seq=182 ttl=63 time=107 ms
64 bytes from aaaa::212:7403:3:303: icmp_seq=183 ttl=63 time=385 ms
64 bytes from aaaa::212:7403:3:303: icmp_seq=184 ttl=63 time=479 ms
64 bytes from aaaa::212:7403:3:303: icmp_seq=185 ttl=63 time=434 ms
64 bytes from aaaa::212:7403:3:303: icmp_seq=186 ttl=63 time=194 ms
64 bytes from aaaa::212:7403:3:303: icmp_seq=188 ttl=63 time=169 ms
64 bytes from aaaa::212:7403:3:303: icmp_seq=189 ttl=63 time=160 ms
64 bytes from aaaa::212:7403:3:303: icmp_seq=190 ttl=63 time=171 ms
64 bytes from aaaa::212:7403:3:303: icmp_seq=191 ttl=63 time=141 ms
64 bytes from aaaa::212:7403:3:303: icmp_seq=192 ttl=63 time=182 ms
64 bytes from aaaa::212:7403:3:303: icmp_seq=193 ttl=63 time=223 ms
64 bytes from aaaa::212:7403:3:303: icmp_seq=194 ttl=63 time=195 ms
64 bytes from aaaa::212:7403:3:303: icmp_seq=195 ttl=63 time=145 ms
64 bytes from aaaa::212:7403:3:303: icmp_seq=196 ttl=63 time=144 ms
64 bytes from aaaa::212:7403:3:303: icmp_seq=197 ttl=63 time=423 ms
64 bytes from aaaa::212:7403:3:303: icmp_seq=198 ttl=63 time=132 ms
64 bytes from aaaa::212:7403:3:303: icmp_seq=199 ttl=63 time=131 ms
64 bytes from aaaa::212:7403:3:303: icmp_seq=200 ttl=63 time=170 ms

--- aaaa::212:7403:3:303 ping statistics ---
200 packets transmitted, 176 received, 12% packet loss, time 998987ms
rtt min/avg/max/mdev = 58.064/178.300/1044.495/140.061 ms
