PING aaaa::212:7404:4:404(aaaa::212:7404:4:404) 56 data bytes
64 bytes from aaaa::212:7404:4:404: icmp_seq=1 ttl=63 time=145 ms
64 bytes from aaaa::212:7404:4:404: icmp_seq=2 ttl=63 time=221 ms
64 bytes from aaaa::212:7404:4:404: icmp_seq=3 ttl=63 time=106 ms
64 bytes from aaaa::212:7404:4:404: icmp_seq=5 ttl=63 time=136 ms
64 bytes from aaaa::212:7404:4:404: icmp_seq=11 ttl=63 time=123 ms
64 bytes from aaaa::212:7404:4:404: icmp_seq=21 ttl=63 time=269 ms
64 bytes from aaaa::212:7404:4:404: icmp_seq=22 ttl=63 time=235 ms
64 bytes from aaaa::212:7404:4:404: icmp_seq=27 ttl=63 time=83.6 ms
64 bytes from aaaa::212:7404:4:404: icmp_seq=31 ttl=63 time=301 ms
64 bytes from aaaa::212:7404:4:404: icmp_seq=32 ttl=63 time=216 ms
64 bytes from aaaa::212:7404:4:404: icmp_seq=33 ttl=63 time=132 ms
64 bytes from aaaa::212:7404:4:404: icmp_seq=35 ttl=63 time=109 ms
64 bytes from aaaa::212:7404:4:404: icmp_seq=36 ttl=63 time=112 ms
64 bytes from aaaa::212:7404:4:404: icmp_seq=37 ttl=63 time=146 ms
64 bytes from aaaa::212:7404:4:404: icmp_seq=38 ttl=63 time=336 ms
64 bytes from aaaa::212:7404:4:404: icmp_seq=39 ttl=63 time=139 ms
64 bytes from aaaa::212:7404:4:404: icmp_seq=40 ttl=63 time=106 ms
64 bytes from aaaa::212:7404:4:404: icmp_seq=41 ttl=63 time=61.0 ms
64 bytes from aaaa::212:7404:4:404: icmp_seq=42 ttl=63 time=85.1 ms
64 bytes from aaaa::212:7404:4:404: icmp_seq=43 ttl=63 time=94.5 ms
64 bytes from aaaa::212:7404:4:404: icmp_seq=44 ttl=63 time=62.4 ms
64 bytes from aaaa::212:7404:4:404: icmp_seq=45 ttl=63 time=119 ms
64 bytes from aaaa::212:7404:4:404: icmp_seq=46 ttl=63 time=169 ms
64 bytes from aaaa::212:7404:4:404: icmp_seq=47 ttl=63 time=136 ms
64 bytes from aaaa::212:7404:4:404: icmp_seq=48 ttl=63 time=117 ms
64 bytes from aaaa::212:7404:4:404: icmp_seq=50 ttl=63 time=128 ms
64 bytes from aaaa::212:7404:4:404: icmp_seq=51 ttl=63 time=94.7 ms
64 bytes from aaaa::212:7404:4:404: icmp_seq=52 ttl=63 time=186 ms
64 bytes from aaaa::212:7404:4:404: icmp_seq=53 ttl=63 time=130 ms
64 bytes from aaaa::212:7404:4:404: icmp_seq=54 ttl=63 time=146 ms
64 bytes from aaaa::212:7404:4:404: icmp_seq=55 ttl=63 time=220 ms
64 bytes from aaaa::212:7404:4:404: icmp_seq=57 ttl=63 time=136 ms
64 bytes from aaaa::212:7404:4:404: icmp_seq=58 ttl=63 time=120 ms
64 bytes from aaaa::212:7404:4:404: icmp_seq=60 ttl=63 time=73.9 ms
64 bytes from aaaa::212:7404:4:404: icmp_seq=62 ttl=63 time=531 ms
64 bytes from aaaa::212:7404:4:404: icmp_seq=63 ttl=63 time=161 ms
64 bytes from aaaa::212:7404:4:404: icmp_seq=64 ttl=63 time=119 ms
64 bytes from aaaa::212:7404:4:404: icmp_seq=65 ttl=63 time=174 ms
64 bytes from aaaa::212:7404:4:404: icmp_seq=66 ttl=63 time=148 ms
64 bytes from aaaa::212:7404:4:404: icmp_seq=67 ttl=63 time=109 ms
64 bytes from aaaa::212:7404:4:404: icmp_seq=68 ttl=63 time=115 ms
64 bytes from aaaa::212:7404:4:404: icmp_seq=69 ttl=63 time=304 ms
64 bytes from aaaa::212:7404:4:404: icmp_seq=70 ttl=63 time=62.5 ms
64 bytes from aaaa::212:7404:4:404: icmp_seq=71 ttl=63 time=839 ms
64 bytes from aaaa::212:7404:4:404: icmp_seq=72 ttl=63 time=66.9 ms
64 bytes from aaaa::212:7404:4:404: icmp_seq=74 ttl=63 time=139 ms
64 bytes from aaaa::212:7404:4:404: icmp_seq=75 ttl=63 time=262 ms
64 bytes from aaaa::212:7404:4:404: icmp_seq=76 ttl=63 time=217 ms
64 bytes from aaaa::212:7404:4:404: icmp_seq=77 ttl=63 time=541 ms
64 bytes from aaaa::212:7404:4:404: icmp_seq=78 ttl=63 time=472 ms
64 bytes from aaaa::212:7404:4:404: icmp_seq=79 ttl=63 time=318 ms
64 bytes from aaaa::212:7404:4:404: icmp_seq=80 ttl=63 time=127 ms
64 bytes from aaaa::212:7404:4:404: icmp_seq=81 ttl=63 time=323 ms
64 bytes from aaaa::212:7404:4:404: icmp_seq=82 ttl=63 time=173 ms
64 bytes from aaaa::212:7404:4:404: icmp_seq=83 ttl=63 time=183 ms
64 bytes from aaaa::212:7404:4:404: icmp_seq=86 ttl=63 time=271 ms
64 bytes from aaaa::212:7404:4:404: icmp_seq=87 ttl=63 time=513 ms
64 bytes from aaaa::212:7404:4:404: icmp_seq=88 ttl=63 time=131 ms
64 bytes from aaaa::212:7404:4:404: icmp_seq=89 ttl=63 time=93.6 ms
64 bytes from aaaa::212:7404:4:404: icmp_seq=90 ttl=63 time=229 ms
64 bytes from aaaa::212:7404:4:404: icmp_seq=91 ttl=63 time=1353 ms
64 bytes from aaaa::212:7404:4:404: icmp_seq=92 ttl=63 time=438 ms
64 bytes from aaaa::212:7404:4:404: icmp_seq=93 ttl=63 time=487 ms
64 bytes from aaaa::212:7404:4:404: icmp_seq=95 ttl=63 time=113 ms
64 bytes from aaaa::212:7404:4:404: icmp_seq=96 ttl=63 time=105 ms
64 bytes from aaaa::212:7404:4:404: icmp_seq=97 ttl=63 time=96.6 ms
64 bytes from aaaa::212:7404:4:404: icmp_seq=99 ttl=63 time=71.5 ms
64 bytes from aaaa::212:7404:4:404: icmp_seq=100 ttl=63 time=753 ms
64 bytes from aaaa::212:7404:4:404: icmp_seq=101 ttl=63 time=239 ms
64 bytes from aaaa::212:7404:4:404: icmp_seq=103 ttl=63 time=132 ms
64 bytes from aaaa::212:7404:4:404: icmp_seq=104 ttl=63 time=615 ms
64 bytes from aaaa::212:7404:4:404: icmp_seq=107 ttl=63 time=252 ms
64 bytes from aaaa::212:7404:4:404: icmp_seq=109 ttl=63 time=275 ms
64 bytes from aaaa::212:7404:4:404: icmp_seq=115 ttl=63 time=117 ms
64 bytes from aaaa::212:7404:4:404: icmp_seq=116 ttl=63 time=81.5 ms
64 bytes from aaaa::212:7404:4:404: icmp_seq=117 ttl=63 time=432 ms
64 bytes from aaaa::212:7404:4:404: icmp_seq=118 ttl=63 time=135 ms
64 bytes from aaaa::212:7404:4:404: icmp_seq=119 ttl=63 time=119 ms
64 bytes from aaaa::212:7404:4:404: icmp_seq=120 ttl=63 time=396 ms
64 bytes from aaaa::212:7404:4:404: icmp_seq=121 ttl=63 time=141 ms
64 bytes from aaaa::212:7404:4:404: icmp_seq=122 ttl=63 time=133 ms
64 bytes from aaaa::212:7404:4:404: icmp_seq=123 ttl=63 time=116 ms
64 bytes from aaaa::212:7404:4:404: icmp_seq=124 ttl=63 time=89.3 ms
64 bytes from aaaa::212:7404:4:404: icmp_seq=126 ttl=63 time=320 ms
64 bytes from aaaa::212:7404:4:404: icmp_seq=127 ttl=63 time=146 ms
64 bytes from aaaa::212:7404:4:404: icmp_seq=128 ttl=63 time=608 ms
64 bytes from aaaa::212:7404:4:404: icmp_seq=129 ttl=63 time=603 ms
64 bytes from aaaa::212:7404:4:404: icmp_seq=131 ttl=63 time=835 ms
64 bytes from aaaa::212:7404:4:404: icmp_seq=132 ttl=63 time=244 ms
64 bytes from aaaa::212:7404:4:404: icmp_seq=133 ttl=63 time=737 ms
64 bytes from aaaa::212:7404:4:404: icmp_seq=134 ttl=63 time=263 ms
64 bytes from aaaa::212:7404:4:404: icmp_seq=135 ttl=63 time=83.0 ms
64 bytes from aaaa::212:7404:4:404: icmp_seq=136 ttl=63 time=99.2 ms
64 bytes from aaaa::212:7404:4:404: icmp_seq=137 ttl=63 time=176 ms
64 bytes from aaaa::212:7404:4:404: icmp_seq=138 ttl=63 time=146 ms
64 bytes from aaaa::212:7404:4:404: icmp_seq=139 ttl=63 time=221 ms
64 bytes from aaaa::212:7404:4:404: icmp_seq=140 ttl=63 time=148 ms
64 bytes from aaaa::212:7404:4:404: icmp_seq=141 ttl=63 time=239 ms
64 bytes from aaaa::212:7404:4:404: icmp_seq=142 ttl=63 time=225 ms
64 bytes from aaaa::212:7404:4:404: icmp_seq=144 ttl=63 time=672 ms
64 bytes from aaaa::212:7404:4:404: icmp_seq=145 ttl=63 time=119 ms
64 bytes from aaaa::212:7404:4:404: icmp_seq=146 ttl=63 time=111 ms
64 bytes from aaaa::212:7404:4:404: icmp_seq=147 ttl=63 time=141 ms
64 bytes from aaaa::212:7404:4:404: icmp_seq=149 ttl=63 time=240 ms
64 bytes from aaaa::212:7404:4:404: icmp_seq=150 ttl=63 time=484 ms
64 bytes from aaaa::212:7404:4:404: icmp_seq=151 ttl=63 time=683 ms
64 bytes from aaaa::212:7404:4:404: icmp_seq=152 ttl=63 time=123 ms
64 bytes from aaaa::212:7404:4:404: icmp_seq=153 ttl=63 time=144 ms
64 bytes from aaaa::212:7404:4:404: icmp_seq=154 ttl=63 time=163 ms
64 bytes from aaaa::212:7404:4:404: icmp_seq=155 ttl=63 time=123 ms
64 bytes from aaaa::212:7404:4:404: icmp_seq=156 ttl=63 time=122 ms
64 bytes from aaaa::212:7404:4:404: icmp_seq=157 ttl=63 time=93.1 ms
64 bytes from aaaa::212:7404:4:404: icmp_seq=158 ttl=63 time=90.6 ms
64 bytes from aaaa::212:7404:4:404: icmp_seq=159 ttl=63 time=122 ms
64 bytes from aaaa::212:7404:4:404: icmp_seq=160 ttl=63 time=103 ms
64 bytes from aaaa::212:7404:4:404: icmp_seq=161 ttl=63 time=104 ms
64 bytes from aaaa::212:7404:4:404: icmp_seq=162 ttl=63 time=75.6 ms
64 bytes from aaaa::212:7404:4:404: icmp_seq=163 ttl=63 time=137 ms
64 bytes from aaaa::212:7404:4:404: icmp_seq=164 ttl=63 time=96.0 ms
64 bytes from aaaa::212:7404:4:404: icmp_seq=165 ttl=63 time=88.2 ms
64 bytes from aaaa::212:7404:4:404: icmp_seq=166 ttl=63 time=86.9 ms
64 bytes from aaaa::212:7404:4:404: icmp_seq=167 ttl=63 time=84.9 ms
64 bytes from aaaa::212:7404:4:404: icmp_seq=168 ttl=63 time=78.1 ms
64 bytes from aaaa::212:7404:4:404: icmp_seq=169 ttl=63 time=85.4 ms
64 bytes from aaaa::212:7404:4:404: icmp_seq=170 ttl=63 time=97.2 ms
64 bytes from aaaa::212:7404:4:404: icmp_seq=171 ttl=63 time=89.9 ms
64 bytes from aaaa::212:7404:4:404: icmp_seq=172 ttl=63 time=95.5 ms
64 bytes from aaaa::212:7404:4:404: icmp_seq=173 ttl=63 time=101 ms
64 bytes from aaaa::212:7404:4:404: icmp_seq=174 ttl=63 time=87.8 ms
64 bytes from aaaa::212:7404:4:404: icmp_seq=175 ttl=63 time=91.7 ms
64 bytes from aaaa::212:7404:4:404: icmp_seq=176 ttl=63 time=142 ms
64 bytes from aaaa::212:7404:4:404: icmp_seq=177 ttl=63 time=82.3 ms
64 bytes from aaaa::212:7404:4:404: icmp_seq=178 ttl=63 time=89.5 ms
64 bytes from aaaa::212:7404:4:404: icmp_seq=179 ttl=63 time=1085 ms
64 bytes from aaaa::212:7404:4:404: icmp_seq=180 ttl=63 time=102 ms
64 bytes from aaaa::212:7404:4:404: icmp_seq=181 ttl=63 time=100 ms
64 bytes from aaaa::212:7404:4:404: icmp_seq=183 ttl=63 time=70.5 ms
64 bytes from aaaa::212:7404:4:404: icmp_seq=184 ttl=63 time=105 ms
64 bytes from aaaa::212:7404:4:404: icmp_seq=185 ttl=63 time=65.9 ms
64 bytes from aaaa::212:7404:4:404: icmp_seq=186 ttl=63 time=465 ms
64 bytes from aaaa::212:7404:4:404: icmp_seq=187 ttl=63 time=104 ms
64 bytes from aaaa::212:7404:4:404: icmp_seq=188 ttl=63 time=96.8 ms
64 bytes from aaaa::212:7404:4:404: icmp_seq=190 ttl=63 time=396 ms
64 bytes from aaaa::212:7404:4:404: icmp_seq=191 ttl=63 time=66.2 ms
64 bytes from aaaa::212:7404:4:404: icmp_seq=192 ttl=63 time=290 ms
64 bytes from aaaa::212:7404:4:404: icmp_seq=194 ttl=63 time=137 ms
64 bytes from aaaa::212:7404:4:404: icmp_seq=196 ttl=63 time=149 ms
64 bytes from aaaa::212:7404:4:404: icmp_seq=197 ttl=63 time=399 ms
64 bytes from aaaa::212:7404:4:404: icmp_seq=198 ttl=63 time=290 ms
64 bytes from aaaa::212:7404:4:404: icmp_seq=199 ttl=63 time=154 ms
64 bytes from aaaa::212:7404:4:404: icmp_seq=200 ttl=63 time=149 ms

--- aaaa::212:7404:4:404 ping statistics ---
200 packets transmitted, 151 received, 24% packet loss, time 1002739ms
rtt min/avg/max/mdev = 61.030/218.085/1353.468/203.561 ms
