PING aaaa::212:7407:7:707(aaaa::212:7407:7:707) 56 data bytes
64 bytes from aaaa::212:7407:7:707: icmp_seq=1 ttl=62 time=370 ms
64 bytes from aaaa::212:7407:7:707: icmp_seq=3 ttl=62 time=292 ms
64 bytes from aaaa::212:7407:7:707: icmp_seq=4 ttl=62 time=276 ms
64 bytes from aaaa::212:7407:7:707: icmp_seq=5 ttl=62 time=1077 ms
64 bytes from aaaa::212:7407:7:707: icmp_seq=6 ttl=62 time=210 ms
64 bytes from aaaa::212:7407:7:707: icmp_seq=7 ttl=62 time=2056 ms
64 bytes from aaaa::212:7407:7:707: icmp_seq=8 ttl=62 time=510 ms
64 bytes from aaaa::212:7407:7:707: icmp_seq=9 ttl=62 time=585 ms
64 bytes from aaaa::212:7407:7:707: icmp_seq=13 ttl=62 time=553 ms
64 bytes from aaaa::212:7407:7:707: icmp_seq=14 ttl=62 time=149 ms
64 bytes from aaaa::212:7407:7:707: icmp_seq=15 ttl=62 time=213 ms
64 bytes from aaaa::212:7407:7:707: icmp_seq=16 ttl=62 time=245 ms
64 bytes from aaaa::212:7407:7:707: icmp_seq=17 ttl=62 time=462 ms
64 bytes from aaaa::212:7407:7:707: icmp_seq=18 ttl=62 time=264 ms
64 bytes from aaaa::212:7407:7:707: icmp_seq=19 ttl=62 time=238 ms
64 bytes from aaaa::212:7407:7:707: icmp_seq=20 ttl=62 time=147 ms
64 bytes from aaaa::212:7407:7:707: icmp_seq=21 ttl=62 time=1049 ms
64 bytes from aaaa::212:7407:7:707: icmp_seq=22 ttl=62 time=570 ms
64 bytes from aaaa::212:7407:7:707: icmp_seq=23 ttl=62 time=212 ms
64 bytes from aaaa::212:7407:7:707: icmp_seq=24 ttl=62 time=165 ms
64 bytes from aaaa::212:7407:7:707: icmp_seq=25 ttl=62 time=486 ms
64 bytes from aaaa::212:7407:7:707: icmp_seq=34 ttl=62 time=932 ms
64 bytes from aaaa::212:7407:7:707: icmp_seq=36 ttl=62 time=454 ms
64 bytes from aaaa::212:7407:7:707: icmp_seq=40 ttl=62 time=467 ms
64 bytes from aaaa::212:7407:7:707: icmp_seq=41 ttl=62 time=252 ms
64 bytes from aaaa::212:7407:7:707: icmp_seq=43 ttl=62 time=1272 ms
64 bytes from aaaa::212:7407:7:707: icmp_seq=44 ttl=62 time=1298 ms
64 bytes from aaaa::212:7407:7:707: icmp_seq=47 ttl=62 time=223 ms
64 bytes from aaaa::212:7407:7:707: icmp_seq=49 ttl=62 time=474 ms
64 bytes from aaaa::212:7407:7:707: icmp_seq=50 ttl=62 time=253 ms
64 bytes from aaaa::212:7407:7:707: icmp_seq=51 ttl=62 time=538 ms
64 bytes from aaaa::212:7407:7:707: icmp_seq=52 ttl=62 time=668 ms
64 bytes from aaaa::212:7407:7:707: icmp_seq=53 ttl=62 time=154 ms
64 bytes from aaaa::212:7407:7:707: icmp_seq=54 ttl=62 time=120 ms
64 bytes from aaaa::212:7407:7:707: icmp_seq=55 ttl=62 time=514 ms
64 bytes from aaaa::212:7407:7:707: icmp_seq=56 ttl=62 time=169 ms
64 bytes from aaaa::212:7407:7:707: icmp_seq=57 ttl=62 time=658 ms
64 bytes from aaaa::212:7407:7:707: icmp_seq=59 ttl=62 time=1099 ms
64 bytes from aaaa::212:7407:7:707: icmp_seq=60 ttl=62 time=777 ms
64 bytes from aaaa::212:7407:7:707: icmp_seq=61 ttl=62 time=118 ms
64 bytes from aaaa::212:7407:7:707: icmp_seq=62 ttl=62 time=125 ms
64 bytes from aaaa::212:7407:7:707: icmp_seq=63 ttl=62 time=239 ms
64 bytes from aaaa::212:7407:7:707: icmp_seq=64 ttl=62 time=713 ms
64 bytes from aaaa::212:7407:7:707: icmp_seq=66 ttl=62 time=308 ms
64 bytes from aaaa::212:7407:7:707: icmp_seq=67 ttl=62 time=1046 ms
64 bytes from aaaa::212:7407:7:707: icmp_seq=68 ttl=62 time=726 ms
64 bytes from aaaa::212:7407:7:707: icmp_seq=69 ttl=62 time=280 ms
64 bytes from aaaa::212:7407:7:707: icmp_seq=70 ttl=62 time=157 ms
64 bytes from aaaa::212:7407:7:707: icmp_seq=71 ttl=62 time=186 ms
64 bytes from aaaa::212:7407:7:707: icmp_seq=72 ttl=62 time=188 ms
64 bytes from aaaa::212:7407:7:707: icmp_seq=73 ttl=62 time=259 ms
64 bytes from aaaa::212:7407:7:707: icmp_seq=74 ttl=62 time=194 ms
64 bytes from aaaa::212:7407:7:707: icmp_seq=75 ttl=62 time=739 ms
64 bytes from aaaa::212:7407:7:707: icmp_seq=76 ttl=62 time=364 ms
64 bytes from aaaa::212:7407:7:707: icmp_seq=77 ttl=62 time=219 ms
64 bytes from aaaa::212:7407:7:707: icmp_seq=78 ttl=62 time=828 ms
64 bytes from aaaa::212:7407:7:707: icmp_seq=79 ttl=62 time=102 ms
64 bytes from aaaa::212:7407:7:707: icmp_seq=80 ttl=62 time=2101 ms
64 bytes from aaaa::212:7407:7:707: icmp_seq=82 ttl=62 time=125 ms
64 bytes from aaaa::212:7407:7:707: icmp_seq=83 ttl=62 time=139 ms
64 bytes from aaaa::212:7407:7:707: icmp_seq=84 ttl=62 time=218 ms
64 bytes from aaaa::212:7407:7:707: icmp_seq=85 ttl=62 time=414 ms
64 bytes from aaaa::212:7407:7:707: icmp_seq=86 ttl=62 time=270 ms
64 bytes from aaaa::212:7407:7:707: icmp_seq=87 ttl=62 time=240 ms
64 bytes from aaaa::212:7407:7:707: icmp_seq=88 ttl=62 time=319 ms
64 bytes from aaaa::212:7407:7:707: icmp_seq=89 ttl=62 time=167 ms
64 bytes from aaaa::212:7407:7:707: icmp_seq=91 ttl=62 time=1132 ms
64 bytes from aaaa::212:7407:7:707: icmp_seq=92 ttl=62 time=588 ms
64 bytes from aaaa::212:7407:7:707: icmp_seq=93 ttl=61 time=877 ms
64 bytes from aaaa::212:7407:7:707: icmp_seq=96 ttl=62 time=143 ms
64 bytes from aaaa::212:7407:7:707: icmp_seq=100 ttl=62 time=224 ms
64 bytes from aaaa::212:7407:7:707: icmp_seq=109 ttl=62 time=156 ms
64 bytes from aaaa::212:7407:7:707: icmp_seq=110 ttl=62 time=228 ms
64 bytes from aaaa::212:7407:7:707: icmp_seq=112 ttl=62 time=319 ms
64 bytes from aaaa::212:7407:7:707: icmp_seq=113 ttl=61 time=440 ms
64 bytes from aaaa::212:7407:7:707: icmp_seq=114 ttl=62 time=282 ms
64 bytes from aaaa::212:7407:7:707: icmp_seq=115 ttl=62 time=696 ms
64 bytes from aaaa::212:7407:7:707: icmp_seq=116 ttl=62 time=1196 ms
64 bytes from aaaa::212:7407:7:707: icmp_seq=117 ttl=62 time=174 ms
64 bytes from aaaa::212:7407:7:707: icmp_seq=127 ttl=62 time=159 ms
64 bytes from aaaa::212:7407:7:707: icmp_seq=128 ttl=62 time=881 ms
64 bytes from aaaa::212:7407:7:707: icmp_seq=129 ttl=62 time=413 ms
64 bytes from aaaa::212:7407:7:707: icmp_seq=130 ttl=62 time=127 ms
64 bytes from aaaa::212:7407:7:707: icmp_seq=131 ttl=62 time=172 ms
64 bytes from aaaa::212:7407:7:707: icmp_seq=132 ttl=62 time=1233 ms
64 bytes from aaaa::212:7407:7:707: icmp_seq=133 ttl=62 time=253 ms
64 bytes from aaaa::212:7407:7:707: icmp_seq=134 ttl=62 time=119 ms
64 bytes from aaaa::212:7407:7:707: icmp_seq=135 ttl=62 time=143 ms
64 bytes from aaaa::212:7407:7:707: icmp_seq=136 ttl=62 time=148 ms
64 bytes from aaaa::212:7407:7:707: icmp_seq=137 ttl=62 time=221 ms
64 bytes from aaaa::212:7407:7:707: icmp_seq=138 ttl=62 time=102 ms
64 bytes from aaaa::212:7407:7:707: icmp_seq=139 ttl=62 time=155 ms
64 bytes from aaaa::212:7407:7:707: icmp_seq=140 ttl=62 time=149 ms
64 bytes from aaaa::212:7407:7:707: icmp_seq=141 ttl=62 time=117 ms
64 bytes from aaaa::212:7407:7:707: icmp_seq=142 ttl=62 time=123 ms
64 bytes from aaaa::212:7407:7:707: icmp_seq=143 ttl=62 time=101 ms
64 bytes from aaaa::212:7407:7:707: icmp_seq=144 ttl=62 time=127 ms
64 bytes from aaaa::212:7407:7:707: icmp_seq=145 ttl=62 time=133 ms
64 bytes from aaaa::212:7407:7:707: icmp_seq=146 ttl=62 time=121 ms
64 bytes from aaaa::212:7407:7:707: icmp_seq=147 ttl=62 time=141 ms
64 bytes from aaaa::212:7407:7:707: icmp_seq=148 ttl=62 time=160 ms
64 bytes from aaaa::212:7407:7:707: icmp_seq=149 ttl=62 time=146 ms
64 bytes from aaaa::212:7407:7:707: icmp_seq=150 ttl=62 time=154 ms
64 bytes from aaaa::212:7407:7:707: icmp_seq=151 ttl=62 time=210 ms
64 bytes from aaaa::212:7407:7:707: icmp_seq=152 ttl=62 time=111 ms
64 bytes from aaaa::212:7407:7:707: icmp_seq=153 ttl=62 time=172 ms
64 bytes from aaaa::212:7407:7:707: icmp_seq=154 ttl=62 time=119 ms
64 bytes from aaaa::212:7407:7:707: icmp_seq=155 ttl=62 time=121 ms
64 bytes from aaaa::212:7407:7:707: icmp_seq=156 ttl=62 time=108 ms
64 bytes from aaaa::212:7407:7:707: icmp_seq=157 ttl=62 time=103 ms
64 bytes from aaaa::212:7407:7:707: icmp_seq=158 ttl=62 time=134 ms
64 bytes from aaaa::212:7407:7:707: icmp_seq=159 ttl=62 time=121 ms
64 bytes from aaaa::212:7407:7:707: icmp_seq=160 ttl=62 time=122 ms
64 bytes from aaaa::212:7407:7:707: icmp_seq=161 ttl=62 time=127 ms
64 bytes from aaaa::212:7407:7:707: icmp_seq=162 ttl=62 time=125 ms
64 bytes from aaaa::212:7407:7:707: icmp_seq=163 ttl=62 time=138 ms
64 bytes from aaaa::212:7407:7:707: icmp_seq=164 ttl=62 time=129 ms
64 bytes from aaaa::212:7407:7:707: icmp_seq=165 ttl=62 time=119 ms
64 bytes from aaaa::212:7407:7:707: icmp_seq=166 ttl=62 time=138 ms
64 bytes from aaaa::212:7407:7:707: icmp_seq=167 ttl=62 time=146 ms
64 bytes from aaaa::212:7407:7:707: icmp_seq=168 ttl=62 time=145 ms
64 bytes from aaaa::212:7407:7:707: icmp_seq=169 ttl=62 time=129 ms
64 bytes from aaaa::212:7407:7:707: icmp_seq=171 ttl=62 time=145 ms
64 bytes from aaaa::212:7407:7:707: icmp_seq=172 ttl=62 time=173 ms
64 bytes from aaaa::212:7407:7:707: icmp_seq=179 ttl=62 time=234 ms
64 bytes from aaaa::212:7407:7:707: icmp_seq=184 ttl=62 time=242 ms
64 bytes from aaaa::212:7407:7:707: icmp_seq=194 ttl=62 time=263 ms
64 bytes from aaaa::212:7407:7:707: icmp_seq=195 ttl=62 time=280 ms
64 bytes from aaaa::212:7407:7:707: icmp_seq=196 ttl=62 time=481 ms
64 bytes from aaaa::212:7407:7:707: icmp_seq=197 ttl=62 time=574 ms
64 bytes from aaaa::212:7407:7:707: icmp_seq=198 ttl=62 time=159 ms
64 bytes from aaaa::212:7407:7:707: icmp_seq=199 ttl=62 time=199 ms
64 bytes from aaaa::212:7407:7:707: icmp_seq=200 ttl=62 time=244 ms

--- aaaa::212:7407:7:707 ping statistics ---
200 packets transmitted, 133 received, 33% packet loss, time 1004362ms
rtt min/avg/max/mdev = 101.179/367.373/2101.459/361.121 ms
