PING aaaa::212:7405:5:505(aaaa::212:7405:5:505) 56 data bytes
64 bytes from aaaa::212:7405:5:505: icmp_seq=1 ttl=62 time=458 ms
64 bytes from aaaa::212:7405:5:505: icmp_seq=2 ttl=62 time=399 ms
64 bytes from aaaa::212:7405:5:505: icmp_seq=6 ttl=62 time=182 ms
64 bytes from aaaa::212:7405:5:505: icmp_seq=7 ttl=62 time=1293 ms
64 bytes from aaaa::212:7405:5:505: icmp_seq=9 ttl=62 time=626 ms
64 bytes from aaaa::212:7405:5:505: icmp_seq=10 ttl=62 time=245 ms
64 bytes from aaaa::212:7405:5:505: icmp_seq=11 ttl=62 time=437 ms
64 bytes from aaaa::212:7405:5:505: icmp_seq=12 ttl=62 time=1184 ms
64 bytes from aaaa::212:7405:5:505: icmp_seq=15 ttl=62 time=647 ms
64 bytes from aaaa::212:7405:5:505: icmp_seq=16 ttl=62 time=551 ms
64 bytes from aaaa::212:7405:5:505: icmp_seq=17 ttl=62 time=159 ms
64 bytes from aaaa::212:7405:5:505: icmp_seq=18 ttl=62 time=404 ms
64 bytes from aaaa::212:7405:5:505: icmp_seq=19 ttl=62 time=809 ms
64 bytes from aaaa::212:7405:5:505: icmp_seq=20 ttl=62 time=2182 ms
64 bytes from aaaa::212:7405:5:505: icmp_seq=22 ttl=62 time=450 ms
64 bytes from aaaa::212:7405:5:505: icmp_seq=23 ttl=62 time=182 ms
64 bytes from aaaa::212:7405:5:505: icmp_seq=24 ttl=62 time=203 ms
64 bytes from aaaa::212:7405:5:505: icmp_seq=25 ttl=62 time=320 ms
64 bytes from aaaa::212:7405:5:505: icmp_seq=26 ttl=62 time=469 ms
64 bytes from aaaa::212:7405:5:505: icmp_seq=27 ttl=62 time=179 ms
64 bytes from aaaa::212:7405:5:505: icmp_seq=28 ttl=62 time=193 ms
64 bytes from aaaa::212:7405:5:505: icmp_seq=29 ttl=62 time=1333 ms
64 bytes from aaaa::212:7405:5:505: icmp_seq=30 ttl=62 time=412 ms
64 bytes from aaaa::212:7405:5:505: icmp_seq=31 ttl=62 time=595 ms
64 bytes from aaaa::212:7405:5:505: icmp_seq=32 ttl=62 time=956 ms
64 bytes from aaaa::212:7405:5:505: icmp_seq=33 ttl=62 time=780 ms
64 bytes from aaaa::212:7405:5:505: icmp_seq=35 ttl=62 time=454 ms
64 bytes from aaaa::212:7405:5:505: icmp_seq=36 ttl=62 time=1258 ms
64 bytes from aaaa::212:7405:5:505: icmp_seq=41 ttl=62 time=1858 ms
64 bytes from aaaa::212:7405:5:505: icmp_seq=42 ttl=62 time=1213 ms
64 bytes from aaaa::212:7405:5:505: icmp_seq=43 ttl=62 time=1656 ms
64 bytes from aaaa::212:7405:5:505: icmp_seq=44 ttl=62 time=1034 ms
64 bytes from aaaa::212:7405:5:505: icmp_seq=45 ttl=62 time=844 ms
64 bytes from aaaa::212:7405:5:505: icmp_seq=46 ttl=62 time=1691 ms
64 bytes from aaaa::212:7405:5:505: icmp_seq=47 ttl=62 time=646 ms
64 bytes from aaaa::212:7405:5:505: icmp_seq=48 ttl=62 time=879 ms
64 bytes from aaaa::212:7405:5:505: icmp_seq=51 ttl=62 time=432 ms
64 bytes from aaaa::212:7405:5:505: icmp_seq=57 ttl=62 time=436 ms
64 bytes from aaaa::212:7405:5:505: icmp_seq=59 ttl=62 time=515 ms
64 bytes from aaaa::212:7405:5:505: icmp_seq=65 ttl=62 time=1313 ms
64 bytes from aaaa::212:7405:5:505: icmp_seq=67 ttl=62 time=1349 ms
64 bytes from aaaa::212:7405:5:505: icmp_seq=69 ttl=62 time=518 ms
64 bytes from aaaa::212:7405:5:505: icmp_seq=70 ttl=62 time=742 ms
64 bytes from aaaa::212:7405:5:505: icmp_seq=71 ttl=62 time=280 ms
64 bytes from aaaa::212:7405:5:505: icmp_seq=72 ttl=62 time=1178 ms
64 bytes from aaaa::212:7405:5:505: icmp_seq=73 ttl=62 time=702 ms
64 bytes from aaaa::212:7405:5:505: icmp_seq=75 ttl=62 time=840 ms
64 bytes from aaaa::212:7405:5:505: icmp_seq=87 ttl=62 time=625 ms
64 bytes from aaaa::212:7405:5:505: icmp_seq=88 ttl=62 time=1700 ms
64 bytes from aaaa::212:7405:5:505: icmp_seq=90 ttl=62 time=215 ms
64 bytes from aaaa::212:7405:5:505: icmp_seq=91 ttl=62 time=176 ms
64 bytes from aaaa::212:7405:5:505: icmp_seq=92 ttl=62 time=205 ms
64 bytes from aaaa::212:7405:5:505: icmp_seq=93 ttl=62 time=227 ms
64 bytes from aaaa::212:7405:5:505: icmp_seq=94 ttl=62 time=232 ms
64 bytes from aaaa::212:7405:5:505: icmp_seq=95 ttl=62 time=226 ms
64 bytes from aaaa::212:7405:5:505: icmp_seq=96 ttl=62 time=719 ms
64 bytes from aaaa::212:7405:5:505: icmp_seq=97 ttl=62 time=439 ms
64 bytes from aaaa::212:7405:5:505: icmp_seq=98 ttl=62 time=161 ms
64 bytes from aaaa::212:7405:5:505: icmp_seq=99 ttl=62 time=444 ms
64 bytes from aaaa::212:7405:5:505: icmp_seq=100 ttl=62 time=182 ms
64 bytes from aaaa::212:7405:5:505: icmp_seq=101 ttl=62 time=574 ms
64 bytes from aaaa::212:7405:5:505: icmp_seq=102 ttl=62 time=241 ms
64 bytes from aaaa::212:7405:5:505: icmp_seq=103 ttl=62 time=235 ms
64 bytes from aaaa::212:7405:5:505: icmp_seq=104 ttl=62 time=223 ms
64 bytes from aaaa::212:7405:5:505: icmp_seq=105 ttl=62 time=243 ms
64 bytes from aaaa::212:7405:5:505: icmp_seq=106 ttl=62 time=301 ms
64 bytes from aaaa::212:7405:5:505: icmp_seq=107 ttl=62 time=1049 ms
64 bytes from aaaa::212:7405:5:505: icmp_seq=109 ttl=62 time=208 ms
64 bytes from aaaa::212:7405:5:505: icmp_seq=110 ttl=62 time=424 ms
64 bytes from aaaa::212:7405:5:505: icmp_seq=111 ttl=62 time=154 ms
64 bytes from aaaa::212:7405:5:505: icmp_seq=112 ttl=62 time=208 ms
64 bytes from aaaa::212:7405:5:505: icmp_seq=113 ttl=62 time=582 ms
64 bytes from aaaa::212:7405:5:505: icmp_seq=114 ttl=62 time=736 ms
64 bytes from aaaa::212:7405:5:505: icmp_seq=115 ttl=62 time=224 ms
64 bytes from aaaa::212:7405:5:505: icmp_seq=116 ttl=62 time=264 ms
64 bytes from aaaa::212:7405:5:505: icmp_seq=117 ttl=62 time=201 ms
64 bytes from aaaa::212:7405:5:505: icmp_seq=119 ttl=62 time=383 ms
64 bytes from aaaa::212:7405:5:505: icmp_seq=120 ttl=62 time=571 ms
64 bytes from aaaa::212:7405:5:505: icmp_seq=123 ttl=62 time=304 ms
64 bytes from aaaa::212:7405:5:505: icmp_seq=124 ttl=62 time=1143 ms
64 bytes from aaaa::212:7405:5:505: icmp_seq=126 ttl=62 time=496 ms
64 bytes from aaaa::212:7405:5:505: icmp_seq=127 ttl=62 time=512 ms
64 bytes from aaaa::212:7405:5:505: icmp_seq=128 ttl=62 time=638 ms
64 bytes from aaaa::212:7405:5:505: icmp_seq=129 ttl=62 time=207 ms
64 bytes from aaaa::212:7405:5:505: icmp_seq=130 ttl=62 time=379 ms
64 bytes from aaaa::212:7405:5:505: icmp_seq=131 ttl=62 time=326 ms
64 bytes from aaaa::212:7405:5:505: icmp_seq=132 ttl=62 time=241 ms
64 bytes from aaaa::212:7405:5:505: icmp_seq=134 ttl=62 time=873 ms
64 bytes from aaaa::212:7405:5:505: icmp_seq=135 ttl=62 time=594 ms
64 bytes from aaaa::212:7405:5:505: icmp_seq=137 ttl=62 time=467 ms
64 bytes from aaaa::212:7405:5:505: icmp_seq=138 ttl=62 time=448 ms
64 bytes from aaaa::212:7405:5:505: icmp_seq=140 ttl=62 time=344 ms
64 bytes from aaaa::212:7405:5:505: icmp_seq=142 ttl=62 time=317 ms
64 bytes from aaaa::212:7405:5:505: icmp_seq=143 ttl=62 time=894 ms
64 bytes from aaaa::212:7405:5:505: icmp_seq=144 ttl=62 time=222 ms
64 bytes from aaaa::212:7405:5:505: icmp_seq=145 ttl=62 time=726 ms
64 bytes from aaaa::212:7405:5:505: icmp_seq=146 ttl=62 time=885 ms
64 bytes from aaaa::212:7405:5:505: icmp_seq=147 ttl=62 time=310 ms
64 bytes from aaaa::212:7405:5:505: icmp_seq=148 ttl=62 time=286 ms
64 bytes from aaaa::212:7405:5:505: icmp_seq=149 ttl=62 time=163 ms
64 bytes from aaaa::212:7405:5:505: icmp_seq=150 ttl=62 time=534 ms
64 bytes from aaaa::212:7405:5:505: icmp_seq=151 ttl=62 time=357 ms
64 bytes from aaaa::212:7405:5:505: icmp_seq=154 ttl=62 time=956 ms
64 bytes from aaaa::212:7405:5:505: icmp_seq=155 ttl=62 time=861 ms
64 bytes from aaaa::212:7405:5:505: icmp_seq=157 ttl=62 time=511 ms
64 bytes from aaaa::212:7405:5:505: icmp_seq=158 ttl=62 time=369 ms
64 bytes from aaaa::212:7405:5:505: icmp_seq=159 ttl=62 time=430 ms
64 bytes from aaaa::212:7405:5:505: icmp_seq=160 ttl=62 time=1305 ms
64 bytes from aaaa::212:7405:5:505: icmp_seq=161 ttl=62 time=400 ms
64 bytes from aaaa::212:7405:5:505: icmp_seq=162 ttl=62 time=384 ms
64 bytes from aaaa::212:7405:5:505: icmp_seq=163 ttl=62 time=732 ms
64 bytes from aaaa::212:7405:5:505: icmp_seq=164 ttl=62 time=410 ms
64 bytes from aaaa::212:7405:5:505: icmp_seq=165 ttl=62 time=1041 ms
64 bytes from aaaa::212:7405:5:505: icmp_seq=166 ttl=62 time=543 ms
64 bytes from aaaa::212:7405:5:505: icmp_seq=167 ttl=62 time=726 ms
64 bytes from aaaa::212:7405:5:505: icmp_seq=168 ttl=62 time=484 ms
64 bytes from aaaa::212:7405:5:505: icmp_seq=169 ttl=62 time=1415 ms
64 bytes from aaaa::212:7405:5:505: icmp_seq=170 ttl=62 time=695 ms
64 bytes from aaaa::212:7405:5:505: icmp_seq=171 ttl=62 time=274 ms
64 bytes from aaaa::212:7405:5:505: icmp_seq=172 ttl=62 time=224 ms
64 bytes from aaaa::212:7405:5:505: icmp_seq=179 ttl=62 time=303 ms
64 bytes from aaaa::212:7405:5:505: icmp_seq=181 ttl=62 time=580 ms
64 bytes from aaaa::212:7405:5:505: icmp_seq=183 ttl=62 time=818 ms
64 bytes from aaaa::212:7405:5:505: icmp_seq=193 ttl=62 time=510 ms
64 bytes from aaaa::212:7405:5:505: icmp_seq=194 ttl=62 time=366 ms
64 bytes from aaaa::212:7405:5:505: icmp_seq=195 ttl=62 time=219 ms
64 bytes from aaaa::212:7405:5:505: icmp_seq=196 ttl=62 time=449 ms
64 bytes from aaaa::212:7405:5:505: icmp_seq=197 ttl=62 time=516 ms
64 bytes from aaaa::212:7405:5:505: icmp_seq=198 ttl=62 time=697 ms
64 bytes from aaaa::212:7405:5:505: icmp_seq=199 ttl=62 time=1300 ms
64 bytes from aaaa::212:7405:5:505: icmp_seq=200 ttl=62 time=338 ms

--- aaaa::212:7405:5:505 ping statistics ---
200 packets transmitted, 131 received, 34% packet loss, time 1004983ms
rtt min/avg/max/mdev = 154.114/591.176/2182.518/404.628 ms
