PING aaaa::212:7409:9:909(aaaa::212:7409:9:909) 56 data bytes
64 bytes from aaaa::212:7409:9:909: icmp_seq=1 ttl=61 time=934 ms
64 bytes from aaaa::212:7409:9:909: icmp_seq=10 ttl=61 time=484 ms
64 bytes from aaaa::212:7409:9:909: icmp_seq=11 ttl=61 time=515 ms
64 bytes from aaaa::212:7409:9:909: icmp_seq=26 ttl=61 time=1516 ms
64 bytes from aaaa::212:7409:9:909: icmp_seq=28 ttl=61 time=328 ms
64 bytes from aaaa::212:7409:9:909: icmp_seq=29 ttl=61 time=483 ms
64 bytes from aaaa::212:7409:9:909: icmp_seq=30 ttl=61 time=433 ms
64 bytes from aaaa::212:7409:9:909: icmp_seq=31 ttl=61 time=370 ms
64 bytes from aaaa::212:7409:9:909: icmp_seq=32 ttl=61 time=790 ms
64 bytes from aaaa::212:7409:9:909: icmp_seq=34 ttl=61 time=438 ms
64 bytes from aaaa::212:7409:9:909: icmp_seq=35 ttl=61 time=1326 ms
64 bytes from aaaa::212:7409:9:909: icmp_seq=36 ttl=61 time=1474 ms
64 bytes from aaaa::212:7409:9:909: icmp_seq=37 ttl=61 time=392 ms
64 bytes from aaaa::212:7409:9:909: icmp_seq=38 ttl=61 time=1972 ms
64 bytes from aaaa::212:7409:9:909: icmp_seq=39 ttl=61 time=443 ms
64 bytes from aaaa::212:7409:9:909: icmp_seq=40 ttl=61 time=869 ms
64 bytes from aaaa::212:7409:9:909: icmp_seq=41 ttl=61 time=612 ms
64 bytes from aaaa::212:7409:9:909: icmp_seq=42 ttl=61 time=670 ms
64 bytes from aaaa::212:7409:9:909: icmp_seq=44 ttl=61 time=790 ms
64 bytes from aaaa::212:7409:9:909: icmp_seq=45 ttl=61 time=284 ms
64 bytes from aaaa::212:7409:9:909: icmp_seq=46 ttl=61 time=407 ms
64 bytes from aaaa::212:7409:9:909: icmp_seq=47 ttl=61 time=391 ms
64 bytes from aaaa::212:7409:9:909: icmp_seq=48 ttl=61 time=618 ms
64 bytes from aaaa::212:7409:9:909: icmp_seq=49 ttl=61 time=883 ms
64 bytes from aaaa::212:7409:9:909: icmp_seq=50 ttl=61 time=330 ms
64 bytes from aaaa::212:7409:9:909: icmp_seq=51 ttl=61 time=295 ms
64 bytes from aaaa::212:7409:9:909: icmp_seq=52 ttl=61 time=335 ms
64 bytes from aaaa::212:7409:9:909: icmp_seq=53 ttl=61 time=314 ms
64 bytes from aaaa::212:7409:9:909: icmp_seq=55 ttl=61 time=333 ms
64 bytes from aaaa::212:7409:9:909: icmp_seq=56 ttl=61 time=475 ms
64 bytes from aaaa::212:7409:9:909: icmp_seq=57 ttl=61 time=455 ms
64 bytes from aaaa::212:7409:9:909: icmp_seq=58 ttl=61 time=566 ms
64 bytes from aaaa::212:7409:9:909: icmp_seq=59 ttl=61 time=999 ms
64 bytes from aaaa::212:7409:9:909: icmp_seq=60 ttl=61 time=771 ms
64 bytes from aaaa::212:7409:9:909: icmp_seq=61 ttl=61 time=1110 ms
64 bytes from aaaa::212:7409:9:909: icmp_seq=62 ttl=61 time=1222 ms
64 bytes from aaaa::212:7409:9:909: icmp_seq=63 ttl=61 time=983 ms
64 bytes from aaaa::212:7409:9:909: icmp_seq=64 ttl=61 time=796 ms
64 bytes from aaaa::212:7409:9:909: icmp_seq=65 ttl=61 time=852 ms
64 bytes from aaaa::212:7409:9:909: icmp_seq=67 ttl=61 time=1635 ms
64 bytes from aaaa::212:7409:9:909: icmp_seq=69 ttl=61 time=1116 ms
64 bytes from aaaa::212:7409:9:909: icmp_seq=70 ttl=61 time=580 ms
64 bytes from aaaa::212:7409:9:909: icmp_seq=71 ttl=61 time=932 ms
64 bytes from aaaa::212:7409:9:909: icmp_seq=72 ttl=61 time=925 ms
64 bytes from aaaa::212:7409:9:909: icmp_seq=73 ttl=61 time=1014 ms
64 bytes from aaaa::212:7409:9:909: icmp_seq=74 ttl=61 time=1275 ms
64 bytes from aaaa::212:7409:9:909: icmp_seq=75 ttl=61 time=719 ms
64 bytes from aaaa::212:7409:9:909: icmp_seq=76 ttl=61 time=1327 ms
64 bytes from aaaa::212:7409:9:909: icmp_seq=77 ttl=61 time=804 ms
64 bytes from aaaa::212:7409:9:909: icmp_seq=78 ttl=61 time=764 ms
64 bytes from aaaa::212:7409:9:909: icmp_seq=79 ttl=61 time=900 ms
64 bytes from aaaa::212:7409:9:909: icmp_seq=81 ttl=61 time=1233 ms
64 bytes from aaaa::212:7409:9:909: icmp_seq=83 ttl=61 time=772 ms
64 bytes from aaaa::212:7409:9:909: icmp_seq=88 ttl=61 time=702 ms
64 bytes from aaaa::212:7409:9:909: icmp_seq=91 ttl=61 time=1056 ms
64 bytes from aaaa::212:7409:9:909: icmp_seq=92 ttl=61 time=1035 ms
64 bytes from aaaa::212:7409:9:909: icmp_seq=95 ttl=61 time=1032 ms
64 bytes from aaaa::212:7409:9:909: icmp_seq=98 ttl=61 time=685 ms
64 bytes from aaaa::212:7409:9:909: icmp_seq=102 ttl=61 time=1227 ms
64 bytes from aaaa::212:7409:9:909: icmp_seq=104 ttl=61 time=388 ms
64 bytes from aaaa::212:7409:9:909: icmp_seq=105 ttl=61 time=387 ms
64 bytes from aaaa::212:7409:9:909: icmp_seq=107 ttl=61 time=391 ms
64 bytes from aaaa::212:7409:9:909: icmp_seq=110 ttl=61 time=470 ms
64 bytes from aaaa::212:7409:9:909: icmp_seq=113 ttl=61 time=405 ms
64 bytes from aaaa::212:7409:9:909: icmp_seq=117 ttl=61 time=443 ms
64 bytes from aaaa::212:7409:9:909: icmp_seq=118 ttl=61 time=367 ms
64 bytes from aaaa::212:7409:9:909: icmp_seq=119 ttl=61 time=560 ms
64 bytes from aaaa::212:7409:9:909: icmp_seq=120 ttl=61 time=331 ms
64 bytes from aaaa::212:7409:9:909: icmp_seq=121 ttl=61 time=294 ms
64 bytes from aaaa::212:7409:9:909: icmp_seq=122 ttl=61 time=269 ms
64 bytes from aaaa::212:7409:9:909: icmp_seq=123 ttl=61 time=300 ms
64 bytes from aaaa::212:7409:9:909: icmp_seq=124 ttl=61 time=387 ms
64 bytes from aaaa::212:7409:9:909: icmp_seq=125 ttl=61 time=274 ms
64 bytes from aaaa::212:7409:9:909: icmp_seq=126 ttl=61 time=306 ms
64 bytes from aaaa::212:7409:9:909: icmp_seq=127 ttl=61 time=293 ms
64 bytes from aaaa::212:7409:9:909: icmp_seq=128 ttl=61 time=361 ms
64 bytes from aaaa::212:7409:9:909: icmp_seq=129 ttl=61 time=323 ms
64 bytes from aaaa::212:7409:9:909: icmp_seq=130 ttl=61 time=363 ms
64 bytes from aaaa::212:7409:9:909: icmp_seq=132 ttl=61 time=334 ms
64 bytes from aaaa::212:7409:9:909: icmp_seq=133 ttl=61 time=295 ms
64 bytes from aaaa::212:7409:9:909: icmp_seq=134 ttl=61 time=392 ms
64 bytes from aaaa::212:7409:9:909: icmp_seq=135 ttl=61 time=364 ms
64 bytes from aaaa::212:7409:9:909: icmp_seq=136 ttl=61 time=286 ms
64 bytes from aaaa::212:7409:9:909: icmp_seq=138 ttl=61 time=391 ms
64 bytes from aaaa::212:7409:9:909: icmp_seq=139 ttl=61 time=398 ms
64 bytes from aaaa::212:7409:9:909: icmp_seq=140 ttl=61 time=344 ms
64 bytes from aaaa::212:7409:9:909: icmp_seq=141 ttl=61 time=654 ms
64 bytes from aaaa::212:7409:9:909: icmp_seq=142 ttl=61 time=631 ms
64 bytes from aaaa::212:7409:9:909: icmp_seq=143 ttl=61 time=280 ms
64 bytes from aaaa::212:7409:9:909: icmp_seq=144 ttl=61 time=453 ms
64 bytes from aaaa::212:7409:9:909: icmp_seq=145 ttl=61 time=499 ms
64 bytes from aaaa::212:7409:9:909: icmp_seq=146 ttl=61 time=800 ms
64 bytes from aaaa::212:7409:9:909: icmp_seq=147 ttl=61 time=1492 ms
64 bytes from aaaa::212:7409:9:909: icmp_seq=148 ttl=61 time=556 ms
64 bytes from aaaa::212:7409:9:909: icmp_seq=149 ttl=61 time=440 ms
64 bytes from aaaa::212:7409:9:909: icmp_seq=152 ttl=61 time=578 ms
64 bytes from aaaa::212:7409:9:909: icmp_seq=153 ttl=61 time=361 ms
64 bytes from aaaa::212:7409:9:909: icmp_seq=154 ttl=61 time=297 ms
64 bytes from aaaa::212:7409:9:909: icmp_seq=156 ttl=61 time=698 ms
64 bytes from aaaa::212:7409:9:909: icmp_seq=157 ttl=61 time=748 ms
64 bytes from aaaa::212:7409:9:909: icmp_seq=158 ttl=61 time=1107 ms
64 bytes from aaaa::212:7409:9:909: icmp_seq=159 ttl=61 time=675 ms
64 bytes from aaaa::212:7409:9:909: icmp_seq=160 ttl=61 time=427 ms
64 bytes from aaaa::212:7409:9:909: icmp_seq=161 ttl=61 time=1294 ms
64 bytes from aaaa::212:7409:9:909: icmp_seq=162 ttl=61 time=408 ms
64 bytes from aaaa::212:7409:9:909: icmp_seq=163 ttl=61 time=973 ms
64 bytes from aaaa::212:7409:9:909: icmp_seq=164 ttl=61 time=311 ms
64 bytes from aaaa::212:7409:9:909: icmp_seq=165 ttl=61 time=1790 ms
64 bytes from aaaa::212:7409:9:909: icmp_seq=166 ttl=61 time=474 ms
64 bytes from aaaa::212:7409:9:909: icmp_seq=167 ttl=61 time=323 ms
64 bytes from aaaa::212:7409:9:909: icmp_seq=168 ttl=61 time=1029 ms
64 bytes from aaaa::212:7409:9:909: icmp_seq=169 ttl=61 time=379 ms
64 bytes from aaaa::212:7409:9:909: icmp_seq=170 ttl=61 time=311 ms
64 bytes from aaaa::212:7409:9:909: icmp_seq=171 ttl=61 time=1494 ms
64 bytes from aaaa::212:7409:9:909: icmp_seq=172 ttl=61 time=553 ms
64 bytes from aaaa::212:7409:9:909: icmp_seq=173 ttl=61 time=306 ms
64 bytes from aaaa::212:7409:9:909: icmp_seq=174 ttl=61 time=311 ms
64 bytes from aaaa::212:7409:9:909: icmp_seq=175 ttl=61 time=460 ms
64 bytes from aaaa::212:7409:9:909: icmp_seq=176 ttl=61 time=1021 ms
64 bytes from aaaa::212:7409:9:909: icmp_seq=177 ttl=61 time=346 ms
64 bytes from aaaa::212:7409:9:909: icmp_seq=179 ttl=61 time=405 ms
64 bytes from aaaa::212:7409:9:909: icmp_seq=180 ttl=61 time=1375 ms
64 bytes from aaaa::212:7409:9:909: icmp_seq=181 ttl=61 time=436 ms
64 bytes from aaaa::212:7409:9:909: icmp_seq=182 ttl=61 time=672 ms
64 bytes from aaaa::212:7409:9:909: icmp_seq=183 ttl=61 time=343 ms
64 bytes from aaaa::212:7409:9:909: icmp_seq=184 ttl=61 time=1023 ms
64 bytes from aaaa::212:7409:9:909: icmp_seq=185 ttl=61 time=931 ms
64 bytes from aaaa::212:7409:9:909: icmp_seq=186 ttl=61 time=623 ms
64 bytes from aaaa::212:7409:9:909: icmp_seq=187 ttl=61 time=357 ms
64 bytes from aaaa::212:7409:9:909: icmp_seq=188 ttl=61 time=1903 ms
64 bytes from aaaa::212:7409:9:909: icmp_seq=189 ttl=61 time=700 ms
64 bytes from aaaa::212:7409:9:909: icmp_seq=190 ttl=61 time=986 ms
64 bytes from aaaa::212:7409:9:909: icmp_seq=191 ttl=61 time=319 ms
64 bytes from aaaa::212:7409:9:909: icmp_seq=192 ttl=61 time=468 ms
64 bytes from aaaa::212:7409:9:909: icmp_seq=193 ttl=61 time=396 ms
64 bytes from aaaa::212:7409:9:909: icmp_seq=195 ttl=61 time=808 ms
64 bytes from aaaa::212:7409:9:909: icmp_seq=196 ttl=61 time=530 ms
64 bytes from aaaa::212:7409:9:909: icmp_seq=198 ttl=61 time=396 ms
64 bytes from aaaa::212:7409:9:909: icmp_seq=199 ttl=61 time=276 ms

--- aaaa::212:7409:9:909 ping statistics ---
200 packets transmitted, 139 received, 30% packet loss, time 1004431ms
rtt min/avg/max/mdev = 269.509/663.309/1972.494/382.196 ms
