PING aaaa::212:7410:10:1010(aaaa::212:7410:10:1010) 56 data bytes
64 bytes from aaaa::212:7410:10:1010: icmp_seq=2 ttl=60 time=719 ms
64 bytes from aaaa::212:7410:10:1010: icmp_seq=3 ttl=60 time=984 ms
64 bytes from aaaa::212:7410:10:1010: icmp_seq=4 ttl=60 time=534 ms
64 bytes from aaaa::212:7410:10:1010: icmp_seq=6 ttl=60 time=468 ms
64 bytes from aaaa::212:7410:10:1010: icmp_seq=7 ttl=60 time=567 ms
64 bytes from aaaa::212:7410:10:1010: icmp_seq=9 ttl=60 time=552 ms
64 bytes from aaaa::212:7410:10:1010: icmp_seq=10 ttl=60 time=706 ms
64 bytes from aaaa::212:7410:10:1010: icmp_seq=11 ttl=60 time=920 ms
64 bytes from aaaa::212:7410:10:1010: icmp_seq=12 ttl=60 time=736 ms
64 bytes from aaaa::212:7410:10:1010: icmp_seq=13 ttl=60 time=559 ms
64 bytes from aaaa::212:7410:10:1010: icmp_seq=14 ttl=60 time=790 ms
64 bytes from aaaa::212:7410:10:1010: icmp_seq=15 ttl=60 time=549 ms
64 bytes from aaaa::212:7410:10:1010: icmp_seq=17 ttl=60 time=654 ms
64 bytes from aaaa::212:7410:10:1010: icmp_seq=18 ttl=60 time=620 ms
64 bytes from aaaa::212:7410:10:1010: icmp_seq=19 ttl=60 time=706 ms
64 bytes from aaaa::212:7410:10:1010: icmp_seq=21 ttl=60 time=509 ms
64 bytes from aaaa::212:7410:10:1010: icmp_seq=22 ttl=60 time=525 ms
64 bytes from aaaa::212:7410:10:1010: icmp_seq=24 ttl=60 time=552 ms
64 bytes from aaaa::212:7410:10:1010: icmp_seq=28 ttl=60 time=881 ms
64 bytes from aaaa::212:7410:10:1010: icmp_seq=29 ttl=60 time=566 ms
64 bytes from aaaa::212:7410:10:1010: icmp_seq=31 ttl=60 time=1219 ms
64 bytes from aaaa::212:7410:10:1010: icmp_seq=32 ttl=60 time=1222 ms
64 bytes from aaaa::212:7410:10:1010: icmp_seq=33 ttl=60 time=1016 ms
64 bytes from aaaa::212:7410:10:1010: icmp_seq=34 ttl=60 time=960 ms
64 bytes from aaaa::212:7410:10:1010: icmp_seq=36 ttl=60 time=551 ms
64 bytes from aaaa::212:7410:10:1010: icmp_seq=38 ttl=60 time=527 ms
64 bytes from aaaa::212:7410:10:1010: icmp_seq=44 ttl=60 time=864 ms
64 bytes from aaaa::212:7410:10:1010: icmp_seq=47 ttl=60 time=780 ms
64 bytes from aaaa::212:7410:10:1010: icmp_seq=48 ttl=60 time=894 ms
64 bytes from aaaa::212:7410:10:1010: icmp_seq=49 ttl=60 time=770 ms
64 bytes from aaaa::212:7410:10:1010: icmp_seq=50 ttl=60 time=554 ms
64 bytes from aaaa::212:7410:10:1010: icmp_seq=51 ttl=60 time=1808 ms
64 bytes from aaaa::212:7410:10:1010: icmp_seq=52 ttl=60 time=684 ms
64 bytes from aaaa::212:7410:10:1010: icmp_seq=53 ttl=60 time=720 ms
64 bytes from aaaa::212:7410:10:1010: icmp_seq=54 ttl=60 time=639 ms
64 bytes from aaaa::212:7410:10:1010: icmp_seq=55 ttl=60 time=1050 ms
64 bytes from aaaa::212:7410:10:1010: icmp_seq=56 ttl=60 time=723 ms
64 bytes from aaaa::212:7410:10:1010: icmp_seq=57 ttl=60 time=661 ms
64 bytes from aaaa::212:7410:10:1010: icmp_seq=58 ttl=60 time=672 ms
64 bytes from aaaa::212:7410:10:1010: icmp_seq=63 ttl=60 time=1774 ms
64 bytes from aaaa::212:7410:10:1010: icmp_seq=64 ttl=60 time=396 ms
64 bytes from aaaa::212:7410:10:1010: icmp_seq=65 ttl=60 time=1161 ms
64 bytes from aaaa::212:7410:10:1010: icmp_seq=70 ttl=60 time=899 ms
64 bytes from aaaa::212:7410:10:1010: icmp_seq=71 ttl=60 time=673 ms
64 bytes from aaaa::212:7410:10:1010: icmp_seq=74 ttl=60 time=1359 ms
64 bytes from aaaa::212:7410:10:1010: icmp_seq=76 ttl=60 time=876 ms
64 bytes from aaaa::212:7410:10:1010: icmp_seq=77 ttl=60 time=1116 ms
64 bytes from aaaa::212:7410:10:1010: icmp_seq=81 ttl=60 time=884 ms
64 bytes from aaaa::212:7410:10:1010: icmp_seq=93 ttl=60 time=1574 ms
64 bytes from aaaa::212:7410:10:1010: icmp_seq=94 ttl=60 time=519 ms
64 bytes from aaaa::212:7410:10:1010: icmp_seq=95 ttl=60 time=815 ms
64 bytes from aaaa::212:7410:10:1010: icmp_seq=96 ttl=60 time=952 ms
64 bytes from aaaa::212:7410:10:1010: icmp_seq=97 ttl=60 time=683 ms
64 bytes from aaaa::212:7410:10:1010: icmp_seq=98 ttl=60 time=974 ms
64 bytes from aaaa::212:7410:10:1010: icmp_seq=99 ttl=60 time=1265 ms
64 bytes from aaaa::212:7410:10:1010: icmp_seq=102 ttl=60 time=1103 ms
64 bytes from aaaa::212:7410:10:1010: icmp_seq=106 ttl=60 time=720 ms
64 bytes from aaaa::212:7410:10:1010: icmp_seq=112 ttl=60 time=628 ms
64 bytes from aaaa::212:7410:10:1010: icmp_seq=119 ttl=60 time=647 ms
64 bytes from aaaa::212:7410:10:1010: icmp_seq=123 ttl=60 time=661 ms
64 bytes from aaaa::212:7410:10:1010: icmp_seq=128 ttl=60 time=520 ms
64 bytes from aaaa::212:7410:10:1010: icmp_seq=136 ttl=60 time=1265 ms
64 bytes from aaaa::212:7410:10:1010: icmp_seq=137 ttl=60 time=734 ms
64 bytes from aaaa::212:7410:10:1010: icmp_seq=138 ttl=60 time=1169 ms
64 bytes from aaaa::212:7410:10:1010: icmp_seq=139 ttl=60 time=708 ms
64 bytes from aaaa::212:7410:10:1010: icmp_seq=140 ttl=60 time=1101 ms
64 bytes from aaaa::212:7410:10:1010: icmp_seq=141 ttl=60 time=677 ms
64 bytes from aaaa::212:7410:10:1010: icmp_seq=142 ttl=60 time=1340 ms
64 bytes from aaaa::212:7410:10:1010: icmp_seq=143 ttl=60 time=721 ms
64 bytes from aaaa::212:7410:10:1010: icmp_seq=144 ttl=60 time=967 ms
64 bytes from aaaa::212:7410:10:1010: icmp_seq=145 ttl=60 time=1350 ms
64 bytes from aaaa::212:7410:10:1010: icmp_seq=146 ttl=60 time=1520 ms
64 bytes from aaaa::212:7410:10:1010: icmp_seq=147 ttl=60 time=780 ms
64 bytes from aaaa::212:7410:10:1010: icmp_seq=148 ttl=60 time=2166 ms
64 bytes from aaaa::212:7410:10:1010: icmp_seq=149 ttl=60 time=2005 ms
64 bytes from aaaa::212:7410:10:1010: icmp_seq=150 ttl=60 time=2325 ms
64 bytes from aaaa::212:7410:10:1010: icmp_seq=152 ttl=60 time=964 ms
64 bytes from aaaa::212:7410:10:1010: icmp_seq=153 ttl=60 time=1542 ms
64 bytes from aaaa::212:7410:10:1010: icmp_seq=154 ttl=60 time=608 ms
64 bytes from aaaa::212:7410:10:1010: icmp_seq=155 ttl=60 time=717 ms
64 bytes from aaaa::212:7410:10:1010: icmp_seq=157 ttl=60 time=687 ms
64 bytes from aaaa::212:7410:10:1010: icmp_seq=158 ttl=60 time=595 ms
64 bytes from aaaa::212:7410:10:1010: icmp_seq=159 ttl=60 time=968 ms
64 bytes from aaaa::212:7410:10:1010: icmp_seq=161 ttl=60 time=620 ms
64 bytes from aaaa::212:7410:10:1010: icmp_seq=162 ttl=60 time=688 ms
64 bytes from aaaa::212:7410:10:1010: icmp_seq=165 ttl=60 time=755 ms
64 bytes from aaaa::212:7410:10:1010: icmp_seq=166 ttl=60 time=1096 ms
64 bytes from aaaa::212:7410:10:1010: icmp_seq=168 ttl=60 time=529 ms
64 bytes from aaaa::212:7410:10:1010: icmp_seq=169 ttl=60 time=1063 ms
64 bytes from aaaa::212:7410:10:1010: icmp_seq=170 ttl=60 time=1003 ms
64 bytes from aaaa::212:7410:10:1010: icmp_seq=172 ttl=60 time=468 ms
64 bytes from aaaa::212:7410:10:1010: icmp_seq=173 ttl=60 time=720 ms
64 bytes from aaaa::212:7410:10:1010: icmp_seq=174 ttl=60 time=775 ms
64 bytes from aaaa::212:7410:10:1010: icmp_seq=175 ttl=60 time=441 ms
64 bytes from aaaa::212:7410:10:1010: icmp_seq=176 ttl=60 time=1276 ms
64 bytes from aaaa::212:7410:10:1010: icmp_seq=177 ttl=60 time=504 ms
64 bytes from aaaa::212:7410:10:1010: icmp_seq=179 ttl=60 time=570 ms
64 bytes from aaaa::212:7410:10:1010: icmp_seq=180 ttl=60 time=1207 ms
64 bytes from aaaa::212:7410:10:1010: icmp_seq=181 ttl=60 time=403 ms
64 bytes from aaaa::212:7410:10:1010: icmp_seq=182 ttl=60 time=2587 ms
64 bytes from aaaa::212:7410:10:1010: icmp_seq=184 ttl=60 time=1273 ms
64 bytes from aaaa::212:7410:10:1010: icmp_seq=187 ttl=60 time=831 ms
64 bytes from aaaa::212:7410:10:1010: icmp_seq=188 ttl=60 time=617 ms
64 bytes from aaaa::212:7410:10:1010: icmp_seq=192 ttl=60 time=1015 ms
64 bytes from aaaa::212:7410:10:1010: icmp_seq=200 ttl=60 time=923 ms

--- aaaa::212:7410:10:1010 ping statistics ---
200 packets transmitted, 105 received, 47% packet loss, time 1008401ms
rtt min/avg/max/mdev = 396.435/894.630/2587.712/406.398 ms
