PING aaaa::212:740c:c:c0c(aaaa::212:740c:c:c0c) 56 data bytes
64 bytes from aaaa::212:740c:c:c0c: icmp_seq=1 ttl=61 time=476 ms
64 bytes from aaaa::212:740c:c:c0c: icmp_seq=4 ttl=61 time=601 ms
64 bytes from aaaa::212:740c:c:c0c: icmp_seq=5 ttl=61 time=642 ms
64 bytes from aaaa::212:740c:c:c0c: icmp_seq=6 ttl=61 time=308 ms
64 bytes from aaaa::212:740c:c:c0c: icmp_seq=7 ttl=61 time=597 ms
64 bytes from aaaa::212:740c:c:c0c: icmp_seq=8 ttl=61 time=328 ms
64 bytes from aaaa::212:740c:c:c0c: icmp_seq=9 ttl=61 time=352 ms
64 bytes from aaaa::212:740c:c:c0c: icmp_seq=10 ttl=61 time=259 ms
64 bytes from aaaa::212:740c:c:c0c: icmp_seq=11 ttl=61 time=377 ms
64 bytes from aaaa::212:740c:c:c0c: icmp_seq=12 ttl=61 time=297 ms
64 bytes from aaaa::212:740c:c:c0c: icmp_seq=13 ttl=61 time=491 ms
64 bytes from aaaa::212:740c:c:c0c: icmp_seq=14 ttl=61 time=411 ms
64 bytes from aaaa::212:740c:c:c0c: icmp_seq=15 ttl=61 time=333 ms
64 bytes from aaaa::212:740c:c:c0c: icmp_seq=16 ttl=61 time=366 ms
64 bytes from aaaa::212:740c:c:c0c: icmp_seq=17 ttl=61 time=681 ms
64 bytes from aaaa::212:740c:c:c0c: icmp_seq=18 ttl=61 time=465 ms
64 bytes from aaaa::212:740c:c:c0c: icmp_seq=19 ttl=61 time=562 ms
64 bytes from aaaa::212:740c:c:c0c: icmp_seq=20 ttl=61 time=550 ms
64 bytes from aaaa::212:740c:c:c0c: icmp_seq=21 ttl=61 time=540 ms
64 bytes from aaaa::212:740c:c:c0c: icmp_seq=22 ttl=61 time=682 ms
64 bytes from aaaa::212:740c:c:c0c: icmp_seq=23 ttl=61 time=703 ms
64 bytes from aaaa::212:740c:c:c0c: icmp_seq=24 ttl=61 time=662 ms
64 bytes from aaaa::212:740c:c:c0c: icmp_seq=25 ttl=61 time=595 ms
64 bytes from aaaa::212:740c:c:c0c: icmp_seq=27 ttl=61 time=779 ms
64 bytes from aaaa::212:740c:c:c0c: icmp_seq=30 ttl=61 time=407 ms
64 bytes from aaaa::212:740c:c:c0c: icmp_seq=31 ttl=61 time=727 ms
64 bytes from aaaa::212:740c:c:c0c: icmp_seq=33 ttl=61 time=626 ms
64 bytes from aaaa::212:740c:c:c0c: icmp_seq=37 ttl=61 time=476 ms
64 bytes from aaaa::212:740c:c:c0c: icmp_seq=38 ttl=61 time=405 ms
64 bytes from aaaa::212:740c:c:c0c: icmp_seq=39 ttl=61 time=520 ms
64 bytes from aaaa::212:740c:c:c0c: icmp_seq=40 ttl=61 time=388 ms
64 bytes from aaaa::212:740c:c:c0c: icmp_seq=41 ttl=61 time=532 ms
64 bytes from aaaa::212:740c:c:c0c: icmp_seq=47 ttl=61 time=1047 ms
64 bytes from aaaa::212:740c:c:c0c: icmp_seq=48 ttl=61 time=845 ms
64 bytes from aaaa::212:740c:c:c0c: icmp_seq=49 ttl=61 time=650 ms
64 bytes from aaaa::212:740c:c:c0c: icmp_seq=58 ttl=61 time=1079 ms
64 bytes from aaaa::212:740c:c:c0c: icmp_seq=59 ttl=61 time=553 ms
64 bytes from aaaa::212:740c:c:c0c: icmp_seq=60 ttl=61 time=413 ms
64 bytes from aaaa::212:740c:c:c0c: icmp_seq=61 ttl=61 time=281 ms
64 bytes from aaaa::212:740c:c:c0c: icmp_seq=63 ttl=61 time=668 ms
64 bytes from aaaa::212:740c:c:c0c: icmp_seq=64 ttl=61 time=1816 ms
64 bytes from aaaa::212:740c:c:c0c: icmp_seq=65 ttl=61 time=1499 ms
64 bytes from aaaa::212:740c:c:c0c: icmp_seq=66 ttl=61 time=936 ms
64 bytes from aaaa::212:740c:c:c0c: icmp_seq=67 ttl=61 time=940 ms
64 bytes from aaaa::212:740c:c:c0c: icmp_seq=68 ttl=61 time=1443 ms
64 bytes from aaaa::212:740c:c:c0c: icmp_seq=69 ttl=61 time=484 ms
64 bytes from aaaa::212:740c:c:c0c: icmp_seq=72 ttl=61 time=915 ms
64 bytes from aaaa::212:740c:c:c0c: icmp_seq=73 ttl=61 time=546 ms
64 bytes from aaaa::212:740c:c:c0c: icmp_seq=74 ttl=61 time=1534 ms
64 bytes from aaaa::212:740c:c:c0c: icmp_seq=76 ttl=61 time=1117 ms
64 bytes from aaaa::212:740c:c:c0c: icmp_seq=78 ttl=61 time=1102 ms
64 bytes from aaaa::212:740c:c:c0c: icmp_seq=79 ttl=61 time=612 ms
64 bytes from aaaa::212:740c:c:c0c: icmp_seq=80 ttl=61 time=486 ms
64 bytes from aaaa::212:740c:c:c0c: icmp_seq=81 ttl=61 time=698 ms
64 bytes from aaaa::212:740c:c:c0c: icmp_seq=82 ttl=61 time=1501 ms
64 bytes from aaaa::212:740c:c:c0c: icmp_seq=83 ttl=61 time=879 ms
64 bytes from aaaa::212:740c:c:c0c: icmp_seq=84 ttl=61 time=1203 ms
64 bytes from aaaa::212:740c:c:c0c: icmp_seq=85 ttl=61 time=745 ms
64 bytes from aaaa::212:740c:c:c0c: icmp_seq=86 ttl=61 time=682 ms
64 bytes from aaaa::212:740c:c:c0c: icmp_seq=88 ttl=61 time=502 ms
64 bytes from aaaa::212:740c:c:c0c: icmp_seq=89 ttl=61 time=614 ms
64 bytes from aaaa::212:740c:c:c0c: icmp_seq=90 ttl=61 time=756 ms
64 bytes from aaaa::212:740c:c:c0c: icmp_seq=91 ttl=61 time=567 ms
64 bytes from aaaa::212:740c:c:c0c: icmp_seq=92 ttl=61 time=690 ms
64 bytes from aaaa::212:740c:c:c0c: icmp_seq=93 ttl=61 time=1448 ms
64 bytes from aaaa::212:740c:c:c0c: icmp_seq=94 ttl=61 time=1668 ms
64 bytes from aaaa::212:740c:c:c0c: icmp_seq=95 ttl=61 time=326 ms
64 bytes from aaaa::212:740c:c:c0c: icmp_seq=96 ttl=61 time=370 ms
64 bytes from aaaa::212:740c:c:c0c: icmp_seq=97 ttl=61 time=391 ms
64 bytes from aaaa::212:740c:c:c0c: icmp_seq=98 ttl=61 time=311 ms
64 bytes from aaaa::212:740c:c:c0c: icmp_seq=99 ttl=61 time=246 ms
64 bytes from aaaa::212:740c:c:c0c: icmp_seq=101 ttl=61 time=2233 ms
64 bytes from aaaa::212:740c:c:c0c: icmp_seq=103 ttl=61 time=713 ms
64 bytes from aaaa::212:740c:c:c0c: icmp_seq=104 ttl=61 time=294 ms
64 bytes from aaaa::212:740c:c:c0c: icmp_seq=105 ttl=61 time=727 ms
64 bytes from aaaa::212:740c:c:c0c: icmp_seq=106 ttl=61 time=749 ms
64 bytes from aaaa::212:740c:c:c0c: icmp_seq=107 ttl=61 time=1077 ms
64 bytes from aaaa::212:740c:c:c0c: icmp_seq=108 ttl=61 time=386 ms
64 bytes from aaaa::212:740c:c:c0c: icmp_seq=111 ttl=61 time=488 ms
64 bytes from aaaa::212:740c:c:c0c: icmp_seq=115 ttl=61 time=1060 ms
64 bytes from aaaa::212:740c:c:c0c: icmp_seq=119 ttl=61 time=583 ms
64 bytes from aaaa::212:740c:c:c0c: icmp_seq=123 ttl=61 time=522 ms
64 bytes from aaaa::212:740c:c:c0c: icmp_seq=124 ttl=61 time=540 ms
64 bytes from aaaa::212:740c:c:c0c: icmp_seq=130 ttl=61 time=690 ms
64 bytes from aaaa::212:740c:c:c0c: icmp_seq=131 ttl=61 time=401 ms
64 bytes from aaaa::212:740c:c:c0c: icmp_seq=132 ttl=61 time=314 ms
64 bytes from aaaa::212:740c:c:c0c: icmp_seq=133 ttl=61 time=631 ms
64 bytes from aaaa::212:740c:c:c0c: icmp_seq=134 ttl=61 time=587 ms
64 bytes from aaaa::212:740c:c:c0c: icmp_seq=135 ttl=61 time=816 ms
64 bytes from aaaa::212:740c:c:c0c: icmp_seq=136 ttl=61 time=1301 ms
64 bytes from aaaa::212:740c:c:c0c: icmp_seq=137 ttl=61 time=768 ms
64 bytes from aaaa::212:740c:c:c0c: icmp_seq=138 ttl=61 time=677 ms
64 bytes from aaaa::212:740c:c:c0c: icmp_seq=139 ttl=61 time=1538 ms
64 bytes from aaaa::212:740c:c:c0c: icmp_seq=141 ttl=61 time=520 ms
64 bytes from aaaa::212:740c:c:c0c: icmp_seq=142 ttl=61 time=315 ms
64 bytes from aaaa::212:740c:c:c0c: icmp_seq=143 ttl=61 time=737 ms
64 bytes from aaaa::212:740c:c:c0c: icmp_seq=144 ttl=61 time=401 ms
64 bytes from aaaa::212:740c:c:c0c: icmp_seq=145 ttl=61 time=462 ms
64 bytes from aaaa::212:740c:c:c0c: icmp_seq=148 ttl=61 time=740 ms
64 bytes from aaaa::212:740c:c:c0c: icmp_seq=155 ttl=61 time=757 ms
64 bytes from aaaa::212:740c:c:c0c: icmp_seq=156 ttl=61 time=373 ms
64 bytes from aaaa::212:740c:c:c0c: icmp_seq=157 ttl=61 time=856 ms
64 bytes from aaaa::212:740c:c:c0c: icmp_seq=158 ttl=61 time=451 ms
64 bytes from aaaa::212:740c:c:c0c: icmp_seq=159 ttl=61 time=455 ms
64 bytes from aaaa::212:740c:c:c0c: icmp_seq=161 ttl=61 time=800 ms
64 bytes from aaaa::212:740c:c:c0c: icmp_seq=162 ttl=61 time=687 ms
64 bytes from aaaa::212:740c:c:c0c: icmp_seq=163 ttl=61 time=679 ms
64 bytes from aaaa::212:740c:c:c0c: icmp_seq=165 ttl=61 time=400 ms
64 bytes from aaaa::212:740c:c:c0c: icmp_seq=166 ttl=61 time=873 ms
64 bytes from aaaa::212:740c:c:c0c: icmp_seq=167 ttl=61 time=421 ms
64 bytes from aaaa::212:740c:c:c0c: icmp_seq=168 ttl=61 time=368 ms
64 bytes from aaaa::212:740c:c:c0c: icmp_seq=169 ttl=61 time=314 ms
64 bytes from aaaa::212:740c:c:c0c: icmp_seq=170 ttl=61 time=614 ms
64 bytes from aaaa::212:740c:c:c0c: icmp_seq=171 ttl=61 time=393 ms
64 bytes from aaaa::212:740c:c:c0c: icmp_seq=172 ttl=61 time=292 ms
64 bytes from aaaa::212:740c:c:c0c: icmp_seq=173 ttl=61 time=498 ms
64 bytes from aaaa::212:740c:c:c0c: icmp_seq=174 ttl=61 time=368 ms
64 bytes from aaaa::212:740c:c:c0c: icmp_seq=175 ttl=61 time=440 ms
64 bytes from aaaa::212:740c:c:c0c: icmp_seq=176 ttl=61 time=400 ms
64 bytes from aaaa::212:740c:c:c0c: icmp_seq=177 ttl=61 time=407 ms
64 bytes from aaaa::212:740c:c:c0c: icmp_seq=178 ttl=61 time=362 ms
64 bytes from aaaa::212:740c:c:c0c: icmp_seq=179 ttl=61 time=363 ms
64 bytes from aaaa::212:740c:c:c0c: icmp_seq=180 ttl=61 time=315 ms
64 bytes from aaaa::212:740c:c:c0c: icmp_seq=181 ttl=61 time=372 ms
64 bytes from aaaa::212:740c:c:c0c: icmp_seq=182 ttl=61 time=393 ms
64 bytes from aaaa::212:740c:c:c0c: icmp_seq=183 ttl=61 time=342 ms
64 bytes from aaaa::212:740c:c:c0c: icmp_seq=184 ttl=61 time=402 ms
64 bytes from aaaa::212:740c:c:c0c: icmp_seq=185 ttl=61 time=313 ms
64 bytes from aaaa::212:740c:c:c0c: icmp_seq=186 ttl=61 time=344 ms
64 bytes from aaaa::212:740c:c:c0c: icmp_seq=187 ttl=61 time=506 ms
64 bytes from aaaa::212:740c:c:c0c: icmp_seq=188 ttl=61 time=505 ms
64 bytes from aaaa::212:740c:c:c0c: icmp_seq=189 ttl=61 time=350 ms
64 bytes from aaaa::212:740c:c:c0c: icmp_seq=190 ttl=61 time=365 ms
64 bytes from aaaa::212:740c:c:c0c: icmp_seq=191 ttl=61 time=588 ms
64 bytes from aaaa::212:740c:c:c0c: icmp_seq=192 ttl=61 time=331 ms
64 bytes from aaaa::212:740c:c:c0c: icmp_seq=193 ttl=61 time=321 ms
64 bytes from aaaa::212:740c:c:c0c: icmp_seq=194 ttl=61 time=307 ms
64 bytes from aaaa::212:740c:c:c0c: icmp_seq=195 ttl=61 time=353 ms
64 bytes from aaaa::212:740c:c:c0c: icmp_seq=196 ttl=61 time=817 ms
64 bytes from aaaa::212:740c:c:c0c: icmp_seq=198 ttl=61 time=285 ms
64 bytes from aaaa::212:740c:c:c0c: icmp_seq=199 ttl=61 time=323 ms
64 bytes from aaaa::212:740c:c:c0c: icmp_seq=200 ttl=61 time=246 ms

--- aaaa::212:740c:c:c0c ping statistics ---
200 packets transmitted, 142 received, 29% packet loss, time 1003985ms
rtt min/avg/max/mdev = 246.236/622.477/2233.950/346.490 ms
