PING aaaa::212:740f:f:f0f(aaaa::212:740f:f:f0f) 56 data bytes
64 bytes from aaaa::212:740f:f:f0f: icmp_seq=1 ttl=60 time=406 ms
64 bytes from aaaa::212:740f:f:f0f: icmp_seq=2 ttl=60 time=488 ms
64 bytes from aaaa::212:740f:f:f0f: icmp_seq=3 ttl=60 time=553 ms
64 bytes from aaaa::212:740f:f:f0f: icmp_seq=4 ttl=60 time=419 ms
64 bytes from aaaa::212:740f:f:f0f: icmp_seq=5 ttl=60 time=451 ms
64 bytes from aaaa::212:740f:f:f0f: icmp_seq=6 ttl=60 time=396 ms
64 bytes from aaaa::212:740f:f:f0f: icmp_seq=7 ttl=60 time=390 ms
64 bytes from aaaa::212:740f:f:f0f: icmp_seq=8 ttl=60 time=334 ms
64 bytes from aaaa::212:740f:f:f0f: icmp_seq=9 ttl=60 time=530 ms
64 bytes from aaaa::212:740f:f:f0f: icmp_seq=10 ttl=60 time=750 ms
64 bytes from aaaa::212:740f:f:f0f: icmp_seq=11 ttl=60 time=476 ms
64 bytes from aaaa::212:740f:f:f0f: icmp_seq=12 ttl=60 time=504 ms
64 bytes from aaaa::212:740f:f:f0f: icmp_seq=13 ttl=60 time=400 ms
64 bytes from aaaa::212:740f:f:f0f: icmp_seq=14 ttl=60 time=704 ms
64 bytes from aaaa::212:740f:f:f0f: icmp_seq=15 ttl=60 time=394 ms
64 bytes from aaaa::212:740f:f:f0f: icmp_seq=16 ttl=60 time=398 ms
64 bytes from aaaa::212:740f:f:f0f: icmp_seq=17 ttl=60 time=326 ms
64 bytes from aaaa::212:740f:f:f0f: icmp_seq=18 ttl=60 time=317 ms
64 bytes from aaaa::212:740f:f:f0f: icmp_seq=19 ttl=60 time=324 ms
64 bytes from aaaa::212:740f:f:f0f: icmp_seq=20 ttl=60 time=354 ms
64 bytes from aaaa::212:740f:f:f0f: icmp_seq=21 ttl=60 time=377 ms
64 bytes from aaaa::212:740f:f:f0f: icmp_seq=22 ttl=60 time=374 ms
64 bytes from aaaa::212:740f:f:f0f: icmp_seq=23 ttl=60 time=328 ms
64 bytes from aaaa::212:740f:f:f0f: icmp_seq=24 ttl=60 time=431 ms
64 bytes from aaaa::212:740f:f:f0f: icmp_seq=25 ttl=60 time=560 ms
64 bytes from aaaa::212:740f:f:f0f: icmp_seq=26 ttl=60 time=328 ms
64 bytes from aaaa::212:740f:f:f0f: icmp_seq=27 ttl=60 time=565 ms
64 bytes from aaaa::212:740f:f:f0f: icmp_seq=28 ttl=60 time=368 ms
64 bytes from aaaa::212:740f:f:f0f: icmp_seq=30 ttl=60 time=393 ms
64 bytes from aaaa::212:740f:f:f0f: icmp_seq=31 ttl=60 time=416 ms
64 bytes from aaaa::212:740f:f:f0f: icmp_seq=32 ttl=60 time=759 ms
64 bytes from aaaa::212:740f:f:f0f: icmp_seq=34 ttl=60 time=458 ms
64 bytes from aaaa::212:740f:f:f0f: icmp_seq=36 ttl=60 time=843 ms
64 bytes from aaaa::212:740f:f:f0f: icmp_seq=39 ttl=60 time=436 ms
64 bytes from aaaa::212:740f:f:f0f: icmp_seq=40 ttl=60 time=612 ms
64 bytes from aaaa::212:740f:f:f0f: icmp_seq=41 ttl=60 time=422 ms
64 bytes from aaaa::212:740f:f:f0f: icmp_seq=42 ttl=60 time=1286 ms
64 bytes from aaaa::212:740f:f:f0f: icmp_seq=43 ttl=60 time=459 ms
64 bytes from aaaa::212:740f:f:f0f: icmp_seq=45 ttl=60 time=417 ms
64 bytes from aaaa::212:740f:f:f0f: icmp_seq=47 ttl=60 time=976 ms
64 bytes from aaaa::212:740f:f:f0f: icmp_seq=48 ttl=60 time=732 ms
64 bytes from aaaa::212:740f:f:f0f: icmp_seq=49 ttl=60 time=551 ms
64 bytes from aaaa::212:740f:f:f0f: icmp_seq=57 ttl=60 time=641 ms
64 bytes from aaaa::212:740f:f:f0f: icmp_seq=58 ttl=60 time=1133 ms
64 bytes from aaaa::212:740f:f:f0f: icmp_seq=59 ttl=60 time=615 ms
64 bytes from aaaa::212:740f:f:f0f: icmp_seq=60 ttl=60 time=674 ms
64 bytes from aaaa::212:740f:f:f0f: icmp_seq=61 ttl=60 time=1040 ms
64 bytes from aaaa::212:740f:f:f0f: icmp_seq=62 ttl=60 time=430 ms
64 bytes from aaaa::212:740f:f:f0f: icmp_seq=63 ttl=60 time=855 ms
64 bytes from aaaa::212:740f:f:f0f: icmp_seq=64 ttl=60 time=522 ms
64 bytes from aaaa::212:740f:f:f0f: icmp_seq=65 ttl=60 time=922 ms
64 bytes from aaaa::212:740f:f:f0f: icmp_seq=66 ttl=60 time=635 ms
64 bytes from aaaa::212:740f:f:f0f: icmp_seq=67 ttl=60 time=505 ms
64 bytes from aaaa::212:740f:f:f0f: icmp_seq=68 ttl=60 time=896 ms
64 bytes from aaaa::212:740f:f:f0f: icmp_seq=69 ttl=60 time=886 ms
64 bytes from aaaa::212:740f:f:f0f: icmp_seq=70 ttl=60 time=431 ms
64 bytes from aaaa::212:740f:f:f0f: icmp_seq=71 ttl=60 time=437 ms
64 bytes from aaaa::212:740f:f:f0f: icmp_seq=72 ttl=60 time=877 ms
64 bytes from aaaa::212:740f:f:f0f: icmp_seq=73 ttl=60 time=722 ms
64 bytes from aaaa::212:740f:f:f0f: icmp_seq=74 ttl=60 time=475 ms
64 bytes from aaaa::212:740f:f:f0f: icmp_seq=75 ttl=60 time=1402 ms
64 bytes from aaaa::212:740f:f:f0f: icmp_seq=77 ttl=60 time=617 ms
64 bytes from aaaa::212:740f:f:f0f: icmp_seq=78 ttl=60 time=474 ms
64 bytes from aaaa::212:740f:f:f0f: icmp_seq=79 ttl=60 time=679 ms
64 bytes from aaaa::212:740f:f:f0f: icmp_seq=80 ttl=60 time=491 ms
64 bytes from aaaa::212:740f:f:f0f: icmp_seq=81 ttl=60 time=452 ms
64 bytes from aaaa::212:740f:f:f0f: icmp_seq=82 ttl=60 time=796 ms
64 bytes from aaaa::212:740f:f:f0f: icmp_seq=83 ttl=60 time=498 ms
64 bytes from aaaa::212:740f:f:f0f: icmp_seq=84 ttl=60 time=639 ms
64 bytes from aaaa::212:740f:f:f0f: icmp_seq=85 ttl=60 time=767 ms
64 bytes from aaaa::212:740f:f:f0f: icmp_seq=86 ttl=60 time=523 ms
64 bytes from aaaa::212:740f:f:f0f: icmp_seq=87 ttl=60 time=883 ms
64 bytes from aaaa::212:740f:f:f0f: icmp_seq=88 ttl=60 time=807 ms
64 bytes from aaaa::212:740f:f:f0f: icmp_seq=89 ttl=60 time=547 ms
64 bytes from aaaa::212:740f:f:f0f: icmp_seq=90 ttl=60 time=1098 ms
64 bytes from aaaa::212:740f:f:f0f: icmp_seq=91 ttl=60 time=616 ms
64 bytes from aaaa::212:740f:f:f0f: icmp_seq=92 ttl=60 time=754 ms
64 bytes from aaaa::212:740f:f:f0f: icmp_seq=93 ttl=60 time=1005 ms
64 bytes from aaaa::212:740f:f:f0f: icmp_seq=94 ttl=60 time=1648 ms
64 bytes from aaaa::212:740f:f:f0f: icmp_seq=95 ttl=60 time=657 ms
64 bytes from aaaa::212:740f:f:f0f: icmp_seq=96 ttl=60 time=765 ms
64 bytes from aaaa::212:740f:f:f0f: icmp_seq=97 ttl=60 time=924 ms
64 bytes from aaaa::212:740f:f:f0f: icmp_seq=98 ttl=60 time=989 ms
64 bytes from aaaa::212:740f:f:f0f: icmp_seq=99 ttl=60 time=794 ms
64 bytes from aaaa::212:740f:f:f0f: icmp_seq=100 ttl=60 time=833 ms
64 bytes from aaaa::212:740f:f:f0f: icmp_seq=101 ttl=60 time=1015 ms
64 bytes from aaaa::212:740f:f:f0f: icmp_seq=102 ttl=60 time=731 ms
64 bytes from aaaa::212:740f:f:f0f: icmp_seq=103 ttl=60 time=988 ms
64 bytes from aaaa::212:740f:f:f0f: icmp_seq=104 ttl=60 time=475 ms
64 bytes from aaaa::212:740f:f:f0f: icmp_seq=105 ttl=60 time=609 ms
64 bytes from aaaa::212:740f:f:f0f: icmp_seq=106 ttl=60 time=479 ms
64 bytes from aaaa::212:740f:f:f0f: icmp_seq=107 ttl=60 time=388 ms
64 bytes from aaaa::212:740f:f:f0f: icmp_seq=108 ttl=60 time=460 ms
64 bytes from aaaa::212:740f:f:f0f: icmp_seq=109 ttl=60 time=460 ms
64 bytes from aaaa::212:740f:f:f0f: icmp_seq=110 ttl=60 time=622 ms
64 bytes from aaaa::212:740f:f:f0f: icmp_seq=111 ttl=60 time=616 ms
64 bytes from aaaa::212:740f:f:f0f: icmp_seq=112 ttl=60 time=407 ms
64 bytes from aaaa::212:740f:f:f0f: icmp_seq=113 ttl=60 time=865 ms
64 bytes from aaaa::212:740f:f:f0f: icmp_seq=114 ttl=60 time=508 ms
64 bytes from aaaa::212:740f:f:f0f: icmp_seq=115 ttl=60 time=1070 ms
64 bytes from aaaa::212:740f:f:f0f: icmp_seq=116 ttl=60 time=503 ms
64 bytes from aaaa::212:740f:f:f0f: icmp_seq=117 ttl=60 time=1186 ms
64 bytes from aaaa::212:740f:f:f0f: icmp_seq=120 ttl=60 time=852 ms
64 bytes from aaaa::212:740f:f:f0f: icmp_seq=121 ttl=60 time=737 ms
64 bytes from aaaa::212:740f:f:f0f: icmp_seq=122 ttl=60 time=686 ms
64 bytes from aaaa::212:740f:f:f0f: icmp_seq=125 ttl=60 time=494 ms
64 bytes from aaaa::212:740f:f:f0f: icmp_seq=126 ttl=60 time=794 ms
64 bytes from aaaa::212:740f:f:f0f: icmp_seq=127 ttl=60 time=530 ms
64 bytes from aaaa::212:740f:f:f0f: icmp_seq=128 ttl=60 time=510 ms
64 bytes from aaaa::212:740f:f:f0f: icmp_seq=129 ttl=60 time=443 ms
64 bytes from aaaa::212:740f:f:f0f: icmp_seq=130 ttl=60 time=961 ms
64 bytes from aaaa::212:740f:f:f0f: icmp_seq=131 ttl=60 time=618 ms
64 bytes from aaaa::212:740f:f:f0f: icmp_seq=132 ttl=60 time=441 ms
64 bytes from aaaa::212:740f:f:f0f: icmp_seq=133 ttl=60 time=440 ms
64 bytes from aaaa::212:740f:f:f0f: icmp_seq=134 ttl=60 time=366 ms
64 bytes from aaaa::212:740f:f:f0f: icmp_seq=135 ttl=60 time=455 ms
64 bytes from aaaa::212:740f:f:f0f: icmp_seq=136 ttl=60 time=428 ms
64 bytes from aaaa::212:740f:f:f0f: icmp_seq=137 ttl=60 time=459 ms
64 bytes from aaaa::212:740f:f:f0f: icmp_seq=138 ttl=60 time=510 ms
64 bytes from aaaa::212:740f:f:f0f: icmp_seq=139 ttl=60 time=442 ms
64 bytes from aaaa::212:740f:f:f0f: icmp_seq=141 ttl=60 time=476 ms
64 bytes from aaaa::212:740f:f:f0f: icmp_seq=142 ttl=60 time=478 ms
64 bytes from aaaa::212:740f:f:f0f: icmp_seq=143 ttl=60 time=595 ms
64 bytes from aaaa::212:740f:f:f0f: icmp_seq=144 ttl=60 time=675 ms
64 bytes from aaaa::212:740f:f:f0f: icmp_seq=145 ttl=60 time=390 ms
64 bytes from aaaa::212:740f:f:f0f: icmp_seq=147 ttl=60 time=720 ms
64 bytes from aaaa::212:740f:f:f0f: icmp_seq=148 ttl=60 time=451 ms
64 bytes from aaaa::212:740f:f:f0f: icmp_seq=149 ttl=60 time=408 ms
64 bytes from aaaa::212:740f:f:f0f: icmp_seq=150 ttl=60 time=601 ms
64 bytes from aaaa::212:740f:f:f0f: icmp_seq=151 ttl=60 time=403 ms
64 bytes from aaaa::212:740f:f:f0f: icmp_seq=152 ttl=60 time=923 ms
64 bytes from aaaa::212:740f:f:f0f: icmp_seq=153 ttl=60 time=413 ms
64 bytes from aaaa::212:740f:f:f0f: icmp_seq=154 ttl=60 time=386 ms
64 bytes from aaaa::212:740f:f:f0f: icmp_seq=155 ttl=60 time=371 ms
64 bytes from aaaa::212:740f:f:f0f: icmp_seq=156 ttl=60 time=411 ms
64 bytes from aaaa::212:740f:f:f0f: icmp_seq=157 ttl=60 time=370 ms
64 bytes from aaaa::212:740f:f:f0f: icmp_seq=158 ttl=60 time=562 ms
64 bytes from aaaa::212:740f:f:f0f: icmp_seq=159 ttl=60 time=427 ms
64 bytes from aaaa::212:740f:f:f0f: icmp_seq=160 ttl=60 time=601 ms
64 bytes from aaaa::212:740f:f:f0f: icmp_seq=161 ttl=60 time=395 ms
64 bytes from aaaa::212:740f:f:f0f: icmp_seq=162 ttl=60 time=428 ms
64 bytes from aaaa::212:740f:f:f0f: icmp_seq=163 ttl=60 time=533 ms
64 bytes from aaaa::212:740f:f:f0f: icmp_seq=164 ttl=60 time=464 ms
64 bytes from aaaa::212:740f:f:f0f: icmp_seq=165 ttl=60 time=418 ms
64 bytes from aaaa::212:740f:f:f0f: icmp_seq=166 ttl=60 time=481 ms
64 bytes from aaaa::212:740f:f:f0f: icmp_seq=167 ttl=60 time=412 ms
64 bytes from aaaa::212:740f:f:f0f: icmp_seq=168 ttl=60 time=431 ms
64 bytes from aaaa::212:740f:f:f0f: icmp_seq=169 ttl=60 time=539 ms
64 bytes from aaaa::212:740f:f:f0f: icmp_seq=170 ttl=60 time=1168 ms
64 bytes from aaaa::212:740f:f:f0f: icmp_seq=171 ttl=60 time=362 ms
64 bytes from aaaa::212:740f:f:f0f: icmp_seq=172 ttl=60 time=1068 ms
64 bytes from aaaa::212:740f:f:f0f: icmp_seq=173 ttl=60 time=577 ms
64 bytes from aaaa::212:740f:f:f0f: icmp_seq=174 ttl=60 time=327 ms
64 bytes from aaaa::212:740f:f:f0f: icmp_seq=176 ttl=60 time=498 ms
64 bytes from aaaa::212:740f:f:f0f: icmp_seq=177 ttl=60 time=400 ms
64 bytes from aaaa::212:740f:f:f0f: icmp_seq=178 ttl=60 time=583 ms
64 bytes from aaaa::212:740f:f:f0f: icmp_seq=179 ttl=60 time=466 ms
64 bytes from aaaa::212:740f:f:f0f: icmp_seq=180 ttl=60 time=483 ms
64 bytes from aaaa::212:740f:f:f0f: icmp_seq=181 ttl=60 time=307 ms
64 bytes from aaaa::212:740f:f:f0f: icmp_seq=182 ttl=60 time=425 ms
64 bytes from aaaa::212:740f:f:f0f: icmp_seq=183 ttl=60 time=567 ms
64 bytes from aaaa::212:740f:f:f0f: icmp_seq=184 ttl=60 time=832 ms
64 bytes from aaaa::212:740f:f:f0f: icmp_seq=185 ttl=60 time=423 ms
64 bytes from aaaa::212:740f:f:f0f: icmp_seq=186 ttl=60 time=698 ms
64 bytes from aaaa::212:740f:f:f0f: icmp_seq=187 ttl=60 time=418 ms
64 bytes from aaaa::212:740f:f:f0f: icmp_seq=189 ttl=60 time=500 ms
64 bytes from aaaa::212:740f:f:f0f: icmp_seq=190 ttl=60 time=540 ms
64 bytes from aaaa::212:740f:f:f0f: icmp_seq=191 ttl=60 time=328 ms
64 bytes from aaaa::212:740f:f:f0f: icmp_seq=192 ttl=60 time=401 ms
64 bytes from aaaa::212:740f:f:f0f: icmp_seq=193 ttl=60 time=460 ms
64 bytes from aaaa::212:740f:f:f0f: icmp_seq=194 ttl=60 time=1096 ms
64 bytes from aaaa::212:740f:f:f0f: icmp_seq=195 ttl=60 time=653 ms
64 bytes from aaaa::212:740f:f:f0f: icmp_seq=196 ttl=60 time=404 ms
64 bytes from aaaa::212:740f:f:f0f: icmp_seq=197 ttl=60 time=416 ms
64 bytes from aaaa::212:740f:f:f0f: icmp_seq=198 ttl=60 time=585 ms
64 bytes from aaaa::212:740f:f:f0f: icmp_seq=199 ttl=60 time=489 ms
64 bytes from aaaa::212:740f:f:f0f: icmp_seq=200 ttl=60 time=403 ms

--- aaaa::212:740f:f:f0f ping statistics ---
200 packets transmitted, 177 received, 11% packet loss, time 998911ms
rtt min/avg/max/mdev = 307.528/591.156/1648.575/235.029 ms
