PING aaaa::212:7410:10:1010(aaaa::212:7410:10:1010) 56 data bytes
64 bytes from aaaa::212:7410:10:1010: icmp_seq=1 ttl=60 time=670 ms
64 bytes from aaaa::212:7410:10:1010: icmp_seq=3 ttl=60 time=499 ms
64 bytes from aaaa::212:7410:10:1010: icmp_seq=4 ttl=60 time=521 ms
64 bytes from aaaa::212:7410:10:1010: icmp_seq=5 ttl=60 time=640 ms
64 bytes from aaaa::212:7410:10:1010: icmp_seq=6 ttl=60 time=609 ms
64 bytes from aaaa::212:7410:10:1010: icmp_seq=7 ttl=60 time=444 ms
64 bytes from aaaa::212:7410:10:1010: icmp_seq=8 ttl=60 time=820 ms
64 bytes from aaaa::212:7410:10:1010: icmp_seq=15 ttl=60 time=516 ms
64 bytes from aaaa::212:7410:10:1010: icmp_seq=17 ttl=60 time=505 ms
64 bytes from aaaa::212:7410:10:1010: icmp_seq=21 ttl=60 time=1531 ms
64 bytes from aaaa::212:7410:10:1010: icmp_seq=23 ttl=60 time=758 ms
64 bytes from aaaa::212:7410:10:1010: icmp_seq=24 ttl=60 time=592 ms
64 bytes from aaaa::212:7410:10:1010: icmp_seq=25 ttl=60 time=765 ms
64 bytes from aaaa::212:7410:10:1010: icmp_seq=26 ttl=60 time=549 ms
64 bytes from aaaa::212:7410:10:1010: icmp_seq=27 ttl=60 time=740 ms
64 bytes from aaaa::212:7410:10:1010: icmp_seq=28 ttl=60 time=797 ms
64 bytes from aaaa::212:7410:10:1010: icmp_seq=29 ttl=60 time=766 ms
64 bytes from aaaa::212:7410:10:1010: icmp_seq=30 ttl=60 time=527 ms
64 bytes from aaaa::212:7410:10:1010: icmp_seq=31 ttl=60 time=832 ms
64 bytes from aaaa::212:7410:10:1010: icmp_seq=35 ttl=60 time=1180 ms
64 bytes from aaaa::212:7410:10:1010: icmp_seq=43 ttl=60 time=1412 ms
64 bytes from aaaa::212:7410:10:1010: icmp_seq=47 ttl=60 time=879 ms
64 bytes from aaaa::212:7410:10:1010: icmp_seq=51 ttl=60 time=864 ms
64 bytes from aaaa::212:7410:10:1010: icmp_seq=57 ttl=60 time=1418 ms
64 bytes from aaaa::212:7410:10:1010: icmp_seq=58 ttl=60 time=994 ms
64 bytes from aaaa::212:7410:10:1010: icmp_seq=59 ttl=60 time=639 ms
64 bytes from aaaa::212:7410:10:1010: icmp_seq=60 ttl=60 time=1241 ms
64 bytes from aaaa::212:7410:10:1010: icmp_seq=61 ttl=60 time=750 ms
64 bytes from aaaa::212:7410:10:1010: icmp_seq=64 ttl=60 time=1175 ms
64 bytes from aaaa::212:7410:10:1010: icmp_seq=65 ttl=60 time=767 ms
64 bytes from aaaa::212:7410:10:1010: icmp_seq=66 ttl=60 time=948 ms
64 bytes from aaaa::212:7410:10:1010: icmp_seq=67 ttl=60 time=937 ms
64 bytes from aaaa::212:7410:10:1010: icmp_seq=68 ttl=60 time=784 ms
64 bytes from aaaa::212:7410:10:1010: icmp_seq=69 ttl=60 time=772 ms
64 bytes from aaaa::212:7410:10:1010: icmp_seq=70 ttl=60 time=1067 ms
64 bytes from aaaa::212:7410:10:1010: icmp_seq=71 ttl=60 time=496 ms
64 bytes from aaaa::212:7410:10:1010: icmp_seq=77 ttl=60 time=675 ms
64 bytes from aaaa::212:7410:10:1010: icmp_seq=78 ttl=60 time=1697 ms
64 bytes from aaaa::212:7410:10:1010: icmp_seq=80 ttl=60 time=561 ms
64 bytes from aaaa::212:7410:10:1010: icmp_seq=81 ttl=60 time=663 ms
64 bytes from aaaa::212:7410:10:1010: icmp_seq=83 ttl=60 time=1230 ms
64 bytes from aaaa::212:7410:10:1010: icmp_seq=85 ttl=60 time=1837 ms
64 bytes from aaaa::212:7410:10:1010: icmp_seq=87 ttl=60 time=598 ms
64 bytes from aaaa::212:7410:10:1010: icmp_seq=88 ttl=60 time=948 ms
64 bytes from aaaa::212:7410:10:1010: icmp_seq=89 ttl=60 time=558 ms
64 bytes from aaaa::212:7410:10:1010: icmp_seq=90 ttl=60 time=842 ms
64 bytes from aaaa::212:7410:10:1010: icmp_seq=91 ttl=60 time=840 ms
64 bytes from aaaa::212:7410:10:1010: icmp_seq=93 ttl=60 time=509 ms
64 bytes from aaaa::212:7410:10:1010: icmp_seq=94 ttl=60 time=633 ms
64 bytes from aaaa::212:7410:10:1010: icmp_seq=95 ttl=60 time=613 ms
64 bytes from aaaa::212:7410:10:1010: icmp_seq=96 ttl=60 time=442 ms
64 bytes from aaaa::212:7410:10:1010: icmp_seq=97 ttl=60 time=396 ms
64 bytes from aaaa::212:7410:10:1010: icmp_seq=98 ttl=60 time=1846 ms
64 bytes from aaaa::212:7410:10:1010: icmp_seq=99 ttl=60 time=521 ms
64 bytes from aaaa::212:7410:10:1010: icmp_seq=100 ttl=60 time=894 ms
64 bytes from aaaa::212:7410:10:1010: icmp_seq=108 ttl=60 time=1417 ms
64 bytes from aaaa::212:7410:10:1010: icmp_seq=114 ttl=60 time=995 ms
64 bytes from aaaa::212:7410:10:1010: icmp_seq=130 ttl=60 time=531 ms
64 bytes from aaaa::212:7410:10:1010: icmp_seq=131 ttl=60 time=616 ms
64 bytes from aaaa::212:7410:10:1010: icmp_seq=132 ttl=60 time=780 ms
64 bytes from aaaa::212:7410:10:1010: icmp_seq=133 ttl=60 time=993 ms
64 bytes from aaaa::212:7410:10:1010: icmp_seq=134 ttl=60 time=1276 ms
64 bytes from aaaa::212:7410:10:1010: icmp_seq=136 ttl=60 time=595 ms
64 bytes from aaaa::212:7410:10:1010: icmp_seq=137 ttl=60 time=569 ms
64 bytes from aaaa::212:7410:10:1010: icmp_seq=138 ttl=60 time=600 ms
64 bytes from aaaa::212:7410:10:1010: icmp_seq=139 ttl=60 time=915 ms
64 bytes from aaaa::212:7410:10:1010: icmp_seq=140 ttl=60 time=621 ms
64 bytes from aaaa::212:7410:10:1010: icmp_seq=141 ttl=60 time=671 ms
64 bytes from aaaa::212:7410:10:1010: icmp_seq=142 ttl=60 time=1096 ms
64 bytes from aaaa::212:7410:10:1010: icmp_seq=143 ttl=60 time=795 ms
64 bytes from aaaa::212:7410:10:1010: icmp_seq=146 ttl=60 time=908 ms
64 bytes from aaaa::212:7410:10:1010: icmp_seq=147 ttl=60 time=1296 ms
64 bytes from aaaa::212:7410:10:1010: icmp_seq=151 ttl=60 time=691 ms
64 bytes from aaaa::212:7410:10:1010: icmp_seq=152 ttl=60 time=440 ms
64 bytes from aaaa::212:7410:10:1010: icmp_seq=153 ttl=60 time=805 ms
64 bytes from aaaa::212:7410:10:1010: icmp_seq=154 ttl=60 time=431 ms
64 bytes from aaaa::212:7410:10:1010: icmp_seq=155 ttl=60 time=396 ms
64 bytes from aaaa::212:7410:10:1010: icmp_seq=156 ttl=60 time=469 ms
64 bytes from aaaa::212:7410:10:1010: icmp_seq=165 ttl=60 time=990 ms
64 bytes from aaaa::212:7410:10:1010: icmp_seq=172 ttl=60 time=1627 ms
64 bytes from aaaa::212:7410:10:1010: icmp_seq=173 ttl=60 time=575 ms
64 bytes from aaaa::212:7410:10:1010: icmp_seq=176 ttl=60 time=1687 ms
64 bytes from aaaa::212:7410:10:1010: icmp_seq=185 ttl=60 time=1300 ms
64 bytes from aaaa::212:7410:10:1010: icmp_seq=186 ttl=60 time=601 ms
64 bytes from aaaa::212:7410:10:1010: icmp_seq=187 ttl=60 time=1065 ms
64 bytes from aaaa::212:7410:10:1010: icmp_seq=188 ttl=60 time=1004 ms
64 bytes from aaaa::212:7410:10:1010: icmp_seq=189 ttl=60 time=738 ms
64 bytes from aaaa::212:7410:10:1010: icmp_seq=190 ttl=60 time=896 ms
64 bytes from aaaa::212:7410:10:1010: icmp_seq=191 ttl=60 time=1025 ms
64 bytes from aaaa::212:7410:10:1010: icmp_seq=192 ttl=60 time=1115 ms
64 bytes from aaaa::212:7410:10:1010: icmp_seq=193 ttl=60 time=1171 ms
64 bytes from aaaa::212:7410:10:1010: icmp_seq=195 ttl=60 time=488 ms
64 bytes from aaaa::212:7410:10:1010: icmp_seq=196 ttl=60 time=511 ms
64 bytes from aaaa::212:7410:10:1010: icmp_seq=198 ttl=60 time=481 ms
64 bytes from aaaa::212:7410:10:1010: icmp_seq=199 ttl=60 time=394 ms

--- aaaa::212:7410:10:1010 ping statistics ---
200 packets transmitted, 95 received, 52% packet loss, time 1009126ms
rtt min/avg/max/mdev = 394.128/835.019/1846.928/342.796 ms
