PING aaaa::212:7406:6:606(aaaa::212:7406:6:606) 56 data bytes
64 bytes from aaaa::212:7406:6:606: icmp_seq=1 ttl=61 time=395 ms
64 bytes from aaaa::212:7406:6:606: icmp_seq=6 ttl=61 time=444 ms
64 bytes from aaaa::212:7406:6:606: icmp_seq=8 ttl=61 time=465 ms
64 bytes from aaaa::212:7406:6:606: icmp_seq=9 ttl=61 time=362 ms
64 bytes from aaaa::212:7406:6:606: icmp_seq=10 ttl=61 time=369 ms
64 bytes from aaaa::212:7406:6:606: icmp_seq=15 ttl=61 time=642 ms
64 bytes from aaaa::212:7406:6:606: icmp_seq=17 ttl=61 time=249 ms
64 bytes from aaaa::212:7406:6:606: icmp_seq=19 ttl=61 time=1524 ms
64 bytes from aaaa::212:7406:6:606: icmp_seq=20 ttl=61 time=671 ms
64 bytes from aaaa::212:7406:6:606: icmp_seq=21 ttl=61 time=314 ms
64 bytes from aaaa::212:7406:6:606: icmp_seq=23 ttl=61 time=333 ms
64 bytes from aaaa::212:7406:6:606: icmp_seq=24 ttl=61 time=424 ms
64 bytes from aaaa::212:7406:6:606: icmp_seq=25 ttl=61 time=330 ms
64 bytes from aaaa::212:7406:6:606: icmp_seq=26 ttl=61 time=307 ms
64 bytes from aaaa::212:7406:6:606: icmp_seq=28 ttl=61 time=309 ms
64 bytes from aaaa::212:7406:6:606: icmp_seq=29 ttl=61 time=523 ms
64 bytes from aaaa::212:7406:6:606: icmp_seq=30 ttl=61 time=273 ms
64 bytes from aaaa::212:7406:6:606: icmp_seq=32 ttl=61 time=718 ms
64 bytes from aaaa::212:7406:6:606: icmp_seq=33 ttl=61 time=547 ms
64 bytes from aaaa::212:7406:6:606: icmp_seq=34 ttl=61 time=1828 ms
64 bytes from aaaa::212:7406:6:606: icmp_seq=35 ttl=61 time=381 ms
64 bytes from aaaa::212:7406:6:606: icmp_seq=36 ttl=61 time=441 ms
64 bytes from aaaa::212:7406:6:606: icmp_seq=40 ttl=61 time=1410 ms
64 bytes from aaaa::212:7406:6:606: icmp_seq=41 ttl=61 time=1372 ms
64 bytes from aaaa::212:7406:6:606: icmp_seq=43 ttl=61 time=469 ms
64 bytes from aaaa::212:7406:6:606: icmp_seq=45 ttl=61 time=773 ms
64 bytes from aaaa::212:7406:6:606: icmp_seq=46 ttl=61 time=1155 ms
64 bytes from aaaa::212:7406:6:606: icmp_seq=58 ttl=61 time=390 ms
64 bytes from aaaa::212:7406:6:606: icmp_seq=59 ttl=61 time=394 ms
64 bytes from aaaa::212:7406:6:606: icmp_seq=67 ttl=61 time=2788 ms
64 bytes from aaaa::212:7406:6:606: icmp_seq=68 ttl=61 time=533 ms
64 bytes from aaaa::212:7406:6:606: icmp_seq=71 ttl=61 time=816 ms
64 bytes from aaaa::212:7406:6:606: icmp_seq=74 ttl=61 time=380 ms
64 bytes from aaaa::212:7406:6:606: icmp_seq=76 ttl=61 time=643 ms
64 bytes from aaaa::212:7406:6:606: icmp_seq=78 ttl=61 time=472 ms
64 bytes from aaaa::212:7406:6:606: icmp_seq=79 ttl=61 time=461 ms
64 bytes from aaaa::212:7406:6:606: icmp_seq=80 ttl=61 time=294 ms
64 bytes from aaaa::212:7406:6:606: icmp_seq=82 ttl=61 time=853 ms
64 bytes from aaaa::212:7406:6:606: icmp_seq=83 ttl=61 time=1133 ms
64 bytes from aaaa::212:7406:6:606: icmp_seq=84 ttl=61 time=456 ms
64 bytes from aaaa::212:7406:6:606: icmp_seq=85 ttl=61 time=351 ms
64 bytes from aaaa::212:7406:6:606: icmp_seq=86 ttl=61 time=757 ms
64 bytes from aaaa::212:7406:6:606: icmp_seq=87 ttl=61 time=259 ms
64 bytes from aaaa::212:7406:6:606: icmp_seq=88 ttl=61 time=1313 ms
64 bytes from aaaa::212:7406:6:606: icmp_seq=91 ttl=61 time=523 ms
64 bytes from aaaa::212:7406:6:606: icmp_seq=92 ttl=61 time=915 ms
64 bytes from aaaa::212:7406:6:606: icmp_seq=93 ttl=61 time=854 ms
64 bytes from aaaa::212:7406:6:606: icmp_seq=96 ttl=61 time=712 ms
64 bytes from aaaa::212:7406:6:606: icmp_seq=97 ttl=61 time=562 ms
64 bytes from aaaa::212:7406:6:606: icmp_seq=98 ttl=61 time=490 ms
64 bytes from aaaa::212:7406:6:606: icmp_seq=99 ttl=61 time=392 ms
64 bytes from aaaa::212:7406:6:606: icmp_seq=100 ttl=61 time=1045 ms
64 bytes from aaaa::212:7406:6:606: icmp_seq=101 ttl=61 time=653 ms
64 bytes from aaaa::212:7406:6:606: icmp_seq=102 ttl=61 time=683 ms
64 bytes from aaaa::212:7406:6:606: icmp_seq=103 ttl=61 time=431 ms
64 bytes from aaaa::212:7406:6:606: icmp_seq=104 ttl=61 time=540 ms
64 bytes from aaaa::212:7406:6:606: icmp_seq=105 ttl=61 time=2255 ms
64 bytes from aaaa::212:7406:6:606: icmp_seq=106 ttl=61 time=782 ms
64 bytes from aaaa::212:7406:6:606: icmp_seq=107 ttl=61 time=1245 ms
64 bytes from aaaa::212:7406:6:606: icmp_seq=108 ttl=61 time=457 ms
64 bytes from aaaa::212:7406:6:606: icmp_seq=109 ttl=61 time=1599 ms
64 bytes from aaaa::212:7406:6:606: icmp_seq=110 ttl=61 time=1731 ms
64 bytes from aaaa::212:7406:6:606: icmp_seq=112 ttl=61 time=486 ms
64 bytes from aaaa::212:7406:6:606: icmp_seq=113 ttl=61 time=915 ms
64 bytes from aaaa::212:7406:6:606: icmp_seq=114 ttl=61 time=747 ms
64 bytes from aaaa::212:7406:6:606: icmp_seq=115 ttl=61 time=812 ms
64 bytes from aaaa::212:7406:6:606: icmp_seq=116 ttl=61 time=497 ms
64 bytes from aaaa::212:7406:6:606: icmp_seq=117 ttl=61 time=696 ms
64 bytes from aaaa::212:7406:6:606: icmp_seq=118 ttl=61 time=603 ms
64 bytes from aaaa::212:7406:6:606: icmp_seq=121 ttl=61 time=1780 ms
64 bytes from aaaa::212:7406:6:606: icmp_seq=123 ttl=61 time=554 ms
64 bytes from aaaa::212:7406:6:606: icmp_seq=124 ttl=61 time=1016 ms
64 bytes from aaaa::212:7406:6:606: icmp_seq=126 ttl=61 time=1168 ms
64 bytes from aaaa::212:7406:6:606: icmp_seq=127 ttl=61 time=821 ms
64 bytes from aaaa::212:7406:6:606: icmp_seq=128 ttl=61 time=601 ms
64 bytes from aaaa::212:7406:6:606: icmp_seq=129 ttl=61 time=271 ms
64 bytes from aaaa::212:7406:6:606: icmp_seq=130 ttl=61 time=716 ms
64 bytes from aaaa::212:7406:6:606: icmp_seq=131 ttl=61 time=330 ms
64 bytes from aaaa::212:7406:6:606: icmp_seq=132 ttl=61 time=571 ms
64 bytes from aaaa::212:7406:6:606: icmp_seq=133 ttl=61 time=382 ms
64 bytes from aaaa::212:7406:6:606: icmp_seq=134 ttl=61 time=295 ms
64 bytes from aaaa::212:7406:6:606: icmp_seq=135 ttl=61 time=255 ms
64 bytes from aaaa::212:7406:6:606: icmp_seq=136 ttl=61 time=298 ms
64 bytes from aaaa::212:7406:6:606: icmp_seq=137 ttl=61 time=328 ms
64 bytes from aaaa::212:7406:6:606: icmp_seq=138 ttl=61 time=516 ms
64 bytes from aaaa::212:7406:6:606: icmp_seq=139 ttl=61 time=746 ms
64 bytes from aaaa::212:7406:6:606: icmp_seq=140 ttl=61 time=282 ms
64 bytes from aaaa::212:7406:6:606: icmp_seq=141 ttl=61 time=257 ms
64 bytes from aaaa::212:7406:6:606: icmp_seq=142 ttl=61 time=572 ms
64 bytes from aaaa::212:7406:6:606: icmp_seq=143 ttl=61 time=385 ms
64 bytes from aaaa::212:7406:6:606: icmp_seq=144 ttl=61 time=339 ms
64 bytes from aaaa::212:7406:6:606: icmp_seq=145 ttl=61 time=297 ms
64 bytes from aaaa::212:7406:6:606: icmp_seq=146 ttl=61 time=286 ms
64 bytes from aaaa::212:7406:6:606: icmp_seq=147 ttl=61 time=328 ms
64 bytes from aaaa::212:7406:6:606: icmp_seq=148 ttl=61 time=468 ms
64 bytes from aaaa::212:7406:6:606: icmp_seq=149 ttl=61 time=326 ms
64 bytes from aaaa::212:7406:6:606: icmp_seq=150 ttl=61 time=342 ms
64 bytes from aaaa::212:7406:6:606: icmp_seq=151 ttl=61 time=269 ms
64 bytes from aaaa::212:7406:6:606: icmp_seq=152 ttl=61 time=268 ms
64 bytes from aaaa::212:7406:6:606: icmp_seq=153 ttl=61 time=362 ms
64 bytes from aaaa::212:7406:6:606: icmp_seq=154 ttl=61 time=324 ms
64 bytes from aaaa::212:7406:6:606: icmp_seq=155 ttl=61 time=682 ms
64 bytes from aaaa::212:7406:6:606: icmp_seq=156 ttl=61 time=256 ms
64 bytes from aaaa::212:7406:6:606: icmp_seq=157 ttl=61 time=686 ms
64 bytes from aaaa::212:7406:6:606: icmp_seq=158 ttl=61 time=320 ms
64 bytes from aaaa::212:7406:6:606: icmp_seq=159 ttl=61 time=493 ms
64 bytes from aaaa::212:7406:6:606: icmp_seq=160 ttl=61 time=334 ms
64 bytes from aaaa::212:7406:6:606: icmp_seq=161 ttl=61 time=288 ms
64 bytes from aaaa::212:7406:6:606: icmp_seq=162 ttl=61 time=271 ms
64 bytes from aaaa::212:7406:6:606: icmp_seq=163 ttl=61 time=280 ms
64 bytes from aaaa::212:7406:6:606: icmp_seq=164 ttl=61 time=323 ms
64 bytes from aaaa::212:7406:6:606: icmp_seq=165 ttl=61 time=353 ms
64 bytes from aaaa::212:7406:6:606: icmp_seq=166 ttl=61 time=296 ms
64 bytes from aaaa::212:7406:6:606: icmp_seq=167 ttl=61 time=871 ms
64 bytes from aaaa::212:7406:6:606: icmp_seq=168 ttl=61 time=287 ms
64 bytes from aaaa::212:7406:6:606: icmp_seq=170 ttl=61 time=580 ms
64 bytes from aaaa::212:7406:6:606: icmp_seq=171 ttl=61 time=635 ms
64 bytes from aaaa::212:7406:6:606: icmp_seq=172 ttl=61 time=987 ms
64 bytes from aaaa::212:7406:6:606: icmp_seq=173 ttl=61 time=1429 ms
64 bytes from aaaa::212:7406:6:606: icmp_seq=174 ttl=61 time=825 ms
64 bytes from aaaa::212:7406:6:606: icmp_seq=175 ttl=61 time=1565 ms
64 bytes from aaaa::212:7406:6:606: icmp_seq=176 ttl=61 time=570 ms
64 bytes from aaaa::212:7406:6:606: icmp_seq=177 ttl=61 time=590 ms
64 bytes from aaaa::212:7406:6:606: icmp_seq=178 ttl=61 time=662 ms
64 bytes from aaaa::212:7406:6:606: icmp_seq=179 ttl=61 time=460 ms
64 bytes from aaaa::212:7406:6:606: icmp_seq=181 ttl=61 time=934 ms
64 bytes from aaaa::212:7406:6:606: icmp_seq=182 ttl=61 time=1104 ms
64 bytes from aaaa::212:7406:6:606: icmp_seq=183 ttl=61 time=1299 ms
64 bytes from aaaa::212:7406:6:606: icmp_seq=184 ttl=61 time=972 ms
64 bytes from aaaa::212:7406:6:606: icmp_seq=185 ttl=61 time=701 ms
64 bytes from aaaa::212:7406:6:606: icmp_seq=186 ttl=61 time=822 ms
64 bytes from aaaa::212:7406:6:606: icmp_seq=187 ttl=61 time=956 ms
64 bytes from aaaa::212:7406:6:606: icmp_seq=188 ttl=61 time=839 ms
64 bytes from aaaa::212:7406:6:606: icmp_seq=189 ttl=61 time=1414 ms
64 bytes from aaaa::212:7406:6:606: icmp_seq=190 ttl=61 time=374 ms
64 bytes from aaaa::212:7406:6:606: icmp_seq=191 ttl=61 time=648 ms
64 bytes from aaaa::212:7406:6:606: icmp_seq=192 ttl=61 time=294 ms
64 bytes from aaaa::212:7406:6:606: icmp_seq=193 ttl=61 time=294 ms
64 bytes from aaaa::212:7406:6:606: icmp_seq=194 ttl=61 time=418 ms
64 bytes from aaaa::212:7406:6:606: icmp_seq=195 ttl=61 time=396 ms
64 bytes from aaaa::212:7406:6:606: icmp_seq=196 ttl=61 time=356 ms
64 bytes from aaaa::212:7406:6:606: icmp_seq=197 ttl=61 time=543 ms
64 bytes from aaaa::212:7406:6:606: icmp_seq=198 ttl=61 time=635 ms
64 bytes from aaaa::212:7406:6:606: icmp_seq=199 ttl=61 time=2146 ms
64 bytes from aaaa::212:7406:6:606: icmp_seq=200 ttl=61 time=401 ms

--- aaaa::212:7406:6:606 ping statistics ---
200 packets transmitted, 145 received, 27% packet loss, time 1003577ms
rtt min/avg/max/mdev = 249.530/657.658/2788.105/439.804 ms
