PING aaaa::212:740d:d:d0d(aaaa::212:740d:d:d0d) 56 data bytes
64 bytes from aaaa::212:740d:d:d0d: icmp_seq=1 ttl=60 time=376 ms
64 bytes from aaaa::212:740d:d:d0d: icmp_seq=2 ttl=60 time=508 ms
64 bytes from aaaa::212:740d:d:d0d: icmp_seq=3 ttl=60 time=1325 ms
64 bytes from aaaa::212:740d:d:d0d: icmp_seq=4 ttl=60 time=367 ms
64 bytes from aaaa::212:740d:d:d0d: icmp_seq=5 ttl=60 time=295 ms
64 bytes from aaaa::212:740d:d:d0d: icmp_seq=6 ttl=60 time=661 ms
64 bytes from aaaa::212:740d:d:d0d: icmp_seq=10 ttl=59 time=623 ms
64 bytes from aaaa::212:740d:d:d0d: icmp_seq=11 ttl=60 time=510 ms
64 bytes from aaaa::212:740d:d:d0d: icmp_seq=12 ttl=59 time=421 ms
64 bytes from aaaa::212:740d:d:d0d: icmp_seq=13 ttl=59 time=371 ms
64 bytes from aaaa::212:740d:d:d0d: icmp_seq=14 ttl=59 time=349 ms
64 bytes from aaaa::212:740d:d:d0d: icmp_seq=15 ttl=60 time=608 ms
64 bytes from aaaa::212:740d:d:d0d: icmp_seq=16 ttl=60 time=626 ms
64 bytes from aaaa::212:740d:d:d0d: icmp_seq=18 ttl=60 time=704 ms
64 bytes from aaaa::212:740d:d:d0d: icmp_seq=19 ttl=60 time=294 ms
64 bytes from aaaa::212:740d:d:d0d: icmp_seq=21 ttl=60 time=2114 ms
64 bytes from aaaa::212:740d:d:d0d: icmp_seq=22 ttl=60 time=551 ms
64 bytes from aaaa::212:740d:d:d0d: icmp_seq=23 ttl=60 time=901 ms
64 bytes from aaaa::212:740d:d:d0d: icmp_seq=27 ttl=60 time=754 ms
64 bytes from aaaa::212:740d:d:d0d: icmp_seq=28 ttl=60 time=735 ms
64 bytes from aaaa::212:740d:d:d0d: icmp_seq=31 ttl=60 time=1685 ms
64 bytes from aaaa::212:740d:d:d0d: icmp_seq=38 ttl=60 time=1129 ms
64 bytes from aaaa::212:740d:d:d0d: icmp_seq=40 ttl=60 time=326 ms
64 bytes from aaaa::212:740d:d:d0d: icmp_seq=41 ttl=60 time=2211 ms
64 bytes from aaaa::212:740d:d:d0d: icmp_seq=45 ttl=60 time=2518 ms
64 bytes from aaaa::212:740d:d:d0d: icmp_seq=46 ttl=60 time=1288 ms
64 bytes from aaaa::212:740d:d:d0d: icmp_seq=48 ttl=60 time=521 ms
64 bytes from aaaa::212:740d:d:d0d: icmp_seq=66 ttl=60 time=668 ms
64 bytes from aaaa::212:740d:d:d0d: icmp_seq=67 ttl=60 time=394 ms
64 bytes from aaaa::212:740d:d:d0d: icmp_seq=68 ttl=60 time=520 ms
64 bytes from aaaa::212:740d:d:d0d: icmp_seq=69 ttl=60 time=524 ms
64 bytes from aaaa::212:740d:d:d0d: icmp_seq=70 ttl=60 time=516 ms
64 bytes from aaaa::212:740d:d:d0d: icmp_seq=77 ttl=60 time=668 ms
64 bytes from aaaa::212:740d:d:d0d: icmp_seq=85 ttl=60 time=1144 ms
64 bytes from aaaa::212:740d:d:d0d: icmp_seq=86 ttl=60 time=687 ms
64 bytes from aaaa::212:740d:d:d0d: icmp_seq=97 ttl=60 time=848 ms
64 bytes from aaaa::212:740d:d:d0d: icmp_seq=98 ttl=60 time=455 ms
64 bytes from aaaa::212:740d:d:d0d: icmp_seq=99 ttl=60 time=378 ms
64 bytes from aaaa::212:740d:d:d0d: icmp_seq=100 ttl=60 time=308 ms
64 bytes from aaaa::212:740d:d:d0d: icmp_seq=101 ttl=60 time=275 ms
64 bytes from aaaa::212:740d:d:d0d: icmp_seq=103 ttl=60 time=354 ms
64 bytes from aaaa::212:740d:d:d0d: icmp_seq=105 ttl=60 time=1676 ms
64 bytes from aaaa::212:740d:d:d0d: icmp_seq=107 ttl=60 time=480 ms
64 bytes from aaaa::212:740d:d:d0d: icmp_seq=108 ttl=60 time=263 ms
64 bytes from aaaa::212:740d:d:d0d: icmp_seq=109 ttl=60 time=602 ms
64 bytes from aaaa::212:740d:d:d0d: icmp_seq=110 ttl=60 time=945 ms
64 bytes from aaaa::212:740d:d:d0d: icmp_seq=112 ttl=60 time=1595 ms
64 bytes from aaaa::212:740d:d:d0d: icmp_seq=115 ttl=60 time=1643 ms
64 bytes from aaaa::212:740d:d:d0d: icmp_seq=127 ttl=60 time=562 ms
64 bytes from aaaa::212:740d:d:d0d: icmp_seq=128 ttl=60 time=620 ms
64 bytes from aaaa::212:740d:d:d0d: icmp_seq=129 ttl=60 time=1093 ms
64 bytes from aaaa::212:740d:d:d0d: icmp_seq=130 ttl=60 time=862 ms
64 bytes from aaaa::212:740d:d:d0d: icmp_seq=131 ttl=60 time=364 ms
64 bytes from aaaa::212:740d:d:d0d: icmp_seq=132 ttl=60 time=364 ms
64 bytes from aaaa::212:740d:d:d0d: icmp_seq=133 ttl=60 time=263 ms
64 bytes from aaaa::212:740d:d:d0d: icmp_seq=134 ttl=60 time=266 ms
64 bytes from aaaa::212:740d:d:d0d: icmp_seq=135 ttl=60 time=387 ms
64 bytes from aaaa::212:740d:d:d0d: icmp_seq=136 ttl=60 time=352 ms
64 bytes from aaaa::212:740d:d:d0d: icmp_seq=137 ttl=60 time=239 ms
64 bytes from aaaa::212:740d:d:d0d: icmp_seq=138 ttl=60 time=262 ms
64 bytes from aaaa::212:740d:d:d0d: icmp_seq=139 ttl=60 time=298 ms
64 bytes from aaaa::212:740d:d:d0d: icmp_seq=140 ttl=60 time=295 ms
64 bytes from aaaa::212:740d:d:d0d: icmp_seq=141 ttl=60 time=255 ms
64 bytes from aaaa::212:740d:d:d0d: icmp_seq=142 ttl=60 time=397 ms
64 bytes from aaaa::212:740d:d:d0d: icmp_seq=143 ttl=60 time=217 ms
64 bytes from aaaa::212:740d:d:d0d: icmp_seq=144 ttl=60 time=238 ms
64 bytes from aaaa::212:740d:d:d0d: icmp_seq=145 ttl=60 time=201 ms
64 bytes from aaaa::212:740d:d:d0d: icmp_seq=146 ttl=60 time=208 ms
64 bytes from aaaa::212:740d:d:d0d: icmp_seq=147 ttl=60 time=214 ms
64 bytes from aaaa::212:740d:d:d0d: icmp_seq=148 ttl=60 time=201 ms
64 bytes from aaaa::212:740d:d:d0d: icmp_seq=149 ttl=60 time=301 ms
64 bytes from aaaa::212:740d:d:d0d: icmp_seq=150 ttl=60 time=238 ms
64 bytes from aaaa::212:740d:d:d0d: icmp_seq=152 ttl=60 time=197 ms
64 bytes from aaaa::212:740d:d:d0d: icmp_seq=153 ttl=60 time=310 ms
64 bytes from aaaa::212:740d:d:d0d: icmp_seq=155 ttl=60 time=773 ms
64 bytes from aaaa::212:740d:d:d0d: icmp_seq=156 ttl=60 time=1055 ms
64 bytes from aaaa::212:740d:d:d0d: icmp_seq=157 ttl=60 time=363 ms
64 bytes from aaaa::212:740d:d:d0d: icmp_seq=158 ttl=60 time=221 ms
64 bytes from aaaa::212:740d:d:d0d: icmp_seq=161 ttl=60 time=215 ms
64 bytes from aaaa::212:740d:d:d0d: icmp_seq=162 ttl=60 time=218 ms
64 bytes from aaaa::212:740d:d:d0d: icmp_seq=163 ttl=60 time=217 ms
64 bytes from aaaa::212:740d:d:d0d: icmp_seq=164 ttl=60 time=240 ms
64 bytes from aaaa::212:740d:d:d0d: icmp_seq=165 ttl=60 time=242 ms
64 bytes from aaaa::212:740d:d:d0d: icmp_seq=166 ttl=60 time=212 ms
64 bytes from aaaa::212:740d:d:d0d: icmp_seq=169 ttl=60 time=223 ms
64 bytes from aaaa::212:740d:d:d0d: icmp_seq=170 ttl=60 time=248 ms
64 bytes from aaaa::212:740d:d:d0d: icmp_seq=171 ttl=60 time=271 ms
64 bytes from aaaa::212:740d:d:d0d: icmp_seq=172 ttl=60 time=211 ms
64 bytes from aaaa::212:740d:d:d0d: icmp_seq=173 ttl=60 time=280 ms
64 bytes from aaaa::212:740d:d:d0d: icmp_seq=174 ttl=60 time=250 ms
64 bytes from aaaa::212:740d:d:d0d: icmp_seq=175 ttl=60 time=213 ms
64 bytes from aaaa::212:740d:d:d0d: icmp_seq=176 ttl=60 time=224 ms
64 bytes from aaaa::212:740d:d:d0d: icmp_seq=177 ttl=60 time=270 ms
64 bytes from aaaa::212:740d:d:d0d: icmp_seq=179 ttl=60 time=282 ms
64 bytes from aaaa::212:740d:d:d0d: icmp_seq=180 ttl=60 time=276 ms
64 bytes from aaaa::212:740d:d:d0d: icmp_seq=181 ttl=60 time=252 ms
64 bytes from aaaa::212:740d:d:d0d: icmp_seq=182 ttl=60 time=216 ms
64 bytes from aaaa::212:740d:d:d0d: icmp_seq=183 ttl=60 time=222 ms
64 bytes from aaaa::212:740d:d:d0d: icmp_seq=184 ttl=60 time=324 ms
64 bytes from aaaa::212:740d:d:d0d: icmp_seq=185 ttl=60 time=213 ms
64 bytes from aaaa::212:740d:d:d0d: icmp_seq=186 ttl=60 time=208 ms
64 bytes from aaaa::212:740d:d:d0d: icmp_seq=187 ttl=60 time=236 ms
64 bytes from aaaa::212:740d:d:d0d: icmp_seq=188 ttl=60 time=217 ms
64 bytes from aaaa::212:740d:d:d0d: icmp_seq=189 ttl=60 time=222 ms
64 bytes from aaaa::212:740d:d:d0d: icmp_seq=190 ttl=60 time=251 ms
64 bytes from aaaa::212:740d:d:d0d: icmp_seq=191 ttl=60 time=249 ms
64 bytes from aaaa::212:740d:d:d0d: icmp_seq=192 ttl=60 time=266 ms
64 bytes from aaaa::212:740d:d:d0d: icmp_seq=194 ttl=60 time=229 ms
64 bytes from aaaa::212:740d:d:d0d: icmp_seq=195 ttl=60 time=227 ms
64 bytes from aaaa::212:740d:d:d0d: icmp_seq=196 ttl=60 time=278 ms
64 bytes from aaaa::212:740d:d:d0d: icmp_seq=197 ttl=60 time=210 ms
64 bytes from aaaa::212:740d:d:d0d: icmp_seq=198 ttl=60 time=230 ms
64 bytes from aaaa::212:740d:d:d0d: icmp_seq=199 ttl=60 time=239 ms
64 bytes from aaaa::212:740d:d:d0d: icmp_seq=200 ttl=60 time=264 ms

--- aaaa::212:740d:d:d0d ping statistics ---
200 packets transmitted, 114 received, 43% packet loss, time 1006799ms
rtt min/avg/max/mdev = 197.335/509.023/2518.775/447.598 ms
