PING aaaa::212:7411:11:1111(aaaa::212:7411:11:1111) 56 data bytes
64 bytes from aaaa::212:7411:11:1111: icmp_seq=1 ttl=59 time=649 ms
64 bytes from aaaa::212:7411:11:1111: icmp_seq=2 ttl=59 time=1156 ms
64 bytes from aaaa::212:7411:11:1111: icmp_seq=3 ttl=59 time=1171 ms
64 bytes from aaaa::212:7411:11:1111: icmp_seq=4 ttl=59 time=613 ms
64 bytes from aaaa::212:7411:11:1111: icmp_seq=5 ttl=59 time=725 ms
64 bytes from aaaa::212:7411:11:1111: icmp_seq=6 ttl=59 time=1155 ms
64 bytes from aaaa::212:7411:11:1111: icmp_seq=7 ttl=59 time=727 ms
64 bytes from aaaa::212:7411:11:1111: icmp_seq=8 ttl=59 time=840 ms
64 bytes from aaaa::212:7411:11:1111: icmp_seq=10 ttl=59 time=983 ms
64 bytes from aaaa::212:7411:11:1111: icmp_seq=12 ttl=59 time=810 ms
64 bytes from aaaa::212:7411:11:1111: icmp_seq=13 ttl=59 time=510 ms
64 bytes from aaaa::212:7411:11:1111: icmp_seq=14 ttl=59 time=1285 ms
64 bytes from aaaa::212:7411:11:1111: icmp_seq=16 ttl=59 time=2145 ms
64 bytes from aaaa::212:7411:11:1111: icmp_seq=18 ttl=59 time=555 ms
64 bytes from aaaa::212:7411:11:1111: icmp_seq=20 ttl=59 time=491 ms
64 bytes from aaaa::212:7411:11:1111: icmp_seq=22 ttl=59 time=556 ms
64 bytes from aaaa::212:7411:11:1111: icmp_seq=24 ttl=59 time=481 ms
64 bytes from aaaa::212:7411:11:1111: icmp_seq=25 ttl=59 time=445 ms
64 bytes from aaaa::212:7411:11:1111: icmp_seq=26 ttl=59 time=447 ms
64 bytes from aaaa::212:7411:11:1111: icmp_seq=27 ttl=59 time=458 ms
64 bytes from aaaa::212:7411:11:1111: icmp_seq=28 ttl=59 time=812 ms
64 bytes from aaaa::212:7411:11:1111: icmp_seq=29 ttl=59 time=507 ms
64 bytes from aaaa::212:7411:11:1111: icmp_seq=30 ttl=59 time=710 ms
64 bytes from aaaa::212:7411:11:1111: icmp_seq=32 ttl=59 time=1779 ms
64 bytes from aaaa::212:7411:11:1111: icmp_seq=33 ttl=59 time=511 ms
64 bytes from aaaa::212:7411:11:1111: icmp_seq=34 ttl=59 time=506 ms
64 bytes from aaaa::212:7411:11:1111: icmp_seq=35 ttl=59 time=1647 ms
64 bytes from aaaa::212:7411:11:1111: icmp_seq=36 ttl=59 time=400 ms
64 bytes from aaaa::212:7411:11:1111: icmp_seq=37 ttl=59 time=494 ms
64 bytes from aaaa::212:7411:11:1111: icmp_seq=39 ttl=59 time=460 ms
64 bytes from aaaa::212:7411:11:1111: icmp_seq=40 ttl=59 time=521 ms
64 bytes from aaaa::212:7411:11:1111: icmp_seq=41 ttl=59 time=456 ms
64 bytes from aaaa::212:7411:11:1111: icmp_seq=42 ttl=59 time=807 ms
64 bytes from aaaa::212:7411:11:1111: icmp_seq=43 ttl=59 time=694 ms
64 bytes from aaaa::212:7411:11:1111: icmp_seq=44 ttl=59 time=437 ms
64 bytes from aaaa::212:7411:11:1111: icmp_seq=45 ttl=59 time=503 ms
64 bytes from aaaa::212:7411:11:1111: icmp_seq=46 ttl=59 time=480 ms
64 bytes from aaaa::212:7411:11:1111: icmp_seq=47 ttl=59 time=620 ms
64 bytes from aaaa::212:7411:11:1111: icmp_seq=48 ttl=59 time=473 ms
64 bytes from aaaa::212:7411:11:1111: icmp_seq=50 ttl=59 time=1034 ms
64 bytes from aaaa::212:7411:11:1111: icmp_seq=51 ttl=59 time=634 ms
64 bytes from aaaa::212:7411:11:1111: icmp_seq=52 ttl=59 time=706 ms
64 bytes from aaaa::212:7411:11:1111: icmp_seq=53 ttl=59 time=463 ms
64 bytes from aaaa::212:7411:11:1111: icmp_seq=54 ttl=59 time=631 ms
64 bytes from aaaa::212:7411:11:1111: icmp_seq=55 ttl=59 time=523 ms
64 bytes from aaaa::212:7411:11:1111: icmp_seq=58 ttl=59 time=635 ms
64 bytes from aaaa::212:7411:11:1111: icmp_seq=59 ttl=59 time=727 ms
64 bytes from aaaa::212:7411:11:1111: icmp_seq=60 ttl=59 time=632 ms
64 bytes from aaaa::212:7411:11:1111: icmp_seq=61 ttl=59 time=562 ms
64 bytes from aaaa::212:7411:11:1111: icmp_seq=62 ttl=59 time=592 ms
64 bytes from aaaa::212:7411:11:1111: icmp_seq=63 ttl=59 time=501 ms
64 bytes from aaaa::212:7411:11:1111: icmp_seq=65 ttl=59 time=593 ms
64 bytes from aaaa::212:7411:11:1111: icmp_seq=66 ttl=59 time=652 ms
64 bytes from aaaa::212:7411:11:1111: icmp_seq=67 ttl=59 time=621 ms
64 bytes from aaaa::212:7411:11:1111: icmp_seq=68 ttl=59 time=618 ms
64 bytes from aaaa::212:7411:11:1111: icmp_seq=69 ttl=59 time=564 ms
64 bytes from aaaa::212:7411:11:1111: icmp_seq=70 ttl=59 time=1212 ms
64 bytes from aaaa::212:7411:11:1111: icmp_seq=71 ttl=59 time=508 ms
64 bytes from aaaa::212:7411:11:1111: icmp_seq=72 ttl=59 time=567 ms
64 bytes from aaaa::212:7411:11:1111: icmp_seq=73 ttl=59 time=616 ms
64 bytes from aaaa::212:7411:11:1111: icmp_seq=74 ttl=59 time=489 ms
64 bytes from aaaa::212:7411:11:1111: icmp_seq=75 ttl=59 time=477 ms
64 bytes from aaaa::212:7411:11:1111: icmp_seq=76 ttl=59 time=633 ms
64 bytes from aaaa::212:7411:11:1111: icmp_seq=77 ttl=59 time=492 ms
64 bytes from aaaa::212:7411:11:1111: icmp_seq=79 ttl=59 time=593 ms
64 bytes from aaaa::212:7411:11:1111: icmp_seq=80 ttl=59 time=504 ms
64 bytes from aaaa::212:7411:11:1111: icmp_seq=81 ttl=59 time=796 ms
64 bytes from aaaa::212:7411:11:1111: icmp_seq=82 ttl=59 time=760 ms
64 bytes from aaaa::212:7411:11:1111: icmp_seq=83 ttl=59 time=761 ms
64 bytes from aaaa::212:7411:11:1111: icmp_seq=84 ttl=59 time=637 ms
64 bytes from aaaa::212:7411:11:1111: icmp_seq=85 ttl=59 time=735 ms
64 bytes from aaaa::212:7411:11:1111: icmp_seq=86 ttl=59 time=761 ms
64 bytes from aaaa::212:7411:11:1111: icmp_seq=88 ttl=59 time=750 ms
64 bytes from aaaa::212:7411:11:1111: icmp_seq=89 ttl=59 time=675 ms
64 bytes from aaaa::212:7411:11:1111: icmp_seq=95 ttl=59 time=537 ms
64 bytes from aaaa::212:7411:11:1111: icmp_seq=97 ttl=59 time=967 ms
64 bytes from aaaa::212:7411:11:1111: icmp_seq=102 ttl=59 time=545 ms
64 bytes from aaaa::212:7411:11:1111: icmp_seq=103 ttl=59 time=501 ms
64 bytes from aaaa::212:7411:11:1111: icmp_seq=104 ttl=59 time=554 ms
64 bytes from aaaa::212:7411:11:1111: icmp_seq=106 ttl=59 time=610 ms
64 bytes from aaaa::212:7411:11:1111: icmp_seq=107 ttl=59 time=525 ms
64 bytes from aaaa::212:7411:11:1111: icmp_seq=108 ttl=59 time=461 ms
64 bytes from aaaa::212:7411:11:1111: icmp_seq=109 ttl=59 time=450 ms
64 bytes from aaaa::212:7411:11:1111: icmp_seq=110 ttl=59 time=873 ms
64 bytes from aaaa::212:7411:11:1111: icmp_seq=111 ttl=59 time=379 ms
64 bytes from aaaa::212:7411:11:1111: icmp_seq=112 ttl=59 time=777 ms
64 bytes from aaaa::212:7411:11:1111: icmp_seq=113 ttl=59 time=498 ms
64 bytes from aaaa::212:7411:11:1111: icmp_seq=114 ttl=59 time=1086 ms
64 bytes from aaaa::212:7411:11:1111: icmp_seq=115 ttl=59 time=766 ms
64 bytes from aaaa::212:7411:11:1111: icmp_seq=116 ttl=59 time=630 ms
64 bytes from aaaa::212:7411:11:1111: icmp_seq=119 ttl=59 time=630 ms
64 bytes from aaaa::212:7411:11:1111: icmp_seq=121 ttl=59 time=863 ms
64 bytes from aaaa::212:7411:11:1111: icmp_seq=122 ttl=59 time=916 ms
64 bytes from aaaa::212:7411:11:1111: icmp_seq=123 ttl=59 time=687 ms
64 bytes from aaaa::212:7411:11:1111: icmp_seq=124 ttl=59 time=387 ms
64 bytes from aaaa::212:7411:11:1111: icmp_seq=125 ttl=59 time=664 ms
64 bytes from aaaa::212:7411:11:1111: icmp_seq=126 ttl=59 time=851 ms
64 bytes from aaaa::212:7411:11:1111: icmp_seq=127 ttl=59 time=784 ms
64 bytes from aaaa::212:7411:11:1111: icmp_seq=128 ttl=59 time=404 ms
64 bytes from aaaa::212:7411:11:1111: icmp_seq=129 ttl=59 time=1432 ms
64 bytes from aaaa::212:7411:11:1111: icmp_seq=130 ttl=59 time=752 ms
64 bytes from aaaa::212:7411:11:1111: icmp_seq=131 ttl=59 time=1032 ms
64 bytes from aaaa::212:7411:11:1111: icmp_seq=132 ttl=59 time=575 ms
64 bytes from aaaa::212:7411:11:1111: icmp_seq=133 ttl=59 time=1134 ms
64 bytes from aaaa::212:7411:11:1111: icmp_seq=134 ttl=59 time=787 ms
64 bytes from aaaa::212:7411:11:1111: icmp_seq=135 ttl=59 time=815 ms
64 bytes from aaaa::212:7411:11:1111: icmp_seq=136 ttl=59 time=1212 ms
64 bytes from aaaa::212:7411:11:1111: icmp_seq=137 ttl=59 time=822 ms
64 bytes from aaaa::212:7411:11:1111: icmp_seq=138 ttl=59 time=1252 ms
64 bytes from aaaa::212:7411:11:1111: icmp_seq=139 ttl=59 time=639 ms
64 bytes from aaaa::212:7411:11:1111: icmp_seq=140 ttl=59 time=922 ms
64 bytes from aaaa::212:7411:11:1111: icmp_seq=141 ttl=59 time=872 ms
64 bytes from aaaa::212:7411:11:1111: icmp_seq=142 ttl=59 time=568 ms
64 bytes from aaaa::212:7411:11:1111: icmp_seq=143 ttl=59 time=588 ms
64 bytes from aaaa::212:7411:11:1111: icmp_seq=144 ttl=59 time=763 ms
64 bytes from aaaa::212:7411:11:1111: icmp_seq=145 ttl=59 time=849 ms
64 bytes from aaaa::212:7411:11:1111: icmp_seq=146 ttl=59 time=1416 ms
64 bytes from aaaa::212:7411:11:1111: icmp_seq=147 ttl=59 time=842 ms
64 bytes from aaaa::212:7411:11:1111: icmp_seq=148 ttl=59 time=920 ms
64 bytes from aaaa::212:7411:11:1111: icmp_seq=149 ttl=59 time=789 ms
64 bytes from aaaa::212:7411:11:1111: icmp_seq=150 ttl=59 time=502 ms
64 bytes from aaaa::212:7411:11:1111: icmp_seq=155 ttl=59 time=702 ms
64 bytes from aaaa::212:7411:11:1111: icmp_seq=157 ttl=59 time=1403 ms
64 bytes from aaaa::212:7411:11:1111: icmp_seq=162 ttl=59 time=999 ms
64 bytes from aaaa::212:7411:11:1111: icmp_seq=166 ttl=59 time=1496 ms
64 bytes from aaaa::212:7411:11:1111: icmp_seq=167 ttl=59 time=522 ms
64 bytes from aaaa::212:7411:11:1111: icmp_seq=170 ttl=59 time=1135 ms
64 bytes from aaaa::212:7411:11:1111: icmp_seq=171 ttl=59 time=548 ms
64 bytes from aaaa::212:7411:11:1111: icmp_seq=172 ttl=59 time=678 ms
64 bytes from aaaa::212:7411:11:1111: icmp_seq=173 ttl=59 time=1640 ms
64 bytes from aaaa::212:7411:11:1111: icmp_seq=174 ttl=59 time=1393 ms
64 bytes from aaaa::212:7411:11:1111: icmp_seq=178 ttl=59 time=904 ms
64 bytes from aaaa::212:7411:11:1111: icmp_seq=180 ttl=59 time=1032 ms
64 bytes from aaaa::212:7411:11:1111: icmp_seq=181 ttl=59 time=883 ms
64 bytes from aaaa::212:7411:11:1111: icmp_seq=182 ttl=59 time=801 ms
64 bytes from aaaa::212:7411:11:1111: icmp_seq=186 ttl=59 time=1314 ms
64 bytes from aaaa::212:7411:11:1111: icmp_seq=198 ttl=59 time=1360 ms
64 bytes from aaaa::212:7411:11:1111: icmp_seq=199 ttl=59 time=1866 ms
64 bytes from aaaa::212:7411:11:1111: icmp_seq=200 ttl=59 time=451 ms

--- aaaa::212:7411:11:1111 ping statistics ---
200 packets transmitted, 139 received, 30% packet loss, time 1004537ms
rtt min/avg/max/mdev = 379.985/767.560/2145.010/327.835 ms
