PING aaaa::212:740a:a:a0a(aaaa::212:740a:a:a0a) 56 data bytes
64 bytes from aaaa::212:740a:a:a0a: icmp_seq=1 ttl=60 time=678 ms
64 bytes from aaaa::212:740a:a:a0a: icmp_seq=4 ttl=60 time=2484 ms
64 bytes from aaaa::212:740a:a:a0a: icmp_seq=5 ttl=60 time=1712 ms
64 bytes from aaaa::212:740a:a:a0a: icmp_seq=6 ttl=60 time=1904 ms
64 bytes from aaaa::212:740a:a:a0a: icmp_seq=7 ttl=60 time=1327 ms
64 bytes from aaaa::212:740a:a:a0a: icmp_seq=8 ttl=60 time=420 ms
64 bytes from aaaa::212:740a:a:a0a: icmp_seq=10 ttl=60 time=977 ms
64 bytes from aaaa::212:740a:a:a0a: icmp_seq=17 ttl=60 time=865 ms
64 bytes from aaaa::212:740a:a:a0a: icmp_seq=22 ttl=60 time=493 ms
64 bytes from aaaa::212:740a:a:a0a: icmp_seq=27 ttl=60 time=519 ms
64 bytes from aaaa::212:740a:a:a0a: icmp_seq=28 ttl=60 time=612 ms
64 bytes from aaaa::212:740a:a:a0a: icmp_seq=31 ttl=60 time=3292 ms
64 bytes from aaaa::212:740a:a:a0a: icmp_seq=32 ttl=60 time=663 ms
64 bytes from aaaa::212:740a:a:a0a: icmp_seq=33 ttl=60 time=1893 ms
64 bytes from aaaa::212:740a:a:a0a: icmp_seq=34 ttl=60 time=511 ms
64 bytes from aaaa::212:740a:a:a0a: icmp_seq=35 ttl=60 time=1092 ms
64 bytes from aaaa::212:740a:a:a0a: icmp_seq=36 ttl=60 time=474 ms
64 bytes from aaaa::212:740a:a:a0a: icmp_seq=38 ttl=60 time=1062 ms
64 bytes from aaaa::212:740a:a:a0a: icmp_seq=39 ttl=60 time=1104 ms
64 bytes from aaaa::212:740a:a:a0a: icmp_seq=40 ttl=60 time=1119 ms
64 bytes from aaaa::212:740a:a:a0a: icmp_seq=43 ttl=60 time=1010 ms
64 bytes from aaaa::212:740a:a:a0a: icmp_seq=46 ttl=60 time=714 ms
64 bytes from aaaa::212:740a:a:a0a: icmp_seq=50 ttl=60 time=562 ms
64 bytes from aaaa::212:740a:a:a0a: icmp_seq=51 ttl=60 time=427 ms
64 bytes from aaaa::212:740a:a:a0a: icmp_seq=54 ttl=60 time=796 ms
64 bytes from aaaa::212:740a:a:a0a: icmp_seq=55 ttl=60 time=1444 ms
64 bytes from aaaa::212:740a:a:a0a: icmp_seq=56 ttl=60 time=731 ms
64 bytes from aaaa::212:740a:a:a0a: icmp_seq=57 ttl=60 time=551 ms
64 bytes from aaaa::212:740a:a:a0a: icmp_seq=58 ttl=60 time=412 ms
64 bytes from aaaa::212:740a:a:a0a: icmp_seq=60 ttl=60 time=1701 ms
64 bytes from aaaa::212:740a:a:a0a: icmp_seq=62 ttl=60 time=2611 ms
64 bytes from aaaa::212:740a:a:a0a: icmp_seq=63 ttl=60 time=2633 ms
64 bytes from aaaa::212:740a:a:a0a: icmp_seq=78 ttl=60 time=869 ms
64 bytes from aaaa::212:740a:a:a0a: icmp_seq=79 ttl=60 time=439 ms
64 bytes from aaaa::212:740a:a:a0a: icmp_seq=81 ttl=60 time=360 ms
64 bytes from aaaa::212:740a:a:a0a: icmp_seq=82 ttl=60 time=713 ms
64 bytes from aaaa::212:740a:a:a0a: icmp_seq=83 ttl=60 time=956 ms
64 bytes from aaaa::212:740a:a:a0a: icmp_seq=84 ttl=60 time=716 ms
64 bytes from aaaa::212:740a:a:a0a: icmp_seq=85 ttl=60 time=875 ms
64 bytes from aaaa::212:740a:a:a0a: icmp_seq=88 ttl=60 time=2017 ms
64 bytes from aaaa::212:740a:a:a0a: icmp_seq=89 ttl=60 time=1605 ms
64 bytes from aaaa::212:740a:a:a0a: icmp_seq=90 ttl=60 time=970 ms
64 bytes from aaaa::212:740a:a:a0a: icmp_seq=92 ttl=60 time=852 ms
64 bytes from aaaa::212:740a:a:a0a: icmp_seq=93 ttl=60 time=1488 ms
64 bytes from aaaa::212:740a:a:a0a: icmp_seq=94 ttl=60 time=1061 ms
64 bytes from aaaa::212:740a:a:a0a: icmp_seq=95 ttl=60 time=484 ms
64 bytes from aaaa::212:740a:a:a0a: icmp_seq=96 ttl=60 time=950 ms
64 bytes from aaaa::212:740a:a:a0a: icmp_seq=97 ttl=60 time=507 ms
64 bytes from aaaa::212:740a:a:a0a: icmp_seq=98 ttl=60 time=871 ms
64 bytes from aaaa::212:740a:a:a0a: icmp_seq=99 ttl=60 time=627 ms
64 bytes from aaaa::212:740a:a:a0a: icmp_seq=100 ttl=60 time=650 ms
64 bytes from aaaa::212:740a:a:a0a: icmp_seq=101 ttl=60 time=683 ms
64 bytes from aaaa::212:740a:a:a0a: icmp_seq=102 ttl=60 time=931 ms
64 bytes from aaaa::212:740a:a:a0a: icmp_seq=103 ttl=60 time=567 ms
64 bytes from aaaa::212:740a:a:a0a: icmp_seq=104 ttl=60 time=578 ms
64 bytes from aaaa::212:740a:a:a0a: icmp_seq=105 ttl=60 time=547 ms
64 bytes from aaaa::212:740a:a:a0a: icmp_seq=106 ttl=60 time=511 ms
64 bytes from aaaa::212:740a:a:a0a: icmp_seq=107 ttl=60 time=1047 ms
64 bytes from aaaa::212:740a:a:a0a: icmp_seq=108 ttl=60 time=823 ms
64 bytes from aaaa::212:740a:a:a0a: icmp_seq=109 ttl=60 time=391 ms
64 bytes from aaaa::212:740a:a:a0a: icmp_seq=110 ttl=60 time=623 ms
64 bytes from aaaa::212:740a:a:a0a: icmp_seq=111 ttl=60 time=471 ms
64 bytes from aaaa::212:740a:a:a0a: icmp_seq=112 ttl=60 time=391 ms
64 bytes from aaaa::212:740a:a:a0a: icmp_seq=113 ttl=60 time=836 ms
64 bytes from aaaa::212:740a:a:a0a: icmp_seq=114 ttl=60 time=720 ms
64 bytes from aaaa::212:740a:a:a0a: icmp_seq=115 ttl=60 time=792 ms
64 bytes from aaaa::212:740a:a:a0a: icmp_seq=116 ttl=60 time=889 ms
64 bytes from aaaa::212:740a:a:a0a: icmp_seq=117 ttl=60 time=649 ms
64 bytes from aaaa::212:740a:a:a0a: icmp_seq=118 ttl=60 time=738 ms
64 bytes from aaaa::212:740a:a:a0a: icmp_seq=119 ttl=60 time=1004 ms
64 bytes from aaaa::212:740a:a:a0a: icmp_seq=120 ttl=60 time=472 ms
64 bytes from aaaa::212:740a:a:a0a: icmp_seq=121 ttl=60 time=593 ms
64 bytes from aaaa::212:740a:a:a0a: icmp_seq=122 ttl=60 time=717 ms
64 bytes from aaaa::212:740a:a:a0a: icmp_seq=123 ttl=60 time=958 ms
64 bytes from aaaa::212:740a:a:a0a: icmp_seq=124 ttl=60 time=982 ms
64 bytes from aaaa::212:740a:a:a0a: icmp_seq=125 ttl=60 time=593 ms
64 bytes from aaaa::212:740a:a:a0a: icmp_seq=127 ttl=60 time=705 ms
64 bytes from aaaa::212:740a:a:a0a: icmp_seq=128 ttl=60 time=441 ms
64 bytes from aaaa::212:740a:a:a0a: icmp_seq=129 ttl=60 time=449 ms
64 bytes from aaaa::212:740a:a:a0a: icmp_seq=130 ttl=60 time=1353 ms
64 bytes from aaaa::212:740a:a:a0a: icmp_seq=131 ttl=60 time=566 ms
64 bytes from aaaa::212:740a:a:a0a: icmp_seq=132 ttl=60 time=406 ms
64 bytes from aaaa::212:740a:a:a0a: icmp_seq=133 ttl=60 time=643 ms
64 bytes from aaaa::212:740a:a:a0a: icmp_seq=134 ttl=60 time=572 ms
64 bytes from aaaa::212:740a:a:a0a: icmp_seq=135 ttl=60 time=473 ms
64 bytes from aaaa::212:740a:a:a0a: icmp_seq=136 ttl=60 time=446 ms
64 bytes from aaaa::212:740a:a:a0a: icmp_seq=137 ttl=60 time=463 ms
64 bytes from aaaa::212:740a:a:a0a: icmp_seq=138 ttl=60 time=730 ms
64 bytes from aaaa::212:740a:a:a0a: icmp_seq=139 ttl=60 time=556 ms
64 bytes from aaaa::212:740a:a:a0a: icmp_seq=140 ttl=60 time=985 ms
64 bytes from aaaa::212:740a:a:a0a: icmp_seq=141 ttl=60 time=645 ms
64 bytes from aaaa::212:740a:a:a0a: icmp_seq=142 ttl=60 time=767 ms
64 bytes from aaaa::212:740a:a:a0a: icmp_seq=143 ttl=60 time=490 ms
64 bytes from aaaa::212:740a:a:a0a: icmp_seq=144 ttl=60 time=678 ms
64 bytes from aaaa::212:740a:a:a0a: icmp_seq=145 ttl=60 time=826 ms
64 bytes from aaaa::212:740a:a:a0a: icmp_seq=146 ttl=60 time=701 ms
64 bytes from aaaa::212:740a:a:a0a: icmp_seq=147 ttl=60 time=842 ms
64 bytes from aaaa::212:740a:a:a0a: icmp_seq=148 ttl=60 time=726 ms
64 bytes from aaaa::212:740a:a:a0a: icmp_seq=149 ttl=60 time=746 ms
64 bytes from aaaa::212:740a:a:a0a: icmp_seq=150 ttl=60 time=1085 ms
64 bytes from aaaa::212:740a:a:a0a: icmp_seq=151 ttl=60 time=1195 ms
64 bytes from aaaa::212:740a:a:a0a: icmp_seq=152 ttl=60 time=350 ms
64 bytes from aaaa::212:740a:a:a0a: icmp_seq=153 ttl=60 time=930 ms
64 bytes from aaaa::212:740a:a:a0a: icmp_seq=154 ttl=60 time=890 ms
64 bytes from aaaa::212:740a:a:a0a: icmp_seq=155 ttl=60 time=743 ms
64 bytes from aaaa::212:740a:a:a0a: icmp_seq=156 ttl=60 time=874 ms
64 bytes from aaaa::212:740a:a:a0a: icmp_seq=157 ttl=60 time=640 ms
64 bytes from aaaa::212:740a:a:a0a: icmp_seq=158 ttl=60 time=601 ms
64 bytes from aaaa::212:740a:a:a0a: icmp_seq=159 ttl=60 time=399 ms
64 bytes from aaaa::212:740a:a:a0a: icmp_seq=160 ttl=60 time=458 ms
64 bytes from aaaa::212:740a:a:a0a: icmp_seq=161 ttl=60 time=524 ms
64 bytes from aaaa::212:740a:a:a0a: icmp_seq=162 ttl=60 time=435 ms
64 bytes from aaaa::212:740a:a:a0a: icmp_seq=163 ttl=60 time=770 ms
64 bytes from aaaa::212:740a:a:a0a: icmp_seq=164 ttl=60 time=516 ms
64 bytes from aaaa::212:740a:a:a0a: icmp_seq=165 ttl=60 time=1141 ms
64 bytes from aaaa::212:740a:a:a0a: icmp_seq=166 ttl=60 time=443 ms
64 bytes from aaaa::212:740a:a:a0a: icmp_seq=167 ttl=60 time=801 ms
64 bytes from aaaa::212:740a:a:a0a: icmp_seq=168 ttl=60 time=502 ms
64 bytes from aaaa::212:740a:a:a0a: icmp_seq=169 ttl=60 time=412 ms
64 bytes from aaaa::212:740a:a:a0a: icmp_seq=170 ttl=60 time=466 ms
64 bytes from aaaa::212:740a:a:a0a: icmp_seq=172 ttl=60 time=347 ms
64 bytes from aaaa::212:740a:a:a0a: icmp_seq=173 ttl=60 time=473 ms
64 bytes from aaaa::212:740a:a:a0a: icmp_seq=174 ttl=60 time=551 ms
64 bytes from aaaa::212:740a:a:a0a: icmp_seq=175 ttl=60 time=773 ms
64 bytes from aaaa::212:740a:a:a0a: icmp_seq=176 ttl=60 time=390 ms
64 bytes from aaaa::212:740a:a:a0a: icmp_seq=177 ttl=60 time=748 ms
64 bytes from aaaa::212:740a:a:a0a: icmp_seq=178 ttl=60 time=474 ms
64 bytes from aaaa::212:740a:a:a0a: icmp_seq=179 ttl=60 time=417 ms
64 bytes from aaaa::212:740a:a:a0a: icmp_seq=180 ttl=60 time=877 ms
64 bytes from aaaa::212:740a:a:a0a: icmp_seq=181 ttl=60 time=820 ms
64 bytes from aaaa::212:740a:a:a0a: icmp_seq=182 ttl=60 time=1533 ms
64 bytes from aaaa::212:740a:a:a0a: icmp_seq=183 ttl=60 time=968 ms
64 bytes from aaaa::212:740a:a:a0a: icmp_seq=184 ttl=60 time=547 ms
64 bytes from aaaa::212:740a:a:a0a: icmp_seq=185 ttl=60 time=451 ms
64 bytes from aaaa::212:740a:a:a0a: icmp_seq=186 ttl=60 time=458 ms
64 bytes from aaaa::212:740a:a:a0a: icmp_seq=187 ttl=60 time=455 ms
64 bytes from aaaa::212:740a:a:a0a: icmp_seq=188 ttl=60 time=912 ms
64 bytes from aaaa::212:740a:a:a0a: icmp_seq=189 ttl=60 time=555 ms
64 bytes from aaaa::212:740a:a:a0a: icmp_seq=190 ttl=60 time=1077 ms
64 bytes from aaaa::212:740a:a:a0a: icmp_seq=191 ttl=60 time=889 ms
64 bytes from aaaa::212:740a:a:a0a: icmp_seq=192 ttl=60 time=512 ms
64 bytes from aaaa::212:740a:a:a0a: icmp_seq=193 ttl=60 time=1291 ms
64 bytes from aaaa::212:740a:a:a0a: icmp_seq=195 ttl=60 time=1004 ms
64 bytes from aaaa::212:740a:a:a0a: icmp_seq=196 ttl=60 time=1337 ms
64 bytes from aaaa::212:740a:a:a0a: icmp_seq=197 ttl=60 time=527 ms
64 bytes from aaaa::212:740a:a:a0a: icmp_seq=199 ttl=60 time=488 ms
64 bytes from aaaa::212:740a:a:a0a: icmp_seq=200 ttl=60 time=1247 ms

--- aaaa::212:740a:a:a0a ping statistics ---
200 packets transmitted, 147 received, 26% packet loss, time 1002970ms
rtt min/avg/max/mdev = 347.414/822.357/3292.778/469.614 ms
