PING aaaa::212:7408:8:808(aaaa::212:7408:8:808) 56 data bytes
64 bytes from aaaa::212:7408:8:808: icmp_seq=1 ttl=62 time=900 ms
64 bytes from aaaa::212:7408:8:808: icmp_seq=7 ttl=62 time=379 ms
64 bytes from aaaa::212:7408:8:808: icmp_seq=9 ttl=62 time=286 ms
64 bytes from aaaa::212:7408:8:808: icmp_seq=10 ttl=62 time=190 ms
64 bytes from aaaa::212:7408:8:808: icmp_seq=17 ttl=62 time=673 ms
64 bytes from aaaa::212:7408:8:808: icmp_seq=18 ttl=62 time=513 ms
64 bytes from aaaa::212:7408:8:808: icmp_seq=21 ttl=62 time=303 ms
64 bytes from aaaa::212:7408:8:808: icmp_seq=22 ttl=62 time=389 ms
64 bytes from aaaa::212:7408:8:808: icmp_seq=23 ttl=62 time=469 ms
64 bytes from aaaa::212:7408:8:808: icmp_seq=24 ttl=62 time=1478 ms
64 bytes from aaaa::212:7408:8:808: icmp_seq=25 ttl=62 time=221 ms
64 bytes from aaaa::212:7408:8:808: icmp_seq=26 ttl=61 time=938 ms
64 bytes from aaaa::212:7408:8:808: icmp_seq=28 ttl=61 time=980 ms
64 bytes from aaaa::212:7408:8:808: icmp_seq=29 ttl=61 time=1488 ms
64 bytes from aaaa::212:7408:8:808: icmp_seq=30 ttl=61 time=547 ms
64 bytes from aaaa::212:7408:8:808: icmp_seq=31 ttl=61 time=540 ms
64 bytes from aaaa::212:7408:8:808: icmp_seq=44 ttl=62 time=1498 ms
64 bytes from aaaa::212:7408:8:808: icmp_seq=45 ttl=62 time=535 ms
64 bytes from aaaa::212:7408:8:808: icmp_seq=46 ttl=62 time=934 ms
64 bytes from aaaa::212:7408:8:808: icmp_seq=52 ttl=62 time=168 ms
64 bytes from aaaa::212:7408:8:808: icmp_seq=53 ttl=62 time=741 ms
64 bytes from aaaa::212:7408:8:808: icmp_seq=54 ttl=62 time=1052 ms
64 bytes from aaaa::212:7408:8:808: icmp_seq=55 ttl=62 time=642 ms
64 bytes from aaaa::212:7408:8:808: icmp_seq=56 ttl=62 time=1450 ms
64 bytes from aaaa::212:7408:8:808: icmp_seq=59 ttl=62 time=1270 ms
64 bytes from aaaa::212:7408:8:808: icmp_seq=60 ttl=62 time=797 ms
64 bytes from aaaa::212:7408:8:808: icmp_seq=61 ttl=62 time=198 ms
64 bytes from aaaa::212:7408:8:808: icmp_seq=62 ttl=62 time=435 ms
64 bytes from aaaa::212:7408:8:808: icmp_seq=63 ttl=62 time=426 ms
64 bytes from aaaa::212:7408:8:808: icmp_seq=68 ttl=61 time=390 ms
64 bytes from aaaa::212:7408:8:808: icmp_seq=69 ttl=61 time=884 ms
64 bytes from aaaa::212:7408:8:808: icmp_seq=70 ttl=61 time=215 ms
64 bytes from aaaa::212:7408:8:808: icmp_seq=71 ttl=61 time=271 ms
64 bytes from aaaa::212:7408:8:808: icmp_seq=74 ttl=62 time=664 ms
64 bytes from aaaa::212:7408:8:808: icmp_seq=76 ttl=62 time=368 ms
64 bytes from aaaa::212:7408:8:808: icmp_seq=78 ttl=62 time=197 ms
64 bytes from aaaa::212:7408:8:808: icmp_seq=79 ttl=62 time=549 ms
64 bytes from aaaa::212:7408:8:808: icmp_seq=80 ttl=62 time=921 ms
64 bytes from aaaa::212:7408:8:808: icmp_seq=81 ttl=62 time=421 ms
64 bytes from aaaa::212:7408:8:808: icmp_seq=82 ttl=62 time=642 ms
64 bytes from aaaa::212:7408:8:808: icmp_seq=89 ttl=62 time=1837 ms
64 bytes from aaaa::212:7408:8:808: icmp_seq=90 ttl=62 time=509 ms
64 bytes from aaaa::212:7408:8:808: icmp_seq=91 ttl=62 time=326 ms
64 bytes from aaaa::212:7408:8:808: icmp_seq=92 ttl=62 time=1103 ms
64 bytes from aaaa::212:7408:8:808: icmp_seq=94 ttl=62 time=756 ms
64 bytes from aaaa::212:7408:8:808: icmp_seq=95 ttl=62 time=463 ms
64 bytes from aaaa::212:7408:8:808: icmp_seq=97 ttl=62 time=582 ms
64 bytes from aaaa::212:7408:8:808: icmp_seq=98 ttl=62 time=1083 ms
64 bytes from aaaa::212:7408:8:808: icmp_seq=99 ttl=62 time=347 ms
64 bytes from aaaa::212:7408:8:808: icmp_seq=101 ttl=62 time=960 ms
64 bytes from aaaa::212:7408:8:808: icmp_seq=103 ttl=62 time=1349 ms
64 bytes from aaaa::212:7408:8:808: icmp_seq=106 ttl=62 time=344 ms
64 bytes from aaaa::212:7408:8:808: icmp_seq=107 ttl=62 time=2247 ms
64 bytes from aaaa::212:7408:8:808: icmp_seq=108 ttl=62 time=609 ms
64 bytes from aaaa::212:7408:8:808: icmp_seq=109 ttl=62 time=612 ms
64 bytes from aaaa::212:7408:8:808: icmp_seq=110 ttl=62 time=977 ms
64 bytes from aaaa::212:7408:8:808: icmp_seq=111 ttl=62 time=1085 ms
64 bytes from aaaa::212:7408:8:808: icmp_seq=112 ttl=62 time=1525 ms
64 bytes from aaaa::212:7408:8:808: icmp_seq=113 ttl=62 time=767 ms
64 bytes from aaaa::212:7408:8:808: icmp_seq=124 ttl=62 time=619 ms
64 bytes from aaaa::212:7408:8:808: icmp_seq=141 ttl=62 time=704 ms
64 bytes from aaaa::212:7408:8:808: icmp_seq=150 ttl=62 time=2253 ms
64 bytes from aaaa::212:7408:8:808: icmp_seq=155 ttl=62 time=828 ms
64 bytes from aaaa::212:7408:8:808: icmp_seq=156 ttl=62 time=969 ms
64 bytes from aaaa::212:7408:8:808: icmp_seq=171 ttl=62 time=1300 ms
64 bytes from aaaa::212:7408:8:808: icmp_seq=174 ttl=62 time=1535 ms
64 bytes from aaaa::212:7408:8:808: icmp_seq=176 ttl=62 time=1300 ms
64 bytes from aaaa::212:7408:8:808: icmp_seq=183 ttl=62 time=1575 ms
64 bytes from aaaa::212:7408:8:808: icmp_seq=184 ttl=62 time=436 ms
64 bytes from aaaa::212:7408:8:808: icmp_seq=185 ttl=62 time=519 ms
64 bytes from aaaa::212:7408:8:808: icmp_seq=186 ttl=62 time=2833 ms
64 bytes from aaaa::212:7408:8:808: icmp_seq=187 ttl=62 time=1066 ms
64 bytes from aaaa::212:7408:8:808: icmp_seq=188 ttl=62 time=958 ms
64 bytes from aaaa::212:7408:8:808: icmp_seq=190 ttl=62 time=834 ms
64 bytes from aaaa::212:7408:8:808: icmp_seq=191 ttl=62 time=276 ms
64 bytes from aaaa::212:7408:8:808: icmp_seq=192 ttl=62 time=212 ms
64 bytes from aaaa::212:7408:8:808: icmp_seq=194 ttl=62 time=305 ms
64 bytes from aaaa::212:7408:8:808: icmp_seq=196 ttl=62 time=316 ms
64 bytes from aaaa::212:7408:8:808: icmp_seq=199 ttl=62 time=221 ms
64 bytes from aaaa::212:7408:8:808: icmp_seq=200 ttl=62 time=417 ms

--- aaaa::212:7408:8:808 ping statistics ---
200 packets transmitted, 80 received, 60% packet loss, time 1011110ms
rtt min/avg/max/mdev = 168.847/786.945/2833.099/523.848 ms
