PING aaaa::212:740b:b:b0b(aaaa::212:740b:b:b0b) 56 data bytes
64 bytes from aaaa::212:740b:b:b0b: icmp_seq=2 ttl=61 time=587 ms
64 bytes from aaaa::212:740b:b:b0b: icmp_seq=3 ttl=61 time=742 ms
64 bytes from aaaa::212:740b:b:b0b: icmp_seq=4 ttl=61 time=778 ms
64 bytes from aaaa::212:740b:b:b0b: icmp_seq=5 ttl=61 time=576 ms
64 bytes from aaaa::212:740b:b:b0b: icmp_seq=6 ttl=61 time=274 ms
64 bytes from aaaa::212:740b:b:b0b: icmp_seq=7 ttl=61 time=231 ms
64 bytes from aaaa::212:740b:b:b0b: icmp_seq=9 ttl=61 time=1141 ms
64 bytes from aaaa::212:740b:b:b0b: icmp_seq=10 ttl=61 time=373 ms
64 bytes from aaaa::212:740b:b:b0b: icmp_seq=16 ttl=61 time=620 ms
64 bytes from aaaa::212:740b:b:b0b: icmp_seq=18 ttl=61 time=300 ms
64 bytes from aaaa::212:740b:b:b0b: icmp_seq=22 ttl=61 time=1310 ms
64 bytes from aaaa::212:740b:b:b0b: icmp_seq=23 ttl=61 time=785 ms
64 bytes from aaaa::212:740b:b:b0b: icmp_seq=24 ttl=61 time=228 ms
64 bytes from aaaa::212:740b:b:b0b: icmp_seq=25 ttl=61 time=315 ms
64 bytes from aaaa::212:740b:b:b0b: icmp_seq=26 ttl=61 time=474 ms
64 bytes from aaaa::212:740b:b:b0b: icmp_seq=27 ttl=61 time=395 ms
64 bytes from aaaa::212:740b:b:b0b: icmp_seq=28 ttl=61 time=235 ms
64 bytes from aaaa::212:740b:b:b0b: icmp_seq=29 ttl=61 time=248 ms
64 bytes from aaaa::212:740b:b:b0b: icmp_seq=30 ttl=61 time=233 ms
64 bytes from aaaa::212:740b:b:b0b: icmp_seq=31 ttl=61 time=1074 ms
64 bytes from aaaa::212:740b:b:b0b: icmp_seq=32 ttl=61 time=539 ms
64 bytes from aaaa::212:740b:b:b0b: icmp_seq=33 ttl=61 time=698 ms
64 bytes from aaaa::212:740b:b:b0b: icmp_seq=34 ttl=61 time=326 ms
64 bytes from aaaa::212:740b:b:b0b: icmp_seq=35 ttl=61 time=411 ms
64 bytes from aaaa::212:740b:b:b0b: icmp_seq=37 ttl=61 time=583 ms
64 bytes from aaaa::212:740b:b:b0b: icmp_seq=38 ttl=61 time=446 ms
64 bytes from aaaa::212:740b:b:b0b: icmp_seq=39 ttl=61 time=508 ms
64 bytes from aaaa::212:740b:b:b0b: icmp_seq=40 ttl=61 time=480 ms
64 bytes from aaaa::212:740b:b:b0b: icmp_seq=41 ttl=61 time=439 ms
64 bytes from aaaa::212:740b:b:b0b: icmp_seq=42 ttl=61 time=648 ms
64 bytes from aaaa::212:740b:b:b0b: icmp_seq=43 ttl=61 time=522 ms
64 bytes from aaaa::212:740b:b:b0b: icmp_seq=44 ttl=61 time=778 ms
64 bytes from aaaa::212:740b:b:b0b: icmp_seq=45 ttl=61 time=530 ms
64 bytes from aaaa::212:740b:b:b0b: icmp_seq=46 ttl=61 time=434 ms
64 bytes from aaaa::212:740b:b:b0b: icmp_seq=47 ttl=61 time=248 ms
64 bytes from aaaa::212:740b:b:b0b: icmp_seq=48 ttl=61 time=486 ms
64 bytes from aaaa::212:740b:b:b0b: icmp_seq=49 ttl=61 time=483 ms
64 bytes from aaaa::212:740b:b:b0b: icmp_seq=50 ttl=61 time=1007 ms
64 bytes from aaaa::212:740b:b:b0b: icmp_seq=51 ttl=61 time=708 ms
64 bytes from aaaa::212:740b:b:b0b: icmp_seq=52 ttl=61 time=391 ms
64 bytes from aaaa::212:740b:b:b0b: icmp_seq=53 ttl=61 time=390 ms
64 bytes from aaaa::212:740b:b:b0b: icmp_seq=54 ttl=61 time=341 ms
64 bytes from aaaa::212:740b:b:b0b: icmp_seq=55 ttl=61 time=746 ms
64 bytes from aaaa::212:740b:b:b0b: icmp_seq=56 ttl=61 time=586 ms
64 bytes from aaaa::212:740b:b:b0b: icmp_seq=58 ttl=61 time=1144 ms
64 bytes from aaaa::212:740b:b:b0b: icmp_seq=59 ttl=61 time=352 ms
64 bytes from aaaa::212:740b:b:b0b: icmp_seq=60 ttl=61 time=597 ms
64 bytes from aaaa::212:740b:b:b0b: icmp_seq=61 ttl=61 time=631 ms
64 bytes from aaaa::212:740b:b:b0b: icmp_seq=62 ttl=61 time=722 ms
64 bytes from aaaa::212:740b:b:b0b: icmp_seq=63 ttl=61 time=477 ms
64 bytes from aaaa::212:740b:b:b0b: icmp_seq=64 ttl=61 time=294 ms
64 bytes from aaaa::212:740b:b:b0b: icmp_seq=66 ttl=61 time=417 ms
64 bytes from aaaa::212:740b:b:b0b: icmp_seq=67 ttl=61 time=836 ms
64 bytes from aaaa::212:740b:b:b0b: icmp_seq=68 ttl=61 time=389 ms
64 bytes from aaaa::212:740b:b:b0b: icmp_seq=69 ttl=61 time=504 ms
64 bytes from aaaa::212:740b:b:b0b: icmp_seq=70 ttl=61 time=796 ms
64 bytes from aaaa::212:740b:b:b0b: icmp_seq=71 ttl=61 time=645 ms
64 bytes from aaaa::212:740b:b:b0b: icmp_seq=78 ttl=61 time=764 ms
64 bytes from aaaa::212:740b:b:b0b: icmp_seq=80 ttl=61 time=445 ms
64 bytes from aaaa::212:740b:b:b0b: icmp_seq=82 ttl=61 time=395 ms
64 bytes from aaaa::212:740b:b:b0b: icmp_seq=83 ttl=61 time=776 ms
64 bytes from aaaa::212:740b:b:b0b: icmp_seq=85 ttl=61 time=958 ms
64 bytes from aaaa::212:740b:b:b0b: icmp_seq=86 ttl=61 time=799 ms
64 bytes from aaaa::212:740b:b:b0b: icmp_seq=87 ttl=61 time=511 ms
64 bytes from aaaa::212:740b:b:b0b: icmp_seq=88 ttl=61 time=627 ms
64 bytes from aaaa::212:740b:b:b0b: icmp_seq=89 ttl=61 time=733 ms
64 bytes from aaaa::212:740b:b:b0b: icmp_seq=90 ttl=61 time=810 ms
64 bytes from aaaa::212:740b:b:b0b: icmp_seq=91 ttl=61 time=895 ms
64 bytes from aaaa::212:740b:b:b0b: icmp_seq=92 ttl=61 time=449 ms
64 bytes from aaaa::212:740b:b:b0b: icmp_seq=93 ttl=61 time=402 ms
64 bytes from aaaa::212:740b:b:b0b: icmp_seq=94 ttl=61 time=414 ms
64 bytes from aaaa::212:740b:b:b0b: icmp_seq=95 ttl=61 time=349 ms
64 bytes from aaaa::212:740b:b:b0b: icmp_seq=96 ttl=61 time=905 ms
64 bytes from aaaa::212:740b:b:b0b: icmp_seq=97 ttl=61 time=520 ms
64 bytes from aaaa::212:740b:b:b0b: icmp_seq=98 ttl=61 time=554 ms
64 bytes from aaaa::212:740b:b:b0b: icmp_seq=100 ttl=61 time=535 ms
64 bytes from aaaa::212:740b:b:b0b: icmp_seq=101 ttl=61 time=750 ms
64 bytes from aaaa::212:740b:b:b0b: icmp_seq=102 ttl=61 time=473 ms
64 bytes from aaaa::212:740b:b:b0b: icmp_seq=104 ttl=61 time=410 ms
64 bytes from aaaa::212:740b:b:b0b: icmp_seq=105 ttl=61 time=610 ms
64 bytes from aaaa::212:740b:b:b0b: icmp_seq=106 ttl=61 time=743 ms
64 bytes from aaaa::212:740b:b:b0b: icmp_seq=107 ttl=61 time=384 ms
64 bytes from aaaa::212:740b:b:b0b: icmp_seq=110 ttl=61 time=556 ms
64 bytes from aaaa::212:740b:b:b0b: icmp_seq=111 ttl=61 time=1133 ms
64 bytes from aaaa::212:740b:b:b0b: icmp_seq=112 ttl=61 time=399 ms
64 bytes from aaaa::212:740b:b:b0b: icmp_seq=113 ttl=61 time=469 ms
64 bytes from aaaa::212:740b:b:b0b: icmp_seq=114 ttl=61 time=400 ms
64 bytes from aaaa::212:740b:b:b0b: icmp_seq=115 ttl=61 time=340 ms
64 bytes from aaaa::212:740b:b:b0b: icmp_seq=116 ttl=61 time=619 ms
64 bytes from aaaa::212:740b:b:b0b: icmp_seq=117 ttl=61 time=524 ms
64 bytes from aaaa::212:740b:b:b0b: icmp_seq=118 ttl=61 time=247 ms
64 bytes from aaaa::212:740b:b:b0b: icmp_seq=120 ttl=61 time=481 ms
64 bytes from aaaa::212:740b:b:b0b: icmp_seq=121 ttl=61 time=430 ms
64 bytes from aaaa::212:740b:b:b0b: icmp_seq=122 ttl=61 time=638 ms
64 bytes from aaaa::212:740b:b:b0b: icmp_seq=123 ttl=61 time=226 ms
64 bytes from aaaa::212:740b:b:b0b: icmp_seq=124 ttl=61 time=403 ms
64 bytes from aaaa::212:740b:b:b0b: icmp_seq=125 ttl=61 time=343 ms
64 bytes from aaaa::212:740b:b:b0b: icmp_seq=126 ttl=61 time=415 ms
64 bytes from aaaa::212:740b:b:b0b: icmp_seq=127 ttl=61 time=446 ms
64 bytes from aaaa::212:740b:b:b0b: icmp_seq=128 ttl=61 time=511 ms
64 bytes from aaaa::212:740b:b:b0b: icmp_seq=129 ttl=61 time=513 ms
64 bytes from aaaa::212:740b:b:b0b: icmp_seq=130 ttl=61 time=304 ms
64 bytes from aaaa::212:740b:b:b0b: icmp_seq=131 ttl=61 time=375 ms
64 bytes from aaaa::212:740b:b:b0b: icmp_seq=133 ttl=61 time=708 ms
64 bytes from aaaa::212:740b:b:b0b: icmp_seq=134 ttl=61 time=319 ms
64 bytes from aaaa::212:740b:b:b0b: icmp_seq=135 ttl=61 time=396 ms
64 bytes from aaaa::212:740b:b:b0b: icmp_seq=137 ttl=61 time=345 ms
64 bytes from aaaa::212:740b:b:b0b: icmp_seq=138 ttl=61 time=262 ms
64 bytes from aaaa::212:740b:b:b0b: icmp_seq=139 ttl=61 time=264 ms
64 bytes from aaaa::212:740b:b:b0b: icmp_seq=140 ttl=61 time=343 ms
64 bytes from aaaa::212:740b:b:b0b: icmp_seq=141 ttl=61 time=1122 ms
64 bytes from aaaa::212:740b:b:b0b: icmp_seq=142 ttl=61 time=271 ms
64 bytes from aaaa::212:740b:b:b0b: icmp_seq=143 ttl=61 time=371 ms
64 bytes from aaaa::212:740b:b:b0b: icmp_seq=144 ttl=61 time=824 ms
64 bytes from aaaa::212:740b:b:b0b: icmp_seq=145 ttl=61 time=339 ms
64 bytes from aaaa::212:740b:b:b0b: icmp_seq=146 ttl=61 time=414 ms
64 bytes from aaaa::212:740b:b:b0b: icmp_seq=147 ttl=61 time=283 ms
64 bytes from aaaa::212:740b:b:b0b: icmp_seq=148 ttl=61 time=731 ms
64 bytes from aaaa::212:740b:b:b0b: icmp_seq=149 ttl=61 time=409 ms
64 bytes from aaaa::212:740b:b:b0b: icmp_seq=150 ttl=61 time=326 ms
64 bytes from aaaa::212:740b:b:b0b: icmp_seq=151 ttl=61 time=506 ms
64 bytes from aaaa::212:740b:b:b0b: icmp_seq=152 ttl=61 time=351 ms
64 bytes from aaaa::212:740b:b:b0b: icmp_seq=153 ttl=61 time=514 ms
64 bytes from aaaa::212:740b:b:b0b: icmp_seq=154 ttl=61 time=383 ms
64 bytes from aaaa::212:740b:b:b0b: icmp_seq=156 ttl=61 time=556 ms
64 bytes from aaaa::212:740b:b:b0b: icmp_seq=157 ttl=61 time=458 ms
64 bytes from aaaa::212:740b:b:b0b: icmp_seq=158 ttl=61 time=512 ms
64 bytes from aaaa::212:740b:b:b0b: icmp_seq=159 ttl=61 time=380 ms
64 bytes from aaaa::212:740b:b:b0b: icmp_seq=160 ttl=61 time=508 ms
64 bytes from aaaa::212:740b:b:b0b: icmp_seq=163 ttl=61 time=353 ms
64 bytes from aaaa::212:740b:b:b0b: icmp_seq=164 ttl=61 time=450 ms
64 bytes from aaaa::212:740b:b:b0b: icmp_seq=165 ttl=61 time=296 ms
64 bytes from aaaa::212:740b:b:b0b: icmp_seq=166 ttl=61 time=465 ms
64 bytes from aaaa::212:740b:b:b0b: icmp_seq=167 ttl=61 time=296 ms
64 bytes from aaaa::212:740b:b:b0b: icmp_seq=168 ttl=61 time=656 ms
64 bytes from aaaa::212:740b:b:b0b: icmp_seq=169 ttl=61 time=936 ms
64 bytes from aaaa::212:740b:b:b0b: icmp_seq=170 ttl=61 time=289 ms
64 bytes from aaaa::212:740b:b:b0b: icmp_seq=171 ttl=61 time=231 ms
64 bytes from aaaa::212:740b:b:b0b: icmp_seq=172 ttl=61 time=263 ms
64 bytes from aaaa::212:740b:b:b0b: icmp_seq=173 ttl=61 time=313 ms
64 bytes from aaaa::212:740b:b:b0b: icmp_seq=174 ttl=61 time=333 ms
64 bytes from aaaa::212:740b:b:b0b: icmp_seq=175 ttl=61 time=487 ms
64 bytes from aaaa::212:740b:b:b0b: icmp_seq=176 ttl=61 time=300 ms
64 bytes from aaaa::212:740b:b:b0b: icmp_seq=177 ttl=61 time=331 ms
64 bytes from aaaa::212:740b:b:b0b: icmp_seq=179 ttl=61 time=646 ms
64 bytes from aaaa::212:740b:b:b0b: icmp_seq=180 ttl=61 time=311 ms
64 bytes from aaaa::212:740b:b:b0b: icmp_seq=181 ttl=61 time=780 ms
64 bytes from aaaa::212:740b:b:b0b: icmp_seq=182 ttl=61 time=647 ms
64 bytes from aaaa::212:740b:b:b0b: icmp_seq=183 ttl=61 time=425 ms
64 bytes from aaaa::212:740b:b:b0b: icmp_seq=184 ttl=61 time=632 ms
64 bytes from aaaa::212:740b:b:b0b: icmp_seq=185 ttl=61 time=696 ms
64 bytes from aaaa::212:740b:b:b0b: icmp_seq=186 ttl=61 time=346 ms
64 bytes from aaaa::212:740b:b:b0b: icmp_seq=187 ttl=61 time=578 ms
64 bytes from aaaa::212:740b:b:b0b: icmp_seq=188 ttl=61 time=350 ms
64 bytes from aaaa::212:740b:b:b0b: icmp_seq=189 ttl=61 time=314 ms
64 bytes from aaaa::212:740b:b:b0b: icmp_seq=190 ttl=61 time=475 ms
64 bytes from aaaa::212:740b:b:b0b: icmp_seq=191 ttl=61 time=385 ms
64 bytes from aaaa::212:740b:b:b0b: icmp_seq=192 ttl=61 time=285 ms
64 bytes from aaaa::212:740b:b:b0b: icmp_seq=193 ttl=61 time=309 ms
64 bytes from aaaa::212:740b:b:b0b: icmp_seq=194 ttl=61 time=334 ms
64 bytes from aaaa::212:740b:b:b0b: icmp_seq=195 ttl=61 time=545 ms
64 bytes from aaaa::212:740b:b:b0b: icmp_seq=196 ttl=61 time=315 ms
64 bytes from aaaa::212:740b:b:b0b: icmp_seq=197 ttl=61 time=1034 ms
64 bytes from aaaa::212:740b:b:b0b: icmp_seq=198 ttl=61 time=266 ms
64 bytes from aaaa::212:740b:b:b0b: icmp_seq=199 ttl=61 time=468 ms
64 bytes from aaaa::212:740b:b:b0b: icmp_seq=200 ttl=61 time=287 ms

--- aaaa::212:740b:b:b0b ping statistics ---
200 packets transmitted, 166 received, 17% packet loss, time 1000661ms
rtt min/avg/max/mdev = 226.343/511.087/1310.497/219.455 ms
