PING aaaa::212:740a:a:a0a(aaaa::212:740a:a:a0a) 56 data bytes
64 bytes from aaaa::212:740a:a:a0a: icmp_seq=1 ttl=60 time=634 ms
64 bytes from aaaa::212:740a:a:a0a: icmp_seq=4 ttl=60 time=1497 ms
64 bytes from aaaa::212:740a:a:a0a: icmp_seq=6 ttl=60 time=584 ms
64 bytes from aaaa::212:740a:a:a0a: icmp_seq=10 ttl=60 time=924 ms
64 bytes from aaaa::212:740a:a:a0a: icmp_seq=12 ttl=60 time=576 ms
64 bytes from aaaa::212:740a:a:a0a: icmp_seq=13 ttl=60 time=627 ms
64 bytes from aaaa::212:740a:a:a0a: icmp_seq=14 ttl=60 time=1789 ms
64 bytes from aaaa::212:740a:a:a0a: icmp_seq=15 ttl=60 time=719 ms
64 bytes from aaaa::212:740a:a:a0a: icmp_seq=16 ttl=60 time=817 ms
64 bytes from aaaa::212:740a:a:a0a: icmp_seq=17 ttl=60 time=1450 ms
64 bytes from aaaa::212:740a:a:a0a: icmp_seq=18 ttl=60 time=368 ms
64 bytes from aaaa::212:740a:a:a0a: icmp_seq=19 ttl=60 time=387 ms
64 bytes from aaaa::212:740a:a:a0a: icmp_seq=20 ttl=60 time=463 ms
64 bytes from aaaa::212:740a:a:a0a: icmp_seq=21 ttl=60 time=397 ms
64 bytes from aaaa::212:740a:a:a0a: icmp_seq=22 ttl=60 time=262 ms
64 bytes from aaaa::212:740a:a:a0a: icmp_seq=24 ttl=60 time=275 ms
64 bytes from aaaa::212:740a:a:a0a: icmp_seq=25 ttl=60 time=442 ms
64 bytes from aaaa::212:740a:a:a0a: icmp_seq=26 ttl=60 time=345 ms
64 bytes from aaaa::212:740a:a:a0a: icmp_seq=27 ttl=60 time=383 ms
64 bytes from aaaa::212:740a:a:a0a: icmp_seq=28 ttl=60 time=377 ms
64 bytes from aaaa::212:740a:a:a0a: icmp_seq=29 ttl=60 time=318 ms
64 bytes from aaaa::212:740a:a:a0a: icmp_seq=30 ttl=60 time=286 ms
64 bytes from aaaa::212:740a:a:a0a: icmp_seq=31 ttl=60 time=354 ms
64 bytes from aaaa::212:740a:a:a0a: icmp_seq=32 ttl=60 time=376 ms
64 bytes from aaaa::212:740a:a:a0a: icmp_seq=33 ttl=60 time=633 ms
64 bytes from aaaa::212:740a:a:a0a: icmp_seq=34 ttl=60 time=461 ms
64 bytes from aaaa::212:740a:a:a0a: icmp_seq=35 ttl=60 time=312 ms
64 bytes from aaaa::212:740a:a:a0a: icmp_seq=36 ttl=60 time=289 ms
64 bytes from aaaa::212:740a:a:a0a: icmp_seq=37 ttl=60 time=293 ms
64 bytes from aaaa::212:740a:a:a0a: icmp_seq=38 ttl=60 time=403 ms
64 bytes from aaaa::212:740a:a:a0a: icmp_seq=39 ttl=60 time=315 ms
64 bytes from aaaa::212:740a:a:a0a: icmp_seq=41 ttl=60 time=351 ms
64 bytes from aaaa::212:740a:a:a0a: icmp_seq=42 ttl=60 time=574 ms
64 bytes from aaaa::212:740a:a:a0a: icmp_seq=43 ttl=60 time=700 ms
64 bytes from aaaa::212:740a:a:a0a: icmp_seq=44 ttl=60 time=345 ms
64 bytes from aaaa::212:740a:a:a0a: icmp_seq=45 ttl=60 time=288 ms
64 bytes from aaaa::212:740a:a:a0a: icmp_seq=46 ttl=60 time=542 ms
64 bytes from aaaa::212:740a:a:a0a: icmp_seq=47 ttl=60 time=369 ms
64 bytes from aaaa::212:740a:a:a0a: icmp_seq=48 ttl=60 time=591 ms
64 bytes from aaaa::212:740a:a:a0a: icmp_seq=49 ttl=60 time=681 ms
64 bytes from aaaa::212:740a:a:a0a: icmp_seq=50 ttl=60 time=646 ms
64 bytes from aaaa::212:740a:a:a0a: icmp_seq=51 ttl=60 time=374 ms
64 bytes from aaaa::212:740a:a:a0a: icmp_seq=52 ttl=60 time=474 ms
64 bytes from aaaa::212:740a:a:a0a: icmp_seq=53 ttl=60 time=393 ms
64 bytes from aaaa::212:740a:a:a0a: icmp_seq=54 ttl=60 time=502 ms
64 bytes from aaaa::212:740a:a:a0a: icmp_seq=55 ttl=60 time=375 ms
64 bytes from aaaa::212:740a:a:a0a: icmp_seq=56 ttl=60 time=365 ms
64 bytes from aaaa::212:740a:a:a0a: icmp_seq=57 ttl=60 time=427 ms
64 bytes from aaaa::212:740a:a:a0a: icmp_seq=58 ttl=60 time=535 ms
64 bytes from aaaa::212:740a:a:a0a: icmp_seq=59 ttl=60 time=343 ms
64 bytes from aaaa::212:740a:a:a0a: icmp_seq=60 ttl=60 time=329 ms
64 bytes from aaaa::212:740a:a:a0a: icmp_seq=61 ttl=60 time=355 ms
64 bytes from aaaa::212:740a:a:a0a: icmp_seq=62 ttl=60 time=321 ms
64 bytes from aaaa::212:740a:a:a0a: icmp_seq=63 ttl=60 time=389 ms
64 bytes from aaaa::212:740a:a:a0a: icmp_seq=64 ttl=60 time=364 ms
64 bytes from aaaa::212:740a:a:a0a: icmp_seq=65 ttl=60 time=510 ms
64 bytes from aaaa::212:740a:a:a0a: icmp_seq=66 ttl=60 time=350 ms
64 bytes from aaaa::212:740a:a:a0a: icmp_seq=67 ttl=60 time=330 ms
64 bytes from aaaa::212:740a:a:a0a: icmp_seq=68 ttl=60 time=351 ms
64 bytes from aaaa::212:740a:a:a0a: icmp_seq=69 ttl=60 time=446 ms
64 bytes from aaaa::212:740a:a:a0a: icmp_seq=70 ttl=60 time=504 ms
64 bytes from aaaa::212:740a:a:a0a: icmp_seq=71 ttl=60 time=439 ms
64 bytes from aaaa::212:740a:a:a0a: icmp_seq=72 ttl=60 time=349 ms
64 bytes from aaaa::212:740a:a:a0a: icmp_seq=73 ttl=60 time=341 ms
64 bytes from aaaa::212:740a:a:a0a: icmp_seq=74 ttl=60 time=347 ms
64 bytes from aaaa::212:740a:a:a0a: icmp_seq=75 ttl=60 time=372 ms
64 bytes from aaaa::212:740a:a:a0a: icmp_seq=76 ttl=60 time=358 ms
64 bytes from aaaa::212:740a:a:a0a: icmp_seq=78 ttl=60 time=549 ms
64 bytes from aaaa::212:740a:a:a0a: icmp_seq=79 ttl=60 time=554 ms
64 bytes from aaaa::212:740a:a:a0a: icmp_seq=80 ttl=60 time=286 ms
64 bytes from aaaa::212:740a:a:a0a: icmp_seq=81 ttl=60 time=303 ms
64 bytes from aaaa::212:740a:a:a0a: icmp_seq=82 ttl=60 time=372 ms
64 bytes from aaaa::212:740a:a:a0a: icmp_seq=83 ttl=60 time=767 ms
64 bytes from aaaa::212:740a:a:a0a: icmp_seq=84 ttl=60 time=447 ms
64 bytes from aaaa::212:740a:a:a0a: icmp_seq=85 ttl=60 time=428 ms
64 bytes from aaaa::212:740a:a:a0a: icmp_seq=86 ttl=60 time=399 ms
64 bytes from aaaa::212:740a:a:a0a: icmp_seq=87 ttl=60 time=465 ms
64 bytes from aaaa::212:740a:a:a0a: icmp_seq=88 ttl=60 time=347 ms
64 bytes from aaaa::212:740a:a:a0a: icmp_seq=89 ttl=60 time=365 ms
64 bytes from aaaa::212:740a:a:a0a: icmp_seq=90 ttl=60 time=430 ms
64 bytes from aaaa::212:740a:a:a0a: icmp_seq=92 ttl=60 time=593 ms
64 bytes from aaaa::212:740a:a:a0a: icmp_seq=93 ttl=60 time=612 ms
64 bytes from aaaa::212:740a:a:a0a: icmp_seq=94 ttl=60 time=936 ms
64 bytes from aaaa::212:740a:a:a0a: icmp_seq=95 ttl=60 time=1139 ms
64 bytes from aaaa::212:740a:a:a0a: icmp_seq=96 ttl=60 time=1347 ms
64 bytes from aaaa::212:740a:a:a0a: icmp_seq=97 ttl=60 time=643 ms
64 bytes from aaaa::212:740a:a:a0a: icmp_seq=99 ttl=60 time=641 ms
64 bytes from aaaa::212:740a:a:a0a: icmp_seq=100 ttl=60 time=1681 ms
64 bytes from aaaa::212:740a:a:a0a: icmp_seq=101 ttl=60 time=949 ms
64 bytes from aaaa::212:740a:a:a0a: icmp_seq=104 ttl=60 time=1438 ms
64 bytes from aaaa::212:740a:a:a0a: icmp_seq=108 ttl=60 time=730 ms
64 bytes from aaaa::212:740a:a:a0a: icmp_seq=114 ttl=60 time=850 ms
64 bytes from aaaa::212:740a:a:a0a: icmp_seq=121 ttl=60 time=688 ms
64 bytes from aaaa::212:740a:a:a0a: icmp_seq=127 ttl=60 time=520 ms
64 bytes from aaaa::212:740a:a:a0a: icmp_seq=129 ttl=60 time=608 ms
64 bytes from aaaa::212:740a:a:a0a: icmp_seq=133 ttl=60 time=421 ms
64 bytes from aaaa::212:740a:a:a0a: icmp_seq=134 ttl=60 time=520 ms
64 bytes from aaaa::212:740a:a:a0a: icmp_seq=135 ttl=60 time=548 ms
64 bytes from aaaa::212:740a:a:a0a: icmp_seq=136 ttl=60 time=388 ms
64 bytes from aaaa::212:740a:a:a0a: icmp_seq=137 ttl=60 time=742 ms
64 bytes from aaaa::212:740a:a:a0a: icmp_seq=138 ttl=60 time=508 ms
64 bytes from aaaa::212:740a:a:a0a: icmp_seq=139 ttl=60 time=506 ms
64 bytes from aaaa::212:740a:a:a0a: icmp_seq=140 ttl=60 time=437 ms
64 bytes from aaaa::212:740a:a:a0a: icmp_seq=142 ttl=60 time=402 ms
64 bytes from aaaa::212:740a:a:a0a: icmp_seq=144 ttl=60 time=405 ms
64 bytes from aaaa::212:740a:a:a0a: icmp_seq=145 ttl=60 time=524 ms
64 bytes from aaaa::212:740a:a:a0a: icmp_seq=146 ttl=60 time=500 ms
64 bytes from aaaa::212:740a:a:a0a: icmp_seq=147 ttl=60 time=403 ms
64 bytes from aaaa::212:740a:a:a0a: icmp_seq=148 ttl=60 time=521 ms
64 bytes from aaaa::212:740a:a:a0a: icmp_seq=149 ttl=60 time=460 ms
64 bytes from aaaa::212:740a:a:a0a: icmp_seq=150 ttl=60 time=487 ms
64 bytes from aaaa::212:740a:a:a0a: icmp_seq=151 ttl=60 time=487 ms
64 bytes from aaaa::212:740a:a:a0a: icmp_seq=152 ttl=60 time=952 ms
64 bytes from aaaa::212:740a:a:a0a: icmp_seq=153 ttl=60 time=326 ms
64 bytes from aaaa::212:740a:a:a0a: icmp_seq=154 ttl=60 time=871 ms
64 bytes from aaaa::212:740a:a:a0a: icmp_seq=155 ttl=60 time=467 ms
64 bytes from aaaa::212:740a:a:a0a: icmp_seq=156 ttl=60 time=320 ms
64 bytes from aaaa::212:740a:a:a0a: icmp_seq=157 ttl=60 time=379 ms
64 bytes from aaaa::212:740a:a:a0a: icmp_seq=158 ttl=60 time=318 ms
64 bytes from aaaa::212:740a:a:a0a: icmp_seq=159 ttl=60 time=335 ms
64 bytes from aaaa::212:740a:a:a0a: icmp_seq=160 ttl=60 time=317 ms
64 bytes from aaaa::212:740a:a:a0a: icmp_seq=162 ttl=60 time=526 ms
64 bytes from aaaa::212:740a:a:a0a: icmp_seq=163 ttl=60 time=381 ms
64 bytes from aaaa::212:740a:a:a0a: icmp_seq=164 ttl=60 time=382 ms
64 bytes from aaaa::212:740a:a:a0a: icmp_seq=165 ttl=60 time=306 ms
64 bytes from aaaa::212:740a:a:a0a: icmp_seq=166 ttl=60 time=394 ms
64 bytes from aaaa::212:740a:a:a0a: icmp_seq=168 ttl=60 time=307 ms
64 bytes from aaaa::212:740a:a:a0a: icmp_seq=169 ttl=60 time=394 ms
64 bytes from aaaa::212:740a:a:a0a: icmp_seq=170 ttl=60 time=299 ms
64 bytes from aaaa::212:740a:a:a0a: icmp_seq=171 ttl=60 time=349 ms
64 bytes from aaaa::212:740a:a:a0a: icmp_seq=172 ttl=60 time=326 ms
64 bytes from aaaa::212:740a:a:a0a: icmp_seq=173 ttl=60 time=668 ms
64 bytes from aaaa::212:740a:a:a0a: icmp_seq=174 ttl=60 time=367 ms
64 bytes from aaaa::212:740a:a:a0a: icmp_seq=175 ttl=60 time=670 ms
64 bytes from aaaa::212:740a:a:a0a: icmp_seq=176 ttl=60 time=370 ms
64 bytes from aaaa::212:740a:a:a0a: icmp_seq=177 ttl=60 time=374 ms
64 bytes from aaaa::212:740a:a:a0a: icmp_seq=178 ttl=60 time=814 ms
64 bytes from aaaa::212:740a:a:a0a: icmp_seq=180 ttl=60 time=561 ms
64 bytes from aaaa::212:740a:a:a0a: icmp_seq=181 ttl=60 time=347 ms
64 bytes from aaaa::212:740a:a:a0a: icmp_seq=182 ttl=60 time=342 ms
64 bytes from aaaa::212:740a:a:a0a: icmp_seq=183 ttl=60 time=412 ms
64 bytes from aaaa::212:740a:a:a0a: icmp_seq=184 ttl=60 time=512 ms
64 bytes from aaaa::212:740a:a:a0a: icmp_seq=185 ttl=60 time=435 ms
64 bytes from aaaa::212:740a:a:a0a: icmp_seq=186 ttl=60 time=272 ms
64 bytes from aaaa::212:740a:a:a0a: icmp_seq=187 ttl=60 time=597 ms
64 bytes from aaaa::212:740a:a:a0a: icmp_seq=188 ttl=60 time=347 ms
64 bytes from aaaa::212:740a:a:a0a: icmp_seq=189 ttl=60 time=317 ms
64 bytes from aaaa::212:740a:a:a0a: icmp_seq=190 ttl=60 time=385 ms
64 bytes from aaaa::212:740a:a:a0a: icmp_seq=191 ttl=60 time=449 ms
64 bytes from aaaa::212:740a:a:a0a: icmp_seq=192 ttl=60 time=265 ms
64 bytes from aaaa::212:740a:a:a0a: icmp_seq=193 ttl=60 time=570 ms
64 bytes from aaaa::212:740a:a:a0a: icmp_seq=194 ttl=60 time=361 ms
64 bytes from aaaa::212:740a:a:a0a: icmp_seq=195 ttl=60 time=637 ms
64 bytes from aaaa::212:740a:a:a0a: icmp_seq=196 ttl=60 time=321 ms
64 bytes from aaaa::212:740a:a:a0a: icmp_seq=197 ttl=60 time=606 ms
64 bytes from aaaa::212:740a:a:a0a: icmp_seq=198 ttl=60 time=425 ms
64 bytes from aaaa::212:740a:a:a0a: icmp_seq=199 ttl=60 time=277 ms
64 bytes from aaaa::212:740a:a:a0a: icmp_seq=200 ttl=60 time=344 ms

--- aaaa::212:740a:a:a0a ping statistics ---
200 packets transmitted, 158 received, 21% packet loss, time 1001864ms
rtt min/avg/max/mdev = 262.143/506.987/1789.861/261.920 ms
