PING aaaa::212:740e:e:e0e(aaaa::212:740e:e:e0e) 56 data bytes
64 bytes from aaaa::212:740e:e:e0e: icmp_seq=2 ttl=59 time=1425 ms
64 bytes from aaaa::212:740e:e:e0e: icmp_seq=3 ttl=59 time=1257 ms
64 bytes from aaaa::212:740e:e:e0e: icmp_seq=4 ttl=59 time=843 ms
64 bytes from aaaa::212:740e:e:e0e: icmp_seq=5 ttl=59 time=754 ms
64 bytes from aaaa::212:740e:e:e0e: icmp_seq=12 ttl=59 time=909 ms
64 bytes from aaaa::212:740e:e:e0e: icmp_seq=13 ttl=59 time=560 ms
64 bytes from aaaa::212:740e:e:e0e: icmp_seq=18 ttl=59 time=692 ms
64 bytes from aaaa::212:740e:e:e0e: icmp_seq=24 ttl=59 time=962 ms
64 bytes from aaaa::212:740e:e:e0e: icmp_seq=26 ttl=59 time=1138 ms
64 bytes from aaaa::212:740e:e:e0e: icmp_seq=27 ttl=59 time=610 ms
64 bytes from aaaa::212:740e:e:e0e: icmp_seq=29 ttl=59 time=887 ms
64 bytes from aaaa::212:740e:e:e0e: icmp_seq=37 ttl=59 time=419 ms
64 bytes from aaaa::212:740e:e:e0e: icmp_seq=38 ttl=59 time=358 ms
64 bytes from aaaa::212:740e:e:e0e: icmp_seq=39 ttl=59 time=493 ms
64 bytes from aaaa::212:740e:e:e0e: icmp_seq=40 ttl=59 time=560 ms
64 bytes from aaaa::212:740e:e:e0e: icmp_seq=41 ttl=59 time=1137 ms
64 bytes from aaaa::212:740e:e:e0e: icmp_seq=42 ttl=59 time=672 ms
64 bytes from aaaa::212:740e:e:e0e: icmp_seq=44 ttl=59 time=813 ms
64 bytes from aaaa::212:740e:e:e0e: icmp_seq=46 ttl=59 time=487 ms
64 bytes from aaaa::212:740e:e:e0e: icmp_seq=47 ttl=59 time=671 ms
64 bytes from aaaa::212:740e:e:e0e: icmp_seq=48 ttl=59 time=306 ms
64 bytes from aaaa::212:740e:e:e0e: icmp_seq=50 ttl=59 time=2278 ms
64 bytes from aaaa::212:740e:e:e0e: icmp_seq=51 ttl=59 time=1023 ms
64 bytes from aaaa::212:740e:e:e0e: icmp_seq=52 ttl=59 time=251 ms
64 bytes from aaaa::212:740e:e:e0e: icmp_seq=53 ttl=59 time=536 ms
64 bytes from aaaa::212:740e:e:e0e: icmp_seq=54 ttl=59 time=412 ms
64 bytes from aaaa::212:740e:e:e0e: icmp_seq=55 ttl=59 time=586 ms
64 bytes from aaaa::212:740e:e:e0e: icmp_seq=58 ttl=59 time=2132 ms
64 bytes from aaaa::212:740e:e:e0e: icmp_seq=59 ttl=59 time=584 ms
64 bytes from aaaa::212:740e:e:e0e: icmp_seq=60 ttl=59 time=686 ms
64 bytes from aaaa::212:740e:e:e0e: icmp_seq=61 ttl=59 time=275 ms
64 bytes from aaaa::212:740e:e:e0e: icmp_seq=62 ttl=59 time=824 ms
64 bytes from aaaa::212:740e:e:e0e: icmp_seq=66 ttl=59 time=636 ms
64 bytes from aaaa::212:740e:e:e0e: icmp_seq=67 ttl=59 time=1048 ms
64 bytes from aaaa::212:740e:e:e0e: icmp_seq=68 ttl=59 time=436 ms
64 bytes from aaaa::212:740e:e:e0e: icmp_seq=69 ttl=59 time=339 ms
64 bytes from aaaa::212:740e:e:e0e: icmp_seq=70 ttl=59 time=765 ms
64 bytes from aaaa::212:740e:e:e0e: icmp_seq=72 ttl=59 time=1246 ms
64 bytes from aaaa::212:740e:e:e0e: icmp_seq=73 ttl=59 time=536 ms
64 bytes from aaaa::212:740e:e:e0e: icmp_seq=74 ttl=59 time=584 ms
64 bytes from aaaa::212:740e:e:e0e: icmp_seq=75 ttl=59 time=568 ms
64 bytes from aaaa::212:740e:e:e0e: icmp_seq=77 ttl=59 time=587 ms
64 bytes from aaaa::212:740e:e:e0e: icmp_seq=79 ttl=59 time=1164 ms
64 bytes from aaaa::212:740e:e:e0e: icmp_seq=91 ttl=59 time=720 ms
64 bytes from aaaa::212:740e:e:e0e: icmp_seq=92 ttl=59 time=705 ms
64 bytes from aaaa::212:740e:e:e0e: icmp_seq=96 ttl=59 time=1647 ms
64 bytes from aaaa::212:740e:e:e0e: icmp_seq=97 ttl=59 time=785 ms
64 bytes from aaaa::212:740e:e:e0e: icmp_seq=98 ttl=59 time=377 ms
64 bytes from aaaa::212:740e:e:e0e: icmp_seq=99 ttl=59 time=655 ms
64 bytes from aaaa::212:740e:e:e0e: icmp_seq=100 ttl=59 time=422 ms
64 bytes from aaaa::212:740e:e:e0e: icmp_seq=101 ttl=59 time=475 ms
64 bytes from aaaa::212:740e:e:e0e: icmp_seq=102 ttl=59 time=1014 ms
64 bytes from aaaa::212:740e:e:e0e: icmp_seq=105 ttl=59 time=1268 ms
64 bytes from aaaa::212:740e:e:e0e: icmp_seq=106 ttl=59 time=999 ms
64 bytes from aaaa::212:740e:e:e0e: icmp_seq=107 ttl=59 time=882 ms
64 bytes from aaaa::212:740e:e:e0e: icmp_seq=108 ttl=59 time=665 ms
64 bytes from aaaa::212:740e:e:e0e: icmp_seq=109 ttl=59 time=1649 ms
64 bytes from aaaa::212:740e:e:e0e: icmp_seq=110 ttl=59 time=2061 ms
64 bytes from aaaa::212:740e:e:e0e: icmp_seq=111 ttl=58 time=1800 ms
64 bytes from aaaa::212:740e:e:e0e: icmp_seq=112 ttl=59 time=489 ms
64 bytes from aaaa::212:740e:e:e0e: icmp_seq=113 ttl=59 time=937 ms
64 bytes from aaaa::212:740e:e:e0e: icmp_seq=114 ttl=59 time=1246 ms
64 bytes from aaaa::212:740e:e:e0e: icmp_seq=115 ttl=59 time=509 ms
64 bytes from aaaa::212:740e:e:e0e: icmp_seq=118 ttl=58 time=1029 ms
64 bytes from aaaa::212:740e:e:e0e: icmp_seq=129 ttl=59 time=1626 ms
64 bytes from aaaa::212:740e:e:e0e: icmp_seq=131 ttl=59 time=564 ms
64 bytes from aaaa::212:740e:e:e0e: icmp_seq=132 ttl=59 time=265 ms
64 bytes from aaaa::212:740e:e:e0e: icmp_seq=133 ttl=59 time=313 ms
64 bytes from aaaa::212:740e:e:e0e: icmp_seq=134 ttl=59 time=271 ms
64 bytes from aaaa::212:740e:e:e0e: icmp_seq=135 ttl=59 time=423 ms
64 bytes from aaaa::212:740e:e:e0e: icmp_seq=136 ttl=59 time=270 ms
64 bytes from aaaa::212:740e:e:e0e: icmp_seq=137 ttl=59 time=358 ms
64 bytes from aaaa::212:740e:e:e0e: icmp_seq=138 ttl=59 time=275 ms
64 bytes from aaaa::212:740e:e:e0e: icmp_seq=139 ttl=59 time=311 ms
64 bytes from aaaa::212:740e:e:e0e: icmp_seq=140 ttl=59 time=339 ms
64 bytes from aaaa::212:740e:e:e0e: icmp_seq=141 ttl=59 time=493 ms
64 bytes from aaaa::212:740e:e:e0e: icmp_seq=142 ttl=59 time=366 ms
64 bytes from aaaa::212:740e:e:e0e: icmp_seq=143 ttl=59 time=468 ms
64 bytes from aaaa::212:740e:e:e0e: icmp_seq=144 ttl=59 time=360 ms
64 bytes from aaaa::212:740e:e:e0e: icmp_seq=145 ttl=59 time=327 ms
64 bytes from aaaa::212:740e:e:e0e: icmp_seq=146 ttl=59 time=305 ms
64 bytes from aaaa::212:740e:e:e0e: icmp_seq=147 ttl=59 time=254 ms
64 bytes from aaaa::212:740e:e:e0e: icmp_seq=148 ttl=59 time=338 ms
64 bytes from aaaa::212:740e:e:e0e: icmp_seq=149 ttl=59 time=269 ms
64 bytes from aaaa::212:740e:e:e0e: icmp_seq=150 ttl=59 time=310 ms
64 bytes from aaaa::212:740e:e:e0e: icmp_seq=151 ttl=59 time=339 ms
64 bytes from aaaa::212:740e:e:e0e: icmp_seq=152 ttl=59 time=267 ms
64 bytes from aaaa::212:740e:e:e0e: icmp_seq=153 ttl=59 time=295 ms
64 bytes from aaaa::212:740e:e:e0e: icmp_seq=154 ttl=59 time=351 ms
64 bytes from aaaa::212:740e:e:e0e: icmp_seq=155 ttl=59 time=272 ms
64 bytes from aaaa::212:740e:e:e0e: icmp_seq=156 ttl=59 time=376 ms
64 bytes from aaaa::212:740e:e:e0e: icmp_seq=157 ttl=59 time=293 ms
64 bytes from aaaa::212:740e:e:e0e: icmp_seq=158 ttl=59 time=270 ms
64 bytes from aaaa::212:740e:e:e0e: icmp_seq=159 ttl=59 time=534 ms
64 bytes from aaaa::212:740e:e:e0e: icmp_seq=160 ttl=59 time=336 ms
64 bytes from aaaa::212:740e:e:e0e: icmp_seq=161 ttl=59 time=425 ms
64 bytes from aaaa::212:740e:e:e0e: icmp_seq=162 ttl=59 time=307 ms
64 bytes from aaaa::212:740e:e:e0e: icmp_seq=163 ttl=59 time=293 ms
64 bytes from aaaa::212:740e:e:e0e: icmp_seq=164 ttl=59 time=276 ms
64 bytes from aaaa::212:740e:e:e0e: icmp_seq=165 ttl=59 time=262 ms
64 bytes from aaaa::212:740e:e:e0e: icmp_seq=166 ttl=59 time=307 ms
64 bytes from aaaa::212:740e:e:e0e: icmp_seq=167 ttl=59 time=331 ms
64 bytes from aaaa::212:740e:e:e0e: icmp_seq=168 ttl=59 time=395 ms
64 bytes from aaaa::212:740e:e:e0e: icmp_seq=169 ttl=59 time=309 ms
64 bytes from aaaa::212:740e:e:e0e: icmp_seq=170 ttl=59 time=323 ms
64 bytes from aaaa::212:740e:e:e0e: icmp_seq=171 ttl=59 time=322 ms
64 bytes from aaaa::212:740e:e:e0e: icmp_seq=172 ttl=59 time=438 ms
64 bytes from aaaa::212:740e:e:e0e: icmp_seq=173 ttl=59 time=328 ms
64 bytes from aaaa::212:740e:e:e0e: icmp_seq=174 ttl=59 time=249 ms
64 bytes from aaaa::212:740e:e:e0e: icmp_seq=175 ttl=59 time=256 ms
64 bytes from aaaa::212:740e:e:e0e: icmp_seq=176 ttl=59 time=281 ms
64 bytes from aaaa::212:740e:e:e0e: icmp_seq=177 ttl=59 time=297 ms
64 bytes from aaaa::212:740e:e:e0e: icmp_seq=178 ttl=59 time=279 ms
64 bytes from aaaa::212:740e:e:e0e: icmp_seq=179 ttl=59 time=268 ms
64 bytes from aaaa::212:740e:e:e0e: icmp_seq=180 ttl=59 time=254 ms
64 bytes from aaaa::212:740e:e:e0e: icmp_seq=181 ttl=59 time=254 ms
64 bytes from aaaa::212:740e:e:e0e: icmp_seq=182 ttl=59 time=335 ms
64 bytes from aaaa::212:740e:e:e0e: icmp_seq=183 ttl=59 time=320 ms
64 bytes from aaaa::212:740e:e:e0e: icmp_seq=184 ttl=59 time=350 ms
64 bytes from aaaa::212:740e:e:e0e: icmp_seq=185 ttl=59 time=293 ms
64 bytes from aaaa::212:740e:e:e0e: icmp_seq=186 ttl=59 time=287 ms
64 bytes from aaaa::212:740e:e:e0e: icmp_seq=187 ttl=59 time=321 ms
64 bytes from aaaa::212:740e:e:e0e: icmp_seq=188 ttl=59 time=321 ms
64 bytes from aaaa::212:740e:e:e0e: icmp_seq=189 ttl=59 time=335 ms
64 bytes from aaaa::212:740e:e:e0e: icmp_seq=190 ttl=59 time=302 ms
64 bytes from aaaa::212:740e:e:e0e: icmp_seq=191 ttl=59 time=284 ms
64 bytes from aaaa::212:740e:e:e0e: icmp_seq=192 ttl=59 time=342 ms
64 bytes from aaaa::212:740e:e:e0e: icmp_seq=193 ttl=59 time=291 ms
64 bytes from aaaa::212:740e:e:e0e: icmp_seq=194 ttl=59 time=485 ms
64 bytes from aaaa::212:740e:e:e0e: icmp_seq=195 ttl=59 time=324 ms
64 bytes from aaaa::212:740e:e:e0e: icmp_seq=196 ttl=59 time=329 ms
64 bytes from aaaa::212:740e:e:e0e: icmp_seq=197 ttl=59 time=340 ms
64 bytes from aaaa::212:740e:e:e0e: icmp_seq=198 ttl=59 time=295 ms
64 bytes from aaaa::212:740e:e:e0e: icmp_seq=199 ttl=59 time=239 ms
64 bytes from aaaa::212:740e:e:e0e: icmp_seq=200 ttl=59 time=286 ms

--- aaaa::212:740e:e:e0e ping statistics ---
200 packets transmitted, 135 received, 32% packet loss, time 1004112ms
rtt min/avg/max/mdev = 239.474/579.409/2278.635/414.611 ms
