PING aaaa::212:740e:e:e0e(aaaa::212:740e:e:e0e) 56 data bytes
64 bytes from aaaa::212:740e:e:e0e: icmp_seq=2 ttl=59 time=2173 ms
64 bytes from aaaa::212:740e:e:e0e: icmp_seq=3 ttl=59 time=1059 ms
64 bytes from aaaa::212:740e:e:e0e: icmp_seq=4 ttl=59 time=435 ms
64 bytes from aaaa::212:740e:e:e0e: icmp_seq=5 ttl=59 time=415 ms
64 bytes from aaaa::212:740e:e:e0e: icmp_seq=6 ttl=59 time=501 ms
64 bytes from aaaa::212:740e:e:e0e: icmp_seq=7 ttl=59 time=588 ms
64 bytes from aaaa::212:740e:e:e0e: icmp_seq=8 ttl=59 time=571 ms
64 bytes from aaaa::212:740e:e:e0e: icmp_seq=9 ttl=59 time=567 ms
64 bytes from aaaa::212:740e:e:e0e: icmp_seq=10 ttl=59 time=911 ms
64 bytes from aaaa::212:740e:e:e0e: icmp_seq=12 ttl=59 time=658 ms
64 bytes from aaaa::212:740e:e:e0e: icmp_seq=13 ttl=59 time=2013 ms
64 bytes from aaaa::212:740e:e:e0e: icmp_seq=14 ttl=59 time=650 ms
64 bytes from aaaa::212:740e:e:e0e: icmp_seq=15 ttl=59 time=1173 ms
64 bytes from aaaa::212:740e:e:e0e: icmp_seq=16 ttl=59 time=578 ms
64 bytes from aaaa::212:740e:e:e0e: icmp_seq=21 ttl=59 time=836 ms
64 bytes from aaaa::212:740e:e:e0e: icmp_seq=22 ttl=59 time=772 ms
64 bytes from aaaa::212:740e:e:e0e: icmp_seq=23 ttl=59 time=753 ms
64 bytes from aaaa::212:740e:e:e0e: icmp_seq=24 ttl=59 time=665 ms
64 bytes from aaaa::212:740e:e:e0e: icmp_seq=25 ttl=59 time=3541 ms
64 bytes from aaaa::212:740e:e:e0e: icmp_seq=27 ttl=59 time=1225 ms
64 bytes from aaaa::212:740e:e:e0e: icmp_seq=30 ttl=59 time=2648 ms
64 bytes from aaaa::212:740e:e:e0e: icmp_seq=37 ttl=59 time=463 ms
64 bytes from aaaa::212:740e:e:e0e: icmp_seq=38 ttl=59 time=745 ms
64 bytes from aaaa::212:740e:e:e0e: icmp_seq=39 ttl=59 time=879 ms
64 bytes from aaaa::212:740e:e:e0e: icmp_seq=40 ttl=59 time=1141 ms
64 bytes from aaaa::212:740e:e:e0e: icmp_seq=41 ttl=59 time=701 ms
64 bytes from aaaa::212:740e:e:e0e: icmp_seq=43 ttl=59 time=1888 ms
64 bytes from aaaa::212:740e:e:e0e: icmp_seq=44 ttl=59 time=615 ms
64 bytes from aaaa::212:740e:e:e0e: icmp_seq=45 ttl=59 time=1008 ms
64 bytes from aaaa::212:740e:e:e0e: icmp_seq=46 ttl=59 time=618 ms
64 bytes from aaaa::212:740e:e:e0e: icmp_seq=47 ttl=59 time=510 ms
64 bytes from aaaa::212:740e:e:e0e: icmp_seq=58 ttl=59 time=1008 ms
64 bytes from aaaa::212:740e:e:e0e: icmp_seq=61 ttl=59 time=1031 ms
64 bytes from aaaa::212:740e:e:e0e: icmp_seq=62 ttl=59 time=857 ms
64 bytes from aaaa::212:740e:e:e0e: icmp_seq=66 ttl=59 time=1011 ms
64 bytes from aaaa::212:740e:e:e0e: icmp_seq=76 ttl=59 time=1196 ms
64 bytes from aaaa::212:740e:e:e0e: icmp_seq=77 ttl=59 time=407 ms
64 bytes from aaaa::212:740e:e:e0e: icmp_seq=79 ttl=59 time=2094 ms
64 bytes from aaaa::212:740e:e:e0e: icmp_seq=80 ttl=59 time=686 ms
64 bytes from aaaa::212:740e:e:e0e: icmp_seq=81 ttl=59 time=1065 ms
64 bytes from aaaa::212:740e:e:e0e: icmp_seq=82 ttl=59 time=637 ms
64 bytes from aaaa::212:740e:e:e0e: icmp_seq=83 ttl=59 time=1208 ms
64 bytes from aaaa::212:740e:e:e0e: icmp_seq=84 ttl=59 time=2273 ms
64 bytes from aaaa::212:740e:e:e0e: icmp_seq=88 ttl=59 time=1274 ms
64 bytes from aaaa::212:740e:e:e0e: icmp_seq=89 ttl=59 time=462 ms
64 bytes from aaaa::212:740e:e:e0e: icmp_seq=90 ttl=59 time=410 ms
64 bytes from aaaa::212:740e:e:e0e: icmp_seq=91 ttl=59 time=865 ms
64 bytes from aaaa::212:740e:e:e0e: icmp_seq=92 ttl=59 time=710 ms
64 bytes from aaaa::212:740e:e:e0e: icmp_seq=93 ttl=59 time=505 ms
64 bytes from aaaa::212:740e:e:e0e: icmp_seq=94 ttl=59 time=552 ms
64 bytes from aaaa::212:740e:e:e0e: icmp_seq=95 ttl=59 time=611 ms
64 bytes from aaaa::212:740e:e:e0e: icmp_seq=96 ttl=59 time=696 ms
64 bytes from aaaa::212:740e:e:e0e: icmp_seq=97 ttl=59 time=814 ms
64 bytes from aaaa::212:740e:e:e0e: icmp_seq=98 ttl=59 time=542 ms
64 bytes from aaaa::212:740e:e:e0e: icmp_seq=101 ttl=59 time=869 ms
64 bytes from aaaa::212:740e:e:e0e: icmp_seq=102 ttl=59 time=635 ms
64 bytes from aaaa::212:740e:e:e0e: icmp_seq=103 ttl=59 time=626 ms
64 bytes from aaaa::212:740e:e:e0e: icmp_seq=104 ttl=59 time=835 ms
64 bytes from aaaa::212:740e:e:e0e: icmp_seq=105 ttl=59 time=699 ms
64 bytes from aaaa::212:740e:e:e0e: icmp_seq=106 ttl=59 time=724 ms
64 bytes from aaaa::212:740e:e:e0e: icmp_seq=107 ttl=59 time=615 ms
64 bytes from aaaa::212:740e:e:e0e: icmp_seq=108 ttl=59 time=863 ms
64 bytes from aaaa::212:740e:e:e0e: icmp_seq=110 ttl=59 time=1181 ms
64 bytes from aaaa::212:740e:e:e0e: icmp_seq=111 ttl=59 time=1579 ms
64 bytes from aaaa::212:740e:e:e0e: icmp_seq=112 ttl=59 time=677 ms
64 bytes from aaaa::212:740e:e:e0e: icmp_seq=118 ttl=59 time=2317 ms
64 bytes from aaaa::212:740e:e:e0e: icmp_seq=122 ttl=59 time=1332 ms
64 bytes from aaaa::212:740e:e:e0e: icmp_seq=123 ttl=59 time=1192 ms
64 bytes from aaaa::212:740e:e:e0e: icmp_seq=159 ttl=59 time=1904 ms
64 bytes from aaaa::212:740e:e:e0e: icmp_seq=176 ttl=59 time=1455 ms
64 bytes from aaaa::212:740e:e:e0e: icmp_seq=177 ttl=59 time=1532 ms
64 bytes from aaaa::212:740e:e:e0e: icmp_seq=194 ttl=59 time=1782 ms
64 bytes from aaaa::212:740e:e:e0e: icmp_seq=195 ttl=59 time=3571 ms
64 bytes from aaaa::212:740e:e:e0e: icmp_seq=198 ttl=59 time=1482 ms

--- aaaa::212:740e:e:e0e ping statistics ---
200 packets transmitted, 74 received, 63% packet loss, time 1011103ms
rtt min/avg/max/mdev = 407.850/1055.687/3571.061/661.466 ms
