PING aaaa::212:740c:c:c0c(aaaa::212:740c:c:c0c) 56 data bytes
64 bytes from aaaa::212:740c:c:c0c: icmp_seq=1 ttl=61 time=557 ms
64 bytes from aaaa::212:740c:c:c0c: icmp_seq=2 ttl=61 time=711 ms
64 bytes from aaaa::212:740c:c:c0c: icmp_seq=3 ttl=61 time=1049 ms
64 bytes from aaaa::212:740c:c:c0c: icmp_seq=4 ttl=61 time=1194 ms
64 bytes from aaaa::212:740c:c:c0c: icmp_seq=5 ttl=61 time=673 ms
64 bytes from aaaa::212:740c:c:c0c: icmp_seq=6 ttl=61 time=585 ms
64 bytes from aaaa::212:740c:c:c0c: icmp_seq=8 ttl=61 time=629 ms
64 bytes from aaaa::212:740c:c:c0c: icmp_seq=9 ttl=61 time=779 ms
64 bytes from aaaa::212:740c:c:c0c: icmp_seq=10 ttl=61 time=1068 ms
64 bytes from aaaa::212:740c:c:c0c: icmp_seq=12 ttl=61 time=361 ms
64 bytes from aaaa::212:740c:c:c0c: icmp_seq=13 ttl=61 time=1045 ms
64 bytes from aaaa::212:740c:c:c0c: icmp_seq=14 ttl=61 time=447 ms
64 bytes from aaaa::212:740c:c:c0c: icmp_seq=16 ttl=61 time=487 ms
64 bytes from aaaa::212:740c:c:c0c: icmp_seq=18 ttl=61 time=670 ms
64 bytes from aaaa::212:740c:c:c0c: icmp_seq=19 ttl=61 time=406 ms
64 bytes from aaaa::212:740c:c:c0c: icmp_seq=20 ttl=61 time=343 ms
64 bytes from aaaa::212:740c:c:c0c: icmp_seq=21 ttl=61 time=344 ms
64 bytes from aaaa::212:740c:c:c0c: icmp_seq=22 ttl=61 time=879 ms
64 bytes from aaaa::212:740c:c:c0c: icmp_seq=23 ttl=61 time=440 ms
64 bytes from aaaa::212:740c:c:c0c: icmp_seq=24 ttl=61 time=697 ms
64 bytes from aaaa::212:740c:c:c0c: icmp_seq=25 ttl=61 time=854 ms
64 bytes from aaaa::212:740c:c:c0c: icmp_seq=26 ttl=61 time=707 ms
64 bytes from aaaa::212:740c:c:c0c: icmp_seq=27 ttl=61 time=1160 ms
64 bytes from aaaa::212:740c:c:c0c: icmp_seq=28 ttl=61 time=317 ms
64 bytes from aaaa::212:740c:c:c0c: icmp_seq=29 ttl=61 time=612 ms
64 bytes from aaaa::212:740c:c:c0c: icmp_seq=30 ttl=61 time=417 ms
64 bytes from aaaa::212:740c:c:c0c: icmp_seq=31 ttl=61 time=1393 ms
64 bytes from aaaa::212:740c:c:c0c: icmp_seq=32 ttl=61 time=756 ms
64 bytes from aaaa::212:740c:c:c0c: icmp_seq=36 ttl=61 time=479 ms
64 bytes from aaaa::212:740c:c:c0c: icmp_seq=44 ttl=61 time=814 ms
64 bytes from aaaa::212:740c:c:c0c: icmp_seq=48 ttl=61 time=861 ms
64 bytes from aaaa::212:740c:c:c0c: icmp_seq=52 ttl=61 time=622 ms
64 bytes from aaaa::212:740c:c:c0c: icmp_seq=57 ttl=61 time=2312 ms
64 bytes from aaaa::212:740c:c:c0c: icmp_seq=58 ttl=61 time=1527 ms
64 bytes from aaaa::212:740c:c:c0c: icmp_seq=59 ttl=61 time=581 ms
64 bytes from aaaa::212:740c:c:c0c: icmp_seq=60 ttl=61 time=663 ms
64 bytes from aaaa::212:740c:c:c0c: icmp_seq=61 ttl=61 time=1342 ms
64 bytes from aaaa::212:740c:c:c0c: icmp_seq=62 ttl=61 time=476 ms
64 bytes from aaaa::212:740c:c:c0c: icmp_seq=63 ttl=61 time=444 ms
64 bytes from aaaa::212:740c:c:c0c: icmp_seq=64 ttl=61 time=304 ms
64 bytes from aaaa::212:740c:c:c0c: icmp_seq=65 ttl=61 time=406 ms
64 bytes from aaaa::212:740c:c:c0c: icmp_seq=66 ttl=61 time=293 ms
64 bytes from aaaa::212:740c:c:c0c: icmp_seq=67 ttl=61 time=404 ms
64 bytes from aaaa::212:740c:c:c0c: icmp_seq=68 ttl=61 time=483 ms
64 bytes from aaaa::212:740c:c:c0c: icmp_seq=69 ttl=61 time=380 ms
64 bytes from aaaa::212:740c:c:c0c: icmp_seq=70 ttl=61 time=387 ms
64 bytes from aaaa::212:740c:c:c0c: icmp_seq=71 ttl=61 time=329 ms
64 bytes from aaaa::212:740c:c:c0c: icmp_seq=72 ttl=61 time=342 ms
64 bytes from aaaa::212:740c:c:c0c: icmp_seq=73 ttl=61 time=357 ms
64 bytes from aaaa::212:740c:c:c0c: icmp_seq=74 ttl=61 time=2246 ms
64 bytes from aaaa::212:740c:c:c0c: icmp_seq=75 ttl=61 time=446 ms
64 bytes from aaaa::212:740c:c:c0c: icmp_seq=76 ttl=61 time=470 ms
64 bytes from aaaa::212:740c:c:c0c: icmp_seq=77 ttl=61 time=488 ms
64 bytes from aaaa::212:740c:c:c0c: icmp_seq=78 ttl=61 time=487 ms
64 bytes from aaaa::212:740c:c:c0c: icmp_seq=79 ttl=61 time=409 ms
64 bytes from aaaa::212:740c:c:c0c: icmp_seq=80 ttl=61 time=456 ms
64 bytes from aaaa::212:740c:c:c0c: icmp_seq=81 ttl=61 time=537 ms
64 bytes from aaaa::212:740c:c:c0c: icmp_seq=82 ttl=61 time=479 ms
64 bytes from aaaa::212:740c:c:c0c: icmp_seq=83 ttl=61 time=501 ms
64 bytes from aaaa::212:740c:c:c0c: icmp_seq=84 ttl=61 time=458 ms
64 bytes from aaaa::212:740c:c:c0c: icmp_seq=85 ttl=61 time=451 ms
64 bytes from aaaa::212:740c:c:c0c: icmp_seq=86 ttl=61 time=335 ms
64 bytes from aaaa::212:740c:c:c0c: icmp_seq=87 ttl=61 time=989 ms
64 bytes from aaaa::212:740c:c:c0c: icmp_seq=88 ttl=61 time=303 ms
64 bytes from aaaa::212:740c:c:c0c: icmp_seq=89 ttl=61 time=448 ms
64 bytes from aaaa::212:740c:c:c0c: icmp_seq=90 ttl=61 time=335 ms
64 bytes from aaaa::212:740c:c:c0c: icmp_seq=91 ttl=61 time=271 ms
64 bytes from aaaa::212:740c:c:c0c: icmp_seq=92 ttl=61 time=291 ms
64 bytes from aaaa::212:740c:c:c0c: icmp_seq=93 ttl=61 time=339 ms
64 bytes from aaaa::212:740c:c:c0c: icmp_seq=94 ttl=61 time=543 ms
64 bytes from aaaa::212:740c:c:c0c: icmp_seq=95 ttl=61 time=561 ms
64 bytes from aaaa::212:740c:c:c0c: icmp_seq=96 ttl=61 time=394 ms
64 bytes from aaaa::212:740c:c:c0c: icmp_seq=97 ttl=61 time=672 ms
64 bytes from aaaa::212:740c:c:c0c: icmp_seq=98 ttl=61 time=450 ms
64 bytes from aaaa::212:740c:c:c0c: icmp_seq=99 ttl=61 time=265 ms
64 bytes from aaaa::212:740c:c:c0c: icmp_seq=100 ttl=61 time=341 ms
64 bytes from aaaa::212:740c:c:c0c: icmp_seq=101 ttl=61 time=705 ms
64 bytes from aaaa::212:740c:c:c0c: icmp_seq=102 ttl=61 time=278 ms
64 bytes from aaaa::212:740c:c:c0c: icmp_seq=103 ttl=61 time=930 ms
64 bytes from aaaa::212:740c:c:c0c: icmp_seq=104 ttl=61 time=547 ms
64 bytes from aaaa::212:740c:c:c0c: icmp_seq=105 ttl=61 time=551 ms
64 bytes from aaaa::212:740c:c:c0c: icmp_seq=106 ttl=61 time=333 ms
64 bytes from aaaa::212:740c:c:c0c: icmp_seq=107 ttl=61 time=363 ms
64 bytes from aaaa::212:740c:c:c0c: icmp_seq=108 ttl=61 time=291 ms
64 bytes from aaaa::212:740c:c:c0c: icmp_seq=109 ttl=61 time=343 ms
64 bytes from aaaa::212:740c:c:c0c: icmp_seq=110 ttl=61 time=332 ms
64 bytes from aaaa::212:740c:c:c0c: icmp_seq=111 ttl=61 time=472 ms
64 bytes from aaaa::212:740c:c:c0c: icmp_seq=112 ttl=61 time=292 ms
64 bytes from aaaa::212:740c:c:c0c: icmp_seq=113 ttl=61 time=1180 ms
64 bytes from aaaa::212:740c:c:c0c: icmp_seq=114 ttl=61 time=298 ms
64 bytes from aaaa::212:740c:c:c0c: icmp_seq=116 ttl=61 time=245 ms
64 bytes from aaaa::212:740c:c:c0c: icmp_seq=120 ttl=61 time=640 ms
64 bytes from aaaa::212:740c:c:c0c: icmp_seq=123 ttl=61 time=912 ms
64 bytes from aaaa::212:740c:c:c0c: icmp_seq=125 ttl=61 time=579 ms
64 bytes from aaaa::212:740c:c:c0c: icmp_seq=126 ttl=61 time=511 ms
64 bytes from aaaa::212:740c:c:c0c: icmp_seq=127 ttl=61 time=517 ms
64 bytes from aaaa::212:740c:c:c0c: icmp_seq=128 ttl=61 time=1072 ms
64 bytes from aaaa::212:740c:c:c0c: icmp_seq=129 ttl=61 time=478 ms
64 bytes from aaaa::212:740c:c:c0c: icmp_seq=130 ttl=61 time=934 ms
64 bytes from aaaa::212:740c:c:c0c: icmp_seq=131 ttl=61 time=652 ms
64 bytes from aaaa::212:740c:c:c0c: icmp_seq=132 ttl=61 time=705 ms
64 bytes from aaaa::212:740c:c:c0c: icmp_seq=133 ttl=61 time=448 ms
64 bytes from aaaa::212:740c:c:c0c: icmp_seq=134 ttl=61 time=806 ms
64 bytes from aaaa::212:740c:c:c0c: icmp_seq=135 ttl=61 time=564 ms
64 bytes from aaaa::212:740c:c:c0c: icmp_seq=136 ttl=61 time=704 ms
64 bytes from aaaa::212:740c:c:c0c: icmp_seq=137 ttl=61 time=714 ms
64 bytes from aaaa::212:740c:c:c0c: icmp_seq=138 ttl=61 time=670 ms
64 bytes from aaaa::212:740c:c:c0c: icmp_seq=139 ttl=61 time=1178 ms
64 bytes from aaaa::212:740c:c:c0c: icmp_seq=140 ttl=61 time=554 ms
64 bytes from aaaa::212:740c:c:c0c: icmp_seq=141 ttl=61 time=657 ms
64 bytes from aaaa::212:740c:c:c0c: icmp_seq=142 ttl=61 time=548 ms
64 bytes from aaaa::212:740c:c:c0c: icmp_seq=143 ttl=61 time=503 ms
64 bytes from aaaa::212:740c:c:c0c: icmp_seq=144 ttl=61 time=500 ms
64 bytes from aaaa::212:740c:c:c0c: icmp_seq=145 ttl=61 time=519 ms
64 bytes from aaaa::212:740c:c:c0c: icmp_seq=146 ttl=61 time=856 ms
64 bytes from aaaa::212:740c:c:c0c: icmp_seq=148 ttl=61 time=676 ms
64 bytes from aaaa::212:740c:c:c0c: icmp_seq=149 ttl=61 time=845 ms
64 bytes from aaaa::212:740c:c:c0c: icmp_seq=150 ttl=61 time=413 ms
64 bytes from aaaa::212:740c:c:c0c: icmp_seq=151 ttl=61 time=527 ms
64 bytes from aaaa::212:740c:c:c0c: icmp_seq=152 ttl=61 time=647 ms
64 bytes from aaaa::212:740c:c:c0c: icmp_seq=153 ttl=61 time=763 ms
64 bytes from aaaa::212:740c:c:c0c: icmp_seq=154 ttl=61 time=578 ms
64 bytes from aaaa::212:740c:c:c0c: icmp_seq=155 ttl=61 time=1288 ms
64 bytes from aaaa::212:740c:c:c0c: icmp_seq=156 ttl=61 time=677 ms
64 bytes from aaaa::212:740c:c:c0c: icmp_seq=157 ttl=61 time=1221 ms
64 bytes from aaaa::212:740c:c:c0c: icmp_seq=158 ttl=61 time=726 ms
64 bytes from aaaa::212:740c:c:c0c: icmp_seq=159 ttl=61 time=1353 ms
64 bytes from aaaa::212:740c:c:c0c: icmp_seq=161 ttl=61 time=1495 ms
64 bytes from aaaa::212:740c:c:c0c: icmp_seq=163 ttl=61 time=1434 ms
64 bytes from aaaa::212:740c:c:c0c: icmp_seq=164 ttl=61 time=1088 ms
64 bytes from aaaa::212:740c:c:c0c: icmp_seq=166 ttl=61 time=660 ms
64 bytes from aaaa::212:740c:c:c0c: icmp_seq=167 ttl=61 time=1175 ms
64 bytes from aaaa::212:740c:c:c0c: icmp_seq=168 ttl=61 time=370 ms
64 bytes from aaaa::212:740c:c:c0c: icmp_seq=169 ttl=61 time=529 ms
64 bytes from aaaa::212:740c:c:c0c: icmp_seq=170 ttl=61 time=792 ms
64 bytes from aaaa::212:740c:c:c0c: icmp_seq=180 ttl=61 time=2146 ms
64 bytes from aaaa::212:740c:c:c0c: icmp_seq=182 ttl=61 time=603 ms
64 bytes from aaaa::212:740c:c:c0c: icmp_seq=194 ttl=61 time=730 ms
64 bytes from aaaa::212:740c:c:c0c: icmp_seq=196 ttl=61 time=787 ms
64 bytes from aaaa::212:740c:c:c0c: icmp_seq=197 ttl=61 time=297 ms
64 bytes from aaaa::212:740c:c:c0c: icmp_seq=198 ttl=61 time=304 ms
64 bytes from aaaa::212:740c:c:c0c: icmp_seq=199 ttl=61 time=398 ms

--- aaaa::212:740c:c:c0c ping statistics ---
200 packets transmitted, 142 received, 29% packet loss, time 1004199ms
rtt min/avg/max/mdev = 245.601/657.246/2312.252/372.299 ms
