PING aaaa::212:740e:e:e0e(aaaa::212:740e:e:e0e) 56 data bytes
64 bytes from aaaa::212:740e:e:e0e: icmp_seq=1 ttl=59 time=595 ms
64 bytes from aaaa::212:740e:e:e0e: icmp_seq=2 ttl=59 time=601 ms
64 bytes from aaaa::212:740e:e:e0e: icmp_seq=3 ttl=59 time=784 ms
64 bytes from aaaa::212:740e:e:e0e: icmp_seq=4 ttl=59 time=499 ms
64 bytes from aaaa::212:740e:e:e0e: icmp_seq=5 ttl=59 time=509 ms
64 bytes from aaaa::212:740e:e:e0e: icmp_seq=6 ttl=59 time=474 ms
64 bytes from aaaa::212:740e:e:e0e: icmp_seq=7 ttl=59 time=425 ms
64 bytes from aaaa::212:740e:e:e0e: icmp_seq=8 ttl=59 time=399 ms
64 bytes from aaaa::212:740e:e:e0e: icmp_seq=9 ttl=59 time=424 ms
64 bytes from aaaa::212:740e:e:e0e: icmp_seq=10 ttl=59 time=498 ms
64 bytes from aaaa::212:740e:e:e0e: icmp_seq=11 ttl=59 time=449 ms
64 bytes from aaaa::212:740e:e:e0e: icmp_seq=12 ttl=59 time=529 ms
64 bytes from aaaa::212:740e:e:e0e: icmp_seq=13 ttl=59 time=479 ms
64 bytes from aaaa::212:740e:e:e0e: icmp_seq=14 ttl=59 time=526 ms
64 bytes from aaaa::212:740e:e:e0e: icmp_seq=15 ttl=59 time=625 ms
64 bytes from aaaa::212:740e:e:e0e: icmp_seq=16 ttl=59 time=461 ms
64 bytes from aaaa::212:740e:e:e0e: icmp_seq=17 ttl=59 time=449 ms
64 bytes from aaaa::212:740e:e:e0e: icmp_seq=18 ttl=59 time=490 ms
64 bytes from aaaa::212:740e:e:e0e: icmp_seq=19 ttl=59 time=476 ms
64 bytes from aaaa::212:740e:e:e0e: icmp_seq=20 ttl=59 time=441 ms
64 bytes from aaaa::212:740e:e:e0e: icmp_seq=21 ttl=59 time=439 ms
64 bytes from aaaa::212:740e:e:e0e: icmp_seq=22 ttl=59 time=502 ms
64 bytes from aaaa::212:740e:e:e0e: icmp_seq=23 ttl=59 time=497 ms
64 bytes from aaaa::212:740e:e:e0e: icmp_seq=24 ttl=59 time=609 ms
64 bytes from aaaa::212:740e:e:e0e: icmp_seq=25 ttl=59 time=636 ms
64 bytes from aaaa::212:740e:e:e0e: icmp_seq=26 ttl=59 time=724 ms
64 bytes from aaaa::212:740e:e:e0e: icmp_seq=27 ttl=59 time=391 ms
64 bytes from aaaa::212:740e:e:e0e: icmp_seq=28 ttl=59 time=375 ms
64 bytes from aaaa::212:740e:e:e0e: icmp_seq=30 ttl=59 time=541 ms
64 bytes from aaaa::212:740e:e:e0e: icmp_seq=31 ttl=59 time=571 ms
64 bytes from aaaa::212:740e:e:e0e: icmp_seq=32 ttl=59 time=765 ms
64 bytes from aaaa::212:740e:e:e0e: icmp_seq=33 ttl=59 time=368 ms
64 bytes from aaaa::212:740e:e:e0e: icmp_seq=34 ttl=59 time=639 ms
64 bytes from aaaa::212:740e:e:e0e: icmp_seq=35 ttl=59 time=695 ms
64 bytes from aaaa::212:740e:e:e0e: icmp_seq=36 ttl=59 time=675 ms
64 bytes from aaaa::212:740e:e:e0e: icmp_seq=37 ttl=59 time=798 ms
64 bytes from aaaa::212:740e:e:e0e: icmp_seq=38 ttl=59 time=465 ms
64 bytes from aaaa::212:740e:e:e0e: icmp_seq=39 ttl=59 time=570 ms
64 bytes from aaaa::212:740e:e:e0e: icmp_seq=40 ttl=59 time=424 ms
64 bytes from aaaa::212:740e:e:e0e: icmp_seq=41 ttl=59 time=738 ms
64 bytes from aaaa::212:740e:e:e0e: icmp_seq=42 ttl=59 time=898 ms
64 bytes from aaaa::212:740e:e:e0e: icmp_seq=43 ttl=59 time=487 ms
64 bytes from aaaa::212:740e:e:e0e: icmp_seq=44 ttl=59 time=1017 ms
64 bytes from aaaa::212:740e:e:e0e: icmp_seq=45 ttl=59 time=763 ms
64 bytes from aaaa::212:740e:e:e0e: icmp_seq=46 ttl=59 time=496 ms
64 bytes from aaaa::212:740e:e:e0e: icmp_seq=47 ttl=59 time=1106 ms
64 bytes from aaaa::212:740e:e:e0e: icmp_seq=48 ttl=59 time=900 ms
64 bytes from aaaa::212:740e:e:e0e: icmp_seq=49 ttl=59 time=766 ms
64 bytes from aaaa::212:740e:e:e0e: icmp_seq=60 ttl=59 time=677 ms
64 bytes from aaaa::212:740e:e:e0e: icmp_seq=61 ttl=59 time=741 ms
64 bytes from aaaa::212:740e:e:e0e: icmp_seq=62 ttl=59 time=727 ms
64 bytes from aaaa::212:740e:e:e0e: icmp_seq=63 ttl=59 time=735 ms
64 bytes from aaaa::212:740e:e:e0e: icmp_seq=64 ttl=59 time=568 ms
64 bytes from aaaa::212:740e:e:e0e: icmp_seq=65 ttl=59 time=700 ms
64 bytes from aaaa::212:740e:e:e0e: icmp_seq=66 ttl=59 time=885 ms
64 bytes from aaaa::212:740e:e:e0e: icmp_seq=67 ttl=59 time=615 ms
64 bytes from aaaa::212:740e:e:e0e: icmp_seq=68 ttl=59 time=664 ms
64 bytes from aaaa::212:740e:e:e0e: icmp_seq=69 ttl=59 time=659 ms
64 bytes from aaaa::212:740e:e:e0e: icmp_seq=70 ttl=59 time=542 ms
64 bytes from aaaa::212:740e:e:e0e: icmp_seq=71 ttl=59 time=723 ms
64 bytes from aaaa::212:740e:e:e0e: icmp_seq=72 ttl=59 time=1170 ms
64 bytes from aaaa::212:740e:e:e0e: icmp_seq=74 ttl=59 time=568 ms
64 bytes from aaaa::212:740e:e:e0e: icmp_seq=75 ttl=59 time=801 ms
64 bytes from aaaa::212:740e:e:e0e: icmp_seq=76 ttl=59 time=922 ms
64 bytes from aaaa::212:740e:e:e0e: icmp_seq=77 ttl=59 time=1045 ms
64 bytes from aaaa::212:740e:e:e0e: icmp_seq=78 ttl=59 time=914 ms
64 bytes from aaaa::212:740e:e:e0e: icmp_seq=79 ttl=59 time=448 ms
64 bytes from aaaa::212:740e:e:e0e: icmp_seq=80 ttl=59 time=370 ms
64 bytes from aaaa::212:740e:e:e0e: icmp_seq=81 ttl=59 time=536 ms
64 bytes from aaaa::212:740e:e:e0e: icmp_seq=82 ttl=59 time=958 ms
64 bytes from aaaa::212:740e:e:e0e: icmp_seq=83 ttl=59 time=608 ms
64 bytes from aaaa::212:740e:e:e0e: icmp_seq=84 ttl=59 time=458 ms
64 bytes from aaaa::212:740e:e:e0e: icmp_seq=85 ttl=59 time=592 ms
64 bytes from aaaa::212:740e:e:e0e: icmp_seq=86 ttl=59 time=638 ms
64 bytes from aaaa::212:740e:e:e0e: icmp_seq=87 ttl=59 time=702 ms
64 bytes from aaaa::212:740e:e:e0e: icmp_seq=88 ttl=59 time=441 ms
64 bytes from aaaa::212:740e:e:e0e: icmp_seq=89 ttl=59 time=1347 ms
64 bytes from aaaa::212:740e:e:e0e: icmp_seq=90 ttl=59 time=566 ms
64 bytes from aaaa::212:740e:e:e0e: icmp_seq=91 ttl=59 time=471 ms
64 bytes from aaaa::212:740e:e:e0e: icmp_seq=92 ttl=59 time=531 ms
64 bytes from aaaa::212:740e:e:e0e: icmp_seq=93 ttl=59 time=604 ms
64 bytes from aaaa::212:740e:e:e0e: icmp_seq=94 ttl=59 time=1002 ms
64 bytes from aaaa::212:740e:e:e0e: icmp_seq=95 ttl=59 time=557 ms
64 bytes from aaaa::212:740e:e:e0e: icmp_seq=96 ttl=59 time=575 ms
64 bytes from aaaa::212:740e:e:e0e: icmp_seq=97 ttl=59 time=483 ms
64 bytes from aaaa::212:740e:e:e0e: icmp_seq=98 ttl=59 time=409 ms
64 bytes from aaaa::212:740e:e:e0e: icmp_seq=99 ttl=59 time=450 ms
64 bytes from aaaa::212:740e:e:e0e: icmp_seq=101 ttl=59 time=429 ms
64 bytes from aaaa::212:740e:e:e0e: icmp_seq=102 ttl=59 time=665 ms
64 bytes from aaaa::212:740e:e:e0e: icmp_seq=103 ttl=59 time=503 ms
64 bytes from aaaa::212:740e:e:e0e: icmp_seq=104 ttl=59 time=801 ms
64 bytes from aaaa::212:740e:e:e0e: icmp_seq=105 ttl=59 time=507 ms
64 bytes from aaaa::212:740e:e:e0e: icmp_seq=106 ttl=59 time=457 ms
64 bytes from aaaa::212:740e:e:e0e: icmp_seq=107 ttl=59 time=511 ms
64 bytes from aaaa::212:740e:e:e0e: icmp_seq=110 ttl=59 time=631 ms
64 bytes from aaaa::212:740e:e:e0e: icmp_seq=113 ttl=59 time=897 ms
64 bytes from aaaa::212:740e:e:e0e: icmp_seq=117 ttl=59 time=687 ms
64 bytes from aaaa::212:740e:e:e0e: icmp_seq=119 ttl=59 time=729 ms
64 bytes from aaaa::212:740e:e:e0e: icmp_seq=121 ttl=59 time=664 ms
64 bytes from aaaa::212:740e:e:e0e: icmp_seq=127 ttl=59 time=938 ms
64 bytes from aaaa::212:740e:e:e0e: icmp_seq=134 ttl=59 time=1210 ms
64 bytes from aaaa::212:740e:e:e0e: icmp_seq=135 ttl=59 time=1173 ms
64 bytes from aaaa::212:740e:e:e0e: icmp_seq=136 ttl=59 time=1176 ms
64 bytes from aaaa::212:740e:e:e0e: icmp_seq=138 ttl=59 time=988 ms
64 bytes from aaaa::212:740e:e:e0e: icmp_seq=140 ttl=59 time=1388 ms
64 bytes from aaaa::212:740e:e:e0e: icmp_seq=142 ttl=59 time=1790 ms
64 bytes from aaaa::212:740e:e:e0e: icmp_seq=144 ttl=59 time=585 ms
64 bytes from aaaa::212:740e:e:e0e: icmp_seq=145 ttl=59 time=1569 ms
64 bytes from aaaa::212:740e:e:e0e: icmp_seq=146 ttl=59 time=847 ms
64 bytes from aaaa::212:740e:e:e0e: icmp_seq=147 ttl=59 time=1096 ms
64 bytes from aaaa::212:740e:e:e0e: icmp_seq=148 ttl=59 time=1286 ms
64 bytes from aaaa::212:740e:e:e0e: icmp_seq=149 ttl=59 time=910 ms
64 bytes from aaaa::212:740e:e:e0e: icmp_seq=150 ttl=59 time=537 ms
64 bytes from aaaa::212:740e:e:e0e: icmp_seq=151 ttl=59 time=892 ms
64 bytes from aaaa::212:740e:e:e0e: icmp_seq=152 ttl=59 time=552 ms
64 bytes from aaaa::212:740e:e:e0e: icmp_seq=153 ttl=59 time=1462 ms
64 bytes from aaaa::212:740e:e:e0e: icmp_seq=154 ttl=59 time=737 ms
64 bytes from aaaa::212:740e:e:e0e: icmp_seq=155 ttl=59 time=778 ms
64 bytes from aaaa::212:740e:e:e0e: icmp_seq=156 ttl=59 time=1226 ms
64 bytes from aaaa::212:740e:e:e0e: icmp_seq=157 ttl=59 time=623 ms
64 bytes from aaaa::212:740e:e:e0e: icmp_seq=158 ttl=59 time=1039 ms
64 bytes from aaaa::212:740e:e:e0e: icmp_seq=159 ttl=59 time=1132 ms
64 bytes from aaaa::212:740e:e:e0e: icmp_seq=161 ttl=59 time=827 ms
64 bytes from aaaa::212:740e:e:e0e: icmp_seq=162 ttl=59 time=1254 ms
64 bytes from aaaa::212:740e:e:e0e: icmp_seq=163 ttl=59 time=840 ms
64 bytes from aaaa::212:740e:e:e0e: icmp_seq=164 ttl=59 time=907 ms
64 bytes from aaaa::212:740e:e:e0e: icmp_seq=166 ttl=59 time=1296 ms
64 bytes from aaaa::212:740e:e:e0e: icmp_seq=174 ttl=59 time=796 ms
64 bytes from aaaa::212:740e:e:e0e: icmp_seq=177 ttl=59 time=1724 ms
64 bytes from aaaa::212:740e:e:e0e: icmp_seq=178 ttl=59 time=662 ms
64 bytes from aaaa::212:740e:e:e0e: icmp_seq=179 ttl=59 time=1194 ms
64 bytes from aaaa::212:740e:e:e0e: icmp_seq=185 ttl=59 time=846 ms
64 bytes from aaaa::212:740e:e:e0e: icmp_seq=190 ttl=59 time=680 ms
64 bytes from aaaa::212:740e:e:e0e: icmp_seq=191 ttl=59 time=702 ms
64 bytes from aaaa::212:740e:e:e0e: icmp_seq=192 ttl=59 time=676 ms
64 bytes from aaaa::212:740e:e:e0e: icmp_seq=193 ttl=59 time=651 ms
64 bytes from aaaa::212:740e:e:e0e: icmp_seq=194 ttl=59 time=774 ms
64 bytes from aaaa::212:740e:e:e0e: icmp_seq=195 ttl=59 time=609 ms
64 bytes from aaaa::212:740e:e:e0e: icmp_seq=196 ttl=59 time=907 ms
64 bytes from aaaa::212:740e:e:e0e: icmp_seq=197 ttl=59 time=538 ms
64 bytes from aaaa::212:740e:e:e0e: icmp_seq=198 ttl=59 time=512 ms
64 bytes from aaaa::212:740e:e:e0e: icmp_seq=199 ttl=59 time=565 ms
64 bytes from aaaa::212:740e:e:e0e: icmp_seq=200 ttl=59 time=385 ms

--- aaaa::212:740e:e:e0e ping statistics ---
200 packets transmitted, 143 received, 28% packet loss, time 1003860ms
rtt min/avg/max/mdev = 368.567/721.855/1790.242/283.324 ms
