PING aaaa::212:7408:8:808(aaaa::212:7408:8:808) 56 data bytes
64 bytes from aaaa::212:7408:8:808: icmp_seq=7 ttl=62 time=472 ms
64 bytes from aaaa::212:7408:8:808: icmp_seq=9 ttl=62 time=1238 ms
64 bytes from aaaa::212:7408:8:808: icmp_seq=10 ttl=62 time=400 ms
64 bytes from aaaa::212:7408:8:808: icmp_seq=13 ttl=62 time=4061 ms
64 bytes from aaaa::212:7408:8:808: icmp_seq=16 ttl=62 time=852 ms
64 bytes from aaaa::212:7408:8:808: icmp_seq=17 ttl=62 time=219 ms
64 bytes from aaaa::212:7408:8:808: icmp_seq=19 ttl=62 time=548 ms
64 bytes from aaaa::212:7408:8:808: icmp_seq=23 ttl=62 time=361 ms
64 bytes from aaaa::212:7408:8:808: icmp_seq=24 ttl=62 time=387 ms
64 bytes from aaaa::212:7408:8:808: icmp_seq=27 ttl=62 time=503 ms
64 bytes from aaaa::212:7408:8:808: icmp_seq=29 ttl=62 time=226 ms
64 bytes from aaaa::212:7408:8:808: icmp_seq=30 ttl=62 time=455 ms
64 bytes from aaaa::212:7408:8:808: icmp_seq=31 ttl=62 time=809 ms
64 bytes from aaaa::212:7408:8:808: icmp_seq=35 ttl=62 time=3238 ms
64 bytes from aaaa::212:7408:8:808: icmp_seq=43 ttl=62 time=1712 ms
64 bytes from aaaa::212:7408:8:808: icmp_seq=50 ttl=62 time=1924 ms
64 bytes from aaaa::212:7408:8:808: icmp_seq=51 ttl=62 time=857 ms
64 bytes from aaaa::212:7408:8:808: icmp_seq=52 ttl=62 time=957 ms
64 bytes from aaaa::212:7408:8:808: icmp_seq=53 ttl=62 time=1565 ms
64 bytes from aaaa::212:7408:8:808: icmp_seq=56 ttl=62 time=632 ms
64 bytes from aaaa::212:7408:8:808: icmp_seq=57 ttl=62 time=394 ms
64 bytes from aaaa::212:7408:8:808: icmp_seq=59 ttl=62 time=962 ms
64 bytes from aaaa::212:7408:8:808: icmp_seq=69 ttl=62 time=860 ms
64 bytes from aaaa::212:7408:8:808: icmp_seq=70 ttl=62 time=267 ms
64 bytes from aaaa::212:7408:8:808: icmp_seq=73 ttl=62 time=1125 ms
64 bytes from aaaa::212:7408:8:808: icmp_seq=74 ttl=62 time=1373 ms
64 bytes from aaaa::212:7408:8:808: icmp_seq=75 ttl=62 time=659 ms
64 bytes from aaaa::212:7408:8:808: icmp_seq=76 ttl=62 time=278 ms
64 bytes from aaaa::212:7408:8:808: icmp_seq=77 ttl=62 time=210 ms
64 bytes from aaaa::212:7408:8:808: icmp_seq=78 ttl=62 time=216 ms
64 bytes from aaaa::212:7408:8:808: icmp_seq=79 ttl=62 time=169 ms
64 bytes from aaaa::212:7408:8:808: icmp_seq=80 ttl=62 time=223 ms
64 bytes from aaaa::212:7408:8:808: icmp_seq=81 ttl=62 time=266 ms
64 bytes from aaaa::212:7408:8:808: icmp_seq=82 ttl=62 time=877 ms
64 bytes from aaaa::212:7408:8:808: icmp_seq=83 ttl=62 time=303 ms
64 bytes from aaaa::212:7408:8:808: icmp_seq=84 ttl=62 time=186 ms
64 bytes from aaaa::212:7408:8:808: icmp_seq=85 ttl=62 time=172 ms
64 bytes from aaaa::212:7408:8:808: icmp_seq=86 ttl=62 time=229 ms
64 bytes from aaaa::212:7408:8:808: icmp_seq=87 ttl=62 time=167 ms
64 bytes from aaaa::212:7408:8:808: icmp_seq=88 ttl=62 time=2101 ms
64 bytes from aaaa::212:7408:8:808: icmp_seq=89 ttl=62 time=201 ms
64 bytes from aaaa::212:7408:8:808: icmp_seq=90 ttl=62 time=215 ms
64 bytes from aaaa::212:7408:8:808: icmp_seq=91 ttl=62 time=255 ms
64 bytes from aaaa::212:7408:8:808: icmp_seq=92 ttl=62 time=193 ms
64 bytes from aaaa::212:7408:8:808: icmp_seq=93 ttl=62 time=174 ms
64 bytes from aaaa::212:7408:8:808: icmp_seq=94 ttl=62 time=265 ms
64 bytes from aaaa::212:7408:8:808: icmp_seq=96 ttl=62 time=209 ms
64 bytes from aaaa::212:7408:8:808: icmp_seq=97 ttl=62 time=203 ms
64 bytes from aaaa::212:7408:8:808: icmp_seq=98 ttl=62 time=218 ms
64 bytes from aaaa::212:7408:8:808: icmp_seq=99 ttl=62 time=211 ms
64 bytes from aaaa::212:7408:8:808: icmp_seq=100 ttl=62 time=298 ms
64 bytes from aaaa::212:7408:8:808: icmp_seq=101 ttl=62 time=221 ms
64 bytes from aaaa::212:7408:8:808: icmp_seq=102 ttl=62 time=531 ms
64 bytes from aaaa::212:7408:8:808: icmp_seq=103 ttl=62 time=230 ms
64 bytes from aaaa::212:7408:8:808: icmp_seq=104 ttl=62 time=236 ms
64 bytes from aaaa::212:7408:8:808: icmp_seq=105 ttl=62 time=200 ms
64 bytes from aaaa::212:7408:8:808: icmp_seq=106 ttl=62 time=777 ms
64 bytes from aaaa::212:7408:8:808: icmp_seq=107 ttl=62 time=294 ms
64 bytes from aaaa::212:7408:8:808: icmp_seq=108 ttl=62 time=592 ms
64 bytes from aaaa::212:7408:8:808: icmp_seq=109 ttl=62 time=406 ms
64 bytes from aaaa::212:7408:8:808: icmp_seq=110 ttl=62 time=721 ms
64 bytes from aaaa::212:7408:8:808: icmp_seq=111 ttl=62 time=344 ms
64 bytes from aaaa::212:7408:8:808: icmp_seq=112 ttl=62 time=875 ms
64 bytes from aaaa::212:7408:8:808: icmp_seq=114 ttl=62 time=201 ms
64 bytes from aaaa::212:7408:8:808: icmp_seq=115 ttl=62 time=265 ms
64 bytes from aaaa::212:7408:8:808: icmp_seq=116 ttl=62 time=193 ms
64 bytes from aaaa::212:7408:8:808: icmp_seq=117 ttl=62 time=244 ms
64 bytes from aaaa::212:7408:8:808: icmp_seq=118 ttl=62 time=807 ms
64 bytes from aaaa::212:7408:8:808: icmp_seq=119 ttl=62 time=1038 ms
64 bytes from aaaa::212:7408:8:808: icmp_seq=120 ttl=62 time=184 ms
64 bytes from aaaa::212:7408:8:808: icmp_seq=121 ttl=62 time=254 ms
64 bytes from aaaa::212:7408:8:808: icmp_seq=122 ttl=62 time=507 ms
64 bytes from aaaa::212:7408:8:808: icmp_seq=123 ttl=62 time=278 ms
64 bytes from aaaa::212:7408:8:808: icmp_seq=124 ttl=62 time=343 ms
64 bytes from aaaa::212:7408:8:808: icmp_seq=125 ttl=62 time=248 ms
64 bytes from aaaa::212:7408:8:808: icmp_seq=126 ttl=62 time=281 ms
64 bytes from aaaa::212:7408:8:808: icmp_seq=127 ttl=62 time=215 ms
64 bytes from aaaa::212:7408:8:808: icmp_seq=128 ttl=62 time=368 ms
64 bytes from aaaa::212:7408:8:808: icmp_seq=129 ttl=62 time=211 ms
64 bytes from aaaa::212:7408:8:808: icmp_seq=130 ttl=62 time=419 ms
64 bytes from aaaa::212:7408:8:808: icmp_seq=131 ttl=62 time=256 ms
64 bytes from aaaa::212:7408:8:808: icmp_seq=132 ttl=62 time=223 ms
64 bytes from aaaa::212:7408:8:808: icmp_seq=133 ttl=62 time=203 ms
64 bytes from aaaa::212:7408:8:808: icmp_seq=134 ttl=62 time=261 ms
64 bytes from aaaa::212:7408:8:808: icmp_seq=135 ttl=62 time=177 ms
64 bytes from aaaa::212:7408:8:808: icmp_seq=136 ttl=62 time=463 ms
64 bytes from aaaa::212:7408:8:808: icmp_seq=137 ttl=62 time=579 ms
64 bytes from aaaa::212:7408:8:808: icmp_seq=138 ttl=62 time=351 ms
64 bytes from aaaa::212:7408:8:808: icmp_seq=139 ttl=62 time=268 ms
64 bytes from aaaa::212:7408:8:808: icmp_seq=140 ttl=62 time=358 ms
64 bytes from aaaa::212:7408:8:808: icmp_seq=141 ttl=62 time=204 ms
64 bytes from aaaa::212:7408:8:808: icmp_seq=143 ttl=62 time=252 ms
64 bytes from aaaa::212:7408:8:808: icmp_seq=144 ttl=62 time=415 ms
64 bytes from aaaa::212:7408:8:808: icmp_seq=145 ttl=62 time=204 ms
64 bytes from aaaa::212:7408:8:808: icmp_seq=146 ttl=62 time=197 ms
64 bytes from aaaa::212:7408:8:808: icmp_seq=147 ttl=62 time=169 ms
64 bytes from aaaa::212:7408:8:808: icmp_seq=148 ttl=62 time=219 ms
64 bytes from aaaa::212:7408:8:808: icmp_seq=149 ttl=62 time=231 ms
64 bytes from aaaa::212:7408:8:808: icmp_seq=150 ttl=62 time=213 ms
64 bytes from aaaa::212:7408:8:808: icmp_seq=151 ttl=62 time=359 ms
64 bytes from aaaa::212:7408:8:808: icmp_seq=152 ttl=62 time=220 ms
64 bytes from aaaa::212:7408:8:808: icmp_seq=153 ttl=62 time=164 ms
64 bytes from aaaa::212:7408:8:808: icmp_seq=154 ttl=62 time=176 ms
64 bytes from aaaa::212:7408:8:808: icmp_seq=156 ttl=62 time=250 ms
64 bytes from aaaa::212:7408:8:808: icmp_seq=157 ttl=62 time=181 ms
64 bytes from aaaa::212:7408:8:808: icmp_seq=158 ttl=62 time=180 ms
64 bytes from aaaa::212:7408:8:808: icmp_seq=159 ttl=62 time=147 ms
64 bytes from aaaa::212:7408:8:808: icmp_seq=160 ttl=62 time=312 ms
64 bytes from aaaa::212:7408:8:808: icmp_seq=161 ttl=62 time=662 ms
64 bytes from aaaa::212:7408:8:808: icmp_seq=162 ttl=62 time=201 ms
64 bytes from aaaa::212:7408:8:808: icmp_seq=163 ttl=62 time=209 ms
64 bytes from aaaa::212:7408:8:808: icmp_seq=164 ttl=62 time=187 ms
64 bytes from aaaa::212:7408:8:808: icmp_seq=166 ttl=62 time=238 ms
64 bytes from aaaa::212:7408:8:808: icmp_seq=168 ttl=62 time=260 ms
64 bytes from aaaa::212:7408:8:808: icmp_seq=169 ttl=62 time=275 ms
64 bytes from aaaa::212:7408:8:808: icmp_seq=170 ttl=62 time=266 ms
64 bytes from aaaa::212:7408:8:808: icmp_seq=171 ttl=62 time=312 ms
64 bytes from aaaa::212:7408:8:808: icmp_seq=172 ttl=62 time=265 ms
64 bytes from aaaa::212:7408:8:808: icmp_seq=173 ttl=62 time=467 ms
64 bytes from aaaa::212:7408:8:808: icmp_seq=174 ttl=62 time=349 ms
64 bytes from aaaa::212:7408:8:808: icmp_seq=176 ttl=62 time=255 ms
64 bytes from aaaa::212:7408:8:808: icmp_seq=177 ttl=62 time=198 ms
64 bytes from aaaa::212:7408:8:808: icmp_seq=178 ttl=62 time=278 ms
64 bytes from aaaa::212:7408:8:808: icmp_seq=179 ttl=62 time=224 ms
64 bytes from aaaa::212:7408:8:808: icmp_seq=180 ttl=62 time=173 ms
64 bytes from aaaa::212:7408:8:808: icmp_seq=181 ttl=62 time=204 ms
64 bytes from aaaa::212:7408:8:808: icmp_seq=183 ttl=62 time=247 ms
64 bytes from aaaa::212:7408:8:808: icmp_seq=184 ttl=62 time=430 ms
64 bytes from aaaa::212:7408:8:808: icmp_seq=185 ttl=62 time=199 ms
64 bytes from aaaa::212:7408:8:808: icmp_seq=187 ttl=62 time=327 ms
64 bytes from aaaa::212:7408:8:808: icmp_seq=188 ttl=62 time=291 ms
64 bytes from aaaa::212:7408:8:808: icmp_seq=189 ttl=62 time=402 ms
64 bytes from aaaa::212:7408:8:808: icmp_seq=190 ttl=62 time=218 ms
64 bytes from aaaa::212:7408:8:808: icmp_seq=191 ttl=62 time=254 ms
64 bytes from aaaa::212:7408:8:808: icmp_seq=192 ttl=62 time=355 ms
64 bytes from aaaa::212:7408:8:808: icmp_seq=193 ttl=62 time=255 ms
64 bytes from aaaa::212:7408:8:808: icmp_seq=194 ttl=62 time=285 ms
64 bytes from aaaa::212:7408:8:808: icmp_seq=195 ttl=62 time=279 ms
64 bytes from aaaa::212:7408:8:808: icmp_seq=196 ttl=62 time=244 ms
64 bytes from aaaa::212:7408:8:808: icmp_seq=197 ttl=62 time=217 ms
64 bytes from aaaa::212:7408:8:808: icmp_seq=198 ttl=62 time=386 ms
64 bytes from aaaa::212:7408:8:808: icmp_seq=200 ttl=62 time=790 ms

--- aaaa::212:7408:8:808 ping statistics ---
200 packets transmitted, 142 received, 29% packet loss, time 1003297ms
rtt min/avg/max/mdev = 147.219/449.862/4061.970/514.014 ms
