PING aaaa::212:740c:c:c0c(aaaa::212:740c:c:c0c) 56 data bytes
64 bytes from aaaa::212:740c:c:c0c: icmp_seq=3 ttl=59 time=1812 ms
64 bytes from aaaa::212:740c:c:c0c: icmp_seq=4 ttl=60 time=479 ms
64 bytes from aaaa::212:740c:c:c0c: icmp_seq=5 ttl=61 time=418 ms
64 bytes from aaaa::212:740c:c:c0c: icmp_seq=6 ttl=61 time=951 ms
64 bytes from aaaa::212:740c:c:c0c: icmp_seq=7 ttl=61 time=1000 ms
64 bytes from aaaa::212:740c:c:c0c: icmp_seq=8 ttl=61 time=577 ms
64 bytes from aaaa::212:740c:c:c0c: icmp_seq=9 ttl=61 time=1059 ms
64 bytes from aaaa::212:740c:c:c0c: icmp_seq=10 ttl=60 time=972 ms
64 bytes from aaaa::212:740c:c:c0c: icmp_seq=11 ttl=60 time=1312 ms
64 bytes from aaaa::212:740c:c:c0c: icmp_seq=12 ttl=60 time=1104 ms
64 bytes from aaaa::212:740c:c:c0c: icmp_seq=13 ttl=60 time=317 ms
64 bytes from aaaa::212:740c:c:c0c: icmp_seq=15 ttl=61 time=909 ms
64 bytes from aaaa::212:740c:c:c0c: icmp_seq=16 ttl=61 time=559 ms
64 bytes from aaaa::212:740c:c:c0c: icmp_seq=17 ttl=61 time=901 ms
64 bytes from aaaa::212:740c:c:c0c: icmp_seq=18 ttl=61 time=497 ms
64 bytes from aaaa::212:740c:c:c0c: icmp_seq=19 ttl=61 time=234 ms
64 bytes from aaaa::212:740c:c:c0c: icmp_seq=20 ttl=61 time=169 ms
64 bytes from aaaa::212:740c:c:c0c: icmp_seq=21 ttl=61 time=2100 ms
64 bytes from aaaa::212:740c:c:c0c: icmp_seq=22 ttl=61 time=897 ms
64 bytes from aaaa::212:740c:c:c0c: icmp_seq=23 ttl=61 time=239 ms
64 bytes from aaaa::212:740c:c:c0c: icmp_seq=24 ttl=61 time=642 ms
64 bytes from aaaa::212:740c:c:c0c: icmp_seq=27 ttl=61 time=419 ms
64 bytes from aaaa::212:740c:c:c0c: icmp_seq=28 ttl=61 time=226 ms
64 bytes from aaaa::212:740c:c:c0c: icmp_seq=29 ttl=61 time=190 ms
64 bytes from aaaa::212:740c:c:c0c: icmp_seq=30 ttl=61 time=388 ms
64 bytes from aaaa::212:740c:c:c0c: icmp_seq=31 ttl=61 time=969 ms
64 bytes from aaaa::212:740c:c:c0c: icmp_seq=32 ttl=61 time=957 ms
64 bytes from aaaa::212:740c:c:c0c: icmp_seq=33 ttl=61 time=319 ms
64 bytes from aaaa::212:740c:c:c0c: icmp_seq=34 ttl=61 time=219 ms
64 bytes from aaaa::212:740c:c:c0c: icmp_seq=35 ttl=61 time=769 ms
64 bytes from aaaa::212:740c:c:c0c: icmp_seq=37 ttl=61 time=696 ms
64 bytes from aaaa::212:740c:c:c0c: icmp_seq=38 ttl=60 time=1033 ms
64 bytes from aaaa::212:740c:c:c0c: icmp_seq=39 ttl=61 time=285 ms
64 bytes from aaaa::212:740c:c:c0c: icmp_seq=40 ttl=61 time=216 ms
64 bytes from aaaa::212:740c:c:c0c: icmp_seq=41 ttl=61 time=492 ms
64 bytes from aaaa::212:740c:c:c0c: icmp_seq=46 ttl=61 time=591 ms
64 bytes from aaaa::212:740c:c:c0c: icmp_seq=47 ttl=61 time=294 ms
64 bytes from aaaa::212:740c:c:c0c: icmp_seq=48 ttl=61 time=240 ms
64 bytes from aaaa::212:740c:c:c0c: icmp_seq=49 ttl=61 time=442 ms
64 bytes from aaaa::212:740c:c:c0c: icmp_seq=52 ttl=61 time=744 ms
64 bytes from aaaa::212:740c:c:c0c: icmp_seq=53 ttl=61 time=222 ms
64 bytes from aaaa::212:740c:c:c0c: icmp_seq=54 ttl=61 time=1521 ms
64 bytes from aaaa::212:740c:c:c0c: icmp_seq=56 ttl=61 time=619 ms
64 bytes from aaaa::212:740c:c:c0c: icmp_seq=57 ttl=60 time=1067 ms
64 bytes from aaaa::212:740c:c:c0c: icmp_seq=60 ttl=60 time=214 ms
64 bytes from aaaa::212:740c:c:c0c: icmp_seq=61 ttl=60 time=265 ms
64 bytes from aaaa::212:740c:c:c0c: icmp_seq=62 ttl=60 time=245 ms
64 bytes from aaaa::212:740c:c:c0c: icmp_seq=63 ttl=61 time=1269 ms
64 bytes from aaaa::212:740c:c:c0c: icmp_seq=64 ttl=61 time=503 ms
64 bytes from aaaa::212:740c:c:c0c: icmp_seq=65 ttl=61 time=1212 ms
64 bytes from aaaa::212:740c:c:c0c: icmp_seq=67 ttl=61 time=354 ms
64 bytes from aaaa::212:740c:c:c0c: icmp_seq=68 ttl=61 time=395 ms
64 bytes from aaaa::212:740c:c:c0c: icmp_seq=69 ttl=61 time=349 ms
64 bytes from aaaa::212:740c:c:c0c: icmp_seq=70 ttl=61 time=208 ms
64 bytes from aaaa::212:740c:c:c0c: icmp_seq=71 ttl=61 time=422 ms
64 bytes from aaaa::212:740c:c:c0c: icmp_seq=72 ttl=61 time=502 ms
64 bytes from aaaa::212:740c:c:c0c: icmp_seq=73 ttl=61 time=340 ms
64 bytes from aaaa::212:740c:c:c0c: icmp_seq=74 ttl=61 time=859 ms
64 bytes from aaaa::212:740c:c:c0c: icmp_seq=75 ttl=61 time=235 ms
64 bytes from aaaa::212:740c:c:c0c: icmp_seq=76 ttl=61 time=339 ms
64 bytes from aaaa::212:740c:c:c0c: icmp_seq=77 ttl=61 time=402 ms
64 bytes from aaaa::212:740c:c:c0c: icmp_seq=78 ttl=61 time=236 ms
64 bytes from aaaa::212:740c:c:c0c: icmp_seq=79 ttl=61 time=452 ms
64 bytes from aaaa::212:740c:c:c0c: icmp_seq=80 ttl=61 time=980 ms
64 bytes from aaaa::212:740c:c:c0c: icmp_seq=84 ttl=61 time=1009 ms
64 bytes from aaaa::212:740c:c:c0c: icmp_seq=85 ttl=59 time=1555 ms
64 bytes from aaaa::212:740c:c:c0c: icmp_seq=99 ttl=61 time=412 ms
64 bytes from aaaa::212:740c:c:c0c: icmp_seq=109 ttl=61 time=619 ms
64 bytes from aaaa::212:740c:c:c0c: icmp_seq=110 ttl=61 time=1163 ms
64 bytes from aaaa::212:740c:c:c0c: icmp_seq=114 ttl=61 time=1666 ms
64 bytes from aaaa::212:740c:c:c0c: icmp_seq=115 ttl=61 time=295 ms
64 bytes from aaaa::212:740c:c:c0c: icmp_seq=118 ttl=61 time=1248 ms
64 bytes from aaaa::212:740c:c:c0c: icmp_seq=120 ttl=61 time=215 ms
64 bytes from aaaa::212:740c:c:c0c: icmp_seq=121 ttl=61 time=448 ms
64 bytes from aaaa::212:740c:c:c0c: icmp_seq=122 ttl=61 time=1181 ms
64 bytes from aaaa::212:740c:c:c0c: icmp_seq=124 ttl=61 time=209 ms
64 bytes from aaaa::212:740c:c:c0c: icmp_seq=126 ttl=61 time=283 ms
64 bytes from aaaa::212:740c:c:c0c: icmp_seq=129 ttl=61 time=415 ms
64 bytes from aaaa::212:740c:c:c0c: icmp_seq=130 ttl=61 time=714 ms
64 bytes from aaaa::212:740c:c:c0c: icmp_seq=132 ttl=61 time=426 ms
64 bytes from aaaa::212:740c:c:c0c: icmp_seq=133 ttl=61 time=327 ms
64 bytes from aaaa::212:740c:c:c0c: icmp_seq=134 ttl=61 time=255 ms
64 bytes from aaaa::212:740c:c:c0c: icmp_seq=136 ttl=61 time=286 ms
64 bytes from aaaa::212:740c:c:c0c: icmp_seq=137 ttl=61 time=279 ms
64 bytes from aaaa::212:740c:c:c0c: icmp_seq=138 ttl=61 time=197 ms
64 bytes from aaaa::212:740c:c:c0c: icmp_seq=139 ttl=61 time=187 ms
64 bytes from aaaa::212:740c:c:c0c: icmp_seq=140 ttl=61 time=186 ms
64 bytes from aaaa::212:740c:c:c0c: icmp_seq=141 ttl=61 time=182 ms
64 bytes from aaaa::212:740c:c:c0c: icmp_seq=143 ttl=61 time=183 ms
64 bytes from aaaa::212:740c:c:c0c: icmp_seq=144 ttl=61 time=208 ms
64 bytes from aaaa::212:740c:c:c0c: icmp_seq=145 ttl=61 time=190 ms
64 bytes from aaaa::212:740c:c:c0c: icmp_seq=146 ttl=61 time=194 ms
64 bytes from aaaa::212:740c:c:c0c: icmp_seq=147 ttl=61 time=238 ms
64 bytes from aaaa::212:740c:c:c0c: icmp_seq=148 ttl=61 time=233 ms
64 bytes from aaaa::212:740c:c:c0c: icmp_seq=149 ttl=61 time=231 ms
64 bytes from aaaa::212:740c:c:c0c: icmp_seq=150 ttl=61 time=218 ms
64 bytes from aaaa::212:740c:c:c0c: icmp_seq=151 ttl=61 time=257 ms
64 bytes from aaaa::212:740c:c:c0c: icmp_seq=152 ttl=61 time=200 ms
64 bytes from aaaa::212:740c:c:c0c: icmp_seq=153 ttl=61 time=191 ms
64 bytes from aaaa::212:740c:c:c0c: icmp_seq=154 ttl=61 time=215 ms
64 bytes from aaaa::212:740c:c:c0c: icmp_seq=155 ttl=61 time=213 ms
64 bytes from aaaa::212:740c:c:c0c: icmp_seq=156 ttl=61 time=322 ms
64 bytes from aaaa::212:740c:c:c0c: icmp_seq=157 ttl=61 time=499 ms
64 bytes from aaaa::212:740c:c:c0c: icmp_seq=159 ttl=61 time=187 ms
64 bytes from aaaa::212:740c:c:c0c: icmp_seq=161 ttl=61 time=184 ms
64 bytes from aaaa::212:740c:c:c0c: icmp_seq=162 ttl=61 time=211 ms
64 bytes from aaaa::212:740c:c:c0c: icmp_seq=163 ttl=61 time=227 ms
64 bytes from aaaa::212:740c:c:c0c: icmp_seq=164 ttl=61 time=255 ms
64 bytes from aaaa::212:740c:c:c0c: icmp_seq=165 ttl=61 time=174 ms
64 bytes from aaaa::212:740c:c:c0c: icmp_seq=166 ttl=61 time=210 ms
64 bytes from aaaa::212:740c:c:c0c: icmp_seq=167 ttl=61 time=200 ms
64 bytes from aaaa::212:740c:c:c0c: icmp_seq=168 ttl=61 time=218 ms
64 bytes from aaaa::212:740c:c:c0c: icmp_seq=169 ttl=61 time=509 ms
64 bytes from aaaa::212:740c:c:c0c: icmp_seq=170 ttl=61 time=253 ms
64 bytes from aaaa::212:740c:c:c0c: icmp_seq=173 ttl=61 time=591 ms
64 bytes from aaaa::212:740c:c:c0c: icmp_seq=174 ttl=61 time=507 ms
64 bytes from aaaa::212:740c:c:c0c: icmp_seq=177 ttl=61 time=304 ms
64 bytes from aaaa::212:740c:c:c0c: icmp_seq=178 ttl=61 time=264 ms
64 bytes from aaaa::212:740c:c:c0c: icmp_seq=179 ttl=61 time=508 ms
64 bytes from aaaa::212:740c:c:c0c: icmp_seq=180 ttl=61 time=414 ms
64 bytes from aaaa::212:740c:c:c0c: icmp_seq=181 ttl=61 time=456 ms
64 bytes from aaaa::212:740c:c:c0c: icmp_seq=182 ttl=61 time=241 ms
64 bytes from aaaa::212:740c:c:c0c: icmp_seq=184 ttl=61 time=285 ms
64 bytes from aaaa::212:740c:c:c0c: icmp_seq=185 ttl=61 time=217 ms
64 bytes from aaaa::212:740c:c:c0c: icmp_seq=186 ttl=61 time=247 ms
64 bytes from aaaa::212:740c:c:c0c: icmp_seq=187 ttl=61 time=196 ms
64 bytes from aaaa::212:740c:c:c0c: icmp_seq=188 ttl=61 time=305 ms
64 bytes from aaaa::212:740c:c:c0c: icmp_seq=189 ttl=61 time=201 ms
64 bytes from aaaa::212:740c:c:c0c: icmp_seq=190 ttl=61 time=185 ms
64 bytes from aaaa::212:740c:c:c0c: icmp_seq=191 ttl=61 time=216 ms
64 bytes from aaaa::212:740c:c:c0c: icmp_seq=192 ttl=61 time=225 ms
64 bytes from aaaa::212:740c:c:c0c: icmp_seq=193 ttl=61 time=235 ms
64 bytes from aaaa::212:740c:c:c0c: icmp_seq=194 ttl=61 time=227 ms
64 bytes from aaaa::212:740c:c:c0c: icmp_seq=195 ttl=61 time=210 ms
64 bytes from aaaa::212:740c:c:c0c: icmp_seq=196 ttl=61 time=213 ms
64 bytes from aaaa::212:740c:c:c0c: icmp_seq=197 ttl=61 time=213 ms
64 bytes from aaaa::212:740c:c:c0c: icmp_seq=198 ttl=61 time=184 ms
64 bytes from aaaa::212:740c:c:c0c: icmp_seq=199 ttl=61 time=209 ms
64 bytes from aaaa::212:740c:c:c0c: icmp_seq=200 ttl=61 time=165 ms

--- aaaa::212:740c:c:c0c ping statistics ---
200 packets transmitted, 139 received, 30% packet loss, time 1003579ms
rtt min/avg/max/mdev = 165.805/481.376/2100.015/384.332 ms
