PING aaaa::212:7409:9:909(aaaa::212:7409:9:909) 56 data bytes
64 bytes from aaaa::212:7409:9:909: icmp_seq=1 ttl=61 time=719 ms
64 bytes from aaaa::212:7409:9:909: icmp_seq=2 ttl=61 time=524 ms
64 bytes from aaaa::212:7409:9:909: icmp_seq=3 ttl=61 time=602 ms
64 bytes from aaaa::212:7409:9:909: icmp_seq=18 ttl=61 time=1455 ms
64 bytes from aaaa::212:7409:9:909: icmp_seq=20 ttl=61 time=2283 ms
64 bytes from aaaa::212:7409:9:909: icmp_seq=23 ttl=61 time=402 ms
64 bytes from aaaa::212:7409:9:909: icmp_seq=24 ttl=61 time=624 ms
64 bytes from aaaa::212:7409:9:909: icmp_seq=27 ttl=61 time=431 ms
64 bytes from aaaa::212:7409:9:909: icmp_seq=32 ttl=61 time=719 ms
64 bytes from aaaa::212:7409:9:909: icmp_seq=35 ttl=61 time=501 ms
64 bytes from aaaa::212:7409:9:909: icmp_seq=36 ttl=61 time=355 ms
64 bytes from aaaa::212:7409:9:909: icmp_seq=37 ttl=61 time=956 ms
64 bytes from aaaa::212:7409:9:909: icmp_seq=39 ttl=61 time=426 ms
64 bytes from aaaa::212:7409:9:909: icmp_seq=43 ttl=61 time=635 ms
64 bytes from aaaa::212:7409:9:909: icmp_seq=46 ttl=61 time=1832 ms
64 bytes from aaaa::212:7409:9:909: icmp_seq=49 ttl=61 time=3945 ms
64 bytes from aaaa::212:7409:9:909: icmp_seq=53 ttl=61 time=1679 ms
64 bytes from aaaa::212:7409:9:909: icmp_seq=54 ttl=61 time=405 ms
64 bytes from aaaa::212:7409:9:909: icmp_seq=56 ttl=61 time=511 ms
64 bytes from aaaa::212:7409:9:909: icmp_seq=57 ttl=61 time=437 ms
64 bytes from aaaa::212:7409:9:909: icmp_seq=59 ttl=61 time=2398 ms
64 bytes from aaaa::212:7409:9:909: icmp_seq=61 ttl=61 time=2666 ms
64 bytes from aaaa::212:7409:9:909: icmp_seq=63 ttl=61 time=2468 ms
64 bytes from aaaa::212:7409:9:909: icmp_seq=64 ttl=61 time=852 ms
64 bytes from aaaa::212:7409:9:909: icmp_seq=66 ttl=61 time=2833 ms
64 bytes from aaaa::212:7409:9:909: icmp_seq=68 ttl=61 time=426 ms
64 bytes from aaaa::212:7409:9:909: icmp_seq=69 ttl=61 time=819 ms
64 bytes from aaaa::212:7409:9:909: icmp_seq=70 ttl=61 time=640 ms
64 bytes from aaaa::212:7409:9:909: icmp_seq=71 ttl=61 time=360 ms
64 bytes from aaaa::212:7409:9:909: icmp_seq=72 ttl=61 time=430 ms
64 bytes from aaaa::212:7409:9:909: icmp_seq=74 ttl=61 time=1569 ms
64 bytes from aaaa::212:7409:9:909: icmp_seq=75 ttl=61 time=431 ms
64 bytes from aaaa::212:7409:9:909: icmp_seq=76 ttl=61 time=1085 ms
64 bytes from aaaa::212:7409:9:909: icmp_seq=77 ttl=61 time=282 ms
64 bytes from aaaa::212:7409:9:909: icmp_seq=78 ttl=61 time=523 ms
64 bytes from aaaa::212:7409:9:909: icmp_seq=79 ttl=61 time=292 ms
64 bytes from aaaa::212:7409:9:909: icmp_seq=80 ttl=61 time=372 ms
64 bytes from aaaa::212:7409:9:909: icmp_seq=81 ttl=61 time=276 ms
64 bytes from aaaa::212:7409:9:909: icmp_seq=82 ttl=61 time=342 ms
64 bytes from aaaa::212:7409:9:909: icmp_seq=83 ttl=61 time=513 ms
64 bytes from aaaa::212:7409:9:909: icmp_seq=84 ttl=61 time=767 ms
64 bytes from aaaa::212:7409:9:909: icmp_seq=85 ttl=61 time=306 ms
64 bytes from aaaa::212:7409:9:909: icmp_seq=86 ttl=61 time=498 ms
64 bytes from aaaa::212:7409:9:909: icmp_seq=93 ttl=61 time=622 ms
64 bytes from aaaa::212:7409:9:909: icmp_seq=106 ttl=61 time=598 ms
64 bytes from aaaa::212:7409:9:909: icmp_seq=107 ttl=61 time=1178 ms
64 bytes from aaaa::212:7409:9:909: icmp_seq=108 ttl=61 time=884 ms
64 bytes from aaaa::212:7409:9:909: icmp_seq=109 ttl=61 time=1251 ms
64 bytes from aaaa::212:7409:9:909: icmp_seq=110 ttl=61 time=655 ms
64 bytes from aaaa::212:7409:9:909: icmp_seq=111 ttl=61 time=877 ms
64 bytes from aaaa::212:7409:9:909: icmp_seq=112 ttl=61 time=1062 ms
64 bytes from aaaa::212:7409:9:909: icmp_seq=113 ttl=61 time=1127 ms
64 bytes from aaaa::212:7409:9:909: icmp_seq=114 ttl=61 time=855 ms
64 bytes from aaaa::212:7409:9:909: icmp_seq=117 ttl=61 time=718 ms
64 bytes from aaaa::212:7409:9:909: icmp_seq=120 ttl=61 time=731 ms
64 bytes from aaaa::212:7409:9:909: icmp_seq=121 ttl=61 time=544 ms
64 bytes from aaaa::212:7409:9:909: icmp_seq=122 ttl=61 time=480 ms
64 bytes from aaaa::212:7409:9:909: icmp_seq=123 ttl=61 time=567 ms
64 bytes from aaaa::212:7409:9:909: icmp_seq=124 ttl=61 time=456 ms
64 bytes from aaaa::212:7409:9:909: icmp_seq=125 ttl=61 time=519 ms
64 bytes from aaaa::212:7409:9:909: icmp_seq=131 ttl=61 time=540 ms
64 bytes from aaaa::212:7409:9:909: icmp_seq=135 ttl=61 time=701 ms
64 bytes from aaaa::212:7409:9:909: icmp_seq=136 ttl=61 time=774 ms
64 bytes from aaaa::212:7409:9:909: icmp_seq=137 ttl=61 time=594 ms
64 bytes from aaaa::212:7409:9:909: icmp_seq=138 ttl=61 time=306 ms
64 bytes from aaaa::212:7409:9:909: icmp_seq=141 ttl=61 time=486 ms
64 bytes from aaaa::212:7409:9:909: icmp_seq=147 ttl=61 time=1380 ms
64 bytes from aaaa::212:7409:9:909: icmp_seq=148 ttl=61 time=364 ms
64 bytes from aaaa::212:7409:9:909: icmp_seq=149 ttl=61 time=331 ms
64 bytes from aaaa::212:7409:9:909: icmp_seq=150 ttl=61 time=351 ms
64 bytes from aaaa::212:7409:9:909: icmp_seq=152 ttl=61 time=303 ms
64 bytes from aaaa::212:7409:9:909: icmp_seq=153 ttl=61 time=907 ms
64 bytes from aaaa::212:7409:9:909: icmp_seq=154 ttl=61 time=448 ms
64 bytes from aaaa::212:7409:9:909: icmp_seq=155 ttl=61 time=363 ms
64 bytes from aaaa::212:7409:9:909: icmp_seq=156 ttl=61 time=283 ms
64 bytes from aaaa::212:7409:9:909: icmp_seq=157 ttl=61 time=317 ms
64 bytes from aaaa::212:7409:9:909: icmp_seq=158 ttl=61 time=323 ms
64 bytes from aaaa::212:7409:9:909: icmp_seq=159 ttl=61 time=340 ms
64 bytes from aaaa::212:7409:9:909: icmp_seq=160 ttl=61 time=346 ms
64 bytes from aaaa::212:7409:9:909: icmp_seq=161 ttl=61 time=289 ms
64 bytes from aaaa::212:7409:9:909: icmp_seq=163 ttl=61 time=387 ms
64 bytes from aaaa::212:7409:9:909: icmp_seq=165 ttl=61 time=283 ms
64 bytes from aaaa::212:7409:9:909: icmp_seq=169 ttl=61 time=687 ms
64 bytes from aaaa::212:7409:9:909: icmp_seq=170 ttl=61 time=702 ms
64 bytes from aaaa::212:7409:9:909: icmp_seq=171 ttl=61 time=719 ms
64 bytes from aaaa::212:7409:9:909: icmp_seq=172 ttl=61 time=790 ms
64 bytes from aaaa::212:7409:9:909: icmp_seq=173 ttl=61 time=648 ms
64 bytes from aaaa::212:7409:9:909: icmp_seq=174 ttl=61 time=1203 ms
64 bytes from aaaa::212:7409:9:909: icmp_seq=175 ttl=61 time=779 ms
64 bytes from aaaa::212:7409:9:909: icmp_seq=176 ttl=61 time=566 ms
64 bytes from aaaa::212:7409:9:909: icmp_seq=177 ttl=61 time=884 ms
64 bytes from aaaa::212:7409:9:909: icmp_seq=178 ttl=61 time=891 ms
64 bytes from aaaa::212:7409:9:909: icmp_seq=179 ttl=61 time=772 ms
64 bytes from aaaa::212:7409:9:909: icmp_seq=180 ttl=61 time=1032 ms
64 bytes from aaaa::212:7409:9:909: icmp_seq=181 ttl=61 time=1872 ms
64 bytes from aaaa::212:7409:9:909: icmp_seq=182 ttl=61 time=624 ms
64 bytes from aaaa::212:7409:9:909: icmp_seq=183 ttl=61 time=416 ms
64 bytes from aaaa::212:7409:9:909: icmp_seq=184 ttl=61 time=311 ms
64 bytes from aaaa::212:7409:9:909: icmp_seq=186 ttl=61 time=701 ms
64 bytes from aaaa::212:7409:9:909: icmp_seq=187 ttl=61 time=671 ms
64 bytes from aaaa::212:7409:9:909: icmp_seq=189 ttl=61 time=327 ms
64 bytes from aaaa::212:7409:9:909: icmp_seq=190 ttl=61 time=439 ms
64 bytes from aaaa::212:7409:9:909: icmp_seq=191 ttl=61 time=360 ms
64 bytes from aaaa::212:7409:9:909: icmp_seq=192 ttl=61 time=529 ms
64 bytes from aaaa::212:7409:9:909: icmp_seq=194 ttl=61 time=312 ms
64 bytes from aaaa::212:7409:9:909: icmp_seq=195 ttl=61 time=351 ms
64 bytes from aaaa::212:7409:9:909: icmp_seq=196 ttl=61 time=427 ms
64 bytes from aaaa::212:7409:9:909: icmp_seq=197 ttl=61 time=618 ms
64 bytes from aaaa::212:7409:9:909: icmp_seq=198 ttl=61 time=1350 ms
64 bytes from aaaa::212:7409:9:909: icmp_seq=200 ttl=61 time=359 ms

--- aaaa::212:7409:9:909 ping statistics ---
200 packets transmitted, 110 received, 45% packet loss, time 1007927ms
rtt min/avg/max/mdev = 276.073/759.336/3945.498/602.866 ms
