PING aaaa::212:7406:6:606(aaaa::212:7406:6:606) 56 data bytes
64 bytes from aaaa::212:7406:6:606: icmp_seq=1 ttl=61 time=586 ms
64 bytes from aaaa::212:7406:6:606: icmp_seq=2 ttl=61 time=453 ms
64 bytes from aaaa::212:7406:6:606: icmp_seq=3 ttl=61 time=236 ms
64 bytes from aaaa::212:7406:6:606: icmp_seq=4 ttl=61 time=408 ms
64 bytes from aaaa::212:7406:6:606: icmp_seq=5 ttl=61 time=874 ms
64 bytes from aaaa::212:7406:6:606: icmp_seq=6 ttl=61 time=670 ms
64 bytes from aaaa::212:7406:6:606: icmp_seq=7 ttl=61 time=712 ms
64 bytes from aaaa::212:7406:6:606: icmp_seq=8 ttl=61 time=1099 ms
64 bytes from aaaa::212:7406:6:606: icmp_seq=9 ttl=61 time=963 ms
64 bytes from aaaa::212:7406:6:606: icmp_seq=10 ttl=61 time=1470 ms
64 bytes from aaaa::212:7406:6:606: icmp_seq=11 ttl=61 time=608 ms
64 bytes from aaaa::212:7406:6:606: icmp_seq=12 ttl=61 time=1108 ms
64 bytes from aaaa::212:7406:6:606: icmp_seq=13 ttl=61 time=1590 ms
64 bytes from aaaa::212:7406:6:606: icmp_seq=14 ttl=61 time=1088 ms
64 bytes from aaaa::212:7406:6:606: icmp_seq=22 ttl=61 time=483 ms
64 bytes from aaaa::212:7406:6:606: icmp_seq=23 ttl=61 time=390 ms
64 bytes from aaaa::212:7406:6:606: icmp_seq=24 ttl=61 time=1577 ms
64 bytes from aaaa::212:7406:6:606: icmp_seq=25 ttl=61 time=830 ms
64 bytes from aaaa::212:7406:6:606: icmp_seq=26 ttl=61 time=592 ms
64 bytes from aaaa::212:7406:6:606: icmp_seq=31 ttl=61 time=2066 ms
64 bytes from aaaa::212:7406:6:606: icmp_seq=32 ttl=61 time=1495 ms
64 bytes from aaaa::212:7406:6:606: icmp_seq=38 ttl=61 time=951 ms
64 bytes from aaaa::212:7406:6:606: icmp_seq=39 ttl=61 time=320 ms
64 bytes from aaaa::212:7406:6:606: icmp_seq=40 ttl=61 time=1036 ms
64 bytes from aaaa::212:7406:6:606: icmp_seq=41 ttl=61 time=300 ms
64 bytes from aaaa::212:7406:6:606: icmp_seq=42 ttl=61 time=969 ms
64 bytes from aaaa::212:7406:6:606: icmp_seq=44 ttl=61 time=702 ms
64 bytes from aaaa::212:7406:6:606: icmp_seq=46 ttl=61 time=426 ms
64 bytes from aaaa::212:7406:6:606: icmp_seq=47 ttl=61 time=1601 ms
64 bytes from aaaa::212:7406:6:606: icmp_seq=51 ttl=60 time=1016 ms
64 bytes from aaaa::212:7406:6:606: icmp_seq=52 ttl=60 time=626 ms
64 bytes from aaaa::212:7406:6:606: icmp_seq=54 ttl=60 time=547 ms
64 bytes from aaaa::212:7406:6:606: icmp_seq=55 ttl=60 time=1422 ms
64 bytes from aaaa::212:7406:6:606: icmp_seq=58 ttl=61 time=480 ms
64 bytes from aaaa::212:7406:6:606: icmp_seq=59 ttl=61 time=1151 ms
64 bytes from aaaa::212:7406:6:606: icmp_seq=60 ttl=61 time=531 ms
64 bytes from aaaa::212:7406:6:606: icmp_seq=61 ttl=61 time=288 ms
64 bytes from aaaa::212:7406:6:606: icmp_seq=62 ttl=61 time=445 ms
64 bytes from aaaa::212:7406:6:606: icmp_seq=63 ttl=61 time=320 ms
64 bytes from aaaa::212:7406:6:606: icmp_seq=66 ttl=61 time=2790 ms
64 bytes from aaaa::212:7406:6:606: icmp_seq=68 ttl=61 time=1288 ms
64 bytes from aaaa::212:7406:6:606: icmp_seq=69 ttl=61 time=860 ms
64 bytes from aaaa::212:7406:6:606: icmp_seq=70 ttl=61 time=2343 ms
64 bytes from aaaa::212:7406:6:606: icmp_seq=71 ttl=61 time=295 ms
64 bytes from aaaa::212:7406:6:606: icmp_seq=72 ttl=61 time=492 ms
64 bytes from aaaa::212:7406:6:606: icmp_seq=75 ttl=61 time=1730 ms
64 bytes from aaaa::212:7406:6:606: icmp_seq=76 ttl=61 time=747 ms
64 bytes from aaaa::212:7406:6:606: icmp_seq=77 ttl=61 time=1162 ms
64 bytes from aaaa::212:7406:6:606: icmp_seq=78 ttl=61 time=1662 ms
64 bytes from aaaa::212:7406:6:606: icmp_seq=79 ttl=61 time=570 ms
64 bytes from aaaa::212:7406:6:606: icmp_seq=80 ttl=61 time=1086 ms
64 bytes from aaaa::212:7406:6:606: icmp_seq=92 ttl=61 time=587 ms
64 bytes from aaaa::212:7406:6:606: icmp_seq=94 ttl=61 time=1684 ms
64 bytes from aaaa::212:7406:6:606: icmp_seq=97 ttl=61 time=644 ms
64 bytes from aaaa::212:7406:6:606: icmp_seq=100 ttl=61 time=565 ms
64 bytes from aaaa::212:7406:6:606: icmp_seq=101 ttl=61 time=802 ms
64 bytes from aaaa::212:7406:6:606: icmp_seq=105 ttl=61 time=335 ms
64 bytes from aaaa::212:7406:6:606: icmp_seq=110 ttl=61 time=584 ms
64 bytes from aaaa::212:7406:6:606: icmp_seq=113 ttl=61 time=493 ms
64 bytes from aaaa::212:7406:6:606: icmp_seq=114 ttl=61 time=872 ms
64 bytes from aaaa::212:7406:6:606: icmp_seq=116 ttl=61 time=1225 ms
64 bytes from aaaa::212:7406:6:606: icmp_seq=117 ttl=61 time=830 ms
64 bytes from aaaa::212:7406:6:606: icmp_seq=118 ttl=61 time=444 ms
64 bytes from aaaa::212:7406:6:606: icmp_seq=119 ttl=61 time=467 ms
64 bytes from aaaa::212:7406:6:606: icmp_seq=121 ttl=61 time=636 ms
64 bytes from aaaa::212:7406:6:606: icmp_seq=122 ttl=61 time=999 ms
64 bytes from aaaa::212:7406:6:606: icmp_seq=123 ttl=61 time=1376 ms
64 bytes from aaaa::212:7406:6:606: icmp_seq=124 ttl=61 time=253 ms
64 bytes from aaaa::212:7406:6:606: icmp_seq=125 ttl=61 time=2226 ms
64 bytes from aaaa::212:7406:6:606: icmp_seq=126 ttl=61 time=1274 ms
64 bytes from aaaa::212:7406:6:606: icmp_seq=127 ttl=61 time=318 ms
64 bytes from aaaa::212:7406:6:606: icmp_seq=129 ttl=61 time=283 ms
64 bytes from aaaa::212:7406:6:606: icmp_seq=130 ttl=61 time=1490 ms
64 bytes from aaaa::212:7406:6:606: icmp_seq=131 ttl=60 time=984 ms
64 bytes from aaaa::212:7406:6:606: icmp_seq=134 ttl=61 time=637 ms
64 bytes from aaaa::212:7406:6:606: icmp_seq=136 ttl=61 time=561 ms
64 bytes from aaaa::212:7406:6:606: icmp_seq=137 ttl=61 time=1740 ms
64 bytes from aaaa::212:7406:6:606: icmp_seq=141 ttl=61 time=829 ms
64 bytes from aaaa::212:7406:6:606: icmp_seq=142 ttl=61 time=1161 ms
64 bytes from aaaa::212:7406:6:606: icmp_seq=147 ttl=60 time=1033 ms
64 bytes from aaaa::212:7406:6:606: icmp_seq=149 ttl=60 time=848 ms
64 bytes from aaaa::212:7406:6:606: icmp_seq=152 ttl=61 time=1522 ms
64 bytes from aaaa::212:7406:6:606: icmp_seq=154 ttl=61 time=1019 ms
64 bytes from aaaa::212:7406:6:606: icmp_seq=155 ttl=61 time=936 ms
64 bytes from aaaa::212:7406:6:606: icmp_seq=156 ttl=61 time=664 ms
64 bytes from aaaa::212:7406:6:606: icmp_seq=157 ttl=61 time=517 ms
64 bytes from aaaa::212:7406:6:606: icmp_seq=162 ttl=61 time=752 ms
64 bytes from aaaa::212:7406:6:606: icmp_seq=163 ttl=61 time=579 ms
64 bytes from aaaa::212:7406:6:606: icmp_seq=167 ttl=61 time=751 ms
64 bytes from aaaa::212:7406:6:606: icmp_seq=168 ttl=61 time=954 ms
64 bytes from aaaa::212:7406:6:606: icmp_seq=169 ttl=61 time=394 ms
64 bytes from aaaa::212:7406:6:606: icmp_seq=171 ttl=61 time=597 ms
64 bytes from aaaa::212:7406:6:606: icmp_seq=181 ttl=61 time=1022 ms
64 bytes from aaaa::212:7406:6:606: icmp_seq=182 ttl=61 time=1120 ms
64 bytes from aaaa::212:7406:6:606: icmp_seq=183 ttl=61 time=755 ms
64 bytes from aaaa::212:7406:6:606: icmp_seq=184 ttl=61 time=703 ms
64 bytes from aaaa::212:7406:6:606: icmp_seq=185 ttl=61 time=1652 ms

--- aaaa::212:7406:6:606 ping statistics ---
200 packets transmitted, 97 received, 51% packet loss, time 1009134ms
rtt min/avg/max/mdev = 236.054/903.300/2790.618/501.047 ms
