PING aaaa::212:7404:4:404(aaaa::212:7404:4:404) 56 data bytes
64 bytes from aaaa::212:7404:4:404: icmp_seq=2 ttl=62 time=157 ms
64 bytes from aaaa::212:7404:4:404: icmp_seq=8 ttl=62 time=379 ms
64 bytes from aaaa::212:7404:4:404: icmp_seq=9 ttl=62 time=572 ms
64 bytes from aaaa::212:7404:4:404: icmp_seq=10 ttl=62 time=290 ms
64 bytes from aaaa::212:7404:4:404: icmp_seq=11 ttl=62 time=140 ms
64 bytes from aaaa::212:7404:4:404: icmp_seq=12 ttl=62 time=164 ms
64 bytes from aaaa::212:7404:4:404: icmp_seq=13 ttl=62 time=221 ms
64 bytes from aaaa::212:7404:4:404: icmp_seq=14 ttl=62 time=109 ms
64 bytes from aaaa::212:7404:4:404: icmp_seq=15 ttl=62 time=106 ms
64 bytes from aaaa::212:7404:4:404: icmp_seq=17 ttl=62 time=261 ms
64 bytes from aaaa::212:7404:4:404: icmp_seq=18 ttl=62 time=241 ms
64 bytes from aaaa::212:7404:4:404: icmp_seq=19 ttl=62 time=89.5 ms
64 bytes from aaaa::212:7404:4:404: icmp_seq=24 ttl=62 time=412 ms
64 bytes from aaaa::212:7404:4:404: icmp_seq=25 ttl=62 time=346 ms
64 bytes from aaaa::212:7404:4:404: icmp_seq=26 ttl=62 time=144 ms
64 bytes from aaaa::212:7404:4:404: icmp_seq=27 ttl=62 time=226 ms
64 bytes from aaaa::212:7404:4:404: icmp_seq=28 ttl=62 time=177 ms
64 bytes from aaaa::212:7404:4:404: icmp_seq=29 ttl=62 time=96.8 ms
64 bytes from aaaa::212:7404:4:404: icmp_seq=30 ttl=62 time=199 ms
64 bytes from aaaa::212:7404:4:404: icmp_seq=31 ttl=62 time=154 ms
64 bytes from aaaa::212:7404:4:404: icmp_seq=32 ttl=62 time=100 ms
64 bytes from aaaa::212:7404:4:404: icmp_seq=35 ttl=62 time=326 ms
64 bytes from aaaa::212:7404:4:404: icmp_seq=39 ttl=62 time=111 ms
64 bytes from aaaa::212:7404:4:404: icmp_seq=53 ttl=62 time=135 ms
64 bytes from aaaa::212:7404:4:404: icmp_seq=55 ttl=62 time=504 ms
64 bytes from aaaa::212:7404:4:404: icmp_seq=66 ttl=62 time=503 ms
64 bytes from aaaa::212:7404:4:404: icmp_seq=67 ttl=62 time=106 ms
64 bytes from aaaa::212:7404:4:404: icmp_seq=68 ttl=62 time=101 ms
64 bytes from aaaa::212:7404:4:404: icmp_seq=69 ttl=62 time=97.3 ms
64 bytes from aaaa::212:7404:4:404: icmp_seq=70 ttl=62 time=171 ms
64 bytes from aaaa::212:7404:4:404: icmp_seq=72 ttl=62 time=148 ms
64 bytes from aaaa::212:7404:4:404: icmp_seq=73 ttl=62 time=140 ms
64 bytes from aaaa::212:7404:4:404: icmp_seq=74 ttl=62 time=126 ms
64 bytes from aaaa::212:7404:4:404: icmp_seq=75 ttl=62 time=122 ms
64 bytes from aaaa::212:7404:4:404: icmp_seq=76 ttl=62 time=132 ms
64 bytes from aaaa::212:7404:4:404: icmp_seq=77 ttl=62 time=355 ms
64 bytes from aaaa::212:7404:4:404: icmp_seq=78 ttl=62 time=144 ms
64 bytes from aaaa::212:7404:4:404: icmp_seq=79 ttl=62 time=86.7 ms
64 bytes from aaaa::212:7404:4:404: icmp_seq=80 ttl=62 time=93.9 ms
64 bytes from aaaa::212:7404:4:404: icmp_seq=81 ttl=62 time=79.4 ms
64 bytes from aaaa::212:7404:4:404: icmp_seq=82 ttl=62 time=125 ms
64 bytes from aaaa::212:7404:4:404: icmp_seq=83 ttl=62 time=205 ms
64 bytes from aaaa::212:7404:4:404: icmp_seq=84 ttl=62 time=135 ms
64 bytes from aaaa::212:7404:4:404: icmp_seq=85 ttl=62 time=159 ms
64 bytes from aaaa::212:7404:4:404: icmp_seq=86 ttl=62 time=220 ms
64 bytes from aaaa::212:7404:4:404: icmp_seq=87 ttl=62 time=314 ms
64 bytes from aaaa::212:7404:4:404: icmp_seq=88 ttl=62 time=124 ms
64 bytes from aaaa::212:7404:4:404: icmp_seq=89 ttl=62 time=144 ms
64 bytes from aaaa::212:7404:4:404: icmp_seq=90 ttl=62 time=153 ms
64 bytes from aaaa::212:7404:4:404: icmp_seq=91 ttl=62 time=150 ms
64 bytes from aaaa::212:7404:4:404: icmp_seq=92 ttl=62 time=141 ms
64 bytes from aaaa::212:7404:4:404: icmp_seq=93 ttl=62 time=99.3 ms
64 bytes from aaaa::212:7404:4:404: icmp_seq=94 ttl=62 time=131 ms
64 bytes from aaaa::212:7404:4:404: icmp_seq=95 ttl=62 time=125 ms
64 bytes from aaaa::212:7404:4:404: icmp_seq=96 ttl=62 time=143 ms
64 bytes from aaaa::212:7404:4:404: icmp_seq=97 ttl=62 time=145 ms
64 bytes from aaaa::212:7404:4:404: icmp_seq=98 ttl=62 time=118 ms
64 bytes from aaaa::212:7404:4:404: icmp_seq=99 ttl=62 time=142 ms
64 bytes from aaaa::212:7404:4:404: icmp_seq=100 ttl=62 time=94.1 ms
64 bytes from aaaa::212:7404:4:404: icmp_seq=101 ttl=62 time=505 ms
64 bytes from aaaa::212:7404:4:404: icmp_seq=102 ttl=62 time=150 ms
64 bytes from aaaa::212:7404:4:404: icmp_seq=103 ttl=62 time=127 ms
64 bytes from aaaa::212:7404:4:404: icmp_seq=104 ttl=62 time=125 ms
64 bytes from aaaa::212:7404:4:404: icmp_seq=105 ttl=62 time=120 ms
64 bytes from aaaa::212:7404:4:404: icmp_seq=106 ttl=62 time=115 ms
64 bytes from aaaa::212:7404:4:404: icmp_seq=107 ttl=62 time=131 ms
64 bytes from aaaa::212:7404:4:404: icmp_seq=108 ttl=62 time=122 ms
64 bytes from aaaa::212:7404:4:404: icmp_seq=109 ttl=62 time=115 ms
64 bytes from aaaa::212:7404:4:404: icmp_seq=110 ttl=62 time=99.7 ms
64 bytes from aaaa::212:7404:4:404: icmp_seq=111 ttl=62 time=120 ms
64 bytes from aaaa::212:7404:4:404: icmp_seq=112 ttl=62 time=95.5 ms
64 bytes from aaaa::212:7404:4:404: icmp_seq=113 ttl=62 time=125 ms
64 bytes from aaaa::212:7404:4:404: icmp_seq=114 ttl=62 time=152 ms
64 bytes from aaaa::212:7404:4:404: icmp_seq=115 ttl=62 time=119 ms
64 bytes from aaaa::212:7404:4:404: icmp_seq=116 ttl=62 time=137 ms
64 bytes from aaaa::212:7404:4:404: icmp_seq=117 ttl=62 time=112 ms
64 bytes from aaaa::212:7404:4:404: icmp_seq=118 ttl=62 time=120 ms
64 bytes from aaaa::212:7404:4:404: icmp_seq=119 ttl=62 time=132 ms
64 bytes from aaaa::212:7404:4:404: icmp_seq=120 ttl=62 time=127 ms
64 bytes from aaaa::212:7404:4:404: icmp_seq=121 ttl=62 time=137 ms
64 bytes from aaaa::212:7404:4:404: icmp_seq=122 ttl=62 time=140 ms
64 bytes from aaaa::212:7404:4:404: icmp_seq=123 ttl=62 time=97.4 ms
64 bytes from aaaa::212:7404:4:404: icmp_seq=124 ttl=62 time=101 ms
64 bytes from aaaa::212:7404:4:404: icmp_seq=125 ttl=62 time=80.8 ms
64 bytes from aaaa::212:7404:4:404: icmp_seq=126 ttl=62 time=101 ms
64 bytes from aaaa::212:7404:4:404: icmp_seq=127 ttl=62 time=132 ms
64 bytes from aaaa::212:7404:4:404: icmp_seq=128 ttl=62 time=107 ms
64 bytes from aaaa::212:7404:4:404: icmp_seq=129 ttl=62 time=132 ms
64 bytes from aaaa::212:7404:4:404: icmp_seq=130 ttl=62 time=207 ms
64 bytes from aaaa::212:7404:4:404: icmp_seq=131 ttl=62 time=142 ms
64 bytes from aaaa::212:7404:4:404: icmp_seq=132 ttl=62 time=282 ms
64 bytes from aaaa::212:7404:4:404: icmp_seq=133 ttl=62 time=82.2 ms
64 bytes from aaaa::212:7404:4:404: icmp_seq=134 ttl=62 time=88.0 ms
64 bytes from aaaa::212:7404:4:404: icmp_seq=135 ttl=62 time=334 ms
64 bytes from aaaa::212:7404:4:404: icmp_seq=136 ttl=62 time=95.2 ms
64 bytes from aaaa::212:7404:4:404: icmp_seq=137 ttl=62 time=106 ms
64 bytes from aaaa::212:7404:4:404: icmp_seq=138 ttl=62 time=93.1 ms
64 bytes from aaaa::212:7404:4:404: icmp_seq=139 ttl=62 time=125 ms
64 bytes from aaaa::212:7404:4:404: icmp_seq=140 ttl=62 time=68.7 ms
64 bytes from aaaa::212:7404:4:404: icmp_seq=141 ttl=62 time=86.1 ms
64 bytes from aaaa::212:7404:4:404: icmp_seq=142 ttl=62 time=91.9 ms
64 bytes from aaaa::212:7404:4:404: icmp_seq=143 ttl=62 time=86.1 ms
64 bytes from aaaa::212:7404:4:404: icmp_seq=144 ttl=62 time=130 ms
64 bytes from aaaa::212:7404:4:404: icmp_seq=145 ttl=62 time=145 ms
64 bytes from aaaa::212:7404:4:404: icmp_seq=146 ttl=62 time=115 ms
64 bytes from aaaa::212:7404:4:404: icmp_seq=147 ttl=62 time=94.1 ms
64 bytes from aaaa::212:7404:4:404: icmp_seq=148 ttl=62 time=92.6 ms
64 bytes from aaaa::212:7404:4:404: icmp_seq=149 ttl=62 time=103 ms
64 bytes from aaaa::212:7404:4:404: icmp_seq=150 ttl=62 time=122 ms
64 bytes from aaaa::212:7404:4:404: icmp_seq=151 ttl=62 time=85.6 ms
64 bytes from aaaa::212:7404:4:404: icmp_seq=152 ttl=62 time=164 ms
64 bytes from aaaa::212:7404:4:404: icmp_seq=153 ttl=62 time=140 ms
64 bytes from aaaa::212:7404:4:404: icmp_seq=154 ttl=62 time=96.2 ms
64 bytes from aaaa::212:7404:4:404: icmp_seq=155 ttl=62 time=129 ms
64 bytes from aaaa::212:7404:4:404: icmp_seq=156 ttl=62 time=132 ms
64 bytes from aaaa::212:7404:4:404: icmp_seq=157 ttl=62 time=110 ms
64 bytes from aaaa::212:7404:4:404: icmp_seq=158 ttl=62 time=140 ms
64 bytes from aaaa::212:7404:4:404: icmp_seq=159 ttl=62 time=151 ms
64 bytes from aaaa::212:7404:4:404: icmp_seq=160 ttl=62 time=122 ms
64 bytes from aaaa::212:7404:4:404: icmp_seq=161 ttl=62 time=124 ms
64 bytes from aaaa::212:7404:4:404: icmp_seq=162 ttl=62 time=128 ms
64 bytes from aaaa::212:7404:4:404: icmp_seq=163 ttl=62 time=116 ms
64 bytes from aaaa::212:7404:4:404: icmp_seq=164 ttl=62 time=88.6 ms
64 bytes from aaaa::212:7404:4:404: icmp_seq=165 ttl=62 time=129 ms
64 bytes from aaaa::212:7404:4:404: icmp_seq=166 ttl=62 time=76.1 ms
64 bytes from aaaa::212:7404:4:404: icmp_seq=167 ttl=62 time=131 ms
64 bytes from aaaa::212:7404:4:404: icmp_seq=168 ttl=62 time=144 ms
64 bytes from aaaa::212:7404:4:404: icmp_seq=169 ttl=62 time=112 ms
64 bytes from aaaa::212:7404:4:404: icmp_seq=170 ttl=62 time=118 ms
64 bytes from aaaa::212:7404:4:404: icmp_seq=171 ttl=62 time=115 ms
64 bytes from aaaa::212:7404:4:404: icmp_seq=172 ttl=62 time=95.7 ms
64 bytes from aaaa::212:7404:4:404: icmp_seq=173 ttl=62 time=111 ms
64 bytes from aaaa::212:7404:4:404: icmp_seq=174 ttl=62 time=430 ms
64 bytes from aaaa::212:7404:4:404: icmp_seq=175 ttl=62 time=374 ms
64 bytes from aaaa::212:7404:4:404: icmp_seq=176 ttl=62 time=212 ms
64 bytes from aaaa::212:7404:4:404: icmp_seq=177 ttl=62 time=103 ms
64 bytes from aaaa::212:7404:4:404: icmp_seq=179 ttl=62 time=86.8 ms
64 bytes from aaaa::212:7404:4:404: icmp_seq=180 ttl=62 time=92.2 ms
64 bytes from aaaa::212:7404:4:404: icmp_seq=181 ttl=62 time=123 ms
64 bytes from aaaa::212:7404:4:404: icmp_seq=182 ttl=62 time=91.5 ms
64 bytes from aaaa::212:7404:4:404: icmp_seq=183 ttl=62 time=96.4 ms
64 bytes from aaaa::212:7404:4:404: icmp_seq=184 ttl=62 time=88.1 ms
64 bytes from aaaa::212:7404:4:404: icmp_seq=185 ttl=62 time=79.8 ms
64 bytes from aaaa::212:7404:4:404: icmp_seq=186 ttl=62 time=103 ms
64 bytes from aaaa::212:7404:4:404: icmp_seq=187 ttl=62 time=93.4 ms
64 bytes from aaaa::212:7404:4:404: icmp_seq=188 ttl=62 time=98.5 ms
64 bytes from aaaa::212:7404:4:404: icmp_seq=189 ttl=62 time=88.6 ms
64 bytes from aaaa::212:7404:4:404: icmp_seq=190 ttl=62 time=96.2 ms
64 bytes from aaaa::212:7404:4:404: icmp_seq=191 ttl=62 time=82.5 ms
64 bytes from aaaa::212:7404:4:404: icmp_seq=192 ttl=62 time=80.0 ms
64 bytes from aaaa::212:7404:4:404: icmp_seq=193 ttl=62 time=90.2 ms
64 bytes from aaaa::212:7404:4:404: icmp_seq=194 ttl=62 time=84.9 ms
64 bytes from aaaa::212:7404:4:404: icmp_seq=195 ttl=62 time=84.3 ms
64 bytes from aaaa::212:7404:4:404: icmp_seq=196 ttl=62 time=91.7 ms
64 bytes from aaaa::212:7404:4:404: icmp_seq=197 ttl=62 time=82.0 ms
64 bytes from aaaa::212:7404:4:404: icmp_seq=198 ttl=62 time=92.8 ms
64 bytes from aaaa::212:7404:4:404: icmp_seq=199 ttl=62 time=78.1 ms
64 bytes from aaaa::212:7404:4:404: icmp_seq=200 ttl=62 time=74.6 ms

--- aaaa::212:7404:4:404 ping statistics ---
200 packets transmitted, 158 received, 21% packet loss, time 1001063ms
rtt min/avg/max/mdev = 68.743/148.128/572.747/90.842 ms
