PING aaaa::212:7409:9:909(aaaa::212:7409:9:909) 56 data bytes
64 bytes from aaaa::212:7409:9:909: icmp_seq=1 ttl=61 time=176 ms
64 bytes from aaaa::212:7409:9:909: icmp_seq=2 ttl=61 time=1510 ms
64 bytes from aaaa::212:7409:9:909: icmp_seq=3 ttl=61 time=592 ms
64 bytes from aaaa::212:7409:9:909: icmp_seq=4 ttl=61 time=298 ms
64 bytes from aaaa::212:7409:9:909: icmp_seq=5 ttl=61 time=321 ms
64 bytes from aaaa::212:7409:9:909: icmp_seq=6 ttl=61 time=326 ms
64 bytes from aaaa::212:7409:9:909: icmp_seq=8 ttl=61 time=899 ms
64 bytes from aaaa::212:7409:9:909: icmp_seq=12 ttl=61 time=878 ms
64 bytes from aaaa::212:7409:9:909: icmp_seq=15 ttl=61 time=209 ms
64 bytes from aaaa::212:7409:9:909: icmp_seq=16 ttl=61 time=204 ms
64 bytes from aaaa::212:7409:9:909: icmp_seq=17 ttl=61 time=310 ms
64 bytes from aaaa::212:7409:9:909: icmp_seq=18 ttl=61 time=414 ms
64 bytes from aaaa::212:7409:9:909: icmp_seq=20 ttl=61 time=195 ms
64 bytes from aaaa::212:7409:9:909: icmp_seq=21 ttl=61 time=167 ms
64 bytes from aaaa::212:7409:9:909: icmp_seq=22 ttl=61 time=191 ms
64 bytes from aaaa::212:7409:9:909: icmp_seq=23 ttl=61 time=162 ms
64 bytes from aaaa::212:7409:9:909: icmp_seq=24 ttl=61 time=408 ms
64 bytes from aaaa::212:7409:9:909: icmp_seq=25 ttl=61 time=188 ms
64 bytes from aaaa::212:7409:9:909: icmp_seq=26 ttl=61 time=203 ms
64 bytes from aaaa::212:7409:9:909: icmp_seq=27 ttl=61 time=302 ms
64 bytes from aaaa::212:7409:9:909: icmp_seq=28 ttl=61 time=170 ms
64 bytes from aaaa::212:7409:9:909: icmp_seq=29 ttl=61 time=199 ms
64 bytes from aaaa::212:7409:9:909: icmp_seq=30 ttl=61 time=227 ms
64 bytes from aaaa::212:7409:9:909: icmp_seq=31 ttl=61 time=216 ms
64 bytes from aaaa::212:7409:9:909: icmp_seq=32 ttl=61 time=245 ms
64 bytes from aaaa::212:7409:9:909: icmp_seq=33 ttl=61 time=205 ms
64 bytes from aaaa::212:7409:9:909: icmp_seq=34 ttl=61 time=172 ms
64 bytes from aaaa::212:7409:9:909: icmp_seq=35 ttl=61 time=208 ms
64 bytes from aaaa::212:7409:9:909: icmp_seq=36 ttl=61 time=210 ms
64 bytes from aaaa::212:7409:9:909: icmp_seq=37 ttl=61 time=185 ms
64 bytes from aaaa::212:7409:9:909: icmp_seq=38 ttl=61 time=240 ms
64 bytes from aaaa::212:7409:9:909: icmp_seq=39 ttl=61 time=199 ms
64 bytes from aaaa::212:7409:9:909: icmp_seq=40 ttl=61 time=216 ms
64 bytes from aaaa::212:7409:9:909: icmp_seq=41 ttl=61 time=187 ms
64 bytes from aaaa::212:7409:9:909: icmp_seq=42 ttl=61 time=268 ms
64 bytes from aaaa::212:7409:9:909: icmp_seq=43 ttl=61 time=254 ms
64 bytes from aaaa::212:7409:9:909: icmp_seq=44 ttl=61 time=252 ms
64 bytes from aaaa::212:7409:9:909: icmp_seq=45 ttl=61 time=284 ms
64 bytes from aaaa::212:7409:9:909: icmp_seq=46 ttl=61 time=193 ms
64 bytes from aaaa::212:7409:9:909: icmp_seq=47 ttl=61 time=225 ms
64 bytes from aaaa::212:7409:9:909: icmp_seq=48 ttl=61 time=172 ms
64 bytes from aaaa::212:7409:9:909: icmp_seq=49 ttl=61 time=206 ms
64 bytes from aaaa::212:7409:9:909: icmp_seq=50 ttl=61 time=221 ms
64 bytes from aaaa::212:7409:9:909: icmp_seq=51 ttl=61 time=232 ms
64 bytes from aaaa::212:7409:9:909: icmp_seq=52 ttl=61 time=244 ms
64 bytes from aaaa::212:7409:9:909: icmp_seq=53 ttl=61 time=224 ms
64 bytes from aaaa::212:7409:9:909: icmp_seq=54 ttl=61 time=286 ms
64 bytes from aaaa::212:7409:9:909: icmp_seq=55 ttl=61 time=285 ms
64 bytes from aaaa::212:7409:9:909: icmp_seq=56 ttl=61 time=177 ms
64 bytes from aaaa::212:7409:9:909: icmp_seq=57 ttl=61 time=208 ms
64 bytes from aaaa::212:7409:9:909: icmp_seq=58 ttl=61 time=299 ms
64 bytes from aaaa::212:7409:9:909: icmp_seq=59 ttl=61 time=256 ms
64 bytes from aaaa::212:7409:9:909: icmp_seq=60 ttl=61 time=199 ms
64 bytes from aaaa::212:7409:9:909: icmp_seq=61 ttl=61 time=212 ms
64 bytes from aaaa::212:7409:9:909: icmp_seq=62 ttl=61 time=222 ms
64 bytes from aaaa::212:7409:9:909: icmp_seq=63 ttl=61 time=491 ms
64 bytes from aaaa::212:7409:9:909: icmp_seq=64 ttl=61 time=190 ms
64 bytes from aaaa::212:7409:9:909: icmp_seq=65 ttl=61 time=261 ms
64 bytes from aaaa::212:7409:9:909: icmp_seq=66 ttl=61 time=188 ms
64 bytes from aaaa::212:7409:9:909: icmp_seq=67 ttl=61 time=216 ms
64 bytes from aaaa::212:7409:9:909: icmp_seq=68 ttl=61 time=387 ms
64 bytes from aaaa::212:7409:9:909: icmp_seq=69 ttl=61 time=234 ms
64 bytes from aaaa::212:7409:9:909: icmp_seq=70 ttl=61 time=243 ms
64 bytes from aaaa::212:7409:9:909: icmp_seq=71 ttl=61 time=355 ms
64 bytes from aaaa::212:7409:9:909: icmp_seq=72 ttl=61 time=304 ms
64 bytes from aaaa::212:7409:9:909: icmp_seq=73 ttl=61 time=230 ms
64 bytes from aaaa::212:7409:9:909: icmp_seq=74 ttl=61 time=374 ms
64 bytes from aaaa::212:7409:9:909: icmp_seq=75 ttl=61 time=249 ms
64 bytes from aaaa::212:7409:9:909: icmp_seq=76 ttl=61 time=189 ms
64 bytes from aaaa::212:7409:9:909: icmp_seq=77 ttl=61 time=232 ms
64 bytes from aaaa::212:7409:9:909: icmp_seq=78 ttl=61 time=211 ms
64 bytes from aaaa::212:7409:9:909: icmp_seq=79 ttl=61 time=226 ms
64 bytes from aaaa::212:7409:9:909: icmp_seq=80 ttl=61 time=253 ms
64 bytes from aaaa::212:7409:9:909: icmp_seq=81 ttl=61 time=217 ms
64 bytes from aaaa::212:7409:9:909: icmp_seq=82 ttl=61 time=182 ms
64 bytes from aaaa::212:7409:9:909: icmp_seq=83 ttl=61 time=252 ms
64 bytes from aaaa::212:7409:9:909: icmp_seq=84 ttl=61 time=242 ms
64 bytes from aaaa::212:7409:9:909: icmp_seq=85 ttl=61 time=206 ms
64 bytes from aaaa::212:7409:9:909: icmp_seq=86 ttl=61 time=259 ms
64 bytes from aaaa::212:7409:9:909: icmp_seq=87 ttl=61 time=191 ms
64 bytes from aaaa::212:7409:9:909: icmp_seq=88 ttl=61 time=200 ms
64 bytes from aaaa::212:7409:9:909: icmp_seq=89 ttl=61 time=225 ms
64 bytes from aaaa::212:7409:9:909: icmp_seq=90 ttl=61 time=216 ms
64 bytes from aaaa::212:7409:9:909: icmp_seq=91 ttl=61 time=235 ms
64 bytes from aaaa::212:7409:9:909: icmp_seq=92 ttl=61 time=212 ms
64 bytes from aaaa::212:7409:9:909: icmp_seq=93 ttl=61 time=283 ms
64 bytes from aaaa::212:7409:9:909: icmp_seq=94 ttl=61 time=185 ms
64 bytes from aaaa::212:7409:9:909: icmp_seq=95 ttl=61 time=222 ms
64 bytes from aaaa::212:7409:9:909: icmp_seq=96 ttl=61 time=251 ms
64 bytes from aaaa::212:7409:9:909: icmp_seq=97 ttl=61 time=195 ms
64 bytes from aaaa::212:7409:9:909: icmp_seq=98 ttl=61 time=217 ms
64 bytes from aaaa::212:7409:9:909: icmp_seq=99 ttl=61 time=261 ms
64 bytes from aaaa::212:7409:9:909: icmp_seq=100 ttl=61 time=223 ms
64 bytes from aaaa::212:7409:9:909: icmp_seq=101 ttl=61 time=258 ms
64 bytes from aaaa::212:7409:9:909: icmp_seq=102 ttl=61 time=180 ms
64 bytes from aaaa::212:7409:9:909: icmp_seq=103 ttl=61 time=240 ms
64 bytes from aaaa::212:7409:9:909: icmp_seq=104 ttl=61 time=220 ms
64 bytes from aaaa::212:7409:9:909: icmp_seq=105 ttl=61 time=230 ms
64 bytes from aaaa::212:7409:9:909: icmp_seq=106 ttl=61 time=202 ms
64 bytes from aaaa::212:7409:9:909: icmp_seq=107 ttl=61 time=175 ms
64 bytes from aaaa::212:7409:9:909: icmp_seq=108 ttl=61 time=257 ms
64 bytes from aaaa::212:7409:9:909: icmp_seq=109 ttl=61 time=234 ms
64 bytes from aaaa::212:7409:9:909: icmp_seq=110 ttl=61 time=242 ms
64 bytes from aaaa::212:7409:9:909: icmp_seq=111 ttl=61 time=213 ms
64 bytes from aaaa::212:7409:9:909: icmp_seq=112 ttl=61 time=293 ms
64 bytes from aaaa::212:7409:9:909: icmp_seq=113 ttl=61 time=229 ms
64 bytes from aaaa::212:7409:9:909: icmp_seq=114 ttl=61 time=228 ms
64 bytes from aaaa::212:7409:9:909: icmp_seq=115 ttl=61 time=211 ms
64 bytes from aaaa::212:7409:9:909: icmp_seq=116 ttl=61 time=225 ms
64 bytes from aaaa::212:7409:9:909: icmp_seq=117 ttl=61 time=234 ms
64 bytes from aaaa::212:7409:9:909: icmp_seq=118 ttl=61 time=217 ms
64 bytes from aaaa::212:7409:9:909: icmp_seq=119 ttl=61 time=358 ms
64 bytes from aaaa::212:7409:9:909: icmp_seq=120 ttl=61 time=221 ms
64 bytes from aaaa::212:7409:9:909: icmp_seq=121 ttl=61 time=244 ms
64 bytes from aaaa::212:7409:9:909: icmp_seq=122 ttl=61 time=207 ms
64 bytes from aaaa::212:7409:9:909: icmp_seq=123 ttl=61 time=202 ms
64 bytes from aaaa::212:7409:9:909: icmp_seq=124 ttl=61 time=197 ms
64 bytes from aaaa::212:7409:9:909: icmp_seq=125 ttl=61 time=179 ms
64 bytes from aaaa::212:7409:9:909: icmp_seq=126 ttl=61 time=211 ms
64 bytes from aaaa::212:7409:9:909: icmp_seq=127 ttl=61 time=263 ms
64 bytes from aaaa::212:7409:9:909: icmp_seq=128 ttl=61 time=188 ms
64 bytes from aaaa::212:7409:9:909: icmp_seq=129 ttl=61 time=265 ms
64 bytes from aaaa::212:7409:9:909: icmp_seq=130 ttl=61 time=187 ms
64 bytes from aaaa::212:7409:9:909: icmp_seq=131 ttl=61 time=206 ms
64 bytes from aaaa::212:7409:9:909: icmp_seq=132 ttl=61 time=666 ms
64 bytes from aaaa::212:7409:9:909: icmp_seq=133 ttl=61 time=253 ms
64 bytes from aaaa::212:7409:9:909: icmp_seq=134 ttl=61 time=238 ms
64 bytes from aaaa::212:7409:9:909: icmp_seq=135 ttl=61 time=527 ms
64 bytes from aaaa::212:7409:9:909: icmp_seq=136 ttl=61 time=198 ms
64 bytes from aaaa::212:7409:9:909: icmp_seq=137 ttl=61 time=790 ms
64 bytes from aaaa::212:7409:9:909: icmp_seq=138 ttl=61 time=272 ms
64 bytes from aaaa::212:7409:9:909: icmp_seq=139 ttl=61 time=219 ms
64 bytes from aaaa::212:7409:9:909: icmp_seq=140 ttl=61 time=206 ms
64 bytes from aaaa::212:7409:9:909: icmp_seq=141 ttl=61 time=342 ms
64 bytes from aaaa::212:7409:9:909: icmp_seq=142 ttl=61 time=270 ms
64 bytes from aaaa::212:7409:9:909: icmp_seq=143 ttl=61 time=226 ms
64 bytes from aaaa::212:7409:9:909: icmp_seq=144 ttl=61 time=230 ms
64 bytes from aaaa::212:7409:9:909: icmp_seq=145 ttl=61 time=304 ms
64 bytes from aaaa::212:7409:9:909: icmp_seq=146 ttl=61 time=238 ms
64 bytes from aaaa::212:7409:9:909: icmp_seq=147 ttl=61 time=261 ms
64 bytes from aaaa::212:7409:9:909: icmp_seq=148 ttl=61 time=191 ms
64 bytes from aaaa::212:7409:9:909: icmp_seq=149 ttl=61 time=299 ms
64 bytes from aaaa::212:7409:9:909: icmp_seq=150 ttl=61 time=238 ms
64 bytes from aaaa::212:7409:9:909: icmp_seq=151 ttl=61 time=281 ms
64 bytes from aaaa::212:7409:9:909: icmp_seq=152 ttl=61 time=187 ms
64 bytes from aaaa::212:7409:9:909: icmp_seq=153 ttl=61 time=240 ms
64 bytes from aaaa::212:7409:9:909: icmp_seq=154 ttl=61 time=335 ms
64 bytes from aaaa::212:7409:9:909: icmp_seq=155 ttl=61 time=246 ms
64 bytes from aaaa::212:7409:9:909: icmp_seq=156 ttl=61 time=265 ms
64 bytes from aaaa::212:7409:9:909: icmp_seq=157 ttl=61 time=596 ms
64 bytes from aaaa::212:7409:9:909: icmp_seq=158 ttl=61 time=232 ms
64 bytes from aaaa::212:7409:9:909: icmp_seq=159 ttl=61 time=178 ms
64 bytes from aaaa::212:7409:9:909: icmp_seq=160 ttl=61 time=176 ms
64 bytes from aaaa::212:7409:9:909: icmp_seq=162 ttl=61 time=263 ms
64 bytes from aaaa::212:7409:9:909: icmp_seq=163 ttl=61 time=211 ms
64 bytes from aaaa::212:7409:9:909: icmp_seq=164 ttl=61 time=640 ms
64 bytes from aaaa::212:7409:9:909: icmp_seq=165 ttl=61 time=298 ms
64 bytes from aaaa::212:7409:9:909: icmp_seq=167 ttl=61 time=196 ms
64 bytes from aaaa::212:7409:9:909: icmp_seq=168 ttl=61 time=262 ms
64 bytes from aaaa::212:7409:9:909: icmp_seq=169 ttl=61 time=290 ms
64 bytes from aaaa::212:7409:9:909: icmp_seq=170 ttl=61 time=225 ms
64 bytes from aaaa::212:7409:9:909: icmp_seq=171 ttl=61 time=370 ms
64 bytes from aaaa::212:7409:9:909: icmp_seq=172 ttl=61 time=378 ms
64 bytes from aaaa::212:7409:9:909: icmp_seq=173 ttl=61 time=422 ms
64 bytes from aaaa::212:7409:9:909: icmp_seq=174 ttl=61 time=343 ms
64 bytes from aaaa::212:7409:9:909: icmp_seq=175 ttl=61 time=280 ms
64 bytes from aaaa::212:7409:9:909: icmp_seq=176 ttl=61 time=569 ms
64 bytes from aaaa::212:7409:9:909: icmp_seq=178 ttl=61 time=404 ms
64 bytes from aaaa::212:7409:9:909: icmp_seq=179 ttl=61 time=665 ms
64 bytes from aaaa::212:7409:9:909: icmp_seq=181 ttl=61 time=287 ms
64 bytes from aaaa::212:7409:9:909: icmp_seq=182 ttl=61 time=303 ms
64 bytes from aaaa::212:7409:9:909: icmp_seq=183 ttl=61 time=570 ms
64 bytes from aaaa::212:7409:9:909: icmp_seq=184 ttl=61 time=232 ms
64 bytes from aaaa::212:7409:9:909: icmp_seq=185 ttl=61 time=297 ms
64 bytes from aaaa::212:7409:9:909: icmp_seq=186 ttl=61 time=231 ms
64 bytes from aaaa::212:7409:9:909: icmp_seq=187 ttl=61 time=589 ms
64 bytes from aaaa::212:7409:9:909: icmp_seq=188 ttl=61 time=439 ms
64 bytes from aaaa::212:7409:9:909: icmp_seq=189 ttl=61 time=477 ms
64 bytes from aaaa::212:7409:9:909: icmp_seq=190 ttl=61 time=501 ms
64 bytes from aaaa::212:7409:9:909: icmp_seq=191 ttl=61 time=298 ms
64 bytes from aaaa::212:7409:9:909: icmp_seq=192 ttl=61 time=253 ms
64 bytes from aaaa::212:7409:9:909: icmp_seq=193 ttl=61 time=544 ms
64 bytes from aaaa::212:7409:9:909: icmp_seq=195 ttl=61 time=376 ms
64 bytes from aaaa::212:7409:9:909: icmp_seq=196 ttl=61 time=462 ms
64 bytes from aaaa::212:7409:9:909: icmp_seq=197 ttl=61 time=367 ms
64 bytes from aaaa::212:7409:9:909: icmp_seq=198 ttl=61 time=318 ms
64 bytes from aaaa::212:7409:9:909: icmp_seq=199 ttl=61 time=377 ms
64 bytes from aaaa::212:7409:9:909: icmp_seq=200 ttl=61 time=280 ms

--- aaaa::212:7409:9:909 ping statistics ---
200 packets transmitted, 188 received, 6% packet loss, time 997106ms
rtt min/avg/max/mdev = 162.730/286.619/1510.597/153.937 ms
