PING aaaa::212:740a:a:a0a(aaaa::212:740a:a:a0a) 56 data bytes
64 bytes from aaaa::212:740a:a:a0a: icmp_seq=8 ttl=60 time=743 ms
64 bytes from aaaa::212:740a:a:a0a: icmp_seq=21 ttl=60 time=469 ms
64 bytes from aaaa::212:740a:a:a0a: icmp_seq=22 ttl=60 time=462 ms
64 bytes from aaaa::212:740a:a:a0a: icmp_seq=23 ttl=60 time=636 ms
64 bytes from aaaa::212:740a:a:a0a: icmp_seq=25 ttl=60 time=381 ms
64 bytes from aaaa::212:740a:a:a0a: icmp_seq=34 ttl=60 time=491 ms
64 bytes from aaaa::212:740a:a:a0a: icmp_seq=39 ttl=60 time=410 ms
64 bytes from aaaa::212:740a:a:a0a: icmp_seq=41 ttl=60 time=308 ms
64 bytes from aaaa::212:740a:a:a0a: icmp_seq=42 ttl=60 time=364 ms
64 bytes from aaaa::212:740a:a:a0a: icmp_seq=43 ttl=60 time=333 ms
64 bytes from aaaa::212:740a:a:a0a: icmp_seq=44 ttl=60 time=291 ms
64 bytes from aaaa::212:740a:a:a0a: icmp_seq=45 ttl=60 time=266 ms
64 bytes from aaaa::212:740a:a:a0a: icmp_seq=46 ttl=60 time=278 ms
64 bytes from aaaa::212:740a:a:a0a: icmp_seq=47 ttl=60 time=210 ms
64 bytes from aaaa::212:740a:a:a0a: icmp_seq=48 ttl=60 time=251 ms
64 bytes from aaaa::212:740a:a:a0a: icmp_seq=49 ttl=60 time=260 ms
64 bytes from aaaa::212:740a:a:a0a: icmp_seq=50 ttl=60 time=256 ms
64 bytes from aaaa::212:740a:a:a0a: icmp_seq=51 ttl=60 time=343 ms
64 bytes from aaaa::212:740a:a:a0a: icmp_seq=52 ttl=60 time=407 ms
64 bytes from aaaa::212:740a:a:a0a: icmp_seq=53 ttl=60 time=300 ms
64 bytes from aaaa::212:740a:a:a0a: icmp_seq=54 ttl=60 time=348 ms
64 bytes from aaaa::212:740a:a:a0a: icmp_seq=55 ttl=60 time=216 ms
64 bytes from aaaa::212:740a:a:a0a: icmp_seq=56 ttl=60 time=276 ms
64 bytes from aaaa::212:740a:a:a0a: icmp_seq=57 ttl=60 time=285 ms
64 bytes from aaaa::212:740a:a:a0a: icmp_seq=58 ttl=60 time=434 ms
64 bytes from aaaa::212:740a:a:a0a: icmp_seq=59 ttl=60 time=268 ms
64 bytes from aaaa::212:740a:a:a0a: icmp_seq=60 ttl=60 time=227 ms
64 bytes from aaaa::212:740a:a:a0a: icmp_seq=61 ttl=60 time=504 ms
64 bytes from aaaa::212:740a:a:a0a: icmp_seq=62 ttl=60 time=363 ms
64 bytes from aaaa::212:740a:a:a0a: icmp_seq=63 ttl=60 time=246 ms
64 bytes from aaaa::212:740a:a:a0a: icmp_seq=64 ttl=60 time=229 ms
64 bytes from aaaa::212:740a:a:a0a: icmp_seq=65 ttl=60 time=231 ms
64 bytes from aaaa::212:740a:a:a0a: icmp_seq=66 ttl=60 time=238 ms
64 bytes from aaaa::212:740a:a:a0a: icmp_seq=67 ttl=60 time=293 ms
64 bytes from aaaa::212:740a:a:a0a: icmp_seq=68 ttl=60 time=297 ms
64 bytes from aaaa::212:740a:a:a0a: icmp_seq=69 ttl=60 time=334 ms
64 bytes from aaaa::212:740a:a:a0a: icmp_seq=70 ttl=60 time=349 ms
64 bytes from aaaa::212:740a:a:a0a: icmp_seq=71 ttl=60 time=204 ms
64 bytes from aaaa::212:740a:a:a0a: icmp_seq=72 ttl=60 time=294 ms
64 bytes from aaaa::212:740a:a:a0a: icmp_seq=73 ttl=60 time=320 ms
64 bytes from aaaa::212:740a:a:a0a: icmp_seq=74 ttl=60 time=253 ms
64 bytes from aaaa::212:740a:a:a0a: icmp_seq=75 ttl=60 time=222 ms
64 bytes from aaaa::212:740a:a:a0a: icmp_seq=76 ttl=60 time=225 ms
64 bytes from aaaa::212:740a:a:a0a: icmp_seq=77 ttl=60 time=222 ms
64 bytes from aaaa::212:740a:a:a0a: icmp_seq=78 ttl=60 time=264 ms
64 bytes from aaaa::212:740a:a:a0a: icmp_seq=79 ttl=60 time=281 ms
64 bytes from aaaa::212:740a:a:a0a: icmp_seq=80 ttl=60 time=361 ms
64 bytes from aaaa::212:740a:a:a0a: icmp_seq=81 ttl=60 time=256 ms
64 bytes from aaaa::212:740a:a:a0a: icmp_seq=82 ttl=60 time=304 ms
64 bytes from aaaa::212:740a:a:a0a: icmp_seq=83 ttl=60 time=257 ms
64 bytes from aaaa::212:740a:a:a0a: icmp_seq=84 ttl=60 time=261 ms
64 bytes from aaaa::212:740a:a:a0a: icmp_seq=85 ttl=60 time=257 ms
64 bytes from aaaa::212:740a:a:a0a: icmp_seq=86 ttl=60 time=254 ms
64 bytes from aaaa::212:740a:a:a0a: icmp_seq=87 ttl=60 time=309 ms
64 bytes from aaaa::212:740a:a:a0a: icmp_seq=88 ttl=60 time=230 ms
64 bytes from aaaa::212:740a:a:a0a: icmp_seq=89 ttl=60 time=389 ms
64 bytes from aaaa::212:740a:a:a0a: icmp_seq=90 ttl=60 time=292 ms
64 bytes from aaaa::212:740a:a:a0a: icmp_seq=91 ttl=60 time=349 ms
64 bytes from aaaa::212:740a:a:a0a: icmp_seq=92 ttl=60 time=215 ms
64 bytes from aaaa::212:740a:a:a0a: icmp_seq=93 ttl=60 time=290 ms
64 bytes from aaaa::212:740a:a:a0a: icmp_seq=94 ttl=60 time=306 ms
64 bytes from aaaa::212:740a:a:a0a: icmp_seq=95 ttl=60 time=280 ms
64 bytes from aaaa::212:740a:a:a0a: icmp_seq=96 ttl=60 time=299 ms
64 bytes from aaaa::212:740a:a:a0a: icmp_seq=97 ttl=60 time=352 ms
64 bytes from aaaa::212:740a:a:a0a: icmp_seq=98 ttl=60 time=323 ms
64 bytes from aaaa::212:740a:a:a0a: icmp_seq=99 ttl=60 time=409 ms
64 bytes from aaaa::212:740a:a:a0a: icmp_seq=100 ttl=60 time=447 ms
64 bytes from aaaa::212:740a:a:a0a: icmp_seq=101 ttl=60 time=286 ms
64 bytes from aaaa::212:740a:a:a0a: icmp_seq=102 ttl=60 time=305 ms
64 bytes from aaaa::212:740a:a:a0a: icmp_seq=103 ttl=60 time=307 ms
64 bytes from aaaa::212:740a:a:a0a: icmp_seq=104 ttl=60 time=237 ms
64 bytes from aaaa::212:740a:a:a0a: icmp_seq=105 ttl=60 time=224 ms
64 bytes from aaaa::212:740a:a:a0a: icmp_seq=106 ttl=60 time=290 ms
64 bytes from aaaa::212:740a:a:a0a: icmp_seq=107 ttl=60 time=342 ms
64 bytes from aaaa::212:740a:a:a0a: icmp_seq=108 ttl=60 time=327 ms
64 bytes from aaaa::212:740a:a:a0a: icmp_seq=109 ttl=60 time=258 ms
64 bytes from aaaa::212:740a:a:a0a: icmp_seq=110 ttl=60 time=289 ms
64 bytes from aaaa::212:740a:a:a0a: icmp_seq=111 ttl=60 time=271 ms
64 bytes from aaaa::212:740a:a:a0a: icmp_seq=112 ttl=60 time=287 ms
64 bytes from aaaa::212:740a:a:a0a: icmp_seq=113 ttl=60 time=245 ms
64 bytes from aaaa::212:740a:a:a0a: icmp_seq=114 ttl=60 time=262 ms
64 bytes from aaaa::212:740a:a:a0a: icmp_seq=115 ttl=60 time=278 ms
64 bytes from aaaa::212:740a:a:a0a: icmp_seq=117 ttl=60 time=280 ms
64 bytes from aaaa::212:740a:a:a0a: icmp_seq=118 ttl=60 time=333 ms
64 bytes from aaaa::212:740a:a:a0a: icmp_seq=119 ttl=60 time=273 ms
64 bytes from aaaa::212:740a:a:a0a: icmp_seq=120 ttl=60 time=225 ms
64 bytes from aaaa::212:740a:a:a0a: icmp_seq=121 ttl=60 time=243 ms
64 bytes from aaaa::212:740a:a:a0a: icmp_seq=122 ttl=60 time=238 ms
64 bytes from aaaa::212:740a:a:a0a: icmp_seq=123 ttl=60 time=223 ms
64 bytes from aaaa::212:740a:a:a0a: icmp_seq=124 ttl=60 time=265 ms
64 bytes from aaaa::212:740a:a:a0a: icmp_seq=125 ttl=60 time=317 ms
64 bytes from aaaa::212:740a:a:a0a: icmp_seq=126 ttl=60 time=290 ms
64 bytes from aaaa::212:740a:a:a0a: icmp_seq=127 ttl=60 time=253 ms
64 bytes from aaaa::212:740a:a:a0a: icmp_seq=128 ttl=60 time=391 ms
64 bytes from aaaa::212:740a:a:a0a: icmp_seq=129 ttl=60 time=247 ms
64 bytes from aaaa::212:740a:a:a0a: icmp_seq=130 ttl=60 time=218 ms
64 bytes from aaaa::212:740a:a:a0a: icmp_seq=131 ttl=60 time=324 ms
64 bytes from aaaa::212:740a:a:a0a: icmp_seq=132 ttl=60 time=301 ms
64 bytes from aaaa::212:740a:a:a0a: icmp_seq=133 ttl=60 time=266 ms
64 bytes from aaaa::212:740a:a:a0a: icmp_seq=134 ttl=60 time=332 ms
64 bytes from aaaa::212:740a:a:a0a: icmp_seq=135 ttl=60 time=297 ms
64 bytes from aaaa::212:740a:a:a0a: icmp_seq=136 ttl=60 time=382 ms
64 bytes from aaaa::212:740a:a:a0a: icmp_seq=137 ttl=60 time=246 ms
64 bytes from aaaa::212:740a:a:a0a: icmp_seq=138 ttl=60 time=263 ms
64 bytes from aaaa::212:740a:a:a0a: icmp_seq=139 ttl=60 time=222 ms
64 bytes from aaaa::212:740a:a:a0a: icmp_seq=140 ttl=60 time=342 ms
64 bytes from aaaa::212:740a:a:a0a: icmp_seq=141 ttl=60 time=245 ms
64 bytes from aaaa::212:740a:a:a0a: icmp_seq=142 ttl=60 time=232 ms
64 bytes from aaaa::212:740a:a:a0a: icmp_seq=143 ttl=60 time=317 ms
64 bytes from aaaa::212:740a:a:a0a: icmp_seq=144 ttl=60 time=273 ms
64 bytes from aaaa::212:740a:a:a0a: icmp_seq=145 ttl=60 time=290 ms
64 bytes from aaaa::212:740a:a:a0a: icmp_seq=146 ttl=60 time=444 ms
64 bytes from aaaa::212:740a:a:a0a: icmp_seq=147 ttl=60 time=354 ms
64 bytes from aaaa::212:740a:a:a0a: icmp_seq=148 ttl=60 time=338 ms
64 bytes from aaaa::212:740a:a:a0a: icmp_seq=149 ttl=60 time=624 ms
64 bytes from aaaa::212:740a:a:a0a: icmp_seq=150 ttl=60 time=415 ms
64 bytes from aaaa::212:740a:a:a0a: icmp_seq=151 ttl=60 time=427 ms
64 bytes from aaaa::212:740a:a:a0a: icmp_seq=152 ttl=60 time=340 ms
64 bytes from aaaa::212:740a:a:a0a: icmp_seq=153 ttl=60 time=478 ms
64 bytes from aaaa::212:740a:a:a0a: icmp_seq=154 ttl=60 time=568 ms
64 bytes from aaaa::212:740a:a:a0a: icmp_seq=155 ttl=60 time=308 ms
64 bytes from aaaa::212:740a:a:a0a: icmp_seq=159 ttl=60 time=304 ms
64 bytes from aaaa::212:740a:a:a0a: icmp_seq=160 ttl=60 time=718 ms
64 bytes from aaaa::212:740a:a:a0a: icmp_seq=161 ttl=60 time=343 ms
64 bytes from aaaa::212:740a:a:a0a: icmp_seq=162 ttl=60 time=211 ms
64 bytes from aaaa::212:740a:a:a0a: icmp_seq=163 ttl=60 time=236 ms
64 bytes from aaaa::212:740a:a:a0a: icmp_seq=164 ttl=60 time=263 ms
64 bytes from aaaa::212:740a:a:a0a: icmp_seq=166 ttl=60 time=203 ms
64 bytes from aaaa::212:740a:a:a0a: icmp_seq=167 ttl=60 time=457 ms
64 bytes from aaaa::212:740a:a:a0a: icmp_seq=168 ttl=60 time=384 ms
64 bytes from aaaa::212:740a:a:a0a: icmp_seq=169 ttl=60 time=197 ms
64 bytes from aaaa::212:740a:a:a0a: icmp_seq=170 ttl=60 time=196 ms
64 bytes from aaaa::212:740a:a:a0a: icmp_seq=171 ttl=60 time=221 ms
64 bytes from aaaa::212:740a:a:a0a: icmp_seq=172 ttl=60 time=293 ms
64 bytes from aaaa::212:740a:a:a0a: icmp_seq=173 ttl=60 time=201 ms
64 bytes from aaaa::212:740a:a:a0a: icmp_seq=174 ttl=60 time=237 ms
64 bytes from aaaa::212:740a:a:a0a: icmp_seq=175 ttl=60 time=342 ms
64 bytes from aaaa::212:740a:a:a0a: icmp_seq=176 ttl=60 time=343 ms
64 bytes from aaaa::212:740a:a:a0a: icmp_seq=177 ttl=60 time=220 ms
64 bytes from aaaa::212:740a:a:a0a: icmp_seq=178 ttl=60 time=454 ms
64 bytes from aaaa::212:740a:a:a0a: icmp_seq=179 ttl=60 time=464 ms
64 bytes from aaaa::212:740a:a:a0a: icmp_seq=180 ttl=60 time=388 ms
64 bytes from aaaa::212:740a:a:a0a: icmp_seq=181 ttl=60 time=511 ms
64 bytes from aaaa::212:740a:a:a0a: icmp_seq=182 ttl=60 time=736 ms
64 bytes from aaaa::212:740a:a:a0a: icmp_seq=183 ttl=60 time=1069 ms
64 bytes from aaaa::212:740a:a:a0a: icmp_seq=184 ttl=60 time=480 ms
64 bytes from aaaa::212:740a:a:a0a: icmp_seq=185 ttl=60 time=225 ms
64 bytes from aaaa::212:740a:a:a0a: icmp_seq=186 ttl=60 time=230 ms
64 bytes from aaaa::212:740a:a:a0a: icmp_seq=187 ttl=60 time=315 ms
64 bytes from aaaa::212:740a:a:a0a: icmp_seq=188 ttl=60 time=320 ms
64 bytes from aaaa::212:740a:a:a0a: icmp_seq=189 ttl=60 time=332 ms
64 bytes from aaaa::212:740a:a:a0a: icmp_seq=190 ttl=60 time=222 ms
64 bytes from aaaa::212:740a:a:a0a: icmp_seq=191 ttl=60 time=242 ms
64 bytes from aaaa::212:740a:a:a0a: icmp_seq=192 ttl=60 time=296 ms
64 bytes from aaaa::212:740a:a:a0a: icmp_seq=193 ttl=60 time=389 ms
64 bytes from aaaa::212:740a:a:a0a: icmp_seq=194 ttl=60 time=330 ms
64 bytes from aaaa::212:740a:a:a0a: icmp_seq=195 ttl=60 time=204 ms
64 bytes from aaaa::212:740a:a:a0a: icmp_seq=196 ttl=60 time=367 ms
64 bytes from aaaa::212:740a:a:a0a: icmp_seq=197 ttl=60 time=274 ms
64 bytes from aaaa::212:740a:a:a0a: icmp_seq=198 ttl=60 time=254 ms
64 bytes from aaaa::212:740a:a:a0a: icmp_seq=199 ttl=60 time=202 ms
64 bytes from aaaa::212:740a:a:a0a: icmp_seq=200 ttl=60 time=198 ms

--- aaaa::212:740a:a:a0a ping statistics ---
200 packets transmitted, 162 received, 19% packet loss, time 1000421ms
rtt min/avg/max/mdev = 196.031/320.383/1069.116/116.999 ms
