PING aaaa::212:7405:5:505(aaaa::212:7405:5:505) 56 data bytes
64 bytes from aaaa::212:7405:5:505: icmp_seq=1 ttl=61 time=139 ms
64 bytes from aaaa::212:7405:5:505: icmp_seq=2 ttl=61 time=374 ms
64 bytes from aaaa::212:7405:5:505: icmp_seq=9 ttl=61 time=751 ms
64 bytes from aaaa::212:7405:5:505: icmp_seq=22 ttl=61 time=460 ms
64 bytes from aaaa::212:7405:5:505: icmp_seq=23 ttl=61 time=453 ms
64 bytes from aaaa::212:7405:5:505: icmp_seq=24 ttl=61 time=321 ms
64 bytes from aaaa::212:7405:5:505: icmp_seq=26 ttl=61 time=254 ms
64 bytes from aaaa::212:7405:5:505: icmp_seq=35 ttl=61 time=481 ms
64 bytes from aaaa::212:7405:5:505: icmp_seq=38 ttl=61 time=451 ms
64 bytes from aaaa::212:7405:5:505: icmp_seq=39 ttl=61 time=360 ms
64 bytes from aaaa::212:7405:5:505: icmp_seq=40 ttl=61 time=544 ms
64 bytes from aaaa::212:7405:5:505: icmp_seq=41 ttl=61 time=385 ms
64 bytes from aaaa::212:7405:5:505: icmp_seq=42 ttl=61 time=428 ms
64 bytes from aaaa::212:7405:5:505: icmp_seq=43 ttl=61 time=404 ms
64 bytes from aaaa::212:7405:5:505: icmp_seq=44 ttl=61 time=301 ms
64 bytes from aaaa::212:7405:5:505: icmp_seq=45 ttl=61 time=502 ms
64 bytes from aaaa::212:7405:5:505: icmp_seq=46 ttl=61 time=383 ms
64 bytes from aaaa::212:7405:5:505: icmp_seq=47 ttl=61 time=249 ms
64 bytes from aaaa::212:7405:5:505: icmp_seq=48 ttl=61 time=407 ms
64 bytes from aaaa::212:7405:5:505: icmp_seq=49 ttl=61 time=415 ms
64 bytes from aaaa::212:7405:5:505: icmp_seq=50 ttl=61 time=406 ms
64 bytes from aaaa::212:7405:5:505: icmp_seq=51 ttl=61 time=335 ms
64 bytes from aaaa::212:7405:5:505: icmp_seq=52 ttl=61 time=327 ms
64 bytes from aaaa::212:7405:5:505: icmp_seq=53 ttl=61 time=264 ms
64 bytes from aaaa::212:7405:5:505: icmp_seq=54 ttl=61 time=370 ms
64 bytes from aaaa::212:7405:5:505: icmp_seq=55 ttl=61 time=434 ms
64 bytes from aaaa::212:7405:5:505: icmp_seq=56 ttl=61 time=289 ms
64 bytes from aaaa::212:7405:5:505: icmp_seq=57 ttl=61 time=413 ms
64 bytes from aaaa::212:7405:5:505: icmp_seq=58 ttl=61 time=394 ms
64 bytes from aaaa::212:7405:5:505: icmp_seq=59 ttl=61 time=532 ms
64 bytes from aaaa::212:7405:5:505: icmp_seq=60 ttl=61 time=337 ms
64 bytes from aaaa::212:7405:5:505: icmp_seq=61 ttl=61 time=345 ms
64 bytes from aaaa::212:7405:5:505: icmp_seq=62 ttl=61 time=445 ms
64 bytes from aaaa::212:7405:5:505: icmp_seq=64 ttl=61 time=171 ms
64 bytes from aaaa::212:7405:5:505: icmp_seq=65 ttl=61 time=181 ms
64 bytes from aaaa::212:7405:5:505: icmp_seq=66 ttl=61 time=151 ms
64 bytes from aaaa::212:7405:5:505: icmp_seq=67 ttl=61 time=175 ms
64 bytes from aaaa::212:7405:5:505: icmp_seq=68 ttl=61 time=181 ms
64 bytes from aaaa::212:7405:5:505: icmp_seq=69 ttl=61 time=190 ms
64 bytes from aaaa::212:7405:5:505: icmp_seq=70 ttl=61 time=200 ms
64 bytes from aaaa::212:7405:5:505: icmp_seq=71 ttl=61 time=219 ms
64 bytes from aaaa::212:7405:5:505: icmp_seq=72 ttl=61 time=141 ms
64 bytes from aaaa::212:7405:5:505: icmp_seq=73 ttl=61 time=197 ms
64 bytes from aaaa::212:7405:5:505: icmp_seq=74 ttl=61 time=256 ms
64 bytes from aaaa::212:7405:5:505: icmp_seq=75 ttl=61 time=199 ms
64 bytes from aaaa::212:7405:5:505: icmp_seq=76 ttl=61 time=152 ms
64 bytes from aaaa::212:7405:5:505: icmp_seq=77 ttl=61 time=163 ms
64 bytes from aaaa::212:7405:5:505: icmp_seq=78 ttl=61 time=152 ms
64 bytes from aaaa::212:7405:5:505: icmp_seq=79 ttl=61 time=169 ms
64 bytes from aaaa::212:7405:5:505: icmp_seq=80 ttl=61 time=181 ms
64 bytes from aaaa::212:7405:5:505: icmp_seq=81 ttl=61 time=293 ms
64 bytes from aaaa::212:7405:5:505: icmp_seq=82 ttl=61 time=151 ms
64 bytes from aaaa::212:7405:5:505: icmp_seq=83 ttl=61 time=212 ms
64 bytes from aaaa::212:7405:5:505: icmp_seq=84 ttl=61 time=216 ms
64 bytes from aaaa::212:7405:5:505: icmp_seq=85 ttl=61 time=147 ms
64 bytes from aaaa::212:7405:5:505: icmp_seq=86 ttl=61 time=208 ms
64 bytes from aaaa::212:7405:5:505: icmp_seq=87 ttl=61 time=160 ms
64 bytes from aaaa::212:7405:5:505: icmp_seq=88 ttl=61 time=238 ms
64 bytes from aaaa::212:7405:5:505: icmp_seq=89 ttl=61 time=138 ms
64 bytes from aaaa::212:7405:5:505: icmp_seq=90 ttl=61 time=240 ms
64 bytes from aaaa::212:7405:5:505: icmp_seq=91 ttl=61 time=207 ms
64 bytes from aaaa::212:7405:5:505: icmp_seq=92 ttl=61 time=253 ms
64 bytes from aaaa::212:7405:5:505: icmp_seq=93 ttl=61 time=177 ms
64 bytes from aaaa::212:7405:5:505: icmp_seq=94 ttl=61 time=167 ms
64 bytes from aaaa::212:7405:5:505: icmp_seq=95 ttl=61 time=210 ms
64 bytes from aaaa::212:7405:5:505: icmp_seq=96 ttl=61 time=203 ms
64 bytes from aaaa::212:7405:5:505: icmp_seq=97 ttl=61 time=178 ms
64 bytes from aaaa::212:7405:5:505: icmp_seq=98 ttl=61 time=242 ms
64 bytes from aaaa::212:7405:5:505: icmp_seq=99 ttl=61 time=225 ms
64 bytes from aaaa::212:7405:5:505: icmp_seq=100 ttl=61 time=188 ms
64 bytes from aaaa::212:7405:5:505: icmp_seq=101 ttl=61 time=619 ms
64 bytes from aaaa::212:7405:5:505: icmp_seq=102 ttl=61 time=214 ms
64 bytes from aaaa::212:7405:5:505: icmp_seq=103 ttl=61 time=206 ms
64 bytes from aaaa::212:7405:5:505: icmp_seq=104 ttl=61 time=555 ms
64 bytes from aaaa::212:7405:5:505: icmp_seq=105 ttl=61 time=163 ms
64 bytes from aaaa::212:7405:5:505: icmp_seq=106 ttl=61 time=196 ms
64 bytes from aaaa::212:7405:5:505: icmp_seq=107 ttl=61 time=208 ms
64 bytes from aaaa::212:7405:5:505: icmp_seq=108 ttl=61 time=244 ms
64 bytes from aaaa::212:7405:5:505: icmp_seq=109 ttl=61 time=154 ms
64 bytes from aaaa::212:7405:5:505: icmp_seq=110 ttl=61 time=207 ms
64 bytes from aaaa::212:7405:5:505: icmp_seq=111 ttl=61 time=207 ms
64 bytes from aaaa::212:7405:5:505: icmp_seq=112 ttl=61 time=165 ms
64 bytes from aaaa::212:7405:5:505: icmp_seq=113 ttl=61 time=306 ms
64 bytes from aaaa::212:7405:5:505: icmp_seq=114 ttl=61 time=155 ms
64 bytes from aaaa::212:7405:5:505: icmp_seq=115 ttl=61 time=174 ms
64 bytes from aaaa::212:7405:5:505: icmp_seq=116 ttl=61 time=184 ms
64 bytes from aaaa::212:7405:5:505: icmp_seq=117 ttl=61 time=371 ms
64 bytes from aaaa::212:7405:5:505: icmp_seq=118 ttl=61 time=209 ms
64 bytes from aaaa::212:7405:5:505: icmp_seq=119 ttl=61 time=235 ms
64 bytes from aaaa::212:7405:5:505: icmp_seq=120 ttl=61 time=272 ms
64 bytes from aaaa::212:7405:5:505: icmp_seq=121 ttl=61 time=179 ms
64 bytes from aaaa::212:7405:5:505: icmp_seq=122 ttl=61 time=168 ms
64 bytes from aaaa::212:7405:5:505: icmp_seq=123 ttl=61 time=143 ms
64 bytes from aaaa::212:7405:5:505: icmp_seq=124 ttl=61 time=148 ms
64 bytes from aaaa::212:7405:5:505: icmp_seq=125 ttl=61 time=202 ms
64 bytes from aaaa::212:7405:5:505: icmp_seq=126 ttl=61 time=170 ms
64 bytes from aaaa::212:7405:5:505: icmp_seq=127 ttl=61 time=269 ms
64 bytes from aaaa::212:7405:5:505: icmp_seq=128 ttl=61 time=152 ms
64 bytes from aaaa::212:7405:5:505: icmp_seq=129 ttl=61 time=197 ms
64 bytes from aaaa::212:7405:5:505: icmp_seq=130 ttl=61 time=204 ms
64 bytes from aaaa::212:7405:5:505: icmp_seq=131 ttl=61 time=150 ms
64 bytes from aaaa::212:7405:5:505: icmp_seq=132 ttl=61 time=292 ms
64 bytes from aaaa::212:7405:5:505: icmp_seq=133 ttl=61 time=193 ms
64 bytes from aaaa::212:7405:5:505: icmp_seq=134 ttl=61 time=211 ms
64 bytes from aaaa::212:7405:5:505: icmp_seq=135 ttl=61 time=196 ms
64 bytes from aaaa::212:7405:5:505: icmp_seq=136 ttl=61 time=237 ms
64 bytes from aaaa::212:7405:5:505: icmp_seq=137 ttl=61 time=348 ms
64 bytes from aaaa::212:7405:5:505: icmp_seq=138 ttl=61 time=193 ms
64 bytes from aaaa::212:7405:5:505: icmp_seq=139 ttl=61 time=285 ms
64 bytes from aaaa::212:7405:5:505: icmp_seq=140 ttl=61 time=167 ms
64 bytes from aaaa::212:7405:5:505: icmp_seq=141 ttl=61 time=197 ms
64 bytes from aaaa::212:7405:5:505: icmp_seq=142 ttl=61 time=204 ms
64 bytes from aaaa::212:7405:5:505: icmp_seq=143 ttl=61 time=211 ms
64 bytes from aaaa::212:7405:5:505: icmp_seq=144 ttl=61 time=308 ms
64 bytes from aaaa::212:7405:5:505: icmp_seq=145 ttl=61 time=212 ms
64 bytes from aaaa::212:7405:5:505: icmp_seq=146 ttl=61 time=228 ms
64 bytes from aaaa::212:7405:5:505: icmp_seq=148 ttl=61 time=207 ms
64 bytes from aaaa::212:7405:5:505: icmp_seq=150 ttl=61 time=601 ms
64 bytes from aaaa::212:7405:5:505: icmp_seq=151 ttl=61 time=405 ms
64 bytes from aaaa::212:7405:5:505: icmp_seq=152 ttl=61 time=414 ms
64 bytes from aaaa::212:7405:5:505: icmp_seq=153 ttl=61 time=323 ms
64 bytes from aaaa::212:7405:5:505: icmp_seq=154 ttl=61 time=395 ms
64 bytes from aaaa::212:7405:5:505: icmp_seq=155 ttl=61 time=486 ms
64 bytes from aaaa::212:7405:5:505: icmp_seq=156 ttl=61 time=353 ms
64 bytes from aaaa::212:7405:5:505: icmp_seq=160 ttl=61 time=178 ms
64 bytes from aaaa::212:7405:5:505: icmp_seq=162 ttl=61 time=453 ms
64 bytes from aaaa::212:7405:5:505: icmp_seq=163 ttl=61 time=314 ms
64 bytes from aaaa::212:7405:5:505: icmp_seq=164 ttl=61 time=889 ms
64 bytes from aaaa::212:7405:5:505: icmp_seq=165 ttl=61 time=215 ms
64 bytes from aaaa::212:7405:5:505: icmp_seq=166 ttl=61 time=675 ms
64 bytes from aaaa::212:7405:5:505: icmp_seq=167 ttl=61 time=186 ms
64 bytes from aaaa::212:7405:5:505: icmp_seq=168 ttl=61 time=280 ms
64 bytes from aaaa::212:7405:5:505: icmp_seq=169 ttl=61 time=203 ms
64 bytes from aaaa::212:7405:5:505: icmp_seq=170 ttl=61 time=135 ms
64 bytes from aaaa::212:7405:5:505: icmp_seq=171 ttl=61 time=169 ms
64 bytes from aaaa::212:7405:5:505: icmp_seq=172 ttl=61 time=232 ms
64 bytes from aaaa::212:7405:5:505: icmp_seq=173 ttl=61 time=160 ms
64 bytes from aaaa::212:7405:5:505: icmp_seq=174 ttl=61 time=151 ms
64 bytes from aaaa::212:7405:5:505: icmp_seq=175 ttl=61 time=179 ms
64 bytes from aaaa::212:7405:5:505: icmp_seq=176 ttl=61 time=577 ms
64 bytes from aaaa::212:7405:5:505: icmp_seq=177 ttl=61 time=636 ms
64 bytes from aaaa::212:7405:5:505: icmp_seq=178 ttl=61 time=215 ms
64 bytes from aaaa::212:7405:5:505: icmp_seq=179 ttl=61 time=652 ms
64 bytes from aaaa::212:7405:5:505: icmp_seq=180 ttl=61 time=597 ms
64 bytes from aaaa::212:7405:5:505: icmp_seq=181 ttl=61 time=692 ms
64 bytes from aaaa::212:7405:5:505: icmp_seq=182 ttl=61 time=306 ms
64 bytes from aaaa::212:7405:5:505: icmp_seq=183 ttl=61 time=973 ms
64 bytes from aaaa::212:7405:5:505: icmp_seq=184 ttl=61 time=874 ms
64 bytes from aaaa::212:7405:5:505: icmp_seq=186 ttl=61 time=181 ms
64 bytes from aaaa::212:7405:5:505: icmp_seq=187 ttl=61 time=755 ms
64 bytes from aaaa::212:7405:5:505: icmp_seq=188 ttl=61 time=315 ms
64 bytes from aaaa::212:7405:5:505: icmp_seq=189 ttl=61 time=350 ms
64 bytes from aaaa::212:7405:5:505: icmp_seq=190 ttl=61 time=324 ms
64 bytes from aaaa::212:7405:5:505: icmp_seq=191 ttl=61 time=234 ms
64 bytes from aaaa::212:7405:5:505: icmp_seq=192 ttl=61 time=175 ms
64 bytes from aaaa::212:7405:5:505: icmp_seq=193 ttl=61 time=600 ms
64 bytes from aaaa::212:7405:5:505: icmp_seq=194 ttl=61 time=392 ms
64 bytes from aaaa::212:7405:5:505: icmp_seq=195 ttl=61 time=303 ms
64 bytes from aaaa::212:7405:5:505: icmp_seq=196 ttl=61 time=228 ms
64 bytes from aaaa::212:7405:5:505: icmp_seq=197 ttl=61 time=640 ms
64 bytes from aaaa::212:7405:5:505: icmp_seq=198 ttl=61 time=591 ms
64 bytes from aaaa::212:7405:5:505: icmp_seq=199 ttl=61 time=652 ms
64 bytes from aaaa::212:7405:5:505: icmp_seq=200 ttl=61 time=190 ms

--- aaaa::212:7405:5:505 ping statistics ---
200 packets transmitted, 163 received, 18% packet loss, time 1000853ms
rtt min/avg/max/mdev = 135.705/305.059/973.180/168.141 ms
