PING aaaa::212:7410:10:1010(aaaa::212:7410:10:1010) 56 data bytes
64 bytes from aaaa::212:7410:10:1010: icmp_seq=2 ttl=60 time=580 ms
64 bytes from aaaa::212:7410:10:1010: icmp_seq=3 ttl=60 time=970 ms
64 bytes from aaaa::212:7410:10:1010: icmp_seq=4 ttl=60 time=601 ms
64 bytes from aaaa::212:7410:10:1010: icmp_seq=5 ttl=60 time=623 ms
64 bytes from aaaa::212:7410:10:1010: icmp_seq=7 ttl=60 time=1232 ms
64 bytes from aaaa::212:7410:10:1010: icmp_seq=8 ttl=60 time=526 ms
64 bytes from aaaa::212:7410:10:1010: icmp_seq=10 ttl=60 time=394 ms
64 bytes from aaaa::212:7410:10:1010: icmp_seq=11 ttl=60 time=825 ms
64 bytes from aaaa::212:7410:10:1010: icmp_seq=12 ttl=60 time=977 ms
64 bytes from aaaa::212:7410:10:1010: icmp_seq=13 ttl=60 time=586 ms
64 bytes from aaaa::212:7410:10:1010: icmp_seq=14 ttl=60 time=698 ms
64 bytes from aaaa::212:7410:10:1010: icmp_seq=15 ttl=60 time=318 ms
64 bytes from aaaa::212:7410:10:1010: icmp_seq=16 ttl=60 time=1300 ms
64 bytes from aaaa::212:7410:10:1010: icmp_seq=19 ttl=60 time=636 ms
64 bytes from aaaa::212:7410:10:1010: icmp_seq=22 ttl=59 time=804 ms
64 bytes from aaaa::212:7410:10:1010: icmp_seq=23 ttl=60 time=502 ms
64 bytes from aaaa::212:7410:10:1010: icmp_seq=25 ttl=60 time=438 ms
64 bytes from aaaa::212:7410:10:1010: icmp_seq=33 ttl=60 time=499 ms
64 bytes from aaaa::212:7410:10:1010: icmp_seq=34 ttl=60 time=423 ms
64 bytes from aaaa::212:7410:10:1010: icmp_seq=35 ttl=60 time=431 ms
64 bytes from aaaa::212:7410:10:1010: icmp_seq=36 ttl=60 time=348 ms
64 bytes from aaaa::212:7410:10:1010: icmp_seq=37 ttl=60 time=656 ms
64 bytes from aaaa::212:7410:10:1010: icmp_seq=38 ttl=60 time=410 ms
64 bytes from aaaa::212:7410:10:1010: icmp_seq=39 ttl=60 time=305 ms
64 bytes from aaaa::212:7410:10:1010: icmp_seq=40 ttl=60 time=425 ms
64 bytes from aaaa::212:7410:10:1010: icmp_seq=41 ttl=60 time=546 ms
64 bytes from aaaa::212:7410:10:1010: icmp_seq=42 ttl=60 time=351 ms
64 bytes from aaaa::212:7410:10:1010: icmp_seq=43 ttl=60 time=539 ms
64 bytes from aaaa::212:7410:10:1010: icmp_seq=44 ttl=60 time=337 ms
64 bytes from aaaa::212:7410:10:1010: icmp_seq=45 ttl=60 time=369 ms
64 bytes from aaaa::212:7410:10:1010: icmp_seq=46 ttl=60 time=379 ms
64 bytes from aaaa::212:7410:10:1010: icmp_seq=47 ttl=60 time=324 ms
64 bytes from aaaa::212:7410:10:1010: icmp_seq=48 ttl=60 time=662 ms
64 bytes from aaaa::212:7410:10:1010: icmp_seq=49 ttl=60 time=518 ms
64 bytes from aaaa::212:7410:10:1010: icmp_seq=50 ttl=60 time=431 ms
64 bytes from aaaa::212:7410:10:1010: icmp_seq=51 ttl=60 time=552 ms
64 bytes from aaaa::212:7410:10:1010: icmp_seq=52 ttl=60 time=505 ms
64 bytes from aaaa::212:7410:10:1010: icmp_seq=53 ttl=60 time=362 ms
64 bytes from aaaa::212:7410:10:1010: icmp_seq=54 ttl=60 time=592 ms
64 bytes from aaaa::212:7410:10:1010: icmp_seq=55 ttl=60 time=726 ms
64 bytes from aaaa::212:7410:10:1010: icmp_seq=56 ttl=60 time=658 ms
64 bytes from aaaa::212:7410:10:1010: icmp_seq=57 ttl=60 time=492 ms
64 bytes from aaaa::212:7410:10:1010: icmp_seq=58 ttl=60 time=487 ms
64 bytes from aaaa::212:7410:10:1010: icmp_seq=59 ttl=60 time=706 ms
64 bytes from aaaa::212:7410:10:1010: icmp_seq=60 ttl=60 time=381 ms
64 bytes from aaaa::212:7410:10:1010: icmp_seq=61 ttl=60 time=577 ms
64 bytes from aaaa::212:7410:10:1010: icmp_seq=62 ttl=60 time=370 ms
64 bytes from aaaa::212:7410:10:1010: icmp_seq=63 ttl=60 time=606 ms
64 bytes from aaaa::212:7410:10:1010: icmp_seq=65 ttl=60 time=462 ms
64 bytes from aaaa::212:7410:10:1010: icmp_seq=66 ttl=60 time=482 ms
64 bytes from aaaa::212:7410:10:1010: icmp_seq=67 ttl=60 time=299 ms
64 bytes from aaaa::212:7410:10:1010: icmp_seq=69 ttl=60 time=281 ms
64 bytes from aaaa::212:7410:10:1010: icmp_seq=70 ttl=60 time=255 ms
64 bytes from aaaa::212:7410:10:1010: icmp_seq=71 ttl=60 time=338 ms
64 bytes from aaaa::212:7410:10:1010: icmp_seq=72 ttl=60 time=297 ms
64 bytes from aaaa::212:7410:10:1010: icmp_seq=73 ttl=60 time=369 ms
64 bytes from aaaa::212:7410:10:1010: icmp_seq=74 ttl=60 time=674 ms
64 bytes from aaaa::212:7410:10:1010: icmp_seq=75 ttl=60 time=322 ms
64 bytes from aaaa::212:7410:10:1010: icmp_seq=77 ttl=60 time=334 ms
64 bytes from aaaa::212:7410:10:1010: icmp_seq=79 ttl=60 time=360 ms
64 bytes from aaaa::212:7410:10:1010: icmp_seq=81 ttl=60 time=437 ms
64 bytes from aaaa::212:7410:10:1010: icmp_seq=82 ttl=60 time=405 ms
64 bytes from aaaa::212:7410:10:1010: icmp_seq=83 ttl=60 time=300 ms
64 bytes from aaaa::212:7410:10:1010: icmp_seq=84 ttl=60 time=314 ms
64 bytes from aaaa::212:7410:10:1010: icmp_seq=85 ttl=60 time=394 ms
64 bytes from aaaa::212:7410:10:1010: icmp_seq=86 ttl=60 time=327 ms
64 bytes from aaaa::212:7410:10:1010: icmp_seq=87 ttl=60 time=310 ms
64 bytes from aaaa::212:7410:10:1010: icmp_seq=88 ttl=60 time=405 ms
64 bytes from aaaa::212:7410:10:1010: icmp_seq=89 ttl=60 time=306 ms
64 bytes from aaaa::212:7410:10:1010: icmp_seq=90 ttl=60 time=452 ms
64 bytes from aaaa::212:7410:10:1010: icmp_seq=91 ttl=60 time=296 ms
64 bytes from aaaa::212:7410:10:1010: icmp_seq=92 ttl=60 time=399 ms
64 bytes from aaaa::212:7410:10:1010: icmp_seq=93 ttl=60 time=549 ms
64 bytes from aaaa::212:7410:10:1010: icmp_seq=94 ttl=60 time=459 ms
64 bytes from aaaa::212:7410:10:1010: icmp_seq=95 ttl=60 time=541 ms
64 bytes from aaaa::212:7410:10:1010: icmp_seq=97 ttl=60 time=306 ms
64 bytes from aaaa::212:7410:10:1010: icmp_seq=98 ttl=60 time=339 ms
64 bytes from aaaa::212:7410:10:1010: icmp_seq=99 ttl=60 time=370 ms
64 bytes from aaaa::212:7410:10:1010: icmp_seq=101 ttl=60 time=320 ms
64 bytes from aaaa::212:7410:10:1010: icmp_seq=102 ttl=60 time=266 ms
64 bytes from aaaa::212:7410:10:1010: icmp_seq=103 ttl=60 time=318 ms
64 bytes from aaaa::212:7410:10:1010: icmp_seq=104 ttl=60 time=332 ms
64 bytes from aaaa::212:7410:10:1010: icmp_seq=105 ttl=60 time=277 ms
64 bytes from aaaa::212:7410:10:1010: icmp_seq=106 ttl=60 time=285 ms
64 bytes from aaaa::212:7410:10:1010: icmp_seq=107 ttl=60 time=289 ms
64 bytes from aaaa::212:7410:10:1010: icmp_seq=108 ttl=60 time=468 ms
64 bytes from aaaa::212:7410:10:1010: icmp_seq=109 ttl=60 time=315 ms
64 bytes from aaaa::212:7410:10:1010: icmp_seq=110 ttl=60 time=318 ms
64 bytes from aaaa::212:7410:10:1010: icmp_seq=111 ttl=60 time=340 ms
64 bytes from aaaa::212:7410:10:1010: icmp_seq=112 ttl=60 time=273 ms
64 bytes from aaaa::212:7410:10:1010: icmp_seq=113 ttl=60 time=283 ms
64 bytes from aaaa::212:7410:10:1010: icmp_seq=114 ttl=60 time=258 ms
64 bytes from aaaa::212:7410:10:1010: icmp_seq=115 ttl=60 time=294 ms
64 bytes from aaaa::212:7410:10:1010: icmp_seq=116 ttl=60 time=313 ms
64 bytes from aaaa::212:7410:10:1010: icmp_seq=117 ttl=60 time=264 ms
64 bytes from aaaa::212:7410:10:1010: icmp_seq=118 ttl=60 time=300 ms
64 bytes from aaaa::212:7410:10:1010: icmp_seq=119 ttl=60 time=503 ms
64 bytes from aaaa::212:7410:10:1010: icmp_seq=120 ttl=60 time=251 ms
64 bytes from aaaa::212:7410:10:1010: icmp_seq=121 ttl=60 time=306 ms
64 bytes from aaaa::212:7410:10:1010: icmp_seq=122 ttl=60 time=307 ms
64 bytes from aaaa::212:7410:10:1010: icmp_seq=123 ttl=60 time=250 ms
64 bytes from aaaa::212:7410:10:1010: icmp_seq=124 ttl=60 time=286 ms
64 bytes from aaaa::212:7410:10:1010: icmp_seq=126 ttl=60 time=281 ms
64 bytes from aaaa::212:7410:10:1010: icmp_seq=127 ttl=60 time=400 ms
64 bytes from aaaa::212:7410:10:1010: icmp_seq=128 ttl=60 time=355 ms
64 bytes from aaaa::212:7410:10:1010: icmp_seq=129 ttl=60 time=331 ms
64 bytes from aaaa::212:7410:10:1010: icmp_seq=130 ttl=60 time=318 ms
64 bytes from aaaa::212:7410:10:1010: icmp_seq=131 ttl=60 time=278 ms
64 bytes from aaaa::212:7410:10:1010: icmp_seq=132 ttl=60 time=303 ms
64 bytes from aaaa::212:7410:10:1010: icmp_seq=133 ttl=60 time=238 ms
64 bytes from aaaa::212:7410:10:1010: icmp_seq=134 ttl=60 time=303 ms
64 bytes from aaaa::212:7410:10:1010: icmp_seq=136 ttl=60 time=304 ms
64 bytes from aaaa::212:7410:10:1010: icmp_seq=138 ttl=60 time=316 ms
64 bytes from aaaa::212:7410:10:1010: icmp_seq=139 ttl=60 time=400 ms
64 bytes from aaaa::212:7410:10:1010: icmp_seq=141 ttl=60 time=347 ms
64 bytes from aaaa::212:7410:10:1010: icmp_seq=142 ttl=60 time=283 ms
64 bytes from aaaa::212:7410:10:1010: icmp_seq=143 ttl=60 time=727 ms
64 bytes from aaaa::212:7410:10:1010: icmp_seq=144 ttl=60 time=299 ms
64 bytes from aaaa::212:7410:10:1010: icmp_seq=145 ttl=60 time=366 ms
64 bytes from aaaa::212:7410:10:1010: icmp_seq=146 ttl=60 time=291 ms
64 bytes from aaaa::212:7410:10:1010: icmp_seq=147 ttl=60 time=408 ms
64 bytes from aaaa::212:7410:10:1010: icmp_seq=148 ttl=60 time=423 ms
64 bytes from aaaa::212:7410:10:1010: icmp_seq=149 ttl=60 time=527 ms
64 bytes from aaaa::212:7410:10:1010: icmp_seq=150 ttl=60 time=427 ms
64 bytes from aaaa::212:7410:10:1010: icmp_seq=152 ttl=60 time=264 ms
64 bytes from aaaa::212:7410:10:1010: icmp_seq=153 ttl=60 time=486 ms
64 bytes from aaaa::212:7410:10:1010: icmp_seq=154 ttl=60 time=512 ms
64 bytes from aaaa::212:7410:10:1010: icmp_seq=155 ttl=60 time=392 ms
64 bytes from aaaa::212:7410:10:1010: icmp_seq=157 ttl=60 time=281 ms
64 bytes from aaaa::212:7410:10:1010: icmp_seq=160 ttl=60 time=460 ms
64 bytes from aaaa::212:7410:10:1010: icmp_seq=162 ttl=60 time=293 ms
64 bytes from aaaa::212:7410:10:1010: icmp_seq=163 ttl=60 time=864 ms
64 bytes from aaaa::212:7410:10:1010: icmp_seq=164 ttl=60 time=235 ms
64 bytes from aaaa::212:7410:10:1010: icmp_seq=165 ttl=60 time=431 ms
64 bytes from aaaa::212:7410:10:1010: icmp_seq=166 ttl=60 time=302 ms
64 bytes from aaaa::212:7410:10:1010: icmp_seq=167 ttl=60 time=663 ms
64 bytes from aaaa::212:7410:10:1010: icmp_seq=168 ttl=60 time=1097 ms
64 bytes from aaaa::212:7410:10:1010: icmp_seq=170 ttl=60 time=454 ms
64 bytes from aaaa::212:7410:10:1010: icmp_seq=171 ttl=60 time=385 ms
64 bytes from aaaa::212:7410:10:1010: icmp_seq=172 ttl=60 time=676 ms
64 bytes from aaaa::212:7410:10:1010: icmp_seq=173 ttl=60 time=549 ms
64 bytes from aaaa::212:7410:10:1010: icmp_seq=174 ttl=60 time=452 ms
64 bytes from aaaa::212:7410:10:1010: icmp_seq=175 ttl=60 time=493 ms
64 bytes from aaaa::212:7410:10:1010: icmp_seq=176 ttl=60 time=326 ms
64 bytes from aaaa::212:7410:10:1010: icmp_seq=177 ttl=60 time=374 ms
64 bytes from aaaa::212:7410:10:1010: icmp_seq=178 ttl=60 time=299 ms
64 bytes from aaaa::212:7410:10:1010: icmp_seq=179 ttl=60 time=342 ms
64 bytes from aaaa::212:7410:10:1010: icmp_seq=180 ttl=60 time=281 ms
64 bytes from aaaa::212:7410:10:1010: icmp_seq=183 ttl=60 time=290 ms
64 bytes from aaaa::212:7410:10:1010: icmp_seq=184 ttl=60 time=237 ms
64 bytes from aaaa::212:7410:10:1010: icmp_seq=185 ttl=60 time=237 ms
64 bytes from aaaa::212:7410:10:1010: icmp_seq=186 ttl=60 time=243 ms
64 bytes from aaaa::212:7410:10:1010: icmp_seq=187 ttl=60 time=316 ms
64 bytes from aaaa::212:7410:10:1010: icmp_seq=188 ttl=60 time=240 ms
64 bytes from aaaa::212:7410:10:1010: icmp_seq=189 ttl=60 time=289 ms
64 bytes from aaaa::212:7410:10:1010: icmp_seq=190 ttl=60 time=279 ms
64 bytes from aaaa::212:7410:10:1010: icmp_seq=191 ttl=60 time=281 ms
64 bytes from aaaa::212:7410:10:1010: icmp_seq=192 ttl=60 time=278 ms
64 bytes from aaaa::212:7410:10:1010: icmp_seq=193 ttl=60 time=248 ms
64 bytes from aaaa::212:7410:10:1010: icmp_seq=194 ttl=60 time=317 ms
64 bytes from aaaa::212:7410:10:1010: icmp_seq=195 ttl=60 time=296 ms
64 bytes from aaaa::212:7410:10:1010: icmp_seq=196 ttl=60 time=249 ms
64 bytes from aaaa::212:7410:10:1010: icmp_seq=197 ttl=60 time=379 ms
64 bytes from aaaa::212:7410:10:1010: icmp_seq=198 ttl=60 time=321 ms
64 bytes from aaaa::212:7410:10:1010: icmp_seq=199 ttl=60 time=236 ms
64 bytes from aaaa::212:7410:10:1010: icmp_seq=200 ttl=60 time=272 ms

--- aaaa::212:7410:10:1010 ping statistics ---
200 packets transmitted, 166 received, 17% packet loss, time 1000765ms
rtt min/avg/max/mdev = 235.634/419.868/1300.258/183.187 ms
