PING aaaa::212:740d:d:d0d(aaaa::212:740d:d:d0d) 56 data bytes
64 bytes from aaaa::212:740d:d:d0d: icmp_seq=1 ttl=60 time=687 ms
64 bytes from aaaa::212:740d:d:d0d: icmp_seq=3 ttl=60 time=650 ms
64 bytes from aaaa::212:740d:d:d0d: icmp_seq=7 ttl=60 time=302 ms
64 bytes from aaaa::212:740d:d:d0d: icmp_seq=19 ttl=60 time=668 ms
64 bytes from aaaa::212:740d:d:d0d: icmp_seq=33 ttl=60 time=705 ms
64 bytes from aaaa::212:740d:d:d0d: icmp_seq=35 ttl=60 time=500 ms
64 bytes from aaaa::212:740d:d:d0d: icmp_seq=36 ttl=60 time=815 ms
64 bytes from aaaa::212:740d:d:d0d: icmp_seq=37 ttl=60 time=559 ms
64 bytes from aaaa::212:740d:d:d0d: icmp_seq=38 ttl=60 time=784 ms
64 bytes from aaaa::212:740d:d:d0d: icmp_seq=41 ttl=60 time=374 ms
64 bytes from aaaa::212:740d:d:d0d: icmp_seq=42 ttl=60 time=507 ms
64 bytes from aaaa::212:740d:d:d0d: icmp_seq=48 ttl=60 time=493 ms
64 bytes from aaaa::212:740d:d:d0d: icmp_seq=49 ttl=60 time=427 ms
64 bytes from aaaa::212:740d:d:d0d: icmp_seq=51 ttl=60 time=596 ms
64 bytes from aaaa::212:740d:d:d0d: icmp_seq=52 ttl=60 time=505 ms
64 bytes from aaaa::212:740d:d:d0d: icmp_seq=58 ttl=60 time=523 ms
64 bytes from aaaa::212:740d:d:d0d: icmp_seq=64 ttl=60 time=348 ms
64 bytes from aaaa::212:740d:d:d0d: icmp_seq=65 ttl=60 time=417 ms
64 bytes from aaaa::212:740d:d:d0d: icmp_seq=66 ttl=60 time=319 ms
64 bytes from aaaa::212:740d:d:d0d: icmp_seq=67 ttl=60 time=319 ms
64 bytes from aaaa::212:740d:d:d0d: icmp_seq=68 ttl=60 time=317 ms
64 bytes from aaaa::212:740d:d:d0d: icmp_seq=70 ttl=60 time=242 ms
64 bytes from aaaa::212:740d:d:d0d: icmp_seq=73 ttl=60 time=286 ms
64 bytes from aaaa::212:740d:d:d0d: icmp_seq=74 ttl=60 time=438 ms
64 bytes from aaaa::212:740d:d:d0d: icmp_seq=78 ttl=60 time=477 ms
64 bytes from aaaa::212:740d:d:d0d: icmp_seq=80 ttl=60 time=344 ms
64 bytes from aaaa::212:740d:d:d0d: icmp_seq=81 ttl=60 time=318 ms
64 bytes from aaaa::212:740d:d:d0d: icmp_seq=82 ttl=60 time=295 ms
64 bytes from aaaa::212:740d:d:d0d: icmp_seq=83 ttl=60 time=380 ms
64 bytes from aaaa::212:740d:d:d0d: icmp_seq=84 ttl=60 time=293 ms
64 bytes from aaaa::212:740d:d:d0d: icmp_seq=85 ttl=60 time=459 ms
64 bytes from aaaa::212:740d:d:d0d: icmp_seq=86 ttl=60 time=299 ms
64 bytes from aaaa::212:740d:d:d0d: icmp_seq=87 ttl=60 time=262 ms
64 bytes from aaaa::212:740d:d:d0d: icmp_seq=88 ttl=60 time=289 ms
64 bytes from aaaa::212:740d:d:d0d: icmp_seq=89 ttl=60 time=272 ms
64 bytes from aaaa::212:740d:d:d0d: icmp_seq=90 ttl=60 time=328 ms
64 bytes from aaaa::212:740d:d:d0d: icmp_seq=91 ttl=60 time=289 ms
64 bytes from aaaa::212:740d:d:d0d: icmp_seq=92 ttl=60 time=268 ms
64 bytes from aaaa::212:740d:d:d0d: icmp_seq=93 ttl=60 time=312 ms
64 bytes from aaaa::212:740d:d:d0d: icmp_seq=94 ttl=60 time=391 ms
64 bytes from aaaa::212:740d:d:d0d: icmp_seq=95 ttl=60 time=314 ms
64 bytes from aaaa::212:740d:d:d0d: icmp_seq=96 ttl=60 time=378 ms
64 bytes from aaaa::212:740d:d:d0d: icmp_seq=97 ttl=60 time=488 ms
64 bytes from aaaa::212:740d:d:d0d: icmp_seq=99 ttl=60 time=492 ms
64 bytes from aaaa::212:740d:d:d0d: icmp_seq=100 ttl=60 time=369 ms
64 bytes from aaaa::212:740d:d:d0d: icmp_seq=101 ttl=60 time=275 ms
64 bytes from aaaa::212:740d:d:d0d: icmp_seq=102 ttl=60 time=290 ms
64 bytes from aaaa::212:740d:d:d0d: icmp_seq=103 ttl=60 time=332 ms
64 bytes from aaaa::212:740d:d:d0d: icmp_seq=114 ttl=60 time=984 ms
64 bytes from aaaa::212:740d:d:d0d: icmp_seq=115 ttl=60 time=498 ms
64 bytes from aaaa::212:740d:d:d0d: icmp_seq=116 ttl=60 time=492 ms
64 bytes from aaaa::212:740d:d:d0d: icmp_seq=120 ttl=60 time=749 ms
64 bytes from aaaa::212:740d:d:d0d: icmp_seq=121 ttl=60 time=336 ms
64 bytes from aaaa::212:740d:d:d0d: icmp_seq=122 ttl=60 time=626 ms
64 bytes from aaaa::212:740d:d:d0d: icmp_seq=129 ttl=60 time=351 ms
64 bytes from aaaa::212:740d:d:d0d: icmp_seq=130 ttl=60 time=444 ms
64 bytes from aaaa::212:740d:d:d0d: icmp_seq=131 ttl=60 time=390 ms
64 bytes from aaaa::212:740d:d:d0d: icmp_seq=132 ttl=60 time=349 ms
64 bytes from aaaa::212:740d:d:d0d: icmp_seq=138 ttl=60 time=292 ms
64 bytes from aaaa::212:740d:d:d0d: icmp_seq=140 ttl=60 time=669 ms
64 bytes from aaaa::212:740d:d:d0d: icmp_seq=141 ttl=60 time=399 ms
64 bytes from aaaa::212:740d:d:d0d: icmp_seq=142 ttl=60 time=586 ms
64 bytes from aaaa::212:740d:d:d0d: icmp_seq=148 ttl=60 time=656 ms
64 bytes from aaaa::212:740d:d:d0d: icmp_seq=155 ttl=60 time=723 ms
64 bytes from aaaa::212:740d:d:d0d: icmp_seq=157 ttl=60 time=740 ms
64 bytes from aaaa::212:740d:d:d0d: icmp_seq=158 ttl=60 time=568 ms
64 bytes from aaaa::212:740d:d:d0d: icmp_seq=162 ttl=60 time=824 ms
64 bytes from aaaa::212:740d:d:d0d: icmp_seq=170 ttl=60 time=683 ms
64 bytes from aaaa::212:740d:d:d0d: icmp_seq=174 ttl=60 time=872 ms
64 bytes from aaaa::212:740d:d:d0d: icmp_seq=176 ttl=60 time=540 ms
64 bytes from aaaa::212:740d:d:d0d: icmp_seq=178 ttl=60 time=598 ms
64 bytes from aaaa::212:740d:d:d0d: icmp_seq=180 ttl=60 time=275 ms
64 bytes from aaaa::212:740d:d:d0d: icmp_seq=182 ttl=60 time=377 ms
64 bytes from aaaa::212:740d:d:d0d: icmp_seq=183 ttl=60 time=317 ms
64 bytes from aaaa::212:740d:d:d0d: icmp_seq=184 ttl=60 time=243 ms
64 bytes from aaaa::212:740d:d:d0d: icmp_seq=186 ttl=60 time=335 ms
64 bytes from aaaa::212:740d:d:d0d: icmp_seq=187 ttl=60 time=285 ms
64 bytes from aaaa::212:740d:d:d0d: icmp_seq=190 ttl=60 time=272 ms
64 bytes from aaaa::212:740d:d:d0d: icmp_seq=193 ttl=60 time=242 ms
64 bytes from aaaa::212:740d:d:d0d: icmp_seq=194 ttl=60 time=351 ms
64 bytes from aaaa::212:740d:d:d0d: icmp_seq=195 ttl=60 time=842 ms
64 bytes from aaaa::212:740d:d:d0d: icmp_seq=196 ttl=60 time=298 ms
64 bytes from aaaa::212:740d:d:d0d: icmp_seq=198 ttl=60 time=326 ms

--- aaaa::212:740d:d:d0d ping statistics ---
200 packets transmitted, 83 received, 58% packet loss, time 1011610ms
rtt min/avg/max/mdev = 242.008/452.580/984.010/178.127 ms
