PING aaaa::212:7411:11:1111(aaaa::212:7411:11:1111) 56 data bytes
64 bytes from aaaa::212:7411:11:1111: icmp_seq=2 ttl=59 time=769 ms
64 bytes from aaaa::212:7411:11:1111: icmp_seq=3 ttl=59 time=1118 ms
64 bytes from aaaa::212:7411:11:1111: icmp_seq=4 ttl=59 time=1642 ms
64 bytes from aaaa::212:7411:11:1111: icmp_seq=5 ttl=59 time=1041 ms
64 bytes from aaaa::212:7411:11:1111: icmp_seq=6 ttl=59 time=532 ms
64 bytes from aaaa::212:7411:11:1111: icmp_seq=8 ttl=59 time=817 ms
64 bytes from aaaa::212:7411:11:1111: icmp_seq=9 ttl=59 time=695 ms
64 bytes from aaaa::212:7411:11:1111: icmp_seq=15 ttl=59 time=365 ms
64 bytes from aaaa::212:7411:11:1111: icmp_seq=16 ttl=59 time=1048 ms
64 bytes from aaaa::212:7411:11:1111: icmp_seq=20 ttl=59 time=438 ms
64 bytes from aaaa::212:7411:11:1111: icmp_seq=21 ttl=59 time=657 ms
64 bytes from aaaa::212:7411:11:1111: icmp_seq=24 ttl=59 time=681 ms
64 bytes from aaaa::212:7411:11:1111: icmp_seq=26 ttl=59 time=1326 ms
64 bytes from aaaa::212:7411:11:1111: icmp_seq=29 ttl=59 time=620 ms
64 bytes from aaaa::212:7411:11:1111: icmp_seq=30 ttl=59 time=441 ms
64 bytes from aaaa::212:7411:11:1111: icmp_seq=34 ttl=59 time=511 ms
64 bytes from aaaa::212:7411:11:1111: icmp_seq=38 ttl=59 time=351 ms
64 bytes from aaaa::212:7411:11:1111: icmp_seq=39 ttl=59 time=388 ms
64 bytes from aaaa::212:7411:11:1111: icmp_seq=42 ttl=59 time=392 ms
64 bytes from aaaa::212:7411:11:1111: icmp_seq=43 ttl=59 time=322 ms
64 bytes from aaaa::212:7411:11:1111: icmp_seq=44 ttl=59 time=347 ms
64 bytes from aaaa::212:7411:11:1111: icmp_seq=45 ttl=59 time=474 ms
64 bytes from aaaa::212:7411:11:1111: icmp_seq=46 ttl=59 time=350 ms
64 bytes from aaaa::212:7411:11:1111: icmp_seq=53 ttl=59 time=320 ms
64 bytes from aaaa::212:7411:11:1111: icmp_seq=54 ttl=59 time=262 ms
64 bytes from aaaa::212:7411:11:1111: icmp_seq=55 ttl=59 time=285 ms
64 bytes from aaaa::212:7411:11:1111: icmp_seq=56 ttl=59 time=264 ms
64 bytes from aaaa::212:7411:11:1111: icmp_seq=58 ttl=59 time=377 ms
64 bytes from aaaa::212:7411:11:1111: icmp_seq=59 ttl=59 time=320 ms
64 bytes from aaaa::212:7411:11:1111: icmp_seq=60 ttl=59 time=322 ms
64 bytes from aaaa::212:7411:11:1111: icmp_seq=61 ttl=59 time=264 ms
64 bytes from aaaa::212:7411:11:1111: icmp_seq=62 ttl=59 time=319 ms
64 bytes from aaaa::212:7411:11:1111: icmp_seq=63 ttl=59 time=377 ms
64 bytes from aaaa::212:7411:11:1111: icmp_seq=71 ttl=59 time=587 ms
64 bytes from aaaa::212:7411:11:1111: icmp_seq=104 ttl=59 time=251 ms
64 bytes from aaaa::212:7411:11:1111: icmp_seq=105 ttl=59 time=268 ms
64 bytes from aaaa::212:7411:11:1111: icmp_seq=106 ttl=59 time=273 ms
64 bytes from aaaa::212:7411:11:1111: icmp_seq=107 ttl=59 time=360 ms
64 bytes from aaaa::212:7411:11:1111: icmp_seq=108 ttl=59 time=296 ms
64 bytes from aaaa::212:7411:11:1111: icmp_seq=111 ttl=59 time=317 ms
64 bytes from aaaa::212:7411:11:1111: icmp_seq=112 ttl=59 time=330 ms
64 bytes from aaaa::212:7411:11:1111: icmp_seq=116 ttl=59 time=565 ms
64 bytes from aaaa::212:7411:11:1111: icmp_seq=117 ttl=59 time=407 ms
64 bytes from aaaa::212:7411:11:1111: icmp_seq=118 ttl=59 time=380 ms
64 bytes from aaaa::212:7411:11:1111: icmp_seq=123 ttl=59 time=492 ms
64 bytes from aaaa::212:7411:11:1111: icmp_seq=124 ttl=59 time=297 ms
64 bytes from aaaa::212:7411:11:1111: icmp_seq=127 ttl=59 time=331 ms
64 bytes from aaaa::212:7411:11:1111: icmp_seq=133 ttl=59 time=341 ms
64 bytes from aaaa::212:7411:11:1111: icmp_seq=134 ttl=59 time=366 ms
64 bytes from aaaa::212:7411:11:1111: icmp_seq=135 ttl=59 time=360 ms
64 bytes from aaaa::212:7411:11:1111: icmp_seq=138 ttl=59 time=272 ms
64 bytes from aaaa::212:7411:11:1111: icmp_seq=145 ttl=59 time=445 ms
64 bytes from aaaa::212:7411:11:1111: icmp_seq=151 ttl=59 time=545 ms
64 bytes from aaaa::212:7411:11:1111: icmp_seq=156 ttl=59 time=872 ms
64 bytes from aaaa::212:7411:11:1111: icmp_seq=159 ttl=59 time=1000 ms
64 bytes from aaaa::212:7411:11:1111: icmp_seq=164 ttl=59 time=639 ms
64 bytes from aaaa::212:7411:11:1111: icmp_seq=165 ttl=59 time=291 ms
64 bytes from aaaa::212:7411:11:1111: icmp_seq=166 ttl=59 time=437 ms
64 bytes from aaaa::212:7411:11:1111: icmp_seq=167 ttl=59 time=366 ms
64 bytes from aaaa::212:7411:11:1111: icmp_seq=170 ttl=59 time=302 ms
64 bytes from aaaa::212:7411:11:1111: icmp_seq=171 ttl=59 time=523 ms
64 bytes from aaaa::212:7411:11:1111: icmp_seq=185 ttl=59 time=755 ms
64 bytes from aaaa::212:7411:11:1111: icmp_seq=188 ttl=59 time=812 ms
64 bytes from aaaa::212:7411:11:1111: icmp_seq=196 ttl=59 time=568 ms
64 bytes from aaaa::212:7411:11:1111: icmp_seq=200 ttl=59 time=305 ms

--- aaaa::212:7411:11:1111 ping statistics ---
200 packets transmitted, 65 received, 67% packet loss, time 1012725ms
rtt min/avg/max/mdev = 251.308/504.920/1642.372/277.367 ms
