PING aaaa::212:740f:f:f0f(aaaa::212:740f:f:f0f) 56 data bytes
64 bytes from aaaa::212:740f:f:f0f: icmp_seq=1 ttl=60 time=283 ms
64 bytes from aaaa::212:740f:f:f0f: icmp_seq=11 ttl=60 time=2176 ms
64 bytes from aaaa::212:740f:f:f0f: icmp_seq=12 ttl=60 time=1400 ms
64 bytes from aaaa::212:740f:f:f0f: icmp_seq=14 ttl=60 time=841 ms
64 bytes from aaaa::212:740f:f:f0f: icmp_seq=15 ttl=60 time=559 ms
64 bytes from aaaa::212:740f:f:f0f: icmp_seq=19 ttl=60 time=1119 ms
64 bytes from aaaa::212:740f:f:f0f: icmp_seq=23 ttl=60 time=804 ms
64 bytes from aaaa::212:740f:f:f0f: icmp_seq=24 ttl=60 time=675 ms
64 bytes from aaaa::212:740f:f:f0f: icmp_seq=25 ttl=60 time=312 ms
64 bytes from aaaa::212:740f:f:f0f: icmp_seq=33 ttl=60 time=551 ms
64 bytes from aaaa::212:740f:f:f0f: icmp_seq=34 ttl=60 time=336 ms
64 bytes from aaaa::212:740f:f:f0f: icmp_seq=35 ttl=60 time=292 ms
64 bytes from aaaa::212:740f:f:f0f: icmp_seq=36 ttl=60 time=304 ms
64 bytes from aaaa::212:740f:f:f0f: icmp_seq=37 ttl=60 time=449 ms
64 bytes from aaaa::212:740f:f:f0f: icmp_seq=38 ttl=60 time=494 ms
64 bytes from aaaa::212:740f:f:f0f: icmp_seq=39 ttl=60 time=538 ms
64 bytes from aaaa::212:740f:f:f0f: icmp_seq=40 ttl=60 time=595 ms
64 bytes from aaaa::212:740f:f:f0f: icmp_seq=41 ttl=60 time=701 ms
64 bytes from aaaa::212:740f:f:f0f: icmp_seq=42 ttl=60 time=573 ms
64 bytes from aaaa::212:740f:f:f0f: icmp_seq=43 ttl=60 time=538 ms
64 bytes from aaaa::212:740f:f:f0f: icmp_seq=44 ttl=60 time=576 ms
64 bytes from aaaa::212:740f:f:f0f: icmp_seq=45 ttl=60 time=453 ms
64 bytes from aaaa::212:740f:f:f0f: icmp_seq=46 ttl=60 time=498 ms
64 bytes from aaaa::212:740f:f:f0f: icmp_seq=48 ttl=60 time=559 ms
64 bytes from aaaa::212:740f:f:f0f: icmp_seq=49 ttl=60 time=569 ms
64 bytes from aaaa::212:740f:f:f0f: icmp_seq=50 ttl=60 time=335 ms
64 bytes from aaaa::212:740f:f:f0f: icmp_seq=51 ttl=60 time=496 ms
64 bytes from aaaa::212:740f:f:f0f: icmp_seq=52 ttl=60 time=442 ms
64 bytes from aaaa::212:740f:f:f0f: icmp_seq=53 ttl=60 time=378 ms
64 bytes from aaaa::212:740f:f:f0f: icmp_seq=54 ttl=60 time=566 ms
64 bytes from aaaa::212:740f:f:f0f: icmp_seq=55 ttl=60 time=659 ms
64 bytes from aaaa::212:740f:f:f0f: icmp_seq=56 ttl=60 time=654 ms
64 bytes from aaaa::212:740f:f:f0f: icmp_seq=57 ttl=60 time=473 ms
64 bytes from aaaa::212:740f:f:f0f: icmp_seq=58 ttl=60 time=587 ms
64 bytes from aaaa::212:740f:f:f0f: icmp_seq=59 ttl=60 time=359 ms
64 bytes from aaaa::212:740f:f:f0f: icmp_seq=60 ttl=60 time=548 ms
64 bytes from aaaa::212:740f:f:f0f: icmp_seq=61 ttl=60 time=443 ms
64 bytes from aaaa::212:740f:f:f0f: icmp_seq=62 ttl=60 time=465 ms
64 bytes from aaaa::212:740f:f:f0f: icmp_seq=63 ttl=60 time=490 ms
64 bytes from aaaa::212:740f:f:f0f: icmp_seq=65 ttl=60 time=421 ms
64 bytes from aaaa::212:740f:f:f0f: icmp_seq=67 ttl=60 time=248 ms
64 bytes from aaaa::212:740f:f:f0f: icmp_seq=68 ttl=60 time=281 ms
64 bytes from aaaa::212:740f:f:f0f: icmp_seq=70 ttl=60 time=268 ms
64 bytes from aaaa::212:740f:f:f0f: icmp_seq=71 ttl=60 time=449 ms
64 bytes from aaaa::212:740f:f:f0f: icmp_seq=72 ttl=60 time=250 ms
64 bytes from aaaa::212:740f:f:f0f: icmp_seq=73 ttl=60 time=227 ms
64 bytes from aaaa::212:740f:f:f0f: icmp_seq=74 ttl=60 time=1017 ms
64 bytes from aaaa::212:740f:f:f0f: icmp_seq=75 ttl=60 time=256 ms
64 bytes from aaaa::212:740f:f:f0f: icmp_seq=76 ttl=60 time=334 ms
64 bytes from aaaa::212:740f:f:f0f: icmp_seq=77 ttl=60 time=269 ms
64 bytes from aaaa::212:740f:f:f0f: icmp_seq=78 ttl=60 time=218 ms
64 bytes from aaaa::212:740f:f:f0f: icmp_seq=79 ttl=60 time=332 ms
64 bytes from aaaa::212:740f:f:f0f: icmp_seq=80 ttl=60 time=299 ms
64 bytes from aaaa::212:740f:f:f0f: icmp_seq=81 ttl=60 time=316 ms
64 bytes from aaaa::212:740f:f:f0f: icmp_seq=82 ttl=60 time=201 ms
64 bytes from aaaa::212:740f:f:f0f: icmp_seq=83 ttl=60 time=311 ms
64 bytes from aaaa::212:740f:f:f0f: icmp_seq=84 ttl=60 time=226 ms
64 bytes from aaaa::212:740f:f:f0f: icmp_seq=85 ttl=60 time=218 ms
64 bytes from aaaa::212:740f:f:f0f: icmp_seq=86 ttl=60 time=256 ms
64 bytes from aaaa::212:740f:f:f0f: icmp_seq=87 ttl=60 time=275 ms
64 bytes from aaaa::212:740f:f:f0f: icmp_seq=88 ttl=60 time=274 ms
64 bytes from aaaa::212:740f:f:f0f: icmp_seq=89 ttl=60 time=232 ms
64 bytes from aaaa::212:740f:f:f0f: icmp_seq=90 ttl=60 time=264 ms
64 bytes from aaaa::212:740f:f:f0f: icmp_seq=91 ttl=60 time=329 ms
64 bytes from aaaa::212:740f:f:f0f: icmp_seq=92 ttl=60 time=386 ms
64 bytes from aaaa::212:740f:f:f0f: icmp_seq=93 ttl=60 time=371 ms
64 bytes from aaaa::212:740f:f:f0f: icmp_seq=94 ttl=60 time=284 ms
64 bytes from aaaa::212:740f:f:f0f: icmp_seq=95 ttl=60 time=271 ms
64 bytes from aaaa::212:740f:f:f0f: icmp_seq=96 ttl=60 time=256 ms
64 bytes from aaaa::212:740f:f:f0f: icmp_seq=97 ttl=60 time=255 ms
64 bytes from aaaa::212:740f:f:f0f: icmp_seq=98 ttl=60 time=284 ms
64 bytes from aaaa::212:740f:f:f0f: icmp_seq=99 ttl=60 time=257 ms
64 bytes from aaaa::212:740f:f:f0f: icmp_seq=100 ttl=60 time=346 ms
64 bytes from aaaa::212:740f:f:f0f: icmp_seq=101 ttl=60 time=234 ms
64 bytes from aaaa::212:740f:f:f0f: icmp_seq=102 ttl=60 time=313 ms
64 bytes from aaaa::212:740f:f:f0f: icmp_seq=103 ttl=60 time=260 ms
64 bytes from aaaa::212:740f:f:f0f: icmp_seq=104 ttl=60 time=258 ms
64 bytes from aaaa::212:740f:f:f0f: icmp_seq=105 ttl=60 time=385 ms
64 bytes from aaaa::212:740f:f:f0f: icmp_seq=106 ttl=60 time=317 ms
64 bytes from aaaa::212:740f:f:f0f: icmp_seq=107 ttl=60 time=290 ms
64 bytes from aaaa::212:740f:f:f0f: icmp_seq=108 ttl=60 time=969 ms
64 bytes from aaaa::212:740f:f:f0f: icmp_seq=109 ttl=60 time=347 ms
64 bytes from aaaa::212:740f:f:f0f: icmp_seq=110 ttl=60 time=322 ms
64 bytes from aaaa::212:740f:f:f0f: icmp_seq=111 ttl=60 time=492 ms
64 bytes from aaaa::212:740f:f:f0f: icmp_seq=112 ttl=60 time=401 ms
64 bytes from aaaa::212:740f:f:f0f: icmp_seq=113 ttl=60 time=290 ms
64 bytes from aaaa::212:740f:f:f0f: icmp_seq=114 ttl=60 time=276 ms
64 bytes from aaaa::212:740f:f:f0f: icmp_seq=115 ttl=60 time=271 ms
64 bytes from aaaa::212:740f:f:f0f: icmp_seq=116 ttl=60 time=302 ms
64 bytes from aaaa::212:740f:f:f0f: icmp_seq=117 ttl=60 time=264 ms
64 bytes from aaaa::212:740f:f:f0f: icmp_seq=118 ttl=60 time=215 ms
64 bytes from aaaa::212:740f:f:f0f: icmp_seq=119 ttl=60 time=258 ms
64 bytes from aaaa::212:740f:f:f0f: icmp_seq=120 ttl=60 time=220 ms
64 bytes from aaaa::212:740f:f:f0f: icmp_seq=121 ttl=60 time=289 ms
64 bytes from aaaa::212:740f:f:f0f: icmp_seq=122 ttl=60 time=300 ms
64 bytes from aaaa::212:740f:f:f0f: icmp_seq=123 ttl=60 time=272 ms
64 bytes from aaaa::212:740f:f:f0f: icmp_seq=124 ttl=60 time=233 ms
64 bytes from aaaa::212:740f:f:f0f: icmp_seq=125 ttl=60 time=233 ms
64 bytes from aaaa::212:740f:f:f0f: icmp_seq=126 ttl=60 time=229 ms
64 bytes from aaaa::212:740f:f:f0f: icmp_seq=127 ttl=60 time=241 ms
64 bytes from aaaa::212:740f:f:f0f: icmp_seq=128 ttl=60 time=290 ms
64 bytes from aaaa::212:740f:f:f0f: icmp_seq=129 ttl=60 time=236 ms
64 bytes from aaaa::212:740f:f:f0f: icmp_seq=130 ttl=60 time=238 ms
64 bytes from aaaa::212:740f:f:f0f: icmp_seq=131 ttl=60 time=292 ms
64 bytes from aaaa::212:740f:f:f0f: icmp_seq=132 ttl=60 time=383 ms
64 bytes from aaaa::212:740f:f:f0f: icmp_seq=133 ttl=60 time=258 ms
64 bytes from aaaa::212:740f:f:f0f: icmp_seq=134 ttl=60 time=206 ms
64 bytes from aaaa::212:740f:f:f0f: icmp_seq=135 ttl=60 time=252 ms
64 bytes from aaaa::212:740f:f:f0f: icmp_seq=136 ttl=60 time=222 ms
64 bytes from aaaa::212:740f:f:f0f: icmp_seq=137 ttl=60 time=276 ms
64 bytes from aaaa::212:740f:f:f0f: icmp_seq=138 ttl=60 time=285 ms
64 bytes from aaaa::212:740f:f:f0f: icmp_seq=139 ttl=60 time=260 ms
64 bytes from aaaa::212:740f:f:f0f: icmp_seq=140 ttl=60 time=257 ms
64 bytes from aaaa::212:740f:f:f0f: icmp_seq=141 ttl=60 time=315 ms
64 bytes from aaaa::212:740f:f:f0f: icmp_seq=142 ttl=60 time=300 ms
64 bytes from aaaa::212:740f:f:f0f: icmp_seq=143 ttl=60 time=297 ms
64 bytes from aaaa::212:740f:f:f0f: icmp_seq=144 ttl=60 time=263 ms
64 bytes from aaaa::212:740f:f:f0f: icmp_seq=146 ttl=60 time=527 ms
64 bytes from aaaa::212:740f:f:f0f: icmp_seq=149 ttl=60 time=506 ms
64 bytes from aaaa::212:740f:f:f0f: icmp_seq=156 ttl=60 time=300 ms
64 bytes from aaaa::212:740f:f:f0f: icmp_seq=158 ttl=60 time=290 ms
64 bytes from aaaa::212:740f:f:f0f: icmp_seq=159 ttl=60 time=525 ms
64 bytes from aaaa::212:740f:f:f0f: icmp_seq=163 ttl=60 time=446 ms
64 bytes from aaaa::212:740f:f:f0f: icmp_seq=168 ttl=60 time=567 ms
64 bytes from aaaa::212:740f:f:f0f: icmp_seq=169 ttl=60 time=251 ms
64 bytes from aaaa::212:740f:f:f0f: icmp_seq=170 ttl=60 time=381 ms
64 bytes from aaaa::212:740f:f:f0f: icmp_seq=172 ttl=60 time=1439 ms
64 bytes from aaaa::212:740f:f:f0f: icmp_seq=173 ttl=60 time=681 ms
64 bytes from aaaa::212:740f:f:f0f: icmp_seq=174 ttl=60 time=284 ms
64 bytes from aaaa::212:740f:f:f0f: icmp_seq=175 ttl=60 time=492 ms
64 bytes from aaaa::212:740f:f:f0f: icmp_seq=176 ttl=60 time=276 ms
64 bytes from aaaa::212:740f:f:f0f: icmp_seq=177 ttl=60 time=498 ms
64 bytes from aaaa::212:740f:f:f0f: icmp_seq=178 ttl=60 time=850 ms
64 bytes from aaaa::212:740f:f:f0f: icmp_seq=179 ttl=60 time=333 ms
64 bytes from aaaa::212:740f:f:f0f: icmp_seq=180 ttl=60 time=301 ms
64 bytes from aaaa::212:740f:f:f0f: icmp_seq=181 ttl=60 time=335 ms
64 bytes from aaaa::212:740f:f:f0f: icmp_seq=182 ttl=60 time=245 ms
64 bytes from aaaa::212:740f:f:f0f: icmp_seq=183 ttl=60 time=258 ms
64 bytes from aaaa::212:740f:f:f0f: icmp_seq=184 ttl=60 time=274 ms
64 bytes from aaaa::212:740f:f:f0f: icmp_seq=185 ttl=60 time=482 ms
64 bytes from aaaa::212:740f:f:f0f: icmp_seq=186 ttl=60 time=322 ms
64 bytes from aaaa::212:740f:f:f0f: icmp_seq=187 ttl=60 time=248 ms
64 bytes from aaaa::212:740f:f:f0f: icmp_seq=188 ttl=60 time=291 ms
64 bytes from aaaa::212:740f:f:f0f: icmp_seq=189 ttl=60 time=351 ms
64 bytes from aaaa::212:740f:f:f0f: icmp_seq=190 ttl=60 time=250 ms
64 bytes from aaaa::212:740f:f:f0f: icmp_seq=191 ttl=60 time=357 ms
64 bytes from aaaa::212:740f:f:f0f: icmp_seq=192 ttl=60 time=255 ms
64 bytes from aaaa::212:740f:f:f0f: icmp_seq=193 ttl=60 time=787 ms
64 bytes from aaaa::212:740f:f:f0f: icmp_seq=194 ttl=60 time=258 ms
64 bytes from aaaa::212:740f:f:f0f: icmp_seq=195 ttl=60 time=252 ms
64 bytes from aaaa::212:740f:f:f0f: icmp_seq=196 ttl=60 time=352 ms
64 bytes from aaaa::212:740f:f:f0f: icmp_seq=197 ttl=60 time=608 ms
64 bytes from aaaa::212:740f:f:f0f: icmp_seq=198 ttl=60 time=442 ms
64 bytes from aaaa::212:740f:f:f0f: icmp_seq=199 ttl=60 time=272 ms
64 bytes from aaaa::212:740f:f:f0f: icmp_seq=200 ttl=60 time=281 ms

--- aaaa::212:740f:f:f0f ping statistics ---
200 packets transmitted, 155 received, 22% packet loss, time 1002016ms
rtt min/avg/max/mdev = 201.820/403.998/2176.771/249.972 ms
