PING aaaa::212:7406:6:606(aaaa::212:7406:6:606) 56 data bytes
64 bytes from aaaa::212:7406:6:606: icmp_seq=1 ttl=62 time=117 ms
64 bytes from aaaa::212:7406:6:606: icmp_seq=2 ttl=62 time=297 ms
64 bytes from aaaa::212:7406:6:606: icmp_seq=3 ttl=62 time=150 ms
64 bytes from aaaa::212:7406:6:606: icmp_seq=4 ttl=62 time=90.2 ms
64 bytes from aaaa::212:7406:6:606: icmp_seq=6 ttl=62 time=108 ms
64 bytes from aaaa::212:7406:6:606: icmp_seq=7 ttl=62 time=1367 ms
64 bytes from aaaa::212:7406:6:606: icmp_seq=8 ttl=62 time=100 ms
64 bytes from aaaa::212:7406:6:606: icmp_seq=9 ttl=62 time=118 ms
64 bytes from aaaa::212:7406:6:606: icmp_seq=10 ttl=62 time=82.3 ms
64 bytes from aaaa::212:7406:6:606: icmp_seq=11 ttl=62 time=546 ms
64 bytes from aaaa::212:7406:6:606: icmp_seq=12 ttl=62 time=185 ms
64 bytes from aaaa::212:7406:6:606: icmp_seq=13 ttl=62 time=166 ms
64 bytes from aaaa::212:7406:6:606: icmp_seq=14 ttl=62 time=779 ms
64 bytes from aaaa::212:7406:6:606: icmp_seq=15 ttl=62 time=108 ms
64 bytes from aaaa::212:7406:6:606: icmp_seq=16 ttl=62 time=104 ms
64 bytes from aaaa::212:7406:6:606: icmp_seq=17 ttl=62 time=213 ms
64 bytes from aaaa::212:7406:6:606: icmp_seq=18 ttl=62 time=127 ms
64 bytes from aaaa::212:7406:6:606: icmp_seq=19 ttl=62 time=91.1 ms
64 bytes from aaaa::212:7406:6:606: icmp_seq=20 ttl=62 time=209 ms
64 bytes from aaaa::212:7406:6:606: icmp_seq=21 ttl=62 time=202 ms
64 bytes from aaaa::212:7406:6:606: icmp_seq=23 ttl=62 time=101 ms
64 bytes from aaaa::212:7406:6:606: icmp_seq=25 ttl=62 time=207 ms
64 bytes from aaaa::212:7406:6:606: icmp_seq=26 ttl=62 time=95.0 ms
64 bytes from aaaa::212:7406:6:606: icmp_seq=27 ttl=62 time=203 ms
64 bytes from aaaa::212:7406:6:606: icmp_seq=28 ttl=62 time=1001 ms
64 bytes from aaaa::212:7406:6:606: icmp_seq=29 ttl=62 time=423 ms
64 bytes from aaaa::212:7406:6:606: icmp_seq=32 ttl=62 time=173 ms
64 bytes from aaaa::212:7406:6:606: icmp_seq=33 ttl=62 time=178 ms
64 bytes from aaaa::212:7406:6:606: icmp_seq=34 ttl=62 time=216 ms
64 bytes from aaaa::212:7406:6:606: icmp_seq=35 ttl=62 time=98.4 ms
64 bytes from aaaa::212:7406:6:606: icmp_seq=36 ttl=62 time=97.5 ms
64 bytes from aaaa::212:7406:6:606: icmp_seq=37 ttl=62 time=119 ms
64 bytes from aaaa::212:7406:6:606: icmp_seq=38 ttl=62 time=114 ms
64 bytes from aaaa::212:7406:6:606: icmp_seq=39 ttl=62 time=108 ms
64 bytes from aaaa::212:7406:6:606: icmp_seq=40 ttl=62 time=106 ms
64 bytes from aaaa::212:7406:6:606: icmp_seq=41 ttl=62 time=97.7 ms
64 bytes from aaaa::212:7406:6:606: icmp_seq=42 ttl=62 time=84.5 ms
64 bytes from aaaa::212:7406:6:606: icmp_seq=43 ttl=62 time=111 ms
64 bytes from aaaa::212:7406:6:606: icmp_seq=44 ttl=62 time=91.0 ms
64 bytes from aaaa::212:7406:6:606: icmp_seq=45 ttl=62 time=202 ms
64 bytes from aaaa::212:7406:6:606: icmp_seq=46 ttl=62 time=109 ms
64 bytes from aaaa::212:7406:6:606: icmp_seq=47 ttl=62 time=107 ms
64 bytes from aaaa::212:7406:6:606: icmp_seq=48 ttl=62 time=159 ms
64 bytes from aaaa::212:7406:6:606: icmp_seq=49 ttl=62 time=87.8 ms
64 bytes from aaaa::212:7406:6:606: icmp_seq=50 ttl=62 time=96.2 ms
64 bytes from aaaa::212:7406:6:606: icmp_seq=51 ttl=62 time=81.8 ms
64 bytes from aaaa::212:7406:6:606: icmp_seq=52 ttl=62 time=145 ms
64 bytes from aaaa::212:7406:6:606: icmp_seq=53 ttl=62 time=109 ms
64 bytes from aaaa::212:7406:6:606: icmp_seq=54 ttl=62 time=74.0 ms
64 bytes from aaaa::212:7406:6:606: icmp_seq=55 ttl=62 time=78.9 ms
64 bytes from aaaa::212:7406:6:606: icmp_seq=56 ttl=62 time=99.1 ms
64 bytes from aaaa::212:7406:6:606: icmp_seq=57 ttl=62 time=124 ms
64 bytes from aaaa::212:7406:6:606: icmp_seq=58 ttl=62 time=107 ms
64 bytes from aaaa::212:7406:6:606: icmp_seq=59 ttl=62 time=87.5 ms
64 bytes from aaaa::212:7406:6:606: icmp_seq=60 ttl=62 time=94.8 ms
64 bytes from aaaa::212:7406:6:606: icmp_seq=61 ttl=62 time=97.6 ms
64 bytes from aaaa::212:7406:6:606: icmp_seq=62 ttl=62 time=85.1 ms
64 bytes from aaaa::212:7406:6:606: icmp_seq=63 ttl=62 time=87.4 ms
64 bytes from aaaa::212:7406:6:606: icmp_seq=64 ttl=62 time=77.8 ms
64 bytes from aaaa::212:7406:6:606: icmp_seq=65 ttl=62 time=96.2 ms
64 bytes from aaaa::212:7406:6:606: icmp_seq=66 ttl=62 time=94.8 ms
64 bytes from aaaa::212:7406:6:606: icmp_seq=67 ttl=62 time=108 ms
64 bytes from aaaa::212:7406:6:606: icmp_seq=68 ttl=62 time=123 ms
64 bytes from aaaa::212:7406:6:606: icmp_seq=69 ttl=62 time=138 ms
64 bytes from aaaa::212:7406:6:606: icmp_seq=70 ttl=62 time=90.3 ms
64 bytes from aaaa::212:7406:6:606: icmp_seq=71 ttl=62 time=71.2 ms
64 bytes from aaaa::212:7406:6:606: icmp_seq=72 ttl=62 time=86.9 ms
64 bytes from aaaa::212:7406:6:606: icmp_seq=73 ttl=62 time=87.3 ms
64 bytes from aaaa::212:7406:6:606: icmp_seq=74 ttl=62 time=90.2 ms
64 bytes from aaaa::212:7406:6:606: icmp_seq=75 ttl=62 time=108 ms
64 bytes from aaaa::212:7406:6:606: icmp_seq=76 ttl=62 time=84.6 ms
64 bytes from aaaa::212:7406:6:606: icmp_seq=77 ttl=62 time=99.1 ms
64 bytes from aaaa::212:7406:6:606: icmp_seq=78 ttl=62 time=116 ms
64 bytes from aaaa::212:7406:6:606: icmp_seq=79 ttl=62 time=98.2 ms
64 bytes from aaaa::212:7406:6:606: icmp_seq=80 ttl=62 time=99.0 ms
64 bytes from aaaa::212:7406:6:606: icmp_seq=81 ttl=62 time=96.4 ms
64 bytes from aaaa::212:7406:6:606: icmp_seq=82 ttl=62 time=115 ms
64 bytes from aaaa::212:7406:6:606: icmp_seq=83 ttl=62 time=85.9 ms
64 bytes from aaaa::212:7406:6:606: icmp_seq=84 ttl=62 time=97.4 ms
64 bytes from aaaa::212:7406:6:606: icmp_seq=85 ttl=62 time=88.5 ms
64 bytes from aaaa::212:7406:6:606: icmp_seq=86 ttl=62 time=134 ms
64 bytes from aaaa::212:7406:6:606: icmp_seq=87 ttl=62 time=224 ms
64 bytes from aaaa::212:7406:6:606: icmp_seq=88 ttl=62 time=93.1 ms
64 bytes from aaaa::212:7406:6:606: icmp_seq=89 ttl=62 time=95.7 ms
64 bytes from aaaa::212:7406:6:606: icmp_seq=90 ttl=62 time=93.0 ms
64 bytes from aaaa::212:7406:6:606: icmp_seq=91 ttl=62 time=95.4 ms
64 bytes from aaaa::212:7406:6:606: icmp_seq=92 ttl=62 time=94.9 ms
64 bytes from aaaa::212:7406:6:606: icmp_seq=93 ttl=62 time=81.8 ms
64 bytes from aaaa::212:7406:6:606: icmp_seq=94 ttl=62 time=87.2 ms
64 bytes from aaaa::212:7406:6:606: icmp_seq=95 ttl=62 time=199 ms
64 bytes from aaaa::212:7406:6:606: icmp_seq=96 ttl=62 time=83.4 ms
64 bytes from aaaa::212:7406:6:606: icmp_seq=97 ttl=62 time=88.6 ms
64 bytes from aaaa::212:7406:6:606: icmp_seq=98 ttl=62 time=118 ms
64 bytes from aaaa::212:7406:6:606: icmp_seq=99 ttl=62 time=105 ms
64 bytes from aaaa::212:7406:6:606: icmp_seq=100 ttl=62 time=125 ms
64 bytes from aaaa::212:7406:6:606: icmp_seq=101 ttl=62 time=113 ms
64 bytes from aaaa::212:7406:6:606: icmp_seq=102 ttl=62 time=94.7 ms
64 bytes from aaaa::212:7406:6:606: icmp_seq=103 ttl=62 time=238 ms
64 bytes from aaaa::212:7406:6:606: icmp_seq=104 ttl=62 time=159 ms
64 bytes from aaaa::212:7406:6:606: icmp_seq=105 ttl=62 time=253 ms
64 bytes from aaaa::212:7406:6:606: icmp_seq=106 ttl=62 time=578 ms
64 bytes from aaaa::212:7406:6:606: icmp_seq=107 ttl=62 time=447 ms
64 bytes from aaaa::212:7406:6:606: icmp_seq=108 ttl=62 time=542 ms
64 bytes from aaaa::212:7406:6:606: icmp_seq=109 ttl=62 time=436 ms
64 bytes from aaaa::212:7406:6:606: icmp_seq=110 ttl=62 time=153 ms
64 bytes from aaaa::212:7406:6:606: icmp_seq=111 ttl=62 time=416 ms
64 bytes from aaaa::212:7406:6:606: icmp_seq=112 ttl=62 time=257 ms
64 bytes from aaaa::212:7406:6:606: icmp_seq=113 ttl=62 time=508 ms
64 bytes from aaaa::212:7406:6:606: icmp_seq=114 ttl=62 time=229 ms
64 bytes from aaaa::212:7406:6:606: icmp_seq=115 ttl=62 time=234 ms
64 bytes from aaaa::212:7406:6:606: icmp_seq=116 ttl=62 time=230 ms
64 bytes from aaaa::212:7406:6:606: icmp_seq=117 ttl=62 time=225 ms
64 bytes from aaaa::212:7406:6:606: icmp_seq=118 ttl=62 time=278 ms
64 bytes from aaaa::212:7406:6:606: icmp_seq=119 ttl=62 time=459 ms
64 bytes from aaaa::212:7406:6:606: icmp_seq=120 ttl=62 time=334 ms
64 bytes from aaaa::212:7406:6:606: icmp_seq=121 ttl=62 time=145 ms
64 bytes from aaaa::212:7406:6:606: icmp_seq=122 ttl=62 time=148 ms
64 bytes from aaaa::212:7406:6:606: icmp_seq=123 ttl=62 time=324 ms
64 bytes from aaaa::212:7406:6:606: icmp_seq=124 ttl=62 time=159 ms
64 bytes from aaaa::212:7406:6:606: icmp_seq=125 ttl=62 time=297 ms
64 bytes from aaaa::212:7406:6:606: icmp_seq=126 ttl=62 time=166 ms
64 bytes from aaaa::212:7406:6:606: icmp_seq=127 ttl=62 time=174 ms
64 bytes from aaaa::212:7406:6:606: icmp_seq=128 ttl=62 time=196 ms
64 bytes from aaaa::212:7406:6:606: icmp_seq=129 ttl=62 time=184 ms
64 bytes from aaaa::212:7406:6:606: icmp_seq=130 ttl=62 time=221 ms
64 bytes from aaaa::212:7406:6:606: icmp_seq=131 ttl=62 time=212 ms
64 bytes from aaaa::212:7406:6:606: icmp_seq=132 ttl=62 time=210 ms
64 bytes from aaaa::212:7406:6:606: icmp_seq=133 ttl=62 time=204 ms
64 bytes from aaaa::212:7406:6:606: icmp_seq=134 ttl=62 time=521 ms
64 bytes from aaaa::212:7406:6:606: icmp_seq=135 ttl=62 time=158 ms
64 bytes from aaaa::212:7406:6:606: icmp_seq=137 ttl=62 time=351 ms
64 bytes from aaaa::212:7406:6:606: icmp_seq=140 ttl=62 time=230 ms
64 bytes from aaaa::212:7406:6:606: icmp_seq=143 ttl=62 time=132 ms
64 bytes from aaaa::212:7406:6:606: icmp_seq=145 ttl=62 time=161 ms
64 bytes from aaaa::212:7406:6:606: icmp_seq=146 ttl=62 time=190 ms
64 bytes from aaaa::212:7406:6:606: icmp_seq=148 ttl=62 time=507 ms
64 bytes from aaaa::212:7406:6:606: icmp_seq=149 ttl=62 time=129 ms
64 bytes from aaaa::212:7406:6:606: icmp_seq=151 ttl=62 time=384 ms
64 bytes from aaaa::212:7406:6:606: icmp_seq=152 ttl=62 time=133 ms
64 bytes from aaaa::212:7406:6:606: icmp_seq=153 ttl=62 time=186 ms
64 bytes from aaaa::212:7406:6:606: icmp_seq=166 ttl=62 time=412 ms
64 bytes from aaaa::212:7406:6:606: icmp_seq=175 ttl=62 time=198 ms
64 bytes from aaaa::212:7406:6:606: icmp_seq=176 ttl=62 time=223 ms
64 bytes from aaaa::212:7406:6:606: icmp_seq=179 ttl=62 time=100 ms
64 bytes from aaaa::212:7406:6:606: icmp_seq=180 ttl=62 time=90.9 ms
64 bytes from aaaa::212:7406:6:606: icmp_seq=183 ttl=62 time=177 ms
64 bytes from aaaa::212:7406:6:606: icmp_seq=189 ttl=62 time=106 ms
64 bytes from aaaa::212:7406:6:606: icmp_seq=195 ttl=62 time=231 ms
64 bytes from aaaa::212:7406:6:606: icmp_seq=196 ttl=62 time=394 ms
64 bytes from aaaa::212:7406:6:606: icmp_seq=197 ttl=62 time=179 ms
64 bytes from aaaa::212:7406:6:606: icmp_seq=199 ttl=62 time=266 ms
64 bytes from aaaa::212:7406:6:606: icmp_seq=200 ttl=62 time=177 ms

--- aaaa::212:7406:6:606 ping statistics ---
200 packets transmitted, 152 received, 24% packet loss, time 1002399ms
rtt min/avg/max/mdev = 71.287/192.117/1367.050/169.152 ms
