PING fd00::212:7402:2:202(fd00::212:7402:2:202) 56 data bytes
64 bytes from fd00::212:7402:2:202: icmp_seq=1 ttl=62 time=249 ms
64 bytes from fd00::212:7402:2:202: icmp_seq=2 ttl=62 time=248 ms
64 bytes from fd00::212:7402:2:202: icmp_seq=7 ttl=62 time=191 ms
64 bytes from fd00::212:7402:2:202: icmp_seq=8 ttl=62 time=214 ms
64 bytes from fd00::212:7402:2:202: icmp_seq=10 ttl=62 time=364 ms
64 bytes from fd00::212:7402:2:202: icmp_seq=11 ttl=62 time=239 ms
64 bytes from fd00::212:7402:2:202: icmp_seq=12 ttl=62 time=116 ms
64 bytes from fd00::212:7402:2:202: icmp_seq=20 ttl=62 time=191 ms
64 bytes from fd00::212:7402:2:202: icmp_seq=22 ttl=62 time=278 ms
64 bytes from fd00::212:7402:2:202: icmp_seq=33 ttl=62 time=432 ms
64 bytes from fd00::212:7402:2:202: icmp_seq=35 ttl=62 time=351 ms
64 bytes from fd00::212:7402:2:202: icmp_seq=36 ttl=62 time=259 ms
64 bytes from fd00::212:7402:2:202: icmp_seq=37 ttl=62 time=571 ms
64 bytes from fd00::212:7402:2:202: icmp_seq=38 ttl=62 time=520 ms
64 bytes from fd00::212:7402:2:202: icmp_seq=39 ttl=62 time=316 ms
64 bytes from fd00::212:7402:2:202: icmp_seq=40 ttl=62 time=483 ms
64 bytes from fd00::212:7402:2:202: icmp_seq=41 ttl=62 time=729 ms
64 bytes from fd00::212:7402:2:202: icmp_seq=42 ttl=62 time=442 ms
64 bytes from fd00::212:7402:2:202: icmp_seq=43 ttl=62 time=603 ms
64 bytes from fd00::212:7402:2:202: icmp_seq=44 ttl=62 time=259 ms
64 bytes from fd00::212:7402:2:202: icmp_seq=45 ttl=62 time=284 ms
64 bytes from fd00::212:7402:2:202: icmp_seq=46 ttl=62 time=301 ms
64 bytes from fd00::212:7402:2:202: icmp_seq=48 ttl=62 time=113 ms
64 bytes from fd00::212:7402:2:202: icmp_seq=49 ttl=62 time=129 ms
64 bytes from fd00::212:7402:2:202: icmp_seq=50 ttl=62 time=141 ms
64 bytes from fd00::212:7402:2:202: icmp_seq=51 ttl=62 time=201 ms
64 bytes from fd00::212:7402:2:202: icmp_seq=52 ttl=62 time=195 ms
64 bytes from fd00::212:7402:2:202: icmp_seq=53 ttl=62 time=271 ms
64 bytes from fd00::212:7402:2:202: icmp_seq=54 ttl=62 time=253 ms
64 bytes from fd00::212:7402:2:202: icmp_seq=56 ttl=62 time=136 ms
64 bytes from fd00::212:7402:2:202: icmp_seq=57 ttl=62 time=126 ms
64 bytes from fd00::212:7402:2:202: icmp_seq=58 ttl=62 time=104 ms
64 bytes from fd00::212:7402:2:202: icmp_seq=59 ttl=62 time=168 ms
64 bytes from fd00::212:7402:2:202: icmp_seq=60 ttl=62 time=133 ms
64 bytes from fd00::212:7402:2:202: icmp_seq=61 ttl=62 time=111 ms
64 bytes from fd00::212:7402:2:202: icmp_seq=62 ttl=62 time=134 ms
64 bytes from fd00::212:7402:2:202: icmp_seq=63 ttl=62 time=85.4 ms
64 bytes from fd00::212:7402:2:202: icmp_seq=64 ttl=62 time=118 ms
64 bytes from fd00::212:7402:2:202: icmp_seq=65 ttl=62 time=136 ms
64 bytes from fd00::212:7402:2:202: icmp_seq=66 ttl=62 time=102 ms
64 bytes from fd00::212:7402:2:202: icmp_seq=67 ttl=62 time=117 ms
64 bytes from fd00::212:7402:2:202: icmp_seq=68 ttl=62 time=131 ms
64 bytes from fd00::212:7402:2:202: icmp_seq=69 ttl=62 time=112 ms
64 bytes from fd00::212:7402:2:202: icmp_seq=70 ttl=62 time=131 ms
64 bytes from fd00::212:7402:2:202: icmp_seq=71 ttl=62 time=110 ms
64 bytes from fd00::212:7402:2:202: icmp_seq=72 ttl=62 time=147 ms
64 bytes from fd00::212:7402:2:202: icmp_seq=73 ttl=62 time=144 ms
64 bytes from fd00::212:7402:2:202: icmp_seq=74 ttl=62 time=138 ms
64 bytes from fd00::212:7402:2:202: icmp_seq=75 ttl=62 time=117 ms
64 bytes from fd00::212:7402:2:202: icmp_seq=76 ttl=62 time=108 ms
64 bytes from fd00::212:7402:2:202: icmp_seq=77 ttl=62 time=135 ms
64 bytes from fd00::212:7402:2:202: icmp_seq=78 ttl=62 time=123 ms
64 bytes from fd00::212:7402:2:202: icmp_seq=79 ttl=62 time=109 ms
64 bytes from fd00::212:7402:2:202: icmp_seq=80 ttl=62 time=130 ms
64 bytes from fd00::212:7402:2:202: icmp_seq=81 ttl=62 time=128 ms
64 bytes from fd00::212:7402:2:202: icmp_seq=82 ttl=62 time=127 ms
64 bytes from fd00::212:7402:2:202: icmp_seq=83 ttl=62 time=119 ms
64 bytes from fd00::212:7402:2:202: icmp_seq=84 ttl=62 time=119 ms
64 bytes from fd00::212:7402:2:202: icmp_seq=85 ttl=62 time=110 ms
64 bytes from fd00::212:7402:2:202: icmp_seq=86 ttl=62 time=110 ms
64 bytes from fd00::212:7402:2:202: icmp_seq=87 ttl=62 time=141 ms
64 bytes from fd00::212:7402:2:202: icmp_seq=88 ttl=62 time=131 ms
64 bytes from fd00::212:7402:2:202: icmp_seq=89 ttl=62 time=116 ms
64 bytes from fd00::212:7402:2:202: icmp_seq=90 ttl=62 time=106 ms
64 bytes from fd00::212:7402:2:202: icmp_seq=91 ttl=62 time=110 ms
64 bytes from fd00::212:7402:2:202: icmp_seq=92 ttl=62 time=108 ms
64 bytes from fd00::212:7402:2:202: icmp_seq=93 ttl=62 time=89.4 ms
64 bytes from fd00::212:7402:2:202: icmp_seq=94 ttl=62 time=133 ms
64 bytes from fd00::212:7402:2:202: icmp_seq=95 ttl=62 time=111 ms
64 bytes from fd00::212:7402:2:202: icmp_seq=96 ttl=62 time=134 ms
64 bytes from fd00::212:7402:2:202: icmp_seq=97 ttl=62 time=102 ms
64 bytes from fd00::212:7402:2:202: icmp_seq=98 ttl=62 time=104 ms
64 bytes from fd00::212:7402:2:202: icmp_seq=99 ttl=62 time=103 ms
64 bytes from fd00::212:7402:2:202: icmp_seq=100 ttl=62 time=114 ms

--- fd00::212:7402:2:202 ping statistics ---
100 packets transmitted, 74 received, 26% packet loss, time 498946ms
rtt min/avg/max/mdev = 85.468/194.611/729.898/132.511 ms
