PING fd00::212:7409:9:909(fd00::212:7409:9:909) 56 data bytes
64 bytes from fd00::212:7409:9:909: icmp_seq=1 ttl=61 time=293 ms
64 bytes from fd00::212:7409:9:909: icmp_seq=2 ttl=61 time=308 ms
64 bytes from fd00::212:7409:9:909: icmp_seq=3 ttl=61 time=314 ms
64 bytes from fd00::212:7409:9:909: icmp_seq=4 ttl=61 time=275 ms
64 bytes from fd00::212:7409:9:909: icmp_seq=5 ttl=61 time=395 ms
64 bytes from fd00::212:7409:9:909: icmp_seq=6 ttl=61 time=403 ms
64 bytes from fd00::212:7409:9:909: icmp_seq=7 ttl=61 time=309 ms
64 bytes from fd00::212:7409:9:909: icmp_seq=8 ttl=61 time=538 ms
64 bytes from fd00::212:7409:9:909: icmp_seq=9 ttl=61 time=493 ms
64 bytes from fd00::212:7409:9:909: icmp_seq=20 ttl=61 time=278 ms
64 bytes from fd00::212:7409:9:909: icmp_seq=26 ttl=61 time=481 ms
64 bytes from fd00::212:7409:9:909: icmp_seq=29 ttl=61 time=467 ms
64 bytes from fd00::212:7409:9:909: icmp_seq=32 ttl=61 time=227 ms
64 bytes from fd00::212:7409:9:909: icmp_seq=34 ttl=61 time=231 ms
64 bytes from fd00::212:7409:9:909: icmp_seq=35 ttl=61 time=435 ms
64 bytes from fd00::212:7409:9:909: icmp_seq=36 ttl=61 time=434 ms
64 bytes from fd00::212:7409:9:909: icmp_seq=37 ttl=61 time=404 ms
64 bytes from fd00::212:7409:9:909: icmp_seq=38 ttl=61 time=523 ms
64 bytes from fd00::212:7409:9:909: icmp_seq=40 ttl=61 time=272 ms
64 bytes from fd00::212:7409:9:909: icmp_seq=41 ttl=61 time=457 ms
64 bytes from fd00::212:7409:9:909: icmp_seq=43 ttl=61 time=403 ms
64 bytes from fd00::212:7409:9:909: icmp_seq=44 ttl=61 time=620 ms
64 bytes from fd00::212:7409:9:909: icmp_seq=51 ttl=61 time=287 ms
64 bytes from fd00::212:7409:9:909: icmp_seq=52 ttl=61 time=339 ms
64 bytes from fd00::212:7409:9:909: icmp_seq=53 ttl=61 time=362 ms
64 bytes from fd00::212:7409:9:909: icmp_seq=55 ttl=61 time=273 ms
64 bytes from fd00::212:7409:9:909: icmp_seq=56 ttl=61 time=161 ms
64 bytes from fd00::212:7409:9:909: icmp_seq=57 ttl=61 time=343 ms
64 bytes from fd00::212:7409:9:909: icmp_seq=58 ttl=61 time=331 ms
64 bytes from fd00::212:7409:9:909: icmp_seq=59 ttl=61 time=216 ms
64 bytes from fd00::212:7409:9:909: icmp_seq=60 ttl=61 time=155 ms
64 bytes from fd00::212:7409:9:909: icmp_seq=61 ttl=61 time=188 ms
64 bytes from fd00::212:7409:9:909: icmp_seq=62 ttl=61 time=189 ms
64 bytes from fd00::212:7409:9:909: icmp_seq=63 ttl=61 time=185 ms
64 bytes from fd00::212:7409:9:909: icmp_seq=64 ttl=61 time=158 ms
64 bytes from fd00::212:7409:9:909: icmp_seq=65 ttl=61 time=163 ms
64 bytes from fd00::212:7409:9:909: icmp_seq=66 ttl=61 time=173 ms
64 bytes from fd00::212:7409:9:909: icmp_seq=67 ttl=61 time=152 ms
64 bytes from fd00::212:7409:9:909: icmp_seq=68 ttl=61 time=162 ms
64 bytes from fd00::212:7409:9:909: icmp_seq=69 ttl=61 time=191 ms
64 bytes from fd00::212:7409:9:909: icmp_seq=70 ttl=61 time=190 ms
64 bytes from fd00::212:7409:9:909: icmp_seq=71 ttl=61 time=174 ms
64 bytes from fd00::212:7409:9:909: icmp_seq=72 ttl=61 time=192 ms
64 bytes from fd00::212:7409:9:909: icmp_seq=73 ttl=61 time=167 ms
64 bytes from fd00::212:7409:9:909: icmp_seq=74 ttl=61 time=165 ms
64 bytes from fd00::212:7409:9:909: icmp_seq=75 ttl=61 time=189 ms
64 bytes from fd00::212:7409:9:909: icmp_seq=76 ttl=61 time=215 ms
64 bytes from fd00::212:7409:9:909: icmp_seq=77 ttl=61 time=165 ms
64 bytes from fd00::212:7409:9:909: icmp_seq=78 ttl=61 time=167 ms
64 bytes from fd00::212:7409:9:909: icmp_seq=79 ttl=61 time=159 ms
64 bytes from fd00::212:7409:9:909: icmp_seq=80 ttl=61 time=170 ms
64 bytes from fd00::212:7409:9:909: icmp_seq=81 ttl=61 time=171 ms
64 bytes from fd00::212:7409:9:909: icmp_seq=82 ttl=61 time=157 ms
64 bytes from fd00::212:7409:9:909: icmp_seq=83 ttl=61 time=203 ms
64 bytes from fd00::212:7409:9:909: icmp_seq=84 ttl=61 time=207 ms
64 bytes from fd00::212:7409:9:909: icmp_seq=85 ttl=61 time=237 ms
64 bytes from fd00::212:7409:9:909: icmp_seq=86 ttl=61 time=475 ms
64 bytes from fd00::212:7409:9:909: icmp_seq=87 ttl=61 time=427 ms
64 bytes from fd00::212:7409:9:909: icmp_seq=88 ttl=61 time=188 ms
64 bytes from fd00::212:7409:9:909: icmp_seq=89 ttl=61 time=238 ms
64 bytes from fd00::212:7409:9:909: icmp_seq=90 ttl=61 time=390 ms
64 bytes from fd00::212:7409:9:909: icmp_seq=91 ttl=61 time=379 ms
64 bytes from fd00::212:7409:9:909: icmp_seq=92 ttl=61 time=575 ms
64 bytes from fd00::212:7409:9:909: icmp_seq=93 ttl=61 time=193 ms
64 bytes from fd00::212:7409:9:909: icmp_seq=94 ttl=61 time=259 ms
64 bytes from fd00::212:7409:9:909: icmp_seq=95 ttl=61 time=366 ms
64 bytes from fd00::212:7409:9:909: icmp_seq=96 ttl=61 time=206 ms
64 bytes from fd00::212:7409:9:909: icmp_seq=97 ttl=61 time=202 ms
64 bytes from fd00::212:7409:9:909: icmp_seq=98 ttl=61 time=225 ms
64 bytes from fd00::212:7409:9:909: icmp_seq=99 ttl=61 time=452 ms
64 bytes from fd00::212:7409:9:909: icmp_seq=100 ttl=61 time=205 ms

--- fd00::212:7409:9:909 ping statistics ---
100 packets transmitted, 71 received, 29% packet loss, time 499959ms
rtt min/avg/max/mdev = 152.236/286.321/620.534/122.369 ms
