PING fd00::212:7404:4:404(fd00::212:7404:4:404) 56 data bytes
64 bytes from fd00::212:7404:4:404: icmp_seq=1 ttl=62 time=99.8 ms
64 bytes from fd00::212:7404:4:404: icmp_seq=2 ttl=62 time=378 ms
64 bytes from fd00::212:7404:4:404: icmp_seq=3 ttl=62 time=248 ms
64 bytes from fd00::212:7404:4:404: icmp_seq=4 ttl=62 time=389 ms
64 bytes from fd00::212:7404:4:404: icmp_seq=5 ttl=62 time=500 ms
64 bytes from fd00::212:7404:4:404: icmp_seq=6 ttl=62 time=503 ms
64 bytes from fd00::212:7404:4:404: icmp_seq=7 ttl=62 time=325 ms
64 bytes from fd00::212:7404:4:404: icmp_seq=8 ttl=62 time=257 ms
64 bytes from fd00::212:7404:4:404: icmp_seq=9 ttl=62 time=537 ms
64 bytes from fd00::212:7404:4:404: icmp_seq=10 ttl=62 time=556 ms
64 bytes from fd00::212:7404:4:404: icmp_seq=19 ttl=62 time=270 ms
64 bytes from fd00::212:7404:4:404: icmp_seq=20 ttl=62 time=97.9 ms
64 bytes from fd00::212:7404:4:404: icmp_seq=21 ttl=62 time=69.7 ms
64 bytes from fd00::212:7404:4:404: icmp_seq=22 ttl=62 time=121 ms
64 bytes from fd00::212:7404:4:404: icmp_seq=23 ttl=62 time=82.7 ms
64 bytes from fd00::212:7404:4:404: icmp_seq=24 ttl=62 time=93.2 ms
64 bytes from fd00::212:7404:4:404: icmp_seq=25 ttl=62 time=175 ms
64 bytes from fd00::212:7404:4:404: icmp_seq=26 ttl=62 time=121 ms
64 bytes from fd00::212:7404:4:404: icmp_seq=27 ttl=62 time=80.2 ms
64 bytes from fd00::212:7404:4:404: icmp_seq=28 ttl=62 time=77.9 ms
64 bytes from fd00::212:7404:4:404: icmp_seq=29 ttl=62 time=79.0 ms
64 bytes from fd00::212:7404:4:404: icmp_seq=30 ttl=62 time=117 ms
64 bytes from fd00::212:7404:4:404: icmp_seq=31 ttl=62 time=81.5 ms
64 bytes from fd00::212:7404:4:404: icmp_seq=32 ttl=62 time=103 ms
64 bytes from fd00::212:7404:4:404: icmp_seq=33 ttl=62 time=75.3 ms
64 bytes from fd00::212:7404:4:404: icmp_seq=34 ttl=62 time=99.0 ms
64 bytes from fd00::212:7404:4:404: icmp_seq=35 ttl=62 time=102 ms
64 bytes from fd00::212:7404:4:404: icmp_seq=36 ttl=62 time=72.7 ms
64 bytes from fd00::212:7404:4:404: icmp_seq=37 ttl=62 time=73.3 ms
64 bytes from fd00::212:7404:4:404: icmp_seq=38 ttl=62 time=94.1 ms
64 bytes from fd00::212:7404:4:404: icmp_seq=39 ttl=62 time=103 ms
64 bytes from fd00::212:7404:4:404: icmp_seq=40 ttl=62 time=91.2 ms
64 bytes from fd00::212:7404:4:404: icmp_seq=41 ttl=62 time=103 ms
64 bytes from fd00::212:7404:4:404: icmp_seq=42 ttl=62 time=90.0 ms
64 bytes from fd00::212:7404:4:404: icmp_seq=43 ttl=62 time=114 ms
64 bytes from fd00::212:7404:4:404: icmp_seq=44 ttl=62 time=76.5 ms
64 bytes from fd00::212:7404:4:404: icmp_seq=45 ttl=62 time=76.0 ms
64 bytes from fd00::212:7404:4:404: icmp_seq=46 ttl=62 time=96.3 ms
64 bytes from fd00::212:7404:4:404: icmp_seq=47 ttl=62 time=78.7 ms
64 bytes from fd00::212:7404:4:404: icmp_seq=48 ttl=62 time=91.0 ms
64 bytes from fd00::212:7404:4:404: icmp_seq=49 ttl=62 time=85.0 ms
64 bytes from fd00::212:7404:4:404: icmp_seq=50 ttl=62 time=115 ms
64 bytes from fd00::212:7404:4:404: icmp_seq=51 ttl=62 time=109 ms
64 bytes from fd00::212:7404:4:404: icmp_seq=52 ttl=62 time=156 ms
64 bytes from fd00::212:7404:4:404: icmp_seq=53 ttl=62 time=78.6 ms
64 bytes from fd00::212:7404:4:404: icmp_seq=54 ttl=62 time=104 ms
64 bytes from fd00::212:7404:4:404: icmp_seq=55 ttl=62 time=110 ms
64 bytes from fd00::212:7404:4:404: icmp_seq=56 ttl=62 time=106 ms
64 bytes from fd00::212:7404:4:404: icmp_seq=57 ttl=62 time=87.9 ms
64 bytes from fd00::212:7404:4:404: icmp_seq=58 ttl=62 time=97.6 ms
64 bytes from fd00::212:7404:4:404: icmp_seq=59 ttl=62 time=95.1 ms
64 bytes from fd00::212:7404:4:404: icmp_seq=60 ttl=62 time=105 ms
64 bytes from fd00::212:7404:4:404: icmp_seq=61 ttl=62 time=111 ms
64 bytes from fd00::212:7404:4:404: icmp_seq=62 ttl=62 time=101 ms
64 bytes from fd00::212:7404:4:404: icmp_seq=63 ttl=62 time=78.9 ms
64 bytes from fd00::212:7404:4:404: icmp_seq=64 ttl=62 time=98.7 ms
64 bytes from fd00::212:7404:4:404: icmp_seq=65 ttl=62 time=77.9 ms
64 bytes from fd00::212:7404:4:404: icmp_seq=66 ttl=62 time=84.8 ms
64 bytes from fd00::212:7404:4:404: icmp_seq=67 ttl=62 time=95.3 ms
64 bytes from fd00::212:7404:4:404: icmp_seq=68 ttl=62 time=82.9 ms
64 bytes from fd00::212:7404:4:404: icmp_seq=69 ttl=62 time=73.5 ms
64 bytes from fd00::212:7404:4:404: icmp_seq=70 ttl=62 time=74.3 ms
64 bytes from fd00::212:7404:4:404: icmp_seq=71 ttl=62 time=105 ms
64 bytes from fd00::212:7404:4:404: icmp_seq=72 ttl=62 time=67.4 ms
64 bytes from fd00::212:7404:4:404: icmp_seq=73 ttl=62 time=102 ms
64 bytes from fd00::212:7404:4:404: icmp_seq=74 ttl=62 time=129 ms
64 bytes from fd00::212:7404:4:404: icmp_seq=75 ttl=62 time=98.8 ms
64 bytes from fd00::212:7404:4:404: icmp_seq=76 ttl=62 time=92.0 ms
64 bytes from fd00::212:7404:4:404: icmp_seq=77 ttl=62 time=181 ms
64 bytes from fd00::212:7404:4:404: icmp_seq=78 ttl=62 time=82.7 ms
64 bytes from fd00::212:7404:4:404: icmp_seq=79 ttl=62 time=119 ms
64 bytes from fd00::212:7404:4:404: icmp_seq=80 ttl=62 time=67.1 ms
64 bytes from fd00::212:7404:4:404: icmp_seq=81 ttl=62 time=81.6 ms
64 bytes from fd00::212:7404:4:404: icmp_seq=82 ttl=62 time=79.4 ms
64 bytes from fd00::212:7404:4:404: icmp_seq=83 ttl=62 time=78.6 ms
64 bytes from fd00::212:7404:4:404: icmp_seq=84 ttl=62 time=85.0 ms
64 bytes from fd00::212:7404:4:404: icmp_seq=85 ttl=62 time=101 ms
64 bytes from fd00::212:7404:4:404: icmp_seq=86 ttl=62 time=359 ms
64 bytes from fd00::212:7404:4:404: icmp_seq=87 ttl=62 time=126 ms
64 bytes from fd00::212:7404:4:404: icmp_seq=88 ttl=62 time=171 ms
64 bytes from fd00::212:7404:4:404: icmp_seq=89 ttl=62 time=92.3 ms
64 bytes from fd00::212:7404:4:404: icmp_seq=90 ttl=62 time=85.5 ms
64 bytes from fd00::212:7404:4:404: icmp_seq=91 ttl=62 time=111 ms
64 bytes from fd00::212:7404:4:404: icmp_seq=92 ttl=62 time=127 ms
64 bytes from fd00::212:7404:4:404: icmp_seq=93 ttl=62 time=132 ms
64 bytes from fd00::212:7404:4:404: icmp_seq=94 ttl=62 time=176 ms
64 bytes from fd00::212:7404:4:404: icmp_seq=95 ttl=62 time=79.6 ms
64 bytes from fd00::212:7404:4:404: icmp_seq=96 ttl=62 time=96.4 ms
64 bytes from fd00::212:7404:4:404: icmp_seq=97 ttl=62 time=110 ms
64 bytes from fd00::212:7404:4:404: icmp_seq=98 ttl=62 time=147 ms
64 bytes from fd00::212:7404:4:404: icmp_seq=99 ttl=62 time=165 ms
64 bytes from fd00::212:7404:4:404: icmp_seq=100 ttl=62 time=87.4 ms

--- fd00::212:7404:4:404 ping statistics ---
100 packets transmitted, 92 received, 8% packet loss, time 496963ms
rtt min/avg/max/mdev = 67.129/135.703/556.391/105.070 ms
