PING fd00::212:7409:9:909(fd00::212:7409:9:909) 56 data bytes
64 bytes from fd00::212:7409:9:909: icmp_seq=1 ttl=61 time=523 ms
64 bytes from fd00::212:7409:9:909: icmp_seq=2 ttl=61 time=263 ms
64 bytes from fd00::212:7409:9:909: icmp_seq=3 ttl=61 time=522 ms
64 bytes from fd00::212:7409:9:909: icmp_seq=4 ttl=61 time=351 ms
64 bytes from fd00::212:7409:9:909: icmp_seq=5 ttl=61 time=329 ms
64 bytes from fd00::212:7409:9:909: icmp_seq=9 ttl=61 time=364 ms
64 bytes from fd00::212:7409:9:909: icmp_seq=14 ttl=61 time=210 ms
64 bytes from fd00::212:7409:9:909: icmp_seq=15 ttl=61 time=515 ms
64 bytes from fd00::212:7409:9:909: icmp_seq=16 ttl=61 time=186 ms
64 bytes from fd00::212:7409:9:909: icmp_seq=17 ttl=61 time=268 ms
64 bytes from fd00::212:7409:9:909: icmp_seq=18 ttl=61 time=219 ms
64 bytes from fd00::212:7409:9:909: icmp_seq=19 ttl=61 time=357 ms
64 bytes from fd00::212:7409:9:909: icmp_seq=20 ttl=61 time=442 ms
64 bytes from fd00::212:7409:9:909: icmp_seq=21 ttl=61 time=507 ms
64 bytes from fd00::212:7409:9:909: icmp_seq=22 ttl=61 time=503 ms
64 bytes from fd00::212:7409:9:909: icmp_seq=29 ttl=61 time=456 ms
64 bytes from fd00::212:7409:9:909: icmp_seq=31 ttl=61 time=214 ms
64 bytes from fd00::212:7409:9:909: icmp_seq=35 ttl=61 time=215 ms
64 bytes from fd00::212:7409:9:909: icmp_seq=36 ttl=61 time=411 ms
64 bytes from fd00::212:7409:9:909: icmp_seq=37 ttl=61 time=406 ms
64 bytes from fd00::212:7409:9:909: icmp_seq=38 ttl=61 time=464 ms
64 bytes from fd00::212:7409:9:909: icmp_seq=40 ttl=61 time=534 ms
64 bytes from fd00::212:7409:9:909: icmp_seq=41 ttl=61 time=815 ms
64 bytes from fd00::212:7409:9:909: icmp_seq=42 ttl=61 time=495 ms
64 bytes from fd00::212:7409:9:909: icmp_seq=43 ttl=61 time=515 ms
64 bytes from fd00::212:7409:9:909: icmp_seq=45 ttl=61 time=238 ms
64 bytes from fd00::212:7409:9:909: icmp_seq=47 ttl=61 time=363 ms
64 bytes from fd00::212:7409:9:909: icmp_seq=48 ttl=61 time=492 ms
64 bytes from fd00::212:7409:9:909: icmp_seq=49 ttl=61 time=381 ms
64 bytes from fd00::212:7409:9:909: icmp_seq=50 ttl=61 time=951 ms
64 bytes from fd00::212:7409:9:909: icmp_seq=51 ttl=61 time=235 ms
64 bytes from fd00::212:7409:9:909: icmp_seq=52 ttl=61 time=307 ms
64 bytes from fd00::212:7409:9:909: icmp_seq=53 ttl=61 time=193 ms
64 bytes from fd00::212:7409:9:909: icmp_seq=54 ttl=61 time=168 ms
64 bytes from fd00::212:7409:9:909: icmp_seq=55 ttl=61 time=180 ms
64 bytes from fd00::212:7409:9:909: icmp_seq=56 ttl=61 time=201 ms
64 bytes from fd00::212:7409:9:909: icmp_seq=57 ttl=61 time=458 ms
64 bytes from fd00::212:7409:9:909: icmp_seq=58 ttl=61 time=190 ms
64 bytes from fd00::212:7409:9:909: icmp_seq=59 ttl=61 time=525 ms
64 bytes from fd00::212:7409:9:909: icmp_seq=61 ttl=61 time=162 ms
64 bytes from fd00::212:7409:9:909: icmp_seq=62 ttl=61 time=306 ms
64 bytes from fd00::212:7409:9:909: icmp_seq=63 ttl=61 time=185 ms
64 bytes from fd00::212:7409:9:909: icmp_seq=64 ttl=61 time=189 ms
64 bytes from fd00::212:7409:9:909: icmp_seq=65 ttl=61 time=252 ms
64 bytes from fd00::212:7409:9:909: icmp_seq=66 ttl=61 time=150 ms
64 bytes from fd00::212:7409:9:909: icmp_seq=67 ttl=61 time=200 ms
64 bytes from fd00::212:7409:9:909: icmp_seq=68 ttl=61 time=228 ms
64 bytes from fd00::212:7409:9:909: icmp_seq=69 ttl=61 time=188 ms
64 bytes from fd00::212:7409:9:909: icmp_seq=70 ttl=61 time=210 ms
64 bytes from fd00::212:7409:9:909: icmp_seq=71 ttl=61 time=196 ms
64 bytes from fd00::212:7409:9:909: icmp_seq=72 ttl=61 time=177 ms
64 bytes from fd00::212:7409:9:909: icmp_seq=73 ttl=61 time=204 ms
64 bytes from fd00::212:7409:9:909: icmp_seq=74 ttl=61 time=183 ms
64 bytes from fd00::212:7409:9:909: icmp_seq=75 ttl=61 time=224 ms
64 bytes from fd00::212:7409:9:909: icmp_seq=76 ttl=61 time=204 ms
64 bytes from fd00::212:7409:9:909: icmp_seq=77 ttl=61 time=183 ms
64 bytes from fd00::212:7409:9:909: icmp_seq=78 ttl=61 time=163 ms
64 bytes from fd00::212:7409:9:909: icmp_seq=79 ttl=61 time=161 ms
64 bytes from fd00::212:7409:9:909: icmp_seq=80 ttl=61 time=263 ms
64 bytes from fd00::212:7409:9:909: icmp_seq=81 ttl=61 time=175 ms
64 bytes from fd00::212:7409:9:909: icmp_seq=82 ttl=61 time=193 ms
64 bytes from fd00::212:7409:9:909: icmp_seq=83 ttl=61 time=242 ms
64 bytes from fd00::212:7409:9:909: icmp_seq=84 ttl=61 time=233 ms
64 bytes from fd00::212:7409:9:909: icmp_seq=85 ttl=61 time=258 ms
64 bytes from fd00::212:7409:9:909: icmp_seq=86 ttl=61 time=173 ms
64 bytes from fd00::212:7409:9:909: icmp_seq=87 ttl=61 time=307 ms
64 bytes from fd00::212:7409:9:909: icmp_seq=88 ttl=61 time=327 ms
64 bytes from fd00::212:7409:9:909: icmp_seq=89 ttl=61 time=201 ms
64 bytes from fd00::212:7409:9:909: icmp_seq=90 ttl=61 time=274 ms
64 bytes from fd00::212:7409:9:909: icmp_seq=91 ttl=61 time=249 ms
64 bytes from fd00::212:7409:9:909: icmp_seq=92 ttl=61 time=151 ms
64 bytes from fd00::212:7409:9:909: icmp_seq=93 ttl=61 time=169 ms
64 bytes from fd00::212:7409:9:909: icmp_seq=94 ttl=61 time=156 ms
64 bytes from fd00::212:7409:9:909: icmp_seq=95 ttl=61 time=163 ms
64 bytes from fd00::212:7409:9:909: icmp_seq=96 ttl=61 time=172 ms
64 bytes from fd00::212:7409:9:909: icmp_seq=97 ttl=61 time=210 ms
64 bytes from fd00::212:7409:9:909: icmp_seq=98 ttl=61 time=183 ms
64 bytes from fd00::212:7409:9:909: icmp_seq=99 ttl=61 time=172 ms
64 bytes from fd00::212:7409:9:909: icmp_seq=100 ttl=61 time=163 ms

--- fd00::212:7409:9:909 ping statistics ---
100 packets transmitted, 79 received, 21% packet loss, time 498096ms
rtt min/avg/max/mdev = 150.701/293.688/951.627/152.668 ms
