PING fd00::212:7406:6:606(fd00::212:7406:6:606) 56 data bytes
64 bytes from fd00::212:7406:6:606: icmp_seq=1 ttl=62 time=398 ms
64 bytes from fd00::212:7406:6:606: icmp_seq=2 ttl=62 time=297 ms
64 bytes from fd00::212:7406:6:606: icmp_seq=3 ttl=62 time=397 ms
64 bytes from fd00::212:7406:6:606: icmp_seq=4 ttl=62 time=220 ms
64 bytes from fd00::212:7406:6:606: icmp_seq=5 ttl=62 time=541 ms
64 bytes from fd00::212:7406:6:606: icmp_seq=6 ttl=62 time=223 ms
64 bytes from fd00::212:7406:6:606: icmp_seq=7 ttl=62 time=154 ms
64 bytes from fd00::212:7406:6:606: icmp_seq=8 ttl=62 time=106 ms
64 bytes from fd00::212:7406:6:606: icmp_seq=9 ttl=62 time=425 ms
64 bytes from fd00::212:7406:6:606: icmp_seq=10 ttl=62 time=99.6 ms
64 bytes from fd00::212:7406:6:606: icmp_seq=11 ttl=62 time=114 ms
64 bytes from fd00::212:7406:6:606: icmp_seq=12 ttl=62 time=122 ms
64 bytes from fd00::212:7406:6:606: icmp_seq=13 ttl=62 time=95.0 ms
64 bytes from fd00::212:7406:6:606: icmp_seq=14 ttl=62 time=133 ms
64 bytes from fd00::212:7406:6:606: icmp_seq=15 ttl=62 time=107 ms
64 bytes from fd00::212:7406:6:606: icmp_seq=16 ttl=62 time=126 ms
64 bytes from fd00::212:7406:6:606: icmp_seq=17 ttl=62 time=153 ms
64 bytes from fd00::212:7406:6:606: icmp_seq=18 ttl=62 time=95.2 ms
64 bytes from fd00::212:7406:6:606: icmp_seq=19 ttl=62 time=635 ms
64 bytes from fd00::212:7406:6:606: icmp_seq=20 ttl=62 time=148 ms
64 bytes from fd00::212:7406:6:606: icmp_seq=21 ttl=62 time=153 ms
64 bytes from fd00::212:7406:6:606: icmp_seq=22 ttl=62 time=130 ms
64 bytes from fd00::212:7406:6:606: icmp_seq=23 ttl=62 time=110 ms
64 bytes from fd00::212:7406:6:606: icmp_seq=24 ttl=62 time=92.1 ms
64 bytes from fd00::212:7406:6:606: icmp_seq=25 ttl=62 time=109 ms
64 bytes from fd00::212:7406:6:606: icmp_seq=26 ttl=62 time=106 ms
64 bytes from fd00::212:7406:6:606: icmp_seq=27 ttl=62 time=384 ms
64 bytes from fd00::212:7406:6:606: icmp_seq=28 ttl=62 time=114 ms
64 bytes from fd00::212:7406:6:606: icmp_seq=29 ttl=62 time=119 ms
64 bytes from fd00::212:7406:6:606: icmp_seq=30 ttl=62 time=117 ms
64 bytes from fd00::212:7406:6:606: icmp_seq=31 ttl=62 time=88.8 ms
64 bytes from fd00::212:7406:6:606: icmp_seq=32 ttl=62 time=115 ms
64 bytes from fd00::212:7406:6:606: icmp_seq=33 ttl=62 time=172 ms
64 bytes from fd00::212:7406:6:606: icmp_seq=34 ttl=62 time=160 ms
64 bytes from fd00::212:7406:6:606: icmp_seq=35 ttl=62 time=89.6 ms
64 bytes from fd00::212:7406:6:606: icmp_seq=36 ttl=62 time=105 ms
64 bytes from fd00::212:7406:6:606: icmp_seq=37 ttl=62 time=100 ms
64 bytes from fd00::212:7406:6:606: icmp_seq=38 ttl=62 time=113 ms
64 bytes from fd00::212:7406:6:606: icmp_seq=39 ttl=62 time=113 ms
64 bytes from fd00::212:7406:6:606: icmp_seq=40 ttl=62 time=127 ms
64 bytes from fd00::212:7406:6:606: icmp_seq=41 ttl=62 time=148 ms
64 bytes from fd00::212:7406:6:606: icmp_seq=42 ttl=62 time=99.7 ms
64 bytes from fd00::212:7406:6:606: icmp_seq=43 ttl=62 time=111 ms
64 bytes from fd00::212:7406:6:606: icmp_seq=44 ttl=62 time=96.7 ms
64 bytes from fd00::212:7406:6:606: icmp_seq=45 ttl=62 time=117 ms
64 bytes from fd00::212:7406:6:606: icmp_seq=46 ttl=62 time=104 ms
64 bytes from fd00::212:7406:6:606: icmp_seq=47 ttl=62 time=90.5 ms
64 bytes from fd00::212:7406:6:606: icmp_seq=48 ttl=62 time=97.5 ms
64 bytes from fd00::212:7406:6:606: icmp_seq=49 ttl=62 time=117 ms
64 bytes from fd00::212:7406:6:606: icmp_seq=50 ttl=62 time=129 ms
64 bytes from fd00::212:7406:6:606: icmp_seq=51 ttl=62 time=109 ms
64 bytes from fd00::212:7406:6:606: icmp_seq=52 ttl=62 time=127 ms
64 bytes from fd00::212:7406:6:606: icmp_seq=53 ttl=62 time=152 ms
64 bytes from fd00::212:7406:6:606: icmp_seq=54 ttl=62 time=102 ms
64 bytes from fd00::212:7406:6:606: icmp_seq=55 ttl=62 time=230 ms
64 bytes from fd00::212:7406:6:606: icmp_seq=56 ttl=62 time=115 ms
64 bytes from fd00::212:7406:6:606: icmp_seq=57 ttl=62 time=112 ms
64 bytes from fd00::212:7406:6:606: icmp_seq=58 ttl=62 time=107 ms
64 bytes from fd00::212:7406:6:606: icmp_seq=59 ttl=62 time=175 ms
64 bytes from fd00::212:7406:6:606: icmp_seq=60 ttl=62 time=172 ms
64 bytes from fd00::212:7406:6:606: icmp_seq=61 ttl=62 time=129 ms
64 bytes from fd00::212:7406:6:606: icmp_seq=62 ttl=62 time=113 ms
64 bytes from fd00::212:7406:6:606: icmp_seq=63 ttl=62 time=108 ms
64 bytes from fd00::212:7406:6:606: icmp_seq=64 ttl=62 time=126 ms
64 bytes from fd00::212:7406:6:606: icmp_seq=65 ttl=62 time=140 ms
64 bytes from fd00::212:7406:6:606: icmp_seq=66 ttl=62 time=136 ms
64 bytes from fd00::212:7406:6:606: icmp_seq=67 ttl=62 time=143 ms
64 bytes from fd00::212:7406:6:606: icmp_seq=68 ttl=62 time=113 ms
64 bytes from fd00::212:7406:6:606: icmp_seq=69 ttl=62 time=118 ms
64 bytes from fd00::212:7406:6:606: icmp_seq=70 ttl=62 time=101 ms
64 bytes from fd00::212:7406:6:606: icmp_seq=71 ttl=62 time=104 ms
64 bytes from fd00::212:7406:6:606: icmp_seq=72 ttl=62 time=90.4 ms
64 bytes from fd00::212:7406:6:606: icmp_seq=73 ttl=62 time=132 ms
64 bytes from fd00::212:7406:6:606: icmp_seq=74 ttl=62 time=114 ms
64 bytes from fd00::212:7406:6:606: icmp_seq=75 ttl=62 time=97.7 ms
64 bytes from fd00::212:7406:6:606: icmp_seq=76 ttl=62 time=130 ms
64 bytes from fd00::212:7406:6:606: icmp_seq=77 ttl=62 time=122 ms
64 bytes from fd00::212:7406:6:606: icmp_seq=78 ttl=62 time=92.0 ms
64 bytes from fd00::212:7406:6:606: icmp_seq=79 ttl=62 time=93.5 ms
64 bytes from fd00::212:7406:6:606: icmp_seq=80 ttl=62 time=100 ms
64 bytes from fd00::212:7406:6:606: icmp_seq=81 ttl=62 time=97.6 ms
64 bytes from fd00::212:7406:6:606: icmp_seq=82 ttl=62 time=95.3 ms
64 bytes from fd00::212:7406:6:606: icmp_seq=83 ttl=62 time=119 ms
64 bytes from fd00::212:7406:6:606: icmp_seq=84 ttl=62 time=172 ms
64 bytes from fd00::212:7406:6:606: icmp_seq=85 ttl=62 time=108 ms
64 bytes from fd00::212:7406:6:606: icmp_seq=86 ttl=62 time=162 ms
64 bytes from fd00::212:7406:6:606: icmp_seq=87 ttl=62 time=177 ms
64 bytes from fd00::212:7406:6:606: icmp_seq=88 ttl=62 time=274 ms
64 bytes from fd00::212:7406:6:606: icmp_seq=89 ttl=62 time=132 ms
64 bytes from fd00::212:7406:6:606: icmp_seq=90 ttl=62 time=121 ms
64 bytes from fd00::212:7406:6:606: icmp_seq=91 ttl=62 time=172 ms
64 bytes from fd00::212:7406:6:606: icmp_seq=92 ttl=62 time=123 ms
64 bytes from fd00::212:7406:6:606: icmp_seq=93 ttl=62 time=156 ms
64 bytes from fd00::212:7406:6:606: icmp_seq=94 ttl=62 time=114 ms
64 bytes from fd00::212:7406:6:606: icmp_seq=95 ttl=62 time=222 ms
64 bytes from fd00::212:7406:6:606: icmp_seq=96 ttl=62 time=124 ms
64 bytes from fd00::212:7406:6:606: icmp_seq=97 ttl=62 time=119 ms
64 bytes from fd00::212:7406:6:606: icmp_seq=98 ttl=62 time=128 ms
64 bytes from fd00::212:7406:6:606: icmp_seq=99 ttl=62 time=123 ms
64 bytes from fd00::212:7406:6:606: icmp_seq=100 ttl=62 time=91.3 ms

--- fd00::212:7406:6:606 ping statistics ---
100 packets transmitted, 100 received, 0% packet loss, time 496013ms
rtt min/avg/max/mdev = 88.842/148.932/635.910/90.731 ms
