PING fd00::212:740a:a:a0a(fd00::212:740a:a:a0a) 56 data bytes
64 bytes from fd00::212:740a:a:a0a: icmp_seq=1 ttl=60 time=250 ms
64 bytes from fd00::212:740a:a:a0a: icmp_seq=2 ttl=60 time=537 ms
64 bytes from fd00::212:740a:a:a0a: icmp_seq=3 ttl=60 time=555 ms
64 bytes from fd00::212:740a:a:a0a: icmp_seq=6 ttl=60 time=495 ms
64 bytes from fd00::212:740a:a:a0a: icmp_seq=13 ttl=60 time=355 ms
64 bytes from fd00::212:740a:a:a0a: icmp_seq=14 ttl=60 time=308 ms
64 bytes from fd00::212:740a:a:a0a: icmp_seq=15 ttl=60 time=332 ms
64 bytes from fd00::212:740a:a:a0a: icmp_seq=16 ttl=60 time=342 ms
64 bytes from fd00::212:740a:a:a0a: icmp_seq=17 ttl=60 time=481 ms
64 bytes from fd00::212:740a:a:a0a: icmp_seq=18 ttl=60 time=310 ms
64 bytes from fd00::212:740a:a:a0a: icmp_seq=19 ttl=60 time=290 ms
64 bytes from fd00::212:740a:a:a0a: icmp_seq=20 ttl=60 time=342 ms
64 bytes from fd00::212:740a:a:a0a: icmp_seq=21 ttl=60 time=396 ms
64 bytes from fd00::212:740a:a:a0a: icmp_seq=22 ttl=60 time=443 ms
64 bytes from fd00::212:740a:a:a0a: icmp_seq=23 ttl=60 time=429 ms
64 bytes from fd00::212:740a:a:a0a: icmp_seq=24 ttl=60 time=823 ms
64 bytes from fd00::212:740a:a:a0a: icmp_seq=25 ttl=60 time=420 ms
64 bytes from fd00::212:740a:a:a0a: icmp_seq=26 ttl=60 time=498 ms
64 bytes from fd00::212:740a:a:a0a: icmp_seq=27 ttl=60 time=404 ms
64 bytes from fd00::212:740a:a:a0a: icmp_seq=28 ttl=60 time=315 ms
64 bytes from fd00::212:740a:a:a0a: icmp_seq=29 ttl=60 time=403 ms
64 bytes from fd00::212:740a:a:a0a: icmp_seq=30 ttl=60 time=363 ms
64 bytes from fd00::212:740a:a:a0a: icmp_seq=31 ttl=60 time=453 ms
64 bytes from fd00::212:740a:a:a0a: icmp_seq=33 ttl=60 time=350 ms
64 bytes from fd00::212:740a:a:a0a: icmp_seq=34 ttl=60 time=364 ms
64 bytes from fd00::212:740a:a:a0a: icmp_seq=35 ttl=60 time=493 ms
64 bytes from fd00::212:740a:a:a0a: icmp_seq=36 ttl=60 time=342 ms
64 bytes from fd00::212:740a:a:a0a: icmp_seq=37 ttl=60 time=521 ms
64 bytes from fd00::212:740a:a:a0a: icmp_seq=38 ttl=60 time=477 ms
64 bytes from fd00::212:740a:a:a0a: icmp_seq=39 ttl=60 time=875 ms
64 bytes from fd00::212:740a:a:a0a: icmp_seq=40 ttl=60 time=451 ms
64 bytes from fd00::212:740a:a:a0a: icmp_seq=41 ttl=60 time=475 ms
64 bytes from fd00::212:740a:a:a0a: icmp_seq=42 ttl=60 time=533 ms
64 bytes from fd00::212:740a:a:a0a: icmp_seq=43 ttl=60 time=861 ms
64 bytes from fd00::212:740a:a:a0a: icmp_seq=44 ttl=60 time=453 ms
64 bytes from fd00::212:740a:a:a0a: icmp_seq=45 ttl=60 time=435 ms
64 bytes from fd00::212:740a:a:a0a: icmp_seq=46 ttl=60 time=440 ms
64 bytes from fd00::212:740a:a:a0a: icmp_seq=47 ttl=60 time=571 ms
64 bytes from fd00::212:740a:a:a0a: icmp_seq=48 ttl=60 time=345 ms
64 bytes from fd00::212:740a:a:a0a: icmp_seq=49 ttl=60 time=428 ms
64 bytes from fd00::212:740a:a:a0a: icmp_seq=50 ttl=60 time=522 ms
64 bytes from fd00::212:740a:a:a0a: icmp_seq=51 ttl=60 time=654 ms
64 bytes from fd00::212:740a:a:a0a: icmp_seq=52 ttl=60 time=804 ms
64 bytes from fd00::212:740a:a:a0a: icmp_seq=53 ttl=60 time=329 ms
64 bytes from fd00::212:740a:a:a0a: icmp_seq=54 ttl=60 time=626 ms
64 bytes from fd00::212:740a:a:a0a: icmp_seq=55 ttl=60 time=273 ms
64 bytes from fd00::212:740a:a:a0a: icmp_seq=56 ttl=60 time=243 ms
64 bytes from fd00::212:740a:a:a0a: icmp_seq=57 ttl=60 time=263 ms
64 bytes from fd00::212:740a:a:a0a: icmp_seq=58 ttl=60 time=329 ms
64 bytes from fd00::212:740a:a:a0a: icmp_seq=59 ttl=60 time=988 ms
64 bytes from fd00::212:740a:a:a0a: icmp_seq=60 ttl=60 time=750 ms
64 bytes from fd00::212:740a:a:a0a: icmp_seq=63 ttl=60 time=964 ms
64 bytes from fd00::212:740a:a:a0a: icmp_seq=64 ttl=60 time=766 ms
64 bytes from fd00::212:740a:a:a0a: icmp_seq=65 ttl=60 time=514 ms
64 bytes from fd00::212:740a:a:a0a: icmp_seq=71 ttl=60 time=597 ms
64 bytes from fd00::212:740a:a:a0a: icmp_seq=74 ttl=60 time=401 ms
64 bytes from fd00::212:740a:a:a0a: icmp_seq=75 ttl=60 time=605 ms
64 bytes from fd00::212:740a:a:a0a: icmp_seq=76 ttl=60 time=363 ms
64 bytes from fd00::212:740a:a:a0a: icmp_seq=77 ttl=60 time=491 ms
64 bytes from fd00::212:740a:a:a0a: icmp_seq=78 ttl=60 time=440 ms
64 bytes from fd00::212:740a:a:a0a: icmp_seq=79 ttl=60 time=377 ms
64 bytes from fd00::212:740a:a:a0a: icmp_seq=80 ttl=60 time=438 ms
64 bytes from fd00::212:740a:a:a0a: icmp_seq=81 ttl=60 time=450 ms
64 bytes from fd00::212:740a:a:a0a: icmp_seq=82 ttl=60 time=603 ms
64 bytes from fd00::212:740a:a:a0a: icmp_seq=83 ttl=60 time=413 ms
64 bytes from fd00::212:740a:a:a0a: icmp_seq=84 ttl=60 time=754 ms
64 bytes from fd00::212:740a:a:a0a: icmp_seq=85 ttl=60 time=782 ms
64 bytes from fd00::212:740a:a:a0a: icmp_seq=86 ttl=60 time=888 ms
64 bytes from fd00::212:740a:a:a0a: icmp_seq=87 ttl=60 time=381 ms
64 bytes from fd00::212:740a:a:a0a: icmp_seq=88 ttl=60 time=410 ms
64 bytes from fd00::212:740a:a:a0a: icmp_seq=89 ttl=60 time=581 ms
64 bytes from fd00::212:740a:a:a0a: icmp_seq=90 ttl=60 time=328 ms
64 bytes from fd00::212:740a:a:a0a: icmp_seq=91 ttl=60 time=425 ms
64 bytes from fd00::212:740a:a:a0a: icmp_seq=92 ttl=60 time=557 ms
64 bytes from fd00::212:740a:a:a0a: icmp_seq=93 ttl=60 time=657 ms
64 bytes from fd00::212:740a:a:a0a: icmp_seq=94 ttl=60 time=379 ms
64 bytes from fd00::212:740a:a:a0a: icmp_seq=95 ttl=60 time=296 ms
64 bytes from fd00::212:740a:a:a0a: icmp_seq=96 ttl=60 time=423 ms
64 bytes from fd00::212:740a:a:a0a: icmp_seq=97 ttl=60 time=333 ms
64 bytes from fd00::212:740a:a:a0a: icmp_seq=98 ttl=60 time=392 ms
64 bytes from fd00::212:740a:a:a0a: icmp_seq=99 ttl=60 time=1086 ms
64 bytes from fd00::212:740a:a:a0a: icmp_seq=100 ttl=60 time=320 ms

--- fd00::212:740a:a:a0a ping statistics ---
100 packets transmitted, 82 received, 18% packet loss, time 497645ms
rtt min/avg/max/mdev = 243.840/490.175/1086.883/183.911 ms
