PING fd00::212:7404:4:404(fd00::212:7404:4:404) 56 data bytes
64 bytes from fd00::212:7404:4:404: icmp_seq=1 ttl=62 time=143 ms
64 bytes from fd00::212:7404:4:404: icmp_seq=2 ttl=62 time=672 ms
64 bytes from fd00::212:7404:4:404: icmp_seq=3 ttl=62 time=274 ms
64 bytes from fd00::212:7404:4:404: icmp_seq=4 ttl=62 time=214 ms
64 bytes from fd00::212:7404:4:404: icmp_seq=5 ttl=62 time=277 ms
64 bytes from fd00::212:7404:4:404: icmp_seq=6 ttl=62 time=342 ms
64 bytes from fd00::212:7404:4:404: icmp_seq=10 ttl=62 time=328 ms
64 bytes from fd00::212:7404:4:404: icmp_seq=15 ttl=62 time=362 ms
64 bytes from fd00::212:7404:4:404: icmp_seq=16 ttl=62 time=406 ms
64 bytes from fd00::212:7404:4:404: icmp_seq=17 ttl=62 time=274 ms
64 bytes from fd00::212:7404:4:404: icmp_seq=18 ttl=62 time=136 ms
64 bytes from fd00::212:7404:4:404: icmp_seq=19 ttl=62 time=179 ms
64 bytes from fd00::212:7404:4:404: icmp_seq=20 ttl=62 time=762 ms
64 bytes from fd00::212:7404:4:404: icmp_seq=21 ttl=62 time=139 ms
64 bytes from fd00::212:7404:4:404: icmp_seq=22 ttl=62 time=631 ms
64 bytes from fd00::212:7404:4:404: icmp_seq=23 ttl=62 time=496 ms
64 bytes from fd00::212:7404:4:404: icmp_seq=30 ttl=62 time=387 ms
64 bytes from fd00::212:7404:4:404: icmp_seq=32 ttl=62 time=289 ms
64 bytes from fd00::212:7404:4:404: icmp_seq=36 ttl=62 time=97.2 ms
64 bytes from fd00::212:7404:4:404: icmp_seq=37 ttl=62 time=340 ms
64 bytes from fd00::212:7404:4:404: icmp_seq=38 ttl=62 time=228 ms
64 bytes from fd00::212:7404:4:404: icmp_seq=39 ttl=62 time=284 ms
64 bytes from fd00::212:7404:4:404: icmp_seq=40 ttl=62 time=500 ms
64 bytes from fd00::212:7404:4:404: icmp_seq=40 ttl=62 time=510 ms (DUP!)
64 bytes from fd00::212:7404:4:404: icmp_seq=41 ttl=62 time=314 ms
64 bytes from fd00::212:7404:4:404: icmp_seq=42 ttl=62 time=1592 ms
64 bytes from fd00::212:7404:4:404: icmp_seq=43 ttl=62 time=472 ms
64 bytes from fd00::212:7404:4:404: icmp_seq=44 ttl=62 time=338 ms
64 bytes from fd00::212:7404:4:404: icmp_seq=45 ttl=62 time=475 ms
64 bytes from fd00::212:7404:4:404: icmp_seq=46 ttl=62 time=133 ms
64 bytes from fd00::212:7404:4:404: icmp_seq=47 ttl=62 time=424 ms
64 bytes from fd00::212:7404:4:404: icmp_seq=48 ttl=62 time=237 ms
64 bytes from fd00::212:7404:4:404: icmp_seq=49 ttl=62 time=602 ms
64 bytes from fd00::212:7404:4:404: icmp_seq=50 ttl=62 time=201 ms
64 bytes from fd00::212:7404:4:404: icmp_seq=51 ttl=62 time=406 ms
64 bytes from fd00::212:7404:4:404: icmp_seq=52 ttl=62 time=272 ms
64 bytes from fd00::212:7404:4:404: icmp_seq=53 ttl=62 time=154 ms
64 bytes from fd00::212:7404:4:404: icmp_seq=54 ttl=62 time=113 ms
64 bytes from fd00::212:7404:4:404: icmp_seq=55 ttl=62 time=91.6 ms
64 bytes from fd00::212:7404:4:404: icmp_seq=56 ttl=62 time=85.5 ms
64 bytes from fd00::212:7404:4:404: icmp_seq=57 ttl=62 time=120 ms
64 bytes from fd00::212:7404:4:404: icmp_seq=58 ttl=62 time=106 ms
64 bytes from fd00::212:7404:4:404: icmp_seq=59 ttl=62 time=155 ms
64 bytes from fd00::212:7404:4:404: icmp_seq=60 ttl=62 time=118 ms
64 bytes from fd00::212:7404:4:404: icmp_seq=61 ttl=62 time=112 ms
64 bytes from fd00::212:7404:4:404: icmp_seq=62 ttl=62 time=111 ms
64 bytes from fd00::212:7404:4:404: icmp_seq=63 ttl=62 time=155 ms
64 bytes from fd00::212:7404:4:404: icmp_seq=64 ttl=62 time=114 ms
64 bytes from fd00::212:7404:4:404: icmp_seq=65 ttl=62 time=109 ms
64 bytes from fd00::212:7404:4:404: icmp_seq=66 ttl=62 time=141 ms
64 bytes from fd00::212:7404:4:404: icmp_seq=67 ttl=62 time=82.1 ms
64 bytes from fd00::212:7404:4:404: icmp_seq=68 ttl=62 time=106 ms
64 bytes from fd00::212:7404:4:404: icmp_seq=69 ttl=62 time=155 ms
64 bytes from fd00::212:7404:4:404: icmp_seq=70 ttl=62 time=134 ms
64 bytes from fd00::212:7404:4:404: icmp_seq=71 ttl=62 time=122 ms
64 bytes from fd00::212:7404:4:404: icmp_seq=72 ttl=62 time=107 ms
64 bytes from fd00::212:7404:4:404: icmp_seq=73 ttl=62 time=88.4 ms
64 bytes from fd00::212:7404:4:404: icmp_seq=74 ttl=62 time=147 ms
64 bytes from fd00::212:7404:4:404: icmp_seq=75 ttl=62 time=129 ms
64 bytes from fd00::212:7404:4:404: icmp_seq=76 ttl=62 time=96.5 ms
64 bytes from fd00::212:7404:4:404: icmp_seq=77 ttl=62 time=117 ms
64 bytes from fd00::212:7404:4:404: icmp_seq=78 ttl=62 time=90.2 ms
64 bytes from fd00::212:7404:4:404: icmp_seq=79 ttl=62 time=124 ms
64 bytes from fd00::212:7404:4:404: icmp_seq=80 ttl=62 time=97.9 ms
64 bytes from fd00::212:7404:4:404: icmp_seq=81 ttl=62 time=98.7 ms
64 bytes from fd00::212:7404:4:404: icmp_seq=82 ttl=62 time=101 ms
64 bytes from fd00::212:7404:4:404: icmp_seq=83 ttl=62 time=89.5 ms
64 bytes from fd00::212:7404:4:404: icmp_seq=84 ttl=62 time=96.9 ms
64 bytes from fd00::212:7404:4:404: icmp_seq=85 ttl=62 time=109 ms
64 bytes from fd00::212:7404:4:404: icmp_seq=86 ttl=62 time=91.5 ms
64 bytes from fd00::212:7404:4:404: icmp_seq=87 ttl=62 time=106 ms
64 bytes from fd00::212:7404:4:404: icmp_seq=88 ttl=62 time=359 ms
64 bytes from fd00::212:7404:4:404: icmp_seq=89 ttl=62 time=143 ms
64 bytes from fd00::212:7404:4:404: icmp_seq=90 ttl=62 time=130 ms
64 bytes from fd00::212:7404:4:404: icmp_seq=91 ttl=62 time=136 ms
64 bytes from fd00::212:7404:4:404: icmp_seq=92 ttl=62 time=131 ms
64 bytes from fd00::212:7404:4:404: icmp_seq=93 ttl=62 time=96.4 ms
64 bytes from fd00::212:7404:4:404: icmp_seq=94 ttl=62 time=78.1 ms
64 bytes from fd00::212:7404:4:404: icmp_seq=95 ttl=62 time=122 ms
64 bytes from fd00::212:7404:4:404: icmp_seq=96 ttl=62 time=105 ms
64 bytes from fd00::212:7404:4:404: icmp_seq=97 ttl=62 time=139 ms
64 bytes from fd00::212:7404:4:404: icmp_seq=98 ttl=62 time=108 ms
64 bytes from fd00::212:7404:4:404: icmp_seq=99 ttl=62 time=130 ms
64 bytes from fd00::212:7404:4:404: icmp_seq=100 ttl=62 time=107 ms

--- fd00::212:7404:4:404 ping statistics ---
100 packets transmitted, 83 received, +1 duplicates, 17% packet loss, time 497694ms
rtt min/avg/max/mdev = 78.161/232.447/1592.076/215.399 ms
