PING aaaa::212:7407:7:707(aaaa::212:7407:7:707) 56 data bytes
64 bytes from aaaa::212:7407:7:707: icmp_seq=1 ttl=61 time=176 ms
64 bytes from aaaa::212:7407:7:707: icmp_seq=2 ttl=61 time=176 ms
64 bytes from aaaa::212:7407:7:707: icmp_seq=3 ttl=61 time=109 ms
64 bytes from aaaa::212:7407:7:707: icmp_seq=4 ttl=61 time=114 ms
64 bytes from aaaa::212:7407:7:707: icmp_seq=9 ttl=61 time=318 ms
64 bytes from aaaa::212:7407:7:707: icmp_seq=16 ttl=61 time=140 ms
64 bytes from aaaa::212:7407:7:707: icmp_seq=17 ttl=61 time=107 ms
64 bytes from aaaa::212:7407:7:707: icmp_seq=18 ttl=61 time=126 ms
64 bytes from aaaa::212:7407:7:707: icmp_seq=19 ttl=61 time=147 ms
64 bytes from aaaa::212:7407:7:707: icmp_seq=22 ttl=61 time=203 ms
64 bytes from aaaa::212:7407:7:707: icmp_seq=23 ttl=61 time=163 ms
64 bytes from aaaa::212:7407:7:707: icmp_seq=24 ttl=61 time=162 ms
64 bytes from aaaa::212:7407:7:707: icmp_seq=28 ttl=61 time=192 ms
64 bytes from aaaa::212:7407:7:707: icmp_seq=38 ttl=61 time=366 ms
64 bytes from aaaa::212:7407:7:707: icmp_seq=39 ttl=61 time=372 ms
64 bytes from aaaa::212:7407:7:707: icmp_seq=40 ttl=61 time=281 ms
64 bytes from aaaa::212:7407:7:707: icmp_seq=41 ttl=61 time=141 ms
64 bytes from aaaa::212:7407:7:707: icmp_seq=42 ttl=61 time=232 ms
64 bytes from aaaa::212:7407:7:707: icmp_seq=43 ttl=61 time=203 ms
64 bytes from aaaa::212:7407:7:707: icmp_seq=45 ttl=61 time=174 ms
64 bytes from aaaa::212:7407:7:707: icmp_seq=46 ttl=61 time=183 ms
64 bytes from aaaa::212:7407:7:707: icmp_seq=47 ttl=61 time=158 ms
64 bytes from aaaa::212:7407:7:707: icmp_seq=48 ttl=61 time=113 ms
64 bytes from aaaa::212:7407:7:707: icmp_seq=49 ttl=61 time=155 ms
64 bytes from aaaa::212:7407:7:707: icmp_seq=50 ttl=61 time=112 ms
64 bytes from aaaa::212:7407:7:707: icmp_seq=51 ttl=61 time=92.9 ms
64 bytes from aaaa::212:7407:7:707: icmp_seq=52 ttl=61 time=117 ms
64 bytes from aaaa::212:7407:7:707: icmp_seq=53 ttl=61 time=158 ms
64 bytes from aaaa::212:7407:7:707: icmp_seq=54 ttl=61 time=104 ms
64 bytes from aaaa::212:7407:7:707: icmp_seq=55 ttl=61 time=100 ms
64 bytes from aaaa::212:7407:7:707: icmp_seq=56 ttl=61 time=113 ms
64 bytes from aaaa::212:7407:7:707: icmp_seq=61 ttl=61 time=216 ms
64 bytes from aaaa::212:7407:7:707: icmp_seq=62 ttl=61 time=186 ms
64 bytes from aaaa::212:7407:7:707: icmp_seq=63 ttl=61 time=233 ms
64 bytes from aaaa::212:7407:7:707: icmp_seq=64 ttl=61 time=291 ms
64 bytes from aaaa::212:7407:7:707: icmp_seq=65 ttl=61 time=271 ms
64 bytes from aaaa::212:7407:7:707: icmp_seq=66 ttl=61 time=470 ms
64 bytes from aaaa::212:7407:7:707: icmp_seq=67 ttl=61 time=296 ms
64 bytes from aaaa::212:7407:7:707: icmp_seq=73 ttl=61 time=90.4 ms
64 bytes from aaaa::212:7407:7:707: icmp_seq=74 ttl=61 time=101 ms
64 bytes from aaaa::212:7407:7:707: icmp_seq=75 ttl=61 time=108 ms
64 bytes from aaaa::212:7407:7:707: icmp_seq=76 ttl=61 time=98.5 ms
64 bytes from aaaa::212:7407:7:707: icmp_seq=77 ttl=61 time=87.1 ms
64 bytes from aaaa::212:7407:7:707: icmp_seq=78 ttl=61 time=195 ms
64 bytes from aaaa::212:7407:7:707: icmp_seq=79 ttl=61 time=100 ms
64 bytes from aaaa::212:7407:7:707: icmp_seq=80 ttl=61 time=119 ms
64 bytes from aaaa::212:7407:7:707: icmp_seq=81 ttl=61 time=99.4 ms
64 bytes from aaaa::212:7407:7:707: icmp_seq=82 ttl=61 time=102 ms
64 bytes from aaaa::212:7407:7:707: icmp_seq=83 ttl=61 time=128 ms
64 bytes from aaaa::212:7407:7:707: icmp_seq=84 ttl=61 time=318 ms
64 bytes from aaaa::212:7407:7:707: icmp_seq=85 ttl=61 time=91.7 ms
64 bytes from aaaa::212:7407:7:707: icmp_seq=86 ttl=61 time=82.9 ms
64 bytes from aaaa::212:7407:7:707: icmp_seq=87 ttl=61 time=220 ms
64 bytes from aaaa::212:7407:7:707: icmp_seq=88 ttl=61 time=110 ms
64 bytes from aaaa::212:7407:7:707: icmp_seq=89 ttl=61 time=128 ms
64 bytes from aaaa::212:7407:7:707: icmp_seq=90 ttl=61 time=178 ms
64 bytes from aaaa::212:7407:7:707: icmp_seq=91 ttl=61 time=187 ms
64 bytes from aaaa::212:7407:7:707: icmp_seq=92 ttl=61 time=102 ms
64 bytes from aaaa::212:7407:7:707: icmp_seq=93 ttl=61 time=122 ms
64 bytes from aaaa::212:7407:7:707: icmp_seq=94 ttl=61 time=110 ms
64 bytes from aaaa::212:7407:7:707: icmp_seq=95 ttl=61 time=122 ms
64 bytes from aaaa::212:7407:7:707: icmp_seq=96 ttl=61 time=97.1 ms
64 bytes from aaaa::212:7407:7:707: icmp_seq=97 ttl=61 time=111 ms
64 bytes from aaaa::212:7407:7:707: icmp_seq=98 ttl=61 time=90.6 ms
64 bytes from aaaa::212:7407:7:707: icmp_seq=99 ttl=61 time=101 ms
64 bytes from aaaa::212:7407:7:707: icmp_seq=100 ttl=61 time=108 ms
64 bytes from aaaa::212:7407:7:707: icmp_seq=101 ttl=61 time=83.2 ms
64 bytes from aaaa::212:7407:7:707: icmp_seq=102 ttl=61 time=122 ms
64 bytes from aaaa::212:7407:7:707: icmp_seq=103 ttl=61 time=122 ms
64 bytes from aaaa::212:7407:7:707: icmp_seq=104 ttl=61 time=142 ms
64 bytes from aaaa::212:7407:7:707: icmp_seq=105 ttl=61 time=111 ms
64 bytes from aaaa::212:7407:7:707: icmp_seq=106 ttl=61 time=113 ms
64 bytes from aaaa::212:7407:7:707: icmp_seq=107 ttl=61 time=83.8 ms
64 bytes from aaaa::212:7407:7:707: icmp_seq=108 ttl=61 time=169 ms
64 bytes from aaaa::212:7407:7:707: icmp_seq=109 ttl=61 time=134 ms
64 bytes from aaaa::212:7407:7:707: icmp_seq=110 ttl=61 time=141 ms
64 bytes from aaaa::212:7407:7:707: icmp_seq=111 ttl=61 time=109 ms
64 bytes from aaaa::212:7407:7:707: icmp_seq=112 ttl=61 time=119 ms
64 bytes from aaaa::212:7407:7:707: icmp_seq=113 ttl=61 time=105 ms
64 bytes from aaaa::212:7407:7:707: icmp_seq=114 ttl=61 time=123 ms
64 bytes from aaaa::212:7407:7:707: icmp_seq=115 ttl=61 time=299 ms
64 bytes from aaaa::212:7407:7:707: icmp_seq=116 ttl=61 time=129 ms
64 bytes from aaaa::212:7407:7:707: icmp_seq=119 ttl=61 time=156 ms
64 bytes from aaaa::212:7407:7:707: icmp_seq=124 ttl=61 time=114 ms
64 bytes from aaaa::212:7407:7:707: icmp_seq=125 ttl=61 time=78.7 ms
64 bytes from aaaa::212:7407:7:707: icmp_seq=126 ttl=61 time=301 ms
64 bytes from aaaa::212:7407:7:707: icmp_seq=127 ttl=61 time=165 ms
64 bytes from aaaa::212:7407:7:707: icmp_seq=128 ttl=61 time=81.1 ms
64 bytes from aaaa::212:7407:7:707: icmp_seq=129 ttl=61 time=108 ms
64 bytes from aaaa::212:7407:7:707: icmp_seq=130 ttl=61 time=86.8 ms
64 bytes from aaaa::212:7407:7:707: icmp_seq=131 ttl=61 time=93.0 ms
64 bytes from aaaa::212:7407:7:707: icmp_seq=132 ttl=61 time=112 ms
64 bytes from aaaa::212:7407:7:707: icmp_seq=133 ttl=61 time=101 ms
64 bytes from aaaa::212:7407:7:707: icmp_seq=134 ttl=61 time=116 ms
64 bytes from aaaa::212:7407:7:707: icmp_seq=135 ttl=61 time=100 ms
64 bytes from aaaa::212:7407:7:707: icmp_seq=136 ttl=61 time=86.9 ms
64 bytes from aaaa::212:7407:7:707: icmp_seq=137 ttl=61 time=106 ms
64 bytes from aaaa::212:7407:7:707: icmp_seq=138 ttl=61 time=114 ms
64 bytes from aaaa::212:7407:7:707: icmp_seq=139 ttl=61 time=84.2 ms
64 bytes from aaaa::212:7407:7:707: icmp_seq=140 ttl=61 time=96.9 ms
64 bytes from aaaa::212:7407:7:707: icmp_seq=141 ttl=61 time=84.4 ms
64 bytes from aaaa::212:7407:7:707: icmp_seq=142 ttl=61 time=87.2 ms
64 bytes from aaaa::212:7407:7:707: icmp_seq=143 ttl=61 time=105 ms
64 bytes from aaaa::212:7407:7:707: icmp_seq=144 ttl=61 time=105 ms
64 bytes from aaaa::212:7407:7:707: icmp_seq=145 ttl=61 time=101 ms
64 bytes from aaaa::212:7407:7:707: icmp_seq=146 ttl=61 time=88.2 ms
64 bytes from aaaa::212:7407:7:707: icmp_seq=147 ttl=61 time=110 ms
64 bytes from aaaa::212:7407:7:707: icmp_seq=148 ttl=61 time=112 ms
64 bytes from aaaa::212:7407:7:707: icmp_seq=149 ttl=61 time=91.4 ms
64 bytes from aaaa::212:7407:7:707: icmp_seq=150 ttl=61 time=99.6 ms
64 bytes from aaaa::212:7407:7:707: icmp_seq=151 ttl=61 time=101 ms
64 bytes from aaaa::212:7407:7:707: icmp_seq=152 ttl=61 time=84.2 ms
64 bytes from aaaa::212:7407:7:707: icmp_seq=153 ttl=61 time=116 ms
64 bytes from aaaa::212:7407:7:707: icmp_seq=154 ttl=61 time=84.6 ms
64 bytes from aaaa::212:7407:7:707: icmp_seq=155 ttl=61 time=89.7 ms
64 bytes from aaaa::212:7407:7:707: icmp_seq=156 ttl=61 time=96.9 ms
64 bytes from aaaa::212:7407:7:707: icmp_seq=157 ttl=61 time=93.0 ms
64 bytes from aaaa::212:7407:7:707: icmp_seq=158 ttl=61 time=103 ms
64 bytes from aaaa::212:7407:7:707: icmp_seq=159 ttl=61 time=101 ms
64 bytes from aaaa::212:7407:7:707: icmp_seq=160 ttl=61 time=98.4 ms
64 bytes from aaaa::212:7407:7:707: icmp_seq=161 ttl=61 time=94.6 ms
64 bytes from aaaa::212:7407:7:707: icmp_seq=162 ttl=61 time=91.8 ms
64 bytes from aaaa::212:7407:7:707: icmp_seq=163 ttl=61 time=79.7 ms
64 bytes from aaaa::212:7407:7:707: icmp_seq=164 ttl=61 time=98.8 ms
64 bytes from aaaa::212:7407:7:707: icmp_seq=165 ttl=61 time=109 ms
64 bytes from aaaa::212:7407:7:707: icmp_seq=166 ttl=61 time=122 ms
64 bytes from aaaa::212:7407:7:707: icmp_seq=167 ttl=61 time=95.9 ms
64 bytes from aaaa::212:7407:7:707: icmp_seq=168 ttl=61 time=92.6 ms
64 bytes from aaaa::212:7407:7:707: icmp_seq=169 ttl=61 time=85.8 ms
64 bytes from aaaa::212:7407:7:707: icmp_seq=170 ttl=61 time=87.7 ms
64 bytes from aaaa::212:7407:7:707: icmp_seq=171 ttl=61 time=105 ms
64 bytes from aaaa::212:7407:7:707: icmp_seq=172 ttl=61 time=139 ms
64 bytes from aaaa::212:7407:7:707: icmp_seq=173 ttl=61 time=185 ms
64 bytes from aaaa::212:7407:7:707: icmp_seq=174 ttl=61 time=116 ms
64 bytes from aaaa::212:7407:7:707: icmp_seq=176 ttl=61 time=118 ms
64 bytes from aaaa::212:7407:7:707: icmp_seq=177 ttl=61 time=98.0 ms
64 bytes from aaaa::212:7407:7:707: icmp_seq=178 ttl=61 time=89.9 ms
64 bytes from aaaa::212:7407:7:707: icmp_seq=179 ttl=61 time=89.0 ms
64 bytes from aaaa::212:7407:7:707: icmp_seq=181 ttl=61 time=447 ms
64 bytes from aaaa::212:7407:7:707: icmp_seq=182 ttl=61 time=152 ms
64 bytes from aaaa::212:7407:7:707: icmp_seq=183 ttl=61 time=397 ms
64 bytes from aaaa::212:7407:7:707: icmp_seq=184 ttl=61 time=161 ms
64 bytes from aaaa::212:7407:7:707: icmp_seq=185 ttl=61 time=102 ms
64 bytes from aaaa::212:7407:7:707: icmp_seq=186 ttl=61 time=153 ms
64 bytes from aaaa::212:7407:7:707: icmp_seq=187 ttl=61 time=98.7 ms
64 bytes from aaaa::212:7407:7:707: icmp_seq=188 ttl=61 time=119 ms
64 bytes from aaaa::212:7407:7:707: icmp_seq=189 ttl=61 time=162 ms
64 bytes from aaaa::212:7407:7:707: icmp_seq=190 ttl=61 time=96.9 ms
64 bytes from aaaa::212:7407:7:707: icmp_seq=191 ttl=61 time=228 ms
64 bytes from aaaa::212:7407:7:707: icmp_seq=192 ttl=61 time=219 ms
64 bytes from aaaa::212:7407:7:707: icmp_seq=193 ttl=61 time=124 ms
64 bytes from aaaa::212:7407:7:707: icmp_seq=194 ttl=61 time=106 ms
64 bytes from aaaa::212:7407:7:707: icmp_seq=195 ttl=61 time=98.6 ms
64 bytes from aaaa::212:7407:7:707: icmp_seq=196 ttl=61 time=96.7 ms
64 bytes from aaaa::212:7407:7:707: icmp_seq=197 ttl=61 time=109 ms
64 bytes from aaaa::212:7407:7:707: icmp_seq=198 ttl=61 time=105 ms
64 bytes from aaaa::212:7407:7:707: icmp_seq=199 ttl=61 time=88.1 ms
64 bytes from aaaa::212:7407:7:707: icmp_seq=200 ttl=61 time=94.6 ms

--- aaaa::212:7407:7:707 ping statistics ---
200 packets transmitted, 158 received, 21% packet loss, time 1001207ms
rtt min/avg/max/mdev = 78.715/139.519/470.163/71.925 ms
