PING fd00::212:7405:5:505(fd00::212:7405:5:505) 56 data bytes
64 bytes from fd00::212:7405:5:505: icmp_seq=1 ttl=61 time=751 ms
64 bytes from fd00::212:7405:5:505: icmp_seq=2 ttl=61 time=379 ms
64 bytes from fd00::212:7405:5:505: icmp_seq=3 ttl=61 time=354 ms
64 bytes from fd00::212:7405:5:505: icmp_seq=4 ttl=61 time=361 ms
64 bytes from fd00::212:7405:5:505: icmp_seq=5 ttl=61 time=220 ms
64 bytes from fd00::212:7405:5:505: icmp_seq=7 ttl=61 time=591 ms
64 bytes from fd00::212:7405:5:505: icmp_seq=9 ttl=61 time=719 ms
64 bytes from fd00::212:7405:5:505: icmp_seq=10 ttl=61 time=161 ms
64 bytes from fd00::212:7405:5:505: icmp_seq=11 ttl=61 time=176 ms
64 bytes from fd00::212:7405:5:505: icmp_seq=13 ttl=61 time=2536 ms
64 bytes from fd00::212:7405:5:505: icmp_seq=14 ttl=61 time=443 ms
64 bytes from fd00::212:7405:5:505: icmp_seq=15 ttl=61 time=380 ms
64 bytes from fd00::212:7405:5:505: icmp_seq=16 ttl=61 time=157 ms
64 bytes from fd00::212:7405:5:505: icmp_seq=17 ttl=61 time=224 ms
64 bytes from fd00::212:7405:5:505: icmp_seq=18 ttl=61 time=320 ms
64 bytes from fd00::212:7405:5:505: icmp_seq=19 ttl=61 time=345 ms
64 bytes from fd00::212:7405:5:505: icmp_seq=20 ttl=61 time=271 ms
64 bytes from fd00::212:7405:5:505: icmp_seq=21 ttl=61 time=297 ms
64 bytes from fd00::212:7405:5:505: icmp_seq=22 ttl=61 time=208 ms
64 bytes from fd00::212:7405:5:505: icmp_seq=23 ttl=61 time=234 ms
64 bytes from fd00::212:7405:5:505: icmp_seq=24 ttl=61 time=591 ms
64 bytes from fd00::212:7405:5:505: icmp_seq=25 ttl=61 time=295 ms
64 bytes from fd00::212:7405:5:505: icmp_seq=26 ttl=61 time=175 ms
64 bytes from fd00::212:7405:5:505: icmp_seq=28 ttl=61 time=1343 ms
64 bytes from fd00::212:7405:5:505: icmp_seq=30 ttl=61 time=453 ms
64 bytes from fd00::212:7405:5:505: icmp_seq=31 ttl=61 time=700 ms
64 bytes from fd00::212:7405:5:505: icmp_seq=32 ttl=61 time=814 ms
64 bytes from fd00::212:7405:5:505: icmp_seq=45 ttl=61 time=608 ms
64 bytes from fd00::212:7405:5:505: icmp_seq=46 ttl=61 time=355 ms
64 bytes from fd00::212:7405:5:505: icmp_seq=49 ttl=61 time=256 ms
64 bytes from fd00::212:7405:5:505: icmp_seq=51 ttl=61 time=287 ms
64 bytes from fd00::212:7405:5:505: icmp_seq=59 ttl=61 time=324 ms
64 bytes from fd00::212:7405:5:505: icmp_seq=60 ttl=61 time=363 ms
64 bytes from fd00::212:7405:5:505: icmp_seq=62 ttl=61 time=564 ms
64 bytes from fd00::212:7405:5:505: icmp_seq=63 ttl=61 time=569 ms
64 bytes from fd00::212:7405:5:505: icmp_seq=64 ttl=61 time=420 ms
64 bytes from fd00::212:7405:5:505: icmp_seq=65 ttl=61 time=448 ms
64 bytes from fd00::212:7405:5:505: icmp_seq=69 ttl=61 time=297 ms
64 bytes from fd00::212:7405:5:505: icmp_seq=71 ttl=61 time=217 ms
64 bytes from fd00::212:7405:5:505: icmp_seq=72 ttl=61 time=219 ms
64 bytes from fd00::212:7405:5:505: icmp_seq=73 ttl=61 time=183 ms
64 bytes from fd00::212:7405:5:505: icmp_seq=74 ttl=61 time=159 ms
64 bytes from fd00::212:7405:5:505: icmp_seq=75 ttl=61 time=179 ms
64 bytes from fd00::212:7405:5:505: icmp_seq=76 ttl=61 time=177 ms
64 bytes from fd00::212:7405:5:505: icmp_seq=77 ttl=61 time=215 ms
64 bytes from fd00::212:7405:5:505: icmp_seq=78 ttl=61 time=188 ms
64 bytes from fd00::212:7405:5:505: icmp_seq=79 ttl=61 time=172 ms
64 bytes from fd00::212:7405:5:505: icmp_seq=80 ttl=61 time=189 ms
64 bytes from fd00::212:7405:5:505: icmp_seq=81 ttl=61 time=190 ms
64 bytes from fd00::212:7405:5:505: icmp_seq=82 ttl=61 time=191 ms
64 bytes from fd00::212:7405:5:505: icmp_seq=83 ttl=61 time=188 ms
64 bytes from fd00::212:7405:5:505: icmp_seq=84 ttl=61 time=186 ms
64 bytes from fd00::212:7405:5:505: icmp_seq=85 ttl=61 time=155 ms
64 bytes from fd00::212:7405:5:505: icmp_seq=86 ttl=61 time=192 ms
64 bytes from fd00::212:7405:5:505: icmp_seq=87 ttl=61 time=179 ms
64 bytes from fd00::212:7405:5:505: icmp_seq=88 ttl=61 time=188 ms
64 bytes from fd00::212:7405:5:505: icmp_seq=89 ttl=61 time=209 ms
64 bytes from fd00::212:7405:5:505: icmp_seq=90 ttl=61 time=150 ms
64 bytes from fd00::212:7405:5:505: icmp_seq=91 ttl=61 time=193 ms
64 bytes from fd00::212:7405:5:505: icmp_seq=92 ttl=61 time=169 ms
64 bytes from fd00::212:7405:5:505: icmp_seq=93 ttl=61 time=179 ms
64 bytes from fd00::212:7405:5:505: icmp_seq=94 ttl=61 time=175 ms
64 bytes from fd00::212:7405:5:505: icmp_seq=95 ttl=61 time=152 ms
64 bytes from fd00::212:7405:5:505: icmp_seq=96 ttl=61 time=170 ms
64 bytes from fd00::212:7405:5:505: icmp_seq=97 ttl=61 time=187 ms
64 bytes from fd00::212:7405:5:505: icmp_seq=98 ttl=61 time=199 ms
64 bytes from fd00::212:7405:5:505: icmp_seq=99 ttl=61 time=175 ms
64 bytes from fd00::212:7405:5:505: icmp_seq=100 ttl=61 time=144 ms

--- fd00::212:7405:5:505 ping statistics ---
100 packets transmitted, 68 received, 32% packet loss, time 499838ms
rtt min/avg/max/mdev = 144.040/345.464/2536.814/338.582 ms
