PING fd00::212:7403:3:303(fd00::212:7403:3:303) 56 data bytes
64 bytes from fd00::212:7403:3:303: icmp_seq=1 ttl=63 time=78.5 ms
64 bytes from fd00::212:7403:3:303: icmp_seq=2 ttl=63 time=738 ms
64 bytes from fd00::212:7403:3:303: icmp_seq=4 ttl=63 time=338 ms
64 bytes from fd00::212:7403:3:303: icmp_seq=5 ttl=63 time=349 ms
64 bytes from fd00::212:7403:3:303: icmp_seq=7 ttl=63 time=80.0 ms
64 bytes from fd00::212:7403:3:303: icmp_seq=8 ttl=63 time=438 ms
64 bytes from fd00::212:7403:3:303: icmp_seq=8 ttl=63 time=449 ms (DUP!)
64 bytes from fd00::212:7403:3:303: icmp_seq=9 ttl=63 time=68.7 ms
64 bytes from fd00::212:7403:3:303: icmp_seq=10 ttl=63 time=81.1 ms
64 bytes from fd00::212:7403:3:303: icmp_seq=11 ttl=63 time=64.2 ms
64 bytes from fd00::212:7403:3:303: icmp_seq=12 ttl=63 time=42.0 ms
64 bytes from fd00::212:7403:3:303: icmp_seq=15 ttl=63 time=63.3 ms
64 bytes from fd00::212:7403:3:303: icmp_seq=16 ttl=63 time=93.6 ms
64 bytes from fd00::212:7403:3:303: icmp_seq=17 ttl=63 time=58.9 ms
64 bytes from fd00::212:7403:3:303: icmp_seq=18 ttl=63 time=51.6 ms
64 bytes from fd00::212:7403:3:303: icmp_seq=19 ttl=63 time=371 ms
64 bytes from fd00::212:7403:3:303: icmp_seq=20 ttl=63 time=199 ms
64 bytes from fd00::212:7403:3:303: icmp_seq=21 ttl=63 time=65.8 ms
64 bytes from fd00::212:7403:3:303: icmp_seq=22 ttl=63 time=46.0 ms
64 bytes from fd00::212:7403:3:303: icmp_seq=23 ttl=63 time=50.5 ms
64 bytes from fd00::212:7403:3:303: icmp_seq=24 ttl=63 time=229 ms
64 bytes from fd00::212:7403:3:303: icmp_seq=25 ttl=63 time=130 ms
64 bytes from fd00::212:7403:3:303: icmp_seq=26 ttl=63 time=72.8 ms
64 bytes from fd00::212:7403:3:303: icmp_seq=27 ttl=63 time=44.8 ms
64 bytes from fd00::212:7403:3:303: icmp_seq=28 ttl=63 time=401 ms
64 bytes from fd00::212:7403:3:303: icmp_seq=29 ttl=63 time=57.1 ms
64 bytes from fd00::212:7403:3:303: icmp_seq=30 ttl=63 time=65.2 ms
64 bytes from fd00::212:7403:3:303: icmp_seq=31 ttl=63 time=401 ms
64 bytes from fd00::212:7403:3:303: icmp_seq=32 ttl=63 time=54.3 ms
64 bytes from fd00::212:7403:3:303: icmp_seq=33 ttl=63 time=517 ms
64 bytes from fd00::212:7403:3:303: icmp_seq=34 ttl=63 time=1171 ms
64 bytes from fd00::212:7403:3:303: icmp_seq=35 ttl=63 time=259 ms
64 bytes from fd00::212:7403:3:303: icmp_seq=36 ttl=63 time=97.7 ms
64 bytes from fd00::212:7403:3:303: icmp_seq=37 ttl=63 time=80.7 ms
64 bytes from fd00::212:7403:3:303: icmp_seq=39 ttl=63 time=64.5 ms
64 bytes from fd00::212:7403:3:303: icmp_seq=40 ttl=63 time=93.5 ms
64 bytes from fd00::212:7403:3:303: icmp_seq=41 ttl=63 time=135 ms
64 bytes from fd00::212:7403:3:303: icmp_seq=42 ttl=63 time=63.8 ms
64 bytes from fd00::212:7403:3:303: icmp_seq=43 ttl=63 time=119 ms
64 bytes from fd00::212:7403:3:303: icmp_seq=44 ttl=63 time=280 ms
64 bytes from fd00::212:7403:3:303: icmp_seq=45 ttl=63 time=185 ms
64 bytes from fd00::212:7403:3:303: icmp_seq=46 ttl=63 time=44.6 ms
64 bytes from fd00::212:7403:3:303: icmp_seq=47 ttl=63 time=73.1 ms
64 bytes from fd00::212:7403:3:303: icmp_seq=48 ttl=63 time=243 ms
64 bytes from fd00::212:7403:3:303: icmp_seq=49 ttl=63 time=89.5 ms
64 bytes from fd00::212:7403:3:303: icmp_seq=50 ttl=63 time=101 ms
64 bytes from fd00::212:7403:3:303: icmp_seq=52 ttl=63 time=84.4 ms
64 bytes from fd00::212:7403:3:303: icmp_seq=54 ttl=63 time=79.4 ms
64 bytes from fd00::212:7403:3:303: icmp_seq=55 ttl=63 time=169 ms
64 bytes from fd00::212:7403:3:303: icmp_seq=56 ttl=63 time=46.0 ms
64 bytes from fd00::212:7403:3:303: icmp_seq=57 ttl=63 time=276 ms
64 bytes from fd00::212:7403:3:303: icmp_seq=58 ttl=63 time=49.9 ms
64 bytes from fd00::212:7403:3:303: icmp_seq=59 ttl=63 time=142 ms
64 bytes from fd00::212:7403:3:303: icmp_seq=60 ttl=63 time=119 ms
64 bytes from fd00::212:7403:3:303: icmp_seq=61 ttl=63 time=125 ms
64 bytes from fd00::212:7403:3:303: icmp_seq=62 ttl=63 time=204 ms
64 bytes from fd00::212:7403:3:303: icmp_seq=63 ttl=63 time=270 ms
64 bytes from fd00::212:7403:3:303: icmp_seq=64 ttl=63 time=336 ms
64 bytes from fd00::212:7403:3:303: icmp_seq=65 ttl=63 time=83.1 ms
64 bytes from fd00::212:7403:3:303: icmp_seq=66 ttl=63 time=105 ms
64 bytes from fd00::212:7403:3:303: icmp_seq=67 ttl=63 time=63.0 ms
64 bytes from fd00::212:7403:3:303: icmp_seq=68 ttl=63 time=84.9 ms
64 bytes from fd00::212:7403:3:303: icmp_seq=69 ttl=63 time=56.4 ms
64 bytes from fd00::212:7403:3:303: icmp_seq=70 ttl=63 time=43.9 ms
64 bytes from fd00::212:7403:3:303: icmp_seq=71 ttl=63 time=43.5 ms
64 bytes from fd00::212:7403:3:303: icmp_seq=72 ttl=63 time=41.3 ms
64 bytes from fd00::212:7403:3:303: icmp_seq=73 ttl=63 time=49.0 ms
64 bytes from fd00::212:7403:3:303: icmp_seq=74 ttl=63 time=60.1 ms
64 bytes from fd00::212:7403:3:303: icmp_seq=75 ttl=63 time=46.7 ms
64 bytes from fd00::212:7403:3:303: icmp_seq=76 ttl=63 time=43.5 ms
64 bytes from fd00::212:7403:3:303: icmp_seq=77 ttl=63 time=43.1 ms
64 bytes from fd00::212:7403:3:303: icmp_seq=78 ttl=63 time=40.5 ms
64 bytes from fd00::212:7403:3:303: icmp_seq=79 ttl=63 time=108 ms
64 bytes from fd00::212:7403:3:303: icmp_seq=80 ttl=63 time=58.3 ms
64 bytes from fd00::212:7403:3:303: icmp_seq=81 ttl=63 time=51.4 ms
64 bytes from fd00::212:7403:3:303: icmp_seq=82 ttl=63 time=45.6 ms
64 bytes from fd00::212:7403:3:303: icmp_seq=83 ttl=63 time=51.2 ms
64 bytes from fd00::212:7403:3:303: icmp_seq=84 ttl=63 time=66.6 ms
64 bytes from fd00::212:7403:3:303: icmp_seq=85 ttl=63 time=54.8 ms
64 bytes from fd00::212:7403:3:303: icmp_seq=86 ttl=63 time=43.9 ms
64 bytes from fd00::212:7403:3:303: icmp_seq=87 ttl=63 time=51.4 ms
64 bytes from fd00::212:7403:3:303: icmp_seq=88 ttl=63 time=49.1 ms
64 bytes from fd00::212:7403:3:303: icmp_seq=89 ttl=63 time=53.1 ms
64 bytes from fd00::212:7403:3:303: icmp_seq=90 ttl=63 time=37.0 ms
64 bytes from fd00::212:7403:3:303: icmp_seq=91 ttl=63 time=39.5 ms
64 bytes from fd00::212:7403:3:303: icmp_seq=92 ttl=63 time=108 ms
64 bytes from fd00::212:7403:3:303: icmp_seq=93 ttl=63 time=50.8 ms
64 bytes from fd00::212:7403:3:303: icmp_seq=94 ttl=63 time=42.3 ms
64 bytes from fd00::212:7403:3:303: icmp_seq=95 ttl=63 time=63.1 ms
64 bytes from fd00::212:7403:3:303: icmp_seq=96 ttl=63 time=45.4 ms
64 bytes from fd00::212:7403:3:303: icmp_seq=97 ttl=63 time=46.9 ms
64 bytes from fd00::212:7403:3:303: icmp_seq=98 ttl=63 time=45.5 ms
64 bytes from fd00::212:7403:3:303: icmp_seq=99 ttl=63 time=43.7 ms
64 bytes from fd00::212:7403:3:303: icmp_seq=100 ttl=63 time=52.7 ms

--- fd00::212:7403:3:303 ping statistics ---
100 packets transmitted, 93 received, +1 duplicates, 7% packet loss, time 496541ms
rtt min/avg/max/mdev = 37.067/135.419/1171.992/166.202 ms
