PING fd00::212:7402:2:202(fd00::212:7402:2:202) 56 data bytes
64 bytes from fd00::212:7402:2:202: icmp_seq=3 ttl=62 time=664 ms
64 bytes from fd00::212:7402:2:202: icmp_seq=4 ttl=62 time=123 ms
64 bytes from fd00::212:7402:2:202: icmp_seq=5 ttl=62 time=156 ms
64 bytes from fd00::212:7402:2:202: icmp_seq=6 ttl=62 time=479 ms
64 bytes from fd00::212:7402:2:202: icmp_seq=7 ttl=62 time=147 ms
64 bytes from fd00::212:7402:2:202: icmp_seq=8 ttl=62 time=598 ms
64 bytes from fd00::212:7402:2:202: icmp_seq=10 ttl=62 time=155 ms
64 bytes from fd00::212:7402:2:202: icmp_seq=11 ttl=62 time=107 ms
64 bytes from fd00::212:7402:2:202: icmp_seq=12 ttl=62 time=95.5 ms
64 bytes from fd00::212:7402:2:202: icmp_seq=13 ttl=62 time=1739 ms
64 bytes from fd00::212:7402:2:202: icmp_seq=15 ttl=62 time=360 ms
64 bytes from fd00::212:7402:2:202: icmp_seq=16 ttl=62 time=379 ms
64 bytes from fd00::212:7402:2:202: icmp_seq=17 ttl=62 time=387 ms
64 bytes from fd00::212:7402:2:202: icmp_seq=18 ttl=62 time=129 ms
64 bytes from fd00::212:7402:2:202: icmp_seq=19 ttl=62 time=352 ms
64 bytes from fd00::212:7402:2:202: icmp_seq=20 ttl=62 time=133 ms
64 bytes from fd00::212:7402:2:202: icmp_seq=21 ttl=62 time=90.6 ms
64 bytes from fd00::212:7402:2:202: icmp_seq=22 ttl=62 time=279 ms
64 bytes from fd00::212:7402:2:202: icmp_seq=23 ttl=62 time=90.9 ms
64 bytes from fd00::212:7402:2:202: icmp_seq=24 ttl=62 time=737 ms
64 bytes from fd00::212:7402:2:202: icmp_seq=25 ttl=62 time=346 ms
64 bytes from fd00::212:7402:2:202: icmp_seq=26 ttl=62 time=161 ms
64 bytes from fd00::212:7402:2:202: icmp_seq=28 ttl=62 time=142 ms
64 bytes from fd00::212:7402:2:202: icmp_seq=29 ttl=62 time=124 ms
64 bytes from fd00::212:7402:2:202: icmp_seq=30 ttl=62 time=350 ms
64 bytes from fd00::212:7402:2:202: icmp_seq=31 ttl=62 time=1747 ms
64 bytes from fd00::212:7402:2:202: icmp_seq=32 ttl=62 time=297 ms
64 bytes from fd00::212:7402:2:202: icmp_seq=33 ttl=62 time=298 ms
64 bytes from fd00::212:7402:2:202: icmp_seq=34 ttl=62 time=635 ms
64 bytes from fd00::212:7402:2:202: icmp_seq=35 ttl=62 time=793 ms
64 bytes from fd00::212:7402:2:202: icmp_seq=36 ttl=62 time=128 ms
64 bytes from fd00::212:7402:2:202: icmp_seq=37 ttl=62 time=266 ms
64 bytes from fd00::212:7402:2:202: icmp_seq=39 ttl=62 time=978 ms
64 bytes from fd00::212:7402:2:202: icmp_seq=40 ttl=62 time=115 ms
64 bytes from fd00::212:7402:2:202: icmp_seq=41 ttl=62 time=317 ms
64 bytes from fd00::212:7402:2:202: icmp_seq=42 ttl=62 time=115 ms
64 bytes from fd00::212:7402:2:202: icmp_seq=43 ttl=62 time=392 ms
64 bytes from fd00::212:7402:2:202: icmp_seq=46 ttl=62 time=262 ms
64 bytes from fd00::212:7402:2:202: icmp_seq=47 ttl=62 time=194 ms
64 bytes from fd00::212:7402:2:202: icmp_seq=50 ttl=62 time=132 ms
64 bytes from fd00::212:7402:2:202: icmp_seq=51 ttl=62 time=1791 ms
64 bytes from fd00::212:7402:2:202: icmp_seq=52 ttl=62 time=212 ms
64 bytes from fd00::212:7402:2:202: icmp_seq=59 ttl=62 time=588 ms
64 bytes from fd00::212:7402:2:202: icmp_seq=61 ttl=62 time=438 ms
64 bytes from fd00::212:7402:2:202: icmp_seq=62 ttl=62 time=746 ms
64 bytes from fd00::212:7402:2:202: icmp_seq=63 ttl=62 time=354 ms
64 bytes from fd00::212:7402:2:202: icmp_seq=64 ttl=62 time=423 ms
64 bytes from fd00::212:7402:2:202: icmp_seq=65 ttl=62 time=339 ms
64 bytes from fd00::212:7402:2:202: icmp_seq=66 ttl=62 time=561 ms
64 bytes from fd00::212:7402:2:202: icmp_seq=70 ttl=62 time=139 ms
64 bytes from fd00::212:7402:2:202: icmp_seq=72 ttl=62 time=141 ms
64 bytes from fd00::212:7402:2:202: icmp_seq=74 ttl=62 time=102 ms
64 bytes from fd00::212:7402:2:202: icmp_seq=75 ttl=62 time=953 ms
64 bytes from fd00::212:7402:2:202: icmp_seq=76 ttl=62 time=145 ms
64 bytes from fd00::212:7402:2:202: icmp_seq=77 ttl=62 time=330 ms
64 bytes from fd00::212:7402:2:202: icmp_seq=78 ttl=62 time=268 ms
64 bytes from fd00::212:7402:2:202: icmp_seq=79 ttl=62 time=141 ms
64 bytes from fd00::212:7402:2:202: icmp_seq=81 ttl=62 time=289 ms
64 bytes from fd00::212:7402:2:202: icmp_seq=82 ttl=62 time=363 ms
64 bytes from fd00::212:7402:2:202: icmp_seq=83 ttl=62 time=168 ms
64 bytes from fd00::212:7402:2:202: icmp_seq=84 ttl=62 time=146 ms
64 bytes from fd00::212:7402:2:202: icmp_seq=85 ttl=62 time=401 ms
64 bytes from fd00::212:7402:2:202: icmp_seq=86 ttl=62 time=235 ms
64 bytes from fd00::212:7402:2:202: icmp_seq=87 ttl=62 time=244 ms
64 bytes from fd00::212:7402:2:202: icmp_seq=88 ttl=62 time=156 ms
64 bytes from fd00::212:7402:2:202: icmp_seq=89 ttl=62 time=397 ms
64 bytes from fd00::212:7402:2:202: icmp_seq=90 ttl=62 time=507 ms
64 bytes from fd00::212:7402:2:202: icmp_seq=91 ttl=62 time=188 ms
64 bytes from fd00::212:7402:2:202: icmp_seq=92 ttl=62 time=249 ms
64 bytes from fd00::212:7402:2:202: icmp_seq=93 ttl=62 time=197 ms
64 bytes from fd00::212:7402:2:202: icmp_seq=94 ttl=62 time=147 ms
64 bytes from fd00::212:7402:2:202: icmp_seq=95 ttl=62 time=313 ms
64 bytes from fd00::212:7402:2:202: icmp_seq=96 ttl=62 time=270 ms
64 bytes from fd00::212:7402:2:202: icmp_seq=97 ttl=62 time=239 ms
64 bytes from fd00::212:7402:2:202: icmp_seq=98 ttl=62 time=351 ms
64 bytes from fd00::212:7402:2:202: icmp_seq=99 ttl=62 time=578 ms
64 bytes from fd00::212:7402:2:202: icmp_seq=100 ttl=62 time=233 ms

--- fd00::212:7402:2:202 ping statistics ---
100 packets transmitted, 77 received, 23% packet loss, time 498100ms
rtt min/avg/max/mdev = 90.645/368.405/1791.683/343.810 ms
