PING fd00::212:7402:2:202(fd00::212:7402:2:202) 56 data bytes
64 bytes from fd00::212:7402:2:202: icmp_seq=3 ttl=62 time=139 ms
64 bytes from fd00::212:7402:2:202: icmp_seq=4 ttl=62 time=914 ms
64 bytes from fd00::212:7402:2:202: icmp_seq=5 ttl=62 time=1319 ms
64 bytes from fd00::212:7402:2:202: icmp_seq=6 ttl=62 time=174 ms
64 bytes from fd00::212:7402:2:202: icmp_seq=9 ttl=62 time=158 ms
64 bytes from fd00::212:7402:2:202: icmp_seq=10 ttl=62 time=90.9 ms
64 bytes from fd00::212:7402:2:202: icmp_seq=11 ttl=62 time=127 ms
64 bytes from fd00::212:7402:2:202: icmp_seq=12 ttl=62 time=806 ms
64 bytes from fd00::212:7402:2:202: icmp_seq=13 ttl=62 time=509 ms
64 bytes from fd00::212:7402:2:202: icmp_seq=14 ttl=62 time=68.6 ms
64 bytes from fd00::212:7402:2:202: icmp_seq=15 ttl=62 time=75.3 ms
64 bytes from fd00::212:7402:2:202: icmp_seq=16 ttl=62 time=87.0 ms
64 bytes from fd00::212:7402:2:202: icmp_seq=17 ttl=62 time=103 ms
64 bytes from fd00::212:7402:2:202: icmp_seq=18 ttl=62 time=110 ms
64 bytes from fd00::212:7402:2:202: icmp_seq=19 ttl=62 time=109 ms
64 bytes from fd00::212:7402:2:202: icmp_seq=20 ttl=62 time=72.3 ms
64 bytes from fd00::212:7402:2:202: icmp_seq=21 ttl=62 time=107 ms
64 bytes from fd00::212:7402:2:202: icmp_seq=22 ttl=62 time=123 ms
64 bytes from fd00::212:7402:2:202: icmp_seq=23 ttl=62 time=78.4 ms
64 bytes from fd00::212:7402:2:202: icmp_seq=24 ttl=62 time=152 ms
64 bytes from fd00::212:7402:2:202: icmp_seq=25 ttl=62 time=163 ms
64 bytes from fd00::212:7402:2:202: icmp_seq=26 ttl=62 time=93.9 ms
64 bytes from fd00::212:7402:2:202: icmp_seq=27 ttl=62 time=81.0 ms
64 bytes from fd00::212:7402:2:202: icmp_seq=28 ttl=62 time=93.9 ms
64 bytes from fd00::212:7402:2:202: icmp_seq=29 ttl=62 time=110 ms
64 bytes from fd00::212:7402:2:202: icmp_seq=30 ttl=62 time=107 ms
64 bytes from fd00::212:7402:2:202: icmp_seq=31 ttl=62 time=73.3 ms
64 bytes from fd00::212:7402:2:202: icmp_seq=32 ttl=62 time=94.3 ms
64 bytes from fd00::212:7402:2:202: icmp_seq=33 ttl=62 time=80.9 ms
64 bytes from fd00::212:7402:2:202: icmp_seq=34 ttl=62 time=89.8 ms
64 bytes from fd00::212:7402:2:202: icmp_seq=35 ttl=62 time=84.9 ms
64 bytes from fd00::212:7402:2:202: icmp_seq=36 ttl=62 time=72.5 ms
64 bytes from fd00::212:7402:2:202: icmp_seq=37 ttl=62 time=77.8 ms
64 bytes from fd00::212:7402:2:202: icmp_seq=38 ttl=62 time=283 ms
64 bytes from fd00::212:7402:2:202: icmp_seq=39 ttl=62 time=183 ms
64 bytes from fd00::212:7402:2:202: icmp_seq=40 ttl=62 time=132 ms
64 bytes from fd00::212:7402:2:202: icmp_seq=41 ttl=62 time=87.1 ms
64 bytes from fd00::212:7402:2:202: icmp_seq=42 ttl=62 time=117 ms
64 bytes from fd00::212:7402:2:202: icmp_seq=43 ttl=62 time=94.8 ms
64 bytes from fd00::212:7402:2:202: icmp_seq=44 ttl=62 time=116 ms
64 bytes from fd00::212:7402:2:202: icmp_seq=45 ttl=62 time=78.3 ms
64 bytes from fd00::212:7402:2:202: icmp_seq=46 ttl=62 time=116 ms
64 bytes from fd00::212:7402:2:202: icmp_seq=47 ttl=62 time=97.7 ms
64 bytes from fd00::212:7402:2:202: icmp_seq=48 ttl=62 time=87.9 ms
64 bytes from fd00::212:7402:2:202: icmp_seq=49 ttl=62 time=66.5 ms
64 bytes from fd00::212:7402:2:202: icmp_seq=50 ttl=62 time=69.1 ms
64 bytes from fd00::212:7402:2:202: icmp_seq=51 ttl=62 time=129 ms
64 bytes from fd00::212:7402:2:202: icmp_seq=52 ttl=62 time=101 ms
64 bytes from fd00::212:7402:2:202: icmp_seq=53 ttl=62 time=84.0 ms
64 bytes from fd00::212:7402:2:202: icmp_seq=54 ttl=62 time=72.9 ms
64 bytes from fd00::212:7402:2:202: icmp_seq=55 ttl=62 time=71.5 ms
64 bytes from fd00::212:7402:2:202: icmp_seq=56 ttl=62 time=103 ms
64 bytes from fd00::212:7402:2:202: icmp_seq=57 ttl=62 time=94.1 ms
64 bytes from fd00::212:7402:2:202: icmp_seq=58 ttl=62 time=86.4 ms
64 bytes from fd00::212:7402:2:202: icmp_seq=59 ttl=62 time=91.9 ms
64 bytes from fd00::212:7402:2:202: icmp_seq=60 ttl=62 time=105 ms
64 bytes from fd00::212:7402:2:202: icmp_seq=61 ttl=62 time=124 ms
64 bytes from fd00::212:7402:2:202: icmp_seq=62 ttl=62 time=184 ms
64 bytes from fd00::212:7402:2:202: icmp_seq=63 ttl=62 time=97.9 ms
64 bytes from fd00::212:7402:2:202: icmp_seq=64 ttl=62 time=90.5 ms
64 bytes from fd00::212:7402:2:202: icmp_seq=65 ttl=62 time=108 ms
64 bytes from fd00::212:7402:2:202: icmp_seq=66 ttl=62 time=146 ms
64 bytes from fd00::212:7402:2:202: icmp_seq=67 ttl=62 time=169 ms
64 bytes from fd00::212:7402:2:202: icmp_seq=68 ttl=62 time=126 ms
64 bytes from fd00::212:7402:2:202: icmp_seq=69 ttl=62 time=89.1 ms
64 bytes from fd00::212:7402:2:202: icmp_seq=70 ttl=62 time=145 ms
64 bytes from fd00::212:7402:2:202: icmp_seq=71 ttl=62 time=129 ms
64 bytes from fd00::212:7402:2:202: icmp_seq=72 ttl=62 time=88.8 ms
64 bytes from fd00::212:7402:2:202: icmp_seq=73 ttl=62 time=133 ms
64 bytes from fd00::212:7402:2:202: icmp_seq=74 ttl=62 time=97.9 ms
64 bytes from fd00::212:7402:2:202: icmp_seq=75 ttl=62 time=95.0 ms
64 bytes from fd00::212:7402:2:202: icmp_seq=76 ttl=62 time=618 ms
64 bytes from fd00::212:7402:2:202: icmp_seq=77 ttl=62 time=466 ms
64 bytes from fd00::212:7402:2:202: icmp_seq=78 ttl=62 time=77.9 ms
64 bytes from fd00::212:7402:2:202: icmp_seq=79 ttl=62 time=90.9 ms
64 bytes from fd00::212:7402:2:202: icmp_seq=80 ttl=62 time=611 ms
64 bytes from fd00::212:7402:2:202: icmp_seq=81 ttl=62 time=117 ms
64 bytes from fd00::212:7402:2:202: icmp_seq=82 ttl=62 time=121 ms
64 bytes from fd00::212:7402:2:202: icmp_seq=83 ttl=62 time=92.8 ms
64 bytes from fd00::212:7402:2:202: icmp_seq=84 ttl=62 time=93.0 ms
64 bytes from fd00::212:7402:2:202: icmp_seq=85 ttl=62 time=145 ms
64 bytes from fd00::212:7402:2:202: icmp_seq=86 ttl=62 time=104 ms
64 bytes from fd00::212:7402:2:202: icmp_seq=87 ttl=62 time=107 ms
64 bytes from fd00::212:7402:2:202: icmp_seq=88 ttl=62 time=71.5 ms
64 bytes from fd00::212:7402:2:202: icmp_seq=89 ttl=62 time=98.7 ms
64 bytes from fd00::212:7402:2:202: icmp_seq=90 ttl=62 time=69.8 ms
64 bytes from fd00::212:7402:2:202: icmp_seq=91 ttl=62 time=88.6 ms
64 bytes from fd00::212:7402:2:202: icmp_seq=92 ttl=62 time=84.5 ms
64 bytes from fd00::212:7402:2:202: icmp_seq=93 ttl=62 time=85.7 ms
64 bytes from fd00::212:7402:2:202: icmp_seq=94 ttl=62 time=72.3 ms
64 bytes from fd00::212:7402:2:202: icmp_seq=95 ttl=62 time=103 ms
64 bytes from fd00::212:7402:2:202: icmp_seq=96 ttl=62 time=82.8 ms
64 bytes from fd00::212:7402:2:202: icmp_seq=97 ttl=62 time=77.1 ms
64 bytes from fd00::212:7402:2:202: icmp_seq=98 ttl=62 time=94.4 ms
64 bytes from fd00::212:7402:2:202: icmp_seq=99 ttl=62 time=105 ms
64 bytes from fd00::212:7402:2:202: icmp_seq=100 ttl=62 time=64.9 ms

--- fd00::212:7402:2:202 ping statistics ---
100 packets transmitted, 96 received, 4% packet loss, time 495650ms
rtt min/avg/max/mdev = 64.906/152.096/1319.730/186.084 ms
