PING aaaa::212:7409:9:909(aaaa::212:7409:9:909) 56 data bytes
64 bytes from aaaa::212:7409:9:909: icmp_seq=2 ttl=61 time=454 ms
64 bytes from aaaa::212:7409:9:909: icmp_seq=3 ttl=61 time=196 ms
64 bytes from aaaa::212:7409:9:909: icmp_seq=4 ttl=61 time=203 ms
64 bytes from aaaa::212:7409:9:909: icmp_seq=5 ttl=61 time=140 ms
64 bytes from aaaa::212:7409:9:909: icmp_seq=6 ttl=61 time=147 ms
64 bytes from aaaa::212:7409:9:909: icmp_seq=7 ttl=61 time=154 ms
64 bytes from aaaa::212:7409:9:909: icmp_seq=8 ttl=61 time=190 ms
64 bytes from aaaa::212:7409:9:909: icmp_seq=9 ttl=61 time=685 ms
64 bytes from aaaa::212:7409:9:909: icmp_seq=10 ttl=61 time=190 ms
64 bytes from aaaa::212:7409:9:909: icmp_seq=13 ttl=61 time=457 ms
64 bytes from aaaa::212:7409:9:909: icmp_seq=14 ttl=61 time=364 ms
64 bytes from aaaa::212:7409:9:909: icmp_seq=15 ttl=61 time=663 ms
64 bytes from aaaa::212:7409:9:909: icmp_seq=16 ttl=61 time=115 ms
64 bytes from aaaa::212:7409:9:909: icmp_seq=17 ttl=61 time=429 ms
64 bytes from aaaa::212:7409:9:909: icmp_seq=18 ttl=61 time=159 ms
64 bytes from aaaa::212:7409:9:909: icmp_seq=19 ttl=61 time=95.6 ms
64 bytes from aaaa::212:7409:9:909: icmp_seq=20 ttl=61 time=180 ms
64 bytes from aaaa::212:7409:9:909: icmp_seq=21 ttl=61 time=118 ms
64 bytes from aaaa::212:7409:9:909: icmp_seq=22 ttl=61 time=130 ms
64 bytes from aaaa::212:7409:9:909: icmp_seq=23 ttl=61 time=140 ms
64 bytes from aaaa::212:7409:9:909: icmp_seq=24 ttl=61 time=100 ms
64 bytes from aaaa::212:7409:9:909: icmp_seq=25 ttl=61 time=101 ms
64 bytes from aaaa::212:7409:9:909: icmp_seq=26 ttl=61 time=98.8 ms
64 bytes from aaaa::212:7409:9:909: icmp_seq=27 ttl=61 time=123 ms
64 bytes from aaaa::212:7409:9:909: icmp_seq=28 ttl=61 time=121 ms
64 bytes from aaaa::212:7409:9:909: icmp_seq=29 ttl=61 time=111 ms
64 bytes from aaaa::212:7409:9:909: icmp_seq=30 ttl=61 time=115 ms
64 bytes from aaaa::212:7409:9:909: icmp_seq=31 ttl=61 time=129 ms
64 bytes from aaaa::212:7409:9:909: icmp_seq=32 ttl=61 time=143 ms
64 bytes from aaaa::212:7409:9:909: icmp_seq=33 ttl=61 time=97.8 ms
64 bytes from aaaa::212:7409:9:909: icmp_seq=34 ttl=61 time=115 ms
64 bytes from aaaa::212:7409:9:909: icmp_seq=35 ttl=61 time=93.4 ms
64 bytes from aaaa::212:7409:9:909: icmp_seq=36 ttl=61 time=114 ms
64 bytes from aaaa::212:7409:9:909: icmp_seq=37 ttl=61 time=120 ms
64 bytes from aaaa::212:7409:9:909: icmp_seq=38 ttl=61 time=118 ms
64 bytes from aaaa::212:7409:9:909: icmp_seq=39 ttl=61 time=98.2 ms
64 bytes from aaaa::212:7409:9:909: icmp_seq=40 ttl=61 time=92.1 ms
64 bytes from aaaa::212:7409:9:909: icmp_seq=41 ttl=61 time=100 ms
64 bytes from aaaa::212:7409:9:909: icmp_seq=42 ttl=61 time=110 ms
64 bytes from aaaa::212:7409:9:909: icmp_seq=43 ttl=61 time=128 ms
64 bytes from aaaa::212:7409:9:909: icmp_seq=44 ttl=61 time=93.4 ms
64 bytes from aaaa::212:7409:9:909: icmp_seq=45 ttl=61 time=98.3 ms
64 bytes from aaaa::212:7409:9:909: icmp_seq=46 ttl=61 time=122 ms
64 bytes from aaaa::212:7409:9:909: icmp_seq=47 ttl=61 time=115 ms
64 bytes from aaaa::212:7409:9:909: icmp_seq=48 ttl=61 time=132 ms
64 bytes from aaaa::212:7409:9:909: icmp_seq=49 ttl=61 time=96.6 ms
64 bytes from aaaa::212:7409:9:909: icmp_seq=50 ttl=61 time=111 ms
64 bytes from aaaa::212:7409:9:909: icmp_seq=51 ttl=61 time=124 ms
64 bytes from aaaa::212:7409:9:909: icmp_seq=52 ttl=61 time=161 ms
64 bytes from aaaa::212:7409:9:909: icmp_seq=53 ttl=61 time=103 ms
64 bytes from aaaa::212:7409:9:909: icmp_seq=54 ttl=61 time=123 ms
64 bytes from aaaa::212:7409:9:909: icmp_seq=55 ttl=61 time=129 ms
64 bytes from aaaa::212:7409:9:909: icmp_seq=56 ttl=61 time=107 ms
64 bytes from aaaa::212:7409:9:909: icmp_seq=57 ttl=61 time=129 ms
64 bytes from aaaa::212:7409:9:909: icmp_seq=58 ttl=61 time=100 ms
64 bytes from aaaa::212:7409:9:909: icmp_seq=59 ttl=61 time=108 ms
64 bytes from aaaa::212:7409:9:909: icmp_seq=60 ttl=61 time=111 ms
64 bytes from aaaa::212:7409:9:909: icmp_seq=61 ttl=61 time=86.6 ms
64 bytes from aaaa::212:7409:9:909: icmp_seq=62 ttl=61 time=117 ms
64 bytes from aaaa::212:7409:9:909: icmp_seq=64 ttl=61 time=136 ms
64 bytes from aaaa::212:7409:9:909: icmp_seq=65 ttl=61 time=135 ms
64 bytes from aaaa::212:7409:9:909: icmp_seq=66 ttl=61 time=236 ms
64 bytes from aaaa::212:7409:9:909: icmp_seq=67 ttl=61 time=163 ms
64 bytes from aaaa::212:7409:9:909: icmp_seq=68 ttl=61 time=139 ms
64 bytes from aaaa::212:7409:9:909: icmp_seq=69 ttl=61 time=197 ms
64 bytes from aaaa::212:7409:9:909: icmp_seq=70 ttl=61 time=199 ms
64 bytes from aaaa::212:7409:9:909: icmp_seq=71 ttl=61 time=288 ms
64 bytes from aaaa::212:7409:9:909: icmp_seq=72 ttl=61 time=188 ms
64 bytes from aaaa::212:7409:9:909: icmp_seq=73 ttl=61 time=225 ms
64 bytes from aaaa::212:7409:9:909: icmp_seq=74 ttl=61 time=140 ms
64 bytes from aaaa::212:7409:9:909: icmp_seq=75 ttl=61 time=172 ms
64 bytes from aaaa::212:7409:9:909: icmp_seq=76 ttl=61 time=156 ms
64 bytes from aaaa::212:7409:9:909: icmp_seq=77 ttl=61 time=151 ms
64 bytes from aaaa::212:7409:9:909: icmp_seq=78 ttl=61 time=177 ms
64 bytes from aaaa::212:7409:9:909: icmp_seq=79 ttl=61 time=196 ms
64 bytes from aaaa::212:7409:9:909: icmp_seq=80 ttl=61 time=171 ms
64 bytes from aaaa::212:7409:9:909: icmp_seq=81 ttl=61 time=190 ms
64 bytes from aaaa::212:7409:9:909: icmp_seq=82 ttl=61 time=250 ms
64 bytes from aaaa::212:7409:9:909: icmp_seq=83 ttl=61 time=130 ms
64 bytes from aaaa::212:7409:9:909: icmp_seq=84 ttl=61 time=176 ms
64 bytes from aaaa::212:7409:9:909: icmp_seq=85 ttl=61 time=255 ms
64 bytes from aaaa::212:7409:9:909: icmp_seq=86 ttl=61 time=173 ms
64 bytes from aaaa::212:7409:9:909: icmp_seq=87 ttl=61 time=122 ms
64 bytes from aaaa::212:7409:9:909: icmp_seq=88 ttl=61 time=248 ms
64 bytes from aaaa::212:7409:9:909: icmp_seq=89 ttl=61 time=154 ms
64 bytes from aaaa::212:7409:9:909: icmp_seq=90 ttl=61 time=205 ms
64 bytes from aaaa::212:7409:9:909: icmp_seq=91 ttl=61 time=243 ms
64 bytes from aaaa::212:7409:9:909: icmp_seq=92 ttl=61 time=152 ms
64 bytes from aaaa::212:7409:9:909: icmp_seq=93 ttl=61 time=172 ms
64 bytes from aaaa::212:7409:9:909: icmp_seq=94 ttl=61 time=143 ms
64 bytes from aaaa::212:7409:9:909: icmp_seq=95 ttl=61 time=98.1 ms
64 bytes from aaaa::212:7409:9:909: icmp_seq=97 ttl=61 time=143 ms
64 bytes from aaaa::212:7409:9:909: icmp_seq=98 ttl=61 time=157 ms
64 bytes from aaaa::212:7409:9:909: icmp_seq=100 ttl=61 time=139 ms
64 bytes from aaaa::212:7409:9:909: icmp_seq=105 ttl=61 time=124 ms
64 bytes from aaaa::212:7409:9:909: icmp_seq=109 ttl=61 time=140 ms
64 bytes from aaaa::212:7409:9:909: icmp_seq=118 ttl=61 time=157 ms
64 bytes from aaaa::212:7409:9:909: icmp_seq=121 ttl=61 time=169 ms
64 bytes from aaaa::212:7409:9:909: icmp_seq=124 ttl=61 time=116 ms
64 bytes from aaaa::212:7409:9:909: icmp_seq=125 ttl=61 time=135 ms
64 bytes from aaaa::212:7409:9:909: icmp_seq=126 ttl=61 time=129 ms
64 bytes from aaaa::212:7409:9:909: icmp_seq=127 ttl=61 time=149 ms
64 bytes from aaaa::212:7409:9:909: icmp_seq=128 ttl=61 time=138 ms
64 bytes from aaaa::212:7409:9:909: icmp_seq=129 ttl=61 time=109 ms
64 bytes from aaaa::212:7409:9:909: icmp_seq=130 ttl=61 time=152 ms
64 bytes from aaaa::212:7409:9:909: icmp_seq=139 ttl=61 time=136 ms
64 bytes from aaaa::212:7409:9:909: icmp_seq=140 ttl=61 time=128 ms
64 bytes from aaaa::212:7409:9:909: icmp_seq=142 ttl=61 time=165 ms
64 bytes from aaaa::212:7409:9:909: icmp_seq=143 ttl=61 time=166 ms
64 bytes from aaaa::212:7409:9:909: icmp_seq=144 ttl=61 time=137 ms
64 bytes from aaaa::212:7409:9:909: icmp_seq=148 ttl=61 time=141 ms
64 bytes from aaaa::212:7409:9:909: icmp_seq=150 ttl=61 time=154 ms
64 bytes from aaaa::212:7409:9:909: icmp_seq=163 ttl=61 time=356 ms
64 bytes from aaaa::212:7409:9:909: icmp_seq=165 ttl=61 time=143 ms
64 bytes from aaaa::212:7409:9:909: icmp_seq=166 ttl=61 time=125 ms
64 bytes from aaaa::212:7409:9:909: icmp_seq=167 ttl=61 time=266 ms
64 bytes from aaaa::212:7409:9:909: icmp_seq=168 ttl=61 time=146 ms
64 bytes from aaaa::212:7409:9:909: icmp_seq=169 ttl=61 time=98.7 ms
64 bytes from aaaa::212:7409:9:909: icmp_seq=170 ttl=61 time=142 ms
64 bytes from aaaa::212:7409:9:909: icmp_seq=171 ttl=61 time=182 ms
64 bytes from aaaa::212:7409:9:909: icmp_seq=172 ttl=61 time=113 ms
64 bytes from aaaa::212:7409:9:909: icmp_seq=173 ttl=61 time=120 ms
64 bytes from aaaa::212:7409:9:909: icmp_seq=174 ttl=61 time=145 ms
64 bytes from aaaa::212:7409:9:909: icmp_seq=175 ttl=61 time=368 ms
64 bytes from aaaa::212:7409:9:909: icmp_seq=176 ttl=61 time=103 ms
64 bytes from aaaa::212:7409:9:909: icmp_seq=177 ttl=61 time=118 ms
64 bytes from aaaa::212:7409:9:909: icmp_seq=178 ttl=61 time=305 ms
64 bytes from aaaa::212:7409:9:909: icmp_seq=179 ttl=61 time=293 ms
64 bytes from aaaa::212:7409:9:909: icmp_seq=180 ttl=61 time=106 ms
64 bytes from aaaa::212:7409:9:909: icmp_seq=181 ttl=61 time=124 ms
64 bytes from aaaa::212:7409:9:909: icmp_seq=182 ttl=61 time=144 ms
64 bytes from aaaa::212:7409:9:909: icmp_seq=183 ttl=61 time=95.3 ms
64 bytes from aaaa::212:7409:9:909: icmp_seq=184 ttl=61 time=116 ms
64 bytes from aaaa::212:7409:9:909: icmp_seq=185 ttl=61 time=147 ms
64 bytes from aaaa::212:7409:9:909: icmp_seq=186 ttl=61 time=156 ms
64 bytes from aaaa::212:7409:9:909: icmp_seq=187 ttl=61 time=156 ms
64 bytes from aaaa::212:7409:9:909: icmp_seq=188 ttl=61 time=110 ms
64 bytes from aaaa::212:7409:9:909: icmp_seq=189 ttl=61 time=121 ms
64 bytes from aaaa::212:7409:9:909: icmp_seq=190 ttl=61 time=107 ms
64 bytes from aaaa::212:7409:9:909: icmp_seq=191 ttl=61 time=165 ms
64 bytes from aaaa::212:7409:9:909: icmp_seq=192 ttl=61 time=93.5 ms
64 bytes from aaaa::212:7409:9:909: icmp_seq=193 ttl=61 time=188 ms
64 bytes from aaaa::212:7409:9:909: icmp_seq=194 ttl=61 time=113 ms
64 bytes from aaaa::212:7409:9:909: icmp_seq=195 ttl=61 time=103 ms
64 bytes from aaaa::212:7409:9:909: icmp_seq=196 ttl=61 time=234 ms
64 bytes from aaaa::212:7409:9:909: icmp_seq=197 ttl=61 time=308 ms
64 bytes from aaaa::212:7409:9:909: icmp_seq=198 ttl=61 time=154 ms
64 bytes from aaaa::212:7409:9:909: icmp_seq=199 ttl=61 time=90.8 ms
64 bytes from aaaa::212:7409:9:909: icmp_seq=200 ttl=61 time=146 ms

--- aaaa::212:7409:9:909 ping statistics ---
200 packets transmitted, 149 received, 25% packet loss, time 1002869ms
rtt min/avg/max/mdev = 86.667/164.018/685.892/90.634 ms
