PING aaaa::212:7404:4:404(aaaa::212:7404:4:404) 56 data bytes
64 bytes from aaaa::212:7404:4:404: icmp_seq=1 ttl=62 time=97.6 ms
64 bytes from aaaa::212:7404:4:404: icmp_seq=3 ttl=62 time=447 ms
64 bytes from aaaa::212:7404:4:404: icmp_seq=5 ttl=62 time=281 ms
64 bytes from aaaa::212:7404:4:404: icmp_seq=7 ttl=62 time=108 ms
64 bytes from aaaa::212:7404:4:404: icmp_seq=8 ttl=62 time=649 ms
64 bytes from aaaa::212:7404:4:404: icmp_seq=9 ttl=62 time=138 ms
64 bytes from aaaa::212:7404:4:404: icmp_seq=10 ttl=62 time=209 ms
64 bytes from aaaa::212:7404:4:404: icmp_seq=11 ttl=62 time=164 ms
64 bytes from aaaa::212:7404:4:404: icmp_seq=13 ttl=62 time=88.3 ms
64 bytes from aaaa::212:7404:4:404: icmp_seq=15 ttl=62 time=1179 ms
64 bytes from aaaa::212:7404:4:404: icmp_seq=16 ttl=62 time=112 ms
64 bytes from aaaa::212:7404:4:404: icmp_seq=17 ttl=62 time=248 ms
64 bytes from aaaa::212:7404:4:404: icmp_seq=18 ttl=62 time=160 ms
64 bytes from aaaa::212:7404:4:404: icmp_seq=19 ttl=62 time=89.5 ms
64 bytes from aaaa::212:7404:4:404: icmp_seq=20 ttl=62 time=99.7 ms
64 bytes from aaaa::212:7404:4:404: icmp_seq=21 ttl=62 time=95.6 ms
64 bytes from aaaa::212:7404:4:404: icmp_seq=22 ttl=62 time=91.3 ms
64 bytes from aaaa::212:7404:4:404: icmp_seq=23 ttl=62 time=102 ms
64 bytes from aaaa::212:7404:4:404: icmp_seq=24 ttl=62 time=119 ms
64 bytes from aaaa::212:7404:4:404: icmp_seq=25 ttl=62 time=113 ms
64 bytes from aaaa::212:7404:4:404: icmp_seq=26 ttl=62 time=123 ms
64 bytes from aaaa::212:7404:4:404: icmp_seq=27 ttl=62 time=112 ms
64 bytes from aaaa::212:7404:4:404: icmp_seq=28 ttl=62 time=211 ms
64 bytes from aaaa::212:7404:4:404: icmp_seq=29 ttl=62 time=112 ms
64 bytes from aaaa::212:7404:4:404: icmp_seq=31 ttl=62 time=193 ms
64 bytes from aaaa::212:7404:4:404: icmp_seq=32 ttl=62 time=98.4 ms
64 bytes from aaaa::212:7404:4:404: icmp_seq=33 ttl=62 time=201 ms
64 bytes from aaaa::212:7404:4:404: icmp_seq=34 ttl=62 time=552 ms
64 bytes from aaaa::212:7404:4:404: icmp_seq=35 ttl=62 time=125 ms
64 bytes from aaaa::212:7404:4:404: icmp_seq=36 ttl=62 time=285 ms
64 bytes from aaaa::212:7404:4:404: icmp_seq=37 ttl=62 time=233 ms
64 bytes from aaaa::212:7404:4:404: icmp_seq=39 ttl=62 time=99.1 ms
64 bytes from aaaa::212:7404:4:404: icmp_seq=40 ttl=62 time=504 ms
64 bytes from aaaa::212:7404:4:404: icmp_seq=41 ttl=62 time=126 ms
64 bytes from aaaa::212:7404:4:404: icmp_seq=42 ttl=62 time=82.2 ms
64 bytes from aaaa::212:7404:4:404: icmp_seq=43 ttl=62 time=92.9 ms
64 bytes from aaaa::212:7404:4:404: icmp_seq=44 ttl=62 time=97.1 ms
64 bytes from aaaa::212:7404:4:404: icmp_seq=45 ttl=62 time=95.7 ms
64 bytes from aaaa::212:7404:4:404: icmp_seq=46 ttl=62 time=228 ms
64 bytes from aaaa::212:7404:4:404: icmp_seq=47 ttl=62 time=126 ms
64 bytes from aaaa::212:7404:4:404: icmp_seq=48 ttl=62 time=452 ms
64 bytes from aaaa::212:7404:4:404: icmp_seq=49 ttl=62 time=184 ms
64 bytes from aaaa::212:7404:4:404: icmp_seq=50 ttl=62 time=404 ms
64 bytes from aaaa::212:7404:4:404: icmp_seq=51 ttl=62 time=383 ms
64 bytes from aaaa::212:7404:4:404: icmp_seq=52 ttl=62 time=147 ms
64 bytes from aaaa::212:7404:4:404: icmp_seq=53 ttl=62 time=153 ms
64 bytes from aaaa::212:7404:4:404: icmp_seq=54 ttl=62 time=330 ms
64 bytes from aaaa::212:7404:4:404: icmp_seq=55 ttl=62 time=294 ms
64 bytes from aaaa::212:7404:4:404: icmp_seq=56 ttl=62 time=371 ms
64 bytes from aaaa::212:7404:4:404: icmp_seq=57 ttl=62 time=212 ms
64 bytes from aaaa::212:7404:4:404: icmp_seq=58 ttl=62 time=211 ms
64 bytes from aaaa::212:7404:4:404: icmp_seq=59 ttl=62 time=323 ms
64 bytes from aaaa::212:7404:4:404: icmp_seq=60 ttl=62 time=173 ms
64 bytes from aaaa::212:7404:4:404: icmp_seq=61 ttl=62 time=117 ms
64 bytes from aaaa::212:7404:4:404: icmp_seq=62 ttl=62 time=358 ms
64 bytes from aaaa::212:7404:4:404: icmp_seq=65 ttl=62 time=127 ms
64 bytes from aaaa::212:7404:4:404: icmp_seq=72 ttl=62 time=115 ms
64 bytes from aaaa::212:7404:4:404: icmp_seq=73 ttl=62 time=105 ms
64 bytes from aaaa::212:7404:4:404: icmp_seq=74 ttl=62 time=153 ms
64 bytes from aaaa::212:7404:4:404: icmp_seq=75 ttl=62 time=85.7 ms
64 bytes from aaaa::212:7404:4:404: icmp_seq=76 ttl=62 time=107 ms
64 bytes from aaaa::212:7404:4:404: icmp_seq=77 ttl=62 time=195 ms
64 bytes from aaaa::212:7404:4:404: icmp_seq=78 ttl=62 time=457 ms
64 bytes from aaaa::212:7404:4:404: icmp_seq=79 ttl=62 time=233 ms
64 bytes from aaaa::212:7404:4:404: icmp_seq=80 ttl=62 time=500 ms
64 bytes from aaaa::212:7404:4:404: icmp_seq=81 ttl=62 time=328 ms
64 bytes from aaaa::212:7404:4:404: icmp_seq=82 ttl=62 time=403 ms
64 bytes from aaaa::212:7404:4:404: icmp_seq=83 ttl=62 time=312 ms
64 bytes from aaaa::212:7404:4:404: icmp_seq=84 ttl=62 time=287 ms
64 bytes from aaaa::212:7404:4:404: icmp_seq=85 ttl=62 time=306 ms
64 bytes from aaaa::212:7404:4:404: icmp_seq=86 ttl=62 time=251 ms
64 bytes from aaaa::212:7404:4:404: icmp_seq=87 ttl=62 time=168 ms
64 bytes from aaaa::212:7404:4:404: icmp_seq=88 ttl=62 time=312 ms
64 bytes from aaaa::212:7404:4:404: icmp_seq=89 ttl=62 time=533 ms
64 bytes from aaaa::212:7404:4:404: icmp_seq=90 ttl=62 time=475 ms
64 bytes from aaaa::212:7404:4:404: icmp_seq=91 ttl=62 time=98.8 ms
64 bytes from aaaa::212:7404:4:404: icmp_seq=92 ttl=62 time=228 ms
64 bytes from aaaa::212:7404:4:404: icmp_seq=93 ttl=62 time=120 ms
64 bytes from aaaa::212:7404:4:404: icmp_seq=94 ttl=62 time=90.0 ms
64 bytes from aaaa::212:7404:4:404: icmp_seq=95 ttl=62 time=299 ms
64 bytes from aaaa::212:7404:4:404: icmp_seq=96 ttl=62 time=283 ms
64 bytes from aaaa::212:7404:4:404: icmp_seq=97 ttl=62 time=295 ms
64 bytes from aaaa::212:7404:4:404: icmp_seq=98 ttl=62 time=208 ms
64 bytes from aaaa::212:7404:4:404: icmp_seq=99 ttl=62 time=167 ms
64 bytes from aaaa::212:7404:4:404: icmp_seq=100 ttl=62 time=80.2 ms
64 bytes from aaaa::212:7404:4:404: icmp_seq=101 ttl=62 time=190 ms
64 bytes from aaaa::212:7404:4:404: icmp_seq=102 ttl=62 time=137 ms
64 bytes from aaaa::212:7404:4:404: icmp_seq=103 ttl=62 time=212 ms
64 bytes from aaaa::212:7404:4:404: icmp_seq=104 ttl=62 time=153 ms
64 bytes from aaaa::212:7404:4:404: icmp_seq=105 ttl=62 time=185 ms
64 bytes from aaaa::212:7404:4:404: icmp_seq=106 ttl=62 time=606 ms
64 bytes from aaaa::212:7404:4:404: icmp_seq=107 ttl=62 time=247 ms
64 bytes from aaaa::212:7404:4:404: icmp_seq=108 ttl=62 time=126 ms
64 bytes from aaaa::212:7404:4:404: icmp_seq=109 ttl=62 time=79.0 ms
64 bytes from aaaa::212:7404:4:404: icmp_seq=110 ttl=62 time=417 ms
64 bytes from aaaa::212:7404:4:404: icmp_seq=111 ttl=62 time=265 ms
64 bytes from aaaa::212:7404:4:404: icmp_seq=112 ttl=62 time=280 ms
64 bytes from aaaa::212:7404:4:404: icmp_seq=113 ttl=62 time=432 ms
64 bytes from aaaa::212:7404:4:404: icmp_seq=115 ttl=62 time=233 ms
64 bytes from aaaa::212:7404:4:404: icmp_seq=120 ttl=62 time=163 ms
64 bytes from aaaa::212:7404:4:404: icmp_seq=121 ttl=62 time=106 ms
64 bytes from aaaa::212:7404:4:404: icmp_seq=129 ttl=62 time=136 ms
64 bytes from aaaa::212:7404:4:404: icmp_seq=139 ttl=62 time=115 ms
64 bytes from aaaa::212:7404:4:404: icmp_seq=140 ttl=62 time=300 ms
64 bytes from aaaa::212:7404:4:404: icmp_seq=141 ttl=62 time=334 ms
64 bytes from aaaa::212:7404:4:404: icmp_seq=142 ttl=62 time=355 ms
64 bytes from aaaa::212:7404:4:404: icmp_seq=143 ttl=62 time=439 ms
64 bytes from aaaa::212:7404:4:404: icmp_seq=144 ttl=62 time=237 ms
64 bytes from aaaa::212:7404:4:404: icmp_seq=145 ttl=62 time=94.6 ms
64 bytes from aaaa::212:7404:4:404: icmp_seq=146 ttl=62 time=284 ms
64 bytes from aaaa::212:7404:4:404: icmp_seq=147 ttl=62 time=131 ms
64 bytes from aaaa::212:7404:4:404: icmp_seq=148 ttl=62 time=285 ms
64 bytes from aaaa::212:7404:4:404: icmp_seq=149 ttl=62 time=220 ms
64 bytes from aaaa::212:7404:4:404: icmp_seq=150 ttl=62 time=211 ms
64 bytes from aaaa::212:7404:4:404: icmp_seq=151 ttl=62 time=275 ms
64 bytes from aaaa::212:7404:4:404: icmp_seq=152 ttl=62 time=593 ms
64 bytes from aaaa::212:7404:4:404: icmp_seq=153 ttl=62 time=231 ms
64 bytes from aaaa::212:7404:4:404: icmp_seq=154 ttl=62 time=380 ms
64 bytes from aaaa::212:7404:4:404: icmp_seq=155 ttl=62 time=402 ms
64 bytes from aaaa::212:7404:4:404: icmp_seq=156 ttl=62 time=85.0 ms
64 bytes from aaaa::212:7404:4:404: icmp_seq=157 ttl=62 time=92.1 ms
64 bytes from aaaa::212:7404:4:404: icmp_seq=158 ttl=62 time=76.0 ms
64 bytes from aaaa::212:7404:4:404: icmp_seq=159 ttl=62 time=97.6 ms
64 bytes from aaaa::212:7404:4:404: icmp_seq=160 ttl=62 time=82.5 ms
64 bytes from aaaa::212:7404:4:404: icmp_seq=161 ttl=62 time=70.7 ms
64 bytes from aaaa::212:7404:4:404: icmp_seq=162 ttl=62 time=94.9 ms
64 bytes from aaaa::212:7404:4:404: icmp_seq=163 ttl=62 time=62.8 ms
64 bytes from aaaa::212:7404:4:404: icmp_seq=164 ttl=62 time=68.5 ms
64 bytes from aaaa::212:7404:4:404: icmp_seq=165 ttl=62 time=74.2 ms
64 bytes from aaaa::212:7404:4:404: icmp_seq=166 ttl=62 time=60.9 ms
64 bytes from aaaa::212:7404:4:404: icmp_seq=167 ttl=62 time=75.5 ms
64 bytes from aaaa::212:7404:4:404: icmp_seq=168 ttl=62 time=91.4 ms
64 bytes from aaaa::212:7404:4:404: icmp_seq=169 ttl=62 time=109 ms
64 bytes from aaaa::212:7404:4:404: icmp_seq=170 ttl=62 time=80.8 ms
64 bytes from aaaa::212:7404:4:404: icmp_seq=171 ttl=62 time=73.6 ms
64 bytes from aaaa::212:7404:4:404: icmp_seq=172 ttl=62 time=87.8 ms
64 bytes from aaaa::212:7404:4:404: icmp_seq=173 ttl=62 time=74.8 ms
64 bytes from aaaa::212:7404:4:404: icmp_seq=174 ttl=62 time=78.2 ms
64 bytes from aaaa::212:7404:4:404: icmp_seq=175 ttl=62 time=90.8 ms
64 bytes from aaaa::212:7404:4:404: icmp_seq=176 ttl=62 time=66.6 ms
64 bytes from aaaa::212:7404:4:404: icmp_seq=177 ttl=62 time=79.3 ms
64 bytes from aaaa::212:7404:4:404: icmp_seq=179 ttl=62 time=92.9 ms
64 bytes from aaaa::212:7404:4:404: icmp_seq=180 ttl=62 time=78.3 ms
64 bytes from aaaa::212:7404:4:404: icmp_seq=181 ttl=62 time=89.5 ms
64 bytes from aaaa::212:7404:4:404: icmp_seq=182 ttl=62 time=72.5 ms
64 bytes from aaaa::212:7404:4:404: icmp_seq=183 ttl=62 time=85.9 ms
64 bytes from aaaa::212:7404:4:404: icmp_seq=184 ttl=62 time=81.6 ms
64 bytes from aaaa::212:7404:4:404: icmp_seq=185 ttl=62 time=87.8 ms
64 bytes from aaaa::212:7404:4:404: icmp_seq=186 ttl=62 time=91.9 ms
64 bytes from aaaa::212:7404:4:404: icmp_seq=187 ttl=62 time=65.9 ms
64 bytes from aaaa::212:7404:4:404: icmp_seq=188 ttl=62 time=74.2 ms
64 bytes from aaaa::212:7404:4:404: icmp_seq=189 ttl=62 time=78.0 ms
64 bytes from aaaa::212:7404:4:404: icmp_seq=190 ttl=62 time=77.6 ms
64 bytes from aaaa::212:7404:4:404: icmp_seq=191 ttl=62 time=95.8 ms
64 bytes from aaaa::212:7404:4:404: icmp_seq=192 ttl=62 time=77.6 ms
64 bytes from aaaa::212:7404:4:404: icmp_seq=193 ttl=62 time=103 ms
64 bytes from aaaa::212:7404:4:404: icmp_seq=194 ttl=62 time=73.5 ms
64 bytes from aaaa::212:7404:4:404: icmp_seq=195 ttl=62 time=71.1 ms
64 bytes from aaaa::212:7404:4:404: icmp_seq=196 ttl=62 time=73.4 ms
64 bytes from aaaa::212:7404:4:404: icmp_seq=197 ttl=62 time=66.2 ms
64 bytes from aaaa::212:7404:4:404: icmp_seq=199 ttl=62 time=74.7 ms
64 bytes from aaaa::212:7404:4:404: icmp_seq=200 ttl=62 time=96.9 ms

--- aaaa::212:7404:4:404 ping statistics ---
200 packets transmitted, 162 received, 19% packet loss, time 1000817ms
rtt min/avg/max/mdev = 60.950/198.179/1179.610/153.346 ms
