PING aaaa::212:740a:a:a0a(aaaa::212:740a:a:a0a) 56 data bytes
64 bytes from aaaa::212:740a:a:a0a: icmp_seq=1 ttl=60 time=661 ms
64 bytes from aaaa::212:740a:a:a0a: icmp_seq=9 ttl=60 time=476 ms
64 bytes from aaaa::212:740a:a:a0a: icmp_seq=23 ttl=60 time=293 ms
64 bytes from aaaa::212:740a:a:a0a: icmp_seq=24 ttl=60 time=307 ms
64 bytes from aaaa::212:740a:a:a0a: icmp_seq=25 ttl=60 time=404 ms
64 bytes from aaaa::212:740a:a:a0a: icmp_seq=26 ttl=60 time=1364 ms
64 bytes from aaaa::212:740a:a:a0a: icmp_seq=27 ttl=60 time=1164 ms
64 bytes from aaaa::212:740a:a:a0a: icmp_seq=28 ttl=60 time=698 ms
64 bytes from aaaa::212:740a:a:a0a: icmp_seq=29 ttl=60 time=667 ms
64 bytes from aaaa::212:740a:a:a0a: icmp_seq=32 ttl=60 time=1860 ms
64 bytes from aaaa::212:740a:a:a0a: icmp_seq=33 ttl=60 time=763 ms
64 bytes from aaaa::212:740a:a:a0a: icmp_seq=35 ttl=60 time=450 ms
64 bytes from aaaa::212:740a:a:a0a: icmp_seq=36 ttl=60 time=287 ms
64 bytes from aaaa::212:740a:a:a0a: icmp_seq=37 ttl=60 time=1916 ms
64 bytes from aaaa::212:740a:a:a0a: icmp_seq=38 ttl=60 time=686 ms
64 bytes from aaaa::212:740a:a:a0a: icmp_seq=41 ttl=60 time=712 ms
64 bytes from aaaa::212:740a:a:a0a: icmp_seq=42 ttl=60 time=532 ms
64 bytes from aaaa::212:740a:a:a0a: icmp_seq=43 ttl=60 time=412 ms
64 bytes from aaaa::212:740a:a:a0a: icmp_seq=44 ttl=60 time=357 ms
64 bytes from aaaa::212:740a:a:a0a: icmp_seq=47 ttl=60 time=1301 ms
64 bytes from aaaa::212:740a:a:a0a: icmp_seq=48 ttl=60 time=329 ms
64 bytes from aaaa::212:740a:a:a0a: icmp_seq=52 ttl=60 time=295 ms
64 bytes from aaaa::212:740a:a:a0a: icmp_seq=53 ttl=60 time=244 ms
64 bytes from aaaa::212:740a:a:a0a: icmp_seq=54 ttl=60 time=553 ms
64 bytes from aaaa::212:740a:a:a0a: icmp_seq=55 ttl=60 time=293 ms
64 bytes from aaaa::212:740a:a:a0a: icmp_seq=56 ttl=60 time=302 ms
64 bytes from aaaa::212:740a:a:a0a: icmp_seq=57 ttl=60 time=242 ms
64 bytes from aaaa::212:740a:a:a0a: icmp_seq=58 ttl=60 time=297 ms
64 bytes from aaaa::212:740a:a:a0a: icmp_seq=59 ttl=60 time=325 ms
64 bytes from aaaa::212:740a:a:a0a: icmp_seq=60 ttl=60 time=280 ms
64 bytes from aaaa::212:740a:a:a0a: icmp_seq=61 ttl=60 time=362 ms
64 bytes from aaaa::212:740a:a:a0a: icmp_seq=62 ttl=60 time=649 ms
64 bytes from aaaa::212:740a:a:a0a: icmp_seq=63 ttl=60 time=315 ms
64 bytes from aaaa::212:740a:a:a0a: icmp_seq=64 ttl=60 time=269 ms
64 bytes from aaaa::212:740a:a:a0a: icmp_seq=65 ttl=60 time=331 ms
64 bytes from aaaa::212:740a:a:a0a: icmp_seq=66 ttl=60 time=326 ms
64 bytes from aaaa::212:740a:a:a0a: icmp_seq=67 ttl=60 time=282 ms
64 bytes from aaaa::212:740a:a:a0a: icmp_seq=68 ttl=60 time=353 ms
64 bytes from aaaa::212:740a:a:a0a: icmp_seq=70 ttl=60 time=348 ms
64 bytes from aaaa::212:740a:a:a0a: icmp_seq=71 ttl=60 time=320 ms
64 bytes from aaaa::212:740a:a:a0a: icmp_seq=72 ttl=60 time=356 ms
64 bytes from aaaa::212:740a:a:a0a: icmp_seq=73 ttl=60 time=344 ms
64 bytes from aaaa::212:740a:a:a0a: icmp_seq=74 ttl=60 time=332 ms
64 bytes from aaaa::212:740a:a:a0a: icmp_seq=75 ttl=60 time=432 ms
64 bytes from aaaa::212:740a:a:a0a: icmp_seq=76 ttl=60 time=300 ms
64 bytes from aaaa::212:740a:a:a0a: icmp_seq=77 ttl=60 time=356 ms
64 bytes from aaaa::212:740a:a:a0a: icmp_seq=78 ttl=60 time=300 ms
64 bytes from aaaa::212:740a:a:a0a: icmp_seq=79 ttl=60 time=312 ms
64 bytes from aaaa::212:740a:a:a0a: icmp_seq=80 ttl=60 time=276 ms
64 bytes from aaaa::212:740a:a:a0a: icmp_seq=81 ttl=60 time=340 ms
64 bytes from aaaa::212:740a:a:a0a: icmp_seq=83 ttl=60 time=262 ms
64 bytes from aaaa::212:740a:a:a0a: icmp_seq=84 ttl=60 time=326 ms
64 bytes from aaaa::212:740a:a:a0a: icmp_seq=85 ttl=60 time=297 ms
64 bytes from aaaa::212:740a:a:a0a: icmp_seq=86 ttl=60 time=280 ms
64 bytes from aaaa::212:740a:a:a0a: icmp_seq=87 ttl=60 time=311 ms
64 bytes from aaaa::212:740a:a:a0a: icmp_seq=88 ttl=60 time=339 ms
64 bytes from aaaa::212:740a:a:a0a: icmp_seq=89 ttl=60 time=327 ms
64 bytes from aaaa::212:740a:a:a0a: icmp_seq=90 ttl=60 time=343 ms
64 bytes from aaaa::212:740a:a:a0a: icmp_seq=91 ttl=60 time=328 ms
64 bytes from aaaa::212:740a:a:a0a: icmp_seq=92 ttl=60 time=302 ms
64 bytes from aaaa::212:740a:a:a0a: icmp_seq=93 ttl=60 time=299 ms
64 bytes from aaaa::212:740a:a:a0a: icmp_seq=94 ttl=60 time=302 ms
64 bytes from aaaa::212:740a:a:a0a: icmp_seq=95 ttl=60 time=328 ms
64 bytes from aaaa::212:740a:a:a0a: icmp_seq=96 ttl=60 time=296 ms
64 bytes from aaaa::212:740a:a:a0a: icmp_seq=97 ttl=60 time=465 ms
64 bytes from aaaa::212:740a:a:a0a: icmp_seq=98 ttl=60 time=197 ms
64 bytes from aaaa::212:740a:a:a0a: icmp_seq=99 ttl=60 time=211 ms
64 bytes from aaaa::212:740a:a:a0a: icmp_seq=100 ttl=60 time=230 ms
64 bytes from aaaa::212:740a:a:a0a: icmp_seq=101 ttl=60 time=218 ms
64 bytes from aaaa::212:740a:a:a0a: icmp_seq=102 ttl=60 time=259 ms
64 bytes from aaaa::212:740a:a:a0a: icmp_seq=103 ttl=60 time=241 ms
64 bytes from aaaa::212:740a:a:a0a: icmp_seq=104 ttl=60 time=242 ms
64 bytes from aaaa::212:740a:a:a0a: icmp_seq=105 ttl=60 time=224 ms
64 bytes from aaaa::212:740a:a:a0a: icmp_seq=106 ttl=60 time=212 ms
64 bytes from aaaa::212:740a:a:a0a: icmp_seq=107 ttl=60 time=214 ms
64 bytes from aaaa::212:740a:a:a0a: icmp_seq=108 ttl=60 time=226 ms
64 bytes from aaaa::212:740a:a:a0a: icmp_seq=109 ttl=60 time=211 ms
64 bytes from aaaa::212:740a:a:a0a: icmp_seq=110 ttl=60 time=242 ms
64 bytes from aaaa::212:740a:a:a0a: icmp_seq=111 ttl=60 time=201 ms
64 bytes from aaaa::212:740a:a:a0a: icmp_seq=112 ttl=60 time=186 ms
64 bytes from aaaa::212:740a:a:a0a: icmp_seq=113 ttl=60 time=221 ms
64 bytes from aaaa::212:740a:a:a0a: icmp_seq=114 ttl=60 time=210 ms
64 bytes from aaaa::212:740a:a:a0a: icmp_seq=116 ttl=60 time=177 ms
64 bytes from aaaa::212:740a:a:a0a: icmp_seq=117 ttl=60 time=330 ms
64 bytes from aaaa::212:740a:a:a0a: icmp_seq=118 ttl=60 time=191 ms
64 bytes from aaaa::212:740a:a:a0a: icmp_seq=119 ttl=60 time=198 ms
64 bytes from aaaa::212:740a:a:a0a: icmp_seq=120 ttl=60 time=222 ms
64 bytes from aaaa::212:740a:a:a0a: icmp_seq=121 ttl=60 time=198 ms
64 bytes from aaaa::212:740a:a:a0a: icmp_seq=122 ttl=60 time=215 ms
64 bytes from aaaa::212:740a:a:a0a: icmp_seq=123 ttl=60 time=192 ms
64 bytes from aaaa::212:740a:a:a0a: icmp_seq=124 ttl=60 time=179 ms
64 bytes from aaaa::212:740a:a:a0a: icmp_seq=125 ttl=60 time=195 ms
64 bytes from aaaa::212:740a:a:a0a: icmp_seq=126 ttl=60 time=546 ms
64 bytes from aaaa::212:740a:a:a0a: icmp_seq=127 ttl=60 time=203 ms
64 bytes from aaaa::212:740a:a:a0a: icmp_seq=128 ttl=60 time=284 ms
64 bytes from aaaa::212:740a:a:a0a: icmp_seq=129 ttl=60 time=180 ms
64 bytes from aaaa::212:740a:a:a0a: icmp_seq=130 ttl=60 time=187 ms
64 bytes from aaaa::212:740a:a:a0a: icmp_seq=131 ttl=60 time=220 ms
64 bytes from aaaa::212:740a:a:a0a: icmp_seq=132 ttl=60 time=178 ms
64 bytes from aaaa::212:740a:a:a0a: icmp_seq=133 ttl=60 time=176 ms
64 bytes from aaaa::212:740a:a:a0a: icmp_seq=134 ttl=60 time=211 ms
64 bytes from aaaa::212:740a:a:a0a: icmp_seq=135 ttl=60 time=236 ms
64 bytes from aaaa::212:740a:a:a0a: icmp_seq=136 ttl=60 time=187 ms
64 bytes from aaaa::212:740a:a:a0a: icmp_seq=137 ttl=60 time=305 ms
64 bytes from aaaa::212:740a:a:a0a: icmp_seq=138 ttl=60 time=195 ms
64 bytes from aaaa::212:740a:a:a0a: icmp_seq=139 ttl=60 time=213 ms
64 bytes from aaaa::212:740a:a:a0a: icmp_seq=140 ttl=60 time=185 ms
64 bytes from aaaa::212:740a:a:a0a: icmp_seq=141 ttl=60 time=290 ms
64 bytes from aaaa::212:740a:a:a0a: icmp_seq=142 ttl=60 time=262 ms
64 bytes from aaaa::212:740a:a:a0a: icmp_seq=144 ttl=60 time=303 ms
64 bytes from aaaa::212:740a:a:a0a: icmp_seq=145 ttl=60 time=361 ms
64 bytes from aaaa::212:740a:a:a0a: icmp_seq=146 ttl=60 time=274 ms
64 bytes from aaaa::212:740a:a:a0a: icmp_seq=147 ttl=60 time=240 ms
64 bytes from aaaa::212:740a:a:a0a: icmp_seq=148 ttl=60 time=356 ms
64 bytes from aaaa::212:740a:a:a0a: icmp_seq=149 ttl=60 time=276 ms
64 bytes from aaaa::212:740a:a:a0a: icmp_seq=150 ttl=60 time=204 ms
64 bytes from aaaa::212:740a:a:a0a: icmp_seq=151 ttl=60 time=224 ms
64 bytes from aaaa::212:740a:a:a0a: icmp_seq=152 ttl=60 time=248 ms
64 bytes from aaaa::212:740a:a:a0a: icmp_seq=153 ttl=60 time=260 ms
64 bytes from aaaa::212:740a:a:a0a: icmp_seq=154 ttl=60 time=283 ms
64 bytes from aaaa::212:740a:a:a0a: icmp_seq=155 ttl=60 time=293 ms
64 bytes from aaaa::212:740a:a:a0a: icmp_seq=156 ttl=60 time=278 ms
64 bytes from aaaa::212:740a:a:a0a: icmp_seq=157 ttl=60 time=233 ms
64 bytes from aaaa::212:740a:a:a0a: icmp_seq=158 ttl=60 time=245 ms
64 bytes from aaaa::212:740a:a:a0a: icmp_seq=159 ttl=60 time=368 ms
64 bytes from aaaa::212:740a:a:a0a: icmp_seq=160 ttl=60 time=274 ms
64 bytes from aaaa::212:740a:a:a0a: icmp_seq=161 ttl=60 time=268 ms
64 bytes from aaaa::212:740a:a:a0a: icmp_seq=162 ttl=60 time=352 ms
64 bytes from aaaa::212:740a:a:a0a: icmp_seq=163 ttl=60 time=241 ms
64 bytes from aaaa::212:740a:a:a0a: icmp_seq=165 ttl=60 time=218 ms
64 bytes from aaaa::212:740a:a:a0a: icmp_seq=166 ttl=60 time=240 ms
64 bytes from aaaa::212:740a:a:a0a: icmp_seq=167 ttl=60 time=217 ms
64 bytes from aaaa::212:740a:a:a0a: icmp_seq=168 ttl=60 time=184 ms
64 bytes from aaaa::212:740a:a:a0a: icmp_seq=169 ttl=60 time=224 ms
64 bytes from aaaa::212:740a:a:a0a: icmp_seq=170 ttl=60 time=385 ms
64 bytes from aaaa::212:740a:a:a0a: icmp_seq=171 ttl=60 time=197 ms
64 bytes from aaaa::212:740a:a:a0a: icmp_seq=172 ttl=60 time=281 ms
64 bytes from aaaa::212:740a:a:a0a: icmp_seq=173 ttl=60 time=227 ms
64 bytes from aaaa::212:740a:a:a0a: icmp_seq=174 ttl=60 time=274 ms
64 bytes from aaaa::212:740a:a:a0a: icmp_seq=175 ttl=60 time=195 ms
64 bytes from aaaa::212:740a:a:a0a: icmp_seq=176 ttl=60 time=184 ms
64 bytes from aaaa::212:740a:a:a0a: icmp_seq=177 ttl=60 time=216 ms
64 bytes from aaaa::212:740a:a:a0a: icmp_seq=178 ttl=60 time=204 ms
64 bytes from aaaa::212:740a:a:a0a: icmp_seq=179 ttl=60 time=265 ms
64 bytes from aaaa::212:740a:a:a0a: icmp_seq=180 ttl=60 time=282 ms
64 bytes from aaaa::212:740a:a:a0a: icmp_seq=181 ttl=60 time=239 ms
64 bytes from aaaa::212:740a:a:a0a: icmp_seq=182 ttl=60 time=255 ms
64 bytes from aaaa::212:740a:a:a0a: icmp_seq=183 ttl=60 time=310 ms
64 bytes from aaaa::212:740a:a:a0a: icmp_seq=184 ttl=60 time=327 ms
64 bytes from aaaa::212:740a:a:a0a: icmp_seq=185 ttl=60 time=194 ms
64 bytes from aaaa::212:740a:a:a0a: icmp_seq=186 ttl=60 time=235 ms
64 bytes from aaaa::212:740a:a:a0a: icmp_seq=187 ttl=60 time=193 ms
64 bytes from aaaa::212:740a:a:a0a: icmp_seq=188 ttl=60 time=200 ms
64 bytes from aaaa::212:740a:a:a0a: icmp_seq=189 ttl=60 time=268 ms
64 bytes from aaaa::212:740a:a:a0a: icmp_seq=190 ttl=60 time=231 ms
64 bytes from aaaa::212:740a:a:a0a: icmp_seq=191 ttl=60 time=269 ms
64 bytes from aaaa::212:740a:a:a0a: icmp_seq=192 ttl=60 time=250 ms
64 bytes from aaaa::212:740a:a:a0a: icmp_seq=193 ttl=60 time=190 ms
64 bytes from aaaa::212:740a:a:a0a: icmp_seq=194 ttl=60 time=238 ms
64 bytes from aaaa::212:740a:a:a0a: icmp_seq=195 ttl=60 time=188 ms
64 bytes from aaaa::212:740a:a:a0a: icmp_seq=196 ttl=60 time=210 ms
64 bytes from aaaa::212:740a:a:a0a: icmp_seq=197 ttl=60 time=408 ms
64 bytes from aaaa::212:740a:a:a0a: icmp_seq=198 ttl=60 time=222 ms
64 bytes from aaaa::212:740a:a:a0a: icmp_seq=199 ttl=60 time=206 ms
64 bytes from aaaa::212:740a:a:a0a: icmp_seq=200 ttl=60 time=185 ms

--- aaaa::212:740a:a:a0a ping statistics ---
200 packets transmitted, 165 received, 17% packet loss, time 1000200ms
rtt min/avg/max/mdev = 176.335/329.374/1916.833/244.184 ms
