PING aaaa::212:740a:a:a0a(aaaa::212:740a:a:a0a) 56 data bytes
64 bytes from aaaa::212:740a:a:a0a: icmp_seq=2 ttl=60 time=365 ms
64 bytes from aaaa::212:740a:a:a0a: icmp_seq=4 ttl=60 time=647 ms
64 bytes from aaaa::212:740a:a:a0a: icmp_seq=5 ttl=60 time=1060 ms
64 bytes from aaaa::212:740a:a:a0a: icmp_seq=8 ttl=60 time=631 ms
64 bytes from aaaa::212:740a:a:a0a: icmp_seq=10 ttl=60 time=923 ms
64 bytes from aaaa::212:740a:a:a0a: icmp_seq=13 ttl=60 time=833 ms
64 bytes from aaaa::212:740a:a:a0a: icmp_seq=14 ttl=60 time=576 ms
64 bytes from aaaa::212:740a:a:a0a: icmp_seq=15 ttl=60 time=768 ms
64 bytes from aaaa::212:740a:a:a0a: icmp_seq=16 ttl=60 time=274 ms
64 bytes from aaaa::212:740a:a:a0a: icmp_seq=18 ttl=60 time=480 ms
64 bytes from aaaa::212:740a:a:a0a: icmp_seq=19 ttl=60 time=407 ms
64 bytes from aaaa::212:740a:a:a0a: icmp_seq=22 ttl=60 time=530 ms
64 bytes from aaaa::212:740a:a:a0a: icmp_seq=34 ttl=60 time=594 ms
64 bytes from aaaa::212:740a:a:a0a: icmp_seq=38 ttl=60 time=604 ms
64 bytes from aaaa::212:740a:a:a0a: icmp_seq=40 ttl=60 time=517 ms
64 bytes from aaaa::212:740a:a:a0a: icmp_seq=41 ttl=60 time=560 ms
64 bytes from aaaa::212:740a:a:a0a: icmp_seq=42 ttl=60 time=485 ms
64 bytes from aaaa::212:740a:a:a0a: icmp_seq=43 ttl=60 time=325 ms
64 bytes from aaaa::212:740a:a:a0a: icmp_seq=44 ttl=60 time=474 ms
64 bytes from aaaa::212:740a:a:a0a: icmp_seq=45 ttl=60 time=364 ms
64 bytes from aaaa::212:740a:a:a0a: icmp_seq=47 ttl=60 time=243 ms
64 bytes from aaaa::212:740a:a:a0a: icmp_seq=52 ttl=60 time=229 ms
64 bytes from aaaa::212:740a:a:a0a: icmp_seq=53 ttl=60 time=305 ms
64 bytes from aaaa::212:740a:a:a0a: icmp_seq=54 ttl=60 time=175 ms
64 bytes from aaaa::212:740a:a:a0a: icmp_seq=55 ttl=60 time=211 ms
64 bytes from aaaa::212:740a:a:a0a: icmp_seq=56 ttl=60 time=203 ms
64 bytes from aaaa::212:740a:a:a0a: icmp_seq=57 ttl=60 time=213 ms
64 bytes from aaaa::212:740a:a:a0a: icmp_seq=58 ttl=60 time=235 ms
64 bytes from aaaa::212:740a:a:a0a: icmp_seq=59 ttl=60 time=240 ms
64 bytes from aaaa::212:740a:a:a0a: icmp_seq=60 ttl=60 time=201 ms
64 bytes from aaaa::212:740a:a:a0a: icmp_seq=61 ttl=60 time=230 ms
64 bytes from aaaa::212:740a:a:a0a: icmp_seq=62 ttl=60 time=258 ms
64 bytes from aaaa::212:740a:a:a0a: icmp_seq=63 ttl=60 time=240 ms
64 bytes from aaaa::212:740a:a:a0a: icmp_seq=64 ttl=60 time=319 ms
64 bytes from aaaa::212:740a:a:a0a: icmp_seq=65 ttl=60 time=193 ms
64 bytes from aaaa::212:740a:a:a0a: icmp_seq=66 ttl=60 time=179 ms
64 bytes from aaaa::212:740a:a:a0a: icmp_seq=67 ttl=60 time=203 ms
64 bytes from aaaa::212:740a:a:a0a: icmp_seq=68 ttl=60 time=211 ms
64 bytes from aaaa::212:740a:a:a0a: icmp_seq=69 ttl=60 time=227 ms
64 bytes from aaaa::212:740a:a:a0a: icmp_seq=70 ttl=60 time=189 ms
64 bytes from aaaa::212:740a:a:a0a: icmp_seq=71 ttl=60 time=188 ms
64 bytes from aaaa::212:740a:a:a0a: icmp_seq=72 ttl=60 time=205 ms
64 bytes from aaaa::212:740a:a:a0a: icmp_seq=73 ttl=60 time=180 ms
64 bytes from aaaa::212:740a:a:a0a: icmp_seq=74 ttl=60 time=223 ms
64 bytes from aaaa::212:740a:a:a0a: icmp_seq=75 ttl=60 time=209 ms
64 bytes from aaaa::212:740a:a:a0a: icmp_seq=76 ttl=60 time=192 ms
64 bytes from aaaa::212:740a:a:a0a: icmp_seq=77 ttl=60 time=208 ms
64 bytes from aaaa::212:740a:a:a0a: icmp_seq=78 ttl=60 time=190 ms
64 bytes from aaaa::212:740a:a:a0a: icmp_seq=79 ttl=60 time=214 ms
64 bytes from aaaa::212:740a:a:a0a: icmp_seq=80 ttl=60 time=210 ms
64 bytes from aaaa::212:740a:a:a0a: icmp_seq=81 ttl=60 time=320 ms
64 bytes from aaaa::212:740a:a:a0a: icmp_seq=82 ttl=60 time=206 ms
64 bytes from aaaa::212:740a:a:a0a: icmp_seq=83 ttl=60 time=230 ms
64 bytes from aaaa::212:740a:a:a0a: icmp_seq=84 ttl=60 time=194 ms
64 bytes from aaaa::212:740a:a:a0a: icmp_seq=85 ttl=60 time=264 ms
64 bytes from aaaa::212:740a:a:a0a: icmp_seq=86 ttl=60 time=218 ms
64 bytes from aaaa::212:740a:a:a0a: icmp_seq=87 ttl=60 time=166 ms
64 bytes from aaaa::212:740a:a:a0a: icmp_seq=88 ttl=60 time=229 ms
64 bytes from aaaa::212:740a:a:a0a: icmp_seq=89 ttl=60 time=212 ms
64 bytes from aaaa::212:740a:a:a0a: icmp_seq=90 ttl=60 time=221 ms
64 bytes from aaaa::212:740a:a:a0a: icmp_seq=91 ttl=60 time=202 ms
64 bytes from aaaa::212:740a:a:a0a: icmp_seq=92 ttl=60 time=218 ms
64 bytes from aaaa::212:740a:a:a0a: icmp_seq=93 ttl=60 time=188 ms
64 bytes from aaaa::212:740a:a:a0a: icmp_seq=94 ttl=60 time=181 ms
64 bytes from aaaa::212:740a:a:a0a: icmp_seq=95 ttl=60 time=205 ms
64 bytes from aaaa::212:740a:a:a0a: icmp_seq=96 ttl=60 time=192 ms
64 bytes from aaaa::212:740a:a:a0a: icmp_seq=97 ttl=60 time=218 ms
64 bytes from aaaa::212:740a:a:a0a: icmp_seq=98 ttl=60 time=228 ms
64 bytes from aaaa::212:740a:a:a0a: icmp_seq=99 ttl=60 time=194 ms
64 bytes from aaaa::212:740a:a:a0a: icmp_seq=100 ttl=60 time=210 ms
64 bytes from aaaa::212:740a:a:a0a: icmp_seq=101 ttl=60 time=201 ms
64 bytes from aaaa::212:740a:a:a0a: icmp_seq=102 ttl=60 time=182 ms
64 bytes from aaaa::212:740a:a:a0a: icmp_seq=103 ttl=60 time=191 ms
64 bytes from aaaa::212:740a:a:a0a: icmp_seq=104 ttl=60 time=241 ms
64 bytes from aaaa::212:740a:a:a0a: icmp_seq=105 ttl=60 time=180 ms
64 bytes from aaaa::212:740a:a:a0a: icmp_seq=106 ttl=60 time=209 ms
64 bytes from aaaa::212:740a:a:a0a: icmp_seq=107 ttl=60 time=257 ms
64 bytes from aaaa::212:740a:a:a0a: icmp_seq=108 ttl=60 time=192 ms
64 bytes from aaaa::212:740a:a:a0a: icmp_seq=109 ttl=60 time=188 ms
64 bytes from aaaa::212:740a:a:a0a: icmp_seq=110 ttl=60 time=220 ms
64 bytes from aaaa::212:740a:a:a0a: icmp_seq=111 ttl=60 time=203 ms
64 bytes from aaaa::212:740a:a:a0a: icmp_seq=112 ttl=60 time=195 ms
64 bytes from aaaa::212:740a:a:a0a: icmp_seq=113 ttl=60 time=203 ms
64 bytes from aaaa::212:740a:a:a0a: icmp_seq=114 ttl=60 time=181 ms
64 bytes from aaaa::212:740a:a:a0a: icmp_seq=115 ttl=60 time=233 ms
64 bytes from aaaa::212:740a:a:a0a: icmp_seq=116 ttl=60 time=211 ms
64 bytes from aaaa::212:740a:a:a0a: icmp_seq=117 ttl=60 time=206 ms
64 bytes from aaaa::212:740a:a:a0a: icmp_seq=118 ttl=60 time=167 ms
64 bytes from aaaa::212:740a:a:a0a: icmp_seq=119 ttl=60 time=227 ms
64 bytes from aaaa::212:740a:a:a0a: icmp_seq=120 ttl=60 time=179 ms
64 bytes from aaaa::212:740a:a:a0a: icmp_seq=121 ttl=60 time=183 ms
64 bytes from aaaa::212:740a:a:a0a: icmp_seq=122 ttl=60 time=200 ms
64 bytes from aaaa::212:740a:a:a0a: icmp_seq=123 ttl=60 time=216 ms
64 bytes from aaaa::212:740a:a:a0a: icmp_seq=124 ttl=60 time=254 ms
64 bytes from aaaa::212:740a:a:a0a: icmp_seq=125 ttl=60 time=270 ms
64 bytes from aaaa::212:740a:a:a0a: icmp_seq=126 ttl=60 time=200 ms
64 bytes from aaaa::212:740a:a:a0a: icmp_seq=127 ttl=60 time=175 ms
64 bytes from aaaa::212:740a:a:a0a: icmp_seq=128 ttl=60 time=253 ms
64 bytes from aaaa::212:740a:a:a0a: icmp_seq=129 ttl=60 time=218 ms
64 bytes from aaaa::212:740a:a:a0a: icmp_seq=130 ttl=60 time=202 ms
64 bytes from aaaa::212:740a:a:a0a: icmp_seq=131 ttl=60 time=174 ms
64 bytes from aaaa::212:740a:a:a0a: icmp_seq=132 ttl=60 time=195 ms
64 bytes from aaaa::212:740a:a:a0a: icmp_seq=133 ttl=60 time=264 ms
64 bytes from aaaa::212:740a:a:a0a: icmp_seq=134 ttl=60 time=178 ms
64 bytes from aaaa::212:740a:a:a0a: icmp_seq=135 ttl=60 time=199 ms
64 bytes from aaaa::212:740a:a:a0a: icmp_seq=136 ttl=60 time=176 ms
64 bytes from aaaa::212:740a:a:a0a: icmp_seq=137 ttl=60 time=225 ms
64 bytes from aaaa::212:740a:a:a0a: icmp_seq=138 ttl=60 time=276 ms
64 bytes from aaaa::212:740a:a:a0a: icmp_seq=139 ttl=60 time=479 ms
64 bytes from aaaa::212:740a:a:a0a: icmp_seq=140 ttl=60 time=503 ms
64 bytes from aaaa::212:740a:a:a0a: icmp_seq=141 ttl=60 time=533 ms
64 bytes from aaaa::212:740a:a:a0a: icmp_seq=142 ttl=60 time=554 ms
64 bytes from aaaa::212:740a:a:a0a: icmp_seq=143 ttl=60 time=486 ms
64 bytes from aaaa::212:740a:a:a0a: icmp_seq=144 ttl=60 time=552 ms
64 bytes from aaaa::212:740a:a:a0a: icmp_seq=145 ttl=60 time=710 ms
64 bytes from aaaa::212:740a:a:a0a: icmp_seq=146 ttl=60 time=482 ms
64 bytes from aaaa::212:740a:a:a0a: icmp_seq=147 ttl=60 time=401 ms
64 bytes from aaaa::212:740a:a:a0a: icmp_seq=148 ttl=60 time=706 ms
64 bytes from aaaa::212:740a:a:a0a: icmp_seq=149 ttl=60 time=591 ms
64 bytes from aaaa::212:740a:a:a0a: icmp_seq=150 ttl=60 time=543 ms
64 bytes from aaaa::212:740a:a:a0a: icmp_seq=151 ttl=60 time=281 ms
64 bytes from aaaa::212:740a:a:a0a: icmp_seq=152 ttl=60 time=512 ms
64 bytes from aaaa::212:740a:a:a0a: icmp_seq=153 ttl=60 time=255 ms
64 bytes from aaaa::212:740a:a:a0a: icmp_seq=155 ttl=60 time=462 ms
64 bytes from aaaa::212:740a:a:a0a: icmp_seq=156 ttl=60 time=402 ms
64 bytes from aaaa::212:740a:a:a0a: icmp_seq=157 ttl=60 time=285 ms
64 bytes from aaaa::212:740a:a:a0a: icmp_seq=158 ttl=60 time=418 ms
64 bytes from aaaa::212:740a:a:a0a: icmp_seq=159 ttl=60 time=354 ms
64 bytes from aaaa::212:740a:a:a0a: icmp_seq=160 ttl=60 time=359 ms
64 bytes from aaaa::212:740a:a:a0a: icmp_seq=161 ttl=60 time=369 ms
64 bytes from aaaa::212:740a:a:a0a: icmp_seq=162 ttl=60 time=324 ms
64 bytes from aaaa::212:740a:a:a0a: icmp_seq=163 ttl=60 time=324 ms
64 bytes from aaaa::212:740a:a:a0a: icmp_seq=164 ttl=60 time=560 ms
64 bytes from aaaa::212:740a:a:a0a: icmp_seq=165 ttl=60 time=359 ms
64 bytes from aaaa::212:740a:a:a0a: icmp_seq=166 ttl=60 time=519 ms
64 bytes from aaaa::212:740a:a:a0a: icmp_seq=167 ttl=60 time=331 ms
64 bytes from aaaa::212:740a:a:a0a: icmp_seq=168 ttl=60 time=610 ms
64 bytes from aaaa::212:740a:a:a0a: icmp_seq=169 ttl=60 time=397 ms
64 bytes from aaaa::212:740a:a:a0a: icmp_seq=170 ttl=60 time=387 ms
64 bytes from aaaa::212:740a:a:a0a: icmp_seq=171 ttl=60 time=580 ms
64 bytes from aaaa::212:740a:a:a0a: icmp_seq=172 ttl=60 time=397 ms
64 bytes from aaaa::212:740a:a:a0a: icmp_seq=173 ttl=60 time=304 ms
64 bytes from aaaa::212:740a:a:a0a: icmp_seq=174 ttl=60 time=294 ms
64 bytes from aaaa::212:740a:a:a0a: icmp_seq=175 ttl=60 time=340 ms
64 bytes from aaaa::212:740a:a:a0a: icmp_seq=176 ttl=60 time=384 ms
64 bytes from aaaa::212:740a:a:a0a: icmp_seq=177 ttl=60 time=566 ms
64 bytes from aaaa::212:740a:a:a0a: icmp_seq=178 ttl=60 time=432 ms
64 bytes from aaaa::212:740a:a:a0a: icmp_seq=179 ttl=60 time=396 ms
64 bytes from aaaa::212:740a:a:a0a: icmp_seq=180 ttl=60 time=640 ms
64 bytes from aaaa::212:740a:a:a0a: icmp_seq=181 ttl=60 time=404 ms
64 bytes from aaaa::212:740a:a:a0a: icmp_seq=182 ttl=60 time=388 ms
64 bytes from aaaa::212:740a:a:a0a: icmp_seq=183 ttl=60 time=484 ms
64 bytes from aaaa::212:740a:a:a0a: icmp_seq=184 ttl=60 time=514 ms
64 bytes from aaaa::212:740a:a:a0a: icmp_seq=185 ttl=60 time=364 ms
64 bytes from aaaa::212:740a:a:a0a: icmp_seq=186 ttl=60 time=460 ms
64 bytes from aaaa::212:740a:a:a0a: icmp_seq=187 ttl=60 time=388 ms
64 bytes from aaaa::212:740a:a:a0a: icmp_seq=188 ttl=60 time=335 ms
64 bytes from aaaa::212:740a:a:a0a: icmp_seq=189 ttl=60 time=241 ms
64 bytes from aaaa::212:740a:a:a0a: icmp_seq=190 ttl=60 time=656 ms
64 bytes from aaaa::212:740a:a:a0a: icmp_seq=191 ttl=60 time=417 ms
64 bytes from aaaa::212:740a:a:a0a: icmp_seq=192 ttl=60 time=306 ms
64 bytes from aaaa::212:740a:a:a0a: icmp_seq=196 ttl=60 time=352 ms

--- aaaa::212:740a:a:a0a ping statistics ---
200 packets transmitted, 162 received, 19% packet loss, time 1000814ms
rtt min/avg/max/mdev = 166.650/332.860/1060.476/167.889 ms
