PING aaaa::212:7409:9:909(aaaa::212:7409:9:909) 56 data bytes
64 bytes from aaaa::212:7409:9:909: icmp_seq=2 ttl=61 time=250 ms
64 bytes from aaaa::212:7409:9:909: icmp_seq=4 ttl=61 time=379 ms
64 bytes from aaaa::212:7409:9:909: icmp_seq=5 ttl=61 time=167 ms
64 bytes from aaaa::212:7409:9:909: icmp_seq=6 ttl=61 time=206 ms
64 bytes from aaaa::212:7409:9:909: icmp_seq=7 ttl=61 time=690 ms
64 bytes from aaaa::212:7409:9:909: icmp_seq=8 ttl=61 time=309 ms
64 bytes from aaaa::212:7409:9:909: icmp_seq=10 ttl=61 time=333 ms
64 bytes from aaaa::212:7409:9:909: icmp_seq=12 ttl=61 time=169 ms
64 bytes from aaaa::212:7409:9:909: icmp_seq=13 ttl=61 time=560 ms
64 bytes from aaaa::212:7409:9:909: icmp_seq=14 ttl=61 time=478 ms
64 bytes from aaaa::212:7409:9:909: icmp_seq=15 ttl=61 time=203 ms
64 bytes from aaaa::212:7409:9:909: icmp_seq=16 ttl=61 time=171 ms
64 bytes from aaaa::212:7409:9:909: icmp_seq=18 ttl=61 time=140 ms
64 bytes from aaaa::212:7409:9:909: icmp_seq=19 ttl=61 time=148 ms
64 bytes from aaaa::212:7409:9:909: icmp_seq=20 ttl=61 time=163 ms
64 bytes from aaaa::212:7409:9:909: icmp_seq=21 ttl=61 time=540 ms
64 bytes from aaaa::212:7409:9:909: icmp_seq=22 ttl=61 time=310 ms
64 bytes from aaaa::212:7409:9:909: icmp_seq=23 ttl=61 time=235 ms
64 bytes from aaaa::212:7409:9:909: icmp_seq=24 ttl=61 time=145 ms
64 bytes from aaaa::212:7409:9:909: icmp_seq=25 ttl=61 time=192 ms
64 bytes from aaaa::212:7409:9:909: icmp_seq=26 ttl=61 time=319 ms
64 bytes from aaaa::212:7409:9:909: icmp_seq=27 ttl=61 time=179 ms
64 bytes from aaaa::212:7409:9:909: icmp_seq=28 ttl=61 time=145 ms
64 bytes from aaaa::212:7409:9:909: icmp_seq=30 ttl=61 time=151 ms
64 bytes from aaaa::212:7409:9:909: icmp_seq=31 ttl=61 time=169 ms
64 bytes from aaaa::212:7409:9:909: icmp_seq=32 ttl=61 time=147 ms
64 bytes from aaaa::212:7409:9:909: icmp_seq=33 ttl=61 time=253 ms
64 bytes from aaaa::212:7409:9:909: icmp_seq=34 ttl=61 time=212 ms
64 bytes from aaaa::212:7409:9:909: icmp_seq=35 ttl=61 time=325 ms
64 bytes from aaaa::212:7409:9:909: icmp_seq=36 ttl=61 time=169 ms
64 bytes from aaaa::212:7409:9:909: icmp_seq=37 ttl=61 time=544 ms
64 bytes from aaaa::212:7409:9:909: icmp_seq=38 ttl=61 time=112 ms
64 bytes from aaaa::212:7409:9:909: icmp_seq=39 ttl=61 time=277 ms
64 bytes from aaaa::212:7409:9:909: icmp_seq=40 ttl=61 time=146 ms
64 bytes from aaaa::212:7409:9:909: icmp_seq=41 ttl=61 time=128 ms
64 bytes from aaaa::212:7409:9:909: icmp_seq=42 ttl=61 time=152 ms
64 bytes from aaaa::212:7409:9:909: icmp_seq=43 ttl=61 time=136 ms
64 bytes from aaaa::212:7409:9:909: icmp_seq=46 ttl=61 time=252 ms
64 bytes from aaaa::212:7409:9:909: icmp_seq=47 ttl=61 time=396 ms
64 bytes from aaaa::212:7409:9:909: icmp_seq=48 ttl=61 time=269 ms
64 bytes from aaaa::212:7409:9:909: icmp_seq=49 ttl=61 time=496 ms
64 bytes from aaaa::212:7409:9:909: icmp_seq=50 ttl=61 time=378 ms
64 bytes from aaaa::212:7409:9:909: icmp_seq=51 ttl=61 time=268 ms
64 bytes from aaaa::212:7409:9:909: icmp_seq=52 ttl=61 time=178 ms
64 bytes from aaaa::212:7409:9:909: icmp_seq=53 ttl=61 time=492 ms
64 bytes from aaaa::212:7409:9:909: icmp_seq=55 ttl=61 time=355 ms
64 bytes from aaaa::212:7409:9:909: icmp_seq=56 ttl=61 time=296 ms
64 bytes from aaaa::212:7409:9:909: icmp_seq=57 ttl=61 time=237 ms
64 bytes from aaaa::212:7409:9:909: icmp_seq=58 ttl=61 time=328 ms
64 bytes from aaaa::212:7409:9:909: icmp_seq=59 ttl=61 time=262 ms
64 bytes from aaaa::212:7409:9:909: icmp_seq=60 ttl=61 time=243 ms
64 bytes from aaaa::212:7409:9:909: icmp_seq=64 ttl=61 time=304 ms
64 bytes from aaaa::212:7409:9:909: icmp_seq=71 ttl=61 time=226 ms
64 bytes from aaaa::212:7409:9:909: icmp_seq=72 ttl=61 time=233 ms
64 bytes from aaaa::212:7409:9:909: icmp_seq=73 ttl=61 time=268 ms
64 bytes from aaaa::212:7409:9:909: icmp_seq=74 ttl=61 time=207 ms
64 bytes from aaaa::212:7409:9:909: icmp_seq=75 ttl=61 time=249 ms
64 bytes from aaaa::212:7409:9:909: icmp_seq=76 ttl=61 time=214 ms
64 bytes from aaaa::212:7409:9:909: icmp_seq=77 ttl=61 time=370 ms
64 bytes from aaaa::212:7409:9:909: icmp_seq=78 ttl=61 time=215 ms
64 bytes from aaaa::212:7409:9:909: icmp_seq=79 ttl=61 time=628 ms
64 bytes from aaaa::212:7409:9:909: icmp_seq=80 ttl=61 time=305 ms
64 bytes from aaaa::212:7409:9:909: icmp_seq=81 ttl=61 time=425 ms
64 bytes from aaaa::212:7409:9:909: icmp_seq=82 ttl=61 time=336 ms
64 bytes from aaaa::212:7409:9:909: icmp_seq=83 ttl=61 time=217 ms
64 bytes from aaaa::212:7409:9:909: icmp_seq=84 ttl=61 time=328 ms
64 bytes from aaaa::212:7409:9:909: icmp_seq=85 ttl=61 time=212 ms
64 bytes from aaaa::212:7409:9:909: icmp_seq=86 ttl=61 time=416 ms
64 bytes from aaaa::212:7409:9:909: icmp_seq=87 ttl=61 time=331 ms
64 bytes from aaaa::212:7409:9:909: icmp_seq=89 ttl=61 time=425 ms
64 bytes from aaaa::212:7409:9:909: icmp_seq=90 ttl=61 time=203 ms
64 bytes from aaaa::212:7409:9:909: icmp_seq=91 ttl=61 time=237 ms
64 bytes from aaaa::212:7409:9:909: icmp_seq=92 ttl=61 time=193 ms
64 bytes from aaaa::212:7409:9:909: icmp_seq=93 ttl=61 time=198 ms
64 bytes from aaaa::212:7409:9:909: icmp_seq=94 ttl=61 time=508 ms
64 bytes from aaaa::212:7409:9:909: icmp_seq=95 ttl=61 time=177 ms
64 bytes from aaaa::212:7409:9:909: icmp_seq=96 ttl=61 time=256 ms
64 bytes from aaaa::212:7409:9:909: icmp_seq=97 ttl=61 time=214 ms
64 bytes from aaaa::212:7409:9:909: icmp_seq=98 ttl=61 time=247 ms
64 bytes from aaaa::212:7409:9:909: icmp_seq=99 ttl=61 time=200 ms
64 bytes from aaaa::212:7409:9:909: icmp_seq=100 ttl=61 time=201 ms
64 bytes from aaaa::212:7409:9:909: icmp_seq=101 ttl=61 time=256 ms
64 bytes from aaaa::212:7409:9:909: icmp_seq=102 ttl=61 time=179 ms
64 bytes from aaaa::212:7409:9:909: icmp_seq=103 ttl=61 time=163 ms
64 bytes from aaaa::212:7409:9:909: icmp_seq=104 ttl=61 time=341 ms
64 bytes from aaaa::212:7409:9:909: icmp_seq=105 ttl=61 time=459 ms
64 bytes from aaaa::212:7409:9:909: icmp_seq=106 ttl=61 time=450 ms
64 bytes from aaaa::212:7409:9:909: icmp_seq=107 ttl=61 time=228 ms
64 bytes from aaaa::212:7409:9:909: icmp_seq=108 ttl=61 time=219 ms
64 bytes from aaaa::212:7409:9:909: icmp_seq=109 ttl=61 time=332 ms
64 bytes from aaaa::212:7409:9:909: icmp_seq=110 ttl=61 time=199 ms
64 bytes from aaaa::212:7409:9:909: icmp_seq=111 ttl=61 time=280 ms
64 bytes from aaaa::212:7409:9:909: icmp_seq=112 ttl=61 time=387 ms
64 bytes from aaaa::212:7409:9:909: icmp_seq=114 ttl=61 time=226 ms
64 bytes from aaaa::212:7409:9:909: icmp_seq=119 ttl=61 time=202 ms
64 bytes from aaaa::212:7409:9:909: icmp_seq=120 ttl=61 time=204 ms
64 bytes from aaaa::212:7409:9:909: icmp_seq=128 ttl=61 time=202 ms
64 bytes from aaaa::212:7409:9:909: icmp_seq=139 ttl=61 time=345 ms
64 bytes from aaaa::212:7409:9:909: icmp_seq=140 ttl=61 time=366 ms
64 bytes from aaaa::212:7409:9:909: icmp_seq=141 ttl=61 time=209 ms
64 bytes from aaaa::212:7409:9:909: icmp_seq=142 ttl=61 time=413 ms
64 bytes from aaaa::212:7409:9:909: icmp_seq=143 ttl=61 time=269 ms
64 bytes from aaaa::212:7409:9:909: icmp_seq=144 ttl=61 time=416 ms
64 bytes from aaaa::212:7409:9:909: icmp_seq=145 ttl=61 time=468 ms
64 bytes from aaaa::212:7409:9:909: icmp_seq=146 ttl=61 time=209 ms
64 bytes from aaaa::212:7409:9:909: icmp_seq=147 ttl=61 time=341 ms
64 bytes from aaaa::212:7409:9:909: icmp_seq=149 ttl=61 time=486 ms
64 bytes from aaaa::212:7409:9:909: icmp_seq=150 ttl=61 time=246 ms
64 bytes from aaaa::212:7409:9:909: icmp_seq=151 ttl=61 time=303 ms
64 bytes from aaaa::212:7409:9:909: icmp_seq=152 ttl=61 time=224 ms
64 bytes from aaaa::212:7409:9:909: icmp_seq=153 ttl=61 time=225 ms
64 bytes from aaaa::212:7409:9:909: icmp_seq=154 ttl=61 time=327 ms
64 bytes from aaaa::212:7409:9:909: icmp_seq=155 ttl=61 time=404 ms
64 bytes from aaaa::212:7409:9:909: icmp_seq=156 ttl=61 time=408 ms
64 bytes from aaaa::212:7409:9:909: icmp_seq=157 ttl=61 time=331 ms
64 bytes from aaaa::212:7409:9:909: icmp_seq=158 ttl=61 time=348 ms
64 bytes from aaaa::212:7409:9:909: icmp_seq=159 ttl=61 time=296 ms
64 bytes from aaaa::212:7409:9:909: icmp_seq=160 ttl=61 time=304 ms
64 bytes from aaaa::212:7409:9:909: icmp_seq=161 ttl=61 time=358 ms
64 bytes from aaaa::212:7409:9:909: icmp_seq=162 ttl=61 time=147 ms
64 bytes from aaaa::212:7409:9:909: icmp_seq=163 ttl=61 time=252 ms
64 bytes from aaaa::212:7409:9:909: icmp_seq=164 ttl=61 time=495 ms
64 bytes from aaaa::212:7409:9:909: icmp_seq=165 ttl=61 time=284 ms
64 bytes from aaaa::212:7409:9:909: icmp_seq=166 ttl=61 time=305 ms
64 bytes from aaaa::212:7409:9:909: icmp_seq=167 ttl=61 time=249 ms
64 bytes from aaaa::212:7409:9:909: icmp_seq=168 ttl=61 time=384 ms
64 bytes from aaaa::212:7409:9:909: icmp_seq=169 ttl=61 time=308 ms
64 bytes from aaaa::212:7409:9:909: icmp_seq=170 ttl=61 time=313 ms
64 bytes from aaaa::212:7409:9:909: icmp_seq=171 ttl=61 time=502 ms
64 bytes from aaaa::212:7409:9:909: icmp_seq=172 ttl=61 time=303 ms
64 bytes from aaaa::212:7409:9:909: icmp_seq=173 ttl=61 time=209 ms
64 bytes from aaaa::212:7409:9:909: icmp_seq=174 ttl=61 time=352 ms
64 bytes from aaaa::212:7409:9:909: icmp_seq=175 ttl=61 time=253 ms
64 bytes from aaaa::212:7409:9:909: icmp_seq=176 ttl=61 time=297 ms
64 bytes from aaaa::212:7409:9:909: icmp_seq=177 ttl=61 time=383 ms
64 bytes from aaaa::212:7409:9:909: icmp_seq=178 ttl=61 time=337 ms
64 bytes from aaaa::212:7409:9:909: icmp_seq=179 ttl=61 time=303 ms
64 bytes from aaaa::212:7409:9:909: icmp_seq=180 ttl=61 time=438 ms
64 bytes from aaaa::212:7409:9:909: icmp_seq=181 ttl=61 time=309 ms
64 bytes from aaaa::212:7409:9:909: icmp_seq=182 ttl=61 time=293 ms
64 bytes from aaaa::212:7409:9:909: icmp_seq=183 ttl=61 time=320 ms
64 bytes from aaaa::212:7409:9:909: icmp_seq=184 ttl=61 time=352 ms
64 bytes from aaaa::212:7409:9:909: icmp_seq=185 ttl=61 time=400 ms
64 bytes from aaaa::212:7409:9:909: icmp_seq=186 ttl=61 time=491 ms
64 bytes from aaaa::212:7409:9:909: icmp_seq=187 ttl=61 time=288 ms
64 bytes from aaaa::212:7409:9:909: icmp_seq=188 ttl=61 time=235 ms
64 bytes from aaaa::212:7409:9:909: icmp_seq=189 ttl=61 time=201 ms
64 bytes from aaaa::212:7409:9:909: icmp_seq=190 ttl=61 time=556 ms
64 bytes from aaaa::212:7409:9:909: icmp_seq=191 ttl=61 time=251 ms
64 bytes from aaaa::212:7409:9:909: icmp_seq=192 ttl=61 time=324 ms
64 bytes from aaaa::212:7409:9:909: icmp_seq=196 ttl=61 time=360 ms

--- aaaa::212:7409:9:909 ping statistics ---
200 packets transmitted, 151 received, 24% packet loss, time 1001815ms
rtt min/avg/max/mdev = 112.472/294.941/690.871/111.521 ms
