PING aaaa::212:7407:7:707(aaaa::212:7407:7:707) 56 data bytes
64 bytes from aaaa::212:7407:7:707: icmp_seq=1 ttl=61 time=392 ms
64 bytes from aaaa::212:7407:7:707: icmp_seq=2 ttl=61 time=561 ms
64 bytes from aaaa::212:7407:7:707: icmp_seq=6 ttl=61 time=386 ms
64 bytes from aaaa::212:7407:7:707: icmp_seq=9 ttl=61 time=2042 ms
64 bytes from aaaa::212:7407:7:707: icmp_seq=10 ttl=61 time=616 ms
64 bytes from aaaa::212:7407:7:707: icmp_seq=11 ttl=61 time=250 ms
64 bytes from aaaa::212:7407:7:707: icmp_seq=12 ttl=61 time=722 ms
64 bytes from aaaa::212:7407:7:707: icmp_seq=24 ttl=61 time=673 ms
64 bytes from aaaa::212:7407:7:707: icmp_seq=25 ttl=61 time=477 ms
64 bytes from aaaa::212:7407:7:707: icmp_seq=28 ttl=61 time=223 ms
64 bytes from aaaa::212:7407:7:707: icmp_seq=29 ttl=61 time=385 ms
64 bytes from aaaa::212:7407:7:707: icmp_seq=30 ttl=61 time=298 ms
64 bytes from aaaa::212:7407:7:707: icmp_seq=34 ttl=61 time=361 ms
64 bytes from aaaa::212:7407:7:707: icmp_seq=35 ttl=61 time=268 ms
64 bytes from aaaa::212:7407:7:707: icmp_seq=36 ttl=61 time=244 ms
64 bytes from aaaa::212:7407:7:707: icmp_seq=40 ttl=61 time=1603 ms
64 bytes from aaaa::212:7407:7:707: icmp_seq=41 ttl=61 time=292 ms
64 bytes from aaaa::212:7407:7:707: icmp_seq=42 ttl=61 time=276 ms
64 bytes from aaaa::212:7407:7:707: icmp_seq=43 ttl=61 time=596 ms
64 bytes from aaaa::212:7407:7:707: icmp_seq=44 ttl=61 time=246 ms
64 bytes from aaaa::212:7407:7:707: icmp_seq=45 ttl=61 time=239 ms
64 bytes from aaaa::212:7407:7:707: icmp_seq=46 ttl=61 time=753 ms
64 bytes from aaaa::212:7407:7:707: icmp_seq=47 ttl=61 time=427 ms
64 bytes from aaaa::212:7407:7:707: icmp_seq=48 ttl=61 time=461 ms
64 bytes from aaaa::212:7407:7:707: icmp_seq=49 ttl=61 time=430 ms
64 bytes from aaaa::212:7407:7:707: icmp_seq=50 ttl=61 time=244 ms
64 bytes from aaaa::212:7407:7:707: icmp_seq=51 ttl=61 time=550 ms
64 bytes from aaaa::212:7407:7:707: icmp_seq=53 ttl=61 time=264 ms
64 bytes from aaaa::212:7407:7:707: icmp_seq=54 ttl=61 time=313 ms
64 bytes from aaaa::212:7407:7:707: icmp_seq=55 ttl=61 time=236 ms
64 bytes from aaaa::212:7407:7:707: icmp_seq=56 ttl=61 time=212 ms
64 bytes from aaaa::212:7407:7:707: icmp_seq=57 ttl=61 time=467 ms
64 bytes from aaaa::212:7407:7:707: icmp_seq=58 ttl=61 time=234 ms
64 bytes from aaaa::212:7407:7:707: icmp_seq=59 ttl=61 time=233 ms
64 bytes from aaaa::212:7407:7:707: icmp_seq=60 ttl=61 time=230 ms
64 bytes from aaaa::212:7407:7:707: icmp_seq=61 ttl=61 time=235 ms
64 bytes from aaaa::212:7407:7:707: icmp_seq=62 ttl=61 time=288 ms
64 bytes from aaaa::212:7407:7:707: icmp_seq=63 ttl=61 time=212 ms
64 bytes from aaaa::212:7407:7:707: icmp_seq=64 ttl=61 time=251 ms
64 bytes from aaaa::212:7407:7:707: icmp_seq=65 ttl=61 time=210 ms
64 bytes from aaaa::212:7407:7:707: icmp_seq=66 ttl=61 time=252 ms
64 bytes from aaaa::212:7407:7:707: icmp_seq=67 ttl=61 time=218 ms
64 bytes from aaaa::212:7407:7:707: icmp_seq=68 ttl=61 time=231 ms
64 bytes from aaaa::212:7407:7:707: icmp_seq=69 ttl=61 time=211 ms
64 bytes from aaaa::212:7407:7:707: icmp_seq=70 ttl=61 time=257 ms
64 bytes from aaaa::212:7407:7:707: icmp_seq=71 ttl=61 time=228 ms
64 bytes from aaaa::212:7407:7:707: icmp_seq=72 ttl=61 time=284 ms
64 bytes from aaaa::212:7407:7:707: icmp_seq=73 ttl=61 time=365 ms
64 bytes from aaaa::212:7407:7:707: icmp_seq=74 ttl=61 time=242 ms
64 bytes from aaaa::212:7407:7:707: icmp_seq=75 ttl=61 time=272 ms
64 bytes from aaaa::212:7407:7:707: icmp_seq=76 ttl=61 time=224 ms
64 bytes from aaaa::212:7407:7:707: icmp_seq=77 ttl=61 time=243 ms
64 bytes from aaaa::212:7407:7:707: icmp_seq=78 ttl=61 time=229 ms
64 bytes from aaaa::212:7407:7:707: icmp_seq=79 ttl=61 time=234 ms
64 bytes from aaaa::212:7407:7:707: icmp_seq=80 ttl=61 time=428 ms
64 bytes from aaaa::212:7407:7:707: icmp_seq=81 ttl=61 time=267 ms
64 bytes from aaaa::212:7407:7:707: icmp_seq=83 ttl=61 time=244 ms
64 bytes from aaaa::212:7407:7:707: icmp_seq=84 ttl=61 time=243 ms
64 bytes from aaaa::212:7407:7:707: icmp_seq=85 ttl=61 time=295 ms
64 bytes from aaaa::212:7407:7:707: icmp_seq=86 ttl=61 time=243 ms
64 bytes from aaaa::212:7407:7:707: icmp_seq=87 ttl=61 time=262 ms
64 bytes from aaaa::212:7407:7:707: icmp_seq=88 ttl=61 time=199 ms
64 bytes from aaaa::212:7407:7:707: icmp_seq=89 ttl=61 time=281 ms
64 bytes from aaaa::212:7407:7:707: icmp_seq=90 ttl=61 time=257 ms
64 bytes from aaaa::212:7407:7:707: icmp_seq=91 ttl=61 time=212 ms
64 bytes from aaaa::212:7407:7:707: icmp_seq=92 ttl=61 time=237 ms
64 bytes from aaaa::212:7407:7:707: icmp_seq=93 ttl=61 time=247 ms
64 bytes from aaaa::212:7407:7:707: icmp_seq=94 ttl=61 time=224 ms
64 bytes from aaaa::212:7407:7:707: icmp_seq=95 ttl=61 time=235 ms
64 bytes from aaaa::212:7407:7:707: icmp_seq=96 ttl=61 time=252 ms
64 bytes from aaaa::212:7407:7:707: icmp_seq=97 ttl=61 time=274 ms
64 bytes from aaaa::212:7407:7:707: icmp_seq=98 ttl=61 time=139 ms
64 bytes from aaaa::212:7407:7:707: icmp_seq=99 ttl=61 time=219 ms
64 bytes from aaaa::212:7407:7:707: icmp_seq=100 ttl=61 time=171 ms
64 bytes from aaaa::212:7407:7:707: icmp_seq=101 ttl=61 time=148 ms
64 bytes from aaaa::212:7407:7:707: icmp_seq=102 ttl=61 time=165 ms
64 bytes from aaaa::212:7407:7:707: icmp_seq=103 ttl=61 time=162 ms
64 bytes from aaaa::212:7407:7:707: icmp_seq=104 ttl=61 time=140 ms
64 bytes from aaaa::212:7407:7:707: icmp_seq=105 ttl=61 time=161 ms
64 bytes from aaaa::212:7407:7:707: icmp_seq=106 ttl=61 time=158 ms
64 bytes from aaaa::212:7407:7:707: icmp_seq=107 ttl=61 time=150 ms
64 bytes from aaaa::212:7407:7:707: icmp_seq=108 ttl=61 time=148 ms
64 bytes from aaaa::212:7407:7:707: icmp_seq=109 ttl=61 time=142 ms
64 bytes from aaaa::212:7407:7:707: icmp_seq=110 ttl=61 time=157 ms
64 bytes from aaaa::212:7407:7:707: icmp_seq=111 ttl=61 time=142 ms
64 bytes from aaaa::212:7407:7:707: icmp_seq=112 ttl=61 time=133 ms
64 bytes from aaaa::212:7407:7:707: icmp_seq=113 ttl=61 time=161 ms
64 bytes from aaaa::212:7407:7:707: icmp_seq=114 ttl=61 time=158 ms
64 bytes from aaaa::212:7407:7:707: icmp_seq=115 ttl=61 time=141 ms
64 bytes from aaaa::212:7407:7:707: icmp_seq=116 ttl=61 time=138 ms
64 bytes from aaaa::212:7407:7:707: icmp_seq=117 ttl=61 time=193 ms
64 bytes from aaaa::212:7407:7:707: icmp_seq=118 ttl=61 time=154 ms
64 bytes from aaaa::212:7407:7:707: icmp_seq=119 ttl=61 time=137 ms
64 bytes from aaaa::212:7407:7:707: icmp_seq=120 ttl=61 time=167 ms
64 bytes from aaaa::212:7407:7:707: icmp_seq=122 ttl=61 time=169 ms
64 bytes from aaaa::212:7407:7:707: icmp_seq=123 ttl=61 time=164 ms
64 bytes from aaaa::212:7407:7:707: icmp_seq=124 ttl=61 time=143 ms
64 bytes from aaaa::212:7407:7:707: icmp_seq=125 ttl=61 time=165 ms
64 bytes from aaaa::212:7407:7:707: icmp_seq=126 ttl=61 time=165 ms
64 bytes from aaaa::212:7407:7:707: icmp_seq=127 ttl=61 time=140 ms
64 bytes from aaaa::212:7407:7:707: icmp_seq=128 ttl=61 time=162 ms
64 bytes from aaaa::212:7407:7:707: icmp_seq=129 ttl=61 time=137 ms
64 bytes from aaaa::212:7407:7:707: icmp_seq=130 ttl=61 time=183 ms
64 bytes from aaaa::212:7407:7:707: icmp_seq=131 ttl=61 time=155 ms
64 bytes from aaaa::212:7407:7:707: icmp_seq=132 ttl=61 time=117 ms
64 bytes from aaaa::212:7407:7:707: icmp_seq=133 ttl=61 time=137 ms
64 bytes from aaaa::212:7407:7:707: icmp_seq=134 ttl=61 time=159 ms
64 bytes from aaaa::212:7407:7:707: icmp_seq=135 ttl=61 time=187 ms
64 bytes from aaaa::212:7407:7:707: icmp_seq=136 ttl=61 time=126 ms
64 bytes from aaaa::212:7407:7:707: icmp_seq=137 ttl=61 time=134 ms
64 bytes from aaaa::212:7407:7:707: icmp_seq=138 ttl=61 time=169 ms
64 bytes from aaaa::212:7407:7:707: icmp_seq=139 ttl=61 time=150 ms
64 bytes from aaaa::212:7407:7:707: icmp_seq=140 ttl=61 time=151 ms
64 bytes from aaaa::212:7407:7:707: icmp_seq=141 ttl=61 time=123 ms
64 bytes from aaaa::212:7407:7:707: icmp_seq=142 ttl=61 time=144 ms
64 bytes from aaaa::212:7407:7:707: icmp_seq=143 ttl=61 time=132 ms
64 bytes from aaaa::212:7407:7:707: icmp_seq=144 ttl=61 time=174 ms
64 bytes from aaaa::212:7407:7:707: icmp_seq=145 ttl=61 time=123 ms
64 bytes from aaaa::212:7407:7:707: icmp_seq=146 ttl=61 time=162 ms
64 bytes from aaaa::212:7407:7:707: icmp_seq=147 ttl=61 time=154 ms
64 bytes from aaaa::212:7407:7:707: icmp_seq=148 ttl=61 time=204 ms
64 bytes from aaaa::212:7407:7:707: icmp_seq=149 ttl=61 time=182 ms
64 bytes from aaaa::212:7407:7:707: icmp_seq=150 ttl=61 time=168 ms
64 bytes from aaaa::212:7407:7:707: icmp_seq=151 ttl=61 time=140 ms
64 bytes from aaaa::212:7407:7:707: icmp_seq=152 ttl=61 time=146 ms
64 bytes from aaaa::212:7407:7:707: icmp_seq=153 ttl=61 time=224 ms
64 bytes from aaaa::212:7407:7:707: icmp_seq=154 ttl=61 time=181 ms
64 bytes from aaaa::212:7407:7:707: icmp_seq=155 ttl=61 time=165 ms
64 bytes from aaaa::212:7407:7:707: icmp_seq=156 ttl=61 time=158 ms
64 bytes from aaaa::212:7407:7:707: icmp_seq=157 ttl=61 time=148 ms
64 bytes from aaaa::212:7407:7:707: icmp_seq=158 ttl=61 time=140 ms
64 bytes from aaaa::212:7407:7:707: icmp_seq=159 ttl=61 time=136 ms
64 bytes from aaaa::212:7407:7:707: icmp_seq=160 ttl=61 time=215 ms
64 bytes from aaaa::212:7407:7:707: icmp_seq=161 ttl=61 time=148 ms
64 bytes from aaaa::212:7407:7:707: icmp_seq=162 ttl=61 time=147 ms
64 bytes from aaaa::212:7407:7:707: icmp_seq=163 ttl=61 time=160 ms
64 bytes from aaaa::212:7407:7:707: icmp_seq=164 ttl=61 time=113 ms
64 bytes from aaaa::212:7407:7:707: icmp_seq=165 ttl=61 time=138 ms
64 bytes from aaaa::212:7407:7:707: icmp_seq=166 ttl=61 time=151 ms
64 bytes from aaaa::212:7407:7:707: icmp_seq=167 ttl=61 time=153 ms
64 bytes from aaaa::212:7407:7:707: icmp_seq=168 ttl=61 time=190 ms
64 bytes from aaaa::212:7407:7:707: icmp_seq=169 ttl=61 time=137 ms
64 bytes from aaaa::212:7407:7:707: icmp_seq=170 ttl=61 time=149 ms
64 bytes from aaaa::212:7407:7:707: icmp_seq=171 ttl=61 time=178 ms
64 bytes from aaaa::212:7407:7:707: icmp_seq=172 ttl=61 time=139 ms
64 bytes from aaaa::212:7407:7:707: icmp_seq=173 ttl=61 time=139 ms
64 bytes from aaaa::212:7407:7:707: icmp_seq=174 ttl=61 time=153 ms
64 bytes from aaaa::212:7407:7:707: icmp_seq=175 ttl=61 time=167 ms
64 bytes from aaaa::212:7407:7:707: icmp_seq=176 ttl=61 time=161 ms
64 bytes from aaaa::212:7407:7:707: icmp_seq=177 ttl=61 time=140 ms
64 bytes from aaaa::212:7407:7:707: icmp_seq=178 ttl=61 time=157 ms
64 bytes from aaaa::212:7407:7:707: icmp_seq=179 ttl=61 time=189 ms
64 bytes from aaaa::212:7407:7:707: icmp_seq=180 ttl=61 time=184 ms
64 bytes from aaaa::212:7407:7:707: icmp_seq=181 ttl=61 time=155 ms
64 bytes from aaaa::212:7407:7:707: icmp_seq=182 ttl=61 time=123 ms
64 bytes from aaaa::212:7407:7:707: icmp_seq=183 ttl=61 time=143 ms
64 bytes from aaaa::212:7407:7:707: icmp_seq=184 ttl=61 time=161 ms
64 bytes from aaaa::212:7407:7:707: icmp_seq=185 ttl=61 time=168 ms
64 bytes from aaaa::212:7407:7:707: icmp_seq=186 ttl=61 time=144 ms
64 bytes from aaaa::212:7407:7:707: icmp_seq=187 ttl=61 time=109 ms
64 bytes from aaaa::212:7407:7:707: icmp_seq=188 ttl=61 time=164 ms
64 bytes from aaaa::212:7407:7:707: icmp_seq=189 ttl=61 time=162 ms
64 bytes from aaaa::212:7407:7:707: icmp_seq=190 ttl=61 time=206 ms
64 bytes from aaaa::212:7407:7:707: icmp_seq=191 ttl=61 time=133 ms
64 bytes from aaaa::212:7407:7:707: icmp_seq=192 ttl=61 time=142 ms
64 bytes from aaaa::212:7407:7:707: icmp_seq=193 ttl=61 time=131 ms
64 bytes from aaaa::212:7407:7:707: icmp_seq=194 ttl=61 time=171 ms
64 bytes from aaaa::212:7407:7:707: icmp_seq=195 ttl=61 time=165 ms
64 bytes from aaaa::212:7407:7:707: icmp_seq=196 ttl=61 time=129 ms
64 bytes from aaaa::212:7407:7:707: icmp_seq=197 ttl=61 time=184 ms
64 bytes from aaaa::212:7407:7:707: icmp_seq=198 ttl=61 time=159 ms
64 bytes from aaaa::212:7407:7:707: icmp_seq=199 ttl=61 time=149 ms
64 bytes from aaaa::212:7407:7:707: icmp_seq=200 ttl=61 time=566 ms

--- aaaa::212:7407:7:707 ping statistics ---
200 packets transmitted, 173 received, 13% packet loss, time 999285ms
rtt min/avg/max/mdev = 109.481/240.704/2042.492/208.530 ms
