PING aaaa::212:7408:8:808(aaaa::212:7408:8:808) 56 data bytes
64 bytes from aaaa::212:7408:8:808: icmp_seq=1 ttl=62 time=206 ms
64 bytes from aaaa::212:7408:8:808: icmp_seq=4 ttl=62 time=140 ms
64 bytes from aaaa::212:7408:8:808: icmp_seq=5 ttl=62 time=123 ms
64 bytes from aaaa::212:7408:8:808: icmp_seq=6 ttl=62 time=357 ms
64 bytes from aaaa::212:7408:8:808: icmp_seq=7 ttl=62 time=702 ms
64 bytes from aaaa::212:7408:8:808: icmp_seq=8 ttl=62 time=116 ms
64 bytes from aaaa::212:7408:8:808: icmp_seq=9 ttl=62 time=138 ms
64 bytes from aaaa::212:7408:8:808: icmp_seq=10 ttl=62 time=162 ms
64 bytes from aaaa::212:7408:8:808: icmp_seq=11 ttl=62 time=151 ms
64 bytes from aaaa::212:7408:8:808: icmp_seq=12 ttl=62 time=154 ms
64 bytes from aaaa::212:7408:8:808: icmp_seq=13 ttl=62 time=306 ms
64 bytes from aaaa::212:7408:8:808: icmp_seq=14 ttl=62 time=575 ms
64 bytes from aaaa::212:7408:8:808: icmp_seq=15 ttl=62 time=319 ms
64 bytes from aaaa::212:7408:8:808: icmp_seq=16 ttl=62 time=187 ms
64 bytes from aaaa::212:7408:8:808: icmp_seq=17 ttl=62 time=145 ms
64 bytes from aaaa::212:7408:8:808: icmp_seq=18 ttl=62 time=148 ms
64 bytes from aaaa::212:7408:8:808: icmp_seq=19 ttl=62 time=177 ms
64 bytes from aaaa::212:7408:8:808: icmp_seq=20 ttl=62 time=127 ms
64 bytes from aaaa::212:7408:8:808: icmp_seq=21 ttl=62 time=154 ms
64 bytes from aaaa::212:7408:8:808: icmp_seq=22 ttl=62 time=119 ms
64 bytes from aaaa::212:7408:8:808: icmp_seq=23 ttl=62 time=182 ms
64 bytes from aaaa::212:7408:8:808: icmp_seq=24 ttl=62 time=158 ms
64 bytes from aaaa::212:7408:8:808: icmp_seq=25 ttl=62 time=130 ms
64 bytes from aaaa::212:7408:8:808: icmp_seq=26 ttl=62 time=124 ms
64 bytes from aaaa::212:7408:8:808: icmp_seq=27 ttl=62 time=116 ms
64 bytes from aaaa::212:7408:8:808: icmp_seq=28 ttl=62 time=138 ms
64 bytes from aaaa::212:7408:8:808: icmp_seq=29 ttl=62 time=141 ms
64 bytes from aaaa::212:7408:8:808: icmp_seq=30 ttl=62 time=156 ms
64 bytes from aaaa::212:7408:8:808: icmp_seq=31 ttl=62 time=120 ms
64 bytes from aaaa::212:7408:8:808: icmp_seq=32 ttl=62 time=164 ms
64 bytes from aaaa::212:7408:8:808: icmp_seq=33 ttl=62 time=117 ms
64 bytes from aaaa::212:7408:8:808: icmp_seq=34 ttl=62 time=252 ms
64 bytes from aaaa::212:7408:8:808: icmp_seq=35 ttl=62 time=117 ms
64 bytes from aaaa::212:7408:8:808: icmp_seq=36 ttl=62 time=133 ms
64 bytes from aaaa::212:7408:8:808: icmp_seq=37 ttl=62 time=138 ms
64 bytes from aaaa::212:7408:8:808: icmp_seq=38 ttl=62 time=118 ms
64 bytes from aaaa::212:7408:8:808: icmp_seq=39 ttl=62 time=119 ms
64 bytes from aaaa::212:7408:8:808: icmp_seq=40 ttl=62 time=149 ms
64 bytes from aaaa::212:7408:8:808: icmp_seq=41 ttl=62 time=162 ms
64 bytes from aaaa::212:7408:8:808: icmp_seq=42 ttl=62 time=123 ms
64 bytes from aaaa::212:7408:8:808: icmp_seq=43 ttl=62 time=156 ms
64 bytes from aaaa::212:7408:8:808: icmp_seq=44 ttl=62 time=532 ms
64 bytes from aaaa::212:7408:8:808: icmp_seq=45 ttl=62 time=269 ms
64 bytes from aaaa::212:7408:8:808: icmp_seq=46 ttl=62 time=155 ms
64 bytes from aaaa::212:7408:8:808: icmp_seq=47 ttl=62 time=107 ms
64 bytes from aaaa::212:7408:8:808: icmp_seq=48 ttl=62 time=212 ms
64 bytes from aaaa::212:7408:8:808: icmp_seq=49 ttl=62 time=183 ms
64 bytes from aaaa::212:7408:8:808: icmp_seq=50 ttl=62 time=270 ms
64 bytes from aaaa::212:7408:8:808: icmp_seq=51 ttl=62 time=176 ms
64 bytes from aaaa::212:7408:8:808: icmp_seq=52 ttl=62 time=196 ms
64 bytes from aaaa::212:7408:8:808: icmp_seq=53 ttl=62 time=694 ms
64 bytes from aaaa::212:7408:8:808: icmp_seq=54 ttl=62 time=287 ms
64 bytes from aaaa::212:7408:8:808: icmp_seq=55 ttl=62 time=256 ms
64 bytes from aaaa::212:7408:8:808: icmp_seq=56 ttl=62 time=837 ms
64 bytes from aaaa::212:7408:8:808: icmp_seq=57 ttl=62 time=548 ms
64 bytes from aaaa::212:7408:8:808: icmp_seq=58 ttl=62 time=199 ms
64 bytes from aaaa::212:7408:8:808: icmp_seq=59 ttl=62 time=479 ms
64 bytes from aaaa::212:7408:8:808: icmp_seq=60 ttl=62 time=442 ms
64 bytes from aaaa::212:7408:8:808: icmp_seq=61 ttl=62 time=420 ms
64 bytes from aaaa::212:7408:8:808: icmp_seq=63 ttl=62 time=564 ms
64 bytes from aaaa::212:7408:8:808: icmp_seq=64 ttl=62 time=241 ms
64 bytes from aaaa::212:7408:8:808: icmp_seq=65 ttl=62 time=277 ms
64 bytes from aaaa::212:7408:8:808: icmp_seq=66 ttl=62 time=566 ms
64 bytes from aaaa::212:7408:8:808: icmp_seq=67 ttl=62 time=205 ms
64 bytes from aaaa::212:7408:8:808: icmp_seq=68 ttl=62 time=563 ms
64 bytes from aaaa::212:7408:8:808: icmp_seq=69 ttl=62 time=536 ms
64 bytes from aaaa::212:7408:8:808: icmp_seq=70 ttl=62 time=508 ms
64 bytes from aaaa::212:7408:8:808: icmp_seq=71 ttl=62 time=201 ms
64 bytes from aaaa::212:7408:8:808: icmp_seq=72 ttl=62 time=587 ms
64 bytes from aaaa::212:7408:8:808: icmp_seq=73 ttl=62 time=198 ms
64 bytes from aaaa::212:7408:8:808: icmp_seq=74 ttl=62 time=629 ms
64 bytes from aaaa::212:7408:8:808: icmp_seq=75 ttl=62 time=514 ms
64 bytes from aaaa::212:7408:8:808: icmp_seq=76 ttl=62 time=386 ms
64 bytes from aaaa::212:7408:8:808: icmp_seq=79 ttl=62 time=238 ms
64 bytes from aaaa::212:7408:8:808: icmp_seq=80 ttl=62 time=533 ms
64 bytes from aaaa::212:7408:8:808: icmp_seq=82 ttl=62 time=329 ms
64 bytes from aaaa::212:7408:8:808: icmp_seq=92 ttl=62 time=258 ms
64 bytes from aaaa::212:7408:8:808: icmp_seq=93 ttl=62 time=148 ms
64 bytes from aaaa::212:7408:8:808: icmp_seq=94 ttl=62 time=118 ms
64 bytes from aaaa::212:7408:8:808: icmp_seq=96 ttl=62 time=701 ms
64 bytes from aaaa::212:7408:8:808: icmp_seq=97 ttl=62 time=226 ms
64 bytes from aaaa::212:7408:8:808: icmp_seq=98 ttl=62 time=148 ms
64 bytes from aaaa::212:7408:8:808: icmp_seq=99 ttl=62 time=288 ms
64 bytes from aaaa::212:7408:8:808: icmp_seq=100 ttl=62 time=213 ms
64 bytes from aaaa::212:7408:8:808: icmp_seq=101 ttl=62 time=109 ms
64 bytes from aaaa::212:7408:8:808: icmp_seq=102 ttl=62 time=127 ms
64 bytes from aaaa::212:7408:8:808: icmp_seq=103 ttl=62 time=126 ms
64 bytes from aaaa::212:7408:8:808: icmp_seq=104 ttl=62 time=134 ms
64 bytes from aaaa::212:7408:8:808: icmp_seq=105 ttl=62 time=333 ms
64 bytes from aaaa::212:7408:8:808: icmp_seq=106 ttl=62 time=434 ms
64 bytes from aaaa::212:7408:8:808: icmp_seq=107 ttl=62 time=664 ms
64 bytes from aaaa::212:7408:8:808: icmp_seq=108 ttl=62 time=238 ms
64 bytes from aaaa::212:7408:8:808: icmp_seq=109 ttl=62 time=110 ms
64 bytes from aaaa::212:7408:8:808: icmp_seq=110 ttl=62 time=109 ms
64 bytes from aaaa::212:7408:8:808: icmp_seq=111 ttl=62 time=163 ms
64 bytes from aaaa::212:7408:8:808: icmp_seq=112 ttl=62 time=222 ms
64 bytes from aaaa::212:7408:8:808: icmp_seq=114 ttl=62 time=163 ms
64 bytes from aaaa::212:7408:8:808: icmp_seq=115 ttl=62 time=151 ms
64 bytes from aaaa::212:7408:8:808: icmp_seq=116 ttl=62 time=127 ms
64 bytes from aaaa::212:7408:8:808: icmp_seq=117 ttl=62 time=156 ms
64 bytes from aaaa::212:7408:8:808: icmp_seq=119 ttl=62 time=156 ms
64 bytes from aaaa::212:7408:8:808: icmp_seq=120 ttl=62 time=190 ms
64 bytes from aaaa::212:7408:8:808: icmp_seq=121 ttl=62 time=301 ms
64 bytes from aaaa::212:7408:8:808: icmp_seq=122 ttl=62 time=146 ms
64 bytes from aaaa::212:7408:8:808: icmp_seq=123 ttl=62 time=134 ms
64 bytes from aaaa::212:7408:8:808: icmp_seq=124 ttl=62 time=148 ms
64 bytes from aaaa::212:7408:8:808: icmp_seq=125 ttl=62 time=126 ms
64 bytes from aaaa::212:7408:8:808: icmp_seq=126 ttl=62 time=175 ms
64 bytes from aaaa::212:7408:8:808: icmp_seq=127 ttl=62 time=134 ms
64 bytes from aaaa::212:7408:8:808: icmp_seq=128 ttl=62 time=163 ms
64 bytes from aaaa::212:7408:8:808: icmp_seq=129 ttl=62 time=124 ms
64 bytes from aaaa::212:7408:8:808: icmp_seq=130 ttl=62 time=114 ms
64 bytes from aaaa::212:7408:8:808: icmp_seq=131 ttl=62 time=173 ms
64 bytes from aaaa::212:7408:8:808: icmp_seq=132 ttl=62 time=124 ms
64 bytes from aaaa::212:7408:8:808: icmp_seq=133 ttl=62 time=145 ms
64 bytes from aaaa::212:7408:8:808: icmp_seq=134 ttl=62 time=124 ms
64 bytes from aaaa::212:7408:8:808: icmp_seq=136 ttl=62 time=222 ms
64 bytes from aaaa::212:7408:8:808: icmp_seq=137 ttl=62 time=118 ms
64 bytes from aaaa::212:7408:8:808: icmp_seq=138 ttl=62 time=254 ms
64 bytes from aaaa::212:7408:8:808: icmp_seq=139 ttl=62 time=223 ms
64 bytes from aaaa::212:7408:8:808: icmp_seq=141 ttl=62 time=173 ms
64 bytes from aaaa::212:7408:8:808: icmp_seq=142 ttl=62 time=187 ms
64 bytes from aaaa::212:7408:8:808: icmp_seq=144 ttl=62 time=171 ms
64 bytes from aaaa::212:7408:8:808: icmp_seq=145 ttl=62 time=250 ms
64 bytes from aaaa::212:7408:8:808: icmp_seq=146 ttl=62 time=142 ms
64 bytes from aaaa::212:7408:8:808: icmp_seq=148 ttl=62 time=187 ms
64 bytes from aaaa::212:7408:8:808: icmp_seq=149 ttl=62 time=162 ms
64 bytes from aaaa::212:7408:8:808: icmp_seq=150 ttl=62 time=197 ms
64 bytes from aaaa::212:7408:8:808: icmp_seq=151 ttl=62 time=348 ms
64 bytes from aaaa::212:7408:8:808: icmp_seq=152 ttl=62 time=235 ms
64 bytes from aaaa::212:7408:8:808: icmp_seq=153 ttl=62 time=170 ms
64 bytes from aaaa::212:7408:8:808: icmp_seq=154 ttl=62 time=182 ms
64 bytes from aaaa::212:7408:8:808: icmp_seq=155 ttl=62 time=199 ms
64 bytes from aaaa::212:7408:8:808: icmp_seq=156 ttl=62 time=191 ms
64 bytes from aaaa::212:7408:8:808: icmp_seq=157 ttl=62 time=176 ms
64 bytes from aaaa::212:7408:8:808: icmp_seq=158 ttl=62 time=244 ms
64 bytes from aaaa::212:7408:8:808: icmp_seq=159 ttl=62 time=376 ms
64 bytes from aaaa::212:7408:8:808: icmp_seq=160 ttl=62 time=166 ms
64 bytes from aaaa::212:7408:8:808: icmp_seq=163 ttl=62 time=175 ms
64 bytes from aaaa::212:7408:8:808: icmp_seq=168 ttl=62 time=250 ms
64 bytes from aaaa::212:7408:8:808: icmp_seq=169 ttl=62 time=290 ms
64 bytes from aaaa::212:7408:8:808: icmp_seq=170 ttl=62 time=459 ms
64 bytes from aaaa::212:7408:8:808: icmp_seq=172 ttl=62 time=199 ms
64 bytes from aaaa::212:7408:8:808: icmp_seq=174 ttl=62 time=117 ms
64 bytes from aaaa::212:7408:8:808: icmp_seq=175 ttl=62 time=262 ms
64 bytes from aaaa::212:7408:8:808: icmp_seq=176 ttl=62 time=102 ms
64 bytes from aaaa::212:7408:8:808: icmp_seq=177 ttl=62 time=130 ms
64 bytes from aaaa::212:7408:8:808: icmp_seq=178 ttl=62 time=122 ms
64 bytes from aaaa::212:7408:8:808: icmp_seq=179 ttl=62 time=167 ms
64 bytes from aaaa::212:7408:8:808: icmp_seq=180 ttl=62 time=230 ms
64 bytes from aaaa::212:7408:8:808: icmp_seq=181 ttl=62 time=261 ms
64 bytes from aaaa::212:7408:8:808: icmp_seq=182 ttl=62 time=115 ms
64 bytes from aaaa::212:7408:8:808: icmp_seq=184 ttl=62 time=324 ms
64 bytes from aaaa::212:7408:8:808: icmp_seq=186 ttl=62 time=215 ms
64 bytes from aaaa::212:7408:8:808: icmp_seq=187 ttl=62 time=457 ms
64 bytes from aaaa::212:7408:8:808: icmp_seq=188 ttl=62 time=143 ms
64 bytes from aaaa::212:7408:8:808: icmp_seq=189 ttl=62 time=176 ms
64 bytes from aaaa::212:7408:8:808: icmp_seq=190 ttl=62 time=230 ms
64 bytes from aaaa::212:7408:8:808: icmp_seq=191 ttl=62 time=197 ms
64 bytes from aaaa::212:7408:8:808: icmp_seq=192 ttl=62 time=273 ms
64 bytes from aaaa::212:7408:8:808: icmp_seq=193 ttl=62 time=190 ms
64 bytes from aaaa::212:7408:8:808: icmp_seq=194 ttl=62 time=201 ms
64 bytes from aaaa::212:7408:8:808: icmp_seq=195 ttl=62 time=439 ms
64 bytes from aaaa::212:7408:8:808: icmp_seq=196 ttl=62 time=221 ms
64 bytes from aaaa::212:7408:8:808: icmp_seq=197 ttl=62 time=742 ms
64 bytes from aaaa::212:7408:8:808: icmp_seq=198 ttl=62 time=497 ms
64 bytes from aaaa::212:7408:8:808: icmp_seq=199 ttl=62 time=579 ms
64 bytes from aaaa::212:7408:8:808: icmp_seq=200 ttl=62 time=141 ms

--- aaaa::212:7408:8:808 ping statistics ---
200 packets transmitted, 168 received, 16% packet loss, time 1000286ms
rtt min/avg/max/mdev = 102.686/246.140/837.596/156.082 ms
