PING aaaa::212:7402:2:202(aaaa::212:7402:2:202) 56 data bytes
64 bytes from aaaa::212:7402:2:202: icmp_seq=1 ttl=62 time=122 ms
64 bytes from aaaa::212:7402:2:202: icmp_seq=2 ttl=62 time=227 ms
64 bytes from aaaa::212:7402:2:202: icmp_seq=4 ttl=62 time=100 ms
64 bytes from aaaa::212:7402:2:202: icmp_seq=5 ttl=62 time=101 ms
64 bytes from aaaa::212:7402:2:202: icmp_seq=10 ttl=62 time=374 ms
64 bytes from aaaa::212:7402:2:202: icmp_seq=17 ttl=62 time=227 ms
64 bytes from aaaa::212:7402:2:202: icmp_seq=18 ttl=62 time=194 ms
64 bytes from aaaa::212:7402:2:202: icmp_seq=19 ttl=62 time=132 ms
64 bytes from aaaa::212:7402:2:202: icmp_seq=20 ttl=62 time=75.3 ms
64 bytes from aaaa::212:7402:2:202: icmp_seq=23 ttl=62 time=101 ms
64 bytes from aaaa::212:7402:2:202: icmp_seq=24 ttl=62 time=74.6 ms
64 bytes from aaaa::212:7402:2:202: icmp_seq=25 ttl=62 time=71.7 ms
64 bytes from aaaa::212:7402:2:202: icmp_seq=29 ttl=62 time=92.2 ms
64 bytes from aaaa::212:7402:2:202: icmp_seq=39 ttl=62 time=259 ms
64 bytes from aaaa::212:7402:2:202: icmp_seq=42 ttl=62 time=64.0 ms
64 bytes from aaaa::212:7402:2:202: icmp_seq=43 ttl=62 time=179 ms
64 bytes from aaaa::212:7402:2:202: icmp_seq=44 ttl=62 time=219 ms
64 bytes from aaaa::212:7402:2:202: icmp_seq=45 ttl=62 time=362 ms
64 bytes from aaaa::212:7402:2:202: icmp_seq=46 ttl=62 time=133 ms
64 bytes from aaaa::212:7402:2:202: icmp_seq=47 ttl=62 time=292 ms
64 bytes from aaaa::212:7402:2:202: icmp_seq=48 ttl=62 time=237 ms
64 bytes from aaaa::212:7402:2:202: icmp_seq=49 ttl=62 time=93.1 ms
64 bytes from aaaa::212:7402:2:202: icmp_seq=50 ttl=62 time=169 ms
64 bytes from aaaa::212:7402:2:202: icmp_seq=51 ttl=62 time=158 ms
64 bytes from aaaa::212:7402:2:202: icmp_seq=52 ttl=62 time=87.9 ms
64 bytes from aaaa::212:7402:2:202: icmp_seq=53 ttl=62 time=235 ms
64 bytes from aaaa::212:7402:2:202: icmp_seq=54 ttl=62 time=324 ms
64 bytes from aaaa::212:7402:2:202: icmp_seq=55 ttl=62 time=157 ms
64 bytes from aaaa::212:7402:2:202: icmp_seq=57 ttl=62 time=177 ms
64 bytes from aaaa::212:7402:2:202: icmp_seq=59 ttl=62 time=175 ms
64 bytes from aaaa::212:7402:2:202: icmp_seq=72 ttl=62 time=162 ms
64 bytes from aaaa::212:7402:2:202: icmp_seq=73 ttl=62 time=113 ms
64 bytes from aaaa::212:7402:2:202: icmp_seq=74 ttl=62 time=204 ms
64 bytes from aaaa::212:7402:2:202: icmp_seq=75 ttl=62 time=146 ms
64 bytes from aaaa::212:7402:2:202: icmp_seq=79 ttl=62 time=92.5 ms
64 bytes from aaaa::212:7402:2:202: icmp_seq=80 ttl=62 time=172 ms
64 bytes from aaaa::212:7402:2:202: icmp_seq=84 ttl=62 time=146 ms
64 bytes from aaaa::212:7402:2:202: icmp_seq=94 ttl=62 time=126 ms
64 bytes from aaaa::212:7402:2:202: icmp_seq=95 ttl=62 time=93.1 ms
64 bytes from aaaa::212:7402:2:202: icmp_seq=98 ttl=62 time=221 ms
64 bytes from aaaa::212:7402:2:202: icmp_seq=107 ttl=62 time=152 ms
64 bytes from aaaa::212:7402:2:202: icmp_seq=108 ttl=62 time=162 ms
64 bytes from aaaa::212:7402:2:202: icmp_seq=117 ttl=62 time=154 ms
64 bytes from aaaa::212:7402:2:202: icmp_seq=119 ttl=62 time=109 ms
64 bytes from aaaa::212:7402:2:202: icmp_seq=122 ttl=62 time=195 ms
64 bytes from aaaa::212:7402:2:202: icmp_seq=123 ttl=62 time=135 ms
64 bytes from aaaa::212:7402:2:202: icmp_seq=124 ttl=62 time=178 ms
64 bytes from aaaa::212:7402:2:202: icmp_seq=125 ttl=62 time=134 ms
64 bytes from aaaa::212:7402:2:202: icmp_seq=126 ttl=62 time=77.7 ms
64 bytes from aaaa::212:7402:2:202: icmp_seq=127 ttl=62 time=56.1 ms
64 bytes from aaaa::212:7402:2:202: icmp_seq=128 ttl=62 time=70.6 ms
64 bytes from aaaa::212:7402:2:202: icmp_seq=129 ttl=62 time=50.6 ms
64 bytes from aaaa::212:7402:2:202: icmp_seq=130 ttl=62 time=125 ms
64 bytes from aaaa::212:7402:2:202: icmp_seq=131 ttl=62 time=80.1 ms
64 bytes from aaaa::212:7402:2:202: icmp_seq=132 ttl=62 time=95.0 ms
64 bytes from aaaa::212:7402:2:202: icmp_seq=133 ttl=62 time=75.9 ms
64 bytes from aaaa::212:7402:2:202: icmp_seq=134 ttl=62 time=73.2 ms
64 bytes from aaaa::212:7402:2:202: icmp_seq=135 ttl=62 time=81.6 ms
64 bytes from aaaa::212:7402:2:202: icmp_seq=136 ttl=62 time=53.6 ms
64 bytes from aaaa::212:7402:2:202: icmp_seq=137 ttl=62 time=105 ms
64 bytes from aaaa::212:7402:2:202: icmp_seq=138 ttl=62 time=70.2 ms
64 bytes from aaaa::212:7402:2:202: icmp_seq=139 ttl=62 time=59.5 ms
64 bytes from aaaa::212:7402:2:202: icmp_seq=140 ttl=62 time=52.7 ms
64 bytes from aaaa::212:7402:2:202: icmp_seq=141 ttl=62 time=55.2 ms
64 bytes from aaaa::212:7402:2:202: icmp_seq=142 ttl=62 time=66.4 ms
64 bytes from aaaa::212:7402:2:202: icmp_seq=143 ttl=62 time=61.8 ms
64 bytes from aaaa::212:7402:2:202: icmp_seq=144 ttl=62 time=67.8 ms
64 bytes from aaaa::212:7402:2:202: icmp_seq=145 ttl=62 time=86.2 ms
64 bytes from aaaa::212:7402:2:202: icmp_seq=146 ttl=62 time=52.2 ms
64 bytes from aaaa::212:7402:2:202: icmp_seq=147 ttl=62 time=72.0 ms
64 bytes from aaaa::212:7402:2:202: icmp_seq=148 ttl=62 time=97.7 ms
64 bytes from aaaa::212:7402:2:202: icmp_seq=149 ttl=62 time=79.1 ms
64 bytes from aaaa::212:7402:2:202: icmp_seq=150 ttl=62 time=57.6 ms
64 bytes from aaaa::212:7402:2:202: icmp_seq=151 ttl=62 time=61.6 ms
64 bytes from aaaa::212:7402:2:202: icmp_seq=152 ttl=62 time=61.2 ms
64 bytes from aaaa::212:7402:2:202: icmp_seq=153 ttl=62 time=78.7 ms
64 bytes from aaaa::212:7402:2:202: icmp_seq=154 ttl=62 time=59.9 ms
64 bytes from aaaa::212:7402:2:202: icmp_seq=155 ttl=62 time=56.7 ms
64 bytes from aaaa::212:7402:2:202: icmp_seq=156 ttl=62 time=68.0 ms
64 bytes from aaaa::212:7402:2:202: icmp_seq=157 ttl=62 time=72.4 ms
64 bytes from aaaa::212:7402:2:202: icmp_seq=158 ttl=62 time=70.9 ms
64 bytes from aaaa::212:7402:2:202: icmp_seq=159 ttl=62 time=89.0 ms
64 bytes from aaaa::212:7402:2:202: icmp_seq=160 ttl=62 time=76.4 ms
64 bytes from aaaa::212:7402:2:202: icmp_seq=161 ttl=62 time=87.5 ms
64 bytes from aaaa::212:7402:2:202: icmp_seq=162 ttl=62 time=135 ms
64 bytes from aaaa::212:7402:2:202: icmp_seq=163 ttl=62 time=55.2 ms
64 bytes from aaaa::212:7402:2:202: icmp_seq=164 ttl=62 time=59.6 ms
64 bytes from aaaa::212:7402:2:202: icmp_seq=165 ttl=62 time=73.6 ms
64 bytes from aaaa::212:7402:2:202: icmp_seq=166 ttl=62 time=61.8 ms
64 bytes from aaaa::212:7402:2:202: icmp_seq=167 ttl=62 time=74.9 ms
64 bytes from aaaa::212:7402:2:202: icmp_seq=168 ttl=62 time=48.4 ms
64 bytes from aaaa::212:7402:2:202: icmp_seq=169 ttl=62 time=60.3 ms
64 bytes from aaaa::212:7402:2:202: icmp_seq=170 ttl=62 time=65.9 ms
64 bytes from aaaa::212:7402:2:202: icmp_seq=171 ttl=62 time=66.6 ms
64 bytes from aaaa::212:7402:2:202: icmp_seq=173 ttl=62 time=144 ms
64 bytes from aaaa::212:7402:2:202: icmp_seq=175 ttl=62 time=67.9 ms
64 bytes from aaaa::212:7402:2:202: icmp_seq=176 ttl=62 time=104 ms
64 bytes from aaaa::212:7402:2:202: icmp_seq=177 ttl=62 time=73.0 ms
64 bytes from aaaa::212:7402:2:202: icmp_seq=178 ttl=62 time=67.2 ms
64 bytes from aaaa::212:7402:2:202: icmp_seq=179 ttl=62 time=65.7 ms
64 bytes from aaaa::212:7402:2:202: icmp_seq=180 ttl=62 time=340 ms
64 bytes from aaaa::212:7402:2:202: icmp_seq=181 ttl=62 time=305 ms
64 bytes from aaaa::212:7402:2:202: icmp_seq=182 ttl=62 time=80.5 ms
64 bytes from aaaa::212:7402:2:202: icmp_seq=183 ttl=62 time=225 ms
64 bytes from aaaa::212:7402:2:202: icmp_seq=184 ttl=62 time=120 ms
64 bytes from aaaa::212:7402:2:202: icmp_seq=185 ttl=62 time=78.8 ms
64 bytes from aaaa::212:7402:2:202: icmp_seq=186 ttl=62 time=120 ms
64 bytes from aaaa::212:7402:2:202: icmp_seq=187 ttl=62 time=77.3 ms
64 bytes from aaaa::212:7402:2:202: icmp_seq=188 ttl=62 time=150 ms
64 bytes from aaaa::212:7402:2:202: icmp_seq=189 ttl=62 time=89.2 ms
64 bytes from aaaa::212:7402:2:202: icmp_seq=190 ttl=62 time=78.9 ms
64 bytes from aaaa::212:7402:2:202: icmp_seq=192 ttl=62 time=135 ms
64 bytes from aaaa::212:7402:2:202: icmp_seq=193 ttl=62 time=65.3 ms
64 bytes from aaaa::212:7402:2:202: icmp_seq=194 ttl=62 time=68.1 ms
64 bytes from aaaa::212:7402:2:202: icmp_seq=195 ttl=62 time=82.1 ms
64 bytes from aaaa::212:7402:2:202: icmp_seq=196 ttl=62 time=57.3 ms
64 bytes from aaaa::212:7402:2:202: icmp_seq=197 ttl=62 time=88.7 ms
64 bytes from aaaa::212:7402:2:202: icmp_seq=198 ttl=62 time=77.2 ms
64 bytes from aaaa::212:7402:2:202: icmp_seq=199 ttl=62 time=69.2 ms
64 bytes from aaaa::212:7402:2:202: icmp_seq=200 ttl=62 time=52.6 ms

--- aaaa::212:7402:2:202 ping statistics ---
200 packets transmitted, 120 received, 40% packet loss, time 1006447ms
rtt min/avg/max/mdev = 48.412/117.703/374.860/70.911 ms
