PING aaaa::212:7408:8:808(aaaa::212:7408:8:808) 56 data bytes
64 bytes from aaaa::212:7408:8:808: icmp_seq=2 ttl=62 time=341 ms
64 bytes from aaaa::212:7408:8:808: icmp_seq=4 ttl=62 time=388 ms
64 bytes from aaaa::212:7408:8:808: icmp_seq=8 ttl=62 time=146 ms
64 bytes from aaaa::212:7408:8:808: icmp_seq=17 ttl=62 time=212 ms
64 bytes from aaaa::212:7408:8:808: icmp_seq=18 ttl=62 time=997 ms
64 bytes from aaaa::212:7408:8:808: icmp_seq=19 ttl=62 time=383 ms
64 bytes from aaaa::212:7408:8:808: icmp_seq=20 ttl=62 time=264 ms
64 bytes from aaaa::212:7408:8:808: icmp_seq=22 ttl=62 time=372 ms
64 bytes from aaaa::212:7408:8:808: icmp_seq=23 ttl=62 time=1007 ms
64 bytes from aaaa::212:7408:8:808: icmp_seq=24 ttl=62 time=1293 ms
64 bytes from aaaa::212:7408:8:808: icmp_seq=25 ttl=62 time=232 ms
64 bytes from aaaa::212:7408:8:808: icmp_seq=27 ttl=62 time=258 ms
64 bytes from aaaa::212:7408:8:808: icmp_seq=29 ttl=62 time=266 ms
64 bytes from aaaa::212:7408:8:808: icmp_seq=30 ttl=62 time=320 ms
64 bytes from aaaa::212:7408:8:808: icmp_seq=31 ttl=62 time=833 ms
64 bytes from aaaa::212:7408:8:808: icmp_seq=32 ttl=62 time=192 ms
64 bytes from aaaa::212:7408:8:808: icmp_seq=33 ttl=62 time=381 ms
64 bytes from aaaa::212:7408:8:808: icmp_seq=34 ttl=62 time=194 ms
64 bytes from aaaa::212:7408:8:808: icmp_seq=35 ttl=62 time=113 ms
64 bytes from aaaa::212:7408:8:808: icmp_seq=36 ttl=62 time=266 ms
64 bytes from aaaa::212:7408:8:808: icmp_seq=37 ttl=62 time=137 ms
64 bytes from aaaa::212:7408:8:808: icmp_seq=38 ttl=62 time=191 ms
64 bytes from aaaa::212:7408:8:808: icmp_seq=39 ttl=62 time=175 ms
64 bytes from aaaa::212:7408:8:808: icmp_seq=40 ttl=62 time=151 ms
64 bytes from aaaa::212:7408:8:808: icmp_seq=42 ttl=62 time=321 ms
64 bytes from aaaa::212:7408:8:808: icmp_seq=45 ttl=62 time=310 ms
64 bytes from aaaa::212:7408:8:808: icmp_seq=46 ttl=62 time=418 ms
64 bytes from aaaa::212:7408:8:808: icmp_seq=47 ttl=62 time=798 ms
64 bytes from aaaa::212:7408:8:808: icmp_seq=48 ttl=62 time=108 ms
64 bytes from aaaa::212:7408:8:808: icmp_seq=50 ttl=62 time=102 ms
64 bytes from aaaa::212:7408:8:808: icmp_seq=51 ttl=62 time=294 ms
64 bytes from aaaa::212:7408:8:808: icmp_seq=52 ttl=62 time=436 ms
64 bytes from aaaa::212:7408:8:808: icmp_seq=54 ttl=62 time=124 ms
64 bytes from aaaa::212:7408:8:808: icmp_seq=55 ttl=62 time=482 ms
64 bytes from aaaa::212:7408:8:808: icmp_seq=56 ttl=62 time=298 ms
64 bytes from aaaa::212:7408:8:808: icmp_seq=57 ttl=62 time=148 ms
64 bytes from aaaa::212:7408:8:808: icmp_seq=58 ttl=62 time=272 ms
64 bytes from aaaa::212:7408:8:808: icmp_seq=59 ttl=62 time=236 ms
64 bytes from aaaa::212:7408:8:808: icmp_seq=60 ttl=62 time=694 ms
64 bytes from aaaa::212:7408:8:808: icmp_seq=61 ttl=62 time=360 ms
64 bytes from aaaa::212:7408:8:808: icmp_seq=64 ttl=62 time=201 ms
64 bytes from aaaa::212:7408:8:808: icmp_seq=65 ttl=62 time=162 ms
64 bytes from aaaa::212:7408:8:808: icmp_seq=66 ttl=62 time=466 ms
64 bytes from aaaa::212:7408:8:808: icmp_seq=67 ttl=62 time=419 ms
64 bytes from aaaa::212:7408:8:808: icmp_seq=68 ttl=62 time=120 ms
64 bytes from aaaa::212:7408:8:808: icmp_seq=69 ttl=62 time=124 ms
64 bytes from aaaa::212:7408:8:808: icmp_seq=73 ttl=62 time=283 ms
64 bytes from aaaa::212:7408:8:808: icmp_seq=80 ttl=62 time=538 ms
64 bytes from aaaa::212:7408:8:808: icmp_seq=81 ttl=62 time=145 ms
64 bytes from aaaa::212:7408:8:808: icmp_seq=82 ttl=62 time=144 ms
64 bytes from aaaa::212:7408:8:808: icmp_seq=83 ttl=62 time=123 ms
64 bytes from aaaa::212:7408:8:808: icmp_seq=85 ttl=62 time=106 ms
64 bytes from aaaa::212:7408:8:808: icmp_seq=86 ttl=62 time=110 ms
64 bytes from aaaa::212:7408:8:808: icmp_seq=87 ttl=62 time=120 ms
64 bytes from aaaa::212:7408:8:808: icmp_seq=88 ttl=62 time=125 ms
64 bytes from aaaa::212:7408:8:808: icmp_seq=89 ttl=62 time=107 ms
64 bytes from aaaa::212:7408:8:808: icmp_seq=90 ttl=62 time=181 ms
64 bytes from aaaa::212:7408:8:808: icmp_seq=91 ttl=62 time=137 ms
64 bytes from aaaa::212:7408:8:808: icmp_seq=92 ttl=62 time=116 ms
64 bytes from aaaa::212:7408:8:808: icmp_seq=93 ttl=62 time=137 ms
64 bytes from aaaa::212:7408:8:808: icmp_seq=94 ttl=62 time=185 ms
64 bytes from aaaa::212:7408:8:808: icmp_seq=96 ttl=62 time=186 ms
64 bytes from aaaa::212:7408:8:808: icmp_seq=99 ttl=62 time=120 ms
64 bytes from aaaa::212:7408:8:808: icmp_seq=100 ttl=62 time=151 ms
64 bytes from aaaa::212:7408:8:808: icmp_seq=101 ttl=62 time=131 ms
64 bytes from aaaa::212:7408:8:808: icmp_seq=102 ttl=62 time=112 ms
64 bytes from aaaa::212:7408:8:808: icmp_seq=103 ttl=62 time=168 ms
64 bytes from aaaa::212:7408:8:808: icmp_seq=104 ttl=62 time=144 ms
64 bytes from aaaa::212:7408:8:808: icmp_seq=105 ttl=62 time=129 ms
64 bytes from aaaa::212:7408:8:808: icmp_seq=106 ttl=62 time=187 ms
64 bytes from aaaa::212:7408:8:808: icmp_seq=107 ttl=62 time=138 ms
64 bytes from aaaa::212:7408:8:808: icmp_seq=108 ttl=62 time=146 ms
64 bytes from aaaa::212:7408:8:808: icmp_seq=109 ttl=62 time=525 ms
64 bytes from aaaa::212:7408:8:808: icmp_seq=116 ttl=62 time=320 ms
64 bytes from aaaa::212:7408:8:808: icmp_seq=130 ttl=62 time=214 ms
64 bytes from aaaa::212:7408:8:808: icmp_seq=138 ttl=62 time=215 ms
64 bytes from aaaa::212:7408:8:808: icmp_seq=140 ttl=62 time=467 ms
64 bytes from aaaa::212:7408:8:808: icmp_seq=142 ttl=62 time=178 ms
64 bytes from aaaa::212:7408:8:808: icmp_seq=143 ttl=62 time=166 ms
64 bytes from aaaa::212:7408:8:808: icmp_seq=144 ttl=62 time=181 ms
64 bytes from aaaa::212:7408:8:808: icmp_seq=145 ttl=62 time=187 ms
64 bytes from aaaa::212:7408:8:808: icmp_seq=146 ttl=62 time=182 ms
64 bytes from aaaa::212:7408:8:808: icmp_seq=147 ttl=62 time=313 ms
64 bytes from aaaa::212:7408:8:808: icmp_seq=148 ttl=62 time=316 ms
64 bytes from aaaa::212:7408:8:808: icmp_seq=150 ttl=62 time=248 ms
64 bytes from aaaa::212:7408:8:808: icmp_seq=151 ttl=62 time=279 ms
64 bytes from aaaa::212:7408:8:808: icmp_seq=152 ttl=62 time=203 ms
64 bytes from aaaa::212:7408:8:808: icmp_seq=153 ttl=62 time=222 ms
64 bytes from aaaa::212:7408:8:808: icmp_seq=154 ttl=62 time=132 ms
64 bytes from aaaa::212:7408:8:808: icmp_seq=155 ttl=62 time=275 ms
64 bytes from aaaa::212:7408:8:808: icmp_seq=157 ttl=62 time=323 ms
64 bytes from aaaa::212:7408:8:808: icmp_seq=158 ttl=62 time=195 ms
64 bytes from aaaa::212:7408:8:808: icmp_seq=159 ttl=62 time=199 ms
64 bytes from aaaa::212:7408:8:808: icmp_seq=160 ttl=62 time=185 ms
64 bytes from aaaa::212:7408:8:808: icmp_seq=161 ttl=62 time=207 ms
64 bytes from aaaa::212:7408:8:808: icmp_seq=162 ttl=62 time=737 ms
64 bytes from aaaa::212:7408:8:808: icmp_seq=163 ttl=62 time=209 ms
64 bytes from aaaa::212:7408:8:808: icmp_seq=164 ttl=62 time=587 ms
64 bytes from aaaa::212:7408:8:808: icmp_seq=165 ttl=62 time=264 ms
64 bytes from aaaa::212:7408:8:808: icmp_seq=167 ttl=62 time=525 ms
64 bytes from aaaa::212:7408:8:808: icmp_seq=168 ttl=62 time=458 ms
64 bytes from aaaa::212:7408:8:808: icmp_seq=169 ttl=62 time=531 ms
64 bytes from aaaa::212:7408:8:808: icmp_seq=170 ttl=62 time=206 ms
64 bytes from aaaa::212:7408:8:808: icmp_seq=171 ttl=62 time=532 ms
64 bytes from aaaa::212:7408:8:808: icmp_seq=172 ttl=62 time=333 ms
64 bytes from aaaa::212:7408:8:808: icmp_seq=173 ttl=62 time=412 ms
64 bytes from aaaa::212:7408:8:808: icmp_seq=174 ttl=62 time=221 ms
64 bytes from aaaa::212:7408:8:808: icmp_seq=175 ttl=62 time=198 ms
64 bytes from aaaa::212:7408:8:808: icmp_seq=177 ttl=62 time=744 ms
64 bytes from aaaa::212:7408:8:808: icmp_seq=178 ttl=62 time=158 ms
64 bytes from aaaa::212:7408:8:808: icmp_seq=179 ttl=62 time=180 ms
64 bytes from aaaa::212:7408:8:808: icmp_seq=181 ttl=62 time=196 ms
64 bytes from aaaa::212:7408:8:808: icmp_seq=182 ttl=62 time=419 ms
64 bytes from aaaa::212:7408:8:808: icmp_seq=183 ttl=62 time=238 ms
64 bytes from aaaa::212:7408:8:808: icmp_seq=184 ttl=62 time=216 ms
64 bytes from aaaa::212:7408:8:808: icmp_seq=185 ttl=62 time=361 ms
64 bytes from aaaa::212:7408:8:808: icmp_seq=186 ttl=62 time=204 ms
64 bytes from aaaa::212:7408:8:808: icmp_seq=187 ttl=62 time=521 ms
64 bytes from aaaa::212:7408:8:808: icmp_seq=188 ttl=62 time=139 ms
64 bytes from aaaa::212:7408:8:808: icmp_seq=189 ttl=62 time=235 ms
64 bytes from aaaa::212:7408:8:808: icmp_seq=190 ttl=62 time=156 ms
64 bytes from aaaa::212:7408:8:808: icmp_seq=192 ttl=62 time=117 ms
64 bytes from aaaa::212:7408:8:808: icmp_seq=193 ttl=62 time=144 ms
64 bytes from aaaa::212:7408:8:808: icmp_seq=194 ttl=62 time=154 ms
64 bytes from aaaa::212:7408:8:808: icmp_seq=195 ttl=62 time=121 ms
64 bytes from aaaa::212:7408:8:808: icmp_seq=196 ttl=62 time=139 ms
64 bytes from aaaa::212:7408:8:808: icmp_seq=197 ttl=62 time=147 ms
64 bytes from aaaa::212:7408:8:808: icmp_seq=198 ttl=62 time=207 ms
64 bytes from aaaa::212:7408:8:808: icmp_seq=199 ttl=62 time=110 ms

--- aaaa::212:7408:8:808 ping statistics ---
200 packets transmitted, 129 received, 35% packet loss, time 1005196ms
rtt min/avg/max/mdev = 102.488/279.719/1293.645/200.508 ms
