PING aaaa::212:740c:c:c0c(aaaa::212:740c:c:c0c) 56 data bytes
64 bytes from aaaa::212:740c:c:c0c: icmp_seq=4 ttl=61 time=677 ms
64 bytes from aaaa::212:740c:c:c0c: icmp_seq=6 ttl=61 time=1244 ms
64 bytes from aaaa::212:740c:c:c0c: icmp_seq=7 ttl=61 time=388 ms
64 bytes from aaaa::212:740c:c:c0c: icmp_seq=8 ttl=61 time=480 ms
64 bytes from aaaa::212:740c:c:c0c: icmp_seq=9 ttl=61 time=405 ms
64 bytes from aaaa::212:740c:c:c0c: icmp_seq=11 ttl=61 time=1292 ms
64 bytes from aaaa::212:740c:c:c0c: icmp_seq=12 ttl=61 time=422 ms
64 bytes from aaaa::212:740c:c:c0c: icmp_seq=13 ttl=61 time=596 ms
64 bytes from aaaa::212:740c:c:c0c: icmp_seq=14 ttl=61 time=286 ms
64 bytes from aaaa::212:740c:c:c0c: icmp_seq=24 ttl=61 time=417 ms
64 bytes from aaaa::212:740c:c:c0c: icmp_seq=30 ttl=61 time=511 ms
64 bytes from aaaa::212:740c:c:c0c: icmp_seq=39 ttl=61 time=360 ms
64 bytes from aaaa::212:740c:c:c0c: icmp_seq=41 ttl=61 time=286 ms
64 bytes from aaaa::212:740c:c:c0c: icmp_seq=42 ttl=61 time=450 ms
64 bytes from aaaa::212:740c:c:c0c: icmp_seq=43 ttl=61 time=837 ms
64 bytes from aaaa::212:740c:c:c0c: icmp_seq=44 ttl=61 time=391 ms
64 bytes from aaaa::212:740c:c:c0c: icmp_seq=47 ttl=61 time=236 ms
64 bytes from aaaa::212:740c:c:c0c: icmp_seq=48 ttl=61 time=731 ms
64 bytes from aaaa::212:740c:c:c0c: icmp_seq=49 ttl=61 time=269 ms
64 bytes from aaaa::212:740c:c:c0c: icmp_seq=50 ttl=61 time=279 ms
64 bytes from aaaa::212:740c:c:c0c: icmp_seq=51 ttl=61 time=422 ms
64 bytes from aaaa::212:740c:c:c0c: icmp_seq=52 ttl=61 time=790 ms
64 bytes from aaaa::212:740c:c:c0c: icmp_seq=53 ttl=61 time=215 ms
64 bytes from aaaa::212:740c:c:c0c: icmp_seq=55 ttl=61 time=316 ms
64 bytes from aaaa::212:740c:c:c0c: icmp_seq=56 ttl=61 time=286 ms
64 bytes from aaaa::212:740c:c:c0c: icmp_seq=57 ttl=61 time=290 ms
64 bytes from aaaa::212:740c:c:c0c: icmp_seq=58 ttl=61 time=361 ms
64 bytes from aaaa::212:740c:c:c0c: icmp_seq=60 ttl=61 time=320 ms
64 bytes from aaaa::212:740c:c:c0c: icmp_seq=61 ttl=61 time=700 ms
64 bytes from aaaa::212:740c:c:c0c: icmp_seq=62 ttl=61 time=597 ms
64 bytes from aaaa::212:740c:c:c0c: icmp_seq=63 ttl=61 time=287 ms
64 bytes from aaaa::212:740c:c:c0c: icmp_seq=64 ttl=61 time=411 ms
64 bytes from aaaa::212:740c:c:c0c: icmp_seq=66 ttl=61 time=336 ms
64 bytes from aaaa::212:740c:c:c0c: icmp_seq=67 ttl=61 time=391 ms
64 bytes from aaaa::212:740c:c:c0c: icmp_seq=68 ttl=61 time=241 ms
64 bytes from aaaa::212:740c:c:c0c: icmp_seq=69 ttl=61 time=584 ms
64 bytes from aaaa::212:740c:c:c0c: icmp_seq=70 ttl=61 time=217 ms
64 bytes from aaaa::212:740c:c:c0c: icmp_seq=71 ttl=61 time=205 ms
64 bytes from aaaa::212:740c:c:c0c: icmp_seq=72 ttl=61 time=207 ms
64 bytes from aaaa::212:740c:c:c0c: icmp_seq=73 ttl=61 time=193 ms
64 bytes from aaaa::212:740c:c:c0c: icmp_seq=74 ttl=61 time=214 ms
64 bytes from aaaa::212:740c:c:c0c: icmp_seq=75 ttl=61 time=162 ms
64 bytes from aaaa::212:740c:c:c0c: icmp_seq=76 ttl=61 time=204 ms
64 bytes from aaaa::212:740c:c:c0c: icmp_seq=77 ttl=61 time=161 ms
64 bytes from aaaa::212:740c:c:c0c: icmp_seq=78 ttl=61 time=199 ms
64 bytes from aaaa::212:740c:c:c0c: icmp_seq=80 ttl=61 time=206 ms
64 bytes from aaaa::212:740c:c:c0c: icmp_seq=81 ttl=61 time=203 ms
64 bytes from aaaa::212:740c:c:c0c: icmp_seq=82 ttl=61 time=195 ms
64 bytes from aaaa::212:740c:c:c0c: icmp_seq=83 ttl=61 time=282 ms
64 bytes from aaaa::212:740c:c:c0c: icmp_seq=84 ttl=61 time=172 ms
64 bytes from aaaa::212:740c:c:c0c: icmp_seq=85 ttl=61 time=193 ms
64 bytes from aaaa::212:740c:c:c0c: icmp_seq=86 ttl=61 time=201 ms
64 bytes from aaaa::212:740c:c:c0c: icmp_seq=87 ttl=61 time=179 ms
64 bytes from aaaa::212:740c:c:c0c: icmp_seq=88 ttl=61 time=197 ms
64 bytes from aaaa::212:740c:c:c0c: icmp_seq=89 ttl=61 time=203 ms
64 bytes from aaaa::212:740c:c:c0c: icmp_seq=90 ttl=61 time=225 ms
64 bytes from aaaa::212:740c:c:c0c: icmp_seq=91 ttl=61 time=197 ms
64 bytes from aaaa::212:740c:c:c0c: icmp_seq=92 ttl=61 time=255 ms
64 bytes from aaaa::212:740c:c:c0c: icmp_seq=93 ttl=61 time=229 ms
64 bytes from aaaa::212:740c:c:c0c: icmp_seq=94 ttl=61 time=185 ms
64 bytes from aaaa::212:740c:c:c0c: icmp_seq=95 ttl=61 time=196 ms
64 bytes from aaaa::212:740c:c:c0c: icmp_seq=96 ttl=61 time=624 ms
64 bytes from aaaa::212:740c:c:c0c: icmp_seq=97 ttl=61 time=223 ms
64 bytes from aaaa::212:740c:c:c0c: icmp_seq=98 ttl=61 time=189 ms
64 bytes from aaaa::212:740c:c:c0c: icmp_seq=99 ttl=61 time=213 ms
64 bytes from aaaa::212:740c:c:c0c: icmp_seq=100 ttl=61 time=184 ms
64 bytes from aaaa::212:740c:c:c0c: icmp_seq=101 ttl=61 time=214 ms
64 bytes from aaaa::212:740c:c:c0c: icmp_seq=102 ttl=61 time=199 ms
64 bytes from aaaa::212:740c:c:c0c: icmp_seq=103 ttl=61 time=210 ms
64 bytes from aaaa::212:740c:c:c0c: icmp_seq=104 ttl=61 time=193 ms
64 bytes from aaaa::212:740c:c:c0c: icmp_seq=105 ttl=61 time=235 ms
64 bytes from aaaa::212:740c:c:c0c: icmp_seq=106 ttl=61 time=444 ms
64 bytes from aaaa::212:740c:c:c0c: icmp_seq=107 ttl=61 time=166 ms
64 bytes from aaaa::212:740c:c:c0c: icmp_seq=108 ttl=61 time=196 ms
64 bytes from aaaa::212:740c:c:c0c: icmp_seq=110 ttl=61 time=158 ms
64 bytes from aaaa::212:740c:c:c0c: icmp_seq=111 ttl=61 time=216 ms
64 bytes from aaaa::212:740c:c:c0c: icmp_seq=112 ttl=61 time=182 ms
64 bytes from aaaa::212:740c:c:c0c: icmp_seq=113 ttl=61 time=280 ms
64 bytes from aaaa::212:740c:c:c0c: icmp_seq=114 ttl=61 time=313 ms
64 bytes from aaaa::212:740c:c:c0c: icmp_seq=116 ttl=61 time=223 ms
64 bytes from aaaa::212:740c:c:c0c: icmp_seq=118 ttl=61 time=468 ms
64 bytes from aaaa::212:740c:c:c0c: icmp_seq=119 ttl=61 time=361 ms
64 bytes from aaaa::212:740c:c:c0c: icmp_seq=123 ttl=61 time=695 ms
64 bytes from aaaa::212:740c:c:c0c: icmp_seq=124 ttl=61 time=385 ms
64 bytes from aaaa::212:740c:c:c0c: icmp_seq=125 ttl=61 time=487 ms
64 bytes from aaaa::212:740c:c:c0c: icmp_seq=129 ttl=61 time=481 ms
64 bytes from aaaa::212:740c:c:c0c: icmp_seq=130 ttl=61 time=351 ms
64 bytes from aaaa::212:740c:c:c0c: icmp_seq=131 ttl=61 time=207 ms
64 bytes from aaaa::212:740c:c:c0c: icmp_seq=133 ttl=61 time=418 ms
64 bytes from aaaa::212:740c:c:c0c: icmp_seq=135 ttl=61 time=244 ms
64 bytes from aaaa::212:740c:c:c0c: icmp_seq=136 ttl=61 time=199 ms
64 bytes from aaaa::212:740c:c:c0c: icmp_seq=137 ttl=61 time=339 ms
64 bytes from aaaa::212:740c:c:c0c: icmp_seq=138 ttl=61 time=259 ms
64 bytes from aaaa::212:740c:c:c0c: icmp_seq=139 ttl=61 time=190 ms
64 bytes from aaaa::212:740c:c:c0c: icmp_seq=140 ttl=61 time=221 ms
64 bytes from aaaa::212:740c:c:c0c: icmp_seq=141 ttl=61 time=177 ms
64 bytes from aaaa::212:740c:c:c0c: icmp_seq=142 ttl=61 time=345 ms
64 bytes from aaaa::212:740c:c:c0c: icmp_seq=147 ttl=61 time=244 ms
64 bytes from aaaa::212:740c:c:c0c: icmp_seq=153 ttl=61 time=345 ms
64 bytes from aaaa::212:740c:c:c0c: icmp_seq=154 ttl=61 time=473 ms
64 bytes from aaaa::212:740c:c:c0c: icmp_seq=156 ttl=61 time=240 ms
64 bytes from aaaa::212:740c:c:c0c: icmp_seq=157 ttl=61 time=243 ms
64 bytes from aaaa::212:740c:c:c0c: icmp_seq=158 ttl=61 time=310 ms
64 bytes from aaaa::212:740c:c:c0c: icmp_seq=159 ttl=61 time=216 ms
64 bytes from aaaa::212:740c:c:c0c: icmp_seq=160 ttl=61 time=231 ms
64 bytes from aaaa::212:740c:c:c0c: icmp_seq=161 ttl=61 time=233 ms
64 bytes from aaaa::212:740c:c:c0c: icmp_seq=162 ttl=61 time=356 ms
64 bytes from aaaa::212:740c:c:c0c: icmp_seq=163 ttl=61 time=223 ms
64 bytes from aaaa::212:740c:c:c0c: icmp_seq=164 ttl=61 time=191 ms
64 bytes from aaaa::212:740c:c:c0c: icmp_seq=165 ttl=61 time=236 ms
64 bytes from aaaa::212:740c:c:c0c: icmp_seq=166 ttl=61 time=209 ms
64 bytes from aaaa::212:740c:c:c0c: icmp_seq=167 ttl=61 time=232 ms
64 bytes from aaaa::212:740c:c:c0c: icmp_seq=168 ttl=61 time=259 ms
64 bytes from aaaa::212:740c:c:c0c: icmp_seq=169 ttl=61 time=274 ms
64 bytes from aaaa::212:740c:c:c0c: icmp_seq=170 ttl=61 time=249 ms
64 bytes from aaaa::212:740c:c:c0c: icmp_seq=171 ttl=61 time=234 ms
64 bytes from aaaa::212:740c:c:c0c: icmp_seq=173 ttl=61 time=229 ms
64 bytes from aaaa::212:740c:c:c0c: icmp_seq=174 ttl=61 time=262 ms
64 bytes from aaaa::212:740c:c:c0c: icmp_seq=175 ttl=61 time=238 ms
64 bytes from aaaa::212:740c:c:c0c: icmp_seq=176 ttl=61 time=230 ms
64 bytes from aaaa::212:740c:c:c0c: icmp_seq=177 ttl=61 time=281 ms
64 bytes from aaaa::212:740c:c:c0c: icmp_seq=178 ttl=61 time=167 ms
64 bytes from aaaa::212:740c:c:c0c: icmp_seq=179 ttl=61 time=187 ms
64 bytes from aaaa::212:740c:c:c0c: icmp_seq=180 ttl=61 time=192 ms
64 bytes from aaaa::212:740c:c:c0c: icmp_seq=181 ttl=61 time=201 ms
64 bytes from aaaa::212:740c:c:c0c: icmp_seq=182 ttl=61 time=175 ms
64 bytes from aaaa::212:740c:c:c0c: icmp_seq=183 ttl=61 time=206 ms
64 bytes from aaaa::212:740c:c:c0c: icmp_seq=184 ttl=61 time=175 ms
64 bytes from aaaa::212:740c:c:c0c: icmp_seq=185 ttl=61 time=185 ms
64 bytes from aaaa::212:740c:c:c0c: icmp_seq=186 ttl=61 time=210 ms
64 bytes from aaaa::212:740c:c:c0c: icmp_seq=187 ttl=61 time=264 ms
64 bytes from aaaa::212:740c:c:c0c: icmp_seq=188 ttl=61 time=181 ms
64 bytes from aaaa::212:740c:c:c0c: icmp_seq=189 ttl=61 time=207 ms
64 bytes from aaaa::212:740c:c:c0c: icmp_seq=190 ttl=61 time=216 ms
64 bytes from aaaa::212:740c:c:c0c: icmp_seq=191 ttl=61 time=198 ms
64 bytes from aaaa::212:740c:c:c0c: icmp_seq=192 ttl=61 time=260 ms
64 bytes from aaaa::212:740c:c:c0c: icmp_seq=193 ttl=61 time=179 ms
64 bytes from aaaa::212:740c:c:c0c: icmp_seq=194 ttl=61 time=199 ms
64 bytes from aaaa::212:740c:c:c0c: icmp_seq=196 ttl=61 time=283 ms
64 bytes from aaaa::212:740c:c:c0c: icmp_seq=197 ttl=61 time=293 ms
64 bytes from aaaa::212:740c:c:c0c: icmp_seq=198 ttl=61 time=306 ms
64 bytes from aaaa::212:740c:c:c0c: icmp_seq=199 ttl=61 time=195 ms
64 bytes from aaaa::212:740c:c:c0c: icmp_seq=200 ttl=61 time=189 ms

--- aaaa::212:740c:c:c0c ping statistics ---
200 packets transmitted, 143 received, 28% packet loss, time 1003189ms
rtt min/avg/max/mdev = 158.223/305.244/1292.211/178.551 ms
