PING aaaa::212:740e:e:e0e(aaaa::212:740e:e:e0e) 56 data bytes
64 bytes from aaaa::212:740e:e:e0e: icmp_seq=3 ttl=59 time=465 ms
64 bytes from aaaa::212:740e:e:e0e: icmp_seq=4 ttl=59 time=296 ms
64 bytes from aaaa::212:740e:e:e0e: icmp_seq=5 ttl=59 time=1388 ms
64 bytes from aaaa::212:740e:e:e0e: icmp_seq=6 ttl=59 time=466 ms
64 bytes from aaaa::212:740e:e:e0e: icmp_seq=7 ttl=59 time=663 ms
64 bytes from aaaa::212:740e:e:e0e: icmp_seq=8 ttl=59 time=546 ms
64 bytes from aaaa::212:740e:e:e0e: icmp_seq=11 ttl=59 time=526 ms
64 bytes from aaaa::212:740e:e:e0e: icmp_seq=12 ttl=59 time=443 ms
64 bytes from aaaa::212:740e:e:e0e: icmp_seq=13 ttl=59 time=740 ms
64 bytes from aaaa::212:740e:e:e0e: icmp_seq=14 ttl=59 time=380 ms
64 bytes from aaaa::212:740e:e:e0e: icmp_seq=15 ttl=59 time=381 ms
64 bytes from aaaa::212:740e:e:e0e: icmp_seq=16 ttl=59 time=440 ms
64 bytes from aaaa::212:740e:e:e0e: icmp_seq=18 ttl=59 time=773 ms
64 bytes from aaaa::212:740e:e:e0e: icmp_seq=19 ttl=59 time=619 ms
64 bytes from aaaa::212:740e:e:e0e: icmp_seq=20 ttl=59 time=801 ms
64 bytes from aaaa::212:740e:e:e0e: icmp_seq=21 ttl=59 time=335 ms
64 bytes from aaaa::212:740e:e:e0e: icmp_seq=22 ttl=59 time=1509 ms
64 bytes from aaaa::212:740e:e:e0e: icmp_seq=23 ttl=59 time=1074 ms
64 bytes from aaaa::212:740e:e:e0e: icmp_seq=24 ttl=59 time=623 ms
64 bytes from aaaa::212:740e:e:e0e: icmp_seq=25 ttl=59 time=457 ms
64 bytes from aaaa::212:740e:e:e0e: icmp_seq=26 ttl=59 time=377 ms
64 bytes from aaaa::212:740e:e:e0e: icmp_seq=28 ttl=59 time=1021 ms
64 bytes from aaaa::212:740e:e:e0e: icmp_seq=30 ttl=59 time=340 ms
64 bytes from aaaa::212:740e:e:e0e: icmp_seq=31 ttl=59 time=270 ms
64 bytes from aaaa::212:740e:e:e0e: icmp_seq=32 ttl=59 time=557 ms
64 bytes from aaaa::212:740e:e:e0e: icmp_seq=33 ttl=59 time=323 ms
64 bytes from aaaa::212:740e:e:e0e: icmp_seq=34 ttl=59 time=280 ms
64 bytes from aaaa::212:740e:e:e0e: icmp_seq=35 ttl=59 time=354 ms
64 bytes from aaaa::212:740e:e:e0e: icmp_seq=36 ttl=59 time=374 ms
64 bytes from aaaa::212:740e:e:e0e: icmp_seq=37 ttl=59 time=273 ms
64 bytes from aaaa::212:740e:e:e0e: icmp_seq=38 ttl=59 time=436 ms
64 bytes from aaaa::212:740e:e:e0e: icmp_seq=39 ttl=59 time=293 ms
64 bytes from aaaa::212:740e:e:e0e: icmp_seq=40 ttl=59 time=499 ms
64 bytes from aaaa::212:740e:e:e0e: icmp_seq=41 ttl=59 time=400 ms
64 bytes from aaaa::212:740e:e:e0e: icmp_seq=42 ttl=59 time=335 ms
64 bytes from aaaa::212:740e:e:e0e: icmp_seq=43 ttl=59 time=462 ms
64 bytes from aaaa::212:740e:e:e0e: icmp_seq=44 ttl=59 time=443 ms
64 bytes from aaaa::212:740e:e:e0e: icmp_seq=45 ttl=59 time=454 ms
64 bytes from aaaa::212:740e:e:e0e: icmp_seq=46 ttl=59 time=421 ms
64 bytes from aaaa::212:740e:e:e0e: icmp_seq=47 ttl=59 time=434 ms
64 bytes from aaaa::212:740e:e:e0e: icmp_seq=48 ttl=59 time=357 ms
64 bytes from aaaa::212:740e:e:e0e: icmp_seq=49 ttl=59 time=410 ms
64 bytes from aaaa::212:740e:e:e0e: icmp_seq=50 ttl=59 time=399 ms
64 bytes from aaaa::212:740e:e:e0e: icmp_seq=51 ttl=59 time=305 ms
64 bytes from aaaa::212:740e:e:e0e: icmp_seq=52 ttl=59 time=241 ms
64 bytes from aaaa::212:740e:e:e0e: icmp_seq=53 ttl=59 time=311 ms
64 bytes from aaaa::212:740e:e:e0e: icmp_seq=54 ttl=59 time=292 ms
64 bytes from aaaa::212:740e:e:e0e: icmp_seq=55 ttl=59 time=313 ms
64 bytes from aaaa::212:740e:e:e0e: icmp_seq=56 ttl=59 time=342 ms
64 bytes from aaaa::212:740e:e:e0e: icmp_seq=57 ttl=59 time=305 ms
64 bytes from aaaa::212:740e:e:e0e: icmp_seq=58 ttl=59 time=309 ms
64 bytes from aaaa::212:740e:e:e0e: icmp_seq=59 ttl=59 time=291 ms
64 bytes from aaaa::212:740e:e:e0e: icmp_seq=60 ttl=59 time=285 ms
64 bytes from aaaa::212:740e:e:e0e: icmp_seq=61 ttl=59 time=350 ms
64 bytes from aaaa::212:740e:e:e0e: icmp_seq=62 ttl=59 time=324 ms
64 bytes from aaaa::212:740e:e:e0e: icmp_seq=63 ttl=59 time=307 ms
64 bytes from aaaa::212:740e:e:e0e: icmp_seq=64 ttl=59 time=334 ms
64 bytes from aaaa::212:740e:e:e0e: icmp_seq=65 ttl=59 time=284 ms
64 bytes from aaaa::212:740e:e:e0e: icmp_seq=66 ttl=59 time=492 ms
64 bytes from aaaa::212:740e:e:e0e: icmp_seq=67 ttl=59 time=371 ms
64 bytes from aaaa::212:740e:e:e0e: icmp_seq=68 ttl=59 time=295 ms
64 bytes from aaaa::212:740e:e:e0e: icmp_seq=69 ttl=59 time=245 ms
64 bytes from aaaa::212:740e:e:e0e: icmp_seq=70 ttl=59 time=303 ms
64 bytes from aaaa::212:740e:e:e0e: icmp_seq=71 ttl=59 time=323 ms
64 bytes from aaaa::212:740e:e:e0e: icmp_seq=72 ttl=59 time=294 ms
64 bytes from aaaa::212:740e:e:e0e: icmp_seq=73 ttl=59 time=306 ms
64 bytes from aaaa::212:740e:e:e0e: icmp_seq=74 ttl=59 time=329 ms
64 bytes from aaaa::212:740e:e:e0e: icmp_seq=75 ttl=59 time=394 ms
64 bytes from aaaa::212:740e:e:e0e: icmp_seq=76 ttl=59 time=270 ms
64 bytes from aaaa::212:740e:e:e0e: icmp_seq=77 ttl=59 time=317 ms
64 bytes from aaaa::212:740e:e:e0e: icmp_seq=78 ttl=59 time=336 ms
64 bytes from aaaa::212:740e:e:e0e: icmp_seq=79 ttl=59 time=515 ms
64 bytes from aaaa::212:740e:e:e0e: icmp_seq=80 ttl=59 time=300 ms
64 bytes from aaaa::212:740e:e:e0e: icmp_seq=81 ttl=59 time=257 ms
64 bytes from aaaa::212:740e:e:e0e: icmp_seq=82 ttl=59 time=450 ms
64 bytes from aaaa::212:740e:e:e0e: icmp_seq=83 ttl=59 time=521 ms
64 bytes from aaaa::212:740e:e:e0e: icmp_seq=84 ttl=59 time=360 ms
64 bytes from aaaa::212:740e:e:e0e: icmp_seq=85 ttl=59 time=293 ms
64 bytes from aaaa::212:740e:e:e0e: icmp_seq=86 ttl=59 time=388 ms
64 bytes from aaaa::212:740e:e:e0e: icmp_seq=87 ttl=59 time=294 ms
64 bytes from aaaa::212:740e:e:e0e: icmp_seq=88 ttl=59 time=366 ms
64 bytes from aaaa::212:740e:e:e0e: icmp_seq=89 ttl=59 time=324 ms
64 bytes from aaaa::212:740e:e:e0e: icmp_seq=90 ttl=59 time=292 ms
64 bytes from aaaa::212:740e:e:e0e: icmp_seq=91 ttl=59 time=282 ms
64 bytes from aaaa::212:740e:e:e0e: icmp_seq=92 ttl=59 time=374 ms
64 bytes from aaaa::212:740e:e:e0e: icmp_seq=93 ttl=59 time=345 ms
64 bytes from aaaa::212:740e:e:e0e: icmp_seq=94 ttl=59 time=246 ms
64 bytes from aaaa::212:740e:e:e0e: icmp_seq=95 ttl=59 time=267 ms
64 bytes from aaaa::212:740e:e:e0e: icmp_seq=96 ttl=59 time=279 ms
64 bytes from aaaa::212:740e:e:e0e: icmp_seq=97 ttl=59 time=332 ms
64 bytes from aaaa::212:740e:e:e0e: icmp_seq=98 ttl=59 time=421 ms
64 bytes from aaaa::212:740e:e:e0e: icmp_seq=99 ttl=59 time=263 ms
64 bytes from aaaa::212:740e:e:e0e: icmp_seq=100 ttl=59 time=329 ms
64 bytes from aaaa::212:740e:e:e0e: icmp_seq=101 ttl=59 time=368 ms
64 bytes from aaaa::212:740e:e:e0e: icmp_seq=102 ttl=59 time=366 ms
64 bytes from aaaa::212:740e:e:e0e: icmp_seq=103 ttl=59 time=479 ms
64 bytes from aaaa::212:740e:e:e0e: icmp_seq=104 ttl=59 time=414 ms
64 bytes from aaaa::212:740e:e:e0e: icmp_seq=105 ttl=59 time=396 ms
64 bytes from aaaa::212:740e:e:e0e: icmp_seq=106 ttl=59 time=319 ms
64 bytes from aaaa::212:740e:e:e0e: icmp_seq=107 ttl=59 time=247 ms
64 bytes from aaaa::212:740e:e:e0e: icmp_seq=108 ttl=59 time=245 ms
64 bytes from aaaa::212:740e:e:e0e: icmp_seq=109 ttl=59 time=302 ms
64 bytes from aaaa::212:740e:e:e0e: icmp_seq=110 ttl=59 time=314 ms
64 bytes from aaaa::212:740e:e:e0e: icmp_seq=111 ttl=59 time=306 ms
64 bytes from aaaa::212:740e:e:e0e: icmp_seq=112 ttl=59 time=285 ms
64 bytes from aaaa::212:740e:e:e0e: icmp_seq=113 ttl=59 time=318 ms
64 bytes from aaaa::212:740e:e:e0e: icmp_seq=114 ttl=59 time=430 ms
64 bytes from aaaa::212:740e:e:e0e: icmp_seq=115 ttl=59 time=423 ms
64 bytes from aaaa::212:740e:e:e0e: icmp_seq=116 ttl=59 time=264 ms
64 bytes from aaaa::212:740e:e:e0e: icmp_seq=117 ttl=59 time=301 ms
64 bytes from aaaa::212:740e:e:e0e: icmp_seq=118 ttl=59 time=323 ms
64 bytes from aaaa::212:740e:e:e0e: icmp_seq=119 ttl=59 time=332 ms
64 bytes from aaaa::212:740e:e:e0e: icmp_seq=120 ttl=59 time=295 ms
64 bytes from aaaa::212:740e:e:e0e: icmp_seq=121 ttl=59 time=299 ms
64 bytes from aaaa::212:740e:e:e0e: icmp_seq=122 ttl=59 time=248 ms
64 bytes from aaaa::212:740e:e:e0e: icmp_seq=123 ttl=59 time=303 ms
64 bytes from aaaa::212:740e:e:e0e: icmp_seq=124 ttl=59 time=232 ms
64 bytes from aaaa::212:740e:e:e0e: icmp_seq=125 ttl=59 time=332 ms
64 bytes from aaaa::212:740e:e:e0e: icmp_seq=126 ttl=59 time=362 ms
64 bytes from aaaa::212:740e:e:e0e: icmp_seq=130 ttl=59 time=394 ms
64 bytes from aaaa::212:740e:e:e0e: icmp_seq=138 ttl=59 time=314 ms
64 bytes from aaaa::212:740e:e:e0e: icmp_seq=140 ttl=59 time=378 ms
64 bytes from aaaa::212:740e:e:e0e: icmp_seq=142 ttl=59 time=342 ms
64 bytes from aaaa::212:740e:e:e0e: icmp_seq=143 ttl=59 time=276 ms
64 bytes from aaaa::212:740e:e:e0e: icmp_seq=144 ttl=59 time=353 ms
64 bytes from aaaa::212:740e:e:e0e: icmp_seq=145 ttl=59 time=318 ms
64 bytes from aaaa::212:740e:e:e0e: icmp_seq=146 ttl=59 time=339 ms
64 bytes from aaaa::212:740e:e:e0e: icmp_seq=147 ttl=59 time=289 ms
64 bytes from aaaa::212:740e:e:e0e: icmp_seq=148 ttl=59 time=278 ms
64 bytes from aaaa::212:740e:e:e0e: icmp_seq=149 ttl=59 time=346 ms
64 bytes from aaaa::212:740e:e:e0e: icmp_seq=150 ttl=59 time=327 ms
64 bytes from aaaa::212:740e:e:e0e: icmp_seq=151 ttl=59 time=605 ms
64 bytes from aaaa::212:740e:e:e0e: icmp_seq=152 ttl=59 time=346 ms
64 bytes from aaaa::212:740e:e:e0e: icmp_seq=153 ttl=59 time=343 ms
64 bytes from aaaa::212:740e:e:e0e: icmp_seq=154 ttl=59 time=345 ms
64 bytes from aaaa::212:740e:e:e0e: icmp_seq=155 ttl=59 time=332 ms
64 bytes from aaaa::212:740e:e:e0e: icmp_seq=156 ttl=59 time=282 ms
64 bytes from aaaa::212:740e:e:e0e: icmp_seq=157 ttl=59 time=337 ms
64 bytes from aaaa::212:740e:e:e0e: icmp_seq=158 ttl=59 time=808 ms
64 bytes from aaaa::212:740e:e:e0e: icmp_seq=159 ttl=59 time=984 ms
64 bytes from aaaa::212:740e:e:e0e: icmp_seq=160 ttl=59 time=737 ms
64 bytes from aaaa::212:740e:e:e0e: icmp_seq=161 ttl=59 time=957 ms
64 bytes from aaaa::212:740e:e:e0e: icmp_seq=162 ttl=59 time=1270 ms
64 bytes from aaaa::212:740e:e:e0e: icmp_seq=163 ttl=59 time=685 ms
64 bytes from aaaa::212:740e:e:e0e: icmp_seq=164 ttl=59 time=750 ms
64 bytes from aaaa::212:740e:e:e0e: icmp_seq=165 ttl=59 time=541 ms
64 bytes from aaaa::212:740e:e:e0e: icmp_seq=166 ttl=59 time=504 ms
64 bytes from aaaa::212:740e:e:e0e: icmp_seq=167 ttl=59 time=625 ms
64 bytes from aaaa::212:740e:e:e0e: icmp_seq=168 ttl=59 time=408 ms
64 bytes from aaaa::212:740e:e:e0e: icmp_seq=169 ttl=59 time=766 ms
64 bytes from aaaa::212:740e:e:e0e: icmp_seq=170 ttl=59 time=1325 ms
64 bytes from aaaa::212:740e:e:e0e: icmp_seq=171 ttl=59 time=503 ms
64 bytes from aaaa::212:740e:e:e0e: icmp_seq=173 ttl=59 time=1360 ms
64 bytes from aaaa::212:740e:e:e0e: icmp_seq=174 ttl=59 time=1689 ms
64 bytes from aaaa::212:740e:e:e0e: icmp_seq=175 ttl=59 time=574 ms
64 bytes from aaaa::212:740e:e:e0e: icmp_seq=176 ttl=59 time=521 ms
64 bytes from aaaa::212:740e:e:e0e: icmp_seq=177 ttl=59 time=249 ms
64 bytes from aaaa::212:740e:e:e0e: icmp_seq=178 ttl=59 time=641 ms
64 bytes from aaaa::212:740e:e:e0e: icmp_seq=179 ttl=59 time=996 ms
64 bytes from aaaa::212:740e:e:e0e: icmp_seq=180 ttl=59 time=485 ms
64 bytes from aaaa::212:740e:e:e0e: icmp_seq=181 ttl=59 time=773 ms
64 bytes from aaaa::212:740e:e:e0e: icmp_seq=182 ttl=59 time=377 ms
64 bytes from aaaa::212:740e:e:e0e: icmp_seq=183 ttl=59 time=356 ms
64 bytes from aaaa::212:740e:e:e0e: icmp_seq=184 ttl=59 time=330 ms
64 bytes from aaaa::212:740e:e:e0e: icmp_seq=185 ttl=59 time=280 ms
64 bytes from aaaa::212:740e:e:e0e: icmp_seq=186 ttl=59 time=719 ms
64 bytes from aaaa::212:740e:e:e0e: icmp_seq=187 ttl=59 time=354 ms
64 bytes from aaaa::212:740e:e:e0e: icmp_seq=188 ttl=59 time=364 ms
64 bytes from aaaa::212:740e:e:e0e: icmp_seq=189 ttl=59 time=428 ms
64 bytes from aaaa::212:740e:e:e0e: icmp_seq=190 ttl=59 time=363 ms
64 bytes from aaaa::212:740e:e:e0e: icmp_seq=191 ttl=59 time=708 ms
64 bytes from aaaa::212:740e:e:e0e: icmp_seq=192 ttl=59 time=285 ms
64 bytes from aaaa::212:740e:e:e0e: icmp_seq=193 ttl=59 time=322 ms
64 bytes from aaaa::212:740e:e:e0e: icmp_seq=195 ttl=59 time=487 ms
64 bytes from aaaa::212:740e:e:e0e: icmp_seq=196 ttl=59 time=607 ms
64 bytes from aaaa::212:740e:e:e0e: icmp_seq=197 ttl=59 time=304 ms
64 bytes from aaaa::212:740e:e:e0e: icmp_seq=198 ttl=59 time=279 ms
64 bytes from aaaa::212:740e:e:e0e: icmp_seq=199 ttl=59 time=572 ms
64 bytes from aaaa::212:740e:e:e0e: icmp_seq=200 ttl=59 time=303 ms

--- aaaa::212:740e:e:e0e ping statistics ---
200 packets transmitted, 179 received, 10% packet loss, time 998515ms
rtt min/avg/max/mdev = 232.249/444.285/1689.291/246.335 ms
