PING aaaa::212:7403:3:303(aaaa::212:7403:3:303) 56 data bytes
64 bytes from aaaa::212:7403:3:303: icmp_seq=1 ttl=63 time=430 ms
64 bytes from aaaa::212:7403:3:303: icmp_seq=2 ttl=63 time=169 ms
64 bytes from aaaa::212:7403:3:303: icmp_seq=4 ttl=63 time=268 ms
64 bytes from aaaa::212:7403:3:303: icmp_seq=5 ttl=63 time=73.6 ms
64 bytes from aaaa::212:7403:3:303: icmp_seq=6 ttl=63 time=240 ms
64 bytes from aaaa::212:7403:3:303: icmp_seq=7 ttl=63 time=84.5 ms
64 bytes from aaaa::212:7403:3:303: icmp_seq=8 ttl=63 time=59.7 ms
64 bytes from aaaa::212:7403:3:303: icmp_seq=9 ttl=63 time=235 ms
64 bytes from aaaa::212:7403:3:303: icmp_seq=10 ttl=63 time=72.6 ms
64 bytes from aaaa::212:7403:3:303: icmp_seq=11 ttl=63 time=63.1 ms
64 bytes from aaaa::212:7403:3:303: icmp_seq=12 ttl=63 time=79.9 ms
64 bytes from aaaa::212:7403:3:303: icmp_seq=13 ttl=63 time=160 ms
64 bytes from aaaa::212:7403:3:303: icmp_seq=14 ttl=63 time=55.6 ms
64 bytes from aaaa::212:7403:3:303: icmp_seq=15 ttl=63 time=59.0 ms
64 bytes from aaaa::212:7403:3:303: icmp_seq=16 ttl=63 time=70.1 ms
64 bytes from aaaa::212:7403:3:303: icmp_seq=17 ttl=63 time=265 ms
64 bytes from aaaa::212:7403:3:303: icmp_seq=18 ttl=63 time=62.3 ms
64 bytes from aaaa::212:7403:3:303: icmp_seq=19 ttl=63 time=73.6 ms
64 bytes from aaaa::212:7403:3:303: icmp_seq=20 ttl=63 time=47.7 ms
64 bytes from aaaa::212:7403:3:303: icmp_seq=22 ttl=63 time=161 ms
64 bytes from aaaa::212:7403:3:303: icmp_seq=23 ttl=63 time=52.9 ms
64 bytes from aaaa::212:7403:3:303: icmp_seq=24 ttl=63 time=50.4 ms
64 bytes from aaaa::212:7403:3:303: icmp_seq=25 ttl=63 time=40.6 ms
64 bytes from aaaa::212:7403:3:303: icmp_seq=26 ttl=63 time=46.8 ms
64 bytes from aaaa::212:7403:3:303: icmp_seq=27 ttl=63 time=53.2 ms
64 bytes from aaaa::212:7403:3:303: icmp_seq=28 ttl=63 time=59.3 ms
64 bytes from aaaa::212:7403:3:303: icmp_seq=29 ttl=63 time=59.0 ms
64 bytes from aaaa::212:7403:3:303: icmp_seq=30 ttl=63 time=258 ms
64 bytes from aaaa::212:7403:3:303: icmp_seq=31 ttl=63 time=46.9 ms
64 bytes from aaaa::212:7403:3:303: icmp_seq=32 ttl=63 time=38.8 ms
64 bytes from aaaa::212:7403:3:303: icmp_seq=33 ttl=63 time=52.3 ms
64 bytes from aaaa::212:7403:3:303: icmp_seq=34 ttl=63 time=77.0 ms
64 bytes from aaaa::212:7403:3:303: icmp_seq=35 ttl=63 time=60.6 ms
64 bytes from aaaa::212:7403:3:303: icmp_seq=36 ttl=63 time=59.3 ms
64 bytes from aaaa::212:7403:3:303: icmp_seq=37 ttl=63 time=88.4 ms
64 bytes from aaaa::212:7403:3:303: icmp_seq=39 ttl=63 time=50.6 ms
64 bytes from aaaa::212:7403:3:303: icmp_seq=40 ttl=63 time=91.8 ms
64 bytes from aaaa::212:7403:3:303: icmp_seq=41 ttl=63 time=61.4 ms
64 bytes from aaaa::212:7403:3:303: icmp_seq=42 ttl=63 time=48.4 ms
64 bytes from aaaa::212:7403:3:303: icmp_seq=43 ttl=63 time=65.0 ms
64 bytes from aaaa::212:7403:3:303: icmp_seq=44 ttl=63 time=67.3 ms
64 bytes from aaaa::212:7403:3:303: icmp_seq=45 ttl=63 time=47.1 ms
64 bytes from aaaa::212:7403:3:303: icmp_seq=46 ttl=63 time=49.4 ms
64 bytes from aaaa::212:7403:3:303: icmp_seq=47 ttl=63 time=49.4 ms
64 bytes from aaaa::212:7403:3:303: icmp_seq=48 ttl=63 time=58.9 ms
64 bytes from aaaa::212:7403:3:303: icmp_seq=49 ttl=63 time=80.9 ms
64 bytes from aaaa::212:7403:3:303: icmp_seq=50 ttl=63 time=113 ms
64 bytes from aaaa::212:7403:3:303: icmp_seq=51 ttl=63 time=81.2 ms
64 bytes from aaaa::212:7403:3:303: icmp_seq=52 ttl=63 time=46.6 ms
64 bytes from aaaa::212:7403:3:303: icmp_seq=53 ttl=63 time=41.7 ms
64 bytes from aaaa::212:7403:3:303: icmp_seq=54 ttl=63 time=64.1 ms
64 bytes from aaaa::212:7403:3:303: icmp_seq=55 ttl=63 time=65.5 ms
64 bytes from aaaa::212:7403:3:303: icmp_seq=56 ttl=63 time=56.9 ms
64 bytes from aaaa::212:7403:3:303: icmp_seq=57 ttl=63 time=50.8 ms
64 bytes from aaaa::212:7403:3:303: icmp_seq=58 ttl=63 time=58.6 ms
64 bytes from aaaa::212:7403:3:303: icmp_seq=59 ttl=63 time=70.4 ms
64 bytes from aaaa::212:7403:3:303: icmp_seq=60 ttl=63 time=52.3 ms
64 bytes from aaaa::212:7403:3:303: icmp_seq=61 ttl=63 time=45.6 ms
64 bytes from aaaa::212:7403:3:303: icmp_seq=62 ttl=63 time=45.2 ms
64 bytes from aaaa::212:7403:3:303: icmp_seq=63 ttl=63 time=71.9 ms
64 bytes from aaaa::212:7403:3:303: icmp_seq=64 ttl=63 time=45.7 ms
64 bytes from aaaa::212:7403:3:303: icmp_seq=65 ttl=63 time=72.0 ms
64 bytes from aaaa::212:7403:3:303: icmp_seq=66 ttl=63 time=70.6 ms
64 bytes from aaaa::212:7403:3:303: icmp_seq=67 ttl=63 time=60.7 ms
64 bytes from aaaa::212:7403:3:303: icmp_seq=68 ttl=63 time=83.8 ms
64 bytes from aaaa::212:7403:3:303: icmp_seq=69 ttl=63 time=50.6 ms
64 bytes from aaaa::212:7403:3:303: icmp_seq=70 ttl=63 time=44.0 ms
64 bytes from aaaa::212:7403:3:303: icmp_seq=71 ttl=63 time=44.0 ms
64 bytes from aaaa::212:7403:3:303: icmp_seq=72 ttl=63 time=45.5 ms
64 bytes from aaaa::212:7403:3:303: icmp_seq=73 ttl=63 time=52.4 ms
64 bytes from aaaa::212:7403:3:303: icmp_seq=74 ttl=63 time=50.3 ms
64 bytes from aaaa::212:7403:3:303: icmp_seq=75 ttl=63 time=526 ms
64 bytes from aaaa::212:7403:3:303: icmp_seq=76 ttl=63 time=49.9 ms
64 bytes from aaaa::212:7403:3:303: icmp_seq=77 ttl=63 time=51.3 ms
64 bytes from aaaa::212:7403:3:303: icmp_seq=78 ttl=63 time=51.7 ms
64 bytes from aaaa::212:7403:3:303: icmp_seq=79 ttl=63 time=45.1 ms
64 bytes from aaaa::212:7403:3:303: icmp_seq=80 ttl=63 time=47.9 ms
64 bytes from aaaa::212:7403:3:303: icmp_seq=81 ttl=63 time=62.9 ms
64 bytes from aaaa::212:7403:3:303: icmp_seq=82 ttl=63 time=157 ms
64 bytes from aaaa::212:7403:3:303: icmp_seq=83 ttl=63 time=60.3 ms
64 bytes from aaaa::212:7403:3:303: icmp_seq=84 ttl=63 time=163 ms
64 bytes from aaaa::212:7403:3:303: icmp_seq=85 ttl=63 time=67.3 ms
64 bytes from aaaa::212:7403:3:303: icmp_seq=86 ttl=63 time=40.7 ms
64 bytes from aaaa::212:7403:3:303: icmp_seq=87 ttl=63 time=114 ms
64 bytes from aaaa::212:7403:3:303: icmp_seq=88 ttl=63 time=72.1 ms
64 bytes from aaaa::212:7403:3:303: icmp_seq=89 ttl=63 time=67.5 ms
64 bytes from aaaa::212:7403:3:303: icmp_seq=90 ttl=63 time=79.9 ms
64 bytes from aaaa::212:7403:3:303: icmp_seq=91 ttl=63 time=66.0 ms
64 bytes from aaaa::212:7403:3:303: icmp_seq=92 ttl=63 time=56.9 ms
64 bytes from aaaa::212:7403:3:303: icmp_seq=93 ttl=63 time=99.9 ms
64 bytes from aaaa::212:7403:3:303: icmp_seq=94 ttl=63 time=90.9 ms
64 bytes from aaaa::212:7403:3:303: icmp_seq=95 ttl=63 time=40.9 ms
64 bytes from aaaa::212:7403:3:303: icmp_seq=96 ttl=63 time=41.7 ms
64 bytes from aaaa::212:7403:3:303: icmp_seq=97 ttl=63 time=49.7 ms
64 bytes from aaaa::212:7403:3:303: icmp_seq=98 ttl=63 time=44.9 ms
64 bytes from aaaa::212:7403:3:303: icmp_seq=99 ttl=63 time=73.4 ms
64 bytes from aaaa::212:7403:3:303: icmp_seq=100 ttl=63 time=60.7 ms
64 bytes from aaaa::212:7403:3:303: icmp_seq=101 ttl=63 time=54.6 ms
64 bytes from aaaa::212:7403:3:303: icmp_seq=102 ttl=63 time=40.0 ms
64 bytes from aaaa::212:7403:3:303: icmp_seq=103 ttl=63 time=55.8 ms
64 bytes from aaaa::212:7403:3:303: icmp_seq=104 ttl=63 time=44.7 ms
64 bytes from aaaa::212:7403:3:303: icmp_seq=105 ttl=63 time=113 ms
64 bytes from aaaa::212:7403:3:303: icmp_seq=106 ttl=63 time=52.8 ms
64 bytes from aaaa::212:7403:3:303: icmp_seq=107 ttl=63 time=54.8 ms
64 bytes from aaaa::212:7403:3:303: icmp_seq=108 ttl=63 time=51.4 ms
64 bytes from aaaa::212:7403:3:303: icmp_seq=109 ttl=63 time=51.8 ms
64 bytes from aaaa::212:7403:3:303: icmp_seq=110 ttl=63 time=46.5 ms
64 bytes from aaaa::212:7403:3:303: icmp_seq=111 ttl=63 time=49.6 ms
64 bytes from aaaa::212:7403:3:303: icmp_seq=112 ttl=63 time=122 ms
64 bytes from aaaa::212:7403:3:303: icmp_seq=113 ttl=63 time=51.4 ms
64 bytes from aaaa::212:7403:3:303: icmp_seq=114 ttl=63 time=43.0 ms
64 bytes from aaaa::212:7403:3:303: icmp_seq=115 ttl=63 time=46.4 ms
64 bytes from aaaa::212:7403:3:303: icmp_seq=116 ttl=63 time=38.1 ms
64 bytes from aaaa::212:7403:3:303: icmp_seq=117 ttl=63 time=59.7 ms
64 bytes from aaaa::212:7403:3:303: icmp_seq=118 ttl=63 time=45.1 ms
64 bytes from aaaa::212:7403:3:303: icmp_seq=119 ttl=63 time=184 ms
64 bytes from aaaa::212:7403:3:303: icmp_seq=120 ttl=63 time=143 ms
64 bytes from aaaa::212:7403:3:303: icmp_seq=121 ttl=63 time=142 ms
64 bytes from aaaa::212:7403:3:303: icmp_seq=122 ttl=63 time=63.3 ms
64 bytes from aaaa::212:7403:3:303: icmp_seq=123 ttl=63 time=74.9 ms
64 bytes from aaaa::212:7403:3:303: icmp_seq=124 ttl=63 time=52.5 ms
64 bytes from aaaa::212:7403:3:303: icmp_seq=125 ttl=63 time=59.6 ms
64 bytes from aaaa::212:7403:3:303: icmp_seq=126 ttl=63 time=47.5 ms
64 bytes from aaaa::212:7403:3:303: icmp_seq=127 ttl=63 time=56.6 ms
64 bytes from aaaa::212:7403:3:303: icmp_seq=128 ttl=63 time=45.1 ms
64 bytes from aaaa::212:7403:3:303: icmp_seq=129 ttl=63 time=40.5 ms
64 bytes from aaaa::212:7403:3:303: icmp_seq=130 ttl=63 time=117 ms
64 bytes from aaaa::212:7403:3:303: icmp_seq=131 ttl=63 time=43.7 ms
64 bytes from aaaa::212:7403:3:303: icmp_seq=132 ttl=63 time=47.1 ms
64 bytes from aaaa::212:7403:3:303: icmp_seq=133 ttl=63 time=130 ms
64 bytes from aaaa::212:7403:3:303: icmp_seq=134 ttl=63 time=68.1 ms
64 bytes from aaaa::212:7403:3:303: icmp_seq=135 ttl=63 time=49.1 ms
64 bytes from aaaa::212:7403:3:303: icmp_seq=136 ttl=63 time=51.1 ms
64 bytes from aaaa::212:7403:3:303: icmp_seq=137 ttl=63 time=60.4 ms
64 bytes from aaaa::212:7403:3:303: icmp_seq=138 ttl=63 time=97.0 ms
64 bytes from aaaa::212:7403:3:303: icmp_seq=139 ttl=63 time=111 ms
64 bytes from aaaa::212:7403:3:303: icmp_seq=140 ttl=63 time=44.2 ms
64 bytes from aaaa::212:7403:3:303: icmp_seq=141 ttl=63 time=46.6 ms
64 bytes from aaaa::212:7403:3:303: icmp_seq=142 ttl=63 time=50.1 ms
64 bytes from aaaa::212:7403:3:303: icmp_seq=143 ttl=63 time=40.8 ms
64 bytes from aaaa::212:7403:3:303: icmp_seq=144 ttl=63 time=36.6 ms
64 bytes from aaaa::212:7403:3:303: icmp_seq=145 ttl=63 time=45.6 ms
64 bytes from aaaa::212:7403:3:303: icmp_seq=146 ttl=63 time=51.3 ms
64 bytes from aaaa::212:7403:3:303: icmp_seq=147 ttl=63 time=51.9 ms
64 bytes from aaaa::212:7403:3:303: icmp_seq=150 ttl=63 time=44.0 ms
64 bytes from aaaa::212:7403:3:303: icmp_seq=151 ttl=63 time=75.0 ms
64 bytes from aaaa::212:7403:3:303: icmp_seq=152 ttl=63 time=63.7 ms
64 bytes from aaaa::212:7403:3:303: icmp_seq=153 ttl=63 time=51.3 ms
64 bytes from aaaa::212:7403:3:303: icmp_seq=154 ttl=63 time=69.8 ms
64 bytes from aaaa::212:7403:3:303: icmp_seq=155 ttl=63 time=51.8 ms
64 bytes from aaaa::212:7403:3:303: icmp_seq=156 ttl=63 time=64.0 ms
64 bytes from aaaa::212:7403:3:303: icmp_seq=157 ttl=63 time=56.9 ms
64 bytes from aaaa::212:7403:3:303: icmp_seq=158 ttl=63 time=47.1 ms
64 bytes from aaaa::212:7403:3:303: icmp_seq=159 ttl=63 time=41.1 ms
64 bytes from aaaa::212:7403:3:303: icmp_seq=160 ttl=63 time=88.7 ms
64 bytes from aaaa::212:7403:3:303: icmp_seq=161 ttl=63 time=50.6 ms
64 bytes from aaaa::212:7403:3:303: icmp_seq=162 ttl=63 time=72.8 ms
64 bytes from aaaa::212:7403:3:303: icmp_seq=163 ttl=63 time=53.3 ms
64 bytes from aaaa::212:7403:3:303: icmp_seq=164 ttl=63 time=45.7 ms
64 bytes from aaaa::212:7403:3:303: icmp_seq=165 ttl=63 time=41.9 ms
64 bytes from aaaa::212:7403:3:303: icmp_seq=166 ttl=63 time=132 ms
64 bytes from aaaa::212:7403:3:303: icmp_seq=168 ttl=63 time=53.0 ms
64 bytes from aaaa::212:7403:3:303: icmp_seq=169 ttl=63 time=54.1 ms
64 bytes from aaaa::212:7403:3:303: icmp_seq=170 ttl=63 time=55.0 ms
64 bytes from aaaa::212:7403:3:303: icmp_seq=171 ttl=63 time=50.2 ms
64 bytes from aaaa::212:7403:3:303: icmp_seq=172 ttl=63 time=68.2 ms
64 bytes from aaaa::212:7403:3:303: icmp_seq=173 ttl=63 time=62.7 ms
64 bytes from aaaa::212:7403:3:303: icmp_seq=174 ttl=63 time=35.2 ms
64 bytes from aaaa::212:7403:3:303: icmp_seq=175 ttl=63 time=63.4 ms
64 bytes from aaaa::212:7403:3:303: icmp_seq=176 ttl=63 time=63.3 ms
64 bytes from aaaa::212:7403:3:303: icmp_seq=177 ttl=63 time=57.1 ms
64 bytes from aaaa::212:7403:3:303: icmp_seq=178 ttl=63 time=46.5 ms
64 bytes from aaaa::212:7403:3:303: icmp_seq=179 ttl=63 time=75.4 ms
64 bytes from aaaa::212:7403:3:303: icmp_seq=180 ttl=63 time=57.0 ms
64 bytes from aaaa::212:7403:3:303: icmp_seq=181 ttl=63 time=60.6 ms
64 bytes from aaaa::212:7403:3:303: icmp_seq=182 ttl=63 time=63.3 ms
64 bytes from aaaa::212:7403:3:303: icmp_seq=183 ttl=63 time=56.0 ms
64 bytes from aaaa::212:7403:3:303: icmp_seq=184 ttl=63 time=48.5 ms
64 bytes from aaaa::212:7403:3:303: icmp_seq=185 ttl=63 time=114 ms
64 bytes from aaaa::212:7403:3:303: icmp_seq=189 ttl=63 time=102 ms
64 bytes from aaaa::212:7403:3:303: icmp_seq=190 ttl=63 time=44.7 ms
64 bytes from aaaa::212:7403:3:303: icmp_seq=191 ttl=63 time=47.4 ms
64 bytes from aaaa::212:7403:3:303: icmp_seq=192 ttl=63 time=54.0 ms
64 bytes from aaaa::212:7403:3:303: icmp_seq=193 ttl=63 time=56.8 ms
64 bytes from aaaa::212:7403:3:303: icmp_seq=194 ttl=63 time=41.5 ms
64 bytes from aaaa::212:7403:3:303: icmp_seq=195 ttl=63 time=40.9 ms
64 bytes from aaaa::212:7403:3:303: icmp_seq=196 ttl=63 time=60.8 ms
64 bytes from aaaa::212:7403:3:303: icmp_seq=197 ttl=63 time=52.2 ms
64 bytes from aaaa::212:7403:3:303: icmp_seq=198 ttl=63 time=57.2 ms
64 bytes from aaaa::212:7403:3:303: icmp_seq=199 ttl=63 time=35.9 ms
64 bytes from aaaa::212:7403:3:303: icmp_seq=200 ttl=63 time=40.5 ms

--- aaaa::212:7403:3:303 ping statistics ---
200 packets transmitted, 191 received, 4% packet loss, time 997014ms
rtt min/avg/max/mdev = 35.294/73.651/526.369/58.459 ms
