PING aaaa::212:7408:8:808(aaaa::212:7408:8:808) 56 data bytes
64 bytes from aaaa::212:7408:8:808: icmp_seq=1 ttl=63 time=71.5 ms
64 bytes from aaaa::212:7408:8:808: icmp_seq=2 ttl=63 time=157 ms
64 bytes from aaaa::212:7408:8:808: icmp_seq=4 ttl=63 time=165 ms
64 bytes from aaaa::212:7408:8:808: icmp_seq=5 ttl=63 time=124 ms
64 bytes from aaaa::212:7408:8:808: icmp_seq=8 ttl=63 time=79.8 ms
64 bytes from aaaa::212:7408:8:808: icmp_seq=12 ttl=63 time=31.6 ms
64 bytes from aaaa::212:7408:8:808: icmp_seq=14 ttl=63 time=83.9 ms
64 bytes from aaaa::212:7408:8:808: icmp_seq=15 ttl=63 time=80.9 ms
64 bytes from aaaa::212:7408:8:808: icmp_seq=22 ttl=63 time=43.0 ms
64 bytes from aaaa::212:7408:8:808: icmp_seq=23 ttl=63 time=55.4 ms
64 bytes from aaaa::212:7408:8:808: icmp_seq=24 ttl=63 time=61.8 ms
64 bytes from aaaa::212:7408:8:808: icmp_seq=25 ttl=63 time=89.7 ms
64 bytes from aaaa::212:7408:8:808: icmp_seq=26 ttl=63 time=47.8 ms
64 bytes from aaaa::212:7408:8:808: icmp_seq=27 ttl=63 time=102 ms
64 bytes from aaaa::212:7408:8:808: icmp_seq=28 ttl=63 time=67.0 ms
64 bytes from aaaa::212:7408:8:808: icmp_seq=29 ttl=63 time=117 ms
64 bytes from aaaa::212:7408:8:808: icmp_seq=30 ttl=63 time=46.4 ms
64 bytes from aaaa::212:7408:8:808: icmp_seq=31 ttl=63 time=46.9 ms
64 bytes from aaaa::212:7408:8:808: icmp_seq=32 ttl=63 time=47.1 ms
64 bytes from aaaa::212:7408:8:808: icmp_seq=33 ttl=63 time=101 ms
64 bytes from aaaa::212:7408:8:808: icmp_seq=34 ttl=63 time=66.6 ms
64 bytes from aaaa::212:7408:8:808: icmp_seq=35 ttl=63 time=53.9 ms
64 bytes from aaaa::212:7408:8:808: icmp_seq=36 ttl=63 time=48.3 ms
64 bytes from aaaa::212:7408:8:808: icmp_seq=37 ttl=63 time=44.8 ms
64 bytes from aaaa::212:7408:8:808: icmp_seq=38 ttl=63 time=75.1 ms
64 bytes from aaaa::212:7408:8:808: icmp_seq=39 ttl=63 time=69.6 ms
64 bytes from aaaa::212:7408:8:808: icmp_seq=40 ttl=63 time=41.9 ms
64 bytes from aaaa::212:7408:8:808: icmp_seq=41 ttl=63 time=58.0 ms
64 bytes from aaaa::212:7408:8:808: icmp_seq=42 ttl=63 time=61.9 ms
64 bytes from aaaa::212:7408:8:808: icmp_seq=43 ttl=63 time=46.1 ms
64 bytes from aaaa::212:7408:8:808: icmp_seq=44 ttl=63 time=60.7 ms
64 bytes from aaaa::212:7408:8:808: icmp_seq=45 ttl=63 time=77.6 ms
64 bytes from aaaa::212:7408:8:808: icmp_seq=46 ttl=63 time=46.1 ms
64 bytes from aaaa::212:7408:8:808: icmp_seq=47 ttl=63 time=48.0 ms
64 bytes from aaaa::212:7408:8:808: icmp_seq=48 ttl=63 time=78.4 ms
64 bytes from aaaa::212:7408:8:808: icmp_seq=49 ttl=63 time=126 ms
64 bytes from aaaa::212:7408:8:808: icmp_seq=50 ttl=63 time=51.0 ms
64 bytes from aaaa::212:7408:8:808: icmp_seq=51 ttl=63 time=80.9 ms
64 bytes from aaaa::212:7408:8:808: icmp_seq=52 ttl=63 time=46.9 ms
64 bytes from aaaa::212:7408:8:808: icmp_seq=53 ttl=63 time=52.3 ms
64 bytes from aaaa::212:7408:8:808: icmp_seq=54 ttl=63 time=46.0 ms
64 bytes from aaaa::212:7408:8:808: icmp_seq=55 ttl=63 time=64.2 ms
64 bytes from aaaa::212:7408:8:808: icmp_seq=64 ttl=63 time=66.7 ms
64 bytes from aaaa::212:7408:8:808: icmp_seq=65 ttl=63 time=89.7 ms
64 bytes from aaaa::212:7408:8:808: icmp_seq=66 ttl=63 time=54.3 ms
64 bytes from aaaa::212:7408:8:808: icmp_seq=68 ttl=63 time=159 ms
64 bytes from aaaa::212:7408:8:808: icmp_seq=70 ttl=63 time=81.1 ms
64 bytes from aaaa::212:7408:8:808: icmp_seq=71 ttl=63 time=92.0 ms
64 bytes from aaaa::212:7408:8:808: icmp_seq=73 ttl=63 time=57.7 ms
64 bytes from aaaa::212:7408:8:808: icmp_seq=74 ttl=63 time=92.2 ms
64 bytes from aaaa::212:7408:8:808: icmp_seq=79 ttl=63 time=66.8 ms
64 bytes from aaaa::212:7408:8:808: icmp_seq=80 ttl=63 time=86.0 ms
64 bytes from aaaa::212:7408:8:808: icmp_seq=82 ttl=63 time=91.0 ms
64 bytes from aaaa::212:7408:8:808: icmp_seq=83 ttl=63 time=78.0 ms
64 bytes from aaaa::212:7408:8:808: icmp_seq=84 ttl=63 time=85.4 ms
64 bytes from aaaa::212:7408:8:808: icmp_seq=85 ttl=63 time=56.5 ms
64 bytes from aaaa::212:7408:8:808: icmp_seq=86 ttl=63 time=47.4 ms
64 bytes from aaaa::212:7408:8:808: icmp_seq=87 ttl=63 time=100 ms
64 bytes from aaaa::212:7408:8:808: icmp_seq=88 ttl=63 time=43.7 ms
64 bytes from aaaa::212:7408:8:808: icmp_seq=89 ttl=63 time=73.2 ms
64 bytes from aaaa::212:7408:8:808: icmp_seq=90 ttl=63 time=48.9 ms
64 bytes from aaaa::212:7408:8:808: icmp_seq=91 ttl=63 time=62.0 ms
64 bytes from aaaa::212:7408:8:808: icmp_seq=92 ttl=63 time=77.2 ms
64 bytes from aaaa::212:7408:8:808: icmp_seq=95 ttl=63 time=84.0 ms
64 bytes from aaaa::212:7408:8:808: icmp_seq=100 ttl=63 time=67.9 ms
64 bytes from aaaa::212:7408:8:808: icmp_seq=101 ttl=63 time=63.1 ms
64 bytes from aaaa::212:7408:8:808: icmp_seq=102 ttl=63 time=47.1 ms
64 bytes from aaaa::212:7408:8:808: icmp_seq=103 ttl=63 time=82.8 ms
64 bytes from aaaa::212:7408:8:808: icmp_seq=104 ttl=63 time=58.5 ms
64 bytes from aaaa::212:7408:8:808: icmp_seq=108 ttl=63 time=75.9 ms
64 bytes from aaaa::212:7408:8:808: icmp_seq=109 ttl=63 time=47.9 ms
64 bytes from aaaa::212:7408:8:808: icmp_seq=110 ttl=63 time=58.3 ms
64 bytes from aaaa::212:7408:8:808: icmp_seq=117 ttl=63 time=72.1 ms
64 bytes from aaaa::212:7408:8:808: icmp_seq=121 ttl=63 time=63.1 ms
64 bytes from aaaa::212:7408:8:808: icmp_seq=122 ttl=63 time=90.8 ms
64 bytes from aaaa::212:7408:8:808: icmp_seq=123 ttl=63 time=53.5 ms
64 bytes from aaaa::212:7408:8:808: icmp_seq=124 ttl=63 time=59.2 ms
64 bytes from aaaa::212:7408:8:808: icmp_seq=125 ttl=63 time=32.5 ms
64 bytes from aaaa::212:7408:8:808: icmp_seq=126 ttl=63 time=94.6 ms
64 bytes from aaaa::212:7408:8:808: icmp_seq=127 ttl=63 time=68.2 ms
64 bytes from aaaa::212:7408:8:808: icmp_seq=128 ttl=63 time=60.7 ms
64 bytes from aaaa::212:7408:8:808: icmp_seq=129 ttl=63 time=80.8 ms
64 bytes from aaaa::212:7408:8:808: icmp_seq=130 ttl=63 time=60.9 ms
64 bytes from aaaa::212:7408:8:808: icmp_seq=131 ttl=63 time=58.2 ms
64 bytes from aaaa::212:7408:8:808: icmp_seq=132 ttl=63 time=54.6 ms
64 bytes from aaaa::212:7408:8:808: icmp_seq=133 ttl=63 time=65.4 ms
64 bytes from aaaa::212:7408:8:808: icmp_seq=139 ttl=63 time=75.9 ms
64 bytes from aaaa::212:7408:8:808: icmp_seq=141 ttl=63 time=79.9 ms
64 bytes from aaaa::212:7408:8:808: icmp_seq=143 ttl=63 time=48.5 ms
64 bytes from aaaa::212:7408:8:808: icmp_seq=144 ttl=63 time=30.5 ms
64 bytes from aaaa::212:7408:8:808: icmp_seq=145 ttl=63 time=51.8 ms
64 bytes from aaaa::212:7408:8:808: icmp_seq=146 ttl=63 time=43.0 ms
64 bytes from aaaa::212:7408:8:808: icmp_seq=147 ttl=63 time=34.5 ms
64 bytes from aaaa::212:7408:8:808: icmp_seq=148 ttl=63 time=39.6 ms
64 bytes from aaaa::212:7408:8:808: icmp_seq=149 ttl=63 time=64.4 ms
64 bytes from aaaa::212:7408:8:808: icmp_seq=150 ttl=63 time=43.1 ms
64 bytes from aaaa::212:7408:8:808: icmp_seq=151 ttl=63 time=36.5 ms
64 bytes from aaaa::212:7408:8:808: icmp_seq=152 ttl=63 time=43.0 ms
64 bytes from aaaa::212:7408:8:808: icmp_seq=153 ttl=63 time=62.2 ms
64 bytes from aaaa::212:7408:8:808: icmp_seq=154 ttl=63 time=50.7 ms
64 bytes from aaaa::212:7408:8:808: icmp_seq=155 ttl=63 time=42.9 ms
64 bytes from aaaa::212:7408:8:808: icmp_seq=156 ttl=63 time=36.3 ms
64 bytes from aaaa::212:7408:8:808: icmp_seq=157 ttl=63 time=36.7 ms
64 bytes from aaaa::212:7408:8:808: icmp_seq=158 ttl=63 time=52.9 ms
64 bytes from aaaa::212:7408:8:808: icmp_seq=159 ttl=63 time=48.4 ms
64 bytes from aaaa::212:7408:8:808: icmp_seq=160 ttl=63 time=41.5 ms
64 bytes from aaaa::212:7408:8:808: icmp_seq=161 ttl=63 time=50.0 ms
64 bytes from aaaa::212:7408:8:808: icmp_seq=162 ttl=63 time=80.3 ms
64 bytes from aaaa::212:7408:8:808: icmp_seq=163 ttl=63 time=50.9 ms
64 bytes from aaaa::212:7408:8:808: icmp_seq=164 ttl=63 time=51.9 ms
64 bytes from aaaa::212:7408:8:808: icmp_seq=165 ttl=63 time=33.3 ms
64 bytes from aaaa::212:7408:8:808: icmp_seq=166 ttl=63 time=49.6 ms
64 bytes from aaaa::212:7408:8:808: icmp_seq=167 ttl=63 time=37.3 ms
64 bytes from aaaa::212:7408:8:808: icmp_seq=168 ttl=63 time=40.4 ms
64 bytes from aaaa::212:7408:8:808: icmp_seq=169 ttl=63 time=56.9 ms
64 bytes from aaaa::212:7408:8:808: icmp_seq=170 ttl=63 time=40.2 ms
64 bytes from aaaa::212:7408:8:808: icmp_seq=171 ttl=63 time=44.1 ms
64 bytes from aaaa::212:7408:8:808: icmp_seq=173 ttl=63 time=203 ms
64 bytes from aaaa::212:7408:8:808: icmp_seq=174 ttl=63 time=136 ms
64 bytes from aaaa::212:7408:8:808: icmp_seq=175 ttl=63 time=312 ms
64 bytes from aaaa::212:7408:8:808: icmp_seq=176 ttl=63 time=36.8 ms
64 bytes from aaaa::212:7408:8:808: icmp_seq=177 ttl=63 time=34.2 ms
64 bytes from aaaa::212:7408:8:808: icmp_seq=178 ttl=63 time=44.0 ms
64 bytes from aaaa::212:7408:8:808: icmp_seq=179 ttl=63 time=49.4 ms
64 bytes from aaaa::212:7408:8:808: icmp_seq=180 ttl=63 time=47.4 ms
64 bytes from aaaa::212:7408:8:808: icmp_seq=181 ttl=63 time=43.8 ms
64 bytes from aaaa::212:7408:8:808: icmp_seq=182 ttl=63 time=53.8 ms
64 bytes from aaaa::212:7408:8:808: icmp_seq=183 ttl=63 time=44.3 ms
64 bytes from aaaa::212:7408:8:808: icmp_seq=184 ttl=63 time=38.4 ms
64 bytes from aaaa::212:7408:8:808: icmp_seq=185 ttl=63 time=37.6 ms
64 bytes from aaaa::212:7408:8:808: icmp_seq=186 ttl=63 time=38.8 ms
64 bytes from aaaa::212:7408:8:808: icmp_seq=187 ttl=63 time=45.4 ms
64 bytes from aaaa::212:7408:8:808: icmp_seq=188 ttl=63 time=49.9 ms
64 bytes from aaaa::212:7408:8:808: icmp_seq=189 ttl=63 time=36.0 ms
64 bytes from aaaa::212:7408:8:808: icmp_seq=190 ttl=63 time=42.0 ms
64 bytes from aaaa::212:7408:8:808: icmp_seq=191 ttl=63 time=51.1 ms
64 bytes from aaaa::212:7408:8:808: icmp_seq=192 ttl=63 time=29.2 ms
64 bytes from aaaa::212:7408:8:808: icmp_seq=193 ttl=63 time=33.9 ms
64 bytes from aaaa::212:7408:8:808: icmp_seq=194 ttl=63 time=35.5 ms
64 bytes from aaaa::212:7408:8:808: icmp_seq=195 ttl=63 time=31.2 ms
64 bytes from aaaa::212:7408:8:808: icmp_seq=196 ttl=63 time=36.5 ms
64 bytes from aaaa::212:7408:8:808: icmp_seq=197 ttl=63 time=29.9 ms
64 bytes from aaaa::212:7408:8:808: icmp_seq=198 ttl=63 time=44.1 ms
64 bytes from aaaa::212:7408:8:808: icmp_seq=199 ttl=63 time=43.7 ms
64 bytes from aaaa::212:7408:8:808: icmp_seq=200 ttl=63 time=44.5 ms

--- aaaa::212:7408:8:808 ping statistics ---
200 packets transmitted, 145 received, 27% packet loss, time 1003241ms
rtt min/avg/max/mdev = 29.249/63.821/312.463/34.766 ms
