PING fd00::212:7409:9:909(fd00::212:7409:9:909) 56 data bytes
64 bytes from fd00::212:7409:9:909: icmp_seq=2 ttl=61 time=858 ms
64 bytes from fd00::212:7409:9:909: icmp_seq=3 ttl=61 time=513 ms
64 bytes from fd00::212:7409:9:909: icmp_seq=4 ttl=61 time=287 ms
64 bytes from fd00::212:7409:9:909: icmp_seq=5 ttl=61 time=223 ms
64 bytes from fd00::212:7409:9:909: icmp_seq=6 ttl=61 time=1054 ms
64 bytes from fd00::212:7409:9:909: icmp_seq=7 ttl=61 time=957 ms
64 bytes from fd00::212:7409:9:909: icmp_seq=8 ttl=61 time=628 ms
64 bytes from fd00::212:7409:9:909: icmp_seq=9 ttl=61 time=535 ms
64 bytes from fd00::212:7409:9:909: icmp_seq=13 ttl=61 time=363 ms
64 bytes from fd00::212:7409:9:909: icmp_seq=18 ttl=61 time=254 ms
64 bytes from fd00::212:7409:9:909: icmp_seq=23 ttl=61 time=243 ms
64 bytes from fd00::212:7409:9:909: icmp_seq=24 ttl=61 time=328 ms
64 bytes from fd00::212:7409:9:909: icmp_seq=24 ttl=61 time=335 ms (DUP!)
64 bytes from fd00::212:7409:9:909: icmp_seq=25 ttl=61 time=153 ms
64 bytes from fd00::212:7409:9:909: icmp_seq=26 ttl=61 time=149 ms
64 bytes from fd00::212:7409:9:909: icmp_seq=27 ttl=61 time=182 ms
64 bytes from fd00::212:7409:9:909: icmp_seq=28 ttl=61 time=157 ms
64 bytes from fd00::212:7409:9:909: icmp_seq=29 ttl=61 time=416 ms
64 bytes from fd00::212:7409:9:909: icmp_seq=30 ttl=61 time=125 ms
64 bytes from fd00::212:7409:9:909: icmp_seq=31 ttl=61 time=212 ms
64 bytes from fd00::212:7409:9:909: icmp_seq=32 ttl=61 time=142 ms
64 bytes from fd00::212:7409:9:909: icmp_seq=33 ttl=61 time=179 ms
64 bytes from fd00::212:7409:9:909: icmp_seq=34 ttl=61 time=218 ms
64 bytes from fd00::212:7409:9:909: icmp_seq=35 ttl=61 time=161 ms
64 bytes from fd00::212:7409:9:909: icmp_seq=36 ttl=61 time=131 ms
64 bytes from fd00::212:7409:9:909: icmp_seq=37 ttl=61 time=214 ms
64 bytes from fd00::212:7409:9:909: icmp_seq=38 ttl=61 time=884 ms
64 bytes from fd00::212:7409:9:909: icmp_seq=39 ttl=61 time=240 ms
64 bytes from fd00::212:7409:9:909: icmp_seq=40 ttl=61 time=148 ms
64 bytes from fd00::212:7409:9:909: icmp_seq=41 ttl=61 time=236 ms
64 bytes from fd00::212:7409:9:909: icmp_seq=42 ttl=61 time=139 ms
64 bytes from fd00::212:7409:9:909: icmp_seq=43 ttl=61 time=180 ms
64 bytes from fd00::212:7409:9:909: icmp_seq=44 ttl=61 time=140 ms
64 bytes from fd00::212:7409:9:909: icmp_seq=45 ttl=61 time=182 ms
64 bytes from fd00::212:7409:9:909: icmp_seq=46 ttl=61 time=144 ms
64 bytes from fd00::212:7409:9:909: icmp_seq=47 ttl=61 time=151 ms
64 bytes from fd00::212:7409:9:909: icmp_seq=48 ttl=61 time=132 ms
64 bytes from fd00::212:7409:9:909: icmp_seq=49 ttl=61 time=161 ms
64 bytes from fd00::212:7409:9:909: icmp_seq=50 ttl=61 time=148 ms
64 bytes from fd00::212:7409:9:909: icmp_seq=51 ttl=61 time=135 ms
64 bytes from fd00::212:7409:9:909: icmp_seq=52 ttl=61 time=152 ms
64 bytes from fd00::212:7409:9:909: icmp_seq=53 ttl=61 time=176 ms
64 bytes from fd00::212:7409:9:909: icmp_seq=54 ttl=61 time=139 ms
64 bytes from fd00::212:7409:9:909: icmp_seq=55 ttl=61 time=175 ms
64 bytes from fd00::212:7409:9:909: icmp_seq=56 ttl=61 time=164 ms
64 bytes from fd00::212:7409:9:909: icmp_seq=57 ttl=61 time=155 ms
64 bytes from fd00::212:7409:9:909: icmp_seq=58 ttl=61 time=147 ms
64 bytes from fd00::212:7409:9:909: icmp_seq=59 ttl=61 time=200 ms
64 bytes from fd00::212:7409:9:909: icmp_seq=60 ttl=61 time=176 ms
64 bytes from fd00::212:7409:9:909: icmp_seq=61 ttl=61 time=150 ms
64 bytes from fd00::212:7409:9:909: icmp_seq=62 ttl=61 time=225 ms
64 bytes from fd00::212:7409:9:909: icmp_seq=63 ttl=61 time=135 ms
64 bytes from fd00::212:7409:9:909: icmp_seq=64 ttl=61 time=181 ms
64 bytes from fd00::212:7409:9:909: icmp_seq=65 ttl=61 time=175 ms
64 bytes from fd00::212:7409:9:909: icmp_seq=66 ttl=61 time=174 ms
64 bytes from fd00::212:7409:9:909: icmp_seq=67 ttl=61 time=194 ms
64 bytes from fd00::212:7409:9:909: icmp_seq=68 ttl=61 time=136 ms
64 bytes from fd00::212:7409:9:909: icmp_seq=69 ttl=61 time=133 ms
64 bytes from fd00::212:7409:9:909: icmp_seq=70 ttl=61 time=135 ms
64 bytes from fd00::212:7409:9:909: icmp_seq=71 ttl=61 time=132 ms
64 bytes from fd00::212:7409:9:909: icmp_seq=72 ttl=61 time=160 ms
64 bytes from fd00::212:7409:9:909: icmp_seq=73 ttl=61 time=154 ms
64 bytes from fd00::212:7409:9:909: icmp_seq=74 ttl=61 time=155 ms
64 bytes from fd00::212:7409:9:909: icmp_seq=75 ttl=61 time=172 ms
64 bytes from fd00::212:7409:9:909: icmp_seq=76 ttl=61 time=138 ms
64 bytes from fd00::212:7409:9:909: icmp_seq=77 ttl=61 time=156 ms
64 bytes from fd00::212:7409:9:909: icmp_seq=78 ttl=61 time=147 ms
64 bytes from fd00::212:7409:9:909: icmp_seq=79 ttl=61 time=209 ms
64 bytes from fd00::212:7409:9:909: icmp_seq=80 ttl=61 time=139 ms
64 bytes from fd00::212:7409:9:909: icmp_seq=81 ttl=61 time=126 ms
64 bytes from fd00::212:7409:9:909: icmp_seq=82 ttl=61 time=145 ms
64 bytes from fd00::212:7409:9:909: icmp_seq=83 ttl=61 time=160 ms
64 bytes from fd00::212:7409:9:909: icmp_seq=84 ttl=61 time=140 ms
64 bytes from fd00::212:7409:9:909: icmp_seq=85 ttl=61 time=148 ms
64 bytes from fd00::212:7409:9:909: icmp_seq=86 ttl=61 time=138 ms
64 bytes from fd00::212:7409:9:909: icmp_seq=87 ttl=61 time=171 ms
64 bytes from fd00::212:7409:9:909: icmp_seq=88 ttl=61 time=156 ms
64 bytes from fd00::212:7409:9:909: icmp_seq=89 ttl=61 time=196 ms
64 bytes from fd00::212:7409:9:909: icmp_seq=90 ttl=61 time=133 ms
64 bytes from fd00::212:7409:9:909: icmp_seq=91 ttl=61 time=159 ms
64 bytes from fd00::212:7409:9:909: icmp_seq=92 ttl=61 time=156 ms
64 bytes from fd00::212:7409:9:909: icmp_seq=93 ttl=61 time=168 ms
64 bytes from fd00::212:7409:9:909: icmp_seq=94 ttl=61 time=138 ms
64 bytes from fd00::212:7409:9:909: icmp_seq=95 ttl=61 time=138 ms
64 bytes from fd00::212:7409:9:909: icmp_seq=96 ttl=61 time=140 ms
64 bytes from fd00::212:7409:9:909: icmp_seq=97 ttl=61 time=127 ms
64 bytes from fd00::212:7409:9:909: icmp_seq=98 ttl=61 time=185 ms
64 bytes from fd00::212:7409:9:909: icmp_seq=99 ttl=61 time=366 ms
64 bytes from fd00::212:7409:9:909: icmp_seq=100 ttl=61 time=204 ms

--- fd00::212:7409:9:909 ping statistics ---
100 packets transmitted, 88 received, +1 duplicates, 12% packet loss, time 496974ms
rtt min/avg/max/mdev = 125.375/225.411/1054.468/179.075 ms
