PING fd00::212:7402:2:202(fd00::212:7402:2:202) 56 data bytes
64 bytes from fd00::212:7402:2:202: icmp_seq=1 ttl=62 time=88.1 ms
64 bytes from fd00::212:7402:2:202: icmp_seq=3 ttl=62 time=356 ms
64 bytes from fd00::212:7402:2:202: icmp_seq=5 ttl=62 time=272 ms
64 bytes from fd00::212:7402:2:202: icmp_seq=6 ttl=62 time=116 ms
64 bytes from fd00::212:7402:2:202: icmp_seq=7 ttl=62 time=280 ms
64 bytes from fd00::212:7402:2:202: icmp_seq=9 ttl=62 time=128 ms
64 bytes from fd00::212:7402:2:202: icmp_seq=11 ttl=62 time=355 ms
64 bytes from fd00::212:7402:2:202: icmp_seq=12 ttl=62 time=108 ms
64 bytes from fd00::212:7402:2:202: icmp_seq=14 ttl=62 time=708 ms
64 bytes from fd00::212:7402:2:202: icmp_seq=15 ttl=62 time=176 ms
64 bytes from fd00::212:7402:2:202: icmp_seq=16 ttl=62 time=506 ms
64 bytes from fd00::212:7402:2:202: icmp_seq=17 ttl=62 time=146 ms
64 bytes from fd00::212:7402:2:202: icmp_seq=18 ttl=62 time=1463 ms
64 bytes from fd00::212:7402:2:202: icmp_seq=19 ttl=62 time=132 ms
64 bytes from fd00::212:7402:2:202: icmp_seq=20 ttl=62 time=286 ms
64 bytes from fd00::212:7402:2:202: icmp_seq=21 ttl=62 time=699 ms
64 bytes from fd00::212:7402:2:202: icmp_seq=22 ttl=62 time=96.6 ms
64 bytes from fd00::212:7402:2:202: icmp_seq=24 ttl=62 time=307 ms
64 bytes from fd00::212:7402:2:202: icmp_seq=25 ttl=62 time=356 ms
64 bytes from fd00::212:7402:2:202: icmp_seq=26 ttl=62 time=183 ms
64 bytes from fd00::212:7402:2:202: icmp_seq=27 ttl=62 time=578 ms
64 bytes from fd00::212:7402:2:202: icmp_seq=28 ttl=62 time=1202 ms
64 bytes from fd00::212:7402:2:202: icmp_seq=42 ttl=62 time=375 ms
64 bytes from fd00::212:7402:2:202: icmp_seq=48 ttl=62 time=403 ms
64 bytes from fd00::212:7402:2:202: icmp_seq=49 ttl=62 time=144 ms
64 bytes from fd00::212:7402:2:202: icmp_seq=50 ttl=62 time=209 ms
64 bytes from fd00::212:7402:2:202: icmp_seq=51 ttl=62 time=77.7 ms
64 bytes from fd00::212:7402:2:202: icmp_seq=53 ttl=62 time=421 ms
64 bytes from fd00::212:7402:2:202: icmp_seq=57 ttl=62 time=921 ms
64 bytes from fd00::212:7402:2:202: icmp_seq=67 ttl=62 time=146 ms
64 bytes from fd00::212:7402:2:202: icmp_seq=68 ttl=62 time=129 ms
64 bytes from fd00::212:7402:2:202: icmp_seq=69 ttl=62 time=96.5 ms
64 bytes from fd00::212:7402:2:202: icmp_seq=73 ttl=62 time=115 ms
64 bytes from fd00::212:7402:2:202: icmp_seq=74 ttl=62 time=194 ms
64 bytes from fd00::212:7402:2:202: icmp_seq=75 ttl=62 time=241 ms
64 bytes from fd00::212:7402:2:202: icmp_seq=76 ttl=62 time=173 ms
64 bytes from fd00::212:7402:2:202: icmp_seq=77 ttl=62 time=105 ms
64 bytes from fd00::212:7402:2:202: icmp_seq=78 ttl=62 time=631 ms
64 bytes from fd00::212:7402:2:202: icmp_seq=79 ttl=62 time=166 ms
64 bytes from fd00::212:7402:2:202: icmp_seq=81 ttl=62 time=300 ms
64 bytes from fd00::212:7402:2:202: icmp_seq=82 ttl=62 time=422 ms
64 bytes from fd00::212:7402:2:202: icmp_seq=83 ttl=62 time=590 ms
64 bytes from fd00::212:7402:2:202: icmp_seq=84 ttl=62 time=133 ms
64 bytes from fd00::212:7402:2:202: icmp_seq=85 ttl=62 time=90.3 ms
64 bytes from fd00::212:7402:2:202: icmp_seq=86 ttl=62 time=203 ms
64 bytes from fd00::212:7402:2:202: icmp_seq=87 ttl=62 time=150 ms
64 bytes from fd00::212:7402:2:202: icmp_seq=88 ttl=62 time=272 ms
64 bytes from fd00::212:7402:2:202: icmp_seq=89 ttl=62 time=144 ms
64 bytes from fd00::212:7402:2:202: icmp_seq=90 ttl=62 time=154 ms
64 bytes from fd00::212:7402:2:202: icmp_seq=91 ttl=62 time=133 ms
64 bytes from fd00::212:7402:2:202: icmp_seq=92 ttl=62 time=89.8 ms
64 bytes from fd00::212:7402:2:202: icmp_seq=93 ttl=62 time=155 ms
64 bytes from fd00::212:7402:2:202: icmp_seq=94 ttl=62 time=133 ms
64 bytes from fd00::212:7402:2:202: icmp_seq=95 ttl=62 time=133 ms
64 bytes from fd00::212:7402:2:202: icmp_seq=96 ttl=62 time=240 ms
64 bytes from fd00::212:7402:2:202: icmp_seq=97 ttl=62 time=261 ms
64 bytes from fd00::212:7402:2:202: icmp_seq=98 ttl=62 time=398 ms
64 bytes from fd00::212:7402:2:202: icmp_seq=99 ttl=62 time=214 ms
64 bytes from fd00::212:7402:2:202: icmp_seq=100 ttl=62 time=75.0 ms
64 bytes from fd00::212:7402:2:202: icmp_seq=101 ttl=62 time=538 ms
64 bytes from fd00::212:7402:2:202: icmp_seq=102 ttl=62 time=133 ms
64 bytes from fd00::212:7402:2:202: icmp_seq=103 ttl=62 time=145 ms
64 bytes from fd00::212:7402:2:202: icmp_seq=104 ttl=62 time=139 ms
64 bytes from fd00::212:7402:2:202: icmp_seq=105 ttl=62 time=146 ms
64 bytes from fd00::212:7402:2:202: icmp_seq=106 ttl=62 time=205 ms
64 bytes from fd00::212:7402:2:202: icmp_seq=107 ttl=62 time=348 ms
64 bytes from fd00::212:7402:2:202: icmp_seq=108 ttl=62 time=168 ms
64 bytes from fd00::212:7402:2:202: icmp_seq=109 ttl=62 time=131 ms
64 bytes from fd00::212:7402:2:202: icmp_seq=110 ttl=62 time=182 ms
64 bytes from fd00::212:7402:2:202: icmp_seq=111 ttl=62 time=130 ms
64 bytes from fd00::212:7402:2:202: icmp_seq=112 ttl=62 time=619 ms
64 bytes from fd00::212:7402:2:202: icmp_seq=113 ttl=62 time=135 ms
64 bytes from fd00::212:7402:2:202: icmp_seq=114 ttl=62 time=162 ms
64 bytes from fd00::212:7402:2:202: icmp_seq=115 ttl=62 time=141 ms
64 bytes from fd00::212:7402:2:202: icmp_seq=116 ttl=62 time=307 ms
64 bytes from fd00::212:7402:2:202: icmp_seq=117 ttl=62 time=388 ms
64 bytes from fd00::212:7402:2:202: icmp_seq=118 ttl=62 time=171 ms
64 bytes from fd00::212:7402:2:202: icmp_seq=119 ttl=62 time=171 ms
64 bytes from fd00::212:7402:2:202: icmp_seq=120 ttl=62 time=250 ms
64 bytes from fd00::212:7402:2:202: icmp_seq=121 ttl=62 time=141 ms
64 bytes from fd00::212:7402:2:202: icmp_seq=122 ttl=62 time=121 ms
64 bytes from fd00::212:7402:2:202: icmp_seq=123 ttl=62 time=232 ms
64 bytes from fd00::212:7402:2:202: icmp_seq=124 ttl=62 time=94.1 ms
64 bytes from fd00::212:7402:2:202: icmp_seq=125 ttl=62 time=298 ms
64 bytes from fd00::212:7402:2:202: icmp_seq=126 ttl=62 time=146 ms
64 bytes from fd00::212:7402:2:202: icmp_seq=127 ttl=62 time=192 ms
64 bytes from fd00::212:7402:2:202: icmp_seq=128 ttl=62 time=266 ms
64 bytes from fd00::212:7402:2:202: icmp_seq=129 ttl=62 time=300 ms
64 bytes from fd00::212:7402:2:202: icmp_seq=130 ttl=62 time=353 ms
64 bytes from fd00::212:7402:2:202: icmp_seq=131 ttl=62 time=715 ms
64 bytes from fd00::212:7402:2:202: icmp_seq=132 ttl=62 time=772 ms
64 bytes from fd00::212:7402:2:202: icmp_seq=133 ttl=62 time=144 ms
64 bytes from fd00::212:7402:2:202: icmp_seq=134 ttl=62 time=307 ms
64 bytes from fd00::212:7402:2:202: icmp_seq=135 ttl=62 time=729 ms
64 bytes from fd00::212:7402:2:202: icmp_seq=136 ttl=62 time=347 ms
64 bytes from fd00::212:7402:2:202: icmp_seq=138 ttl=62 time=462 ms
64 bytes from fd00::212:7402:2:202: icmp_seq=139 ttl=62 time=307 ms
64 bytes from fd00::212:7402:2:202: icmp_seq=140 ttl=62 time=352 ms
64 bytes from fd00::212:7402:2:202: icmp_seq=141 ttl=62 time=336 ms
64 bytes from fd00::212:7402:2:202: icmp_seq=142 ttl=62 time=242 ms
64 bytes from fd00::212:7402:2:202: icmp_seq=143 ttl=62 time=371 ms
64 bytes from fd00::212:7402:2:202: icmp_seq=144 ttl=62 time=327 ms
64 bytes from fd00::212:7402:2:202: icmp_seq=145 ttl=62 time=304 ms
64 bytes from fd00::212:7402:2:202: icmp_seq=146 ttl=62 time=330 ms
64 bytes from fd00::212:7402:2:202: icmp_seq=147 ttl=62 time=524 ms
64 bytes from fd00::212:7402:2:202: icmp_seq=148 ttl=62 time=483 ms
64 bytes from fd00::212:7402:2:202: icmp_seq=149 ttl=62 time=260 ms
64 bytes from fd00::212:7402:2:202: icmp_seq=150 ttl=62 time=389 ms
64 bytes from fd00::212:7402:2:202: icmp_seq=151 ttl=62 time=284 ms
64 bytes from fd00::212:7402:2:202: icmp_seq=152 ttl=62 time=341 ms
64 bytes from fd00::212:7402:2:202: icmp_seq=153 ttl=62 time=359 ms
64 bytes from fd00::212:7402:2:202: icmp_seq=154 ttl=62 time=599 ms
64 bytes from fd00::212:7402:2:202: icmp_seq=155 ttl=62 time=372 ms
64 bytes from fd00::212:7402:2:202: icmp_seq=156 ttl=62 time=450 ms
64 bytes from fd00::212:7402:2:202: icmp_seq=157 ttl=62 time=452 ms
64 bytes from fd00::212:7402:2:202: icmp_seq=158 ttl=62 time=347 ms
64 bytes from fd00::212:7402:2:202: icmp_seq=159 ttl=62 time=346 ms
64 bytes from fd00::212:7402:2:202: icmp_seq=160 ttl=62 time=234 ms
64 bytes from fd00::212:7402:2:202: icmp_seq=162 ttl=62 time=172 ms
64 bytes from fd00::212:7402:2:202: icmp_seq=163 ttl=62 time=137 ms
64 bytes from fd00::212:7402:2:202: icmp_seq=164 ttl=62 time=197 ms
64 bytes from fd00::212:7402:2:202: icmp_seq=165 ttl=62 time=159 ms
64 bytes from fd00::212:7402:2:202: icmp_seq=166 ttl=62 time=107 ms
64 bytes from fd00::212:7402:2:202: icmp_seq=167 ttl=62 time=136 ms
64 bytes from fd00::212:7402:2:202: icmp_seq=168 ttl=62 time=337 ms
64 bytes from fd00::212:7402:2:202: icmp_seq=169 ttl=62 time=162 ms
64 bytes from fd00::212:7402:2:202: icmp_seq=170 ttl=62 time=103 ms
64 bytes from fd00::212:7402:2:202: icmp_seq=171 ttl=62 time=126 ms
64 bytes from fd00::212:7402:2:202: icmp_seq=172 ttl=62 time=157 ms
64 bytes from fd00::212:7402:2:202: icmp_seq=173 ttl=62 time=115 ms
64 bytes from fd00::212:7402:2:202: icmp_seq=174 ttl=62 time=194 ms
64 bytes from fd00::212:7402:2:202: icmp_seq=175 ttl=62 time=153 ms
64 bytes from fd00::212:7402:2:202: icmp_seq=176 ttl=62 time=130 ms
64 bytes from fd00::212:7402:2:202: icmp_seq=177 ttl=62 time=118 ms
64 bytes from fd00::212:7402:2:202: icmp_seq=178 ttl=62 time=101 ms
64 bytes from fd00::212:7402:2:202: icmp_seq=179 ttl=62 time=178 ms
64 bytes from fd00::212:7402:2:202: icmp_seq=180 ttl=62 time=136 ms
64 bytes from fd00::212:7402:2:202: icmp_seq=181 ttl=62 time=182 ms
64 bytes from fd00::212:7402:2:202: icmp_seq=182 ttl=62 time=140 ms
64 bytes from fd00::212:7402:2:202: icmp_seq=183 ttl=62 time=157 ms
64 bytes from fd00::212:7402:2:202: icmp_seq=184 ttl=62 time=99.4 ms
64 bytes from fd00::212:7402:2:202: icmp_seq=185 ttl=62 time=120 ms
64 bytes from fd00::212:7402:2:202: icmp_seq=186 ttl=62 time=167 ms
64 bytes from fd00::212:7402:2:202: icmp_seq=187 ttl=62 time=131 ms
64 bytes from fd00::212:7402:2:202: icmp_seq=188 ttl=62 time=176 ms
64 bytes from fd00::212:7402:2:202: icmp_seq=189 ttl=62 time=156 ms
64 bytes from fd00::212:7402:2:202: icmp_seq=190 ttl=62 time=132 ms
64 bytes from fd00::212:7402:2:202: icmp_seq=191 ttl=62 time=129 ms
64 bytes from fd00::212:7402:2:202: icmp_seq=192 ttl=62 time=119 ms
64 bytes from fd00::212:7402:2:202: icmp_seq=193 ttl=62 time=111 ms
64 bytes from fd00::212:7402:2:202: icmp_seq=194 ttl=62 time=131 ms
64 bytes from fd00::212:7402:2:202: icmp_seq=195 ttl=62 time=140 ms
64 bytes from fd00::212:7402:2:202: icmp_seq=196 ttl=62 time=116 ms
64 bytes from fd00::212:7402:2:202: icmp_seq=197 ttl=62 time=242 ms
64 bytes from fd00::212:7402:2:202: icmp_seq=198 ttl=62 time=156 ms
64 bytes from fd00::212:7402:2:202: icmp_seq=199 ttl=62 time=125 ms
64 bytes from fd00::212:7402:2:202: icmp_seq=200 ttl=62 time=103 ms

--- fd00::212:7402:2:202 ping statistics ---
200 packets transmitted, 157 received, 21% packet loss, time 1001850ms
rtt min/avg/max/mdev = 75.093/263.948/1463.918/202.969 ms
