PING fd00::212:7409:9:909(fd00::212:7409:9:909) 56 data bytes
64 bytes from fd00::212:7409:9:909: icmp_seq=2 ttl=61 time=900 ms
64 bytes from fd00::212:7409:9:909: icmp_seq=3 ttl=61 time=160 ms
64 bytes from fd00::212:7409:9:909: icmp_seq=4 ttl=61 time=207 ms
64 bytes from fd00::212:7409:9:909: icmp_seq=5 ttl=61 time=568 ms
64 bytes from fd00::212:7409:9:909: icmp_seq=6 ttl=61 time=731 ms
64 bytes from fd00::212:7409:9:909: icmp_seq=7 ttl=61 time=606 ms
64 bytes from fd00::212:7409:9:909: icmp_seq=10 ttl=61 time=809 ms
64 bytes from fd00::212:7409:9:909: icmp_seq=11 ttl=61 time=538 ms
64 bytes from fd00::212:7409:9:909: icmp_seq=12 ttl=61 time=2462 ms
64 bytes from fd00::212:7409:9:909: icmp_seq=13 ttl=61 time=1085 ms
64 bytes from fd00::212:7409:9:909: icmp_seq=14 ttl=61 time=301 ms
64 bytes from fd00::212:7409:9:909: icmp_seq=15 ttl=61 time=187 ms
64 bytes from fd00::212:7409:9:909: icmp_seq=16 ttl=61 time=362 ms
64 bytes from fd00::212:7409:9:909: icmp_seq=17 ttl=61 time=199 ms
64 bytes from fd00::212:7409:9:909: icmp_seq=18 ttl=61 time=670 ms
64 bytes from fd00::212:7409:9:909: icmp_seq=19 ttl=61 time=225 ms
64 bytes from fd00::212:7409:9:909: icmp_seq=20 ttl=61 time=219 ms
64 bytes from fd00::212:7409:9:909: icmp_seq=21 ttl=61 time=204 ms
64 bytes from fd00::212:7409:9:909: icmp_seq=22 ttl=61 time=663 ms
64 bytes from fd00::212:7409:9:909: icmp_seq=23 ttl=61 time=798 ms
64 bytes from fd00::212:7409:9:909: icmp_seq=24 ttl=61 time=327 ms
64 bytes from fd00::212:7409:9:909: icmp_seq=25 ttl=61 time=530 ms
64 bytes from fd00::212:7409:9:909: icmp_seq=26 ttl=61 time=346 ms
64 bytes from fd00::212:7409:9:909: icmp_seq=27 ttl=61 time=396 ms
64 bytes from fd00::212:7409:9:909: icmp_seq=28 ttl=61 time=1146 ms
64 bytes from fd00::212:7409:9:909: icmp_seq=29 ttl=61 time=428 ms
64 bytes from fd00::212:7409:9:909: icmp_seq=30 ttl=61 time=171 ms
64 bytes from fd00::212:7409:9:909: icmp_seq=32 ttl=61 time=224 ms
64 bytes from fd00::212:7409:9:909: icmp_seq=33 ttl=61 time=1083 ms
64 bytes from fd00::212:7409:9:909: icmp_seq=34 ttl=61 time=213 ms
64 bytes from fd00::212:7409:9:909: icmp_seq=35 ttl=61 time=181 ms
64 bytes from fd00::212:7409:9:909: icmp_seq=36 ttl=61 time=197 ms
64 bytes from fd00::212:7409:9:909: icmp_seq=37 ttl=61 time=683 ms
64 bytes from fd00::212:7409:9:909: icmp_seq=38 ttl=61 time=183 ms
64 bytes from fd00::212:7409:9:909: icmp_seq=39 ttl=61 time=274 ms
64 bytes from fd00::212:7409:9:909: icmp_seq=40 ttl=61 time=163 ms
64 bytes from fd00::212:7409:9:909: icmp_seq=41 ttl=61 time=239 ms
64 bytes from fd00::212:7409:9:909: icmp_seq=42 ttl=61 time=1723 ms
64 bytes from fd00::212:7409:9:909: icmp_seq=43 ttl=61 time=437 ms
64 bytes from fd00::212:7409:9:909: icmp_seq=44 ttl=61 time=406 ms
64 bytes from fd00::212:7409:9:909: icmp_seq=45 ttl=61 time=335 ms
64 bytes from fd00::212:7409:9:909: icmp_seq=46 ttl=61 time=199 ms
64 bytes from fd00::212:7409:9:909: icmp_seq=47 ttl=61 time=231 ms
64 bytes from fd00::212:7409:9:909: icmp_seq=49 ttl=61 time=400 ms
64 bytes from fd00::212:7409:9:909: icmp_seq=50 ttl=61 time=620 ms
64 bytes from fd00::212:7409:9:909: icmp_seq=51 ttl=61 time=1122 ms
64 bytes from fd00::212:7409:9:909: icmp_seq=53 ttl=61 time=302 ms
64 bytes from fd00::212:7409:9:909: icmp_seq=54 ttl=61 time=247 ms
64 bytes from fd00::212:7409:9:909: icmp_seq=55 ttl=61 time=145 ms
64 bytes from fd00::212:7409:9:909: icmp_seq=56 ttl=61 time=165 ms
64 bytes from fd00::212:7409:9:909: icmp_seq=57 ttl=61 time=161 ms
64 bytes from fd00::212:7409:9:909: icmp_seq=58 ttl=61 time=198 ms
64 bytes from fd00::212:7409:9:909: icmp_seq=59 ttl=61 time=172 ms
64 bytes from fd00::212:7409:9:909: icmp_seq=60 ttl=61 time=162 ms
64 bytes from fd00::212:7409:9:909: icmp_seq=61 ttl=61 time=175 ms
64 bytes from fd00::212:7409:9:909: icmp_seq=62 ttl=61 time=143 ms
64 bytes from fd00::212:7409:9:909: icmp_seq=63 ttl=61 time=175 ms
64 bytes from fd00::212:7409:9:909: icmp_seq=64 ttl=61 time=164 ms
64 bytes from fd00::212:7409:9:909: icmp_seq=65 ttl=61 time=160 ms
64 bytes from fd00::212:7409:9:909: icmp_seq=67 ttl=61 time=163 ms
64 bytes from fd00::212:7409:9:909: icmp_seq=68 ttl=61 time=129 ms
64 bytes from fd00::212:7409:9:909: icmp_seq=69 ttl=61 time=160 ms
64 bytes from fd00::212:7409:9:909: icmp_seq=70 ttl=61 time=143 ms
64 bytes from fd00::212:7409:9:909: icmp_seq=71 ttl=61 time=211 ms
64 bytes from fd00::212:7409:9:909: icmp_seq=72 ttl=61 time=159 ms
64 bytes from fd00::212:7409:9:909: icmp_seq=73 ttl=61 time=172 ms
64 bytes from fd00::212:7409:9:909: icmp_seq=74 ttl=61 time=317 ms
64 bytes from fd00::212:7409:9:909: icmp_seq=75 ttl=61 time=262 ms
64 bytes from fd00::212:7409:9:909: icmp_seq=76 ttl=61 time=201 ms
64 bytes from fd00::212:7409:9:909: icmp_seq=77 ttl=61 time=282 ms
64 bytes from fd00::212:7409:9:909: icmp_seq=78 ttl=61 time=816 ms
64 bytes from fd00::212:7409:9:909: icmp_seq=79 ttl=61 time=754 ms
64 bytes from fd00::212:7409:9:909: icmp_seq=80 ttl=61 time=291 ms
64 bytes from fd00::212:7409:9:909: icmp_seq=81 ttl=61 time=516 ms
64 bytes from fd00::212:7409:9:909: icmp_seq=82 ttl=61 time=596 ms
64 bytes from fd00::212:7409:9:909: icmp_seq=83 ttl=61 time=270 ms
64 bytes from fd00::212:7409:9:909: icmp_seq=84 ttl=61 time=248 ms
64 bytes from fd00::212:7409:9:909: icmp_seq=85 ttl=61 time=498 ms
64 bytes from fd00::212:7409:9:909: icmp_seq=86 ttl=61 time=393 ms
64 bytes from fd00::212:7409:9:909: icmp_seq=87 ttl=61 time=297 ms
64 bytes from fd00::212:7409:9:909: icmp_seq=88 ttl=61 time=273 ms
64 bytes from fd00::212:7409:9:909: icmp_seq=89 ttl=61 time=758 ms
64 bytes from fd00::212:7409:9:909: icmp_seq=90 ttl=61 time=277 ms
64 bytes from fd00::212:7409:9:909: icmp_seq=91 ttl=61 time=551 ms
64 bytes from fd00::212:7409:9:909: icmp_seq=92 ttl=61 time=233 ms
64 bytes from fd00::212:7409:9:909: icmp_seq=93 ttl=61 time=268 ms
64 bytes from fd00::212:7409:9:909: icmp_seq=94 ttl=61 time=251 ms
64 bytes from fd00::212:7409:9:909: icmp_seq=95 ttl=61 time=472 ms
64 bytes from fd00::212:7409:9:909: icmp_seq=96 ttl=61 time=680 ms
64 bytes from fd00::212:7409:9:909: icmp_seq=97 ttl=61 time=436 ms
64 bytes from fd00::212:7409:9:909: icmp_seq=98 ttl=61 time=1030 ms
64 bytes from fd00::212:7409:9:909: icmp_seq=99 ttl=61 time=544 ms
64 bytes from fd00::212:7409:9:909: icmp_seq=100 ttl=61 time=164 ms

--- fd00::212:7409:9:909 ping statistics ---
100 packets transmitted, 93 received, 7% packet loss, time 496113ms
rtt min/avg/max/mdev = 129.621/423.479/2462.313/360.801 ms
