PING fd00::212:740a:a:a0a(fd00::212:740a:a:a0a) 56 data bytes
64 bytes from fd00::212:740a:a:a0a: icmp_seq=4 ttl=60 time=655 ms
64 bytes from fd00::212:740a:a:a0a: icmp_seq=5 ttl=60 time=464 ms
64 bytes from fd00::212:740a:a:a0a: icmp_seq=6 ttl=60 time=598 ms
64 bytes from fd00::212:740a:a:a0a: icmp_seq=8 ttl=60 time=367 ms
64 bytes from fd00::212:740a:a:a0a: icmp_seq=9 ttl=60 time=577 ms
64 bytes from fd00::212:740a:a:a0a: icmp_seq=10 ttl=60 time=358 ms
64 bytes from fd00::212:740a:a:a0a: icmp_seq=11 ttl=60 time=542 ms
64 bytes from fd00::212:740a:a:a0a: icmp_seq=12 ttl=60 time=239 ms
64 bytes from fd00::212:740a:a:a0a: icmp_seq=13 ttl=60 time=2505 ms
64 bytes from fd00::212:740a:a:a0a: icmp_seq=16 ttl=60 time=613 ms
64 bytes from fd00::212:740a:a:a0a: icmp_seq=17 ttl=60 time=336 ms
64 bytes from fd00::212:740a:a:a0a: icmp_seq=18 ttl=60 time=267 ms
64 bytes from fd00::212:740a:a:a0a: icmp_seq=19 ttl=60 time=337 ms
64 bytes from fd00::212:740a:a:a0a: icmp_seq=20 ttl=60 time=225 ms
64 bytes from fd00::212:740a:a:a0a: icmp_seq=21 ttl=60 time=397 ms
64 bytes from fd00::212:740a:a:a0a: icmp_seq=22 ttl=60 time=825 ms
64 bytes from fd00::212:740a:a:a0a: icmp_seq=23 ttl=60 time=223 ms
64 bytes from fd00::212:740a:a:a0a: icmp_seq=24 ttl=60 time=1529 ms
64 bytes from fd00::212:740a:a:a0a: icmp_seq=25 ttl=60 time=620 ms
64 bytes from fd00::212:740a:a:a0a: icmp_seq=26 ttl=60 time=401 ms
64 bytes from fd00::212:740a:a:a0a: icmp_seq=27 ttl=60 time=1197 ms
64 bytes from fd00::212:740a:a:a0a: icmp_seq=28 ttl=60 time=660 ms
64 bytes from fd00::212:740a:a:a0a: icmp_seq=31 ttl=60 time=450 ms
64 bytes from fd00::212:740a:a:a0a: icmp_seq=32 ttl=60 time=846 ms
64 bytes from fd00::212:740a:a:a0a: icmp_seq=35 ttl=60 time=320 ms
64 bytes from fd00::212:740a:a:a0a: icmp_seq=36 ttl=60 time=276 ms
64 bytes from fd00::212:740a:a:a0a: icmp_seq=37 ttl=60 time=278 ms
64 bytes from fd00::212:740a:a:a0a: icmp_seq=38 ttl=60 time=647 ms
64 bytes from fd00::212:740a:a:a0a: icmp_seq=39 ttl=60 time=1284 ms
64 bytes from fd00::212:740a:a:a0a: icmp_seq=40 ttl=60 time=299 ms
64 bytes from fd00::212:740a:a:a0a: icmp_seq=42 ttl=60 time=223 ms
64 bytes from fd00::212:740a:a:a0a: icmp_seq=43 ttl=60 time=639 ms
64 bytes from fd00::212:740a:a:a0a: icmp_seq=45 ttl=60 time=1759 ms
64 bytes from fd00::212:740a:a:a0a: icmp_seq=46 ttl=60 time=219 ms
64 bytes from fd00::212:740a:a:a0a: icmp_seq=47 ttl=60 time=500 ms
64 bytes from fd00::212:740a:a:a0a: icmp_seq=50 ttl=60 time=231 ms
64 bytes from fd00::212:740a:a:a0a: icmp_seq=53 ttl=60 time=684 ms
64 bytes from fd00::212:740a:a:a0a: icmp_seq=54 ttl=60 time=310 ms
64 bytes from fd00::212:740a:a:a0a: icmp_seq=55 ttl=60 time=248 ms
64 bytes from fd00::212:740a:a:a0a: icmp_seq=56 ttl=60 time=225 ms
64 bytes from fd00::212:740a:a:a0a: icmp_seq=57 ttl=60 time=475 ms
64 bytes from fd00::212:740a:a:a0a: icmp_seq=58 ttl=60 time=270 ms
64 bytes from fd00::212:740a:a:a0a: icmp_seq=59 ttl=60 time=235 ms
64 bytes from fd00::212:740a:a:a0a: icmp_seq=60 ttl=60 time=256 ms
64 bytes from fd00::212:740a:a:a0a: icmp_seq=61 ttl=60 time=303 ms
64 bytes from fd00::212:740a:a:a0a: icmp_seq=62 ttl=60 time=243 ms
64 bytes from fd00::212:740a:a:a0a: icmp_seq=63 ttl=60 time=211 ms
64 bytes from fd00::212:740a:a:a0a: icmp_seq=64 ttl=60 time=202 ms
64 bytes from fd00::212:740a:a:a0a: icmp_seq=65 ttl=60 time=184 ms
64 bytes from fd00::212:740a:a:a0a: icmp_seq=66 ttl=60 time=226 ms
64 bytes from fd00::212:740a:a:a0a: icmp_seq=67 ttl=60 time=203 ms
64 bytes from fd00::212:740a:a:a0a: icmp_seq=68 ttl=60 time=298 ms
64 bytes from fd00::212:740a:a:a0a: icmp_seq=69 ttl=60 time=183 ms
64 bytes from fd00::212:740a:a:a0a: icmp_seq=70 ttl=60 time=224 ms
64 bytes from fd00::212:740a:a:a0a: icmp_seq=71 ttl=60 time=239 ms
64 bytes from fd00::212:740a:a:a0a: icmp_seq=72 ttl=60 time=254 ms
64 bytes from fd00::212:740a:a:a0a: icmp_seq=73 ttl=60 time=221 ms
64 bytes from fd00::212:740a:a:a0a: icmp_seq=74 ttl=60 time=278 ms
64 bytes from fd00::212:740a:a:a0a: icmp_seq=75 ttl=60 time=220 ms
64 bytes from fd00::212:740a:a:a0a: icmp_seq=76 ttl=60 time=198 ms
64 bytes from fd00::212:740a:a:a0a: icmp_seq=77 ttl=60 time=200 ms
64 bytes from fd00::212:740a:a:a0a: icmp_seq=78 ttl=60 time=232 ms
64 bytes from fd00::212:740a:a:a0a: icmp_seq=79 ttl=60 time=252 ms
64 bytes from fd00::212:740a:a:a0a: icmp_seq=80 ttl=60 time=264 ms
64 bytes from fd00::212:740a:a:a0a: icmp_seq=81 ttl=60 time=192 ms
64 bytes from fd00::212:740a:a:a0a: icmp_seq=82 ttl=60 time=211 ms
64 bytes from fd00::212:740a:a:a0a: icmp_seq=83 ttl=60 time=224 ms
64 bytes from fd00::212:740a:a:a0a: icmp_seq=84 ttl=60 time=207 ms
64 bytes from fd00::212:740a:a:a0a: icmp_seq=85 ttl=60 time=211 ms
64 bytes from fd00::212:740a:a:a0a: icmp_seq=86 ttl=60 time=245 ms
64 bytes from fd00::212:740a:a:a0a: icmp_seq=87 ttl=60 time=183 ms
64 bytes from fd00::212:740a:a:a0a: icmp_seq=88 ttl=60 time=220 ms
64 bytes from fd00::212:740a:a:a0a: icmp_seq=89 ttl=60 time=192 ms
64 bytes from fd00::212:740a:a:a0a: icmp_seq=90 ttl=60 time=211 ms
64 bytes from fd00::212:740a:a:a0a: icmp_seq=91 ttl=60 time=226 ms
64 bytes from fd00::212:740a:a:a0a: icmp_seq=92 ttl=60 time=176 ms
64 bytes from fd00::212:740a:a:a0a: icmp_seq=93 ttl=60 time=234 ms
64 bytes from fd00::212:740a:a:a0a: icmp_seq=94 ttl=60 time=215 ms
64 bytes from fd00::212:740a:a:a0a: icmp_seq=95 ttl=60 time=195 ms
64 bytes from fd00::212:740a:a:a0a: icmp_seq=96 ttl=60 time=222 ms
64 bytes from fd00::212:740a:a:a0a: icmp_seq=97 ttl=60 time=240 ms
64 bytes from fd00::212:740a:a:a0a: icmp_seq=98 ttl=60 time=212 ms
64 bytes from fd00::212:740a:a:a0a: icmp_seq=99 ttl=60 time=202 ms
64 bytes from fd00::212:740a:a:a0a: icmp_seq=100 ttl=60 time=206 ms

--- fd00::212:740a:a:a0a ping statistics ---
100 packets transmitted, 84 received, 16% packet loss, time 497154ms
rtt min/avg/max/mdev = 176.899/398.943/2505.853/371.266 ms
