PING fd00::212:740a:a:a0a(fd00::212:740a:a:a0a) 56 data bytes
64 bytes from fd00::212:740a:a:a0a: icmp_seq=1 ttl=60 time=289 ms
64 bytes from fd00::212:740a:a:a0a: icmp_seq=2 ttl=60 time=286 ms
64 bytes from fd00::212:740a:a:a0a: icmp_seq=4 ttl=60 time=524 ms
64 bytes from fd00::212:740a:a:a0a: icmp_seq=5 ttl=60 time=552 ms
64 bytes from fd00::212:740a:a:a0a: icmp_seq=7 ttl=60 time=608 ms
64 bytes from fd00::212:740a:a:a0a: icmp_seq=9 ttl=60 time=289 ms
64 bytes from fd00::212:740a:a:a0a: icmp_seq=11 ttl=60 time=205 ms
64 bytes from fd00::212:740a:a:a0a: icmp_seq=12 ttl=60 time=264 ms
64 bytes from fd00::212:740a:a:a0a: icmp_seq=15 ttl=60 time=468 ms
64 bytes from fd00::212:740a:a:a0a: icmp_seq=16 ttl=60 time=230 ms
64 bytes from fd00::212:740a:a:a0a: icmp_seq=17 ttl=60 time=469 ms
64 bytes from fd00::212:740a:a:a0a: icmp_seq=18 ttl=60 time=909 ms
64 bytes from fd00::212:740a:a:a0a: icmp_seq=19 ttl=60 time=620 ms
64 bytes from fd00::212:740a:a:a0a: icmp_seq=20 ttl=60 time=252 ms
64 bytes from fd00::212:740a:a:a0a: icmp_seq=21 ttl=60 time=404 ms
64 bytes from fd00::212:740a:a:a0a: icmp_seq=24 ttl=60 time=1361 ms
64 bytes from fd00::212:740a:a:a0a: icmp_seq=25 ttl=60 time=310 ms
64 bytes from fd00::212:740a:a:a0a: icmp_seq=28 ttl=60 time=1329 ms
64 bytes from fd00::212:740a:a:a0a: icmp_seq=29 ttl=60 time=446 ms
64 bytes from fd00::212:740a:a:a0a: icmp_seq=30 ttl=60 time=750 ms
64 bytes from fd00::212:740a:a:a0a: icmp_seq=31 ttl=60 time=314 ms
64 bytes from fd00::212:740a:a:a0a: icmp_seq=32 ttl=60 time=242 ms
64 bytes from fd00::212:740a:a:a0a: icmp_seq=33 ttl=60 time=639 ms
64 bytes from fd00::212:740a:a:a0a: icmp_seq=34 ttl=60 time=250 ms
64 bytes from fd00::212:740a:a:a0a: icmp_seq=35 ttl=60 time=202 ms
64 bytes from fd00::212:740a:a:a0a: icmp_seq=36 ttl=60 time=225 ms
64 bytes from fd00::212:740a:a:a0a: icmp_seq=37 ttl=60 time=669 ms
64 bytes from fd00::212:740a:a:a0a: icmp_seq=38 ttl=60 time=874 ms
64 bytes from fd00::212:740a:a:a0a: icmp_seq=39 ttl=60 time=237 ms
64 bytes from fd00::212:740a:a:a0a: icmp_seq=40 ttl=60 time=271 ms
64 bytes from fd00::212:740a:a:a0a: icmp_seq=41 ttl=60 time=171 ms
64 bytes from fd00::212:740a:a:a0a: icmp_seq=42 ttl=60 time=296 ms
64 bytes from fd00::212:740a:a:a0a: icmp_seq=43 ttl=60 time=163 ms
64 bytes from fd00::212:740a:a:a0a: icmp_seq=44 ttl=60 time=169 ms
64 bytes from fd00::212:740a:a:a0a: icmp_seq=45 ttl=60 time=487 ms
64 bytes from fd00::212:740a:a:a0a: icmp_seq=46 ttl=60 time=292 ms
64 bytes from fd00::212:740a:a:a0a: icmp_seq=47 ttl=60 time=247 ms
64 bytes from fd00::212:740a:a:a0a: icmp_seq=48 ttl=60 time=157 ms
64 bytes from fd00::212:740a:a:a0a: icmp_seq=49 ttl=60 time=164 ms
64 bytes from fd00::212:740a:a:a0a: icmp_seq=50 ttl=60 time=212 ms
64 bytes from fd00::212:740a:a:a0a: icmp_seq=51 ttl=60 time=329 ms
64 bytes from fd00::212:740a:a:a0a: icmp_seq=52 ttl=60 time=200 ms
64 bytes from fd00::212:740a:a:a0a: icmp_seq=53 ttl=60 time=218 ms
64 bytes from fd00::212:740a:a:a0a: icmp_seq=54 ttl=60 time=154 ms
64 bytes from fd00::212:740a:a:a0a: icmp_seq=55 ttl=60 time=172 ms
64 bytes from fd00::212:740a:a:a0a: icmp_seq=56 ttl=60 time=243 ms
64 bytes from fd00::212:740a:a:a0a: icmp_seq=57 ttl=60 time=152 ms
64 bytes from fd00::212:740a:a:a0a: icmp_seq=58 ttl=60 time=195 ms
64 bytes from fd00::212:740a:a:a0a: icmp_seq=59 ttl=60 time=171 ms
64 bytes from fd00::212:740a:a:a0a: icmp_seq=60 ttl=60 time=202 ms
64 bytes from fd00::212:740a:a:a0a: icmp_seq=61 ttl=60 time=151 ms
64 bytes from fd00::212:740a:a:a0a: icmp_seq=62 ttl=60 time=171 ms
64 bytes from fd00::212:740a:a:a0a: icmp_seq=63 ttl=60 time=157 ms
64 bytes from fd00::212:740a:a:a0a: icmp_seq=64 ttl=60 time=199 ms
64 bytes from fd00::212:740a:a:a0a: icmp_seq=65 ttl=60 time=224 ms
64 bytes from fd00::212:740a:a:a0a: icmp_seq=66 ttl=60 time=243 ms
64 bytes from fd00::212:740a:a:a0a: icmp_seq=67 ttl=60 time=199 ms
64 bytes from fd00::212:740a:a:a0a: icmp_seq=68 ttl=60 time=201 ms
64 bytes from fd00::212:740a:a:a0a: icmp_seq=69 ttl=60 time=223 ms
64 bytes from fd00::212:740a:a:a0a: icmp_seq=70 ttl=60 time=200 ms
64 bytes from fd00::212:740a:a:a0a: icmp_seq=71 ttl=60 time=175 ms
64 bytes from fd00::212:740a:a:a0a: icmp_seq=72 ttl=60 time=193 ms
64 bytes from fd00::212:740a:a:a0a: icmp_seq=73 ttl=60 time=153 ms
64 bytes from fd00::212:740a:a:a0a: icmp_seq=74 ttl=60 time=402 ms
64 bytes from fd00::212:740a:a:a0a: icmp_seq=75 ttl=60 time=364 ms
64 bytes from fd00::212:740a:a:a0a: icmp_seq=76 ttl=60 time=467 ms
64 bytes from fd00::212:740a:a:a0a: icmp_seq=77 ttl=60 time=533 ms
64 bytes from fd00::212:740a:a:a0a: icmp_seq=78 ttl=60 time=501 ms
64 bytes from fd00::212:740a:a:a0a: icmp_seq=79 ttl=60 time=461 ms
64 bytes from fd00::212:740a:a:a0a: icmp_seq=80 ttl=60 time=397 ms
64 bytes from fd00::212:740a:a:a0a: icmp_seq=81 ttl=60 time=463 ms
64 bytes from fd00::212:740a:a:a0a: icmp_seq=82 ttl=60 time=507 ms
64 bytes from fd00::212:740a:a:a0a: icmp_seq=83 ttl=60 time=382 ms
64 bytes from fd00::212:740a:a:a0a: icmp_seq=85 ttl=60 time=258 ms
64 bytes from fd00::212:740a:a:a0a: icmp_seq=86 ttl=60 time=253 ms
64 bytes from fd00::212:740a:a:a0a: icmp_seq=87 ttl=60 time=338 ms
64 bytes from fd00::212:740a:a:a0a: icmp_seq=88 ttl=60 time=257 ms
64 bytes from fd00::212:740a:a:a0a: icmp_seq=89 ttl=60 time=331 ms
64 bytes from fd00::212:740a:a:a0a: icmp_seq=90 ttl=60 time=204 ms
64 bytes from fd00::212:740a:a:a0a: icmp_seq=91 ttl=60 time=228 ms
64 bytes from fd00::212:740a:a:a0a: icmp_seq=92 ttl=60 time=224 ms
64 bytes from fd00::212:740a:a:a0a: icmp_seq=93 ttl=60 time=242 ms
64 bytes from fd00::212:740a:a:a0a: icmp_seq=94 ttl=60 time=285 ms
64 bytes from fd00::212:740a:a:a0a: icmp_seq=95 ttl=60 time=245 ms
64 bytes from fd00::212:740a:a:a0a: icmp_seq=96 ttl=60 time=239 ms
64 bytes from fd00::212:740a:a:a0a: icmp_seq=97 ttl=60 time=285 ms
64 bytes from fd00::212:740a:a:a0a: icmp_seq=98 ttl=60 time=338 ms
64 bytes from fd00::212:740a:a:a0a: icmp_seq=99 ttl=60 time=370 ms
64 bytes from fd00::212:740a:a:a0a: icmp_seq=100 ttl=60 time=231 ms
64 bytes from fd00::212:740a:a:a0a: icmp_seq=101 ttl=60 time=264 ms
64 bytes from fd00::212:740a:a:a0a: icmp_seq=102 ttl=60 time=650 ms
64 bytes from fd00::212:740a:a:a0a: icmp_seq=103 ttl=60 time=196 ms
64 bytes from fd00::212:740a:a:a0a: icmp_seq=104 ttl=60 time=257 ms
64 bytes from fd00::212:740a:a:a0a: icmp_seq=105 ttl=60 time=239 ms
64 bytes from fd00::212:740a:a:a0a: icmp_seq=106 ttl=60 time=237 ms
64 bytes from fd00::212:740a:a:a0a: icmp_seq=107 ttl=60 time=258 ms
64 bytes from fd00::212:740a:a:a0a: icmp_seq=108 ttl=60 time=460 ms
64 bytes from fd00::212:740a:a:a0a: icmp_seq=109 ttl=60 time=267 ms
64 bytes from fd00::212:740a:a:a0a: icmp_seq=110 ttl=60 time=268 ms
64 bytes from fd00::212:740a:a:a0a: icmp_seq=111 ttl=60 time=215 ms
64 bytes from fd00::212:740a:a:a0a: icmp_seq=112 ttl=60 time=266 ms
64 bytes from fd00::212:740a:a:a0a: icmp_seq=113 ttl=60 time=544 ms
64 bytes from fd00::212:740a:a:a0a: icmp_seq=114 ttl=60 time=212 ms
64 bytes from fd00::212:740a:a:a0a: icmp_seq=115 ttl=60 time=244 ms
64 bytes from fd00::212:740a:a:a0a: icmp_seq=116 ttl=60 time=307 ms
64 bytes from fd00::212:740a:a:a0a: icmp_seq=117 ttl=60 time=359 ms
64 bytes from fd00::212:740a:a:a0a: icmp_seq=118 ttl=60 time=364 ms
64 bytes from fd00::212:740a:a:a0a: icmp_seq=119 ttl=60 time=295 ms
64 bytes from fd00::212:740a:a:a0a: icmp_seq=120 ttl=60 time=483 ms
64 bytes from fd00::212:740a:a:a0a: icmp_seq=121 ttl=60 time=364 ms
64 bytes from fd00::212:740a:a:a0a: icmp_seq=122 ttl=60 time=261 ms
64 bytes from fd00::212:740a:a:a0a: icmp_seq=123 ttl=60 time=284 ms
64 bytes from fd00::212:740a:a:a0a: icmp_seq=124 ttl=60 time=237 ms
64 bytes from fd00::212:740a:a:a0a: icmp_seq=125 ttl=60 time=287 ms
64 bytes from fd00::212:740a:a:a0a: icmp_seq=126 ttl=60 time=473 ms
64 bytes from fd00::212:740a:a:a0a: icmp_seq=127 ttl=60 time=342 ms
64 bytes from fd00::212:740a:a:a0a: icmp_seq=128 ttl=60 time=239 ms
64 bytes from fd00::212:740a:a:a0a: icmp_seq=129 ttl=60 time=428 ms
64 bytes from fd00::212:740a:a:a0a: icmp_seq=130 ttl=60 time=474 ms
64 bytes from fd00::212:740a:a:a0a: icmp_seq=131 ttl=60 time=494 ms
64 bytes from fd00::212:740a:a:a0a: icmp_seq=132 ttl=60 time=641 ms
64 bytes from fd00::212:740a:a:a0a: icmp_seq=133 ttl=60 time=568 ms
64 bytes from fd00::212:740a:a:a0a: icmp_seq=134 ttl=60 time=302 ms
64 bytes from fd00::212:740a:a:a0a: icmp_seq=135 ttl=60 time=356 ms
64 bytes from fd00::212:740a:a:a0a: icmp_seq=136 ttl=60 time=616 ms
64 bytes from fd00::212:740a:a:a0a: icmp_seq=137 ttl=60 time=327 ms
64 bytes from fd00::212:740a:a:a0a: icmp_seq=138 ttl=60 time=660 ms
64 bytes from fd00::212:740a:a:a0a: icmp_seq=139 ttl=60 time=502 ms
64 bytes from fd00::212:740a:a:a0a: icmp_seq=140 ttl=60 time=487 ms
64 bytes from fd00::212:740a:a:a0a: icmp_seq=141 ttl=60 time=496 ms
64 bytes from fd00::212:740a:a:a0a: icmp_seq=142 ttl=60 time=452 ms
64 bytes from fd00::212:740a:a:a0a: icmp_seq=143 ttl=60 time=245 ms
64 bytes from fd00::212:740a:a:a0a: icmp_seq=144 ttl=60 time=475 ms
64 bytes from fd00::212:740a:a:a0a: icmp_seq=145 ttl=60 time=509 ms
64 bytes from fd00::212:740a:a:a0a: icmp_seq=146 ttl=60 time=506 ms
64 bytes from fd00::212:740a:a:a0a: icmp_seq=147 ttl=60 time=613 ms
64 bytes from fd00::212:740a:a:a0a: icmp_seq=148 ttl=60 time=467 ms
64 bytes from fd00::212:740a:a:a0a: icmp_seq=149 ttl=60 time=455 ms
64 bytes from fd00::212:740a:a:a0a: icmp_seq=150 ttl=60 time=380 ms
64 bytes from fd00::212:740a:a:a0a: icmp_seq=151 ttl=60 time=645 ms
64 bytes from fd00::212:740a:a:a0a: icmp_seq=152 ttl=60 time=429 ms
64 bytes from fd00::212:740a:a:a0a: icmp_seq=153 ttl=60 time=593 ms
64 bytes from fd00::212:740a:a:a0a: icmp_seq=154 ttl=60 time=485 ms
64 bytes from fd00::212:740a:a:a0a: icmp_seq=155 ttl=60 time=498 ms
64 bytes from fd00::212:740a:a:a0a: icmp_seq=156 ttl=60 time=562 ms
64 bytes from fd00::212:740a:a:a0a: icmp_seq=157 ttl=60 time=576 ms
64 bytes from fd00::212:740a:a:a0a: icmp_seq=158 ttl=60 time=463 ms
64 bytes from fd00::212:740a:a:a0a: icmp_seq=159 ttl=60 time=475 ms
64 bytes from fd00::212:740a:a:a0a: icmp_seq=160 ttl=60 time=481 ms
64 bytes from fd00::212:740a:a:a0a: icmp_seq=161 ttl=60 time=369 ms
64 bytes from fd00::212:740a:a:a0a: icmp_seq=163 ttl=60 time=243 ms
64 bytes from fd00::212:740a:a:a0a: icmp_seq=164 ttl=60 time=211 ms
64 bytes from fd00::212:740a:a:a0a: icmp_seq=165 ttl=60 time=241 ms
64 bytes from fd00::212:740a:a:a0a: icmp_seq=166 ttl=60 time=217 ms
64 bytes from fd00::212:740a:a:a0a: icmp_seq=167 ttl=60 time=204 ms
64 bytes from fd00::212:740a:a:a0a: icmp_seq=168 ttl=60 time=189 ms
64 bytes from fd00::212:740a:a:a0a: icmp_seq=169 ttl=60 time=417 ms
64 bytes from fd00::212:740a:a:a0a: icmp_seq=170 ttl=60 time=203 ms
64 bytes from fd00::212:740a:a:a0a: icmp_seq=171 ttl=60 time=214 ms
64 bytes from fd00::212:740a:a:a0a: icmp_seq=172 ttl=60 time=225 ms
64 bytes from fd00::212:740a:a:a0a: icmp_seq=173 ttl=60 time=229 ms
64 bytes from fd00::212:740a:a:a0a: icmp_seq=174 ttl=60 time=231 ms
64 bytes from fd00::212:740a:a:a0a: icmp_seq=175 ttl=60 time=244 ms
64 bytes from fd00::212:740a:a:a0a: icmp_seq=176 ttl=60 time=180 ms
64 bytes from fd00::212:740a:a:a0a: icmp_seq=177 ttl=60 time=222 ms
64 bytes from fd00::212:740a:a:a0a: icmp_seq=178 ttl=60 time=203 ms
64 bytes from fd00::212:740a:a:a0a: icmp_seq=179 ttl=60 time=225 ms
64 bytes from fd00::212:740a:a:a0a: icmp_seq=180 ttl=60 time=212 ms
64 bytes from fd00::212:740a:a:a0a: icmp_seq=181 ttl=60 time=207 ms
64 bytes from fd00::212:740a:a:a0a: icmp_seq=182 ttl=60 time=246 ms
64 bytes from fd00::212:740a:a:a0a: icmp_seq=183 ttl=60 time=224 ms
64 bytes from fd00::212:740a:a:a0a: icmp_seq=184 ttl=60 time=207 ms
64 bytes from fd00::212:740a:a:a0a: icmp_seq=185 ttl=60 time=206 ms
64 bytes from fd00::212:740a:a:a0a: icmp_seq=186 ttl=60 time=201 ms
64 bytes from fd00::212:740a:a:a0a: icmp_seq=187 ttl=60 time=248 ms
64 bytes from fd00::212:740a:a:a0a: icmp_seq=188 ttl=60 time=204 ms
64 bytes from fd00::212:740a:a:a0a: icmp_seq=189 ttl=60 time=269 ms
64 bytes from fd00::212:740a:a:a0a: icmp_seq=190 ttl=60 time=247 ms
64 bytes from fd00::212:740a:a:a0a: icmp_seq=191 ttl=60 time=224 ms
64 bytes from fd00::212:740a:a:a0a: icmp_seq=192 ttl=60 time=184 ms
64 bytes from fd00::212:740a:a:a0a: icmp_seq=193 ttl=60 time=216 ms
64 bytes from fd00::212:740a:a:a0a: icmp_seq=194 ttl=60 time=199 ms
64 bytes from fd00::212:740a:a:a0a: icmp_seq=195 ttl=60 time=204 ms
64 bytes from fd00::212:740a:a:a0a: icmp_seq=196 ttl=60 time=176 ms
64 bytes from fd00::212:740a:a:a0a: icmp_seq=197 ttl=60 time=219 ms
64 bytes from fd00::212:740a:a:a0a: icmp_seq=198 ttl=60 time=205 ms
64 bytes from fd00::212:740a:a:a0a: icmp_seq=199 ttl=60 time=207 ms
64 bytes from fd00::212:740a:a:a0a: icmp_seq=200 ttl=60 time=220 ms

--- fd00::212:740a:a:a0a ping statistics ---
200 packets transmitted, 188 received, 6% packet loss, time 997580ms
rtt min/avg/max/mdev = 151.823/338.242/1361.786/183.222 ms
