PING fd00::212:7409:9:909(fd00::212:7409:9:909) 56 data bytes
64 bytes from fd00::212:7409:9:909: icmp_seq=1 ttl=61 time=428 ms
64 bytes from fd00::212:7409:9:909: icmp_seq=3 ttl=61 time=377 ms
64 bytes from fd00::212:7409:9:909: icmp_seq=4 ttl=61 time=374 ms
64 bytes from fd00::212:7409:9:909: icmp_seq=5 ttl=61 time=195 ms
64 bytes from fd00::212:7409:9:909: icmp_seq=6 ttl=61 time=208 ms
64 bytes from fd00::212:7409:9:909: icmp_seq=7 ttl=61 time=427 ms
64 bytes from fd00::212:7409:9:909: icmp_seq=8 ttl=61 time=369 ms
64 bytes from fd00::212:7409:9:909: icmp_seq=9 ttl=61 time=284 ms
64 bytes from fd00::212:7409:9:909: icmp_seq=10 ttl=61 time=276 ms
64 bytes from fd00::212:7409:9:909: icmp_seq=11 ttl=61 time=279 ms
64 bytes from fd00::212:7409:9:909: icmp_seq=12 ttl=61 time=251 ms
64 bytes from fd00::212:7409:9:909: icmp_seq=13 ttl=61 time=266 ms
64 bytes from fd00::212:7409:9:909: icmp_seq=14 ttl=61 time=215 ms
64 bytes from fd00::212:7409:9:909: icmp_seq=15 ttl=61 time=350 ms
64 bytes from fd00::212:7409:9:909: icmp_seq=16 ttl=61 time=257 ms
64 bytes from fd00::212:7409:9:909: icmp_seq=18 ttl=61 time=309 ms
64 bytes from fd00::212:7409:9:909: icmp_seq=21 ttl=61 time=202 ms
64 bytes from fd00::212:7409:9:909: icmp_seq=22 ttl=61 time=194 ms
64 bytes from fd00::212:7409:9:909: icmp_seq=23 ttl=61 time=345 ms
64 bytes from fd00::212:7409:9:909: icmp_seq=24 ttl=61 time=557 ms
64 bytes from fd00::212:7409:9:909: icmp_seq=25 ttl=61 time=200 ms
64 bytes from fd00::212:7409:9:909: icmp_seq=26 ttl=61 time=500 ms
64 bytes from fd00::212:7409:9:909: icmp_seq=27 ttl=61 time=200 ms
64 bytes from fd00::212:7409:9:909: icmp_seq=28 ttl=61 time=161 ms
64 bytes from fd00::212:7409:9:909: icmp_seq=29 ttl=61 time=132 ms
64 bytes from fd00::212:7409:9:909: icmp_seq=30 ttl=61 time=200 ms
64 bytes from fd00::212:7409:9:909: icmp_seq=31 ttl=61 time=190 ms
64 bytes from fd00::212:7409:9:909: icmp_seq=32 ttl=61 time=189 ms
64 bytes from fd00::212:7409:9:909: icmp_seq=33 ttl=61 time=160 ms
64 bytes from fd00::212:7409:9:909: icmp_seq=34 ttl=61 time=192 ms
64 bytes from fd00::212:7409:9:909: icmp_seq=35 ttl=61 time=182 ms
64 bytes from fd00::212:7409:9:909: icmp_seq=36 ttl=61 time=160 ms
64 bytes from fd00::212:7409:9:909: icmp_seq=37 ttl=61 time=167 ms
64 bytes from fd00::212:7409:9:909: icmp_seq=38 ttl=61 time=182 ms
64 bytes from fd00::212:7409:9:909: icmp_seq=39 ttl=61 time=201 ms
64 bytes from fd00::212:7409:9:909: icmp_seq=40 ttl=61 time=151 ms
64 bytes from fd00::212:7409:9:909: icmp_seq=41 ttl=61 time=164 ms
64 bytes from fd00::212:7409:9:909: icmp_seq=42 ttl=61 time=164 ms
64 bytes from fd00::212:7409:9:909: icmp_seq=43 ttl=61 time=200 ms
64 bytes from fd00::212:7409:9:909: icmp_seq=44 ttl=61 time=211 ms
64 bytes from fd00::212:7409:9:909: icmp_seq=45 ttl=61 time=183 ms
64 bytes from fd00::212:7409:9:909: icmp_seq=46 ttl=61 time=152 ms
64 bytes from fd00::212:7409:9:909: icmp_seq=47 ttl=61 time=232 ms
64 bytes from fd00::212:7409:9:909: icmp_seq=48 ttl=61 time=161 ms
64 bytes from fd00::212:7409:9:909: icmp_seq=49 ttl=61 time=227 ms
64 bytes from fd00::212:7409:9:909: icmp_seq=50 ttl=61 time=211 ms
64 bytes from fd00::212:7409:9:909: icmp_seq=51 ttl=61 time=565 ms
64 bytes from fd00::212:7409:9:909: icmp_seq=52 ttl=61 time=200 ms
64 bytes from fd00::212:7409:9:909: icmp_seq=53 ttl=61 time=208 ms
64 bytes from fd00::212:7409:9:909: icmp_seq=54 ttl=61 time=168 ms
64 bytes from fd00::212:7409:9:909: icmp_seq=55 ttl=61 time=212 ms
64 bytes from fd00::212:7409:9:909: icmp_seq=56 ttl=61 time=200 ms
64 bytes from fd00::212:7409:9:909: icmp_seq=57 ttl=61 time=264 ms
64 bytes from fd00::212:7409:9:909: icmp_seq=58 ttl=61 time=146 ms
64 bytes from fd00::212:7409:9:909: icmp_seq=59 ttl=61 time=165 ms
64 bytes from fd00::212:7409:9:909: icmp_seq=60 ttl=61 time=202 ms
64 bytes from fd00::212:7409:9:909: icmp_seq=61 ttl=61 time=190 ms
64 bytes from fd00::212:7409:9:909: icmp_seq=62 ttl=61 time=214 ms
64 bytes from fd00::212:7409:9:909: icmp_seq=63 ttl=61 time=186 ms
64 bytes from fd00::212:7409:9:909: icmp_seq=64 ttl=61 time=178 ms
64 bytes from fd00::212:7409:9:909: icmp_seq=65 ttl=61 time=213 ms
64 bytes from fd00::212:7409:9:909: icmp_seq=66 ttl=61 time=202 ms
64 bytes from fd00::212:7409:9:909: icmp_seq=67 ttl=61 time=218 ms
64 bytes from fd00::212:7409:9:909: icmp_seq=68 ttl=61 time=167 ms
64 bytes from fd00::212:7409:9:909: icmp_seq=69 ttl=61 time=178 ms
64 bytes from fd00::212:7409:9:909: icmp_seq=70 ttl=61 time=167 ms
64 bytes from fd00::212:7409:9:909: icmp_seq=71 ttl=61 time=209 ms
64 bytes from fd00::212:7409:9:909: icmp_seq=72 ttl=61 time=209 ms
64 bytes from fd00::212:7409:9:909: icmp_seq=73 ttl=61 time=205 ms
64 bytes from fd00::212:7409:9:909: icmp_seq=74 ttl=61 time=177 ms
64 bytes from fd00::212:7409:9:909: icmp_seq=75 ttl=61 time=156 ms
64 bytes from fd00::212:7409:9:909: icmp_seq=76 ttl=61 time=171 ms
64 bytes from fd00::212:7409:9:909: icmp_seq=77 ttl=61 time=200 ms
64 bytes from fd00::212:7409:9:909: icmp_seq=78 ttl=61 time=210 ms
64 bytes from fd00::212:7409:9:909: icmp_seq=79 ttl=61 time=184 ms
64 bytes from fd00::212:7409:9:909: icmp_seq=80 ttl=61 time=173 ms
64 bytes from fd00::212:7409:9:909: icmp_seq=81 ttl=61 time=140 ms
64 bytes from fd00::212:7409:9:909: icmp_seq=82 ttl=61 time=189 ms
64 bytes from fd00::212:7409:9:909: icmp_seq=83 ttl=61 time=143 ms
64 bytes from fd00::212:7409:9:909: icmp_seq=84 ttl=61 time=304 ms
64 bytes from fd00::212:7409:9:909: icmp_seq=85 ttl=61 time=181 ms
64 bytes from fd00::212:7409:9:909: icmp_seq=86 ttl=61 time=155 ms
64 bytes from fd00::212:7409:9:909: icmp_seq=87 ttl=61 time=192 ms
64 bytes from fd00::212:7409:9:909: icmp_seq=88 ttl=61 time=202 ms
64 bytes from fd00::212:7409:9:909: icmp_seq=89 ttl=61 time=235 ms
64 bytes from fd00::212:7409:9:909: icmp_seq=91 ttl=61 time=176 ms
64 bytes from fd00::212:7409:9:909: icmp_seq=92 ttl=61 time=290 ms
64 bytes from fd00::212:7409:9:909: icmp_seq=93 ttl=61 time=276 ms
64 bytes from fd00::212:7409:9:909: icmp_seq=94 ttl=61 time=237 ms
64 bytes from fd00::212:7409:9:909: icmp_seq=95 ttl=61 time=224 ms
64 bytes from fd00::212:7409:9:909: icmp_seq=96 ttl=61 time=532 ms
64 bytes from fd00::212:7409:9:909: icmp_seq=97 ttl=61 time=202 ms
64 bytes from fd00::212:7409:9:909: icmp_seq=98 ttl=61 time=268 ms
64 bytes from fd00::212:7409:9:909: icmp_seq=99 ttl=61 time=331 ms
64 bytes from fd00::212:7409:9:909: icmp_seq=100 ttl=61 time=415 ms
64 bytes from fd00::212:7409:9:909: icmp_seq=101 ttl=61 time=389 ms
64 bytes from fd00::212:7409:9:909: icmp_seq=102 ttl=61 time=545 ms
64 bytes from fd00::212:7409:9:909: icmp_seq=103 ttl=61 time=389 ms
64 bytes from fd00::212:7409:9:909: icmp_seq=107 ttl=61 time=261 ms
64 bytes from fd00::212:7409:9:909: icmp_seq=111 ttl=61 time=285 ms
64 bytes from fd00::212:7409:9:909: icmp_seq=113 ttl=61 time=291 ms
64 bytes from fd00::212:7409:9:909: icmp_seq=114 ttl=61 time=205 ms
64 bytes from fd00::212:7409:9:909: icmp_seq=120 ttl=61 time=314 ms
64 bytes from fd00::212:7409:9:909: icmp_seq=127 ttl=61 time=1286 ms
64 bytes from fd00::212:7409:9:909: icmp_seq=149 ttl=61 time=234 ms
64 bytes from fd00::212:7409:9:909: icmp_seq=151 ttl=61 time=372 ms
64 bytes from fd00::212:7409:9:909: icmp_seq=152 ttl=61 time=576 ms
64 bytes from fd00::212:7409:9:909: icmp_seq=153 ttl=61 time=555 ms
64 bytes from fd00::212:7409:9:909: icmp_seq=154 ttl=61 time=623 ms
64 bytes from fd00::212:7409:9:909: icmp_seq=155 ttl=61 time=598 ms
64 bytes from fd00::212:7409:9:909: icmp_seq=156 ttl=61 time=455 ms
64 bytes from fd00::212:7409:9:909: icmp_seq=157 ttl=61 time=497 ms
64 bytes from fd00::212:7409:9:909: icmp_seq=158 ttl=61 time=502 ms
64 bytes from fd00::212:7409:9:909: icmp_seq=159 ttl=61 time=510 ms
64 bytes from fd00::212:7409:9:909: icmp_seq=160 ttl=61 time=546 ms
64 bytes from fd00::212:7409:9:909: icmp_seq=161 ttl=61 time=311 ms
64 bytes from fd00::212:7409:9:909: icmp_seq=162 ttl=61 time=276 ms
64 bytes from fd00::212:7409:9:909: icmp_seq=163 ttl=61 time=568 ms
64 bytes from fd00::212:7409:9:909: icmp_seq=164 ttl=61 time=1030 ms
64 bytes from fd00::212:7409:9:909: icmp_seq=165 ttl=61 time=671 ms
64 bytes from fd00::212:7409:9:909: icmp_seq=166 ttl=61 time=500 ms
64 bytes from fd00::212:7409:9:909: icmp_seq=167 ttl=61 time=654 ms
64 bytes from fd00::212:7409:9:909: icmp_seq=168 ttl=61 time=763 ms
64 bytes from fd00::212:7409:9:909: icmp_seq=169 ttl=61 time=477 ms
64 bytes from fd00::212:7409:9:909: icmp_seq=170 ttl=61 time=165 ms
64 bytes from fd00::212:7409:9:909: icmp_seq=171 ttl=61 time=168 ms
64 bytes from fd00::212:7409:9:909: icmp_seq=172 ttl=61 time=312 ms
64 bytes from fd00::212:7409:9:909: icmp_seq=173 ttl=61 time=154 ms
64 bytes from fd00::212:7409:9:909: icmp_seq=174 ttl=61 time=161 ms
64 bytes from fd00::212:7409:9:909: icmp_seq=175 ttl=61 time=421 ms
64 bytes from fd00::212:7409:9:909: icmp_seq=176 ttl=61 time=182 ms
64 bytes from fd00::212:7409:9:909: icmp_seq=177 ttl=61 time=180 ms
64 bytes from fd00::212:7409:9:909: icmp_seq=178 ttl=61 time=232 ms
64 bytes from fd00::212:7409:9:909: icmp_seq=179 ttl=61 time=190 ms
64 bytes from fd00::212:7409:9:909: icmp_seq=180 ttl=61 time=518 ms
64 bytes from fd00::212:7409:9:909: icmp_seq=181 ttl=61 time=272 ms
64 bytes from fd00::212:7409:9:909: icmp_seq=182 ttl=61 time=172 ms
64 bytes from fd00::212:7409:9:909: icmp_seq=183 ttl=61 time=178 ms
64 bytes from fd00::212:7409:9:909: icmp_seq=184 ttl=61 time=253 ms
64 bytes from fd00::212:7409:9:909: icmp_seq=185 ttl=61 time=164 ms
64 bytes from fd00::212:7409:9:909: icmp_seq=186 ttl=61 time=167 ms
64 bytes from fd00::212:7409:9:909: icmp_seq=187 ttl=61 time=298 ms
64 bytes from fd00::212:7409:9:909: icmp_seq=188 ttl=61 time=398 ms
64 bytes from fd00::212:7409:9:909: icmp_seq=189 ttl=61 time=194 ms
64 bytes from fd00::212:7409:9:909: icmp_seq=190 ttl=61 time=217 ms
64 bytes from fd00::212:7409:9:909: icmp_seq=191 ttl=61 time=171 ms
64 bytes from fd00::212:7409:9:909: icmp_seq=192 ttl=61 time=286 ms
64 bytes from fd00::212:7409:9:909: icmp_seq=193 ttl=61 time=534 ms
64 bytes from fd00::212:7409:9:909: icmp_seq=194 ttl=61 time=209 ms
64 bytes from fd00::212:7409:9:909: icmp_seq=195 ttl=61 time=207 ms
64 bytes from fd00::212:7409:9:909: icmp_seq=196 ttl=61 time=152 ms
64 bytes from fd00::212:7409:9:909: icmp_seq=197 ttl=61 time=173 ms
64 bytes from fd00::212:7409:9:909: icmp_seq=198 ttl=61 time=150 ms
64 bytes from fd00::212:7409:9:909: icmp_seq=199 ttl=61 time=118 ms
64 bytes from fd00::212:7409:9:909: icmp_seq=200 ttl=61 time=151 ms

--- fd00::212:7409:9:909 ping statistics ---
200 packets transmitted, 155 received, 22% packet loss, time 1001822ms
rtt min/avg/max/mdev = 118.577/283.664/1286.127/169.111 ms
