PING fd00::212:7408:8:808(fd00::212:7408:8:808) 56 data bytes
64 bytes from fd00::212:7408:8:808: icmp_seq=1 ttl=60 time=464 ms
64 bytes from fd00::212:7408:8:808: icmp_seq=3 ttl=60 time=268 ms
64 bytes from fd00::212:7408:8:808: icmp_seq=14 ttl=60 time=293 ms
64 bytes from fd00::212:7408:8:808: icmp_seq=16 ttl=60 time=253 ms
64 bytes from fd00::212:7408:8:808: icmp_seq=19 ttl=60 time=437 ms
64 bytes from fd00::212:7408:8:808: icmp_seq=23 ttl=60 time=477 ms
64 bytes from fd00::212:7408:8:808: icmp_seq=26 ttl=60 time=440 ms
64 bytes from fd00::212:7408:8:808: icmp_seq=27 ttl=60 time=583 ms
64 bytes from fd00::212:7408:8:808: icmp_seq=28 ttl=60 time=1082 ms
64 bytes from fd00::212:7408:8:808: icmp_seq=29 ttl=60 time=463 ms
64 bytes from fd00::212:7408:8:808: icmp_seq=30 ttl=60 time=389 ms
64 bytes from fd00::212:7408:8:808: icmp_seq=31 ttl=60 time=497 ms
64 bytes from fd00::212:7408:8:808: icmp_seq=32 ttl=60 time=407 ms
64 bytes from fd00::212:7408:8:808: icmp_seq=33 ttl=60 time=403 ms
64 bytes from fd00::212:7408:8:808: icmp_seq=34 ttl=60 time=500 ms
64 bytes from fd00::212:7408:8:808: icmp_seq=35 ttl=60 time=431 ms
64 bytes from fd00::212:7408:8:808: icmp_seq=36 ttl=60 time=451 ms
64 bytes from fd00::212:7408:8:808: icmp_seq=37 ttl=60 time=299 ms
64 bytes from fd00::212:7408:8:808: icmp_seq=38 ttl=60 time=206 ms
64 bytes from fd00::212:7408:8:808: icmp_seq=40 ttl=60 time=367 ms
64 bytes from fd00::212:7408:8:808: icmp_seq=42 ttl=60 time=1411 ms
64 bytes from fd00::212:7408:8:808: icmp_seq=43 ttl=60 time=425 ms
64 bytes from fd00::212:7408:8:808: icmp_seq=44 ttl=60 time=478 ms
64 bytes from fd00::212:7408:8:808: icmp_seq=45 ttl=60 time=816 ms
64 bytes from fd00::212:7408:8:808: icmp_seq=46 ttl=60 time=317 ms
64 bytes from fd00::212:7408:8:808: icmp_seq=47 ttl=60 time=326 ms
64 bytes from fd00::212:7408:8:808: icmp_seq=48 ttl=60 time=442 ms
64 bytes from fd00::212:7408:8:808: icmp_seq=49 ttl=60 time=283 ms
64 bytes from fd00::212:7408:8:808: icmp_seq=50 ttl=60 time=311 ms
64 bytes from fd00::212:7408:8:808: icmp_seq=51 ttl=60 time=324 ms
64 bytes from fd00::212:7408:8:808: icmp_seq=52 ttl=60 time=306 ms
64 bytes from fd00::212:7408:8:808: icmp_seq=53 ttl=60 time=301 ms
64 bytes from fd00::212:7408:8:808: icmp_seq=56 ttl=60 time=444 ms
64 bytes from fd00::212:7408:8:808: icmp_seq=57 ttl=60 time=632 ms
64 bytes from fd00::212:7408:8:808: icmp_seq=58 ttl=60 time=1369 ms
64 bytes from fd00::212:7408:8:808: icmp_seq=59 ttl=60 time=471 ms
64 bytes from fd00::212:7408:8:808: icmp_seq=60 ttl=60 time=767 ms
64 bytes from fd00::212:7408:8:808: icmp_seq=61 ttl=60 time=325 ms
64 bytes from fd00::212:7408:8:808: icmp_seq=62 ttl=60 time=284 ms
64 bytes from fd00::212:7408:8:808: icmp_seq=63 ttl=60 time=296 ms
64 bytes from fd00::212:7408:8:808: icmp_seq=64 ttl=60 time=350 ms
64 bytes from fd00::212:7408:8:808: icmp_seq=65 ttl=60 time=332 ms
64 bytes from fd00::212:7408:8:808: icmp_seq=66 ttl=60 time=370 ms
64 bytes from fd00::212:7408:8:808: icmp_seq=68 ttl=60 time=284 ms
64 bytes from fd00::212:7408:8:808: icmp_seq=69 ttl=60 time=260 ms
64 bytes from fd00::212:7408:8:808: icmp_seq=70 ttl=60 time=245 ms
64 bytes from fd00::212:7408:8:808: icmp_seq=71 ttl=60 time=266 ms
64 bytes from fd00::212:7408:8:808: icmp_seq=72 ttl=60 time=262 ms
64 bytes from fd00::212:7408:8:808: icmp_seq=73 ttl=60 time=238 ms
64 bytes from fd00::212:7408:8:808: icmp_seq=74 ttl=60 time=245 ms
64 bytes from fd00::212:7408:8:808: icmp_seq=75 ttl=60 time=270 ms
64 bytes from fd00::212:7408:8:808: icmp_seq=76 ttl=60 time=219 ms
64 bytes from fd00::212:7408:8:808: icmp_seq=77 ttl=60 time=286 ms
64 bytes from fd00::212:7408:8:808: icmp_seq=78 ttl=60 time=275 ms
64 bytes from fd00::212:7408:8:808: icmp_seq=79 ttl=60 time=984 ms
64 bytes from fd00::212:7408:8:808: icmp_seq=80 ttl=60 time=219 ms
64 bytes from fd00::212:7408:8:808: icmp_seq=81 ttl=60 time=277 ms
64 bytes from fd00::212:7408:8:808: icmp_seq=82 ttl=60 time=232 ms
64 bytes from fd00::212:7408:8:808: icmp_seq=83 ttl=60 time=233 ms
64 bytes from fd00::212:7408:8:808: icmp_seq=84 ttl=60 time=197 ms
64 bytes from fd00::212:7408:8:808: icmp_seq=85 ttl=60 time=225 ms
64 bytes from fd00::212:7408:8:808: icmp_seq=86 ttl=60 time=261 ms
64 bytes from fd00::212:7408:8:808: icmp_seq=87 ttl=60 time=258 ms
64 bytes from fd00::212:7408:8:808: icmp_seq=88 ttl=60 time=368 ms
64 bytes from fd00::212:7408:8:808: icmp_seq=89 ttl=60 time=227 ms
64 bytes from fd00::212:7408:8:808: icmp_seq=90 ttl=60 time=289 ms
64 bytes from fd00::212:7408:8:808: icmp_seq=91 ttl=60 time=212 ms
64 bytes from fd00::212:7408:8:808: icmp_seq=92 ttl=60 time=205 ms
64 bytes from fd00::212:7408:8:808: icmp_seq=93 ttl=60 time=253 ms
64 bytes from fd00::212:7408:8:808: icmp_seq=94 ttl=60 time=219 ms
64 bytes from fd00::212:7408:8:808: icmp_seq=95 ttl=60 time=218 ms
64 bytes from fd00::212:7408:8:808: icmp_seq=96 ttl=60 time=412 ms
64 bytes from fd00::212:7408:8:808: icmp_seq=97 ttl=60 time=558 ms
64 bytes from fd00::212:7408:8:808: icmp_seq=98 ttl=60 time=283 ms
64 bytes from fd00::212:7408:8:808: icmp_seq=99 ttl=60 time=225 ms
64 bytes from fd00::212:7408:8:808: icmp_seq=100 ttl=60 time=365 ms
64 bytes from fd00::212:7408:8:808: icmp_seq=101 ttl=60 time=287 ms
64 bytes from fd00::212:7408:8:808: icmp_seq=102 ttl=60 time=251 ms
64 bytes from fd00::212:7408:8:808: icmp_seq=103 ttl=60 time=277 ms
64 bytes from fd00::212:7408:8:808: icmp_seq=104 ttl=60 time=381 ms
64 bytes from fd00::212:7408:8:808: icmp_seq=105 ttl=60 time=475 ms
64 bytes from fd00::212:7408:8:808: icmp_seq=106 ttl=60 time=220 ms
64 bytes from fd00::212:7408:8:808: icmp_seq=107 ttl=60 time=515 ms
64 bytes from fd00::212:7408:8:808: icmp_seq=108 ttl=60 time=399 ms
64 bytes from fd00::212:7408:8:808: icmp_seq=109 ttl=60 time=246 ms
64 bytes from fd00::212:7408:8:808: icmp_seq=110 ttl=60 time=325 ms
64 bytes from fd00::212:7408:8:808: icmp_seq=111 ttl=60 time=382 ms
64 bytes from fd00::212:7408:8:808: icmp_seq=112 ttl=60 time=310 ms
64 bytes from fd00::212:7408:8:808: icmp_seq=113 ttl=60 time=339 ms
64 bytes from fd00::212:7408:8:808: icmp_seq=114 ttl=60 time=257 ms
64 bytes from fd00::212:7408:8:808: icmp_seq=115 ttl=60 time=1270 ms
64 bytes from fd00::212:7408:8:808: icmp_seq=116 ttl=60 time=247 ms
64 bytes from fd00::212:7408:8:808: icmp_seq=117 ttl=60 time=552 ms
64 bytes from fd00::212:7408:8:808: icmp_seq=118 ttl=60 time=246 ms
64 bytes from fd00::212:7408:8:808: icmp_seq=119 ttl=60 time=342 ms
64 bytes from fd00::212:7408:8:808: icmp_seq=127 ttl=60 time=924 ms
64 bytes from fd00::212:7408:8:808: icmp_seq=150 ttl=60 time=633 ms
64 bytes from fd00::212:7408:8:808: icmp_seq=151 ttl=60 time=402 ms
64 bytes from fd00::212:7408:8:808: icmp_seq=153 ttl=60 time=413 ms
64 bytes from fd00::212:7408:8:808: icmp_seq=154 ttl=60 time=550 ms
64 bytes from fd00::212:7408:8:808: icmp_seq=155 ttl=60 time=562 ms
64 bytes from fd00::212:7408:8:808: icmp_seq=156 ttl=60 time=643 ms
64 bytes from fd00::212:7408:8:808: icmp_seq=157 ttl=60 time=708 ms
64 bytes from fd00::212:7408:8:808: icmp_seq=158 ttl=60 time=403 ms
64 bytes from fd00::212:7408:8:808: icmp_seq=159 ttl=60 time=376 ms
64 bytes from fd00::212:7408:8:808: icmp_seq=160 ttl=60 time=476 ms
64 bytes from fd00::212:7408:8:808: icmp_seq=161 ttl=60 time=881 ms
64 bytes from fd00::212:7408:8:808: icmp_seq=162 ttl=60 time=479 ms
64 bytes from fd00::212:7408:8:808: icmp_seq=163 ttl=60 time=532 ms
64 bytes from fd00::212:7408:8:808: icmp_seq=164 ttl=60 time=316 ms
64 bytes from fd00::212:7408:8:808: icmp_seq=165 ttl=60 time=758 ms
64 bytes from fd00::212:7408:8:808: icmp_seq=166 ttl=60 time=372 ms
64 bytes from fd00::212:7408:8:808: icmp_seq=167 ttl=60 time=790 ms
64 bytes from fd00::212:7408:8:808: icmp_seq=168 ttl=60 time=640 ms
64 bytes from fd00::212:7408:8:808: icmp_seq=170 ttl=60 time=563 ms
64 bytes from fd00::212:7408:8:808: icmp_seq=171 ttl=60 time=369 ms
64 bytes from fd00::212:7408:8:808: icmp_seq=172 ttl=60 time=289 ms
64 bytes from fd00::212:7408:8:808: icmp_seq=173 ttl=60 time=305 ms
64 bytes from fd00::212:7408:8:808: icmp_seq=174 ttl=60 time=329 ms
64 bytes from fd00::212:7408:8:808: icmp_seq=175 ttl=60 time=367 ms
64 bytes from fd00::212:7408:8:808: icmp_seq=176 ttl=60 time=390 ms
64 bytes from fd00::212:7408:8:808: icmp_seq=177 ttl=60 time=339 ms
64 bytes from fd00::212:7408:8:808: icmp_seq=178 ttl=60 time=352 ms
64 bytes from fd00::212:7408:8:808: icmp_seq=179 ttl=60 time=517 ms
64 bytes from fd00::212:7408:8:808: icmp_seq=180 ttl=60 time=559 ms
64 bytes from fd00::212:7408:8:808: icmp_seq=181 ttl=60 time=392 ms
64 bytes from fd00::212:7408:8:808: icmp_seq=182 ttl=60 time=465 ms
64 bytes from fd00::212:7408:8:808: icmp_seq=183 ttl=60 time=471 ms
64 bytes from fd00::212:7408:8:808: icmp_seq=184 ttl=60 time=351 ms
64 bytes from fd00::212:7408:8:808: icmp_seq=185 ttl=60 time=502 ms
64 bytes from fd00::212:7408:8:808: icmp_seq=186 ttl=60 time=394 ms
64 bytes from fd00::212:7408:8:808: icmp_seq=187 ttl=60 time=382 ms
64 bytes from fd00::212:7408:8:808: icmp_seq=188 ttl=60 time=522 ms
64 bytes from fd00::212:7408:8:808: icmp_seq=189 ttl=60 time=463 ms
64 bytes from fd00::212:7408:8:808: icmp_seq=190 ttl=60 time=368 ms
64 bytes from fd00::212:7408:8:808: icmp_seq=191 ttl=60 time=352 ms
64 bytes from fd00::212:7408:8:808: icmp_seq=192 ttl=60 time=739 ms
64 bytes from fd00::212:7408:8:808: icmp_seq=194 ttl=60 time=315 ms
64 bytes from fd00::212:7408:8:808: icmp_seq=195 ttl=60 time=249 ms
64 bytes from fd00::212:7408:8:808: icmp_seq=196 ttl=60 time=238 ms
64 bytes from fd00::212:7408:8:808: icmp_seq=197 ttl=60 time=277 ms
64 bytes from fd00::212:7408:8:808: icmp_seq=198 ttl=60 time=264 ms
64 bytes from fd00::212:7408:8:808: icmp_seq=199 ttl=60 time=204 ms
64 bytes from fd00::212:7408:8:808: icmp_seq=200 ttl=60 time=267 ms

--- fd00::212:7408:8:808 ping statistics ---
200 packets transmitted, 144 received, 28% packet loss, time 1003185ms
rtt min/avg/max/mdev = 197.713/413.200/1411.316/214.763 ms
