PING fd00::212:7403:3:303(fd00::212:7403:3:303) 56 data bytes
64 bytes from fd00::212:7403:3:303: icmp_seq=1 ttl=63 time=53.3 ms
64 bytes from fd00::212:7403:3:303: icmp_seq=2 ttl=63 time=98.8 ms
64 bytes from fd00::212:7403:3:303: icmp_seq=4 ttl=63 time=106 ms
64 bytes from fd00::212:7403:3:303: icmp_seq=6 ttl=63 time=105 ms
64 bytes from fd00::212:7403:3:303: icmp_seq=9 ttl=63 time=48.0 ms
64 bytes from fd00::212:7403:3:303: icmp_seq=10 ttl=63 time=57.6 ms
64 bytes from fd00::212:7403:3:303: icmp_seq=11 ttl=63 time=103 ms
64 bytes from fd00::212:7403:3:303: icmp_seq=12 ttl=63 time=113 ms
64 bytes from fd00::212:7403:3:303: icmp_seq=13 ttl=63 time=108 ms
64 bytes from fd00::212:7403:3:303: icmp_seq=14 ttl=63 time=146 ms
64 bytes from fd00::212:7403:3:303: icmp_seq=16 ttl=63 time=158 ms
64 bytes from fd00::212:7403:3:303: icmp_seq=22 ttl=63 time=48.0 ms
64 bytes from fd00::212:7403:3:303: icmp_seq=25 ttl=63 time=69.7 ms
64 bytes from fd00::212:7403:3:303: icmp_seq=33 ttl=63 time=45.5 ms
64 bytes from fd00::212:7403:3:303: icmp_seq=34 ttl=63 time=107 ms
64 bytes from fd00::212:7403:3:303: icmp_seq=37 ttl=63 time=152 ms
64 bytes from fd00::212:7403:3:303: icmp_seq=45 ttl=63 time=103 ms
64 bytes from fd00::212:7403:3:303: icmp_seq=46 ttl=63 time=96.3 ms
64 bytes from fd00::212:7403:3:303: icmp_seq=47 ttl=63 time=145 ms
64 bytes from fd00::212:7403:3:303: icmp_seq=48 ttl=63 time=128 ms
64 bytes from fd00::212:7403:3:303: icmp_seq=49 ttl=63 time=138 ms
64 bytes from fd00::212:7403:3:303: icmp_seq=50 ttl=63 time=703 ms
64 bytes from fd00::212:7403:3:303: icmp_seq=55 ttl=63 time=412 ms
64 bytes from fd00::212:7403:3:303: icmp_seq=58 ttl=63 time=76.1 ms
64 bytes from fd00::212:7403:3:303: icmp_seq=59 ttl=63 time=156 ms
64 bytes from fd00::212:7403:3:303: icmp_seq=60 ttl=63 time=86.3 ms
64 bytes from fd00::212:7403:3:303: icmp_seq=61 ttl=63 time=46.7 ms
64 bytes from fd00::212:7403:3:303: icmp_seq=62 ttl=63 time=76.6 ms
64 bytes from fd00::212:7403:3:303: icmp_seq=63 ttl=63 time=70.4 ms
64 bytes from fd00::212:7403:3:303: icmp_seq=64 ttl=63 time=45.8 ms
64 bytes from fd00::212:7403:3:303: icmp_seq=65 ttl=63 time=46.4 ms
64 bytes from fd00::212:7403:3:303: icmp_seq=66 ttl=63 time=48.4 ms
64 bytes from fd00::212:7403:3:303: icmp_seq=67 ttl=63 time=44.2 ms
64 bytes from fd00::212:7403:3:303: icmp_seq=68 ttl=63 time=48.8 ms
64 bytes from fd00::212:7403:3:303: icmp_seq=69 ttl=63 time=62.4 ms
64 bytes from fd00::212:7403:3:303: icmp_seq=70 ttl=63 time=40.5 ms
64 bytes from fd00::212:7403:3:303: icmp_seq=71 ttl=63 time=55.6 ms
64 bytes from fd00::212:7403:3:303: icmp_seq=72 ttl=63 time=68.7 ms
64 bytes from fd00::212:7403:3:303: icmp_seq=73 ttl=63 time=79.5 ms
64 bytes from fd00::212:7403:3:303: icmp_seq=74 ttl=63 time=65.8 ms
64 bytes from fd00::212:7403:3:303: icmp_seq=75 ttl=63 time=86.2 ms
64 bytes from fd00::212:7403:3:303: icmp_seq=76 ttl=63 time=58.3 ms
64 bytes from fd00::212:7403:3:303: icmp_seq=77 ttl=63 time=84.2 ms
64 bytes from fd00::212:7403:3:303: icmp_seq=78 ttl=63 time=62.4 ms
64 bytes from fd00::212:7403:3:303: icmp_seq=79 ttl=63 time=76.4 ms
64 bytes from fd00::212:7403:3:303: icmp_seq=80 ttl=63 time=67.7 ms
64 bytes from fd00::212:7403:3:303: icmp_seq=81 ttl=63 time=60.0 ms
64 bytes from fd00::212:7403:3:303: icmp_seq=82 ttl=63 time=77.1 ms
64 bytes from fd00::212:7403:3:303: icmp_seq=83 ttl=63 time=59.5 ms
64 bytes from fd00::212:7403:3:303: icmp_seq=84 ttl=63 time=48.2 ms
64 bytes from fd00::212:7403:3:303: icmp_seq=85 ttl=63 time=44.1 ms
64 bytes from fd00::212:7403:3:303: icmp_seq=86 ttl=63 time=68.7 ms
64 bytes from fd00::212:7403:3:303: icmp_seq=87 ttl=63 time=109 ms
64 bytes from fd00::212:7403:3:303: icmp_seq=88 ttl=63 time=89.1 ms
64 bytes from fd00::212:7403:3:303: icmp_seq=89 ttl=63 time=57.0 ms
64 bytes from fd00::212:7403:3:303: icmp_seq=90 ttl=63 time=63.0 ms
64 bytes from fd00::212:7403:3:303: icmp_seq=91 ttl=63 time=57.3 ms
64 bytes from fd00::212:7403:3:303: icmp_seq=92 ttl=63 time=85.9 ms
64 bytes from fd00::212:7403:3:303: icmp_seq=93 ttl=63 time=74.6 ms
64 bytes from fd00::212:7403:3:303: icmp_seq=94 ttl=63 time=50.1 ms
64 bytes from fd00::212:7403:3:303: icmp_seq=95 ttl=63 time=61.5 ms
64 bytes from fd00::212:7403:3:303: icmp_seq=96 ttl=63 time=75.4 ms
64 bytes from fd00::212:7403:3:303: icmp_seq=97 ttl=63 time=108 ms
64 bytes from fd00::212:7403:3:303: icmp_seq=98 ttl=63 time=71.2 ms
64 bytes from fd00::212:7403:3:303: icmp_seq=99 ttl=63 time=89.9 ms
64 bytes from fd00::212:7403:3:303: icmp_seq=100 ttl=63 time=64.0 ms

--- fd00::212:7403:3:303 ping statistics ---
100 packets transmitted, 66 received, 34% packet loss, time 500184ms
rtt min/avg/max/mdev = 40.548/94.316/703.745/91.041 ms
