PING fd00::212:7405:5:505(fd00::212:7405:5:505) 56 data bytes
64 bytes from fd00::212:7405:5:505: icmp_seq=1 ttl=61 time=279 ms
64 bytes from fd00::212:7405:5:505: icmp_seq=2 ttl=61 time=226 ms
64 bytes from fd00::212:7405:5:505: icmp_seq=3 ttl=61 time=157 ms
64 bytes from fd00::212:7405:5:505: icmp_seq=4 ttl=61 time=147 ms
64 bytes from fd00::212:7405:5:505: icmp_seq=5 ttl=61 time=248 ms
64 bytes from fd00::212:7405:5:505: icmp_seq=6 ttl=61 time=155 ms
64 bytes from fd00::212:7405:5:505: icmp_seq=7 ttl=61 time=124 ms
64 bytes from fd00::212:7405:5:505: icmp_seq=8 ttl=61 time=141 ms
64 bytes from fd00::212:7405:5:505: icmp_seq=9 ttl=61 time=145 ms
64 bytes from fd00::212:7405:5:505: icmp_seq=10 ttl=61 time=198 ms
64 bytes from fd00::212:7405:5:505: icmp_seq=11 ttl=61 time=148 ms
64 bytes from fd00::212:7405:5:505: icmp_seq=12 ttl=61 time=153 ms
64 bytes from fd00::212:7405:5:505: icmp_seq=13 ttl=61 time=151 ms
64 bytes from fd00::212:7405:5:505: icmp_seq=14 ttl=61 time=199 ms
64 bytes from fd00::212:7405:5:505: icmp_seq=15 ttl=61 time=157 ms
64 bytes from fd00::212:7405:5:505: icmp_seq=16 ttl=61 time=616 ms
64 bytes from fd00::212:7405:5:505: icmp_seq=17 ttl=61 time=195 ms
64 bytes from fd00::212:7405:5:505: icmp_seq=18 ttl=61 time=132 ms
64 bytes from fd00::212:7405:5:505: icmp_seq=19 ttl=61 time=147 ms
64 bytes from fd00::212:7405:5:505: icmp_seq=20 ttl=61 time=367 ms
64 bytes from fd00::212:7405:5:505: icmp_seq=24 ttl=61 time=385 ms
64 bytes from fd00::212:7405:5:505: icmp_seq=27 ttl=61 time=431 ms
64 bytes from fd00::212:7405:5:505: icmp_seq=28 ttl=61 time=460 ms
64 bytes from fd00::212:7405:5:505: icmp_seq=29 ttl=61 time=1089 ms
64 bytes from fd00::212:7405:5:505: icmp_seq=30 ttl=61 time=416 ms
64 bytes from fd00::212:7405:5:505: icmp_seq=31 ttl=61 time=382 ms
64 bytes from fd00::212:7405:5:505: icmp_seq=32 ttl=61 time=501 ms
64 bytes from fd00::212:7405:5:505: icmp_seq=33 ttl=61 time=419 ms
64 bytes from fd00::212:7405:5:505: icmp_seq=34 ttl=61 time=401 ms
64 bytes from fd00::212:7405:5:505: icmp_seq=35 ttl=61 time=463 ms
64 bytes from fd00::212:7405:5:505: icmp_seq=36 ttl=61 time=770 ms
64 bytes from fd00::212:7405:5:505: icmp_seq=37 ttl=61 time=301 ms
64 bytes from fd00::212:7405:5:505: icmp_seq=40 ttl=61 time=529 ms
64 bytes from fd00::212:7405:5:505: icmp_seq=42 ttl=61 time=127 ms
64 bytes from fd00::212:7405:5:505: icmp_seq=43 ttl=61 time=446 ms
64 bytes from fd00::212:7405:5:505: icmp_seq=45 ttl=61 time=360 ms
64 bytes from fd00::212:7405:5:505: icmp_seq=47 ttl=61 time=608 ms
64 bytes from fd00::212:7405:5:505: icmp_seq=48 ttl=61 time=256 ms
64 bytes from fd00::212:7405:5:505: icmp_seq=49 ttl=61 time=231 ms
64 bytes from fd00::212:7405:5:505: icmp_seq=51 ttl=61 time=774 ms
64 bytes from fd00::212:7405:5:505: icmp_seq=52 ttl=61 time=318 ms
64 bytes from fd00::212:7405:5:505: icmp_seq=53 ttl=61 time=549 ms
64 bytes from fd00::212:7405:5:505: icmp_seq=54 ttl=61 time=611 ms
64 bytes from fd00::212:7405:5:505: icmp_seq=55 ttl=61 time=205 ms
64 bytes from fd00::212:7405:5:505: icmp_seq=56 ttl=61 time=293 ms
64 bytes from fd00::212:7405:5:505: icmp_seq=57 ttl=61 time=751 ms
64 bytes from fd00::212:7405:5:505: icmp_seq=58 ttl=61 time=314 ms
64 bytes from fd00::212:7405:5:505: icmp_seq=59 ttl=61 time=1048 ms
64 bytes from fd00::212:7405:5:505: icmp_seq=60 ttl=61 time=951 ms
64 bytes from fd00::212:7405:5:505: icmp_seq=61 ttl=61 time=446 ms
64 bytes from fd00::212:7405:5:505: icmp_seq=62 ttl=61 time=668 ms
64 bytes from fd00::212:7405:5:505: icmp_seq=64 ttl=61 time=450 ms
64 bytes from fd00::212:7405:5:505: icmp_seq=68 ttl=61 time=793 ms
64 bytes from fd00::212:7405:5:505: icmp_seq=69 ttl=61 time=805 ms
64 bytes from fd00::212:7405:5:505: icmp_seq=72 ttl=61 time=742 ms
64 bytes from fd00::212:7405:5:505: icmp_seq=78 ttl=61 time=276 ms
64 bytes from fd00::212:7405:5:505: icmp_seq=79 ttl=61 time=155 ms
64 bytes from fd00::212:7405:5:505: icmp_seq=89 ttl=61 time=146 ms
64 bytes from fd00::212:7405:5:505: icmp_seq=91 ttl=61 time=259 ms
64 bytes from fd00::212:7405:5:505: icmp_seq=92 ttl=61 time=277 ms
64 bytes from fd00::212:7405:5:505: icmp_seq=93 ttl=61 time=277 ms
64 bytes from fd00::212:7405:5:505: icmp_seq=94 ttl=61 time=249 ms
64 bytes from fd00::212:7405:5:505: icmp_seq=95 ttl=61 time=242 ms
64 bytes from fd00::212:7405:5:505: icmp_seq=96 ttl=61 time=819 ms
64 bytes from fd00::212:7405:5:505: icmp_seq=97 ttl=61 time=214 ms
64 bytes from fd00::212:7405:5:505: icmp_seq=99 ttl=61 time=198 ms
64 bytes from fd00::212:7405:5:505: icmp_seq=100 ttl=61 time=229 ms
64 bytes from fd00::212:7405:5:505: icmp_seq=101 ttl=61 time=363 ms
64 bytes from fd00::212:7405:5:505: icmp_seq=102 ttl=61 time=196 ms
64 bytes from fd00::212:7405:5:505: icmp_seq=103 ttl=61 time=254 ms
64 bytes from fd00::212:7405:5:505: icmp_seq=107 ttl=61 time=439 ms
64 bytes from fd00::212:7405:5:505: icmp_seq=111 ttl=61 time=318 ms
64 bytes from fd00::212:7405:5:505: icmp_seq=113 ttl=61 time=298 ms
64 bytes from fd00::212:7405:5:505: icmp_seq=114 ttl=61 time=298 ms
64 bytes from fd00::212:7405:5:505: icmp_seq=120 ttl=61 time=374 ms
64 bytes from fd00::212:7405:5:505: icmp_seq=123 ttl=61 time=212 ms
64 bytes from fd00::212:7405:5:505: icmp_seq=124 ttl=61 time=138 ms
64 bytes from fd00::212:7405:5:505: icmp_seq=125 ttl=61 time=157 ms
64 bytes from fd00::212:7405:5:505: icmp_seq=126 ttl=61 time=211 ms
64 bytes from fd00::212:7405:5:505: icmp_seq=127 ttl=61 time=138 ms
64 bytes from fd00::212:7405:5:505: icmp_seq=128 ttl=61 time=197 ms
64 bytes from fd00::212:7405:5:505: icmp_seq=129 ttl=61 time=149 ms
64 bytes from fd00::212:7405:5:505: icmp_seq=130 ttl=61 time=124 ms
64 bytes from fd00::212:7405:5:505: icmp_seq=131 ttl=61 time=128 ms
64 bytes from fd00::212:7405:5:505: icmp_seq=132 ttl=61 time=214 ms
64 bytes from fd00::212:7405:5:505: icmp_seq=133 ttl=61 time=259 ms
64 bytes from fd00::212:7405:5:505: icmp_seq=134 ttl=61 time=142 ms
64 bytes from fd00::212:7405:5:505: icmp_seq=135 ttl=61 time=133 ms
64 bytes from fd00::212:7405:5:505: icmp_seq=136 ttl=61 time=148 ms
64 bytes from fd00::212:7405:5:505: icmp_seq=137 ttl=61 time=215 ms
64 bytes from fd00::212:7405:5:505: icmp_seq=138 ttl=61 time=134 ms
64 bytes from fd00::212:7405:5:505: icmp_seq=139 ttl=61 time=167 ms
64 bytes from fd00::212:7405:5:505: icmp_seq=140 ttl=61 time=136 ms
64 bytes from fd00::212:7405:5:505: icmp_seq=141 ttl=61 time=145 ms
64 bytes from fd00::212:7405:5:505: icmp_seq=142 ttl=61 time=280 ms
64 bytes from fd00::212:7405:5:505: icmp_seq=143 ttl=61 time=207 ms
64 bytes from fd00::212:7405:5:505: icmp_seq=144 ttl=61 time=233 ms
64 bytes from fd00::212:7405:5:505: icmp_seq=145 ttl=61 time=311 ms
64 bytes from fd00::212:7405:5:505: icmp_seq=146 ttl=61 time=209 ms
64 bytes from fd00::212:7405:5:505: icmp_seq=147 ttl=61 time=382 ms
64 bytes from fd00::212:7405:5:505: icmp_seq=148 ttl=61 time=240 ms
64 bytes from fd00::212:7405:5:505: icmp_seq=149 ttl=61 time=137 ms
64 bytes from fd00::212:7405:5:505: icmp_seq=150 ttl=61 time=140 ms
64 bytes from fd00::212:7405:5:505: icmp_seq=151 ttl=61 time=255 ms
64 bytes from fd00::212:7405:5:505: icmp_seq=152 ttl=61 time=124 ms
64 bytes from fd00::212:7405:5:505: icmp_seq=153 ttl=61 time=173 ms
64 bytes from fd00::212:7405:5:505: icmp_seq=154 ttl=61 time=104 ms
64 bytes from fd00::212:7405:5:505: icmp_seq=155 ttl=61 time=261 ms
64 bytes from fd00::212:7405:5:505: icmp_seq=156 ttl=61 time=266 ms
64 bytes from fd00::212:7405:5:505: icmp_seq=157 ttl=61 time=115 ms
64 bytes from fd00::212:7405:5:505: icmp_seq=158 ttl=61 time=126 ms
64 bytes from fd00::212:7405:5:505: icmp_seq=159 ttl=61 time=218 ms
64 bytes from fd00::212:7405:5:505: icmp_seq=160 ttl=61 time=124 ms
64 bytes from fd00::212:7405:5:505: icmp_seq=161 ttl=61 time=140 ms
64 bytes from fd00::212:7405:5:505: icmp_seq=162 ttl=61 time=453 ms
64 bytes from fd00::212:7405:5:505: icmp_seq=163 ttl=61 time=515 ms
64 bytes from fd00::212:7405:5:505: icmp_seq=164 ttl=61 time=128 ms
64 bytes from fd00::212:7405:5:505: icmp_seq=165 ttl=61 time=237 ms
64 bytes from fd00::212:7405:5:505: icmp_seq=166 ttl=61 time=372 ms
64 bytes from fd00::212:7405:5:505: icmp_seq=167 ttl=61 time=219 ms
64 bytes from fd00::212:7405:5:505: icmp_seq=168 ttl=61 time=243 ms
64 bytes from fd00::212:7405:5:505: icmp_seq=169 ttl=61 time=128 ms
64 bytes from fd00::212:7405:5:505: icmp_seq=170 ttl=61 time=368 ms
64 bytes from fd00::212:7405:5:505: icmp_seq=171 ttl=61 time=316 ms
64 bytes from fd00::212:7405:5:505: icmp_seq=172 ttl=61 time=304 ms
64 bytes from fd00::212:7405:5:505: icmp_seq=173 ttl=61 time=311 ms
64 bytes from fd00::212:7405:5:505: icmp_seq=174 ttl=61 time=267 ms
64 bytes from fd00::212:7405:5:505: icmp_seq=175 ttl=61 time=272 ms
64 bytes from fd00::212:7405:5:505: icmp_seq=176 ttl=61 time=353 ms
64 bytes from fd00::212:7405:5:505: icmp_seq=177 ttl=61 time=639 ms
64 bytes from fd00::212:7405:5:505: icmp_seq=178 ttl=61 time=115 ms
64 bytes from fd00::212:7405:5:505: icmp_seq=179 ttl=61 time=416 ms
64 bytes from fd00::212:7405:5:505: icmp_seq=180 ttl=61 time=157 ms
64 bytes from fd00::212:7405:5:505: icmp_seq=181 ttl=61 time=431 ms
64 bytes from fd00::212:7405:5:505: icmp_seq=182 ttl=61 time=211 ms
64 bytes from fd00::212:7405:5:505: icmp_seq=183 ttl=61 time=174 ms
64 bytes from fd00::212:7405:5:505: icmp_seq=184 ttl=61 time=127 ms
64 bytes from fd00::212:7405:5:505: icmp_seq=185 ttl=61 time=300 ms
64 bytes from fd00::212:7405:5:505: icmp_seq=186 ttl=61 time=207 ms
64 bytes from fd00::212:7405:5:505: icmp_seq=187 ttl=61 time=205 ms
64 bytes from fd00::212:7405:5:505: icmp_seq=188 ttl=61 time=363 ms
64 bytes from fd00::212:7405:5:505: icmp_seq=189 ttl=61 time=335 ms
64 bytes from fd00::212:7405:5:505: icmp_seq=190 ttl=61 time=112 ms
64 bytes from fd00::212:7405:5:505: icmp_seq=191 ttl=61 time=296 ms
64 bytes from fd00::212:7405:5:505: icmp_seq=192 ttl=61 time=239 ms
64 bytes from fd00::212:7405:5:505: icmp_seq=193 ttl=61 time=246 ms
64 bytes from fd00::212:7405:5:505: icmp_seq=194 ttl=61 time=230 ms
64 bytes from fd00::212:7405:5:505: icmp_seq=195 ttl=61 time=198 ms
64 bytes from fd00::212:7405:5:505: icmp_seq=196 ttl=61 time=196 ms
64 bytes from fd00::212:7405:5:505: icmp_seq=197 ttl=61 time=426 ms
64 bytes from fd00::212:7405:5:505: icmp_seq=198 ttl=61 time=149 ms
64 bytes from fd00::212:7405:5:505: icmp_seq=199 ttl=61 time=151 ms
64 bytes from fd00::212:7405:5:505: icmp_seq=200 ttl=61 time=129 ms

--- fd00::212:7405:5:505 ping statistics ---
200 packets transmitted, 153 received, 23% packet loss, time 1002621ms
rtt min/avg/max/mdev = 104.894/301.082/1089.139/193.843 ms
