PING aaaa::212:7409:9:909(aaaa::212:7409:9:909) 56 data bytes
64 bytes from aaaa::212:7409:9:909: icmp_seq=1 ttl=63 time=167 ms
64 bytes from aaaa::212:7409:9:909: icmp_seq=4 ttl=63 time=74.9 ms
64 bytes from aaaa::212:7409:9:909: icmp_seq=18 ttl=63 time=89.5 ms
64 bytes from aaaa::212:7409:9:909: icmp_seq=19 ttl=63 time=47.0 ms
64 bytes from aaaa::212:7409:9:909: icmp_seq=20 ttl=63 time=63.2 ms
64 bytes from aaaa::212:7409:9:909: icmp_seq=21 ttl=63 time=64.9 ms
64 bytes from aaaa::212:7409:9:909: icmp_seq=22 ttl=63 time=48.2 ms
64 bytes from aaaa::212:7409:9:909: icmp_seq=23 ttl=63 time=82.0 ms
64 bytes from aaaa::212:7409:9:909: icmp_seq=24 ttl=63 time=47.2 ms
64 bytes from aaaa::212:7409:9:909: icmp_seq=25 ttl=63 time=54.3 ms
64 bytes from aaaa::212:7409:9:909: icmp_seq=26 ttl=63 time=52.3 ms
64 bytes from aaaa::212:7409:9:909: icmp_seq=27 ttl=63 time=59.0 ms
64 bytes from aaaa::212:7409:9:909: icmp_seq=28 ttl=63 time=45.7 ms
64 bytes from aaaa::212:7409:9:909: icmp_seq=29 ttl=63 time=67.1 ms
64 bytes from aaaa::212:7409:9:909: icmp_seq=30 ttl=63 time=71.6 ms
64 bytes from aaaa::212:7409:9:909: icmp_seq=31 ttl=63 time=83.2 ms
64 bytes from aaaa::212:7409:9:909: icmp_seq=32 ttl=63 time=48.2 ms
64 bytes from aaaa::212:7409:9:909: icmp_seq=33 ttl=63 time=169 ms
64 bytes from aaaa::212:7409:9:909: icmp_seq=34 ttl=63 time=130 ms
64 bytes from aaaa::212:7409:9:909: icmp_seq=35 ttl=63 time=64.6 ms
64 bytes from aaaa::212:7409:9:909: icmp_seq=36 ttl=63 time=87.4 ms
64 bytes from aaaa::212:7409:9:909: icmp_seq=37 ttl=63 time=45.0 ms
64 bytes from aaaa::212:7409:9:909: icmp_seq=38 ttl=63 time=87.2 ms
64 bytes from aaaa::212:7409:9:909: icmp_seq=39 ttl=63 time=58.9 ms
64 bytes from aaaa::212:7409:9:909: icmp_seq=40 ttl=63 time=106 ms
64 bytes from aaaa::212:7409:9:909: icmp_seq=41 ttl=63 time=51.6 ms
64 bytes from aaaa::212:7409:9:909: icmp_seq=42 ttl=63 time=104 ms
64 bytes from aaaa::212:7409:9:909: icmp_seq=43 ttl=63 time=61.4 ms
64 bytes from aaaa::212:7409:9:909: icmp_seq=44 ttl=63 time=83.9 ms
64 bytes from aaaa::212:7409:9:909: icmp_seq=45 ttl=63 time=162 ms
64 bytes from aaaa::212:7409:9:909: icmp_seq=46 ttl=63 time=306 ms
64 bytes from aaaa::212:7409:9:909: icmp_seq=47 ttl=63 time=119 ms
64 bytes from aaaa::212:7409:9:909: icmp_seq=48 ttl=63 time=60.6 ms
64 bytes from aaaa::212:7409:9:909: icmp_seq=49 ttl=63 time=51.3 ms
64 bytes from aaaa::212:7409:9:909: icmp_seq=50 ttl=63 time=57.5 ms
64 bytes from aaaa::212:7409:9:909: icmp_seq=51 ttl=63 time=136 ms
64 bytes from aaaa::212:7409:9:909: icmp_seq=52 ttl=63 time=115 ms
64 bytes from aaaa::212:7409:9:909: icmp_seq=53 ttl=63 time=53.7 ms
64 bytes from aaaa::212:7409:9:909: icmp_seq=54 ttl=63 time=66.0 ms
64 bytes from aaaa::212:7409:9:909: icmp_seq=55 ttl=63 time=52.4 ms
64 bytes from aaaa::212:7409:9:909: icmp_seq=56 ttl=63 time=84.1 ms
64 bytes from aaaa::212:7409:9:909: icmp_seq=57 ttl=63 time=71.4 ms
64 bytes from aaaa::212:7409:9:909: icmp_seq=58 ttl=63 time=43.6 ms
64 bytes from aaaa::212:7409:9:909: icmp_seq=59 ttl=63 time=43.9 ms
64 bytes from aaaa::212:7409:9:909: icmp_seq=60 ttl=63 time=86.6 ms
64 bytes from aaaa::212:7409:9:909: icmp_seq=61 ttl=63 time=60.5 ms
64 bytes from aaaa::212:7409:9:909: icmp_seq=62 ttl=63 time=49.4 ms
64 bytes from aaaa::212:7409:9:909: icmp_seq=63 ttl=63 time=89.9 ms
64 bytes from aaaa::212:7409:9:909: icmp_seq=64 ttl=63 time=79.0 ms
64 bytes from aaaa::212:7409:9:909: icmp_seq=65 ttl=63 time=102 ms
64 bytes from aaaa::212:7409:9:909: icmp_seq=66 ttl=63 time=251 ms
64 bytes from aaaa::212:7409:9:909: icmp_seq=83 ttl=63 time=196 ms
64 bytes from aaaa::212:7409:9:909: icmp_seq=87 ttl=63 time=70.5 ms
64 bytes from aaaa::212:7409:9:909: icmp_seq=88 ttl=63 time=50.0 ms
64 bytes from aaaa::212:7409:9:909: icmp_seq=89 ttl=63 time=52.2 ms
64 bytes from aaaa::212:7409:9:909: icmp_seq=90 ttl=63 time=54.9 ms
64 bytes from aaaa::212:7409:9:909: icmp_seq=91 ttl=63 time=52.6 ms
64 bytes from aaaa::212:7409:9:909: icmp_seq=92 ttl=63 time=62.0 ms
64 bytes from aaaa::212:7409:9:909: icmp_seq=93 ttl=63 time=55.5 ms
64 bytes from aaaa::212:7409:9:909: icmp_seq=94 ttl=63 time=62.9 ms
64 bytes from aaaa::212:7409:9:909: icmp_seq=95 ttl=63 time=222 ms
64 bytes from aaaa::212:7409:9:909: icmp_seq=96 ttl=63 time=61.8 ms
64 bytes from aaaa::212:7409:9:909: icmp_seq=97 ttl=63 time=77.1 ms
64 bytes from aaaa::212:7409:9:909: icmp_seq=98 ttl=63 time=68.3 ms
64 bytes from aaaa::212:7409:9:909: icmp_seq=99 ttl=63 time=61.0 ms
64 bytes from aaaa::212:7409:9:909: icmp_seq=100 ttl=63 time=65.3 ms
64 bytes from aaaa::212:7409:9:909: icmp_seq=101 ttl=63 time=258 ms
64 bytes from aaaa::212:7409:9:909: icmp_seq=102 ttl=63 time=131 ms
64 bytes from aaaa::212:7409:9:909: icmp_seq=103 ttl=63 time=70.7 ms
64 bytes from aaaa::212:7409:9:909: icmp_seq=104 ttl=63 time=50.7 ms
64 bytes from aaaa::212:7409:9:909: icmp_seq=105 ttl=63 time=70.3 ms
64 bytes from aaaa::212:7409:9:909: icmp_seq=106 ttl=63 time=63.1 ms
64 bytes from aaaa::212:7409:9:909: icmp_seq=107 ttl=63 time=56.5 ms
64 bytes from aaaa::212:7409:9:909: icmp_seq=108 ttl=63 time=114 ms
64 bytes from aaaa::212:7409:9:909: icmp_seq=109 ttl=63 time=65.7 ms
64 bytes from aaaa::212:7409:9:909: icmp_seq=110 ttl=63 time=51.1 ms
64 bytes from aaaa::212:7409:9:909: icmp_seq=111 ttl=63 time=66.5 ms
64 bytes from aaaa::212:7409:9:909: icmp_seq=112 ttl=63 time=59.3 ms
64 bytes from aaaa::212:7409:9:909: icmp_seq=113 ttl=63 time=83.9 ms
64 bytes from aaaa::212:7409:9:909: icmp_seq=114 ttl=63 time=263 ms
64 bytes from aaaa::212:7409:9:909: icmp_seq=115 ttl=63 time=95.4 ms
64 bytes from aaaa::212:7409:9:909: icmp_seq=116 ttl=63 time=110 ms
64 bytes from aaaa::212:7409:9:909: icmp_seq=117 ttl=63 time=49.8 ms
64 bytes from aaaa::212:7409:9:909: icmp_seq=118 ttl=63 time=85.3 ms
64 bytes from aaaa::212:7409:9:909: icmp_seq=119 ttl=63 time=86.8 ms
64 bytes from aaaa::212:7409:9:909: icmp_seq=120 ttl=63 time=67.0 ms
64 bytes from aaaa::212:7409:9:909: icmp_seq=121 ttl=63 time=93.3 ms
64 bytes from aaaa::212:7409:9:909: icmp_seq=122 ttl=63 time=53.4 ms
64 bytes from aaaa::212:7409:9:909: icmp_seq=123 ttl=63 time=54.2 ms
64 bytes from aaaa::212:7409:9:909: icmp_seq=124 ttl=63 time=57.9 ms
64 bytes from aaaa::212:7409:9:909: icmp_seq=125 ttl=63 time=52.6 ms
64 bytes from aaaa::212:7409:9:909: icmp_seq=126 ttl=63 time=107 ms
64 bytes from aaaa::212:7409:9:909: icmp_seq=127 ttl=63 time=60.1 ms
64 bytes from aaaa::212:7409:9:909: icmp_seq=128 ttl=63 time=61.7 ms
64 bytes from aaaa::212:7409:9:909: icmp_seq=129 ttl=63 time=44.7 ms
64 bytes from aaaa::212:7409:9:909: icmp_seq=130 ttl=63 time=107 ms
64 bytes from aaaa::212:7409:9:909: icmp_seq=131 ttl=63 time=68.9 ms
64 bytes from aaaa::212:7409:9:909: icmp_seq=132 ttl=63 time=47.3 ms
64 bytes from aaaa::212:7409:9:909: icmp_seq=133 ttl=63 time=66.8 ms
64 bytes from aaaa::212:7409:9:909: icmp_seq=134 ttl=63 time=67.3 ms
64 bytes from aaaa::212:7409:9:909: icmp_seq=135 ttl=63 time=60.2 ms
64 bytes from aaaa::212:7409:9:909: icmp_seq=136 ttl=63 time=66.1 ms
64 bytes from aaaa::212:7409:9:909: icmp_seq=137 ttl=63 time=59.7 ms
64 bytes from aaaa::212:7409:9:909: icmp_seq=138 ttl=63 time=46.4 ms
64 bytes from aaaa::212:7409:9:909: icmp_seq=139 ttl=63 time=45.8 ms
64 bytes from aaaa::212:7409:9:909: icmp_seq=140 ttl=63 time=57.3 ms
64 bytes from aaaa::212:7409:9:909: icmp_seq=141 ttl=63 time=65.2 ms
64 bytes from aaaa::212:7409:9:909: icmp_seq=142 ttl=63 time=64.1 ms
64 bytes from aaaa::212:7409:9:909: icmp_seq=143 ttl=63 time=45.4 ms
64 bytes from aaaa::212:7409:9:909: icmp_seq=144 ttl=63 time=44.9 ms
64 bytes from aaaa::212:7409:9:909: icmp_seq=145 ttl=63 time=56.9 ms
64 bytes from aaaa::212:7409:9:909: icmp_seq=146 ttl=63 time=48.6 ms
64 bytes from aaaa::212:7409:9:909: icmp_seq=147 ttl=63 time=46.1 ms
64 bytes from aaaa::212:7409:9:909: icmp_seq=148 ttl=63 time=63.4 ms
64 bytes from aaaa::212:7409:9:909: icmp_seq=149 ttl=63 time=60.0 ms
64 bytes from aaaa::212:7409:9:909: icmp_seq=150 ttl=63 time=70.3 ms
64 bytes from aaaa::212:7409:9:909: icmp_seq=151 ttl=63 time=65.6 ms
64 bytes from aaaa::212:7409:9:909: icmp_seq=152 ttl=63 time=73.0 ms
64 bytes from aaaa::212:7409:9:909: icmp_seq=153 ttl=63 time=108 ms
64 bytes from aaaa::212:7409:9:909: icmp_seq=154 ttl=63 time=178 ms
64 bytes from aaaa::212:7409:9:909: icmp_seq=155 ttl=63 time=64.9 ms
64 bytes from aaaa::212:7409:9:909: icmp_seq=156 ttl=63 time=103 ms
64 bytes from aaaa::212:7409:9:909: icmp_seq=157 ttl=63 time=79.9 ms
64 bytes from aaaa::212:7409:9:909: icmp_seq=158 ttl=63 time=66.9 ms
64 bytes from aaaa::212:7409:9:909: icmp_seq=159 ttl=63 time=68.4 ms
64 bytes from aaaa::212:7409:9:909: icmp_seq=160 ttl=63 time=66.3 ms
64 bytes from aaaa::212:7409:9:909: icmp_seq=161 ttl=63 time=75.7 ms
64 bytes from aaaa::212:7409:9:909: icmp_seq=162 ttl=63 time=66.7 ms
64 bytes from aaaa::212:7409:9:909: icmp_seq=163 ttl=63 time=101 ms
64 bytes from aaaa::212:7409:9:909: icmp_seq=164 ttl=63 time=267 ms
64 bytes from aaaa::212:7409:9:909: icmp_seq=165 ttl=63 time=154 ms
64 bytes from aaaa::212:7409:9:909: icmp_seq=166 ttl=63 time=62.0 ms
64 bytes from aaaa::212:7409:9:909: icmp_seq=167 ttl=63 time=82.5 ms
64 bytes from aaaa::212:7409:9:909: icmp_seq=168 ttl=63 time=61.6 ms
64 bytes from aaaa::212:7409:9:909: icmp_seq=169 ttl=63 time=66.0 ms
64 bytes from aaaa::212:7409:9:909: icmp_seq=170 ttl=63 time=60.4 ms
64 bytes from aaaa::212:7409:9:909: icmp_seq=171 ttl=63 time=45.2 ms
64 bytes from aaaa::212:7409:9:909: icmp_seq=172 ttl=63 time=63.2 ms
64 bytes from aaaa::212:7409:9:909: icmp_seq=173 ttl=63 time=73.3 ms
64 bytes from aaaa::212:7409:9:909: icmp_seq=174 ttl=63 time=45.6 ms
64 bytes from aaaa::212:7409:9:909: icmp_seq=175 ttl=63 time=70.5 ms
64 bytes from aaaa::212:7409:9:909: icmp_seq=176 ttl=63 time=55.5 ms
64 bytes from aaaa::212:7409:9:909: icmp_seq=177 ttl=63 time=133 ms
64 bytes from aaaa::212:7409:9:909: icmp_seq=178 ttl=63 time=60.3 ms
64 bytes from aaaa::212:7409:9:909: icmp_seq=179 ttl=63 time=116 ms
64 bytes from aaaa::212:7409:9:909: icmp_seq=180 ttl=63 time=46.7 ms
64 bytes from aaaa::212:7409:9:909: icmp_seq=181 ttl=63 time=74.3 ms
64 bytes from aaaa::212:7409:9:909: icmp_seq=182 ttl=63 time=69.9 ms
64 bytes from aaaa::212:7409:9:909: icmp_seq=183 ttl=63 time=199 ms
64 bytes from aaaa::212:7409:9:909: icmp_seq=184 ttl=63 time=140 ms
64 bytes from aaaa::212:7409:9:909: icmp_seq=185 ttl=63 time=108 ms
64 bytes from aaaa::212:7409:9:909: icmp_seq=186 ttl=63 time=254 ms
64 bytes from aaaa::212:7409:9:909: icmp_seq=187 ttl=63 time=129 ms
64 bytes from aaaa::212:7409:9:909: icmp_seq=188 ttl=63 time=62.4 ms
64 bytes from aaaa::212:7409:9:909: icmp_seq=189 ttl=63 time=122 ms
64 bytes from aaaa::212:7409:9:909: icmp_seq=190 ttl=63 time=56.8 ms
64 bytes from aaaa::212:7409:9:909: icmp_seq=191 ttl=63 time=179 ms
64 bytes from aaaa::212:7409:9:909: icmp_seq=192 ttl=63 time=77.4 ms
64 bytes from aaaa::212:7409:9:909: icmp_seq=193 ttl=63 time=63.4 ms
64 bytes from aaaa::212:7409:9:909: icmp_seq=194 ttl=63 time=94.0 ms
64 bytes from aaaa::212:7409:9:909: icmp_seq=195 ttl=63 time=101 ms
64 bytes from aaaa::212:7409:9:909: icmp_seq=196 ttl=63 time=95.9 ms
64 bytes from aaaa::212:7409:9:909: icmp_seq=197 ttl=63 time=96.0 ms
64 bytes from aaaa::212:7409:9:909: icmp_seq=198 ttl=63 time=270 ms
64 bytes from aaaa::212:7409:9:909: icmp_seq=199 ttl=63 time=107 ms
64 bytes from aaaa::212:7409:9:909: icmp_seq=200 ttl=63 time=79.4 ms

--- aaaa::212:7409:9:909 ping statistics ---
200 packets transmitted, 166 received, 17% packet loss, time 1000107ms
rtt min/avg/max/mdev = 43.602/86.088/306.375/50.580 ms
