PING aaaa::212:7408:8:808(aaaa::212:7408:8:808) 56 data bytes
64 bytes from aaaa::212:7408:8:808: icmp_seq=3 ttl=62 time=134 ms
64 bytes from aaaa::212:7408:8:808: icmp_seq=6 ttl=62 time=153 ms
64 bytes from aaaa::212:7408:8:808: icmp_seq=7 ttl=62 time=143 ms
64 bytes from aaaa::212:7408:8:808: icmp_seq=9 ttl=62 time=127 ms
64 bytes from aaaa::212:7408:8:808: icmp_seq=20 ttl=62 time=127 ms
64 bytes from aaaa::212:7408:8:808: icmp_seq=23 ttl=62 time=107 ms
64 bytes from aaaa::212:7408:8:808: icmp_seq=24 ttl=62 time=120 ms
64 bytes from aaaa::212:7408:8:808: icmp_seq=26 ttl=62 time=117 ms
64 bytes from aaaa::212:7408:8:808: icmp_seq=27 ttl=62 time=84.1 ms
64 bytes from aaaa::212:7408:8:808: icmp_seq=29 ttl=62 time=108 ms
64 bytes from aaaa::212:7408:8:808: icmp_seq=33 ttl=62 time=223 ms
64 bytes from aaaa::212:7408:8:808: icmp_seq=34 ttl=62 time=290 ms
64 bytes from aaaa::212:7408:8:808: icmp_seq=36 ttl=62 time=123 ms
64 bytes from aaaa::212:7408:8:808: icmp_seq=38 ttl=62 time=114 ms
64 bytes from aaaa::212:7408:8:808: icmp_seq=40 ttl=62 time=130 ms
64 bytes from aaaa::212:7408:8:808: icmp_seq=42 ttl=62 time=131 ms
64 bytes from aaaa::212:7408:8:808: icmp_seq=43 ttl=62 time=106 ms
64 bytes from aaaa::212:7408:8:808: icmp_seq=46 ttl=62 time=116 ms
64 bytes from aaaa::212:7408:8:808: icmp_seq=47 ttl=62 time=136 ms
64 bytes from aaaa::212:7408:8:808: icmp_seq=49 ttl=62 time=107 ms
64 bytes from aaaa::212:7408:8:808: icmp_seq=51 ttl=62 time=111 ms
64 bytes from aaaa::212:7408:8:808: icmp_seq=52 ttl=62 time=117 ms
64 bytes from aaaa::212:7408:8:808: icmp_seq=54 ttl=62 time=175 ms
64 bytes from aaaa::212:7408:8:808: icmp_seq=56 ttl=62 time=143 ms
64 bytes from aaaa::212:7408:8:808: icmp_seq=57 ttl=62 time=115 ms
64 bytes from aaaa::212:7408:8:808: icmp_seq=61 ttl=62 time=137 ms
64 bytes from aaaa::212:7408:8:808: icmp_seq=63 ttl=62 time=759 ms
64 bytes from aaaa::212:7408:8:808: icmp_seq=65 ttl=62 time=158 ms
64 bytes from aaaa::212:7408:8:808: icmp_seq=67 ttl=62 time=151 ms
64 bytes from aaaa::212:7408:8:808: icmp_seq=68 ttl=62 time=159 ms
64 bytes from aaaa::212:7408:8:808: icmp_seq=75 ttl=62 time=104 ms
64 bytes from aaaa::212:7408:8:808: icmp_seq=76 ttl=62 time=90.3 ms
64 bytes from aaaa::212:7408:8:808: icmp_seq=77 ttl=62 time=128 ms
64 bytes from aaaa::212:7408:8:808: icmp_seq=78 ttl=62 time=121 ms
64 bytes from aaaa::212:7408:8:808: icmp_seq=79 ttl=62 time=139 ms
64 bytes from aaaa::212:7408:8:808: icmp_seq=90 ttl=62 time=96.3 ms
64 bytes from aaaa::212:7408:8:808: icmp_seq=92 ttl=62 time=99.5 ms
64 bytes from aaaa::212:7408:8:808: icmp_seq=94 ttl=62 time=92.6 ms
64 bytes from aaaa::212:7408:8:808: icmp_seq=96 ttl=62 time=118 ms
64 bytes from aaaa::212:7408:8:808: icmp_seq=98 ttl=62 time=99.0 ms
64 bytes from aaaa::212:7408:8:808: icmp_seq=99 ttl=62 time=111 ms
64 bytes from aaaa::212:7408:8:808: icmp_seq=101 ttl=62 time=122 ms
64 bytes from aaaa::212:7408:8:808: icmp_seq=103 ttl=62 time=143 ms
64 bytes from aaaa::212:7408:8:808: icmp_seq=105 ttl=62 time=164 ms
64 bytes from aaaa::212:7408:8:808: icmp_seq=107 ttl=62 time=120 ms
64 bytes from aaaa::212:7408:8:808: icmp_seq=109 ttl=62 time=131 ms
64 bytes from aaaa::212:7408:8:808: icmp_seq=111 ttl=62 time=114 ms
64 bytes from aaaa::212:7408:8:808: icmp_seq=113 ttl=62 time=113 ms
64 bytes from aaaa::212:7408:8:808: icmp_seq=115 ttl=62 time=138 ms
64 bytes from aaaa::212:7408:8:808: icmp_seq=116 ttl=62 time=111 ms
64 bytes from aaaa::212:7408:8:808: icmp_seq=118 ttl=62 time=106 ms
64 bytes from aaaa::212:7408:8:808: icmp_seq=120 ttl=62 time=116 ms
64 bytes from aaaa::212:7408:8:808: icmp_seq=122 ttl=62 time=122 ms
64 bytes from aaaa::212:7408:8:808: icmp_seq=126 ttl=62 time=129 ms
64 bytes from aaaa::212:7408:8:808: icmp_seq=128 ttl=62 time=110 ms
64 bytes from aaaa::212:7408:8:808: icmp_seq=130 ttl=62 time=94.7 ms
64 bytes from aaaa::212:7408:8:808: icmp_seq=132 ttl=62 time=141 ms
64 bytes from aaaa::212:7408:8:808: icmp_seq=134 ttl=62 time=116 ms
64 bytes from aaaa::212:7408:8:808: icmp_seq=135 ttl=62 time=302 ms
64 bytes from aaaa::212:7408:8:808: icmp_seq=137 ttl=62 time=123 ms
64 bytes from aaaa::212:7408:8:808: icmp_seq=138 ttl=62 time=99.6 ms
64 bytes from aaaa::212:7408:8:808: icmp_seq=139 ttl=62 time=99.9 ms
64 bytes from aaaa::212:7408:8:808: icmp_seq=140 ttl=62 time=93.4 ms
64 bytes from aaaa::212:7408:8:808: icmp_seq=141 ttl=62 time=118 ms
64 bytes from aaaa::212:7408:8:808: icmp_seq=143 ttl=62 time=104 ms
64 bytes from aaaa::212:7408:8:808: icmp_seq=144 ttl=62 time=108 ms
64 bytes from aaaa::212:7408:8:808: icmp_seq=145 ttl=62 time=100 ms
64 bytes from aaaa::212:7408:8:808: icmp_seq=147 ttl=62 time=113 ms
64 bytes from aaaa::212:7408:8:808: icmp_seq=149 ttl=62 time=161 ms
64 bytes from aaaa::212:7408:8:808: icmp_seq=151 ttl=62 time=109 ms
64 bytes from aaaa::212:7408:8:808: icmp_seq=153 ttl=62 time=136 ms
64 bytes from aaaa::212:7408:8:808: icmp_seq=155 ttl=62 time=166 ms
64 bytes from aaaa::212:7408:8:808: icmp_seq=157 ttl=62 time=157 ms
64 bytes from aaaa::212:7408:8:808: icmp_seq=159 ttl=62 time=119 ms
64 bytes from aaaa::212:7408:8:808: icmp_seq=161 ttl=62 time=109 ms
64 bytes from aaaa::212:7408:8:808: icmp_seq=162 ttl=62 time=304 ms
64 bytes from aaaa::212:7408:8:808: icmp_seq=163 ttl=62 time=133 ms
64 bytes from aaaa::212:7408:8:808: icmp_seq=164 ttl=62 time=117 ms
64 bytes from aaaa::212:7408:8:808: icmp_seq=165 ttl=62 time=169 ms
64 bytes from aaaa::212:7408:8:808: icmp_seq=168 ttl=62 time=133 ms
64 bytes from aaaa::212:7408:8:808: icmp_seq=169 ttl=62 time=120 ms
64 bytes from aaaa::212:7408:8:808: icmp_seq=171 ttl=62 time=116 ms
64 bytes from aaaa::212:7408:8:808: icmp_seq=172 ttl=62 time=100 ms
64 bytes from aaaa::212:7408:8:808: icmp_seq=174 ttl=62 time=115 ms
64 bytes from aaaa::212:7408:8:808: icmp_seq=176 ttl=62 time=138 ms
64 bytes from aaaa::212:7408:8:808: icmp_seq=177 ttl=62 time=95.8 ms
64 bytes from aaaa::212:7408:8:808: icmp_seq=178 ttl=62 time=106 ms
64 bytes from aaaa::212:7408:8:808: icmp_seq=179 ttl=62 time=170 ms
64 bytes from aaaa::212:7408:8:808: icmp_seq=180 ttl=62 time=99.4 ms
64 bytes from aaaa::212:7408:8:808: icmp_seq=181 ttl=62 time=121 ms
64 bytes from aaaa::212:7408:8:808: icmp_seq=182 ttl=62 time=154 ms
64 bytes from aaaa::212:7408:8:808: icmp_seq=184 ttl=62 time=161 ms
64 bytes from aaaa::212:7408:8:808: icmp_seq=186 ttl=62 time=200 ms
64 bytes from aaaa::212:7408:8:808: icmp_seq=188 ttl=62 time=147 ms
64 bytes from aaaa::212:7408:8:808: icmp_seq=189 ttl=62 time=136 ms
64 bytes from aaaa::212:7408:8:808: icmp_seq=191 ttl=62 time=192 ms
64 bytes from aaaa::212:7408:8:808: icmp_seq=192 ttl=62 time=107 ms
64 bytes from aaaa::212:7408:8:808: icmp_seq=194 ttl=62 time=147 ms
64 bytes from aaaa::212:7408:8:808: icmp_seq=196 ttl=62 time=184 ms
64 bytes from aaaa::212:7408:8:808: icmp_seq=197 ttl=62 time=114 ms
64 bytes from aaaa::212:7408:8:808: icmp_seq=198 ttl=62 time=114 ms

--- aaaa::212:7408:8:808 ping statistics ---
200 packets transmitted, 101 received, 49% packet loss, time 1011831ms
rtt min/avg/max/mdev = 84.178/138.289/759.126/73.039 ms
