PING aaaa::212:7408:8:808(aaaa::212:7408:8:808) 56 data bytes
64 bytes from aaaa::212:7408:8:808: icmp_seq=1 ttl=62 time=134 ms
64 bytes from aaaa::212:7408:8:808: icmp_seq=2 ttl=62 time=126 ms
64 bytes from aaaa::212:7408:8:808: icmp_seq=7 ttl=62 time=153 ms
64 bytes from aaaa::212:7408:8:808: icmp_seq=16 ttl=62 time=126 ms
64 bytes from aaaa::212:7408:8:808: icmp_seq=18 ttl=62 time=161 ms
64 bytes from aaaa::212:7408:8:808: icmp_seq=22 ttl=62 time=141 ms
64 bytes from aaaa::212:7408:8:808: icmp_seq=24 ttl=62 time=151 ms
64 bytes from aaaa::212:7408:8:808: icmp_seq=25 ttl=62 time=99.6 ms
64 bytes from aaaa::212:7408:8:808: icmp_seq=26 ttl=62 time=99.1 ms
64 bytes from aaaa::212:7408:8:808: icmp_seq=27 ttl=62 time=91.2 ms
64 bytes from aaaa::212:7408:8:808: icmp_seq=28 ttl=62 time=106 ms
64 bytes from aaaa::212:7408:8:808: icmp_seq=29 ttl=62 time=101 ms
64 bytes from aaaa::212:7408:8:808: icmp_seq=30 ttl=62 time=120 ms
64 bytes from aaaa::212:7408:8:808: icmp_seq=31 ttl=62 time=114 ms
64 bytes from aaaa::212:7408:8:808: icmp_seq=32 ttl=62 time=103 ms
64 bytes from aaaa::212:7408:8:808: icmp_seq=33 ttl=62 time=118 ms
64 bytes from aaaa::212:7408:8:808: icmp_seq=40 ttl=62 time=88.3 ms
64 bytes from aaaa::212:7408:8:808: icmp_seq=42 ttl=62 time=189 ms
64 bytes from aaaa::212:7408:8:808: icmp_seq=43 ttl=62 time=149 ms
64 bytes from aaaa::212:7408:8:808: icmp_seq=45 ttl=62 time=361 ms
64 bytes from aaaa::212:7408:8:808: icmp_seq=49 ttl=62 time=81.1 ms
64 bytes from aaaa::212:7408:8:808: icmp_seq=51 ttl=62 time=507 ms
64 bytes from aaaa::212:7408:8:808: icmp_seq=52 ttl=62 time=166 ms
64 bytes from aaaa::212:7408:8:808: icmp_seq=53 ttl=62 time=96.1 ms
64 bytes from aaaa::212:7408:8:808: icmp_seq=54 ttl=62 time=79.6 ms
64 bytes from aaaa::212:7408:8:808: icmp_seq=55 ttl=62 time=101 ms
64 bytes from aaaa::212:7408:8:808: icmp_seq=56 ttl=62 time=222 ms
64 bytes from aaaa::212:7408:8:808: icmp_seq=57 ttl=62 time=162 ms
64 bytes from aaaa::212:7408:8:808: icmp_seq=58 ttl=62 time=92.9 ms
64 bytes from aaaa::212:7408:8:808: icmp_seq=59 ttl=62 time=81.0 ms
64 bytes from aaaa::212:7408:8:808: icmp_seq=60 ttl=62 time=88.6 ms
64 bytes from aaaa::212:7408:8:808: icmp_seq=61 ttl=62 time=91.9 ms
64 bytes from aaaa::212:7408:8:808: icmp_seq=62 ttl=62 time=85.0 ms
64 bytes from aaaa::212:7408:8:808: icmp_seq=63 ttl=62 time=77.2 ms
64 bytes from aaaa::212:7408:8:808: icmp_seq=64 ttl=62 time=75.8 ms
64 bytes from aaaa::212:7408:8:808: icmp_seq=65 ttl=62 time=213 ms
64 bytes from aaaa::212:7408:8:808: icmp_seq=66 ttl=62 time=114 ms
64 bytes from aaaa::212:7408:8:808: icmp_seq=67 ttl=62 time=77.4 ms
64 bytes from aaaa::212:7408:8:808: icmp_seq=68 ttl=62 time=91.9 ms
64 bytes from aaaa::212:7408:8:808: icmp_seq=69 ttl=62 time=76.6 ms
64 bytes from aaaa::212:7408:8:808: icmp_seq=70 ttl=62 time=110 ms
64 bytes from aaaa::212:7408:8:808: icmp_seq=71 ttl=62 time=163 ms
64 bytes from aaaa::212:7408:8:808: icmp_seq=72 ttl=62 time=135 ms
64 bytes from aaaa::212:7408:8:808: icmp_seq=73 ttl=62 time=107 ms
64 bytes from aaaa::212:7408:8:808: icmp_seq=74 ttl=62 time=79.9 ms
64 bytes from aaaa::212:7408:8:808: icmp_seq=75 ttl=62 time=82.0 ms
64 bytes from aaaa::212:7408:8:808: icmp_seq=76 ttl=62 time=188 ms
64 bytes from aaaa::212:7408:8:808: icmp_seq=77 ttl=62 time=108 ms
64 bytes from aaaa::212:7408:8:808: icmp_seq=78 ttl=62 time=74.8 ms
64 bytes from aaaa::212:7408:8:808: icmp_seq=79 ttl=62 time=153 ms
64 bytes from aaaa::212:7408:8:808: icmp_seq=80 ttl=62 time=100 ms
64 bytes from aaaa::212:7408:8:808: icmp_seq=81 ttl=62 time=81.0 ms
64 bytes from aaaa::212:7408:8:808: icmp_seq=82 ttl=62 time=86.9 ms
64 bytes from aaaa::212:7408:8:808: icmp_seq=83 ttl=62 time=99.6 ms
64 bytes from aaaa::212:7408:8:808: icmp_seq=84 ttl=62 time=129 ms
64 bytes from aaaa::212:7408:8:808: icmp_seq=85 ttl=62 time=110 ms
64 bytes from aaaa::212:7408:8:808: icmp_seq=86 ttl=62 time=70.2 ms
64 bytes from aaaa::212:7408:8:808: icmp_seq=87 ttl=62 time=115 ms
64 bytes from aaaa::212:7408:8:808: icmp_seq=88 ttl=62 time=98.8 ms
64 bytes from aaaa::212:7408:8:808: icmp_seq=89 ttl=62 time=88.2 ms
64 bytes from aaaa::212:7408:8:808: icmp_seq=90 ttl=62 time=145 ms
64 bytes from aaaa::212:7408:8:808: icmp_seq=91 ttl=62 time=123 ms
64 bytes from aaaa::212:7408:8:808: icmp_seq=92 ttl=62 time=124 ms
64 bytes from aaaa::212:7408:8:808: icmp_seq=93 ttl=62 time=164 ms
64 bytes from aaaa::212:7408:8:808: icmp_seq=95 ttl=62 time=144 ms
64 bytes from aaaa::212:7408:8:808: icmp_seq=96 ttl=62 time=139 ms
64 bytes from aaaa::212:7408:8:808: icmp_seq=97 ttl=62 time=75.2 ms
64 bytes from aaaa::212:7408:8:808: icmp_seq=98 ttl=62 time=95.9 ms
64 bytes from aaaa::212:7408:8:808: icmp_seq=99 ttl=62 time=91.1 ms
64 bytes from aaaa::212:7408:8:808: icmp_seq=100 ttl=62 time=104 ms
64 bytes from aaaa::212:7408:8:808: icmp_seq=101 ttl=62 time=107 ms
64 bytes from aaaa::212:7408:8:808: icmp_seq=102 ttl=62 time=91.4 ms
64 bytes from aaaa::212:7408:8:808: icmp_seq=103 ttl=62 time=91.4 ms
64 bytes from aaaa::212:7408:8:808: icmp_seq=104 ttl=62 time=72.5 ms
64 bytes from aaaa::212:7408:8:808: icmp_seq=105 ttl=62 time=78.5 ms
64 bytes from aaaa::212:7408:8:808: icmp_seq=106 ttl=62 time=81.1 ms
64 bytes from aaaa::212:7408:8:808: icmp_seq=107 ttl=62 time=274 ms
64 bytes from aaaa::212:7408:8:808: icmp_seq=108 ttl=62 time=98.8 ms
64 bytes from aaaa::212:7408:8:808: icmp_seq=109 ttl=62 time=90.6 ms
64 bytes from aaaa::212:7408:8:808: icmp_seq=110 ttl=62 time=92.4 ms
64 bytes from aaaa::212:7408:8:808: icmp_seq=111 ttl=62 time=84.5 ms
64 bytes from aaaa::212:7408:8:808: icmp_seq=112 ttl=62 time=114 ms
64 bytes from aaaa::212:7408:8:808: icmp_seq=113 ttl=62 time=77.8 ms
64 bytes from aaaa::212:7408:8:808: icmp_seq=114 ttl=62 time=72.5 ms
64 bytes from aaaa::212:7408:8:808: icmp_seq=115 ttl=62 time=85.2 ms
64 bytes from aaaa::212:7408:8:808: icmp_seq=116 ttl=62 time=72.3 ms
64 bytes from aaaa::212:7408:8:808: icmp_seq=117 ttl=62 time=83.9 ms
64 bytes from aaaa::212:7408:8:808: icmp_seq=118 ttl=62 time=71.6 ms
64 bytes from aaaa::212:7408:8:808: icmp_seq=119 ttl=62 time=87.3 ms
64 bytes from aaaa::212:7408:8:808: icmp_seq=120 ttl=62 time=90.8 ms
64 bytes from aaaa::212:7408:8:808: icmp_seq=121 ttl=62 time=75.3 ms
64 bytes from aaaa::212:7408:8:808: icmp_seq=122 ttl=62 time=77.8 ms
64 bytes from aaaa::212:7408:8:808: icmp_seq=123 ttl=62 time=108 ms
64 bytes from aaaa::212:7408:8:808: icmp_seq=124 ttl=62 time=128 ms
64 bytes from aaaa::212:7408:8:808: icmp_seq=125 ttl=62 time=99.6 ms
64 bytes from aaaa::212:7408:8:808: icmp_seq=126 ttl=62 time=94.8 ms
64 bytes from aaaa::212:7408:8:808: icmp_seq=127 ttl=62 time=101 ms
64 bytes from aaaa::212:7408:8:808: icmp_seq=128 ttl=62 time=189 ms
64 bytes from aaaa::212:7408:8:808: icmp_seq=129 ttl=62 time=133 ms
64 bytes from aaaa::212:7408:8:808: icmp_seq=130 ttl=62 time=165 ms
64 bytes from aaaa::212:7408:8:808: icmp_seq=131 ttl=62 time=152 ms
64 bytes from aaaa::212:7408:8:808: icmp_seq=132 ttl=62 time=114 ms
64 bytes from aaaa::212:7408:8:808: icmp_seq=133 ttl=62 time=123 ms
64 bytes from aaaa::212:7408:8:808: icmp_seq=134 ttl=62 time=98.6 ms
64 bytes from aaaa::212:7408:8:808: icmp_seq=135 ttl=62 time=83.5 ms
64 bytes from aaaa::212:7408:8:808: icmp_seq=136 ttl=62 time=478 ms
64 bytes from aaaa::212:7408:8:808: icmp_seq=137 ttl=62 time=121 ms
64 bytes from aaaa::212:7408:8:808: icmp_seq=138 ttl=62 time=103 ms
64 bytes from aaaa::212:7408:8:808: icmp_seq=139 ttl=62 time=153 ms
64 bytes from aaaa::212:7408:8:808: icmp_seq=140 ttl=62 time=66.6 ms
64 bytes from aaaa::212:7408:8:808: icmp_seq=141 ttl=62 time=86.4 ms
64 bytes from aaaa::212:7408:8:808: icmp_seq=142 ttl=62 time=95.2 ms
64 bytes from aaaa::212:7408:8:808: icmp_seq=143 ttl=62 time=88.3 ms
64 bytes from aaaa::212:7408:8:808: icmp_seq=144 ttl=62 time=94.9 ms
64 bytes from aaaa::212:7408:8:808: icmp_seq=145 ttl=62 time=72.3 ms
64 bytes from aaaa::212:7408:8:808: icmp_seq=146 ttl=62 time=89.8 ms
64 bytes from aaaa::212:7408:8:808: icmp_seq=147 ttl=62 time=108 ms
64 bytes from aaaa::212:7408:8:808: icmp_seq=148 ttl=62 time=85.1 ms
64 bytes from aaaa::212:7408:8:808: icmp_seq=149 ttl=62 time=115 ms
64 bytes from aaaa::212:7408:8:808: icmp_seq=150 ttl=62 time=82.0 ms
64 bytes from aaaa::212:7408:8:808: icmp_seq=151 ttl=62 time=90.7 ms
64 bytes from aaaa::212:7408:8:808: icmp_seq=152 ttl=62 time=100 ms
64 bytes from aaaa::212:7408:8:808: icmp_seq=153 ttl=62 time=78.3 ms
64 bytes from aaaa::212:7408:8:808: icmp_seq=154 ttl=62 time=126 ms
64 bytes from aaaa::212:7408:8:808: icmp_seq=155 ttl=62 time=76.6 ms
64 bytes from aaaa::212:7408:8:808: icmp_seq=156 ttl=62 time=91.6 ms
64 bytes from aaaa::212:7408:8:808: icmp_seq=157 ttl=62 time=78.8 ms
64 bytes from aaaa::212:7408:8:808: icmp_seq=158 ttl=62 time=76.7 ms
64 bytes from aaaa::212:7408:8:808: icmp_seq=159 ttl=62 time=72.9 ms
64 bytes from aaaa::212:7408:8:808: icmp_seq=160 ttl=62 time=97.0 ms
64 bytes from aaaa::212:7408:8:808: icmp_seq=161 ttl=62 time=69.2 ms
64 bytes from aaaa::212:7408:8:808: icmp_seq=162 ttl=62 time=79.4 ms
64 bytes from aaaa::212:7408:8:808: icmp_seq=163 ttl=62 time=136 ms
64 bytes from aaaa::212:7408:8:808: icmp_seq=164 ttl=62 time=84.1 ms
64 bytes from aaaa::212:7408:8:808: icmp_seq=165 ttl=62 time=81.2 ms
64 bytes from aaaa::212:7408:8:808: icmp_seq=166 ttl=62 time=93.1 ms
64 bytes from aaaa::212:7408:8:808: icmp_seq=167 ttl=62 time=89.4 ms
64 bytes from aaaa::212:7408:8:808: icmp_seq=168 ttl=62 time=92.2 ms
64 bytes from aaaa::212:7408:8:808: icmp_seq=169 ttl=62 time=60.5 ms
64 bytes from aaaa::212:7408:8:808: icmp_seq=170 ttl=62 time=83.4 ms
64 bytes from aaaa::212:7408:8:808: icmp_seq=171 ttl=62 time=158 ms
64 bytes from aaaa::212:7408:8:808: icmp_seq=172 ttl=62 time=77.5 ms
64 bytes from aaaa::212:7408:8:808: icmp_seq=173 ttl=62 time=94.6 ms
64 bytes from aaaa::212:7408:8:808: icmp_seq=174 ttl=62 time=81.2 ms
64 bytes from aaaa::212:7408:8:808: icmp_seq=175 ttl=62 time=90.6 ms
64 bytes from aaaa::212:7408:8:808: icmp_seq=176 ttl=62 time=91.9 ms
64 bytes from aaaa::212:7408:8:808: icmp_seq=177 ttl=62 time=76.7 ms
64 bytes from aaaa::212:7408:8:808: icmp_seq=178 ttl=62 time=95.6 ms
64 bytes from aaaa::212:7408:8:808: icmp_seq=179 ttl=62 time=86.8 ms
64 bytes from aaaa::212:7408:8:808: icmp_seq=180 ttl=62 time=78.6 ms
64 bytes from aaaa::212:7408:8:808: icmp_seq=181 ttl=62 time=112 ms
64 bytes from aaaa::212:7408:8:808: icmp_seq=182 ttl=62 time=84.6 ms
64 bytes from aaaa::212:7408:8:808: icmp_seq=183 ttl=62 time=69.3 ms
64 bytes from aaaa::212:7408:8:808: icmp_seq=184 ttl=62 time=94.0 ms
64 bytes from aaaa::212:7408:8:808: icmp_seq=185 ttl=62 time=83.3 ms
64 bytes from aaaa::212:7408:8:808: icmp_seq=186 ttl=62 time=86.2 ms
64 bytes from aaaa::212:7408:8:808: icmp_seq=187 ttl=62 time=77.9 ms
64 bytes from aaaa::212:7408:8:808: icmp_seq=188 ttl=62 time=138 ms
64 bytes from aaaa::212:7408:8:808: icmp_seq=189 ttl=62 time=88.7 ms
64 bytes from aaaa::212:7408:8:808: icmp_seq=190 ttl=62 time=61.1 ms
64 bytes from aaaa::212:7408:8:808: icmp_seq=191 ttl=62 time=87.4 ms
64 bytes from aaaa::212:7408:8:808: icmp_seq=192 ttl=62 time=96.1 ms
64 bytes from aaaa::212:7408:8:808: icmp_seq=193 ttl=62 time=86.1 ms
64 bytes from aaaa::212:7408:8:808: icmp_seq=194 ttl=62 time=77.2 ms
64 bytes from aaaa::212:7408:8:808: icmp_seq=195 ttl=62 time=67.2 ms
64 bytes from aaaa::212:7408:8:808: icmp_seq=196 ttl=62 time=74.4 ms
64 bytes from aaaa::212:7408:8:808: icmp_seq=197 ttl=62 time=105 ms
64 bytes from aaaa::212:7408:8:808: icmp_seq=198 ttl=62 time=80.9 ms
64 bytes from aaaa::212:7408:8:808: icmp_seq=199 ttl=62 time=79.9 ms
64 bytes from aaaa::212:7408:8:808: icmp_seq=200 ttl=62 time=67.6 ms

--- aaaa::212:7408:8:808 ping statistics ---
200 packets transmitted, 170 received, 15% packet loss, time 1000064ms
rtt min/avg/max/mdev = 60.550/109.655/507.673/56.704 ms
