PING aaaa::212:7404:4:404(aaaa::212:7404:4:404) 56 data bytes
64 bytes from aaaa::212:7404:4:404: icmp_seq=1 ttl=62 time=143 ms
64 bytes from aaaa::212:7404:4:404: icmp_seq=2 ttl=62 time=178 ms
64 bytes from aaaa::212:7404:4:404: icmp_seq=5 ttl=62 time=208 ms
64 bytes from aaaa::212:7404:4:404: icmp_seq=19 ttl=62 time=225 ms
64 bytes from aaaa::212:7404:4:404: icmp_seq=21 ttl=62 time=145 ms
64 bytes from aaaa::212:7404:4:404: icmp_seq=25 ttl=62 time=151 ms
64 bytes from aaaa::212:7404:4:404: icmp_seq=27 ttl=62 time=106 ms
64 bytes from aaaa::212:7404:4:404: icmp_seq=28 ttl=62 time=128 ms
64 bytes from aaaa::212:7404:4:404: icmp_seq=30 ttl=62 time=95.4 ms
64 bytes from aaaa::212:7404:4:404: icmp_seq=34 ttl=62 time=132 ms
64 bytes from aaaa::212:7404:4:404: icmp_seq=35 ttl=62 time=122 ms
64 bytes from aaaa::212:7404:4:404: icmp_seq=37 ttl=62 time=121 ms
64 bytes from aaaa::212:7404:4:404: icmp_seq=39 ttl=62 time=139 ms
64 bytes from aaaa::212:7404:4:404: icmp_seq=41 ttl=62 time=138 ms
64 bytes from aaaa::212:7404:4:404: icmp_seq=44 ttl=62 time=150 ms
64 bytes from aaaa::212:7404:4:404: icmp_seq=47 ttl=62 time=139 ms
64 bytes from aaaa::212:7404:4:404: icmp_seq=48 ttl=62 time=88.6 ms
64 bytes from aaaa::212:7404:4:404: icmp_seq=50 ttl=62 time=145 ms
64 bytes from aaaa::212:7404:4:404: icmp_seq=52 ttl=62 time=99.5 ms
64 bytes from aaaa::212:7404:4:404: icmp_seq=53 ttl=62 time=97.0 ms
64 bytes from aaaa::212:7404:4:404: icmp_seq=55 ttl=62 time=149 ms
64 bytes from aaaa::212:7404:4:404: icmp_seq=57 ttl=62 time=111 ms
64 bytes from aaaa::212:7404:4:404: icmp_seq=58 ttl=62 time=140 ms
64 bytes from aaaa::212:7404:4:404: icmp_seq=62 ttl=62 time=132 ms
64 bytes from aaaa::212:7404:4:404: icmp_seq=64 ttl=62 time=173 ms
64 bytes from aaaa::212:7404:4:404: icmp_seq=68 ttl=62 time=101 ms
64 bytes from aaaa::212:7404:4:404: icmp_seq=75 ttl=62 time=257 ms
64 bytes from aaaa::212:7404:4:404: icmp_seq=76 ttl=62 time=114 ms
64 bytes from aaaa::212:7404:4:404: icmp_seq=77 ttl=62 time=98.7 ms
64 bytes from aaaa::212:7404:4:404: icmp_seq=78 ttl=62 time=100 ms
64 bytes from aaaa::212:7404:4:404: icmp_seq=79 ttl=62 time=121 ms
64 bytes from aaaa::212:7404:4:404: icmp_seq=85 ttl=62 time=334 ms
64 bytes from aaaa::212:7404:4:404: icmp_seq=89 ttl=62 time=138 ms
64 bytes from aaaa::212:7404:4:404: icmp_seq=90 ttl=62 time=125 ms
64 bytes from aaaa::212:7404:4:404: icmp_seq=91 ttl=62 time=86.1 ms
64 bytes from aaaa::212:7404:4:404: icmp_seq=94 ttl=62 time=111 ms
64 bytes from aaaa::212:7404:4:404: icmp_seq=95 ttl=62 time=130 ms
64 bytes from aaaa::212:7404:4:404: icmp_seq=98 ttl=62 time=106 ms
64 bytes from aaaa::212:7404:4:404: icmp_seq=103 ttl=62 time=134 ms
64 bytes from aaaa::212:7404:4:404: icmp_seq=105 ttl=62 time=150 ms
64 bytes from aaaa::212:7404:4:404: icmp_seq=107 ttl=62 time=111 ms
64 bytes from aaaa::212:7404:4:404: icmp_seq=109 ttl=62 time=109 ms
64 bytes from aaaa::212:7404:4:404: icmp_seq=111 ttl=62 time=216 ms
64 bytes from aaaa::212:7404:4:404: icmp_seq=113 ttl=62 time=120 ms
64 bytes from aaaa::212:7404:4:404: icmp_seq=115 ttl=62 time=101 ms
64 bytes from aaaa::212:7404:4:404: icmp_seq=116 ttl=62 time=200 ms
64 bytes from aaaa::212:7404:4:404: icmp_seq=118 ttl=62 time=109 ms
64 bytes from aaaa::212:7404:4:404: icmp_seq=120 ttl=62 time=95.7 ms
64 bytes from aaaa::212:7404:4:404: icmp_seq=122 ttl=62 time=108 ms
64 bytes from aaaa::212:7404:4:404: icmp_seq=125 ttl=62 time=103 ms
64 bytes from aaaa::212:7404:4:404: icmp_seq=126 ttl=62 time=97.2 ms
64 bytes from aaaa::212:7404:4:404: icmp_seq=128 ttl=62 time=117 ms
64 bytes from aaaa::212:7404:4:404: icmp_seq=130 ttl=62 time=104 ms
64 bytes from aaaa::212:7404:4:404: icmp_seq=132 ttl=62 time=119 ms
64 bytes from aaaa::212:7404:4:404: icmp_seq=134 ttl=62 time=101 ms
64 bytes from aaaa::212:7404:4:404: icmp_seq=137 ttl=62 time=97.1 ms
64 bytes from aaaa::212:7404:4:404: icmp_seq=139 ttl=62 time=147 ms
64 bytes from aaaa::212:7404:4:404: icmp_seq=141 ttl=62 time=114 ms
64 bytes from aaaa::212:7404:4:404: icmp_seq=143 ttl=62 time=106 ms
64 bytes from aaaa::212:7404:4:404: icmp_seq=144 ttl=62 time=136 ms
64 bytes from aaaa::212:7404:4:404: icmp_seq=145 ttl=62 time=98.9 ms
64 bytes from aaaa::212:7404:4:404: icmp_seq=147 ttl=62 time=113 ms
64 bytes from aaaa::212:7404:4:404: icmp_seq=149 ttl=62 time=100 ms
64 bytes from aaaa::212:7404:4:404: icmp_seq=151 ttl=62 time=106 ms
64 bytes from aaaa::212:7404:4:404: icmp_seq=155 ttl=62 time=515 ms
64 bytes from aaaa::212:7404:4:404: icmp_seq=157 ttl=62 time=130 ms
64 bytes from aaaa::212:7404:4:404: icmp_seq=159 ttl=62 time=105 ms
64 bytes from aaaa::212:7404:4:404: icmp_seq=161 ttl=62 time=114 ms
64 bytes from aaaa::212:7404:4:404: icmp_seq=163 ttl=62 time=90.8 ms
64 bytes from aaaa::212:7404:4:404: icmp_seq=166 ttl=62 time=143 ms
64 bytes from aaaa::212:7404:4:404: icmp_seq=168 ttl=62 time=110 ms
64 bytes from aaaa::212:7404:4:404: icmp_seq=169 ttl=62 time=133 ms
64 bytes from aaaa::212:7404:4:404: icmp_seq=171 ttl=62 time=112 ms
64 bytes from aaaa::212:7404:4:404: icmp_seq=173 ttl=62 time=107 ms
64 bytes from aaaa::212:7404:4:404: icmp_seq=175 ttl=62 time=152 ms
64 bytes from aaaa::212:7404:4:404: icmp_seq=183 ttl=62 time=200 ms
64 bytes from aaaa::212:7404:4:404: icmp_seq=186 ttl=62 time=124 ms
64 bytes from aaaa::212:7404:4:404: icmp_seq=188 ttl=62 time=140 ms
64 bytes from aaaa::212:7404:4:404: icmp_seq=189 ttl=62 time=427 ms
64 bytes from aaaa::212:7404:4:404: icmp_seq=190 ttl=62 time=105 ms
64 bytes from aaaa::212:7404:4:404: icmp_seq=193 ttl=62 time=117 ms
64 bytes from aaaa::212:7404:4:404: icmp_seq=195 ttl=62 time=115 ms
64 bytes from aaaa::212:7404:4:404: icmp_seq=199 ttl=62 time=175 ms
64 bytes from aaaa::212:7404:4:404: icmp_seq=200 ttl=62 time=114 ms

--- aaaa::212:7404:4:404 ping statistics ---
200 packets transmitted, 84 received, 58% packet loss, time 1014955ms
rtt min/avg/max/mdev = 86.159/138.710/515.426/65.442 ms
