PING aaaa::212:740a:a:a0a(aaaa::212:740a:a:a0a) 56 data bytes
64 bytes from aaaa::212:740a:a:a0a: icmp_seq=1 ttl=60 time=376 ms
64 bytes from aaaa::212:740a:a:a0a: icmp_seq=3 ttl=60 time=167 ms
64 bytes from aaaa::212:740a:a:a0a: icmp_seq=4 ttl=60 time=302 ms
64 bytes from aaaa::212:740a:a:a0a: icmp_seq=5 ttl=60 time=683 ms
64 bytes from aaaa::212:740a:a:a0a: icmp_seq=6 ttl=60 time=307 ms
64 bytes from aaaa::212:740a:a:a0a: icmp_seq=7 ttl=60 time=343 ms
64 bytes from aaaa::212:740a:a:a0a: icmp_seq=8 ttl=60 time=604 ms
64 bytes from aaaa::212:740a:a:a0a: icmp_seq=9 ttl=60 time=417 ms
64 bytes from aaaa::212:740a:a:a0a: icmp_seq=10 ttl=60 time=339 ms
64 bytes from aaaa::212:740a:a:a0a: icmp_seq=11 ttl=60 time=409 ms
64 bytes from aaaa::212:740a:a:a0a: icmp_seq=12 ttl=60 time=520 ms
64 bytes from aaaa::212:740a:a:a0a: icmp_seq=13 ttl=60 time=833 ms
64 bytes from aaaa::212:740a:a:a0a: icmp_seq=14 ttl=60 time=583 ms
64 bytes from aaaa::212:740a:a:a0a: icmp_seq=15 ttl=60 time=510 ms
64 bytes from aaaa::212:740a:a:a0a: icmp_seq=16 ttl=60 time=390 ms
64 bytes from aaaa::212:740a:a:a0a: icmp_seq=17 ttl=60 time=523 ms
64 bytes from aaaa::212:740a:a:a0a: icmp_seq=18 ttl=60 time=616 ms
64 bytes from aaaa::212:740a:a:a0a: icmp_seq=19 ttl=60 time=640 ms
64 bytes from aaaa::212:740a:a:a0a: icmp_seq=20 ttl=60 time=656 ms
64 bytes from aaaa::212:740a:a:a0a: icmp_seq=21 ttl=60 time=755 ms
64 bytes from aaaa::212:740a:a:a0a: icmp_seq=22 ttl=60 time=711 ms
64 bytes from aaaa::212:740a:a:a0a: icmp_seq=27 ttl=60 time=559 ms
64 bytes from aaaa::212:740a:a:a0a: icmp_seq=34 ttl=60 time=498 ms
64 bytes from aaaa::212:740a:a:a0a: icmp_seq=36 ttl=60 time=421 ms
64 bytes from aaaa::212:740a:a:a0a: icmp_seq=37 ttl=60 time=255 ms
64 bytes from aaaa::212:740a:a:a0a: icmp_seq=44 ttl=60 time=380 ms
64 bytes from aaaa::212:740a:a:a0a: icmp_seq=46 ttl=60 time=482 ms
64 bytes from aaaa::212:740a:a:a0a: icmp_seq=47 ttl=60 time=718 ms
64 bytes from aaaa::212:740a:a:a0a: icmp_seq=48 ttl=60 time=363 ms
64 bytes from aaaa::212:740a:a:a0a: icmp_seq=49 ttl=60 time=515 ms
64 bytes from aaaa::212:740a:a:a0a: icmp_seq=50 ttl=60 time=297 ms
64 bytes from aaaa::212:740a:a:a0a: icmp_seq=51 ttl=60 time=243 ms
64 bytes from aaaa::212:740a:a:a0a: icmp_seq=53 ttl=60 time=595 ms
64 bytes from aaaa::212:740a:a:a0a: icmp_seq=57 ttl=60 time=384 ms
64 bytes from aaaa::212:740a:a:a0a: icmp_seq=58 ttl=60 time=359 ms
64 bytes from aaaa::212:740a:a:a0a: icmp_seq=59 ttl=60 time=253 ms
64 bytes from aaaa::212:740a:a:a0a: icmp_seq=60 ttl=60 time=213 ms
64 bytes from aaaa::212:740a:a:a0a: icmp_seq=61 ttl=60 time=266 ms
64 bytes from aaaa::212:740a:a:a0a: icmp_seq=62 ttl=60 time=205 ms
64 bytes from aaaa::212:740a:a:a0a: icmp_seq=63 ttl=60 time=388 ms
64 bytes from aaaa::212:740a:a:a0a: icmp_seq=64 ttl=60 time=526 ms
64 bytes from aaaa::212:740a:a:a0a: icmp_seq=65 ttl=60 time=297 ms
64 bytes from aaaa::212:740a:a:a0a: icmp_seq=66 ttl=60 time=309 ms
64 bytes from aaaa::212:740a:a:a0a: icmp_seq=67 ttl=60 time=277 ms
64 bytes from aaaa::212:740a:a:a0a: icmp_seq=68 ttl=60 time=271 ms
64 bytes from aaaa::212:740a:a:a0a: icmp_seq=69 ttl=60 time=380 ms
64 bytes from aaaa::212:740a:a:a0a: icmp_seq=70 ttl=60 time=288 ms
64 bytes from aaaa::212:740a:a:a0a: icmp_seq=71 ttl=60 time=301 ms
64 bytes from aaaa::212:740a:a:a0a: icmp_seq=72 ttl=60 time=308 ms
64 bytes from aaaa::212:740a:a:a0a: icmp_seq=73 ttl=60 time=398 ms
64 bytes from aaaa::212:740a:a:a0a: icmp_seq=74 ttl=60 time=280 ms
64 bytes from aaaa::212:740a:a:a0a: icmp_seq=75 ttl=60 time=360 ms
64 bytes from aaaa::212:740a:a:a0a: icmp_seq=76 ttl=60 time=197 ms
64 bytes from aaaa::212:740a:a:a0a: icmp_seq=77 ttl=60 time=280 ms
64 bytes from aaaa::212:740a:a:a0a: icmp_seq=78 ttl=60 time=321 ms
64 bytes from aaaa::212:740a:a:a0a: icmp_seq=79 ttl=60 time=272 ms
64 bytes from aaaa::212:740a:a:a0a: icmp_seq=80 ttl=60 time=249 ms
64 bytes from aaaa::212:740a:a:a0a: icmp_seq=81 ttl=60 time=249 ms
64 bytes from aaaa::212:740a:a:a0a: icmp_seq=82 ttl=60 time=222 ms
64 bytes from aaaa::212:740a:a:a0a: icmp_seq=83 ttl=60 time=312 ms
64 bytes from aaaa::212:740a:a:a0a: icmp_seq=84 ttl=60 time=298 ms
64 bytes from aaaa::212:740a:a:a0a: icmp_seq=85 ttl=60 time=222 ms
64 bytes from aaaa::212:740a:a:a0a: icmp_seq=86 ttl=60 time=227 ms
64 bytes from aaaa::212:740a:a:a0a: icmp_seq=87 ttl=60 time=341 ms
64 bytes from aaaa::212:740a:a:a0a: icmp_seq=88 ttl=60 time=302 ms
64 bytes from aaaa::212:740a:a:a0a: icmp_seq=89 ttl=60 time=307 ms
64 bytes from aaaa::212:740a:a:a0a: icmp_seq=90 ttl=60 time=350 ms
64 bytes from aaaa::212:740a:a:a0a: icmp_seq=91 ttl=60 time=314 ms
64 bytes from aaaa::212:740a:a:a0a: icmp_seq=92 ttl=60 time=325 ms
64 bytes from aaaa::212:740a:a:a0a: icmp_seq=93 ttl=60 time=342 ms
64 bytes from aaaa::212:740a:a:a0a: icmp_seq=94 ttl=60 time=263 ms
64 bytes from aaaa::212:740a:a:a0a: icmp_seq=95 ttl=60 time=305 ms
64 bytes from aaaa::212:740a:a:a0a: icmp_seq=96 ttl=60 time=248 ms
64 bytes from aaaa::212:740a:a:a0a: icmp_seq=97 ttl=60 time=222 ms
64 bytes from aaaa::212:740a:a:a0a: icmp_seq=98 ttl=60 time=196 ms
64 bytes from aaaa::212:740a:a:a0a: icmp_seq=99 ttl=60 time=262 ms
64 bytes from aaaa::212:740a:a:a0a: icmp_seq=100 ttl=60 time=218 ms
64 bytes from aaaa::212:740a:a:a0a: icmp_seq=101 ttl=60 time=290 ms
64 bytes from aaaa::212:740a:a:a0a: icmp_seq=102 ttl=60 time=199 ms
64 bytes from aaaa::212:740a:a:a0a: icmp_seq=103 ttl=60 time=571 ms
64 bytes from aaaa::212:740a:a:a0a: icmp_seq=104 ttl=60 time=205 ms
64 bytes from aaaa::212:740a:a:a0a: icmp_seq=105 ttl=60 time=237 ms
64 bytes from aaaa::212:740a:a:a0a: icmp_seq=106 ttl=60 time=247 ms
64 bytes from aaaa::212:740a:a:a0a: icmp_seq=107 ttl=60 time=225 ms
64 bytes from aaaa::212:740a:a:a0a: icmp_seq=108 ttl=60 time=184 ms
64 bytes from aaaa::212:740a:a:a0a: icmp_seq=109 ttl=60 time=246 ms
64 bytes from aaaa::212:740a:a:a0a: icmp_seq=110 ttl=60 time=343 ms
64 bytes from aaaa::212:740a:a:a0a: icmp_seq=111 ttl=60 time=512 ms
64 bytes from aaaa::212:740a:a:a0a: icmp_seq=112 ttl=60 time=324 ms
64 bytes from aaaa::212:740a:a:a0a: icmp_seq=113 ttl=60 time=367 ms
64 bytes from aaaa::212:740a:a:a0a: icmp_seq=114 ttl=60 time=347 ms
64 bytes from aaaa::212:740a:a:a0a: icmp_seq=115 ttl=60 time=550 ms
64 bytes from aaaa::212:740a:a:a0a: icmp_seq=116 ttl=60 time=292 ms
64 bytes from aaaa::212:740a:a:a0a: icmp_seq=117 ttl=60 time=315 ms
64 bytes from aaaa::212:740a:a:a0a: icmp_seq=118 ttl=60 time=261 ms
64 bytes from aaaa::212:740a:a:a0a: icmp_seq=119 ttl=60 time=318 ms
64 bytes from aaaa::212:740a:a:a0a: icmp_seq=120 ttl=60 time=281 ms
64 bytes from aaaa::212:740a:a:a0a: icmp_seq=121 ttl=60 time=180 ms
64 bytes from aaaa::212:740a:a:a0a: icmp_seq=122 ttl=60 time=215 ms
64 bytes from aaaa::212:740a:a:a0a: icmp_seq=123 ttl=60 time=314 ms
64 bytes from aaaa::212:740a:a:a0a: icmp_seq=124 ttl=60 time=230 ms
64 bytes from aaaa::212:740a:a:a0a: icmp_seq=125 ttl=60 time=226 ms
64 bytes from aaaa::212:740a:a:a0a: icmp_seq=126 ttl=60 time=254 ms
64 bytes from aaaa::212:740a:a:a0a: icmp_seq=127 ttl=60 time=220 ms
64 bytes from aaaa::212:740a:a:a0a: icmp_seq=128 ttl=60 time=253 ms
64 bytes from aaaa::212:740a:a:a0a: icmp_seq=129 ttl=60 time=301 ms
64 bytes from aaaa::212:740a:a:a0a: icmp_seq=130 ttl=60 time=329 ms
64 bytes from aaaa::212:740a:a:a0a: icmp_seq=131 ttl=60 time=229 ms
64 bytes from aaaa::212:740a:a:a0a: icmp_seq=132 ttl=60 time=198 ms
64 bytes from aaaa::212:740a:a:a0a: icmp_seq=133 ttl=60 time=208 ms
64 bytes from aaaa::212:740a:a:a0a: icmp_seq=134 ttl=60 time=240 ms
64 bytes from aaaa::212:740a:a:a0a: icmp_seq=135 ttl=60 time=228 ms
64 bytes from aaaa::212:740a:a:a0a: icmp_seq=136 ttl=60 time=215 ms
64 bytes from aaaa::212:740a:a:a0a: icmp_seq=137 ttl=60 time=243 ms
64 bytes from aaaa::212:740a:a:a0a: icmp_seq=138 ttl=60 time=216 ms
64 bytes from aaaa::212:740a:a:a0a: icmp_seq=139 ttl=60 time=334 ms
64 bytes from aaaa::212:740a:a:a0a: icmp_seq=140 ttl=60 time=236 ms
64 bytes from aaaa::212:740a:a:a0a: icmp_seq=141 ttl=60 time=317 ms
64 bytes from aaaa::212:740a:a:a0a: icmp_seq=142 ttl=60 time=258 ms
64 bytes from aaaa::212:740a:a:a0a: icmp_seq=143 ttl=60 time=276 ms
64 bytes from aaaa::212:740a:a:a0a: icmp_seq=144 ttl=60 time=260 ms
64 bytes from aaaa::212:740a:a:a0a: icmp_seq=145 ttl=60 time=243 ms
64 bytes from aaaa::212:740a:a:a0a: icmp_seq=146 ttl=60 time=311 ms
64 bytes from aaaa::212:740a:a:a0a: icmp_seq=147 ttl=60 time=287 ms
64 bytes from aaaa::212:740a:a:a0a: icmp_seq=148 ttl=60 time=176 ms
64 bytes from aaaa::212:740a:a:a0a: icmp_seq=149 ttl=60 time=291 ms
64 bytes from aaaa::212:740a:a:a0a: icmp_seq=150 ttl=60 time=363 ms
64 bytes from aaaa::212:740a:a:a0a: icmp_seq=151 ttl=60 time=342 ms
64 bytes from aaaa::212:740a:a:a0a: icmp_seq=152 ttl=60 time=249 ms
64 bytes from aaaa::212:740a:a:a0a: icmp_seq=153 ttl=60 time=188 ms
64 bytes from aaaa::212:740a:a:a0a: icmp_seq=154 ttl=60 time=251 ms
64 bytes from aaaa::212:740a:a:a0a: icmp_seq=155 ttl=60 time=207 ms
64 bytes from aaaa::212:740a:a:a0a: icmp_seq=156 ttl=60 time=279 ms
64 bytes from aaaa::212:740a:a:a0a: icmp_seq=157 ttl=60 time=263 ms
64 bytes from aaaa::212:740a:a:a0a: icmp_seq=158 ttl=60 time=216 ms
64 bytes from aaaa::212:740a:a:a0a: icmp_seq=159 ttl=60 time=214 ms
64 bytes from aaaa::212:740a:a:a0a: icmp_seq=160 ttl=60 time=241 ms
64 bytes from aaaa::212:740a:a:a0a: icmp_seq=161 ttl=60 time=380 ms
64 bytes from aaaa::212:740a:a:a0a: icmp_seq=162 ttl=60 time=335 ms
64 bytes from aaaa::212:740a:a:a0a: icmp_seq=163 ttl=60 time=739 ms
64 bytes from aaaa::212:740a:a:a0a: icmp_seq=164 ttl=60 time=362 ms
64 bytes from aaaa::212:740a:a:a0a: icmp_seq=165 ttl=60 time=298 ms
64 bytes from aaaa::212:740a:a:a0a: icmp_seq=166 ttl=60 time=462 ms
64 bytes from aaaa::212:740a:a:a0a: icmp_seq=168 ttl=60 time=378 ms
64 bytes from aaaa::212:740a:a:a0a: icmp_seq=169 ttl=60 time=434 ms
64 bytes from aaaa::212:740a:a:a0a: icmp_seq=170 ttl=60 time=452 ms
64 bytes from aaaa::212:740a:a:a0a: icmp_seq=171 ttl=60 time=532 ms
64 bytes from aaaa::212:740a:a:a0a: icmp_seq=172 ttl=60 time=441 ms
64 bytes from aaaa::212:740a:a:a0a: icmp_seq=173 ttl=60 time=432 ms
64 bytes from aaaa::212:740a:a:a0a: icmp_seq=174 ttl=60 time=692 ms
64 bytes from aaaa::212:740a:a:a0a: icmp_seq=175 ttl=60 time=402 ms
64 bytes from aaaa::212:740a:a:a0a: icmp_seq=176 ttl=60 time=433 ms
64 bytes from aaaa::212:740a:a:a0a: icmp_seq=177 ttl=60 time=275 ms
64 bytes from aaaa::212:740a:a:a0a: icmp_seq=178 ttl=60 time=518 ms
64 bytes from aaaa::212:740a:a:a0a: icmp_seq=179 ttl=60 time=194 ms
64 bytes from aaaa::212:740a:a:a0a: icmp_seq=180 ttl=60 time=294 ms
64 bytes from aaaa::212:740a:a:a0a: icmp_seq=181 ttl=60 time=627 ms
64 bytes from aaaa::212:740a:a:a0a: icmp_seq=182 ttl=60 time=314 ms
64 bytes from aaaa::212:740a:a:a0a: icmp_seq=183 ttl=60 time=422 ms
64 bytes from aaaa::212:740a:a:a0a: icmp_seq=184 ttl=60 time=241 ms
64 bytes from aaaa::212:740a:a:a0a: icmp_seq=185 ttl=60 time=319 ms
64 bytes from aaaa::212:740a:a:a0a: icmp_seq=186 ttl=60 time=292 ms
64 bytes from aaaa::212:740a:a:a0a: icmp_seq=187 ttl=60 time=389 ms
64 bytes from aaaa::212:740a:a:a0a: icmp_seq=188 ttl=60 time=174 ms
64 bytes from aaaa::212:740a:a:a0a: icmp_seq=189 ttl=60 time=217 ms
64 bytes from aaaa::212:740a:a:a0a: icmp_seq=190 ttl=60 time=206 ms
64 bytes from aaaa::212:740a:a:a0a: icmp_seq=191 ttl=60 time=187 ms
64 bytes from aaaa::212:740a:a:a0a: icmp_seq=192 ttl=60 time=205 ms
64 bytes from aaaa::212:740a:a:a0a: icmp_seq=193 ttl=60 time=246 ms
64 bytes from aaaa::212:740a:a:a0a: icmp_seq=194 ttl=60 time=166 ms
64 bytes from aaaa::212:740a:a:a0a: icmp_seq=195 ttl=60 time=291 ms
64 bytes from aaaa::212:740a:a:a0a: icmp_seq=196 ttl=60 time=267 ms
64 bytes from aaaa::212:740a:a:a0a: icmp_seq=197 ttl=60 time=518 ms
64 bytes from aaaa::212:740a:a:a0a: icmp_seq=198 ttl=60 time=724 ms
64 bytes from aaaa::212:740a:a:a0a: icmp_seq=199 ttl=60 time=228 ms
64 bytes from aaaa::212:740a:a:a0a: icmp_seq=200 ttl=60 time=290 ms

--- aaaa::212:740a:a:a0a ping statistics ---
200 packets transmitted, 176 received, 12% packet loss, time 999057ms
rtt min/avg/max/mdev = 166.498/339.709/833.853/138.577 ms
