PING aaaa::212:740e:e:e0e(aaaa::212:740e:e:e0e) 56 data bytes
64 bytes from aaaa::212:740e:e:e0e: icmp_seq=7 ttl=59 time=454 ms
64 bytes from aaaa::212:740e:e:e0e: icmp_seq=13 ttl=59 time=805 ms
64 bytes from aaaa::212:740e:e:e0e: icmp_seq=14 ttl=59 time=699 ms
64 bytes from aaaa::212:740e:e:e0e: icmp_seq=15 ttl=59 time=611 ms
64 bytes from aaaa::212:740e:e:e0e: icmp_seq=16 ttl=59 time=761 ms
64 bytes from aaaa::212:740e:e:e0e: icmp_seq=17 ttl=59 time=1005 ms
64 bytes from aaaa::212:740e:e:e0e: icmp_seq=18 ttl=59 time=1173 ms
64 bytes from aaaa::212:740e:e:e0e: icmp_seq=19 ttl=59 time=783 ms
64 bytes from aaaa::212:740e:e:e0e: icmp_seq=20 ttl=59 time=823 ms
64 bytes from aaaa::212:740e:e:e0e: icmp_seq=24 ttl=59 time=396 ms
64 bytes from aaaa::212:740e:e:e0e: icmp_seq=25 ttl=59 time=387 ms
64 bytes from aaaa::212:740e:e:e0e: icmp_seq=26 ttl=59 time=570 ms
64 bytes from aaaa::212:740e:e:e0e: icmp_seq=27 ttl=59 time=410 ms
64 bytes from aaaa::212:740e:e:e0e: icmp_seq=28 ttl=59 time=386 ms
64 bytes from aaaa::212:740e:e:e0e: icmp_seq=29 ttl=59 time=326 ms
64 bytes from aaaa::212:740e:e:e0e: icmp_seq=30 ttl=59 time=295 ms
64 bytes from aaaa::212:740e:e:e0e: icmp_seq=31 ttl=59 time=323 ms
64 bytes from aaaa::212:740e:e:e0e: icmp_seq=32 ttl=59 time=281 ms
64 bytes from aaaa::212:740e:e:e0e: icmp_seq=33 ttl=59 time=353 ms
64 bytes from aaaa::212:740e:e:e0e: icmp_seq=34 ttl=59 time=374 ms
64 bytes from aaaa::212:740e:e:e0e: icmp_seq=35 ttl=59 time=377 ms
64 bytes from aaaa::212:740e:e:e0e: icmp_seq=36 ttl=59 time=402 ms
64 bytes from aaaa::212:740e:e:e0e: icmp_seq=37 ttl=59 time=678 ms
64 bytes from aaaa::212:740e:e:e0e: icmp_seq=47 ttl=59 time=268 ms
64 bytes from aaaa::212:740e:e:e0e: icmp_seq=48 ttl=59 time=266 ms
64 bytes from aaaa::212:740e:e:e0e: icmp_seq=49 ttl=59 time=299 ms
64 bytes from aaaa::212:740e:e:e0e: icmp_seq=50 ttl=59 time=363 ms
64 bytes from aaaa::212:740e:e:e0e: icmp_seq=51 ttl=59 time=360 ms
64 bytes from aaaa::212:740e:e:e0e: icmp_seq=52 ttl=59 time=333 ms
64 bytes from aaaa::212:740e:e:e0e: icmp_seq=53 ttl=59 time=291 ms
64 bytes from aaaa::212:740e:e:e0e: icmp_seq=54 ttl=59 time=315 ms
64 bytes from aaaa::212:740e:e:e0e: icmp_seq=55 ttl=59 time=274 ms
64 bytes from aaaa::212:740e:e:e0e: icmp_seq=56 ttl=59 time=285 ms
64 bytes from aaaa::212:740e:e:e0e: icmp_seq=57 ttl=59 time=320 ms
64 bytes from aaaa::212:740e:e:e0e: icmp_seq=58 ttl=59 time=319 ms
64 bytes from aaaa::212:740e:e:e0e: icmp_seq=59 ttl=59 time=313 ms
64 bytes from aaaa::212:740e:e:e0e: icmp_seq=60 ttl=59 time=286 ms
64 bytes from aaaa::212:740e:e:e0e: icmp_seq=61 ttl=59 time=271 ms
64 bytes from aaaa::212:740e:e:e0e: icmp_seq=62 ttl=59 time=269 ms
64 bytes from aaaa::212:740e:e:e0e: icmp_seq=63 ttl=59 time=282 ms
64 bytes from aaaa::212:740e:e:e0e: icmp_seq=64 ttl=59 time=272 ms
64 bytes from aaaa::212:740e:e:e0e: icmp_seq=65 ttl=59 time=275 ms
64 bytes from aaaa::212:740e:e:e0e: icmp_seq=66 ttl=59 time=335 ms
64 bytes from aaaa::212:740e:e:e0e: icmp_seq=67 ttl=59 time=306 ms
64 bytes from aaaa::212:740e:e:e0e: icmp_seq=68 ttl=59 time=333 ms
64 bytes from aaaa::212:740e:e:e0e: icmp_seq=69 ttl=59 time=249 ms
64 bytes from aaaa::212:740e:e:e0e: icmp_seq=70 ttl=59 time=263 ms
64 bytes from aaaa::212:740e:e:e0e: icmp_seq=71 ttl=59 time=329 ms
64 bytes from aaaa::212:740e:e:e0e: icmp_seq=72 ttl=59 time=273 ms
64 bytes from aaaa::212:740e:e:e0e: icmp_seq=73 ttl=59 time=310 ms
64 bytes from aaaa::212:740e:e:e0e: icmp_seq=74 ttl=59 time=331 ms
64 bytes from aaaa::212:740e:e:e0e: icmp_seq=75 ttl=59 time=318 ms
64 bytes from aaaa::212:740e:e:e0e: icmp_seq=76 ttl=59 time=268 ms
64 bytes from aaaa::212:740e:e:e0e: icmp_seq=77 ttl=59 time=349 ms
64 bytes from aaaa::212:740e:e:e0e: icmp_seq=78 ttl=59 time=295 ms
64 bytes from aaaa::212:740e:e:e0e: icmp_seq=79 ttl=59 time=307 ms
64 bytes from aaaa::212:740e:e:e0e: icmp_seq=80 ttl=59 time=335 ms
64 bytes from aaaa::212:740e:e:e0e: icmp_seq=81 ttl=59 time=226 ms
64 bytes from aaaa::212:740e:e:e0e: icmp_seq=82 ttl=59 time=343 ms
64 bytes from aaaa::212:740e:e:e0e: icmp_seq=83 ttl=59 time=249 ms
64 bytes from aaaa::212:740e:e:e0e: icmp_seq=84 ttl=59 time=304 ms
64 bytes from aaaa::212:740e:e:e0e: icmp_seq=85 ttl=59 time=251 ms
64 bytes from aaaa::212:740e:e:e0e: icmp_seq=86 ttl=59 time=280 ms
64 bytes from aaaa::212:740e:e:e0e: icmp_seq=87 ttl=59 time=351 ms
64 bytes from aaaa::212:740e:e:e0e: icmp_seq=88 ttl=59 time=288 ms
64 bytes from aaaa::212:740e:e:e0e: icmp_seq=89 ttl=59 time=263 ms
64 bytes from aaaa::212:740e:e:e0e: icmp_seq=90 ttl=59 time=271 ms
64 bytes from aaaa::212:740e:e:e0e: icmp_seq=91 ttl=59 time=327 ms
64 bytes from aaaa::212:740e:e:e0e: icmp_seq=92 ttl=59 time=278 ms
64 bytes from aaaa::212:740e:e:e0e: icmp_seq=93 ttl=59 time=322 ms
64 bytes from aaaa::212:740e:e:e0e: icmp_seq=94 ttl=59 time=327 ms
64 bytes from aaaa::212:740e:e:e0e: icmp_seq=95 ttl=59 time=366 ms
64 bytes from aaaa::212:740e:e:e0e: icmp_seq=96 ttl=59 time=283 ms
64 bytes from aaaa::212:740e:e:e0e: icmp_seq=97 ttl=59 time=318 ms
64 bytes from aaaa::212:740e:e:e0e: icmp_seq=98 ttl=59 time=334 ms
64 bytes from aaaa::212:740e:e:e0e: icmp_seq=99 ttl=59 time=314 ms
64 bytes from aaaa::212:740e:e:e0e: icmp_seq=100 ttl=59 time=318 ms
64 bytes from aaaa::212:740e:e:e0e: icmp_seq=101 ttl=59 time=266 ms
64 bytes from aaaa::212:740e:e:e0e: icmp_seq=102 ttl=59 time=308 ms
64 bytes from aaaa::212:740e:e:e0e: icmp_seq=103 ttl=59 time=315 ms
64 bytes from aaaa::212:740e:e:e0e: icmp_seq=104 ttl=59 time=359 ms
64 bytes from aaaa::212:740e:e:e0e: icmp_seq=105 ttl=59 time=250 ms
64 bytes from aaaa::212:740e:e:e0e: icmp_seq=106 ttl=59 time=338 ms
64 bytes from aaaa::212:740e:e:e0e: icmp_seq=107 ttl=59 time=309 ms
64 bytes from aaaa::212:740e:e:e0e: icmp_seq=108 ttl=59 time=319 ms
64 bytes from aaaa::212:740e:e:e0e: icmp_seq=109 ttl=59 time=267 ms
64 bytes from aaaa::212:740e:e:e0e: icmp_seq=110 ttl=59 time=287 ms
64 bytes from aaaa::212:740e:e:e0e: icmp_seq=111 ttl=59 time=250 ms
64 bytes from aaaa::212:740e:e:e0e: icmp_seq=112 ttl=59 time=231 ms
64 bytes from aaaa::212:740e:e:e0e: icmp_seq=113 ttl=59 time=279 ms
64 bytes from aaaa::212:740e:e:e0e: icmp_seq=114 ttl=59 time=309 ms
64 bytes from aaaa::212:740e:e:e0e: icmp_seq=115 ttl=59 time=270 ms
64 bytes from aaaa::212:740e:e:e0e: icmp_seq=116 ttl=59 time=267 ms
64 bytes from aaaa::212:740e:e:e0e: icmp_seq=117 ttl=59 time=287 ms
64 bytes from aaaa::212:740e:e:e0e: icmp_seq=118 ttl=59 time=238 ms
64 bytes from aaaa::212:740e:e:e0e: icmp_seq=119 ttl=59 time=268 ms
64 bytes from aaaa::212:740e:e:e0e: icmp_seq=120 ttl=59 time=252 ms
64 bytes from aaaa::212:740e:e:e0e: icmp_seq=121 ttl=59 time=348 ms
64 bytes from aaaa::212:740e:e:e0e: icmp_seq=122 ttl=59 time=285 ms
64 bytes from aaaa::212:740e:e:e0e: icmp_seq=123 ttl=59 time=360 ms
64 bytes from aaaa::212:740e:e:e0e: icmp_seq=124 ttl=59 time=344 ms
64 bytes from aaaa::212:740e:e:e0e: icmp_seq=125 ttl=59 time=298 ms
64 bytes from aaaa::212:740e:e:e0e: icmp_seq=126 ttl=59 time=378 ms
64 bytes from aaaa::212:740e:e:e0e: icmp_seq=127 ttl=59 time=324 ms
64 bytes from aaaa::212:740e:e:e0e: icmp_seq=128 ttl=59 time=646 ms
64 bytes from aaaa::212:740e:e:e0e: icmp_seq=129 ttl=59 time=374 ms
64 bytes from aaaa::212:740e:e:e0e: icmp_seq=130 ttl=59 time=362 ms
64 bytes from aaaa::212:740e:e:e0e: icmp_seq=131 ttl=59 time=369 ms
64 bytes from aaaa::212:740e:e:e0e: icmp_seq=132 ttl=59 time=306 ms
64 bytes from aaaa::212:740e:e:e0e: icmp_seq=133 ttl=59 time=338 ms
64 bytes from aaaa::212:740e:e:e0e: icmp_seq=134 ttl=59 time=497 ms
64 bytes from aaaa::212:740e:e:e0e: icmp_seq=135 ttl=59 time=308 ms
64 bytes from aaaa::212:740e:e:e0e: icmp_seq=136 ttl=59 time=269 ms
64 bytes from aaaa::212:740e:e:e0e: icmp_seq=137 ttl=59 time=427 ms
64 bytes from aaaa::212:740e:e:e0e: icmp_seq=138 ttl=59 time=303 ms
64 bytes from aaaa::212:740e:e:e0e: icmp_seq=139 ttl=59 time=288 ms
64 bytes from aaaa::212:740e:e:e0e: icmp_seq=140 ttl=59 time=267 ms
64 bytes from aaaa::212:740e:e:e0e: icmp_seq=141 ttl=59 time=352 ms
64 bytes from aaaa::212:740e:e:e0e: icmp_seq=142 ttl=59 time=502 ms
64 bytes from aaaa::212:740e:e:e0e: icmp_seq=143 ttl=59 time=351 ms
64 bytes from aaaa::212:740e:e:e0e: icmp_seq=144 ttl=59 time=294 ms
64 bytes from aaaa::212:740e:e:e0e: icmp_seq=145 ttl=59 time=410 ms
64 bytes from aaaa::212:740e:e:e0e: icmp_seq=146 ttl=59 time=395 ms
64 bytes from aaaa::212:740e:e:e0e: icmp_seq=147 ttl=59 time=558 ms
64 bytes from aaaa::212:740e:e:e0e: icmp_seq=148 ttl=59 time=538 ms
64 bytes from aaaa::212:740e:e:e0e: icmp_seq=149 ttl=59 time=475 ms
64 bytes from aaaa::212:740e:e:e0e: icmp_seq=150 ttl=59 time=566 ms
64 bytes from aaaa::212:740e:e:e0e: icmp_seq=151 ttl=59 time=470 ms
64 bytes from aaaa::212:740e:e:e0e: icmp_seq=152 ttl=59 time=539 ms
64 bytes from aaaa::212:740e:e:e0e: icmp_seq=153 ttl=59 time=526 ms
64 bytes from aaaa::212:740e:e:e0e: icmp_seq=154 ttl=59 time=428 ms
64 bytes from aaaa::212:740e:e:e0e: icmp_seq=155 ttl=59 time=440 ms
64 bytes from aaaa::212:740e:e:e0e: icmp_seq=156 ttl=59 time=554 ms
64 bytes from aaaa::212:740e:e:e0e: icmp_seq=157 ttl=59 time=874 ms
64 bytes from aaaa::212:740e:e:e0e: icmp_seq=158 ttl=59 time=495 ms
64 bytes from aaaa::212:740e:e:e0e: icmp_seq=159 ttl=59 time=568 ms
64 bytes from aaaa::212:740e:e:e0e: icmp_seq=160 ttl=59 time=673 ms
64 bytes from aaaa::212:740e:e:e0e: icmp_seq=161 ttl=59 time=470 ms
64 bytes from aaaa::212:740e:e:e0e: icmp_seq=162 ttl=59 time=515 ms
64 bytes from aaaa::212:740e:e:e0e: icmp_seq=163 ttl=59 time=498 ms
64 bytes from aaaa::212:740e:e:e0e: icmp_seq=164 ttl=59 time=682 ms
64 bytes from aaaa::212:740e:e:e0e: icmp_seq=165 ttl=59 time=451 ms
64 bytes from aaaa::212:740e:e:e0e: icmp_seq=166 ttl=59 time=700 ms
64 bytes from aaaa::212:740e:e:e0e: icmp_seq=167 ttl=59 time=284 ms
64 bytes from aaaa::212:740e:e:e0e: icmp_seq=168 ttl=59 time=342 ms
64 bytes from aaaa::212:740e:e:e0e: icmp_seq=169 ttl=59 time=333 ms
64 bytes from aaaa::212:740e:e:e0e: icmp_seq=170 ttl=59 time=228 ms
64 bytes from aaaa::212:740e:e:e0e: icmp_seq=171 ttl=59 time=267 ms
64 bytes from aaaa::212:740e:e:e0e: icmp_seq=172 ttl=59 time=276 ms
64 bytes from aaaa::212:740e:e:e0e: icmp_seq=173 ttl=59 time=344 ms
64 bytes from aaaa::212:740e:e:e0e: icmp_seq=174 ttl=59 time=503 ms
64 bytes from aaaa::212:740e:e:e0e: icmp_seq=175 ttl=59 time=318 ms
64 bytes from aaaa::212:740e:e:e0e: icmp_seq=176 ttl=59 time=269 ms
64 bytes from aaaa::212:740e:e:e0e: icmp_seq=177 ttl=59 time=346 ms
64 bytes from aaaa::212:740e:e:e0e: icmp_seq=178 ttl=59 time=342 ms
64 bytes from aaaa::212:740e:e:e0e: icmp_seq=179 ttl=59 time=329 ms
64 bytes from aaaa::212:740e:e:e0e: icmp_seq=180 ttl=59 time=232 ms
64 bytes from aaaa::212:740e:e:e0e: icmp_seq=181 ttl=59 time=309 ms
64 bytes from aaaa::212:740e:e:e0e: icmp_seq=182 ttl=59 time=335 ms
64 bytes from aaaa::212:740e:e:e0e: icmp_seq=183 ttl=59 time=346 ms
64 bytes from aaaa::212:740e:e:e0e: icmp_seq=184 ttl=59 time=519 ms
64 bytes from aaaa::212:740e:e:e0e: icmp_seq=185 ttl=59 time=460 ms
64 bytes from aaaa::212:740e:e:e0e: icmp_seq=186 ttl=59 time=707 ms
64 bytes from aaaa::212:740e:e:e0e: icmp_seq=187 ttl=59 time=320 ms
64 bytes from aaaa::212:740e:e:e0e: icmp_seq=188 ttl=59 time=317 ms
64 bytes from aaaa::212:740e:e:e0e: icmp_seq=189 ttl=59 time=272 ms
64 bytes from aaaa::212:740e:e:e0e: icmp_seq=190 ttl=59 time=265 ms
64 bytes from aaaa::212:740e:e:e0e: icmp_seq=191 ttl=59 time=685 ms
64 bytes from aaaa::212:740e:e:e0e: icmp_seq=192 ttl=59 time=255 ms
64 bytes from aaaa::212:740e:e:e0e: icmp_seq=193 ttl=59 time=547 ms
64 bytes from aaaa::212:740e:e:e0e: icmp_seq=194 ttl=59 time=336 ms
64 bytes from aaaa::212:740e:e:e0e: icmp_seq=195 ttl=59 time=337 ms
64 bytes from aaaa::212:740e:e:e0e: icmp_seq=196 ttl=59 time=441 ms
64 bytes from aaaa::212:740e:e:e0e: icmp_seq=197 ttl=59 time=330 ms
64 bytes from aaaa::212:740e:e:e0e: icmp_seq=198 ttl=59 time=359 ms
64 bytes from aaaa::212:740e:e:e0e: icmp_seq=199 ttl=59 time=242 ms
64 bytes from aaaa::212:740e:e:e0e: icmp_seq=200 ttl=59 time=254 ms

--- aaaa::212:740e:e:e0e ping statistics ---
200 packets transmitted, 177 received, 11% packet loss, time 998510ms
rtt min/avg/max/mdev = 226.602/379.471/1173.211/151.918 ms
