PING aaaa::212:7408:8:808(aaaa::212:7408:8:808) 56 data bytes
64 bytes from aaaa::212:7408:8:808: icmp_seq=2 ttl=62 time=128 ms
64 bytes from aaaa::212:7408:8:808: icmp_seq=3 ttl=62 time=230 ms
64 bytes from aaaa::212:7408:8:808: icmp_seq=4 ttl=62 time=228 ms
64 bytes from aaaa::212:7408:8:808: icmp_seq=6 ttl=62 time=144 ms
64 bytes from aaaa::212:7408:8:808: icmp_seq=7 ttl=62 time=125 ms
64 bytes from aaaa::212:7408:8:808: icmp_seq=8 ttl=62 time=257 ms
64 bytes from aaaa::212:7408:8:808: icmp_seq=9 ttl=62 time=152 ms
64 bytes from aaaa::212:7408:8:808: icmp_seq=10 ttl=62 time=142 ms
64 bytes from aaaa::212:7408:8:808: icmp_seq=11 ttl=62 time=930 ms
64 bytes from aaaa::212:7408:8:808: icmp_seq=12 ttl=62 time=129 ms
64 bytes from aaaa::212:7408:8:808: icmp_seq=13 ttl=62 time=949 ms
64 bytes from aaaa::212:7408:8:808: icmp_seq=15 ttl=62 time=164 ms
64 bytes from aaaa::212:7408:8:808: icmp_seq=16 ttl=62 time=679 ms
64 bytes from aaaa::212:7408:8:808: icmp_seq=28 ttl=62 time=204 ms
64 bytes from aaaa::212:7408:8:808: icmp_seq=29 ttl=62 time=141 ms
64 bytes from aaaa::212:7408:8:808: icmp_seq=30 ttl=62 time=162 ms
64 bytes from aaaa::212:7408:8:808: icmp_seq=31 ttl=62 time=121 ms
64 bytes from aaaa::212:7408:8:808: icmp_seq=32 ttl=62 time=104 ms
64 bytes from aaaa::212:7408:8:808: icmp_seq=33 ttl=62 time=234 ms
64 bytes from aaaa::212:7408:8:808: icmp_seq=34 ttl=62 time=118 ms
64 bytes from aaaa::212:7408:8:808: icmp_seq=35 ttl=62 time=111 ms
64 bytes from aaaa::212:7408:8:808: icmp_seq=36 ttl=62 time=175 ms
64 bytes from aaaa::212:7408:8:808: icmp_seq=38 ttl=62 time=142 ms
64 bytes from aaaa::212:7408:8:808: icmp_seq=39 ttl=62 time=413 ms
64 bytes from aaaa::212:7408:8:808: icmp_seq=40 ttl=62 time=127 ms
64 bytes from aaaa::212:7408:8:808: icmp_seq=42 ttl=62 time=193 ms
64 bytes from aaaa::212:7408:8:808: icmp_seq=43 ttl=62 time=293 ms
64 bytes from aaaa::212:7408:8:808: icmp_seq=44 ttl=62 time=262 ms
64 bytes from aaaa::212:7408:8:808: icmp_seq=46 ttl=62 time=152 ms
64 bytes from aaaa::212:7408:8:808: icmp_seq=47 ttl=62 time=187 ms
64 bytes from aaaa::212:7408:8:808: icmp_seq=48 ttl=62 time=160 ms
64 bytes from aaaa::212:7408:8:808: icmp_seq=49 ttl=62 time=168 ms
64 bytes from aaaa::212:7408:8:808: icmp_seq=51 ttl=62 time=123 ms
64 bytes from aaaa::212:7408:8:808: icmp_seq=52 ttl=62 time=170 ms
64 bytes from aaaa::212:7408:8:808: icmp_seq=53 ttl=62 time=145 ms
64 bytes from aaaa::212:7408:8:808: icmp_seq=55 ttl=62 time=149 ms
64 bytes from aaaa::212:7408:8:808: icmp_seq=56 ttl=62 time=121 ms
64 bytes from aaaa::212:7408:8:808: icmp_seq=57 ttl=62 time=143 ms
64 bytes from aaaa::212:7408:8:808: icmp_seq=58 ttl=62 time=109 ms
64 bytes from aaaa::212:7408:8:808: icmp_seq=59 ttl=62 time=137 ms
64 bytes from aaaa::212:7408:8:808: icmp_seq=60 ttl=62 time=151 ms
64 bytes from aaaa::212:7408:8:808: icmp_seq=61 ttl=62 time=149 ms
64 bytes from aaaa::212:7408:8:808: icmp_seq=62 ttl=62 time=109 ms
64 bytes from aaaa::212:7408:8:808: icmp_seq=63 ttl=62 time=159 ms
64 bytes from aaaa::212:7408:8:808: icmp_seq=64 ttl=62 time=118 ms
64 bytes from aaaa::212:7408:8:808: icmp_seq=66 ttl=62 time=156 ms
64 bytes from aaaa::212:7408:8:808: icmp_seq=67 ttl=62 time=107 ms
64 bytes from aaaa::212:7408:8:808: icmp_seq=68 ttl=62 time=172 ms
64 bytes from aaaa::212:7408:8:808: icmp_seq=69 ttl=62 time=109 ms
64 bytes from aaaa::212:7408:8:808: icmp_seq=70 ttl=62 time=147 ms
64 bytes from aaaa::212:7408:8:808: icmp_seq=71 ttl=62 time=113 ms
64 bytes from aaaa::212:7408:8:808: icmp_seq=72 ttl=62 time=155 ms
64 bytes from aaaa::212:7408:8:808: icmp_seq=73 ttl=62 time=386 ms
64 bytes from aaaa::212:7408:8:808: icmp_seq=74 ttl=62 time=148 ms
64 bytes from aaaa::212:7408:8:808: icmp_seq=75 ttl=62 time=507 ms
64 bytes from aaaa::212:7408:8:808: icmp_seq=76 ttl=62 time=125 ms
64 bytes from aaaa::212:7408:8:808: icmp_seq=77 ttl=62 time=418 ms
64 bytes from aaaa::212:7408:8:808: icmp_seq=78 ttl=62 time=322 ms
64 bytes from aaaa::212:7408:8:808: icmp_seq=79 ttl=62 time=142 ms
64 bytes from aaaa::212:7408:8:808: icmp_seq=80 ttl=62 time=518 ms
64 bytes from aaaa::212:7408:8:808: icmp_seq=81 ttl=62 time=180 ms
64 bytes from aaaa::212:7408:8:808: icmp_seq=82 ttl=62 time=339 ms
64 bytes from aaaa::212:7408:8:808: icmp_seq=83 ttl=62 time=110 ms
64 bytes from aaaa::212:7408:8:808: icmp_seq=84 ttl=62 time=387 ms
64 bytes from aaaa::212:7408:8:808: icmp_seq=85 ttl=62 time=99.8 ms
64 bytes from aaaa::212:7408:8:808: icmp_seq=86 ttl=62 time=106 ms
64 bytes from aaaa::212:7408:8:808: icmp_seq=87 ttl=62 time=146 ms
64 bytes from aaaa::212:7408:8:808: icmp_seq=88 ttl=62 time=143 ms
64 bytes from aaaa::212:7408:8:808: icmp_seq=89 ttl=62 time=131 ms
64 bytes from aaaa::212:7408:8:808: icmp_seq=90 ttl=62 time=117 ms
64 bytes from aaaa::212:7408:8:808: icmp_seq=91 ttl=62 time=113 ms
64 bytes from aaaa::212:7408:8:808: icmp_seq=92 ttl=62 time=148 ms
64 bytes from aaaa::212:7408:8:808: icmp_seq=93 ttl=62 time=133 ms
64 bytes from aaaa::212:7408:8:808: icmp_seq=95 ttl=62 time=115 ms
64 bytes from aaaa::212:7408:8:808: icmp_seq=96 ttl=62 time=140 ms
64 bytes from aaaa::212:7408:8:808: icmp_seq=97 ttl=62 time=239 ms
64 bytes from aaaa::212:7408:8:808: icmp_seq=98 ttl=62 time=199 ms
64 bytes from aaaa::212:7408:8:808: icmp_seq=99 ttl=62 time=509 ms
64 bytes from aaaa::212:7408:8:808: icmp_seq=100 ttl=62 time=534 ms
64 bytes from aaaa::212:7408:8:808: icmp_seq=101 ttl=62 time=354 ms
64 bytes from aaaa::212:7408:8:808: icmp_seq=102 ttl=62 time=587 ms
64 bytes from aaaa::212:7408:8:808: icmp_seq=103 ttl=62 time=160 ms
64 bytes from aaaa::212:7408:8:808: icmp_seq=105 ttl=62 time=142 ms
64 bytes from aaaa::212:7408:8:808: icmp_seq=106 ttl=62 time=158 ms
64 bytes from aaaa::212:7408:8:808: icmp_seq=107 ttl=62 time=133 ms
64 bytes from aaaa::212:7408:8:808: icmp_seq=109 ttl=62 time=145 ms
64 bytes from aaaa::212:7408:8:808: icmp_seq=110 ttl=62 time=507 ms
64 bytes from aaaa::212:7408:8:808: icmp_seq=111 ttl=62 time=104 ms
64 bytes from aaaa::212:7408:8:808: icmp_seq=112 ttl=62 time=123 ms
64 bytes from aaaa::212:7408:8:808: icmp_seq=113 ttl=62 time=95.6 ms
64 bytes from aaaa::212:7408:8:808: icmp_seq=114 ttl=62 time=115 ms
64 bytes from aaaa::212:7408:8:808: icmp_seq=116 ttl=62 time=142 ms
64 bytes from aaaa::212:7408:8:808: icmp_seq=117 ttl=62 time=166 ms
64 bytes from aaaa::212:7408:8:808: icmp_seq=118 ttl=62 time=118 ms
64 bytes from aaaa::212:7408:8:808: icmp_seq=119 ttl=62 time=123 ms
64 bytes from aaaa::212:7408:8:808: icmp_seq=120 ttl=62 time=118 ms
64 bytes from aaaa::212:7408:8:808: icmp_seq=121 ttl=62 time=168 ms
64 bytes from aaaa::212:7408:8:808: icmp_seq=122 ttl=62 time=161 ms
64 bytes from aaaa::212:7408:8:808: icmp_seq=123 ttl=62 time=115 ms
64 bytes from aaaa::212:7408:8:808: icmp_seq=124 ttl=62 time=111 ms
64 bytes from aaaa::212:7408:8:808: icmp_seq=125 ttl=62 time=174 ms
64 bytes from aaaa::212:7408:8:808: icmp_seq=126 ttl=62 time=227 ms
64 bytes from aaaa::212:7408:8:808: icmp_seq=127 ttl=62 time=220 ms
64 bytes from aaaa::212:7408:8:808: icmp_seq=128 ttl=62 time=321 ms
64 bytes from aaaa::212:7408:8:808: icmp_seq=129 ttl=62 time=123 ms
64 bytes from aaaa::212:7408:8:808: icmp_seq=131 ttl=62 time=159 ms
64 bytes from aaaa::212:7408:8:808: icmp_seq=132 ttl=62 time=148 ms
64 bytes from aaaa::212:7408:8:808: icmp_seq=133 ttl=62 time=225 ms
64 bytes from aaaa::212:7408:8:808: icmp_seq=134 ttl=62 time=171 ms
64 bytes from aaaa::212:7408:8:808: icmp_seq=135 ttl=62 time=325 ms
64 bytes from aaaa::212:7408:8:808: icmp_seq=136 ttl=62 time=159 ms
64 bytes from aaaa::212:7408:8:808: icmp_seq=137 ttl=62 time=225 ms
64 bytes from aaaa::212:7408:8:808: icmp_seq=139 ttl=62 time=355 ms
64 bytes from aaaa::212:7408:8:808: icmp_seq=141 ttl=62 time=113 ms
64 bytes from aaaa::212:7408:8:808: icmp_seq=142 ttl=62 time=309 ms
64 bytes from aaaa::212:7408:8:808: icmp_seq=143 ttl=62 time=178 ms
64 bytes from aaaa::212:7408:8:808: icmp_seq=144 ttl=62 time=231 ms
64 bytes from aaaa::212:7408:8:808: icmp_seq=145 ttl=62 time=370 ms
64 bytes from aaaa::212:7408:8:808: icmp_seq=146 ttl=62 time=394 ms
64 bytes from aaaa::212:7408:8:808: icmp_seq=147 ttl=62 time=386 ms
64 bytes from aaaa::212:7408:8:808: icmp_seq=148 ttl=62 time=489 ms
64 bytes from aaaa::212:7408:8:808: icmp_seq=149 ttl=62 time=352 ms
64 bytes from aaaa::212:7408:8:808: icmp_seq=151 ttl=62 time=284 ms
64 bytes from aaaa::212:7408:8:808: icmp_seq=152 ttl=62 time=567 ms
64 bytes from aaaa::212:7408:8:808: icmp_seq=153 ttl=62 time=507 ms
64 bytes from aaaa::212:7408:8:808: icmp_seq=154 ttl=62 time=310 ms
64 bytes from aaaa::212:7408:8:808: icmp_seq=155 ttl=62 time=322 ms
64 bytes from aaaa::212:7408:8:808: icmp_seq=156 ttl=62 time=432 ms
64 bytes from aaaa::212:7408:8:808: icmp_seq=157 ttl=62 time=607 ms
64 bytes from aaaa::212:7408:8:808: icmp_seq=158 ttl=62 time=404 ms
64 bytes from aaaa::212:7408:8:808: icmp_seq=159 ttl=62 time=487 ms
64 bytes from aaaa::212:7408:8:808: icmp_seq=160 ttl=62 time=316 ms
64 bytes from aaaa::212:7408:8:808: icmp_seq=161 ttl=62 time=223 ms
64 bytes from aaaa::212:7408:8:808: icmp_seq=162 ttl=62 time=380 ms
64 bytes from aaaa::212:7408:8:808: icmp_seq=163 ttl=62 time=106 ms
64 bytes from aaaa::212:7408:8:808: icmp_seq=164 ttl=62 time=232 ms
64 bytes from aaaa::212:7408:8:808: icmp_seq=165 ttl=62 time=123 ms
64 bytes from aaaa::212:7408:8:808: icmp_seq=166 ttl=62 time=374 ms
64 bytes from aaaa::212:7408:8:808: icmp_seq=169 ttl=62 time=248 ms
64 bytes from aaaa::212:7408:8:808: icmp_seq=178 ttl=62 time=321 ms
64 bytes from aaaa::212:7408:8:808: icmp_seq=181 ttl=62 time=499 ms
64 bytes from aaaa::212:7408:8:808: icmp_seq=186 ttl=62 time=112 ms
64 bytes from aaaa::212:7408:8:808: icmp_seq=187 ttl=62 time=159 ms
64 bytes from aaaa::212:7408:8:808: icmp_seq=188 ttl=62 time=117 ms
64 bytes from aaaa::212:7408:8:808: icmp_seq=189 ttl=62 time=161 ms
64 bytes from aaaa::212:7408:8:808: icmp_seq=190 ttl=62 time=117 ms
64 bytes from aaaa::212:7408:8:808: icmp_seq=191 ttl=62 time=164 ms
64 bytes from aaaa::212:7408:8:808: icmp_seq=192 ttl=62 time=133 ms
64 bytes from aaaa::212:7408:8:808: icmp_seq=193 ttl=62 time=139 ms
64 bytes from aaaa::212:7408:8:808: icmp_seq=194 ttl=62 time=122 ms
64 bytes from aaaa::212:7408:8:808: icmp_seq=195 ttl=62 time=132 ms
64 bytes from aaaa::212:7408:8:808: icmp_seq=196 ttl=62 time=184 ms
64 bytes from aaaa::212:7408:8:808: icmp_seq=197 ttl=62 time=180 ms
64 bytes from aaaa::212:7408:8:808: icmp_seq=198 ttl=62 time=116 ms
64 bytes from aaaa::212:7408:8:808: icmp_seq=199 ttl=62 time=149 ms
64 bytes from aaaa::212:7408:8:808: icmp_seq=200 ttl=62 time=243 ms

--- aaaa::212:7408:8:808 ping statistics ---
200 packets transmitted, 156 received, 22% packet loss, time 1001614ms
rtt min/avg/max/mdev = 95.631/227.325/949.866/151.776 ms
