PING aaaa::212:7409:9:909(aaaa::212:7409:9:909) 56 data bytes
64 bytes from aaaa::212:7409:9:909: icmp_seq=1 ttl=61 time=548 ms
64 bytes from aaaa::212:7409:9:909: icmp_seq=2 ttl=61 time=834 ms
64 bytes from aaaa::212:7409:9:909: icmp_seq=8 ttl=61 time=250 ms
64 bytes from aaaa::212:7409:9:909: icmp_seq=13 ttl=61 time=933 ms
64 bytes from aaaa::212:7409:9:909: icmp_seq=14 ttl=61 time=950 ms
64 bytes from aaaa::212:7409:9:909: icmp_seq=15 ttl=61 time=266 ms
64 bytes from aaaa::212:7409:9:909: icmp_seq=16 ttl=61 time=558 ms
64 bytes from aaaa::212:7409:9:909: icmp_seq=18 ttl=61 time=454 ms
64 bytes from aaaa::212:7409:9:909: icmp_seq=19 ttl=61 time=316 ms
64 bytes from aaaa::212:7409:9:909: icmp_seq=21 ttl=61 time=685 ms
64 bytes from aaaa::212:7409:9:909: icmp_seq=22 ttl=61 time=415 ms
64 bytes from aaaa::212:7409:9:909: icmp_seq=23 ttl=61 time=1196 ms
64 bytes from aaaa::212:7409:9:909: icmp_seq=24 ttl=61 time=215 ms
64 bytes from aaaa::212:7409:9:909: icmp_seq=25 ttl=61 time=180 ms
64 bytes from aaaa::212:7409:9:909: icmp_seq=26 ttl=61 time=196 ms
64 bytes from aaaa::212:7409:9:909: icmp_seq=27 ttl=61 time=337 ms
64 bytes from aaaa::212:7409:9:909: icmp_seq=28 ttl=61 time=446 ms
64 bytes from aaaa::212:7409:9:909: icmp_seq=29 ttl=61 time=668 ms
64 bytes from aaaa::212:7409:9:909: icmp_seq=30 ttl=61 time=184 ms
64 bytes from aaaa::212:7409:9:909: icmp_seq=31 ttl=61 time=318 ms
64 bytes from aaaa::212:7409:9:909: icmp_seq=32 ttl=61 time=223 ms
64 bytes from aaaa::212:7409:9:909: icmp_seq=34 ttl=61 time=236 ms
64 bytes from aaaa::212:7409:9:909: icmp_seq=35 ttl=61 time=192 ms
64 bytes from aaaa::212:7409:9:909: icmp_seq=36 ttl=61 time=284 ms
64 bytes from aaaa::212:7409:9:909: icmp_seq=37 ttl=61 time=548 ms
64 bytes from aaaa::212:7409:9:909: icmp_seq=38 ttl=61 time=687 ms
64 bytes from aaaa::212:7409:9:909: icmp_seq=39 ttl=61 time=601 ms
64 bytes from aaaa::212:7409:9:909: icmp_seq=40 ttl=61 time=234 ms
64 bytes from aaaa::212:7409:9:909: icmp_seq=41 ttl=61 time=183 ms
64 bytes from aaaa::212:7409:9:909: icmp_seq=42 ttl=61 time=217 ms
64 bytes from aaaa::212:7409:9:909: icmp_seq=43 ttl=61 time=248 ms
64 bytes from aaaa::212:7409:9:909: icmp_seq=44 ttl=61 time=221 ms
64 bytes from aaaa::212:7409:9:909: icmp_seq=45 ttl=61 time=177 ms
64 bytes from aaaa::212:7409:9:909: icmp_seq=46 ttl=61 time=202 ms
64 bytes from aaaa::212:7409:9:909: icmp_seq=47 ttl=61 time=206 ms
64 bytes from aaaa::212:7409:9:909: icmp_seq=48 ttl=61 time=209 ms
64 bytes from aaaa::212:7409:9:909: icmp_seq=49 ttl=61 time=198 ms
64 bytes from aaaa::212:7409:9:909: icmp_seq=50 ttl=61 time=199 ms
64 bytes from aaaa::212:7409:9:909: icmp_seq=51 ttl=61 time=186 ms
64 bytes from aaaa::212:7409:9:909: icmp_seq=52 ttl=61 time=204 ms
64 bytes from aaaa::212:7409:9:909: icmp_seq=53 ttl=61 time=214 ms
64 bytes from aaaa::212:7409:9:909: icmp_seq=54 ttl=61 time=183 ms
64 bytes from aaaa::212:7409:9:909: icmp_seq=55 ttl=61 time=204 ms
64 bytes from aaaa::212:7409:9:909: icmp_seq=56 ttl=61 time=215 ms
64 bytes from aaaa::212:7409:9:909: icmp_seq=57 ttl=61 time=190 ms
64 bytes from aaaa::212:7409:9:909: icmp_seq=58 ttl=61 time=209 ms
64 bytes from aaaa::212:7409:9:909: icmp_seq=59 ttl=61 time=199 ms
64 bytes from aaaa::212:7409:9:909: icmp_seq=60 ttl=61 time=181 ms
64 bytes from aaaa::212:7409:9:909: icmp_seq=61 ttl=61 time=174 ms
64 bytes from aaaa::212:7409:9:909: icmp_seq=62 ttl=61 time=178 ms
64 bytes from aaaa::212:7409:9:909: icmp_seq=63 ttl=61 time=203 ms
64 bytes from aaaa::212:7409:9:909: icmp_seq=64 ttl=61 time=214 ms
64 bytes from aaaa::212:7409:9:909: icmp_seq=65 ttl=61 time=290 ms
64 bytes from aaaa::212:7409:9:909: icmp_seq=66 ttl=61 time=235 ms
64 bytes from aaaa::212:7409:9:909: icmp_seq=67 ttl=61 time=216 ms
64 bytes from aaaa::212:7409:9:909: icmp_seq=68 ttl=61 time=256 ms
64 bytes from aaaa::212:7409:9:909: icmp_seq=69 ttl=61 time=201 ms
64 bytes from aaaa::212:7409:9:909: icmp_seq=70 ttl=61 time=233 ms
64 bytes from aaaa::212:7409:9:909: icmp_seq=71 ttl=61 time=246 ms
64 bytes from aaaa::212:7409:9:909: icmp_seq=72 ttl=61 time=236 ms
64 bytes from aaaa::212:7409:9:909: icmp_seq=73 ttl=61 time=355 ms
64 bytes from aaaa::212:7409:9:909: icmp_seq=74 ttl=61 time=251 ms
64 bytes from aaaa::212:7409:9:909: icmp_seq=75 ttl=61 time=268 ms
64 bytes from aaaa::212:7409:9:909: icmp_seq=76 ttl=61 time=279 ms
64 bytes from aaaa::212:7409:9:909: icmp_seq=77 ttl=61 time=440 ms
64 bytes from aaaa::212:7409:9:909: icmp_seq=82 ttl=61 time=242 ms
64 bytes from aaaa::212:7409:9:909: icmp_seq=106 ttl=61 time=518 ms
64 bytes from aaaa::212:7409:9:909: icmp_seq=107 ttl=61 time=679 ms
64 bytes from aaaa::212:7409:9:909: icmp_seq=108 ttl=61 time=334 ms
64 bytes from aaaa::212:7409:9:909: icmp_seq=109 ttl=61 time=216 ms
64 bytes from aaaa::212:7409:9:909: icmp_seq=110 ttl=61 time=157 ms
64 bytes from aaaa::212:7409:9:909: icmp_seq=111 ttl=61 time=213 ms
64 bytes from aaaa::212:7409:9:909: icmp_seq=112 ttl=61 time=717 ms
64 bytes from aaaa::212:7409:9:909: icmp_seq=113 ttl=61 time=236 ms
64 bytes from aaaa::212:7409:9:909: icmp_seq=114 ttl=61 time=205 ms
64 bytes from aaaa::212:7409:9:909: icmp_seq=115 ttl=61 time=233 ms
64 bytes from aaaa::212:7409:9:909: icmp_seq=116 ttl=61 time=349 ms
64 bytes from aaaa::212:7409:9:909: icmp_seq=117 ttl=61 time=261 ms
64 bytes from aaaa::212:7409:9:909: icmp_seq=118 ttl=61 time=432 ms
64 bytes from aaaa::212:7409:9:909: icmp_seq=119 ttl=61 time=604 ms
64 bytes from aaaa::212:7409:9:909: icmp_seq=120 ttl=61 time=520 ms
64 bytes from aaaa::212:7409:9:909: icmp_seq=121 ttl=61 time=187 ms
64 bytes from aaaa::212:7409:9:909: icmp_seq=122 ttl=61 time=213 ms
64 bytes from aaaa::212:7409:9:909: icmp_seq=123 ttl=61 time=194 ms
64 bytes from aaaa::212:7409:9:909: icmp_seq=124 ttl=61 time=1189 ms
64 bytes from aaaa::212:7409:9:909: icmp_seq=125 ttl=61 time=731 ms
64 bytes from aaaa::212:7409:9:909: icmp_seq=126 ttl=61 time=327 ms
64 bytes from aaaa::212:7409:9:909: icmp_seq=127 ttl=61 time=575 ms
64 bytes from aaaa::212:7409:9:909: icmp_seq=128 ttl=61 time=177 ms
64 bytes from aaaa::212:7409:9:909: icmp_seq=129 ttl=61 time=225 ms
64 bytes from aaaa::212:7409:9:909: icmp_seq=130 ttl=61 time=183 ms
64 bytes from aaaa::212:7409:9:909: icmp_seq=131 ttl=61 time=163 ms
64 bytes from aaaa::212:7409:9:909: icmp_seq=132 ttl=61 time=218 ms
64 bytes from aaaa::212:7409:9:909: icmp_seq=133 ttl=61 time=211 ms
64 bytes from aaaa::212:7409:9:909: icmp_seq=134 ttl=61 time=319 ms
64 bytes from aaaa::212:7409:9:909: icmp_seq=135 ttl=61 time=688 ms
64 bytes from aaaa::212:7409:9:909: icmp_seq=136 ttl=61 time=181 ms
64 bytes from aaaa::212:7409:9:909: icmp_seq=137 ttl=61 time=187 ms
64 bytes from aaaa::212:7409:9:909: icmp_seq=138 ttl=61 time=191 ms
64 bytes from aaaa::212:7409:9:909: icmp_seq=139 ttl=61 time=240 ms
64 bytes from aaaa::212:7409:9:909: icmp_seq=140 ttl=61 time=191 ms
64 bytes from aaaa::212:7409:9:909: icmp_seq=141 ttl=61 time=271 ms
64 bytes from aaaa::212:7409:9:909: icmp_seq=142 ttl=61 time=231 ms
64 bytes from aaaa::212:7409:9:909: icmp_seq=143 ttl=61 time=162 ms
64 bytes from aaaa::212:7409:9:909: icmp_seq=144 ttl=61 time=196 ms
64 bytes from aaaa::212:7409:9:909: icmp_seq=145 ttl=61 time=183 ms
64 bytes from aaaa::212:7409:9:909: icmp_seq=146 ttl=61 time=189 ms
64 bytes from aaaa::212:7409:9:909: icmp_seq=148 ttl=61 time=201 ms
64 bytes from aaaa::212:7409:9:909: icmp_seq=149 ttl=61 time=307 ms
64 bytes from aaaa::212:7409:9:909: icmp_seq=150 ttl=61 time=358 ms
64 bytes from aaaa::212:7409:9:909: icmp_seq=151 ttl=61 time=375 ms
64 bytes from aaaa::212:7409:9:909: icmp_seq=152 ttl=61 time=272 ms
64 bytes from aaaa::212:7409:9:909: icmp_seq=153 ttl=61 time=317 ms
64 bytes from aaaa::212:7409:9:909: icmp_seq=154 ttl=61 time=269 ms
64 bytes from aaaa::212:7409:9:909: icmp_seq=155 ttl=61 time=319 ms
64 bytes from aaaa::212:7409:9:909: icmp_seq=156 ttl=61 time=1053 ms
64 bytes from aaaa::212:7409:9:909: icmp_seq=157 ttl=61 time=298 ms
64 bytes from aaaa::212:7409:9:909: icmp_seq=158 ttl=61 time=447 ms
64 bytes from aaaa::212:7409:9:909: icmp_seq=159 ttl=61 time=332 ms
64 bytes from aaaa::212:7409:9:909: icmp_seq=160 ttl=61 time=310 ms
64 bytes from aaaa::212:7409:9:909: icmp_seq=161 ttl=61 time=273 ms
64 bytes from aaaa::212:7409:9:909: icmp_seq=162 ttl=61 time=268 ms
64 bytes from aaaa::212:7409:9:909: icmp_seq=163 ttl=61 time=365 ms
64 bytes from aaaa::212:7409:9:909: icmp_seq=164 ttl=61 time=812 ms
64 bytes from aaaa::212:7409:9:909: icmp_seq=165 ttl=61 time=312 ms
64 bytes from aaaa::212:7409:9:909: icmp_seq=166 ttl=61 time=292 ms
64 bytes from aaaa::212:7409:9:909: icmp_seq=167 ttl=61 time=297 ms
64 bytes from aaaa::212:7409:9:909: icmp_seq=168 ttl=61 time=309 ms
64 bytes from aaaa::212:7409:9:909: icmp_seq=169 ttl=61 time=359 ms
64 bytes from aaaa::212:7409:9:909: icmp_seq=171 ttl=61 time=267 ms
64 bytes from aaaa::212:7409:9:909: icmp_seq=173 ttl=61 time=210 ms
64 bytes from aaaa::212:7409:9:909: icmp_seq=174 ttl=61 time=297 ms
64 bytes from aaaa::212:7409:9:909: icmp_seq=175 ttl=61 time=250 ms
64 bytes from aaaa::212:7409:9:909: icmp_seq=176 ttl=61 time=183 ms
64 bytes from aaaa::212:7409:9:909: icmp_seq=177 ttl=61 time=613 ms
64 bytes from aaaa::212:7409:9:909: icmp_seq=178 ttl=61 time=224 ms
64 bytes from aaaa::212:7409:9:909: icmp_seq=179 ttl=61 time=167 ms
64 bytes from aaaa::212:7409:9:909: icmp_seq=180 ttl=61 time=217 ms
64 bytes from aaaa::212:7409:9:909: icmp_seq=181 ttl=61 time=236 ms
64 bytes from aaaa::212:7409:9:909: icmp_seq=182 ttl=61 time=235 ms
64 bytes from aaaa::212:7409:9:909: icmp_seq=183 ttl=61 time=209 ms
64 bytes from aaaa::212:7409:9:909: icmp_seq=184 ttl=61 time=264 ms
64 bytes from aaaa::212:7409:9:909: icmp_seq=185 ttl=61 time=223 ms
64 bytes from aaaa::212:7409:9:909: icmp_seq=187 ttl=61 time=168 ms
64 bytes from aaaa::212:7409:9:909: icmp_seq=188 ttl=61 time=250 ms
64 bytes from aaaa::212:7409:9:909: icmp_seq=189 ttl=61 time=193 ms
64 bytes from aaaa::212:7409:9:909: icmp_seq=190 ttl=61 time=204 ms
64 bytes from aaaa::212:7409:9:909: icmp_seq=191 ttl=61 time=509 ms
64 bytes from aaaa::212:7409:9:909: icmp_seq=192 ttl=61 time=297 ms
64 bytes from aaaa::212:7409:9:909: icmp_seq=194 ttl=61 time=177 ms
64 bytes from aaaa::212:7409:9:909: icmp_seq=195 ttl=61 time=207 ms
64 bytes from aaaa::212:7409:9:909: icmp_seq=196 ttl=61 time=199 ms
64 bytes from aaaa::212:7409:9:909: icmp_seq=197 ttl=61 time=188 ms
64 bytes from aaaa::212:7409:9:909: icmp_seq=198 ttl=61 time=173 ms
64 bytes from aaaa::212:7409:9:909: icmp_seq=199 ttl=61 time=181 ms
64 bytes from aaaa::212:7409:9:909: icmp_seq=200 ttl=61 time=189 ms

--- aaaa::212:7409:9:909 ping statistics ---
200 packets transmitted, 156 received, 22% packet loss, time 1001273ms
rtt min/avg/max/mdev = 157.082/318.989/1196.017/200.162 ms
