PING aaaa::212:7405:5:505(aaaa::212:7405:5:505) 56 data bytes
64 bytes from aaaa::212:7405:5:505: icmp_seq=1 ttl=62 time=144 ms
64 bytes from aaaa::212:7405:5:505: icmp_seq=2 ttl=62 time=193 ms
64 bytes from aaaa::212:7405:5:505: icmp_seq=3 ttl=62 time=180 ms
64 bytes from aaaa::212:7405:5:505: icmp_seq=4 ttl=62 time=165 ms
64 bytes from aaaa::212:7405:5:505: icmp_seq=6 ttl=62 time=338 ms
64 bytes from aaaa::212:7405:5:505: icmp_seq=7 ttl=62 time=358 ms
64 bytes from aaaa::212:7405:5:505: icmp_seq=9 ttl=62 time=190 ms
64 bytes from aaaa::212:7405:5:505: icmp_seq=10 ttl=62 time=262 ms
64 bytes from aaaa::212:7405:5:505: icmp_seq=11 ttl=62 time=211 ms
64 bytes from aaaa::212:7405:5:505: icmp_seq=12 ttl=62 time=247 ms
64 bytes from aaaa::212:7405:5:505: icmp_seq=13 ttl=62 time=281 ms
64 bytes from aaaa::212:7405:5:505: icmp_seq=14 ttl=62 time=746 ms
64 bytes from aaaa::212:7405:5:505: icmp_seq=15 ttl=62 time=504 ms
64 bytes from aaaa::212:7405:5:505: icmp_seq=16 ttl=62 time=279 ms
64 bytes from aaaa::212:7405:5:505: icmp_seq=17 ttl=62 time=374 ms
64 bytes from aaaa::212:7405:5:505: icmp_seq=18 ttl=62 time=240 ms
64 bytes from aaaa::212:7405:5:505: icmp_seq=19 ttl=62 time=314 ms
64 bytes from aaaa::212:7405:5:505: icmp_seq=20 ttl=62 time=455 ms
64 bytes from aaaa::212:7405:5:505: icmp_seq=21 ttl=62 time=842 ms
64 bytes from aaaa::212:7405:5:505: icmp_seq=22 ttl=62 time=509 ms
64 bytes from aaaa::212:7405:5:505: icmp_seq=23 ttl=62 time=331 ms
64 bytes from aaaa::212:7405:5:505: icmp_seq=28 ttl=62 time=431 ms
64 bytes from aaaa::212:7405:5:505: icmp_seq=35 ttl=62 time=201 ms
64 bytes from aaaa::212:7405:5:505: icmp_seq=37 ttl=62 time=146 ms
64 bytes from aaaa::212:7405:5:505: icmp_seq=38 ttl=62 time=200 ms
64 bytes from aaaa::212:7405:5:505: icmp_seq=45 ttl=62 time=108 ms
64 bytes from aaaa::212:7405:5:505: icmp_seq=48 ttl=62 time=331 ms
64 bytes from aaaa::212:7405:5:505: icmp_seq=49 ttl=62 time=364 ms
64 bytes from aaaa::212:7405:5:505: icmp_seq=50 ttl=62 time=259 ms
64 bytes from aaaa::212:7405:5:505: icmp_seq=51 ttl=62 time=232 ms
64 bytes from aaaa::212:7405:5:505: icmp_seq=52 ttl=62 time=386 ms
64 bytes from aaaa::212:7405:5:505: icmp_seq=53 ttl=62 time=209 ms
64 bytes from aaaa::212:7405:5:505: icmp_seq=54 ttl=62 time=375 ms
64 bytes from aaaa::212:7405:5:505: icmp_seq=55 ttl=62 time=203 ms
64 bytes from aaaa::212:7405:5:505: icmp_seq=56 ttl=62 time=147 ms
64 bytes from aaaa::212:7405:5:505: icmp_seq=58 ttl=62 time=193 ms
64 bytes from aaaa::212:7405:5:505: icmp_seq=59 ttl=62 time=298 ms
64 bytes from aaaa::212:7405:5:505: icmp_seq=60 ttl=62 time=161 ms
64 bytes from aaaa::212:7405:5:505: icmp_seq=61 ttl=62 time=172 ms
64 bytes from aaaa::212:7405:5:505: icmp_seq=62 ttl=62 time=568 ms
64 bytes from aaaa::212:7405:5:505: icmp_seq=64 ttl=62 time=331 ms
64 bytes from aaaa::212:7405:5:505: icmp_seq=65 ttl=62 time=621 ms
64 bytes from aaaa::212:7405:5:505: icmp_seq=66 ttl=62 time=173 ms
64 bytes from aaaa::212:7405:5:505: icmp_seq=67 ttl=62 time=208 ms
64 bytes from aaaa::212:7405:5:505: icmp_seq=68 ttl=62 time=238 ms
64 bytes from aaaa::212:7405:5:505: icmp_seq=69 ttl=62 time=425 ms
64 bytes from aaaa::212:7405:5:505: icmp_seq=70 ttl=62 time=260 ms
64 bytes from aaaa::212:7405:5:505: icmp_seq=72 ttl=62 time=191 ms
64 bytes from aaaa::212:7405:5:505: icmp_seq=73 ttl=62 time=179 ms
64 bytes from aaaa::212:7405:5:505: icmp_seq=74 ttl=62 time=521 ms
64 bytes from aaaa::212:7405:5:505: icmp_seq=75 ttl=62 time=167 ms
64 bytes from aaaa::212:7405:5:505: icmp_seq=76 ttl=62 time=197 ms
64 bytes from aaaa::212:7405:5:505: icmp_seq=77 ttl=62 time=160 ms
64 bytes from aaaa::212:7405:5:505: icmp_seq=78 ttl=62 time=141 ms
64 bytes from aaaa::212:7405:5:505: icmp_seq=79 ttl=62 time=213 ms
64 bytes from aaaa::212:7405:5:505: icmp_seq=80 ttl=62 time=245 ms
64 bytes from aaaa::212:7405:5:505: icmp_seq=81 ttl=62 time=237 ms
64 bytes from aaaa::212:7405:5:505: icmp_seq=82 ttl=62 time=154 ms
64 bytes from aaaa::212:7405:5:505: icmp_seq=83 ttl=62 time=194 ms
64 bytes from aaaa::212:7405:5:505: icmp_seq=84 ttl=62 time=226 ms
64 bytes from aaaa::212:7405:5:505: icmp_seq=85 ttl=62 time=259 ms
64 bytes from aaaa::212:7405:5:505: icmp_seq=86 ttl=62 time=234 ms
64 bytes from aaaa::212:7405:5:505: icmp_seq=88 ttl=62 time=241 ms
64 bytes from aaaa::212:7405:5:505: icmp_seq=89 ttl=62 time=178 ms
64 bytes from aaaa::212:7405:5:505: icmp_seq=90 ttl=62 time=329 ms
64 bytes from aaaa::212:7405:5:505: icmp_seq=91 ttl=62 time=336 ms
64 bytes from aaaa::212:7405:5:505: icmp_seq=92 ttl=62 time=214 ms
64 bytes from aaaa::212:7405:5:505: icmp_seq=93 ttl=62 time=202 ms
64 bytes from aaaa::212:7405:5:505: icmp_seq=94 ttl=62 time=179 ms
64 bytes from aaaa::212:7405:5:505: icmp_seq=95 ttl=62 time=284 ms
64 bytes from aaaa::212:7405:5:505: icmp_seq=96 ttl=62 time=235 ms
64 bytes from aaaa::212:7405:5:505: icmp_seq=98 ttl=62 time=132 ms
64 bytes from aaaa::212:7405:5:505: icmp_seq=99 ttl=62 time=109 ms
64 bytes from aaaa::212:7405:5:505: icmp_seq=100 ttl=62 time=145 ms
64 bytes from aaaa::212:7405:5:505: icmp_seq=101 ttl=62 time=195 ms
64 bytes from aaaa::212:7405:5:505: icmp_seq=102 ttl=62 time=133 ms
64 bytes from aaaa::212:7405:5:505: icmp_seq=103 ttl=62 time=148 ms
64 bytes from aaaa::212:7405:5:505: icmp_seq=104 ttl=62 time=182 ms
64 bytes from aaaa::212:7405:5:505: icmp_seq=105 ttl=62 time=141 ms
64 bytes from aaaa::212:7405:5:505: icmp_seq=106 ttl=62 time=254 ms
64 bytes from aaaa::212:7405:5:505: icmp_seq=107 ttl=62 time=130 ms
64 bytes from aaaa::212:7405:5:505: icmp_seq=108 ttl=62 time=144 ms
64 bytes from aaaa::212:7405:5:505: icmp_seq=109 ttl=62 time=148 ms
64 bytes from aaaa::212:7405:5:505: icmp_seq=110 ttl=62 time=273 ms
64 bytes from aaaa::212:7405:5:505: icmp_seq=111 ttl=62 time=243 ms
64 bytes from aaaa::212:7405:5:505: icmp_seq=112 ttl=62 time=218 ms
64 bytes from aaaa::212:7405:5:505: icmp_seq=114 ttl=62 time=181 ms
64 bytes from aaaa::212:7405:5:505: icmp_seq=115 ttl=62 time=164 ms
64 bytes from aaaa::212:7405:5:505: icmp_seq=116 ttl=62 time=163 ms
64 bytes from aaaa::212:7405:5:505: icmp_seq=117 ttl=62 time=568 ms
64 bytes from aaaa::212:7405:5:505: icmp_seq=118 ttl=62 time=480 ms
64 bytes from aaaa::212:7405:5:505: icmp_seq=119 ttl=62 time=307 ms
64 bytes from aaaa::212:7405:5:505: icmp_seq=120 ttl=62 time=331 ms
64 bytes from aaaa::212:7405:5:505: icmp_seq=121 ttl=62 time=182 ms
64 bytes from aaaa::212:7405:5:505: icmp_seq=122 ttl=62 time=217 ms
64 bytes from aaaa::212:7405:5:505: icmp_seq=123 ttl=62 time=153 ms
64 bytes from aaaa::212:7405:5:505: icmp_seq=124 ttl=62 time=116 ms
64 bytes from aaaa::212:7405:5:505: icmp_seq=127 ttl=62 time=94.5 ms
64 bytes from aaaa::212:7405:5:505: icmp_seq=129 ttl=62 time=118 ms
64 bytes from aaaa::212:7405:5:505: icmp_seq=130 ttl=62 time=150 ms
64 bytes from aaaa::212:7405:5:505: icmp_seq=131 ttl=62 time=105 ms
64 bytes from aaaa::212:7405:5:505: icmp_seq=132 ttl=62 time=151 ms
64 bytes from aaaa::212:7405:5:505: icmp_seq=133 ttl=62 time=197 ms
64 bytes from aaaa::212:7405:5:505: icmp_seq=134 ttl=62 time=165 ms
64 bytes from aaaa::212:7405:5:505: icmp_seq=135 ttl=62 time=153 ms
64 bytes from aaaa::212:7405:5:505: icmp_seq=136 ttl=62 time=961 ms
64 bytes from aaaa::212:7405:5:505: icmp_seq=137 ttl=62 time=133 ms
64 bytes from aaaa::212:7405:5:505: icmp_seq=138 ttl=62 time=135 ms
64 bytes from aaaa::212:7405:5:505: icmp_seq=139 ttl=62 time=199 ms
64 bytes from aaaa::212:7405:5:505: icmp_seq=140 ttl=62 time=126 ms
64 bytes from aaaa::212:7405:5:505: icmp_seq=141 ttl=62 time=164 ms
64 bytes from aaaa::212:7405:5:505: icmp_seq=142 ttl=62 time=134 ms
64 bytes from aaaa::212:7405:5:505: icmp_seq=143 ttl=62 time=166 ms
64 bytes from aaaa::212:7405:5:505: icmp_seq=144 ttl=62 time=168 ms
64 bytes from aaaa::212:7405:5:505: icmp_seq=145 ttl=62 time=178 ms
64 bytes from aaaa::212:7405:5:505: icmp_seq=146 ttl=62 time=176 ms
64 bytes from aaaa::212:7405:5:505: icmp_seq=147 ttl=62 time=109 ms
64 bytes from aaaa::212:7405:5:505: icmp_seq=148 ttl=62 time=432 ms
64 bytes from aaaa::212:7405:5:505: icmp_seq=149 ttl=62 time=287 ms
64 bytes from aaaa::212:7405:5:505: icmp_seq=150 ttl=62 time=124 ms
64 bytes from aaaa::212:7405:5:505: icmp_seq=151 ttl=62 time=354 ms
64 bytes from aaaa::212:7405:5:505: icmp_seq=152 ttl=62 time=358 ms
64 bytes from aaaa::212:7405:5:505: icmp_seq=153 ttl=62 time=152 ms
64 bytes from aaaa::212:7405:5:505: icmp_seq=154 ttl=62 time=231 ms
64 bytes from aaaa::212:7405:5:505: icmp_seq=155 ttl=62 time=166 ms
64 bytes from aaaa::212:7405:5:505: icmp_seq=156 ttl=62 time=233 ms
64 bytes from aaaa::212:7405:5:505: icmp_seq=157 ttl=62 time=615 ms
64 bytes from aaaa::212:7405:5:505: icmp_seq=158 ttl=62 time=161 ms
64 bytes from aaaa::212:7405:5:505: icmp_seq=159 ttl=62 time=140 ms
64 bytes from aaaa::212:7405:5:505: icmp_seq=160 ttl=62 time=168 ms
64 bytes from aaaa::212:7405:5:505: icmp_seq=161 ttl=62 time=287 ms
64 bytes from aaaa::212:7405:5:505: icmp_seq=162 ttl=62 time=163 ms
64 bytes from aaaa::212:7405:5:505: icmp_seq=163 ttl=62 time=133 ms
64 bytes from aaaa::212:7405:5:505: icmp_seq=164 ttl=62 time=350 ms
64 bytes from aaaa::212:7405:5:505: icmp_seq=165 ttl=62 time=804 ms
64 bytes from aaaa::212:7405:5:505: icmp_seq=166 ttl=62 time=288 ms
64 bytes from aaaa::212:7405:5:505: icmp_seq=167 ttl=62 time=268 ms
64 bytes from aaaa::212:7405:5:505: icmp_seq=168 ttl=62 time=272 ms
64 bytes from aaaa::212:7405:5:505: icmp_seq=169 ttl=62 time=285 ms
64 bytes from aaaa::212:7405:5:505: icmp_seq=170 ttl=62 time=500 ms
64 bytes from aaaa::212:7405:5:505: icmp_seq=171 ttl=62 time=416 ms
64 bytes from aaaa::212:7405:5:505: icmp_seq=172 ttl=62 time=111 ms
64 bytes from aaaa::212:7405:5:505: icmp_seq=173 ttl=62 time=220 ms
64 bytes from aaaa::212:7405:5:505: icmp_seq=174 ttl=62 time=116 ms
64 bytes from aaaa::212:7405:5:505: icmp_seq=175 ttl=62 time=168 ms
64 bytes from aaaa::212:7405:5:505: icmp_seq=176 ttl=62 time=119 ms
64 bytes from aaaa::212:7405:5:505: icmp_seq=177 ttl=62 time=219 ms
64 bytes from aaaa::212:7405:5:505: icmp_seq=179 ttl=62 time=112 ms
64 bytes from aaaa::212:7405:5:505: icmp_seq=180 ttl=62 time=148 ms
64 bytes from aaaa::212:7405:5:505: icmp_seq=181 ttl=62 time=119 ms
64 bytes from aaaa::212:7405:5:505: icmp_seq=182 ttl=62 time=316 ms
64 bytes from aaaa::212:7405:5:505: icmp_seq=183 ttl=62 time=188 ms
64 bytes from aaaa::212:7405:5:505: icmp_seq=184 ttl=62 time=149 ms
64 bytes from aaaa::212:7405:5:505: icmp_seq=185 ttl=62 time=174 ms
64 bytes from aaaa::212:7405:5:505: icmp_seq=186 ttl=62 time=170 ms
64 bytes from aaaa::212:7405:5:505: icmp_seq=187 ttl=62 time=98.4 ms
64 bytes from aaaa::212:7405:5:505: icmp_seq=188 ttl=62 time=139 ms
64 bytes from aaaa::212:7405:5:505: icmp_seq=189 ttl=62 time=129 ms
64 bytes from aaaa::212:7405:5:505: icmp_seq=190 ttl=62 time=201 ms
64 bytes from aaaa::212:7405:5:505: icmp_seq=191 ttl=62 time=129 ms
64 bytes from aaaa::212:7405:5:505: icmp_seq=192 ttl=62 time=174 ms
64 bytes from aaaa::212:7405:5:505: icmp_seq=193 ttl=62 time=147 ms
64 bytes from aaaa::212:7405:5:505: icmp_seq=194 ttl=62 time=268 ms
64 bytes from aaaa::212:7405:5:505: icmp_seq=200 ttl=62 time=140 ms

--- aaaa::212:7405:5:505 ping statistics ---
200 packets transmitted, 164 received, 18% packet loss, time 1000590ms
rtt min/avg/max/mdev = 94.594/245.002/961.467/144.378 ms
