PING aaaa::212:7409:9:909(aaaa::212:7409:9:909) 56 data bytes
64 bytes from aaaa::212:7409:9:909: icmp_seq=1 ttl=61 time=224 ms
64 bytes from aaaa::212:7409:9:909: icmp_seq=2 ttl=61 time=160 ms
64 bytes from aaaa::212:7409:9:909: icmp_seq=3 ttl=61 time=226 ms
64 bytes from aaaa::212:7409:9:909: icmp_seq=5 ttl=61 time=116 ms
64 bytes from aaaa::212:7409:9:909: icmp_seq=8 ttl=61 time=260 ms
64 bytes from aaaa::212:7409:9:909: icmp_seq=9 ttl=61 time=122 ms
64 bytes from aaaa::212:7409:9:909: icmp_seq=11 ttl=61 time=341 ms
64 bytes from aaaa::212:7409:9:909: icmp_seq=12 ttl=61 time=103 ms
64 bytes from aaaa::212:7409:9:909: icmp_seq=14 ttl=61 time=138 ms
64 bytes from aaaa::212:7409:9:909: icmp_seq=16 ttl=61 time=117 ms
64 bytes from aaaa::212:7409:9:909: icmp_seq=18 ttl=61 time=103 ms
64 bytes from aaaa::212:7409:9:909: icmp_seq=21 ttl=61 time=120 ms
64 bytes from aaaa::212:7409:9:909: icmp_seq=23 ttl=61 time=106 ms
64 bytes from aaaa::212:7409:9:909: icmp_seq=27 ttl=61 time=150 ms
64 bytes from aaaa::212:7409:9:909: icmp_seq=29 ttl=61 time=147 ms
64 bytes from aaaa::212:7409:9:909: icmp_seq=31 ttl=61 time=245 ms
64 bytes from aaaa::212:7409:9:909: icmp_seq=33 ttl=61 time=127 ms
64 bytes from aaaa::212:7409:9:909: icmp_seq=35 ttl=61 time=283 ms
64 bytes from aaaa::212:7409:9:909: icmp_seq=37 ttl=61 time=121 ms
64 bytes from aaaa::212:7409:9:909: icmp_seq=40 ttl=61 time=102 ms
64 bytes from aaaa::212:7409:9:909: icmp_seq=43 ttl=61 time=123 ms
64 bytes from aaaa::212:7409:9:909: icmp_seq=45 ttl=61 time=110 ms
64 bytes from aaaa::212:7409:9:909: icmp_seq=47 ttl=61 time=117 ms
64 bytes from aaaa::212:7409:9:909: icmp_seq=49 ttl=61 time=159 ms
64 bytes from aaaa::212:7409:9:909: icmp_seq=50 ttl=61 time=114 ms
64 bytes from aaaa::212:7409:9:909: icmp_seq=52 ttl=61 time=145 ms
64 bytes from aaaa::212:7409:9:909: icmp_seq=54 ttl=61 time=223 ms
64 bytes from aaaa::212:7409:9:909: icmp_seq=55 ttl=61 time=179 ms
64 bytes from aaaa::212:7409:9:909: icmp_seq=56 ttl=61 time=208 ms
64 bytes from aaaa::212:7409:9:909: icmp_seq=58 ttl=61 time=240 ms
64 bytes from aaaa::212:7409:9:909: icmp_seq=60 ttl=61 time=138 ms
64 bytes from aaaa::212:7409:9:909: icmp_seq=62 ttl=61 time=138 ms
64 bytes from aaaa::212:7409:9:909: icmp_seq=64 ttl=61 time=100 ms
64 bytes from aaaa::212:7409:9:909: icmp_seq=65 ttl=61 time=124 ms
64 bytes from aaaa::212:7409:9:909: icmp_seq=66 ttl=61 time=163 ms
64 bytes from aaaa::212:7409:9:909: icmp_seq=68 ttl=61 time=120 ms
64 bytes from aaaa::212:7409:9:909: icmp_seq=70 ttl=61 time=147 ms
64 bytes from aaaa::212:7409:9:909: icmp_seq=72 ttl=61 time=117 ms
64 bytes from aaaa::212:7409:9:909: icmp_seq=74 ttl=61 time=115 ms
64 bytes from aaaa::212:7409:9:909: icmp_seq=77 ttl=61 time=165 ms
64 bytes from aaaa::212:7409:9:909: icmp_seq=78 ttl=61 time=251 ms
64 bytes from aaaa::212:7409:9:909: icmp_seq=80 ttl=61 time=355 ms
64 bytes from aaaa::212:7409:9:909: icmp_seq=84 ttl=61 time=310 ms
64 bytes from aaaa::212:7409:9:909: icmp_seq=85 ttl=61 time=280 ms
64 bytes from aaaa::212:7409:9:909: icmp_seq=86 ttl=61 time=213 ms
64 bytes from aaaa::212:7409:9:909: icmp_seq=88 ttl=61 time=139 ms
64 bytes from aaaa::212:7409:9:909: icmp_seq=90 ttl=61 time=409 ms
64 bytes from aaaa::212:7409:9:909: icmp_seq=91 ttl=61 time=153 ms
64 bytes from aaaa::212:7409:9:909: icmp_seq=92 ttl=61 time=138 ms
64 bytes from aaaa::212:7409:9:909: icmp_seq=93 ttl=61 time=190 ms
64 bytes from aaaa::212:7409:9:909: icmp_seq=94 ttl=61 time=443 ms
64 bytes from aaaa::212:7409:9:909: icmp_seq=96 ttl=61 time=233 ms
64 bytes from aaaa::212:7409:9:909: icmp_seq=98 ttl=61 time=96.3 ms
64 bytes from aaaa::212:7409:9:909: icmp_seq=99 ttl=61 time=101 ms
64 bytes from aaaa::212:7409:9:909: icmp_seq=101 ttl=61 time=97.3 ms
64 bytes from aaaa::212:7409:9:909: icmp_seq=103 ttl=61 time=216 ms
64 bytes from aaaa::212:7409:9:909: icmp_seq=106 ttl=61 time=111 ms
64 bytes from aaaa::212:7409:9:909: icmp_seq=109 ttl=61 time=108 ms
64 bytes from aaaa::212:7409:9:909: icmp_seq=111 ttl=61 time=113 ms
64 bytes from aaaa::212:7409:9:909: icmp_seq=113 ttl=61 time=222 ms
64 bytes from aaaa::212:7409:9:909: icmp_seq=115 ttl=61 time=201 ms
64 bytes from aaaa::212:7409:9:909: icmp_seq=117 ttl=61 time=144 ms
64 bytes from aaaa::212:7409:9:909: icmp_seq=120 ttl=61 time=208 ms
64 bytes from aaaa::212:7409:9:909: icmp_seq=122 ttl=61 time=115 ms
64 bytes from aaaa::212:7409:9:909: icmp_seq=124 ttl=61 time=129 ms
64 bytes from aaaa::212:7409:9:909: icmp_seq=126 ttl=61 time=116 ms
64 bytes from aaaa::212:7409:9:909: icmp_seq=128 ttl=61 time=105 ms
64 bytes from aaaa::212:7409:9:909: icmp_seq=129 ttl=61 time=98.8 ms
64 bytes from aaaa::212:7409:9:909: icmp_seq=131 ttl=61 time=105 ms
64 bytes from aaaa::212:7409:9:909: icmp_seq=133 ttl=61 time=104 ms
64 bytes from aaaa::212:7409:9:909: icmp_seq=135 ttl=61 time=189 ms
64 bytes from aaaa::212:7409:9:909: icmp_seq=138 ttl=61 time=137 ms
64 bytes from aaaa::212:7409:9:909: icmp_seq=139 ttl=61 time=253 ms
64 bytes from aaaa::212:7409:9:909: icmp_seq=145 ttl=61 time=118 ms
64 bytes from aaaa::212:7409:9:909: icmp_seq=147 ttl=61 time=172 ms
64 bytes from aaaa::212:7409:9:909: icmp_seq=149 ttl=61 time=200 ms
64 bytes from aaaa::212:7409:9:909: icmp_seq=152 ttl=61 time=116 ms
64 bytes from aaaa::212:7409:9:909: icmp_seq=154 ttl=61 time=114 ms
64 bytes from aaaa::212:7409:9:909: icmp_seq=156 ttl=61 time=102 ms
64 bytes from aaaa::212:7409:9:909: icmp_seq=159 ttl=61 time=153 ms
64 bytes from aaaa::212:7409:9:909: icmp_seq=161 ttl=61 time=105 ms
64 bytes from aaaa::212:7409:9:909: icmp_seq=163 ttl=61 time=360 ms
64 bytes from aaaa::212:7409:9:909: icmp_seq=164 ttl=61 time=255 ms
64 bytes from aaaa::212:7409:9:909: icmp_seq=166 ttl=61 time=188 ms
64 bytes from aaaa::212:7409:9:909: icmp_seq=167 ttl=61 time=422 ms
64 bytes from aaaa::212:7409:9:909: icmp_seq=169 ttl=61 time=112 ms
64 bytes from aaaa::212:7409:9:909: icmp_seq=171 ttl=61 time=101 ms
64 bytes from aaaa::212:7409:9:909: icmp_seq=172 ttl=61 time=115 ms
64 bytes from aaaa::212:7409:9:909: icmp_seq=173 ttl=61 time=136 ms
64 bytes from aaaa::212:7409:9:909: icmp_seq=175 ttl=61 time=126 ms
64 bytes from aaaa::212:7409:9:909: icmp_seq=177 ttl=61 time=103 ms
64 bytes from aaaa::212:7409:9:909: icmp_seq=181 ttl=61 time=112 ms
64 bytes from aaaa::212:7409:9:909: icmp_seq=183 ttl=61 time=132 ms
64 bytes from aaaa::212:7409:9:909: icmp_seq=186 ttl=61 time=108 ms
64 bytes from aaaa::212:7409:9:909: icmp_seq=188 ttl=61 time=142 ms
64 bytes from aaaa::212:7409:9:909: icmp_seq=190 ttl=61 time=98.9 ms
64 bytes from aaaa::212:7409:9:909: icmp_seq=192 ttl=61 time=137 ms
64 bytes from aaaa::212:7409:9:909: icmp_seq=195 ttl=61 time=125 ms
64 bytes from aaaa::212:7409:9:909: icmp_seq=197 ttl=61 time=107 ms
64 bytes from aaaa::212:7409:9:909: icmp_seq=199 ttl=61 time=102 ms

--- aaaa::212:7409:9:909 ping statistics ---
200 packets transmitted, 100 received, 50% packet loss, time 1014568ms
rtt min/avg/max/mdev = 96.395/164.512/443.947/76.429 ms
