PING aaaa::212:740b:b:b0b(aaaa::212:740b:b:b0b) 56 data bytes
64 bytes from aaaa::212:740b:b:b0b: icmp_seq=5 ttl=61 time=734 ms
64 bytes from aaaa::212:740b:b:b0b: icmp_seq=6 ttl=61 time=306 ms
64 bytes from aaaa::212:740b:b:b0b: icmp_seq=11 ttl=61 time=488 ms
64 bytes from aaaa::212:740b:b:b0b: icmp_seq=12 ttl=61 time=703 ms
64 bytes from aaaa::212:740b:b:b0b: icmp_seq=20 ttl=61 time=273 ms
64 bytes from aaaa::212:740b:b:b0b: icmp_seq=22 ttl=61 time=297 ms
64 bytes from aaaa::212:740b:b:b0b: icmp_seq=24 ttl=61 time=747 ms
64 bytes from aaaa::212:740b:b:b0b: icmp_seq=28 ttl=61 time=758 ms
64 bytes from aaaa::212:740b:b:b0b: icmp_seq=29 ttl=61 time=341 ms
64 bytes from aaaa::212:740b:b:b0b: icmp_seq=31 ttl=61 time=376 ms
64 bytes from aaaa::212:740b:b:b0b: icmp_seq=32 ttl=61 time=516 ms
64 bytes from aaaa::212:740b:b:b0b: icmp_seq=33 ttl=61 time=357 ms
64 bytes from aaaa::212:740b:b:b0b: icmp_seq=34 ttl=61 time=652 ms
64 bytes from aaaa::212:740b:b:b0b: icmp_seq=35 ttl=61 time=580 ms
64 bytes from aaaa::212:740b:b:b0b: icmp_seq=39 ttl=61 time=312 ms
64 bytes from aaaa::212:740b:b:b0b: icmp_seq=42 ttl=61 time=925 ms
64 bytes from aaaa::212:740b:b:b0b: icmp_seq=43 ttl=61 time=847 ms
64 bytes from aaaa::212:740b:b:b0b: icmp_seq=44 ttl=61 time=392 ms
64 bytes from aaaa::212:740b:b:b0b: icmp_seq=47 ttl=61 time=260 ms
64 bytes from aaaa::212:740b:b:b0b: icmp_seq=48 ttl=61 time=466 ms
64 bytes from aaaa::212:740b:b:b0b: icmp_seq=49 ttl=61 time=683 ms
64 bytes from aaaa::212:740b:b:b0b: icmp_seq=50 ttl=61 time=660 ms
64 bytes from aaaa::212:740b:b:b0b: icmp_seq=51 ttl=61 time=328 ms
64 bytes from aaaa::212:740b:b:b0b: icmp_seq=52 ttl=61 time=765 ms
64 bytes from aaaa::212:740b:b:b0b: icmp_seq=56 ttl=61 time=597 ms
64 bytes from aaaa::212:740b:b:b0b: icmp_seq=62 ttl=61 time=241 ms
64 bytes from aaaa::212:740b:b:b0b: icmp_seq=63 ttl=61 time=234 ms
64 bytes from aaaa::212:740b:b:b0b: icmp_seq=64 ttl=61 time=335 ms
64 bytes from aaaa::212:740b:b:b0b: icmp_seq=67 ttl=61 time=289 ms
64 bytes from aaaa::212:740b:b:b0b: icmp_seq=68 ttl=61 time=204 ms
64 bytes from aaaa::212:740b:b:b0b: icmp_seq=69 ttl=61 time=206 ms
64 bytes from aaaa::212:740b:b:b0b: icmp_seq=70 ttl=61 time=202 ms
64 bytes from aaaa::212:740b:b:b0b: icmp_seq=71 ttl=61 time=206 ms
64 bytes from aaaa::212:740b:b:b0b: icmp_seq=72 ttl=61 time=204 ms
64 bytes from aaaa::212:740b:b:b0b: icmp_seq=73 ttl=61 time=233 ms
64 bytes from aaaa::212:740b:b:b0b: icmp_seq=74 ttl=61 time=234 ms
64 bytes from aaaa::212:740b:b:b0b: icmp_seq=75 ttl=61 time=278 ms
64 bytes from aaaa::212:740b:b:b0b: icmp_seq=77 ttl=61 time=406 ms
64 bytes from aaaa::212:740b:b:b0b: icmp_seq=78 ttl=61 time=258 ms
64 bytes from aaaa::212:740b:b:b0b: icmp_seq=79 ttl=61 time=260 ms
64 bytes from aaaa::212:740b:b:b0b: icmp_seq=87 ttl=61 time=216 ms
64 bytes from aaaa::212:740b:b:b0b: icmp_seq=90 ttl=61 time=408 ms
64 bytes from aaaa::212:740b:b:b0b: icmp_seq=91 ttl=61 time=203 ms
64 bytes from aaaa::212:740b:b:b0b: icmp_seq=92 ttl=61 time=189 ms
64 bytes from aaaa::212:740b:b:b0b: icmp_seq=94 ttl=61 time=393 ms
64 bytes from aaaa::212:740b:b:b0b: icmp_seq=95 ttl=61 time=238 ms
64 bytes from aaaa::212:740b:b:b0b: icmp_seq=97 ttl=61 time=240 ms
64 bytes from aaaa::212:740b:b:b0b: icmp_seq=98 ttl=61 time=208 ms
64 bytes from aaaa::212:740b:b:b0b: icmp_seq=100 ttl=61 time=228 ms
64 bytes from aaaa::212:740b:b:b0b: icmp_seq=101 ttl=61 time=258 ms
64 bytes from aaaa::212:740b:b:b0b: icmp_seq=102 ttl=61 time=420 ms
64 bytes from aaaa::212:740b:b:b0b: icmp_seq=104 ttl=61 time=229 ms
64 bytes from aaaa::212:740b:b:b0b: icmp_seq=106 ttl=61 time=293 ms
64 bytes from aaaa::212:740b:b:b0b: icmp_seq=107 ttl=61 time=240 ms
64 bytes from aaaa::212:740b:b:b0b: icmp_seq=108 ttl=61 time=244 ms
64 bytes from aaaa::212:740b:b:b0b: icmp_seq=109 ttl=61 time=508 ms
64 bytes from aaaa::212:740b:b:b0b: icmp_seq=113 ttl=61 time=308 ms
64 bytes from aaaa::212:740b:b:b0b: icmp_seq=114 ttl=61 time=233 ms
64 bytes from aaaa::212:740b:b:b0b: icmp_seq=115 ttl=61 time=255 ms
64 bytes from aaaa::212:740b:b:b0b: icmp_seq=116 ttl=61 time=255 ms
64 bytes from aaaa::212:740b:b:b0b: icmp_seq=117 ttl=61 time=232 ms
64 bytes from aaaa::212:740b:b:b0b: icmp_seq=118 ttl=61 time=329 ms
64 bytes from aaaa::212:740b:b:b0b: icmp_seq=119 ttl=61 time=318 ms
64 bytes from aaaa::212:740b:b:b0b: icmp_seq=121 ttl=61 time=235 ms
64 bytes from aaaa::212:740b:b:b0b: icmp_seq=124 ttl=61 time=1138 ms
64 bytes from aaaa::212:740b:b:b0b: icmp_seq=125 ttl=61 time=269 ms
64 bytes from aaaa::212:740b:b:b0b: icmp_seq=126 ttl=61 time=292 ms
64 bytes from aaaa::212:740b:b:b0b: icmp_seq=127 ttl=61 time=329 ms
64 bytes from aaaa::212:740b:b:b0b: icmp_seq=128 ttl=61 time=202 ms
64 bytes from aaaa::212:740b:b:b0b: icmp_seq=129 ttl=61 time=227 ms
64 bytes from aaaa::212:740b:b:b0b: icmp_seq=130 ttl=61 time=225 ms
64 bytes from aaaa::212:740b:b:b0b: icmp_seq=131 ttl=61 time=182 ms
64 bytes from aaaa::212:740b:b:b0b: icmp_seq=133 ttl=61 time=202 ms
64 bytes from aaaa::212:740b:b:b0b: icmp_seq=134 ttl=61 time=271 ms
64 bytes from aaaa::212:740b:b:b0b: icmp_seq=135 ttl=61 time=166 ms
64 bytes from aaaa::212:740b:b:b0b: icmp_seq=137 ttl=61 time=256 ms
64 bytes from aaaa::212:740b:b:b0b: icmp_seq=138 ttl=61 time=295 ms
64 bytes from aaaa::212:740b:b:b0b: icmp_seq=139 ttl=61 time=305 ms
64 bytes from aaaa::212:740b:b:b0b: icmp_seq=141 ttl=61 time=281 ms
64 bytes from aaaa::212:740b:b:b0b: icmp_seq=142 ttl=61 time=248 ms
64 bytes from aaaa::212:740b:b:b0b: icmp_seq=143 ttl=61 time=417 ms
64 bytes from aaaa::212:740b:b:b0b: icmp_seq=144 ttl=61 time=344 ms
64 bytes from aaaa::212:740b:b:b0b: icmp_seq=145 ttl=61 time=434 ms
64 bytes from aaaa::212:740b:b:b0b: icmp_seq=146 ttl=61 time=248 ms
64 bytes from aaaa::212:740b:b:b0b: icmp_seq=147 ttl=61 time=386 ms
64 bytes from aaaa::212:740b:b:b0b: icmp_seq=148 ttl=61 time=709 ms
64 bytes from aaaa::212:740b:b:b0b: icmp_seq=149 ttl=61 time=542 ms
64 bytes from aaaa::212:740b:b:b0b: icmp_seq=150 ttl=61 time=309 ms
64 bytes from aaaa::212:740b:b:b0b: icmp_seq=152 ttl=61 time=597 ms
64 bytes from aaaa::212:740b:b:b0b: icmp_seq=158 ttl=61 time=584 ms
64 bytes from aaaa::212:740b:b:b0b: icmp_seq=159 ttl=61 time=928 ms
64 bytes from aaaa::212:740b:b:b0b: icmp_seq=162 ttl=61 time=594 ms
64 bytes from aaaa::212:740b:b:b0b: icmp_seq=163 ttl=61 time=655 ms
64 bytes from aaaa::212:740b:b:b0b: icmp_seq=165 ttl=61 time=560 ms
64 bytes from aaaa::212:740b:b:b0b: icmp_seq=166 ttl=61 time=552 ms
64 bytes from aaaa::212:740b:b:b0b: icmp_seq=167 ttl=61 time=463 ms
64 bytes from aaaa::212:740b:b:b0b: icmp_seq=170 ttl=61 time=787 ms
64 bytes from aaaa::212:740b:b:b0b: icmp_seq=171 ttl=61 time=541 ms
64 bytes from aaaa::212:740b:b:b0b: icmp_seq=172 ttl=61 time=731 ms
64 bytes from aaaa::212:740b:b:b0b: icmp_seq=173 ttl=61 time=421 ms
64 bytes from aaaa::212:740b:b:b0b: icmp_seq=175 ttl=61 time=293 ms
64 bytes from aaaa::212:740b:b:b0b: icmp_seq=178 ttl=61 time=432 ms
64 bytes from aaaa::212:740b:b:b0b: icmp_seq=179 ttl=61 time=366 ms
64 bytes from aaaa::212:740b:b:b0b: icmp_seq=181 ttl=61 time=391 ms
64 bytes from aaaa::212:740b:b:b0b: icmp_seq=182 ttl=61 time=507 ms
64 bytes from aaaa::212:740b:b:b0b: icmp_seq=184 ttl=61 time=496 ms
64 bytes from aaaa::212:740b:b:b0b: icmp_seq=185 ttl=61 time=383 ms
64 bytes from aaaa::212:740b:b:b0b: icmp_seq=188 ttl=61 time=190 ms
64 bytes from aaaa::212:740b:b:b0b: icmp_seq=190 ttl=61 time=243 ms
64 bytes from aaaa::212:740b:b:b0b: icmp_seq=191 ttl=61 time=284 ms
64 bytes from aaaa::212:740b:b:b0b: icmp_seq=192 ttl=61 time=292 ms
64 bytes from aaaa::212:740b:b:b0b: icmp_seq=193 ttl=61 time=273 ms
64 bytes from aaaa::212:740b:b:b0b: icmp_seq=194 ttl=61 time=452 ms
64 bytes from aaaa::212:740b:b:b0b: icmp_seq=195 ttl=61 time=231 ms
64 bytes from aaaa::212:740b:b:b0b: icmp_seq=196 ttl=61 time=366 ms
64 bytes from aaaa::212:740b:b:b0b: icmp_seq=197 ttl=61 time=424 ms
64 bytes from aaaa::212:740b:b:b0b: icmp_seq=198 ttl=61 time=337 ms
64 bytes from aaaa::212:740b:b:b0b: icmp_seq=199 ttl=61 time=254 ms
64 bytes from aaaa::212:740b:b:b0b: icmp_seq=200 ttl=61 time=200 ms

--- aaaa::212:740b:b:b0b ping statistics ---
200 packets transmitted, 119 received, 40% packet loss, time 1006791ms
rtt min/avg/max/mdev = 166.639/386.485/1138.811/192.062 ms
