PING aaaa::212:7410:10:1010(aaaa::212:7410:10:1010) 56 data bytes
64 bytes from aaaa::212:7410:10:1010: icmp_seq=5 ttl=60 time=538 ms
64 bytes from aaaa::212:7410:10:1010: icmp_seq=6 ttl=60 time=282 ms
64 bytes from aaaa::212:7410:10:1010: icmp_seq=7 ttl=60 time=287 ms
64 bytes from aaaa::212:7410:10:1010: icmp_seq=8 ttl=60 time=255 ms
64 bytes from aaaa::212:7410:10:1010: icmp_seq=9 ttl=60 time=311 ms
64 bytes from aaaa::212:7410:10:1010: icmp_seq=10 ttl=60 time=276 ms
64 bytes from aaaa::212:7410:10:1010: icmp_seq=11 ttl=60 time=448 ms
64 bytes from aaaa::212:7410:10:1010: icmp_seq=12 ttl=60 time=418 ms
64 bytes from aaaa::212:7410:10:1010: icmp_seq=13 ttl=60 time=332 ms
64 bytes from aaaa::212:7410:10:1010: icmp_seq=15 ttl=60 time=243 ms
64 bytes from aaaa::212:7410:10:1010: icmp_seq=16 ttl=60 time=321 ms
64 bytes from aaaa::212:7410:10:1010: icmp_seq=19 ttl=60 time=327 ms
64 bytes from aaaa::212:7410:10:1010: icmp_seq=20 ttl=60 time=525 ms
64 bytes from aaaa::212:7410:10:1010: icmp_seq=24 ttl=60 time=976 ms
64 bytes from aaaa::212:7410:10:1010: icmp_seq=25 ttl=60 time=514 ms
64 bytes from aaaa::212:7410:10:1010: icmp_seq=33 ttl=60 time=1357 ms
64 bytes from aaaa::212:7410:10:1010: icmp_seq=34 ttl=60 time=859 ms
64 bytes from aaaa::212:7410:10:1010: icmp_seq=35 ttl=60 time=1107 ms
64 bytes from aaaa::212:7410:10:1010: icmp_seq=37 ttl=60 time=627 ms
64 bytes from aaaa::212:7410:10:1010: icmp_seq=38 ttl=60 time=766 ms
64 bytes from aaaa::212:7410:10:1010: icmp_seq=39 ttl=60 time=771 ms
64 bytes from aaaa::212:7410:10:1010: icmp_seq=40 ttl=60 time=748 ms
64 bytes from aaaa::212:7410:10:1010: icmp_seq=41 ttl=60 time=848 ms
64 bytes from aaaa::212:7410:10:1010: icmp_seq=42 ttl=60 time=728 ms
64 bytes from aaaa::212:7410:10:1010: icmp_seq=43 ttl=60 time=1145 ms
64 bytes from aaaa::212:7410:10:1010: icmp_seq=44 ttl=60 time=1077 ms
64 bytes from aaaa::212:7410:10:1010: icmp_seq=45 ttl=60 time=1320 ms
64 bytes from aaaa::212:7410:10:1010: icmp_seq=46 ttl=60 time=729 ms
64 bytes from aaaa::212:7410:10:1010: icmp_seq=47 ttl=60 time=623 ms
64 bytes from aaaa::212:7410:10:1010: icmp_seq=48 ttl=60 time=811 ms
64 bytes from aaaa::212:7410:10:1010: icmp_seq=49 ttl=60 time=380 ms
64 bytes from aaaa::212:7410:10:1010: icmp_seq=52 ttl=60 time=524 ms
64 bytes from aaaa::212:7410:10:1010: icmp_seq=54 ttl=60 time=412 ms
64 bytes from aaaa::212:7410:10:1010: icmp_seq=57 ttl=60 time=966 ms
64 bytes from aaaa::212:7410:10:1010: icmp_seq=58 ttl=60 time=1187 ms
64 bytes from aaaa::212:7410:10:1010: icmp_seq=59 ttl=60 time=1521 ms
64 bytes from aaaa::212:7410:10:1010: icmp_seq=62 ttl=60 time=872 ms
64 bytes from aaaa::212:7410:10:1010: icmp_seq=68 ttl=60 time=452 ms
64 bytes from aaaa::212:7410:10:1010: icmp_seq=70 ttl=60 time=770 ms
64 bytes from aaaa::212:7410:10:1010: icmp_seq=72 ttl=60 time=328 ms
64 bytes from aaaa::212:7410:10:1010: icmp_seq=75 ttl=60 time=622 ms
64 bytes from aaaa::212:7410:10:1010: icmp_seq=79 ttl=60 time=314 ms
64 bytes from aaaa::212:7410:10:1010: icmp_seq=82 ttl=60 time=346 ms
64 bytes from aaaa::212:7410:10:1010: icmp_seq=83 ttl=60 time=346 ms
64 bytes from aaaa::212:7410:10:1010: icmp_seq=85 ttl=60 time=300 ms
64 bytes from aaaa::212:7410:10:1010: icmp_seq=86 ttl=60 time=251 ms
64 bytes from aaaa::212:7410:10:1010: icmp_seq=87 ttl=60 time=280 ms
64 bytes from aaaa::212:7410:10:1010: icmp_seq=88 ttl=60 time=355 ms
64 bytes from aaaa::212:7410:10:1010: icmp_seq=89 ttl=60 time=295 ms
64 bytes from aaaa::212:7410:10:1010: icmp_seq=90 ttl=60 time=293 ms
64 bytes from aaaa::212:7410:10:1010: icmp_seq=91 ttl=60 time=335 ms
64 bytes from aaaa::212:7410:10:1010: icmp_seq=92 ttl=60 time=642 ms
64 bytes from aaaa::212:7410:10:1010: icmp_seq=93 ttl=60 time=483 ms
64 bytes from aaaa::212:7410:10:1010: icmp_seq=94 ttl=60 time=380 ms
64 bytes from aaaa::212:7410:10:1010: icmp_seq=95 ttl=60 time=241 ms
64 bytes from aaaa::212:7410:10:1010: icmp_seq=96 ttl=60 time=514 ms
64 bytes from aaaa::212:7410:10:1010: icmp_seq=97 ttl=60 time=973 ms
64 bytes from aaaa::212:7410:10:1010: icmp_seq=98 ttl=60 time=610 ms
64 bytes from aaaa::212:7410:10:1010: icmp_seq=99 ttl=60 time=712 ms
64 bytes from aaaa::212:7410:10:1010: icmp_seq=100 ttl=60 time=582 ms
64 bytes from aaaa::212:7410:10:1010: icmp_seq=101 ttl=60 time=923 ms
64 bytes from aaaa::212:7410:10:1010: icmp_seq=102 ttl=60 time=1409 ms
64 bytes from aaaa::212:7410:10:1010: icmp_seq=103 ttl=60 time=466 ms
64 bytes from aaaa::212:7410:10:1010: icmp_seq=104 ttl=60 time=602 ms
64 bytes from aaaa::212:7410:10:1010: icmp_seq=105 ttl=60 time=541 ms
64 bytes from aaaa::212:7410:10:1010: icmp_seq=106 ttl=60 time=458 ms
64 bytes from aaaa::212:7410:10:1010: icmp_seq=107 ttl=60 time=422 ms
64 bytes from aaaa::212:7410:10:1010: icmp_seq=108 ttl=60 time=546 ms
64 bytes from aaaa::212:7410:10:1010: icmp_seq=109 ttl=60 time=922 ms
64 bytes from aaaa::212:7410:10:1010: icmp_seq=110 ttl=60 time=316 ms
64 bytes from aaaa::212:7410:10:1010: icmp_seq=112 ttl=60 time=599 ms
64 bytes from aaaa::212:7410:10:1010: icmp_seq=113 ttl=60 time=329 ms
64 bytes from aaaa::212:7410:10:1010: icmp_seq=114 ttl=60 time=368 ms
64 bytes from aaaa::212:7410:10:1010: icmp_seq=115 ttl=60 time=553 ms
64 bytes from aaaa::212:7410:10:1010: icmp_seq=118 ttl=60 time=931 ms
64 bytes from aaaa::212:7410:10:1010: icmp_seq=119 ttl=60 time=606 ms
64 bytes from aaaa::212:7410:10:1010: icmp_seq=120 ttl=60 time=671 ms
64 bytes from aaaa::212:7410:10:1010: icmp_seq=122 ttl=60 time=389 ms
64 bytes from aaaa::212:7410:10:1010: icmp_seq=123 ttl=60 time=408 ms
64 bytes from aaaa::212:7410:10:1010: icmp_seq=124 ttl=60 time=595 ms
64 bytes from aaaa::212:7410:10:1010: icmp_seq=125 ttl=60 time=556 ms
64 bytes from aaaa::212:7410:10:1010: icmp_seq=126 ttl=60 time=503 ms
64 bytes from aaaa::212:7410:10:1010: icmp_seq=127 ttl=60 time=668 ms
64 bytes from aaaa::212:7410:10:1010: icmp_seq=129 ttl=60 time=523 ms
64 bytes from aaaa::212:7410:10:1010: icmp_seq=130 ttl=60 time=370 ms
64 bytes from aaaa::212:7410:10:1010: icmp_seq=131 ttl=60 time=564 ms
64 bytes from aaaa::212:7410:10:1010: icmp_seq=132 ttl=60 time=297 ms
64 bytes from aaaa::212:7410:10:1010: icmp_seq=133 ttl=60 time=675 ms
64 bytes from aaaa::212:7410:10:1010: icmp_seq=134 ttl=60 time=622 ms
64 bytes from aaaa::212:7410:10:1010: icmp_seq=138 ttl=60 time=449 ms
64 bytes from aaaa::212:7410:10:1010: icmp_seq=139 ttl=60 time=441 ms
64 bytes from aaaa::212:7410:10:1010: icmp_seq=140 ttl=60 time=527 ms
64 bytes from aaaa::212:7410:10:1010: icmp_seq=141 ttl=60 time=365 ms
64 bytes from aaaa::212:7410:10:1010: icmp_seq=142 ttl=60 time=633 ms
64 bytes from aaaa::212:7410:10:1010: icmp_seq=144 ttl=60 time=511 ms
64 bytes from aaaa::212:7410:10:1010: icmp_seq=146 ttl=60 time=312 ms
64 bytes from aaaa::212:7410:10:1010: icmp_seq=148 ttl=60 time=225 ms
64 bytes from aaaa::212:7410:10:1010: icmp_seq=149 ttl=60 time=298 ms
64 bytes from aaaa::212:7410:10:1010: icmp_seq=150 ttl=60 time=273 ms
64 bytes from aaaa::212:7410:10:1010: icmp_seq=152 ttl=60 time=277 ms
64 bytes from aaaa::212:7410:10:1010: icmp_seq=153 ttl=60 time=426 ms
64 bytes from aaaa::212:7410:10:1010: icmp_seq=154 ttl=60 time=267 ms
64 bytes from aaaa::212:7410:10:1010: icmp_seq=155 ttl=60 time=282 ms
64 bytes from aaaa::212:7410:10:1010: icmp_seq=156 ttl=60 time=276 ms
64 bytes from aaaa::212:7410:10:1010: icmp_seq=157 ttl=60 time=284 ms
64 bytes from aaaa::212:7410:10:1010: icmp_seq=158 ttl=60 time=289 ms
64 bytes from aaaa::212:7410:10:1010: icmp_seq=160 ttl=60 time=393 ms
64 bytes from aaaa::212:7410:10:1010: icmp_seq=161 ttl=60 time=409 ms
64 bytes from aaaa::212:7410:10:1010: icmp_seq=163 ttl=60 time=387 ms
64 bytes from aaaa::212:7410:10:1010: icmp_seq=165 ttl=60 time=268 ms
64 bytes from aaaa::212:7410:10:1010: icmp_seq=166 ttl=60 time=259 ms
64 bytes from aaaa::212:7410:10:1010: icmp_seq=168 ttl=60 time=259 ms
64 bytes from aaaa::212:7410:10:1010: icmp_seq=169 ttl=60 time=258 ms
64 bytes from aaaa::212:7410:10:1010: icmp_seq=170 ttl=60 time=264 ms
64 bytes from aaaa::212:7410:10:1010: icmp_seq=171 ttl=60 time=270 ms
64 bytes from aaaa::212:7410:10:1010: icmp_seq=172 ttl=60 time=267 ms
64 bytes from aaaa::212:7410:10:1010: icmp_seq=173 ttl=60 time=329 ms
64 bytes from aaaa::212:7410:10:1010: icmp_seq=174 ttl=60 time=267 ms
64 bytes from aaaa::212:7410:10:1010: icmp_seq=175 ttl=60 time=291 ms
64 bytes from aaaa::212:7410:10:1010: icmp_seq=176 ttl=60 time=259 ms
64 bytes from aaaa::212:7410:10:1010: icmp_seq=177 ttl=60 time=269 ms
64 bytes from aaaa::212:7410:10:1010: icmp_seq=178 ttl=60 time=253 ms
64 bytes from aaaa::212:7410:10:1010: icmp_seq=179 ttl=60 time=351 ms
64 bytes from aaaa::212:7410:10:1010: icmp_seq=180 ttl=60 time=247 ms
64 bytes from aaaa::212:7410:10:1010: icmp_seq=181 ttl=60 time=280 ms
64 bytes from aaaa::212:7410:10:1010: icmp_seq=182 ttl=60 time=412 ms
64 bytes from aaaa::212:7410:10:1010: icmp_seq=183 ttl=60 time=470 ms
64 bytes from aaaa::212:7410:10:1010: icmp_seq=184 ttl=60 time=311 ms
64 bytes from aaaa::212:7410:10:1010: icmp_seq=185 ttl=60 time=257 ms
64 bytes from aaaa::212:7410:10:1010: icmp_seq=186 ttl=60 time=272 ms
64 bytes from aaaa::212:7410:10:1010: icmp_seq=187 ttl=60 time=276 ms
64 bytes from aaaa::212:7410:10:1010: icmp_seq=188 ttl=60 time=318 ms
64 bytes from aaaa::212:7410:10:1010: icmp_seq=189 ttl=60 time=273 ms
64 bytes from aaaa::212:7410:10:1010: icmp_seq=191 ttl=60 time=679 ms
64 bytes from aaaa::212:7410:10:1010: icmp_seq=192 ttl=60 time=249 ms
64 bytes from aaaa::212:7410:10:1010: icmp_seq=193 ttl=60 time=287 ms
64 bytes from aaaa::212:7410:10:1010: icmp_seq=194 ttl=60 time=444 ms
64 bytes from aaaa::212:7410:10:1010: icmp_seq=196 ttl=60 time=385 ms
64 bytes from aaaa::212:7410:10:1010: icmp_seq=198 ttl=60 time=690 ms
64 bytes from aaaa::212:7410:10:1010: icmp_seq=199 ttl=60 time=451 ms
64 bytes from aaaa::212:7410:10:1010: icmp_seq=200 ttl=60 time=236 ms

--- aaaa::212:7410:10:1010 ping statistics ---
200 packets transmitted, 141 received, 29% packet loss, time 1003998ms
rtt min/avg/max/mdev = 225.659/499.849/1521.840/269.857 ms
