PING aaaa::212:7402:2:202(aaaa::212:7402:2:202) 56 data bytes
64 bytes from aaaa::212:7402:2:202: icmp_seq=1 ttl=62 time=154 ms
64 bytes from aaaa::212:7402:2:202: icmp_seq=2 ttl=62 time=260 ms
64 bytes from aaaa::212:7402:2:202: icmp_seq=3 ttl=62 time=637 ms
64 bytes from aaaa::212:7402:2:202: icmp_seq=4 ttl=62 time=261 ms
64 bytes from aaaa::212:7402:2:202: icmp_seq=5 ttl=62 time=90.7 ms
64 bytes from aaaa::212:7402:2:202: icmp_seq=6 ttl=62 time=371 ms
64 bytes from aaaa::212:7402:2:202: icmp_seq=7 ttl=62 time=260 ms
64 bytes from aaaa::212:7402:2:202: icmp_seq=8 ttl=62 time=216 ms
64 bytes from aaaa::212:7402:2:202: icmp_seq=9 ttl=62 time=198 ms
64 bytes from aaaa::212:7402:2:202: icmp_seq=10 ttl=62 time=203 ms
64 bytes from aaaa::212:7402:2:202: icmp_seq=11 ttl=62 time=500 ms
64 bytes from aaaa::212:7402:2:202: icmp_seq=12 ttl=62 time=314 ms
64 bytes from aaaa::212:7402:2:202: icmp_seq=13 ttl=62 time=422 ms
64 bytes from aaaa::212:7402:2:202: icmp_seq=15 ttl=62 time=751 ms
64 bytes from aaaa::212:7402:2:202: icmp_seq=16 ttl=62 time=278 ms
64 bytes from aaaa::212:7402:2:202: icmp_seq=17 ttl=62 time=336 ms
64 bytes from aaaa::212:7402:2:202: icmp_seq=21 ttl=62 time=262 ms
64 bytes from aaaa::212:7402:2:202: icmp_seq=33 ttl=62 time=177 ms
64 bytes from aaaa::212:7402:2:202: icmp_seq=39 ttl=62 time=268 ms
64 bytes from aaaa::212:7402:2:202: icmp_seq=40 ttl=62 time=187 ms
64 bytes from aaaa::212:7402:2:202: icmp_seq=41 ttl=62 time=154 ms
64 bytes from aaaa::212:7402:2:202: icmp_seq=42 ttl=62 time=245 ms
64 bytes from aaaa::212:7402:2:202: icmp_seq=43 ttl=62 time=204 ms
64 bytes from aaaa::212:7402:2:202: icmp_seq=44 ttl=62 time=396 ms
64 bytes from aaaa::212:7402:2:202: icmp_seq=45 ttl=62 time=210 ms
64 bytes from aaaa::212:7402:2:202: icmp_seq=46 ttl=62 time=393 ms
64 bytes from aaaa::212:7402:2:202: icmp_seq=47 ttl=62 time=332 ms
64 bytes from aaaa::212:7402:2:202: icmp_seq=48 ttl=62 time=283 ms
64 bytes from aaaa::212:7402:2:202: icmp_seq=49 ttl=62 time=473 ms
64 bytes from aaaa::212:7402:2:202: icmp_seq=50 ttl=62 time=439 ms
64 bytes from aaaa::212:7402:2:202: icmp_seq=52 ttl=62 time=319 ms
64 bytes from aaaa::212:7402:2:202: icmp_seq=53 ttl=62 time=189 ms
64 bytes from aaaa::212:7402:2:202: icmp_seq=54 ttl=62 time=422 ms
64 bytes from aaaa::212:7402:2:202: icmp_seq=55 ttl=62 time=176 ms
64 bytes from aaaa::212:7402:2:202: icmp_seq=56 ttl=62 time=217 ms
64 bytes from aaaa::212:7402:2:202: icmp_seq=57 ttl=62 time=401 ms
64 bytes from aaaa::212:7402:2:202: icmp_seq=59 ttl=62 time=504 ms
64 bytes from aaaa::212:7402:2:202: icmp_seq=60 ttl=62 time=241 ms
64 bytes from aaaa::212:7402:2:202: icmp_seq=61 ttl=62 time=286 ms
64 bytes from aaaa::212:7402:2:202: icmp_seq=62 ttl=62 time=128 ms
64 bytes from aaaa::212:7402:2:202: icmp_seq=63 ttl=62 time=171 ms
64 bytes from aaaa::212:7402:2:202: icmp_seq=64 ttl=62 time=289 ms
64 bytes from aaaa::212:7402:2:202: icmp_seq=65 ttl=62 time=130 ms
64 bytes from aaaa::212:7402:2:202: icmp_seq=66 ttl=62 time=168 ms
64 bytes from aaaa::212:7402:2:202: icmp_seq=67 ttl=62 time=113 ms
64 bytes from aaaa::212:7402:2:202: icmp_seq=68 ttl=62 time=142 ms
64 bytes from aaaa::212:7402:2:202: icmp_seq=69 ttl=62 time=146 ms
64 bytes from aaaa::212:7402:2:202: icmp_seq=70 ttl=62 time=199 ms
64 bytes from aaaa::212:7402:2:202: icmp_seq=71 ttl=62 time=274 ms
64 bytes from aaaa::212:7402:2:202: icmp_seq=72 ttl=62 time=204 ms
64 bytes from aaaa::212:7402:2:202: icmp_seq=73 ttl=62 time=340 ms
64 bytes from aaaa::212:7402:2:202: icmp_seq=74 ttl=62 time=147 ms
64 bytes from aaaa::212:7402:2:202: icmp_seq=75 ttl=62 time=138 ms
64 bytes from aaaa::212:7402:2:202: icmp_seq=76 ttl=62 time=99.9 ms
64 bytes from aaaa::212:7402:2:202: icmp_seq=77 ttl=62 time=203 ms
64 bytes from aaaa::212:7402:2:202: icmp_seq=78 ttl=62 time=139 ms
64 bytes from aaaa::212:7402:2:202: icmp_seq=79 ttl=62 time=224 ms
64 bytes from aaaa::212:7402:2:202: icmp_seq=80 ttl=62 time=241 ms
64 bytes from aaaa::212:7402:2:202: icmp_seq=81 ttl=62 time=247 ms
64 bytes from aaaa::212:7402:2:202: icmp_seq=82 ttl=62 time=288 ms
64 bytes from aaaa::212:7402:2:202: icmp_seq=83 ttl=62 time=247 ms
64 bytes from aaaa::212:7402:2:202: icmp_seq=84 ttl=62 time=285 ms
64 bytes from aaaa::212:7402:2:202: icmp_seq=85 ttl=62 time=125 ms
64 bytes from aaaa::212:7402:2:202: icmp_seq=86 ttl=62 time=85.7 ms
64 bytes from aaaa::212:7402:2:202: icmp_seq=87 ttl=62 time=93.0 ms
64 bytes from aaaa::212:7402:2:202: icmp_seq=88 ttl=62 time=165 ms
64 bytes from aaaa::212:7402:2:202: icmp_seq=89 ttl=62 time=101 ms
64 bytes from aaaa::212:7402:2:202: icmp_seq=90 ttl=62 time=143 ms
64 bytes from aaaa::212:7402:2:202: icmp_seq=91 ttl=62 time=112 ms
64 bytes from aaaa::212:7402:2:202: icmp_seq=92 ttl=62 time=111 ms
64 bytes from aaaa::212:7402:2:202: icmp_seq=93 ttl=62 time=112 ms
64 bytes from aaaa::212:7402:2:202: icmp_seq=94 ttl=62 time=167 ms
64 bytes from aaaa::212:7402:2:202: icmp_seq=95 ttl=62 time=127 ms
64 bytes from aaaa::212:7402:2:202: icmp_seq=96 ttl=62 time=153 ms
64 bytes from aaaa::212:7402:2:202: icmp_seq=97 ttl=62 time=153 ms
64 bytes from aaaa::212:7402:2:202: icmp_seq=98 ttl=62 time=96.2 ms
64 bytes from aaaa::212:7402:2:202: icmp_seq=99 ttl=62 time=91.8 ms
64 bytes from aaaa::212:7402:2:202: icmp_seq=100 ttl=62 time=152 ms
64 bytes from aaaa::212:7402:2:202: icmp_seq=101 ttl=62 time=172 ms
64 bytes from aaaa::212:7402:2:202: icmp_seq=102 ttl=62 time=107 ms
64 bytes from aaaa::212:7402:2:202: icmp_seq=103 ttl=62 time=124 ms
64 bytes from aaaa::212:7402:2:202: icmp_seq=104 ttl=62 time=102 ms
64 bytes from aaaa::212:7402:2:202: icmp_seq=105 ttl=62 time=162 ms
64 bytes from aaaa::212:7402:2:202: icmp_seq=106 ttl=62 time=141 ms
64 bytes from aaaa::212:7402:2:202: icmp_seq=107 ttl=62 time=124 ms
64 bytes from aaaa::212:7402:2:202: icmp_seq=108 ttl=62 time=166 ms
64 bytes from aaaa::212:7402:2:202: icmp_seq=109 ttl=62 time=133 ms
64 bytes from aaaa::212:7402:2:202: icmp_seq=110 ttl=62 time=109 ms
64 bytes from aaaa::212:7402:2:202: icmp_seq=111 ttl=62 time=136 ms
64 bytes from aaaa::212:7402:2:202: icmp_seq=112 ttl=62 time=220 ms
64 bytes from aaaa::212:7402:2:202: icmp_seq=113 ttl=62 time=336 ms
64 bytes from aaaa::212:7402:2:202: icmp_seq=114 ttl=62 time=366 ms
64 bytes from aaaa::212:7402:2:202: icmp_seq=116 ttl=62 time=124 ms
64 bytes from aaaa::212:7402:2:202: icmp_seq=117 ttl=62 time=161 ms
64 bytes from aaaa::212:7402:2:202: icmp_seq=118 ttl=62 time=121 ms
64 bytes from aaaa::212:7402:2:202: icmp_seq=119 ttl=62 time=90.3 ms
64 bytes from aaaa::212:7402:2:202: icmp_seq=120 ttl=62 time=99.7 ms
64 bytes from aaaa::212:7402:2:202: icmp_seq=122 ttl=62 time=119 ms
64 bytes from aaaa::212:7402:2:202: icmp_seq=123 ttl=62 time=192 ms
64 bytes from aaaa::212:7402:2:202: icmp_seq=125 ttl=62 time=123 ms
64 bytes from aaaa::212:7402:2:202: icmp_seq=126 ttl=62 time=112 ms
64 bytes from aaaa::212:7402:2:202: icmp_seq=127 ttl=62 time=428 ms
64 bytes from aaaa::212:7402:2:202: icmp_seq=128 ttl=62 time=90.0 ms
64 bytes from aaaa::212:7402:2:202: icmp_seq=129 ttl=62 time=99.8 ms
64 bytes from aaaa::212:7402:2:202: icmp_seq=130 ttl=62 time=191 ms
64 bytes from aaaa::212:7402:2:202: icmp_seq=131 ttl=62 time=170 ms
64 bytes from aaaa::212:7402:2:202: icmp_seq=132 ttl=62 time=85.1 ms
64 bytes from aaaa::212:7402:2:202: icmp_seq=133 ttl=62 time=188 ms
64 bytes from aaaa::212:7402:2:202: icmp_seq=134 ttl=62 time=359 ms
64 bytes from aaaa::212:7402:2:202: icmp_seq=135 ttl=62 time=174 ms
64 bytes from aaaa::212:7402:2:202: icmp_seq=136 ttl=62 time=142 ms
64 bytes from aaaa::212:7402:2:202: icmp_seq=137 ttl=62 time=166 ms
64 bytes from aaaa::212:7402:2:202: icmp_seq=138 ttl=62 time=192 ms
64 bytes from aaaa::212:7402:2:202: icmp_seq=139 ttl=62 time=309 ms
64 bytes from aaaa::212:7402:2:202: icmp_seq=140 ttl=62 time=167 ms
64 bytes from aaaa::212:7402:2:202: icmp_seq=141 ttl=62 time=125 ms
64 bytes from aaaa::212:7402:2:202: icmp_seq=142 ttl=62 time=279 ms
64 bytes from aaaa::212:7402:2:202: icmp_seq=144 ttl=62 time=140 ms
64 bytes from aaaa::212:7402:2:202: icmp_seq=145 ttl=62 time=113 ms
64 bytes from aaaa::212:7402:2:202: icmp_seq=146 ttl=62 time=243 ms
64 bytes from aaaa::212:7402:2:202: icmp_seq=147 ttl=62 time=176 ms
64 bytes from aaaa::212:7402:2:202: icmp_seq=148 ttl=62 time=100 ms
64 bytes from aaaa::212:7402:2:202: icmp_seq=149 ttl=62 time=92.7 ms
64 bytes from aaaa::212:7402:2:202: icmp_seq=150 ttl=62 time=124 ms
64 bytes from aaaa::212:7402:2:202: icmp_seq=151 ttl=62 time=174 ms
64 bytes from aaaa::212:7402:2:202: icmp_seq=152 ttl=62 time=327 ms
64 bytes from aaaa::212:7402:2:202: icmp_seq=153 ttl=62 time=195 ms
64 bytes from aaaa::212:7402:2:202: icmp_seq=154 ttl=62 time=291 ms
64 bytes from aaaa::212:7402:2:202: icmp_seq=155 ttl=62 time=216 ms
64 bytes from aaaa::212:7402:2:202: icmp_seq=156 ttl=62 time=188 ms
64 bytes from aaaa::212:7402:2:202: icmp_seq=157 ttl=62 time=272 ms
64 bytes from aaaa::212:7402:2:202: icmp_seq=158 ttl=62 time=277 ms
64 bytes from aaaa::212:7402:2:202: icmp_seq=159 ttl=62 time=344 ms
64 bytes from aaaa::212:7402:2:202: icmp_seq=160 ttl=62 time=139 ms
64 bytes from aaaa::212:7402:2:202: icmp_seq=161 ttl=62 time=563 ms
64 bytes from aaaa::212:7402:2:202: icmp_seq=162 ttl=62 time=207 ms
64 bytes from aaaa::212:7402:2:202: icmp_seq=171 ttl=62 time=105 ms
64 bytes from aaaa::212:7402:2:202: icmp_seq=172 ttl=62 time=244 ms
64 bytes from aaaa::212:7402:2:202: icmp_seq=174 ttl=62 time=102 ms
64 bytes from aaaa::212:7402:2:202: icmp_seq=176 ttl=62 time=101 ms
64 bytes from aaaa::212:7402:2:202: icmp_seq=177 ttl=62 time=361 ms
64 bytes from aaaa::212:7402:2:202: icmp_seq=178 ttl=62 time=110 ms
64 bytes from aaaa::212:7402:2:202: icmp_seq=179 ttl=62 time=107 ms
64 bytes from aaaa::212:7402:2:202: icmp_seq=181 ttl=62 time=116 ms
64 bytes from aaaa::212:7402:2:202: icmp_seq=182 ttl=62 time=128 ms
64 bytes from aaaa::212:7402:2:202: icmp_seq=183 ttl=62 time=246 ms
64 bytes from aaaa::212:7402:2:202: icmp_seq=184 ttl=62 time=132 ms
64 bytes from aaaa::212:7402:2:202: icmp_seq=185 ttl=62 time=137 ms
64 bytes from aaaa::212:7402:2:202: icmp_seq=187 ttl=62 time=446 ms
64 bytes from aaaa::212:7402:2:202: icmp_seq=188 ttl=62 time=86.3 ms
64 bytes from aaaa::212:7402:2:202: icmp_seq=189 ttl=62 time=269 ms
64 bytes from aaaa::212:7402:2:202: icmp_seq=192 ttl=62 time=217 ms
64 bytes from aaaa::212:7402:2:202: icmp_seq=195 ttl=62 time=286 ms

--- aaaa::212:7402:2:202 ping statistics ---
200 packets transmitted, 153 received, 23% packet loss, time 1002123ms
rtt min/avg/max/mdev = 85.199/213.890/751.385/116.284 ms
